1e-03
Subject Number: 1
Accuracy Cross: [0.90625, 0.90625, 0.90625, 0.96875, 0.8125, 0.9393939393939394, 0.8484848484848485, 0.9090909090909091, 0.9393939393939394, 0.9090909090909091, 0.9375, 0.90625, 0.96875, 0.71875, 0.875]
 mean: 0.896780303030303, std: 0.062137377793146896
F1 Score: [0.9039039039039038, 0.9015384615384616, 0.9054187192118226, 0.967967967967968, 0.7922077922077921, 0.9379699248120301, 0.8390243902439025, 0.905982905982906, 0.9379699248120301, 0.905982905982906, 0.9352226720647774, 0.9039039039039038, 0.967967967967968, 0.6631578947368422, 0.8704453441295547]
 mean: 0.8892443119644514, std: 0.07486286581325438
Accuracy Intime: [1.0, 0.9285714285714286, 1.0, 0.75, 0.8333333333333334, 0.9285714285714286, 0.8571428571428571, 0.9166666666666666, 0.9166666666666666, 0.9166666666666666, 0.8571428571428571, 0.9285714285714286, 0.8333333333333334, 0.75, 1.0]
 mean: 0.8944444444444445, std: 0.07762375419884951
F1 (Intime): [1.0, 0.9251336898395721, 1.0, 0.7482517482517483, 0.8285714285714285, 0.9251336898395721, 0.8444444444444444, 0.9111111111111111, 0.916083916083916, 0.916083916083916, 0.8444444444444444, 0.9251336898395721, 0.8125, 0.7333333333333334, 1.0]
 mean: 0.8886816941228707, std: 0.0817927575800253
--------------------------------------------------
Subject Number: 2
Accuracy Cross: [0.6363636363636364, 0.696969696969697, 0.696969696969697, 0.6666666666666666, 0.7575757575757576, 0.53125, 0.59375, 0.71875, 0.84375, 0.71875, 0.6363636363636364, 0.6666666666666666, 0.7272727272727273, 0.7575757575757576, 0.7575757575757576]
 mean: 0.69375, std: 0.07374521068427063
F1 Score: [0.6192307692307693, 0.6898496240601504, 0.6726190476190477, 0.593505039193729, 0.7518796992481203, 0.530791788856305, 0.5933528836754643, 0.7117117117117118, 0.8358974358974359, 0.7117117117117118, 0.6278195488721805, 0.6552706552706553, 0.6996966632962589, 0.7555555555555555, 0.7518796992481203]
 mean: 0.6800514555631476, std: 0.07623478785436578
Accuracy Intime: [0.8571428571428571, 0.7142857142857143, 0.6666666666666666, 0.5833333333333334, 0.75, 0.7857142857142857, 0.7857142857142857, 0.5714285714285714, 0.75, 0.6666666666666666, 0.7142857142857143, 0.7857142857142857, 0.9166666666666666, 0.75, 0.5]
 mean: 0.7198412698412698, std: 0.10584457389078308
F1 (Intime): [0.8444444444444444, 0.6888888888888889, 0.5555555555555556, 0.5804195804195804, 0.7482517482517483, 0.7754010695187166, 0.7754010695187166, 0.5625, 0.7482517482517483, 0.6571428571428571, 0.65, 0.7754010695187166, 0.8991596638655461, 0.7333333333333334, 0.3333333333333333]
 mean: 0.6884989574695459, std: 0.13523874127937374
--------------------------------------------------
Subject Number: 3
Accuracy Cross: [0.53125, 0.53125, 0.59375, 0.59375, 0.59375, 0.5151515151515151, 0.42424242424242425, 0.42424242424242425, 0.5757575757575758, 0.5151515151515151, 0.36363636363636365, 0.6666666666666666, 0.45454545454545453, 0.5757575757575758, 0.48484848484848486]
 mean: 0.5229166666666667, std: 0.07853966705163432
F1 Score: [0.5270935960591133, 0.530791788856305, 0.5588547189819725, 0.5733333333333333, 0.5835835835835836, 0.38888888888888884, 0.4221198156682028, 0.3882926829268293, 0.5753676470588236, 0.47619047619047616, 0.32390243902439025, 0.6616961789375583, 0.4107142857142857, 0.5227272727272727, 0.4327603640040445]
 mean: 0.49175447146367196, std: 0.09084513611562753
Accuracy Intime: [0.5, 0.5, 0.7142857142857143, 0.6666666666666666, 0.6666666666666666, 0.42857142857142855, 0.35714285714285715, 0.75, 0.5833333333333334, 0.5833333333333334, 0.6428571428571429, 0.7142857142857143, 0.6666666666666666, 0.75, 0.75]
 mean: 0.6182539682539684, std: 0.11908465032513092
F1 (Intime): [0.4269005847953216, 0.47593582887700536, 0.6888888888888889, 0.625, 0.6571428571428571, 0.41666666666666663, 0.35384615384615387, 0.6210526315789473, 0.5804195804195804, 0.5555555555555556, 0.5906432748538011, 0.65, 0.5555555555555556, 0.7482517482517483, 0.7482517482517483]
 mean: 0.5796074049789219, std: 0.11443593792720316
--------------------------------------------------
Subject Number: 4
Accuracy Cross: [0.7575757575757576, 0.9393939393939394, 0.8787878787878788, 0.9393939393939394, 0.9393939393939394, 0.8787878787878788, 0.8181818181818182, 0.9090909090909091, 0.8181818181818182, 0.8181818181818182, 0.6060606060606061, 0.7878787878787878, 0.8484848484848485, 0.6363636363636364, 0.7272727272727273]
 mean: 0.82020202020202, std: 0.10048347568037082
F1 Score: [0.7461538461538462, 0.9379699248120301, 0.8730769230769231, 0.9379699248120301, 0.9379699248120301, 0.8730769230769231, 0.8139097744360901, 0.907735321528425, 0.8035714285714286, 0.8166666666666667, 0.6001863932898416, 0.7870967741935484, 0.847926267281106, 0.6192307692307693, 0.723205964585275]
 mean: 0.8150497884351291, std: 0.10339058331444265
Accuracy Intime: [0.6428571428571429, 0.9285714285714286, 0.7142857142857143, 0.75, 0.8333333333333334, 0.8571428571428571, 0.7142857142857143, 0.7857142857142857, 0.5833333333333334, 0.6666666666666666, 1.0, 1.0, 1.0, 1.0, 0.8333333333333334]
 mean: 0.8206349206349207, std: 0.13722128122181418
F1 (Intime): [0.5906432748538011, 0.9251336898395721, 0.6888888888888889, 0.7482517482517483, 0.8285714285714285, 0.8541666666666667, 0.7083333333333333, 0.7846153846153847, 0.5804195804195804, 0.6666666666666666, 1.0, 1.0, 1.0, 1.0, 0.8285714285714285]
 mean: 0.8136174727119001, std: 0.1439745786057309
--------------------------------------------------
Subject Number: 5
Accuracy Cross: [0.4375, 0.53125, 0.46875, 0.6875, 0.46875, 0.78125, 0.5, 0.625, 0.71875, 0.75, 0.65625, 0.625, 0.5625, 0.65625, 0.5]
 mean: 0.5979166666666667, std: 0.10696248044161195
F1 Score: [0.41700404858299595, 0.5195195195195195, 0.4682306940371457, 0.6761133603238867, 0.4231177094379639, 0.7702564102564102, 0.4920634920634921, 0.6235294117647059, 0.7117117117117118, 0.7333333333333334, 0.6267232237539766, 0.6235294117647059, 0.5333333333333333, 0.6389743589743591, 0.4920634920634921]
 mean: 0.5833002340614022, std: 0.10971328780872865
Accuracy Intime: [0.7857142857142857, 0.9285714285714286, 0.6666666666666666, 0.5833333333333334, 0.75, 1.0, 0.7857142857142857, 0.9166666666666666, 0.5833333333333334, 0.5833333333333334, 0.8571428571428571, 1.0, 1.0, 0.5, 0.75]
 mean: 0.7793650793650794, std: 0.1635113257261268
F1 (Intime): [0.7846153846153847, 0.9251336898395721, 0.4, 0.5555555555555556, 0.7333333333333334, 1.0, 0.7754010695187166, 0.9111111111111111, 0.5804195804195804, 0.5804195804195804, 0.8541666666666667, 1.0, 1.0, 0.4375, 0.7482517482517483]
 mean: 0.7523938479820832, std: 0.19536249025755079
--------------------------------------------------
Subject Number: 6
Accuracy Cross: [0.625, 0.4375, 0.53125, 0.53125, 0.71875, 0.6060606060606061, 0.5454545454545454, 0.696969696969697, 0.5757575757575758, 0.6363636363636364, 0.45454545454545453, 0.6363636363636364, 0.7272727272727273, 0.6060606060606061, 0.7878787878787878]
 mean: 0.6077651515151515, std: 0.0959233716848201
F1 Score: [0.6, 0.41700404858299595, 0.530791788856305, 0.5195195195195195, 0.681063122923588, 0.5814634146341464, 0.543778801843318, 0.6898496240601504, 0.4225, 0.5695652173913044, 0.3125, 0.5416666666666666, 0.6996966632962589, 0.5925925925925926, 0.7664307381193125]
 mean: 0.5645614798990773, std: 0.1155421203250362
Accuracy Intime: [0.7142857142857143, 0.8571428571428571, 0.8571428571428571, 0.5833333333333334, 0.6666666666666666, 0.8571428571428571, 0.9285714285714286, 0.9166666666666666, 0.6666666666666666, 0.6666666666666666, 0.7857142857142857, 0.8571428571428571, 0.8333333333333334, 0.6666666666666666, 0.5833333333333334]
 mean: 0.7626984126984129, std: 0.11430775801516718
F1 (Intime): [0.7083333333333333, 0.8571428571428571, 0.8541666666666667, 0.4957983193277311, 0.6571428571428571, 0.8541666666666667, 0.9251336898395721, 0.9111111111111111, 0.6571428571428571, 0.6571428571428571, 0.7543859649122806, 0.8444444444444444, 0.7777777777777777, 0.6571428571428571, 0.4957983193277311]
 mean: 0.7404553719414402, std: 0.13256861668581393
--------------------------------------------------
Subject Number: 7
Accuracy Cross: [0.59375, 0.625, 0.4375, 0.71875, 0.65625, 0.5, 0.65625, 0.53125, 0.5625, 0.65625, 0.59375, 0.5625, 0.46875, 0.65625, 0.5]
 mean: 0.58125, std: 0.07889206761983954
F1 Score: [0.5588547189819725, 0.6, 0.41700404858299595, 0.7046153846153846, 0.6532019704433498, 0.5, 0.6476476476476476, 0.4909862142099682, 0.5625, 0.6101882613510521, 0.5733333333333333, 0.5333333333333333, 0.4682306940371457, 0.6559139784946236, 0.4817813765182186]
 mean: 0.5638393974366017, std: 0.07942565456350784
Accuracy Intime: [0.7857142857142857, 0.5714285714285714, 0.5833333333333334, 0.5, 0.6666666666666666, 0.7142857142857143, 0.7142857142857143, 0.8333333333333334, 0.6666666666666666, 0.8333333333333334, 0.7142857142857143, 0.5714285714285714, 0.5833333333333334, 0.6666666666666666, 0.75]
 mean: 0.676984126984127, std: 0.0971890127926453
F1 (Intime): [0.7543859649122806, 0.36363636363636365, 0.3684210526315789, 0.4375, 0.6666666666666666, 0.7083333333333333, 0.65, 0.8285714285714285, 0.6666666666666666, 0.8285714285714285, 0.6888888888888889, 0.475, 0.3684210526315789, 0.6571428571428571, 0.7482517482517483]
 mean: 0.6140304967936546, std: 0.1605820158776059
--------------------------------------------------
Subject Number: 8
Accuracy Cross: [0.75, 0.75, 0.8125, 0.75, 0.71875, 0.78125, 0.78125, 0.78125, 0.78125, 0.75, 0.78125, 0.78125, 0.75, 0.9375, 0.90625]
 mean: 0.7875, std: 0.057282196186948
F1 Score: [0.7090909090909091, 0.7333333333333334, 0.7922077922077921, 0.722943722943723, 0.681063122923588, 0.751937984496124, 0.751937984496124, 0.751937984496124, 0.7624602332979851, 0.7090909090909091, 0.7793103448275862, 0.7793103448275862, 0.7090909090909091, 0.9352226720647774, 0.9015384615384616]
 mean: 0.7646984472483954, std: 0.06756708641539946
Accuracy Intime: [0.8571428571428571, 0.8571428571428571, 0.9166666666666666, 1.0, 0.75, 0.5714285714285714, 0.7142857142857143, 0.75, 0.5, 0.5833333333333334, 0.8571428571428571, 0.8571428571428571, 0.9166666666666666, 1.0, 0.8333333333333334]
 mean: 0.7976190476190476, std: 0.14670737427242983
F1 (Intime): [0.8444444444444444, 0.8444444444444444, 0.8991596638655461, 1.0, 0.7333333333333334, 0.36363636363636365, 0.65, 0.6210526315789473, 0.4857142857142857, 0.5555555555555556, 0.8444444444444444, 0.8541666666666667, 0.8991596638655461, 1.0, 0.8285714285714285]
 mean: 0.7615788617414004, std: 0.18167869532179987
--------------------------------------------------
Subject Number: 9
Accuracy Cross: [0.71875, 0.90625, 0.90625, 0.90625, 0.875, 0.90625, 0.625, 0.78125, 0.8125, 0.8125, 0.84375, 0.8125, 0.90625, 0.65625, 0.9375]
 mean: 0.8270833333333333, std: 0.09330914865232788
F1 Score: [0.6631578947368422, 0.9054187192118226, 0.9015384615384616, 0.9015384615384616, 0.8666666666666667, 0.9015384615384616, 0.611336032388664, 0.7702564102564102, 0.8056680161943319, 0.7922077922077921, 0.8423645320197044, 0.8095238095238095, 0.9039039039039038, 0.6532019704433498, 0.9352226720647774]
 mean: 0.8175695869488974, std: 0.09989029426131804
Accuracy Intime: [1.0, 0.9285714285714286, 1.0, 0.75, 0.75, 1.0, 0.8571428571428571, 1.0, 0.75, 0.6666666666666666, 1.0, 0.8571428571428571, 0.8333333333333334, 0.75, 0.6666666666666666]
 mean: 0.853968253968254, std: 0.12275702413324005
F1 (Intime): [1.0, 0.9251336898395721, 1.0, 0.7482517482517483, 0.7333333333333334, 1.0, 0.8444444444444444, 1.0, 0.7333333333333334, 0.6571428571428571, 1.0, 0.8444444444444444, 0.7777777777777777, 0.7333333333333334, 0.625]
 mean: 0.841479664126723, std: 0.13199465264268964
--------------------------------------------------
Subject Number: 10
Accuracy Cross: [0.53125, 0.75, 0.6875, 0.625, 0.5625, 0.625, 0.5625, 0.65625, 0.59375, 0.71875, 0.6060606060606061, 0.5151515151515151, 0.6666666666666666, 0.6666666666666666, 0.5757575757575758]
 mean: 0.6228535353535353, std: 0.06589300376449415
F1 Score: [0.5195195195195195, 0.7333333333333334, 0.6862745098039216, 0.5844155844155844, 0.5465587044534412, 0.6235294117647059, 0.5465587044534412, 0.6559139784946236, 0.5733333333333333, 0.718475073313783, 0.5814634146341464, 0.5111111111111111, 0.6616961789375583, 0.6158730158730159, 0.5416666666666666]
 mean: 0.6066481693405457, std: 0.06885902078926902
Accuracy Intime: [0.7142857142857143, 0.7857142857142857, 0.8333333333333334, 0.5833333333333334, 0.8333333333333334, 0.8571428571428571, 0.7857142857142857, 0.8333333333333334, 0.8333333333333334, 0.6666666666666666, 0.6428571428571429, 0.8571428571428571, 0.75, 0.8333333333333334, 0.9166666666666666]
 mean: 0.7817460317460317, std: 0.08958064164776165
F1 (Intime): [0.6888888888888889, 0.7754010695187166, 0.8125, 0.4957983193277311, 0.8333333333333334, 0.8571428571428571, 0.7543859649122806, 0.7777777777777777, 0.8285714285714285, 0.625, 0.5238095238095237, 0.8571428571428571, 0.6974789915966386, 0.8333333333333334, 0.916083916083916]
 mean: 0.7517765507626188, std: 0.11938705214628575
--------------------------------------------------
Subject Number: 11
Accuracy Cross: [0.45454545454545453, 0.42424242424242425, 0.5151515151515151, 0.5757575757575758, 0.48484848484848486, 0.6666666666666666, 0.5151515151515151, 0.5454545454545454, 0.5757575757575758, 0.6060606060606061, 0.7272727272727273, 0.696969696969697, 0.5757575757575758, 0.6666666666666666, 0.5454545454545454]
 mean: 0.5717171717171717, std: 0.08561462666835189
F1 Score: [0.44172932330827064, 0.42424242424242425, 0.49230769230769234, 0.5557692307692308, 0.4771668219944082, 0.593505039193729, 0.47619047619047616, 0.47619047619047616, 0.4225, 0.4849939975990396, 0.7102439024390244, 0.6413043478260869, 0.4225, 0.6552706552706553, 0.35294117647058826]
 mean: 0.5084570375868067, std: 0.09790197239953746
Accuracy Intime: [0.6428571428571429, 0.7142857142857143, 0.7142857142857143, 0.8333333333333334, 0.8333333333333334, 0.7857142857142857, 0.6428571428571429, 0.7142857142857143, 0.6666666666666666, 0.5833333333333334, 0.5714285714285714, 0.5714285714285714, 0.5714285714285714, 0.6666666666666666, 0.6666666666666666]
 mean: 0.6785714285714285, std: 0.0855156428384189
F1 (Intime): [0.5238095238095237, 0.65, 0.65, 0.8333333333333334, 0.8285714285714285, 0.7543859649122806, 0.5238095238095237, 0.7083333333333333, 0.6666666666666666, 0.5804195804195804, 0.5333333333333333, 0.36363636363636365, 0.5333333333333333, 0.625, 0.625]
 mean: 0.62664215901058, std: 0.12084642656668079
--------------------------------------------------
Subject Number: 12
Accuracy Cross: [0.75, 0.53125, 0.78125, 0.875, 0.84375, 0.6666666666666666, 0.6666666666666666, 0.7272727272727273, 0.7272727272727273, 0.9090909090909091, 0.75, 0.625, 0.6875, 0.8125, 0.71875]
 mean: 0.7381313131313132, std: 0.09514029226207522
F1 Score: [0.7090909090909091, 0.3992490613266583, 0.7624602332979851, 0.8666666666666667, 0.8303287380699894, 0.593505039193729, 0.6158730158730159, 0.6857142857142857, 0.6857142857142857, 0.905982905982906, 0.7090909090909091, 0.6, 0.6825396825396826, 0.8056680161943319, 0.6631578947368422]
 mean: 0.7010027762328132, std: 0.1220244651603966
Accuracy Intime: [0.8571428571428571, 0.9285714285714286, 0.8333333333333334, 0.6666666666666666, 0.5833333333333334, 0.7142857142857143, 0.7857142857142857, 0.75, 0.5, 0.9166666666666666, 1.0, 0.7142857142857143, 1.0, 0.6666666666666666, 0.5833333333333334]
 mean: 0.7666666666666665, std: 0.1493751156319821
F1 (Intime): [0.8444444444444444, 0.9282051282051282, 0.8125, 0.6571428571428571, 0.5804195804195804, 0.6888888888888889, 0.7846153846153847, 0.6210526315789473, 0.3333333333333333, 0.916083916083916, 1.0, 0.65, 1.0, 0.625, 0.4957983193277311]
 mean: 0.7291656322693475, std: 0.18501363276511182
--------------------------------------------------
Subject Number: 13
Accuracy Cross: [0.90625, 0.84375, 0.96875, 0.9375, 0.875, 0.696969696969697, 0.9090909090909091, 0.8484848484848485, 0.7878787878787878, 0.8181818181818182, 0.625, 0.84375, 0.78125, 0.71875, 0.46875]
 mean: 0.8019570707070707, std: 0.12667980323918854
F1 Score: [0.9015384615384616, 0.8398398398398399, 0.967967967967968, 0.9365079365079365, 0.8704453441295547, 0.6413043478260869, 0.905982905982906, 0.8484848484848485, 0.7664307381193125, 0.8096153846153846, 0.6, 0.8303287380699894, 0.7624602332979851, 0.7117117117117118, 0.36374269005847953]
 mean: 0.7837574098766975, std: 0.15059466439058183
Accuracy Intime: [0.9285714285714286, 0.7142857142857143, 1.0, 0.8333333333333334, 0.8333333333333334, 0.9285714285714286, 0.9285714285714286, 0.9166666666666666, 0.9166666666666666, 0.9166666666666666, 0.8571428571428571, 0.9285714285714286, 1.0, 0.9166666666666666, 1.0]
 mean: 0.9079365079365079, std: 0.07240949033623519
F1 (Intime): [0.9251336898395721, 0.6888888888888889, 1.0, 0.8333333333333334, 0.8285714285714285, 0.9251336898395721, 0.9282051282051282, 0.8991596638655461, 0.916083916083916, 0.916083916083916, 0.8541666666666667, 0.9251336898395721, 1.0, 0.916083916083916, 1.0]
 mean: 0.9037318618200971, std: 0.07723280763882846
--------------------------------------------------
Subject Number: 14
Accuracy Cross: [0.6875, 0.84375, 0.65625, 0.71875, 0.75, 0.65625, 0.71875, 0.78125, 0.78125, 0.625, 0.75, 0.71875, 0.59375, 0.84375, 0.78125]
 mean: 0.7270833333333333, std: 0.07168604389202188
F1 Score: [0.6825396825396826, 0.8398398398398399, 0.6559139784946236, 0.7046153846153846, 0.7333333333333334, 0.5594493116395495, 0.6631578947368422, 0.751937984496124, 0.7624602332979851, 0.5, 0.7090909090909091, 0.6631578947368422, 0.539313399778516, 0.8398398398398399, 0.751937984496124]
 mean: 0.6904391780623731, std: 0.09619025227947009
Accuracy Intime: [1.0, 1.0, 0.8333333333333334, 0.6666666666666666, 0.8333333333333334, 0.8571428571428571, 0.8571428571428571, 0.8333333333333334, 0.9166666666666666, 0.75, 0.6428571428571429, 0.7857142857142857, 0.6666666666666666, 0.75, 0.75]
 mean: 0.8095238095238095, std: 0.10647942749998998
F1 (Intime): [1.0, 1.0, 0.7777777777777777, 0.6666666666666666, 0.8285714285714285, 0.8444444444444444, 0.8541666666666667, 0.8125, 0.916083916083916, 0.7333333333333334, 0.5238095238095237, 0.7846153846153847, 0.4, 0.7482517482517483, 0.7333333333333334]
 mean: 0.7749036149036148, std: 0.1541138542907305
--------------------------------------------------
Subject Number: 15
Accuracy Cross: [0.78125, 0.71875, 0.90625, 0.8125, 0.65625, 0.71875, 0.6875, 0.625, 0.75, 0.5625, 0.59375, 0.71875, 0.46875, 0.4375, 0.46875]
 mean: 0.6604166666666667, std: 0.13053708498183786
F1 Score: [0.751937984496124, 0.7046153846153846, 0.9015384615384616, 0.7922077922077921, 0.6476476476476476, 0.718475073313783, 0.6825396825396826, 0.6235294117647059, 0.722943722943723, 0.5465587044534412, 0.5588547189819725, 0.694591728525981, 0.36374269005847953, 0.37662337662337664, 0.464039408866995]
 mean: 0.63665638590517, std: 0.14565440796017676
Accuracy Intime: [0.7857142857142857, 0.6428571428571429, 0.75, 0.9166666666666666, 0.6666666666666666, 0.8571428571428571, 0.6428571428571429, 1.0, 0.6666666666666666, 0.8333333333333334, 0.8571428571428571, 0.9285714285714286, 1.0, 1.0, 1.0]
 mean: 0.8365079365079365, std: 0.133025911656653
F1 (Intime): [0.7754010695187166, 0.5906432748538011, 0.7333333333333334, 0.916083916083916, 0.6571428571428571, 0.8541666666666667, 0.5238095238095237, 1.0, 0.625, 0.8285714285714285, 0.8444444444444444, 0.9251336898395721, 1.0, 1.0, 1.0]
 mean: 0.818248680284284, std: 0.1562174758614148
--------------------------------------------------
Subject Number: 16
Accuracy Cross: [0.4375, 0.59375, 0.65625, 0.65625, 0.59375, 0.6875, 0.78125, 0.75, 0.6875, 0.59375, 0.53125, 0.5, 0.375, 0.46875, 0.53125]
 mean: 0.5895833333333333, std: 0.11230693309952963
F1 Score: [0.4285714285714286, 0.5835835835835836, 0.6476476476476476, 0.6532019704433498, 0.5835835835835836, 0.6761133603238867, 0.7793103448275862, 0.746031746031746, 0.6862745098039216, 0.5901477832512315, 0.43859649122807015, 0.4458874458874459, 0.37254901960784315, 0.4420512820512821, 0.3469387755102041]
 mean: 0.5613659314901873, std: 0.13415742110151593
Accuracy Intime: [0.7142857142857143, 0.6428571428571429, 0.6666666666666666, 0.8333333333333334, 0.6666666666666666, 0.8571428571428571, 0.6428571428571429, 0.8333333333333334, 0.75, 0.6666666666666666, 0.7142857142857143, 0.8571428571428571, 0.9166666666666666, 0.8333333333333334, 0.5]
 mean: 0.7396825396825398, std: 0.10918396780617899
F1 (Intime): [0.7083333333333333, 0.5238095238095237, 0.625, 0.8333333333333334, 0.6571428571428571, 0.8444444444444444, 0.5906432748538011, 0.7777777777777777, 0.7333333333333334, 0.625, 0.6888888888888889, 0.8541666666666667, 0.8991596638655461, 0.8333333333333334, 0.5]
 mean: 0.7129577620521894, std: 0.12131920401378748
--------------------------------------------------
Subject Number: 17
Accuracy Cross: [0.5454545454545454, 0.5454545454545454, 0.6060606060606061, 0.5757575757575758, 0.5757575757575758, 0.5151515151515151, 0.45454545454545453, 0.5151515151515151, 0.5454545454545454, 0.7878787878787878, 0.625, 0.5, 0.40625, 0.6875, 0.4375]
 mean: 0.5548611111111111, std: 0.09404095160632174
F1 Score: [0.5170731707317073, 0.47619047619047616, 0.5662285136501517, 0.5657894736842105, 0.5557692307692308, 0.47619047619047616, 0.4288461538461539, 0.45454545454545453, 0.543778801843318, 0.7746341463414634, 0.6190476190476191, 0.3816425120772947, 0.3764102564102564, 0.6536796536796536, 0.43529411764705883]
 mean: 0.521674670443635, std: 0.10390127162532214
Accuracy Intime: [0.7857142857142857, 0.7857142857142857, 0.75, 0.5833333333333334, 0.5833333333333334, 1.0, 0.7142857142857143, 0.5, 0.5833333333333334, 0.8333333333333334, 0.7142857142857143, 0.7857142857142857, 0.5714285714285714, 0.8333333333333334, 0.5833333333333334]
 mean: 0.7071428571428572, std: 0.1318368399991155
F1 (Intime): [0.7846153846153847, 0.7543859649122806, 0.7333333333333334, 0.5804195804195804, 0.5555555555555556, 1.0, 0.65, 0.4857142857142857, 0.5804195804195804, 0.8285714285714285, 0.7083333333333333, 0.7543859649122806, 0.475, 0.8333333333333334, 0.5804195804195804]
 mean: 0.6869658217026637, std: 0.14114343137657517
--------------------------------------------------
Subject Number: 18
Accuracy Cross: [0.7878787878787878, 0.7575757575757576, 0.8484848484848485, 0.9090909090909091, 0.8787878787878788, 0.78125, 0.8125, 0.875, 0.84375, 0.75, 0.96875, 0.8125, 0.84375, 0.9375, 0.875]
 mean: 0.8454545454545455, std: 0.06166530165019408
F1 Score: [0.7847157502329916, 0.7272727272727273, 0.8462255358807083, 0.907735321528425, 0.8786764705882353, 0.751937984496124, 0.8056680161943319, 0.873015873015873, 0.8358974358974359, 0.7090909090909091, 0.967967967967968, 0.7922077922077921, 0.8423645320197044, 0.9365079365079365, 0.8704453441295547]
 mean: 0.8353153064687147, std: 0.07194495667623699
Accuracy Intime: [1.0, 0.9285714285714286, 1.0, 0.9166666666666666, 0.75, 0.9285714285714286, 1.0, 1.0, 0.9166666666666666, 0.6666666666666666, 0.9285714285714286, 0.7857142857142857, 0.9166666666666666, 1.0, 0.6666666666666666]
 mean: 0.8936507936507936, std: 0.11463790530328756
F1 (Intime): [1.0, 0.9251336898395721, 1.0, 0.916083916083916, 0.7482517482517483, 0.9251336898395721, 1.0, 1.0, 0.916083916083916, 0.625, 0.9282051282051282, 0.7543859649122806, 0.8991596638655461, 1.0, 0.625]
 mean: 0.8841625144721121, std: 0.12761807990261845
--------------------------------------------------
Subject Number: 19
Accuracy Cross: [0.375, 0.75, 0.6875, 0.71875, 0.6875, 0.625, 0.625, 0.5625, 0.5625, 0.59375, 0.46875, 0.59375, 0.5625, 0.5625, 0.5]
 mean: 0.5916666666666667, std: 0.09510593508761106
F1 Score: [0.3073593073593074, 0.7408906882591093, 0.6875, 0.6631578947368422, 0.6135265700483092, 0.5, 0.6190476190476191, 0.45893719806763283, 0.36, 0.5588547189819725, 0.4420512820512821, 0.5933528836754643, 0.5333333333333333, 0.5555555555555556, 0.4458874458874459]
 mean: 0.5386302998002583, std: 0.11705843878512281
Accuracy Intime: [0.7142857142857143, 0.5714285714285714, 0.75, 0.75, 0.75, 0.8571428571428571, 0.6428571428571429, 0.8333333333333334, 0.75, 0.5833333333333334, 0.6428571428571429, 0.7857142857142857, 0.9166666666666666, 0.75, 0.8333333333333334]
 mean: 0.7420634920634921, std: 0.09569993838084354
F1 (Intime): [0.6888888888888889, 0.36363636363636365, 0.7333333333333334, 0.7333333333333334, 0.7333333333333334, 0.8541666666666667, 0.5238095238095237, 0.8125, 0.7333333333333334, 0.5804195804195804, 0.5238095238095237, 0.7543859649122806, 0.9111111111111111, 0.7333333333333334, 0.8285714285714285]
 mean: 0.700531047899469, std: 0.14039963920962054
--------------------------------------------------
Subject Number: 20
Accuracy Cross: [0.65625, 0.75, 0.75, 0.71875, 0.5625, 0.71875, 0.6875, 0.625, 0.71875, 0.625, 0.5757575757575758, 0.6060606060606061, 0.6666666666666666, 0.48484848484848486, 0.7575757575757576]
 mean: 0.6602272727272728, std: 0.07725725236213542
F1 Score: [0.6559139784946236, 0.746031746031746, 0.722943722943723, 0.7046153846153846, 0.5333333333333333, 0.718475073313783, 0.6825396825396826, 0.611336032388664, 0.6631578947368422, 0.6235294117647059, 0.5416666666666666, 0.6046082949308755, 0.6616961789375583, 0.45268292682926825, 0.7461538461538462]
 mean: 0.644578944912047, std: 0.0820407586536488
Accuracy Intime: [1.0, 0.7857142857142857, 0.75, 0.6666666666666666, 0.5833333333333334, 0.8571428571428571, 0.8571428571428571, 0.9166666666666666, 0.6666666666666666, 0.5833333333333334, 1.0, 0.8571428571428571, 0.8333333333333334, 0.6666666666666666, 0.8333333333333334]
 mean: 0.7904761904761906, std: 0.13017808605595346
F1 (Intime): [1.0, 0.7754010695187166, 0.6974789915966386, 0.625, 0.4957983193277311, 0.8444444444444444, 0.8444444444444444, 0.8991596638655461, 0.625, 0.5555555555555556, 1.0, 0.8541666666666667, 0.8285714285714285, 0.625, 0.8285714285714285]
 mean: 0.7665728008375068, std: 0.14986030959788238
--------------------------------------------------
Subject Number: 21
Accuracy Cross: [0.3125, 0.4375, 0.53125, 0.3125, 0.5, 0.59375, 0.4375, 0.4375, 0.5625, 0.59375, 0.4375, 0.40625, 0.3125, 0.4375, 0.5]
 mean: 0.45416666666666666, std: 0.0911919526176637
F1 Score: [0.30158730158730157, 0.41700404858299595, 0.530791788856305, 0.30980392156862746, 0.4920634920634921, 0.4793491864831039, 0.41700404858299595, 0.4, 0.5151515151515151, 0.4340136054421769, 0.43529411764705883, 0.3764102564102564, 0.30158730158730157, 0.41700404858299595, 0.4458874458874459]
 mean: 0.41819680522890484, std: 0.07005192617263023
Accuracy Intime: [0.7142857142857143, 0.7142857142857143, 0.6666666666666666, 0.5833333333333334, 0.4166666666666667, 0.6428571428571429, 0.5714285714285714, 0.5833333333333334, 0.5, 0.5833333333333334, 0.5, 0.6428571428571429, 0.5833333333333334, 0.5833333333333334, 0.8333333333333334]
 mean: 0.607936507936508, std: 0.09782852733685074
F1 (Intime): [0.7142857142857143, 0.7083333333333333, 0.4, 0.5555555555555556, 0.29411764705882354, 0.5238095238095237, 0.475, 0.4957983193277311, 0.4375, 0.5555555555555556, 0.4269005847953216, 0.5906432748538011, 0.4957983193277311, 0.5804195804195804, 0.8285714285714285]
 mean: 0.5388192557929401, std: 0.1312496807898384
--------------------------------------------------
Subject Number: 22
Accuracy Cross: [0.78125, 0.6875, 0.6875, 0.625, 0.75, 0.6666666666666666, 0.7575757575757576, 0.696969696969697, 0.8484848484848485, 0.9090909090909091, 0.8125, 0.5, 0.6875, 0.84375, 0.84375]
 mean: 0.7398358585858585, std: 0.10184245128724803
F1 Score: [0.7757757757757757, 0.6363636363636364, 0.6825396825396826, 0.6235294117647059, 0.746031746031746, 0.593505039193729, 0.7272727272727273, 0.6413043478260869, 0.847926267281106, 0.907735321528425, 0.8, 0.4980392156862745, 0.6875, 0.8398398398398399, 0.8423645320197044]
 mean: 0.7233151695415626, std: 0.10992199799986045
Accuracy Intime: [0.9285714285714286, 0.7142857142857143, 0.9166666666666666, 0.6666666666666666, 0.75, 0.8571428571428571, 0.9285714285714286, 0.6666666666666666, 0.6666666666666666, 0.5, 0.7142857142857143, 1.0, 0.75, 0.75, 0.75]
 mean: 0.7706349206349207, std: 0.12780981556358095
F1 (Intime): [0.9251336898395721, 0.65, 0.8991596638655461, 0.625, 0.7482517482517483, 0.8444444444444444, 0.9282051282051282, 0.4, 0.6571428571428571, 0.4857142857142857, 0.65, 1.0, 0.6210526315789473, 0.7482517482517483, 0.7482517482517483]
 mean: 0.7287071963697352, std: 0.1638144201792828
--------------------------------------------------
Subject Number: 23
Accuracy Cross: [0.8484848484848485, 0.9393939393939394, 0.8181818181818182, 0.7272727272727273, 0.9090909090909091, 0.71875, 0.6875, 0.875, 0.75, 0.53125, 0.8181818181818182, 0.7878787878787878, 0.7575757575757576, 0.8484848484848485, 0.9090909090909091]
 mean: 0.7950757575757574, std: 0.10167814914307755
F1 Score: [0.847926267281106, 0.9379699248120301, 0.8096153846153846, 0.6857142857142857, 0.905982905982906, 0.718475073313783, 0.6825396825396826, 0.873015873015873, 0.746031746031746, 0.4684385382059801, 0.8096153846153846, 0.7664307381193125, 0.7272727272727273, 0.8390243902439025, 0.905982905982906]
 mean: 0.7816023885164675, std: 0.11504365014995979
Accuracy Intime: [0.7857142857142857, 0.9285714285714286, 0.8333333333333334, 0.5, 0.75, 0.9285714285714286, 0.7857142857142857, 1.0, 1.0, 0.75, 0.9285714285714286, 0.9285714285714286, 0.9166666666666666, 0.6666666666666666, 0.9166666666666666]
 mean: 0.8412698412698413, std: 0.13218515458236113
F1 (Intime): [0.7754010695187166, 0.9251336898395721, 0.8125, 0.4857142857142857, 0.7482517482517483, 0.9251336898395721, 0.7543859649122806, 1.0, 1.0, 0.7482517482517483, 0.9282051282051282, 0.9251336898395721, 0.9111111111111111, 0.6571428571428571, 0.916083916083916]
 mean: 0.834163259914034, std: 0.1364080984224185
--------------------------------------------------
Subject Number: 24
Accuracy Cross: [0.59375, 0.5625, 0.53125, 0.46875, 0.5, 0.59375, 0.53125, 0.5, 0.53125, 0.71875, 0.625, 0.59375, 0.40625, 0.59375, 0.4375]
 mean: 0.5458333333333333, std: 0.07643306803268392
F1 Score: [0.5933528836754643, 0.5333333333333333, 0.530791788856305, 0.4682306940371457, 0.4458874458874459, 0.5835835835835836, 0.4684385382059801, 0.4980392156862745, 0.43859649122807015, 0.7117117117117118, 0.6, 0.5933528836754643, 0.4056695992179863, 0.5134502923976608, 0.41700404858299595]
 mean: 0.5200961673386282, std: 0.08161465306598588
Accuracy Intime: [0.6428571428571429, 0.5, 0.6666666666666666, 0.5833333333333334, 0.5, 0.42857142857142855, 0.5, 0.3333333333333333, 0.9166666666666666, 0.5833333333333334, 0.6428571428571429, 0.9285714285714286, 0.75, 0.8333333333333334, 0.5833333333333334]
 mean: 0.6261904761904763, std: 0.166201163980705
F1 (Intime): [0.625668449197861, 0.49743589743589745, 0.625, 0.5555555555555556, 0.3333333333333333, 0.37777777777777777, 0.4269005847953216, 0.3142857142857143, 0.916083916083916, 0.5555555555555556, 0.625668449197861, 0.9282051282051282, 0.6974789915966386, 0.8333333333333334, 0.5804195804195804]
 mean: 0.5928468177848983, std: 0.18613485394219537
--------------------------------------------------
Subject Number: 25
Accuracy Cross: [0.42424242424242425, 0.6060606060606061, 0.6363636363636364, 0.42424242424242425, 0.6060606060606061, 0.6875, 0.4375, 0.75, 0.625, 0.71875, 0.59375, 0.71875, 0.6875, 0.59375, 0.5625]
 mean: 0.6047979797979798, std: 0.1024249864246881
F1 Score: [0.3660262891809909, 0.5195968645016797, 0.6333333333333333, 0.4045584045584045, 0.5195968645016797, 0.6825396825396826, 0.41700404858299595, 0.7408906882591093, 0.5844155844155844, 0.718475073313783, 0.5588547189819725, 0.681063122923588, 0.6666666666666667, 0.539313399778516, 0.5555555555555556]
 mean: 0.5725260198062362, std: 0.11208798964166265
Accuracy Intime: [0.8571428571428571, 0.7857142857142857, 0.9166666666666666, 0.8333333333333334, 0.5833333333333334, 0.6428571428571429, 0.6428571428571429, 0.5833333333333334, 0.75, 0.6666666666666666, 0.6428571428571429, 0.6428571428571429, 0.4166666666666667, 0.5833333333333334, 0.4166666666666667]
 mean: 0.6642857142857143, std: 0.14040218658727607
F1 (Intime): [0.8541666666666667, 0.7754010695187166, 0.9111111111111111, 0.8285714285714285, 0.4957983193277311, 0.625668449197861, 0.625668449197861, 0.5555555555555556, 0.7333333333333334, 0.6571428571428571, 0.5238095238095237, 0.5906432748538011, 0.37777777777777777, 0.5555555555555556, 0.37777777777777777]
 mean: 0.632532076626504, std: 0.15713128480735353
--------------------------------------------------
Subject Number: 26
Accuracy Cross: [0.8787878787878788, 0.7878787878787878, 0.7272727272727273, 0.8787878787878788, 0.9696969696969697, 0.875, 0.84375, 0.4375, 0.53125, 0.90625, 0.84375, 0.875, 0.96875, 0.84375, 0.84375]
 mean: 0.8140782828282828, std: 0.14282390509128337
F1 Score: [0.8777777777777778, 0.7746341463414634, 0.7272727272727273, 0.8730769230769231, 0.9692451071761417, 0.8666666666666667, 0.8423645320197044, 0.34545454545454546, 0.4909862142099682, 0.9039039039039038, 0.8303287380699894, 0.8666666666666667, 0.967967967967968, 0.8303287380699894, 0.8303287380699894]
 mean: 0.7998002261829616, std: 0.16340524244525337
Accuracy Intime: [0.8571428571428571, 0.8571428571428571, 0.6666666666666666, 0.9166666666666666, 0.9166666666666666, 1.0, 0.8571428571428571, 1.0, 1.0, 0.9166666666666666, 0.9285714285714286, 1.0, 0.6666666666666666, 0.9166666666666666, 0.9166666666666666]
 mean: 0.8944444444444443, std: 0.10202658000967518
F1 (Intime): [0.8571428571428571, 0.8541666666666667, 0.6571428571428571, 0.916083916083916, 0.916083916083916, 1.0, 0.8444444444444444, 1.0, 1.0, 0.916083916083916, 0.9251336898395721, 1.0, 0.5555555555555556, 0.916083916083916, 0.916083916083916]
 mean: 0.8849337100807692, std: 0.12197422782586881
--------------------------------------------------
Subject Number: 27
Accuracy Cross: [0.5454545454545454, 0.5454545454545454, 0.6060606060606061, 0.5757575757575758, 0.5757575757575758, 0.5151515151515151, 0.45454545454545453, 0.5151515151515151, 0.5454545454545454, 0.7878787878787878, 0.625, 0.5, 0.40625, 0.6875, 0.4375]
 mean: 0.5548611111111111, std: 0.09404095160632174
F1 Score: [0.5170731707317073, 0.47619047619047616, 0.5662285136501517, 0.5657894736842105, 0.5557692307692308, 0.47619047619047616, 0.4288461538461539, 0.45454545454545453, 0.543778801843318, 0.7746341463414634, 0.6190476190476191, 0.3816425120772947, 0.3764102564102564, 0.6536796536796536, 0.43529411764705883]
 mean: 0.521674670443635, std: 0.10390127162532214
Accuracy Intime: [0.7857142857142857, 0.7857142857142857, 0.75, 0.5833333333333334, 0.5833333333333334, 1.0, 0.7142857142857143, 0.5, 0.5833333333333334, 0.8333333333333334, 0.7142857142857143, 0.7857142857142857, 0.5714285714285714, 0.8333333333333334, 0.5833333333333334]
 mean: 0.7071428571428572, std: 0.1318368399991155
F1 (Intime): [0.7846153846153847, 0.7543859649122806, 0.7333333333333334, 0.5804195804195804, 0.5555555555555556, 1.0, 0.65, 0.4857142857142857, 0.5804195804195804, 0.8285714285714285, 0.7083333333333333, 0.7543859649122806, 0.475, 0.8333333333333334, 0.5804195804195804]
 mean: 0.6869658217026637, std: 0.14114343137657517
--------------------------------------------------
Subject Number: 28
Accuracy Cross: [0.6875, 0.71875, 0.65625, 0.5625, 0.34375, 0.5, 0.46875, 0.375, 0.5, 0.5625, 0.34375, 0.46875, 0.4375, 0.53125, 0.5]
 mean: 0.5104166666666666, std: 0.11102427162061856
F1 Score: [0.6666666666666667, 0.7117117117117118, 0.6532019704433498, 0.45893719806763283, 0.2873806998939554, 0.4920634920634921, 0.464039408866995, 0.375, 0.4920634920634921, 0.5555555555555556, 0.33793103448275863, 0.39756367663344405, 0.4, 0.5270935960591133, 0.4666666666666667]
 mean: 0.4857250112783223, std: 0.11793847139019917
Accuracy Intime: [0.8571428571428571, 0.7142857142857143, 0.5833333333333334, 0.5833333333333334, 0.4166666666666667, 0.7142857142857143, 0.6428571428571429, 0.6666666666666666, 0.8333333333333334, 0.8333333333333334, 0.7857142857142857, 0.8571428571428571, 0.9166666666666666, 0.75, 0.6666666666666666]
 mean: 0.7214285714285713, std: 0.1286448937671676
F1 (Intime): [0.8541666666666667, 0.7083333333333333, 0.4957983193277311, 0.5555555555555556, 0.37777777777777777, 0.65, 0.641025641025641, 0.5555555555555556, 0.8333333333333334, 0.8333333333333334, 0.7846153846153847, 0.8541666666666667, 0.8991596638655461, 0.7333333333333334, 0.625]
 mean: 0.6934103042926573, std: 0.14816672230444122
--------------------------------------------------
Subject Number: 29
Accuracy Cross: [0.9375, 0.875, 0.9375, 0.84375, 0.9375, 0.90625, 1.0, 0.9375, 0.9375, 0.90625, 1.0, 0.9090909090909091, 1.0, 1.0, 1.0]
 mean: 0.9418560606060605, std: 0.048098603573787806
F1 Score: [0.9352226720647774, 0.8666666666666667, 0.9352226720647774, 0.8303287380699894, 0.9352226720647774, 0.9039039039039038, 1.0, 0.9372549019607843, 0.9352226720647774, 0.9015384615384616, 1.0, 0.9087557603686636, 1.0, 1.0, 1.0]
 mean: 0.9392892747178385, std: 0.051156774807834995
Accuracy Intime: [1.0, 1.0, 1.0, 1.0, 0.9166666666666666, 1.0, 1.0, 1.0, 0.9166666666666666, 0.6666666666666666, 1.0, 0.9285714285714286, 1.0, 1.0, 0.8333333333333334]
 mean: 0.9507936507936507, std: 0.09002253294253484
F1 (Intime): [1.0, 1.0, 1.0, 1.0, 0.916083916083916, 1.0, 1.0, 1.0, 0.916083916083916, 0.625, 1.0, 0.9251336898395721, 1.0, 1.0, 0.8285714285714285]
 mean: 0.9473915300385889, std: 0.0993937526888185
--------------------------------------------------
**************************************************
accuracy_cross_list: [0.896780303030303, 0.69375, 0.5229166666666667, 0.82020202020202, 0.5979166666666667, 0.6077651515151515, 0.58125, 0.7875, 0.8270833333333333, 0.6228535353535353, 0.5717171717171717, 0.7381313131313132, 0.8019570707070707, 0.7270833333333333, 0.6604166666666667, 0.5895833333333333, 0.5548611111111111, 0.8454545454545455, 0.5916666666666667, 0.6602272727272728, 0.45416666666666666, 0.7398358585858585, 0.7950757575757574, 0.5458333333333333, 0.6047979797979798, 0.8140782828282828, 0.5548611111111111, 0.5104166666666666, 0.9418560606060605]
f1_score_list: [0.8892443119644514, 0.6800514555631476, 0.49175447146367196, 0.8150497884351291, 0.5833002340614022, 0.5645614798990773, 0.5638393974366017, 0.7646984472483954, 0.8175695869488974, 0.6066481693405457, 0.5084570375868067, 0.7010027762328132, 0.7837574098766975, 0.6904391780623731, 0.63665638590517, 0.5613659314901873, 0.521674670443635, 0.8353153064687147, 0.5386302998002583, 0.644578944912047, 0.41819680522890484, 0.7233151695415626, 0.7816023885164675, 0.5200961673386282, 0.5725260198062362, 0.7998002261829616, 0.521674670443635, 0.4857250112783223, 0.9392892747178385]
accuracy_intime_list: [0.8944444444444445, 0.7198412698412698, 0.6182539682539684, 0.8206349206349207, 0.7793650793650794, 0.7626984126984129, 0.676984126984127, 0.7976190476190476, 0.853968253968254, 0.7817460317460317, 0.6785714285714285, 0.7666666666666665, 0.9079365079365079, 0.8095238095238095, 0.8365079365079365, 0.7396825396825398, 0.7071428571428572, 0.8936507936507936, 0.7420634920634921, 0.7904761904761906, 0.607936507936508, 0.7706349206349207, 0.8412698412698413, 0.6261904761904763, 0.6642857142857143, 0.8944444444444443, 0.7071428571428572, 0.7214285714285713, 0.9507936507936507]
f1_score_intime_list: [0.8886816941228707, 0.6884989574695459, 0.5796074049789219, 0.8136174727119001, 0.7523938479820832, 0.7404553719414402, 0.6140304967936546, 0.7615788617414004, 0.841479664126723, 0.7517765507626188, 0.62664215901058, 0.7291656322693475, 0.9037318618200971, 0.7749036149036148, 0.818248680284284, 0.7129577620521894, 0.6869658217026637, 0.8841625144721121, 0.700531047899469, 0.7665728008375068, 0.5388192557929401, 0.7287071963697352, 0.834163259914034, 0.5928468177848983, 0.632532076626504, 0.8849337100807692, 0.6869658217026637, 0.6934103042926573, 0.9473915300385889]
**************************************************
ACC: 67.79±12.65
F1: 65.38±13.58
Intime: 77.11±8.96
F1 (Intime): 74.40±10.30
