1e-03
Subject Number: 1
Accuracy Cross: [0.4411764705882353, 0.38235294117647056, 0.4264705882352941, 0.6176470588235294, 0.5147058823529411, 0.3333333333333333, 0.30434782608695654, 0.4057971014492754, 0.42028985507246375, 0.463768115942029, 0.45588235294117646, 0.45588235294117646, 0.4852941176470588, 0.4411764705882353, 0.5147058823529411]
 mean: 0.44418868996874117, std: 0.07322332586277679
F1 Score: [0.4382002801120448, 0.38761904761904764, 0.4409937888198757, 0.6226190476190476, 0.5194739231691343, 0.30009264471338776, 0.29049346879535565, 0.3914835164835165, 0.35833333333333334, 0.42444552323584583, 0.4390380694509376, 0.44953703703703696, 0.4722103386809269, 0.4557692307692307, 0.4682983682983683]
 mean: 0.43057384120913933, std: 0.07935211975581546
Accuracy Intime: [0.75, 0.6071428571428571, 0.5, 0.5384615384615384, 0.5384615384615384, 0.5, 0.6071428571428571, 0.6428571428571429, 0.5, 0.5, 0.6071428571428571, 0.5, 0.42857142857142855, 0.46153846153846156, 0.5769230769230769]
 mean: 0.5505494505494506, std: 0.07936216769337279
F1 (Intime): [0.7484959893048129, 0.532695374800638, 0.4559643255295429, 0.5507867132867132, 0.5260052447552448, 0.5111111111111111, 0.6002331002331003, 0.6605042016806723, 0.4772175536881419, 0.45367132867132864, 0.6219155844155845, 0.4906204906204906, 0.43241758241758244, 0.40714285714285714, 0.553968253968254]
 mean: 0.5348499807750716, std: 0.08923640346084502
--------------------------------------------------
Subject Number: 2
Accuracy Cross: [0.2608695652173913, 0.3333333333333333, 0.3333333333333333, 0.2463768115942029, 0.2028985507246377, 0.2647058823529412, 0.20588235294117646, 0.25, 0.3382352941176471, 0.3235294117647059, 0.36231884057971014, 0.2753623188405797, 0.5362318840579711, 0.43478260869565216, 0.463768115942029]
 mean: 0.3221085535663541, std: 0.09260223527217923
F1 Score: [0.24875621890547264, 0.3307757885763001, 0.3607575757575757, 0.27481684981684984, 0.2410569105691057, 0.24196998123827393, 0.20489406864511994, 0.27727575230995205, 0.33750833484876036, 0.3077188940092166, 0.3066946640316206, 0.26746031746031745, 0.46776589423648246, 0.4394409413164102, 0.4741200128700129]
 mean: 0.3187341469727647, std: 0.08145124558398736
Accuracy Intime: [0.7142857142857143, 0.7142857142857143, 0.5714285714285714, 0.6538461538461539, 0.6153846153846154, 0.5357142857142857, 0.5, 0.42857142857142855, 0.42857142857142855, 0.3076923076923077, 0.6071428571428571, 0.6071428571428571, 0.39285714285714285, 0.5384615384615384, 0.34615384615384615]
 mean: 0.5307692307692308, std: 0.12322564274822378
F1 (Intime): [0.7176573426573427, 0.6990196078431373, 0.5855057932263815, 0.6609260304912479, 0.5359848484848485, 0.4793233082706766, 0.4821428571428571, 0.3461722488038278, 0.4007936507936508, 0.3066867772750126, 0.6030885780885781, 0.5827138547726782, 0.36799719887955185, 0.5232919254658385, 0.2803030303030303]
 mean: 0.5047738034999107, std: 0.13576183874041398
--------------------------------------------------
Subject Number: 3
Accuracy Cross: [0.36764705882352944, 0.39705882352941174, 0.20588235294117646, 0.3235294117647059, 0.3088235294117647, 0.3188405797101449, 0.2753623188405797, 0.3333333333333333, 0.42028985507246375, 0.2898550724637681, 0.3333333333333333, 0.36231884057971014, 0.2898550724637681, 0.3188405797101449, 0.37681159420289856]
 mean: 0.32811878374538217, std: 0.05139681498594762
F1 Score: [0.3644629907476869, 0.3929291474654378, 0.20830065359477123, 0.30995670995671, 0.30473137973137976, 0.3083297421532715, 0.27943639586771807, 0.296973581973582, 0.38925120772946864, 0.2828644501278772, 0.3357046850998464, 0.2877922944130571, 0.29289928143917954, 0.29334239130434786, 0.33902060293894865]
 mean: 0.31239970096955216, std: 0.04532646160340499
Accuracy Intime: [0.5357142857142857, 0.5714285714285714, 0.42857142857142855, 0.42857142857142855, 0.5384615384615384, 0.42857142857142855, 0.21428571428571427, 0.5, 0.46153846153846156, 0.46153846153846156, 0.5357142857142857, 0.42857142857142855, 0.5, 0.5, 0.5]
 mean: 0.46886446886446886, std: 0.0814822794179328
F1 (Intime): [0.5195804195804196, 0.48051948051948057, 0.402658371040724, 0.35160427807486627, 0.501984126984127, 0.3938254727728412, 0.2103174603174603, 0.4886339151045034, 0.3721804511278195, 0.4237373737373737, 0.5354166666666667, 0.3609625668449198, 0.4762896825396825, 0.4732456140350877, 0.47564935064935066]
 mean: 0.4311070153330215, std: 0.08205630136060303
--------------------------------------------------
Subject Number: 4
Accuracy Cross: [0.4492753623188406, 0.4492753623188406, 0.5507246376811594, 0.5362318840579711, 0.4927536231884058, 0.5072463768115942, 0.4782608695652174, 0.5507246376811594, 0.5797101449275363, 0.5072463768115942, 0.42028985507246375, 0.34782608695652173, 0.463768115942029, 0.4492753623188406, 0.463768115942029]
 mean: 0.48309178743961356, std: 0.0571601911410591
F1 Score: [0.4566975752035175, 0.4645655270655271, 0.5115845176329047, 0.5458120222185557, 0.4476839826839827, 0.486596570995548, 0.4744421906693712, 0.551266672088484, 0.5649377394636015, 0.5294138294138294, 0.3772872985847282, 0.32084235209235207, 0.45416541878806027, 0.45298089591567847, 0.41860800369046247]
 mean: 0.47045897310044027, std: 0.0641071324208202
Accuracy Intime: [0.5714285714285714, 0.6785714285714286, 0.6428571428571429, 0.42857142857142855, 0.4230769230769231, 0.5357142857142857, 0.5, 0.5714285714285714, 0.42857142857142855, 0.6538461538461539, 0.6071428571428571, 0.6428571428571429, 0.7142857142857143, 0.6785714285714286, 0.5384615384615384]
 mean: 0.5743589743589743, std: 0.0937371154272673
F1 (Intime): [0.5565826330532213, 0.6855311355311355, 0.6324123588829471, 0.35192307692307695, 0.40902777777777777, 0.5280075187969924, 0.5007326007326007, 0.5397727272727273, 0.4048936570675701, 0.6562499999999999, 0.6131944444444444, 0.6299679487179487, 0.6798444976076554, 0.6806663924310984, 0.542322383498854]
 mean: 0.56074194351587, std: 0.10402619016764453
--------------------------------------------------
Subject Number: 5
Accuracy Cross: [0.2647058823529412, 0.36764705882352944, 0.39705882352941174, 0.5, 0.4852941176470588, 0.5441176470588235, 0.5735294117647058, 0.4852941176470588, 0.5147058823529411, 0.5735294117647058, 0.4264705882352941, 0.35294117647058826, 0.38235294117647056, 0.39705882352941174, 0.4411764705882353]
 mean: 0.4470588235294118, std: 0.08554729160146461
F1 Score: [0.2387179275637324, 0.2740539030861612, 0.3584229390681003, 0.4926242886600943, 0.4366421568627451, 0.5224137931034483, 0.55906320861678, 0.4609834190966266, 0.49932121971595655, 0.5724686379928315, 0.40615280594996617, 0.327701259378278, 0.3723514211886305, 0.41718330024177097, 0.4513888888888889]
 mean: 0.42596594462760073, std: 0.0952163421934768
Accuracy Intime: [0.75, 0.7857142857142857, 0.7142857142857143, 0.6923076923076923, 0.5769230769230769, 0.6785714285714286, 0.5714285714285714, 0.6071428571428571, 0.6923076923076923, 0.5769230769230769, 0.6785714285714286, 0.7142857142857143, 0.5714285714285714, 0.5769230769230769, 0.5769230769230769]
 mean: 0.6509157509157508, std: 0.07184624759687475
F1 (Intime): [0.7506868131868132, 0.7886904761904763, 0.7202380952380952, 0.5673076923076923, 0.5788461538461539, 0.6577205882352941, 0.5528138528138529, 0.5934149184149184, 0.554367201426025, 0.5518207282913166, 0.6965811965811965, 0.7226190476190476, 0.5708333333333333, 0.45, 0.553409825468649]
 mean: 0.6206233281968575, std: 0.09230171974559327
--------------------------------------------------
Subject Number: 6
Accuracy Cross: [0.35294117647058826, 0.39705882352941174, 0.38235294117647056, 0.5147058823529411, 0.35294117647058826, 0.3333333333333333, 0.4057971014492754, 0.4057971014492754, 0.2898550724637681, 0.3188405797101449, 0.37681159420289856, 0.37681159420289856, 0.463768115942029, 0.4492753623188406, 0.4927536231884058]
 mean: 0.39420289855072466, std: 0.06153912862492811
F1 Score: [0.36183052090975787, 0.40064516129032257, 0.35434867361640815, 0.4729130931961121, 0.321040996040996, 0.32053757053757054, 0.37401452670539026, 0.3904970760233918, 0.23686371100164202, 0.266633064516129, 0.36139261196469435, 0.3719818256456187, 0.44809173669467783, 0.45012289177048903, 0.49827876657144954]
 mean: 0.3752794817656433, std: 0.07031597843038577
Accuracy Intime: [0.6071428571428571, 0.5357142857142857, 0.5357142857142857, 0.5357142857142857, 0.5, 0.7142857142857143, 0.7142857142857143, 0.5357142857142857, 0.5, 0.46153846153846156, 0.5, 0.5357142857142857, 0.5, 0.6923076923076923, 0.38461538461538464]
 mean: 0.5501831501831502, std: 0.09080888247502568
F1 (Intime): [0.6295371295371295, 0.4955128205128205, 0.4572463768115942, 0.5036027568922306, 0.4271739130434783, 0.6855263157894737, 0.7152930402930403, 0.5108225108225107, 0.47674825174825175, 0.4214285714285714, 0.4530469530469531, 0.5493898258604142, 0.45858585858585854, 0.6768315018315019, 0.3425559947299078]
 mean: 0.5202201213955824, std: 0.10577684390556867
--------------------------------------------------
Subject Number: 7
Accuracy Cross: [0.38235294117647056, 0.6029411764705882, 0.5147058823529411, 0.5, 0.6470588235294118, 0.4117647058823529, 0.4264705882352941, 0.5441176470588235, 0.39705882352941174, 0.6029411764705882, 0.45588235294117646, 0.47058823529411764, 0.4411764705882353, 0.47058823529411764, 0.5147058823529411]
 mean: 0.49215686274509807, std: 0.07704659884073921
F1 Score: [0.35219780219780217, 0.5709120069986149, 0.4994416873449132, 0.48464280817221994, 0.6265746753246754, 0.40911072362685263, 0.42633384786088924, 0.5482430721835014, 0.36431878306878307, 0.5571722302854378, 0.4556212462462462, 0.44859974540825603, 0.4149123224683028, 0.44693567082005214, 0.49216959511077163]
 mean: 0.47314574780782126, std: 0.0751600812363415
Accuracy Intime: [0.6071428571428571, 0.5, 0.5, 0.5, 0.5769230769230769, 0.7857142857142857, 0.6071428571428571, 0.8928571428571429, 0.5769230769230769, 0.7307692307692307, 0.7142857142857143, 0.6428571428571429, 0.5714285714285714, 0.6923076923076923, 0.5769230769230769]
 mean: 0.6316849816849817, std: 0.10900498230723427
F1 (Intime): [0.5873015873015872, 0.49122807017543857, 0.469327731092437, 0.4213877909530084, 0.564957264957265, 0.7848214285714286, 0.6096153846153846, 0.8847890671420082, 0.553409825468649, 0.6307692307692307, 0.6892857142857143, 0.6357683982683983, 0.5542557932263814, 0.6618675442204854, 0.5029761904761905]
 mean: 0.6027840681015737, std: 0.11694458921252719
--------------------------------------------------
Subject Number: 8
Accuracy Cross: [0.38235294117647056, 0.3235294117647059, 0.3382352941176471, 0.29411764705882354, 0.2647058823529412, 0.3382352941176471, 0.4117647058823529, 0.36764705882352944, 0.4264705882352941, 0.27941176470588236, 0.29411764705882354, 0.3088235294117647, 0.29411764705882354, 0.3235294117647059, 0.3382352941176471]
 mean: 0.3323529411764705, std: 0.045816946845285964
F1 Score: [0.382921589688507, 0.33582914784957585, 0.34818370035761337, 0.28219154625804244, 0.26018322762508805, 0.33832565284178184, 0.3858704793944491, 0.3830011743575573, 0.44396766030707124, 0.2642039407163004, 0.3055591761974741, 0.32594740129302335, 0.3055935701096991, 0.3203111404724308, 0.3536175710594315]
 mean: 0.3357137985685363, std: 0.048314561977975456
Accuracy Intime: [0.4642857142857143, 0.42857142857142855, 0.35714285714285715, 0.46153846153846156, 0.46153846153846156, 0.2857142857142857, 0.42857142857142855, 0.35714285714285715, 0.34615384615384615, 0.38461538461538464, 0.35714285714285715, 0.5357142857142857, 0.5357142857142857, 0.46153846153846156, 0.38461538461538464]
 mean: 0.4166666666666667, std: 0.06915708232313801
F1 (Intime): [0.46338383838383834, 0.40606060606060607, 0.3464285714285714, 0.3891547049441786, 0.44655344655344653, 0.20416666666666666, 0.4010695187165776, 0.35563456151691447, 0.2625418060200669, 0.37152777777777773, 0.2901785714285714, 0.5345765345765345, 0.5509803921568628, 0.4972013366750209, 0.3487633689839572]
 mean: 0.3912147801259727, std: 0.09420431561057328
--------------------------------------------------
Subject Number: 9
Accuracy Cross: [0.47058823529411764, 0.4411764705882353, 0.45588235294117646, 0.5441176470588235, 0.4411764705882353, 0.29411764705882354, 0.27941176470588236, 0.29411764705882354, 0.4852941176470588, 0.3382352941176471, 0.3088235294117647, 0.4411764705882353, 0.36764705882352944, 0.36764705882352944, 0.36764705882352944]
 mean: 0.3931372549019608, std: 0.07863942992217833
F1 Score: [0.4858452950558213, 0.4419781337401475, 0.48262986153981835, 0.5587791765014424, 0.4307115780227908, 0.2677536231884058, 0.2826186970923813, 0.2867575122292103, 0.5112058080808081, 0.33156862745098037, 0.31624377130868087, 0.43899691242788363, 0.3542134676036076, 0.35178762363004545, 0.37400042087542085]
 mean: 0.3943393672498297, std: 0.08809323159489904
Accuracy Intime: [0.42857142857142855, 0.39285714285714285, 0.5714285714285714, 0.38461538461538464, 0.34615384615384615, 0.6071428571428571, 0.6071428571428571, 0.5, 0.5769230769230769, 0.46153846153846156, 0.5357142857142857, 0.6785714285714286, 0.6428571428571429, 0.5384615384615384, 0.5384615384615384]
 mean: 0.5206959706959707, std: 0.096307395276814
F1 (Intime): [0.3855896425555868, 0.34196067090803933, 0.5946969696969697, 0.3519904931669638, 0.2857142857142857, 0.6019230769230769, 0.6216179653679653, 0.4494230769230769, 0.6000502765208647, 0.4467032967032967, 0.4971153846153846, 0.633169934640523, 0.6302447552447552, 0.5725559163059163, 0.45139860139860144]
 mean: 0.4976102897790204, std: 0.11480237123325279
--------------------------------------------------
Subject Number: 10
Accuracy Cross: [0.3235294117647059, 0.38235294117647056, 0.35294117647058826, 0.36764705882352944, 0.4264705882352941, 0.3382352941176471, 0.3235294117647059, 0.3382352941176471, 0.36764705882352944, 0.3235294117647059, 0.2753623188405797, 0.3188405797101449, 0.30434782608695654, 0.37681159420289856, 0.3188405797101449]
 mean: 0.34255470304063645, std: 0.03595269350095433
F1 Score: [0.3034198493210473, 0.3640747797094547, 0.3558716853015386, 0.3307894736842105, 0.43783557515209015, 0.3016267942583732, 0.3127845273006563, 0.33669441968506064, 0.3570423478960064, 0.3159900198323844, 0.23521739130434782, 0.30431212964946097, 0.24675324675324675, 0.379685633213859, 0.3097879966445512]
 mean: 0.32612572464708584, std: 0.048624778970071385
Accuracy Intime: [0.35714285714285715, 0.5357142857142857, 0.39285714285714285, 0.3076923076923077, 0.34615384615384615, 0.4642857142857143, 0.4642857142857143, 0.39285714285714285, 0.5, 0.38461538461538464, 0.39285714285714285, 0.32142857142857145, 0.4642857142857143, 0.38461538461538464, 0.5384615384615384]
 mean: 0.41648351648351656, std: 0.07116604333491065
F1 (Intime): [0.2790969899665552, 0.518073593073593, 0.3534080298786181, 0.2338235294117647, 0.33193277310924363, 0.45017237664296483, 0.4658119658119658, 0.39636752136752135, 0.49239357134093975, 0.4119047619047619, 0.3725250626566416, 0.3272186147186147, 0.4512462082121525, 0.3821178821178821, 0.49457671957671956]
 mean: 0.3973779733193293, std: 0.08014862814503143
--------------------------------------------------
Subject Number: 11
Accuracy Cross: [0.3333333333333333, 0.37681159420289856, 0.2463768115942029, 0.34782608695652173, 0.2318840579710145, 0.30434782608695654, 0.4057971014492754, 0.36231884057971014, 0.42028985507246375, 0.4927536231884058, 0.36231884057971014, 0.43478260869565216, 0.5507246376811594, 0.4057971014492754, 0.4927536231884058]
 mean: 0.38454106280193234, std: 0.08547312291631487
F1 Score: [0.32248780912574015, 0.31130328005328, 0.23851495726495728, 0.3165618448637316, 0.20976406533575317, 0.2261904761904762, 0.3195740049751244, 0.34913510986442264, 0.3764240145819093, 0.4268865121806298, 0.3268122859943229, 0.3994412058081462, 0.535225548576556, 0.31881815502505156, 0.43252465180675026]
 mean: 0.3406442614431235, std: 0.08249963051709899
Accuracy Intime: [0.5, 0.6071428571428571, 0.6071428571428571, 0.7142857142857143, 0.5384615384615384, 0.4642857142857143, 0.4642857142857143, 0.7142857142857143, 0.6071428571428571, 0.5384615384615384, 0.32142857142857145, 0.35714285714285715, 0.4642857142857143, 0.39285714285714285, 0.4230769230769231]
 mean: 0.5142857142857143, std: 0.11538112675695929
F1 (Intime): [0.4708216619981326, 0.58125, 0.5863025863025862, 0.709165963035932, 0.5261487050960735, 0.4381016042780749, 0.4372373949579832, 0.7035353535353535, 0.5817179144385027, 0.4605072463768116, 0.2511904761904762, 0.30833333333333335, 0.4585561497326204, 0.3767857142857143, 0.38376623376623376]
 mean: 0.48489468915518863, std: 0.12712180400175693
--------------------------------------------------
Subject Number: 12
Accuracy Cross: [0.45588235294117646, 0.5735294117647058, 0.39705882352941174, 0.4264705882352941, 0.5441176470588235, 0.4782608695652174, 0.5797101449275363, 0.4782608695652174, 0.4927536231884058, 0.4927536231884058, 0.45588235294117646, 0.35294117647058826, 0.5, 0.4264705882352941, 0.4264705882352941]
 mean: 0.47203751065643657, std: 0.06075303882815321
F1 Score: [0.4551193888215644, 0.5725174216027874, 0.4073111573111573, 0.4114635481330182, 0.5352586010480748, 0.47426352498508695, 0.5781838316722037, 0.46198668146503885, 0.5047435464672126, 0.47182783777984405, 0.4631016042780749, 0.3169675925925926, 0.5062873634302205, 0.4294370901513759, 0.3951070858965596]
 mean: 0.4655717517089874, std: 0.06687618894288203
Accuracy Intime: [0.5357142857142857, 0.75, 0.5, 0.5, 0.5384615384615384, 0.4642857142857143, 0.5714285714285714, 0.5714285714285714, 0.4230769230769231, 0.38461538461538464, 0.5357142857142857, 0.5714285714285714, 0.6071428571428571, 0.34615384615384615, 0.6923076923076923]
 mean: 0.5327838827838828, std: 0.10274611009269753
F1 (Intime): [0.5416666666666666, 0.7472285067873303, 0.4702380952380953, 0.4519230769230769, 0.5371275783040489, 0.4786096256684492, 0.5675133689839572, 0.5301136363636363, 0.44276556776556775, 0.36530136530136526, 0.5442307692307692, 0.5678571428571428, 0.5742424242424242, 0.25868983957219255, 0.6856060606060606]
 mean: 0.5175409149673856, std: 0.11399223336500404
--------------------------------------------------
Subject Number: 13
Accuracy Cross: [0.4264705882352941, 0.39705882352941174, 0.4852941176470588, 0.39705882352941174, 0.4117647058823529, 0.36231884057971014, 0.4492753623188406, 0.37681159420289856, 0.43478260869565216, 0.37681159420289856, 0.39705882352941174, 0.3235294117647059, 0.29411764705882354, 0.38235294117647056, 0.2647058823529412]
 mean: 0.38529411764705873, std: 0.05579970104905737
F1 Score: [0.4328949307397583, 0.37854016935885576, 0.4525641025641025, 0.38967208315034396, 0.43245744916003537, 0.37533429533429535, 0.449533462033462, 0.3761881646882309, 0.4514566960387394, 0.3947927551375827, 0.38720652856246074, 0.3408287452912199, 0.3112242472227801, 0.3970526755852843, 0.26590336134453785]
 mean: 0.3890433110807793, std: 0.051319595465018845
Accuracy Intime: [0.6071428571428571, 0.4642857142857143, 0.5714285714285714, 0.34615384615384615, 0.46153846153846156, 0.35714285714285715, 0.5357142857142857, 0.5357142857142857, 0.5, 0.46153846153846156, 0.5, 0.4642857142857143, 0.5357142857142857, 0.5769230769230769, 0.46153846153846156]
 mean: 0.49194139194139197, std: 0.0713754851099427
F1 (Intime): [0.6255417956656346, 0.4017857142857143, 0.5901116427432217, 0.3218839983545866, 0.46622474747474746, 0.35228539576365664, 0.5431627196333079, 0.4906204906204906, 0.48440170940170946, 0.4725274725274725, 0.4406354515050167, 0.45304487179487174, 0.5167124542124542, 0.5975961538461538, 0.44999999999999996]
 mean: 0.4804356411886026, std: 0.08304753963101612
--------------------------------------------------
Subject Number: 14
Accuracy Cross: [0.3088235294117647, 0.3235294117647059, 0.3382352941176471, 0.38235294117647056, 0.29411764705882354, 0.35294117647058826, 0.36764705882352944, 0.3235294117647059, 0.4411764705882353, 0.39705882352941174, 0.38235294117647056, 0.29411764705882354, 0.35294117647058826, 0.45588235294117646, 0.4264705882352941]
 mean: 0.3627450980392157, std: 0.04970114453190813
F1 Score: [0.33584482093374024, 0.30678136119312593, 0.33041282389108473, 0.4186507936507936, 0.2878902285551902, 0.37188261929641236, 0.3724364101743721, 0.35297697281586304, 0.4362403100775194, 0.40311004784689, 0.38857643370827954, 0.27417691543808725, 0.35324675324675325, 0.45334757834757833, 0.40940607012035585]
 mean: 0.36633200928640297, std: 0.05146404093812109
Accuracy Intime: [0.6071428571428571, 0.6428571428571429, 0.6428571428571429, 0.5384615384615384, 0.5769230769230769, 0.4642857142857143, 0.39285714285714285, 0.4642857142857143, 0.6538461538461539, 0.38461538461538464, 0.42857142857142855, 0.42857142857142855, 0.42857142857142855, 0.5384615384615384, 0.38461538461538464]
 mean: 0.5051282051282053, std: 0.09675046024931229
F1 (Intime): [0.6166666666666667, 0.6488903253609136, 0.6378205128205128, 0.500859993120055, 0.5639423076923077, 0.4736111111111111, 0.39567307692307696, 0.47376965140123034, 0.6800595238095238, 0.36596736596736595, 0.3738970588235294, 0.40555555555555556, 0.3584558823529412, 0.5581232492997199, 0.3452797202797203]
 mean: 0.493238133412282, std: 0.1134328757006278
--------------------------------------------------
Subject Number: 15
Accuracy Cross: [0.4117647058823529, 0.4117647058823529, 0.47058823529411764, 0.47058823529411764, 0.4264705882352941, 0.5294117647058824, 0.4411764705882353, 0.5147058823529411, 0.4264705882352941, 0.5588235294117647, 0.45588235294117646, 0.35294117647058826, 0.35294117647058826, 0.4264705882352941, 0.36764705882352944]
 mean: 0.4411764705882353, std: 0.05906811894663555
F1 Score: [0.42843889325990037, 0.4145299145299145, 0.49127680111722666, 0.4810423116615067, 0.4200942223385461, 0.5399106002554278, 0.37810769412041945, 0.5120320855614973, 0.42320298876032636, 0.5833757745522451, 0.407869122491764, 0.3401610644257703, 0.3161825017088175, 0.3933080808080808, 0.30059523809523814]
 mean: 0.4286751529124454, std: 0.07803998338790054
Accuracy Intime: [0.6785714285714286, 0.5, 0.7142857142857143, 0.7307692307692307, 0.4230769230769231, 0.5, 0.32142857142857145, 0.5357142857142857, 0.5, 0.46153846153846156, 0.6071428571428571, 0.5357142857142857, 0.5714285714285714, 0.6923076923076923, 0.6153846153846154]
 mean: 0.5591575091575092, std: 0.11173752363718685
F1 (Intime): [0.673015873015873, 0.4946338383838384, 0.7194368131868132, 0.761904761904762, 0.4253968253968254, 0.475, 0.2972222222222222, 0.5308441558441559, 0.5107997265892001, 0.47451923076923075, 0.6149122807017543, 0.5331694621168306, 0.582760989010989, 0.677056277056277, 0.5801169590643275]
 mean: 0.5567192943508732, std: 0.1173037474925992
--------------------------------------------------
Subject Number: 16
Accuracy Cross: [0.5147058823529411, 0.6764705882352942, 0.4117647058823529, 0.45588235294117646, 0.45588235294117646, 0.6323529411764706, 0.5147058823529411, 0.4852941176470588, 0.47058823529411764, 0.4264705882352941, 0.4264705882352941, 0.4852941176470588, 0.5147058823529411, 0.5735294117647058, 0.6176470588235294]
 mean: 0.5107843137254903, std: 0.07771733797100555
F1 Score: [0.4222515561799114, 0.6541199813258636, 0.3941267066267066, 0.46444444444444444, 0.36752021563342313, 0.6143576492413702, 0.4704140786749482, 0.4590822440087146, 0.43565551831680865, 0.4032594422258081, 0.4349395309208814, 0.40329159212880145, 0.4701913050177328, 0.5104770356418429, 0.5878431372549019]
 mean: 0.47279829584281063, std: 0.08171061823019148
Accuracy Intime: [0.6785714285714286, 0.6071428571428571, 0.6785714285714286, 0.8461538461538461, 0.6538461538461539, 0.6785714285714286, 0.5714285714285714, 0.6428571428571429, 0.7307692307692307, 0.6153846153846154, 0.5, 0.6428571428571429, 0.75, 0.6538461538461539, 0.5769230769230769]
 mean: 0.6551282051282051, std: 0.07926108524344078
F1 (Intime): [0.6850624865330748, 0.556234335839599, 0.6365079365079366, 0.8351190476190475, 0.5861985236985237, 0.6634898190045249, 0.5285714285714286, 0.627724358974359, 0.583584715937657, 0.5609848484848485, 0.4411401098901099, 0.6490842490842491, 0.7627176744823804, 0.6663533834586466, 0.49743589743589745]
 mean: 0.6186805877014856, std: 0.09711130705799342
--------------------------------------------------
Subject Number: 17
Accuracy Cross: [0.43478260869565216, 0.42028985507246375, 0.43478260869565216, 0.36231884057971014, 0.391304347826087, 0.2608695652173913, 0.3333333333333333, 0.34782608695652173, 0.4057971014492754, 0.4927536231884058, 0.5147058823529411, 0.4852941176470588, 0.45588235294117646, 0.38235294117647056, 0.3088235294117647]
 mean: 0.4020744529695937, std: 0.06909070516092149
F1 Score: [0.3848552754435107, 0.4073835209505941, 0.4174901185770751, 0.3811868686868687, 0.34632723112128144, 0.2047342995169082, 0.2826923076923077, 0.30192307692307696, 0.35558943089430894, 0.44128955930198166, 0.5031662489557226, 0.4613960113960114, 0.45776674306086074, 0.37262894288150045, 0.293492895133762]
 mean: 0.3741281687023848, std: 0.07694711866948747
Accuracy Intime: [0.35714285714285715, 0.4642857142857143, 0.39285714285714285, 0.5384615384615384, 0.38461538461538464, 0.6428571428571429, 0.6071428571428571, 0.6428571428571429, 0.6538461538461539, 0.6538461538461539, 0.5357142857142857, 0.5, 0.42857142857142855, 0.5357142857142857, 0.34615384615384615]
 mean: 0.5122710622710623, std: 0.10852108149329087
F1 (Intime): [0.3134575569358178, 0.4041666666666667, 0.3743131868131868, 0.49446509372979963, 0.39185814185814183, 0.6354166666666666, 0.5818293226381461, 0.5404411764705883, 0.6565826330532213, 0.6598214285714286, 0.49015151515151517, 0.46825396825396826, 0.43129370629370634, 0.5325757575757576, 0.2845238095238095]
 mean: 0.4839433753468281, std: 0.11479956202866161
--------------------------------------------------
Subject Number: 18
Accuracy Cross: [0.4927536231884058, 0.42028985507246375, 0.4057971014492754, 0.4057971014492754, 0.37681159420289856, 0.38235294117647056, 0.4117647058823529, 0.3235294117647059, 0.39705882352941174, 0.3088235294117647, 0.38235294117647056, 0.4117647058823529, 0.4117647058823529, 0.2647058823529412, 0.39705882352941174]
 mean: 0.386175049730037, std: 0.051816117353224014
F1 Score: [0.5000875350140056, 0.4201341647770219, 0.42541998231653405, 0.3770562770562771, 0.39285714285714285, 0.4050517598343685, 0.4260729012040244, 0.34732212304159416, 0.40891304347826085, 0.31912878787878785, 0.37073138297872343, 0.41295763399421936, 0.37492493919124353, 0.28321700308117964, 0.36334459459459456]
 mean: 0.38848128475319854, std: 0.049255365903230916
Accuracy Intime: [0.42857142857142855, 0.42857142857142855, 0.4642857142857143, 0.5, 0.38461538461538464, 0.5357142857142857, 0.5714285714285714, 0.35714285714285715, 0.4230769230769231, 0.34615384615384615, 0.5714285714285714, 0.39285714285714285, 0.5714285714285714, 0.46153846153846156, 0.5384615384615384]
 mean: 0.46501831501831503, std: 0.07635495770638145
F1 (Intime): [0.39692307692307693, 0.45132575757575755, 0.45444832944832947, 0.48902064119455424, 0.3611111111111111, 0.5246031746031746, 0.5838086749851455, 0.3307065217391304, 0.36875, 0.34885290148448045, 0.5464228753702438, 0.3333333333333333, 0.5863636363636364, 0.3828947368421053, 0.5219155844155845]
 mean: 0.4453653570259775, std: 0.08856352500334913
--------------------------------------------------
Subject Number: 19
Accuracy Cross: [0.27941176470588236, 0.3235294117647059, 0.29411764705882354, 0.3382352941176471, 0.36764705882352944, 0.27941176470588236, 0.38235294117647056, 0.2647058823529412, 0.29411764705882354, 0.3382352941176471, 0.20588235294117646, 0.1323529411764706, 0.35294117647058826, 0.27941176470588236, 0.3088235294117647]
 mean: 0.296078431372549, std: 0.06166347134712309
F1 Score: [0.2602165276583881, 0.27516335481561044, 0.2655988455988456, 0.2725051759834369, 0.34838350055741363, 0.23041064320134086, 0.32262697480088787, 0.2552915019762846, 0.258863287250384, 0.33812683573321867, 0.15898617511520735, 0.1412686948933225, 0.2958301550978896, 0.28541524265208473, 0.3025609756097561]
 mean: 0.2674165260629381, std: 0.0556005338032968
Accuracy Intime: [0.6071428571428571, 0.4642857142857143, 0.35714285714285715, 0.5384615384615384, 0.5384615384615384, 0.4642857142857143, 0.5, 0.4642857142857143, 0.4230769230769231, 0.4230769230769231, 0.5357142857142857, 0.4642857142857143, 0.5714285714285714, 0.46153846153846156, 0.6153846153846154]
 mean: 0.49523809523809526, std: 0.06957634162123491
F1 (Intime): [0.5576854066985646, 0.37470138557095084, 0.34239718614718617, 0.5152097902097902, 0.5016233766233766, 0.4395833333333333, 0.5125992063492064, 0.4633838383838384, 0.4254079254079254, 0.4051470588235294, 0.5220588235294117, 0.40079365079365076, 0.5352564102564102, 0.464164673046252, 0.6025917065390749]
 mean: 0.47084025144750014, std: 0.07044480327621862
--------------------------------------------------
Subject Number: 20
Accuracy Cross: [0.5294117647058824, 0.5588235294117647, 0.39705882352941174, 0.5588235294117647, 0.5735294117647058, 0.5, 0.3235294117647059, 0.4411764705882353, 0.4411764705882353, 0.4117647058823529, 0.37681159420289856, 0.43478260869565216, 0.37681159420289856, 0.463768115942029, 0.463768115942029]
 mean: 0.4567490764421711, std: 0.07248292488147455
F1 Score: [0.5275467775467776, 0.5748886716628652, 0.42335015527950315, 0.585555723346421, 0.5462872649059624, 0.5032478632478632, 0.3294926505452821, 0.46172248803827753, 0.4270407865561909, 0.4281192491718807, 0.3791871416871417, 0.4182167321085667, 0.37010328547913485, 0.4882477128782548, 0.4860840961098398]
 mean: 0.4632727065709308, std: 0.07348412748439466
Accuracy Intime: [0.5357142857142857, 0.5714285714285714, 0.5, 0.38461538461538464, 0.5, 0.6071428571428571, 0.6428571428571429, 0.5714285714285714, 0.6153846153846154, 0.46153846153846156, 0.6071428571428571, 0.5714285714285714, 0.6071428571428571, 0.46153846153846156, 0.38461538461538464]
 mean: 0.5347985347985348, std: 0.08006826643588685
F1 (Intime): [0.5265012765012765, 0.5761904761904761, 0.47657173744130266, 0.28146853146853146, 0.5, 0.6068181818181817, 0.6316017316017316, 0.5516666666666666, 0.5714285714285714, 0.4469635627530364, 0.6178571428571429, 0.5982905982905984, 0.6062271062271063, 0.4273809523809523, 0.37884615384615383]
 mean: 0.5198541792981152, std: 0.09763885193938117
--------------------------------------------------
Subject Number: 21
Accuracy Cross: [0.4117647058823529, 0.4411764705882353, 0.5, 0.38235294117647056, 0.35294117647058826, 0.36764705882352944, 0.5, 0.4264705882352941, 0.4852941176470588, 0.5147058823529411, 0.3235294117647059, 0.4117647058823529, 0.47058823529411764, 0.4117647058823529, 0.5735294117647058]
 mean: 0.4382352941176471, std: 0.06624723884912216
F1 Score: [0.38401216465732596, 0.4125957854406131, 0.4624884020232857, 0.37105817785330975, 0.3238095238095238, 0.35101206264999374, 0.4764136421167859, 0.41262368583797154, 0.459222150398621, 0.4813731568818778, 0.2641941391941392, 0.3854137518119367, 0.4220640330347105, 0.3815836940836941, 0.5560792655620241]
 mean: 0.4095962423570543, std: 0.06925804318600959
Accuracy Intime: [0.6428571428571429, 0.6428571428571429, 0.5, 0.4230769230769231, 0.5, 0.5714285714285714, 0.5714285714285714, 0.6071428571428571, 0.5769230769230769, 0.6153846153846154, 0.6071428571428571, 0.4642857142857143, 0.6071428571428571, 0.5, 0.5769230769230769]
 mean: 0.5604395604395604, std: 0.06481032615411336
F1 (Intime): [0.6339285714285714, 0.6434981684981684, 0.45753968253968247, 0.3472222222222222, 0.4738038277511961, 0.5692307692307692, 0.5669642857142857, 0.5568066801619433, 0.4678921568627451, 0.5844017094017093, 0.6062271062271063, 0.3591800356506239, 0.6000541125541126, 0.4488636363636363, 0.5514880952380953]
 mean: 0.5244734039896579, std: 0.09034174192142772
--------------------------------------------------
Subject Number: 22
Accuracy Cross: [0.3235294117647059, 0.3088235294117647, 0.39705882352941174, 0.38235294117647056, 0.4117647058823529, 0.30434782608695654, 0.2463768115942029, 0.34782608695652173, 0.4492753623188406, 0.30434782608695654, 0.4411764705882353, 0.3235294117647059, 0.39705882352941174, 0.35294117647058826, 0.4117647058823529]
 mean: 0.36014492753623184, std: 0.056419121306740656
F1 Score: [0.3351936351936352, 0.2875, 0.4073463573463573, 0.38632662835249043, 0.44783882783882784, 0.25361519607843136, 0.21096491228070174, 0.3490008443568815, 0.45017911010558065, 0.312709763539283, 0.42333134428400354, 0.36685394195021925, 0.4128604118993135, 0.36626016260162597, 0.4293627767032022]
 mean: 0.3626229275020369, std: 0.06934939799014113
Accuracy Intime: [0.42857142857142855, 0.39285714285714285, 0.4642857142857143, 0.5, 0.34615384615384615, 0.39285714285714285, 0.4642857142857143, 0.5, 0.5, 0.46153846153846156, 0.5, 0.6428571428571429, 0.39285714285714285, 0.5, 0.5384615384615384]
 mean: 0.46831501831501837, std: 0.07027002583807071
F1 (Intime): [0.3563688633348076, 0.2744360902255639, 0.42424242424242425, 0.4705357142857143, 0.3639186900056465, 0.40387426900584794, 0.475, 0.5075757575757576, 0.517130895420369, 0.46825396825396826, 0.4523391812865497, 0.658974358974359, 0.3729102167182662, 0.47230576441102756, 0.5457601222307105]
 mean: 0.45090842106473417, std: 0.08879403532276292
--------------------------------------------------
Subject Number: 23
Accuracy Cross: [0.3188405797101449, 0.5217391304347826, 0.30434782608695654, 0.463768115942029, 0.4782608695652174, 0.39705882352941174, 0.5, 0.5294117647058824, 0.5441176470588235, 0.4852941176470588, 0.37681159420289856, 0.463768115942029, 0.43478260869565216, 0.43478260869565216, 0.34782608695652173]
 mean: 0.4400539926115374, std: 0.07358885648575973
F1 Score: [0.3120588235294118, 0.5412062765609676, 0.28769122720735624, 0.44793906810035844, 0.5008310795582601, 0.33059707588009474, 0.5110519091138966, 0.5344452118645667, 0.5409827441077442, 0.4600348725348725, 0.35660774410774404, 0.4223692973692973, 0.4258190398762666, 0.4103238265002971, 0.32880747072476396]
 mean: 0.42738437780239313, std: 0.08502258655393359
Accuracy Intime: [0.4642857142857143, 0.6071428571428571, 0.5, 0.5769230769230769, 0.4230769230769231, 0.5357142857142857, 0.6071428571428571, 0.5714285714285714, 0.6428571428571429, 0.38461538461538464, 0.5714285714285714, 0.6428571428571429, 0.6428571428571429, 0.6538461538461539, 0.46153846153846156]
 mean: 0.5523809523809524, std: 0.0840944591568853
F1 (Intime): [0.49970760233918127, 0.6071549773755657, 0.459966120835686, 0.5511904761904762, 0.37, 0.540051247771836, 0.6186934389140272, 0.5472860472860472, 0.6587752525252525, 0.36760082023239915, 0.5856643356643356, 0.6153127917833799, 0.6413770053475936, 0.6303030303030304, 0.3899159663865546]
 mean: 0.5388666075303578, std: 0.09672429278620319
--------------------------------------------------
Subject Number: 24
Accuracy Cross: [0.3382352941176471, 0.36764705882352944, 0.3382352941176471, 0.22058823529411764, 0.3382352941176471, 0.27941176470588236, 0.4264705882352941, 0.36764705882352944, 0.38235294117647056, 0.5, 0.35294117647058826, 0.3382352941176471, 0.36764705882352944, 0.35294117647058826, 0.3382352941176471]
 mean: 0.3539215686274509, std: 0.059181914795241444
F1 Score: [0.33125, 0.3406728343145501, 0.3401359763838542, 0.1914523648394616, 0.32670654236449137, 0.2655041102514507, 0.41114625506072877, 0.33610327979051074, 0.3719114219114219, 0.49173173317910157, 0.3165849673202614, 0.30833333333333335, 0.34369372749099636, 0.3043722158059726, 0.33087626227372147]
 mean: 0.33403166828799047, std: 0.06291294035065156
Accuracy Intime: [0.42857142857142855, 0.5357142857142857, 0.6071428571428571, 0.46153846153846156, 0.4230769230769231, 0.35714285714285715, 0.39285714285714285, 0.35714285714285715, 0.5769230769230769, 0.4230769230769231, 0.42857142857142855, 0.5, 0.35714285714285715, 0.6923076923076923, 0.4230769230769231]
 mean: 0.4642857142857143, std: 0.09614599653987708
F1 (Intime): [0.3886904761904762, 0.5006313131313131, 0.6042735042735043, 0.3982793522267206, 0.3591269841269842, 0.30303030303030304, 0.3627039627039627, 0.31862745098039214, 0.5681372549019608, 0.4131313131313131, 0.3542483660130719, 0.40974967061923584, 0.35243983957219255, 0.6622315592903829, 0.4008467023172905]
 mean: 0.4264098701672736, std: 0.1040090051088994
--------------------------------------------------
Subject Number: 25
Accuracy Cross: [0.4927536231884058, 0.391304347826087, 0.463768115942029, 0.4057971014492754, 0.4492753623188406, 0.3088235294117647, 0.3382352941176471, 0.38235294117647056, 0.38235294117647056, 0.45588235294117646, 0.4117647058823529, 0.4264705882352941, 0.4411764705882353, 0.25, 0.3088235294117647]
 mean: 0.39391872691105434, std: 0.0652551986998895
F1 Score: [0.42964285714285716, 0.3471745645658689, 0.43763066202090595, 0.4042827657378741, 0.4408092966916497, 0.2521605513130937, 0.28593304843304845, 0.35917055328392533, 0.34372674109516216, 0.3790335213032581, 0.3844504830917874, 0.4050067147893235, 0.38491656193269097, 0.18769409937888198, 0.24434465393842067]
 mean: 0.3523984716479165, std: 0.07426003240968486
Accuracy Intime: [0.4642857142857143, 0.6785714285714286, 0.42857142857142855, 0.6538461538461539, 0.5384615384615384, 0.4642857142857143, 0.4642857142857143, 0.5714285714285714, 0.6923076923076923, 0.5769230769230769, 0.4642857142857143, 0.5357142857142857, 0.5357142857142857, 0.5, 0.4230769230769231]
 mean: 0.5327838827838828, std: 0.0846906726248699
F1 (Intime): [0.4053921568627451, 0.6855203619909502, 0.43606197723844786, 0.6235431235431235, 0.48878968253968247, 0.4587662337662338, 0.3931623931623932, 0.5581699346405229, 0.5684523809523809, 0.5255566801619433, 0.44824561403508767, 0.5270954535660418, 0.4991421568627451, 0.48263888888888884, 0.3680555555555556]
 mean: 0.4979061729177828, std: 0.08396054799622703
--------------------------------------------------
Subject Number: 26
Accuracy Cross: [0.5072463768115942, 0.36231884057971014, 0.36231884057971014, 0.3188405797101449, 0.463768115942029, 0.23529411764705882, 0.4264705882352941, 0.25, 0.3382352941176471, 0.36764705882352944, 0.5147058823529411, 0.5441176470588235, 0.4852941176470588, 0.5441176470588235, 0.47058823529411764]
 mean: 0.4127308894572322, std: 0.09822048141009071
F1 Score: [0.5175585284280937, 0.3827673284569837, 0.3741479309221245, 0.32318063841979305, 0.47286738351254476, 0.2693123643137945, 0.4468864468864469, 0.24365079365079365, 0.3364070522500755, 0.3436122017517367, 0.5171955624355006, 0.5582149557759314, 0.4961849990269566, 0.5608178053830227, 0.5020026987186011]
 mean: 0.42298711266216, std: 0.10109455081163393
Accuracy Intime: [0.5714285714285714, 0.5, 0.5, 0.5384615384615384, 0.5, 0.32142857142857145, 0.6785714285714286, 0.6428571428571429, 0.5384615384615384, 0.38461538461538464, 0.4642857142857143, 0.39285714285714285, 0.5, 0.6153846153846154, 0.4230769230769231]
 mean: 0.5047619047619049, std: 0.09563947541051952
F1 (Intime): [0.5422979797979798, 0.4807692307692307, 0.49255952380952384, 0.5150793650793651, 0.5075757575757576, 0.29365079365079366, 0.6811348781937017, 0.5994397759103641, 0.5119360902255639, 0.38257575757575757, 0.4547511312217195, 0.38400488400488403, 0.5229166666666667, 0.5674603174603174, 0.40404040404040403]
 mean: 0.489346170398802, std: 0.09302049614782422
--------------------------------------------------
Subject Number: 27
Accuracy Cross: [0.43478260869565216, 0.42028985507246375, 0.43478260869565216, 0.36231884057971014, 0.391304347826087, 0.2608695652173913, 0.3333333333333333, 0.34782608695652173, 0.4057971014492754, 0.4927536231884058, 0.5147058823529411, 0.4852941176470588, 0.45588235294117646, 0.38235294117647056, 0.3088235294117647]
 mean: 0.4020744529695937, std: 0.06909070516092149
F1 Score: [0.3848552754435107, 0.4073835209505941, 0.4174901185770751, 0.3811868686868687, 0.34632723112128144, 0.2047342995169082, 0.2826923076923077, 0.30192307692307696, 0.35558943089430894, 0.44128955930198166, 0.5031662489557226, 0.4613960113960114, 0.45776674306086074, 0.37262894288150045, 0.293492895133762]
 mean: 0.3741281687023848, std: 0.07694711866948747
Accuracy Intime: [0.35714285714285715, 0.4642857142857143, 0.39285714285714285, 0.5384615384615384, 0.38461538461538464, 0.6428571428571429, 0.6071428571428571, 0.6428571428571429, 0.6538461538461539, 0.6538461538461539, 0.5357142857142857, 0.5, 0.42857142857142855, 0.5357142857142857, 0.34615384615384615]
 mean: 0.5122710622710623, std: 0.10852108149329087
F1 (Intime): [0.3134575569358178, 0.4041666666666667, 0.3743131868131868, 0.49446509372979963, 0.39185814185814183, 0.6354166666666666, 0.5818293226381461, 0.5404411764705883, 0.6565826330532213, 0.6598214285714286, 0.49015151515151517, 0.46825396825396826, 0.43129370629370634, 0.5325757575757576, 0.2845238095238095]
 mean: 0.4839433753468281, std: 0.11479956202866161
--------------------------------------------------
Subject Number: 28
Accuracy Cross: [0.3235294117647059, 0.29411764705882354, 0.3235294117647059, 0.3382352941176471, 0.27941176470588236, 0.22058823529411764, 0.29411764705882354, 0.22058823529411764, 0.25, 0.3235294117647059, 0.47058823529411764, 0.4264705882352941, 0.36764705882352944, 0.39705882352941174, 0.47058823529411764]
 mean: 0.33333333333333337, std: 0.07756878605824502
F1 Score: [0.32054630152456237, 0.30741109530583216, 0.31875000000000003, 0.3007017543859649, 0.268508064516129, 0.21580396054744244, 0.2583870967741935, 0.21474358974358973, 0.2485294117647059, 0.25925057021831216, 0.43293538124722064, 0.37667582875229055, 0.33898277341475097, 0.3813822136992869, 0.42497001049632627]
 mean: 0.31117187015937386, std: 0.06716096805794025
Accuracy Intime: [0.39285714285714285, 0.5357142857142857, 0.39285714285714285, 0.6923076923076923, 0.34615384615384615, 0.39285714285714285, 0.5357142857142857, 0.35714285714285715, 0.5769230769230769, 0.5, 0.42857142857142855, 0.42857142857142855, 0.4642857142857143, 0.5, 0.46153846153846156]
 mean: 0.4670329670329671, std: 0.08967441454460802
F1 (Intime): [0.3412698412698413, 0.5328947368421053, 0.37107512370670265, 0.5621323529411765, 0.3269230769230769, 0.37689777327935226, 0.5392816742081448, 0.34018493761140817, 0.5678571428571428, 0.4625, 0.40043290043290036, 0.39145658263305316, 0.47240896358543416, 0.4946053946053946, 0.45169172932330826]
 mean: 0.4421074820146027, std: 0.08144940668158786
--------------------------------------------------
Subject Number: 29
Accuracy Cross: [0.5147058823529411, 0.5294117647058824, 0.5588235294117647, 0.47058823529411764, 0.6323529411764706, 0.4852941176470588, 0.5441176470588235, 0.4117647058823529, 0.6176470588235294, 0.5588235294117647, 0.5942028985507246, 0.5942028985507246, 0.4782608695652174, 0.5217391304347826, 0.6231884057971014]
 mean: 0.5423415743108837, std: 0.061725095788466244
F1 Score: [0.5307398932112891, 0.5520833333333334, 0.5614035087719298, 0.4571356087660754, 0.6178720868161862, 0.48556618819776715, 0.49666746487867175, 0.4008917454927642, 0.6334851875532822, 0.5495600414078675, 0.5854779411764706, 0.6158597397887484, 0.4944164045546534, 0.529602255316541, 0.6272060398372242]
 mean: 0.5425311626068535, std: 0.06540177251281239
Accuracy Intime: [0.5714285714285714, 0.6785714285714286, 0.7142857142857143, 0.6153846153846154, 0.7307692307692307, 0.5714285714285714, 0.5714285714285714, 0.6785714285714286, 0.6153846153846154, 0.46153846153846156, 0.5357142857142857, 0.6428571428571429, 0.6071428571428571, 0.6153846153846154, 0.6538461538461539]
 mean: 0.6175824175824175, std: 0.06788327565485934
F1 (Intime): [0.5549783549783549, 0.6578947368421053, 0.7276785714285714, 0.641660970608339, 0.7247086247086247, 0.5430830039525691, 0.5422979797979798, 0.6696338383838384, 0.6637254901960784, 0.457516339869281, 0.5595238095238095, 0.6367521367521367, 0.5987633689839573, 0.6297562087035772, 0.6367521367521367]
 mean: 0.6163150380987573, std: 0.07117252749487982
--------------------------------------------------
**************************************************
accuracy_cross_list: [0.44418868996874117, 0.3221085535663541, 0.32811878374538217, 0.48309178743961356, 0.4470588235294118, 0.39420289855072466, 0.49215686274509807, 0.3323529411764705, 0.3931372549019608, 0.34255470304063645, 0.38454106280193234, 0.47203751065643657, 0.38529411764705873, 0.3627450980392157, 0.4411764705882353, 0.5107843137254903, 0.4020744529695937, 0.386175049730037, 0.296078431372549, 0.4567490764421711, 0.4382352941176471, 0.36014492753623184, 0.4400539926115374, 0.3539215686274509, 0.39391872691105434, 0.4127308894572322, 0.4020744529695937, 0.33333333333333337, 0.5423415743108837]
f1_score_list: [0.43057384120913933, 0.3187341469727647, 0.31239970096955216, 0.47045897310044027, 0.42596594462760073, 0.3752794817656433, 0.47314574780782126, 0.3357137985685363, 0.3943393672498297, 0.32612572464708584, 0.3406442614431235, 0.4655717517089874, 0.3890433110807793, 0.36633200928640297, 0.4286751529124454, 0.47279829584281063, 0.3741281687023848, 0.38848128475319854, 0.2674165260629381, 0.4632727065709308, 0.4095962423570543, 0.3626229275020369, 0.42738437780239313, 0.33403166828799047, 0.3523984716479165, 0.42298711266216, 0.3741281687023848, 0.31117187015937386, 0.5425311626068535]
accuracy_intime_list: [0.5505494505494506, 0.5307692307692308, 0.46886446886446886, 0.5743589743589743, 0.6509157509157508, 0.5501831501831502, 0.6316849816849817, 0.4166666666666667, 0.5206959706959707, 0.41648351648351656, 0.5142857142857143, 0.5327838827838828, 0.49194139194139197, 0.5051282051282053, 0.5591575091575092, 0.6551282051282051, 0.5122710622710623, 0.46501831501831503, 0.49523809523809526, 0.5347985347985348, 0.5604395604395604, 0.46831501831501837, 0.5523809523809524, 0.4642857142857143, 0.5327838827838828, 0.5047619047619049, 0.5122710622710623, 0.4670329670329671, 0.6175824175824175]
f1_score_intime_list: [0.5348499807750716, 0.5047738034999107, 0.4311070153330215, 0.56074194351587, 0.6206233281968575, 0.5202201213955824, 0.6027840681015737, 0.3912147801259727, 0.4976102897790204, 0.3973779733193293, 0.48489468915518863, 0.5175409149673856, 0.4804356411886026, 0.493238133412282, 0.5567192943508732, 0.6186805877014856, 0.4839433753468281, 0.4453653570259775, 0.47084025144750014, 0.5198541792981152, 0.5244734039896579, 0.45090842106473417, 0.5388666075303578, 0.4264098701672736, 0.4979061729177828, 0.489346170398802, 0.4839433753468281, 0.4421074820146027, 0.6163150380987573]
**************************************************
ACC: 40.53±6.01
F1: 39.16±6.17
Intime: 52.61±5.98
F1 (Intime): 50.36±6.08
