1e-03
Subject Number: 1
Accuracy Cross: [0.29523809523809524, 0.3, 0.30952380952380953, 0.29523809523809524, 0.26666666666666666, 0.28095238095238095, 0.29523809523809524, 0.319047619047619, 0.3238095238095238, 0.28095238095238095, 0.30952380952380953, 0.28095238095238095, 0.24761904761904763, 0.2857142857142857, 0.2619047619047619]
 mean: 0.29015873015873017, std: 0.020534554449265052
F1 Score: [0.23862201733189375, 0.23922006742807125, 0.24576280969595876, 0.23894904219563196, 0.2372745063970819, 0.28240073032749835, 0.2888685388685389, 0.32327720783802855, 0.3221929046563193, 0.2871388236822311, 0.3198023571077711, 0.2756022418205129, 0.23858399364274097, 0.28279548208420174, 0.25163741302972803]
 mean: 0.2714752090737472, std: 0.03150400328950108
Accuracy Intime: [0.4166666666666667, 0.4166666666666667, 0.36904761904761907, 0.35714285714285715, 0.4523809523809524, 0.34523809523809523, 0.3333333333333333, 0.40476190476190477, 0.30952380952380953, 0.39285714285714285, 0.32142857142857145, 0.39285714285714285, 0.40476190476190477, 0.34523809523809523, 0.36904761904761907]
 mean: 0.37539682539682545, std: 0.0390908265270627
F1 (Intime): [0.3950212690981399, 0.37454531902206323, 0.3674434760641657, 0.33412928534879754, 0.4191622568860421, 0.3062800573545846, 0.2984126984126984, 0.39806067588325655, 0.310050924685071, 0.36967750257997933, 0.2948181987452675, 0.3795711875971343, 0.369433465085639, 0.32793949029243147, 0.35360880557062957]
 mean: 0.3532103075083934, std: 0.037838999529263444
--------------------------------------------------
Subject Number: 2
Accuracy Cross: [0.34285714285714286, 0.34285714285714286, 0.3523809523809524, 0.319047619047619, 0.3476190476190476, 0.3238095238095238, 0.3333333333333333, 0.3333333333333333, 0.3476190476190476, 0.319047619047619, 0.3047619047619048, 0.2761904761904762, 0.2857142857142857, 0.26666666666666666, 0.2857142857142857]
 mean: 0.3187301587301587, std: 0.02746352857635831
F1 Score: [0.2933176816955594, 0.3019585012688461, 0.31897054736824765, 0.2544307390348635, 0.2919231755333761, 0.3035501977726391, 0.3437111167392858, 0.33122791396321405, 0.34531042172172666, 0.3346448609262499, 0.31035346876810294, 0.2766941579504386, 0.3018844401822105, 0.27710893863164265, 0.2905423741559199]
 mean: 0.3050419023808215, std: 0.025282346600427722
Accuracy Intime: [0.5238095238095238, 0.36904761904761907, 0.36904761904761907, 0.34523809523809523, 0.35714285714285715, 0.36904761904761907, 0.2619047619047619, 0.35714285714285715, 0.38095238095238093, 0.36904761904761907, 0.39285714285714285, 0.35714285714285715, 0.35714285714285715, 0.44047619047619047, 0.39285714285714285]
 mean: 0.37619047619047624, std: 0.05302632726504783
F1 (Intime): [0.5182284382284383, 0.3796093480239821, 0.3846709612226854, 0.3456796536796537, 0.3116544749407394, 0.3717876321137191, 0.25710127591706533, 0.3444075069382017, 0.37310762800417974, 0.37237420559621703, 0.36110135841170327, 0.3216445182724253, 0.36337322807911043, 0.4218500497232007, 0.38012388695315524]
 mean: 0.3671142777402985, std: 0.054663745411007124
--------------------------------------------------
Subject Number: 3
Accuracy Cross: [0.2523809523809524, 0.2571428571428571, 0.23333333333333334, 0.28095238095238095, 0.23333333333333334, 0.22857142857142856, 0.21428571428571427, 0.319047619047619, 0.2904761904761905, 0.2857142857142857, 0.2523809523809524, 0.2523809523809524, 0.2523809523809524, 0.2714285714285714, 0.23333333333333334]
 mean: 0.2571428571428571, std: 0.027049407497321647
F1 Score: [0.18987493987493986, 0.19804904228220582, 0.16946186835726273, 0.25304939086434014, 0.13401311249137335, 0.23400944956295772, 0.22224463101087225, 0.3243948006064513, 0.2839471889895395, 0.2811842281061624, 0.20542132498580273, 0.24652731474438383, 0.23942779854416685, 0.2623490909971779, 0.21944318868075988]
 mean: 0.23089315800655974, std: 0.04666856294881917
Accuracy Intime: [0.32142857142857145, 0.32142857142857145, 0.35714285714285715, 0.36904761904761907, 0.2857142857142857, 0.36904761904761907, 0.2976190476190476, 0.30952380952380953, 0.32142857142857145, 0.36904761904761907, 0.32142857142857145, 0.39285714285714285, 0.35714285714285715, 0.42857142857142855, 0.3333333333333333]
 mean: 0.34365079365079365, std: 0.03710688802400305
F1 (Intime): [0.2730720479359318, 0.30969313457444925, 0.3515592684805089, 0.3498406259055346, 0.22402280646183087, 0.34635916409172224, 0.2747186147186147, 0.3010141157199981, 0.28534439416792357, 0.31752136752136756, 0.31755393393802994, 0.3601611295681063, 0.34484600879949723, 0.4163780474559389, 0.3242245989304812]
 mean: 0.319753950551329, std: 0.04416729930994709
--------------------------------------------------
Subject Number: 4
Accuracy Cross: [0.2761904761904762, 0.24761904761904763, 0.2523809523809524, 0.3238095238095238, 0.29523809523809524, 0.26666666666666666, 0.2523809523809524, 0.24761904761904763, 0.2761904761904762, 0.24285714285714285, 0.32857142857142857, 0.3952380952380952, 0.3619047619047619, 0.3238095238095238, 0.2904761904761905]
 mean: 0.2920634920634921, std: 0.044387718901935116
F1 Score: [0.2724727386638261, 0.2513345486342685, 0.25323447006476457, 0.3227669724011254, 0.2904029847870321, 0.25539103910827865, 0.2447991973760316, 0.24648693028003374, 0.27338728338913004, 0.22080584047842647, 0.3262402264090028, 0.36727744498190085, 0.33254771737909655, 0.3175980792504002, 0.28570302646252016]
 mean: 0.28402989997772254, std: 0.03980520019142154
Accuracy Intime: [0.35714285714285715, 0.35714285714285715, 0.2976190476190476, 0.47619047619047616, 0.36904761904761907, 0.2976190476190476, 0.30952380952380953, 0.39285714285714285, 0.39285714285714285, 0.35714285714285715, 0.2976190476190476, 0.2976190476190476, 0.40476190476190477, 0.36904761904761907, 0.36904761904761907]
 mean: 0.3563492063492063, std: 0.048885281252172993
F1 (Intime): [0.3338028843099837, 0.3438536041375798, 0.290888233717502, 0.4297652196718321, 0.37941696700317384, 0.26765588471766966, 0.2917894949267884, 0.37883030852994554, 0.38895896625034787, 0.34343912123583453, 0.288503112282794, 0.2620182506714712, 0.4066342325508948, 0.366003366003366, 0.3493583075962939]
 mean: 0.3413945302403652, std: 0.04997267421229567
--------------------------------------------------
Subject Number: 5
Accuracy Cross: [0.3047619047619048, 0.34285714285714286, 0.35714285714285715, 0.3476190476190476, 0.35714285714285715, 0.30952380952380953, 0.3, 0.36666666666666664, 0.30952380952380953, 0.3, 0.32857142857142857, 0.319047619047619, 0.26666666666666666, 0.24761904761904763, 0.2904761904761905]
 mean: 0.3165079365079365, std: 0.03298533386123311
F1 Score: [0.246238963421626, 0.29807373227651063, 0.2975419792863804, 0.27974515733947114, 0.28772953625894804, 0.3139229715001025, 0.31279452768478233, 0.3685358356531411, 0.3170329923124954, 0.3129145250333143, 0.3434567785924439, 0.3274090067344698, 0.2771087020852344, 0.24425314830869968, 0.29440218962277787]
 mean: 0.30141066974069314, std: 0.031880397194566645
Accuracy Intime: [0.40476190476190477, 0.42857142857142855, 0.40476190476190477, 0.39285714285714285, 0.4880952380952381, 0.4523809523809524, 0.4166666666666667, 0.36904761904761907, 0.32142857142857145, 0.3333333333333333, 0.38095238095238093, 0.4642857142857143, 0.44047619047619047, 0.35714285714285715, 0.4166666666666667]
 mean: 0.40476190476190477, std: 0.0455917670360161
F1 (Intime): [0.3962548262548262, 0.41191950224208285, 0.39434343434343433, 0.4010522150057034, 0.47939560439560436, 0.4466558284133367, 0.41460547371837697, 0.30961897100230373, 0.3103755125238501, 0.3201098901098901, 0.36495298127176684, 0.46251333980111564, 0.44484717540978885, 0.3547218794277618, 0.3712475633528265]
 mean: 0.3921742798181779, std: 0.05200789968196838
--------------------------------------------------
Subject Number: 6
Accuracy Cross: [0.24761904761904763, 0.24285714285714285, 0.19047619047619047, 0.23809523809523808, 0.29523809523809524, 0.2714285714285714, 0.28095238095238095, 0.2761904761904762, 0.21904761904761905, 0.2904761904761905, 0.2761904761904762, 0.24285714285714285, 0.3047619047619048, 0.28095238095238095, 0.29523809523809524]
 mean: 0.26349206349206344, std: 0.031088427104368495
F1 Score: [0.23940006590306231, 0.23779202431581478, 0.18575773476523003, 0.23249936177558156, 0.2916169868137867, 0.26002886002886, 0.27375805387819346, 0.2717161920925711, 0.20982419163365612, 0.28325087841843544, 0.2692206627223047, 0.2425636866137948, 0.30676045253320217, 0.2698134419733298, 0.2837118964792989]
 mean: 0.25718096599647483, std: 0.031289074191998945
Accuracy Intime: [0.27380952380952384, 0.30952380952380953, 0.2619047619047619, 0.35714285714285715, 0.2857142857142857, 0.25, 0.25, 0.27380952380952384, 0.2261904761904762, 0.2619047619047619, 0.2857142857142857, 0.38095238095238093, 0.2857142857142857, 0.32142857142857145, 0.2976190476190476]
 mean: 0.28809523809523807, std: 0.03965078094221205
F1 (Intime): [0.26747416207862457, 0.3062546648753545, 0.25345280345280347, 0.3355901042107939, 0.2601475596393926, 0.23857184311356677, 0.2140220565562025, 0.24669320359722838, 0.21482542819499342, 0.24602422337980742, 0.2791004784688995, 0.3825761475761476, 0.284940810475958, 0.24486215538847117, 0.2748336495888678]
 mean: 0.26995795270647416, std: 0.043136948007828586
--------------------------------------------------
Subject Number: 7
Accuracy Cross: [0.21904761904761905, 0.2571428571428571, 0.22380952380952382, 0.23809523809523808, 0.22857142857142856, 0.20476190476190476, 0.2857142857142857, 0.22857142857142856, 0.24761904761904763, 0.20952380952380953, 0.21428571428571427, 0.19523809523809524, 0.18095238095238095, 0.2, 0.20952380952380953]
 mean: 0.2228571428571429, std: 0.025625950565854684
F1 Score: [0.2063838207410174, 0.2434609365595281, 0.20757649646042728, 0.22398952229266858, 0.20440676798035753, 0.19841032759267435, 0.2907844218549394, 0.2264731365761114, 0.24664763577807056, 0.20630154791445116, 0.21346785866326096, 0.19176117633421935, 0.16889730721066892, 0.1908776061437078, 0.20545323916137823]
 mean: 0.2149927867508987, std: 0.027929247460930798
Accuracy Intime: [0.30952380952380953, 0.30952380952380953, 0.2619047619047619, 0.32142857142857145, 0.2619047619047619, 0.27380952380952384, 0.2857142857142857, 0.25, 0.30952380952380953, 0.25, 0.27380952380952384, 0.27380952380952384, 0.23809523809523808, 0.27380952380952384, 0.2857142857142857]
 mean: 0.2785714285714286, std: 0.0241248954818582
F1 (Intime): [0.31107142857142855, 0.3068532889874353, 0.24088478001853403, 0.31483137878486717, 0.2597483675744545, 0.26251278583935783, 0.26945143745143746, 0.19382950312741584, 0.30016841040096853, 0.21025684873620926, 0.2517081413210445, 0.2485174825174825, 0.20016038805269254, 0.26814239990958083, 0.24050460599659687]
 mean: 0.2585760831526337, std: 0.0373584934842301
--------------------------------------------------
Subject Number: 8
Accuracy Cross: [0.3380952380952381, 0.38571428571428573, 0.32857142857142857, 0.3523809523809524, 0.3476190476190476, 0.3380952380952381, 0.3, 0.3523809523809524, 0.36666666666666664, 0.319047619047619, 0.3619047619047619, 0.2571428571428571, 0.3047619047619048, 0.29523809523809524, 0.3333333333333333]
 mean: 0.332063492063492, std: 0.03165701806302962
F1 Score: [0.3233554151768806, 0.3563085559427023, 0.31450064555327717, 0.3398911974428326, 0.32969585609168783, 0.35557045795686076, 0.3190868520922483, 0.3640258195446563, 0.36818577563234867, 0.3315187335786587, 0.3577764376544864, 0.2721629276685858, 0.30830226028969154, 0.3051565363661469, 0.33190918901834876]
 mean: 0.33182977733396085, std: 0.02532940474642733
Accuracy Intime: [0.36904761904761907, 0.40476190476190477, 0.35714285714285715, 0.35714285714285715, 0.38095238095238093, 0.4166666666666667, 0.36904761904761907, 0.39285714285714285, 0.3333333333333333, 0.34523809523809523, 0.36904761904761907, 0.4642857142857143, 0.36904761904761907, 0.39285714285714285, 0.4523809523809524]
 mean: 0.384920634920635, std: 0.03575835024148829
F1 (Intime): [0.3567693744164332, 0.39664889961986294, 0.37821645899739204, 0.3429791163011702, 0.37645422296585085, 0.393265639589169, 0.35498031159048105, 0.37004936256000087, 0.2962769423558897, 0.3511331197538094, 0.3463176703453367, 0.4332250233426704, 0.3629431284266174, 0.3776853200194162, 0.47039822922175867]
 mean: 0.37382285463372383, std: 0.0389958558274725
--------------------------------------------------
Subject Number: 9
Accuracy Cross: [0.30952380952380953, 0.2523809523809524, 0.2904761904761905, 0.26666666666666666, 0.2857142857142857, 0.3333333333333333, 0.3142857142857143, 0.24761904761904763, 0.3238095238095238, 0.2761904761904762, 0.23333333333333334, 0.319047619047619, 0.2761904761904762, 0.2714285714285714, 0.2761904761904762]
 mean: 0.2850793650793651, std: 0.028722703584171484
F1 Score: [0.28293370012581837, 0.23411358239527252, 0.2671929856027388, 0.2397878107750199, 0.2556704085887248, 0.3347777108275916, 0.3126256951409576, 0.23834467120181407, 0.3258882324146488, 0.2676946978044212, 0.2469987228607918, 0.3226349791504695, 0.27957972935510894, 0.28643389364199506, 0.26692029417610813]
 mean: 0.2774398076040987, std: 0.03221350269526031
Accuracy Intime: [0.38095238095238093, 0.4166666666666667, 0.44047619047619047, 0.2976190476190476, 0.40476190476190477, 0.34523809523809523, 0.34523809523809523, 0.2857142857142857, 0.39285714285714285, 0.36904761904761907, 0.3333333333333333, 0.4166666666666667, 0.2976190476190476, 0.44047619047619047, 0.39285714285714285]
 mean: 0.3706349206349207, std: 0.04953805248992773
F1 (Intime): [0.3619432681529456, 0.36026393307411336, 0.4323378997088376, 0.27695411249826896, 0.38510611982387577, 0.33971703452178836, 0.3296952805648458, 0.2751703772496199, 0.40546893220056635, 0.3444928376148061, 0.2837895585158556, 0.4101086430276486, 0.2511410887962612, 0.4169998001823337, 0.37381045381045386]
 mean: 0.3497999559828147, std: 0.05516372738594786
--------------------------------------------------
Subject Number: 10
Accuracy Cross: [0.29523809523809524, 0.28095238095238095, 0.3047619047619048, 0.2571428571428571, 0.26666666666666666, 0.2857142857142857, 0.2619047619047619, 0.26666666666666666, 0.22857142857142856, 0.2619047619047619, 0.2571428571428571, 0.30952380952380953, 0.3380952380952381, 0.20952380952380953, 0.3]
 mean: 0.27492063492063495, std: 0.03141734607933462
F1 Score: [0.281734906375215, 0.2707079195314489, 0.2864345417699869, 0.2515725330210038, 0.2545126335807878, 0.2814039536064715, 0.2624450389912062, 0.256944163944164, 0.21440787509863482, 0.24507854777674437, 0.25326464676834637, 0.3094398651303757, 0.3336440201211549, 0.2069866627349896, 0.2922886803938035]
 mean: 0.2667243992562888, std: 0.03188472761840454
Accuracy Intime: [0.38095238095238093, 0.30952380952380953, 0.30952380952380953, 0.27380952380952384, 0.2857142857142857, 0.32142857142857145, 0.35714285714285715, 0.3333333333333333, 0.2857142857142857, 0.36904761904761907, 0.35714285714285715, 0.21428571428571427, 0.34523809523809523, 0.30952380952380953, 0.2261904761904762]
 mean: 0.31190476190476185, std: 0.047260555336379066
F1 (Intime): [0.39735961768219835, 0.2542619781929609, 0.28618289431848754, 0.25236537473825604, 0.2694331065759637, 0.3116402116402116, 0.33904761904761904, 0.28833292760114904, 0.2759189231248055, 0.36259996161473995, 0.33507981032525214, 0.19664796788208766, 0.33179107477887965, 0.308367510596861, 0.1919314125446201]
 mean: 0.2933973593776062, std: 0.054941163540956246
--------------------------------------------------
Subject Number: 11
Accuracy Cross: [0.24285714285714285, 0.23333333333333334, 0.2523809523809524, 0.26666666666666666, 0.2714285714285714, 0.3, 0.26666666666666666, 0.3, 0.29523809523809524, 0.24761904761904763, 0.319047619047619, 0.3238095238095238, 0.3476190476190476, 0.3, 0.2904761904761905]
 mean: 0.2838095238095238, std: 0.031768246195915874
F1 Score: [0.2329253209721233, 0.22709077717257348, 0.23866196630169564, 0.22458879585287805, 0.24841218962614536, 0.3019728020240354, 0.2643798821068082, 0.3088261971455249, 0.2925740849531302, 0.2514621648251726, 0.33179789361043055, 0.3121533153599151, 0.3539307741876093, 0.30334588524907746, 0.2984674855849003]
 mean: 0.2793726356648013, std: 0.03948458301873316
Accuracy Intime: [0.3333333333333333, 0.3333333333333333, 0.2857142857142857, 0.36904761904761907, 0.40476190476190477, 0.21428571428571427, 0.2976190476190476, 0.3333333333333333, 0.2976190476190476, 0.32142857142857145, 0.2619047619047619, 0.3333333333333333, 0.36904761904761907, 0.3333333333333333, 0.3333333333333333]
 mean: 0.3214285714285714, std: 0.044543540318737404
F1 (Intime): [0.3341321044546851, 0.3340182024614002, 0.2877408403824063, 0.3483266210032238, 0.39805250305250306, 0.2061930226636109, 0.28630035650623886, 0.3113742553742554, 0.2871970671970672, 0.315050505050505, 0.2576479076479077, 0.32961432020255554, 0.36576976944624, 0.3260294117647059, 0.2924640157398778]
 mean: 0.31199406019647885, std: 0.04434887928030954
--------------------------------------------------
Subject Number: 12
Accuracy Cross: [0.2761904761904762, 0.3, 0.30952380952380953, 0.38095238095238093, 0.3142857142857143, 0.28095238095238095, 0.3, 0.3, 0.3, 0.3238095238095238, 0.23809523809523808, 0.26666666666666666, 0.24761904761904763, 0.2523809523809524, 0.28095238095238095]
 mean: 0.2914285714285714, std: 0.03421509481982852
F1 Score: [0.28753585456489406, 0.2823427427333965, 0.2706047275092544, 0.3865031821041576, 0.32702774577339033, 0.2248780735622841, 0.23392257782572554, 0.26973404822359387, 0.240444104344648, 0.2634702553949305, 0.24103980986333928, 0.27965991002862933, 0.2311803711713794, 0.2687087484077704, 0.2973703401647222]
 mean: 0.2736281661114744, std: 0.04044050558925178
Accuracy Intime: [0.2857142857142857, 0.32142857142857145, 0.35714285714285715, 0.32142857142857145, 0.34523809523809523, 0.4523809523809524, 0.40476190476190477, 0.36904761904761907, 0.35714285714285715, 0.36904761904761907, 0.3333333333333333, 0.34523809523809523, 0.2619047619047619, 0.3333333333333333, 0.38095238095238093]
 mean: 0.34920634920634924, std: 0.044259820614599
F1 (Intime): [0.2817065060543322, 0.2975921375921376, 0.32865750528541227, 0.2938071056407159, 0.31569685744761855, 0.4243434308245706, 0.3994417077175697, 0.3046462063086104, 0.3647642239410871, 0.33406037616563933, 0.3446300891462182, 0.2950063511848408, 0.24539855323873297, 0.33831981387159654, 0.3607255944561447]
 mean: 0.32858643059168174, std: 0.04477263592166308
--------------------------------------------------
Subject Number: 13
Accuracy Cross: [0.2904761904761905, 0.2619047619047619, 0.23333333333333334, 0.24761904761904763, 0.28095238095238095, 0.22857142857142856, 0.1761904761904762, 0.19047619047619047, 0.24285714285714285, 0.24761904761904763, 0.26666666666666666, 0.2761904761904762, 0.29523809523809524, 0.24761904761904763, 0.34285714285714286]
 mean: 0.2552380952380952, std: 0.03979539507766892
F1 Score: [0.2871926083866382, 0.25918475812092834, 0.21618721105397123, 0.21660055686442492, 0.27390177339236466, 0.21970977331846897, 0.1683876343826267, 0.17629582343522715, 0.2380504920838682, 0.21992958455522843, 0.2537029067137289, 0.2651386031536399, 0.2877490759078268, 0.2445404349121975, 0.3396748084266018]
 mean: 0.24441640298051612, std: 0.042916031059868555
Accuracy Intime: [0.36904761904761907, 0.32142857142857145, 0.34523809523809523, 0.38095238095238093, 0.34523809523809523, 0.32142857142857145, 0.36904761904761907, 0.39285714285714285, 0.38095238095238093, 0.36904761904761907, 0.2857142857142857, 0.3333333333333333, 0.2619047619047619, 0.2976190476190476, 0.30952380952380953]
 mean: 0.3388888888888888, std: 0.03761268447959615
F1 (Intime): [0.3305060690943044, 0.3104116045245077, 0.3428571428571428, 0.36501779556495256, 0.3085116239323928, 0.3180773249738767, 0.3600594056314353, 0.37734976730607994, 0.38713236342889745, 0.3429260345389377, 0.2748658417821189, 0.29285938354261337, 0.25995670995670994, 0.264895527589026, 0.2928006485591534]
 mean: 0.32188181621880996, std: 0.039085585867180396
--------------------------------------------------
Subject Number: 14
Accuracy Cross: [0.2523809523809524, 0.3047619047619048, 0.30952380952380953, 0.2523809523809524, 0.23809523809523808, 0.3619047619047619, 0.30952380952380953, 0.3238095238095238, 0.3238095238095238, 0.3047619047619048, 0.3380952380952381, 0.3238095238095238, 0.3047619047619048, 0.2904761904761905, 0.319047619047619]
 mean: 0.3038095238095238, std: 0.032492804017584725
F1 Score: [0.25719146445175545, 0.3030389379462367, 0.33287744891852056, 0.24992894765178436, 0.25123555442817086, 0.35315451987958846, 0.27718378644627445, 0.2988789021116608, 0.3109187566781186, 0.30957375957375954, 0.30807647504459956, 0.32231949046815256, 0.2995153879102577, 0.2577308344566683, 0.303897440784883]
 mean: 0.2957014471166954, std: 0.02994913744649124
Accuracy Intime: [0.36904761904761907, 0.34523809523809523, 0.36904761904761907, 0.39285714285714285, 0.34523809523809523, 0.47619047619047616, 0.32142857142857145, 0.35714285714285715, 0.30952380952380953, 0.34523809523809523, 0.40476190476190477, 0.4523809523809524, 0.42857142857142855, 0.42857142857142855, 0.42857142857142855]
 mean: 0.384920634920635, std: 0.04814524091461301
F1 (Intime): [0.34822354277045536, 0.33919191919191916, 0.35640933408452874, 0.34412755160881103, 0.32537249243131594, 0.47526511313745357, 0.290563063063063, 0.3437113668692616, 0.298375350140056, 0.3164213564213564, 0.39360609532730606, 0.4368359788359789, 0.40734209900593604, 0.41656201656201663, 0.39541909071320835]
 mean: 0.36582842467751114, std: 0.051201386701096675
--------------------------------------------------
**************************************************
accuracy_cross_list: [0.29015873015873017, 0.3187301587301587, 0.2571428571428571, 0.2920634920634921, 0.3165079365079365, 0.26349206349206344, 0.2228571428571429, 0.332063492063492, 0.2850793650793651, 0.27492063492063495, 0.2838095238095238, 0.2914285714285714, 0.2552380952380952, 0.3038095238095238]
f1_score_list: [0.2714752090737472, 0.3050419023808215, 0.23089315800655974, 0.28402989997772254, 0.30141066974069314, 0.25718096599647483, 0.2149927867508987, 0.33182977733396085, 0.2774398076040987, 0.2667243992562888, 0.2793726356648013, 0.2736281661114744, 0.24441640298051612, 0.2957014471166954]
accuracy_intime_list: [0.37539682539682545, 0.37619047619047624, 0.34365079365079365, 0.3563492063492063, 0.40476190476190477, 0.28809523809523807, 0.2785714285714286, 0.384920634920635, 0.3706349206349207, 0.31190476190476185, 0.3214285714285714, 0.34920634920634924, 0.3388888888888888, 0.384920634920635]
f1_score_intime_list: [0.3532103075083934, 0.3671142777402985, 0.319753950551329, 0.3413945302403652, 0.3921742798181779, 0.26995795270647416, 0.2585760831526337, 0.37382285463372383, 0.3497999559828147, 0.2933973593776062, 0.31199406019647885, 0.32858643059168174, 0.32188181621880996, 0.36582842467751114]
**************************************************
ACC: 28.48±2.79
F1: 27.39±2.96
Intime: 34.89±3.64
F1 (Intime): 33.20±3.78
