1e-03
Subject Number: 1
Accuracy Cross: [0.6904761904761905, 0.6904761904761905, 0.6666666666666666, 0.7142857142857143, 0.6904761904761905, 0.7976190476190477, 0.7261904761904762, 0.7976190476190477, 0.7857142857142857, 0.7976190476190477, 0.7738095238095238, 0.75, 0.7142857142857143, 0.8452380952380952, 0.8095238095238095]
 mean: 0.75, std: 0.05288359126653234
F1 Score: [0.6676810712111991, 0.6576802507836991, 0.6370370370370371, 0.6888888888888889, 0.662962962962963, 0.7975903614457831, 0.7114264376400299, 0.7968994453136111, 0.7846153846153847, 0.7973605789697744, 0.761613144137416, 0.7365197908887229, 0.6888888888888889, 0.8414403949470016, 0.8023529411764705]
 mean: 0.735530505260458, std: 0.06365343012135664
Accuracy Intime: [0.9117647058823529, 0.8529411764705882, 0.8823529411764706, 0.8823529411764706, 0.96875, 0.7058823529411765, 0.7647058823529411, 0.9117647058823529, 0.8235294117647058, 0.9375, 0.8529411764705882, 0.8823529411764706, 0.7941176470588235, 0.9411764705882353, 0.84375]
 mean: 0.8637254901960785, std: 0.06828367150578446
F1 (Intime): [0.9110723626852659, 0.85178727114211, 0.880701754385965, 0.880701754385965, 0.9687194525904204, 0.7017543859649122, 0.7638888888888888, 0.9116883116883117, 0.8210526315789474, 0.9372549019607843, 0.8464317976513098, 0.880701754385965, 0.793939393939394, 0.9411764705882353, 0.8423645320197044]
 mean: 0.8622157109237454, std: 0.06908567129932218
--------------------------------------------------
Subject Number: 2
Accuracy Cross: [0.7976190476190477, 0.75, 0.6666666666666666, 0.5714285714285714, 0.7380952380952381, 0.7857142857142857, 0.9404761904761905, 0.8928571428571429, 0.8452380952380952, 0.9404761904761905, 0.8095238095238095, 0.8214285714285714, 0.8333333333333334, 0.8095238095238095, 0.75]
 mean: 0.7968253968253969, std: 0.0933813719370332
F1 Score: [0.7952688172043011, 0.7496807151979565, 0.6313479623824452, 0.475, 0.71880706025563, 0.78125, 0.9402645427392974, 0.89272030651341, 0.8441558441558441, 0.9404001702852277, 0.8094157685762904, 0.8214032600992204, 0.8332387975042541, 0.8095238095238095, 0.7417654808959157]
 mean: 0.7856161690222403, std: 0.11417239625788911
Accuracy Intime: [0.9411764705882353, 0.9117647058823529, 0.9117647058823529, 0.9117647058823529, 0.84375, 0.8529411764705882, 0.9117647058823529, 0.8529411764705882, 0.8823529411764706, 0.84375, 0.8823529411764706, 0.8823529411764706, 0.9117647058823529, 0.7941176470588235, 0.875]
 mean: 0.880637254901961, std: 0.03677981715586992
F1 (Intime): [0.9409722222222222, 0.9110723626852659, 0.9116883116883117, 0.9110723626852659, 0.8435972629521017, 0.85178727114211, 0.9116883116883117, 0.85178727114211, 0.8823529411764706, 0.8423645320197044, 0.880701754385965, 0.8823529411764706, 0.9116883116883117, 0.793939393939394, 0.873015873015873]
 mean: 0.8800054082405261, std: 0.0369335593603392
--------------------------------------------------
Subject Number: 3
Accuracy Cross: [0.5595238095238095, 0.5833333333333334, 0.5714285714285714, 0.6071428571428571, 0.5595238095238095, 0.7619047619047619, 0.7142857142857143, 0.6071428571428571, 0.7023809523809523, 0.7976190476190477, 0.5833333333333334, 0.5714285714285714, 0.6428571428571429, 0.6071428571428571, 0.7976190476190477]
 mean: 0.6444444444444444, std: 0.08393959363249691
F1 Score: [0.4669867947178872, 0.5269509251810136, 0.4874576271186441, 0.5539823008849558, 0.4669867947178872, 0.761769710720363, 0.7142857142857143, 0.6025806451612903, 0.6950776825903877, 0.7962037962037962, 0.5072900955253896, 0.475, 0.5982142857142857, 0.5539823008849558, 0.7889759125166248]
 mean: 0.5997163057482131, std: 0.11671311214078257
Accuracy Intime: [0.7941176470588235, 0.9117647058823529, 0.7941176470588235, 0.7352941176470589, 0.8125, 0.7647058823529411, 0.7058823529411765, 0.6470588235294118, 0.7647058823529411, 0.875, 0.6764705882352942, 0.7647058823529411, 0.8823529411764706, 0.7058823529411765, 0.71875]
 mean: 0.770220588235294, std: 0.074258032121022
F1 (Intime): [0.793939393939394, 0.9116883116883117, 0.7925021795989537, 0.7350649350649351, 0.8056680161943319, 0.7638888888888888, 0.6886446886446886, 0.6263736263736264, 0.7571428571428571, 0.873015873015873, 0.6693191865605659, 0.7647058823529411, 0.8785714285714286, 0.6964285714285714, 0.694591728525981]
 mean: 0.7634363711994233, std: 0.07921076669346042
--------------------------------------------------
Subject Number: 4
Accuracy Cross: [0.6190476190476191, 0.6785714285714286, 0.6309523809523809, 0.7738095238095238, 0.75, 0.6785714285714286, 0.7738095238095238, 0.75, 0.7857142857142857, 0.7380952380952381, 0.7619047619047619, 0.7857142857142857, 0.7023809523809523, 0.6785714285714286, 0.7380952380952381]
 mean: 0.723015873015873, std: 0.05296690067766216
F1 Score: [0.6170940170940171, 0.6785258681785967, 0.6010418262601501, 0.7722277722277722, 0.7496807151979565, 0.6648440963499335, 0.7711827956989248, 0.7470967741935484, 0.7857142857142857, 0.7282352941176471, 0.7606837606837606, 0.7852272727272727, 0.7002997002997002, 0.6763236763236764, 0.7343300747556067]
 mean: 0.7181671953215232, std: 0.05727838681488172
Accuracy Intime: [0.8529411764705882, 0.7941176470588235, 0.7647058823529411, 0.9117647058823529, 0.875, 0.8823529411764706, 0.8823529411764706, 0.8529411764705882, 0.9117647058823529, 0.90625, 0.7941176470588235, 0.8235294117647058, 0.6764705882352942, 0.7352941176470589, 0.6875]
 mean: 0.8234068627450981, std: 0.07607856560782578
F1 (Intime): [0.8528138528138528, 0.793939393939394, 0.7614035087719297, 0.9110723626852659, 0.875, 0.880701754385965, 0.8823529411764706, 0.8528138528138528, 0.9116883116883117, 0.9054187192118226, 0.7925021795989537, 0.8131868131868132, 0.6761904761904762, 0.7235772357723578, 0.6825396825396826]
 mean: 0.8210134056516764, std: 0.07768401195163373
--------------------------------------------------
Subject Number: 5
Accuracy Cross: [0.8452380952380952, 0.8095238095238095, 0.9047619047619048, 0.7738095238095238, 0.7976190476190477, 0.8095238095238095, 0.7619047619047619, 0.7261904761904762, 0.8928571428571429, 0.8928571428571429, 0.8452380952380952, 0.8095238095238095, 0.8690476190476191, 0.75, 0.7857142857142857]
 mean: 0.8182539682539683, std: 0.05332246676901851
F1 Score: [0.8452161587526577, 0.8067855089131685, 0.9047078842881452, 0.7641495492832866, 0.7968994453136111, 0.8055555555555556, 0.761769710720363, 0.723010752688172, 0.8916129032258064, 0.8921078921078921, 0.8450404427415921, 0.8090909090909091, 0.8681318681318682, 0.7393231860499483, 0.7846153846153847]
 mean: 0.8158678100985574, std: 0.05510020775678177
Accuracy Intime: [0.8823529411764706, 0.8823529411764706, 0.8235294117647058, 0.8235294117647058, 0.90625, 0.7941176470588235, 0.8823529411764706, 0.7941176470588235, 0.9117647058823529, 0.875, 0.7647058823529411, 0.8529411764705882, 0.9117647058823529, 0.8235294117647058, 0.84375]
 mean: 0.8514705882352942, std: 0.04486800614890914
F1 (Intime): [0.880701754385965, 0.8819444444444444, 0.8178571428571428, 0.8178571428571428, 0.906158357771261, 0.793939393939394, 0.8819444444444444, 0.7925021795989537, 0.9098143236074271, 0.8745098039215686, 0.7638888888888888, 0.8528138528138528, 0.9098143236074271, 0.8235294117647058, 0.8398398398398399]
 mean: 0.8498076869828306, std: 0.045192193888280496
--------------------------------------------------
Subject Number: 6
Accuracy Cross: [0.5833333333333334, 0.6547619047619048, 0.5714285714285714, 0.5714285714285714, 0.6428571428571429, 0.6547619047619048, 0.6071428571428571, 0.6428571428571429, 0.6071428571428571, 0.6190476190476191, 0.6666666666666666, 0.7023809523809523, 0.7738095238095238, 0.5357142857142857, 0.6071428571428571]
 mean: 0.6293650793650796, std: 0.05682229307831349
F1 Score: [0.5832742735648476, 0.654320987654321, 0.5625, 0.5711854792966535, 0.6426545660805445, 0.6462901118048496, 0.6066411238825031, 0.6395881006864989, 0.6057459820793628, 0.6188315371525808, 0.6664775950085082, 0.702338766832034, 0.7735206470838655, 0.5303225806451612, 0.6025806451612903]
 mean: 0.6270848264622013, std: 0.05790100284657752
Accuracy Intime: [0.7941176470588235, 0.7352941176470589, 0.6764705882352942, 0.7647058823529411, 0.8125, 0.7647058823529411, 0.7941176470588235, 0.7058823529411765, 0.7647058823529411, 0.75, 0.6470588235294118, 0.6764705882352942, 0.7058823529411765, 0.6176470588235294, 0.625]
 mean: 0.7223039215686273, std: 0.06088405005370407
F1 (Intime): [0.7850045167118338, 0.7294429708222812, 0.6739319965126417, 0.7614035087719297, 0.8125, 0.7638888888888888, 0.7895667550839964, 0.7048611111111112, 0.7571428571428571, 0.7333333333333334, 0.6458333333333333, 0.6693191865605659, 0.7017543859649122, 0.5521783181357649, 0.6235294117647059]
 mean: 0.7135793716092104, std: 0.06856350239887506
--------------------------------------------------
Subject Number: 7
Accuracy Cross: [0.6785714285714286, 0.5595238095238095, 0.6309523809523809, 0.6666666666666666, 0.7142857142857143, 0.6071428571428571, 0.6785714285714286, 0.5357142857142857, 0.5476190476190477, 0.5595238095238095, 0.5952380952380952, 0.6428571428571429, 0.6785714285714286, 0.6071428571428571, 0.5714285714285714]
 mean: 0.6182539682539683, std: 0.05472163230456572
F1 Score: [0.6612397311426438, 0.5518385003604902, 0.6010418262601501, 0.6421180766889836, 0.7005347593582887, 0.6057459820793628, 0.6763236763236764, 0.5303225806451612, 0.5434782608695652, 0.5301587301587302, 0.5943181818181817, 0.641025641025641, 0.6729632299927901, 0.6070871722182849, 0.5178571428571429]
 mean: 0.6050702327866062, std: 0.05784401452667716
Accuracy Intime: [0.7647058823529411, 0.6764705882352942, 0.6764705882352942, 0.8235294117647058, 0.75, 0.6470588235294118, 0.7058823529411765, 0.5294117647058824, 0.7058823529411765, 0.6875, 0.6470588235294118, 0.6176470588235294, 0.6764705882352942, 0.6176470588235294, 0.6875]
 mean: 0.6808823529411765, std: 0.06672161086485684
F1 (Intime): [0.7509157509157509, 0.6210739614994933, 0.6693191865605659, 0.8229166666666667, 0.7408906882591093, 0.6458333333333333, 0.7017543859649122, 0.5228070175438597, 0.6964285714285714, 0.6536796536796536, 0.6470588235294118, 0.5888372093023255, 0.6621499548328816, 0.6173160173160173, 0.6862745098039216]
 mean: 0.6684837153757651, std: 0.06916397732945083
--------------------------------------------------
Subject Number: 8
Accuracy Cross: [0.7976190476190477, 0.7738095238095238, 0.7857142857142857, 0.8095238095238095, 0.7738095238095238, 0.8809523809523809, 0.8214285714285714, 0.7857142857142857, 0.8690476190476191, 0.8214285714285714, 0.8571428571428571, 0.8452380952380952, 0.8571428571428571, 0.8333333333333334, 0.9523809523809523]
 mean: 0.830952380952381, std: 0.046656947481584325
F1 Score: [0.7975903614457831, 0.7698630136986302, 0.7855927396483267, 0.8067855089131685, 0.7730052624093302, 0.8803418803418803, 0.8155467720685112, 0.78125, 0.8685819940264543, 0.8183129055515501, 0.8564102564102565, 0.8425378514780101, 0.8558352402745995, 0.8318077803203661, 0.9523809523809523]
 mean: 0.8290561679311881, std: 0.04737104827623984
Accuracy Intime: [0.8823529411764706, 0.9411764705882353, 0.9117647058823529, 0.9705882352941176, 0.96875, 0.9411764705882353, 0.9411764705882353, 0.7941176470588235, 0.7941176470588235, 0.9375, 0.9117647058823529, 0.8823529411764706, 0.9117647058823529, 0.8235294117647058, 1.0]
 mean: 0.9074754901960786, std: 0.060372030402984264
F1 (Intime): [0.8823529411764706, 0.9409722222222222, 0.9110723626852659, 0.9705627705627706, 0.9687194525904204, 0.9409722222222222, 0.9411764705882353, 0.793939393939394, 0.793939393939394, 0.9372549019607843, 0.9116883116883117, 0.8819444444444444, 0.9110723626852659, 0.8229166666666667, 1.0]
 mean: 0.9072389278247912, std: 0.06045113149042787
--------------------------------------------------
Subject Number: 9
Accuracy Cross: [0.6666666666666666, 0.6190476190476191, 0.7142857142857143, 0.6428571428571429, 0.6547619047619048, 0.7738095238095238, 0.6785714285714286, 0.75, 0.7380952380952381, 0.7261904761904762, 0.7619047619047619, 0.7738095238095238, 0.7142857142857143, 0.7023809523809523, 0.6666666666666666]
 mean: 0.7055555555555555, std: 0.04751310967331989
F1 Score: [0.6421180766889836, 0.6081632653061224, 0.7136363636363636, 0.6326530612244898, 0.6317460317460317, 0.7737774627923459, 0.6763236763236764, 0.7438652533759256, 0.7367521367521368, 0.7171717171717171, 0.7475961538461539, 0.7641495492832866, 0.6888888888888889, 0.6782595373065727, 0.6370370370370371]
 mean: 0.6928092140919822, std: 0.052219590551496504
Accuracy Intime: [0.9705882352941176, 0.8823529411764706, 0.8823529411764706, 0.7941176470588235, 0.75, 0.7352941176470589, 0.7058823529411765, 0.7941176470588235, 0.9117647058823529, 0.8125, 0.9705882352941176, 0.9117647058823529, 0.8823529411764706, 0.9117647058823529, 0.90625]
 mean: 0.854779411764706, std: 0.08085728221072724
F1 (Intime): [0.9705627705627706, 0.8823529411764706, 0.8823529411764706, 0.793939393939394, 0.746031746031746, 0.7294429708222812, 0.7017543859649122, 0.7895667550839964, 0.9110723626852659, 0.8117647058823529, 0.9705627705627706, 0.9110723626852659, 0.8819444444444444, 0.9116883116883117, 0.9054187192118226]
 mean: 0.8533018387945518, std: 0.08243563836907249
--------------------------------------------------
Subject Number: 10
Accuracy Cross: [0.5952380952380952, 0.7857142857142857, 0.7023809523809523, 0.6904761904761905, 0.6428571428571429, 0.6190476190476191, 0.5714285714285714, 0.6547619047619048, 0.6904761904761905, 0.6428571428571429, 0.6666666666666666, 0.6785714285714286, 0.7261904761904762, 0.7023809523809523, 0.6904761904761905]
 mean: 0.6706349206349207, std: 0.051373182008515095
F1 Score: [0.5943181818181817, 0.7837528604118993, 0.6989247311827957, 0.6888888888888889, 0.6326530612244898, 0.6081632653061224, 0.5260188087774295, 0.653534347887925, 0.6860264519838988, 0.6354166666666667, 0.6664775950085082, 0.6785258681785967, 0.725216896600768, 0.6950776825903877, 0.6860264519838988]
 mean: 0.6639347839006972, std: 0.058310633648191994
Accuracy Intime: [0.8529411764705882, 0.7352941176470589, 0.6470588235294118, 0.7058823529411765, 0.625, 0.9411764705882353, 0.7647058823529411, 0.8235294117647058, 0.7647058823529411, 0.75, 0.7352941176470589, 0.5882352941176471, 0.6176470588235294, 0.7352941176470589, 0.5625]
 mean: 0.7232843137254901, std: 0.09997897222207318
F1 (Intime): [0.85178727114211, 0.7294429708222812, 0.6458333333333333, 0.7058823529411765, 0.5636363636363637, 0.9409722222222222, 0.7571428571428571, 0.8178571428571428, 0.7614035087719297, 0.7408906882591093, 0.7350649350649351, 0.5296442687747036, 0.6173160173160173, 0.7350649350649351, 0.5607843137254902]
 mean: 0.7128482120716405, std: 0.10995674097588573
--------------------------------------------------
Subject Number: 11
Accuracy Cross: [0.6666666666666666, 0.5833333333333334, 0.6904761904761905, 0.6666666666666666, 0.5595238095238095, 0.8214285714285714, 0.8214285714285714, 0.8333333333333334, 0.7380952380952381, 0.75, 0.7619047619047619, 0.7142857142857143, 0.7857142857142857, 0.6785714285714286, 0.6904761904761905]
 mean: 0.7174603174603174, std: 0.07926183761108822
F1 Score: [0.6597222222222223, 0.5828011919965943, 0.6860264519838988, 0.6571428571428571, 0.4900738310090238, 0.8201798201798203, 0.8207936282178923, 0.8324786324786324, 0.7375, 0.7499645641389086, 0.7569444444444444, 0.7116704805491991, 0.7855927396483267, 0.6763236763236764, 0.690300623936472]
 mean: 0.7105010109514645, std: 0.09005627920307867
Accuracy Intime: [0.8823529411764706, 0.7941176470588235, 0.7941176470588235, 0.9117647058823529, 0.84375, 0.8235294117647058, 0.6764705882352942, 0.7352941176470589, 0.8235294117647058, 0.71875, 0.7058823529411765, 0.7647058823529411, 0.7058823529411765, 0.7352941176470589, 0.84375]
 mean: 0.7839460784313724, std: 0.06812182432132759
F1 (Intime): [0.8823529411764706, 0.7895667550839964, 0.7850045167118338, 0.9116883116883117, 0.8423645320197044, 0.8235294117647058, 0.6739319965126417, 0.7153488372093023, 0.8229166666666667, 0.694591728525981, 0.6886446886446886, 0.7638888888888888, 0.7048611111111112, 0.7332170880557978, 0.8423645320197044]
 mean: 0.7782848004053203, std: 0.07237417419701421
--------------------------------------------------
Subject Number: 12
Accuracy Cross: [0.8214285714285714, 0.9285714285714286, 0.8571428571428571, 0.8214285714285714, 0.8333333333333334, 0.7380952380952381, 0.6904761904761905, 0.7261904761904762, 0.7380952380952381, 0.6904761904761905, 0.7619047619047619, 0.7976190476190477, 0.8095238095238095, 0.7857142857142857, 0.8571428571428571]
 mean: 0.7904761904761907, std: 0.06459361888690732
F1 Score: [0.8207936282178923, 0.9285714285714286, 0.8570618264322178, 0.8155467720685112, 0.8333333333333334, 0.7306122448979592, 0.6755793226381461, 0.7079365079365079, 0.7326388888888888, 0.6816326530612244, 0.7529411764705882, 0.7926528241614637, 0.8055555555555556, 0.78125, 0.8564102564102565]
 mean: 0.7848344279095982, std: 0.06893194306550898
Accuracy Intime: [0.7647058823529411, 0.7941176470588235, 0.8235294117647058, 0.7352941176470589, 0.9375, 0.9705882352941176, 0.8823529411764706, 1.0, 0.7941176470588235, 0.875, 0.8823529411764706, 0.7941176470588235, 0.8529411764705882, 0.8235294117647058, 0.84375]
 mean: 0.8515931372549022, std: 0.07240085725392637
F1 (Intime): [0.7614035087719297, 0.7895667550839964, 0.8235294117647058, 0.7350649350649351, 0.9372549019607843, 0.970357454228422, 0.880701754385965, 1.0, 0.7925021795989537, 0.8745098039215686, 0.8819444444444444, 0.793939393939394, 0.8528138528138528, 0.8235294117647058, 0.8435972629521017]
 mean: 0.850714338046384, std: 0.07292284898401001
--------------------------------------------------
Subject Number: 13
Accuracy Cross: [0.6547619047619048, 0.6547619047619048, 0.7142857142857143, 0.6666666666666666, 0.6904761904761905, 0.7380952380952381, 0.7142857142857143, 0.7142857142857143, 0.7380952380952381, 0.75, 0.7142857142857143, 0.7023809523809523, 0.7023809523809523, 0.75, 0.8333333333333334]
 mean: 0.7158730158730159, std: 0.043223012076793986
F1 Score: [0.6400177331165953, 0.653534347887925, 0.7005347593582887, 0.6618746405980449, 0.6904761904761905, 0.7367521367521368, 0.7083333333333333, 0.7128205128205127, 0.7379466817923993, 0.7482517482517483, 0.7101782633697526, 0.6989247311827957, 0.6950776825903877, 0.7393231860499483, 0.8309373202990225]
 mean: 0.710998884525272, std: 0.04446678002166892
Accuracy Intime: [0.8529411764705882, 0.8529411764705882, 0.8235294117647058, 0.9411764705882353, 0.75, 0.9117647058823529, 0.8823529411764706, 0.8235294117647058, 0.8235294117647058, 0.84375, 0.8823529411764706, 0.7058823529411765, 0.6764705882352942, 0.6764705882352942, 0.65625]
 mean: 0.806862745098039, std: 0.08831814601437886
F1 (Intime): [0.8496905393457117, 0.8464317976513098, 0.8229166666666667, 0.9403508771929825, 0.75, 0.9116883116883117, 0.8819444444444444, 0.8210526315789474, 0.8210526315789474, 0.8398398398398399, 0.8823529411764706, 0.7017543859649122, 0.6693191865605659, 0.6739319965126417, 0.6476476476476476]
 mean: 0.8039982598566267, std: 0.0899583927487268
--------------------------------------------------
Subject Number: 14
Accuracy Cross: [0.8452380952380952, 0.7976190476190477, 0.7619047619047619, 0.75, 0.8452380952380952, 0.9285714285714286, 0.7976190476190477, 0.8690476190476191, 0.8095238095238095, 0.9047619047619048, 0.6428571428571429, 0.8095238095238095, 0.7857142857142857, 0.7380952380952381, 0.8333333333333334]
 mean: 0.807936507936508, std: 0.06802286456259087
F1 Score: [0.8446878111221732, 0.7952688172043011, 0.7606837606837606, 0.7393231860499483, 0.8446878111221732, 0.9285309132161089, 0.7909530083443127, 0.8688803746275011, 0.8067855089131685, 0.9045454545454545, 0.5982142857142857, 0.8077803203661327, 0.7855927396483267, 0.7254901960784313, 0.8324786324786324]
 mean: 0.8022601880076474, std: 0.07706347819997318
Accuracy Intime: [0.9117647058823529, 0.8235294117647058, 0.8823529411764706, 0.8823529411764706, 0.875, 1.0, 0.8529411764705882, 0.8823529411764706, 0.7941176470588235, 0.84375, 0.7647058823529411, 0.9411764705882353, 0.9117647058823529, 0.9705882352941176, 0.96875]
 mean: 0.8870098039215686, std: 0.06400602842198552
F1 (Intime): [0.9110723626852659, 0.8235294117647058, 0.8819444444444444, 0.880701754385965, 0.873015873015873, 1.0, 0.8528138528138528, 0.880701754385965, 0.7850045167118338, 0.8423645320197044, 0.7571428571428571, 0.9403508771929825, 0.9110723626852659, 0.9705627705627706, 0.9687194525904204]
 mean: 0.8852664548267938, std: 0.0659019174733992
--------------------------------------------------
**************************************************
accuracy_cross_list: [0.75, 0.7968253968253969, 0.6444444444444444, 0.723015873015873, 0.8182539682539683, 0.6293650793650796, 0.6182539682539683, 0.830952380952381, 0.7055555555555555, 0.6706349206349207, 0.7174603174603174, 0.7904761904761907, 0.7158730158730159, 0.807936507936508]
f1_score_list: [0.735530505260458, 0.7856161690222403, 0.5997163057482131, 0.7181671953215232, 0.8158678100985574, 0.6270848264622013, 0.6050702327866062, 0.8290561679311881, 0.6928092140919822, 0.6639347839006972, 0.7105010109514645, 0.7848344279095982, 0.710998884525272, 0.8022601880076474]
accuracy_intime_list: [0.8637254901960785, 0.880637254901961, 0.770220588235294, 0.8234068627450981, 0.8514705882352942, 0.7223039215686273, 0.6808823529411765, 0.9074754901960786, 0.854779411764706, 0.7232843137254901, 0.7839460784313724, 0.8515931372549022, 0.806862745098039, 0.8870098039215686]
f1_score_intime_list: [0.8622157109237454, 0.8800054082405261, 0.7634363711994233, 0.8210134056516764, 0.8498076869828306, 0.7135793716092104, 0.6684837153757651, 0.9072389278247912, 0.8533018387945518, 0.7128482120716405, 0.7782848004053203, 0.850714338046384, 0.8039982598566267, 0.8852664548267938]
**************************************************
ACC: 72.99±6.92
F1: 72.01±7.41
Intime: 81.48±6.70
F1 (Intime): 81.07±7.07
