1e-04
Subject Number: 1
Accuracy Cross: [0.7023809523809523, 0.7023809523809523, 0.7261904761904762, 0.7142857142857143, 0.7380952380952381, 0.8452380952380952, 0.7976190476190477, 0.8095238095238095, 0.7738095238095238, 0.8214285714285714, 0.7857142857142857, 0.7857142857142857, 0.7738095238095238, 0.75, 0.8214285714285714]
 mean: 0.7698412698412699, std: 0.04425982061459901
F1 Score: [0.6863330843913369, 0.6734566941377702, 0.7039987743220468, 0.6932440657334145, 0.71880706025563, 0.8450404427415921, 0.79408795962509, 0.8090909090909091, 0.7737774627923459, 0.8214032600992204, 0.7754010695187166, 0.7776470588235294, 0.7641495492832866, 0.7333333333333334, 0.8155467720685112]
 mean: 0.7590211664144488, std: 0.05248357476668938
Accuracy Intime: [0.9117647058823529, 0.8823529411764706, 0.9117647058823529, 0.8823529411764706, 0.9375, 0.6764705882352942, 0.8529411764705882, 0.8529411764705882, 0.8529411764705882, 0.90625, 0.7941176470588235, 0.7647058823529411, 0.8823529411764706, 1.0, 0.9375]
 mean: 0.8697303921568628, std: 0.07591375161051676
F1 (Intime): [0.9116883116883117, 0.880701754385965, 0.9110723626852659, 0.8785714285714286, 0.9372549019607843, 0.6693191865605659, 0.85178727114211, 0.8496905393457117, 0.8528138528138528, 0.906158357771261, 0.7786046511627907, 0.7424242424242424, 0.8819444444444444, 1.0, 0.9372549019607843]
 mean: 0.8659524137945013, std: 0.08029307198384773
--------------------------------------------------
Subject Number: 2
Accuracy Cross: [0.7023809523809523, 0.7738095238095238, 0.8809523809523809, 0.6785714285714286, 0.7619047619047619, 0.8095238095238095, 0.7380952380952381, 0.7738095238095238, 0.8452380952380952, 0.8809523809523809, 0.7738095238095238, 0.8214285714285714, 0.7976190476190477, 0.8214285714285714, 0.8095238095238095]
 mean: 0.7912698412698412, std: 0.055815717373070596
F1 Score: [0.6825396825396826, 0.7663592446201142, 0.8808848553601816, 0.6679841897233202, 0.7606837606837606, 0.8023529411764705, 0.7326388888888888, 0.7698630136986302, 0.8434408602150538, 0.879862700228833, 0.7722277722277722, 0.8170466095542326, 0.7926528241614637, 0.8155467720685112, 0.8040816326530613]
 mean: 0.7858777165199984, std: 0.05918559682094585
Accuracy Intime: [0.9411764705882353, 0.8529411764705882, 0.8529411764705882, 0.8823529411764706, 0.8125, 0.8823529411764706, 0.8235294117647058, 0.8235294117647058, 0.9411764705882353, 0.90625, 0.7941176470588235, 0.8823529411764706, 0.9411764705882353, 0.8823529411764706, 0.90625]
 mean: 0.8750000000000001, std: 0.04620764371775458
F1 (Intime): [0.9411764705882353, 0.85178727114211, 0.8528138528138528, 0.8819444444444444, 0.8095238095238095, 0.8819444444444444, 0.8229166666666667, 0.8210526315789474, 0.9403508771929825, 0.9054187192118226, 0.793939393939394, 0.8819444444444444, 0.9403508771929825, 0.8819444444444444, 0.906158357771261]
 mean: 0.8742177803599895, std: 0.04655653621904568
--------------------------------------------------
Subject Number: 3
Accuracy Cross: [0.5595238095238095, 0.6547619047619048, 0.6190476190476191, 0.5952380952380952, 0.5595238095238095, 0.6904761904761905, 0.7261904761904762, 0.6904761904761905, 0.6547619047619048, 0.6785714285714286, 0.7380952380952381, 0.7261904761904762, 0.5714285714285714, 0.6904761904761905, 0.6666666666666666]
 mean: 0.6547619047619048, std: 0.058644295879083055
F1 Score: [0.4900738310090238, 0.6317460317460317, 0.5786833855799374, 0.5592592592592593, 0.4534904167399332, 0.6888888888888889, 0.7242757242757243, 0.6904761904761905, 0.6547129695251594, 0.6781609195402298, 0.7223557692307692, 0.7079365079365079, 0.4874576271186441, 0.6576802507836991, 0.625]
 mean: 0.6233465181406666, std: 0.08655180690639791
Accuracy Intime: [0.7941176470588235, 0.8529411764705882, 0.7647058823529411, 0.8529411764705882, 0.75, 0.8235294117647058, 0.6470588235294118, 0.7058823529411765, 0.7941176470588235, 0.71875, 0.7352941176470589, 0.6764705882352942, 0.7647058823529411, 0.7352941176470589, 0.78125]
 mean: 0.7598039215686273, std: 0.05763062282366417
F1 (Intime): [0.7925021795989537, 0.85178727114211, 0.7614035087719297, 0.8528138528138528, 0.7408906882591093, 0.8229166666666667, 0.6357142857142857, 0.6886446886446886, 0.7895667550839964, 0.694591728525981, 0.7350649350649351, 0.6210739614994933, 0.7614035087719297, 0.7332170880557978, 0.7793103448275862]
 mean: 0.750726764229421, std: 0.06724918568476994
--------------------------------------------------
Subject Number: 4
Accuracy Cross: [0.7380952380952381, 0.6428571428571429, 0.6904761904761905, 0.6785714285714286, 0.7380952380952381, 0.7619047619047619, 0.7976190476190477, 0.75, 0.6785714285714286, 0.6785714285714286, 0.8571428571428571, 0.8571428571428571, 0.8452380952380952, 0.7738095238095238, 0.7619047619047619]
 mean: 0.75, std: 0.06621159877655303
F1 Score: [0.7375, 0.6420454545454546, 0.690300623936472, 0.6748387096774193, 0.7343300747556067, 0.761769710720363, 0.79408795962509, 0.7491110795050491, 0.6473332296687918, 0.6748387096774193, 0.8568181818181818, 0.8558352402745995, 0.8452161587526577, 0.7698630136986302, 0.7606837606837606]
 mean: 0.7463047938226332, std: 0.06905223530905483
Accuracy Intime: [0.8529411764705882, 0.9411764705882353, 0.8235294117647058, 0.7352941176470589, 0.90625, 0.9117647058823529, 0.8529411764705882, 0.7941176470588235, 0.8529411764705882, 0.78125, 0.7941176470588235, 0.9117647058823529, 0.7352941176470589, 0.7941176470588235, 0.71875]
 mean: 0.8270833333333335, std: 0.0681138872329786
F1 (Intime): [0.85178727114211, 0.9403508771929825, 0.8210526315789474, 0.7332170880557978, 0.906158357771261, 0.9098143236074271, 0.8464317976513098, 0.7925021795989537, 0.85178727114211, 0.7793103448275862, 0.7925021795989537, 0.9116883116883117, 0.7332170880557978, 0.7925021795989537, 0.7117117117117118]
 mean: 0.8249355742148141, std: 0.06901647420308747
--------------------------------------------------
Subject Number: 5
Accuracy Cross: [0.8333333333333334, 0.8571428571428571, 0.8214285714285714, 0.8452380952380952, 0.8571428571428571, 0.8214285714285714, 0.8214285714285714, 0.8095238095238095, 0.7619047619047619, 0.75, 0.8809523809523809, 0.7857142857142857, 0.8928571428571429, 0.8333333333333334, 0.8214285714285714]
 mean: 0.8261904761904761, std: 0.038095238095238106
F1 Score: [0.8324786324786324, 0.8570618264322178, 0.8212005108556832, 0.8434408602150538, 0.8568181818181818, 0.8201798201798203, 0.8201798201798203, 0.8077803203661327, 0.750445632798574, 0.7496807151979565, 0.8806818181818181, 0.7846153846153847, 0.89272030651341, 0.8309373202990225, 0.8193548387096774]
 mean: 0.824505065922759, std: 0.03950189019378892
Accuracy Intime: [0.8823529411764706, 0.8823529411764706, 0.8235294117647058, 0.9411764705882353, 0.90625, 0.8529411764705882, 0.8235294117647058, 0.8823529411764706, 0.8823529411764706, 0.6875, 0.9411764705882353, 0.8529411764705882, 0.9705882352941176, 0.8529411764705882, 0.875]
 mean: 0.8704656862745099, std: 0.06361061478512074
F1 (Intime): [0.8819444444444444, 0.8785714285714286, 0.8229166666666667, 0.9403508771929825, 0.906158357771261, 0.85178727114211, 0.8210526315789474, 0.8819444444444444, 0.880701754385965, 0.6862745098039216, 0.9411764705882353, 0.8528138528138528, 0.970357454228422, 0.8496905393457117, 0.873015873015873]
 mean: 0.8692504383996178, std: 0.06391435304410767
--------------------------------------------------
Subject Number: 6
Accuracy Cross: [0.6666666666666666, 0.6190476190476191, 0.5833333333333334, 0.6547619047619048, 0.6190476190476191, 0.6666666666666666, 0.6785714285714286, 0.6428571428571429, 0.6190476190476191, 0.6190476190476191, 0.6547619047619048, 0.7261904761904762, 0.7380952380952381, 0.6666666666666666, 0.7261904761904762]
 mean: 0.6587301587301586, std: 0.043397533696800994
F1 Score: [0.6659090909090909, 0.6155606407322655, 0.5828011919965943, 0.6523476523476524, 0.6190476190476191, 0.6618746405980449, 0.6785258681785967, 0.6377228292121909, 0.6188315371525808, 0.5909920876445527, 0.654320987654321, 0.725216896600768, 0.7326388888888888, 0.664957264957265, 0.725216896600768]
 mean: 0.6550642728347467, std: 0.045077203850024096
Accuracy Intime: [0.8529411764705882, 0.7058823529411765, 0.6176470588235294, 0.7352941176470589, 0.71875, 0.7647058823529411, 0.7058823529411765, 0.7647058823529411, 0.7941176470588235, 0.78125, 0.5588235294117647, 0.7647058823529411, 0.7058823529411765, 0.6764705882352942, 0.8125]
 mean: 0.7306372549019607, std: 0.07255129666537845
F1 (Intime): [0.8496905393457117, 0.678030303030303, 0.5521783181357649, 0.7332170880557978, 0.716256157635468, 0.7614035087719297, 0.7048611111111112, 0.7638888888888888, 0.7925021795989537, 0.7757757757757757, 0.5392953929539295, 0.7571428571428571, 0.7017543859649122, 0.6739319965126417, 0.8095238095238095]
 mean: 0.7206301541631904, std: 0.08313385058155123
--------------------------------------------------
Subject Number: 7
Accuracy Cross: [0.6666666666666666, 0.6547619047619048, 0.6190476190476191, 0.6309523809523809, 0.5952380952380952, 0.6547619047619048, 0.6309523809523809, 0.6190476190476191, 0.5952380952380952, 0.5714285714285714, 0.6190476190476191, 0.5952380952380952, 0.5714285714285714, 0.6428571428571429, 0.6309523809523809]
 mean: 0.6198412698412697, std: 0.028327886186626593
F1 Score: [0.6313479623824452, 0.6462901118048496, 0.6170940170940171, 0.615191369883257, 0.5523510971786834, 0.6267810632756243, 0.6110530246452577, 0.6111111111111112, 0.5709134615384616, 0.5714285714285714, 0.6111111111111112, 0.595008508224617, 0.5591836734693878, 0.6420454545454546, 0.6266666666666667]
 mean: 0.6058384802906344, std: 0.028665929706939788
Accuracy Intime: [0.7647058823529411, 0.6764705882352942, 0.6764705882352942, 0.8529411764705882, 0.78125, 0.6470588235294118, 0.7058823529411765, 0.7058823529411765, 0.5588235294117647, 0.6875, 0.7352941176470589, 0.5882352941176471, 0.5882352941176471, 0.6176470588235294, 0.875]
 mean: 0.6974264705882353, std: 0.09010428646544161
F1 (Intime): [0.7614035087719297, 0.6693191865605659, 0.6739319965126417, 0.8528138528138528, 0.7810361681329423, 0.6458333333333333, 0.6886446886446886, 0.6964285714285714, 0.5072463768115942, 0.6666666666666667, 0.7294429708222812, 0.5041666666666667, 0.5492424242424242, 0.6146469049694856, 0.8745098039215686]
 mean: 0.6810222080199476, std: 0.10674982522962191
--------------------------------------------------
Subject Number: 8
Accuracy Cross: [0.7738095238095238, 0.8095238095238095, 0.8690476190476191, 0.8333333333333334, 0.8095238095238095, 0.8571428571428571, 0.75, 0.8452380952380952, 0.8809523809523809, 0.9047619047619048, 0.8452380952380952, 0.8928571428571429, 0.8333333333333334, 0.9523809523809523, 0.8214285714285714]
 mean: 0.8452380952380952, std: 0.049563476177765055
F1 Score: [0.7730052624093302, 0.8090909090909091, 0.8685819940264543, 0.8332387975042541, 0.8085470085470086, 0.8564102564102565, 0.7365197908887229, 0.8425378514780101, 0.8806818181818181, 0.9047078842881452, 0.8425378514780101, 0.8921078921078921, 0.8324786324786324, 0.9523539421440725, 0.8155467720685112]
 mean: 0.8432231108734686, std: 0.05161743844679452
Accuracy Intime: [0.9117647058823529, 0.8823529411764706, 0.9705882352941176, 0.9705882352941176, 1.0, 0.9117647058823529, 0.7941176470588235, 0.8235294117647058, 0.8235294117647058, 0.96875, 0.9411764705882353, 0.9117647058823529, 0.8529411764705882, 0.8823529411764706, 0.9375]
 mean: 0.905514705882353, std: 0.05971973542563597
F1 (Intime): [0.9116883116883117, 0.8819444444444444, 0.970357454228422, 0.970357454228422, 1.0, 0.9116883116883117, 0.7925021795989537, 0.8235294117647058, 0.8210526315789474, 0.9687194525904204, 0.9411764705882353, 0.9116883116883117, 0.85178727114211, 0.8819444444444444, 0.9372549019607843]
 mean: 0.9050460701089883, std: 0.06019232260908658
--------------------------------------------------
Subject Number: 9
Accuracy Cross: [0.7142857142857143, 0.7976190476190477, 0.8333333333333334, 0.75, 0.7142857142857143, 0.8095238095238095, 0.75, 0.7857142857142857, 0.7857142857142857, 0.8452380952380952, 0.6309523809523809, 0.6666666666666666, 0.8214285714285714, 0.7738095238095238, 0.8095238095238095]
 mean: 0.7658730158730158, std: 0.05970870753588581
F1 Score: [0.6888888888888889, 0.7968994453136111, 0.8298611111111112, 0.7365197908887229, 0.7005347593582887, 0.8077803203661327, 0.7470967741935484, 0.78125, 0.7846153846153847, 0.8452161587526577, 0.5727645611156686, 0.625, 0.8170466095542326, 0.7641495492832866, 0.8040816326530613]
 mean: 0.753446999072973, std: 0.07483662282426023
Accuracy Intime: [0.9117647058823529, 0.8823529411764706, 0.9411764705882353, 0.8529411764705882, 0.75, 0.8529411764705882, 0.7647058823529411, 0.7647058823529411, 0.9117647058823529, 0.875, 0.9117647058823529, 0.9705882352941176, 0.8823529411764706, 0.9411764705882353, 0.875]
 mean: 0.8725490196078433, std: 0.06475414124324956
F1 (Intime): [0.9110723626852659, 0.880701754385965, 0.9411764705882353, 0.8528138528138528, 0.746031746031746, 0.8528138528138528, 0.7647058823529411, 0.7571428571428571, 0.9110723626852659, 0.8745098039215686, 0.9116883116883117, 0.970357454228422, 0.880701754385965, 0.9403508771929825, 0.875]
 mean: 0.8713426228611488, std: 0.06594368449979328
--------------------------------------------------
Subject Number: 10
Accuracy Cross: [0.6666666666666666, 0.7380952380952381, 0.6547619047619048, 0.6785714285714286, 0.6428571428571429, 0.6309523809523809, 0.6309523809523809, 0.5595238095238095, 0.6428571428571429, 0.7023809523809523, 0.6547619047619048, 0.6785714285714286, 0.7380952380952381, 0.6904761904761905, 0.5714285714285714]
 mean: 0.6587301587301587, std: 0.04892392065848395
F1 Score: [0.6666666666666666, 0.7379466817923993, 0.6487382840663303, 0.6706838971976187, 0.6377228292121909, 0.6304810557684121, 0.6296401649836438, 0.5589612601106854, 0.6377228292121909, 0.701322713696487, 0.6361463778939507, 0.6748387096774193, 0.7375, 0.6876430205949657, 0.5625]
 mean: 0.6545676327248641, std: 0.05012403779421732
Accuracy Intime: [0.8529411764705882, 0.8529411764705882, 0.5294117647058824, 0.7352941176470589, 0.65625, 0.9117647058823529, 0.8235294117647058, 0.7352941176470589, 0.6764705882352942, 0.8125, 0.7941176470588235, 0.6764705882352942, 0.7941176470588235, 0.6176470588235294, 0.59375]
 mean: 0.7375, std: 0.1060970216304237
F1 (Intime): [0.8464317976513098, 0.8496905393457117, 0.5142857142857142, 0.7294429708222812, 0.6532019704433498, 0.9098143236074271, 0.8235294117647058, 0.7350649350649351, 0.6739319965126417, 0.8125, 0.793939393939394, 0.6621499548328816, 0.793939393939394, 0.6173160173160173, 0.5733333333333333]
 mean: 0.7325714501906065, std: 0.10993713831155096
--------------------------------------------------
Subject Number: 11
Accuracy Cross: [0.6190476190476191, 0.6904761904761905, 0.6904761904761905, 0.6428571428571429, 0.7142857142857143, 0.7380952380952381, 0.6785714285714286, 0.8095238095238095, 0.7619047619047619, 0.7261904761904762, 0.6904761904761905, 0.7142857142857143, 0.7857142857142857, 0.8452380952380952, 0.7619047619047619]
 mean: 0.7246031746031747, std: 0.05894426865913377
F1 Score: [0.6135710178263369, 0.6876430205949657, 0.6840277777777777, 0.6294117647058823, 0.7061224489795919, 0.7375, 0.6525203002910984, 0.8094157685762904, 0.7619047619047619, 0.7261516654854713, 0.6904761904761905, 0.7101782633697526, 0.7846153846153847, 0.8450404427415921, 0.7606837606837606]
 mean: 0.7199508378685906, std: 0.06279555385040615
Accuracy Intime: [0.8235294117647058, 0.8529411764705882, 0.7941176470588235, 0.7941176470588235, 0.65625, 0.8529411764705882, 0.7058823529411765, 0.7647058823529411, 0.7647058823529411, 0.6875, 0.7058823529411765, 0.7352941176470589, 0.7941176470588235, 0.7647058823529411, 0.78125]
 mean: 0.7651960784313725, std: 0.05621701690088961
F1 (Intime): [0.8210526315789474, 0.85178727114211, 0.7925021795989537, 0.7895667550839964, 0.6559139784946236, 0.8528138528138528, 0.6886446886446886, 0.7571428571428571, 0.7614035087719297, 0.6761133603238867, 0.7017543859649122, 0.7294429708222812, 0.7895667550839964, 0.7638888888888888, 0.7793103448275862]
 mean: 0.7607269619455674, std: 0.05845252605719536
--------------------------------------------------
Subject Number: 12
Accuracy Cross: [0.8333333333333334, 0.8333333333333334, 0.8690476190476191, 0.8809523809523809, 0.7976190476190477, 0.7857142857142857, 0.75, 0.7261904761904762, 0.75, 0.75, 0.75, 0.7619047619047619, 0.75, 0.7857142857142857, 0.75]
 mean: 0.7849206349206349, std: 0.046508207377725756
F1 Score: [0.8332387975042541, 0.8309373202990225, 0.8681318681318682, 0.8806818181818181, 0.7889759125166248, 0.7795918367346939, 0.7470967741935484, 0.7079365079365079, 0.7365197908887229, 0.7365197908887229, 0.7365197908887229, 0.7475961538461539, 0.7365197908887229, 0.7776470588235294, 0.7482517482517483]
 mean: 0.7770776639983107, std: 0.05111232617155988
Accuracy Intime: [0.7647058823529411, 0.8235294117647058, 0.7352941176470589, 0.8823529411764706, 0.9375, 0.9117647058823529, 0.8823529411764706, 0.9705882352941176, 0.7058823529411765, 0.875, 0.8823529411764706, 0.9117647058823529, 0.7352941176470589, 0.7941176470588235, 0.8125]
 mean: 0.8416666666666668, std: 0.07837543961467973
F1 (Intime): [0.7614035087719297, 0.8210526315789474, 0.7235772357723578, 0.8819444444444444, 0.9372549019607843, 0.9116883116883117, 0.880701754385965, 0.9705627705627706, 0.6964285714285714, 0.873015873015873, 0.8819444444444444, 0.9098143236074271, 0.7294429708222812, 0.7850045167118338, 0.8117647058823529]
 mean: 0.8383733976718865, std: 0.08144204109754422
--------------------------------------------------
Subject Number: 13
Accuracy Cross: [0.6904761904761905, 0.7380952380952381, 0.7261904761904762, 0.7857142857142857, 0.7738095238095238, 0.6309523809523809, 0.6666666666666666, 0.7976190476190477, 0.7738095238095238, 0.7738095238095238, 0.75, 0.7619047619047619, 0.7738095238095238, 0.7380952380952381, 0.8095238095238095]
 mean: 0.7460317460317463, std: 0.04814524091461304
F1 Score: [0.6904761904761905, 0.7356979405034325, 0.71449682281661, 0.7857142857142857, 0.7730052624093302, 0.6187966622749231, 0.6636155606407322, 0.7952688172043011, 0.7730052624093302, 0.7711827956989248, 0.7417654808959157, 0.7597254004576659, 0.7711827956989248, 0.7223557692307692, 0.8090909090909091]
 mean: 0.7416919970348164, std: 0.05056241260142792
Accuracy Intime: [0.8823529411764706, 0.7941176470588235, 0.7647058823529411, 0.9117647058823529, 0.8125, 0.9411764705882353, 0.8529411764705882, 0.7941176470588235, 0.8529411764705882, 0.8125, 0.8823529411764706, 0.6764705882352942, 0.7352941176470589, 0.7352941176470589, 0.6875]
 mean: 0.8090686274509802, std: 0.07671372859746078
F1 (Intime): [0.880701754385965, 0.7925021795989537, 0.7614035087719297, 0.9116883116883117, 0.8117647058823529, 0.9409722222222222, 0.8528138528138528, 0.7925021795989537, 0.8528138528138528, 0.8095238095238095, 0.880701754385965, 0.6386473429951691, 0.7350649350649351, 0.7332170880557978, 0.6825396825396826]
 mean: 0.8051238120227835, std: 0.08201510355890845
--------------------------------------------------
Subject Number: 14
Accuracy Cross: [0.8095238095238095, 0.7261904761904762, 0.8690476190476191, 0.8214285714285714, 0.8809523809523809, 0.8571428571428571, 0.8214285714285714, 0.8333333333333334, 0.7857142857142857, 0.8571428571428571, 0.7261904761904762, 0.7261904761904762, 0.9166666666666666, 0.8333333333333334, 0.7857142857142857]
 mean: 0.8166666666666667, std: 0.05614202915500759
F1 Score: [0.8023529411764705, 0.7171717171717171, 0.8681318681318682, 0.8214032600992204, 0.8806818181818181, 0.8568181818181818, 0.8207936282178923, 0.8329545454545455, 0.7852272727272727, 0.8564102564102565, 0.7114264376400299, 0.7214131218457102, 0.9165602383993188, 0.8332387975042541, 0.7857142857142857]
 mean: 0.8140198913661896, std: 0.05921188079144941
Accuracy Intime: [0.8529411764705882, 0.9117647058823529, 0.8823529411764706, 0.8823529411764706, 0.90625, 0.9117647058823529, 0.7941176470588235, 0.8823529411764706, 0.8823529411764706, 0.9375, 0.8529411764705882, 0.9411764705882353, 0.9117647058823529, 0.9411764705882353, 0.9375]
 mean: 0.8952205882352942, std: 0.039328498886721006
F1 (Intime): [0.8528138528138528, 0.9116883116883117, 0.8823529411764706, 0.880701754385965, 0.9054187192118226, 0.9110723626852659, 0.7925021795989537, 0.8785714285714286, 0.8785714285714286, 0.9372549019607843, 0.85178727114211, 0.9403508771929825, 0.9098143236074271, 0.9411764705882353, 0.9375]
 mean: 0.8941051215463358, std: 0.039741259491062816
--------------------------------------------------
**************************************************
accuracy_cross_list: [0.7698412698412699, 0.7912698412698412, 0.6547619047619048, 0.75, 0.8261904761904761, 0.6587301587301586, 0.6198412698412697, 0.8452380952380952, 0.7658730158730158, 0.6587301587301587, 0.7246031746031747, 0.7849206349206349, 0.7460317460317463, 0.8166666666666667]
f1_score_list: [0.7590211664144488, 0.7858777165199984, 0.6233465181406666, 0.7463047938226332, 0.824505065922759, 0.6550642728347467, 0.6058384802906344, 0.8432231108734686, 0.753446999072973, 0.6545676327248641, 0.7199508378685906, 0.7770776639983107, 0.7416919970348164, 0.8140198913661896]
accuracy_intime_list: [0.8697303921568628, 0.8750000000000001, 0.7598039215686273, 0.8270833333333335, 0.8704656862745099, 0.7306372549019607, 0.6974264705882353, 0.905514705882353, 0.8725490196078433, 0.7375, 0.7651960784313725, 0.8416666666666668, 0.8090686274509802, 0.8952205882352942]
f1_score_intime_list: [0.8659524137945013, 0.8742177803599895, 0.750726764229421, 0.8249355742148141, 0.8692504383996178, 0.7206301541631904, 0.6810222080199476, 0.9050460701089883, 0.8713426228611488, 0.7325714501906065, 0.7607269619455674, 0.8383733976718865, 0.8051238120227835, 0.8941051215463358]
**************************************************
ACC: 74.38±6.85
F1: 73.60±7.25
Intime: 81.83±6.59
F1 (Intime): 81.39±6.97
