1e-04
Subject Number: 1
Accuracy Cross: [0.78125, 0.78125, 0.71875, 0.90625, 0.75, 0.8787878787878788, 0.8181818181818182, 0.7272727272727273, 0.7272727272727273, 0.8181818181818182, 0.84375, 0.84375, 0.9375, 0.90625, 0.875]
 mean: 0.8208964646464646, std: 0.06910834645422932
F1 Score: [0.7757757757757757, 0.7793103448275862, 0.716256157635468, 0.9039039039039038, 0.7090909090909091, 0.8730769230769231, 0.8035714285714286, 0.7102439024390244, 0.6857142857142857, 0.8035714285714286, 0.8423645320197044, 0.8398398398398399, 0.9365079365079365, 0.9015384615384616, 0.8666666666666667]
 mean: 0.8098288330786229, std: 0.07698195279956858
Accuracy Intime: [0.9285714285714286, 0.8571428571428571, 0.8333333333333334, 0.9166666666666666, 0.8333333333333334, 0.9285714285714286, 0.9285714285714286, 1.0, 0.75, 1.0, 0.9285714285714286, 0.9285714285714286, 0.9166666666666666, 0.75, 0.75]
 mean: 0.8833333333333333, std: 0.08111561507080148
F1 (Intime): [0.9282051282051282, 0.8444444444444444, 0.8285714285714285, 0.916083916083916, 0.8285714285714285, 0.9251336898395721, 0.9251336898395721, 1.0, 0.7333333333333334, 1.0, 0.9251336898395721, 0.9251336898395721, 0.9111111111111111, 0.7333333333333334, 0.7333333333333334]
 mean: 0.8771681477563834, std: 0.08660597378531895
--------------------------------------------------
Subject Number: 2
Accuracy Cross: [0.7272727272727273, 0.7878787878787878, 0.696969696969697, 0.7272727272727273, 0.6666666666666666, 0.53125, 0.53125, 0.6875, 0.71875, 0.625, 0.6666666666666666, 0.5757575757575758, 0.6363636363636364, 0.6363636363636364, 0.696969696969697]
 mean: 0.6607954545454545, std: 0.07071879412190887
F1 Score: [0.7272727272727273, 0.7806267806267806, 0.6726190476190477, 0.6996966632962589, 0.6616961789375583, 0.4909862142099682, 0.530791788856305, 0.6862745098039216, 0.7117117117117118, 0.625, 0.6616961789375583, 0.5753676470588236, 0.6360294117647058, 0.6333333333333333, 0.6944444444444444]
 mean: 0.6525031091915429, std: 0.07278224906498171
Accuracy Intime: [0.6428571428571429, 0.8571428571428571, 0.8333333333333334, 0.4166666666666667, 0.8333333333333334, 0.7857142857142857, 0.7142857142857143, 0.5714285714285714, 0.5833333333333334, 0.5, 0.8571428571428571, 0.7142857142857143, 0.5, 0.6666666666666666, 0.4166666666666667]
 mean: 0.6595238095238094, std: 0.15126076356446277
F1 (Intime): [0.641025641025641, 0.8541666666666667, 0.8125, 0.37777777777777777, 0.8333333333333334, 0.7754010695187166, 0.6888888888888889, 0.5714285714285714, 0.5804195804195804, 0.4375, 0.8541666666666667, 0.7142857142857143, 0.4857142857142857, 0.6571428571428571, 0.29411764705882354]
 mean: 0.6385245799951683, std: 0.17259398632008374
--------------------------------------------------
Subject Number: 3
Accuracy Cross: [0.5, 0.625, 0.65625, 0.65625, 0.625, 0.6060606060606061, 0.6060606060606061, 0.5454545454545454, 0.6363636363636364, 0.45454545454545453, 0.48484848484848486, 0.42424242424242425, 0.48484848484848486, 0.5454545454545454, 0.45454545454545453]
 mean: 0.5536616161616161, std: 0.0785027153752897
F1 Score: [0.4458874458874459, 0.611336032388664, 0.6389743589743591, 0.6389743589743591, 0.6190476190476191, 0.6001863932898416, 0.5460317460317461, 0.543778801843318, 0.5695652173913044, 0.45, 0.45268292682926825, 0.3660262891809909, 0.40634920634920635, 0.5170731707317073, 0.44172932330827064]
 mean: 0.5231761926818732, std: 0.08722551507402039
Accuracy Intime: [0.42857142857142855, 0.42857142857142855, 0.8571428571428571, 0.75, 0.6666666666666666, 0.42857142857142855, 0.5, 0.5833333333333334, 0.4166666666666667, 0.5833333333333334, 0.7857142857142857, 0.6428571428571429, 0.75, 0.75, 0.5833333333333334]
 mean: 0.6103174603174605, std: 0.14268949598710537
F1 (Intime): [0.41666666666666663, 0.3, 0.8444444444444444, 0.7333333333333334, 0.6666666666666666, 0.41666666666666663, 0.47593582887700536, 0.5555555555555556, 0.37777777777777777, 0.5804195804195804, 0.7846153846153847, 0.5906432748538011, 0.6974789915966386, 0.7482517482517483, 0.5804195804195804]
 mean: 0.5845917000096565, std: 0.15680224219262956
--------------------------------------------------
Subject Number: 4
Accuracy Cross: [0.7575757575757576, 0.8181818181818182, 0.7575757575757576, 0.8787878787878788, 0.9090909090909091, 0.6666666666666666, 0.696969696969697, 0.8181818181818182, 0.6363636363636364, 0.5757575757575758, 0.8181818181818182, 0.7575757575757576, 0.8787878787878788, 0.7878787878787878, 0.8181818181818182]
 mean: 0.7717171717171717, std: 0.09115567008225033
F1 Score: [0.7461538461538462, 0.8139097744360901, 0.7380952380952381, 0.8730769230769231, 0.905982905982906, 0.593505039193729, 0.6726190476190477, 0.8096153846153846, 0.6360294117647058, 0.49782608695652175, 0.8096153846153846, 0.7461538461538462, 0.8759398496240601, 0.7847157502329916, 0.8180147058823529]
 mean: 0.754750212960202, std: 0.1093176947859633
Accuracy Intime: [0.7857142857142857, 0.9285714285714286, 0.6428571428571429, 0.8333333333333334, 0.6666666666666666, 0.9285714285714286, 0.9285714285714286, 0.7857142857142857, 0.6666666666666666, 0.6666666666666666, 0.9285714285714286, 0.8571428571428571, 0.9285714285714286, 0.9166666666666666, 0.75]
 mean: 0.8142857142857144, std: 0.10909162486308624
F1 (Intime): [0.7543859649122806, 0.9282051282051282, 0.5906432748538011, 0.8285714285714285, 0.6571428571428571, 0.9251336898395721, 0.9251336898395721, 0.7754010695187166, 0.6666666666666666, 0.625, 0.9251336898395721, 0.8444444444444444, 0.9251336898395721, 0.916083916083916, 0.7333333333333334]
 mean: 0.8013608562060576, std: 0.11974445553221416
--------------------------------------------------
Subject Number: 5
Accuracy Cross: [0.5, 0.5625, 0.65625, 0.65625, 0.53125, 0.5625, 0.78125, 0.65625, 0.625, 0.6875, 0.625, 0.5625, 0.4375, 0.59375, 0.59375]
 mean: 0.6020833333333333, std: 0.08025566785107592
F1 Score: [0.4980392156862745, 0.5607843137254902, 0.6532019704433498, 0.6559139784946236, 0.530791788856305, 0.5555555555555556, 0.7624602332979851, 0.6476476476476476, 0.6235294117647059, 0.6761133603238867, 0.6235294117647059, 0.5607843137254902, 0.37662337662337664, 0.5901477832512315, 0.5933528836754643]
 mean: 0.5938983496557395, std: 0.08611531004129436
Accuracy Intime: [0.7857142857142857, 0.9285714285714286, 0.5833333333333334, 0.5833333333333334, 0.6666666666666666, 0.7857142857142857, 0.7857142857142857, 0.9166666666666666, 0.5833333333333334, 0.5, 0.8571428571428571, 0.8571428571428571, 0.9166666666666666, 0.6666666666666666, 0.75]
 mean: 0.7444444444444444, std: 0.13502796851086563
F1 (Intime): [0.7846153846153847, 0.9282051282051282, 0.5804195804195804, 0.5555555555555556, 0.6571428571428571, 0.7846153846153847, 0.7754010695187166, 0.9111111111111111, 0.5555555555555556, 0.3333333333333333, 0.8571428571428571, 0.8571428571428571, 0.9111111111111111, 0.6571428571428571, 0.7482517482517483]
 mean: 0.7264497593909359, std: 0.16260097504726348
--------------------------------------------------
Subject Number: 6
Accuracy Cross: [0.71875, 0.75, 0.75, 0.6875, 0.6875, 0.5757575757575758, 0.5151515151515151, 0.5151515151515151, 0.48484848484848486, 0.6060606060606061, 0.7575757575757576, 0.5757575757575758, 0.696969696969697, 0.7272727272727273, 0.6666666666666666]
 mean: 0.6476641414141413, std: 0.09095147545903076
F1 Score: [0.681063122923588, 0.722943722943723, 0.7090909090909091, 0.6761133603238867, 0.6825396825396826, 0.5416666666666666, 0.4260869565217391, 0.38888888888888884, 0.40634920634920635, 0.5925925925925926, 0.7380952380952381, 0.5557692307692308, 0.6826923076923077, 0.7102439024390244, 0.6158730158730159]
 mean: 0.6086672535806467, std: 0.11578966802230667
Accuracy Intime: [0.7857142857142857, 0.7857142857142857, 0.7142857142857143, 0.6666666666666666, 0.75, 0.9285714285714286, 0.7857142857142857, 0.8333333333333334, 0.6666666666666666, 0.6666666666666666, 0.7857142857142857, 0.8571428571428571, 0.9166666666666666, 0.6666666666666666, 0.5833333333333334]
 mean: 0.7595238095238096, std: 0.09614646172004958
F1 (Intime): [0.7754010695187166, 0.7543859649122806, 0.65, 0.625, 0.7482517482517483, 0.9282051282051282, 0.7846153846153847, 0.7777777777777777, 0.6571428571428571, 0.625, 0.7543859649122806, 0.8571428571428571, 0.8991596638655461, 0.6571428571428571, 0.4957983193277311]
 mean: 0.7326273061876777, std: 0.11157301759380085
--------------------------------------------------
Subject Number: 7
Accuracy Cross: [0.71875, 0.5625, 0.53125, 0.625, 0.625, 0.4375, 0.4375, 0.5, 0.46875, 0.5, 0.59375, 0.5, 0.5625, 0.71875, 0.65625]
 mean: 0.5625, std: 0.08912187348419766
F1 Score: [0.694591728525981, 0.5151515151515151, 0.5076923076923077, 0.625, 0.6190476190476191, 0.4375, 0.43529411764705883, 0.4980392156862745, 0.45545545545545546, 0.4920634920634921, 0.5933528836754643, 0.4980392156862745, 0.5555555555555556, 0.7117117117117118, 0.6532019704433498]
 mean: 0.5527797858894706, std: 0.0880940020198308
Accuracy Intime: [0.7857142857142857, 0.5714285714285714, 0.5833333333333334, 0.3333333333333333, 0.5833333333333334, 0.7142857142857143, 0.42857142857142855, 0.9166666666666666, 0.5833333333333334, 0.75, 0.7857142857142857, 0.7142857142857143, 0.5, 0.5, 0.6666666666666666]
 mean: 0.6277777777777778, std: 0.14897398319652375
F1 (Intime): [0.7754010695187166, 0.475, 0.3684210526315789, 0.3333333333333333, 0.5804195804195804, 0.7083333333333333, 0.41666666666666663, 0.9111111111111111, 0.4957983193277311, 0.7482517482517483, 0.7754010695187166, 0.6888888888888889, 0.4857142857142857, 0.3333333333333333, 0.6571428571428571]
 mean: 0.583547776612792, std: 0.1767355918601
--------------------------------------------------
Subject Number: 8
Accuracy Cross: [0.625, 0.6875, 0.65625, 0.78125, 0.75, 0.84375, 0.6875, 0.71875, 0.75, 0.71875, 0.65625, 0.65625, 0.8125, 0.71875, 0.8125]
 mean: 0.725, std: 0.0637377439199098
F1 Score: [0.5844155844155844, 0.6363636363636364, 0.6476476476476476, 0.751937984496124, 0.722943722943723, 0.8303287380699894, 0.6761133603238867, 0.7046153846153846, 0.7333333333333334, 0.681063122923588, 0.6559139784946236, 0.6389743589743591, 0.8095238095238095, 0.718475073313783, 0.8056680161943319]
 mean: 0.7064878501089205, std: 0.06877988905658415
Accuracy Intime: [0.7857142857142857, 0.7857142857142857, 0.8333333333333334, 0.6666666666666666, 0.6666666666666666, 0.7142857142857143, 0.8571428571428571, 0.6666666666666666, 0.4166666666666667, 0.4166666666666667, 0.7857142857142857, 0.9285714285714286, 0.8333333333333334, 0.8333333333333334, 0.8333333333333334]
 mean: 0.7349206349206351, std: 0.14511878176640536
F1 (Intime): [0.7754010695187166, 0.7543859649122806, 0.8285714285714285, 0.625, 0.625, 0.7142857142857143, 0.8444444444444444, 0.4, 0.4125874125874126, 0.4125874125874126, 0.7754010695187166, 0.9251336898395721, 0.8125, 0.8285714285714285, 0.8333333333333334]
 mean: 0.7044801978780307, std: 0.16648084848643419
--------------------------------------------------
Subject Number: 9
Accuracy Cross: [0.875, 0.84375, 0.875, 0.90625, 0.90625, 0.78125, 0.8125, 0.59375, 0.6875, 0.8125, 0.84375, 0.78125, 0.75, 0.8125, 0.875]
 mean: 0.8104166666666667, std: 0.08186201126828542
F1 Score: [0.873015873015873, 0.8303287380699894, 0.8704453441295547, 0.9039039039039038, 0.9015384615384616, 0.7793103448275862, 0.8117647058823529, 0.5901477832512315, 0.6825396825396826, 0.8125, 0.8435972629521017, 0.7757757757757757, 0.7490196078431373, 0.8117647058823529, 0.8704453441295547]
 mean: 0.8070731689161039, std: 0.08177791877095449
Accuracy Intime: [1.0, 0.9285714285714286, 0.75, 0.5833333333333334, 0.5833333333333334, 1.0, 1.0, 1.0, 0.8333333333333334, 0.8333333333333334, 1.0, 1.0, 0.8333333333333334, 0.8333333333333334, 0.75]
 mean: 0.861904761904762, std: 0.14198144300833881
F1 (Intime): [1.0, 0.9251336898395721, 0.6974789915966386, 0.4957983193277311, 0.5804195804195804, 1.0, 1.0, 1.0, 0.8285714285714285, 0.8285714285714285, 1.0, 1.0, 0.8125, 0.8285714285714285, 0.7333333333333334]
 mean: 0.8486918800154093, std: 0.15883102279437525
--------------------------------------------------
Subject Number: 10
Accuracy Cross: [0.53125, 0.5, 0.71875, 0.5625, 0.53125, 0.5625, 0.65625, 0.59375, 0.5, 0.53125, 0.5454545454545454, 0.5757575757575758, 0.5757575757575758, 0.6666666666666666, 0.5151515151515151]
 mean: 0.5710858585858586, std: 0.06194124533117013
F1 Score: [0.43859649122807015, 0.4181818181818182, 0.7046153846153846, 0.5151515151515151, 0.5270935960591133, 0.5607843137254902, 0.6267232237539766, 0.5901477832512315, 0.4817813765182186, 0.5076923076923077, 0.543778801843318, 0.5657894736842105, 0.5753676470588236, 0.6552706552706553, 0.5037593984962406]
 mean: 0.547648919102025, std: 0.07463638580775572
Accuracy Intime: [0.7857142857142857, 0.8571428571428571, 0.75, 0.75, 0.6666666666666666, 0.6428571428571429, 0.7857142857142857, 0.8333333333333334, 0.75, 0.75, 0.7142857142857143, 0.8571428571428571, 0.8333333333333334, 0.9166666666666666, 0.9166666666666666]
 mean: 0.7873015873015873, std: 0.07907088329807577
F1 (Intime): [0.7543859649122806, 0.8444444444444444, 0.7333333333333334, 0.7333333333333334, 0.6571428571428571, 0.641025641025641, 0.7846153846153847, 0.7777777777777777, 0.7482517482517483, 0.7333333333333334, 0.65, 0.8571428571428571, 0.8125, 0.916083916083916, 0.916083916083916]
 mean: 0.7706303004987216, std: 0.08422687848749431
--------------------------------------------------
Subject Number: 11
Accuracy Cross: [0.48484848484848486, 0.36363636363636365, 0.3939393939393939, 0.5151515151515151, 0.48484848484848486, 0.6060606060606061, 0.5757575757575758, 0.6060606060606061, 0.5151515151515151, 0.5454545454545454, 0.48484848484848486, 0.6666666666666666, 0.5757575757575758, 0.6060606060606061, 0.5757575757575758]
 mean: 0.5333333333333333, std: 0.07963799331081625
F1 Score: [0.4327603640040445, 0.35414725069897485, 0.39338235294117646, 0.5111111111111111, 0.45268292682926825, 0.4849939975990396, 0.49782608695652175, 0.5662285136501517, 0.49230769230769234, 0.35294117647058826, 0.32653061224489793, 0.6329625884732053, 0.5227272727272727, 0.5662285136501517, 0.4652777777777778]
 mean: 0.4701405491627916, std: 0.08419450624054826
Accuracy Intime: [0.6428571428571429, 0.7857142857142857, 0.7142857142857143, 0.8333333333333334, 0.6666666666666666, 0.6428571428571429, 0.42857142857142855, 0.6428571428571429, 0.4166666666666667, 0.5, 0.42857142857142855, 0.7857142857142857, 0.5714285714285714, 0.5833333333333334, 0.5]
 mean: 0.6095238095238096, std: 0.131291048362775
F1 (Intime): [0.5906432748538011, 0.7543859649122806, 0.6888888888888889, 0.8285714285714285, 0.625, 0.5238095238095237, 0.37777777777777777, 0.641025641025641, 0.4125874125874126, 0.4375, 0.41666666666666663, 0.7754010695187166, 0.475, 0.5555555555555556, 0.4857142857142857]
 mean: 0.5725684993254653, std: 0.13828596309593127
--------------------------------------------------
Subject Number: 12
Accuracy Cross: [0.71875, 0.875, 0.8125, 0.78125, 0.78125, 0.7878787878787878, 0.7575757575757576, 0.7272727272727273, 0.7575757575757576, 0.7272727272727273, 0.71875, 0.625, 0.71875, 0.75, 0.8125]
 mean: 0.7567550505050505, std: 0.05528320813062645
F1 Score: [0.694591728525981, 0.873015873015873, 0.7922077922077921, 0.7702564102564102, 0.751937984496124, 0.7664307381193125, 0.7272727272727273, 0.6857142857142857, 0.7272727272727273, 0.6857142857142857, 0.7046153846153846, 0.5844155844155844, 0.716256157635468, 0.7333333333333334, 0.8056680161943319]
 mean: 0.7345802019193083, std: 0.06345268707810793
Accuracy Intime: [0.9285714285714286, 1.0, 0.9166666666666666, 0.5, 0.5, 0.8571428571428571, 0.9285714285714286, 0.9166666666666666, 0.5833333333333334, 0.5, 0.9285714285714286, 0.6428571428571429, 1.0, 0.8333333333333334, 0.5833333333333334]
 mean: 0.7746031746031746, std: 0.18975392161548474
F1 (Intime): [0.9251336898395721, 1.0, 0.9111111111111111, 0.3333333333333333, 0.3333333333333333, 0.8444444444444444, 0.9251336898395721, 0.9111111111111111, 0.4957983193277311, 0.3333333333333333, 0.9251336898395721, 0.5906432748538011, 1.0, 0.8285714285714285, 0.4957983193277311]
 mean: 0.7235252718844051, std: 0.25152514126630304
--------------------------------------------------
Subject Number: 13
Accuracy Cross: [0.90625, 0.9375, 0.75, 0.90625, 0.90625, 0.8787878787878788, 0.8181818181818182, 0.8787878787878788, 0.8787878787878788, 0.7575757575757576, 0.90625, 0.8125, 0.875, 0.875, 0.875]
 mean: 0.8641414141414142, std: 0.05331348751703894
F1 Score: [0.9039039039039038, 0.9352226720647774, 0.7090909090909091, 0.9039039039039038, 0.9015384615384616, 0.8759398496240601, 0.8139097744360901, 0.8730769230769231, 0.8730769230769231, 0.7518796992481203, 0.906158357771261, 0.8056680161943319, 0.8745098039215686, 0.8745098039215686, 0.8745098039215686]
 mean: 0.8584599203796248, std: 0.06005638263581869
Accuracy Intime: [0.7142857142857143, 0.6428571428571429, 0.8333333333333334, 0.75, 0.9166666666666666, 0.9285714285714286, 0.7142857142857143, 0.9166666666666666, 0.8333333333333334, 0.8333333333333334, 0.9285714285714286, 0.7857142857142857, 1.0, 1.0, 0.9166666666666666]
 mean: 0.8476190476190477, std: 0.10497813183356478
F1 (Intime): [0.65, 0.5238095238095237, 0.7777777777777777, 0.7482517482517483, 0.916083916083916, 0.9251336898395721, 0.6888888888888889, 0.8991596638655461, 0.8333333333333334, 0.8285714285714285, 0.9282051282051282, 0.7543859649122806, 1.0, 1.0, 0.916083916083916]
 mean: 0.8259789986415373, std: 0.13091004658880773
--------------------------------------------------
Subject Number: 14
Accuracy Cross: [0.6875, 0.75, 0.8125, 0.6875, 0.96875, 0.78125, 0.8125, 0.6875, 0.84375, 0.625, 0.65625, 0.625, 0.6875, 0.65625, 0.78125]
 mean: 0.7375, std: 0.09256191621467942
F1 Score: [0.6862745098039216, 0.7333333333333334, 0.8056680161943319, 0.6875, 0.9684729064039409, 0.7757757757757757, 0.8095238095238095, 0.6666666666666667, 0.8423645320197044, 0.5636363636363637, 0.5594493116395495, 0.536231884057971, 0.6536796536796536, 0.6389743589743591, 0.751937984496124]
 mean: 0.7119659404137002, std: 0.1141357145964643
Accuracy Intime: [0.7857142857142857, 0.7142857142857143, 0.75, 0.6666666666666666, 0.9166666666666666, 0.9285714285714286, 0.7857142857142857, 0.8333333333333334, 0.75, 0.75, 0.5714285714285714, 0.5714285714285714, 0.6666666666666666, 0.75, 0.8333333333333334]
 mean: 0.7515873015873016, std: 0.10165548307198755
F1 (Intime): [0.7754010695187166, 0.6888888888888889, 0.6210526315789473, 0.6571428571428571, 0.916083916083916, 0.9251336898395721, 0.7754010695187166, 0.8125, 0.7482517482517483, 0.7333333333333334, 0.36363636363636365, 0.5333333333333333, 0.4, 0.7482517482517483, 0.8285714285714285]
 mean: 0.7017988051966382, std: 0.1597425286813979
--------------------------------------------------
Subject Number: 15
Accuracy Cross: [0.78125, 0.71875, 0.75, 0.71875, 0.78125, 0.78125, 0.5, 0.59375, 0.78125, 0.625, 0.65625, 0.40625, 0.5, 0.65625, 0.625]
 mean: 0.6583333333333333, std: 0.11437481026092337
F1 Score: [0.7624602332979851, 0.716256157635468, 0.7408906882591093, 0.718475073313783, 0.7810361681329423, 0.7757757757757757, 0.5, 0.5933528836754643, 0.7757757757757757, 0.6190476190476191, 0.6559139784946236, 0.4056695992179863, 0.4920634920634921, 0.6389743589743591, 0.6190476190476191]
 mean: 0.6529826281808001, std: 0.11286749870647755
Accuracy Intime: [0.7857142857142857, 0.7857142857142857, 0.8333333333333334, 0.8333333333333334, 0.75, 0.7857142857142857, 0.6428571428571429, 0.75, 0.75, 0.5833333333333334, 0.7857142857142857, 0.9285714285714286, 0.9166666666666666, 0.8333333333333334, 0.8333333333333334]
 mean: 0.7865079365079365, std: 0.08633665875220581
F1 (Intime): [0.7754010695187166, 0.7754010695187166, 0.8285714285714285, 0.8333333333333334, 0.7482517482517483, 0.7754010695187166, 0.625668449197861, 0.7482517482517483, 0.7333333333333334, 0.5804195804195804, 0.7543859649122806, 0.9251336898395721, 0.9111111111111111, 0.8285714285714285, 0.8285714285714285]
 mean: 0.7781204301947339, std: 0.08819928064532678
--------------------------------------------------
Subject Number: 16
Accuracy Cross: [0.625, 0.5625, 0.5625, 0.625, 0.5625, 0.6875, 0.6875, 0.6875, 0.65625, 0.6875, 0.5625, 0.53125, 0.59375, 0.4375, 0.53125]
 mean: 0.6, std: 0.07144345083117604
F1 Score: [0.625, 0.5333333333333333, 0.5625, 0.6235294117647059, 0.5555555555555556, 0.6761133603238867, 0.6666666666666667, 0.6862745098039216, 0.6532019704433498, 0.6761133603238867, 0.5333333333333333, 0.4684385382059801, 0.4793491864831039, 0.41700404858299595, 0.43859649122807015]
 mean: 0.5730006510699194, std: 0.08952576106153312
Accuracy Intime: [0.7857142857142857, 0.5714285714285714, 0.75, 0.8333333333333334, 0.6666666666666666, 0.7857142857142857, 0.6428571428571429, 0.6666666666666666, 0.5833333333333334, 0.5, 0.7142857142857143, 0.7857142857142857, 0.75, 0.8333333333333334, 0.6666666666666666]
 mean: 0.7023809523809524, std: 0.096421222530079
F1 (Intime): [0.7846153846153847, 0.5333333333333333, 0.6974789915966386, 0.8333333333333334, 0.625, 0.7543859649122806, 0.5906432748538011, 0.6666666666666666, 0.5555555555555556, 0.4857142857142857, 0.7083333333333333, 0.7543859649122806, 0.7333333333333334, 0.8333333333333334, 0.6666666666666666]
 mean: 0.6815186281440151, std: 0.10297602889161034
--------------------------------------------------
Subject Number: 17
Accuracy Cross: [0.5757575757575758, 0.5454545454545454, 0.5454545454545454, 0.6060606060606061, 0.6363636363636364, 0.5151515151515151, 0.5454545454545454, 0.5151515151515151, 0.5454545454545454, 0.5454545454545454, 0.34375, 0.625, 0.46875, 0.5625, 0.65625]
 mean: 0.5488005050505049, std: 0.0730234744002805
F1 Score: [0.5657894736842105, 0.5170731707317073, 0.5170731707317073, 0.4849939975990396, 0.6333333333333333, 0.47619047619047616, 0.47619047619047616, 0.5111111111111111, 0.5170731707317073, 0.4994944388270981, 0.32732732732732733, 0.5844155844155844, 0.4682306940371457, 0.5465587044534412, 0.6101882613510521]
 mean: 0.5156695593810279, std: 0.06978082953257092
Accuracy Intime: [0.8571428571428571, 0.8571428571428571, 0.6666666666666666, 0.5, 0.6666666666666666, 0.9285714285714286, 0.7142857142857143, 0.4166666666666667, 0.6666666666666666, 0.9166666666666666, 0.8571428571428571, 0.9285714285714286, 0.5714285714285714, 0.8333333333333334, 0.5833333333333334]
 mean: 0.730952380952381, std: 0.15976645843107043
F1 (Intime): [0.8571428571428571, 0.8444444444444444, 0.625, 0.3333333333333333, 0.625, 0.9282051282051282, 0.65, 0.4125874125874126, 0.6571428571428571, 0.916083916083916, 0.8571428571428571, 0.9251336898395721, 0.5625, 0.8333333333333334, 0.4957983193277311]
 mean: 0.7015232099055628, std: 0.18809424879483455
--------------------------------------------------
Subject Number: 18
Accuracy Cross: [0.7272727272727273, 0.7878787878787878, 0.7878787878787878, 0.7878787878787878, 0.8181818181818182, 0.8125, 0.6875, 0.71875, 0.78125, 0.78125, 0.90625, 0.6875, 0.84375, 0.75, 0.875]
 mean: 0.7835227272727273, std: 0.06114990368630854
F1 Score: [0.723205964585275, 0.7746341463414634, 0.7878787878787878, 0.7746341463414634, 0.8139097744360901, 0.7922077922077921, 0.6761133603238867, 0.718475073313783, 0.7793103448275862, 0.751937984496124, 0.9015384615384616, 0.6363636363636364, 0.8423645320197044, 0.7490196078431373, 0.8745098039215686]
 mean: 0.7730735610959172, std: 0.06756449768395895
Accuracy Intime: [1.0, 0.9285714285714286, 0.9166666666666666, 0.75, 0.6666666666666666, 0.9285714285714286, 1.0, 0.9166666666666666, 0.9166666666666666, 0.75, 1.0, 0.7142857142857143, 1.0, 0.9166666666666666, 0.6666666666666666]
 mean: 0.8714285714285713, std: 0.12079667518062688
F1 (Intime): [1.0, 0.9251336898395721, 0.9111111111111111, 0.7333333333333334, 0.625, 0.9251336898395721, 1.0, 0.8991596638655461, 0.916083916083916, 0.7333333333333334, 1.0, 0.65, 1.0, 0.916083916083916, 0.625]
 mean: 0.8572915102326868, std: 0.13756217539244325
--------------------------------------------------
Subject Number: 19
Accuracy Cross: [0.53125, 0.59375, 0.625, 0.59375, 0.625, 0.5625, 0.5625, 0.71875, 0.625, 0.53125, 0.71875, 0.65625, 0.59375, 0.75, 0.71875]
 mean: 0.6270833333333333, std: 0.06890764753558845
F1 Score: [0.3992490613266583, 0.5134502923976608, 0.5844155844155844, 0.4793491864831039, 0.536231884057971, 0.49090909090909085, 0.45893719806763283, 0.694591728525981, 0.6, 0.4909862142099682, 0.7046153846153846, 0.6532019704433498, 0.5933528836754643, 0.7408906882591093, 0.7046153846153846]
 mean: 0.5763197701334897, std: 0.10181390729190538
Accuracy Intime: [0.7857142857142857, 0.7857142857142857, 0.75, 0.6666666666666666, 0.9166666666666666, 0.8571428571428571, 0.7857142857142857, 0.8333333333333334, 0.6666666666666666, 0.6666666666666666, 0.7857142857142857, 0.9285714285714286, 0.9166666666666666, 0.6666666666666666, 0.6666666666666666]
 mean: 0.7785714285714286, std: 0.09432098105870211
F1 (Intime): [0.7846153846153847, 0.7543859649122806, 0.7482517482517483, 0.625, 0.916083916083916, 0.8444444444444444, 0.7543859649122806, 0.8125, 0.625, 0.6666666666666666, 0.7754010695187166, 0.9251336898395721, 0.8991596638655461, 0.625, 0.625]
 mean: 0.7587352342073704, std: 0.10440789674778432
--------------------------------------------------
Subject Number: 20
Accuracy Cross: [0.65625, 0.71875, 0.5625, 0.625, 0.65625, 0.59375, 0.75, 0.59375, 0.65625, 0.65625, 0.5454545454545454, 0.5757575757575758, 0.6666666666666666, 0.5151515151515151, 0.7272727272727273]
 mean: 0.633270202020202, std: 0.0664171418840599
F1 Score: [0.6532019704433498, 0.694591728525981, 0.5555555555555556, 0.5844155844155844, 0.6389743589743591, 0.5588547189819725, 0.746031746031746, 0.5835835835835836, 0.6476476476476476, 0.6389743589743591, 0.5299145299145299, 0.5557692307692308, 0.6458536585365854, 0.5111111111111111, 0.6857142857142857]
 mean: 0.6153462712786587, std: 0.06495058406723023
Accuracy Intime: [0.9285714285714286, 0.8571428571428571, 0.8333333333333334, 0.5833333333333334, 0.8333333333333334, 0.8571428571428571, 0.7857142857142857, 0.9166666666666666, 0.5833333333333334, 0.5833333333333334, 1.0, 0.8571428571428571, 0.8333333333333334, 0.6666666666666666, 0.8333333333333334]
 mean: 0.7968253968253969, std: 0.12729129515454482
F1 (Intime): [0.9251336898395721, 0.8444444444444444, 0.8285714285714285, 0.4957983193277311, 0.8333333333333334, 0.8541666666666667, 0.7754010695187166, 0.8991596638655461, 0.5804195804195804, 0.4957983193277311, 1.0, 0.8444444444444444, 0.8125, 0.6571428571428571, 0.8285714285714285]
 mean: 0.7783256830315655, std: 0.14663679725113204
--------------------------------------------------
Subject Number: 21
Accuracy Cross: [0.40625, 0.375, 0.4375, 0.4375, 0.46875, 0.46875, 0.40625, 0.40625, 0.59375, 0.5625, 0.46875, 0.5, 0.375, 0.46875, 0.40625]
 mean: 0.45208333333333334, std: 0.06130807903984234
F1 Score: [0.4056695992179863, 0.37254901960784315, 0.41700404858299595, 0.34545454545454546, 0.464039408866995, 0.4420512820512821, 0.3913913913913914, 0.3764102564102564, 0.5733333333333333, 0.5465587044534412, 0.45545545545545546, 0.4666666666666667, 0.3073593073593074, 0.4682306940371457, 0.3266888150609081]
 mean: 0.4239241685299703, std: 0.07285620695381204
Accuracy Intime: [0.42857142857142855, 0.7857142857142857, 0.5, 0.5, 0.5, 0.5714285714285714, 0.5714285714285714, 0.5833333333333334, 0.5833333333333334, 0.6666666666666666, 0.5714285714285714, 0.6428571428571429, 0.6666666666666666, 0.5, 0.75]
 mean: 0.5880952380952382, std: 0.09591032596838599
F1 (Intime): [0.37777777777777777, 0.7846153846153847, 0.3333333333333333, 0.3333333333333333, 0.4857142857142857, 0.475, 0.5625, 0.3684210526315789, 0.4957983193277311, 0.6666666666666666, 0.5714285714285714, 0.625668449197861, 0.4, 0.4857142857142857, 0.7482517482517483]
 mean: 0.5142815471995039, std: 0.13928668289260848
--------------------------------------------------
Subject Number: 22
Accuracy Cross: [0.59375, 0.65625, 0.71875, 0.6875, 0.78125, 0.7272727272727273, 0.6060606060606061, 0.696969696969697, 0.696969696969697, 0.6363636363636364, 0.6875, 0.875, 0.59375, 0.8125, 0.6875]
 mean: 0.6971590909090909, std: 0.07690280214635506
F1 Score: [0.5933528836754643, 0.6267232237539766, 0.7046153846153846, 0.6536796536796536, 0.7757757757757757, 0.7102439024390244, 0.4849939975990396, 0.6726190476190477, 0.6413043478260869, 0.5695652173913044, 0.6135265700483092, 0.8704453441295547, 0.4793491864831039, 0.8056680161943319, 0.6135265700483092]
 mean: 0.6543592747518912, std: 0.1048191721370788
Accuracy Intime: [0.8571428571428571, 0.8571428571428571, 0.75, 0.6666666666666666, 0.6666666666666666, 0.8571428571428571, 1.0, 0.6666666666666666, 0.5833333333333334, 0.5, 0.8571428571428571, 0.8571428571428571, 0.8333333333333334, 0.75, 0.5]
 mean: 0.7468253968253968, std: 0.1414926012575654
F1 (Intime): [0.8444444444444444, 0.8444444444444444, 0.6210526315789473, 0.625, 0.625, 0.8444444444444444, 1.0, 0.5555555555555556, 0.5555555555555556, 0.5, 0.8444444444444444, 0.8571428571428571, 0.7777777777777777, 0.7482517482517483, 0.3333333333333333]
 mean: 0.7050964824649035, std: 0.17122970849786026
--------------------------------------------------
Subject Number: 23
Accuracy Cross: [0.9090909090909091, 0.7878787878787878, 0.7878787878787878, 0.7272727272727273, 0.8484848484848485, 0.53125, 0.6875, 0.78125, 0.71875, 0.84375, 0.8181818181818182, 0.7878787878787878, 0.8181818181818182, 0.8484848484848485, 0.8181818181818182]
 mean: 0.7809343434343433, std: 0.08626380534642342
F1 Score: [0.907735321528425, 0.7664307381193125, 0.7806267806267806, 0.6857142857142857, 0.8433048433048433, 0.5270935960591133, 0.6862745098039216, 0.7810361681329423, 0.716256157635468, 0.8358974358974359, 0.8096153846153846, 0.7664307381193125, 0.8180147058823529, 0.8433048433048433, 0.8035714285714286]
 mean: 0.7714204624877233, std: 0.08767303747133172
Accuracy Intime: [0.8571428571428571, 0.8571428571428571, 0.9166666666666666, 0.5, 0.75, 0.8571428571428571, 0.9285714285714286, 1.0, 0.9166666666666666, 0.6666666666666666, 0.9285714285714286, 0.7142857142857143, 0.9166666666666666, 0.6666666666666666, 0.5833333333333334]
 mean: 0.8039682539682539, std: 0.14278216727417045
F1 (Intime): [0.8571428571428571, 0.8571428571428571, 0.9111111111111111, 0.3333333333333333, 0.7482517482517483, 0.8541666666666667, 0.9251336898395721, 1.0, 0.916083916083916, 0.625, 0.9282051282051282, 0.6888888888888889, 0.9111111111111111, 0.6571428571428571, 0.4957983193277311]
 mean: 0.7805674989498519, std: 0.1808194866958034
--------------------------------------------------
Subject Number: 24
Accuracy Cross: [0.5625, 0.46875, 0.5, 0.46875, 0.59375, 0.71875, 0.65625, 0.625, 0.625, 0.53125, 0.4375, 0.4375, 0.5625, 0.53125, 0.5]
 mean: 0.5479166666666667, std: 0.08057949835755715
F1 Score: [0.5465587044534412, 0.4682306940371457, 0.4980392156862745, 0.4420512820512821, 0.5901477832512315, 0.7046153846153846, 0.6559139784946236, 0.611336032388664, 0.6, 0.4909862142099682, 0.4375, 0.41700404858299595, 0.5607843137254902, 0.530791788856305, 0.4980392156862745]
 mean: 0.5367999104026053, std: 0.08101312507888843
Accuracy Intime: [0.5, 0.5, 0.5, 0.6666666666666666, 0.6666666666666666, 0.5, 0.6428571428571429, 0.4166666666666667, 0.9166666666666666, 0.5833333333333334, 0.7142857142857143, 0.6428571428571429, 0.6666666666666666, 0.5833333333333334, 0.4166666666666667]
 mean: 0.5944444444444444, std: 0.12587311595504339
F1 (Intime): [0.47593582887700536, 0.47593582887700536, 0.4375, 0.6666666666666666, 0.6666666666666666, 0.4269005847953216, 0.5906432748538011, 0.4125874125874126, 0.916083916083916, 0.4957983193277311, 0.6888888888888889, 0.641025641025641, 0.625, 0.5804195804195804, 0.37777777777777777]
 mean: 0.5651886924564943, std: 0.13755446962577883
--------------------------------------------------
Subject Number: 25
Accuracy Cross: [0.45454545454545453, 0.48484848484848486, 0.5151515151515151, 0.48484848484848486, 0.48484848484848486, 0.625, 0.625, 0.59375, 0.6875, 0.625, 0.75, 0.625, 0.625, 0.5625, 0.5625]
 mean: 0.5803661616161616, std: 0.08102937856288117
F1 Score: [0.35434782608695653, 0.4771668219944082, 0.45454545454545453, 0.45268292682926825, 0.4327603640040445, 0.5636363636363637, 0.6235294117647059, 0.5835835835835836, 0.6363636363636364, 0.5, 0.7333333333333334, 0.6, 0.5636363636363637, 0.45893719806763283, 0.5333333333333333]
 mean: 0.5311904411452724, std: 0.09386199103485429
Accuracy Intime: [0.8571428571428571, 0.7142857142857143, 0.9166666666666666, 0.75, 0.75, 0.6428571428571429, 0.5714285714285714, 0.5833333333333334, 0.6666666666666666, 0.5833333333333334, 0.7857142857142857, 0.5714285714285714, 0.5, 0.5, 0.5]
 mean: 0.6595238095238095, std: 0.1276125324089118
F1 (Intime): [0.8444444444444444, 0.7083333333333333, 0.8991596638655461, 0.7482517482517483, 0.7333333333333334, 0.5238095238095237, 0.5714285714285714, 0.5555555555555556, 0.625, 0.4957983193277311, 0.7754010695187166, 0.5625, 0.3333333333333333, 0.3333333333333333, 0.4857142857142857]
 mean: 0.6130264343499638, std: 0.16446511013268678
--------------------------------------------------
Subject Number: 26
Accuracy Cross: [0.7272727272727273, 0.7272727272727273, 0.7878787878787878, 0.8181818181818182, 0.9090909090909091, 0.75, 0.78125, 0.75, 0.71875, 0.8125, 0.9375, 0.71875, 0.8125, 0.96875, 0.9375]
 mean: 0.810479797979798, std: 0.08424792723590639
F1 Score: [0.7262672811059908, 0.7102439024390244, 0.7664307381193125, 0.8035714285714286, 0.905982905982906, 0.7090909090909091, 0.7793103448275862, 0.7490196078431373, 0.681063122923588, 0.7922077922077921, 0.9352226720647774, 0.6631578947368422, 0.7922077922077921, 0.967967967967968, 0.9352226720647774]
 mean: 0.7944644688102555, std: 0.09468310337929893
Accuracy Intime: [0.8571428571428571, 0.8571428571428571, 0.75, 0.5, 0.75, 0.9285714285714286, 1.0, 1.0, 0.6666666666666666, 0.9166666666666666, 0.9285714285714286, 1.0, 0.6666666666666666, 0.9166666666666666, 0.9166666666666666]
 mean: 0.8436507936507935, std: 0.1419858793045797
F1 (Intime): [0.8571428571428571, 0.8541666666666667, 0.6974789915966386, 0.3333333333333333, 0.7333333333333334, 0.9251336898395721, 1.0, 1.0, 0.625, 0.916083916083916, 0.9282051282051282, 1.0, 0.5555555555555556, 0.916083916083916, 0.916083916083916]
 mean: 0.8171734202616555, std: 0.1857251959580938
--------------------------------------------------
Subject Number: 27
Accuracy Cross: [0.5757575757575758, 0.5454545454545454, 0.5454545454545454, 0.6060606060606061, 0.6363636363636364, 0.5151515151515151, 0.5454545454545454, 0.5151515151515151, 0.5454545454545454, 0.5454545454545454, 0.34375, 0.625, 0.46875, 0.5625, 0.65625]
 mean: 0.5488005050505049, std: 0.0730234744002805
F1 Score: [0.5657894736842105, 0.5170731707317073, 0.5170731707317073, 0.4849939975990396, 0.6333333333333333, 0.47619047619047616, 0.47619047619047616, 0.5111111111111111, 0.5170731707317073, 0.4994944388270981, 0.32732732732732733, 0.5844155844155844, 0.4682306940371457, 0.5465587044534412, 0.6101882613510521]
 mean: 0.5156695593810279, std: 0.06978082953257092
Accuracy Intime: [0.8571428571428571, 0.8571428571428571, 0.6666666666666666, 0.5, 0.6666666666666666, 0.9285714285714286, 0.7142857142857143, 0.4166666666666667, 0.6666666666666666, 0.9166666666666666, 0.8571428571428571, 0.9285714285714286, 0.5714285714285714, 0.8333333333333334, 0.5833333333333334]
 mean: 0.730952380952381, std: 0.15976645843107043
F1 (Intime): [0.8571428571428571, 0.8444444444444444, 0.625, 0.3333333333333333, 0.625, 0.9282051282051282, 0.65, 0.4125874125874126, 0.6571428571428571, 0.916083916083916, 0.8571428571428571, 0.9251336898395721, 0.5625, 0.8333333333333334, 0.4957983193277311]
 mean: 0.7015232099055628, std: 0.18809424879483455
--------------------------------------------------
Subject Number: 28
Accuracy Cross: [0.6875, 0.625, 0.65625, 0.53125, 0.53125, 0.65625, 0.40625, 0.3125, 0.4375, 0.65625, 0.40625, 0.5, 0.40625, 0.59375, 0.375]
 mean: 0.51875, std: 0.11847556006760776
F1 Score: [0.6666666666666667, 0.6, 0.6532019704433498, 0.5076923076923077, 0.5195195195195195, 0.6389743589743591, 0.4009852216748768, 0.30158730158730157, 0.43529411764705883, 0.6101882613510521, 0.4009852216748768, 0.4181818181818182, 0.28888888888888886, 0.5933528836754643, 0.2727272727272727]
 mean: 0.48721638738032086, std: 0.1330375614133836
Accuracy Intime: [0.7857142857142857, 0.5714285714285714, 0.6666666666666666, 0.75, 0.5833333333333334, 0.5714285714285714, 0.6428571428571429, 0.75, 0.75, 0.4166666666666667, 0.7857142857142857, 0.7142857142857143, 1.0, 0.5833333333333334, 0.6666666666666666]
 mean: 0.6825396825396824, std: 0.13009580360409134
F1 (Intime): [0.7846153846153847, 0.5625, 0.4, 0.7333333333333334, 0.5804195804195804, 0.36363636363636365, 0.641025641025641, 0.6210526315789473, 0.7333333333333334, 0.29411764705882354, 0.7846153846153847, 0.65, 1.0, 0.5804195804195804, 0.6666666666666666]
 mean: 0.6263823697802026, std: 0.17396481896460345
--------------------------------------------------
Subject Number: 29
Accuracy Cross: [0.78125, 0.8125, 0.78125, 0.78125, 1.0, 0.90625, 0.9375, 0.9375, 0.9375, 0.9375, 0.9696969696969697, 0.9090909090909091, 0.9696969696969697, 0.9696969696969697, 1.0]
 mean: 0.9087121212121211, std: 0.07708961518592058
F1 Score: [0.751937984496124, 0.7922077922077921, 0.751937984496124, 0.751937984496124, 1.0, 0.9054187192118226, 0.9352226720647774, 0.9372549019607843, 0.9352226720647774, 0.9352226720647774, 0.9692451071761417, 0.905982905982906, 0.9695852534562213, 0.9695852534562213, 1.0]
 mean: 0.9007174602089729, std: 0.08832991764884578
Accuracy Intime: [1.0, 0.9285714285714286, 1.0, 1.0, 0.9166666666666666, 0.7142857142857143, 1.0, 1.0, 0.9166666666666666, 0.8333333333333334, 1.0, 0.9285714285714286, 1.0, 1.0, 0.6666666666666666]
 mean: 0.926984126984127, std: 0.104767917095392
F1 (Intime): [1.0, 0.9282051282051282, 1.0, 1.0, 0.916083916083916, 0.7142857142857143, 1.0, 1.0, 0.916083916083916, 0.8285714285714285, 1.0, 0.9251336898395721, 1.0, 1.0, 0.6571428571428571]
 mean: 0.9257004433475022, std: 0.10664844211481776
--------------------------------------------------
**************************************************
accuracy_cross_list: [0.8208964646464646, 0.6607954545454545, 0.5536616161616161, 0.7717171717171717, 0.6020833333333333, 0.6476641414141413, 0.5625, 0.725, 0.8104166666666667, 0.5710858585858586, 0.5333333333333333, 0.7567550505050505, 0.8641414141414142, 0.7375, 0.6583333333333333, 0.6, 0.5488005050505049, 0.7835227272727273, 0.6270833333333333, 0.633270202020202, 0.45208333333333334, 0.6971590909090909, 0.7809343434343433, 0.5479166666666667, 0.5803661616161616, 0.810479797979798, 0.5488005050505049, 0.51875, 0.9087121212121211]
f1_score_list: [0.8098288330786229, 0.6525031091915429, 0.5231761926818732, 0.754750212960202, 0.5938983496557395, 0.6086672535806467, 0.5527797858894706, 0.7064878501089205, 0.8070731689161039, 0.547648919102025, 0.4701405491627916, 0.7345802019193083, 0.8584599203796248, 0.7119659404137002, 0.6529826281808001, 0.5730006510699194, 0.5156695593810279, 0.7730735610959172, 0.5763197701334897, 0.6153462712786587, 0.4239241685299703, 0.6543592747518912, 0.7714204624877233, 0.5367999104026053, 0.5311904411452724, 0.7944644688102555, 0.5156695593810279, 0.48721638738032086, 0.9007174602089729]
accuracy_intime_list: [0.8833333333333333, 0.6595238095238094, 0.6103174603174605, 0.8142857142857144, 0.7444444444444444, 0.7595238095238096, 0.6277777777777778, 0.7349206349206351, 0.861904761904762, 0.7873015873015873, 0.6095238095238096, 0.7746031746031746, 0.8476190476190477, 0.7515873015873016, 0.7865079365079365, 0.7023809523809524, 0.730952380952381, 0.8714285714285713, 0.7785714285714286, 0.7968253968253969, 0.5880952380952382, 0.7468253968253968, 0.8039682539682539, 0.5944444444444444, 0.6595238095238095, 0.8436507936507935, 0.730952380952381, 0.6825396825396824, 0.926984126984127]
f1_score_intime_list: [0.8771681477563834, 0.6385245799951683, 0.5845917000096565, 0.8013608562060576, 0.7264497593909359, 0.7326273061876777, 0.583547776612792, 0.7044801978780307, 0.8486918800154093, 0.7706303004987216, 0.5725684993254653, 0.7235252718844051, 0.8259789986415373, 0.7017988051966382, 0.7781204301947339, 0.6815186281440151, 0.7015232099055628, 0.8572915102326868, 0.7587352342073704, 0.7783256830315655, 0.5142815471995039, 0.7050964824649035, 0.7805674989498519, 0.5651886924564943, 0.6130264343499638, 0.8171734202616555, 0.7015232099055628, 0.6263823697802026, 0.9257004433475022]
**************************************************
ACC: 66.60±11.71
F1: 64.32±12.56
Intime: 74.86±9.04
F1 (Intime): 72.06±10.16
