1e-04
Subject Number: 1
Accuracy Cross: [0.5588235294117647, 0.4852941176470588, 0.4264705882352941, 0.5147058823529411, 0.5147058823529411, 0.4927536231884058, 0.43478260869565216, 0.42028985507246375, 0.43478260869565216, 0.4927536231884058, 0.5147058823529411, 0.5735294117647058, 0.5735294117647058, 0.4411764705882353, 0.5294117647058824]
 mean: 0.49384768400113666, std: 0.051164975486188286
F1 Score: [0.5770989974937344, 0.4872994652406417, 0.465583014466319, 0.5538368636194724, 0.5574010959636462, 0.43889365351629506, 0.41859548167092925, 0.42014844804318485, 0.4128056628056628, 0.4678388278388279, 0.48902597402597403, 0.5639700724807107, 0.5608003108003108, 0.4436362790264787, 0.4945962732919254]
 mean: 0.490102028018941, std: 0.056864356345314615
Accuracy Intime: [0.6071428571428571, 0.6071428571428571, 0.39285714285714285, 0.5384615384615384, 0.5384615384615384, 0.6428571428571429, 0.6785714285714286, 0.5, 0.6538461538461539, 0.6923076923076923, 0.5, 0.75, 0.5, 0.46153846153846156, 0.5384615384615384]
 mean: 0.5734432234432235, std: 0.09483112539979001
F1 (Intime): [0.5976190476190476, 0.5888257575757575, 0.3993107769423559, 0.5555555555555556, 0.5598290598290598, 0.6526806526806527, 0.6489832535885167, 0.4979209387104124, 0.6824404761904762, 0.7138888888888889, 0.48146853146853147, 0.7689393939393939, 0.49683649683649683, 0.458420868347339, 0.5286713286713287]
 mean: 0.5754260684562542, std: 0.09955392527916868
--------------------------------------------------
Subject Number: 2
Accuracy Cross: [0.30434782608695654, 0.37681159420289856, 0.3188405797101449, 0.3188405797101449, 0.2608695652173913, 0.3088235294117647, 0.3088235294117647, 0.35294117647058826, 0.4117647058823529, 0.39705882352941174, 0.4492753623188406, 0.3333333333333333, 0.4927536231884058, 0.37681159420289856, 0.391304347826087]
 mean: 0.3601733447001989, std: 0.059722988612819404
F1 Score: [0.31597576996058974, 0.3814742684028971, 0.33784271284271283, 0.35868140012161753, 0.29154274384198886, 0.2994186046511628, 0.3195382882882883, 0.35409468438538205, 0.3968253968253968, 0.368684444252669, 0.42415242415242416, 0.3183153651903652, 0.4789614268646527, 0.37204868154158216, 0.3856162196679438]
 mean: 0.3602114953993115, std: 0.04841326860500862
Accuracy Intime: [0.6428571428571429, 0.5714285714285714, 0.6428571428571429, 0.5769230769230769, 0.5, 0.5357142857142857, 0.5, 0.4642857142857143, 0.42857142857142855, 0.38461538461538464, 0.5357142857142857, 0.5, 0.5, 0.5, 0.23076923076923078]
 mean: 0.500915750915751, std: 0.09884342369315749
F1 (Intime): [0.6008044243338361, 0.5806277056277056, 0.6440030557677616, 0.4601731601731601, 0.463095238095238, 0.5076473234367971, 0.4904761904761904, 0.4649122807017544, 0.4166111666111666, 0.3638583638583638, 0.48901098901098905, 0.47902097902097907, 0.47664141414141414, 0.4792207792207792, 0.20021645021645024]
 mean: 0.47442130137950567, std: 0.09960266373750212
--------------------------------------------------
Subject Number: 3
Accuracy Cross: [0.3382352941176471, 0.29411764705882354, 0.39705882352941174, 0.3235294117647059, 0.2647058823529412, 0.43478260869565216, 0.2028985507246377, 0.30434782608695654, 0.2898550724637681, 0.30434782608695654, 0.3188405797101449, 0.42028985507246375, 0.2028985507246377, 0.36231884057971014, 0.4057971014492754]
 mean: 0.32426825802784887, std: 0.06877391959711575
F1 Score: [0.337008437008437, 0.2841809274736104, 0.379933504933505, 0.3072893772893773, 0.25736313236313235, 0.40473200498595374, 0.1932663432663433, 0.2577512120350995, 0.2315569645732689, 0.285157867494824, 0.3077100338719529, 0.36051435066780335, 0.17916666666666667, 0.3459383753501401, 0.3971818753214102]
 mean: 0.3019167382201016, std: 0.0677015525430451
Accuracy Intime: [0.4642857142857143, 0.25, 0.42857142857142855, 0.5, 0.5, 0.4642857142857143, 0.42857142857142855, 0.4642857142857143, 0.34615384615384615, 0.5769230769230769, 0.42857142857142855, 0.42857142857142855, 0.39285714285714285, 0.38461538461538464, 0.5]
 mean: 0.4371794871794873, std: 0.07389968043811201
F1 (Intime): [0.46998177261335156, 0.17857142857142855, 0.3746345029239766, 0.45795454545454545, 0.4966346153846154, 0.381578947368421, 0.39542483660130723, 0.3912280701754386, 0.30357142857142855, 0.5773892773892774, 0.3995614035087719, 0.3602941176470589, 0.3831699346405229, 0.31240601503759396, 0.4732905982905983]
 mean: 0.39704609961188897, std: 0.09064377979575622
--------------------------------------------------
Subject Number: 4
Accuracy Cross: [0.5362318840579711, 0.4927536231884058, 0.5797101449275363, 0.5217391304347826, 0.5362318840579711, 0.34782608695652173, 0.5217391304347826, 0.5362318840579711, 0.4927536231884058, 0.4492753623188406, 0.391304347826087, 0.4492753623188406, 0.36231884057971014, 0.42028985507246375, 0.5072463768115942]
 mean: 0.476328502415459, std: 0.06753616277217893
F1 Score: [0.5453341374073081, 0.4963718346870521, 0.5896853146853147, 0.5399764403512529, 0.5482690202517788, 0.3542527049330644, 0.548217971399086, 0.5613553113553114, 0.5136370337608728, 0.4720123626373626, 0.33812919107036754, 0.40021688837478314, 0.3351648351648352, 0.3975, 0.4828042328042328]
 mean: 0.4748618185921748, std: 0.08445641739046521
Accuracy Intime: [0.6428571428571429, 0.75, 0.5714285714285714, 0.5, 0.5384615384615384, 0.5, 0.6071428571428571, 0.5, 0.4642857142857143, 0.5, 0.7857142857142857, 0.6785714285714286, 0.7142857142857143, 0.6428571428571429, 0.6153846153846154]
 mean: 0.6007326007326007, std: 0.09770680343112924
F1 (Intime): [0.6329284750337383, 0.7606060606060607, 0.5454232729774526, 0.521780303030303, 0.5178571428571428, 0.5151515151515151, 0.6195862960568843, 0.5251765778081567, 0.41015406162464985, 0.5048510313216196, 0.7913461538461539, 0.638095238095238, 0.7112847936377349, 0.6640151515151516, 0.625]
 mean: 0.5988837382374534, std: 0.10203018239372798
--------------------------------------------------
Subject Number: 5
Accuracy Cross: [0.5735294117647058, 0.45588235294117646, 0.36764705882352944, 0.45588235294117646, 0.4264705882352941, 0.4117647058823529, 0.5588235294117647, 0.5294117647058824, 0.5441176470588235, 0.45588235294117646, 0.4264705882352941, 0.3088235294117647, 0.3235294117647059, 0.36764705882352944, 0.39705882352941174]
 mean: 0.44019607843137254, std: 0.07991248577378364
F1 Score: [0.5413295336458755, 0.42257525083612046, 0.3572158517810692, 0.44173402868318123, 0.3804347826086957, 0.3343969663337033, 0.5177023524720893, 0.4992269635126778, 0.5112694013303769, 0.4283060489957042, 0.40770834095147546, 0.25957556935817805, 0.3338188798554652, 0.37937274949159494, 0.39724500616789665]
 mean: 0.4141274484016069, std: 0.07625486861376153
Accuracy Intime: [0.8214285714285714, 0.8214285714285714, 0.5714285714285714, 0.6153846153846154, 0.5, 0.6071428571428571, 0.6428571428571429, 0.5714285714285714, 0.5769230769230769, 0.5769230769230769, 0.5714285714285714, 0.75, 0.6428571428571429, 0.5769230769230769, 0.5]
 mean: 0.623076923076923, std: 0.09680938237027266
F1 (Intime): [0.8248626373626373, 0.8188374125874127, 0.561437908496732, 0.5193181818181818, 0.42590497737556565, 0.5762237762237763, 0.6563492063492065, 0.5737179487179487, 0.5678571428571428, 0.4833333333333333, 0.5164596273291926, 0.7569597069597069, 0.6417112299465242, 0.4595238095238095, 0.4268575851393189]
 mean: 0.5872902989346992, std: 0.12555960801233734
--------------------------------------------------
Subject Number: 6
Accuracy Cross: [0.45588235294117646, 0.5294117647058824, 0.47058823529411764, 0.47058823529411764, 0.5882352941176471, 0.4782608695652174, 0.43478260869565216, 0.4492753623188406, 0.42028985507246375, 0.4927536231884058, 0.36231884057971014, 0.4492753623188406, 0.4782608695652174, 0.4782608695652174, 0.5217391304347826]
 mean: 0.47199488491048597, std: 0.04980940769564129
F1 Score: [0.4674707602339181, 0.5274591101796985, 0.4654608096468561, 0.4873090481786134, 0.6025641025641026, 0.4610339788089149, 0.40340136054421766, 0.3911688706490348, 0.3687341157198666, 0.45578941310648635, 0.38166401996370236, 0.44616580215575913, 0.4843639536938848, 0.4732504337767496, 0.5385739991003149]
 mean: 0.463627318554808, std: 0.060591341852264245
Accuracy Intime: [0.75, 0.6071428571428571, 0.6785714285714286, 0.6428571428571429, 0.5384615384615384, 0.7142857142857143, 0.8214285714285714, 0.5714285714285714, 0.5, 0.4230769230769231, 0.6428571428571429, 0.5714285714285714, 0.6071428571428571, 0.6153846153846154, 0.4230769230769231]
 mean: 0.6071428571428572, std: 0.10709353612620368
F1 (Intime): [0.736782212885154, 0.5808608058608059, 0.665079365079365, 0.6344246031746033, 0.5256410256410257, 0.6087454212454213, 0.8285714285714286, 0.5641025641025641, 0.47104072398190044, 0.2866847826086957, 0.6373015873015873, 0.5528846153846154, 0.5925716440422323, 0.5729166666666666, 0.3746345029239766]
 mean: 0.5754827966313361, std: 0.127698970728568
--------------------------------------------------
Subject Number: 7
Accuracy Cross: [0.6470588235294118, 0.5441176470588235, 0.5441176470588235, 0.6323529411764706, 0.6176470588235294, 0.4264705882352941, 0.3088235294117647, 0.5, 0.45588235294117646, 0.4852941176470588, 0.38235294117647056, 0.6029411764705882, 0.45588235294117646, 0.47058823529411764, 0.36764705882352944]
 mean: 0.49607843137254903, std: 0.09849892221652083
F1 Score: [0.6366977225672877, 0.523264540337711, 0.5248322584847893, 0.612998712998713, 0.5848076923076924, 0.3778195488721805, 0.2906140512631385, 0.48057491289198606, 0.44314829192546584, 0.434039864310578, 0.3637769951329274, 0.5956418696510863, 0.4395402557235488, 0.4626234199404931, 0.3673112767940354]
 mean: 0.4758460942134422, std: 0.09938058930168749
Accuracy Intime: [0.6428571428571429, 0.5357142857142857, 0.5357142857142857, 0.6153846153846154, 0.46153846153846156, 0.75, 0.6428571428571429, 0.7857142857142857, 0.6538461538461539, 0.6923076923076923, 0.7142857142857143, 0.6785714285714286, 0.5714285714285714, 0.5384615384615384, 0.6153846153846154]
 mean: 0.6289377289377289, std: 0.08612811407105492
F1 (Intime): [0.6074532085561498, 0.5212662337662337, 0.4848178137651822, 0.5707289614410357, 0.44222444222444224, 0.7299465240641712, 0.6335440874914559, 0.7660714285714286, 0.5125, 0.6770833333333334, 0.73125, 0.6663461538461539, 0.5392156862745098, 0.4785159285159285, 0.6100370218017277]
 mean: 0.5980667215767835, std: 0.09817898369153144
--------------------------------------------------
Subject Number: 8
Accuracy Cross: [0.3088235294117647, 0.22058823529411764, 0.25, 0.3235294117647059, 0.27941176470588236, 0.35294117647058826, 0.3382352941176471, 0.45588235294117646, 0.2647058823529412, 0.29411764705882354, 0.22058823529411764, 0.27941176470588236, 0.38235294117647056, 0.3088235294117647, 0.3382352941176471]
 mean: 0.3078431372549019, std: 0.0599082984998125
F1 Score: [0.31139551005172506, 0.2201983065953654, 0.2678969931876909, 0.3311776299581177, 0.2855392156862745, 0.3107297228578693, 0.3452607763753275, 0.46802054154995326, 0.2748860072887533, 0.2893162393162393, 0.23335321009739612, 0.3051986152672651, 0.4018939393939394, 0.31247842324953706, 0.32642241379310344]
 mean: 0.3122511696445705, std: 0.05961153980409357
Accuracy Intime: [0.4642857142857143, 0.42857142857142855, 0.5, 0.34615384615384615, 0.5, 0.39285714285714285, 0.5714285714285714, 0.39285714285714285, 0.3076923076923077, 0.34615384615384615, 0.25, 0.5357142857142857, 0.5, 0.5, 0.5384615384615384]
 mean: 0.4382783882783882, std: 0.09196729200450635
F1 (Intime): [0.4538461538461539, 0.40883458646616544, 0.49116161616161613, 0.28205128205128205, 0.48460925039872405, 0.3502164502164502, 0.5586202583106608, 0.39469696969696966, 0.2861111111111111, 0.3608437314319667, 0.22253711201079623, 0.5618819776714513, 0.49375, 0.48452380952380947, 0.5111111111111111]
 mean: 0.4229863613338845, std: 0.10085686278252878
--------------------------------------------------
Subject Number: 9
Accuracy Cross: [0.5, 0.6176470588235294, 0.6470588235294118, 0.5147058823529411, 0.6176470588235294, 0.27941176470588236, 0.4411764705882353, 0.3235294117647059, 0.35294117647058826, 0.3088235294117647, 0.47058823529411764, 0.5, 0.4852941176470588, 0.39705882352941174, 0.47058823529411764]
 mean: 0.46176470588235297, std: 0.11002254146724291
F1 Score: [0.5034374046742862, 0.6353764478764479, 0.6582832832832833, 0.5181661577010415, 0.6250276381722286, 0.2583333333333333, 0.3912280701754386, 0.3272825150732127, 0.37893647161381716, 0.32561403508771924, 0.48642312642312646, 0.5231776934499257, 0.4416578045610304, 0.4128940886699508, 0.49581957975071317]
 mean: 0.465443843323037, std: 0.11497963398937763
Accuracy Intime: [0.6071428571428571, 0.4642857142857143, 0.6785714285714286, 0.38461538461538464, 0.34615384615384615, 0.7142857142857143, 0.6428571428571429, 0.6428571428571429, 0.4230769230769231, 0.4230769230769231, 0.6071428571428571, 0.6785714285714286, 0.6428571428571429, 0.5769230769230769, 0.5]
 mean: 0.5554945054945056, std: 0.11653102217405321
F1 (Intime): [0.5968614718614719, 0.4593434343434344, 0.6855311355311355, 0.4353535353535354, 0.3488247863247863, 0.7030303030303031, 0.5961038961038961, 0.6445707070707071, 0.4339110644257703, 0.2866847826086957, 0.5821428571428571, 0.6410818713450293, 0.64375, 0.5857142857142856, 0.4271255060728745]
 mean: 0.5380019757952522, std: 0.12437311593905777
--------------------------------------------------
Subject Number: 10
Accuracy Cross: [0.3235294117647059, 0.39705882352941174, 0.35294117647058826, 0.36764705882352944, 0.3235294117647059, 0.39705882352941174, 0.2647058823529412, 0.36764705882352944, 0.35294117647058826, 0.2647058823529412, 0.2753623188405797, 0.30434782608695654, 0.34782608695652173, 0.2898550724637681, 0.30434782608695654]
 mean: 0.32890025575447573, std: 0.0429759132215281
F1 Score: [0.32633053221288516, 0.35718185090385535, 0.3479757085020243, 0.3759362348178138, 0.32960795654294106, 0.3919122397020824, 0.2726076555023923, 0.37014005602240896, 0.33592047930283225, 0.2640776947159926, 0.27264478500324973, 0.30366942508710804, 0.3425956194834914, 0.2881319562346727, 0.3010058568882098]
 mean: 0.32531587006146406, std: 0.03891085146963557
Accuracy Intime: [0.2857142857142857, 0.4642857142857143, 0.39285714285714285, 0.3076923076923077, 0.34615384615384615, 0.6071428571428571, 0.5, 0.5, 0.4230769230769231, 0.5, 0.35714285714285715, 0.32142857142857145, 0.35714285714285715, 0.5384615384615384, 0.5384615384615384]
 mean: 0.4293040293040292, std: 0.09571310115353228
F1 (Intime): [0.2683531746031746, 0.44313725490196076, 0.3560924369747899, 0.27067307692307696, 0.3125, 0.6011904761904762, 0.48917748917748916, 0.4628787878787879, 0.4025974025974026, 0.4480866355866356, 0.2975453339230429, 0.33584836216415165, 0.31527777777777777, 0.4722222222222222, 0.5425716440422323]
 mean: 0.40121013833088137, std: 0.09916831971155764
--------------------------------------------------
Subject Number: 11
Accuracy Cross: [0.34782608695652173, 0.2608695652173913, 0.3333333333333333, 0.3333333333333333, 0.34782608695652173, 0.4057971014492754, 0.5507246376811594, 0.5362318840579711, 0.4492753623188406, 0.4782608695652174, 0.4927536231884058, 0.42028985507246375, 0.6086956521739131, 0.43478260869565216, 0.4782608695652174]
 mean: 0.4318840579710146, std: 0.09245119778864301
F1 Score: [0.3286899872265726, 0.24573891581564217, 0.3151430851178538, 0.3378205128205128, 0.28019527483124396, 0.3771265284423179, 0.521978021978022, 0.49499967210964646, 0.39552711404395724, 0.39176986584107326, 0.4125507567368032, 0.42539682539682544, 0.5730292116846739, 0.3862537462537462, 0.47207463630613533]
 mean: 0.39721961030700176, std: 0.0874931054050885
Accuracy Intime: [0.5, 0.7142857142857143, 0.5714285714285714, 0.75, 0.6153846153846154, 0.39285714285714285, 0.5357142857142857, 0.6428571428571429, 0.5357142857142857, 0.4230769230769231, 0.39285714285714285, 0.5714285714285714, 0.6428571428571429, 0.39285714285714285, 0.5384615384615384]
 mean: 0.547985347985348, std: 0.11033274711255493
F1 (Intime): [0.3972222222222222, 0.6814054366685945, 0.5590749120160885, 0.7562782805429864, 0.5865079365079364, 0.40093623481781376, 0.5239407651172358, 0.5970695970695971, 0.5208333333333333, 0.3845029239766082, 0.3658730158730159, 0.5690559440559441, 0.596384008148714, 0.30077086656034024, 0.5066176470588235]
 mean: 0.5164315415979502, std: 0.12150195720115256
--------------------------------------------------
Subject Number: 12
Accuracy Cross: [0.5735294117647058, 0.6323529411764706, 0.4852941176470588, 0.6176470588235294, 0.5294117647058824, 0.5652173913043478, 0.5072463768115942, 0.5507246376811594, 0.5797101449275363, 0.6086956521739131, 0.45588235294117646, 0.5, 0.45588235294117646, 0.47058823529411764, 0.47058823529411764]
 mean: 0.5335180448991191, std: 0.05868800394334065
F1 Score: [0.5714780714780714, 0.6294685990338165, 0.4391743970315398, 0.6047811837285522, 0.5369258890334472, 0.5626203628829285, 0.5019924307008706, 0.5437362345257082, 0.5486142217245241, 0.6195744944028696, 0.45629251700680273, 0.5235761646154011, 0.46876633833155573, 0.47117352931306417, 0.48979661479661474]
 mean: 0.5311980699070511, std: 0.057844704098987995
Accuracy Intime: [0.5714285714285714, 0.6785714285714286, 0.42857142857142855, 0.5, 0.5769230769230769, 0.6785714285714286, 0.5357142857142857, 0.5714285714285714, 0.38461538461538464, 0.5, 0.6785714285714286, 0.6428571428571429, 0.6785714285714286, 0.5384615384615384, 0.6153846153846154]
 mean: 0.5719780219780222, std: 0.0897596606676424
F1 (Intime): [0.552020202020202, 0.6522727272727272, 0.3619909502262444, 0.5100250626566416, 0.49503105590062113, 0.6536104074803766, 0.5316350316350316, 0.5416666666666666, 0.30314757481940147, 0.40804953560371515, 0.6827061827061827, 0.6409090909090909, 0.6746794871794871, 0.44888663967611336, 0.6416666666666666]
 mean: 0.5398864854279446, std: 0.11580773503640339
--------------------------------------------------
Subject Number: 13
Accuracy Cross: [0.5147058823529411, 0.5735294117647058, 0.45588235294117646, 0.4852941176470588, 0.5441176470588235, 0.5072463768115942, 0.463768115942029, 0.391304347826087, 0.43478260869565216, 0.5507246376811594, 0.4117647058823529, 0.4264705882352941, 0.4411764705882353, 0.4264705882352941, 0.45588235294117646]
 mean: 0.47220801364023873, std: 0.053014091102500535
F1 Score: [0.5093040167336667, 0.5679205851619644, 0.48898954703832753, 0.5115306694254063, 0.555113842600231, 0.5111054931967056, 0.48595632106270403, 0.3548941798941799, 0.43852624091594683, 0.562957157784744, 0.39666747513946155, 0.42489326765188834, 0.4451559934318555, 0.43626937578550484, 0.44408201877242126]
 mean: 0.47555774563966735, std: 0.060367722325098225
Accuracy Intime: [0.6428571428571429, 0.5, 0.5357142857142857, 0.5, 0.5, 0.4642857142857143, 0.6428571428571429, 0.5357142857142857, 0.46153846153846156, 0.46153846153846156, 0.6428571428571429, 0.6785714285714286, 0.5, 0.5384615384615384, 0.46153846153846156]
 mean: 0.5377289377289377, std: 0.07371288631856568
F1 (Intime): [0.6230769230769231, 0.4970551378446115, 0.5540064102564103, 0.4751984126984127, 0.49696356275303644, 0.4268181818181818, 0.6488095238095238, 0.5581640581640581, 0.4410597572362278, 0.45622469635627527, 0.6488095238095237, 0.6985791985791986, 0.5076388888888889, 0.5904761904761905, 0.46850649350649354]
 mean: 0.5394257972849305, std: 0.08265146780151666
--------------------------------------------------
Subject Number: 14
Accuracy Cross: [0.3235294117647059, 0.3088235294117647, 0.39705882352941174, 0.35294117647058826, 0.4117647058823529, 0.4264705882352941, 0.5588235294117647, 0.4264705882352941, 0.45588235294117646, 0.4264705882352941, 0.5147058823529411, 0.4264705882352941, 0.45588235294117646, 0.39705882352941174, 0.47058823529411764]
 mean: 0.423529411764706, std: 0.06358204065525866
F1 Score: [0.3353494623655914, 0.3255564387917329, 0.42218385329840435, 0.3784126984126984, 0.4280002771618625, 0.4414267797419971, 0.5693326323147103, 0.4425854700854701, 0.46701388888888884, 0.44828578419041254, 0.5100506756756756, 0.4264574314574314, 0.4587327853101313, 0.3887032085561497, 0.49042568542568543]
 mean: 0.43550113811178953, std: 0.06118248779242864
Accuracy Intime: [0.5357142857142857, 0.7142857142857143, 0.6428571428571429, 0.5769230769230769, 0.6153846153846154, 0.5714285714285714, 0.5714285714285714, 0.4642857142857143, 0.5384615384615384, 0.46153846153846156, 0.5357142857142857, 0.42857142857142855, 0.32142857142857145, 0.5, 0.46153846153846156]
 mean: 0.5293040293040293, std: 0.09242463085382724
F1 (Intime): [0.5099206349206349, 0.7000368052999633, 0.6642857142857144, 0.5720779220779221, 0.6298368298368299, 0.598068598068598, 0.5707070707070707, 0.4798701298701299, 0.5661360698125404, 0.468997668997669, 0.5456773618538324, 0.37836438923395443, 0.27393439893439897, 0.4012820512820513, 0.4710810023310023]
 mean: 0.5220184431674875, std: 0.10979062095270713
--------------------------------------------------
Subject Number: 15
Accuracy Cross: [0.6029411764705882, 0.27941176470588236, 0.4117647058823529, 0.4117647058823529, 0.4852941176470588, 0.6470588235294118, 0.5735294117647058, 0.5441176470588235, 0.5735294117647058, 0.4852941176470588, 0.4264705882352941, 0.45588235294117646, 0.4264705882352941, 0.38235294117647056, 0.3382352941176471]
 mean: 0.46960784313725495, std: 0.09951825521921193
F1 Score: [0.61748577221723, 0.3135574103316039, 0.448170731707317, 0.4463421901845547, 0.5084672999634636, 0.642094017094017, 0.5736934580438361, 0.5691086691086691, 0.5645327283793504, 0.48672299388619555, 0.3719900318260974, 0.4238782051282051, 0.37753396029258096, 0.3747789146839954, 0.35444444444444445]
 mean: 0.4715200551527708, std: 0.10027236634401322
Accuracy Intime: [0.5714285714285714, 0.6071428571428571, 0.6428571428571429, 0.6923076923076923, 0.5, 0.5, 0.35714285714285715, 0.5714285714285714, 0.5, 0.5, 0.5714285714285714, 0.5357142857142857, 0.75, 0.6153846153846154, 0.6153846153846154]
 mean: 0.5686813186813187, std: 0.09100555493629922
F1 (Intime): [0.5684149184149184, 0.6067193675889329, 0.645564961354435, 0.7281746031746031, 0.4633699633699634, 0.4915032679738562, 0.3449817726133516, 0.5843137254901961, 0.475, 0.5104118104118105, 0.5816666666666667, 0.5206349206349206, 0.6980894922071392, 0.6414112203585888, 0.6221611721611722]
 mean: 0.5654945241613702, std: 0.0964439156775598
--------------------------------------------------
Subject Number: 16
Accuracy Cross: [0.6323529411764706, 0.5441176470588235, 0.5147058823529411, 0.6176470588235294, 0.5882352941176471, 0.39705882352941174, 0.4852941176470588, 0.38235294117647056, 0.5735294117647058, 0.4411764705882353, 0.5441176470588235, 0.5882352941176471, 0.5735294117647058, 0.5441176470588235, 0.6029411764705882]
 mean: 0.5352941176470588, std: 0.0747545001596402
F1 Score: [0.5852490639306909, 0.4901360544217688, 0.47416274201988484, 0.6094635544635545, 0.5677908538276267, 0.34111952861952866, 0.45888457269700333, 0.3448432601880878, 0.5667714377820761, 0.43702898550724634, 0.5024757014487438, 0.5480177717019823, 0.47197660495532834, 0.5109110663792017, 0.5612970362970362]
 mean: 0.49800854894931734, std: 0.07786956611529149
Accuracy Intime: [0.7142857142857143, 0.5, 0.7142857142857143, 0.7307692307692307, 0.6923076923076923, 0.6071428571428571, 0.5, 0.75, 0.6538461538461539, 0.6153846153846154, 0.6785714285714286, 0.5714285714285714, 0.7142857142857143, 0.7692307692307693, 0.6538461538461539]
 mean: 0.6576923076923077, std: 0.08127907163229883
F1 (Intime): [0.7063492063492063, 0.40444444444444444, 0.7048160173160173, 0.7238095238095238, 0.6533571004159239, 0.6011904761904762, 0.470770202020202, 0.7259655377302436, 0.6197552447552448, 0.6166666666666667, 0.6565842245989305, 0.5191269841269841, 0.7086675579322639, 0.7571644042232277, 0.6040404040404039]
 mean: 0.631513866307984, std: 0.09774879454193891
--------------------------------------------------
Subject Number: 17
Accuracy Cross: [0.391304347826087, 0.42028985507246375, 0.391304347826087, 0.4057971014492754, 0.43478260869565216, 0.42028985507246375, 0.2898550724637681, 0.4057971014492754, 0.4927536231884058, 0.4927536231884058, 0.4852941176470588, 0.4411764705882353, 0.36764705882352944, 0.47058823529411764, 0.45588235294117646]
 mean: 0.42436771810173346, std: 0.052157488556842956
F1 Score: [0.38921614057685305, 0.4268796992481203, 0.36410886818495514, 0.40881955520113417, 0.4011513157894737, 0.3886671418389166, 0.2525735294117647, 0.3377747252747253, 0.44706521739130434, 0.4434394341290893, 0.4777214396059897, 0.4436842105263158, 0.34610100485100487, 0.46706349206349207, 0.44382015370613814]
 mean: 0.40253906185328514, std: 0.05728190205119155
Accuracy Intime: [0.35714285714285715, 0.42857142857142855, 0.35714285714285715, 0.5769230769230769, 0.5384615384615384, 0.6785714285714286, 0.6785714285714286, 0.5, 0.7692307692307693, 0.7692307692307693, 0.5714285714285714, 0.6428571428571429, 0.5, 0.5, 0.4230769230769231]
 mean: 0.5527472527472528, std: 0.12955153806254194
F1 (Intime): [0.3640756302521009, 0.41877317728710917, 0.3032679738562092, 0.45842245989304814, 0.4928571428571429, 0.6583710407239819, 0.6497611865258924, 0.5078947368421053, 0.7543403964456596, 0.764024864024864, 0.5833333333333334, 0.6643665158371042, 0.45454545454545453, 0.513961038961039, 0.3808080808080808]
 mean: 0.5312535354795417, std: 0.1374296206674013
--------------------------------------------------
Subject Number: 18
Accuracy Cross: [0.42028985507246375, 0.43478260869565216, 0.43478260869565216, 0.42028985507246375, 0.4782608695652174, 0.3382352941176471, 0.4117647058823529, 0.39705882352941174, 0.35294117647058826, 0.3235294117647059, 0.3088235294117647, 0.27941176470588236, 0.27941176470588236, 0.4411764705882353, 0.35294117647058826]
 mean: 0.3782466609832339, std: 0.0608824623513707
F1 Score: [0.36967032967032964, 0.43609447957274045, 0.3905884995507637, 0.4198448610213316, 0.48431510350115003, 0.3646212121212121, 0.3970212765957447, 0.3884621793603349, 0.3814431692338669, 0.33782051282051284, 0.3018500192174416, 0.3213965311004785, 0.32881136950904394, 0.4266222203817963, 0.3883294541584114]
 mean: 0.3824594145210105, std: 0.04656753987198981
Accuracy Intime: [0.5357142857142857, 0.5, 0.5714285714285714, 0.4230769230769231, 0.3076923076923077, 0.5714285714285714, 0.5357142857142857, 0.5714285714285714, 0.34615384615384615, 0.34615384615384615, 0.39285714285714285, 0.5, 0.5714285714285714, 0.38461538461538464, 0.34615384615384615]
 mean: 0.46025641025641023, std: 0.095904263560367
F1 (Intime): [0.5411616161616162, 0.5194444444444444, 0.588582251082251, 0.36838161838161837, 0.25037593984962403, 0.5785443722943724, 0.5358391608391608, 0.49384057971014494, 0.3761904761904762, 0.33266537384184436, 0.36888111888111885, 0.45972222222222225, 0.5742424242424242, 0.4426859690017585, 0.3551282051282051]
 mean: 0.4523790514847521, std: 0.10163950663796655
--------------------------------------------------
Subject Number: 19
Accuracy Cross: [0.2647058823529412, 0.22058823529411764, 0.16176470588235295, 0.23529411764705882, 0.3088235294117647, 0.3382352941176471, 0.38235294117647056, 0.5, 0.5, 0.5441176470588235, 0.36764705882352944, 0.25, 0.3382352941176471, 0.3088235294117647, 0.29411764705882354]
 mean: 0.334313725490196, std: 0.10638045511416107
F1 Score: [0.2586829650190385, 0.24590511650904567, 0.15759882900528632, 0.22870918193196044, 0.30992841581076874, 0.31186178897665595, 0.350609080841639, 0.4686299081035923, 0.4912358882947118, 0.537258603948646, 0.34595441595441595, 0.2204202366381069, 0.3242609264312064, 0.3040358171937119, 0.2993686868686869]
 mean: 0.3236306574351648, std: 0.10157661970407285
Accuracy Intime: [0.5357142857142857, 0.6071428571428571, 0.42857142857142855, 0.5384615384615384, 0.6153846153846154, 0.7142857142857143, 0.5, 0.42857142857142855, 0.5, 0.46153846153846156, 0.6428571428571429, 0.5357142857142857, 0.5357142857142857, 0.5384615384615384, 0.5384615384615384]
 mean: 0.5413919413919414, std: 0.07544009179109745
F1 (Intime): [0.4672459893048128, 0.5904761904761905, 0.3929292929292929, 0.39962121212121215, 0.6352564102564102, 0.7184294871794873, 0.46545095771101963, 0.3720588235294118, 0.3759090909090909, 0.43512426900584794, 0.6354166666666666, 0.46151315789473685, 0.5370160884866768, 0.5113445378151261, 0.532051282051282]
 mean: 0.5019895637558176, std: 0.10206541868088817
--------------------------------------------------
Subject Number: 20
Accuracy Cross: [0.6323529411764706, 0.5588235294117647, 0.5294117647058824, 0.47058823529411764, 0.5, 0.35294117647058826, 0.47058823529411764, 0.4411764705882353, 0.3382352941176471, 0.5147058823529411, 0.43478260869565216, 0.4057971014492754, 0.43478260869565216, 0.43478260869565216, 0.37681159420289856]
 mean: 0.45971867007672634, std: 0.07638235542024266
F1 Score: [0.6228595148464744, 0.5695211000474159, 0.5315046710395548, 0.4779904004041935, 0.48894230769230773, 0.3617719112471736, 0.4892300793835321, 0.4644688644688645, 0.3617940199335548, 0.5167297979797979, 0.43948016752894803, 0.39832269180095264, 0.44426332288401255, 0.4241106719367589, 0.40143706039291777]
 mean: 0.46616177210576387, std: 0.07155374665867947
Accuracy Intime: [0.6428571428571429, 0.5714285714285714, 0.5714285714285714, 0.4230769230769231, 0.5384615384615384, 0.7857142857142857, 0.6785714285714286, 0.6785714285714286, 0.5769230769230769, 0.5384615384615384, 0.6071428571428571, 0.6428571428571429, 0.4642857142857143, 0.5384615384615384, 0.46153846153846156]
 mean: 0.5813186813186814, std: 0.09228370523849805
F1 (Intime): [0.6265734265734266, 0.5857142857142856, 0.5826395826395826, 0.3560924369747899, 0.5535444947209653, 0.7991071428571429, 0.6770833333333333, 0.6439393939393939, 0.5776143790849674, 0.5351731601731602, 0.6186934389140272, 0.6410443722943724, 0.44166666666666665, 0.5155844155844156, 0.49531024531024526]
 mean: 0.5766520516520516, std: 0.10069524682038908
--------------------------------------------------
Subject Number: 21
Accuracy Cross: [0.4264705882352941, 0.39705882352941174, 0.4264705882352941, 0.4852941176470588, 0.4117647058823529, 0.4852941176470588, 0.5588235294117647, 0.4411764705882353, 0.4264705882352941, 0.5147058823529411, 0.4117647058823529, 0.45588235294117646, 0.4264705882352941, 0.3235294117647059, 0.4411764705882353]
 mean: 0.4421568627450981, std: 0.05274108884828535
F1 Score: [0.4135281385281385, 0.38244949494949493, 0.3832771114442779, 0.4477143407204586, 0.40409407665505226, 0.4738038277511961, 0.504811359502435, 0.42725202429149794, 0.4146557271557271, 0.5002819146557287, 0.41047794117647063, 0.4211284513805522, 0.3943934114665822, 0.2926878902488658, 0.359864953886693]
 mean: 0.41536137758754477, std: 0.052080208479594915
Accuracy Intime: [0.6071428571428571, 0.7142857142857143, 0.5357142857142857, 0.5, 0.5384615384615384, 0.5, 0.5, 0.5714285714285714, 0.6153846153846154, 0.6923076923076923, 0.5714285714285714, 0.6071428571428571, 0.5714285714285714, 0.6538461538461539, 0.6153846153846154]
 mean: 0.5862637362637362, std: 0.06459881175918632
F1 (Intime): [0.6023351648351649, 0.7015873015873016, 0.5270954535660418, 0.46181318681318684, 0.5117424242424242, 0.475, 0.4420512820512821, 0.5276785714285713, 0.5763929053402738, 0.6726270053475936, 0.5262626262626262, 0.5859943977591037, 0.5456349206349206, 0.6239453357100415, 0.5730994152046783]
 mean: 0.5568839993855474, std: 0.07125623297506885
--------------------------------------------------
Subject Number: 22
Accuracy Cross: [0.39705882352941174, 0.47058823529411764, 0.39705882352941174, 0.38235294117647056, 0.45588235294117646, 0.36231884057971014, 0.37681159420289856, 0.391304347826087, 0.2898550724637681, 0.34782608695652173, 0.4117647058823529, 0.4411764705882353, 0.35294117647058826, 0.39705882352941174, 0.39705882352941174]
 mean: 0.39140380789997165, std: 0.04341949699564268
F1 Score: [0.40396727896727896, 0.4792709541021619, 0.4126675245886571, 0.40172764227642277, 0.46018518518518514, 0.34356048925891663, 0.32820855614973266, 0.40464992435101127, 0.30206718346253225, 0.3320409982174688, 0.4396153846153846, 0.46639358703312195, 0.3692460317460317, 0.42017223762954314, 0.4368137900746597]
 mean: 0.4000391178438739, std: 0.05249831107459122
Accuracy Intime: [0.5, 0.35714285714285715, 0.4642857142857143, 0.6153846153846154, 0.2692307692307692, 0.5714285714285714, 0.6428571428571429, 0.6071428571428571, 0.5769230769230769, 0.38461538461538464, 0.5714285714285714, 0.6071428571428571, 0.6785714285714286, 0.38461538461538464, 0.46153846153846156]
 mean: 0.5128205128205129, std: 0.11698122068220308
F1 (Intime): [0.45002913752913754, 0.32, 0.4699300699300699, 0.618389780154486, 0.17857142857142855, 0.5755417956656346, 0.6404122193595878, 0.623015873015873, 0.5281045751633987, 0.3069677033492823, 0.554978354978355, 0.6275252525252525, 0.6708333333333333, 0.3666666666666667, 0.35804953560371516]
 mean: 0.4859343817230814, std: 0.14495276782367902
--------------------------------------------------
Subject Number: 23
Accuracy Cross: [0.4492753623188406, 0.36231884057971014, 0.4782608695652174, 0.5507246376811594, 0.4927536231884058, 0.4117647058823529, 0.47058823529411764, 0.6323529411764706, 0.5147058823529411, 0.5588235294117647, 0.463768115942029, 0.463768115942029, 0.34782608695652173, 0.4057971014492754, 0.463768115942029]
 mean: 0.47109974424552437, std: 0.07207053593753922
F1 Score: [0.4666666666666667, 0.3663913462747893, 0.5038607396981781, 0.5523975452465155, 0.4873784194528875, 0.35238095238095235, 0.4551957892021731, 0.6302332535885167, 0.4776674836601307, 0.5607991941587536, 0.44904761904761903, 0.4595812110922467, 0.3294119623655914, 0.3907888736890105, 0.4602050563148961]
 mean: 0.4628004075225951, std: 0.07870643541193245
Accuracy Intime: [0.6785714285714286, 0.6785714285714286, 0.6071428571428571, 0.46153846153846156, 0.5, 0.6428571428571429, 0.75, 0.5714285714285714, 0.6428571428571429, 0.46153846153846156, 0.6785714285714286, 0.6785714285714286, 0.6428571428571429, 0.6538461538461539, 0.5]
 mean: 0.6098901098901099, std: 0.08692786972241132
F1 (Intime): [0.6696338383838384, 0.6975108225108225, 0.6039682539682539, 0.3719205630970337, 0.42694805194805197, 0.6367965367965368, 0.7648185148185148, 0.5593240093240093, 0.6553030303030303, 0.40439640768588136, 0.70625, 0.6575854700854701, 0.6125474525474526, 0.6398405516052574, 0.46568694463431304]
 mean: 0.5915020298472311, std: 0.11579857836835467
--------------------------------------------------
Subject Number: 24
Accuracy Cross: [0.3382352941176471, 0.2647058823529412, 0.3088235294117647, 0.29411764705882354, 0.3382352941176471, 0.4117647058823529, 0.45588235294117646, 0.36764705882352944, 0.4264705882352941, 0.3382352941176471, 0.3382352941176471, 0.3235294117647059, 0.39705882352941174, 0.3235294117647059, 0.4117647058823529]
 mean: 0.3558823529411765, std: 0.05211777984314513
F1 Score: [0.3321356804115425, 0.24632034632034633, 0.31045112781954887, 0.2755901505901506, 0.3410368870895187, 0.4146467474555594, 0.4508594386643167, 0.31043956043956045, 0.43133255633255635, 0.33127708825847124, 0.33192389006342493, 0.31480300453514737, 0.3861607142857143, 0.31433419521654815, 0.4074773576768258]
 mean: 0.3465859163439488, std: 0.056807451381355886
Accuracy Intime: [0.42857142857142855, 0.35714285714285715, 0.5714285714285714, 0.38461538461538464, 0.23076923076923078, 0.39285714285714285, 0.4642857142857143, 0.39285714285714285, 0.5384615384615384, 0.46153846153846156, 0.5, 0.5, 0.42857142857142855, 0.5, 0.38461538461538464]
 mean: 0.4357142857142858, std: 0.08166198201147179
F1 (Intime): [0.4006944444444444, 0.3239809081527348, 0.571955821955822, 0.37195027195027197, 0.17708333333333331, 0.3659090909090909, 0.4145299145299145, 0.3344988344988345, 0.5148692810457516, 0.46255411255411255, 0.4201388888888889, 0.5098699095022624, 0.4218004218004218, 0.5017482517482518, 0.3448773448773449]
 mean: 0.40909738867943196, std: 0.09441062920061263
--------------------------------------------------
Subject Number: 25
Accuracy Cross: [0.5942028985507246, 0.463768115942029, 0.5362318840579711, 0.4782608695652174, 0.463768115942029, 0.4264705882352941, 0.39705882352941174, 0.47058823529411764, 0.4852941176470588, 0.5147058823529411, 0.5147058823529411, 0.4264705882352941, 0.45588235294117646, 0.4264705882352941, 0.45588235294117646]
 mean: 0.4739840863881785, std: 0.048549487556325044
F1 Score: [0.5273996344614609, 0.40392403295629103, 0.49017676767676766, 0.43251657862200743, 0.43564462544207483, 0.3855882352941176, 0.3534564731612228, 0.4096491228070175, 0.40692918192918187, 0.46706225951508973, 0.48721433605154535, 0.40868650028132786, 0.46167953667953665, 0.392449962348456, 0.38040064102564103]
 mean: 0.42951852588344924, std: 0.04660142665923685
Accuracy Intime: [0.6428571428571429, 0.6071428571428571, 0.5, 0.7307692307692307, 0.5384615384615384, 0.5357142857142857, 0.5714285714285714, 0.5, 0.6923076923076923, 0.6923076923076923, 0.5714285714285714, 0.5, 0.5714285714285714, 0.5769230769230769, 0.5]
 mean: 0.582051282051282, std: 0.07398133957361637
F1 (Intime): [0.6399460188933873, 0.5885270774976658, 0.5006944444444444, 0.6666666666666666, 0.4496753246753247, 0.4556277056277056, 0.5682539682539682, 0.47424242424242424, 0.5646929824561403, 0.6824754901960784, 0.4508240297713982, 0.4722222222222222, 0.5186965811965812, 0.46875, 0.37757830404889225]
 mean: 0.52525821601286, std: 0.08657929839718562
--------------------------------------------------
Subject Number: 26
Accuracy Cross: [0.4782608695652174, 0.463768115942029, 0.5072463768115942, 0.4927536231884058, 0.6231884057971014, 0.4117647058823529, 0.3088235294117647, 0.3382352941176471, 0.3382352941176471, 0.2647058823529412, 0.5294117647058824, 0.4852941176470588, 0.5, 0.5441176470588235, 0.5]
 mean: 0.452387041773231, std: 0.0959588068766074
F1 Score: [0.4758720832633876, 0.48666413373860185, 0.500534188034188, 0.5068001443001443, 0.6395211000474159, 0.41057692307692306, 0.32758962170726874, 0.3641317776252574, 0.3488095238095238, 0.28024518206846394, 0.5321969696969697, 0.47861977261538313, 0.5194812561233435, 0.5636580813199821, 0.5037893141341417]
 mean: 0.46256600477073306, std: 0.09399497649900497
Accuracy Intime: [0.6071428571428571, 0.5357142857142857, 0.5714285714285714, 0.6153846153846154, 0.38461538461538464, 0.6428571428571429, 0.6428571428571429, 0.7142857142857143, 0.6538461538461539, 0.38461538461538464, 0.4642857142857143, 0.35714285714285715, 0.42857142857142855, 0.6153846153846154, 0.46153846153846156]
 mean: 0.5386446886446887, std: 0.11176723982683526
F1 (Intime): [0.5753968253968255, 0.5487179487179488, 0.5754776269482151, 0.6444444444444444, 0.4095238095238095, 0.6537433155080213, 0.6321428571428571, 0.7130895420369104, 0.6987012987012987, 0.4, 0.46096837944664026, 0.30997474747474746, 0.4137254901960784, 0.6138888888888889, 0.38257575757575757]
 mean: 0.5354913954668297, std: 0.12429377319344939
--------------------------------------------------
Subject Number: 27
Accuracy Cross: [0.391304347826087, 0.42028985507246375, 0.391304347826087, 0.4057971014492754, 0.43478260869565216, 0.42028985507246375, 0.2898550724637681, 0.4057971014492754, 0.4927536231884058, 0.4927536231884058, 0.4852941176470588, 0.4411764705882353, 0.36764705882352944, 0.47058823529411764, 0.45588235294117646]
 mean: 0.42436771810173346, std: 0.052157488556842956
F1 Score: [0.38921614057685305, 0.4268796992481203, 0.36410886818495514, 0.40881955520113417, 0.4011513157894737, 0.3886671418389166, 0.2525735294117647, 0.3377747252747253, 0.44706521739130434, 0.4434394341290893, 0.4777214396059897, 0.4436842105263158, 0.34610100485100487, 0.46706349206349207, 0.44382015370613814]
 mean: 0.40253906185328514, std: 0.05728190205119155
Accuracy Intime: [0.35714285714285715, 0.42857142857142855, 0.35714285714285715, 0.5769230769230769, 0.5384615384615384, 0.6785714285714286, 0.6785714285714286, 0.5, 0.7692307692307693, 0.7692307692307693, 0.5714285714285714, 0.6428571428571429, 0.5, 0.5, 0.4230769230769231]
 mean: 0.5527472527472528, std: 0.12955153806254194
F1 (Intime): [0.3640756302521009, 0.41877317728710917, 0.3032679738562092, 0.45842245989304814, 0.4928571428571429, 0.6583710407239819, 0.6497611865258924, 0.5078947368421053, 0.7543403964456596, 0.764024864024864, 0.5833333333333334, 0.6643665158371042, 0.45454545454545453, 0.513961038961039, 0.3808080808080808]
 mean: 0.5312535354795417, std: 0.1374296206674013
--------------------------------------------------
Subject Number: 28
Accuracy Cross: [0.27941176470588236, 0.3088235294117647, 0.29411764705882354, 0.2647058823529412, 0.3235294117647059, 0.25, 0.29411764705882354, 0.3088235294117647, 0.22058823529411764, 0.23529411764705882, 0.47058823529411764, 0.45588235294117646, 0.4117647058823529, 0.4411764705882353, 0.36764705882352944]
 mean: 0.32843137254901966, std: 0.07904174263037793
F1 Score: [0.2817752423015581, 0.29841181886380685, 0.25753907109839314, 0.25848447727355833, 0.3259721600238842, 0.236371237458194, 0.24322454157536616, 0.272700119474313, 0.21416715918045703, 0.18856976356976357, 0.453221873911529, 0.4087403100775194, 0.4095372004159546, 0.4108904321670279, 0.35752601057479105]
 mean: 0.3078087611977411, std: 0.07930031129606832
Accuracy Intime: [0.4642857142857143, 0.5357142857142857, 0.4642857142857143, 0.6923076923076923, 0.5, 0.42857142857142855, 0.4642857142857143, 0.4642857142857143, 0.5384615384615384, 0.5769230769230769, 0.35714285714285715, 0.39285714285714285, 0.5357142857142857, 0.4230769230769231, 0.5]
 mean: 0.4891941391941392, std: 0.0788192936256465
F1 (Intime): [0.43324175824175826, 0.4643665158371041, 0.4325396825396825, 0.6416666666666666, 0.49670917317976143, 0.3876678876678876, 0.43594771241830066, 0.4347572362278245, 0.48455882352941176, 0.5714285714285714, 0.23958333333333334, 0.32065457762052185, 0.5432345432345432, 0.3187134502923976, 0.4506302521008404]
 mean: 0.44371334562124026, std: 0.09876101935515644
--------------------------------------------------
Subject Number: 29
Accuracy Cross: [0.5294117647058824, 0.5588235294117647, 0.5882352941176471, 0.5147058823529411, 0.5735294117647058, 0.6911764705882353, 0.4411764705882353, 0.5588235294117647, 0.6470588235294118, 0.5882352941176471, 0.6376811594202898, 0.5507246376811594, 0.5507246376811594, 0.5797101449275363, 0.4927536231884058]
 mean: 0.5668513782324525, std: 0.060047693185713874
F1 Score: [0.5190843518332999, 0.5628095098203794, 0.5657190957190957, 0.5139183029453016, 0.5717816000424696, 0.7054195804195804, 0.42356552056674457, 0.5456342282635648, 0.6570606503470953, 0.620920745920746, 0.6525020764119601, 0.5646777830703462, 0.5701752819157171, 0.5763612033960872, 0.4639655172413793]
 mean: 0.5675730298609178, std: 0.07042197854692002
Accuracy Intime: [0.6428571428571429, 0.6071428571428571, 0.8214285714285714, 0.6538461538461539, 0.6153846153846154, 0.5714285714285714, 0.5714285714285714, 0.7142857142857143, 0.6923076923076923, 0.5384615384615384, 0.5714285714285714, 0.5357142857142857, 0.5, 0.5384615384615384, 0.5384615384615384]
 mean: 0.6075091575091575, std: 0.08275794595148184
F1 (Intime): [0.6589769879243563, 0.6170634920634921, 0.8285714285714286, 0.6919642857142858, 0.6144199346405228, 0.5911616161616162, 0.5167169431875314, 0.7210070631123262, 0.7228298017771702, 0.5387254901960784, 0.5193675889328063, 0.5320542890202333, 0.5127930892636775, 0.49122807017543857, 0.5521708683473389]
 mean: 0.6072700632725535, std: 0.0956478721614947
--------------------------------------------------
**************************************************
accuracy_cross_list: [0.49384768400113666, 0.3601733447001989, 0.32426825802784887, 0.476328502415459, 0.44019607843137254, 0.47199488491048597, 0.49607843137254903, 0.3078431372549019, 0.46176470588235297, 0.32890025575447573, 0.4318840579710146, 0.5335180448991191, 0.47220801364023873, 0.423529411764706, 0.46960784313725495, 0.5352941176470588, 0.42436771810173346, 0.3782466609832339, 0.334313725490196, 0.45971867007672634, 0.4421568627450981, 0.39140380789997165, 0.47109974424552437, 0.3558823529411765, 0.4739840863881785, 0.452387041773231, 0.42436771810173346, 0.32843137254901966, 0.5668513782324525]
f1_score_list: [0.490102028018941, 0.3602114953993115, 0.3019167382201016, 0.4748618185921748, 0.4141274484016069, 0.463627318554808, 0.4758460942134422, 0.3122511696445705, 0.465443843323037, 0.32531587006146406, 0.39721961030700176, 0.5311980699070511, 0.47555774563966735, 0.43550113811178953, 0.4715200551527708, 0.49800854894931734, 0.40253906185328514, 0.3824594145210105, 0.3236306574351648, 0.46616177210576387, 0.41536137758754477, 0.4000391178438739, 0.4628004075225951, 0.3465859163439488, 0.42951852588344924, 0.46256600477073306, 0.40253906185328514, 0.3078087611977411, 0.5675730298609178]
accuracy_intime_list: [0.5734432234432235, 0.500915750915751, 0.4371794871794873, 0.6007326007326007, 0.623076923076923, 0.6071428571428572, 0.6289377289377289, 0.4382783882783882, 0.5554945054945056, 0.4293040293040292, 0.547985347985348, 0.5719780219780222, 0.5377289377289377, 0.5293040293040293, 0.5686813186813187, 0.6576923076923077, 0.5527472527472528, 0.46025641025641023, 0.5413919413919414, 0.5813186813186814, 0.5862637362637362, 0.5128205128205129, 0.6098901098901099, 0.4357142857142858, 0.582051282051282, 0.5386446886446887, 0.5527472527472528, 0.4891941391941392, 0.6075091575091575]
f1_score_intime_list: [0.5754260684562542, 0.47442130137950567, 0.39704609961188897, 0.5988837382374534, 0.5872902989346992, 0.5754827966313361, 0.5980667215767835, 0.4229863613338845, 0.5380019757952522, 0.40121013833088137, 0.5164315415979502, 0.5398864854279446, 0.5394257972849305, 0.5220184431674875, 0.5654945241613702, 0.631513866307984, 0.5312535354795417, 0.4523790514847521, 0.5019895637558176, 0.5766520516520516, 0.5568839993855474, 0.4859343817230814, 0.5915020298472311, 0.40909738867943196, 0.52525821601286, 0.5354913954668297, 0.5312535354795417, 0.44371334562124026, 0.6072700632725535]
**************************************************
ACC: 43.21±6.77
F1: 42.28±6.83
Intime: 54.68±6.15
F1 (Intime): 52.53±6.45
