1e-05
Subject Number: 1
Accuracy Cross: [0.3382352941176471, 0.36764705882352944, 0.3235294117647059, 0.39705882352941174, 0.4117647058823529, 0.36231884057971014, 0.30434782608695654, 0.391304347826087, 0.391304347826087, 0.30434782608695654, 0.4117647058823529, 0.45588235294117646, 0.47058823529411764, 0.4117647058823529, 0.4264705882352941]
 mean: 0.38455527138391593, std: 0.04914680524965555
F1 Score: [0.34444444444444444, 0.3732722832722833, 0.3125079063883618, 0.4145182076638625, 0.44037267080745346, 0.36308428413691574, 0.3056039488966318, 0.3724982746721877, 0.38816633327271627, 0.32465702574398225, 0.3970847992587123, 0.4636292016806723, 0.48791268644209823, 0.3862520458265139, 0.4135301630230636]
 mean: 0.3858356183686599, std: 0.05118017643992404
Accuracy Intime: [0.5357142857142857, 0.42857142857142855, 0.25, 0.4230769230769231, 0.5384615384615384, 0.5357142857142857, 0.5, 0.4642857142857143, 0.46153846153846156, 0.4230769230769231, 0.35714285714285715, 0.42857142857142855, 0.21428571428571427, 0.34615384615384615, 0.34615384615384615]
 mean: 0.4168498168498168, std: 0.09556579294482115
F1 (Intime): [0.5477855477855478, 0.4343395252837977, 0.2498397435897436, 0.4374272786037492, 0.5266955266955267, 0.530128205128205, 0.5224089635854341, 0.44386985563456155, 0.49236111111111114, 0.43182503770739067, 0.3386363636363636, 0.41666666666666663, 0.23985042735042733, 0.3333333333333333, 0.31935160427807485]
 mean: 0.4176346126926623, std: 0.09742716308938171
--------------------------------------------------
Subject Number: 2
Accuracy Cross: [0.2463768115942029, 0.21739130434782608, 0.2753623188405797, 0.2318840579710145, 0.30434782608695654, 0.25, 0.20588235294117646, 0.3235294117647059, 0.25, 0.27941176470588236, 0.3333333333333333, 0.3188405797101449, 0.3188405797101449, 0.34782608695652173, 0.30434782608695654]
 mean: 0.2804916169366297, std: 0.04337404184643489
F1 Score: [0.26408559335388604, 0.2327945157559762, 0.2862105711849957, 0.25244530244530244, 0.3274725274725274, 0.26878853806179615, 0.20595040341718082, 0.3474025974025974, 0.2619321640015493, 0.30905259664841545, 0.3257723513808707, 0.30509392053895823, 0.30364340633737186, 0.3175344993581515, 0.3073008073008073]
 mean: 0.2876986529773591, std: 0.0377753948629032
Accuracy Intime: [0.4642857142857143, 0.42857142857142855, 0.4642857142857143, 0.5, 0.34615384615384615, 0.39285714285714285, 0.4642857142857143, 0.39285714285714285, 0.42857142857142855, 0.34615384615384615, 0.39285714285714285, 0.5, 0.35714285714285715, 0.46153846153846156, 0.2692307692307692]
 mean: 0.41391941391941395, std: 0.0631403449668066
F1 (Intime): [0.4526143790849673, 0.42698412698412697, 0.4353174603174603, 0.42094017094017094, 0.3335561497326203, 0.3788650075414781, 0.40472334682861, 0.34705882352941175, 0.42246642246642246, 0.3151143790849673, 0.3870813397129187, 0.5, 0.35416666666666663, 0.440359477124183, 0.2329059829059829]
 mean: 0.3901435821946658, std: 0.06373839211520871
--------------------------------------------------
Subject Number: 3
Accuracy Cross: [0.23529411764705882, 0.29411764705882354, 0.23529411764705882, 0.22058823529411764, 0.27941176470588236, 0.391304347826087, 0.2318840579710145, 0.21739130434782608, 0.3333333333333333, 0.3188405797101449, 0.2898550724637681, 0.2898550724637681, 0.2318840579710145, 0.2463768115942029, 0.2898550724637681]
 mean: 0.27368570616652466, std: 0.047498985677134245
F1 Score: [0.23731439888687778, 0.29208535458535456, 0.23789462734696, 0.22048872180451126, 0.2784200166553108, 0.3523322652579619, 0.2245533966464199, 0.2075141660507514, 0.3338763983925274, 0.30355171144644827, 0.2843692072303573, 0.25525362318840583, 0.20058760683760685, 0.23995335003037185, 0.2703013217298932]
 mean: 0.26256641107265055, std: 0.043496777504705826
Accuracy Intime: [0.32142857142857145, 0.25, 0.39285714285714285, 0.4642857142857143, 0.38461538461538464, 0.35714285714285715, 0.32142857142857145, 0.35714285714285715, 0.3076923076923077, 0.4230769230769231, 0.35714285714285715, 0.35714285714285715, 0.17857142857142858, 0.4230769230769231, 0.4230769230769231]
 mean: 0.3545787545787546, std: 0.07062428752058308
F1 (Intime): [0.27662337662337666, 0.19907773386034255, 0.3677929505135388, 0.44007034632034636, 0.39642857142857146, 0.35468266253869973, 0.3127164502164502, 0.31778484673221513, 0.2549019607843137, 0.38247863247863245, 0.35325292397660824, 0.3410714285714286, 0.13125, 0.4199813258636788, 0.40850202429149796]
 mean: 0.3304410156133134, std: 0.08238861620465618
--------------------------------------------------
Subject Number: 4
Accuracy Cross: [0.37681159420289856, 0.3333333333333333, 0.37681159420289856, 0.4057971014492754, 0.34782608695652173, 0.43478260869565216, 0.463768115942029, 0.463768115942029, 0.42028985507246375, 0.43478260869565216, 0.3333333333333333, 0.391304347826087, 0.37681159420289856, 0.36231884057971014, 0.463768115942029]
 mean: 0.39903381642512076, std: 0.044549340612168135
F1 Score: [0.38755031518189414, 0.35419700627073897, 0.38885762385762385, 0.4240500060079955, 0.35253525790868007, 0.44449497151275535, 0.4777972825168447, 0.47838203463203466, 0.41559829059829057, 0.44704290807231983, 0.2990118577075099, 0.36155279503105586, 0.38992801771871544, 0.37049846288976723, 0.45347361325115565]
 mean: 0.4029980295438254, std: 0.0498088703027131
Accuracy Intime: [0.39285714285714285, 0.4642857142857143, 0.39285714285714285, 0.35714285714285715, 0.38461538461538464, 0.39285714285714285, 0.4642857142857143, 0.32142857142857145, 0.25, 0.38461538461538464, 0.5357142857142857, 0.39285714285714285, 0.5714285714285714, 0.4642857142857143, 0.4230769230769231]
 mean: 0.4128205128205129, std: 0.07722642089854485
F1 (Intime): [0.38015873015873014, 0.45265700483091786, 0.4019993164730007, 0.33942307692307694, 0.38333333333333336, 0.43944476576055524, 0.48134540897698785, 0.3345779220779221, 0.21726190476190477, 0.3983918128654971, 0.5396825396825397, 0.410906862745098, 0.5593240093240093, 0.4421911421911422, 0.44722985347985345]
 mean: 0.4151951789056379, std: 0.08104659030798587
--------------------------------------------------
Subject Number: 5
Accuracy Cross: [0.36764705882352944, 0.4117647058823529, 0.45588235294117646, 0.45588235294117646, 0.35294117647058826, 0.4411764705882353, 0.4411764705882353, 0.4411764705882353, 0.47058823529411764, 0.4264705882352941, 0.4411764705882353, 0.36764705882352944, 0.39705882352941174, 0.39705882352941174, 0.4411764705882353]
 mean: 0.42058823529411776, std: 0.03513033895523317
F1 Score: [0.3385467980295567, 0.3692247013748028, 0.4668619584585971, 0.4480219780219781, 0.34098793363499247, 0.4197144398925158, 0.4438220649895178, 0.42176573426573427, 0.4195754716981132, 0.4083964840416453, 0.4415847310584152, 0.34481392557022805, 0.35036135597614726, 0.3792016806722689, 0.42712206712206713]
 mean: 0.40133342165377195, std: 0.042110524957038514
Accuracy Intime: [0.6785714285714286, 0.7142857142857143, 0.5, 0.5, 0.5, 0.5357142857142857, 0.4642857142857143, 0.5357142857142857, 0.5, 0.4230769230769231, 0.5357142857142857, 0.6785714285714286, 0.5, 0.5384615384615384, 0.5384615384615384]
 mean: 0.5428571428571429, std: 0.080050249886828
F1 (Intime): [0.6696428571428571, 0.7149321266968326, 0.48173374613003095, 0.45551378446115287, 0.4603896103896104, 0.5438034188034189, 0.4472027972027972, 0.4873737373737374, 0.3859126984126984, 0.40754604872251926, 0.5396270396270396, 0.6788737578211262, 0.4992260061919505, 0.46460268317853454, 0.4833333333333333]
 mean: 0.5146475763658426, std: 0.09562591369250475
--------------------------------------------------
Subject Number: 6
Accuracy Cross: [0.5, 0.38235294117647056, 0.36764705882352944, 0.4264705882352941, 0.39705882352941174, 0.37681159420289856, 0.391304347826087, 0.34782608695652173, 0.30434782608695654, 0.3188405797101449, 0.30434782608695654, 0.3333333333333333, 0.30434782608695654, 0.30434782608695654, 0.30434782608695654]
 mean: 0.3575589656152316, std: 0.05487092405746478
F1 Score: [0.514045514045514, 0.39724973109306033, 0.35816346773793584, 0.4198315390749601, 0.4141664786826077, 0.30424288617886175, 0.32310198761811665, 0.2917245945051308, 0.27823829927488464, 0.24571428571428572, 0.3197541921679853, 0.33803858803858805, 0.31952737364393236, 0.3198754789272031, 0.29914502164502166]
 mean: 0.3428546292232059, std: 0.06590736837372418
Accuracy Intime: [0.6785714285714286, 0.39285714285714285, 0.42857142857142855, 0.4642857142857143, 0.46153846153846156, 0.5714285714285714, 0.5, 0.4642857142857143, 0.38461538461538464, 0.38461538461538464, 0.5, 0.42857142857142855, 0.21428571428571427, 0.6538461538461539, 0.46153846153846156]
 mean: 0.46593406593406606, std: 0.10914951909199198
F1 (Intime): [0.6835357624831309, 0.3571428571428571, 0.44647435897435894, 0.4429112554112554, 0.4353535353535353, 0.594832251082251, 0.4899122807017544, 0.47012362637362637, 0.35980541197932503, 0.256578947368421, 0.4952865761689291, 0.45398110661268554, 0.18585434173669468, 0.6130681818181818, 0.34055555555555556]
 mean: 0.44169440325083753, std: 0.12684213960998444
--------------------------------------------------
Subject Number: 7
Accuracy Cross: [0.4264705882352941, 0.4411764705882353, 0.3088235294117647, 0.5588235294117647, 0.4852941176470588, 0.3382352941176471, 0.4411764705882353, 0.4264705882352941, 0.4264705882352941, 0.35294117647058826, 0.4411764705882353, 0.39705882352941174, 0.38235294117647056, 0.27941176470588236, 0.35294117647058826]
 mean: 0.40392156862745104, std: 0.06873940448218864
F1 Score: [0.39506470540953303, 0.40987898917706933, 0.28205454351384046, 0.5473970473970474, 0.4575594242713808, 0.31275987525987525, 0.4412377450980392, 0.43855534709193245, 0.4300144660426295, 0.3494520264681555, 0.4130400365887982, 0.3719889457185283, 0.37010555992656696, 0.2547560975609756, 0.35850185372430066]
 mean: 0.38882444421657814, std: 0.07123611520464347
Accuracy Intime: [0.32142857142857145, 0.39285714285714285, 0.5, 0.38461538461538464, 0.4230769230769231, 0.35714285714285715, 0.42857142857142855, 0.6428571428571429, 0.46153846153846156, 0.34615384615384615, 0.5, 0.4642857142857143, 0.4642857142857143, 0.46153846153846156, 0.4230769230769231]
 mean: 0.43809523809523815, std: 0.0757754971062954
F1 (Intime): [0.3130827505827506, 0.41895604395604397, 0.4487307283359915, 0.34269005847953216, 0.4028846153846154, 0.28609625668449196, 0.4238095238095238, 0.6242972713560948, 0.375, 0.2900793650793651, 0.503968253968254, 0.38744343891402716, 0.4257518796992481, 0.41879370629370627, 0.3719298245614035]
 mean: 0.4022342478070032, std: 0.08279920562596481
--------------------------------------------------
Subject Number: 8
Accuracy Cross: [0.2647058823529412, 0.27941176470588236, 0.2647058823529412, 0.3088235294117647, 0.29411764705882354, 0.3382352941176471, 0.3088235294117647, 0.35294117647058826, 0.22058823529411764, 0.25, 0.29411764705882354, 0.3235294117647059, 0.3235294117647059, 0.27941176470588236, 0.3382352941176471]
 mean: 0.296078431372549, std: 0.03556540617101384
F1 Score: [0.25488122988122985, 0.273109243697479, 0.27407693049262505, 0.3075473137973138, 0.31629635549872126, 0.33617828354670454, 0.3122252747252747, 0.3532018362900715, 0.22479110207768743, 0.2447488257873781, 0.2727813852813853, 0.32786909390833036, 0.32316757316757316, 0.2589882565492322, 0.317712320310433]
 mean: 0.2931716683340959, std: 0.0366076129591718
Accuracy Intime: [0.35714285714285715, 0.2857142857142857, 0.35714285714285715, 0.34615384615384615, 0.4230769230769231, 0.35714285714285715, 0.2857142857142857, 0.35714285714285715, 0.19230769230769232, 0.38461538461538464, 0.35714285714285715, 0.42857142857142855, 0.32142857142857145, 0.38461538461538464, 0.5]
 mean: 0.3558608058608059, std: 0.06836827314713946
F1 (Intime): [0.35178571428571426, 0.31115196078431373, 0.3702922077922078, 0.31825396825396823, 0.39167303284950344, 0.341644385026738, 0.2732114376851219, 0.3339160839160839, 0.175, 0.382711038961039, 0.3250903685686295, 0.4549274255156608, 0.293006993006993, 0.37790346907993966, 0.47410714285714284]
 mean: 0.34497834857220366, std: 0.06989037979144405
--------------------------------------------------
Subject Number: 9
Accuracy Cross: [0.4411764705882353, 0.4117647058823529, 0.3235294117647059, 0.45588235294117646, 0.4264705882352941, 0.3235294117647059, 0.3382352941176471, 0.3235294117647059, 0.35294117647058826, 0.25, 0.3088235294117647, 0.36764705882352944, 0.39705882352941174, 0.29411764705882354, 0.36764705882352944]
 mean: 0.3588235294117647, std: 0.056523667864312045
F1 Score: [0.45688723317192936, 0.42857142857142855, 0.35739348370927315, 0.48390232337600764, 0.45491743493989967, 0.33872688477951635, 0.35837664587664586, 0.33363071091729624, 0.3764559881175735, 0.27635877635877637, 0.31930069930069926, 0.37971013140792426, 0.41725732084171285, 0.2986647760841309, 0.38810386473429953]
 mean: 0.37788384681247417, std: 0.058851185342656966
Accuracy Intime: [0.42857142857142855, 0.39285714285714285, 0.42857142857142855, 0.5, 0.3076923076923077, 0.5714285714285714, 0.4642857142857143, 0.5357142857142857, 0.38461538461538464, 0.2692307692307692, 0.5, 0.5714285714285714, 0.5714285714285714, 0.46153846153846156, 0.3076923076923077]
 mean: 0.4463369963369963, std: 0.09604057518015464
F1 (Intime): [0.4131313131313131, 0.4135031635031635, 0.44047619047619047, 0.5270833333333332, 0.2674825174825175, 0.5865115276879982, 0.47884615384615387, 0.5518207282913166, 0.38003663003663, 0.24354066985645934, 0.49893162393162394, 0.5593434343434344, 0.5608187134502924, 0.4508928571428571, 0.2976370035193565]
 mean: 0.44467039066884256, std: 0.10608552115800121
--------------------------------------------------
Subject Number: 10
Accuracy Cross: [0.2647058823529412, 0.3235294117647059, 0.2647058823529412, 0.3235294117647059, 0.29411764705882354, 0.29411764705882354, 0.23529411764705882, 0.25, 0.17647058823529413, 0.23529411764705882, 0.2608695652173913, 0.2608695652173913, 0.2898550724637681, 0.21739130434782608, 0.21739130434782608]
 mean: 0.2605427678317704, std: 0.03937988920637413
F1 Score: [0.25386473429951695, 0.3077519379844961, 0.25921577538756757, 0.3184065934065934, 0.29461279461279466, 0.2820638995863643, 0.2076365663322185, 0.24315476190476187, 0.167245930140667, 0.2261904761904762, 0.2545285979175581, 0.2633053221288515, 0.2990022172949003, 0.1985884485884486, 0.19725048828464387]
 mean: 0.2515212362706573, std: 0.04349663646174973
Accuracy Intime: [0.25, 0.39285714285714285, 0.17857142857142858, 0.2692307692307692, 0.23076923076923078, 0.4642857142857143, 0.17857142857142858, 0.2857142857142857, 0.3076923076923077, 0.34615384615384615, 0.32142857142857145, 0.42857142857142855, 0.39285714285714285, 0.34615384615384615, 0.34615384615384615]
 mean: 0.31593406593406587, std: 0.08238094423732445
F1 (Intime): [0.2346828609986505, 0.33967391304347827, 0.16488095238095238, 0.26068376068376065, 0.24774184149184147, 0.44824561403508767, 0.1606719367588933, 0.27619047619047615, 0.3161255411255411, 0.325297619047619, 0.25, 0.40142021720969084, 0.3366946778711485, 0.33669467787114843, 0.3464285714285714]
 mean: 0.29636217734245734, std: 0.07688360004641606
--------------------------------------------------
Subject Number: 11
Accuracy Cross: [0.36231884057971014, 0.3333333333333333, 0.3333333333333333, 0.2898550724637681, 0.3188405797101449, 0.37681159420289856, 0.391304347826087, 0.34782608695652173, 0.34782608695652173, 0.36231884057971014, 0.2898550724637681, 0.3188405797101449, 0.4057971014492754, 0.34782608695652173, 0.3188405797101449]
 mean: 0.3429951690821255, std: 0.032478717514921
F1 Score: [0.3487567310738042, 0.3164579228820715, 0.32724358974358975, 0.29388715691668194, 0.3132943143812709, 0.3547557619539044, 0.37311507936507937, 0.3441326211894053, 0.3338122951609794, 0.322426118772868, 0.23532522474881012, 0.30312379376895504, 0.3846828096069755, 0.33553741328986775, 0.29965389016018307]
 mean: 0.3257469815342964, std: 0.0348573130383961
Accuracy Intime: [0.2857142857142857, 0.39285714285714285, 0.42857142857142855, 0.5714285714285714, 0.46153846153846156, 0.39285714285714285, 0.39285714285714285, 0.35714285714285715, 0.4642857142857143, 0.46153846153846156, 0.17857142857142858, 0.2857142857142857, 0.42857142857142855, 0.5714285714285714, 0.5]
 mean: 0.4115384615384616, std: 0.10239160009372866
F1 (Intime): [0.31323529411764706, 0.37976190476190474, 0.3894230769230769, 0.5621794871794872, 0.45311355311355306, 0.34269005847953216, 0.3293040293040293, 0.3260233918128655, 0.44748803827751193, 0.4322002923976608, 0.1286231884057971, 0.27391395154553044, 0.42990196078431375, 0.5675324675324676, 0.4944444444444444]
 mean: 0.39132234260532145, std: 0.10970086898861836
--------------------------------------------------
Subject Number: 12
Accuracy Cross: [0.36764705882352944, 0.4264705882352941, 0.39705882352941174, 0.47058823529411764, 0.4117647058823529, 0.34782608695652173, 0.3188405797101449, 0.4057971014492754, 0.37681159420289856, 0.3188405797101449, 0.38235294117647056, 0.39705882352941174, 0.39705882352941174, 0.36764705882352944, 0.35294117647058826]
 mean: 0.38258027848820686, std: 0.03862862178827041
F1 Score: [0.34835462640340686, 0.42877792112798235, 0.38355821444056737, 0.4643728796115577, 0.41817226890756304, 0.3487943955685891, 0.30597042251802, 0.3527960526315789, 0.3523590311644345, 0.3190927769875138, 0.3760387122456088, 0.3842192018507808, 0.4105419673883988, 0.3672884366925065, 0.35001055163972483]
 mean: 0.37402316394521556, std: 0.04092972387404702
Accuracy Intime: [0.35714285714285715, 0.4642857142857143, 0.39285714285714285, 0.34615384615384615, 0.38461538461538464, 0.2857142857142857, 0.35714285714285715, 0.39285714285714285, 0.3076923076923077, 0.34615384615384615, 0.5, 0.5, 0.4642857142857143, 0.34615384615384615, 0.5]
 mean: 0.39633699633699637, std: 0.06945329278518718
F1 (Intime): [0.33630952380952384, 0.4638888888888889, 0.37430555555555556, 0.2607142857142857, 0.361344537815126, 0.31785714285714284, 0.33933178534571723, 0.39659442724458205, 0.23450292397660819, 0.34325396825396826, 0.5134711779448622, 0.5219298245614035, 0.4452380952380952, 0.263768115942029, 0.4893578643578643]
 mean: 0.3774578745003768, std: 0.08923867555097809
--------------------------------------------------
Subject Number: 13
Accuracy Cross: [0.29411764705882354, 0.27941176470588236, 0.29411764705882354, 0.3088235294117647, 0.3235294117647059, 0.2898550724637681, 0.2318840579710145, 0.2318840579710145, 0.3188405797101449, 0.3188405797101449, 0.27941176470588236, 0.3088235294117647, 0.3235294117647059, 0.27941176470588236, 0.27941176470588236]
 mean: 0.2907928388746803, std: 0.028105185737892995
F1 Score: [0.3062321937321937, 0.30007535731219936, 0.2959647627166809, 0.32708333333333334, 0.34116300366300367, 0.2644230769230769, 0.2062336899293421, 0.22597402597402597, 0.32670552253447976, 0.30311302681992336, 0.23659761456371625, 0.3182646291847505, 0.33493632296641873, 0.29548063127690105, 0.28055555555555556]
 mean: 0.29085351643237345, std: 0.03954847864067425
Accuracy Intime: [0.4642857142857143, 0.32142857142857145, 0.25, 0.34615384615384615, 0.34615384615384615, 0.35714285714285715, 0.39285714285714285, 0.4642857142857143, 0.19230769230769232, 0.34615384615384615, 0.2857142857142857, 0.39285714285714285, 0.39285714285714285, 0.4230769230769231, 0.34615384615384615]
 mean: 0.3547619047619048, std: 0.07144171946239436
F1 (Intime): [0.48669467787114845, 0.27067307692307696, 0.23033216783216784, 0.3173611111111111, 0.35227272727272724, 0.3127917833800187, 0.33005307386112337, 0.4598214285714286, 0.22833599149388623, 0.3408521303258145, 0.24638157894736842, 0.3287581699346405, 0.3766917293233083, 0.4469298245614035, 0.36160714285714285]
 mean: 0.33930377428442443, std: 0.07694689031098985
--------------------------------------------------
Subject Number: 14
Accuracy Cross: [0.23529411764705882, 0.27941176470588236, 0.27941176470588236, 0.20588235294117646, 0.2647058823529412, 0.3235294117647059, 0.29411764705882354, 0.3088235294117647, 0.3235294117647059, 0.3235294117647059, 0.3382352941176471, 0.3088235294117647, 0.3088235294117647, 0.3235294117647059, 0.27941176470588236]
 mean: 0.2931372549019608, std: 0.035402882520132926
F1 Score: [0.24364081450984756, 0.29067599067599065, 0.27965256160275487, 0.22387917201540436, 0.278404204491161, 0.29811507936507936, 0.2579650097431904, 0.29448051948051945, 0.31418727697797466, 0.2903471983567185, 0.3305067867757453, 0.29673874512584186, 0.2862070399664385, 0.3184815184815185, 0.28055555555555556]
 mean: 0.28558916487491603, std: 0.026795026166398225
Accuracy Intime: [0.42857142857142855, 0.32142857142857145, 0.32142857142857145, 0.4230769230769231, 0.34615384615384615, 0.39285714285714285, 0.42857142857142855, 0.35714285714285715, 0.4230769230769231, 0.38461538461538464, 0.25, 0.25, 0.35714285714285715, 0.38461538461538464, 0.38461538461538464]
 mean: 0.36355311355311354, std: 0.05624529898612996
F1 (Intime): [0.4369047619047619, 0.3070701357466063, 0.2721611721611722, 0.3159223817118554, 0.35378787878787876, 0.39699883449883455, 0.43508158508158506, 0.33962148962148964, 0.40724206349206343, 0.3743978243978244, 0.23626207729468598, 0.20833333333333331, 0.30050125313283205, 0.3787114845938375, 0.4132326007326007]
 mean: 0.3450819250994241, std: 0.06829987725177945
--------------------------------------------------
Subject Number: 15
Accuracy Cross: [0.35294117647058826, 0.3382352941176471, 0.3382352941176471, 0.39705882352941174, 0.3235294117647059, 0.4852941176470588, 0.4117647058823529, 0.5588235294117647, 0.45588235294117646, 0.4264705882352941, 0.45588235294117646, 0.4411764705882353, 0.36764705882352944, 0.39705882352941174, 0.4264705882352941]
 mean: 0.41176470588235303, std: 0.06146050203395089
F1 Score: [0.3783660118594916, 0.3611826490935717, 0.3474898440931049, 0.42644022644022644, 0.35540342809364545, 0.4916809116809117, 0.44479630545934357, 0.5616207340345272, 0.4623876791479037, 0.44084556747600223, 0.44595410628019316, 0.4447869203966765, 0.37177749982628033, 0.3977678571428571, 0.4418291761148904]
 mean: 0.4248219278093084, std: 0.05594098922445109
Accuracy Intime: [0.5714285714285714, 0.5357142857142857, 0.6071428571428571, 0.5769230769230769, 0.4230769230769231, 0.39285714285714285, 0.2857142857142857, 0.5357142857142857, 0.5, 0.4230769230769231, 0.6071428571428571, 0.5, 0.4642857142857143, 0.6153846153846154, 0.5384615384615384]
 mean: 0.5051282051282051, std: 0.08997615079059741
F1 (Intime): [0.5678571428571428, 0.5432345432345432, 0.6137254901960784, 0.5941176470588235, 0.44999999999999996, 0.3868288144603934, 0.2623376623376623, 0.5473627249943039, 0.4683845029239766, 0.43823529411764706, 0.5987103174603174, 0.4993464052287581, 0.4770833333333333, 0.6253342245989305, 0.5611535523300228]
 mean: 0.5089141103421289, std: 0.09509294343293359
--------------------------------------------------
Subject Number: 16
Accuracy Cross: [0.3235294117647059, 0.39705882352941174, 0.47058823529411764, 0.38235294117647056, 0.4264705882352941, 0.29411764705882354, 0.29411764705882354, 0.3382352941176471, 0.36764705882352944, 0.27941176470588236, 0.38235294117647056, 0.4411764705882353, 0.39705882352941174, 0.2647058823529412, 0.4117647058823529]
 mean: 0.36470588235294127, std: 0.06080012444593588
F1 Score: [0.256370987503063, 0.3848499926286304, 0.42523658512030604, 0.3680735930735931, 0.38014579759862777, 0.2860754985754986, 0.29206155986435955, 0.321165949127514, 0.35096813725490195, 0.2805370011252364, 0.33349458204334365, 0.3728684041184041, 0.3740454206801128, 0.24522397891963105, 0.36373165618448633]
 mean: 0.33565660958784727, std: 0.051271622781053794
Accuracy Intime: [0.5, 0.4642857142857143, 0.5714285714285714, 0.4230769230769231, 0.6538461538461539, 0.5, 0.32142857142857145, 0.5714285714285714, 0.6538461538461539, 0.4230769230769231, 0.35714285714285715, 0.4642857142857143, 0.6071428571428571, 0.46153846153846156, 0.2692307692307692]
 mean: 0.4827838827838828, std: 0.1113522989760273
F1 (Intime): [0.4832417582417582, 0.38839285714285715, 0.5622155622155622, 0.40575396825396826, 0.6017857142857144, 0.4820261437908497, 0.3008286647992531, 0.5536616161616161, 0.6178571428571429, 0.39309056956115784, 0.35049019607843135, 0.42932330827067666, 0.6011904761904762, 0.4810924369747899, 0.2297979797979798]
 mean: 0.45871655964148234, std: 0.1123778972088508
--------------------------------------------------
Subject Number: 17
Accuracy Cross: [0.42028985507246375, 0.391304347826087, 0.42028985507246375, 0.391304347826087, 0.42028985507246375, 0.3333333333333333, 0.3333333333333333, 0.4057971014492754, 0.3333333333333333, 0.34782608695652173, 0.4117647058823529, 0.36764705882352944, 0.36764705882352944, 0.4264705882352941, 0.38235294117647056]
 mean: 0.3835322534811026, std: 0.03331812801501849
F1 Score: [0.3684625322997416, 0.3502639793995368, 0.3846412745661807, 0.3788345410628019, 0.4083183768027393, 0.282097288676236, 0.28887996788438375, 0.34726170568561876, 0.30100783874580067, 0.30032051282051286, 0.37984126984126987, 0.34227614490772384, 0.36211201079622135, 0.4212216898954704, 0.3799687442544586]
 mean: 0.3530338585092465, std: 0.04157329673959554
Accuracy Intime: [0.35714285714285715, 0.39285714285714285, 0.32142857142857145, 0.3076923076923077, 0.38461538461538464, 0.42857142857142855, 0.5357142857142857, 0.4642857142857143, 0.46153846153846156, 0.5384615384615384, 0.32142857142857145, 0.6071428571428571, 0.42857142857142855, 0.5, 0.46153846153846156]
 mean: 0.4340659340659341, std: 0.08540966816286394
F1 (Intime): [0.366285030758715, 0.32589285714285715, 0.26121794871794873, 0.19696969696969696, 0.3564664502164502, 0.4140756302521008, 0.5370734528629265, 0.4101503759398496, 0.4214285714285714, 0.5138888888888888, 0.30169172932330823, 0.5952380952380952, 0.3999007936507937, 0.47178093645484953, 0.38982070561017923]
 mean: 0.3974587442303487, std: 0.10147818748148794
--------------------------------------------------
Subject Number: 18
Accuracy Cross: [0.3188405797101449, 0.37681159420289856, 0.37681159420289856, 0.34782608695652173, 0.4057971014492754, 0.2647058823529412, 0.27941176470588236, 0.2647058823529412, 0.27941176470588236, 0.3088235294117647, 0.3235294117647059, 0.3235294117647059, 0.2647058823529412, 0.35294117647058826, 0.3235294117647059]
 mean: 0.32075873827791984, std: 0.04343408037852606
F1 Score: [0.319047619047619, 0.3971078431372549, 0.3569943633952255, 0.3596470370663919, 0.4205767350928641, 0.2985420116639067, 0.30777048155096937, 0.2745199692780338, 0.2984438747596642, 0.32818160265528684, 0.3260913371578969, 0.308020683020683, 0.2644783377541998, 0.3538025166642339, 0.3479323513366066]
 mean: 0.33074378423872247, std: 0.041366151736532186
Accuracy Intime: [0.25, 0.32142857142857145, 0.5357142857142857, 0.23076923076923078, 0.3076923076923077, 0.4642857142857143, 0.35714285714285715, 0.5, 0.23076923076923078, 0.46153846153846156, 0.39285714285714285, 0.35714285714285715, 0.5714285714285714, 0.3076923076923077, 0.3076923076923077]
 mean: 0.37307692307692303, std: 0.10648667289499973
F1 (Intime): [0.2152777777777778, 0.3239495798319328, 0.5264957264957265, 0.24746732026143792, 0.28525641025641024, 0.47500000000000003, 0.33958333333333335, 0.4555555555555555, 0.23333333333333334, 0.45311355311355306, 0.3850250626566416, 0.3438375350140056, 0.5523752563226247, 0.29426406926406923, 0.294017094017094]
 mean: 0.36163677381556636, std: 0.10399774407010368
--------------------------------------------------
Subject Number: 19
Accuracy Cross: [0.3382352941176471, 0.3382352941176471, 0.27941176470588236, 0.29411764705882354, 0.3382352941176471, 0.38235294117647056, 0.39705882352941174, 0.38235294117647056, 0.38235294117647056, 0.36764705882352944, 0.35294117647058826, 0.3235294117647059, 0.35294117647058826, 0.29411764705882354, 0.35294117647058826]
 mean: 0.3450980392156862, std: 0.034327728235316844
F1 Score: [0.31549865229110513, 0.3033514629180264, 0.2647216781449422, 0.291766030736619, 0.2658839406207827, 0.3830765639589169, 0.352259251471825, 0.3716931216931217, 0.36981944349723794, 0.33061374171213986, 0.3300788231089038, 0.3425343249427918, 0.3643287373004354, 0.3148089332526719, 0.36537366142629296]
 mean: 0.3310538911383875, std: 0.036689923522135647
Accuracy Intime: [0.5, 0.39285714285714285, 0.4642857142857143, 0.46153846153846156, 0.46153846153846156, 0.5357142857142857, 0.2857142857142857, 0.4642857142857143, 0.46153846153846156, 0.34615384615384615, 0.5357142857142857, 0.39285714285714285, 0.42857142857142855, 0.5, 0.46153846153846156]
 mean: 0.4461538461538462, std: 0.065917275029274
F1 (Intime): [0.49985569985569983, 0.33414918414918415, 0.47192982456140353, 0.4426470588235294, 0.47986111111111107, 0.5239400584795322, 0.2244019138755981, 0.4480392156862745, 0.4370915032679738, 0.32998472116119176, 0.5303921568627451, 0.3333333333333333, 0.44166666666666665, 0.4724089635854342, 0.4297619047619048]
 mean: 0.4266308877454387, std: 0.0821108626801137
--------------------------------------------------
Subject Number: 20
Accuracy Cross: [0.39705882352941174, 0.4852941176470588, 0.4852941176470588, 0.3235294117647059, 0.47058823529411764, 0.38235294117647056, 0.36764705882352944, 0.45588235294117646, 0.3382352941176471, 0.4411764705882353, 0.34782608695652173, 0.34782608695652173, 0.2753623188405797, 0.4057971014492754, 0.34782608695652173]
 mean: 0.3914464336459221, std: 0.06219200373766274
F1 Score: [0.4075734549138804, 0.4980519480519481, 0.4997198879551821, 0.3296412879533084, 0.48160120467681694, 0.3927056236838845, 0.3794492544492544, 0.4782805074427556, 0.3368633540372671, 0.4520717377860235, 0.346199427468386, 0.34358766233766236, 0.24898548299376644, 0.4009647389224048, 0.36551543694400834]
 mean: 0.3974140673077699, std: 0.07047355603009228
Accuracy Intime: [0.5357142857142857, 0.5, 0.35714285714285715, 0.34615384615384615, 0.3076923076923077, 0.6785714285714286, 0.5714285714285714, 0.6071428571428571, 0.5769230769230769, 0.4230769230769231, 0.6785714285714286, 0.4642857142857143, 0.35714285714285715, 0.34615384615384615, 0.3076923076923077]
 mean: 0.47051282051282045, std: 0.12749331437604547
F1 (Intime): [0.5511710511710511, 0.5, 0.34672619047619047, 0.33783577533577536, 0.2927521008403361, 0.6794143356643356, 0.5793650793650793, 0.6067994505494505, 0.5701388888888889, 0.3985527544351074, 0.689457601222307, 0.4953781512605042, 0.3686868686868687, 0.28583333333333333, 0.2111111111111111]
 mean: 0.46088151282268935, std: 0.14605814083240018
--------------------------------------------------
Subject Number: 21
Accuracy Cross: [0.29411764705882354, 0.35294117647058826, 0.35294117647058826, 0.3382352941176471, 0.3088235294117647, 0.27941176470588236, 0.29411764705882354, 0.35294117647058826, 0.3235294117647059, 0.36764705882352944, 0.35294117647058826, 0.27941176470588236, 0.29411764705882354, 0.35294117647058826, 0.3382352941176471]
 mean: 0.3254901960784313, std: 0.029833576577848905
F1 Score: [0.2722317665888434, 0.3284438881935753, 0.34527371941559587, 0.32003732981993854, 0.289900525006908, 0.26344086021505375, 0.2695108436199959, 0.3032328805885682, 0.2984538327526133, 0.36403508771929827, 0.3471082779009608, 0.2530750840234226, 0.25852272727272724, 0.3195486683858777, 0.3353658536585366]
 mean: 0.30454542301079435, std: 0.034619175713197496
Accuracy Intime: [0.39285714285714285, 0.6785714285714286, 0.42857142857142855, 0.34615384615384615, 0.38461538461538464, 0.35714285714285715, 0.39285714285714285, 0.4642857142857143, 0.46153846153846156, 0.4230769230769231, 0.42857142857142855, 0.42857142857142855, 0.32142857142857145, 0.34615384615384615, 0.38461538461538464]
 mean: 0.415934065934066, std: 0.08127288087499254
F1 (Intime): [0.32456140350877194, 0.6860198624904508, 0.36597222222222225, 0.26608187134502925, 0.3321428571428572, 0.338235294117647, 0.3582417582417582, 0.4393170426065163, 0.4588744588744589, 0.3891547049441786, 0.3988455988455989, 0.41666666666666663, 0.33562271062271065, 0.28154761904761905, 0.36581510594668487]
 mean: 0.38380661177487807, std: 0.095768089357453
--------------------------------------------------
Subject Number: 22
Accuracy Cross: [0.29411764705882354, 0.3382352941176471, 0.3382352941176471, 0.29411764705882354, 0.3088235294117647, 0.3188405797101449, 0.37681159420289856, 0.30434782608695654, 0.4057971014492754, 0.2753623188405797, 0.29411764705882354, 0.3088235294117647, 0.38235294117647056, 0.3382352941176471, 0.4117647058823529]
 mean: 0.332665529980108, std: 0.04162296356208215
F1 Score: [0.2977512683395036, 0.33872214460449757, 0.35923423423423423, 0.33622285169954697, 0.3323536402530442, 0.29072677799933533, 0.343703007518797, 0.25628815628815627, 0.4102686529157118, 0.27128356605800213, 0.30603741496598635, 0.3165143280632411, 0.39103568844948156, 0.3652430831953974, 0.4381689232753062]
 mean: 0.33690358252401614, std: 0.04883875113882384
Accuracy Intime: [0.42857142857142855, 0.4642857142857143, 0.39285714285714285, 0.34615384615384615, 0.23076923076923078, 0.42857142857142855, 0.6428571428571429, 0.21428571428571427, 0.46153846153846156, 0.3076923076923077, 0.42857142857142855, 0.4642857142857143, 0.35714285714285715, 0.4230769230769231, 0.34615384615384615]
 mean: 0.3957875457875458, std: 0.10102255969928169
F1 (Intime): [0.4133971291866029, 0.46166666666666667, 0.363095238095238, 0.33730158730158727, 0.19567099567099566, 0.44753711201079627, 0.6645299145299146, 0.2, 0.4543703007518797, 0.28948412698412695, 0.4313568376068376, 0.47478991596638653, 0.3737585943468296, 0.4168353576248313, 0.2881944444444444]
 mean: 0.3874658814124759, std: 0.1143457154159721
--------------------------------------------------
Subject Number: 23
Accuracy Cross: [0.34782608695652173, 0.34782608695652173, 0.34782608695652173, 0.463768115942029, 0.37681159420289856, 0.38235294117647056, 0.4411764705882353, 0.4852941176470588, 0.4411764705882353, 0.39705882352941174, 0.2463768115942029, 0.3188405797101449, 0.37681159420289856, 0.30434782608695654, 0.2753623188405797]
 mean: 0.37019039499857925, std: 0.06624999366827611
F1 Score: [0.3352123298352515, 0.3588280610525302, 0.35126238656138986, 0.46531039136302293, 0.38531499556344273, 0.35059604138551503, 0.4479032258064516, 0.47434653209109734, 0.45065496098104796, 0.3757012622720898, 0.1954234789600643, 0.3175870348139256, 0.3651227124414811, 0.30394736842105263, 0.2650140056022409]
 mean: 0.36281498581004024, std: 0.07426734388806357
Accuracy Intime: [0.39285714285714285, 0.6071428571428571, 0.35714285714285715, 0.34615384615384615, 0.34615384615384615, 0.42857142857142855, 0.5714285714285714, 0.5, 0.4642857142857143, 0.34615384615384615, 0.5357142857142857, 0.5, 0.5, 0.5384615384615384, 0.3076923076923077]
 mean: 0.4494505494505494, std: 0.092109065908528
F1 (Intime): [0.39305555555555555, 0.606612685560054, 0.3686868686868687, 0.27628968253968256, 0.3414473684210526, 0.4575757575757576, 0.5745614035087719, 0.5249999999999999, 0.48251879699248124, 0.29485645933014354, 0.5637681159420289, 0.4229166666666666, 0.5401069518716578, 0.5467032967032968, 0.3214285714285714]
 mean: 0.44770187871883926, std: 0.1065410016937042
--------------------------------------------------
Subject Number: 24
Accuracy Cross: [0.3088235294117647, 0.3088235294117647, 0.27941176470588236, 0.27941176470588236, 0.16176470588235295, 0.27941176470588236, 0.3235294117647059, 0.3088235294117647, 0.38235294117647056, 0.36764705882352944, 0.23529411764705882, 0.19117647058823528, 0.14705882352941177, 0.3088235294117647, 0.3088235294117647]
 mean: 0.27941176470588236, std: 0.0662036981024868
F1 Score: [0.27459608804640184, 0.2959733893557423, 0.28119845985932573, 0.2704249579249579, 0.1538225725725726, 0.27062214271516594, 0.3291871416871417, 0.3097186366709693, 0.360399130702736, 0.3603488465557431, 0.2283139274518585, 0.19135251322751323, 0.14517490898195984, 0.3074928074928075, 0.3031913427074717]
 mean: 0.2721211243968245, std: 0.06412428609353354
Accuracy Intime: [0.21428571428571427, 0.25, 0.5, 0.3076923076923077, 0.19230769230769232, 0.25, 0.2857142857142857, 0.39285714285714285, 0.5, 0.34615384615384615, 0.35714285714285715, 0.32142857142857145, 0.35714285714285715, 0.5, 0.4230769230769231]
 mean: 0.3465201465201465, std: 0.09819583021183995
F1 (Intime): [0.21142093200916728, 0.22692307692307695, 0.4816653934300993, 0.307051282051282, 0.14251207729468598, 0.2456043956043956, 0.3140782828282828, 0.39313725490196083, 0.4692696192696193, 0.3378389154704944, 0.3259803921568627, 0.25750517598343686, 0.3356643356643357, 0.4785714285714286, 0.42446524064171126]
 mean: 0.3301125201867227, std: 0.10016227299065865
--------------------------------------------------
Subject Number: 25
Accuracy Cross: [0.3333333333333333, 0.391304347826087, 0.37681159420289856, 0.463768115942029, 0.2753623188405797, 0.3088235294117647, 0.36764705882352944, 0.39705882352941174, 0.4117647058823529, 0.39705882352941174, 0.3088235294117647, 0.35294117647058826, 0.4117647058823529, 0.27941176470588236, 0.3382352941176471]
 mean: 0.3609406081273088, std: 0.05184091436433121
F1 Score: [0.3082534673523453, 0.3841354723707665, 0.3668426811283954, 0.4486449864498645, 0.26406048906048907, 0.2970606960950764, 0.342659791189203, 0.37653846153846154, 0.36658902691511386, 0.385364020216237, 0.2962418300653595, 0.33535278976455446, 0.39839478375082094, 0.23383249641319942, 0.31257076257076255]
 mean: 0.34110278365871, std: 0.05449747824584353
Accuracy Intime: [0.6071428571428571, 0.5, 0.2857142857142857, 0.46153846153846156, 0.38461538461538464, 0.42857142857142855, 0.39285714285714285, 0.39285714285714285, 0.6538461538461539, 0.5, 0.32142857142857145, 0.35714285714285715, 0.39285714285714285, 0.5, 0.4230769230769231]
 mean: 0.44010989010989016, std: 0.09654394963354307
F1 (Intime): [0.6039915966386554, 0.48065797291803486, 0.2764285714285714, 0.3682764603817235, 0.33333333333333337, 0.4040674603174603, 0.3951465201465202, 0.38664843928001824, 0.5396825396825397, 0.48333333333333334, 0.34015151515151515, 0.33769998117824207, 0.3520833333333333, 0.49358974358974356, 0.36538461538461536]
 mean: 0.4106983610731759, std: 0.08699142023408382
--------------------------------------------------
Subject Number: 26
Accuracy Cross: [0.3333333333333333, 0.37681159420289856, 0.4057971014492754, 0.5362318840579711, 0.43478260869565216, 0.36764705882352944, 0.36764705882352944, 0.3235294117647059, 0.39705882352941174, 0.3235294117647059, 0.4852941176470588, 0.5147058823529411, 0.4264705882352941, 0.5147058823529411, 0.4411764705882353]
 mean: 0.4165814151747656, std: 0.06852945652830869
F1 Score: [0.3403846153846154, 0.3765858380969943, 0.4108157943751164, 0.5582887227714814, 0.4430876833073127, 0.39183006535947706, 0.3927009222661396, 0.3128619691119691, 0.40685932337474984, 0.3397315167301142, 0.5093057735914879, 0.5351476723759332, 0.4367258202510494, 0.5296953203203203, 0.47434383471617514]
 mean: 0.43055765813552915, std: 0.07412881762627861
Accuracy Intime: [0.42857142857142855, 0.4642857142857143, 0.25, 0.6538461538461539, 0.34615384615384615, 0.4642857142857143, 0.6428571428571429, 0.5714285714285714, 0.46153846153846156, 0.38461538461538464, 0.42857142857142855, 0.35714285714285715, 0.39285714285714285, 0.5384615384615384, 0.34615384615384615]
 mean: 0.44871794871794873, std: 0.10969151774497471
F1 (Intime): [0.4214285714285714, 0.47000222000222, 0.24677953625322047, 0.6707112332112333, 0.30000000000000004, 0.4787581699346405, 0.6583333333333332, 0.583502024291498, 0.4232456140350877, 0.3715686274509804, 0.40192307692307694, 0.3660130718954248, 0.3935751748251748, 0.5208333333333333, 0.32440476190476186]
 mean: 0.4420719165881704, std: 0.11973469603703583
--------------------------------------------------
Subject Number: 27
Accuracy Cross: [0.42028985507246375, 0.391304347826087, 0.42028985507246375, 0.391304347826087, 0.42028985507246375, 0.3333333333333333, 0.3333333333333333, 0.4057971014492754, 0.3333333333333333, 0.34782608695652173, 0.4117647058823529, 0.36764705882352944, 0.36764705882352944, 0.4264705882352941, 0.38235294117647056]
 mean: 0.3835322534811026, std: 0.03331812801501849
F1 Score: [0.3684625322997416, 0.3502639793995368, 0.3846412745661807, 0.3788345410628019, 0.4083183768027393, 0.282097288676236, 0.28887996788438375, 0.34726170568561876, 0.30100783874580067, 0.30032051282051286, 0.37984126984126987, 0.34227614490772384, 0.36211201079622135, 0.4212216898954704, 0.3799687442544586]
 mean: 0.3530338585092465, std: 0.04157329673959554
Accuracy Intime: [0.35714285714285715, 0.39285714285714285, 0.32142857142857145, 0.3076923076923077, 0.38461538461538464, 0.42857142857142855, 0.5357142857142857, 0.4642857142857143, 0.46153846153846156, 0.5384615384615384, 0.32142857142857145, 0.6071428571428571, 0.42857142857142855, 0.5, 0.46153846153846156]
 mean: 0.4340659340659341, std: 0.08540966816286394
F1 (Intime): [0.366285030758715, 0.32589285714285715, 0.26121794871794873, 0.19696969696969696, 0.3564664502164502, 0.4140756302521008, 0.5370734528629265, 0.4101503759398496, 0.4214285714285714, 0.5138888888888888, 0.30169172932330823, 0.5952380952380952, 0.3999007936507937, 0.47178093645484953, 0.38982070561017923]
 mean: 0.3974587442303487, std: 0.10147818748148794
--------------------------------------------------
Subject Number: 28
Accuracy Cross: [0.3088235294117647, 0.22058823529411764, 0.27941176470588236, 0.27941176470588236, 0.25, 0.25, 0.25, 0.22058823529411764, 0.27941176470588236, 0.27941176470588236, 0.3382352941176471, 0.35294117647058826, 0.4117647058823529, 0.4264705882352941, 0.3382352941176471]
 mean: 0.29901960784313725, std: 0.06114692599808893
F1 Score: [0.306339842977774, 0.17316753329684365, 0.2625781625781626, 0.28646512124772994, 0.2577057954964932, 0.24314947109064758, 0.24405347559417329, 0.20454545454545456, 0.25463836477987417, 0.24709188660801562, 0.28133003201280515, 0.2814953790563547, 0.36709235209235214, 0.4272222222222222, 0.3064873222016079]
 mean: 0.2762241610533674, std: 0.05931282128159759
Accuracy Intime: [0.42857142857142855, 0.39285714285714285, 0.39285714285714285, 0.5, 0.5, 0.39285714285714285, 0.39285714285714285, 0.35714285714285715, 0.38461538461538464, 0.4230769230769231, 0.2857142857142857, 0.32142857142857145, 0.4642857142857143, 0.2692307692307692, 0.3076923076923077]
 mean: 0.38754578754578745, std: 0.06845359071296754
F1 (Intime): [0.4208683473389356, 0.39636752136752135, 0.38829080276448696, 0.4611111111111111, 0.48436041083099907, 0.37113617376775265, 0.39963549522373054, 0.3405637254901961, 0.3225274725274725, 0.3944444444444444, 0.2582521645021645, 0.3104575163398693, 0.4869123931623931, 0.22478991596638656, 0.23712121212121212]
 mean: 0.36645591379724507, std: 0.08076710235354484
--------------------------------------------------
Subject Number: 29
Accuracy Cross: [0.47058823529411764, 0.38235294117647056, 0.5147058823529411, 0.38235294117647056, 0.4264705882352941, 0.47058823529411764, 0.38235294117647056, 0.4117647058823529, 0.6029411764705882, 0.45588235294117646, 0.5217391304347826, 0.463768115942029, 0.43478260869565216, 0.5217391304347826, 0.5072463768115942]
 mean: 0.46328502415458933, std: 0.060853955002201754
F1 Score: [0.4981431966726084, 0.4034590759073101, 0.5253956012174463, 0.4137439765346742, 0.4610475860475861, 0.4968673218673219, 0.3798421313949264, 0.4256142590073724, 0.6249422799422799, 0.4825534759358289, 0.5417748917748918, 0.48193225693225694, 0.44901960784313727, 0.5409547478512996, 0.5288855880961144]
 mean: 0.48361173313500366, std: 0.06216937670527192
Accuracy Intime: [0.42857142857142855, 0.5, 0.6428571428571429, 0.5769230769230769, 0.38461538461538464, 0.4642857142857143, 0.39285714285714285, 0.5, 0.5, 0.5384615384615384, 0.42857142857142855, 0.5, 0.4642857142857143, 0.46153846153846156, 0.5]
 mean: 0.4855311355311356, std: 0.06516235399370184
F1 (Intime): [0.422008547008547, 0.5254901960784313, 0.6581196581196581, 0.6100624865330748, 0.3819852941176471, 0.48083133971291864, 0.3992118992118992, 0.5187714246537776, 0.5238095238095238, 0.5454441391941391, 0.41680672268907565, 0.49728867623604467, 0.49375, 0.5175595238095237, 0.5053884711779448]
 mean: 0.4997685268234804, std: 0.07238309067052393
--------------------------------------------------
**************************************************
accuracy_cross_list: [0.38455527138391593, 0.2804916169366297, 0.27368570616652466, 0.39903381642512076, 0.42058823529411776, 0.3575589656152316, 0.40392156862745104, 0.296078431372549, 0.3588235294117647, 0.2605427678317704, 0.3429951690821255, 0.38258027848820686, 0.2907928388746803, 0.2931372549019608, 0.41176470588235303, 0.36470588235294127, 0.3835322534811026, 0.32075873827791984, 0.3450980392156862, 0.3914464336459221, 0.3254901960784313, 0.332665529980108, 0.37019039499857925, 0.27941176470588236, 0.3609406081273088, 0.4165814151747656, 0.3835322534811026, 0.29901960784313725, 0.46328502415458933]
f1_score_list: [0.3858356183686599, 0.2876986529773591, 0.26256641107265055, 0.4029980295438254, 0.40133342165377195, 0.3428546292232059, 0.38882444421657814, 0.2931716683340959, 0.37788384681247417, 0.2515212362706573, 0.3257469815342964, 0.37402316394521556, 0.29085351643237345, 0.28558916487491603, 0.4248219278093084, 0.33565660958784727, 0.3530338585092465, 0.33074378423872247, 0.3310538911383875, 0.3974140673077699, 0.30454542301079435, 0.33690358252401614, 0.36281498581004024, 0.2721211243968245, 0.34110278365871, 0.43055765813552915, 0.3530338585092465, 0.2762241610533674, 0.48361173313500366]
accuracy_intime_list: [0.4168498168498168, 0.41391941391941395, 0.3545787545787546, 0.4128205128205129, 0.5428571428571429, 0.46593406593406606, 0.43809523809523815, 0.3558608058608059, 0.4463369963369963, 0.31593406593406587, 0.4115384615384616, 0.39633699633699637, 0.3547619047619048, 0.36355311355311354, 0.5051282051282051, 0.4827838827838828, 0.4340659340659341, 0.37307692307692303, 0.4461538461538462, 0.47051282051282045, 0.415934065934066, 0.3957875457875458, 0.4494505494505494, 0.3465201465201465, 0.44010989010989016, 0.44871794871794873, 0.4340659340659341, 0.38754578754578745, 0.4855311355311356]
f1_score_intime_list: [0.4176346126926623, 0.3901435821946658, 0.3304410156133134, 0.4151951789056379, 0.5146475763658426, 0.44169440325083753, 0.4022342478070032, 0.34497834857220366, 0.44467039066884256, 0.29636217734245734, 0.39132234260532145, 0.3774578745003768, 0.33930377428442443, 0.3450819250994241, 0.5089141103421289, 0.45871655964148234, 0.3974587442303487, 0.36163677381556636, 0.4266308877454387, 0.46088151282268935, 0.38380661177487807, 0.3874658814124759, 0.44770187871883926, 0.3301125201867227, 0.4106983610731759, 0.4420719165881704, 0.3974587442303487, 0.36645591379724507, 0.4997685268234804]
**************************************************
ACC: 35.15±5.12
F1: 34.50±5.53
Intime: 42.09±5.12
F1 (Intime): 40.45±5.40
