1e-05
Subject Number: 1
Accuracy Cross: [0.75, 0.65625, 0.65625, 0.75, 0.75, 0.7878787878787878, 0.8181818181818182, 0.7575757575757576, 0.696969696969697, 0.8181818181818182, 0.84375, 0.8125, 0.9375, 0.8125, 0.84375]
 mean: 0.779419191919192, std: 0.07245439741749378
F1 Score: [0.7333333333333334, 0.6389743589743591, 0.6476476476476476, 0.7090909090909091, 0.722943722943723, 0.7664307381193125, 0.8035714285714286, 0.7461538461538462, 0.6413043478260869, 0.8035714285714286, 0.8398398398398399, 0.8095238095238095, 0.9365079365079365, 0.7922077922077921, 0.8398398398398399]
 mean: 0.7620627319434196, std: 0.08057911909675097
Accuracy Intime: [0.9285714285714286, 0.7857142857142857, 0.75, 0.6666666666666666, 0.6666666666666666, 0.8571428571428571, 0.9285714285714286, 0.8333333333333334, 0.75, 0.9166666666666666, 0.7857142857142857, 0.7142857142857143, 0.75, 0.6666666666666666, 0.8333333333333334]
 mean: 0.7888888888888889, std: 0.08903049944368355
F1 (Intime): [0.9251336898395721, 0.7543859649122806, 0.7333333333333334, 0.625, 0.6571428571428571, 0.8444444444444444, 0.9251336898395721, 0.8285714285714285, 0.7482517482517483, 0.916083916083916, 0.7543859649122806, 0.6888888888888889, 0.7333333333333334, 0.625, 0.8333333333333334]
 mean: 0.7728281728591325, std: 0.09911352843741687
--------------------------------------------------
Subject Number: 2
Accuracy Cross: [0.6363636363636364, 0.7575757575757576, 0.6666666666666666, 0.7272727272727273, 0.696969696969697, 0.5625, 0.59375, 0.625, 0.6875, 0.625, 0.6060606060606061, 0.5757575757575758, 0.7272727272727273, 0.6666666666666666, 0.7272727272727273]
 mean: 0.6587752525252525, std: 0.058990123300216954
F1 Score: [0.6071428571428572, 0.7555555555555555, 0.6552706552706553, 0.6996966632962589, 0.6726190476190477, 0.49090909090909085, 0.5835835835835836, 0.6190476190476191, 0.6363636363636364, 0.5844155844155844, 0.6060606060606061, 0.5557692307692308, 0.7262672811059908, 0.6616961789375583, 0.7262672811059908]
 mean: 0.6387109914122178, std: 0.06919678339457638
Accuracy Intime: [0.6428571428571429, 0.7857142857142857, 0.75, 0.3333333333333333, 0.5, 0.7142857142857143, 0.5, 0.6428571428571429, 0.4166666666666667, 0.4166666666666667, 0.8571428571428571, 0.5714285714285714, 0.5833333333333334, 0.6666666666666666, 0.3333333333333333]
 mean: 0.5809523809523809, std: 0.15692625765032459
F1 (Intime): [0.641025641025641, 0.7754010695187166, 0.7482517482517483, 0.25, 0.4375, 0.6888888888888889, 0.49743589743589745, 0.5906432748538011, 0.4125874125874126, 0.4125874125874126, 0.8444444444444444, 0.5333333333333333, 0.5555555555555556, 0.6571428571428571, 0.3333333333333333]
 mean: 0.5585420579306029, std: 0.16469293557999962
--------------------------------------------------
Subject Number: 3
Accuracy Cross: [0.59375, 0.53125, 0.53125, 0.65625, 0.5, 0.5151515151515151, 0.3939393939393939, 0.5757575757575758, 0.5757575757575758, 0.48484848484848486, 0.5151515151515151, 0.5151515151515151, 0.48484848484848486, 0.5454545454545454, 0.3939393939393939]
 mean: 0.5208333333333333, std: 0.06624998917130047
F1 Score: [0.5933528836754643, 0.5270935960591133, 0.530791788856305, 0.6389743589743591, 0.5, 0.49230769230769234, 0.38888888888888884, 0.5657894736842105, 0.4225, 0.4672364672364672, 0.5147058823529411, 0.5111111111111111, 0.4672364672364672, 0.4994944388270981, 0.39338235294117646]
 mean: 0.5008576934767529, std: 0.06647974509478975
Accuracy Intime: [0.42857142857142855, 0.42857142857142855, 0.7857142857142857, 0.5833333333333334, 0.75, 0.42857142857142855, 0.5, 0.8333333333333334, 0.3333333333333333, 0.75, 0.6428571428571429, 0.5714285714285714, 0.5, 0.6666666666666666, 0.75]
 mean: 0.5968253968253968, std: 0.15120245338552202
F1 (Intime): [0.41666666666666663, 0.41666666666666663, 0.7846153846153847, 0.5804195804195804, 0.7482517482517483, 0.41666666666666663, 0.49743589743589745, 0.7777777777777777, 0.3142857142857143, 0.7482517482517483, 0.641025641025641, 0.5625, 0.4375, 0.6666666666666666, 0.7333333333333334]
 mean: 0.5828042328042327, std: 0.15281712903336359
--------------------------------------------------
Subject Number: 4
Accuracy Cross: [0.696969696969697, 0.7575757575757576, 0.7272727272727273, 0.7575757575757576, 0.6363636363636364, 0.6363636363636364, 0.696969696969697, 0.6666666666666666, 0.6666666666666666, 0.6666666666666666, 0.6363636363636364, 0.6060606060606061, 0.7878787878787878, 0.7272727272727273, 0.6060606060606061]
 mean: 0.6848484848484848, std: 0.055103764432266084
F1 Score: [0.6726190476190477, 0.7272727272727273, 0.6857142857142857, 0.7272727272727273, 0.5695652173913044, 0.6071428571428572, 0.6898496240601504, 0.6458536585365854, 0.6329625884732053, 0.6616961789375583, 0.6333333333333333, 0.6046082949308755, 0.7878787878787878, 0.7262672811059908, 0.5814634146341464]
 mean: 0.6635666682869055, std: 0.05953705686036839
Accuracy Intime: [0.7142857142857143, 0.7142857142857143, 0.6428571428571429, 0.4166666666666667, 0.4166666666666667, 0.8571428571428571, 0.7142857142857143, 0.7142857142857143, 0.5, 0.5833333333333334, 0.8571428571428571, 0.8571428571428571, 0.9285714285714286, 0.8333333333333334, 0.5833333333333334]
 mean: 0.6888888888888889, std: 0.15792653713441362
F1 (Intime): [0.6888888888888889, 0.6888888888888889, 0.5238095238095237, 0.29411764705882354, 0.37777777777777777, 0.8541666666666667, 0.7083333333333333, 0.65, 0.4375, 0.5804195804195804, 0.8541666666666667, 0.8444444444444444, 0.9251336898395721, 0.8285714285714285, 0.5804195804195804]
 mean: 0.6557758744523451, std: 0.18370454565847727
--------------------------------------------------
Subject Number: 5
Accuracy Cross: [0.4375, 0.53125, 0.5625, 0.625, 0.5625, 0.46875, 0.4375, 0.59375, 0.53125, 0.5, 0.5625, 0.5, 0.5, 0.5, 0.53125]
 mean: 0.5229166666666667, std: 0.0516229653890161
F1 Score: [0.4285714285714286, 0.5076923076923077, 0.5465587044534412, 0.6235294117647059, 0.5607843137254902, 0.4420512820512821, 0.30434782608695654, 0.5733333333333333, 0.5270935960591133, 0.4817813765182186, 0.5555555555555556, 0.4458874458874459, 0.4817813765182186, 0.4980392156862745, 0.4909862142099682]
 mean: 0.49786622587424934, std: 0.0733612360911209
Accuracy Intime: [0.7142857142857143, 0.8571428571428571, 0.5833333333333334, 0.5833333333333334, 0.8333333333333334, 0.8571428571428571, 0.5714285714285714, 0.8333333333333334, 0.5833333333333334, 0.6666666666666666, 0.8571428571428571, 0.7142857142857143, 0.75, 0.6666666666666666, 0.6666666666666666]
 mean: 0.7158730158730157, std: 0.10628996217640128
F1 (Intime): [0.7083333333333333, 0.8571428571428571, 0.5804195804195804, 0.5555555555555556, 0.8333333333333334, 0.8571428571428571, 0.5333333333333333, 0.8285714285714285, 0.5804195804195804, 0.6571428571428571, 0.8571428571428571, 0.7083333333333333, 0.7482517482517483, 0.6571428571428571, 0.6666666666666666]
 mean: 0.7085954785954786, std: 0.11307060280823437
--------------------------------------------------
Subject Number: 6
Accuracy Cross: [0.71875, 0.59375, 0.71875, 0.6875, 0.78125, 0.42424242424242425, 0.48484848484848486, 0.48484848484848486, 0.5151515151515151, 0.5151515151515151, 0.6363636363636364, 0.6363636363636364, 0.6363636363636364, 0.7272727272727273, 0.6060606060606061]
 mean: 0.6111111111111112, std: 0.1029268890788974
F1 Score: [0.7046153846153846, 0.5901477832512315, 0.694591728525981, 0.6666666666666667, 0.7624602332979851, 0.2978723404255319, 0.3717805151175812, 0.32653061224489793, 0.34, 0.38888888888888884, 0.6071428571428572, 0.6192307692307693, 0.6071428571428572, 0.6996966632962589, 0.5814634146341464]
 mean: 0.550548714298736, std: 0.15388717147492817
Accuracy Intime: [0.7857142857142857, 0.7857142857142857, 0.7857142857142857, 0.6666666666666666, 0.8333333333333334, 0.8571428571428571, 0.7142857142857143, 0.8333333333333334, 0.6666666666666666, 0.6666666666666666, 0.7142857142857143, 0.7857142857142857, 0.9166666666666666, 0.5833333333333334, 0.4166666666666667]
 mean: 0.7341269841269842, std: 0.12020600441368368
F1 (Intime): [0.7846153846153847, 0.7543859649122806, 0.7543859649122806, 0.6571428571428571, 0.8333333333333334, 0.8541666666666667, 0.6888888888888889, 0.7777777777777777, 0.625, 0.625, 0.7083333333333333, 0.7754010695187166, 0.8991596638655461, 0.5804195804195804, 0.4125874125874126]
 mean: 0.7153731931982708, std: 0.1190685870454598
--------------------------------------------------
Subject Number: 7
Accuracy Cross: [0.59375, 0.5625, 0.4375, 0.65625, 0.53125, 0.40625, 0.5625, 0.46875, 0.4375, 0.46875, 0.65625, 0.53125, 0.5625, 0.6875, 0.6875]
 mean: 0.55, std: 0.09042722672587794
F1 Score: [0.5835835835835836, 0.5333333333333333, 0.43529411764705883, 0.6267232237539766, 0.5195195195195195, 0.4009852216748768, 0.5607843137254902, 0.464039408866995, 0.41700404858299595, 0.464039408866995, 0.6559139784946236, 0.5270935960591133, 0.5555555555555556, 0.6825396825396826, 0.6862745098039216]
 mean: 0.5408455668005148, std: 0.09048773594122744
Accuracy Intime: [0.7857142857142857, 0.6428571428571429, 0.5, 0.4166666666666667, 0.75, 0.5, 0.6428571428571429, 0.6666666666666666, 0.5, 0.75, 0.6428571428571429, 0.6428571428571429, 0.5, 0.5833333333333334, 0.6666666666666666]
 mean: 0.6126984126984127, std: 0.10557643903692628
F1 (Intime): [0.7846153846153847, 0.625668449197861, 0.4375, 0.37777777777777777, 0.7482517482517483, 0.47593582887700536, 0.625668449197861, 0.6666666666666666, 0.3333333333333333, 0.7482517482517483, 0.5906432748538011, 0.641025641025641, 0.4857142857142857, 0.5555555555555556, 0.6571428571428571]
 mean: 0.5835834000307684, std: 0.13219281376053343
--------------------------------------------------
Subject Number: 8
Accuracy Cross: [0.53125, 0.53125, 0.625, 0.71875, 0.625, 0.65625, 0.71875, 0.625, 0.65625, 0.6875, 0.46875, 0.53125, 0.65625, 0.6875, 0.59375]
 mean: 0.6208333333333333, std: 0.07294642250004832
F1 Score: [0.4684385382059801, 0.4909862142099682, 0.6235294117647059, 0.6631578947368422, 0.5844155844155844, 0.6267232237539766, 0.681063122923588, 0.611336032388664, 0.6389743589743591, 0.6363636363636364, 0.464039408866995, 0.5195195195195195, 0.6532019704433498, 0.6666666666666667, 0.5835835835835836]
 mean: 0.594133277787828, std: 0.071285126082038
Accuracy Intime: [0.5714285714285714, 0.7857142857142857, 0.6666666666666666, 0.5833333333333334, 0.5833333333333334, 0.5, 0.6428571428571429, 0.5833333333333334, 0.4166666666666667, 0.5833333333333334, 0.5714285714285714, 0.7142857142857143, 0.75, 0.75, 0.8333333333333334]
 mean: 0.6357142857142858, std: 0.10969620662330791
F1 (Intime): [0.5333333333333333, 0.7846153846153847, 0.625, 0.5555555555555556, 0.5555555555555556, 0.49743589743589745, 0.5906432748538011, 0.4957983193277311, 0.4125874125874126, 0.5555555555555556, 0.5333333333333333, 0.7083333333333333, 0.7333333333333334, 0.7333333333333334, 0.8285714285714285]
 mean: 0.6095323367149992, std: 0.11670037122033995
--------------------------------------------------
Subject Number: 9
Accuracy Cross: [0.78125, 0.71875, 0.84375, 0.75, 0.75, 0.78125, 0.78125, 0.71875, 0.75, 0.75, 0.53125, 0.75, 0.6875, 0.59375, 0.75]
 mean: 0.7291666666666666, std: 0.07453559924999298
F1 Score: [0.751937984496124, 0.694591728525981, 0.8358974358974359, 0.7090909090909091, 0.7090909090909091, 0.751937984496124, 0.751937984496124, 0.7046153846153846, 0.7090909090909091, 0.722943722943723, 0.4909862142099682, 0.746031746031746, 0.6825396825396826, 0.5835835835835836, 0.746031746031746]
 mean: 0.70602052834269, std: 0.07686534740539422
Accuracy Intime: [0.7857142857142857, 0.8571428571428571, 0.8333333333333334, 0.6666666666666666, 0.5, 1.0, 0.8571428571428571, 0.9166666666666666, 0.5833333333333334, 0.6666666666666666, 0.9285714285714286, 0.9285714285714286, 0.6666666666666666, 0.6666666666666666, 0.5833333333333334]
 mean: 0.7626984126984127, std: 0.14801959653174307
F1 (Intime): [0.7543859649122806, 0.8444444444444444, 0.8125, 0.625, 0.4375, 1.0, 0.8444444444444444, 0.8991596638655461, 0.4957983193277311, 0.6571428571428571, 0.9251336898395721, 0.9251336898395721, 0.5555555555555556, 0.625, 0.5804195804195804]
 mean: 0.7321078806527723, std: 0.1696601803438719
--------------------------------------------------
Subject Number: 10
Accuracy Cross: [0.59375, 0.625, 0.5, 0.59375, 0.53125, 0.5, 0.5625, 0.625, 0.53125, 0.34375, 0.5454545454545454, 0.5151515151515151, 0.5757575757575758, 0.5454545454545454, 0.45454545454545453]
 mean: 0.5361742424242425, std: 0.06910863480973103
F1 Score: [0.5733333333333333, 0.6235294117647059, 0.5, 0.5588547189819725, 0.530791788856305, 0.4980392156862745, 0.5625, 0.6235294117647059, 0.5076923076923077, 0.343108504398827, 0.543778801843318, 0.49230769230769234, 0.5657894736842105, 0.543778801843318, 0.4107142857142857]
 mean: 0.525183183191417, std: 0.07098012410032833
Accuracy Intime: [0.5714285714285714, 0.8571428571428571, 0.75, 0.5833333333333334, 0.5, 0.5714285714285714, 0.5714285714285714, 0.75, 0.8333333333333334, 0.5833333333333334, 0.7142857142857143, 0.7857142857142857, 0.8333333333333334, 0.75, 0.9166666666666666]
 mean: 0.7047619047619047, std: 0.12615303427759952
F1 (Intime): [0.5333333333333333, 0.8541666666666667, 0.7333333333333334, 0.5555555555555556, 0.4375, 0.5714285714285714, 0.5333333333333333, 0.6210526315789473, 0.8285714285714285, 0.4957983193277311, 0.7083333333333333, 0.7846153846153847, 0.8285714285714285, 0.7333333333333334, 0.916083916083916]
 mean: 0.6756673712710863, std: 0.1446556257137996
--------------------------------------------------
Subject Number: 11
Accuracy Cross: [0.45454545454545453, 0.5151515151515151, 0.5151515151515151, 0.5454545454545454, 0.45454545454545453, 0.5454545454545454, 0.5454545454545454, 0.6363636363636364, 0.5151515151515151, 0.6363636363636364, 0.6363636363636364, 0.6363636363636364, 0.5757575757575758, 0.6060606060606061, 0.5757575757575758]
 mean: 0.5595959595959596, std: 0.06047123049331623
F1 Score: [0.44172932330827064, 0.49230769230769234, 0.5037593984962406, 0.4994944388270981, 0.4107142857142857, 0.44568868980963045, 0.5170731707317073, 0.6071428571428572, 0.45454545454545453, 0.5416666666666666, 0.6333333333333333, 0.5909090909090909, 0.49782608695652175, 0.5195968645016797, 0.5227272727272727]
 mean: 0.5119009750651868, std: 0.06043566023751319
Accuracy Intime: [0.5714285714285714, 0.7857142857142857, 0.6428571428571429, 0.8333333333333334, 0.5833333333333334, 0.5, 0.5714285714285714, 0.5, 0.4166666666666667, 0.5833333333333334, 0.2857142857142857, 0.6428571428571429, 0.5714285714285714, 0.5833333333333334, 0.5833333333333334]
 mean: 0.5769841269841272, std: 0.1266513496726257
F1 (Intime): [0.5714285714285714, 0.7754010695187166, 0.5906432748538011, 0.8285714285714285, 0.4957983193277311, 0.4269005847953216, 0.5714285714285714, 0.49743589743589745, 0.4125874125874126, 0.5804195804195804, 0.2708333333333333, 0.641025641025641, 0.475, 0.5555555555555556, 0.5555555555555556]
 mean: 0.5499056530558077, std: 0.1325508856284246
--------------------------------------------------
Subject Number: 12
Accuracy Cross: [0.75, 0.75, 0.71875, 0.78125, 0.65625, 0.7575757575757576, 0.7272727272727273, 0.6060606060606061, 0.6060606060606061, 0.696969696969697, 0.6875, 0.5625, 0.71875, 0.6875, 0.65625]
 mean: 0.6908459595959596, std: 0.060998244445442655
F1 Score: [0.7333333333333334, 0.7333333333333334, 0.681063122923588, 0.751937984496124, 0.6101882613510521, 0.7272727272727273, 0.6857142857142857, 0.4849939975990396, 0.4849939975990396, 0.6413043478260869, 0.6666666666666667, 0.5555555555555556, 0.716256157635468, 0.6363636363636364, 0.6267232237539766]
 mean: 0.6490467087615943, std: 0.08282826847213169
Accuracy Intime: [0.8571428571428571, 0.7142857142857143, 0.6666666666666666, 0.5833333333333334, 0.5833333333333334, 0.7142857142857143, 0.5714285714285714, 0.75, 0.6666666666666666, 0.5833333333333334, 0.9285714285714286, 0.7142857142857143, 0.8333333333333334, 0.5833333333333334, 0.6666666666666666]
 mean: 0.6944444444444444, std: 0.10698106537939438
F1 (Intime): [0.8444444444444444, 0.6888888888888889, 0.5555555555555556, 0.5555555555555556, 0.5555555555555556, 0.65, 0.5333333333333333, 0.6210526315789473, 0.625, 0.4957983193277311, 0.9251336898395721, 0.7083333333333333, 0.7777777777777777, 0.4957983193277311, 0.6571428571428571]
 mean: 0.6459580174440854, std: 0.12218703325292515
--------------------------------------------------
Subject Number: 13
Accuracy Cross: [0.8125, 0.75, 0.78125, 0.75, 0.8125, 0.696969696969697, 0.8484848484848485, 0.6666666666666666, 0.6060606060606061, 0.6666666666666666, 0.65625, 0.71875, 0.78125, 0.6875, 0.625]
 mean: 0.723989898989899, std: 0.0711962246746101
F1 Score: [0.8095238095238095, 0.7408906882591093, 0.7757757757757757, 0.75, 0.8, 0.6966911764705883, 0.847926267281106, 0.6666666666666666, 0.6001863932898416, 0.6552706552706553, 0.6559139784946236, 0.7117117117117118, 0.7793103448275862, 0.6536796536796536, 0.611336032388664]
 mean: 0.7169922102426527, std: 0.07345016884738678
Accuracy Intime: [0.8571428571428571, 0.5, 0.6666666666666666, 0.4166666666666667, 0.75, 0.7142857142857143, 0.5714285714285714, 0.8333333333333334, 0.75, 0.6666666666666666, 0.7142857142857143, 0.5714285714285714, 0.9166666666666666, 0.6666666666666666, 0.5833333333333334]
 mean: 0.6785714285714286, std: 0.1312046631916529
F1 (Intime): [0.8444444444444444, 0.4269005847953216, 0.625, 0.4125874125874126, 0.7482517482517483, 0.7083333333333333, 0.5625, 0.8125, 0.7482517482517483, 0.6666666666666666, 0.7083333333333333, 0.5333333333333333, 0.8991596638655461, 0.6571428571428571, 0.5804195804195804]
 mean: 0.662254980428355, std: 0.1374422810566103
--------------------------------------------------
Subject Number: 14
Accuracy Cross: [0.5625, 0.71875, 0.625, 0.65625, 0.75, 0.65625, 0.78125, 0.71875, 0.71875, 0.625, 0.75, 0.5, 0.59375, 0.5, 0.5625]
 mean: 0.6479166666666667, std: 0.08799463367476199
F1 Score: [0.5607843137254902, 0.718475073313783, 0.6235294117647059, 0.6389743589743591, 0.7490196078431373, 0.6476476476476476, 0.7757757757757757, 0.7117117117117118, 0.694591728525981, 0.6, 0.7333333333333334, 0.4980392156862745, 0.5901477832512315, 0.4980392156862745, 0.5555555555555556]
 mean: 0.639708315519684, std: 0.08619323817565759
Accuracy Intime: [0.7857142857142857, 0.6428571428571429, 0.5833333333333334, 0.5, 0.9166666666666666, 0.8571428571428571, 0.7142857142857143, 0.8333333333333334, 0.75, 0.8333333333333334, 0.7857142857142857, 0.5714285714285714, 0.5, 0.5833333333333334, 0.8333333333333334]
 mean: 0.7126984126984127, std: 0.13340889771079803
F1 (Intime): [0.7754010695187166, 0.625668449197861, 0.5555555555555556, 0.5, 0.916083916083916, 0.8444444444444444, 0.7083333333333333, 0.8285714285714285, 0.7333333333333334, 0.8333333333333334, 0.7543859649122806, 0.5625, 0.4375, 0.5555555555555556, 0.8285714285714285]
 mean: 0.6972825208274125, std: 0.14216761767217787
--------------------------------------------------
Subject Number: 15
Accuracy Cross: [0.6875, 0.59375, 0.59375, 0.71875, 0.71875, 0.75, 0.5625, 0.65625, 0.75, 0.5625, 0.65625, 0.6875, 0.5625, 0.6875, 0.65625]
 mean: 0.65625, std: 0.06454972243679027
F1 Score: [0.6761133603238867, 0.5901477832512315, 0.5901477832512315, 0.7046153846153846, 0.7046153846153846, 0.7490196078431373, 0.5555555555555556, 0.6559139784946236, 0.722943722943723, 0.5607843137254902, 0.6559139784946236, 0.6825396825396826, 0.5625, 0.6666666666666667, 0.6476476476476476]
 mean: 0.6483416566645511, std: 0.06046713487593015
Accuracy Intime: [0.7142857142857143, 0.6428571428571429, 0.75, 0.6666666666666666, 0.5833333333333334, 0.6428571428571429, 0.5714285714285714, 0.8333333333333334, 0.8333333333333334, 0.6666666666666666, 0.7857142857142857, 0.7142857142857143, 1.0, 0.8333333333333334, 0.8333333333333334]
 mean: 0.7380952380952382, std: 0.11209878485575822
F1 (Intime): [0.7083333333333333, 0.625668449197861, 0.7482517482517483, 0.6571428571428571, 0.5555555555555556, 0.625668449197861, 0.5625, 0.8285714285714285, 0.8285714285714285, 0.6666666666666666, 0.7543859649122806, 0.6888888888888889, 1.0, 0.8285714285714285, 0.8285714285714285]
 mean: 0.7271565084955178, std: 0.11670701993256374
--------------------------------------------------
Subject Number: 16
Accuracy Cross: [0.625, 0.6875, 0.46875, 0.5625, 0.5625, 0.71875, 0.75, 0.78125, 0.625, 0.71875, 0.53125, 0.59375, 0.4375, 0.53125, 0.375]
 mean: 0.5979166666666667, std: 0.11516895800904378
F1 Score: [0.6235294117647059, 0.6862745098039216, 0.4231177094379639, 0.5465587044534412, 0.5465587044534412, 0.716256157635468, 0.7408906882591093, 0.7757757757757757, 0.6, 0.716256157635468, 0.530791788856305, 0.539313399778516, 0.4, 0.5076923076923077, 0.36507936507936506]
 mean: 0.5812063120417192, std: 0.12373561195240136
Accuracy Intime: [0.7142857142857143, 0.7142857142857143, 0.75, 0.8333333333333334, 0.5833333333333334, 0.5714285714285714, 0.5714285714285714, 0.8333333333333334, 0.75, 0.4166666666666667, 0.6428571428571429, 0.7142857142857143, 0.6666666666666666, 0.8333333333333334, 0.5833333333333334]
 mean: 0.6785714285714286, std: 0.11459943712852104
F1 (Intime): [0.7142857142857143, 0.6888888888888889, 0.7333333333333334, 0.8333333333333334, 0.5804195804195804, 0.5625, 0.5714285714285714, 0.8285714285714285, 0.7482517482517483, 0.37777777777777777, 0.641025641025641, 0.6888888888888889, 0.6571428571428571, 0.8333333333333334, 0.4957983193277311]
 mean: 0.6636652944005886, std: 0.1256317047177513
--------------------------------------------------
Subject Number: 17
Accuracy Cross: [0.6060606060606061, 0.5454545454545454, 0.5757575757575758, 0.6060606060606061, 0.5454545454545454, 0.42424242424242425, 0.5454545454545454, 0.5757575757575758, 0.48484848484848486, 0.45454545454545453, 0.53125, 0.59375, 0.5625, 0.625, 0.53125]
 mean: 0.5471590909090909, std: 0.05484712454365381
F1 Score: [0.5925925925925926, 0.5386766076421249, 0.5753676470588236, 0.5460317460317461, 0.5386766076421249, 0.4221198156682028, 0.5454545454545454, 0.5722222222222222, 0.4327603640040445, 0.4540441176470588, 0.5270935960591133, 0.5835835835835836, 0.5555555555555556, 0.6, 0.5195195195195195]
 mean: 0.5335799013787506, std: 0.05392495719864949
Accuracy Intime: [0.6428571428571429, 0.7857142857142857, 0.5, 0.5, 0.6666666666666666, 0.7857142857142857, 0.7857142857142857, 0.5833333333333334, 0.75, 0.9166666666666666, 0.7857142857142857, 0.7857142857142857, 0.5, 0.9166666666666666, 0.6666666666666666]
 mean: 0.7047619047619047, std: 0.13463087465803186
F1 (Intime): [0.625668449197861, 0.7543859649122806, 0.4857142857142857, 0.3333333333333333, 0.6571428571428571, 0.7754010695187166, 0.7754010695187166, 0.5555555555555556, 0.7333333333333334, 0.916083916083916, 0.7846153846153847, 0.7754010695187166, 0.49743589743589745, 0.916083916083916, 0.6571428571428571]
 mean: 0.6828465972738419, std: 0.1567829655849445
--------------------------------------------------
Subject Number: 18
Accuracy Cross: [0.696969696969697, 0.6363636363636364, 0.696969696969697, 0.7272727272727273, 0.7575757575757576, 0.625, 0.6875, 0.59375, 0.78125, 0.78125, 0.75, 0.8125, 0.84375, 0.6875, 0.65625]
 mean: 0.7155934343434344, std: 0.06959092677628813
F1 Score: [0.6944444444444444, 0.6278195488721805, 0.6898496240601504, 0.723205964585275, 0.7573529411764706, 0.625, 0.6862745098039216, 0.5933528836754643, 0.7793103448275862, 0.7757757757757757, 0.7490196078431373, 0.8056680161943319, 0.8398398398398399, 0.6825396825396826, 0.6532019704433498]
 mean: 0.7121770102721072, std: 0.0691787255232956
Accuracy Intime: [0.9285714285714286, 0.7142857142857143, 0.75, 0.8333333333333334, 0.4166666666666667, 0.7142857142857143, 0.8571428571428571, 0.9166666666666666, 0.6666666666666666, 0.75, 1.0, 0.7142857142857143, 0.9166666666666666, 0.75, 0.5833333333333334]
 mean: 0.7674603174603174, std: 0.14455777866701552
F1 (Intime): [0.9282051282051282, 0.7142857142857143, 0.7482517482517483, 0.8285714285714285, 0.4125874125874126, 0.7142857142857143, 0.8571428571428571, 0.8991596638655461, 0.625, 0.7482517482517483, 1.0, 0.6888888888888889, 0.9111111111111111, 0.7482517482517483, 0.5804195804195804]
 mean: 0.7602941829412418, std: 0.14675387596609293
--------------------------------------------------
Subject Number: 19
Accuracy Cross: [0.46875, 0.625, 0.5625, 0.5625, 0.5625, 0.53125, 0.5625, 0.625, 0.59375, 0.59375, 0.5, 0.625, 0.5625, 0.6875, 0.53125]
 mean: 0.5729166666666666, std: 0.05311478659992484
F1 Score: [0.39756367663344405, 0.536231884057971, 0.49090909090909085, 0.4166666666666667, 0.4166666666666667, 0.43859649122807015, 0.49090909090909085, 0.5636363636363637, 0.4793491864831039, 0.5134502923976608, 0.4666666666666667, 0.6235294117647059, 0.5607843137254902, 0.6666666666666667, 0.5270935960591133]
 mean: 0.505914670964718, std: 0.07409000034021436
Accuracy Intime: [0.6428571428571429, 0.7142857142857143, 0.75, 0.6666666666666666, 0.75, 1.0, 0.7857142857142857, 0.6666666666666666, 0.75, 0.75, 0.8571428571428571, 0.8571428571428571, 0.8333333333333334, 0.8333333333333334, 0.75]
 mean: 0.773809523809524, std: 0.08898096138523151
F1 (Intime): [0.641025641025641, 0.65, 0.7482517482517483, 0.625, 0.7333333333333334, 1.0, 0.7754010695187166, 0.625, 0.7333333333333334, 0.7482517482517483, 0.8571428571428571, 0.8444444444444444, 0.7777777777777777, 0.8285714285714285, 0.7333333333333334]
 mean: 0.7547244476656244, std: 0.09802029875192649
--------------------------------------------------
Subject Number: 20
Accuracy Cross: [0.625, 0.6875, 0.65625, 0.625, 0.625, 0.6875, 0.65625, 0.65625, 0.625, 0.6875, 0.5757575757575758, 0.6060606060606061, 0.6060606060606061, 0.6060606060606061, 0.696969696969697]
 mean: 0.6414772727272727, std: 0.03582967606851585
F1 Score: [0.6, 0.6666666666666667, 0.6389743589743591, 0.5636363636363637, 0.5844155844155844, 0.6761133603238867, 0.6476476476476476, 0.6389743589743591, 0.5844155844155844, 0.6761133603238867, 0.5657894736842105, 0.5925925925925926, 0.5925925925925926, 0.5814634146341464, 0.6826923076923077]
 mean: 0.619472511104946, std: 0.041570290104381354
Accuracy Intime: [0.7142857142857143, 0.7857142857142857, 0.75, 0.4166666666666667, 0.75, 0.8571428571428571, 0.8571428571428571, 1.0, 0.5833333333333334, 0.5, 0.8571428571428571, 0.9285714285714286, 0.75, 0.6666666666666666, 0.8333333333333334]
 mean: 0.75, std: 0.15202090400077353
F1 (Intime): [0.6888888888888889, 0.7543859649122806, 0.6974789915966386, 0.37777777777777777, 0.7333333333333334, 0.8541666666666667, 0.8541666666666667, 1.0, 0.5804195804195804, 0.4375, 0.8444444444444444, 0.9251336898395721, 0.7333333333333334, 0.625, 0.8285714285714285]
 mean: 0.7289733844300408, std: 0.16552756268666413
--------------------------------------------------
Subject Number: 21
Accuracy Cross: [0.34375, 0.34375, 0.375, 0.46875, 0.5, 0.46875, 0.34375, 0.40625, 0.5, 0.5, 0.34375, 0.40625, 0.3125, 0.375, 0.46875]
 mean: 0.41041666666666665, std: 0.06541799361711494
F1 Score: [0.33793103448275863, 0.343108504398827, 0.3333333333333333, 0.39756367663344405, 0.4817813765182186, 0.4231177094379639, 0.343108504398827, 0.3764102564102564, 0.4181818181818182, 0.5, 0.343108504398827, 0.4009852216748768, 0.2874493927125506, 0.3333333333333333, 0.4420512820512821]
 mean: 0.3840975965310878, std: 0.05842979151613653
Accuracy Intime: [0.42857142857142855, 0.7142857142857143, 0.5833333333333334, 0.5833333333333334, 0.5833333333333334, 0.5714285714285714, 0.5714285714285714, 0.5833333333333334, 0.5833333333333334, 0.6666666666666666, 0.6428571428571429, 0.7142857142857143, 0.5, 0.3333333333333333, 0.6666666666666666]
 mean: 0.5817460317460318, std: 0.09844469525927417
F1 (Intime): [0.41666666666666663, 0.7083333333333333, 0.4957983193277311, 0.4957983193277311, 0.5804195804195804, 0.5625, 0.5333333333333333, 0.3684210526315789, 0.4957983193277311, 0.6571428571428571, 0.641025641025641, 0.6888888888888889, 0.4857142857142857, 0.3333333333333333, 0.6571428571428571]
 mean: 0.5413544525077032, std: 0.11149943831005214
--------------------------------------------------
Subject Number: 22
Accuracy Cross: [0.65625, 0.71875, 0.71875, 0.6875, 0.65625, 0.5757575757575758, 0.6363636363636364, 0.7575757575757576, 0.6060606060606061, 0.6666666666666666, 0.5625, 0.59375, 0.59375, 0.6875, 0.65625]
 mean: 0.6515782828282828, std: 0.05526222492556836
F1 Score: [0.6389743589743591, 0.694591728525981, 0.694591728525981, 0.6363636363636364, 0.6101882613510521, 0.4652777777777778, 0.5695652173913044, 0.7272727272727273, 0.4849939975990396, 0.6329625884732053, 0.5465587044534412, 0.5901477832512315, 0.5733333333333333, 0.6363636363636364, 0.6532019704433498]
 mean: 0.6102924966733371, std: 0.07148696824023176
Accuracy Intime: [0.7857142857142857, 0.7142857142857143, 0.6666666666666666, 0.5833333333333334, 0.5833333333333334, 0.8571428571428571, 0.7857142857142857, 0.75, 0.6666666666666666, 0.4166666666666667, 0.7142857142857143, 0.5714285714285714, 0.6666666666666666, 0.6666666666666666, 0.4166666666666667]
 mean: 0.6563492063492063, std: 0.12178338037660819
F1 (Intime): [0.7846153846153847, 0.6888888888888889, 0.4, 0.4957983193277311, 0.5555555555555556, 0.8444444444444444, 0.7846153846153847, 0.6210526315789473, 0.6666666666666666, 0.37777777777777777, 0.7083333333333333, 0.5625, 0.6571428571428571, 0.6571428571428571, 0.37777777777777777]
 mean: 0.6121541252578404, std: 0.14370421523434787
--------------------------------------------------
Subject Number: 23
Accuracy Cross: [0.696969696969697, 0.696969696969697, 0.7272727272727273, 0.6060606060606061, 0.8181818181818182, 0.53125, 0.6875, 0.78125, 0.8125, 0.625, 0.7272727272727273, 0.7878787878787878, 0.7575757575757576, 0.6666666666666666, 0.7272727272727273]
 mean: 0.7099747474747474, std: 0.07712037077921474
F1 Score: [0.6726190476190477, 0.6590909090909091, 0.6857142857142857, 0.5195968645016797, 0.8035714285714286, 0.530791788856305, 0.6761133603238867, 0.7757757757757757, 0.8117647058823529, 0.6190476190476191, 0.7102439024390244, 0.7746341463414634, 0.7380952380952381, 0.593505039193729, 0.6857142857142857]
 mean: 0.6837518931444688, std: 0.08740707984917422
Accuracy Intime: [0.8571428571428571, 0.9285714285714286, 0.6666666666666666, 0.4166666666666667, 0.75, 0.7857142857142857, 0.8571428571428571, 0.9285714285714286, 0.8333333333333334, 0.8333333333333334, 0.6428571428571429, 0.7142857142857143, 0.75, 0.5, 0.5833333333333334]
 mean: 0.7365079365079363, std: 0.14611798695701658
F1 (Intime): [0.8444444444444444, 0.9251336898395721, 0.6571428571428571, 0.29411764705882354, 0.7482517482517483, 0.7754010695187166, 0.8444444444444444, 0.9251336898395721, 0.8285714285714285, 0.8333333333333334, 0.641025641025641, 0.6888888888888889, 0.6974789915966386, 0.4375, 0.5555555555555556]
 mean: 0.7130948953007774, std: 0.1718146295438865
--------------------------------------------------
Subject Number: 24
Accuracy Cross: [0.59375, 0.4375, 0.46875, 0.53125, 0.4375, 0.40625, 0.59375, 0.5625, 0.625, 0.65625, 0.5, 0.40625, 0.4375, 0.53125, 0.59375]
 mean: 0.51875, std: 0.08052561704203202
F1 Score: [0.5933528836754643, 0.43529411764705883, 0.464039408866995, 0.5270935960591133, 0.4375, 0.4056695992179863, 0.5933528836754643, 0.5555555555555556, 0.611336032388664, 0.6532019704433498, 0.5, 0.4009852216748768, 0.43529411764705883, 0.530791788856305, 0.5933528836754643]
 mean: 0.5157880039588905, std: 0.07971440975088552
Accuracy Intime: [0.6428571428571429, 0.5, 0.5833333333333334, 0.4166666666666667, 0.4166666666666667, 0.35714285714285715, 0.35714285714285715, 0.6666666666666666, 0.8333333333333334, 0.5, 0.7857142857142857, 0.6428571428571429, 0.5833333333333334, 0.75, 0.4166666666666667]
 mean: 0.5634920634920634, std: 0.1503125156324553
F1 (Intime): [0.5906432748538011, 0.49743589743589745, 0.5804195804195804, 0.4125874125874126, 0.4125874125874126, 0.35384615384615387, 0.35384615384615387, 0.6571428571428571, 0.8333333333333334, 0.5, 0.7543859649122806, 0.641025641025641, 0.5804195804195804, 0.7482517482517483, 0.4125874125874126]
 mean: 0.555234161549951, std: 0.14675929300385088
--------------------------------------------------
Subject Number: 25
Accuracy Cross: [0.42424242424242425, 0.45454545454545453, 0.5454545454545454, 0.48484848484848486, 0.48484848484848486, 0.53125, 0.6875, 0.65625, 0.65625, 0.65625, 0.6875, 0.59375, 0.65625, 0.59375, 0.65625]
 mean: 0.5845959595959597, std: 0.08714774153240319
F1 Score: [0.3882926829268293, 0.4540441176470588, 0.5386766076421249, 0.40634920634920635, 0.4672364672364672, 0.5270935960591133, 0.6536796536796536, 0.6559139784946236, 0.5883040935672514, 0.6532019704433498, 0.6666666666666667, 0.5733333333333333, 0.6267232237539766, 0.4793491864831039, 0.6389743589743591]
 mean: 0.5545226095504745, std: 0.09317486340685364
Accuracy Intime: [0.8571428571428571, 0.7857142857142857, 0.5, 0.75, 0.4166666666666667, 0.7142857142857143, 0.5714285714285714, 0.3333333333333333, 0.5833333333333334, 0.6666666666666666, 0.7857142857142857, 0.6428571428571429, 0.5, 0.6666666666666666, 0.5]
 mean: 0.6182539682539683, std: 0.14426991025256514
F1 (Intime): [0.8444444444444444, 0.7846153846153847, 0.4857142857142857, 0.7333333333333334, 0.37777777777777777, 0.65, 0.5333333333333333, 0.3142857142857143, 0.4957983193277311, 0.6666666666666666, 0.7846153846153847, 0.625668449197861, 0.3333333333333333, 0.625, 0.4857142857142857]
 mean: 0.5826867141573024, std: 0.1618600165369626
--------------------------------------------------
Subject Number: 26
Accuracy Cross: [0.7272727272727273, 0.7272727272727273, 0.7272727272727273, 0.6666666666666666, 0.7272727272727273, 0.71875, 0.625, 0.65625, 0.71875, 0.71875, 0.90625, 0.8125, 0.78125, 0.875, 0.9375]
 mean: 0.7550505050505051, std: 0.08795825567769676
F1 Score: [0.717948717948718, 0.7102439024390244, 0.7102439024390244, 0.6158730158730159, 0.6857142857142857, 0.718475073313783, 0.6235294117647059, 0.6532019704433498, 0.7117117117117118, 0.718475073313783, 0.9015384615384616, 0.7922077922077921, 0.7624602332979851, 0.8666666666666667, 0.9352226720647774]
 mean: 0.7415675260491389, std: 0.09197173261606725
Accuracy Intime: [0.6428571428571429, 0.7142857142857143, 0.5, 0.6666666666666666, 0.75, 0.9285714285714286, 0.9285714285714286, 0.8333333333333334, 0.8333333333333334, 0.8333333333333334, 0.8571428571428571, 0.7142857142857143, 0.4166666666666667, 0.5833333333333334, 0.75]
 mean: 0.73015873015873, std: 0.14434847675415438
F1 (Intime): [0.641025641025641, 0.7083333333333333, 0.4857142857142857, 0.6571428571428571, 0.7482517482517483, 0.9251336898395721, 0.9251336898395721, 0.8125, 0.8285714285714285, 0.8333333333333334, 0.8541666666666667, 0.65, 0.37777777777777777, 0.5804195804195804, 0.7482517482517483]
 mean: 0.7183837186778362, std: 0.15135357328899654
--------------------------------------------------
Subject Number: 27
Accuracy Cross: [0.6060606060606061, 0.5454545454545454, 0.5757575757575758, 0.6060606060606061, 0.5454545454545454, 0.42424242424242425, 0.5454545454545454, 0.5757575757575758, 0.48484848484848486, 0.45454545454545453, 0.53125, 0.59375, 0.5625, 0.625, 0.53125]
 mean: 0.5471590909090909, std: 0.05484712454365381
F1 Score: [0.5925925925925926, 0.5386766076421249, 0.5753676470588236, 0.5460317460317461, 0.5386766076421249, 0.4221198156682028, 0.5454545454545454, 0.5722222222222222, 0.4327603640040445, 0.4540441176470588, 0.5270935960591133, 0.5835835835835836, 0.5555555555555556, 0.6, 0.5195195195195195]
 mean: 0.5335799013787506, std: 0.05392495719864949
Accuracy Intime: [0.6428571428571429, 0.7857142857142857, 0.5, 0.5, 0.6666666666666666, 0.7857142857142857, 0.7857142857142857, 0.5833333333333334, 0.75, 0.9166666666666666, 0.7857142857142857, 0.7857142857142857, 0.5, 0.9166666666666666, 0.6666666666666666]
 mean: 0.7047619047619047, std: 0.13463087465803186
F1 (Intime): [0.625668449197861, 0.7543859649122806, 0.4857142857142857, 0.3333333333333333, 0.6571428571428571, 0.7754010695187166, 0.7754010695187166, 0.5555555555555556, 0.7333333333333334, 0.916083916083916, 0.7846153846153847, 0.7754010695187166, 0.49743589743589745, 0.916083916083916, 0.6571428571428571]
 mean: 0.6828465972738419, std: 0.1567829655849445
--------------------------------------------------
Subject Number: 28
Accuracy Cross: [0.75, 0.6875, 0.4375, 0.5625, 0.4375, 0.5625, 0.625, 0.53125, 0.625, 0.65625, 0.4375, 0.4375, 0.46875, 0.53125, 0.4375]
 mean: 0.5458333333333333, std: 0.10069204977995477
F1 Score: [0.746031746031746, 0.6862745098039216, 0.4375, 0.49090909090909085, 0.4375, 0.5555555555555556, 0.611336032388664, 0.5270935960591133, 0.5844155844155844, 0.6389743589743591, 0.37662337662337664, 0.4375, 0.39756367663344405, 0.530791788856305, 0.37662337662337664]
 mean: 0.5223128461916358, std: 0.11078635182464744
Accuracy Intime: [0.7857142857142857, 0.7142857142857143, 0.6666666666666666, 0.6666666666666666, 0.5833333333333334, 0.7142857142857143, 0.7142857142857143, 0.5, 0.6666666666666666, 0.5, 0.7857142857142857, 0.7142857142857143, 0.8333333333333334, 0.6666666666666666, 0.75]
 mean: 0.684126984126984, std: 0.09311793522961112
F1 (Intime): [0.7846153846153847, 0.6888888888888889, 0.6571428571428571, 0.625, 0.5804195804195804, 0.7083333333333333, 0.7142857142857143, 0.4375, 0.6666666666666666, 0.4857142857142857, 0.7846153846153847, 0.7083333333333333, 0.8125, 0.6666666666666666, 0.7482517482517483]
 mean: 0.6712622562622563, std: 0.10204267650718785
--------------------------------------------------
Subject Number: 29
Accuracy Cross: [0.875, 0.71875, 0.8125, 0.78125, 0.78125, 0.78125, 0.96875, 0.90625, 0.84375, 0.84375, 0.8787878787878788, 0.7878787878787878, 0.9393939393939394, 0.9090909090909091, 0.9393939393939394]
 mean: 0.8511363636363636, std: 0.07067482128911644
F1 Score: [0.8666666666666667, 0.7046153846153846, 0.7922077922077921, 0.751937984496124, 0.751937984496124, 0.7793103448275862, 0.967967967967968, 0.9054187192118226, 0.8303287380699894, 0.8303287380699894, 0.8759398496240601, 0.7806267806267806, 0.9388888888888889, 0.905982905982906, 0.9379699248120301]
 mean: 0.8413419113709409, std: 0.0774082043243034
Accuracy Intime: [0.9285714285714286, 0.9285714285714286, 1.0, 0.9166666666666666, 0.75, 0.7142857142857143, 1.0, 0.75, 0.8333333333333334, 0.75, 0.8571428571428571, 0.8571428571428571, 0.8333333333333334, 0.8333333333333334, 0.6666666666666666]
 mean: 0.8412698412698414, std: 0.09784784131696787
F1 (Intime): [0.9251336898395721, 0.9282051282051282, 1.0, 0.916083916083916, 0.7482517482517483, 0.7142857142857143, 1.0, 0.7333333333333334, 0.8285714285714285, 0.7333333333333334, 0.8541666666666667, 0.8571428571428571, 0.8285714285714285, 0.8285714285714285, 0.6571428571428571]
 mean: 0.8368529019999609, std: 0.10105068398179388
--------------------------------------------------
**************************************************
accuracy_cross_list: [0.779419191919192, 0.6587752525252525, 0.5208333333333333, 0.6848484848484848, 0.5229166666666667, 0.6111111111111112, 0.55, 0.6208333333333333, 0.7291666666666666, 0.5361742424242425, 0.5595959595959596, 0.6908459595959596, 0.723989898989899, 0.6479166666666667, 0.65625, 0.5979166666666667, 0.5471590909090909, 0.7155934343434344, 0.5729166666666666, 0.6414772727272727, 0.41041666666666665, 0.6515782828282828, 0.7099747474747474, 0.51875, 0.5845959595959597, 0.7550505050505051, 0.5471590909090909, 0.5458333333333333, 0.8511363636363636]
f1_score_list: [0.7620627319434196, 0.6387109914122178, 0.5008576934767529, 0.6635666682869055, 0.49786622587424934, 0.550548714298736, 0.5408455668005148, 0.594133277787828, 0.70602052834269, 0.525183183191417, 0.5119009750651868, 0.6490467087615943, 0.7169922102426527, 0.639708315519684, 0.6483416566645511, 0.5812063120417192, 0.5335799013787506, 0.7121770102721072, 0.505914670964718, 0.619472511104946, 0.3840975965310878, 0.6102924966733371, 0.6837518931444688, 0.5157880039588905, 0.5545226095504745, 0.7415675260491389, 0.5335799013787506, 0.5223128461916358, 0.8413419113709409]
accuracy_intime_list: [0.7888888888888889, 0.5809523809523809, 0.5968253968253968, 0.6888888888888889, 0.7158730158730157, 0.7341269841269842, 0.6126984126984127, 0.6357142857142858, 0.7626984126984127, 0.7047619047619047, 0.5769841269841272, 0.6944444444444444, 0.6785714285714286, 0.7126984126984127, 0.7380952380952382, 0.6785714285714286, 0.7047619047619047, 0.7674603174603174, 0.773809523809524, 0.75, 0.5817460317460318, 0.6563492063492063, 0.7365079365079363, 0.5634920634920634, 0.6182539682539683, 0.73015873015873, 0.7047619047619047, 0.684126984126984, 0.8412698412698414]
f1_score_intime_list: [0.7728281728591325, 0.5585420579306029, 0.5828042328042327, 0.6557758744523451, 0.7085954785954786, 0.7153731931982708, 0.5835834000307684, 0.6095323367149992, 0.7321078806527723, 0.6756673712710863, 0.5499056530558077, 0.6459580174440854, 0.662254980428355, 0.6972825208274125, 0.7271565084955178, 0.6636652944005886, 0.6828465972738419, 0.7602941829412418, 0.7547244476656244, 0.7289733844300408, 0.5413544525077032, 0.6121541252578404, 0.7130948953007774, 0.555234161549951, 0.5826867141573024, 0.7183837186778362, 0.6828465972738419, 0.6712622562622563, 0.8368529019999609]
**************************************************
ACC: 62.56±9.46
F1: 60.29±9.84
Intime: 69.01±6.97
F1 (Intime): 66.83±7.43
