1e-05
Subject Number: 1
Accuracy Cross: [0.6904761904761905, 0.6666666666666666, 0.7023809523809523, 0.7023809523809523, 0.6904761904761905, 0.6904761904761905, 0.75, 0.7380952380952381, 0.7619047619047619, 0.8333333333333334, 0.6785714285714286, 0.6785714285714286, 0.6904761904761905, 0.6904761904761905, 0.6785714285714286]
 mean: 0.7095238095238094, std: 0.04254738144025464
F1 Score: [0.6860264519838988, 0.6506238859180036, 0.6825396825396826, 0.6925779534475187, 0.6755793226381461, 0.6860264519838988, 0.7438652533759256, 0.7343300747556067, 0.7613636363636364, 0.8324786324786324, 0.6473332296687918, 0.6525203002910984, 0.6576802507836991, 0.6576802507836991, 0.6415362731152205]
 mean: 0.6934774433418305, std: 0.051376727676609446
Accuracy Intime: [0.7352941176470589, 0.8529411764705882, 0.8235294117647058, 0.8823529411764706, 0.78125, 0.5882352941176471, 0.7352941176470589, 0.6764705882352942, 0.7647058823529411, 0.96875, 0.7352941176470589, 0.8235294117647058, 0.8235294117647058, 0.9117647058823529, 0.84375]
 mean: 0.7964460784313726, std: 0.09244810830795477
F1 (Intime): [0.7350649350649351, 0.8528138528138528, 0.8210526315789474, 0.8785714285714286, 0.7793103448275862, 0.575, 0.7350649350649351, 0.6761904761904762, 0.7638888888888888, 0.9687194525904204, 0.7350649350649351, 0.8235294117647058, 0.8235294117647058, 0.9098143236074271, 0.8435972629521017]
 mean: 0.7947474860496899, std: 0.0941138104116605
--------------------------------------------------
Subject Number: 2
Accuracy Cross: [0.7738095238095238, 0.7142857142857143, 0.7023809523809523, 0.7976190476190477, 0.75, 0.7142857142857143, 0.7380952380952381, 0.75, 0.7142857142857143, 0.6428571428571429, 0.6904761904761905, 0.6666666666666666, 0.7023809523809523, 0.8095238095238095, 0.7261904761904762]
 mean: 0.7261904761904763, std: 0.04390259265377567
F1 Score: [0.7711827956989248, 0.7116704805491991, 0.6989247311827957, 0.7973605789697744, 0.7482517482517483, 0.703529411764706, 0.71880706025563, 0.7365197908887229, 0.6888888888888889, 0.5982142857142857, 0.6904761904761905, 0.6664775950085082, 0.7002997002997002, 0.8095238095238095, 0.7258407833120477]
 mean: 0.7177311900523289, std: 0.050568194820400265
Accuracy Intime: [0.9117647058823529, 0.7058823529411765, 0.6764705882352942, 0.7941176470588235, 0.8125, 0.7352941176470589, 0.7647058823529411, 0.6764705882352942, 0.8529411764705882, 0.53125, 0.7352941176470589, 0.7647058823529411, 0.6764705882352942, 0.8529411764705882, 0.8125]
 mean: 0.7535539215686274, std: 0.09085288748604577
F1 (Intime): [0.9116883116883117, 0.6964285714285714, 0.6621499548328816, 0.7850045167118338, 0.8117647058823529, 0.7235772357723578, 0.7614035087719297, 0.652093023255814, 0.8464317976513098, 0.4909862142099682, 0.7294429708222812, 0.7638888888888888, 0.6693191865605659, 0.8496905393457117, 0.8125]
 mean: 0.7444246283881852, std: 0.0996912277870775
--------------------------------------------------
Subject Number: 3
Accuracy Cross: [0.6190476190476191, 0.6071428571428571, 0.5833333333333334, 0.6071428571428571, 0.6071428571428571, 0.7261904761904762, 0.6666666666666666, 0.6904761904761905, 0.6904761904761905, 0.6904761904761905, 0.6785714285714286, 0.6071428571428571, 0.7261904761904762, 0.6309523809523809, 0.6904761904761905]
 mean: 0.6547619047619048, std: 0.046209290882570274
F1 Score: [0.5786833855799374, 0.5539823008849558, 0.5072900955253896, 0.5689628362618566, 0.5354449472096531, 0.7261516654854713, 0.6636155606407322, 0.690300623936472, 0.690300623936472, 0.690300623936472, 0.6415362731152205, 0.5354449472096531, 0.7079365079365079, 0.595086300730835, 0.6576802507836991]
 mean: 0.6228477962115551, std: 0.07013574420107684
Accuracy Intime: [0.7647058823529411, 0.8529411764705882, 0.7647058823529411, 0.7058823529411765, 0.75, 0.6764705882352942, 0.5882352941176471, 0.7058823529411765, 0.7941176470588235, 0.75, 0.7058823529411765, 0.7647058823529411, 0.8235294117647058, 0.6470588235294118, 0.65625]
 mean: 0.7300245098039216, std: 0.068025855825163
F1 (Intime): [0.7571428571428571, 0.85178727114211, 0.7571428571428571, 0.7048611111111112, 0.7408906882591093, 0.6761904761904762, 0.575, 0.7058823529411765, 0.793939393939394, 0.7490196078431373, 0.7048611111111112, 0.7647058823529411, 0.8210526315789474, 0.6357142857142857, 0.6101882613510521]
 mean: 0.7232252525213709, std: 0.07379771056286515
--------------------------------------------------
Subject Number: 4
Accuracy Cross: [0.6309523809523809, 0.5952380952380952, 0.5714285714285714, 0.5714285714285714, 0.6071428571428571, 0.5595238095238095, 0.5952380952380952, 0.6666666666666666, 0.6785714285714286, 0.5833333333333334, 0.7380952380952381, 0.6785714285714286, 0.7261904761904762, 0.6547619047619048, 0.6547619047619048]
 mean: 0.6341269841269842, std: 0.054721632304565726
F1 Score: [0.6296401649836438, 0.5952380952380952, 0.5711854792966535, 0.5704545454545455, 0.6066411238825031, 0.5487149702337738, 0.5868055555555556, 0.6618746405980449, 0.6748387096774193, 0.578494623655914, 0.7326388888888888, 0.6706838971976187, 0.725216896600768, 0.6462901118048496, 0.6433904259991217]
 mean: 0.6294738752711597, std: 0.05453316155055546
Accuracy Intime: [0.7058823529411765, 0.8235294117647058, 0.6764705882352942, 0.7941176470588235, 0.78125, 0.7352941176470589, 0.6764705882352942, 0.7058823529411765, 0.7058823529411765, 0.625, 0.6764705882352942, 0.7058823529411765, 0.7058823529411765, 0.8235294117647058, 0.625]
 mean: 0.7177696078431371, std: 0.060867027451300744
F1 (Intime): [0.6886446886446886, 0.8235294117647058, 0.6693191865605659, 0.793939393939394, 0.7810361681329423, 0.7294429708222812, 0.6761904761904762, 0.7048611111111112, 0.7017543859649122, 0.6235294117647059, 0.6739319965126417, 0.6964285714285714, 0.7017543859649122, 0.8178571428571428, 0.6]
 mean: 0.7121479534439368, std: 0.06397998158702711
--------------------------------------------------
Subject Number: 5
Accuracy Cross: [0.7261904761904762, 0.7619047619047619, 0.7738095238095238, 0.7380952380952381, 0.7619047619047619, 0.6785714285714286, 0.6547619047619048, 0.6904761904761905, 0.7142857142857143, 0.6904761904761905, 0.7023809523809523, 0.7261904761904762, 0.8095238095238095, 0.7619047619047619, 0.7738095238095238]
 mean: 0.7309523809523809, std: 0.04142218524031711
F1 Score: [0.7261516654854713, 0.7597254004576659, 0.7730052624093302, 0.7375, 0.7584818861414606, 0.6648440963499335, 0.6317460317460317, 0.6897727272727273, 0.7083333333333333, 0.6860264519838988, 0.6950776825903877, 0.7214131218457102, 0.8077803203661327, 0.7569444444444444, 0.7735206470838655]
 mean: 0.7260215381006928, std: 0.04565196076945191
Accuracy Intime: [0.7941176470588235, 0.8235294117647058, 0.7352941176470589, 0.7352941176470589, 0.875, 0.7058823529411765, 0.7058823529411765, 0.7941176470588235, 0.8823529411764706, 0.625, 0.6470588235294118, 0.8235294117647058, 0.8823529411764706, 0.8235294117647058, 0.78125]
 mean: 0.7756127450980393, std: 0.07850926738519136
F1 (Intime): [0.793939393939394, 0.8210526315789474, 0.7350649350649351, 0.7153488372093023, 0.8745098039215686, 0.6886446886446886, 0.7017543859649122, 0.793939393939394, 0.8819444444444444, 0.5636363636363637, 0.6421052631578947, 0.8229166666666667, 0.880701754385965, 0.8210526315789474, 0.7793103448275862]
 mean: 0.7677281025974007, std: 0.08918276144918981
--------------------------------------------------
Subject Number: 6
Accuracy Cross: [0.5595238095238095, 0.5714285714285714, 0.6190476190476191, 0.5952380952380952, 0.5714285714285714, 0.6071428571428571, 0.5833333333333334, 0.6309523809523809, 0.5952380952380952, 0.6309523809523809, 0.6071428571428571, 0.6428571428571429, 0.6666666666666666, 0.5595238095238095, 0.5833333333333334]
 mean: 0.6015873015873016, std: 0.030696951755259858
F1 Score: [0.5589612601106854, 0.5675057208237986, 0.6188315371525808, 0.595008508224617, 0.5714285714285714, 0.6057459820793628, 0.5696091348265262, 0.6304810557684121, 0.5943181818181817, 0.6309000708717222, 0.6043956043956044, 0.6395881006864989, 0.6666666666666666, 0.5594613749114103, 0.5804195804195804]
 mean: 0.599554756678948, std: 0.03147858604078753
Accuracy Intime: [0.6470588235294118, 0.6470588235294118, 0.5588235294117647, 0.6764705882352942, 0.75, 0.6470588235294118, 0.6176470588235294, 0.6764705882352942, 0.6470588235294118, 0.71875, 0.6176470588235294, 0.5882352941176471, 0.6764705882352942, 0.5882352941176471, 0.71875]
 mean: 0.6517156862745098, std: 0.05136923962173907
F1 (Intime): [0.6470588235294118, 0.6470588235294118, 0.5584415584415584, 0.6761904761904762, 0.7490196078431373, 0.6458333333333333, 0.6173160173160173, 0.6621499548328816, 0.6458333333333333, 0.716256157635468, 0.6173160173160173, 0.5868055555555556, 0.6761904761904762, 0.5882352941176471, 0.716256157635468]
 mean: 0.6499974391200127, std: 0.05065176311990355
--------------------------------------------------
Subject Number: 7
Accuracy Cross: [0.6904761904761905, 0.5119047619047619, 0.5833333333333334, 0.5714285714285714, 0.5595238095238095, 0.4642857142857143, 0.5714285714285714, 0.44047619047619047, 0.5476190476190477, 0.6190476190476191, 0.5833333333333334, 0.5119047619047619, 0.6428571428571429, 0.5357142857142857, 0.5714285714285714]
 mean: 0.5603174603174602, std: 0.06200642852261782
F1 Score: [0.690300623936472, 0.4999273994482358, 0.5828011919965943, 0.5704545454545455, 0.5564435564435564, 0.45113982866269786, 0.5398660986001217, 0.4165804640165509, 0.5465909090909091, 0.5961538461538461, 0.5804195804195804, 0.5062365591397849, 0.641025641025641, 0.5356484762579731, 0.5333333333333333]
 mean: 0.5497948035986562, std: 0.06590666494463143
Accuracy Intime: [0.6470588235294118, 0.4411764705882353, 0.5294117647058824, 0.7647058823529411, 0.71875, 0.47058823529411764, 0.6470588235294118, 0.6470588235294118, 0.5588235294117647, 0.75, 0.47058823529411764, 0.5588235294117647, 0.6176470588235294, 0.6470588235294118, 0.53125]
 mean: 0.5999999999999999, std: 0.09822393749665696
F1 (Intime): [0.6357142857142857, 0.3454913880445795, 0.4624505928853755, 0.7647058823529411, 0.7046153846153846, 0.43956043956043955, 0.6458333333333333, 0.6263736263736264, 0.5553618134263296, 0.7490196078431373, 0.43956043956043955, 0.5553618134263296, 0.6173160173160173, 0.6263736263736264, 0.4909862142099682]
 mean: 0.5772482976690543, std: 0.11793420621014625
--------------------------------------------------
Subject Number: 8
Accuracy Cross: [0.8452380952380952, 0.8333333333333334, 0.8452380952380952, 0.8214285714285714, 0.7976190476190477, 0.7738095238095238, 0.7976190476190477, 0.7976190476190477, 0.8333333333333334, 0.8571428571428571, 0.8214285714285714, 0.7976190476190477, 0.8571428571428571, 0.8095238095238095, 0.7738095238095238]
 mean: 0.8174603174603176, std: 0.026678946530113642
F1 Score: [0.8446878111221732, 0.8332387975042541, 0.8446878111221732, 0.8214032600992204, 0.7968994453136111, 0.7737774627923459, 0.79408795962509, 0.7975903614457831, 0.8329545454545455, 0.8568181818181818, 0.8193548387096774, 0.7909530083443127, 0.8558352402745995, 0.8077803203661327, 0.7698630136986302]
 mean: 0.8159954705127154, std: 0.02746415424542979
Accuracy Intime: [0.8823529411764706, 0.8529411764705882, 0.9117647058823529, 0.9411764705882353, 0.9375, 0.9411764705882353, 0.8529411764705882, 0.7647058823529411, 0.7941176470588235, 0.90625, 0.8529411764705882, 0.8235294117647058, 0.7941176470588235, 0.7941176470588235, 0.875]
 mean: 0.8616421568627453, std: 0.05672762216159947
F1 (Intime): [0.8823529411764706, 0.8528138528138528, 0.9116883116883117, 0.9403508771929825, 0.9372549019607843, 0.9409722222222222, 0.8528138528138528, 0.7638888888888888, 0.7925021795989537, 0.906158357771261, 0.85178727114211, 0.8235294117647058, 0.7925021795989537, 0.7895667550839964, 0.8745098039215686]
 mean: 0.860846120509261, std: 0.05732581884421744
--------------------------------------------------
Subject Number: 9
Accuracy Cross: [0.7619047619047619, 0.7023809523809523, 0.7857142857142857, 0.7261904761904762, 0.7380952380952381, 0.7857142857142857, 0.7261904761904762, 0.7261904761904762, 0.7380952380952381, 0.7142857142857143, 0.6904761904761905, 0.7142857142857143, 0.7261904761904762, 0.7023809523809523, 0.6904761904761905]
 mean: 0.7285714285714284, std: 0.028900224533385914
F1 Score: [0.7597254004576659, 0.7020008514261388, 0.7826336975273145, 0.7258407833120477, 0.7367521367521368, 0.7852272727272727, 0.7242757242757243, 0.725216896600768, 0.7375, 0.7128205128205127, 0.662962962962963, 0.6888888888888889, 0.7079365079365079, 0.6734566941377702, 0.6576802507836991]
 mean: 0.7188612387072939, std: 0.03758982764629506
Accuracy Intime: [0.8529411764705882, 0.6470588235294118, 0.8529411764705882, 0.6470588235294118, 0.625, 0.9411764705882353, 0.7941176470588235, 0.7058823529411765, 0.9117647058823529, 0.78125, 0.8235294117647058, 0.9705882352941176, 0.9117647058823529, 0.9411764705882353, 0.9375]
 mean: 0.8229166666666667, std: 0.1148284967668845
F1 (Intime): [0.85178727114211, 0.6357142857142857, 0.85178727114211, 0.6263736263736264, 0.611336032388664, 0.9411764705882353, 0.793939393939394, 0.6964285714285714, 0.9116883116883117, 0.7793103448275862, 0.8235294117647058, 0.9705627705627706, 0.9110723626852659, 0.9409722222222222, 0.9372549019607843]
 mean: 0.8188622165619095, std: 0.12029088259826229
--------------------------------------------------
Subject Number: 10
Accuracy Cross: [0.6547619047619048, 0.6666666666666666, 0.5714285714285714, 0.6071428571428571, 0.6428571428571429, 0.6904761904761905, 0.6428571428571429, 0.5714285714285714, 0.6428571428571429, 0.6309523809523809, 0.6785714285714286, 0.5952380952380952, 0.7142857142857143, 0.6309523809523809, 0.6428571428571429]
 mean: 0.6388888888888888, std: 0.03928371006591932
F1 Score: [0.6547129695251594, 0.6664775950085082, 0.5704545454545455, 0.6025806451612903, 0.6426545660805445, 0.690300623936472, 0.6395881006864989, 0.5704545454545455, 0.641025641025641, 0.6296401649836438, 0.6781609195402298, 0.5931623931623932, 0.7101782633697526, 0.6187966622749231, 0.6420454545454546]
 mean: 0.6366822060139735, std: 0.03958138055424061
Accuracy Intime: [0.7352941176470589, 0.7352941176470589, 0.6176470588235294, 0.6176470588235294, 0.65625, 0.8235294117647058, 0.6470588235294118, 0.6176470588235294, 0.6176470588235294, 0.71875, 0.7352941176470589, 0.5882352941176471, 0.5882352941176471, 0.4411764705882353, 0.5625]
 mean: 0.6468137254901961, std: 0.08930839155635768
F1 (Intime): [0.7332170880557978, 0.7235772357723578, 0.6146469049694856, 0.6091954022988506, 0.6532019704433498, 0.8235294117647058, 0.6421052631578947, 0.6146469049694856, 0.6146469049694856, 0.718475073313783, 0.7294429708222812, 0.5882352941176471, 0.5868055555555556, 0.4288240495137047, 0.5555555555555556]
 mean: 0.6424070390186626, std: 0.0908186710140334
--------------------------------------------------
Subject Number: 11
Accuracy Cross: [0.6428571428571429, 0.5714285714285714, 0.6190476190476191, 0.5714285714285714, 0.6071428571428571, 0.7619047619047619, 0.7142857142857143, 0.7142857142857143, 0.6785714285714286, 0.6547619047619048, 0.6190476190476191, 0.5714285714285714, 0.5476190476190477, 0.6071428571428571, 0.6547619047619048]
 mean: 0.6357142857142858, std: 0.05957140953903241
F1 Score: [0.6428571428571429, 0.5675057208237986, 0.6188315371525808, 0.5714285714285714, 0.6066411238825031, 0.761769710720363, 0.7142857142857143, 0.7136363636363636, 0.6774285307922059, 0.6547129695251594, 0.6181818181818182, 0.5652673950546291, 0.5476190476190477, 0.6070871722182849, 0.654320987654321]
 mean: 0.6347715870555003, std: 0.06021405667494777
Accuracy Intime: [0.7941176470588235, 0.6176470588235294, 0.7647058823529411, 0.8823529411764706, 0.65625, 0.6764705882352942, 0.6764705882352942, 0.6176470588235294, 0.7058823529411765, 0.625, 0.6176470588235294, 0.7058823529411765, 0.6470588235294118, 0.6470588235294118, 0.71875]
 mean: 0.6901960784313724, std: 0.07297235886026761
F1 (Intime): [0.793939393939394, 0.6007226738934056, 0.7614035087719297, 0.8823529411764706, 0.6476476476476476, 0.6621499548328816, 0.6621499548328816, 0.6007226738934056, 0.7058823529411765, 0.6190476190476191, 0.6146469049694856, 0.7048611111111112, 0.6458333333333333, 0.6357142857142857, 0.716256157635468]
 mean: 0.6835553675827, std: 0.07674060947211346
--------------------------------------------------
Subject Number: 12
Accuracy Cross: [0.6547619047619048, 0.75, 0.7976190476190477, 0.8333333333333334, 0.7380952380952381, 0.7142857142857143, 0.7023809523809523, 0.75, 0.7738095238095238, 0.7023809523809523, 0.6190476190476191, 0.6190476190476191, 0.7023809523809523, 0.6785714285714286, 0.6428571428571429]
 mean: 0.7119047619047619, std: 0.061198659202085726
F1 Score: [0.654320987654321, 0.7438652533759256, 0.7975903614457831, 0.8324786324786324, 0.7375, 0.7005347593582887, 0.6896704595832718, 0.7417654808959157, 0.7698630136986302, 0.6896704595832718, 0.5786833855799374, 0.6081632653061224, 0.6925779534475187, 0.6729632299927901, 0.6294117647058823]
 mean: 0.7026039338070861, std: 0.06740380927047827
Accuracy Intime: [0.7058823529411765, 0.6764705882352942, 0.7058823529411765, 0.7647058823529411, 0.75, 0.8529411764705882, 0.7941176470588235, 0.9411764705882353, 0.6470588235294118, 0.84375, 0.6176470588235294, 0.6764705882352942, 0.7647058823529411, 0.7058823529411765, 0.75]
 mean: 0.7464460784313726, std: 0.0828211988006722
F1 (Intime): [0.7048611111111112, 0.6693191865605659, 0.7048611111111112, 0.7638888888888888, 0.7490196078431373, 0.8528138528138528, 0.793939393939394, 0.9409722222222222, 0.6263736263736264, 0.8435972629521017, 0.6007226738934056, 0.6761904761904762, 0.7638888888888888, 0.7048611111111112, 0.7490196078431373]
 mean: 0.7429552681162019, std: 0.0867995755511657
--------------------------------------------------
Subject Number: 13
Accuracy Cross: [0.7142857142857143, 0.6785714285714286, 0.7380952380952381, 0.75, 0.75, 0.6428571428571429, 0.6785714285714286, 0.6428571428571429, 0.7380952380952381, 0.7619047619047619, 0.7380952380952381, 0.7261904761904762, 0.6904761904761905, 0.7976190476190477, 0.7857142857142857]
 mean: 0.7222222222222221, std: 0.045522636189523756
F1 Score: [0.7141236528644356, 0.6774285307922059, 0.7367521367521368, 0.7482517482517483, 0.7499645641389086, 0.6354166666666667, 0.6748387096774193, 0.6354166666666667, 0.7375, 0.7613636363636364, 0.7367521367521368, 0.7258407833120477, 0.6876430205949657, 0.7973605789697744, 0.7855927396483267]
 mean: 0.7202830380967383, std: 0.04749494218261654
Accuracy Intime: [0.9117647058823529, 0.7941176470588235, 0.7352941176470589, 0.8823529411764706, 0.78125, 0.8529411764705882, 0.8823529411764706, 0.7647058823529411, 0.8823529411764706, 0.8125, 0.8529411764705882, 0.6764705882352942, 0.7647058823529411, 0.7941176470588235, 0.65625]
 mean: 0.8029411764705883, std: 0.07370750491148656
F1 (Intime): [0.9116883116883117, 0.793939393939394, 0.7294429708222812, 0.8819444444444444, 0.7757757757757757, 0.85178727114211, 0.8823529411764706, 0.7571428571428571, 0.8819444444444444, 0.8095238095238095, 0.85178727114211, 0.6693191865605659, 0.7638888888888888, 0.793939393939394, 0.6559139784946236]
 mean: 0.8006927292750322, std: 0.07516692114439724
--------------------------------------------------
Subject Number: 14
Accuracy Cross: [0.7023809523809523, 0.7380952380952381, 0.7261904761904762, 0.7619047619047619, 0.7261904761904762, 0.7738095238095238, 0.6428571428571429, 0.7142857142857143, 0.7738095238095238, 0.7380952380952381, 0.6666666666666666, 0.7261904761904762, 0.7380952380952381, 0.7261904761904762, 0.7380952380952381]
 mean: 0.7261904761904764, std: 0.03422834706801242
F1 Score: [0.7020008514261388, 0.7367521367521368, 0.7242757242757243, 0.7619047619047619, 0.7258407833120477, 0.7711827956989248, 0.6326530612244898, 0.7101782633697526, 0.7722277722277722, 0.7326388888888888, 0.6664775950085082, 0.7261516654854713, 0.7380952380952381, 0.7261516654854713, 0.7380952380952381]
 mean: 0.7243084294167043, std: 0.03555549110176654
Accuracy Intime: [0.6764705882352942, 0.7058823529411765, 0.7941176470588235, 0.7058823529411765, 0.875, 0.8235294117647058, 0.6176470588235294, 0.6176470588235294, 0.7058823529411765, 0.8125, 0.6470588235294118, 0.9117647058823529, 0.7352941176470589, 0.6764705882352942, 0.84375]
 mean: 0.7432598039215687, std: 0.09079633623226552
F1 (Intime): [0.6739319965126417, 0.7017543859649122, 0.7850045167118338, 0.7058823529411765, 0.8745098039215686, 0.8210526315789474, 0.6146469049694856, 0.6007226738934056, 0.6964285714285714, 0.8117647058823529, 0.6421052631578947, 0.9116883116883117, 0.7235772357723578, 0.6739319965126417, 0.8398398398398399]
 mean: 0.7384560793850626, std: 0.09290387206745773
--------------------------------------------------
**************************************************
accuracy_cross_list: [0.7095238095238094, 0.7261904761904763, 0.6547619047619048, 0.6341269841269842, 0.7309523809523809, 0.6015873015873016, 0.5603174603174602, 0.8174603174603176, 0.7285714285714284, 0.6388888888888888, 0.6357142857142858, 0.7119047619047619, 0.7222222222222221, 0.7261904761904764]
f1_score_list: [0.6934774433418305, 0.7177311900523289, 0.6228477962115551, 0.6294738752711597, 0.7260215381006928, 0.599554756678948, 0.5497948035986562, 0.8159954705127154, 0.7188612387072939, 0.6366822060139735, 0.6347715870555003, 0.7026039338070861, 0.7202830380967383, 0.7243084294167043]
accuracy_intime_list: [0.7964460784313726, 0.7535539215686274, 0.7300245098039216, 0.7177696078431371, 0.7756127450980393, 0.6517156862745098, 0.5999999999999999, 0.8616421568627453, 0.8229166666666667, 0.6468137254901961, 0.6901960784313724, 0.7464460784313726, 0.8029411764705883, 0.7432598039215687]
f1_score_intime_list: [0.7947474860496899, 0.7444246283881852, 0.7232252525213709, 0.7121479534439368, 0.7677281025974007, 0.6499974391200127, 0.5772482976690543, 0.860846120509261, 0.8188622165619095, 0.6424070390186626, 0.6835553675827, 0.7429552681162019, 0.8006927292750322, 0.7384560793850626]
**************************************************
ACC: 68.56±6.45
F1: 67.80±6.60
Intime: 73.85±7.04
F1 (Intime): 73.27±7.36
