1e-06
Subject Number: 1
Accuracy Cross: [0.35294117647058826, 0.29411764705882354, 0.23529411764705882, 0.2647058823529412, 0.29411764705882354, 0.2753623188405797, 0.3188405797101449, 0.3188405797101449, 0.30434782608695654, 0.21739130434782608, 0.29411764705882354, 0.27941176470588236, 0.22058823529411764, 0.23529411764705882, 0.2647058823529412]
 mean: 0.2780051150895141, std: 0.037775791260189574
F1 Score: [0.33064516129032256, 0.30165441176470587, 0.24293737871324078, 0.2744333213083213, 0.2745029239766082, 0.288380387379275, 0.29652383065736404, 0.31027537277537276, 0.3019512195121951, 0.22786246012052463, 0.29329004329004327, 0.2655603490538288, 0.2152749949909838, 0.24577467009317797, 0.24615801655649855]
 mean: 0.27434830276549754, std: 0.03197990786462748
Accuracy Intime: [0.32142857142857145, 0.17857142857142858, 0.2857142857142857, 0.46153846153846156, 0.5, 0.39285714285714285, 0.25, 0.25, 0.46153846153846156, 0.23076923076923078, 0.21428571428571427, 0.39285714285714285, 0.14285714285714285, 0.38461538461538464, 0.46153846153846156]
 mean: 0.3285714285714286, std: 0.11185874007943213
F1 (Intime): [0.3350301659125189, 0.1776660839160839, 0.28869047619047616, 0.4141414141414141, 0.5068181818181818, 0.38053788316946213, 0.25586080586080584, 0.24288946347769877, 0.45902777777777776, 0.2159090909090909, 0.21266968325791855, 0.3896270396270397, 0.14166666666666666, 0.3762237762237763, 0.4439935064935065]
 mean: 0.32271680102949457, std: 0.1082319756606167
--------------------------------------------------
Subject Number: 2
Accuracy Cross: [0.2898550724637681, 0.2028985507246377, 0.2463768115942029, 0.2898550724637681, 0.2608695652173913, 0.23529411764705882, 0.16176470588235295, 0.17647058823529413, 0.35294117647058826, 0.19117647058823528, 0.2898550724637681, 0.21739130434782608, 0.30434782608695654, 0.18840579710144928, 0.21739130434782608]
 mean: 0.2416595623756749, std: 0.05317345352216641
F1 Score: [0.28804696990935424, 0.2068100358422939, 0.25567765567765566, 0.2921921921921922, 0.26835697399527186, 0.21685070163331033, 0.1617156470987116, 0.17725515338734432, 0.34008975928192575, 0.18645788645788647, 0.27218117131910236, 0.2060241558105267, 0.3010924182401262, 0.17219799741602065, 0.20248868778280543]
 mean: 0.23649582706963518, std: 0.05317409857189917
Accuracy Intime: [0.2857142857142857, 0.39285714285714285, 0.21428571428571427, 0.2692307692307692, 0.19230769230769232, 0.17857142857142858, 0.2857142857142857, 0.14285714285714285, 0.39285714285714285, 0.3076923076923077, 0.25, 0.5714285714285714, 0.25, 0.2692307692307692, 0.38461538461538464]
 mean: 0.2924908424908425, std: 0.10423578795918952
F1 (Intime): [0.2829516974253816, 0.3677929505135388, 0.19106858054226478, 0.19047619047619047, 0.17787114845938373, 0.1607142857142857, 0.2714160839160839, 0.13803418803418804, 0.36915204678362573, 0.2767857142857143, 0.24455128205128204, 0.5664231601731602, 0.23327020202020202, 0.2590686274509804, 0.37410542673700564]
 mean: 0.2735787723055525, std: 0.10665814125983906
--------------------------------------------------
Subject Number: 3
Accuracy Cross: [0.23529411764705882, 0.22058823529411764, 0.20588235294117646, 0.23529411764705882, 0.22058823529411764, 0.2318840579710145, 0.17391304347826086, 0.2318840579710145, 0.2318840579710145, 0.2463768115942029, 0.2753623188405797, 0.2608695652173913, 0.17391304347826086, 0.17391304347826086, 0.2463768115942029]
 mean: 0.2242682580278488, std: 0.029796023162408543
F1 Score: [0.2017857142857143, 0.21220519896284298, 0.20692709516238927, 0.23324739776352682, 0.19252364066193853, 0.22628676470588235, 0.1635561697225218, 0.22183441558441563, 0.230025040319158, 0.24463749463749465, 0.27069783197831976, 0.25176121616611047, 0.16690561529271208, 0.17810203877815983, 0.23660060975609756]
 mean: 0.21580641625181896, std: 0.03010587076423957
Accuracy Intime: [0.39285714285714285, 0.2857142857142857, 0.4642857142857143, 0.17857142857142858, 0.38461538461538464, 0.2857142857142857, 0.25, 0.17857142857142858, 0.2692307692307692, 0.38461538461538464, 0.2857142857142857, 0.32142857142857145, 0.25, 0.2692307692307692, 0.4230769230769231]
 mean: 0.30824175824175826, std: 0.0822660389426011
F1 (Intime): [0.37103174603174605, 0.2782536091359621, 0.4728708791208791, 0.12179487179487179, 0.3348788638262322, 0.28055555555555556, 0.2627039627039627, 0.18774509803921566, 0.2786276223776224, 0.3308913308913309, 0.2552631578947368, 0.2965277777777778, 0.2155448717948718, 0.25897435897435894, 0.420244461420932]
 mean: 0.2910605444893371, std: 0.08494974618374164
--------------------------------------------------
Subject Number: 4
Accuracy Cross: [0.30434782608695654, 0.2608695652173913, 0.2463768115942029, 0.34782608695652173, 0.3333333333333333, 0.36231884057971014, 0.30434782608695654, 0.463768115942029, 0.4057971014492754, 0.34782608695652173, 0.2463768115942029, 0.37681159420289856, 0.2608695652173913, 0.2753623188405797, 0.37681159420289856]
 mean: 0.327536231884058, std: 0.061896105808877167
F1 Score: [0.2905982905982906, 0.2554859868813357, 0.23066186686876342, 0.32732979440512305, 0.32968310983397187, 0.3578606578606578, 0.2965910433652369, 0.46061364287965273, 0.3939141532226639, 0.3494194589716296, 0.201010101010101, 0.3554789833822092, 0.24192193675889329, 0.2746612136261097, 0.34274891774891775]
 mean: 0.3138652771609038, std: 0.06570634444546627
Accuracy Intime: [0.21428571428571427, 0.35714285714285715, 0.42857142857142855, 0.32142857142857145, 0.4230769230769231, 0.35714285714285715, 0.25, 0.39285714285714285, 0.25, 0.34615384615384615, 0.39285714285714285, 0.4642857142857143, 0.6071428571428571, 0.39285714285714285, 0.3076923076923077]
 mean: 0.367032967032967, std: 0.09416199606977403
F1 (Intime): [0.22116119174942703, 0.3446969696969697, 0.42692307692307696, 0.29705882352941176, 0.4108187134502924, 0.3622100122100122, 0.2408748114630468, 0.32529761904761906, 0.23924539512774806, 0.32900432900432897, 0.3833333333333333, 0.4512957630604689, 0.5152243589743589, 0.3868006993006993, 0.24715719063545152]
 mean: 0.345406819167083, std: 0.08354915150265733
--------------------------------------------------
Subject Number: 5
Accuracy Cross: [0.3382352941176471, 0.36764705882352944, 0.35294117647058826, 0.38235294117647056, 0.25, 0.3382352941176471, 0.3235294117647059, 0.39705882352941174, 0.39705882352941174, 0.4264705882352941, 0.2647058823529412, 0.35294117647058826, 0.3235294117647059, 0.3235294117647059, 0.35294117647058826]
 mean: 0.3460784313725489, std: 0.04552230104409371
F1 Score: [0.3095593617332748, 0.36163663663663664, 0.3735394818321648, 0.3677319873064554, 0.23482142857142857, 0.3253690753690754, 0.3289069952305247, 0.39522642128897145, 0.3857975357975358, 0.41479897858698844, 0.26431137564955504, 0.3401199494949495, 0.31974789915966384, 0.32127959759538705, 0.3341100076394194]
 mean: 0.3384637821261354, std: 0.04612976044602417
Accuracy Intime: [0.6428571428571429, 0.6785714285714286, 0.39285714285714285, 0.5384615384615384, 0.46153846153846156, 0.5, 0.4642857142857143, 0.35714285714285715, 0.3076923076923077, 0.3076923076923077, 0.5, 0.42857142857142855, 0.5, 0.4230769230769231, 0.4230769230769231]
 mean: 0.46172161172161175, std: 0.10241747761055704
F1 (Intime): [0.6395604395604395, 0.6725274725274726, 0.3755482456140351, 0.5335858585858586, 0.40816993464052287, 0.5, 0.4635270774976657, 0.35565476190476186, 0.24166666666666664, 0.28695324283559576, 0.49862637362637363, 0.4254911754911755, 0.5049019607843137, 0.3800133689839572, 0.3333333333333333]
 mean: 0.44130399413681143, std: 0.116806518813027
--------------------------------------------------
Subject Number: 6
Accuracy Cross: [0.22058823529411764, 0.3088235294117647, 0.3382352941176471, 0.25, 0.27941176470588236, 0.21739130434782608, 0.2318840579710145, 0.2463768115942029, 0.18840579710144928, 0.30434782608695654, 0.2463768115942029, 0.2028985507246377, 0.2898550724637681, 0.30434782608695654, 0.2608695652173913]
 mean: 0.2593208297811878, std: 0.04220325335812943
F1 Score: [0.20565477851574854, 0.3113636363636364, 0.30571719967946387, 0.19170111287758346, 0.26109105947815625, 0.2119475153799006, 0.23009506833036245, 0.24039759939984995, 0.1838201156459714, 0.2893615005683971, 0.2472943722943723, 0.19128787878787878, 0.28785376285376285, 0.29514270573094104, 0.23747808299240214]
 mean: 0.24601375925989513, std: 0.04247927576497288
Accuracy Intime: [0.2857142857142857, 0.35714285714285715, 0.32142857142857145, 0.39285714285714285, 0.2692307692307692, 0.25, 0.42857142857142855, 0.32142857142857145, 0.2692307692307692, 0.15384615384615385, 0.17857142857142858, 0.2857142857142857, 0.25, 0.5769230769230769, 0.38461538461538464]
 mean: 0.315018315018315, std: 0.10106339292559677
F1 (Intime): [0.21545454545454545, 0.3321815439462498, 0.3159090909090909, 0.28174603174603174, 0.2222222222222222, 0.22847985347985347, 0.43315508021390375, 0.31084373143196675, 0.267982017982018, 0.15568641884431358, 0.17340686274509803, 0.24084249084249082, 0.24021464646464646, 0.516748366013072, 0.33487762237762236]
 mean: 0.28465003497820834, std: 0.09215766639955437
--------------------------------------------------
Subject Number: 7
Accuracy Cross: [0.3088235294117647, 0.29411764705882354, 0.38235294117647056, 0.38235294117647056, 0.35294117647058826, 0.25, 0.4117647058823529, 0.23529411764705882, 0.3235294117647059, 0.4264705882352941, 0.35294117647058826, 0.29411764705882354, 0.3088235294117647, 0.29411764705882354, 0.3235294117647059]
 mean: 0.3294117647058823, std: 0.05337512779927921
F1 Score: [0.29633030447951536, 0.27576295986622074, 0.3694444444444444, 0.37867937867937873, 0.3130791477875253, 0.22119192504588042, 0.4002802144249512, 0.2107843137254902, 0.3202561327561328, 0.40184969908692847, 0.3333934583934584, 0.2881800290921537, 0.2869997444416049, 0.2757304551701835, 0.2857637857637858]
 mean: 0.3105150662105103, std: 0.05618535278884599
Accuracy Intime: [0.25, 0.25, 0.35714285714285715, 0.34615384615384615, 0.4230769230769231, 0.2857142857142857, 0.32142857142857145, 0.32142857142857145, 0.38461538461538464, 0.23076923076923078, 0.5, 0.4642857142857143, 0.4642857142857143, 0.5384615384615384, 0.38461538461538464]
 mean: 0.3681318681318681, std: 0.0920117793116816
F1 (Intime): [0.22976370035193566, 0.22499999999999998, 0.3259803921568627, 0.33636363636363636, 0.39980158730158727, 0.26645576645576646, 0.3382867132867133, 0.28728991596638653, 0.35737628384687214, 0.21142093200916728, 0.4973214285714286, 0.45479797979797976, 0.43253968253968256, 0.5634920634920635, 0.3595779220779221]
 mean: 0.35236453361453357, std: 0.0995719410658215
--------------------------------------------------
Subject Number: 8
Accuracy Cross: [0.2647058823529412, 0.3088235294117647, 0.23529411764705882, 0.22058823529411764, 0.25, 0.3382352941176471, 0.20588235294117646, 0.25, 0.22058823529411764, 0.22058823529411764, 0.20588235294117646, 0.25, 0.25, 0.22058823529411764, 0.23529411764705882]
 mean: 0.2450980392156863, std: 0.0354842373938311
F1 Score: [0.25802710361533887, 0.3215406324607538, 0.23080357142857144, 0.22006390627080283, 0.2583333333333333, 0.3212941314005144, 0.20709459459459462, 0.2367349292386774, 0.21240816553703062, 0.20970246160794942, 0.19989432437018867, 0.24529225255031706, 0.24541640662922126, 0.20478838177671688, 0.2253658536585366]
 mean: 0.23978400323150312, std: 0.036780904372550605
Accuracy Intime: [0.35714285714285715, 0.32142857142857145, 0.14285714285714285, 0.34615384615384615, 0.23076923076923078, 0.2857142857142857, 0.35714285714285715, 0.2857142857142857, 0.3076923076923077, 0.23076923076923078, 0.2857142857142857, 0.35714285714285715, 0.42857142857142855, 0.2692307692307692, 0.2692307692307692]
 mean: 0.2983516483516483, std: 0.06619149987755173
F1 (Intime): [0.3433372183372183, 0.3123397435897436, 0.14545454545454545, 0.33623680241327303, 0.1861111111111111, 0.2812011517893871, 0.34455128205128205, 0.29005847953216374, 0.3064539627039627, 0.226010101010101, 0.29262820512820514, 0.34375, 0.4598997493734336, 0.2409090909090909, 0.21228070175438596]
 mean: 0.2880814763438602, std: 0.07516366614665478
--------------------------------------------------
Subject Number: 9
Accuracy Cross: [0.3088235294117647, 0.27941176470588236, 0.3088235294117647, 0.29411764705882354, 0.27941176470588236, 0.27941176470588236, 0.27941176470588236, 0.25, 0.27941176470588236, 0.2647058823529412, 0.22058823529411764, 0.3382352941176471, 0.2647058823529412, 0.20588235294117646, 0.2647058823529412]
 mean: 0.27450980392156865, std: 0.032069465164306137
F1 Score: [0.3144274783083965, 0.2804047231967143, 0.319257667677789, 0.3113096074798203, 0.29058061821219716, 0.2853998838041391, 0.29879202755234263, 0.24855698051497, 0.2769787971289498, 0.26897518982444263, 0.20372944874274662, 0.33250754080022377, 0.2428135888501742, 0.21413608178314059, 0.25575303564434]
 mean: 0.2762415113013591, std: 0.03650717062947294
Accuracy Intime: [0.5, 0.32142857142857145, 0.42857142857142855, 0.5384615384615384, 0.2692307692307692, 0.32142857142857145, 0.32142857142857145, 0.2857142857142857, 0.34615384615384615, 0.2692307692307692, 0.39285714285714285, 0.35714285714285715, 0.4642857142857143, 0.34615384615384615, 0.23076923076923078]
 mean: 0.35952380952380947, std: 0.08627637308963947
F1 (Intime): [0.5164565826330532, 0.32574224021592435, 0.4311085972850679, 0.509090909090909, 0.26581196581196576, 0.31547619047619047, 0.2876373626373626, 0.2534138655462185, 0.2857142857142857, 0.2375, 0.3928571428571428, 0.3475274725274725, 0.4321237585943468, 0.3469967532467533, 0.20634920634920634]
 mean: 0.3435870888657266, std: 0.0920456425167278
--------------------------------------------------
Subject Number: 10
Accuracy Cross: [0.25, 0.25, 0.2647058823529412, 0.25, 0.22058823529411764, 0.22058823529411764, 0.22058823529411764, 0.3382352941176471, 0.27941176470588236, 0.16176470588235295, 0.2318840579710145, 0.21739130434782608, 0.2318840579710145, 0.2753623188405797, 0.15942028985507245]
 mean: 0.2381216254617789, std: 0.04297177443351882
F1 Score: [0.2433826683826684, 0.24481566820276496, 0.26654456654456654, 0.2509800647654077, 0.21177102030760567, 0.22213632404181183, 0.19806763285024154, 0.33599179536679535, 0.2671299288946348, 0.1589801909923861, 0.23106060606060608, 0.18981481481481483, 0.22786585365853662, 0.25846871006467104, 0.1408961408961409]
 mean: 0.2298603990562435, std: 0.045909319645632995
Accuracy Intime: [0.21428571428571427, 0.42857142857142855, 0.2857142857142857, 0.2692307692307692, 0.23076923076923078, 0.32142857142857145, 0.17857142857142858, 0.25, 0.38461538461538464, 0.38461538461538464, 0.14285714285714285, 0.25, 0.32142857142857145, 0.23076923076923078, 0.38461538461538464]
 mean: 0.2851648351648352, std: 0.08089061671765276
F1 (Intime): [0.20073529411764707, 0.35858585858585856, 0.28809523809523807, 0.25109649122807015, 0.1736111111111111, 0.3197802197802198, 0.1679258241758242, 0.2538992869875223, 0.3696969696969697, 0.35256410256410253, 0.1466611819552996, 0.24177807486631014, 0.29583333333333334, 0.2130952380952381, 0.34305555555555556]
 mean: 0.2650942520098867, std: 0.0718442678298482
--------------------------------------------------
Subject Number: 11
Accuracy Cross: [0.2608695652173913, 0.3188405797101449, 0.2608695652173913, 0.2608695652173913, 0.2318840579710145, 0.30434782608695654, 0.3333333333333333, 0.36231884057971014, 0.2753623188405797, 0.36231884057971014, 0.18840579710144928, 0.2463768115942029, 0.34782608695652173, 0.2753623188405797, 0.3188405797101449]
 mean: 0.2898550724637681, std: 0.04907603903072577
F1 Score: [0.2416833309281822, 0.3152980597833539, 0.2492662282304226, 0.26096491228070173, 0.22871363930187458, 0.28975663387000594, 0.3275543900543901, 0.3543970939058772, 0.2728494623655914, 0.34451219512195125, 0.16647691334598355, 0.20700280112044817, 0.3373183197277152, 0.27377083828696736, 0.3097998374314164]
 mean: 0.2786243103836588, std: 0.05238047995702707
Accuracy Intime: [0.2857142857142857, 0.42857142857142855, 0.39285714285714285, 0.32142857142857145, 0.38461538461538464, 0.2857142857142857, 0.35714285714285715, 0.35714285714285715, 0.32142857142857145, 0.34615384615384615, 0.39285714285714285, 0.25, 0.39285714285714285, 0.39285714285714285, 0.46153846153846156]
 mean: 0.3580586080586082, std: 0.055497829903205835
F1 (Intime): [0.30952380952380953, 0.43740601503759396, 0.39743589743589747, 0.29387279387279386, 0.366952614379085, 0.29166666666666663, 0.34561403508771926, 0.34302951950010774, 0.3104166666666667, 0.28011695906432743, 0.39547294810452704, 0.2222222222222222, 0.39395604395604394, 0.3745646510352393, 0.42178362573099415]
 mean: 0.34560229788557967, std: 0.058126489388203535
--------------------------------------------------
Subject Number: 12
Accuracy Cross: [0.3235294117647059, 0.19117647058823528, 0.23529411764705882, 0.25, 0.2647058823529412, 0.2463768115942029, 0.3188405797101449, 0.2898550724637681, 0.2318840579710145, 0.2898550724637681, 0.3382352941176471, 0.3235294117647059, 0.2647058823529412, 0.27941176470588236, 0.3235294117647059]
 mean: 0.27806194941744816, std: 0.041169841344159276
F1 Score: [0.3079229797979798, 0.18397745571658614, 0.2295695045695046, 0.23946126557214753, 0.2040631469979296, 0.2448775031011873, 0.33074648928307465, 0.27879165113207666, 0.20507753116448768, 0.289720786963434, 0.3244444444444444, 0.27976190476190477, 0.26306871134457344, 0.2736036932343362, 0.2840086326928432]
 mean: 0.26260638005176734, std: 0.04262403307903952
Accuracy Intime: [0.21428571428571427, 0.2857142857142857, 0.2857142857142857, 0.2692307692307692, 0.19230769230769232, 0.32142857142857145, 0.39285714285714285, 0.32142857142857145, 0.4230769230769231, 0.4230769230769231, 0.35714285714285715, 0.5357142857142857, 0.32142857142857145, 0.2692307692307692, 0.6153846153846154]
 mean: 0.3485347985347985, std: 0.11090586713986522
F1 (Intime): [0.16666666666666666, 0.26498538011695905, 0.2733516483516484, 0.22727272727272727, 0.175, 0.31560106560106566, 0.38712757830404887, 0.3220015278838808, 0.403968253968254, 0.403030303030303, 0.39689171122994654, 0.5335858585858586, 0.2785714285714286, 0.26068376068376065, 0.5984848484848484]
 mean: 0.3338148505834264, std: 0.11783275128767634
--------------------------------------------------
Subject Number: 13
Accuracy Cross: [0.19117647058823528, 0.23529411764705882, 0.27941176470588236, 0.35294117647058826, 0.22058823529411764, 0.2028985507246377, 0.2753623188405797, 0.2608695652173913, 0.2753623188405797, 0.2463768115942029, 0.27941176470588236, 0.27941176470588236, 0.27941176470588236, 0.3235294117647059, 0.29411764705882354]
 mean: 0.26641091219096336, std: 0.0412699264270033
F1 Score: [0.1827651515151515, 0.22848932676518882, 0.28242821908883614, 0.3535060975609756, 0.22038174244056596, 0.17493060442567832, 0.2621041618228319, 0.2316922366570823, 0.28055269556517287, 0.23232600732600733, 0.2499873353596758, 0.24333333333333332, 0.2686136071887034, 0.3313593313593314, 0.2846370967741936]
 mean: 0.25514046314551525, std: 0.04676332455878458
Accuracy Intime: [0.25, 0.32142857142857145, 0.21428571428571427, 0.19230769230769232, 0.2692307692307692, 0.35714285714285715, 0.32142857142857145, 0.39285714285714285, 0.3076923076923077, 0.4230769230769231, 0.25, 0.2857142857142857, 0.25, 0.38461538461538464, 0.2692307692307692]
 mean: 0.29926739926739926, std: 0.0651700751701895
F1 (Intime): [0.2375, 0.3052104899930987, 0.2209216222374117, 0.15838509316770186, 0.2272727272727273, 0.3582887700534759, 0.3152568922305764, 0.3729166666666666, 0.2805631868131868, 0.4213235294117647, 0.212406015037594, 0.26576055523423947, 0.2340686274509804, 0.3606227106227106, 0.28398268398268395]
 mean: 0.2836319713449879, std: 0.06960851624620769
--------------------------------------------------
Subject Number: 14
Accuracy Cross: [0.23529411764705882, 0.29411764705882354, 0.25, 0.20588235294117646, 0.17647058823529413, 0.19117647058823528, 0.20588235294117646, 0.3382352941176471, 0.27941176470588236, 0.3088235294117647, 0.17647058823529413, 0.29411764705882354, 0.22058823529411764, 0.3088235294117647, 0.35294117647058826]
 mean: 0.2558823529411765, std: 0.057031527734309764
F1 Score: [0.22551599587203303, 0.31037383668962615, 0.2612498686042104, 0.21612959112959113, 0.15438326493388055, 0.1804876304876305, 0.20344012605042017, 0.3375877594627595, 0.27975787653207007, 0.29617965708794225, 0.16282867488699027, 0.27216623876765084, 0.21024363233665555, 0.3011026136026136, 0.3099848678299522]
 mean: 0.2480954422849351, std: 0.0566723283015667
Accuracy Intime: [0.39285714285714285, 0.39285714285714285, 0.5357142857142857, 0.3076923076923077, 0.34615384615384615, 0.4642857142857143, 0.5, 0.32142857142857145, 0.3076923076923077, 0.23076923076923078, 0.25, 0.32142857142857145, 0.14285714285714285, 0.34615384615384615, 0.23076923076923078]
 mean: 0.33937728937728934, std: 0.10283128464502245
F1 (Intime): [0.3685064935064935, 0.38819444444444445, 0.5374434389140271, 0.2714932126696833, 0.3224538619275461, 0.43813131313131315, 0.48668586315645135, 0.28321678321678323, 0.31634615384615383, 0.2511534518113465, 0.24177807486631014, 0.3173076923076923, 0.12549019607843137, 0.33809523809523806, 0.2015151515151515]
 mean: 0.32585409129913767, std: 0.10401966198565105
--------------------------------------------------
Subject Number: 15
Accuracy Cross: [0.22058823529411764, 0.29411764705882354, 0.27941176470588236, 0.35294117647058826, 0.29411764705882354, 0.35294117647058826, 0.3382352941176471, 0.4117647058823529, 0.3235294117647059, 0.3382352941176471, 0.39705882352941174, 0.38235294117647056, 0.4264705882352941, 0.29411764705882354, 0.39705882352941174]
 mean: 0.34019607843137256, std: 0.055250991386687716
F1 Score: [0.21076555023923443, 0.292329258203879, 0.2982790482790483, 0.3753570388103562, 0.3130952380952381, 0.3622551122551122, 0.3431436314363144, 0.40181208960010806, 0.32019704433497537, 0.33623754152823915, 0.4035664770958889, 0.3667624521072797, 0.4313799344287149, 0.2941290010002501, 0.37405539251650766]
 mean: 0.34155765399540977, std: 0.05400964675785291
Accuracy Intime: [0.2857142857142857, 0.25, 0.5357142857142857, 0.46153846153846156, 0.4230769230769231, 0.32142857142857145, 0.39285714285714285, 0.39285714285714285, 0.2692307692307692, 0.3076923076923077, 0.4642857142857143, 0.42857142857142855, 0.42857142857142855, 0.46153846153846156, 0.38461538461538464]
 mean: 0.38717948717948725, std: 0.08063060707943415
F1 (Intime): [0.2876984126984127, 0.22371794871794873, 0.5446570972886762, 0.4829545454545454, 0.3451388888888889, 0.3254901960784314, 0.385989010989011, 0.4210789210789211, 0.2560674619498149, 0.2993006993006993, 0.4727606951871658, 0.4173076923076923, 0.4280075187969925, 0.4464285714285714, 0.3634615384615385]
 mean: 0.380003946575154, std: 0.08772087608890178
--------------------------------------------------
Subject Number: 16
Accuracy Cross: [0.25, 0.23529411764705882, 0.27941176470588236, 0.20588235294117646, 0.3382352941176471, 0.2647058823529412, 0.23529411764705882, 0.19117647058823528, 0.27941176470588236, 0.22058823529411764, 0.3088235294117647, 0.3382352941176471, 0.25, 0.25, 0.25]
 mean: 0.25980392156862747, std: 0.04182495883863049
F1 Score: [0.19594643242854057, 0.23063324272626598, 0.2797727272727273, 0.19840686274509806, 0.3106792717086835, 0.255849138074202, 0.23327294685990338, 0.20388809862494073, 0.2581921781921782, 0.22094040711061988, 0.3073593073593074, 0.32770332504375055, 0.24541350105866233, 0.2490355714387144, 0.2320108436199959]
 mean: 0.24994025695090602, std: 0.039625249216327485
Accuracy Intime: [0.39285714285714285, 0.2857142857142857, 0.2857142857142857, 0.19230769230769232, 0.34615384615384615, 0.39285714285714285, 0.42857142857142855, 0.2857142857142857, 0.5, 0.15384615384615385, 0.35714285714285715, 0.25, 0.39285714285714285, 0.46153846153846156, 0.5384615384615384]
 mean: 0.3509157509157509, std: 0.10581009470192854
F1 (Intime): [0.3883201357466063, 0.2628389154704944, 0.2836996336996337, 0.18108974358974358, 0.3346999405822936, 0.376984126984127, 0.4369047619047619, 0.29305555555555557, 0.4313852813852814, 0.1543040293040293, 0.3560876623376623, 0.22240896358543416, 0.3997326203208556, 0.45952740070387127, 0.44880382775119615]
 mean: 0.3353228399281031, std: 0.09521440655828001
--------------------------------------------------
Subject Number: 17
Accuracy Cross: [0.2608695652173913, 0.2898550724637681, 0.2898550724637681, 0.2463768115942029, 0.30434782608695654, 0.3333333333333333, 0.3188405797101449, 0.2463768115942029, 0.3188405797101449, 0.2463768115942029, 0.35294117647058826, 0.35294117647058826, 0.3235294117647059, 0.3088235294117647, 0.29411764705882354]
 mean: 0.29916169366297246, std: 0.03508504293417842
F1 Score: [0.22207602339181287, 0.27150482902207784, 0.26762501899984803, 0.23945147984449483, 0.26375296276473736, 0.3309881175734834, 0.2788935870331219, 0.23841244961934616, 0.2827513105149553, 0.23483709273182957, 0.3516917293233083, 0.34797390109890114, 0.2983511586452763, 0.29650964328383683, 0.2865679339817271]
 mean: 0.2807591491885838, std: 0.03853173597817809
Accuracy Intime: [0.21428571428571427, 0.4642857142857143, 0.32142857142857145, 0.2692307692307692, 0.5, 0.35714285714285715, 0.35714285714285715, 0.39285714285714285, 0.34615384615384615, 0.3076923076923077, 0.32142857142857145, 0.5, 0.4642857142857143, 0.5357142857142857, 0.4230769230769231]
 mean: 0.38498168498168506, std: 0.09052252228302571
F1 (Intime): [0.21547619047619046, 0.4092908902691511, 0.31204481792717087, 0.24166666666666667, 0.4722222222222222, 0.36607142857142855, 0.31544566544566544, 0.39099870717517776, 0.31706528765352293, 0.27380952380952384, 0.30456385719543616, 0.4973214285714286, 0.4388888888888889, 0.5352606951871658, 0.3611111111111111]
 mean: 0.36341582541138334, std: 0.09061435195331143
--------------------------------------------------
Subject Number: 18
Accuracy Cross: [0.3188405797101449, 0.2608695652173913, 0.2898550724637681, 0.2463768115942029, 0.30434782608695654, 0.3235294117647059, 0.27941176470588236, 0.25, 0.3088235294117647, 0.27941176470588236, 0.25, 0.22058823529411764, 0.3382352941176471, 0.29411764705882354, 0.2647058823529412]
 mean: 0.28194089229894864, std: 0.03216534257843243
F1 Score: [0.3023742530510964, 0.26580516257935616, 0.2830920868192348, 0.23126242621333787, 0.31704717240431524, 0.3322366068235463, 0.27736928104575165, 0.2519230769230769, 0.29699597730158, 0.2727815934065934, 0.24359188605512136, 0.21812485759854183, 0.34361564480306456, 0.28565639943348925, 0.24843544137022397]
 mean: 0.278020791055222, std: 0.03511406478059011
Accuracy Intime: [0.10714285714285714, 0.32142857142857145, 0.2857142857142857, 0.19230769230769232, 0.2692307692307692, 0.35714285714285715, 0.32142857142857145, 0.35714285714285715, 0.3076923076923077, 0.34615384615384615, 0.35714285714285715, 0.14285714285714285, 0.35714285714285715, 0.23076923076923078, 0.2692307692307692]
 mean: 0.2815018315018315, std: 0.07806495918387206
F1 (Intime): [0.06818181818181818, 0.3028656126482213, 0.27195108812755875, 0.18912337662337664, 0.2595029239766082, 0.33803418803418805, 0.30779220779220784, 0.3416730328495034, 0.3076923076923077, 0.3341269841269841, 0.325, 0.132260101010101, 0.35119047619047616, 0.2150974025974026, 0.23392857142857143]
 mean: 0.26522800608528835, std: 0.08072822453024116
--------------------------------------------------
Subject Number: 19
Accuracy Cross: [0.27941176470588236, 0.2647058823529412, 0.29411764705882354, 0.35294117647058826, 0.27941176470588236, 0.2647058823529412, 0.3088235294117647, 0.3382352941176471, 0.3382352941176471, 0.27941176470588236, 0.3088235294117647, 0.2647058823529412, 0.3382352941176471, 0.22058823529411764, 0.38235294117647056]
 mean: 0.3009803921568628, std: 0.04119980664598175
F1 Score: [0.2604905606407322, 0.23407898614795167, 0.2810050605803892, 0.34157218467873923, 0.2785714285714286, 0.23012573012573012, 0.3162830349531117, 0.33692307692307694, 0.3298130764163373, 0.26395986895986895, 0.3023444118605409, 0.2569503730794053, 0.33771924413464105, 0.223616105481094, 0.36178498189275277]
 mean: 0.29034920829638666, std: 0.04373382630153394
Accuracy Intime: [0.25, 0.39285714285714285, 0.32142857142857145, 0.38461538461538464, 0.34615384615384615, 0.32142857142857145, 0.32142857142857145, 0.2857142857142857, 0.5, 0.3076923076923077, 0.35714285714285715, 0.2857142857142857, 0.39285714285714285, 0.4230769230769231, 0.34615384615384615]
 mean: 0.3490842490842491, std: 0.06070924404063963
F1 (Intime): [0.1991758241758242, 0.37503607503607506, 0.30753968253968256, 0.3767628205128205, 0.3505729564553094, 0.29395604395604397, 0.30896942110177406, 0.29471153846153847, 0.50530058177117, 0.2925595238095238, 0.34302951950010774, 0.25396825396825395, 0.40317035905271204, 0.3936247575953458, 0.34503968253968254]
 mean: 0.336227802698391, std: 0.06946150623928402
--------------------------------------------------
Subject Number: 20
Accuracy Cross: [0.3382352941176471, 0.2647058823529412, 0.3382352941176471, 0.23529411764705882, 0.23529411764705882, 0.19117647058823528, 0.3382352941176471, 0.2647058823529412, 0.19117647058823528, 0.2647058823529412, 0.2608695652173913, 0.37681159420289856, 0.2753623188405797, 0.2608695652173913, 0.3188405797101449]
 mean: 0.2769678886047172, std: 0.05300872519567171
F1 Score: [0.3236538461538461, 0.24303534631951051, 0.3300675675675676, 0.23931768759354966, 0.2234848484848485, 0.18692494482632147, 0.3398664792248482, 0.27177231079670106, 0.18544800958594063, 0.2462797619047619, 0.26587835639452684, 0.36440210478990553, 0.28059440559440557, 0.27024139524139523, 0.31437539234149403]
 mean: 0.27235616378797484, std: 0.05211754118263789
Accuracy Intime: [0.35714285714285715, 0.25, 0.42857142857142855, 0.2692307692307692, 0.2692307692307692, 0.25, 0.5357142857142857, 0.5714285714285714, 0.38461538461538464, 0.2692307692307692, 0.4642857142857143, 0.35714285714285715, 0.32142857142857145, 0.34615384615384615, 0.2692307692307692]
 mean: 0.3562271062271061, std: 0.10013308108578718
F1 (Intime): [0.34822432469491293, 0.25193227824806774, 0.3924825174825175, 0.2829059829059829, 0.20869565217391306, 0.22335164835164834, 0.5376068376068376, 0.5747863247863247, 0.38952020202020204, 0.2728937728937729, 0.4624023035787742, 0.36121794871794877, 0.3220588235294118, 0.3403846153846154, 0.26997929606625254]
 mean: 0.3492295018960788, std: 0.10494241385095306
--------------------------------------------------
Subject Number: 21
Accuracy Cross: [0.3088235294117647, 0.2647058823529412, 0.3382352941176471, 0.19117647058823528, 0.22058823529411764, 0.14705882352941177, 0.3235294117647059, 0.25, 0.27941176470588236, 0.3235294117647059, 0.3235294117647059, 0.35294117647058826, 0.22058823529411764, 0.27941176470588236, 0.3235294117647059]
 mean: 0.27647058823529413, std: 0.0581332042367592
F1 Score: [0.27313206571133997, 0.2307620540379161, 0.337436729077596, 0.1949145299145299, 0.208125, 0.13540745136116805, 0.3075804484473215, 0.2270164046479836, 0.2755135387488329, 0.3223323029774643, 0.3007142857142857, 0.3328671328671329, 0.23304487179487182, 0.2731016731016731, 0.31476391825229033]
 mean: 0.2644474937769604, std: 0.05628492041659272
Accuracy Intime: [0.4642857142857143, 0.4642857142857143, 0.4642857142857143, 0.23076923076923078, 0.3076923076923077, 0.35714285714285715, 0.39285714285714285, 0.2857142857142857, 0.3076923076923077, 0.3076923076923077, 0.2857142857142857, 0.25, 0.25, 0.2692307692307692, 0.2692307692307692]
 mean: 0.32710622710622705, std: 0.07920774298382592
F1 (Intime): [0.4486785144679881, 0.41729323308270677, 0.43991596638655456, 0.19583333333333333, 0.28525641025641024, 0.3591346153846154, 0.3793706293706294, 0.24159663865546216, 0.26875, 0.2875, 0.28104575163398693, 0.2509147199549676, 0.23809523809523808, 0.2523809523809524, 0.22759740259740258]
 mean: 0.30489089370668315, std: 0.0794143724887444
--------------------------------------------------
Subject Number: 22
Accuracy Cross: [0.19117647058823528, 0.2647058823529412, 0.2647058823529412, 0.2647058823529412, 0.27941176470588236, 0.2463768115942029, 0.2608695652173913, 0.21739130434782608, 0.2753623188405797, 0.30434782608695654, 0.27941176470588236, 0.2647058823529412, 0.2647058823529412, 0.3235294117647059, 0.27941176470588236]
 mean: 0.26538789428815, std: 0.03031279007012379
F1 Score: [0.18064881237047664, 0.2602272727272727, 0.26089054314860766, 0.2641544117647059, 0.294375, 0.23543592051640905, 0.2556909588159588, 0.1800488437001595, 0.27008968043450804, 0.2922544409613375, 0.2690742312771175, 0.2644366377762962, 0.25987460815047025, 0.3081982616866338, 0.24420766590389015]
 mean: 0.2559738192822562, std: 0.034721765251959774
Accuracy Intime: [0.25, 0.32142857142857145, 0.39285714285714285, 0.46153846153846156, 0.19230769230769232, 0.2857142857142857, 0.42857142857142855, 0.2857142857142857, 0.19230769230769232, 0.3076923076923077, 0.25, 0.21428571428571427, 0.21428571428571427, 0.3076923076923077, 0.23076923076923078]
 mean: 0.289010989010989, std: 0.08087195381527076
F1 (Intime): [0.21062271062271062, 0.31785714285714284, 0.37696078431372554, 0.39629066585588324, 0.17976190476190476, 0.2813186813186813, 0.44528935976304396, 0.277658371040724, 0.1880952380952381, 0.2706140350877193, 0.24702380952380953, 0.17670454545454545, 0.20132499079867502, 0.2857142857142857, 0.21581196581196582]
 mean: 0.2714032327346703, std: 0.0800302709241816
--------------------------------------------------
Subject Number: 23
Accuracy Cross: [0.2753623188405797, 0.3333333333333333, 0.2318840579710145, 0.3188405797101449, 0.15942028985507245, 0.29411764705882354, 0.25, 0.2647058823529412, 0.25, 0.20588235294117646, 0.2318840579710145, 0.2463768115942029, 0.3333333333333333, 0.2898550724637681, 0.2753623188405797]
 mean: 0.26402387041773234, std: 0.04585192402469981
F1 Score: [0.2547003950861013, 0.32619047619047614, 0.23247282608695652, 0.31815000231771196, 0.16626984126984126, 0.278799384699262, 0.22489884090212958, 0.2632124819624819, 0.25544871794871793, 0.18570660522273427, 0.22337168444602534, 0.23400127951758387, 0.31627921627921635, 0.28380133380133377, 0.24409722222222222]
 mean: 0.253826687196853, std: 0.04464862726516661
Accuracy Intime: [0.25, 0.42857142857142855, 0.32142857142857145, 0.19230769230769232, 0.3076923076923077, 0.4642857142857143, 0.32142857142857145, 0.17857142857142858, 0.39285714285714285, 0.38461538461538464, 0.32142857142857145, 0.35714285714285715, 0.39285714285714285, 0.46153846153846156, 0.2692307692307692]
 mean: 0.3362637362637363, std: 0.0851606994151187
F1 (Intime): [0.2651260504201681, 0.40622710622710617, 0.30766537384184445, 0.17513736263736263, 0.301010101010101, 0.47916666666666663, 0.3065359477124183, 0.16233766233766234, 0.4247584201144572, 0.3726551226551227, 0.30980392156862746, 0.31773190045248867, 0.3954248366013072, 0.4621794871794872, 0.22348484848484848]
 mean: 0.3272829871939779, std: 0.0933082274554122
--------------------------------------------------
Subject Number: 24
Accuracy Cross: [0.35294117647058826, 0.22058823529411764, 0.27941176470588236, 0.19117647058823528, 0.3235294117647059, 0.2647058823529412, 0.20588235294117646, 0.25, 0.17647058823529413, 0.29411764705882354, 0.29411764705882354, 0.22058823529411764, 0.29411764705882354, 0.23529411764705882, 0.2647058823529412]
 mean: 0.2578431372549019, std: 0.04828866806284216
F1 Score: [0.35413436692506456, 0.22315216409144303, 0.278734775506655, 0.17981303267664805, 0.31571564658251966, 0.2708161167275946, 0.20848286264107765, 0.2498287048265826, 0.17459684564947722, 0.28088578088578087, 0.2875, 0.2281407281407281, 0.2929100353669319, 0.2352557836428804, 0.22993037794828075]
 mean: 0.2539931481074443, std: 0.047984822980967776
Accuracy Intime: [0.42857142857142855, 0.21428571428571427, 0.25, 0.23076923076923078, 0.2692307692307692, 0.17857142857142858, 0.32142857142857145, 0.42857142857142855, 0.3076923076923077, 0.23076923076923078, 0.35714285714285715, 0.32142857142857145, 0.35714285714285715, 0.2692307692307692, 0.3076923076923077]
 mean: 0.29816849816849816, std: 0.07148396462053071
F1 (Intime): [0.3591800356506239, 0.18015873015873016, 0.21263720799324515, 0.225, 0.2583333333333333, 0.14761904761904762, 0.29207634470792365, 0.4082767722473605, 0.288510101010101, 0.21666666666666667, 0.355284421460892, 0.3, 0.3378726536621273, 0.2582417582417582, 0.2570512820512821]
 mean: 0.2731272236535395, std: 0.06937218095640293
--------------------------------------------------
Subject Number: 25
Accuracy Cross: [0.3333333333333333, 0.2463768115942029, 0.2753623188405797, 0.21739130434782608, 0.21739130434782608, 0.3235294117647059, 0.36764705882352944, 0.19117647058823528, 0.35294117647058826, 0.19117647058823528, 0.23529411764705882, 0.3382352941176471, 0.25, 0.25, 0.29411764705882354]
 mean: 0.2722648479681728, std: 0.057157340830605585
F1 Score: [0.3029651520363595, 0.2431505659666148, 0.2587962962962963, 0.19130379424497074, 0.19281042569420775, 0.31785921839946235, 0.35388795986622074, 0.18710573224505112, 0.3347005173961248, 0.19077882901412313, 0.22317747376311844, 0.3149156820948974, 0.24477407045465122, 0.24514644415760034, 0.28602756892230574]
 mean: 0.2591599820368003, std: 0.054591728290640976
Accuracy Intime: [0.35714285714285715, 0.25, 0.35714285714285715, 0.34615384615384615, 0.19230769230769232, 0.32142857142857145, 0.21428571428571427, 0.4642857142857143, 0.38461538461538464, 0.19230769230769232, 0.21428571428571427, 0.32142857142857145, 0.25, 0.4230769230769231, 0.4230769230769231]
 mean: 0.31410256410256415, std: 0.08715139449485894
F1 (Intime): [0.3335084033613445, 0.24365079365079362, 0.3542780748663102, 0.2873737373737374, 0.20277777777777775, 0.3096638655462185, 0.20089285714285715, 0.4404761904761904, 0.35, 0.19223137973137974, 0.21233974358974358, 0.28863022941970307, 0.23704481792717086, 0.40033577533577536, 0.35317460317460314]
 mean: 0.29375854995824036, std: 0.07514714817178375
--------------------------------------------------
Subject Number: 26
Accuracy Cross: [0.2898550724637681, 0.3333333333333333, 0.36231884057971014, 0.42028985507246375, 0.36231884057971014, 0.4117647058823529, 0.29411764705882354, 0.35294117647058826, 0.35294117647058826, 0.3088235294117647, 0.45588235294117646, 0.3235294117647059, 0.38235294117647056, 0.45588235294117646, 0.35294117647058826]
 mean: 0.36395282750781466, std: 0.05102147278020753
F1 Score: [0.26920995670995673, 0.32850093984962403, 0.3528059557391638, 0.41493136493136495, 0.3294326241134752, 0.39860793086599544, 0.30510752688172044, 0.33637352790578595, 0.3451950955820925, 0.28169856459330145, 0.4510239198582527, 0.32081529581529583, 0.3684984520123839, 0.4635930735930736, 0.35658269605638027]
 mean: 0.35482512830052443, std: 0.05470246463838863
Accuracy Intime: [0.42857142857142855, 0.32142857142857145, 0.2857142857142857, 0.46153846153846156, 0.19230769230769232, 0.4642857142857143, 0.39285714285714285, 0.35714285714285715, 0.38461538461538464, 0.15384615384615385, 0.32142857142857145, 0.2857142857142857, 0.25, 0.4230769230769231, 0.4230769230769231]
 mean: 0.34304029304029304, std: 0.09236036929415183
F1 (Intime): [0.43512426900584794, 0.3388888888888889, 0.26785714285714285, 0.457051282051282, 0.1820022083179978, 0.47844508432743726, 0.39880952380952384, 0.3465481886534518, 0.35657894736842105, 0.1380952380952381, 0.29679144385026734, 0.2710561497326203, 0.244047619047619, 0.40231990231990233, 0.3836996336996337]
 mean: 0.33315436813501825, std: 0.09575845086503076
--------------------------------------------------
Subject Number: 27
Accuracy Cross: [0.2608695652173913, 0.2898550724637681, 0.2898550724637681, 0.2463768115942029, 0.30434782608695654, 0.3333333333333333, 0.3188405797101449, 0.2463768115942029, 0.3188405797101449, 0.2463768115942029, 0.35294117647058826, 0.35294117647058826, 0.3235294117647059, 0.3088235294117647, 0.29411764705882354]
 mean: 0.29916169366297246, std: 0.03508504293417842
F1 Score: [0.22207602339181287, 0.27150482902207784, 0.26762501899984803, 0.23945147984449483, 0.26375296276473736, 0.3309881175734834, 0.2788935870331219, 0.23841244961934616, 0.2827513105149553, 0.23483709273182957, 0.3516917293233083, 0.34797390109890114, 0.2983511586452763, 0.29650964328383683, 0.2865679339817271]
 mean: 0.2807591491885838, std: 0.03853173597817809
Accuracy Intime: [0.21428571428571427, 0.4642857142857143, 0.32142857142857145, 0.2692307692307692, 0.5, 0.35714285714285715, 0.35714285714285715, 0.39285714285714285, 0.34615384615384615, 0.3076923076923077, 0.32142857142857145, 0.5, 0.4642857142857143, 0.5357142857142857, 0.4230769230769231]
 mean: 0.38498168498168506, std: 0.09052252228302571
F1 (Intime): [0.21547619047619046, 0.4092908902691511, 0.31204481792717087, 0.24166666666666667, 0.4722222222222222, 0.36607142857142855, 0.31544566544566544, 0.39099870717517776, 0.31706528765352293, 0.27380952380952384, 0.30456385719543616, 0.4973214285714286, 0.4388888888888889, 0.5352606951871658, 0.3611111111111111]
 mean: 0.36341582541138334, std: 0.09061435195331143
--------------------------------------------------
Subject Number: 28
Accuracy Cross: [0.25, 0.23529411764705882, 0.23529411764705882, 0.29411764705882354, 0.16176470588235295, 0.3088235294117647, 0.29411764705882354, 0.22058823529411764, 0.29411764705882354, 0.27941176470588236, 0.27941176470588236, 0.35294117647058826, 0.22058823529411764, 0.38235294117647056, 0.3382352941176471]
 mean: 0.2764705882352941, std: 0.05559783089708951
F1 Score: [0.25085709833255415, 0.21822859203559097, 0.21621853546910755, 0.28394920682154723, 0.14729895104895105, 0.29445084485407064, 0.29049059139784944, 0.21924112607099144, 0.28567193675889324, 0.2669631093544137, 0.2534526854219949, 0.33560606060606063, 0.21444589201018038, 0.38094521837058976, 0.3167977656178751]
 mean: 0.264974507611378, std: 0.0558704294357632
Accuracy Intime: [0.32142857142857145, 0.2857142857142857, 0.39285714285714285, 0.4230769230769231, 0.34615384615384615, 0.32142857142857145, 0.25, 0.32142857142857145, 0.19230769230769232, 0.4230769230769231, 0.17857142857142858, 0.32142857142857145, 0.39285714285714285, 0.34615384615384615, 0.3076923076923077]
 mean: 0.3216117216117216, std: 0.07105755053993859
F1 (Intime): [0.3145610516934047, 0.2717948717948718, 0.3691520467836257, 0.3187134502923976, 0.2922077922077922, 0.29761904761904756, 0.21815191387559807, 0.2707834928229665, 0.17698412698412697, 0.40347985347985343, 0.17999451528863292, 0.2588888888888889, 0.363034188034188, 0.3112665112665113, 0.2544642857142857]
 mean: 0.28673973578307943, std: 0.06283709277380489
--------------------------------------------------
Subject Number: 29
Accuracy Cross: [0.35294117647058826, 0.27941176470588236, 0.3382352941176471, 0.35294117647058826, 0.3382352941176471, 0.38235294117647056, 0.3382352941176471, 0.3235294117647059, 0.4411764705882353, 0.3235294117647059, 0.4492753623188406, 0.2608695652173913, 0.34782608695652173, 0.3333333333333333, 0.4057971014492754]
 mean: 0.351179312304632, std: 0.049900742211895326
F1 Score: [0.37087671100829, 0.2830479467601209, 0.3380371660859466, 0.3733169773067906, 0.3601712614870509, 0.36659092007929217, 0.3342342342342342, 0.33326762552566247, 0.4395483193277311, 0.31593878850351687, 0.43823529411764706, 0.24619529391533634, 0.35143558800388763, 0.32127068333964887, 0.36117216117216117]
 mean: 0.3488892647244878, std: 0.04843287295086996
Accuracy Intime: [0.32142857142857145, 0.4642857142857143, 0.4642857142857143, 0.5, 0.4230769230769231, 0.39285714285714285, 0.5357142857142857, 0.4642857142857143, 0.38461538461538464, 0.23076923076923078, 0.35714285714285715, 0.35714285714285715, 0.25, 0.2692307692307692, 0.34615384615384615]
 mean: 0.3840659340659339, std: 0.0889996827260588
F1 (Intime): [0.33482142857142855, 0.43333333333333335, 0.474116569704805, 0.5227564102564102, 0.4281655844155844, 0.4084415584415585, 0.5343406593406593, 0.47094017094017093, 0.41740196078431374, 0.22847985347985347, 0.32999164578111945, 0.3295055821371611, 0.23443223443223443, 0.2687908496732026, 0.3314587373410902]
 mean: 0.38313177190886166, std: 0.09469855178303191
--------------------------------------------------
**************************************************
accuracy_cross_list: [0.2780051150895141, 0.2416595623756749, 0.2242682580278488, 0.327536231884058, 0.3460784313725489, 0.2593208297811878, 0.3294117647058823, 0.2450980392156863, 0.27450980392156865, 0.2381216254617789, 0.2898550724637681, 0.27806194941744816, 0.26641091219096336, 0.2558823529411765, 0.34019607843137256, 0.25980392156862747, 0.29916169366297246, 0.28194089229894864, 0.3009803921568628, 0.2769678886047172, 0.27647058823529413, 0.26538789428815, 0.26402387041773234, 0.2578431372549019, 0.2722648479681728, 0.36395282750781466, 0.29916169366297246, 0.2764705882352941, 0.351179312304632]
f1_score_list: [0.27434830276549754, 0.23649582706963518, 0.21580641625181896, 0.3138652771609038, 0.3384637821261354, 0.24601375925989513, 0.3105150662105103, 0.23978400323150312, 0.2762415113013591, 0.2298603990562435, 0.2786243103836588, 0.26260638005176734, 0.25514046314551525, 0.2480954422849351, 0.34155765399540977, 0.24994025695090602, 0.2807591491885838, 0.278020791055222, 0.29034920829638666, 0.27235616378797484, 0.2644474937769604, 0.2559738192822562, 0.253826687196853, 0.2539931481074443, 0.2591599820368003, 0.35482512830052443, 0.2807591491885838, 0.264974507611378, 0.3488892647244878]
accuracy_intime_list: [0.3285714285714286, 0.2924908424908425, 0.30824175824175826, 0.367032967032967, 0.46172161172161175, 0.315018315018315, 0.3681318681318681, 0.2983516483516483, 0.35952380952380947, 0.2851648351648352, 0.3580586080586082, 0.3485347985347985, 0.29926739926739926, 0.33937728937728934, 0.38717948717948725, 0.3509157509157509, 0.38498168498168506, 0.2815018315018315, 0.3490842490842491, 0.3562271062271061, 0.32710622710622705, 0.289010989010989, 0.3362637362637363, 0.29816849816849816, 0.31410256410256415, 0.34304029304029304, 0.38498168498168506, 0.3216117216117216, 0.3840659340659339]
f1_score_intime_list: [0.32271680102949457, 0.2735787723055525, 0.2910605444893371, 0.345406819167083, 0.44130399413681143, 0.28465003497820834, 0.35236453361453357, 0.2880814763438602, 0.3435870888657266, 0.2650942520098867, 0.34560229788557967, 0.3338148505834264, 0.2836319713449879, 0.32585409129913767, 0.380003946575154, 0.3353228399281031, 0.36341582541138334, 0.26522800608528835, 0.336227802698391, 0.3492295018960788, 0.30489089370668315, 0.2714032327346703, 0.3272829871939779, 0.2731272236535395, 0.29375854995824036, 0.33315436813501825, 0.36341582541138334, 0.28673973578307943, 0.38313177190886166]
**************************************************
ACC: 28.41±3.51
F1: 27.50±3.53
Intime: 33.92±3.95
F1 (Intime): 32.29±4.14
