1e-06
Subject Number: 1
Accuracy Cross: [0.6309523809523809, 0.6666666666666666, 0.5476190476190477, 0.5952380952380952, 0.5714285714285714, 0.5833333333333334, 0.6666666666666666, 0.6428571428571429, 0.6428571428571429, 0.6309523809523809, 0.5595238095238095, 0.6309523809523809, 0.6428571428571429, 0.5952380952380952, 0.5833333333333334]
 mean: 0.6126984126984126, std: 0.03710688802400304
F1 Score: [0.6304810557684121, 0.6636155606407322, 0.5258467023172906, 0.5931623931623932, 0.5675057208237986, 0.5804195804195804, 0.6618746405980449, 0.6395881006864989, 0.6428571428571429, 0.6296401649836438, 0.5407122801832422, 0.6063492063492064, 0.6354166666666667, 0.5709134615384616, 0.5428393717928783]
 mean: 0.6020814699191994, std: 0.04391643237763683
Accuracy Intime: [0.7352941176470589, 0.7647058823529411, 0.47058823529411764, 0.7647058823529411, 0.59375, 0.5882352941176471, 0.6176470588235294, 0.5, 0.5882352941176471, 0.71875, 0.6176470588235294, 0.7352941176470589, 0.5882352941176471, 0.7647058823529411, 0.8125]
 mean: 0.6573529411764706, std: 0.10189374327828879
F1 (Intime): [0.7294429708222812, 0.7638888888888888, 0.43956043956043955, 0.7614035087719297, 0.5933528836754643, 0.5868055555555556, 0.6173160173160173, 0.49956709956709955, 0.5824561403508772, 0.718475073313783, 0.6173160173160173, 0.7350649350649351, 0.5868055555555556, 0.7638888888888888, 0.8125]
 mean: 0.6538562649765155, std: 0.1056979496849854
--------------------------------------------------
Subject Number: 2
Accuracy Cross: [0.6547619047619048, 0.5952380952380952, 0.6666666666666666, 0.5952380952380952, 0.5952380952380952, 0.6309523809523809, 0.7023809523809523, 0.5833333333333334, 0.5833333333333334, 0.6309523809523809, 0.6309523809523809, 0.6428571428571429, 0.5357142857142857, 0.6309523809523809, 0.6190476190476191]
 mean: 0.6198412698412699, std: 0.03899402697313728
F1 Score: [0.653534347887925, 0.5654290931223371, 0.664957264957265, 0.5894192064404831, 0.583673469387755, 0.615191369883257, 0.7002997002997002, 0.5555555555555556, 0.5353247984826932, 0.6110530246452577, 0.6309000708717222, 0.641025641025641, 0.5351213282247764, 0.6309000708717222, 0.6188315371525808]
 mean: 0.6087477652539114, std: 0.046360145403403025
Accuracy Intime: [0.7941176470588235, 0.6470588235294118, 0.6764705882352942, 0.7352941176470589, 0.5, 0.6470588235294118, 0.7058823529411765, 0.6176470588235294, 0.7058823529411765, 0.40625, 0.5882352941176471, 0.7647058823529411, 0.6764705882352942, 0.7058823529411765, 0.65625]
 mean: 0.6551470588235293, std: 0.09605795224920953
F1 (Intime): [0.793939393939394, 0.6357142857142857, 0.6739319965126417, 0.7350649350649351, 0.4920634920634921, 0.6357142857142857, 0.7017543859649122, 0.5521783181357649, 0.6886446886446886, 0.4056695992179863, 0.5868055555555556, 0.7647058823529411, 0.6693191865605659, 0.7058823529411765, 0.6476476476476476]
 mean: 0.6459357337353514, std: 0.09923796196854567
--------------------------------------------------
Subject Number: 3
Accuracy Cross: [0.5714285714285714, 0.6190476190476191, 0.5595238095238095, 0.5476190476190477, 0.5595238095238095, 0.6785714285714286, 0.5357142857142857, 0.5714285714285714, 0.5833333333333334, 0.5714285714285714, 0.5357142857142857, 0.4642857142857143, 0.5357142857142857, 0.5714285714285714, 0.6309523809523809]
 mean: 0.569047619047619, std: 0.047260555336379066
F1 Score: [0.5260188087774295, 0.6135710178263369, 0.5087719298245614, 0.5204326923076923, 0.5357729648991785, 0.6785258681785967, 0.5351213282247764, 0.5704545454545455, 0.5655386434165804, 0.5711854792966535, 0.5351213282247764, 0.46238088465367655, 0.5356484762579731, 0.5711854792966535, 0.6283716283716283]
 mean: 0.5572067383340706, std: 0.05109339610041998
Accuracy Intime: [0.7647058823529411, 0.7058823529411765, 0.6764705882352942, 0.5588235294117647, 0.5, 0.6176470588235294, 0.6764705882352942, 0.4411764705882353, 0.5588235294117647, 0.5, 0.5, 0.5882352941176471, 0.7058823529411765, 0.5882352941176471, 0.625]
 mean: 0.6004901960784313, std: 0.08984105320200773
F1 (Intime): [0.7647058823529411, 0.7017543859649122, 0.6761904761904762, 0.5584415584415584, 0.4980392156862745, 0.6173160173160173, 0.6761904761904762, 0.4288240495137047, 0.5553618134263296, 0.5, 0.4415458937198068, 0.5868055555555556, 0.7048611111111112, 0.5641025641025641, 0.5844155844155844]
 mean: 0.5905703055991541, std: 0.09636183425099551
--------------------------------------------------
Subject Number: 4
Accuracy Cross: [0.5, 0.44047619047619047, 0.47619047619047616, 0.47619047619047616, 0.5, 0.5476190476190477, 0.5, 0.4642857142857143, 0.6309523809523809, 0.5476190476190477, 0.5, 0.4642857142857143, 0.5952380952380952, 0.5714285714285714, 0.5119047619047619]
 mean: 0.515079365079365, std: 0.05152010275275391
F1 Score: [0.49971639251276234, 0.44039688164422397, 0.4686601495112134, 0.4686601495112134, 0.4928119608970673, 0.5346938775510204, 0.4857142857142857, 0.4414068272498892, 0.6304810557684121, 0.5411155836687751, 0.4699519230769231, 0.4414068272498892, 0.5709134615384616, 0.5333333333333333, 0.4793650793650794]
 mean: 0.49990851923950336, std: 0.05165714386943568
Accuracy Intime: [0.7941176470588235, 0.6764705882352942, 0.5294117647058824, 0.6176470588235294, 0.59375, 0.6176470588235294, 0.5588235294117647, 0.5882352941176471, 0.5882352941176471, 0.53125, 0.5294117647058824, 0.5882352941176471, 0.4411764705882353, 0.6470588235294118, 0.5625]
 mean: 0.5909313725490196, std: 0.07685748500158547
F1 (Intime): [0.7925021795989537, 0.6761904761904762, 0.5018315018315018, 0.6007226738934056, 0.5933528836754643, 0.6007226738934056, 0.5490716180371353, 0.5868055555555556, 0.5882352941176471, 0.5270935960591133, 0.5228070175438597, 0.5824561403508772, 0.43679163034001744, 0.6263736263736264, 0.5555555555555556]
 mean: 0.5827008282011064, std: 0.07825231759056217
--------------------------------------------------
Subject Number: 5
Accuracy Cross: [0.6071428571428571, 0.5595238095238095, 0.6071428571428571, 0.5714285714285714, 0.5714285714285714, 0.44047619047619047, 0.47619047619047616, 0.5238095238095238, 0.6190476190476191, 0.5595238095238095, 0.5357142857142857, 0.6190476190476191, 0.47619047619047616, 0.5119047619047619, 0.5476190476190477]
 mean: 0.5484126984126985, std: 0.053144981088200656
F1 Score: [0.6025806451612903, 0.4999195494770716, 0.6066411238825031, 0.5692307692307692, 0.5087719298245614, 0.43071377072819034, 0.46122448979591835, 0.5213675213675214, 0.6170940170940171, 0.5087719298245614, 0.5324675324675324, 0.5909920876445527, 0.47139588100686497, 0.48558625840179237, 0.5473624503686898]
 mean: 0.5302746637517225, std: 0.05547861088876147
Accuracy Intime: [0.5294117647058824, 0.5882352941176471, 0.6470588235294118, 0.6470588235294118, 0.53125, 0.47058823529411764, 0.5882352941176471, 0.5294117647058824, 0.7941176470588235, 0.625, 0.6176470588235294, 0.6470588235294118, 0.6176470588235294, 0.6764705882352942, 0.53125]
 mean: 0.6026960784313726, std: 0.07648727978969487
F1 (Intime): [0.5142857142857142, 0.5492424242424242, 0.6421052631578947, 0.6421052631578947, 0.5076923076923077, 0.46875, 0.5824561403508772, 0.5018315018315018, 0.7925021795989537, 0.625, 0.6007226738934056, 0.6263736263736264, 0.6146469049694856, 0.6693191865605659, 0.5270935960591133]
 mean: 0.590941785478251, std: 0.08026768808350812
--------------------------------------------------
Subject Number: 6
Accuracy Cross: [0.4166666666666667, 0.5238095238095238, 0.6071428571428571, 0.5, 0.5595238095238095, 0.5238095238095238, 0.5714285714285714, 0.4642857142857143, 0.47619047619047616, 0.5476190476190477, 0.5357142857142857, 0.4880952380952381, 0.5119047619047619, 0.44047619047619047, 0.5]
 mean: 0.5111111111111111, std: 0.04869162428627926
F1 Score: [0.4165839829907867, 0.5102040816326531, 0.5942028985507246, 0.4928119608970673, 0.5544086021505377, 0.5227272727272727, 0.5704545454545455, 0.43539955190440627, 0.46122448979591835, 0.5452991452991452, 0.5324675324675324, 0.48627506755795763, 0.5084915084915085, 0.4384867017493955, 0.4928119608970673]
 mean: 0.504123286837768, std: 0.04970097196948278
Accuracy Intime: [0.4411764705882353, 0.6176470588235294, 0.5882352941176471, 0.5, 0.59375, 0.5294117647058824, 0.5294117647058824, 0.35294117647058826, 0.6176470588235294, 0.59375, 0.5, 0.38235294117647056, 0.7058823529411765, 0.5882352941176471, 0.53125]
 mean: 0.5381127450980391, std: 0.09057723969852087
F1 (Intime): [0.43679163034001744, 0.6091954022988506, 0.5492424242424242, 0.49607672188317353, 0.5733333333333333, 0.5294117647058824, 0.5228070175438597, 0.33214285714285713, 0.6146469049694856, 0.5933528836754643, 0.49956709956709955, 0.38181818181818183, 0.7058823529411765, 0.5824561403508772, 0.530791788856305]
 mean: 0.5305011002445992, std: 0.09139799107469508
--------------------------------------------------
Subject Number: 7
Accuracy Cross: [0.6309523809523809, 0.5714285714285714, 0.5357142857142857, 0.5476190476190477, 0.5595238095238095, 0.5119047619047619, 0.5, 0.47619047619047616, 0.4523809523809524, 0.5238095238095238, 0.5595238095238095, 0.5119047619047619, 0.6428571428571429, 0.5238095238095238, 0.5119047619047619]
 mean: 0.5373015873015874, std: 0.04953805248992774
F1 Score: [0.6245133381398702, 0.5675057208237986, 0.5324675324675324, 0.5434782608695652, 0.5487149702337738, 0.5033886085075703, 0.48958333333333337, 0.44471153846153844, 0.4409722222222222, 0.4642857142857143, 0.5544086021505377, 0.5062365591397849, 0.6420454545454546, 0.5102040816326531, 0.4958278436539306]
 mean: 0.5245562520311521, std: 0.05631300826589696
Accuracy Intime: [0.5882352941176471, 0.47058823529411764, 0.5294117647058824, 0.5882352941176471, 0.6875, 0.5882352941176471, 0.4411764705882353, 0.6470588235294118, 0.5882352941176471, 0.59375, 0.47058823529411764, 0.5294117647058824, 0.5294117647058824, 0.6176470588235294, 0.5]
 mean: 0.5579656862745098, std: 0.0673000566560914
F1 (Intime): [0.5824561403508772, 0.42045454545454547, 0.43333333333333335, 0.5868055555555556, 0.6825396825396826, 0.5641025641025641, 0.43679163034001744, 0.6136363636363636, 0.5641025641025641, 0.539313399778516, 0.47058823529411764, 0.5294117647058824, 0.5228070175438597, 0.6146469049694856, 0.4920634920634921]
 mean: 0.5368702129180571, std: 0.07310503715068636
--------------------------------------------------
Subject Number: 8
Accuracy Cross: [0.6666666666666666, 0.6428571428571429, 0.7023809523809523, 0.6904761904761905, 0.6666666666666666, 0.7142857142857143, 0.6547619047619048, 0.6666666666666666, 0.6785714285714286, 0.7023809523809523, 0.5714285714285714, 0.6547619047619048, 0.6071428571428571, 0.6190476190476191, 0.6071428571428571]
 mean: 0.6563492063492065, std: 0.03933178315353609
F1 Score: [0.6659090909090909, 0.6395881006864989, 0.7020008514261388, 0.6904761904761905, 0.6666666666666666, 0.7141236528644356, 0.6547129695251594, 0.6618746405980449, 0.6729632299927901, 0.701322713696487, 0.5508021390374331, 0.6361463778939507, 0.5859596713965647, 0.6047058823529412, 0.6043956043956044]
 mean: 0.6501098521278664, std: 0.045227224231977656
Accuracy Intime: [0.6176470588235294, 0.5588235294117647, 0.6764705882352942, 0.7058823529411765, 0.6875, 0.7647058823529411, 0.7941176470588235, 0.6470588235294118, 0.6470588235294118, 0.75, 0.7058823529411765, 0.6176470588235294, 0.5294117647058824, 0.47058823529411764, 0.5]
 mean: 0.6448529411764706, std: 0.09364349005417891
F1 (Intime): [0.6173160173160173, 0.5584415584415584, 0.6739319965126417, 0.7058823529411765, 0.6825396825396826, 0.7647058823529411, 0.793939393939394, 0.6458333333333333, 0.6421052631578947, 0.75, 0.7048611111111112, 0.6146469049694856, 0.5142857142857142, 0.4631578947368421, 0.4980392156862745]
 mean: 0.6419790880882711, std: 0.09587361587152989
--------------------------------------------------
Subject Number: 9
Accuracy Cross: [0.6071428571428571, 0.5595238095238095, 0.6071428571428571, 0.5714285714285714, 0.6190476190476191, 0.5476190476190477, 0.5238095238095238, 0.44047619047619047, 0.47619047619047616, 0.4880952380952381, 0.47619047619047616, 0.5714285714285714, 0.5357142857142857, 0.5238095238095238, 0.6309523809523809]
 mean: 0.5452380952380953, std: 0.05587211398983505
F1 Score: [0.6066411238825031, 0.5518385003604902, 0.6057459820793628, 0.5625, 0.6181818181818182, 0.5381944444444444, 0.5235394214407261, 0.4165804640165509, 0.4735042735042735, 0.48451548451548454, 0.4652777777777778, 0.5711854792966535, 0.5276135544340302, 0.5194508009153318, 0.6110530246452577]
 mean: 0.538388143299647, std: 0.05812077958175313
Accuracy Intime: [0.6470588235294118, 0.6470588235294118, 0.6470588235294118, 0.5294117647058824, 0.625, 0.7647058823529411, 0.6176470588235294, 0.5, 0.7058823529411765, 0.625, 0.5588235294117647, 0.6764705882352942, 0.7058823529411765, 0.6470588235294118, 0.71875]
 mean: 0.6410539215686274, std: 0.06895209452851508
F1 (Intime): [0.6421052631578947, 0.6470588235294118, 0.6458333333333333, 0.5277777777777778, 0.625, 0.7638888888888888, 0.6146469049694856, 0.46232558139534885, 0.7048611111111112, 0.611336032388664, 0.5584415584415584, 0.6739319965126417, 0.7017543859649122, 0.6421052631578947, 0.718475073313783]
 mean: 0.635969466262847, std: 0.07440026490680834
--------------------------------------------------
Subject Number: 10
Accuracy Cross: [0.47619047619047616, 0.5476190476190477, 0.5714285714285714, 0.5357142857142857, 0.5238095238095238, 0.5833333333333334, 0.4880952380952381, 0.5238095238095238, 0.5952380952380952, 0.5952380952380952, 0.5595238095238095, 0.5833333333333334, 0.6071428571428571, 0.5595238095238095, 0.6547619047619048]
 mean: 0.5603174603174602, std: 0.045063712909772666
F1 Score: [0.4758933635847986, 0.5473624503686898, 0.5704545454545455, 0.5351213282247764, 0.5235394214407261, 0.5731087556265427, 0.4791636625811103, 0.5169637722829212, 0.595008508224617, 0.583673469387755, 0.5544086021505377, 0.5760634462869503, 0.6057459820793628, 0.5564435564435564, 0.6547129695251594]
 mean: 0.5565109222441366, std: 0.045327206718288306
Accuracy Intime: [0.7647058823529411, 0.47058823529411764, 0.5882352941176471, 0.5, 0.5625, 0.7352941176470589, 0.35294117647058826, 0.6470588235294118, 0.5294117647058824, 0.65625, 0.6176470588235294, 0.5588235294117647, 0.5294117647058824, 0.38235294117647056, 0.5625]
 mean: 0.5638480392156863, std: 0.10993500906791255
F1 (Intime): [0.7571428571428571, 0.42045454545454547, 0.575, 0.49956709956709955, 0.5333333333333333, 0.7350649350649351, 0.33214285714285713, 0.6263736263736264, 0.5018315018315018, 0.6532019704433498, 0.6146469049694856, 0.5553618134263296, 0.5228070175438597, 0.38181818181818183, 0.5607843137254902]
 mean: 0.5513020638558302, std: 0.1145933140536814
--------------------------------------------------
Subject Number: 11
Accuracy Cross: [0.5, 0.42857142857142855, 0.5357142857142857, 0.4166666666666667, 0.5714285714285714, 0.5119047619047619, 0.5714285714285714, 0.5595238095238095, 0.5952380952380952, 0.6190476190476191, 0.5119047619047619, 0.4642857142857143, 0.5, 0.47619047619047616, 0.44047619047619047]
 mean: 0.5134920634920634, std: 0.0595819821559475
F1 Score: [0.4954233409610984, 0.3942307692307692, 0.5356484762579731, 0.4165839829907867, 0.5652673950546291, 0.4910595537165657, 0.5652673950546291, 0.5564435564435564, 0.595008508224617, 0.6135710178263369, 0.5062365591397849, 0.46360153256704983, 0.4954233409610984, 0.4686601495112134, 0.4384867017493955]
 mean: 0.5067274853126336, std: 0.06251371153179476
Accuracy Intime: [0.6764705882352942, 0.5, 0.6470588235294118, 0.6470588235294118, 0.6875, 0.5, 0.5294117647058824, 0.5, 0.6176470588235294, 0.53125, 0.6470588235294118, 0.6470588235294118, 0.7058823529411765, 0.7647058823529411, 0.65625]
 mean: 0.6171568627450981, std: 0.08143324720579785
F1 (Intime): [0.6761904761904762, 0.49607672188317353, 0.6421052631578947, 0.6458333333333333, 0.6862745098039216, 0.49956709956709955, 0.5277777777777778, 0.47786811201445345, 0.6146469049694856, 0.5195195195195195, 0.6421052631578947, 0.6458333333333333, 0.7017543859649122, 0.7571428571428571, 0.6559139784946236]
 mean: 0.6125739690873838, std: 0.08347003946457741
--------------------------------------------------
Subject Number: 12
Accuracy Cross: [0.5357142857142857, 0.5714285714285714, 0.5595238095238095, 0.6785714285714286, 0.6666666666666666, 0.6309523809523809, 0.5476190476190477, 0.6309523809523809, 0.6785714285714286, 0.6428571428571429, 0.5357142857142857, 0.6071428571428571, 0.5714285714285714, 0.5357142857142857, 0.5714285714285714]
 mean: 0.5976190476190476, std: 0.051471175768542744
F1 Score: [0.5243211848410048, 0.5692307692307692, 0.5087719298245614, 0.6763236763236764, 0.6666666666666666, 0.6296401649836438, 0.5411155836687751, 0.6304810557684121, 0.6706838971976187, 0.641025641025641, 0.5204216073781291, 0.5942028985507246, 0.5625, 0.5106796116504855, 0.5625]
 mean: 0.5872376458073406, std: 0.05884128712763431
Accuracy Intime: [0.5588235294117647, 0.7058823529411765, 0.5588235294117647, 0.6470588235294118, 0.625, 0.6470588235294118, 0.5294117647058824, 0.7058823529411765, 0.6764705882352942, 0.71875, 0.5588235294117647, 0.6764705882352942, 0.4117647058823529, 0.6470588235294118, 0.65625]
 mean: 0.6215686274509804, std: 0.08048830781621183
F1 (Intime): [0.5392953929539295, 0.6964285714285714, 0.48328267477203646, 0.6470588235294118, 0.6190476190476191, 0.6458333333333333, 0.5228070175438597, 0.7058823529411765, 0.6739319965126417, 0.716256157635468, 0.5584415584415584, 0.6693191865605659, 0.40350877192982454, 0.6357142857142857, 0.6559139784946236]
 mean: 0.6115147813892603, std: 0.0875556364296964
--------------------------------------------------
Subject Number: 13
Accuracy Cross: [0.5595238095238095, 0.7023809523809523, 0.6071428571428571, 0.5952380952380952, 0.6190476190476191, 0.5714285714285714, 0.5833333333333334, 0.6785714285714286, 0.6190476190476191, 0.6547619047619048, 0.5119047619047619, 0.6190476190476191, 0.6547619047619048, 0.6785714285714286, 0.6547619047619048]
 mean: 0.6206349206349208, std: 0.04972841332641442
F1 Score: [0.5357729648991785, 0.6971881759192502, 0.561877667140825, 0.5800000000000001, 0.6181818181818182, 0.5625, 0.5832742735648476, 0.6729632299927901, 0.6081632653061224, 0.6487382840663303, 0.5101692504622386, 0.6135710178263369, 0.654320987654321, 0.6706838971976187, 0.653534347887925]
 mean: 0.6113959453399735, std: 0.05311927986609138
Accuracy Intime: [0.6470588235294118, 0.6764705882352942, 0.5588235294117647, 0.7058823529411765, 0.5, 0.6764705882352942, 0.5882352941176471, 0.47058823529411764, 0.6470588235294118, 0.78125, 0.5882352941176471, 0.6176470588235294, 0.7352941176470589, 0.7058823529411765, 0.5625]
 mean: 0.6307598039215687, std: 0.08404272024067135
F1 (Intime): [0.6263736263736264, 0.6739319965126417, 0.5255813953488373, 0.6964285714285714, 0.4666666666666667, 0.6761904761904762, 0.5641025641025641, 0.43956043956043955, 0.6357142857142857, 0.7757757757757757, 0.5882352941176471, 0.6146469049694856, 0.7332170880557978, 0.7058823529411765, 0.5465587044534412]
 mean: 0.6179244094807621, std: 0.09349883971448779
--------------------------------------------------
Subject Number: 14
Accuracy Cross: [0.6071428571428571, 0.5952380952380952, 0.6190476190476191, 0.5952380952380952, 0.5952380952380952, 0.5476190476190477, 0.6190476190476191, 0.5595238095238095, 0.6428571428571429, 0.5833333333333334, 0.5714285714285714, 0.6428571428571429, 0.5833333333333334, 0.6309523809523809, 0.5833333333333334]
 mean: 0.5984126984126984, std: 0.027652779984419597
F1 Score: [0.6043956043956044, 0.5894192064404831, 0.6155606407322655, 0.5952380952380952, 0.5931623931623932, 0.5074074074074074, 0.6081632653061224, 0.5357729648991785, 0.641025641025641, 0.5495633522292017, 0.5711854792966535, 0.6395881006864989, 0.5731087556265427, 0.6309000708717222, 0.578494623655914]
 mean: 0.5888657067315816, std: 0.03661809763115134
Accuracy Intime: [0.6764705882352942, 0.7058823529411765, 0.6176470588235294, 0.6176470588235294, 0.5625, 0.7058823529411765, 0.6176470588235294, 0.4411764705882353, 0.7058823529411765, 0.75, 0.7058823529411765, 0.8529411764705882, 0.5588235294117647, 0.6470588235294118, 0.6875]
 mean: 0.6568627450980392, std: 0.09230471556310905
F1 (Intime): [0.6739319965126417, 0.7058823529411765, 0.5521783181357649, 0.6146469049694856, 0.5555555555555556, 0.7048611111111112, 0.6173160173160173, 0.39906976744186046, 0.7017543859649122, 0.7408906882591093, 0.7058823529411765, 0.8528138528138528, 0.5490716180371353, 0.6421052631578947, 0.6875]
 mean: 0.6468973456771797, std: 0.10236694377673787
--------------------------------------------------
**************************************************
accuracy_cross_list: [0.6126984126984126, 0.6198412698412699, 0.569047619047619, 0.515079365079365, 0.5484126984126985, 0.5111111111111111, 0.5373015873015874, 0.6563492063492065, 0.5452380952380953, 0.5603174603174602, 0.5134920634920634, 0.5976190476190476, 0.6206349206349208, 0.5984126984126984]
f1_score_list: [0.6020814699191994, 0.6087477652539114, 0.5572067383340706, 0.49990851923950336, 0.5302746637517225, 0.504123286837768, 0.5245562520311521, 0.6501098521278664, 0.538388143299647, 0.5565109222441366, 0.5067274853126336, 0.5872376458073406, 0.6113959453399735, 0.5888657067315816]
accuracy_intime_list: [0.6573529411764706, 0.6551470588235293, 0.6004901960784313, 0.5909313725490196, 0.6026960784313726, 0.5381127450980391, 0.5579656862745098, 0.6448529411764706, 0.6410539215686274, 0.5638480392156863, 0.6171568627450981, 0.6215686274509804, 0.6307598039215687, 0.6568627450980392]
f1_score_intime_list: [0.6538562649765155, 0.6459357337353514, 0.5905703055991541, 0.5827008282011064, 0.590941785478251, 0.5305011002445992, 0.5368702129180571, 0.6419790880882711, 0.635969466262847, 0.5513020638558302, 0.6125739690873838, 0.6115147813892603, 0.6179244094807621, 0.6468973456771797]
**************************************************
ACC: 57.18±4.45
F1: 56.19±4.52
Intime: 61.28±3.75
F1 (Intime): 60.35±4.00
