1e-06
Subject Number: 1
Accuracy Cross: [0.2761904761904762, 0.28095238095238095, 0.28095238095238095, 0.2857142857142857, 0.2857142857142857, 0.28095238095238095, 0.24761904761904763, 0.29523809523809524, 0.26666666666666666, 0.22380952380952382, 0.23333333333333334, 0.3047619047619048, 0.23333333333333334, 0.24285714285714285, 0.2571428571428571]
 mean: 0.26634920634920634, std: 0.024185392958401157
F1 Score: [0.26941763802295116, 0.2806607171544508, 0.26827624927102967, 0.2822202277526635, 0.28746180648619674, 0.2753653961449275, 0.2372995331260645, 0.2798462728079616, 0.26060114040491855, 0.22107438169492627, 0.22925380780135898, 0.30215555962034835, 0.2057929741783279, 0.2044334491923942, 0.2632001810050134]
 mean: 0.2578039556442356, std: 0.029641360520602546
Accuracy Intime: [0.2976190476190476, 0.32142857142857145, 0.3333333333333333, 0.3333333333333333, 0.23809523809523808, 0.19047619047619047, 0.2261904761904762, 0.2976190476190476, 0.30952380952380953, 0.21428571428571427, 0.2857142857142857, 0.40476190476190477, 0.27380952380952384, 0.27380952380952384, 0.30952380952380953]
 mean: 0.2873015873015873, std: 0.0526807199215114
F1 (Intime): [0.2931802756193, 0.33542346493959396, 0.3338986503692386, 0.34249755318086483, 0.2282222222222222, 0.1810133879699097, 0.19901649548708372, 0.293547228651593, 0.2914285714285715, 0.18299718897810097, 0.25247717730746927, 0.3839047619047619, 0.28179600285862144, 0.23679685809819412, 0.2918247944339026]
 mean: 0.27520164222996185, std: 0.058898610081892816
--------------------------------------------------
Subject Number: 2
Accuracy Cross: [0.23333333333333334, 0.1761904761904762, 0.21428571428571427, 0.19047619047619047, 0.20952380952380953, 0.22857142857142856, 0.18571428571428572, 0.20476190476190476, 0.21904761904761905, 0.24761904761904763, 0.21428571428571427, 0.21904761904761905, 0.23333333333333334, 0.21428571428571427, 0.18095238095238095]
 mean: 0.21142857142857144, std: 0.02003775725467873
F1 Score: [0.21500410172272355, 0.15454926336580188, 0.2002038239538239, 0.1754495481614126, 0.16931250982770626, 0.21949433159838985, 0.17894194032363403, 0.19125474766516062, 0.2118405239183434, 0.23880290495679019, 0.20323045413173121, 0.22166086949663213, 0.2210505725434831, 0.19324465257229564, 0.17585514099089344]
 mean: 0.19799302568192145, std: 0.022908717386176534
Accuracy Intime: [0.2976190476190476, 0.25, 0.20238095238095238, 0.2261904761904762, 0.20238095238095238, 0.23809523809523808, 0.25, 0.25, 0.2976190476190476, 0.2261904761904762, 0.27380952380952384, 0.25, 0.34523809523809523, 0.2976190476190476, 0.16666666666666666]
 mean: 0.2515873015873016, std: 0.04408871242009889
F1 (Intime): [0.25523664011058966, 0.23733635637173228, 0.1793483709273183, 0.21802005012531328, 0.1968674765284935, 0.23145699737004083, 0.23985610031863497, 0.2137567150231031, 0.27873422873422876, 0.21351276742581088, 0.2444595242485709, 0.2526912807676262, 0.31917415917415914, 0.2595238095238095, 0.16126819923371646]
 mean: 0.23341617839220985, std: 0.037951029049892046
--------------------------------------------------
Subject Number: 3
Accuracy Cross: [0.2619047619047619, 0.24285714285714285, 0.26666666666666666, 0.22857142857142856, 0.22857142857142856, 0.24285714285714285, 0.21428571428571427, 0.23809523809523808, 0.21904761904761905, 0.23809523809523808, 0.26666666666666666, 0.23809523809523808, 0.2523809523809524, 0.21428571428571427, 0.21904761904761905]
 mean: 0.2380952380952381, std: 0.017300859166271384
F1 Score: [0.2276130448464236, 0.20741303170437025, 0.26196714730549314, 0.19236466465925006, 0.22718296985845962, 0.22628915202444616, 0.2024415705271844, 0.22720451386927687, 0.20464038893889874, 0.2340975307168655, 0.25671590342761386, 0.22369535749090502, 0.2506040794607038, 0.20711205137042388, 0.20968498300545885]
 mean: 0.22393509261371827, std: 0.01994308704383894
Accuracy Intime: [0.30952380952380953, 0.2976190476190476, 0.2261904761904762, 0.17857142857142858, 0.19047619047619047, 0.25, 0.2261904761904762, 0.2261904761904762, 0.20238095238095238, 0.27380952380952384, 0.27380952380952384, 0.2261904761904762, 0.2261904761904762, 0.2857142857142857, 0.2857142857142857]
 mean: 0.24523809523809523, std: 0.03907470992092435
F1 (Intime): [0.29428147855360165, 0.28128698372600813, 0.2275152248437185, 0.17124254704899866, 0.19822134521824925, 0.2412458046281576, 0.2062355376933382, 0.19818181818181818, 0.18470421838414436, 0.2620402621470199, 0.2353895490879765, 0.22307827038861525, 0.22393639153274045, 0.2511747315334116, 0.2585057471264368]
 mean: 0.23046932733961564, std: 0.034043332156699184
--------------------------------------------------
Subject Number: 4
Accuracy Cross: [0.19523809523809524, 0.1761904761904762, 0.18095238095238095, 0.20476190476190476, 0.21904761904761905, 0.23333333333333334, 0.21904761904761905, 0.23333333333333334, 0.21904761904761905, 0.22857142857142856, 0.20952380952380953, 0.22857142857142856, 0.21904761904761905, 0.2, 0.22380952380952382]
 mean: 0.21269841269841275, std: 0.0173590134787204
F1 Score: [0.19136631209796656, 0.17216637169258336, 0.16313148980653716, 0.19389417560738595, 0.208823158413169, 0.20554884470915008, 0.19866453910725612, 0.21473278923406802, 0.21272304965804753, 0.218959706590036, 0.20880711806234645, 0.22065103523927054, 0.19631727754390682, 0.17899036938299934, 0.20715082715379696]
 mean: 0.19946180428656796, std: 0.016533661598670698
Accuracy Intime: [0.2976190476190476, 0.35714285714285715, 0.2261904761904762, 0.23809523809523808, 0.2619047619047619, 0.2619047619047619, 0.21428571428571427, 0.27380952380952384, 0.21428571428571427, 0.2619047619047619, 0.21428571428571427, 0.25, 0.23809523809523808, 0.23809523809523808, 0.13095238095238096]
 mean: 0.24523809523809526, std: 0.04718052046889477
F1 (Intime): [0.2939088881385878, 0.36166234575771744, 0.2228937728937729, 0.22439462498286028, 0.2662887572754745, 0.2501946195748231, 0.21388174156165157, 0.2506370701289032, 0.21934414049307666, 0.2449016165606027, 0.21405730970396317, 0.2544709813002496, 0.24212573864186768, 0.23796447640841234, 0.11104595358622049]
 mean: 0.2405181358005456, std: 0.050200457591798246
--------------------------------------------------
Subject Number: 5
Accuracy Cross: [0.23809523809523808, 0.20476190476190476, 0.21428571428571427, 0.24285714285714285, 0.23333333333333334, 0.2523809523809524, 0.19047619047619047, 0.2571428571428571, 0.2571428571428571, 0.23809523809523808, 0.2571428571428571, 0.24285714285714285, 0.21904761904761905, 0.23333333333333334, 0.20476190476190476]
 mean: 0.23238095238095238, std: 0.020514913550988584
F1 Score: [0.22929223627772424, 0.1842616661139815, 0.1915958208407953, 0.2459036442859972, 0.2161727370373987, 0.23604011877439351, 0.16468135351712404, 0.236061590502955, 0.23003099422301587, 0.23188117210944958, 0.25735858182699756, 0.237477273784799, 0.20409372685664717, 0.21883694497754758, 0.19936739626800162]
 mean: 0.21887035049312187, std: 0.024542830324501008
Accuracy Intime: [0.19047619047619047, 0.2619047619047619, 0.2619047619047619, 0.2619047619047619, 0.16666666666666666, 0.3333333333333333, 0.21428571428571427, 0.2857142857142857, 0.30952380952380953, 0.21428571428571427, 0.3333333333333333, 0.20238095238095238, 0.2619047619047619, 0.25, 0.27380952380952384]
 mean: 0.2547619047619048, std: 0.048171399699979425
F1 (Intime): [0.15997202797202797, 0.2500427943777698, 0.2307410683571674, 0.24245320708735346, 0.15707318044274565, 0.32613590134757187, 0.22019161012079974, 0.27378260869565213, 0.2995634995634996, 0.20679597258805688, 0.33509336192263023, 0.1899406289699515, 0.253109243697479, 0.24277698991311292, 0.2629246389009766]
 mean: 0.24337311559711963, std: 0.05109494974039035
--------------------------------------------------
Subject Number: 6
Accuracy Cross: [0.18571428571428572, 0.21428571428571427, 0.19523809523809524, 0.20476190476190476, 0.23809523809523808, 0.1619047619047619, 0.20476190476190476, 0.19047619047619047, 0.23333333333333334, 0.20476190476190476, 0.22380952380952382, 0.1619047619047619, 0.19523809523809524, 0.1380952380952381, 0.19523809523809524]
 mean: 0.19650793650793655, std: 0.02622460498801699
F1 Score: [0.1750657894736842, 0.2011630294104521, 0.19574944195911712, 0.18551078119476846, 0.23428215460176846, 0.14531661582558705, 0.21138019891270057, 0.17331321879355005, 0.22884944062448373, 0.19948955400083218, 0.22571563743447834, 0.15738051696246852, 0.19579314561081743, 0.12999146762565209, 0.17713932980599645]
 mean: 0.18907602148242375, std: 0.02923476473662834
Accuracy Intime: [0.25, 0.23809523809523808, 0.2619047619047619, 0.27380952380952384, 0.19047619047619047, 0.30952380952380953, 0.2976190476190476, 0.2619047619047619, 0.2261904761904762, 0.30952380952380953, 0.16666666666666666, 0.30952380952380953, 0.25, 0.23809523809523808, 0.20238095238095238]
 mean: 0.25238095238095243, std: 0.042636114344645384
F1 (Intime): [0.24018656511281167, 0.22269132597408264, 0.2580797133900582, 0.26885781218258753, 0.17643892339544515, 0.2998965498853517, 0.27498055483536427, 0.24814921920185076, 0.2132556248305774, 0.31323015323015324, 0.14616186900292033, 0.3117103400499985, 0.23575757575757575, 0.2231339031339031, 0.1927676759910643]
 mean: 0.24168652039824964, std: 0.04682841423584041
--------------------------------------------------
Subject Number: 7
Accuracy Cross: [0.1761904761904762, 0.18571428571428572, 0.24285714285714285, 0.22857142857142856, 0.18571428571428572, 0.19047619047619047, 0.2, 0.20952380952380953, 0.21428571428571427, 0.23809523809523808, 0.24761904761904763, 0.23333333333333334, 0.23333333333333334, 0.2, 0.23809523809523808]
 mean: 0.21492063492063493, std: 0.023189818879682123
F1 Score: [0.15182590061398343, 0.17767141294934102, 0.23273607965043422, 0.21339619755948352, 0.17480327036018428, 0.18261075917546504, 0.20049052736149697, 0.20200103706176295, 0.21311508270255114, 0.22557189811420505, 0.2432221961271596, 0.22443714038856669, 0.22887720974677497, 0.2000066052882954, 0.22430203710249663]
 mean: 0.20633782361348008, std: 0.02466461152602398
Accuracy Intime: [0.23809523809523808, 0.17857142857142858, 0.20238095238095238, 0.2857142857142857, 0.30952380952380953, 0.25, 0.2857142857142857, 0.2261904761904762, 0.2619047619047619, 0.2261904761904762, 0.23809523809523808, 0.2261904761904762, 0.21428571428571427, 0.27380952380952384, 0.20238095238095238]
 mean: 0.2412698412698413, std: 0.035172253660571966
F1 (Intime): [0.22579245136789897, 0.15544264266875343, 0.19300807300807302, 0.2576888807182033, 0.30058215515588954, 0.22694167589516426, 0.28622593247298206, 0.2227919531448943, 0.2579365079365079, 0.2159378068739771, 0.22930662397703072, 0.21172868739488654, 0.20280047936419016, 0.2607307294544321, 0.18718081234127446]
 mean: 0.2289396941182772, std: 0.03717473274072866
--------------------------------------------------
Subject Number: 8
Accuracy Cross: [0.2523809523809524, 0.3, 0.24285714285714285, 0.2523809523809524, 0.29523809523809524, 0.23333333333333334, 0.21904761904761905, 0.2857142857142857, 0.2619047619047619, 0.29523809523809524, 0.22857142857142856, 0.22380952380952382, 0.23333333333333334, 0.20952380952380953, 0.21428571428571427]
 mean: 0.24984126984126984, std: 0.030160400956225065
F1 Score: [0.2472603021107485, 0.2983865886923179, 0.24847235842081203, 0.2581212121212121, 0.28001066894270776, 0.2252857142857143, 0.219102398591115, 0.28080591896430207, 0.2695243189056843, 0.28996405276433607, 0.22902641330447931, 0.21923363856010164, 0.21693875111020017, 0.20123387074411608, 0.18263873671951597]
 mean: 0.24440032961582417, std: 0.03340191596526816
Accuracy Intime: [0.32142857142857145, 0.27380952380952384, 0.34523809523809523, 0.23809523809523808, 0.2857142857142857, 0.3333333333333333, 0.2619047619047619, 0.20238095238095238, 0.2261904761904762, 0.2976190476190476, 0.2976190476190476, 0.39285714285714285, 0.30952380952380953, 0.27380952380952384, 0.27380952380952384]
 mean: 0.28888888888888886, std: 0.046912751448036985
F1 (Intime): [0.3175795102730087, 0.2620507206714103, 0.34526355996944236, 0.24722001443952663, 0.26371779674411255, 0.32750616404400684, 0.25448111931196116, 0.19278723347046328, 0.22901761509571356, 0.28807843885075, 0.2994884285206866, 0.37563119807022244, 0.3146153065808733, 0.2441317948375909, 0.2538487332134985]
 mean: 0.28102784227288446, std: 0.04703889220735626
--------------------------------------------------
Subject Number: 9
Accuracy Cross: [0.20952380952380953, 0.24285714285714285, 0.28095238095238095, 0.24285714285714285, 0.23333333333333334, 0.18095238095238095, 0.23809523809523808, 0.22380952380952382, 0.1761904761904762, 0.2, 0.16666666666666666, 0.2, 0.2, 0.24285714285714285, 0.19523809523809524]
 mean: 0.21555555555555558, std: 0.0302404906771044
F1 Score: [0.20336245177398257, 0.24599330550282775, 0.27949804537371103, 0.23630197484144294, 0.22691455382422515, 0.1764125578034192, 0.2415147357911061, 0.20878664832153201, 0.17400972082871563, 0.19393063368817032, 0.16326637894519275, 0.185508520083312, 0.18774948099828012, 0.2172243085149277, 0.19151472656978927]
 mean: 0.20879920285737563, std: 0.03106440405334485
Accuracy Intime: [0.25, 0.23809523809523808, 0.2857142857142857, 0.2261904761904762, 0.19047619047619047, 0.30952380952380953, 0.2619047619047619, 0.2261904761904762, 0.2857142857142857, 0.21428571428571427, 0.20238095238095238, 0.2619047619047619, 0.23809523809523808, 0.23809523809523808, 0.30952380952380953]
 mean: 0.2492063492063492, std: 0.035172253660571966
F1 (Intime): [0.24036696531625537, 0.233484815837757, 0.28025879917184265, 0.20146198830409356, 0.16855907113803376, 0.30778729260646837, 0.27220094342045564, 0.19837492391965914, 0.28374808988988903, 0.20612279226240537, 0.2010843461841647, 0.2561949058693244, 0.23378221745361705, 0.2475547376957145, 0.3027621483375959]
 mean: 0.2422496024938184, std: 0.040343671748047996
--------------------------------------------------
Subject Number: 10
Accuracy Cross: [0.18095238095238095, 0.24761904761904763, 0.17142857142857143, 0.20952380952380953, 0.17142857142857143, 0.19047619047619047, 0.21904761904761905, 0.22380952380952382, 0.24285714285714285, 0.1619047619047619, 0.1761904761904762, 0.21428571428571427, 0.22380952380952382, 0.22857142857142856, 0.1619047619047619]
 mean: 0.2015873015873016, std: 0.028553786440341403
F1 Score: [0.17694032069412008, 0.2437240673058248, 0.15549439403496707, 0.2087203087678077, 0.16956640427359476, 0.1848171153345279, 0.21276416275060805, 0.21845187551052012, 0.23907139983855594, 0.15962558043780262, 0.17269160403542416, 0.21597488596128195, 0.2253540255682526, 0.22072811073798163, 0.16096212224661505]
 mean: 0.1976590918331923, std: 0.02924871250500801
Accuracy Intime: [0.30952380952380953, 0.19047619047619047, 0.25, 0.2261904761904762, 0.34523809523809523, 0.20238095238095238, 0.30952380952380953, 0.23809523809523808, 0.25, 0.2261904761904762, 0.21428571428571427, 0.2261904761904762, 0.30952380952380953, 0.23809523809523808, 0.25]
 mean: 0.25238095238095243, std: 0.04373008671097115
F1 (Intime): [0.2971432647951778, 0.18982718894009215, 0.23947641430250127, 0.22428750922398838, 0.3439581860634492, 0.20471101306288367, 0.29944889250152407, 0.23495625368330386, 0.23879007864488808, 0.2236124942007295, 0.21120522910691658, 0.23100157187113712, 0.30787549518958685, 0.24191247189067636, 0.24974765904557178]
 mean: 0.24919691483482842, std: 0.041840316160308304
--------------------------------------------------
Subject Number: 11
Accuracy Cross: [0.17142857142857143, 0.1761904761904762, 0.15714285714285714, 0.1761904761904762, 0.20952380952380953, 0.23809523809523808, 0.20952380952380953, 0.21428571428571427, 0.21428571428571427, 0.20476190476190476, 0.19523809523809524, 0.22857142857142856, 0.20476190476190476, 0.18095238095238095, 0.16666666666666666]
 mean: 0.1965079365079365, std: 0.023098374302960308
F1 Score: [0.1419584767545462, 0.16846463217750346, 0.13914352016229725, 0.16712686931343734, 0.2063624429037963, 0.2248609551655313, 0.206858166644491, 0.20295106844204341, 0.2014823955117393, 0.2052309393930143, 0.1875996184532353, 0.21789645682834538, 0.18295957750824168, 0.16845526845526843, 0.16130302317304265]
 mean: 0.18551022739243556, std: 0.025818539891500323
Accuracy Intime: [0.2619047619047619, 0.16666666666666666, 0.14285714285714285, 0.27380952380952384, 0.2261904761904762, 0.20238095238095238, 0.19047619047619047, 0.21428571428571427, 0.25, 0.2261904761904762, 0.21428571428571427, 0.34523809523809523, 0.23809523809523808, 0.2857142857142857, 0.2619047619047619]
 mean: 0.23333333333333336, std: 0.04836713963553203
F1 (Intime): [0.23155555555555557, 0.15994246761766226, 0.1371939246939247, 0.25942822971132345, 0.20977993944162315, 0.18334905363767845, 0.16710790613229637, 0.20054446460980033, 0.24344344679710533, 0.208974688974689, 0.20450467352906374, 0.33007727094683614, 0.2286028257456829, 0.2880346734846314, 0.25499144266586127]
 mean: 0.22050203756958228, std: 0.04880390125620773
--------------------------------------------------
Subject Number: 12
Accuracy Cross: [0.21428571428571427, 0.19523809523809524, 0.2571428571428571, 0.21428571428571427, 0.2571428571428571, 0.2619047619047619, 0.21428571428571427, 0.22857142857142856, 0.26666666666666666, 0.2904761904761905, 0.19523809523809524, 0.20476190476190476, 0.2, 0.23333333333333334, 0.21904761904761905]
 mean: 0.2301587301587302, std: 0.028659476325821887
F1 Score: [0.2194389747040287, 0.1908765611898142, 0.24962563320638367, 0.21255394488988838, 0.25809269798262646, 0.2418384201665215, 0.21410648511667407, 0.22252534034921317, 0.2506494153170145, 0.2731071005377814, 0.1745249407598805, 0.19626167715004653, 0.1980613482651922, 0.22342612219042426, 0.21951540856208118]
 mean: 0.2229736046925047, std: 0.026460756973428933
Accuracy Intime: [0.21428571428571427, 0.20238095238095238, 0.2857142857142857, 0.2261904761904762, 0.27380952380952384, 0.17857142857142858, 0.15476190476190477, 0.19047619047619047, 0.23809523809523808, 0.27380952380952384, 0.27380952380952384, 0.19047619047619047, 0.2619047619047619, 0.2857142857142857, 0.2976190476190476]
 mean: 0.2365079365079365, std: 0.04430249440302496
F1 (Intime): [0.2137529672629491, 0.1936810936810937, 0.24326269527774808, 0.22181138578364812, 0.27402121333155816, 0.17459988503466764, 0.13322751322751322, 0.16251526251526252, 0.2325, 0.25995577395577396, 0.2479433050861622, 0.17796918767507003, 0.25101258894362344, 0.2669254425174325, 0.2963719050838726]
 mean: 0.22330334795842505, std: 0.04488686611600082
--------------------------------------------------
Subject Number: 13
Accuracy Cross: [0.22857142857142856, 0.21428571428571427, 0.2571428571428571, 0.20476190476190476, 0.20476190476190476, 0.22380952380952382, 0.1761904761904762, 0.18095238095238095, 0.22380952380952382, 0.21904761904761905, 0.1761904761904762, 0.19523809523809524, 0.21428571428571427, 0.20952380952380953, 0.22857142857142856]
 mean: 0.2104761904761905, std: 0.021310078027731306
F1 Score: [0.22404098327583774, 0.21647879967820666, 0.25001630447806844, 0.1951256721642117, 0.18511368511368512, 0.21107394001840576, 0.1803004389674487, 0.17173337811531939, 0.2240646687109229, 0.2252145965330045, 0.15690535750140505, 0.1835967265007456, 0.2159774331111321, 0.19867365650747212, 0.22344955954751597]
 mean: 0.20411768001489208, std: 0.02422107685138312
Accuracy Intime: [0.2261904761904762, 0.20238095238095238, 0.16666666666666666, 0.27380952380952384, 0.2261904761904762, 0.23809523809523808, 0.30952380952380953, 0.25, 0.38095238095238093, 0.23809523809523808, 0.2857142857142857, 0.2857142857142857, 0.25, 0.35714285714285715, 0.21428571428571427]
 mean: 0.26031746031746034, std: 0.055134458517328275
F1 (Intime): [0.2173189383715699, 0.190001833852925, 0.16264726264726265, 0.26685139624674503, 0.22688140352211544, 0.21166666666666667, 0.3077423719779961, 0.23008362928170464, 0.3670618147147624, 0.23316402116402118, 0.26870799791741756, 0.2796876409100226, 0.2479955534992651, 0.31165032449761515, 0.205014091714859]
 mean: 0.2484316631323299, std: 0.05120347658100092
--------------------------------------------------
Subject Number: 14
Accuracy Cross: [0.22380952380952382, 0.20952380952380953, 0.23809523809523808, 0.22380952380952382, 0.19047619047619047, 0.24285714285714285, 0.20952380952380953, 0.21904761904761905, 0.22857142857142856, 0.20476190476190476, 0.20952380952380953, 0.24285714285714285, 0.19523809523809524, 0.19047619047619047, 0.17142857142857143]
 mean: 0.21333333333333337, std: 0.020143101052971818
F1 Score: [0.19205093058354866, 0.18826274848746757, 0.2252749908057669, 0.21418871597830832, 0.17881683640462329, 0.23545685047863202, 0.19480938416422286, 0.20727623646473514, 0.23138863085540126, 0.2009023690447839, 0.1901325536421213, 0.2190422629526078, 0.1671861471861472, 0.16476069501078477, 0.15558903448936517]
 mean: 0.19767589243656772, std: 0.023780664888620493
Accuracy Intime: [0.20238095238095238, 0.34523809523809523, 0.27380952380952384, 0.25, 0.27380952380952384, 0.25, 0.25, 0.16666666666666666, 0.2261904761904762, 0.23809523809523808, 0.36904761904761907, 0.2619047619047619, 0.2857142857142857, 0.21428571428571427, 0.3333333333333333]
 mean: 0.2626984126984127, std: 0.052608931489449375
F1 (Intime): [0.1796729840208101, 0.3363136123136123, 0.2541694941694942, 0.23853743000294725, 0.24154268380759786, 0.24662995017046946, 0.2384843044065012, 0.1605948203842941, 0.21039618846169797, 0.24126519293231424, 0.3675989341386294, 0.24572011713947198, 0.24980354391371346, 0.1852186533037597, 0.28802381447690373]
 mean: 0.24559811490948114, std: 0.05266111365291979
--------------------------------------------------
**************************************************
accuracy_cross_list: [0.26634920634920634, 0.21142857142857144, 0.2380952380952381, 0.21269841269841275, 0.23238095238095238, 0.19650793650793655, 0.21492063492063493, 0.24984126984126984, 0.21555555555555558, 0.2015873015873016, 0.1965079365079365, 0.2301587301587302, 0.2104761904761905, 0.21333333333333337]
f1_score_list: [0.2578039556442356, 0.19799302568192145, 0.22393509261371827, 0.19946180428656796, 0.21887035049312187, 0.18907602148242375, 0.20633782361348008, 0.24440032961582417, 0.20879920285737563, 0.1976590918331923, 0.18551022739243556, 0.2229736046925047, 0.20411768001489208, 0.19767589243656772]
accuracy_intime_list: [0.2873015873015873, 0.2515873015873016, 0.24523809523809523, 0.24523809523809526, 0.2547619047619048, 0.25238095238095243, 0.2412698412698413, 0.28888888888888886, 0.2492063492063492, 0.25238095238095243, 0.23333333333333336, 0.2365079365079365, 0.26031746031746034, 0.2626984126984127]
f1_score_intime_list: [0.27520164222996185, 0.23341617839220985, 0.23046932733961564, 0.2405181358005456, 0.24337311559711963, 0.24168652039824964, 0.2289396941182772, 0.28102784227288446, 0.2422496024938184, 0.24919691483482842, 0.22050203756958228, 0.22330334795842505, 0.2484316631323299, 0.24559811490948114]
**************************************************
ACC: 22.07±1.96
F1: 21.10±1.99
Intime: 25.44±1.59
F1 (Intime): 24.31±1.67
