1e-06
Subject Number: 1
Accuracy Cross: [0.46875, 0.5, 0.375, 0.65625, 0.5, 0.5757575757575758, 0.6060606060606061, 0.48484848484848486, 0.696969696969697, 0.7272727272727273, 0.59375, 0.65625, 0.625, 0.4375, 0.5]
 mean: 0.5602272727272727, std: 0.09899754853457496
F1 Score: [0.4420512820512821, 0.5, 0.37254901960784315, 0.5883040935672514, 0.4817813765182186, 0.5557692307692308, 0.5925925925925926, 0.4672364672364672, 0.6898496240601504, 0.723205964585275, 0.5933528836754643, 0.6389743589743591, 0.6235294117647059, 0.43529411764705883, 0.4980392156862745]
 mean: 0.5468353092490783, std: 0.0969287766610947
Accuracy Intime: [0.8571428571428571, 0.35714285714285715, 0.3333333333333333, 0.5, 0.6666666666666666, 0.7142857142857143, 0.7142857142857143, 0.5, 0.5833333333333334, 0.5833333333333334, 0.8571428571428571, 0.7142857142857143, 0.5, 0.3333333333333333, 0.3333333333333333]
 mean: 0.5698412698412698, std: 0.17608677056626237
F1 (Intime): [0.8571428571428571, 0.35384615384615387, 0.25, 0.4375, 0.6666666666666666, 0.6888888888888889, 0.7142857142857143, 0.4375, 0.4957983193277311, 0.5804195804195804, 0.8541666666666667, 0.6888888888888889, 0.5, 0.3142857142857143, 0.3333333333333333]
 mean: 0.5448481855834797, std: 0.18766900032186143
--------------------------------------------------
Subject Number: 2
Accuracy Cross: [0.6666666666666666, 0.696969696969697, 0.5454545454545454, 0.5757575757575758, 0.6060606060606061, 0.53125, 0.53125, 0.53125, 0.4375, 0.5, 0.5757575757575758, 0.5151515151515151, 0.5454545454545454, 0.48484848484848486, 0.48484848484848486]
 mean: 0.5485479797979796, std: 0.06613390004706482
F1 Score: [0.6552706552706553, 0.6898496240601504, 0.543778801843318, 0.5227272727272727, 0.6046082949308755, 0.43859649122807015, 0.530791788856305, 0.5195195195195195, 0.4285714285714286, 0.4817813765182186, 0.5753676470588236, 0.5037593984962406, 0.5299145299145299, 0.48484848484848486, 0.48294930875576036]
 mean: 0.5328223081733102, std: 0.0707160471913731
Accuracy Intime: [0.5, 0.7857142857142857, 0.5833333333333334, 0.4166666666666667, 0.75, 0.6428571428571429, 0.5, 0.5, 0.5833333333333334, 0.4166666666666667, 0.5714285714285714, 0.5714285714285714, 0.5833333333333334, 0.4166666666666667, 0.25]
 mean: 0.5380952380952381, std: 0.13093073414159542
F1 (Intime): [0.49743589743589745, 0.7846153846153847, 0.5555555555555556, 0.37777777777777777, 0.7482517482517483, 0.5906432748538011, 0.47593582887700536, 0.49743589743589745, 0.5804195804195804, 0.37777777777777777, 0.5625, 0.5714285714285714, 0.5804195804195804, 0.37777777777777777, 0.24475524475524477]
 mean: 0.5215153264921067, std: 0.1365024233496158
--------------------------------------------------
Subject Number: 3
Accuracy Cross: [0.71875, 0.46875, 0.40625, 0.46875, 0.5, 0.5757575757575758, 0.5454545454545454, 0.6666666666666666, 0.6060606060606061, 0.3939393939393939, 0.3939393939393939, 0.45454545454545453, 0.48484848484848486, 0.48484848484848486, 0.45454545454545453]
 mean: 0.5082070707070705, std: 0.09363205943928257
F1 Score: [0.718475073313783, 0.4682306940371457, 0.3913913913913914, 0.4420512820512821, 0.4980392156862745, 0.5557692307692308, 0.5454545454545454, 0.6552706552706553, 0.5662285136501517, 0.37969924812030076, 0.39338235294117646, 0.4540441176470588, 0.4672364672364672, 0.4672364672364672, 0.44172932330827064]
 mean: 0.49628257187428004, std: 0.09340110907824073
Accuracy Intime: [0.42857142857142855, 0.35714285714285715, 0.42857142857142855, 0.8333333333333334, 0.8333333333333334, 0.5714285714285714, 0.5714285714285714, 0.6666666666666666, 0.6666666666666666, 0.4166666666666667, 0.5714285714285714, 0.6428571428571429, 0.6666666666666666, 0.5, 0.5]
 mean: 0.576984126984127, std: 0.1390271420741581
F1 (Intime): [0.37777777777777777, 0.35384615384615387, 0.42857142857142855, 0.8333333333333334, 0.8333333333333334, 0.475, 0.5333333333333333, 0.6571428571428571, 0.6571428571428571, 0.4125874125874126, 0.5625, 0.641025641025641, 0.6666666666666666, 0.5, 0.4375]
 mean: 0.5579840529840528, std: 0.1477463053656443
--------------------------------------------------
Subject Number: 4
Accuracy Cross: [0.6060606060606061, 0.48484848484848486, 0.5454545454545454, 0.6363636363636364, 0.6060606060606061, 0.5757575757575758, 0.5151515151515151, 0.6060606060606061, 0.5757575757575758, 0.5757575757575758, 0.3939393939393939, 0.48484848484848486, 0.6060606060606061, 0.48484848484848486, 0.45454545454545453]
 mean: 0.5434343434343435, std: 0.06772951359288976
F1 Score: [0.5814634146341464, 0.4672364672364672, 0.4994944388270981, 0.5909090909090909, 0.6046082949308755, 0.5722222222222222, 0.5111111111111111, 0.6046082949308755, 0.5416666666666666, 0.5753676470588236, 0.3653846153846154, 0.45268292682926825, 0.5662285136501517, 0.48294930875576036, 0.4288461538461539]
 mean: 0.5229852777995551, std: 0.06966171584607735
Accuracy Intime: [0.5714285714285714, 0.42857142857142855, 0.7142857142857143, 0.6666666666666666, 0.9166666666666666, 0.5, 0.5714285714285714, 0.6428571428571429, 0.5, 0.4166666666666667, 0.6428571428571429, 0.7142857142857143, 0.7142857142857143, 0.6666666666666666, 0.4166666666666667]
 mean: 0.6055555555555555, std: 0.13411524321675347
F1 (Intime): [0.5333333333333333, 0.42857142857142855, 0.7083333333333333, 0.6571428571428571, 0.916083916083916, 0.49743589743589745, 0.5625, 0.625668449197861, 0.4375, 0.29411764705882354, 0.641025641025641, 0.7083333333333333, 0.7083333333333333, 0.6666666666666666, 0.37777777777777777]
 mean: 0.5841882409529469, std: 0.15417084616792412
--------------------------------------------------
Subject Number: 5
Accuracy Cross: [0.53125, 0.625, 0.59375, 0.5625, 0.53125, 0.53125, 0.59375, 0.6875, 0.5625, 0.65625, 0.5, 0.53125, 0.46875, 0.53125, 0.5]
 mean: 0.5604166666666667, std: 0.058704178348355715
F1 Score: [0.530791788856305, 0.6190476190476191, 0.5933528836754643, 0.5555555555555556, 0.5195195195195195, 0.530791788856305, 0.5733333333333333, 0.6862745098039216, 0.5625, 0.6476476476476476, 0.5, 0.5270935960591133, 0.4231177094379639, 0.5076923076923077, 0.4666666666666667]
 mean: 0.5495589950767814, std: 0.06583143494714554
Accuracy Intime: [0.6428571428571429, 0.6428571428571429, 0.5, 0.3333333333333333, 0.75, 0.8571428571428571, 0.5, 0.6666666666666666, 0.5833333333333334, 0.6666666666666666, 0.5714285714285714, 0.7142857142857143, 0.5833333333333334, 0.3333333333333333, 0.75]
 mean: 0.6063492063492063, std: 0.14135898738918812
F1 (Intime): [0.641025641025641, 0.641025641025641, 0.4857142857142857, 0.3142857142857143, 0.7482517482517483, 0.8571428571428571, 0.4269005847953216, 0.6666666666666666, 0.5804195804195804, 0.6571428571428571, 0.5714285714285714, 0.6888888888888889, 0.5804195804195804, 0.3142857142857143, 0.7482517482517483]
 mean: 0.5947900053163211, std: 0.1497826629835833
--------------------------------------------------
Subject Number: 6
Accuracy Cross: [0.4375, 0.65625, 0.5625, 0.71875, 0.4375, 0.45454545454545453, 0.5151515151515151, 0.5454545454545454, 0.3939393939393939, 0.5454545454545454, 0.6363636363636364, 0.5757575757575758, 0.5757575757575758, 0.5454545454545454, 0.3333333333333333]
 mean: 0.5289141414141415, std: 0.09967884578080881
F1 Score: [0.43529411764705883, 0.6532019704433498, 0.5333333333333333, 0.694591728525981, 0.41700404858299595, 0.44172932330827064, 0.45454545454545453, 0.47619047619047616, 0.2826086956521739, 0.5299145299145299, 0.6360294117647058, 0.5557692307692308, 0.5722222222222222, 0.5454545454545454, 0.3277777777777778]
 mean: 0.503711124408807, std: 0.11137195764322678
Accuracy Intime: [0.2857142857142857, 0.5714285714285714, 0.6428571428571429, 0.8333333333333334, 0.4166666666666667, 0.7857142857142857, 0.8571428571428571, 0.75, 0.75, 0.5, 0.5714285714285714, 0.5, 0.5, 0.3333333333333333, 0.5833333333333334]
 mean: 0.5920634920634921, std: 0.17055923016715602
F1 (Intime): [0.2857142857142857, 0.5333333333333333, 0.625668449197861, 0.8285714285714285, 0.4125874125874126, 0.7754010695187166, 0.8444444444444444, 0.6210526315789473, 0.7482517482517483, 0.5, 0.5625, 0.49743589743589745, 0.4857142857142857, 0.25, 0.4957983193277311]
 mean: 0.5644315537117394, std: 0.17388804058663015
--------------------------------------------------
Subject Number: 7
Accuracy Cross: [0.40625, 0.53125, 0.34375, 0.5, 0.5, 0.40625, 0.6875, 0.25, 0.5625, 0.59375, 0.4375, 0.625, 0.53125, 0.59375, 0.5]
 mean: 0.4979166666666667, std: 0.11031835245728104
F1 Score: [0.3913913913913914, 0.5195195195195195, 0.343108504398827, 0.4458874458874459, 0.4920634920634921, 0.4009852216748768, 0.6862745098039216, 0.23809523809523808, 0.5465587044534412, 0.5933528836754643, 0.41700404858299595, 0.5844155844155844, 0.530791788856305, 0.5933528836754643, 0.4980392156862745]
 mean: 0.48538936214534956, std: 0.11082738369505961
Accuracy Intime: [0.5714285714285714, 0.5714285714285714, 0.6666666666666666, 0.25, 0.5, 0.42857142857142855, 0.35714285714285715, 0.6666666666666666, 0.4166666666666667, 0.5833333333333334, 0.7857142857142857, 0.7142857142857143, 0.4166666666666667, 0.6666666666666666, 0.5833333333333334]
 mean: 0.5452380952380953, std: 0.14287036975804218
F1 (Intime): [0.475, 0.5625, 0.625, 0.24475524475524477, 0.5, 0.41666666666666663, 0.35384615384615387, 0.625, 0.29411764705882354, 0.5804195804195804, 0.7846153846153847, 0.6888888888888889, 0.4125874125874126, 0.625, 0.5804195804195804]
 mean: 0.5179211039505157, std: 0.14598906073031803
--------------------------------------------------
Subject Number: 8
Accuracy Cross: [0.46875, 0.40625, 0.53125, 0.5625, 0.46875, 0.6875, 0.46875, 0.5, 0.5, 0.625, 0.4375, 0.5625, 0.3125, 0.46875, 0.5]
 mean: 0.5, std: 0.08615030470056388
F1 Score: [0.464039408866995, 0.4056695992179863, 0.530791788856305, 0.5333333333333333, 0.45545545545545546, 0.6862745098039216, 0.4231177094379639, 0.4920634920634921, 0.4666666666666667, 0.625, 0.43529411764705883, 0.5607843137254902, 0.2874493927125506, 0.4682306940371457, 0.4666666666666667]
 mean: 0.4867224765660688, std: 0.0909865867293989
Accuracy Intime: [0.5714285714285714, 0.6428571428571429, 0.6666666666666666, 0.5833333333333334, 0.5833333333333334, 0.5, 0.5714285714285714, 0.9166666666666666, 0.4166666666666667, 0.4166666666666667, 0.6428571428571429, 0.2857142857142857, 0.4166666666666667, 0.6666666666666666, 0.5833333333333334]
 mean: 0.5642857142857145, std: 0.1427777557196662
F1 (Intime): [0.5333333333333333, 0.641025641025641, 0.625, 0.5555555555555556, 0.5804195804195804, 0.4269005847953216, 0.5625, 0.8991596638655461, 0.37777777777777777, 0.37777777777777777, 0.641025641025641, 0.2708333333333333, 0.4125874125874126, 0.6571428571428571, 0.5804195804195804]
 mean: 0.5427639159372906, std: 0.14796604971493166
--------------------------------------------------
Subject Number: 9
Accuracy Cross: [0.75, 0.65625, 0.625, 0.65625, 0.59375, 0.625, 0.6875, 0.59375, 0.65625, 0.5625, 0.46875, 0.625, 0.625, 0.40625, 0.59375]
 mean: 0.6083333333333333, std: 0.08057949835755715
F1 Score: [0.746031746031746, 0.6389743589743591, 0.6235294117647059, 0.6101882613510521, 0.5835835835835836, 0.611336032388664, 0.6761133603238867, 0.5733333333333333, 0.5883040935672514, 0.5555555555555556, 0.45545545545545546, 0.625, 0.6235294117647059, 0.3764102564102564, 0.5835835835835836]
 mean: 0.591395229605876, std: 0.08316215765653845
Accuracy Intime: [0.6428571428571429, 0.5714285714285714, 0.75, 0.5833333333333334, 0.6666666666666666, 0.9285714285714286, 0.8571428571428571, 0.8333333333333334, 0.5, 0.6666666666666666, 0.6428571428571429, 0.5, 0.5833333333333334, 0.5, 0.6666666666666666]
 mean: 0.6595238095238096, std: 0.1281297528292734
F1 (Intime): [0.625668449197861, 0.5625, 0.6974789915966386, 0.5804195804195804, 0.6571428571428571, 0.9282051282051282, 0.8541666666666667, 0.8285714285714285, 0.4375, 0.6571428571428571, 0.641025641025641, 0.49743589743589745, 0.5555555555555556, 0.4375, 0.6571428571428571]
 mean: 0.6411637273401979, std: 0.13853622947066546
--------------------------------------------------
Subject Number: 10
Accuracy Cross: [0.71875, 0.53125, 0.46875, 0.625, 0.4375, 0.53125, 0.375, 0.65625, 0.46875, 0.59375, 0.5151515151515151, 0.42424242424242425, 0.5454545454545454, 0.5151515151515151, 0.5151515151515151]
 mean: 0.5280934343434344, std: 0.0882317414249434
F1 Score: [0.7117117117117118, 0.530791788856305, 0.4682306940371457, 0.6190476190476191, 0.4375, 0.5270935960591133, 0.3522267206477733, 0.6532019704433498, 0.4231177094379639, 0.5933528836754643, 0.5147058823529411, 0.4045584045584045, 0.5170731707317073, 0.5147058823529411, 0.5037593984962406]
 mean: 0.5180718288272453, std: 0.09326440521007874
Accuracy Intime: [0.5, 0.7857142857142857, 0.6666666666666666, 0.5, 0.5, 0.7142857142857143, 0.5, 0.6666666666666666, 0.6666666666666666, 0.5833333333333334, 0.6428571428571429, 0.6428571428571429, 0.6666666666666666, 0.4166666666666667, 0.75]
 mean: 0.6134920634920635, std: 0.10413472677369348
F1 (Intime): [0.47593582887700536, 0.7846153846153847, 0.625, 0.4857142857142857, 0.4857142857142857, 0.6888888888888889, 0.47593582887700536, 0.625, 0.6666666666666666, 0.5555555555555556, 0.625668449197861, 0.641025641025641, 0.6571428571428571, 0.37777777777777777, 0.7333333333333334]
 mean: 0.5935983188924365, std: 0.10915223730302066
--------------------------------------------------
Subject Number: 11
Accuracy Cross: [0.5151515151515151, 0.45454545454545453, 0.5454545454545454, 0.6363636363636364, 0.42424242424242425, 0.5454545454545454, 0.42424242424242425, 0.48484848484848486, 0.2727272727272727, 0.5454545454545454, 0.36363636363636365, 0.30303030303030304, 0.48484848484848486, 0.696969696969697, 0.3333333333333333]
 mean: 0.46868686868686854, std: 0.11545238030084484
F1 Score: [0.5111111111111111, 0.4540441176470588, 0.543778801843318, 0.6333333333333333, 0.41565703634669154, 0.5299145299145299, 0.4221198156682028, 0.4771668219944082, 0.2720588235294118, 0.5386766076421249, 0.35414725069897485, 0.29263746505125815, 0.48294930875576036, 0.6944444444444444, 0.3176691729323308]
 mean: 0.4626472427275306, std: 0.1168091975904538
Accuracy Intime: [0.7142857142857143, 0.42857142857142855, 0.5714285714285714, 0.6666666666666666, 0.4166666666666667, 0.7857142857142857, 0.35714285714285715, 0.6428571428571429, 0.75, 0.5, 0.7142857142857143, 0.5714285714285714, 0.7857142857142857, 0.3333333333333333, 0.5]
 mean: 0.5825396825396826, std: 0.14922745544741306
F1 (Intime): [0.7083333333333333, 0.42857142857142855, 0.5625, 0.6666666666666666, 0.37777777777777777, 0.7754010695187166, 0.35384615384615387, 0.625668449197861, 0.7482517482517483, 0.4857142857142857, 0.7142857142857143, 0.5625, 0.7846153846153847, 0.3142857142857143, 0.5]
 mean: 0.5738945150709858, std: 0.15348696473259238
--------------------------------------------------
Subject Number: 12
Accuracy Cross: [0.6875, 0.5625, 0.65625, 0.46875, 0.59375, 0.5454545454545454, 0.6060606060606061, 0.6363636363636364, 0.5757575757575758, 0.6060606060606061, 0.46875, 0.46875, 0.40625, 0.625, 0.65625]
 mean: 0.5708964646464647, std: 0.08063368966498358
F1 Score: [0.6666666666666667, 0.5625, 0.6267232237539766, 0.4231177094379639, 0.5901477832512315, 0.5299145299145299, 0.6046082949308755, 0.5909090909090909, 0.4652777777777778, 0.5662285136501517, 0.4682306940371457, 0.464039408866995, 0.4056695992179863, 0.611336032388664, 0.6476476476476476]
 mean: 0.5482011314967135, std: 0.08083744177312698
Accuracy Intime: [0.6428571428571429, 0.6428571428571429, 0.75, 0.5, 0.4166666666666667, 0.42857142857142855, 0.5714285714285714, 0.6666666666666666, 0.5833333333333334, 0.5833333333333334, 0.8571428571428571, 0.5714285714285714, 0.5833333333333334, 0.75, 0.5]
 mean: 0.603174603174603, std: 0.11677729340922349
F1 (Intime): [0.625668449197861, 0.625668449197861, 0.7333333333333334, 0.4857142857142857, 0.4125874125874126, 0.3, 0.5625, 0.5555555555555556, 0.5804195804195804, 0.5555555555555556, 0.8541666666666667, 0.5333333333333333, 0.5555555555555556, 0.7333333333333334, 0.5]
 mean: 0.574226100696689, std: 0.12957733749921457
--------------------------------------------------
Subject Number: 13
Accuracy Cross: [0.5, 0.5625, 0.65625, 0.65625, 0.53125, 0.5757575757575758, 0.5454545454545454, 0.5151515151515151, 0.36363636363636365, 0.5454545454545454, 0.4375, 0.46875, 0.53125, 0.53125, 0.5]
 mean: 0.528030303030303, std: 0.07185979780274221
F1 Score: [0.4817813765182186, 0.5607843137254902, 0.6532019704433498, 0.6559139784946236, 0.530791788856305, 0.5753676470588236, 0.5386766076421249, 0.49230769230769234, 0.36363636363636365, 0.5454545454545454, 0.4285714285714286, 0.4682306940371457, 0.530791788856305, 0.5195195195195195, 0.4980392156862745]
 mean: 0.5228712620538808, std: 0.07314332475201393
Accuracy Intime: [0.2857142857142857, 0.6428571428571429, 0.6666666666666666, 0.8333333333333334, 0.5, 0.6428571428571429, 0.5714285714285714, 0.6666666666666666, 0.8333333333333334, 0.6666666666666666, 0.5714285714285714, 0.5714285714285714, 0.5, 0.4166666666666667, 0.5833333333333334]
 mean: 0.5968253968253968, std: 0.13683515598827703
F1 (Intime): [0.2708333333333333, 0.641025641025641, 0.625, 0.8285714285714285, 0.5, 0.641025641025641, 0.5714285714285714, 0.6571428571428571, 0.8285714285714285, 0.6571428571428571, 0.5714285714285714, 0.5625, 0.4857142857142857, 0.37777777777777777, 0.5555555555555556]
 mean: 0.5849145299145299, std: 0.14080882789032878
--------------------------------------------------
Subject Number: 14
Accuracy Cross: [0.5, 0.5625, 0.6875, 0.65625, 0.59375, 0.4375, 0.46875, 0.59375, 0.625, 0.65625, 0.4375, 0.5, 0.375, 0.46875, 0.59375]
 mean: 0.54375, std: 0.09185586535436917
F1 Score: [0.5, 0.5555555555555556, 0.6825396825396826, 0.6532019704433498, 0.5835835835835836, 0.4285714285714286, 0.4682306940371457, 0.5933528836754643, 0.6190476190476191, 0.6476476476476476, 0.43529411764705883, 0.5, 0.36507936507936506, 0.4682306940371457, 0.5933528836754643]
 mean: 0.5395792083693675, std: 0.09175301674071767
Accuracy Intime: [0.7142857142857143, 0.42857142857142855, 0.5833333333333334, 0.4166666666666667, 0.75, 0.7142857142857143, 0.6428571428571429, 0.5833333333333334, 0.5833333333333334, 0.6666666666666666, 0.9285714285714286, 0.42857142857142855, 0.6666666666666666, 0.5, 0.5]
 mean: 0.6071428571428572, std: 0.1365679085685713
F1 (Intime): [0.7083333333333333, 0.42857142857142855, 0.4957983193277311, 0.37777777777777777, 0.7482517482517483, 0.7083333333333333, 0.641025641025641, 0.5555555555555556, 0.5804195804195804, 0.6571428571428571, 0.9282051282051282, 0.41666666666666663, 0.6571428571428571, 0.5, 0.4857142857142857]
 mean: 0.5925959008311951, std: 0.1435781582602738
--------------------------------------------------
Subject Number: 15
Accuracy Cross: [0.75, 0.625, 0.5, 0.5625, 0.59375, 0.71875, 0.6875, 0.6875, 0.5625, 0.5625, 0.5625, 0.71875, 0.53125, 0.59375, 0.65625]
 mean: 0.6208333333333333, std: 0.07471008782100462
F1 Score: [0.7333333333333334, 0.6190476190476191, 0.4817813765182186, 0.5555555555555556, 0.5835835835835836, 0.718475073313783, 0.6825396825396826, 0.6825396825396826, 0.5465587044534412, 0.5625, 0.5625, 0.716256157635468, 0.5195195195195195, 0.539313399778516, 0.6389743589743591]
 mean: 0.6094985364528508, std: 0.07811640307479982
Accuracy Intime: [0.5, 0.7857142857142857, 0.75, 0.75, 0.75, 0.42857142857142855, 0.7142857142857143, 0.75, 0.6666666666666666, 0.75, 0.35714285714285715, 0.7142857142857143, 0.6666666666666666, 0.75, 0.8333333333333334]
 mean: 0.6777777777777778, std: 0.13330971068138717
F1 (Intime): [0.49743589743589745, 0.7754010695187166, 0.6974789915966386, 0.7333333333333334, 0.7482517482517483, 0.41666666666666663, 0.6888888888888889, 0.7482517482517483, 0.625, 0.7482517482517483, 0.35384615384615387, 0.6888888888888889, 0.6571428571428571, 0.7482517482517483, 0.8285714285714285]
 mean: 0.6637107445930976, std: 0.1320943604645653
--------------------------------------------------
Subject Number: 16
Accuracy Cross: [0.65625, 0.5, 0.46875, 0.59375, 0.625, 0.53125, 0.6875, 0.53125, 0.65625, 0.5625, 0.5625, 0.59375, 0.4375, 0.625, 0.59375]
 mean: 0.575, std: 0.06922186552431728
F1 Score: [0.6559139784946236, 0.4920634920634921, 0.4420512820512821, 0.5733333333333333, 0.611336032388664, 0.43859649122807015, 0.6825396825396826, 0.530791788856305, 0.6532019704433498, 0.5625, 0.5625, 0.5835835835835836, 0.4, 0.611336032388664, 0.5933528836754643]
 mean: 0.5595400367364344, std: 0.0815466141011686
Accuracy Intime: [0.7142857142857143, 0.5, 0.5833333333333334, 0.6666666666666666, 0.5, 0.35714285714285715, 0.7142857142857143, 0.5, 0.5, 0.5, 0.6428571428571429, 0.7857142857142857, 0.5833333333333334, 0.9166666666666666, 0.6666666666666666]
 mean: 0.6087301587301588, std: 0.13662785430479568
F1 (Intime): [0.7083333333333333, 0.49743589743589745, 0.5804195804195804, 0.6571428571428571, 0.4857142857142857, 0.3262032085561497, 0.7142857142857143, 0.4857142857142857, 0.4857142857142857, 0.5, 0.641025641025641, 0.7846153846153847, 0.5804195804195804, 0.916083916083916, 0.625]
 mean: 0.5992071980307275, std: 0.14137131638233627
--------------------------------------------------
Subject Number: 17
Accuracy Cross: [0.45454545454545453, 0.5757575757575758, 0.6363636363636364, 0.6666666666666666, 0.45454545454545453, 0.48484848484848486, 0.6666666666666666, 0.42424242424242425, 0.3939393939393939, 0.42424242424242425, 0.5, 0.46875, 0.40625, 0.53125, 0.40625]
 mean: 0.4996212121212121, std: 0.09183607769727381
F1 Score: [0.45, 0.5657894736842105, 0.6278195488721805, 0.6654377880184332, 0.4540441176470588, 0.4672364672364672, 0.6552706552706553, 0.42424242424242425, 0.39338235294117646, 0.4221198156682028, 0.4980392156862745, 0.45545545545545546, 0.3913913913913914, 0.5195195195195195, 0.3913913913913914]
 mean: 0.49207597446832285, std: 0.09165909958870505
Accuracy Intime: [0.42857142857142855, 0.5714285714285714, 0.5, 0.5833333333333334, 0.5, 0.7142857142857143, 0.42857142857142855, 0.6666666666666666, 0.75, 0.5, 0.5, 0.7142857142857143, 0.5, 0.6666666666666666, 0.5833333333333334]
 mean: 0.5738095238095239, std: 0.10242708447556621
F1 (Intime): [0.42857142857142855, 0.5714285714285714, 0.3333333333333333, 0.5804195804195804, 0.5, 0.65, 0.41666666666666663, 0.6571428571428571, 0.7482517482517483, 0.4375, 0.49743589743589745, 0.6888888888888889, 0.49743589743589745, 0.6571428571428571, 0.5555555555555556]
 mean: 0.5479848854848856, std: 0.11344804719916139
--------------------------------------------------
Subject Number: 18
Accuracy Cross: [0.5757575757575758, 0.48484848484848486, 0.5757575757575758, 0.6060606060606061, 0.5151515151515151, 0.59375, 0.46875, 0.46875, 0.59375, 0.625, 0.46875, 0.46875, 0.53125, 0.5625, 0.375]
 mean: 0.5275883838383838, std: 0.0680131424593002
F1 Score: [0.5657894736842105, 0.4771668219944082, 0.5722222222222222, 0.6001863932898416, 0.49230769230769234, 0.5933528836754643, 0.464039408866995, 0.4682306940371457, 0.5933528836754643, 0.6235294117647059, 0.4682306940371457, 0.4682306940371457, 0.5076923076923077, 0.5465587044534412, 0.375]
 mean: 0.5210593523825461, std: 0.06751377678340528
Accuracy Intime: [0.5714285714285714, 0.42857142857142855, 0.75, 0.5833333333333334, 0.4166666666666667, 0.7857142857142857, 0.5, 0.8333333333333334, 0.6666666666666666, 0.4166666666666667, 0.8571428571428571, 0.5714285714285714, 0.4166666666666667, 0.5833333333333334, 0.4166666666666667]
 mean: 0.5865079365079365, std: 0.15390278431334617
F1 (Intime): [0.5714285714285714, 0.41666666666666663, 0.7333333333333334, 0.5804195804195804, 0.37777777777777777, 0.7754010695187166, 0.47593582887700536, 0.8125, 0.6666666666666666, 0.4125874125874126, 0.8541666666666667, 0.475, 0.29411764705882354, 0.5804195804195804, 0.37777777777777777]
 mean: 0.5602799052799053, std: 0.16985159771728242
--------------------------------------------------
Subject Number: 19
Accuracy Cross: [0.5, 0.53125, 0.53125, 0.4375, 0.59375, 0.5625, 0.3125, 0.625, 0.5625, 0.53125, 0.53125, 0.625, 0.46875, 0.5625, 0.71875]
 mean: 0.5395833333333333, std: 0.08946212730659953
F1 Score: [0.4920634920634921, 0.5076923076923077, 0.530791788856305, 0.34545454545454546, 0.5933528836754643, 0.5555555555555556, 0.30980392156862746, 0.6, 0.45893719806763283, 0.4909862142099682, 0.5195195195195195, 0.5844155844155844, 0.4682306940371457, 0.5555555555555556, 0.718475073313783]
 mean: 0.5153889555990325, std: 0.09677447731730188
Accuracy Intime: [0.6428571428571429, 0.7142857142857143, 0.6666666666666666, 0.6666666666666666, 0.5833333333333334, 0.7142857142857143, 0.7857142857142857, 0.5, 0.5833333333333334, 0.5833333333333334, 0.7142857142857143, 0.42857142857142855, 1.0, 0.8333333333333334, 0.6666666666666666]
 mean: 0.6722222222222222, std: 0.13298328956527927
F1 (Intime): [0.641025641025641, 0.65, 0.6666666666666666, 0.625, 0.5555555555555556, 0.6888888888888889, 0.7754010695187166, 0.4375, 0.4957983193277311, 0.5804195804195804, 0.7142857142857143, 0.37777777777777777, 1.0, 0.8285714285714285, 0.6666666666666666]
 mean: 0.6469038205802912, std: 0.14914780506094186
--------------------------------------------------
Subject Number: 20
Accuracy Cross: [0.53125, 0.65625, 0.53125, 0.5, 0.6875, 0.65625, 0.59375, 0.59375, 0.5625, 0.59375, 0.5454545454545454, 0.5151515151515151, 0.5151515151515151, 0.5454545454545454, 0.5757575757575758]
 mean: 0.5735479797979798, std: 0.055016322442790276
F1 Score: [0.4909862142099682, 0.6559139784946236, 0.5195195195195195, 0.4666666666666667, 0.6761133603238867, 0.6476476476476476, 0.5901477832512315, 0.5733333333333333, 0.5333333333333333, 0.5933528836754643, 0.543778801843318, 0.5111111111111111, 0.49230769230769234, 0.5170731707317073, 0.5753676470588236]
 mean: 0.5591102095672219, std: 0.06201574534317963
Accuracy Intime: [0.7142857142857143, 0.5714285714285714, 0.6666666666666666, 0.5833333333333334, 0.75, 0.8571428571428571, 0.7142857142857143, 0.6666666666666666, 0.75, 0.8333333333333334, 0.7857142857142857, 0.8571428571428571, 0.6666666666666666, 0.75, 0.75]
 mean: 0.7277777777777777, std: 0.0843886317525069
F1 (Intime): [0.7083333333333333, 0.5714285714285714, 0.625, 0.5804195804195804, 0.7333333333333334, 0.8541666666666667, 0.7083333333333333, 0.625, 0.7482517482517483, 0.8285714285714285, 0.7543859649122806, 0.8541666666666667, 0.6571428571428571, 0.7482517482517483, 0.7482517482517483]
 mean: 0.7163357987042197, std: 0.08762488617999006
--------------------------------------------------
Subject Number: 21
Accuracy Cross: [0.625, 0.4375, 0.46875, 0.59375, 0.4375, 0.40625, 0.5, 0.40625, 0.40625, 0.4375, 0.65625, 0.59375, 0.21875, 0.5, 0.46875]
 mean: 0.47708333333333336, std: 0.1061069298187237
F1 Score: [0.6235294117647059, 0.4375, 0.4682306940371457, 0.5733333333333333, 0.4375, 0.4009852216748768, 0.4980392156862745, 0.3764102564102564, 0.4056695992179863, 0.43529411764705883, 0.6476476476476476, 0.5933528836754643, 0.2179863147605083, 0.5, 0.4420512820512821]
 mean: 0.47050199852710267, std: 0.10582335392925966
Accuracy Intime: [0.5, 0.5, 0.5833333333333334, 0.6666666666666666, 0.5833333333333334, 0.42857142857142855, 0.7857142857142857, 0.5, 0.5833333333333334, 0.5833333333333334, 0.5, 0.42857142857142855, 0.5, 0.5, 0.8333333333333334]
 mean: 0.5650793650793651, std: 0.11400980804987641
F1 (Intime): [0.47593582887700536, 0.49743589743589745, 0.5804195804195804, 0.6571428571428571, 0.5804195804195804, 0.42857142857142855, 0.7846153846153847, 0.4375, 0.5804195804195804, 0.5804195804195804, 0.49743589743589745, 0.41666666666666663, 0.4857142857142857, 0.5, 0.8285714285714285]
 mean: 0.5554178664472782, std: 0.11838078833137085
--------------------------------------------------
Subject Number: 22
Accuracy Cross: [0.65625, 0.4375, 0.65625, 0.65625, 0.5625, 0.5151515151515151, 0.5757575757575758, 0.45454545454545453, 0.6363636363636364, 0.42424242424242425, 0.625, 0.71875, 0.5, 0.5625, 0.4375]
 mean: 0.5612373737373737, std: 0.09254283940307421
F1 Score: [0.6532019704433498, 0.4375, 0.6476476476476476, 0.6559139784946236, 0.5555555555555556, 0.4260869565217391, 0.5753676470588236, 0.44172932330827064, 0.5909090909090909, 0.42424242424242425, 0.6235294117647059, 0.7046153846153846, 0.5, 0.5151515151515151, 0.43529411764705883]
 mean: 0.5457830015573459, std: 0.09494462156559488
Accuracy Intime: [0.42857142857142855, 0.5, 0.8333333333333334, 0.5, 0.5833333333333334, 0.6428571428571429, 0.7142857142857143, 0.4166666666666667, 0.5833333333333334, 0.25, 0.5714285714285714, 0.7857142857142857, 0.6666666666666666, 0.5833333333333334, 0.5833333333333334]
 mean: 0.5761904761904761, std: 0.14310824492559487
F1 (Intime): [0.41666666666666663, 0.47593582887700536, 0.7777777777777777, 0.4375, 0.5804195804195804, 0.5906432748538011, 0.7083333333333333, 0.4125874125874126, 0.5555555555555556, 0.24475524475524477, 0.5714285714285714, 0.7543859649122806, 0.6571428571428571, 0.5804195804195804, 0.5804195804195804]
 mean: 0.5562647486099498, std: 0.13723720441697923
--------------------------------------------------
Subject Number: 23
Accuracy Cross: [0.5151515151515151, 0.48484848484848486, 0.45454545454545453, 0.6060606060606061, 0.6060606060606061, 0.625, 0.5, 0.59375, 0.5625, 0.53125, 0.3939393939393939, 0.6060606060606061, 0.6666666666666666, 0.5151515151515151, 0.6666666666666666]
 mean: 0.5551767676767676, std: 0.07612950578022822
F1 Score: [0.49230769230769234, 0.4672364672364672, 0.4540441176470588, 0.5195968645016797, 0.6001863932898416, 0.6, 0.4817813765182186, 0.5733333333333333, 0.5465587044534412, 0.530791788856305, 0.37969924812030076, 0.6001863932898416, 0.6654377880184332, 0.38888888888888884, 0.6552706552706553]
 mean: 0.5303546474488106, std: 0.08446075602358173
Accuracy Intime: [0.7857142857142857, 0.35714285714285715, 0.5833333333333334, 0.6666666666666666, 0.6666666666666666, 0.6428571428571429, 0.5714285714285714, 0.7857142857142857, 0.6666666666666666, 0.6666666666666666, 0.35714285714285715, 0.6428571428571429, 0.6666666666666666, 0.75, 0.75]
 mean: 0.6373015873015874, std: 0.1259781582127903
F1 (Intime): [0.7754010695187166, 0.35384615384615387, 0.5804195804195804, 0.625, 0.625, 0.625668449197861, 0.475, 0.7846153846153847, 0.6666666666666666, 0.6571428571428571, 0.35384615384615387, 0.641025641025641, 0.6571428571428571, 0.7333333333333334, 0.7482517482517483]
 mean: 0.6201573263337969, std: 0.1291688355002357
--------------------------------------------------
Subject Number: 24
Accuracy Cross: [0.46875, 0.46875, 0.5, 0.59375, 0.40625, 0.59375, 0.46875, 0.53125, 0.65625, 0.5625, 0.4375, 0.5, 0.5625, 0.46875, 0.5]
 mean: 0.5145833333333333, std: 0.06541799361711492
F1 Score: [0.4682306940371457, 0.45545545545545546, 0.4980392156862745, 0.5835835835835836, 0.4056695992179863, 0.5901477832512315, 0.4231177094379639, 0.5195195195195195, 0.6389743589743591, 0.5625, 0.4375, 0.4980392156862745, 0.5625, 0.4420512820512821, 0.4920634920634921]
 mean: 0.5051594605976378, std: 0.06701170029365143
Accuracy Intime: [0.5, 0.5, 0.5833333333333334, 0.5833333333333334, 0.5833333333333334, 0.42857142857142855, 0.2857142857142857, 0.5, 0.3333333333333333, 0.6666666666666666, 0.5714285714285714, 0.5714285714285714, 0.4166666666666667, 0.75, 0.5833333333333334]
 mean: 0.5238095238095238, std: 0.11704667622025894
F1 (Intime): [0.49743589743589745, 0.49743589743589745, 0.4957983193277311, 0.5804195804195804, 0.5804195804195804, 0.41666666666666663, 0.2857142857142857, 0.4375, 0.3333333333333333, 0.6571428571428571, 0.5714285714285714, 0.5625, 0.37777777777777777, 0.7482517482517483, 0.5804195804195804]
 mean: 0.5081496063849005, std: 0.11923441865978066
--------------------------------------------------
Subject Number: 25
Accuracy Cross: [0.3939393939393939, 0.36363636363636365, 0.5454545454545454, 0.5454545454545454, 0.45454545454545453, 0.65625, 0.59375, 0.34375, 0.5625, 0.625, 0.625, 0.59375, 0.5, 0.59375, 0.5625]
 mean: 0.5306186868686869, std: 0.09530214873557141
F1 Score: [0.37969924812030076, 0.2992922143579373, 0.5386766076421249, 0.5386766076421249, 0.44172932330827064, 0.6267232237539766, 0.5588547189819725, 0.33793103448275863, 0.5151515151515151, 0.6235294117647059, 0.6190476190476191, 0.5835835835835836, 0.4458874458874459, 0.539313399778516, 0.5465587044534412]
 mean: 0.5063103105304195, std: 0.09987454811803136
Accuracy Intime: [0.5, 0.6428571428571429, 0.3333333333333333, 0.6666666666666666, 0.5833333333333334, 0.6428571428571429, 0.35714285714285715, 0.6666666666666666, 0.5833333333333334, 0.5, 0.42857142857142855, 0.5714285714285714, 0.5833333333333334, 0.5833333333333334, 0.5833333333333334]
 mean: 0.5484126984126984, std: 0.10143217322268236
F1 (Intime): [0.4269005847953216, 0.625668449197861, 0.3333333333333333, 0.6666666666666666, 0.5804195804195804, 0.5238095238095237, 0.3262032085561497, 0.6571428571428571, 0.5555555555555556, 0.4375, 0.42857142857142855, 0.5714285714285714, 0.5555555555555556, 0.4957983193277311, 0.5804195804195804]
 mean: 0.5176648809853144, std: 0.10350924521010714
--------------------------------------------------
Subject Number: 26
Accuracy Cross: [0.6060606060606061, 0.5151515151515151, 0.6363636363636364, 0.5151515151515151, 0.48484848484848486, 0.40625, 0.625, 0.53125, 0.65625, 0.6875, 0.5, 0.65625, 0.71875, 0.625, 0.5625]
 mean: 0.5817550505050505, std: 0.08447172582908695
F1 Score: [0.6046082949308755, 0.49230769230769234, 0.6192307692307693, 0.49230769230769234, 0.4672364672364672, 0.4056695992179863, 0.6190476190476191, 0.5270935960591133, 0.6532019704433498, 0.6875, 0.4980392156862745, 0.6389743589743591, 0.716256157635468, 0.6235294117647059, 0.5465587044534412]
 mean: 0.5727707699530542, std: 0.08674110050892386
Accuracy Intime: [0.7142857142857143, 0.7142857142857143, 0.4166666666666667, 0.6666666666666666, 0.75, 0.5, 0.7857142857142857, 0.6666666666666666, 0.6666666666666666, 0.6666666666666666, 0.7142857142857143, 0.5714285714285714, 0.4166666666666667, 0.8333333333333334, 0.5]
 mean: 0.638888888888889, std: 0.12483296978432865
F1 (Intime): [0.7083333333333333, 0.7083333333333333, 0.37777777777777777, 0.6571428571428571, 0.7482517482517483, 0.4269005847953216, 0.7754010695187166, 0.625, 0.6571428571428571, 0.6666666666666666, 0.7083333333333333, 0.5714285714285714, 0.37777777777777777, 0.8285714285714285, 0.4857142857142857]
 mean: 0.6215183749858672, std: 0.13843366347888028
--------------------------------------------------
Subject Number: 27
Accuracy Cross: [0.45454545454545453, 0.5757575757575758, 0.6363636363636364, 0.6666666666666666, 0.45454545454545453, 0.48484848484848486, 0.6666666666666666, 0.42424242424242425, 0.3939393939393939, 0.42424242424242425, 0.5, 0.46875, 0.40625, 0.53125, 0.40625]
 mean: 0.4996212121212121, std: 0.09183607769727381
F1 Score: [0.45, 0.5657894736842105, 0.6278195488721805, 0.6654377880184332, 0.4540441176470588, 0.4672364672364672, 0.6552706552706553, 0.42424242424242425, 0.39338235294117646, 0.4221198156682028, 0.4980392156862745, 0.45545545545545546, 0.3913913913913914, 0.5195195195195195, 0.3913913913913914]
 mean: 0.49207597446832285, std: 0.09165909958870505
Accuracy Intime: [0.42857142857142855, 0.5714285714285714, 0.5, 0.5833333333333334, 0.5, 0.7142857142857143, 0.42857142857142855, 0.6666666666666666, 0.75, 0.5, 0.5, 0.7142857142857143, 0.5, 0.6666666666666666, 0.5833333333333334]
 mean: 0.5738095238095239, std: 0.10242708447556621
F1 (Intime): [0.42857142857142855, 0.5714285714285714, 0.3333333333333333, 0.5804195804195804, 0.5, 0.65, 0.41666666666666663, 0.6571428571428571, 0.7482517482517483, 0.4375, 0.49743589743589745, 0.6888888888888889, 0.49743589743589745, 0.6571428571428571, 0.5555555555555556]
 mean: 0.5479848854848856, std: 0.11344804719916139
--------------------------------------------------
Subject Number: 28
Accuracy Cross: [0.53125, 0.59375, 0.53125, 0.53125, 0.34375, 0.5, 0.40625, 0.71875, 0.5, 0.53125, 0.4375, 0.5, 0.46875, 0.59375, 0.59375]
 mean: 0.51875, std: 0.08599903100229289
F1 Score: [0.5195195195195195, 0.5933528836754643, 0.5195195195195195, 0.4684385382059801, 0.343108504398827, 0.4666666666666667, 0.4009852216748768, 0.716256157635468, 0.4666666666666667, 0.530791788856305, 0.4, 0.4817813765182186, 0.4682306940371457, 0.5901477832512315, 0.5835835835835836]
 mean: 0.5032699269472983, std: 0.08986008344159242
Accuracy Intime: [0.6428571428571429, 0.5714285714285714, 0.5, 0.6666666666666666, 0.5833333333333334, 0.7142857142857143, 0.5, 0.9166666666666666, 0.5833333333333334, 0.5833333333333334, 0.5, 0.5, 0.75, 0.5833333333333334, 0.5833333333333334]
 mean: 0.611904761904762, std: 0.11021177991644415
F1 (Intime): [0.641025641025641, 0.5625, 0.4857142857142857, 0.6571428571428571, 0.5804195804195804, 0.6888888888888889, 0.49743589743589745, 0.9111111111111111, 0.5804195804195804, 0.5804195804195804, 0.4269005847953216, 0.47593582887700536, 0.7482517482517483, 0.5804195804195804, 0.5555555555555556]
 mean: 0.5981427146984422, std: 0.11702355355198187
--------------------------------------------------
Subject Number: 29
Accuracy Cross: [0.6875, 0.59375, 0.71875, 0.8125, 0.71875, 0.65625, 0.75, 0.8125, 0.625, 0.8125, 0.6666666666666666, 0.7575757575757576, 0.6666666666666666, 0.7878787878787878, 0.6060606060606061]
 mean: 0.7114898989898989, std: 0.07314846295647368
F1 Score: [0.6761133603238867, 0.5933528836754643, 0.7046153846153846, 0.8, 0.718475073313783, 0.6389743589743591, 0.7490196078431373, 0.8095238095238095, 0.6190476190476191, 0.8056680161943319, 0.6654377880184332, 0.7518796992481203, 0.6654377880184332, 0.7847157502329916, 0.6060606060606061]
 mean: 0.7058881163393572, std: 0.07243859833454182
Accuracy Intime: [0.7142857142857143, 0.7142857142857143, 1.0, 0.8333333333333334, 0.5833333333333334, 0.7142857142857143, 0.8571428571428571, 0.5833333333333334, 0.5, 0.6666666666666666, 0.35714285714285715, 0.8571428571428571, 0.8333333333333334, 0.75, 0.5833333333333334]
 mean: 0.7031746031746032, std: 0.15861900870291265
F1 (Intime): [0.7083333333333333, 0.7083333333333333, 1.0, 0.8285714285714285, 0.5555555555555556, 0.6888888888888889, 0.8571428571428571, 0.5804195804195804, 0.5, 0.6571428571428571, 0.3262032085561497, 0.8541666666666667, 0.8285714285714285, 0.7482517482517483, 0.5804195804195804]
 mean: 0.6948000311235606, std: 0.16426226426217885
--------------------------------------------------
**************************************************
accuracy_cross_list: [0.5602272727272727, 0.5485479797979796, 0.5082070707070705, 0.5434343434343435, 0.5604166666666667, 0.5289141414141415, 0.4979166666666667, 0.5, 0.6083333333333333, 0.5280934343434344, 0.46868686868686854, 0.5708964646464647, 0.528030303030303, 0.54375, 0.6208333333333333, 0.575, 0.4996212121212121, 0.5275883838383838, 0.5395833333333333, 0.5735479797979798, 0.47708333333333336, 0.5612373737373737, 0.5551767676767676, 0.5145833333333333, 0.5306186868686869, 0.5817550505050505, 0.4996212121212121, 0.51875, 0.7114898989898989]
f1_score_list: [0.5468353092490783, 0.5328223081733102, 0.49628257187428004, 0.5229852777995551, 0.5495589950767814, 0.503711124408807, 0.48538936214534956, 0.4867224765660688, 0.591395229605876, 0.5180718288272453, 0.4626472427275306, 0.5482011314967135, 0.5228712620538808, 0.5395792083693675, 0.6094985364528508, 0.5595400367364344, 0.49207597446832285, 0.5210593523825461, 0.5153889555990325, 0.5591102095672219, 0.47050199852710267, 0.5457830015573459, 0.5303546474488106, 0.5051594605976378, 0.5063103105304195, 0.5727707699530542, 0.49207597446832285, 0.5032699269472983, 0.7058881163393572]
accuracy_intime_list: [0.5698412698412698, 0.5380952380952381, 0.576984126984127, 0.6055555555555555, 0.6063492063492063, 0.5920634920634921, 0.5452380952380953, 0.5642857142857145, 0.6595238095238096, 0.6134920634920635, 0.5825396825396826, 0.603174603174603, 0.5968253968253968, 0.6071428571428572, 0.6777777777777778, 0.6087301587301588, 0.5738095238095239, 0.5865079365079365, 0.6722222222222222, 0.7277777777777777, 0.5650793650793651, 0.5761904761904761, 0.6373015873015874, 0.5238095238095238, 0.5484126984126984, 0.638888888888889, 0.5738095238095239, 0.611904761904762, 0.7031746031746032]
f1_score_intime_list: [0.5448481855834797, 0.5215153264921067, 0.5579840529840528, 0.5841882409529469, 0.5947900053163211, 0.5644315537117394, 0.5179211039505157, 0.5427639159372906, 0.6411637273401979, 0.5935983188924365, 0.5738945150709858, 0.574226100696689, 0.5849145299145299, 0.5925959008311951, 0.6637107445930976, 0.5992071980307275, 0.5479848854848856, 0.5602799052799053, 0.6469038205802912, 0.7163357987042197, 0.5554178664472782, 0.5562647486099498, 0.6201573263337969, 0.5081496063849005, 0.5176648809853144, 0.6215183749858672, 0.5479848854848856, 0.5981427146984422, 0.6948000311235606]
**************************************************
ACC: 54.42±4.74
F1: 53.09±4.73
Intime: 60.30±4.80
F1 (Intime): 58.43±5.07
