1e-03
Subject Number: 1
Accuracy Cross: [0.75, 0.625, 0.5, 0.59375, 0.5625, 0.696969696969697, 0.6060606060606061, 0.6666666666666666, 0.5151515151515151, 0.6363636363636364, 0.59375, 0.65625, 0.5625, 0.78125, 0.625]
 mean: 0.6247474747474747, std: 0.07566397837618549
F1 Score: [0.7333333333333334, 0.6190476190476191, 0.4980392156862745, 0.5588547189819725, 0.5465587044534412, 0.6726190476190477, 0.5662285136501517, 0.6666666666666666, 0.47619047619047616, 0.6192307692307693, 0.5835835835835836, 0.6389743589743591, 0.5607843137254902, 0.751937984496124, 0.611336032388664]
 mean: 0.6068923558685315, std: 0.0754851241269565
Accuracy Intime: [0.7857142857142857, 0.6428571428571429, 0.5, 0.6666666666666666, 0.8333333333333334, 0.8571428571428571, 0.8571428571428571, 0.6666666666666666, 0.75, 0.6666666666666666, 0.6428571428571429, 0.5, 0.6666666666666666, 0.6666666666666666, 0.5833333333333334]
 mean: 0.6857142857142857, std: 0.1094375091325631
F1 (Intime): [0.7846153846153847, 0.625668449197861, 0.5, 0.625, 0.8285714285714285, 0.8444444444444444, 0.8444444444444444, 0.6571428571428571, 0.7333333333333334, 0.6571428571428571, 0.625668449197861, 0.47593582887700536, 0.6571428571428571, 0.6571428571428571, 0.5804195804195804]
 mean: 0.673111518111518, std: 0.11081863623362713
--------------------------------------------------
Subject Number: 2
Accuracy Cross: [0.6060606060606061, 0.5757575757575758, 0.6666666666666666, 0.6363636363636364, 0.6060606060606061, 0.5, 0.5, 0.5625, 0.53125, 0.5625, 0.45454545454545453, 0.5151515151515151, 0.6060606060606061, 0.7575757575757576, 0.6060606060606061]
 mean: 0.5791035353535353, std: 0.0733379919458303
F1 Score: [0.6001863932898416, 0.5753676470588236, 0.6458536585365854, 0.5909090909090909, 0.5662285136501517, 0.4920634920634921, 0.4980392156862745, 0.5465587044534412, 0.5076923076923077, 0.5555555555555556, 0.35434782608695653, 0.5147058823529411, 0.6046082949308755, 0.7573529411764706, 0.6046082949308755]
 mean: 0.5609385212249123, std: 0.08519244746683993
Accuracy Intime: [0.6428571428571429, 0.6428571428571429, 0.5, 0.5833333333333334, 0.6666666666666666, 0.6428571428571429, 0.7857142857142857, 0.5714285714285714, 0.5833333333333334, 0.5, 0.7142857142857143, 0.5, 0.5, 0.5833333333333334, 0.3333333333333333]
 mean: 0.5833333333333335, std: 0.1052298351997919
F1 (Intime): [0.625668449197861, 0.5906432748538011, 0.4375, 0.5804195804195804, 0.625, 0.625668449197861, 0.7754010695187166, 0.5714285714285714, 0.5804195804195804, 0.4857142857142857, 0.6888888888888889, 0.49743589743589745, 0.4857142857142857, 0.5804195804195804, 0.25]
 mean: 0.5600214608805941, std: 0.11668687498775238
--------------------------------------------------
Subject Number: 3
Accuracy Cross: [0.4375, 0.53125, 0.53125, 0.5625, 0.34375, 0.3939393939393939, 0.30303030303030304, 0.48484848484848486, 0.48484848484848486, 0.36363636363636365, 0.42424242424242425, 0.45454545454545453, 0.42424242424242425, 0.3939393939393939, 0.45454545454545453]
 mean: 0.4392045454545453, std: 0.0705681580973409
F1 Score: [0.43529411764705883, 0.530791788856305, 0.530791788856305, 0.5607843137254902, 0.343108504398827, 0.38888888888888884, 0.29263746505125815, 0.48484848484848486, 0.45268292682926825, 0.36363636363636365, 0.41565703634669154, 0.38636363636363635, 0.4045584045584045, 0.34523809523809523, 0.44172932330827064]
 mean: 0.42513407590355645, std: 0.07448059516594935
Accuracy Intime: [0.5714285714285714, 0.35714285714285715, 0.7142857142857143, 0.75, 0.6666666666666666, 0.21428571428571427, 0.21428571428571427, 0.6666666666666666, 0.4166666666666667, 0.5, 0.7142857142857143, 0.6428571428571429, 0.5833333333333334, 0.75, 0.8333333333333334]
 mean: 0.5730158730158731, std: 0.1873688337717472
F1 (Intime): [0.5333333333333333, 0.35384615384615387, 0.7142857142857143, 0.7482517482517483, 0.6666666666666666, 0.21025641025641026, 0.21025641025641026, 0.4, 0.4125874125874126, 0.4857142857142857, 0.7083333333333333, 0.641025641025641, 0.5555555555555556, 0.7482517482517483, 0.8285714285714285]
 mean: 0.5477957227957229, std: 0.19065570146817903
--------------------------------------------------
Subject Number: 4
Accuracy Cross: [0.36363636363636365, 0.5454545454545454, 0.6363636363636364, 0.5151515151515151, 0.5151515151515151, 0.6060606060606061, 0.48484848484848486, 0.6363636363636364, 0.42424242424242425, 0.5454545454545454, 0.42424242424242425, 0.5151515151515151, 0.5454545454545454, 0.696969696969697, 0.696969696969697]
 mean: 0.5434343434343434, std: 0.09484197651964044
F1 Score: [0.35414725069897485, 0.5299145299145299, 0.5909090909090909, 0.5111111111111111, 0.47619047619047616, 0.5662285136501517, 0.4672364672364672, 0.5909090909090909, 0.4221198156682028, 0.44568868980963045, 0.4045584045584045, 0.5111111111111111, 0.47619047619047616, 0.6898496240601504, 0.6966911764705883]
 mean: 0.5155237218992303, std: 0.09478988832358505
Accuracy Intime: [0.5714285714285714, 0.6428571428571429, 0.6428571428571429, 0.5833333333333334, 0.5, 0.8571428571428571, 0.6428571428571429, 0.6428571428571429, 0.5, 0.5, 0.7142857142857143, 0.6428571428571429, 0.8571428571428571, 0.5833333333333334, 0.6666666666666666]
 mean: 0.6365079365079366, std: 0.10655630155868047
F1 (Intime): [0.5333333333333333, 0.5238095238095237, 0.641025641025641, 0.5804195804195804, 0.4375, 0.8541666666666667, 0.641025641025641, 0.5238095238095237, 0.4857142857142857, 0.4375, 0.65, 0.5238095238095237, 0.8444444444444444, 0.5804195804195804, 0.6571428571428571]
 mean: 0.5942747067747067, std: 0.12151639924294656
--------------------------------------------------
Subject Number: 5
Accuracy Cross: [0.40625, 0.4375, 0.46875, 0.46875, 0.375, 0.65625, 0.4375, 0.4375, 0.625, 0.65625, 0.53125, 0.40625, 0.53125, 0.5625, 0.5625]
 mean: 0.5041666666666667, std: 0.08975274678557507
F1 Score: [0.4056695992179863, 0.43529411764705883, 0.4682306940371457, 0.4682306940371457, 0.37254901960784315, 0.6476476476476476, 0.43529411764705883, 0.43529411764705883, 0.6190476190476191, 0.5883040935672514, 0.5076923076923077, 0.4056695992179863, 0.530791788856305, 0.5607843137254902, 0.5333333333333333]
 mean: 0.49425553752861584, std: 0.08070823010007325
Accuracy Intime: [0.6428571428571429, 0.7142857142857143, 0.4166666666666667, 0.5, 0.6666666666666666, 0.5714285714285714, 0.5714285714285714, 0.6666666666666666, 0.4166666666666667, 0.4166666666666667, 0.7142857142857143, 0.5, 0.8333333333333334, 0.5, 0.75]
 mean: 0.5920634920634921, std: 0.1278837182829169
F1 (Intime): [0.641025641025641, 0.7083333333333333, 0.4125874125874126, 0.4375, 0.6571428571428571, 0.5333333333333333, 0.5625, 0.625, 0.4125874125874126, 0.29411764705882354, 0.7083333333333333, 0.47593582887700536, 0.8125, 0.5, 0.7482517482517483]
 mean: 0.5686099031687266, std: 0.14209391786722306
--------------------------------------------------
Subject Number: 6
Accuracy Cross: [0.625, 0.5625, 0.46875, 0.46875, 0.53125, 0.45454545454545453, 0.45454545454545453, 0.48484848484848486, 0.48484848484848486, 0.5151515151515151, 0.36363636363636365, 0.48484848484848486, 0.5757575757575758, 0.6060606060606061, 0.6666666666666666]
 mean: 0.5164772727272727, std: 0.07607006259375668
F1 Score: [0.6, 0.5607843137254902, 0.4420512820512821, 0.464039408866995, 0.530791788856305, 0.4288461538461539, 0.35434782608695653, 0.3717805151175812, 0.4327603640040445, 0.38888888888888884, 0.35414725069897485, 0.45268292682926825, 0.5416666666666666, 0.5814634146341464, 0.6329625884732053]
 mean: 0.47581422591639716, std: 0.08931879178001309
Accuracy Intime: [0.5, 0.6428571428571429, 0.5714285714285714, 0.75, 0.5, 0.6428571428571429, 0.8571428571428571, 0.8333333333333334, 0.5833333333333334, 0.6666666666666666, 0.42857142857142855, 0.7142857142857143, 0.6666666666666666, 0.5833333333333334, 0.5]
 mean: 0.6293650793650795, std: 0.12014310774708736
F1 (Intime): [0.49743589743589745, 0.5906432748538011, 0.5333333333333333, 0.7482517482517483, 0.4857142857142857, 0.625668449197861, 0.8541666666666667, 0.7777777777777777, 0.5555555555555556, 0.625, 0.42857142857142855, 0.7083333333333333, 0.625, 0.5804195804195804, 0.4375]
 mean: 0.6048914220740845, std: 0.12048115281982871
--------------------------------------------------
Subject Number: 7
Accuracy Cross: [0.59375, 0.5, 0.53125, 0.5625, 0.59375, 0.4375, 0.375, 0.34375, 0.28125, 0.375, 0.59375, 0.46875, 0.46875, 0.5625, 0.53125]
 mean: 0.48125, std: 0.09669001154893576
F1 Score: [0.5588547189819725, 0.4920634920634921, 0.530791788856305, 0.5465587044534412, 0.5733333333333333, 0.4375, 0.375, 0.343108504398827, 0.2805474095796676, 0.37254901960784315, 0.5901477832512315, 0.464039408866995, 0.45545545545545546, 0.5625, 0.5195195195195195]
 mean: 0.473464609224539, std: 0.09154206134067468
Accuracy Intime: [0.7857142857142857, 0.5714285714285714, 0.16666666666666666, 0.25, 0.5833333333333334, 0.5714285714285714, 0.5, 0.5, 0.5, 0.5833333333333334, 0.6428571428571429, 0.5, 0.4166666666666667, 0.5833333333333334, 0.75]
 mean: 0.526984126984127, std: 0.15603667094877413
F1 (Intime): [0.7754010695187166, 0.5625, 0.14285714285714285, 0.24475524475524477, 0.5804195804195804, 0.5625, 0.47593582887700536, 0.4857142857142857, 0.3333333333333333, 0.5804195804195804, 0.5906432748538011, 0.49743589743589745, 0.4125874125874126, 0.5555555555555556, 0.7333333333333334]
 mean: 0.5022261026440593, std: 0.16148787068823636
--------------------------------------------------
Subject Number: 8
Accuracy Cross: [0.5, 0.4375, 0.4375, 0.625, 0.5, 0.59375, 0.625, 0.5, 0.53125, 0.59375, 0.3125, 0.375, 0.40625, 0.34375, 0.59375]
 mean: 0.49166666666666664, std: 0.09978275012356706
F1 Score: [0.4666666666666667, 0.41700404858299595, 0.43529411764705883, 0.6190476190476191, 0.4817813765182186, 0.5835835835835836, 0.611336032388664, 0.4980392156862745, 0.5270935960591133, 0.5835835835835836, 0.30980392156862746, 0.375, 0.4056695992179863, 0.33793103448275863, 0.5933528836754643]
 mean: 0.483012485247241, std: 0.09836897990417029
Accuracy Intime: [0.5714285714285714, 0.6428571428571429, 0.5, 0.4166666666666667, 0.6666666666666666, 0.42857142857142855, 0.5714285714285714, 0.4166666666666667, 0.3333333333333333, 0.5833333333333334, 0.7142857142857143, 0.7142857142857143, 0.75, 0.75, 0.75]
 mean: 0.5873015873015873, std: 0.13592066365258867
F1 (Intime): [0.475, 0.625668449197861, 0.4857142857142857, 0.37777777777777777, 0.6666666666666666, 0.42857142857142855, 0.5625, 0.37777777777777777, 0.3333333333333333, 0.5804195804195804, 0.6888888888888889, 0.7083333333333333, 0.7333333333333334, 0.7333333333333334, 0.7482517482517483]
 mean: 0.5683713291066232, std: 0.14071469222469765
--------------------------------------------------
Subject Number: 9
Accuracy Cross: [0.71875, 0.71875, 0.6875, 0.6875, 0.65625, 0.71875, 0.5625, 0.59375, 0.5, 0.625, 0.375, 0.6875, 0.5, 0.5, 0.71875]
 mean: 0.6166666666666667, std: 0.1036235842953824
F1 Score: [0.694591728525981, 0.7046153846153846, 0.6666666666666667, 0.6825396825396826, 0.6389743589743591, 0.6631578947368422, 0.5555555555555556, 0.5835835835835836, 0.5, 0.5844155844155844, 0.36507936507936506, 0.6875, 0.4980392156862745, 0.4980392156862745, 0.718475073313783]
 mean: 0.6027488872919557, std: 0.09889515465375397
Accuracy Intime: [0.7857142857142857, 0.5, 0.5833333333333334, 0.6666666666666666, 0.4166666666666667, 0.7857142857142857, 0.7142857142857143, 0.6666666666666666, 0.5833333333333334, 0.6666666666666666, 0.6428571428571429, 0.5, 0.5, 0.75, 0.5833333333333334]
 mean: 0.6230158730158731, std: 0.1083849228868862
F1 (Intime): [0.7754010695187166, 0.49743589743589745, 0.5555555555555556, 0.6571428571428571, 0.37777777777777777, 0.7846153846153847, 0.6888888888888889, 0.625, 0.5804195804195804, 0.6571428571428571, 0.5906432748538011, 0.4269005847953216, 0.3333333333333333, 0.7482517482517483, 0.5804195804195804]
 mean: 0.5919285593434199, std: 0.13284398198192426
--------------------------------------------------
Subject Number: 10
Accuracy Cross: [0.375, 0.53125, 0.4375, 0.46875, 0.4375, 0.4375, 0.53125, 0.40625, 0.53125, 0.3125, 0.48484848484848486, 0.3939393939393939, 0.5757575757575758, 0.5454545454545454, 0.45454545454545453]
 mean: 0.4615530303030303, std: 0.0704143132115233
F1 Score: [0.36507936507936506, 0.5195195195195195, 0.41700404858299595, 0.4420512820512821, 0.43529411764705883, 0.4375, 0.5195195195195195, 0.4056695992179863, 0.530791788856305, 0.30980392156862746, 0.45268292682926825, 0.39338235294117646, 0.5557692307692308, 0.5299145299145299, 0.4540441176470588]
 mean: 0.4512017546762616, std: 0.06699762051046448
Accuracy Intime: [0.6428571428571429, 0.7142857142857143, 0.75, 0.6666666666666666, 0.5, 0.6428571428571429, 0.8571428571428571, 0.6666666666666666, 0.6666666666666666, 0.5833333333333334, 0.7142857142857143, 0.7142857142857143, 0.75, 0.6666666666666666, 0.75]
 mean: 0.6857142857142856, std: 0.07930156188442408
F1 (Intime): [0.5906432748538011, 0.7083333333333333, 0.7333333333333334, 0.625, 0.4375, 0.641025641025641, 0.8571428571428571, 0.5555555555555556, 0.6666666666666666, 0.5555555555555556, 0.65, 0.7083333333333333, 0.7333333333333334, 0.6571428571428571, 0.7482517482517483]
 mean: 0.6578544993018677, std: 0.09656912227445943
--------------------------------------------------
Subject Number: 11
Accuracy Cross: [0.48484848484848486, 0.42424242424242425, 0.48484848484848486, 0.5454545454545454, 0.45454545454545453, 0.6060606060606061, 0.5454545454545454, 0.5757575757575758, 0.5454545454545454, 0.6060606060606061, 0.48484848484848486, 0.48484848484848486, 0.5757575757575758, 0.5757575757575758, 0.5454545454545454]
 mean: 0.5292929292929293, std: 0.05405692185963496
F1 Score: [0.45268292682926825, 0.4045584045584045, 0.4327603640040445, 0.5386766076421249, 0.44172932330827064, 0.5662285136501517, 0.44568868980963045, 0.5557692307692308, 0.44568868980963045, 0.4849939975990396, 0.3717805151175812, 0.4771668219944082, 0.5416666666666666, 0.5416666666666666, 0.5170731707317073]
 mean: 0.48120870594378845, std: 0.05762532933789374
Accuracy Intime: [0.5, 0.5714285714285714, 0.6428571428571429, 0.75, 0.5833333333333334, 0.42857142857142855, 0.42857142857142855, 0.5714285714285714, 0.5, 0.3333333333333333, 0.6428571428571429, 0.5714285714285714, 0.5, 0.5833333333333334, 0.6666666666666666]
 mean: 0.5515873015873016, std: 0.1027463640170302
F1 (Intime): [0.49743589743589745, 0.5625, 0.625668449197861, 0.7482517482517483, 0.5555555555555556, 0.41666666666666663, 0.3, 0.5625, 0.4857142857142857, 0.25, 0.5906432748538011, 0.5625, 0.4269005847953216, 0.5804195804195804, 0.625]
 mean: 0.5193170695260478, std: 0.12434804894709166
--------------------------------------------------
Subject Number: 12
Accuracy Cross: [0.5625, 0.5, 0.46875, 0.40625, 0.46875, 0.42424242424242425, 0.5757575757575758, 0.5151515151515151, 0.5454545454545454, 0.6363636363636364, 0.59375, 0.46875, 0.375, 0.59375, 0.59375]
 mean: 0.5152146464646464, std: 0.07594473933935865
F1 Score: [0.5555555555555556, 0.4666666666666667, 0.464039408866995, 0.3913913913913914, 0.4231177094379639, 0.41565703634669154, 0.5416666666666666, 0.4260869565217391, 0.4994944388270981, 0.6278195488721805, 0.539313399778516, 0.4420512820512821, 0.37254901960784315, 0.5733333333333333, 0.539313399778516]
 mean: 0.4852037209134959, std: 0.07240405675132751
Accuracy Intime: [0.5714285714285714, 0.6428571428571429, 0.6666666666666666, 0.4166666666666667, 0.5833333333333334, 0.35714285714285715, 0.2857142857142857, 0.75, 0.5833333333333334, 0.6666666666666666, 0.7142857142857143, 0.5, 0.6666666666666666, 0.6666666666666666, 0.3333333333333333]
 mean: 0.5603174603174603, std: 0.1426894959871054
F1 (Intime): [0.475, 0.5238095238095237, 0.5555555555555556, 0.37777777777777777, 0.5804195804195804, 0.35384615384615387, 0.2857142857142857, 0.6974789915966386, 0.4957983193277311, 0.6571428571428571, 0.7142857142857143, 0.47593582887700536, 0.6571428571428571, 0.6666666666666666, 0.25]
 mean: 0.5177716074774898, std: 0.14454626666584527
--------------------------------------------------
Subject Number: 13
Accuracy Cross: [0.6875, 0.65625, 0.625, 0.65625, 0.59375, 0.45454545454545453, 0.42424242424242425, 0.6060606060606061, 0.3333333333333333, 0.36363636363636365, 0.5, 0.65625, 0.65625, 0.625, 0.6875]
 mean: 0.568371212121212, std: 0.11642321361919833
F1 Score: [0.6666666666666667, 0.6389743589743591, 0.6190476190476191, 0.6559139784946236, 0.5901477832512315, 0.44172932330827064, 0.4221198156682028, 0.6046082949308755, 0.3277777777777778, 0.2992922143579373, 0.4817813765182186, 0.6389743589743591, 0.6476476476476476, 0.611336032388664, 0.6666666666666667]
 mean: 0.5541789276448746, std: 0.12155556810420824
Accuracy Intime: [0.6428571428571429, 0.5, 0.75, 0.6666666666666666, 0.5833333333333334, 0.6428571428571429, 0.6428571428571429, 0.6666666666666666, 0.3333333333333333, 0.5833333333333334, 0.6428571428571429, 0.5, 0.75, 0.75, 0.6666666666666666]
 mean: 0.6214285714285714, std: 0.10738068841694935
F1 (Intime): [0.641025641025641, 0.4269005847953216, 0.7333333333333334, 0.6666666666666666, 0.5804195804195804, 0.641025641025641, 0.5906432748538011, 0.6571428571428571, 0.3333333333333333, 0.5804195804195804, 0.641025641025641, 0.4269005847953216, 0.7333333333333334, 0.7482517482517483, 0.6666666666666666]
 mean: 0.6044725644725644, std: 0.11728308879622139
--------------------------------------------------
Subject Number: 14
Accuracy Cross: [0.46875, 0.59375, 0.40625, 0.5, 0.59375, 0.375, 0.46875, 0.46875, 0.4375, 0.5, 0.4375, 0.53125, 0.53125, 0.375, 0.5]
 mean: 0.4791666666666667, std: 0.06521864934374387
F1 Score: [0.4231177094379639, 0.539313399778516, 0.4009852216748768, 0.5, 0.5901477832512315, 0.3333333333333333, 0.464039408866995, 0.4682306940371457, 0.4, 0.4920634920634921, 0.4285714285714286, 0.4684385382059801, 0.5076923076923077, 0.37254901960784315, 0.4817813765182186]
 mean: 0.4580175808692889, std: 0.06420039158557787
Accuracy Intime: [0.7142857142857143, 0.5714285714285714, 0.4166666666666667, 0.25, 0.5, 0.6428571428571429, 0.6428571428571429, 0.6666666666666666, 0.5, 0.5, 0.5, 0.42857142857142855, 0.5, 0.6666666666666666, 0.75]
 mean: 0.55, std: 0.12830660557435694
F1 (Intime): [0.6888888888888889, 0.5333333333333333, 0.37777777777777777, 0.24475524475524477, 0.4375, 0.641025641025641, 0.5906432748538011, 0.6571428571428571, 0.4857142857142857, 0.5, 0.49743589743589745, 0.37777777777777777, 0.3333333333333333, 0.6666666666666666, 0.7482517482517483]
 mean: 0.5186831151304836, std: 0.14158163121349004
--------------------------------------------------
Subject Number: 15
Accuracy Cross: [0.65625, 0.5, 0.625, 0.625, 0.5625, 0.5625, 0.53125, 0.5, 0.625, 0.53125, 0.6875, 0.6875, 0.46875, 0.625, 0.375]
 mean: 0.5708333333333333, std: 0.08498365855987974
F1 Score: [0.6389743589743591, 0.4920634920634921, 0.6235294117647059, 0.6235294117647059, 0.5625, 0.5607843137254902, 0.5270935960591133, 0.5, 0.6, 0.5195195195195195, 0.6666666666666667, 0.6761133603238867, 0.464039408866995, 0.611336032388664, 0.37254901960784315]
 mean: 0.5625799061150295, std: 0.08107387638636017
Accuracy Intime: [0.7857142857142857, 0.5, 0.6666666666666666, 0.75, 0.6666666666666666, 0.7142857142857143, 0.6428571428571429, 0.9166666666666666, 0.6666666666666666, 0.75, 0.6428571428571429, 0.7857142857142857, 0.5833333333333334, 0.4166666666666667, 0.9166666666666666]
 mean: 0.6936507936507936, std: 0.13087780464252663
F1 (Intime): [0.7754010695187166, 0.47593582887700536, 0.6571428571428571, 0.7482517482517483, 0.6571428571428571, 0.7083333333333333, 0.625668449197861, 0.9111111111111111, 0.625, 0.7482517482517483, 0.625668449197861, 0.7543859649122806, 0.5804195804195804, 0.37777777777777777, 0.916083916083916]
 mean: 0.6791049794145769, std: 0.13826554436345756
--------------------------------------------------
Subject Number: 16
Accuracy Cross: [0.5625, 0.625, 0.5625, 0.5625, 0.4375, 0.75, 0.65625, 0.78125, 0.65625, 0.625, 0.5, 0.59375, 0.5, 0.5, 0.46875]
 mean: 0.5854166666666667, std: 0.09578803277143873
F1 Score: [0.5607843137254902, 0.625, 0.5607843137254902, 0.45893719806763283, 0.4375, 0.746031746031746, 0.6267232237539766, 0.7757757757757757, 0.6389743589743591, 0.611336032388664, 0.4817813765182186, 0.539313399778516, 0.4458874458874459, 0.4666666666666667, 0.4231177094379639]
 mean: 0.559907570715463, std: 0.10675610842348174
Accuracy Intime: [0.7142857142857143, 0.5714285714285714, 0.5833333333333334, 0.75, 0.6666666666666666, 0.7857142857142857, 0.6428571428571429, 0.75, 0.5833333333333334, 0.5833333333333334, 0.6428571428571429, 0.7142857142857143, 0.6666666666666666, 0.8333333333333334, 0.75]
 mean: 0.6825396825396824, std: 0.0794047519890842
F1 (Intime): [0.7083333333333333, 0.5333333333333333, 0.5555555555555556, 0.7482517482517483, 0.6666666666666666, 0.7754010695187166, 0.625668449197861, 0.7333333333333334, 0.5804195804195804, 0.5555555555555556, 0.641025641025641, 0.6888888888888889, 0.6571428571428571, 0.8333333333333334, 0.7333333333333334]
 mean: 0.6690828452593159, std: 0.08548880890588537
--------------------------------------------------
Subject Number: 17
Accuracy Cross: [0.6060606060606061, 0.5757575757575758, 0.5151515151515151, 0.5757575757575758, 0.42424242424242425, 0.45454545454545453, 0.48484848484848486, 0.5151515151515151, 0.48484848484848486, 0.5454545454545454, 0.375, 0.4375, 0.53125, 0.5625, 0.53125]
 mean: 0.5079545454545454, std: 0.062160271965093675
F1 Score: [0.5814634146341464, 0.5722222222222222, 0.5037593984962406, 0.5227272727272727, 0.41565703634669154, 0.4540441176470588, 0.4672364672364672, 0.5111111111111111, 0.4771668219944082, 0.5386766076421249, 0.375, 0.43529411764705883, 0.5076923076923077, 0.5555555555555556, 0.5076923076923077]
 mean: 0.49501991724299826, std: 0.05625383756458456
Accuracy Intime: [0.6428571428571429, 0.5714285714285714, 0.4166666666666667, 0.5, 0.5833333333333334, 0.7142857142857143, 0.7142857142857143, 0.4166666666666667, 0.6666666666666666, 0.75, 0.7142857142857143, 0.5714285714285714, 0.42857142857142855, 0.75, 0.5833333333333334]
 mean: 0.6015873015873017, std: 0.11524618450772159
F1 (Intime): [0.5906432748538011, 0.5625, 0.4125874125874126, 0.4375, 0.5804195804195804, 0.7083333333333333, 0.65, 0.4125874125874126, 0.6571428571428571, 0.7482517482517483, 0.7083333333333333, 0.475, 0.37777777777777777, 0.7482517482517483, 0.5555555555555556]
 mean: 0.5749922689396373, std: 0.12364662349922474
--------------------------------------------------
Subject Number: 18
Accuracy Cross: [0.6060606060606061, 0.7272727272727273, 0.696969696969697, 0.5757575757575758, 0.6363636363636364, 0.59375, 0.65625, 0.5625, 0.65625, 0.5, 0.65625, 0.5625, 0.6875, 0.5, 0.5]
 mean: 0.6078282828282828, std: 0.07147446125985485
F1 Score: [0.6060606060606061, 0.7262672811059908, 0.6966911764705883, 0.5557692307692308, 0.6360294117647058, 0.5933528836754643, 0.6559139784946236, 0.5625, 0.6559139784946236, 0.5, 0.6532019704433498, 0.5555555555555556, 0.6825396825396826, 0.4920634920634921, 0.4980392156862745]
 mean: 0.6046598975416125, std: 0.07285882674925769
Accuracy Intime: [0.5, 0.7857142857142857, 0.6666666666666666, 0.6666666666666666, 0.5, 0.6428571428571429, 0.6428571428571429, 0.5833333333333334, 0.5833333333333334, 0.6666666666666666, 0.5714285714285714, 0.6428571428571429, 0.9166666666666666, 0.5833333333333334, 0.4166666666666667]
 mean: 0.6246031746031746, std: 0.11541003395945933
F1 (Intime): [0.49743589743589745, 0.7754010695187166, 0.625, 0.625, 0.4857142857142857, 0.625668449197861, 0.641025641025641, 0.5555555555555556, 0.4957983193277311, 0.6666666666666666, 0.5625, 0.5238095238095237, 0.9111111111111111, 0.4957983193277311, 0.37777777777777777]
 mean: 0.5909508410979, std: 0.1260237093911873
--------------------------------------------------
Subject Number: 19
Accuracy Cross: [0.5, 0.40625, 0.5, 0.34375, 0.46875, 0.4375, 0.25, 0.34375, 0.34375, 0.21875, 0.5, 0.71875, 0.625, 0.625, 0.5]
 mean: 0.45208333333333334, std: 0.1349511228391804
F1 Score: [0.3816425120772947, 0.3764102564102564, 0.4458874458874459, 0.2558139534883721, 0.39756367663344405, 0.41700404858299595, 0.22267206477732793, 0.3107692307692308, 0.32732732732732733, 0.2179863147605083, 0.4920634920634921, 0.7046153846153846, 0.625, 0.5636363636363637, 0.5]
 mean: 0.4158928047352963, std: 0.13827046108834937
Accuracy Intime: [0.6428571428571429, 0.6428571428571429, 0.5833333333333334, 0.8333333333333334, 0.6666666666666666, 0.7142857142857143, 0.5714285714285714, 0.75, 0.5833333333333334, 0.5833333333333334, 0.42857142857142855, 0.5, 0.8333333333333334, 0.75, 0.5833333333333334]
 mean: 0.6444444444444445, std: 0.11158064059235931
F1 (Intime): [0.641025641025641, 0.5238095238095237, 0.5804195804195804, 0.8285714285714285, 0.6571428571428571, 0.7083333333333333, 0.5714285714285714, 0.7333333333333334, 0.5555555555555556, 0.5555555555555556, 0.41666666666666663, 0.47593582887700536, 0.8125, 0.7333333333333334, 0.5555555555555556]
 mean: 0.6232777843071962, std: 0.1164608829759992
--------------------------------------------------
Subject Number: 20
Accuracy Cross: [0.5625, 0.65625, 0.625, 0.53125, 0.5, 0.59375, 0.6875, 0.625, 0.59375, 0.71875, 0.5151515151515151, 0.48484848484848486, 0.6363636363636364, 0.48484848484848486, 0.5757575757575758]
 mean: 0.5860479797979798, std: 0.07075400904138958
F1 Score: [0.49090909090909085, 0.6267232237539766, 0.5636363636363637, 0.3992490613266583, 0.4181818181818182, 0.5588547189819725, 0.6862745098039216, 0.611336032388664, 0.5588547189819725, 0.7046153846153846, 0.5111111111111111, 0.4771668219944082, 0.6333333333333333, 0.4771668219944082, 0.5557692307692308]
 mean: 0.5515454827854875, std: 0.08760714877923917
Accuracy Intime: [0.7857142857142857, 0.7142857142857143, 0.6666666666666666, 0.5833333333333334, 0.75, 0.6428571428571429, 0.7857142857142857, 0.75, 0.6666666666666666, 0.4166666666666667, 0.7142857142857143, 0.8571428571428571, 0.8333333333333334, 0.6666666666666666, 0.9166666666666666]
 mean: 0.7166666666666667, std: 0.11714350238562776
F1 (Intime): [0.7846153846153847, 0.6888888888888889, 0.625, 0.4957983193277311, 0.7482517482517483, 0.5906432748538011, 0.7754010695187166, 0.6974789915966386, 0.6571428571428571, 0.37777777777777777, 0.7083333333333333, 0.8444444444444444, 0.8125, 0.6571428571428571, 0.916083916083916]
 mean: 0.691966857531873, std: 0.13201014046490347
--------------------------------------------------
Subject Number: 21
Accuracy Cross: [0.375, 0.28125, 0.375, 0.34375, 0.46875, 0.5625, 0.40625, 0.375, 0.5625, 0.5, 0.40625, 0.5, 0.28125, 0.3125, 0.65625]
 mean: 0.4270833333333333, std: 0.10744830798523022
F1 Score: [0.36507936507936506, 0.26326326326326327, 0.3333333333333333, 0.3107692307692308, 0.4420512820512821, 0.5151515151515151, 0.3913913913913914, 0.37254901960784315, 0.5151515151515151, 0.4920634920634921, 0.3764102564102564, 0.4980392156862745, 0.26326326326326327, 0.30158730158730157, 0.6267232237539766]
 mean: 0.40445511123755357, std: 0.10314075267205151
Accuracy Intime: [0.5, 0.7142857142857143, 0.6666666666666666, 0.5, 0.3333333333333333, 0.5, 0.5714285714285714, 0.5833333333333334, 0.5833333333333334, 0.5, 0.5714285714285714, 0.6428571428571429, 0.5833333333333334, 0.5833333333333334, 0.75]
 mean: 0.5722222222222222, std: 0.0980214958865284
F1 (Intime): [0.49743589743589745, 0.7142857142857143, 0.4, 0.3333333333333333, 0.3333333333333333, 0.4269005847953216, 0.5625, 0.3684210526315789, 0.5555555555555556, 0.4857142857142857, 0.5625, 0.625668449197861, 0.5555555555555556, 0.5804195804195804, 0.7482517482517483]
 mean: 0.5166583393673178, std: 0.12330254310669683
--------------------------------------------------
Subject Number: 22
Accuracy Cross: [0.4375, 0.5625, 0.5, 0.5625, 0.65625, 0.5454545454545454, 0.6060606060606061, 0.6666666666666666, 0.6666666666666666, 0.5151515151515151, 0.59375, 0.4375, 0.375, 0.53125, 0.625]
 mean: 0.5520833333333334, std: 0.08542625480912289
F1 Score: [0.4375, 0.5465587044534412, 0.4980392156862745, 0.49090909090909085, 0.6476476476476476, 0.5386766076421249, 0.5195968645016797, 0.6158730158730159, 0.593505039193729, 0.45454545454545453, 0.5901477832512315, 0.43529411764705883, 0.3333333333333333, 0.5076923076923077, 0.625]
 mean: 0.5222879454917593, std: 0.08262372409868705
Accuracy Intime: [0.42857142857142855, 0.5, 0.6666666666666666, 0.6666666666666666, 0.5833333333333334, 0.6428571428571429, 0.6428571428571429, 0.5833333333333334, 0.5, 0.5, 0.7857142857142857, 0.5714285714285714, 0.5833333333333334, 0.5833333333333334, 0.5]
 mean: 0.5825396825396825, std: 0.08709933281472348
F1 (Intime): [0.42857142857142855, 0.47593582887700536, 0.625, 0.625, 0.5555555555555556, 0.641025641025641, 0.641025641025641, 0.5555555555555556, 0.4375, 0.5, 0.7754010695187166, 0.5625, 0.4957983193277311, 0.5555555555555556, 0.5]
 mean: 0.5582949730008553, std: 0.08894499885351484
--------------------------------------------------
Subject Number: 23
Accuracy Cross: [0.6060606060606061, 0.6060606060606061, 0.5151515151515151, 0.48484848484848486, 0.6060606060606061, 0.5, 0.5625, 0.625, 0.53125, 0.46875, 0.5151515151515151, 0.6060606060606061, 0.48484848484848486, 0.5757575757575758, 0.5454545454545454]
 mean: 0.5488636363636364, std: 0.05124357448129312
F1 Score: [0.5925925925925926, 0.5460317460317461, 0.47619047619047616, 0.40634920634920635, 0.5925925925925926, 0.4980392156862745, 0.5625, 0.625, 0.530791788856305, 0.4682306940371457, 0.49230769230769234, 0.5662285136501517, 0.4672364672364672, 0.49782608695652175, 0.44568868980963045]
 mean: 0.5178403841531202, std: 0.05988582011924832
Accuracy Intime: [0.5, 0.6428571428571429, 0.75, 0.3333333333333333, 0.75, 0.42857142857142855, 0.5714285714285714, 0.6428571428571429, 0.75, 0.5833333333333334, 0.5714285714285714, 0.6428571428571429, 0.6666666666666666, 0.5, 0.5833333333333334]
 mean: 0.5944444444444446, std: 0.11537728268396863
F1 (Intime): [0.49743589743589745, 0.5238095238095237, 0.6974789915966386, 0.25, 0.7333333333333334, 0.37777777777777777, 0.475, 0.5906432748538011, 0.7482517482517483, 0.5804195804195804, 0.5625, 0.625668449197861, 0.625, 0.4375, 0.5804195804195804]
 mean: 0.5536825438063829, std: 0.1293217471565474
--------------------------------------------------
Subject Number: 24
Accuracy Cross: [0.5, 0.46875, 0.53125, 0.5, 0.59375, 0.5, 0.53125, 0.53125, 0.4375, 0.65625, 0.53125, 0.5, 0.3125, 0.53125, 0.5]
 mean: 0.5083333333333333, std: 0.07168604389202188
F1 Score: [0.4817813765182186, 0.4682306940371457, 0.5270935960591133, 0.4666666666666667, 0.5901477832512315, 0.4980392156862745, 0.530791788856305, 0.530791788856305, 0.43529411764705883, 0.6532019704433498, 0.5270935960591133, 0.4920634920634921, 0.30980392156862746, 0.5270935960591133, 0.4980392156862745]
 mean: 0.5024088546305526, std: 0.07233868506399595
Accuracy Intime: [0.42857142857142855, 0.5714285714285714, 0.4166666666666667, 0.75, 0.4166666666666667, 0.5, 0.6428571428571429, 0.5833333333333334, 0.9166666666666666, 0.5, 0.6428571428571429, 0.6428571428571429, 0.5833333333333334, 0.5833333333333334, 0.4166666666666667]
 mean: 0.5730158730158731, std: 0.1339742720381536
F1 (Intime): [0.41666666666666663, 0.5714285714285714, 0.37777777777777777, 0.7482517482517483, 0.4125874125874126, 0.47593582887700536, 0.641025641025641, 0.5804195804195804, 0.916083916083916, 0.4857142857142857, 0.625668449197861, 0.641025641025641, 0.5804195804195804, 0.5804195804195804, 0.4125874125874126]
 mean: 0.564400806165512, std: 0.13917940236508894
--------------------------------------------------
Subject Number: 25
Accuracy Cross: [0.3939393939393939, 0.45454545454545453, 0.5454545454545454, 0.42424242424242425, 0.48484848484848486, 0.6875, 0.59375, 0.625, 0.65625, 0.5625, 0.6875, 0.53125, 0.65625, 0.5625, 0.53125]
 mean: 0.5597853535353535, std: 0.08983534838757143
F1 Score: [0.2826086956521739, 0.44172932330827064, 0.5454545454545454, 0.3660262891809909, 0.4327603640040445, 0.6536796536796536, 0.5588547189819725, 0.625, 0.6267232237539766, 0.5333333333333333, 0.6761133603238867, 0.5076923076923077, 0.6389743589743591, 0.45893719806763283, 0.5076923076923077]
 mean: 0.5237053120066304, std: 0.10917021838581992
Accuracy Intime: [0.7857142857142857, 0.7142857142857143, 0.6666666666666666, 0.75, 0.75, 0.6428571428571429, 0.5714285714285714, 0.5, 0.6666666666666666, 0.5833333333333334, 0.5714285714285714, 0.5, 0.3333333333333333, 0.5, 0.4166666666666667]
 mean: 0.5968253968253968, std: 0.1264273508046976
F1 (Intime): [0.7846153846153847, 0.7142857142857143, 0.6666666666666666, 0.7333333333333334, 0.7482517482517483, 0.625668449197861, 0.5625, 0.4857142857142857, 0.625, 0.5804195804195804, 0.5333333333333333, 0.49743589743589745, 0.25, 0.3333333333333333, 0.4125874125874126]
 mean: 0.5702096759449701, std: 0.15008132948834316
--------------------------------------------------
Subject Number: 26
Accuracy Cross: [0.5151515151515151, 0.48484848484848486, 0.5151515151515151, 0.6363636363636364, 0.5757575757575758, 0.53125, 0.5625, 0.46875, 0.6875, 0.75, 0.625, 0.625, 0.5, 0.625, 0.6875]
 mean: 0.5859848484848484, std: 0.08151438290539217
F1 Score: [0.5111111111111111, 0.4672364672364672, 0.5037593984962406, 0.6192307692307693, 0.5557692307692308, 0.5076923076923077, 0.5607843137254902, 0.464039408866995, 0.6666666666666667, 0.7408906882591093, 0.6190476190476191, 0.611336032388664, 0.4817813765182186, 0.611336032388664, 0.6761133603238867]
 mean: 0.5731196521814294, std: 0.08144721524582627
Accuracy Intime: [0.5, 0.6428571428571429, 0.4166666666666667, 0.5, 0.9166666666666666, 0.6428571428571429, 0.7857142857142857, 0.5833333333333334, 0.75, 0.5833333333333334, 0.5, 0.42857142857142855, 0.25, 0.5833333333333334, 0.5]
 mean: 0.5722222222222223, std: 0.1582612120422671
F1 (Intime): [0.49743589743589745, 0.641025641025641, 0.37777777777777777, 0.3333333333333333, 0.916083916083916, 0.625668449197861, 0.7846153846153847, 0.5555555555555556, 0.7333333333333334, 0.5804195804195804, 0.49743589743589745, 0.41666666666666663, 0.2, 0.5555555555555556, 0.4375]
 mean: 0.5434937992290934, std: 0.17740750835291166
--------------------------------------------------
Subject Number: 27
Accuracy Cross: [0.6060606060606061, 0.5757575757575758, 0.5151515151515151, 0.5757575757575758, 0.42424242424242425, 0.45454545454545453, 0.48484848484848486, 0.5151515151515151, 0.48484848484848486, 0.5454545454545454, 0.375, 0.4375, 0.53125, 0.5625, 0.53125]
 mean: 0.5079545454545454, std: 0.062160271965093675
F1 Score: [0.5814634146341464, 0.5722222222222222, 0.5037593984962406, 0.5227272727272727, 0.41565703634669154, 0.4540441176470588, 0.4672364672364672, 0.5111111111111111, 0.4771668219944082, 0.5386766076421249, 0.375, 0.43529411764705883, 0.5076923076923077, 0.5555555555555556, 0.5076923076923077]
 mean: 0.49501991724299826, std: 0.05625383756458456
Accuracy Intime: [0.6428571428571429, 0.5714285714285714, 0.4166666666666667, 0.5, 0.5833333333333334, 0.7142857142857143, 0.7142857142857143, 0.4166666666666667, 0.6666666666666666, 0.75, 0.7142857142857143, 0.5714285714285714, 0.42857142857142855, 0.75, 0.5833333333333334]
 mean: 0.6015873015873017, std: 0.11524618450772159
F1 (Intime): [0.5906432748538011, 0.5625, 0.4125874125874126, 0.4375, 0.5804195804195804, 0.7083333333333333, 0.65, 0.4125874125874126, 0.6571428571428571, 0.7482517482517483, 0.7083333333333333, 0.475, 0.37777777777777777, 0.7482517482517483, 0.5555555555555556]
 mean: 0.5749922689396373, std: 0.12364662349922474
--------------------------------------------------
Subject Number: 28
Accuracy Cross: [0.75, 0.46875, 0.40625, 0.5, 0.34375, 0.5, 0.59375, 0.4375, 0.5625, 0.625, 0.59375, 0.28125, 0.59375, 0.59375, 0.4375]
 mean: 0.5125, std: 0.11681538140730156
F1 Score: [0.746031746031746, 0.464039408866995, 0.4056695992179863, 0.4817813765182186, 0.343108504398827, 0.4920634920634921, 0.5588547189819725, 0.4, 0.5151515151515151, 0.6, 0.5733333333333333, 0.24512820512820513, 0.5733333333333333, 0.5901477832512315, 0.43529411764705883]
 mean: 0.49492914226159435, std: 0.11749305235380968
Accuracy Intime: [0.7142857142857143, 0.6428571428571429, 0.6666666666666666, 0.6666666666666666, 0.3333333333333333, 0.42857142857142855, 0.6428571428571429, 0.5833333333333334, 0.5833333333333334, 0.4166666666666667, 0.7857142857142857, 0.7857142857142857, 0.6666666666666666, 0.5, 0.6666666666666666]
 mean: 0.6055555555555556, std: 0.1285028231619625
F1 (Intime): [0.7142857142857143, 0.641025641025641, 0.6571428571428571, 0.6571428571428571, 0.3142857142857143, 0.3, 0.625668449197861, 0.4957983193277311, 0.5804195804195804, 0.37777777777777777, 0.7846153846153847, 0.7754010695187166, 0.6571428571428571, 0.4857142857142857, 0.6571428571428571]
 mean: 0.5815708909826557, std: 0.14911657468997253
--------------------------------------------------
Subject Number: 29
Accuracy Cross: [0.75, 0.5, 0.65625, 0.71875, 0.625, 0.5, 0.625, 0.5625, 0.625, 0.59375, 0.6666666666666666, 0.6060606060606061, 0.6060606060606061, 0.6666666666666666, 0.5757575757575758]
 mean: 0.6184974747474747, std: 0.06708384546380759
F1 Score: [0.7333333333333334, 0.4920634920634921, 0.6389743589743591, 0.681063122923588, 0.536231884057971, 0.4666666666666667, 0.6, 0.5465587044534412, 0.6, 0.5134502923976608, 0.6666666666666666, 0.6060606060606061, 0.6046082949308755, 0.6616961789375583, 0.5753676470588236]
 mean: 0.5948494165683361, std: 0.07221584676383414
Accuracy Intime: [0.7142857142857143, 0.7857142857142857, 0.5833333333333334, 0.75, 0.4166666666666667, 0.5714285714285714, 0.7142857142857143, 0.5833333333333334, 0.6666666666666666, 0.5833333333333334, 0.6428571428571429, 0.5714285714285714, 0.5833333333333334, 0.8333333333333334, 0.6666666666666666]
 mean: 0.6444444444444444, std: 0.10165548307198753
F1 (Intime): [0.7083333333333333, 0.7846153846153847, 0.5555555555555556, 0.7333333333333334, 0.37777777777777777, 0.5625, 0.7142857142857143, 0.5804195804195804, 0.625, 0.5804195804195804, 0.5906432748538011, 0.5333333333333333, 0.5804195804195804, 0.8285714285714285, 0.6571428571428571]
 mean: 0.6274900489374174, std: 0.10951531453709407
--------------------------------------------------
**************************************************
accuracy_cross_list: [0.6247474747474747, 0.5791035353535353, 0.4392045454545453, 0.5434343434343434, 0.5041666666666667, 0.5164772727272727, 0.48125, 0.49166666666666664, 0.6166666666666667, 0.4615530303030303, 0.5292929292929293, 0.5152146464646464, 0.568371212121212, 0.4791666666666667, 0.5708333333333333, 0.5854166666666667, 0.5079545454545454, 0.6078282828282828, 0.45208333333333334, 0.5860479797979798, 0.4270833333333333, 0.5520833333333334, 0.5488636363636364, 0.5083333333333333, 0.5597853535353535, 0.5859848484848484, 0.5079545454545454, 0.5125, 0.6184974747474747]
f1_score_list: [0.6068923558685315, 0.5609385212249123, 0.42513407590355645, 0.5155237218992303, 0.49425553752861584, 0.47581422591639716, 0.473464609224539, 0.483012485247241, 0.6027488872919557, 0.4512017546762616, 0.48120870594378845, 0.4852037209134959, 0.5541789276448746, 0.4580175808692889, 0.5625799061150295, 0.559907570715463, 0.49501991724299826, 0.6046598975416125, 0.4158928047352963, 0.5515454827854875, 0.40445511123755357, 0.5222879454917593, 0.5178403841531202, 0.5024088546305526, 0.5237053120066304, 0.5731196521814294, 0.49501991724299826, 0.49492914226159435, 0.5948494165683361]
accuracy_intime_list: [0.6857142857142857, 0.5833333333333335, 0.5730158730158731, 0.6365079365079366, 0.5920634920634921, 0.6293650793650795, 0.526984126984127, 0.5873015873015873, 0.6230158730158731, 0.6857142857142856, 0.5515873015873016, 0.5603174603174603, 0.6214285714285714, 0.55, 0.6936507936507936, 0.6825396825396824, 0.6015873015873017, 0.6246031746031746, 0.6444444444444445, 0.7166666666666667, 0.5722222222222222, 0.5825396825396825, 0.5944444444444446, 0.5730158730158731, 0.5968253968253968, 0.5722222222222223, 0.6015873015873017, 0.6055555555555556, 0.6444444444444444]
f1_score_intime_list: [0.673111518111518, 0.5600214608805941, 0.5477957227957229, 0.5942747067747067, 0.5686099031687266, 0.6048914220740845, 0.5022261026440593, 0.5683713291066232, 0.5919285593434199, 0.6578544993018677, 0.5193170695260478, 0.5177716074774898, 0.6044725644725644, 0.5186831151304836, 0.6791049794145769, 0.6690828452593159, 0.5749922689396373, 0.5909508410979, 0.6232777843071962, 0.691966857531873, 0.5166583393673178, 0.5582949730008553, 0.5536825438063829, 0.564400806165512, 0.5702096759449701, 0.5434937992290934, 0.5749922689396373, 0.5815708909826557, 0.6274900489374174]
**************************************************
ACC: 53.38±5.43
F1: 51.33±5.53
Intime: 61.08±4.69
F1 (Intime): 58.45±5.13
