1e-03
Subject Number: 1
Accuracy Cross: [0.2619047619047619, 0.28095238095238095, 0.3047619047619048, 0.26666666666666666, 0.28095238095238095, 0.29523809523809524, 0.319047619047619, 0.34285714285714286, 0.3, 0.2857142857142857, 0.3, 0.2761904761904762, 0.319047619047619, 0.24761904761904763, 0.28095238095238095]
 mean: 0.29079365079365077, std: 0.02380740731333672
F1 Score: [0.20912764221221933, 0.22129638986896089, 0.24988131453640405, 0.21707909601254266, 0.2432431920362955, 0.29785007272064484, 0.31816185008620385, 0.34117916241014906, 0.30460309955345416, 0.28481842150006026, 0.3055737041744717, 0.277237760400881, 0.3266680515478922, 0.26016602445173875, 0.284977516556464]
 mean: 0.2761242198712255, std: 0.039887344092234454
Accuracy Intime: [0.39285714285714285, 0.44047619047619047, 0.4166666666666667, 0.39285714285714285, 0.34523809523809523, 0.3333333333333333, 0.4166666666666667, 0.32142857142857145, 0.27380952380952384, 0.2976190476190476, 0.32142857142857145, 0.36904761904761907, 0.2976190476190476, 0.30952380952380953, 0.32142857142857145]
 mean: 0.3499999999999999, std: 0.04952533575181807
F1 (Intime): [0.3929321736597278, 0.42762597416462045, 0.4191548702992791, 0.39924816651623524, 0.3394308594308595, 0.31664253059601893, 0.40376233810005296, 0.317371906755775, 0.28273804905383854, 0.29870981544968156, 0.3048747145024424, 0.32924732718405847, 0.27950843390771485, 0.31642042042042035, 0.295838277301692]
 mean: 0.34156705715616115, std: 0.05022707877733846
--------------------------------------------------
Subject Number: 2
Accuracy Cross: [0.319047619047619, 0.319047619047619, 0.2571428571428571, 0.3238095238095238, 0.28095238095238095, 0.2904761904761905, 0.2619047619047619, 0.2619047619047619, 0.2714285714285714, 0.2761904761904762, 0.2571428571428571, 0.2714285714285714, 0.2619047619047619, 0.21428571428571427, 0.2571428571428571]
 mean: 0.2749206349206349, std: 0.027954539635239768
F1 Score: [0.3009650111436085, 0.30416342372864114, 0.23763872913390802, 0.2863030087656953, 0.21175098140130988, 0.2954812042696858, 0.2681660102349757, 0.25296188826717547, 0.274344251769369, 0.2810716257170621, 0.2659837634898301, 0.2794837417663498, 0.2632018983359184, 0.2158435983575961, 0.2536703491043054]
 mean: 0.2660686323656954, std: 0.027124883748894456
Accuracy Intime: [0.40476190476190477, 0.2619047619047619, 0.3333333333333333, 0.30952380952380953, 0.2976190476190476, 0.38095238095238093, 0.2261904761904762, 0.2976190476190476, 0.27380952380952384, 0.2261904761904762, 0.36904761904761907, 0.34523809523809523, 0.38095238095238093, 0.34523809523809523, 0.2857142857142857]
 mean: 0.31587301587301586, std: 0.05392154841734294
F1 (Intime): [0.41267450223332575, 0.27362126245847174, 0.33174603174603173, 0.3061296462158531, 0.2708952855294319, 0.37917748917748917, 0.20521440893781318, 0.3033420739303092, 0.2769886449203337, 0.2306273913258705, 0.36401602229188434, 0.34529411764705886, 0.3839594122352743, 0.33387202448671716, 0.27329263329263326]
 mean: 0.3127233964285665, std: 0.056875067122325824
--------------------------------------------------
Subject Number: 3
Accuracy Cross: [0.2571428571428571, 0.2619047619047619, 0.2857142857142857, 0.22857142857142856, 0.24285714285714285, 0.22857142857142856, 0.2523809523809524, 0.2904761904761905, 0.3, 0.24761904761904763, 0.24761904761904763, 0.2619047619047619, 0.2523809523809524, 0.24761904761904763, 0.24761904761904763]
 mean: 0.2568253968253968, std: 0.020087989866103332
F1 Score: [0.2231305883392502, 0.20002162111421065, 0.23030730349074235, 0.1883919414599145, 0.1800674469848146, 0.23617027713563288, 0.25316541294050865, 0.28023379536293846, 0.29631188675112163, 0.2448671710503075, 0.2457409805015486, 0.2578513044078147, 0.23622010697715795, 0.24533651436072917, 0.24905341498969902]
 mean: 0.23779131772442605, std: 0.03015156600010369
Accuracy Intime: [0.32142857142857145, 0.2976190476190476, 0.36904761904761907, 0.2619047619047619, 0.25, 0.27380952380952384, 0.21428571428571427, 0.2857142857142857, 0.27380952380952384, 0.2857142857142857, 0.25, 0.30952380952380953, 0.34523809523809523, 0.36904761904761907, 0.30952380952380953]
 mean: 0.2944444444444444, std: 0.042695167162897674
F1 (Intime): [0.2963804226962121, 0.2900829562594268, 0.3718676607642125, 0.25320091773364417, 0.2018440818440818, 0.2730204025365316, 0.20991024177898482, 0.2843719248125228, 0.2678661071953755, 0.2826516404742211, 0.24527614858260022, 0.31182751093529154, 0.33848998883016856, 0.3651483416189299, 0.288925378580551]
 mean: 0.2853909149761836, std: 0.04712016063260394
--------------------------------------------------
Subject Number: 4
Accuracy Cross: [0.21428571428571427, 0.21428571428571427, 0.17142857142857143, 0.28095238095238095, 0.22380952380952382, 0.2714285714285714, 0.28095238095238095, 0.24761904761904763, 0.2714285714285714, 0.29523809523809524, 0.2571428571428571, 0.2523809523809524, 0.2714285714285714, 0.22380952380952382, 0.2714285714285714]
 mean: 0.2498412698412698, std: 0.03261663374994621
F1 Score: [0.20911017349048505, 0.21164143046495987, 0.16835388129525372, 0.28118688439703743, 0.22220945328834643, 0.2733613857663682, 0.27576656811352357, 0.24251818152017282, 0.2682887245713058, 0.2941585781838575, 0.2583850797857197, 0.24964400801944525, 0.2567549101200084, 0.20797563297163527, 0.2697308067026481]
 mean: 0.2459390465793845, std: 0.033792045704052226
Accuracy Intime: [0.27380952380952384, 0.27380952380952384, 0.2976190476190476, 0.30952380952380953, 0.2619047619047619, 0.2619047619047619, 0.20238095238095238, 0.2619047619047619, 0.30952380952380953, 0.30952380952380953, 0.23809523809523808, 0.23809523809523808, 0.35714285714285715, 0.30952380952380953, 0.25]
 mean: 0.276984126984127, std: 0.037512070787607855
F1 (Intime): [0.26450464111754435, 0.2711142721669037, 0.291918606523069, 0.3098966678277023, 0.25373392612859097, 0.26511466011466006, 0.20185235816814764, 0.2623432821404424, 0.30531868131868134, 0.29244255508321526, 0.2350140056022409, 0.22943452717319102, 0.35989554501351234, 0.3042838642838643, 0.2535220741103094]
 mean: 0.2733593111181383, std: 0.03748269188457644
--------------------------------------------------
Subject Number: 5
Accuracy Cross: [0.3142857142857143, 0.319047619047619, 0.3523809523809524, 0.2714285714285714, 0.26666666666666666, 0.2619047619047619, 0.22380952380952382, 0.2714285714285714, 0.3, 0.2619047619047619, 0.23333333333333334, 0.29523809523809524, 0.2857142857142857, 0.24761904761904763, 0.2571428571428571]
 mean: 0.2774603174603174, std: 0.03305858043668524
F1 Score: [0.2735793610233562, 0.28332144979203805, 0.32436492333098516, 0.2375465599472347, 0.23513744454560254, 0.26712653635822187, 0.22073379274142485, 0.278340252764432, 0.30901466943416017, 0.26390903972871804, 0.2410069374963352, 0.3024284767095331, 0.29220677688917257, 0.2592629412507709, 0.27214823668730737]
 mean: 0.27067515991328617, std: 0.02825723240826782
Accuracy Intime: [0.32142857142857145, 0.3333333333333333, 0.4166666666666667, 0.34523809523809523, 0.39285714285714285, 0.38095238095238093, 0.3333333333333333, 0.3333333333333333, 0.30952380952380953, 0.25, 0.2857142857142857, 0.36904761904761907, 0.38095238095238093, 0.3333333333333333, 0.34523809523809523]
 mean: 0.342063492063492, std: 0.041116932847582915
F1 (Intime): [0.33135934229862885, 0.3388476388476388, 0.4271902937420179, 0.35747348764067033, 0.39618777335495603, 0.3642037962037962, 0.3363142739613328, 0.3390234495051939, 0.30638694638694636, 0.248868475697744, 0.2602028397565923, 0.3692873792873793, 0.3816757919083501, 0.3199245273867123, 0.32442396313364064]
 mean: 0.3400913319407734, std: 0.04530150869023919
--------------------------------------------------
Subject Number: 6
Accuracy Cross: [0.2, 0.21428571428571427, 0.18095238095238095, 0.2, 0.24285714285714285, 0.19523809523809524, 0.18571428571428572, 0.20476190476190476, 0.2, 0.23809523809523808, 0.2523809523809524, 0.20952380952380953, 0.28095238095238095, 0.21428571428571427, 0.26666666666666666]
 mean: 0.21904761904761905, std: 0.029095718698132315
F1 Score: [0.19199904902292375, 0.21128363873569356, 0.1814929194576105, 0.19869564690134053, 0.23497141253639203, 0.1922152029710169, 0.18523451021811507, 0.2002908025642726, 0.1989413087684159, 0.23845265981809854, 0.2513828867761452, 0.20981021130937255, 0.27643916413886077, 0.2073477097010091, 0.26687992977053654]
 mean: 0.2163624701793202, std: 0.02899118081685612
Accuracy Intime: [0.25, 0.30952380952380953, 0.2261904761904762, 0.2857142857142857, 0.2619047619047619, 0.2619047619047619, 0.2857142857142857, 0.27380952380952384, 0.27380952380952384, 0.25, 0.23809523809523808, 0.2976190476190476, 0.2261904761904762, 0.3333333333333333, 0.2976190476190476]
 mean: 0.27142857142857146, std: 0.02986490114639171
F1 (Intime): [0.251631008961376, 0.292089876101504, 0.22511717673007997, 0.26044947891851267, 0.25566154907710886, 0.25962408464955156, 0.2783268053855569, 0.27371794871794874, 0.272095623674571, 0.24811282329308898, 0.2393897122929381, 0.2926063147086506, 0.22767396302516926, 0.32173199607410136, 0.29238797713442743]
 mean: 0.26604108924963904, std: 0.02581055005280814
--------------------------------------------------
Subject Number: 7
Accuracy Cross: [0.20952380952380953, 0.22857142857142856, 0.24285714285714285, 0.23809523809523808, 0.23333333333333334, 0.2571428571428571, 0.22857142857142856, 0.23333333333333334, 0.23333333333333334, 0.22857142857142856, 0.20952380952380953, 0.24761904761904763, 0.23809523809523808, 0.23809523809523808, 0.1761904761904762]
 mean: 0.22952380952380955, std: 0.01858160079576113
F1 Score: [0.2081139273956671, 0.22380694534585527, 0.24216517418046868, 0.23487915204016918, 0.2235854735189821, 0.2547079566614246, 0.2258137300774637, 0.23431190620609116, 0.22724043384772216, 0.22737797892426834, 0.21196892251548646, 0.24406510494618733, 0.234079504724666, 0.23244756391055876, 0.17267759617067752]
 mean: 0.2264827580310459, std: 0.018325322235876993
Accuracy Intime: [0.25, 0.2857142857142857, 0.20238095238095238, 0.3333333333333333, 0.2976190476190476, 0.21428571428571427, 0.23809523809523808, 0.25, 0.25, 0.16666666666666666, 0.2261904761904762, 0.30952380952380953, 0.23809523809523808, 0.25, 0.2261904761904762]
 mean: 0.2492063492063492, std: 0.041573970964154904
F1 (Intime): [0.24830878776359405, 0.27518347777982666, 0.2033691798397681, 0.3257426110269139, 0.297373949579832, 0.20137327208815856, 0.23985991955631425, 0.22765231874223887, 0.24500640971229207, 0.1562962962962963, 0.2194000595010413, 0.2978643578643579, 0.23996031746031746, 0.2462385620915033, 0.2218312187352435]
 mean: 0.24303071586917988, std: 0.04161094994053918
--------------------------------------------------
Subject Number: 8
Accuracy Cross: [0.34285714285714286, 0.3047619047619048, 0.3047619047619048, 0.29523809523809524, 0.3047619047619048, 0.319047619047619, 0.2857142857142857, 0.3238095238095238, 0.3333333333333333, 0.2761904761904762, 0.2857142857142857, 0.2904761904761905, 0.29523809523809524, 0.3047619047619048, 0.3047619047619048]
 mean: 0.30476190476190473, std: 0.017817416127494955
F1 Score: [0.34027029520592805, 0.2953839297956945, 0.29522733587774236, 0.2859272066886267, 0.2958091420016803, 0.3307403304067489, 0.2976952665931404, 0.3265615013178303, 0.3435164596885472, 0.28921637619249785, 0.29944309018974796, 0.30417864208263123, 0.31074641250803164, 0.3124624328579422, 0.3110170860515688]
 mean: 0.30921303383055726, std: 0.017670874126118032
Accuracy Intime: [0.40476190476190477, 0.36904761904761907, 0.36904761904761907, 0.30952380952380953, 0.3333333333333333, 0.38095238095238093, 0.30952380952380953, 0.34523809523809523, 0.2976190476190476, 0.34523809523809523, 0.38095238095238093, 0.4166666666666667, 0.3333333333333333, 0.32142857142857145, 0.35714285714285715]
 mean: 0.3515873015873015, std: 0.034191522584980975
F1 (Intime): [0.3734846901905725, 0.3531155799448482, 0.36777337267195287, 0.3167905623787977, 0.33412331305415127, 0.3718062397372742, 0.30948370257193786, 0.3445474353232974, 0.2801129426129426, 0.34068070818070817, 0.36688226349516667, 0.410419783820785, 0.32415241958852503, 0.2801993355481728, 0.37933610533610534]
 mean: 0.3435272302970159, std: 0.03564442570211524
--------------------------------------------------
Subject Number: 9
Accuracy Cross: [0.18571428571428572, 0.20952380952380953, 0.2619047619047619, 0.19523809523809524, 0.20952380952380953, 0.20476190476190476, 0.23333333333333334, 0.16666666666666666, 0.20952380952380953, 0.23333333333333334, 0.22380952380952382, 0.28095238095238095, 0.2714285714285714, 0.2761904761904762, 0.2571428571428571]
 mean: 0.22793650793650794, std: 0.033934117248413505
F1 Score: [0.17972439157723313, 0.20851035421085723, 0.2543191880444338, 0.1863481874920307, 0.204519568653979, 0.2036977378954176, 0.230240214108333, 0.1699687397854264, 0.21192548684706716, 0.2227580567580567, 0.22816695038309948, 0.2830863512412727, 0.27510398587528406, 0.283973722701723, 0.25932668535122044]
 mean: 0.22677797472836234, std: 0.03585501934331962
Accuracy Intime: [0.30952380952380953, 0.2976190476190476, 0.36904761904761907, 0.2857142857142857, 0.32142857142857145, 0.3333333333333333, 0.2619047619047619, 0.21428571428571427, 0.36904761904761907, 0.23809523809523808, 0.27380952380952384, 0.2976190476190476, 0.32142857142857145, 0.2857142857142857, 0.2976190476190476]
 mean: 0.2984126984126984, std: 0.04111693284758292
F1 (Intime): [0.32355296472943534, 0.2961511686511687, 0.37148873711561736, 0.27931553020482236, 0.31926737665277566, 0.3378606303091429, 0.25907597778565516, 0.21854538594776285, 0.3669361798773564, 0.22973449314912728, 0.2808067384811571, 0.29738859738859735, 0.342162353775257, 0.29634782608695653, 0.2915130673195189]
 mean: 0.3006764684982901, std: 0.043105600582318465
--------------------------------------------------
Subject Number: 10
Accuracy Cross: [0.21428571428571427, 0.22857142857142856, 0.21428571428571427, 0.19523809523809524, 0.23333333333333334, 0.24761904761904763, 0.24285714285714285, 0.22380952380952382, 0.24761904761904763, 0.19523809523809524, 0.2714285714285714, 0.23809523809523808, 0.2, 0.2523809523809524, 0.22380952380952382]
 mean: 0.2285714285714286, std: 0.02150779007740231
F1 Score: [0.20920464477766107, 0.2250183193942234, 0.20867190340485706, 0.1910633688527874, 0.21768695805035546, 0.23978413531498832, 0.2413124240340295, 0.2173468264175636, 0.24942800174709784, 0.19189815062985793, 0.2641448001217464, 0.2375583704697629, 0.19245571873609255, 0.2503957106877424, 0.22412941677309495]
 mean: 0.2240065832941241, std: 0.022116400569516373
Accuracy Intime: [0.32142857142857145, 0.2857142857142857, 0.3333333333333333, 0.2261904761904762, 0.27380952380952384, 0.20238095238095238, 0.2857142857142857, 0.3333333333333333, 0.16666666666666666, 0.2857142857142857, 0.2857142857142857, 0.21428571428571427, 0.35714285714285715, 0.2261904761904762, 0.2261904761904762]
 mean: 0.26825396825396824, std: 0.0537460411217048
F1 (Intime): [0.2992836892836893, 0.2818318318318318, 0.3351931476931477, 0.21459311929900166, 0.2729836176895001, 0.19893939393939392, 0.2854884570236077, 0.3237294030694318, 0.16178908810487758, 0.2789014469014469, 0.28847255520173753, 0.2099891140053412, 0.35361111111111115, 0.21230952380952378, 0.2115052336724163]
 mean: 0.2619080488424039, std: 0.0547678000737323
--------------------------------------------------
Subject Number: 11
Accuracy Cross: [0.2, 0.23333333333333334, 0.19047619047619047, 0.19523809523809524, 0.24285714285714285, 0.2571428571428571, 0.24285714285714285, 0.2571428571428571, 0.29523809523809524, 0.2761904761904762, 0.3047619047619048, 0.319047619047619, 0.3, 0.28095238095238095, 0.26666666666666666]
 mean: 0.25746031746031744, std: 0.03909276007330068
F1 Score: [0.19425495870573678, 0.22799927021884744, 0.1880160088924095, 0.19084472903213304, 0.23391327382318874, 0.2558337247836173, 0.2438826778698409, 0.2608316068176878, 0.2962749886134296, 0.2771624868841321, 0.30475330993191313, 0.3153525342092063, 0.3029381062280302, 0.28023221291524625, 0.2619907102200834]
 mean: 0.25561870660970015, std: 0.040755511953412975
Accuracy Intime: [0.34523809523809523, 0.2619047619047619, 0.2619047619047619, 0.3333333333333333, 0.35714285714285715, 0.20238095238095238, 0.19047619047619047, 0.25, 0.2857142857142857, 0.2857142857142857, 0.20238095238095238, 0.2976190476190476, 0.2619047619047619, 0.2619047619047619, 0.25]
 mean: 0.2698412698412698, std: 0.048341086770924
F1 (Intime): [0.34513138899548634, 0.2624532414187587, 0.26211084741030294, 0.33515044727568444, 0.35388264486936216, 0.19568029568029568, 0.19164026095060577, 0.23547387890098886, 0.2846754961792913, 0.28521723926916687, 0.20541407281644974, 0.3072623681345791, 0.2625650146872558, 0.25685990506770906, 0.2460702533887118]
 mean: 0.2686391570029766, std: 0.04945036102758148
--------------------------------------------------
Subject Number: 12
Accuracy Cross: [0.23333333333333334, 0.2523809523809524, 0.3142857142857143, 0.29523809523809524, 0.21428571428571427, 0.30952380952380953, 0.26666666666666666, 0.26666666666666666, 0.2857142857142857, 0.2571428571428571, 0.22857142857142856, 0.23333333333333334, 0.21904761904761905, 0.23333333333333334, 0.21904761904761905]
 mean: 0.25523809523809526, std: 0.032334233337171385
F1 Score: [0.2445184493750176, 0.26184230040965606, 0.3135862077835786, 0.3042919527516854, 0.21927207006414923, 0.26857287161551474, 0.21791988319096167, 0.21802321222738663, 0.22656470941292559, 0.20419392867668731, 0.23453425605397332, 0.24341457573903091, 0.22713148920045473, 0.2372984931290934, 0.22899620459861425]
 mean: 0.24334404028191525, std: 0.030433327203632246
Accuracy Intime: [0.2261904761904762, 0.23809523809523808, 0.2857142857142857, 0.2976190476190476, 0.38095238095238093, 0.40476190476190477, 0.2976190476190476, 0.2976190476190476, 0.27380952380952384, 0.34523809523809523, 0.2261904761904762, 0.2619047619047619, 0.3333333333333333, 0.2976190476190476, 0.34523809523809523]
 mean: 0.3007936507936508, std: 0.051520102752753906
F1 (Intime): [0.2199828782717983, 0.23404091165001978, 0.2852391535150156, 0.29038304761061606, 0.3891137156617033, 0.3891707726342701, 0.2958723744128937, 0.30387976211505624, 0.2828282828282828, 0.33730297480297483, 0.2160688411462405, 0.2515891397640767, 0.3249074247961901, 0.30349984252423273, 0.3597811903694257]
 mean: 0.29891068747351984, std: 0.05307323954949436
--------------------------------------------------
Subject Number: 13
Accuracy Cross: [0.24761904761904763, 0.24761904761904763, 0.2571428571428571, 0.21428571428571427, 0.26666666666666666, 0.20952380952380953, 0.24761904761904763, 0.2571428571428571, 0.2, 0.24761904761904763, 0.21428571428571427, 0.28095238095238095, 0.23809523809523808, 0.2761904761904762, 0.24285714285714285]
 mean: 0.24317460317460318, std: 0.02342332285167837
F1 Score: [0.23919147013644165, 0.24255107259756542, 0.25230872935625215, 0.22123057455438105, 0.2615305277827956, 0.21019540355788763, 0.24759430307603064, 0.2601677060323677, 0.20432000746373094, 0.24964023965773477, 0.21002432745340432, 0.27853797837431415, 0.22180889370347723, 0.2617248011181103, 0.22671142843389402]
 mean: 0.23916916421989246, std: 0.021673444885371155
Accuracy Intime: [0.36904761904761907, 0.23809523809523808, 0.34523809523809523, 0.34523809523809523, 0.3333333333333333, 0.2976190476190476, 0.36904761904761907, 0.2976190476190476, 0.34523809523809523, 0.2857142857142857, 0.2619047619047619, 0.3333333333333333, 0.27380952380952384, 0.2857142857142857, 0.27380952380952384]
 mean: 0.3103174603174603, std: 0.039475651160145675
F1 (Intime): [0.36687490785788, 0.23105927134564902, 0.34965393200687317, 0.34491773720982644, 0.3300694651738295, 0.284596042527077, 0.3707824760244115, 0.2881377881377881, 0.33645909645909644, 0.285368492224476, 0.2716390748676966, 0.3276569107375266, 0.2726472750666299, 0.28882947118241237, 0.2607393600497049]
 mean: 0.30729542005805843, std: 0.040603050304024155
--------------------------------------------------
Subject Number: 14
Accuracy Cross: [0.24285714285714285, 0.2523809523809524, 0.29523809523809524, 0.3, 0.2571428571428571, 0.3380952380952381, 0.29523809523809524, 0.30952380952380953, 0.29523809523809524, 0.2523809523809524, 0.29523809523809524, 0.2761904761904762, 0.26666666666666666, 0.2523809523809524, 0.28095238095238095]
 mean: 0.2806349206349206, std: 0.02575931780965181
F1 Score: [0.2563196666480092, 0.2643431045698488, 0.30264067868808586, 0.30309693437025664, 0.26264505399164595, 0.33088815252475207, 0.2859964041536217, 0.30118355088794885, 0.291425886774724, 0.25223549216104024, 0.2871180504402119, 0.26643887143570083, 0.2527230462784165, 0.24676932406661947, 0.2675429977074787]
 mean: 0.2780911476465574, std: 0.02354043894836529
Accuracy Intime: [0.2857142857142857, 0.39285714285714285, 0.30952380952380953, 0.3333333333333333, 0.3333333333333333, 0.39285714285714285, 0.30952380952380953, 0.2976190476190476, 0.20238095238095238, 0.2619047619047619, 0.36904761904761907, 0.36904761904761907, 0.39285714285714285, 0.36904761904761907, 0.44047619047619047]
 mean: 0.3373015873015874, std: 0.05923208938744537
F1 (Intime): [0.2823733037721905, 0.39763041556145007, 0.30557924203273046, 0.3228067402509593, 0.3286955184818291, 0.3897043261749144, 0.30584312239484657, 0.2905637451978916, 0.1984334894551613, 0.23014662756598242, 0.36473285486443385, 0.3617447686413203, 0.40461251167133516, 0.3722681645602538, 0.4281720430107526]
 mean: 0.33222045824240337, std: 0.06303826099500112
--------------------------------------------------
**************************************************
accuracy_cross_list: [0.29079365079365077, 0.2749206349206349, 0.2568253968253968, 0.2498412698412698, 0.2774603174603174, 0.21904761904761905, 0.22952380952380955, 0.30476190476190473, 0.22793650793650794, 0.2285714285714286, 0.25746031746031744, 0.25523809523809526, 0.24317460317460318, 0.2806349206349206]
f1_score_list: [0.2761242198712255, 0.2660686323656954, 0.23779131772442605, 0.2459390465793845, 0.27067515991328617, 0.2163624701793202, 0.2264827580310459, 0.30921303383055726, 0.22677797472836234, 0.2240065832941241, 0.25561870660970015, 0.24334404028191525, 0.23916916421989246, 0.2780911476465574]
accuracy_intime_list: [0.3499999999999999, 0.31587301587301586, 0.2944444444444444, 0.276984126984127, 0.342063492063492, 0.27142857142857146, 0.2492063492063492, 0.3515873015873015, 0.2984126984126984, 0.26825396825396824, 0.2698412698412698, 0.3007936507936508, 0.3103174603174603, 0.3373015873015874]
f1_score_intime_list: [0.34156705715616115, 0.3127233964285665, 0.2853909149761836, 0.2733593111181383, 0.3400913319407734, 0.26604108924963904, 0.24303071586917988, 0.3435272302970159, 0.3006764684982901, 0.2619080488424039, 0.2686391570029766, 0.29891068747351984, 0.30729542005805843, 0.33222045824240337]
**************************************************
ACC: 25.69±2.51
F1: 25.11±2.52
Intime: 30.26±3.21
F1 (Intime): 29.82±3.18
