1e-03
Subject Number: 1
Accuracy Cross: [0.20588235294117646, 0.3088235294117647, 0.23529411764705882, 0.3235294117647059, 0.3382352941176471, 0.3188405797101449, 0.2753623188405797, 0.3333333333333333, 0.30434782608695654, 0.2898550724637681, 0.23529411764705882, 0.38235294117647056, 0.3088235294117647, 0.27941176470588236, 0.3235294117647059]
 mean: 0.29752770673486784, std: 0.04417077712861729
F1 Score: [0.19511038131727787, 0.3016441589811155, 0.23002322880371662, 0.31578428472838416, 0.3295809881175735, 0.2894533571004159, 0.24077073024441442, 0.29741578682755154, 0.25017094017094016, 0.25917502787068003, 0.23001253132832078, 0.38263575504954817, 0.3132873601623602, 0.23333333333333334, 0.32015779326618987]
 mean: 0.27923704382012143, std: 0.04836585277240787
Accuracy Intime: [0.35714285714285715, 0.39285714285714285, 0.32142857142857145, 0.5384615384615384, 0.34615384615384615, 0.5357142857142857, 0.4642857142857143, 0.35714285714285715, 0.4230769230769231, 0.34615384615384615, 0.35714285714285715, 0.39285714285714285, 0.21428571428571427, 0.2692307692307692, 0.3076923076923077]
 mean: 0.37490842490842485, std: 0.08583200019364658
F1 (Intime): [0.350801282051282, 0.3769607843137255, 0.31984681984681984, 0.532051282051282, 0.32979797979797976, 0.4988095238095238, 0.46428571428571425, 0.3602564102564102, 0.43862734487734484, 0.34375, 0.35370670995670994, 0.3967698967698967, 0.21971153846153846, 0.23039215686274508, 0.29426406926406923]
 mean: 0.36733543417366943, std: 0.08581884401037086
--------------------------------------------------
Subject Number: 2
Accuracy Cross: [0.30434782608695654, 0.34782608695652173, 0.30434782608695654, 0.2463768115942029, 0.2463768115942029, 0.27941176470588236, 0.22058823529411764, 0.27941176470588236, 0.27941176470588236, 0.3088235294117647, 0.2898550724637681, 0.2898550724637681, 0.34782608695652173, 0.2753623188405797, 0.2753623188405797]
 mean: 0.28634555271383916, std: 0.03330894694380405
F1 Score: [0.27815055315055315, 0.30210560625814864, 0.28215780998389695, 0.2605956768396207, 0.2233198924731183, 0.20638148667601683, 0.19664763577807054, 0.28166335978835977, 0.27713952713952716, 0.30657090809433996, 0.27758742193385333, 0.2764166027412453, 0.2989724961079398, 0.22706521739130434, 0.2266358331869719]
 mean: 0.26142733516953104, std: 0.03466453069891886
Accuracy Intime: [0.4642857142857143, 0.42857142857142855, 0.32142857142857145, 0.4230769230769231, 0.3076923076923077, 0.39285714285714285, 0.2857142857142857, 0.35714285714285715, 0.42857142857142855, 0.3076923076923077, 0.2857142857142857, 0.25, 0.25, 0.34615384615384615, 0.2692307692307692]
 mean: 0.34120879120879116, std: 0.06864247986094596
F1 (Intime): [0.47088744588744585, 0.4051470588235294, 0.3011599511599512, 0.31420454545454546, 0.3, 0.38012820512820505, 0.27044683257918556, 0.34859022556390973, 0.42445054945054944, 0.2976572039072039, 0.27976190476190477, 0.2342948717948718, 0.22424242424242424, 0.33539438502673796, 0.23920454545454545]
 mean: 0.32170467661566726, std: 0.07021790099847174
--------------------------------------------------
Subject Number: 3
Accuracy Cross: [0.25, 0.22058823529411764, 0.23529411764705882, 0.19117647058823528, 0.23529411764705882, 0.2608695652173913, 0.18840579710144928, 0.21739130434782608, 0.2028985507246377, 0.2463768115942029, 0.2318840579710145, 0.2028985507246377, 0.2753623188405797, 0.2318840579710145, 0.2753623188405797]
 mean: 0.23104575163398694, std: 0.02675474101066948
F1 Score: [0.24629726890756304, 0.21519001831501833, 0.23300899307091255, 0.18748770653029112, 0.23410138248847923, 0.2282077743378053, 0.17935455747955747, 0.21195054945054942, 0.18877247630667604, 0.2445544983636403, 0.22781531531531532, 0.1978221828184319, 0.2596945212062958, 0.20664380838799445, 0.2713854772678302]
 mean: 0.22215243534975737, std: 0.0263059681823986
Accuracy Intime: [0.35714285714285715, 0.25, 0.35714285714285715, 0.5, 0.34615384615384615, 0.42857142857142855, 0.17857142857142858, 0.2857142857142857, 0.3076923076923077, 0.38461538461538464, 0.35714285714285715, 0.2857142857142857, 0.35714285714285715, 0.3076923076923077, 0.5]
 mean: 0.3468864468864468, std: 0.08313767636008688
F1 (Intime): [0.35966386554621843, 0.20238095238095238, 0.3538461538461538, 0.4971001221001221, 0.3557109557109557, 0.4211309523809524, 0.17908549783549782, 0.26212121212121214, 0.2625, 0.36957013574660635, 0.33669467787114843, 0.26388888888888884, 0.3442640692640693, 0.27230122818358116, 0.4566176470588236]
 mean: 0.32912509059567885, std: 0.08644727814659396
--------------------------------------------------
Subject Number: 4
Accuracy Cross: [0.37681159420289856, 0.3188405797101449, 0.3333333333333333, 0.3333333333333333, 0.3333333333333333, 0.34782608695652173, 0.2898550724637681, 0.30434782608695654, 0.30434782608695654, 0.2608695652173913, 0.30434782608695654, 0.3188405797101449, 0.30434782608695654, 0.30434782608695654, 0.391304347826087]
 mean: 0.32173913043478264, std: 0.03184011024789194
F1 Score: [0.3793699809877767, 0.3028856439880188, 0.31485338262132795, 0.32177851543753, 0.31727684080625257, 0.329638238274033, 0.29200357853109277, 0.300450120339112, 0.28877118223175796, 0.2615904336834569, 0.2791362126245847, 0.3080877455877456, 0.30503432494279176, 0.3006667941956112, 0.38358307703311634]
 mean: 0.3123417380856139, std: 0.03169977918253826
Accuracy Intime: [0.32142857142857145, 0.35714285714285715, 0.5, 0.25, 0.3076923076923077, 0.25, 0.35714285714285715, 0.35714285714285715, 0.2857142857142857, 0.34615384615384615, 0.42857142857142855, 0.25, 0.5, 0.35714285714285715, 0.3076923076923077]
 mean: 0.345054945054945, std: 0.07726767398350307
F1 (Intime): [0.31077317290552586, 0.30705128205128207, 0.5083333333333333, 0.24358974358974356, 0.31303418803418803, 0.25817099567099566, 0.360989010989011, 0.32179487179487176, 0.28012820512820513, 0.3392045454545455, 0.41872771836007133, 0.25049019607843137, 0.49230769230769234, 0.35, 0.3106893106893107]
 mean: 0.3376856177591472, std: 0.07730360392649493
--------------------------------------------------
Subject Number: 5
Accuracy Cross: [0.23529411764705882, 0.17647058823529413, 0.23529411764705882, 0.35294117647058826, 0.25, 0.29411764705882354, 0.39705882352941174, 0.3235294117647059, 0.39705882352941174, 0.29411764705882354, 0.2647058823529412, 0.2647058823529412, 0.3235294117647059, 0.29411764705882354, 0.4411764705882353]
 mean: 0.3029411764705882, std: 0.06893488561273312
F1 Score: [0.2159090909090909, 0.16291061879297175, 0.2212681620637217, 0.3459326231193347, 0.23835755503733475, 0.284582307776593, 0.38876279824555693, 0.32700251817898873, 0.4059630526292831, 0.3083380387728214, 0.26509017298490983, 0.24985672429891498, 0.30672061928219563, 0.283871610845295, 0.43525641025641026]
 mean: 0.29598815354622815, std: 0.07312439366235322
Accuracy Intime: [0.42857142857142855, 0.39285714285714285, 0.42857142857142855, 0.5, 0.34615384615384615, 0.42857142857142855, 0.39285714285714285, 0.2857142857142857, 0.34615384615384615, 0.34615384615384615, 0.32142857142857145, 0.42857142857142855, 0.39285714285714285, 0.38461538461538464, 0.38461538461538464]
 mean: 0.3871794871794873, std: 0.0512244574546911
F1 (Intime): [0.43214285714285716, 0.3604728604728604, 0.4224089635854341, 0.4667207792207792, 0.3324786324786325, 0.43214285714285716, 0.38687782805429866, 0.27771942110177406, 0.2743055555555556, 0.3484848484848485, 0.3089492207139266, 0.4247474747474747, 0.41230338289161816, 0.28668261562998404, 0.3941520467836257]
 mean: 0.37070595626710184, std: 0.06097884020549853
--------------------------------------------------
Subject Number: 6
Accuracy Cross: [0.3235294117647059, 0.23529411764705882, 0.35294117647058826, 0.3088235294117647, 0.39705882352941174, 0.2608695652173913, 0.37681159420289856, 0.2898550724637681, 0.2753623188405797, 0.2608695652173913, 0.2608695652173913, 0.30434782608695654, 0.2753623188405797, 0.30434782608695654, 0.34782608695652173]
 mean: 0.30494458653026424, std: 0.045321425567692725
F1 Score: [0.31274281274281274, 0.22497448979591836, 0.34858516483516483, 0.28969038003520764, 0.38411825104817315, 0.21617210102431778, 0.32707692877513983, 0.23791070482246954, 0.23397051128143564, 0.2107142857142857, 0.24233890222197418, 0.2693446356275304, 0.27315200055474653, 0.27848202824133506, 0.3044617812061711]
 mean: 0.2769156651951122, std: 0.0495015717654746
Accuracy Intime: [0.42857142857142855, 0.32142857142857145, 0.32142857142857145, 0.35714285714285715, 0.34615384615384615, 0.39285714285714285, 0.42857142857142855, 0.32142857142857145, 0.3076923076923077, 0.2692307692307692, 0.32142857142857145, 0.2857142857142857, 0.4642857142857143, 0.5769230769230769, 0.3076923076923077]
 mean: 0.36336996336996336, std: 0.07900420443613994
F1 (Intime): [0.41792929292929293, 0.2583333333333333, 0.31135531135531136, 0.3368742368742369, 0.3539695598519128, 0.3761655011655012, 0.4219298245614035, 0.2986111111111111, 0.2382610939112487, 0.21666666666666667, 0.29940191387559806, 0.2863293569175922, 0.4572740984505691, 0.5925716440422323, 0.26641414141414144]
 mean: 0.34213913909734345, std: 0.09538828862777382
--------------------------------------------------
Subject Number: 7
Accuracy Cross: [0.35294117647058826, 0.3088235294117647, 0.25, 0.35294117647058826, 0.3382352941176471, 0.27941176470588236, 0.27941176470588236, 0.3088235294117647, 0.35294117647058826, 0.3382352941176471, 0.29411764705882354, 0.3235294117647059, 0.2647058823529412, 0.3382352941176471, 0.3088235294117647]
 mean: 0.3127450980392157, std: 0.03242712825204163
F1 Score: [0.3277421652421652, 0.3023654470862755, 0.23249701314217444, 0.34496996996997, 0.31960153499913435, 0.2723841149362971, 0.28203083466241363, 0.31632366171839854, 0.34764267990074443, 0.3288140020898641, 0.2916478477140242, 0.32510561393341364, 0.2665063195623467, 0.329515730916593, 0.31132064031045353]
 mean: 0.3065645050789512, std: 0.03094648884798416
Accuracy Intime: [0.32142857142857145, 0.42857142857142855, 0.35714285714285715, 0.2692307692307692, 0.3076923076923077, 0.2857142857142857, 0.35714285714285715, 0.39285714285714285, 0.38461538461538464, 0.3076923076923077, 0.4642857142857143, 0.39285714285714285, 0.42857142857142855, 0.38461538461538464, 0.19230769230769232]
 mean: 0.3516483516483518, std: 0.06902113735139431
F1 (Intime): [0.30396825396825394, 0.4076388888888889, 0.34150641025641026, 0.23042582417582416, 0.2923076923076923, 0.24374999999999997, 0.3574862637362637, 0.37702020202020203, 0.36696024563671625, 0.31303418803418803, 0.46016483516483514, 0.4065101565101565, 0.40261437908496733, 0.37164502164502167, 0.1678362573099415]
 mean: 0.33619124124929084, std: 0.07561255613654094
--------------------------------------------------
Subject Number: 8
Accuracy Cross: [0.20588235294117646, 0.25, 0.22058823529411764, 0.3088235294117647, 0.20588235294117646, 0.3235294117647059, 0.22058823529411764, 0.22058823529411764, 0.17647058823529413, 0.16176470588235295, 0.14705882352941177, 0.19117647058823528, 0.19117647058823528, 0.23529411764705882, 0.29411764705882354]
 mean: 0.22352941176470587, std: 0.05014396804919381
F1 Score: [0.21182451971925656, 0.23579192546583852, 0.21972140762463344, 0.30629058441558443, 0.1968141746120404, 0.3278388278388278, 0.21507243921037028, 0.21703296703296704, 0.16738459050852936, 0.13751293995859215, 0.1357843137254902, 0.18991664682067158, 0.19562912304061006, 0.22938311688311686, 0.29041017313081124]
 mean: 0.2184271833324893, std: 0.05362493229501739
Accuracy Intime: [0.32142857142857145, 0.32142857142857145, 0.2857142857142857, 0.19230769230769232, 0.23076923076923078, 0.21428571428571427, 0.32142857142857145, 0.2857142857142857, 0.19230769230769232, 0.3076923076923077, 0.14285714285714285, 0.35714285714285715, 0.2857142857142857, 0.3076923076923077, 0.38461538461538464]
 mean: 0.27673992673992676, std: 0.06554729866579116
F1 (Intime): [0.27340909090909093, 0.27067307692307696, 0.27044683257918556, 0.19791666666666666, 0.24395396270396272, 0.17028985507246375, 0.31109022556390975, 0.28787878787878785, 0.19084249084249086, 0.3058608058608059, 0.10833333333333334, 0.39037433155080214, 0.2717948717948718, 0.2984126984126984, 0.3840659340659341]
 mean: 0.26502286427720534, std: 0.07278498465156713
--------------------------------------------------
Subject Number: 9
Accuracy Cross: [0.36764705882352944, 0.35294117647058826, 0.3088235294117647, 0.3382352941176471, 0.4117647058823529, 0.27941176470588236, 0.29411764705882354, 0.38235294117647056, 0.3235294117647059, 0.3235294117647059, 0.22058823529411764, 0.38235294117647056, 0.23529411764705882, 0.3088235294117647, 0.4117647058823529]
 mean: 0.32941176470588235, std: 0.05575320473769776
F1 Score: [0.3816356107660456, 0.3410193109501865, 0.3118466898954704, 0.33686021803399857, 0.40823517567703616, 0.29114219114219114, 0.3036414565826331, 0.39344019344019343, 0.3255293810314094, 0.33842046864316216, 0.21668087524865018, 0.40006805807622503, 0.22775619224051982, 0.30596606458675424, 0.43125444386365336]
 mean: 0.33423308867854196, std: 0.060205824942409655
Accuracy Intime: [0.42857142857142855, 0.2857142857142857, 0.39285714285714285, 0.38461538461538464, 0.34615384615384615, 0.5, 0.4642857142857143, 0.2857142857142857, 0.3076923076923077, 0.5384615384615384, 0.32142857142857145, 0.4642857142857143, 0.42857142857142855, 0.5, 0.46153846153846156]
 mean: 0.4073260073260074, std: 0.0800230078683448
F1 (Intime): [0.3938254727728412, 0.26408668730650153, 0.4113636363636364, 0.3902097902097902, 0.2707792207792208, 0.502262443438914, 0.45529689608636975, 0.2549019607843137, 0.30192307692307696, 0.5044642857142857, 0.3214285714285714, 0.40501336898395723, 0.38421052631578945, 0.45075757575757575, 0.44577677224736045]
 mean: 0.3837533523408137, std: 0.08070301941968669
--------------------------------------------------
Subject Number: 10
Accuracy Cross: [0.17647058823529413, 0.3088235294117647, 0.2647058823529412, 0.23529411764705882, 0.27941176470588236, 0.23529411764705882, 0.19117647058823528, 0.17647058823529413, 0.20588235294117646, 0.23529411764705882, 0.21739130434782608, 0.2608695652173913, 0.2898550724637681, 0.2318840579710145, 0.2318840579710145]
 mean: 0.2360471724921853, std: 0.038223979962472274
F1 Score: [0.15955710955710956, 0.2917085917085917, 0.2546525032938076, 0.22465034965034966, 0.2701898326898327, 0.20753833969328245, 0.17528355773153811, 0.16500553709856036, 0.20264592323415853, 0.23094093406593408, 0.17787114845938373, 0.26044503149766307, 0.27673745173745173, 0.21980519480519478, 0.2338700059630292]
 mean: 0.2233934340790591, std: 0.04065011812474094
Accuracy Intime: [0.25, 0.42857142857142855, 0.32142857142857145, 0.19230769230769232, 0.23076923076923078, 0.35714285714285715, 0.32142857142857145, 0.32142857142857145, 0.34615384615384615, 0.2692307692307692, 0.2857142857142857, 0.35714285714285715, 0.32142857142857145, 0.23076923076923078, 0.34615384615384615]
 mean: 0.3053113553113553, std: 0.05976030785956695
F1 (Intime): [0.22673872180451127, 0.38385627530364375, 0.2918353576248313, 0.18846153846153843, 0.24196428571428572, 0.3487179487179487, 0.2785714285714286, 0.31180555555555556, 0.34427043544690605, 0.2741758241758242, 0.25882352941176473, 0.35563456151691447, 0.29561403508771933, 0.23214285714285712, 0.3107627666451196]
 mean: 0.28955834141205655, std: 0.05276894597534736
--------------------------------------------------
Subject Number: 11
Accuracy Cross: [0.30434782608695654, 0.2753623188405797, 0.2608695652173913, 0.2753623188405797, 0.2318840579710145, 0.3188405797101449, 0.2753623188405797, 0.34782608695652173, 0.2898550724637681, 0.36231884057971014, 0.30434782608695654, 0.30434782608695654, 0.391304347826087, 0.2753623188405797, 0.2753623188405797]
 mean: 0.29951690821256044, std: 0.04018673303011676
F1 Score: [0.2903810975609756, 0.2500432114769683, 0.2612901403145306, 0.2729982718894009, 0.20211834733893558, 0.31238579474342926, 0.2568805765271105, 0.33388107178213805, 0.2571196919023006, 0.35585383819079475, 0.25741865347128506, 0.2949056603773585, 0.34125795257374203, 0.23153495440729482, 0.23582875457875457]
 mean: 0.2769265344756679, std: 0.04232929736078988
Accuracy Intime: [0.21428571428571427, 0.25, 0.25, 0.39285714285714285, 0.3076923076923077, 0.25, 0.32142857142857145, 0.42857142857142855, 0.39285714285714285, 0.38461538461538464, 0.2857142857142857, 0.2857142857142857, 0.4642857142857143, 0.39285714285714285, 0.38461538461538464]
 mean: 0.33369963369963374, std: 0.0741376015117998
F1 (Intime): [0.22417582417582418, 0.2406204906204906, 0.2572829131652661, 0.4015151515151515, 0.301010101010101, 0.2316849816849817, 0.29543067226890757, 0.3960991493886231, 0.37689777327935226, 0.3435897435897436, 0.25476190476190474, 0.27771942110177406, 0.42205128205128206, 0.39553167420814483, 0.3672619047619048]
 mean: 0.31904219917223015, std: 0.06772165440345869
--------------------------------------------------
Subject Number: 12
Accuracy Cross: [0.3235294117647059, 0.35294117647058826, 0.2647058823529412, 0.3235294117647059, 0.27941176470588236, 0.2608695652173913, 0.2608695652173913, 0.2608695652173913, 0.2753623188405797, 0.3188405797101449, 0.3382352941176471, 0.29411764705882354, 0.22058823529411764, 0.3088235294117647, 0.3235294117647059]
 mean: 0.29374822392725203, std: 0.035574453216738404
F1 Score: [0.3172704283230599, 0.3245939790057437, 0.25052839216925904, 0.3111111111111111, 0.2646816359154953, 0.2501676439398665, 0.2554945054945055, 0.24606504606504606, 0.26509017298490983, 0.30363500206238414, 0.31910797535797536, 0.2702564102564103, 0.21655844155844156, 0.2961664636889284, 0.31336020894844424]
 mean: 0.28027249445877206, std: 0.032551671712963796
Accuracy Intime: [0.35714285714285715, 0.35714285714285715, 0.35714285714285715, 0.34615384615384615, 0.34615384615384615, 0.21428571428571427, 0.21428571428571427, 0.42857142857142855, 0.2692307692307692, 0.3076923076923077, 0.4642857142857143, 0.5, 0.32142857142857145, 0.3076923076923077, 0.38461538461538464]
 mean: 0.345054945054945, std: 0.0776768407129315
F1 (Intime): [0.3408119658119658, 0.35470085470085466, 0.35427807486631013, 0.3422417043740573, 0.34017857142857144, 0.2126068376068376, 0.18846153846153846, 0.3958333333333333, 0.21944444444444444, 0.3009803921568628, 0.4648586707410237, 0.4792622582096266, 0.317173023055376, 0.2533738191632928, 0.3648989898989899]
 mean: 0.3286069652168723, std: 0.08184290740040809
--------------------------------------------------
Subject Number: 13
Accuracy Cross: [0.29411764705882354, 0.29411764705882354, 0.2647058823529412, 0.2647058823529412, 0.3382352941176471, 0.2318840579710145, 0.2318840579710145, 0.2463768115942029, 0.30434782608695654, 0.2318840579710145, 0.25, 0.3088235294117647, 0.2647058823529412, 0.25, 0.29411764705882354]
 mean: 0.2713270815572606, std: 0.03147726550913091
F1 Score: [0.2877274874274124, 0.2959313268643897, 0.2750721500721501, 0.2645161290322581, 0.33100859072726085, 0.231203007518797, 0.21183006535947713, 0.24315476190476187, 0.30781010051654334, 0.22124593648412103, 0.2301201671891327, 0.2945957268537914, 0.2791843739784243, 0.24827760891590678, 0.2736492716208741]
 mean: 0.2663551136310201, std: 0.033412899137454335
Accuracy Intime: [0.39285714285714285, 0.32142857142857145, 0.2857142857142857, 0.2692307692307692, 0.2692307692307692, 0.25, 0.42857142857142855, 0.42857142857142855, 0.2692307692307692, 0.4230769230769231, 0.32142857142857145, 0.32142857142857145, 0.2857142857142857, 0.5, 0.3076923076923077]
 mean: 0.33827838827838824, std: 0.07395412988032637
F1 (Intime): [0.3847818847818848, 0.319331983805668, 0.30550005550005555, 0.2595029239766082, 0.22156862745098038, 0.23156565656565656, 0.38958333333333334, 0.4277777777777778, 0.24107142857142855, 0.4513257575757576, 0.3262362637362637, 0.27692307692307694, 0.23763736263736263, 0.5182152406417112, 0.3136655011655012]
 mean: 0.32697912496287107, std: 0.08671317329024912
--------------------------------------------------
Subject Number: 14
Accuracy Cross: [0.23529411764705882, 0.23529411764705882, 0.23529411764705882, 0.25, 0.25, 0.19117647058823528, 0.23529411764705882, 0.25, 0.3088235294117647, 0.2647058823529412, 0.22058823529411764, 0.27941176470588236, 0.2647058823529412, 0.3088235294117647, 0.25]
 mean: 0.2519607843137255, std: 0.0298335765778489
F1 Score: [0.23777089783281735, 0.21891354102616659, 0.2358008658008658, 0.2469187675070028, 0.2482638888888889, 0.166751012145749, 0.22332664505839378, 0.24418859649122804, 0.2844979628285985, 0.23235876589535126, 0.20689524291497974, 0.2657618961498272, 0.252902288072018, 0.2943015543015543, 0.24094978297564504]
 mean: 0.23997344719260574, std: 0.029618054905294493
Accuracy Intime: [0.25, 0.35714285714285715, 0.39285714285714285, 0.3076923076923077, 0.34615384615384615, 0.32142857142857145, 0.4642857142857143, 0.32142857142857145, 0.5769230769230769, 0.2692307692307692, 0.21428571428571427, 0.32142857142857145, 0.2857142857142857, 0.34615384615384615, 0.34615384615384615]
 mean: 0.3413919413919413, std: 0.08512327159390953
F1 (Intime): [0.26274509803921564, 0.31623803827751196, 0.39485645933014357, 0.24603174603174605, 0.3523300229182582, 0.2751196172248804, 0.47267316017316013, 0.31456105169340465, 0.5844017094017094, 0.24288946347769877, 0.1898989898989899, 0.32728937728937724, 0.2482456140350877, 0.3408326967150497, 0.3325757575757576]
 mean: 0.3267125868054661, std: 0.09614707155490562
--------------------------------------------------
Subject Number: 15
Accuracy Cross: [0.3235294117647059, 0.19117647058823528, 0.23529411764705882, 0.29411764705882354, 0.27941176470588236, 0.35294117647058826, 0.35294117647058826, 0.4117647058823529, 0.36764705882352944, 0.39705882352941174, 0.27941176470588236, 0.27941176470588236, 0.27941176470588236, 0.3382352941176471, 0.27941176470588236]
 mean: 0.31078431372549015, std: 0.05805047585524495
F1 Score: [0.31972498390673054, 0.17403381642512075, 0.23886895268474215, 0.30213710707896757, 0.27630957570473696, 0.36180780004309415, 0.3493780525030525, 0.41053351573187413, 0.3708065208065208, 0.4020732021809608, 0.29217729985181623, 0.2881944444444444, 0.28363858363858363, 0.36056998556998554, 0.2992043750851847]
 mean: 0.3152972143770543, std: 0.060605536302768284
Accuracy Intime: [0.42857142857142855, 0.4642857142857143, 0.4642857142857143, 0.38461538461538464, 0.3076923076923077, 0.42857142857142855, 0.25, 0.5, 0.46153846153846156, 0.3076923076923077, 0.42857142857142855, 0.4642857142857143, 0.39285714285714285, 0.46153846153846156, 0.38461538461538464]
 mean: 0.4086080586080587, std: 0.06898078789785196
F1 (Intime): [0.42291021671826623, 0.4572740984505691, 0.44426406926406925, 0.4033119658119658, 0.2742081447963801, 0.427252024291498, 0.2536789297658863, 0.5065934065934066, 0.47649572649572647, 0.32042957042957043, 0.4246031746031746, 0.4530885780885781, 0.4348484848484848, 0.38636363636363635, 0.38116883116883116]
 mean: 0.4044327238460029, std: 0.0693689451616929
--------------------------------------------------
Subject Number: 16
Accuracy Cross: [0.29411764705882354, 0.23529411764705882, 0.3382352941176471, 0.2647058823529412, 0.20588235294117646, 0.3088235294117647, 0.3235294117647059, 0.36764705882352944, 0.27941176470588236, 0.25, 0.2647058823529412, 0.35294117647058826, 0.25, 0.23529411764705882, 0.29411764705882354]
 mean: 0.28431372549019607, std: 0.045458914193606405
F1 Score: [0.278368999421631, 0.2284140584018185, 0.3312359256155651, 0.25170306551793226, 0.20061893048811652, 0.29636466408268736, 0.29675585040460745, 0.36991833030852994, 0.27961560085341947, 0.24261638120333773, 0.2556951448778013, 0.3395762560343286, 0.24546194546194547, 0.22020511494195708, 0.2768498942917548]
 mean: 0.27422667746036217, std: 0.04534374343143488
Accuracy Intime: [0.39285714285714285, 0.35714285714285715, 0.42857142857142855, 0.34615384615384615, 0.4230769230769231, 0.39285714285714285, 0.42857142857142855, 0.42857142857142855, 0.34615384615384615, 0.3076923076923077, 0.39285714285714285, 0.35714285714285715, 0.4642857142857143, 0.34615384615384615, 0.34615384615384615]
 mean: 0.3838827838827838, std: 0.042553950861414225
F1 (Intime): [0.37861990950226243, 0.31221719457013575, 0.41363022941970307, 0.3663632119514472, 0.4270833333333333, 0.3958333333333333, 0.44375, 0.4166666666666667, 0.32615995115995117, 0.3074404761904762, 0.31858974358974357, 0.3273809523809524, 0.45906279178338005, 0.346780303030303, 0.33941058941058944]
 mean: 0.37193257908815186, std: 0.04934149898247902
--------------------------------------------------
Subject Number: 17
Accuracy Cross: [0.34782608695652173, 0.36231884057971014, 0.34782608695652173, 0.37681159420289856, 0.463768115942029, 0.36231884057971014, 0.30434782608695654, 0.37681159420289856, 0.36231884057971014, 0.3333333333333333, 0.47058823529411764, 0.38235294117647056, 0.35294117647058826, 0.27941176470588236, 0.2647058823529412]
 mean: 0.35917874396135263, std: 0.05403606857050653
F1 Score: [0.29631410256410257, 0.3554270932319713, 0.33818979123857174, 0.36502517316470806, 0.4491655687307861, 0.3259584746633776, 0.2961484593837535, 0.3528388278388278, 0.3322866344605475, 0.2676657329598506, 0.47629259181678535, 0.3785822021116138, 0.3157374661951321, 0.27489016109705766, 0.2677536231884058]
 mean: 0.33948506017636604, std: 0.05909178748275806
Accuracy Intime: [0.25, 0.35714285714285715, 0.2857142857142857, 0.5, 0.23076923076923078, 0.35714285714285715, 0.5357142857142857, 0.32142857142857145, 0.46153846153846156, 0.4230769230769231, 0.42857142857142855, 0.42857142857142855, 0.42857142857142855, 0.39285714285714285, 0.3076923076923077]
 mean: 0.3805860805860807, std: 0.08646861339928337
F1 (Intime): [0.20980392156862743, 0.3604166666666667, 0.2653846153846154, 0.4039907460960092, 0.20361990950226244, 0.3281926406926407, 0.5085891812865497, 0.3205128205128205, 0.4119397759103641, 0.35082013574660637, 0.4186274509803921, 0.41050420168067225, 0.40816993464052287, 0.39743589743589747, 0.2861111111111111]
 mean: 0.35227460061438404, std: 0.08148893908428771
--------------------------------------------------
Subject Number: 18
Accuracy Cross: [0.3333333333333333, 0.34782608695652173, 0.2753623188405797, 0.21739130434782608, 0.2318840579710145, 0.3235294117647059, 0.3235294117647059, 0.2647058823529412, 0.2647058823529412, 0.20588235294117646, 0.3088235294117647, 0.29411764705882354, 0.25, 0.25, 0.22058823529411764]
 mean: 0.27411196362603013, std: 0.04419050826433093
F1 Score: [0.32934587813620075, 0.35751289152024446, 0.27448785156695904, 0.22032934928495396, 0.24004507353653465, 0.3128205128205128, 0.31412376903749745, 0.2645363408521303, 0.29160652517578706, 0.2039390756302521, 0.3068356374807988, 0.296110751993105, 0.24989495798319328, 0.2489177489177489, 0.222580770425598]
 mean: 0.27553914229076776, std: 0.04311376841722955
Accuracy Intime: [0.2857142857142857, 0.39285714285714285, 0.4642857142857143, 0.2692307692307692, 0.19230769230769232, 0.21428571428571427, 0.25, 0.32142857142857145, 0.19230769230769232, 0.23076923076923078, 0.25, 0.2857142857142857, 0.5357142857142857, 0.3076923076923077, 0.3076923076923077]
 mean: 0.3, std: 0.0943189657633114
F1 (Intime): [0.2711004273504274, 0.3876373626373626, 0.4747564935064935, 0.24634740259740262, 0.1776660839160839, 0.22008547008547008, 0.2579365079365079, 0.30672105672105676, 0.2121212121212121, 0.22357174988753936, 0.2527146464646465, 0.22559604138551506, 0.528030303030303, 0.3005952380952381, 0.3184149184149184]
 mean: 0.2935529942766784, std: 0.09596874207140917
--------------------------------------------------
Subject Number: 19
Accuracy Cross: [0.29411764705882354, 0.2647058823529412, 0.38235294117647056, 0.3235294117647059, 0.36764705882352944, 0.3088235294117647, 0.29411764705882354, 0.23529411764705882, 0.29411764705882354, 0.2647058823529412, 0.2647058823529412, 0.25, 0.29411764705882354, 0.22058823529411764, 0.35294117647058826]
 mean: 0.2941176470588235, std: 0.045564509955381374
F1 Score: [0.2628633271490414, 0.19874141876430204, 0.35072983932257573, 0.2957142857142857, 0.33227016885553473, 0.28419359208832895, 0.2679055361982191, 0.21599664230826168, 0.2751951061850631, 0.24481203007518795, 0.2533910533910534, 0.24554060195629654, 0.2706582633053221, 0.22594710094710097, 0.34533834586466167]
 mean: 0.2712864874750157, std: 0.04353902801116855
Accuracy Intime: [0.42857142857142855, 0.4642857142857143, 0.35714285714285715, 0.46153846153846156, 0.46153846153846156, 0.32142857142857145, 0.35714285714285715, 0.32142857142857145, 0.34615384615384615, 0.2692307692307692, 0.35714285714285715, 0.35714285714285715, 0.4642857142857143, 0.34615384615384615, 0.4230769230769231]
 mean: 0.38241758241758245, std: 0.06063239301627876
F1 (Intime): [0.3982456140350877, 0.3912280701754386, 0.36834733893557425, 0.4125541125541125, 0.4630952380952381, 0.3141414141414141, 0.34672619047619047, 0.31856378915202443, 0.33406593406593404, 0.24545454545454545, 0.3351540616246499, 0.3408119658119658, 0.3918581418581419, 0.2965686274509804, 0.4094967532467533]
 mean: 0.3577541198052034, std: 0.05296905458851707
--------------------------------------------------
Subject Number: 20
Accuracy Cross: [0.3088235294117647, 0.4117647058823529, 0.27941176470588236, 0.25, 0.35294117647058826, 0.3088235294117647, 0.35294117647058826, 0.35294117647058826, 0.3382352941176471, 0.3235294117647059, 0.391304347826087, 0.2753623188405797, 0.4057971014492754, 0.34782608695652173, 0.34782608695652173]
 mean: 0.33650184711565784, std: 0.04525500500705792
F1 Score: [0.301345029239766, 0.42300950683303623, 0.2793075780880659, 0.24393500643500643, 0.33793859649122804, 0.2841747225205872, 0.35716327410406357, 0.3689100800782444, 0.32787120287120286, 0.34091880341880343, 0.4013157894736842, 0.26931511470985153, 0.38142220755650885, 0.34379699248120305, 0.35230326407420787]
 mean: 0.33418181122503066, std: 0.0488710327621543
Accuracy Intime: [0.39285714285714285, 0.4642857142857143, 0.35714285714285715, 0.3076923076923077, 0.38461538461538464, 0.5357142857142857, 0.5, 0.5, 0.5, 0.5, 0.42857142857142855, 0.42857142857142855, 0.39285714285714285, 0.4230769230769231, 0.2692307692307692]
 mean: 0.42564102564102574, std: 0.07422984511417426
F1 (Intime): [0.38992224880382775, 0.46050579322638147, 0.3415750915750916, 0.26785714285714285, 0.3716346153846154, 0.5159090909090909, 0.5026785714285714, 0.517081447963801, 0.45356573251310095, 0.48971861471861466, 0.42777621415392314, 0.43041125541125536, 0.4144257703081232, 0.40789473684210525, 0.21783216783216786]
 mean: 0.41391923292852084, std: 0.08417942613250605
--------------------------------------------------
Subject Number: 21
Accuracy Cross: [0.35294117647058826, 0.25, 0.27941176470588236, 0.3382352941176471, 0.27941176470588236, 0.27941176470588236, 0.29411764705882354, 0.29411764705882354, 0.3235294117647059, 0.23529411764705882, 0.14705882352941177, 0.25, 0.27941176470588236, 0.17647058823529413, 0.29411764705882354]
 mean: 0.27156862745098037, std: 0.05312242032997674
F1 Score: [0.3373015873015873, 0.24315982120860172, 0.2637581168831169, 0.3274801587301588, 0.2694556905083221, 0.28195792141025405, 0.2943722943722944, 0.2917382975179077, 0.31869229933746057, 0.2258550416445153, 0.14645777191149242, 0.25426328057907005, 0.24585526315789474, 0.1711699033680458, 0.28939116439116436]
 mean: 0.26406057415479245, std: 0.051529890858350295
Accuracy Intime: [0.39285714285714285, 0.32142857142857145, 0.32142857142857145, 0.2692307692307692, 0.3076923076923077, 0.25, 0.42857142857142855, 0.39285714285714285, 0.2692307692307692, 0.34615384615384615, 0.32142857142857145, 0.4642857142857143, 0.35714285714285715, 0.2692307692307692, 0.46153846153846156]
 mean: 0.34487179487179487, std: 0.06773982284943333
F1 (Intime): [0.36081551298942605, 0.32662337662337665, 0.2853192559074912, 0.22698412698412698, 0.3044642857142857, 0.19935064935064933, 0.42678167420814483, 0.32107512370670266, 0.25555555555555554, 0.35277777777777775, 0.30158730158730157, 0.47857142857142865, 0.29886363636363633, 0.24537815126050422, 0.46495726495726497]
 mean: 0.32327367477051155, std: 0.07972619942929385
--------------------------------------------------
Subject Number: 22
Accuracy Cross: [0.2647058823529412, 0.29411764705882354, 0.22058823529411764, 0.2647058823529412, 0.3235294117647059, 0.2753623188405797, 0.3188405797101449, 0.2898550724637681, 0.2608695652173913, 0.2753623188405797, 0.29411764705882354, 0.2647058823529412, 0.2647058823529412, 0.3088235294117647, 0.39705882352941174]
 mean: 0.287823245240125, std: 0.038634218723368606
F1 Score: [0.2541486291486291, 0.2691526819433796, 0.21738876088991288, 0.24999999999999997, 0.3007637628554144, 0.2475226062182584, 0.28185635459616787, 0.26095238095238094, 0.2606537530266344, 0.2190452091767881, 0.3115402141717931, 0.2632629321013118, 0.25767045454545456, 0.3117068117068117, 0.40407875890173295]
 mean: 0.27398288734897797, std: 0.044105449658023696
Accuracy Intime: [0.2857142857142857, 0.42857142857142855, 0.35714285714285715, 0.38461538461538464, 0.3076923076923077, 0.42857142857142855, 0.42857142857142855, 0.32142857142857145, 0.4230769230769231, 0.34615384615384615, 0.5, 0.32142857142857145, 0.2857142857142857, 0.34615384615384615, 0.2692307692307692]
 mean: 0.3622710622710622, std: 0.06511137126541028
F1 (Intime): [0.28809523809523807, 0.35657894736842105, 0.36033264980633395, 0.3041125541125541, 0.29759615384615384, 0.41482940863745815, 0.4302631578947368, 0.31323529411764706, 0.41369047619047616, 0.32748538011695905, 0.46969696969696967, 0.31190476190476185, 0.29886363636363633, 0.3037878787878788, 0.22669172932330828]
 mean: 0.3411442824175022, std: 0.06322014177699956
--------------------------------------------------
Subject Number: 23
Accuracy Cross: [0.2608695652173913, 0.2318840579710145, 0.37681159420289856, 0.2753623188405797, 0.30434782608695654, 0.36764705882352944, 0.25, 0.3382352941176471, 0.25, 0.29411764705882354, 0.21739130434782608, 0.2463768115942029, 0.2463768115942029, 0.2318840579710145, 0.30434782608695654]
 mean: 0.2797101449275363, std: 0.048185874768051855
F1 Score: [0.2499648511522709, 0.22477255129694151, 0.3546052631578947, 0.26496031746031745, 0.3001262902578692, 0.35494897959183674, 0.25716430716430716, 0.3251289989680083, 0.23745918573504782, 0.2554497354497355, 0.186203007518797, 0.23023774762905197, 0.22222327190868088, 0.22329545454545455, 0.27043343653250773]
 mean: 0.26379822655791474, std: 0.04811031630388916
Accuracy Intime: [0.35714285714285715, 0.5, 0.2857142857142857, 0.3076923076923077, 0.38461538461538464, 0.32142857142857145, 0.4642857142857143, 0.4642857142857143, 0.5, 0.38461538461538464, 0.42857142857142855, 0.39285714285714285, 0.4642857142857143, 0.2692307692307692, 0.38461538461538464]
 mean: 0.39395604395604406, std: 0.07308449656422991
F1 (Intime): [0.37857142857142856, 0.4808080808080808, 0.2795576563958917, 0.2610119047619047, 0.41151556776556775, 0.3031400966183575, 0.45940170940170943, 0.43991228070175437, 0.503968253968254, 0.3738095238095238, 0.4541958041958042, 0.36418844313581156, 0.40694444444444444, 0.27087148962148966, 0.3418803418803419]
 mean: 0.3819851350720242, std: 0.07589309771960598
--------------------------------------------------
Subject Number: 24
Accuracy Cross: [0.35294117647058826, 0.29411764705882354, 0.29411764705882354, 0.23529411764705882, 0.23529411764705882, 0.27941176470588236, 0.36764705882352944, 0.29411764705882354, 0.3088235294117647, 0.3088235294117647, 0.22058823529411764, 0.22058823529411764, 0.25, 0.36764705882352944, 0.22058823529411764]
 mean: 0.2833333333333333, std: 0.05050685047996573
F1 Score: [0.34407259407259405, 0.28506663345373023, 0.2873190934896924, 0.23346203346203345, 0.22868663594470046, 0.2827655386478916, 0.35588215275715274, 0.2907513501678587, 0.2932614963864964, 0.3022307111865686, 0.21338171632289277, 0.22085699144522675, 0.25063131313131315, 0.36657111657111663, 0.22925696594427247]
 mean: 0.27894642286556937, std: 0.047878991795604835
Accuracy Intime: [0.32142857142857145, 0.25, 0.39285714285714285, 0.2692307692307692, 0.3076923076923077, 0.2857142857142857, 0.2857142857142857, 0.32142857142857145, 0.4230769230769231, 0.34615384615384615, 0.32142857142857145, 0.39285714285714285, 0.25, 0.46153846153846156, 0.38461538461538464]
 mean: 0.3342490842490843, std: 0.06216862939073932
F1 (Intime): [0.3173992673992674, 0.25394736842105264, 0.39043631806789697, 0.25073260073260073, 0.26626984126984127, 0.2894917582417582, 0.26244343891402716, 0.28065191387559807, 0.41382575757575757, 0.3425897631779985, 0.3060897435897436, 0.35714285714285715, 0.2002164502164502, 0.4376068376068376, 0.4048076923076923]
 mean: 0.31824344056929194, std: 0.06783305993184441
--------------------------------------------------
Subject Number: 25
Accuracy Cross: [0.2753623188405797, 0.3188405797101449, 0.2463768115942029, 0.34782608695652173, 0.2463768115942029, 0.3088235294117647, 0.23529411764705882, 0.3382352941176471, 0.38235294117647056, 0.3235294117647059, 0.2647058823529412, 0.27941176470588236, 0.39705882352941174, 0.3382352941176471, 0.35294117647058826]
 mean: 0.3103580562659846, std: 0.04885886143650167
F1 Score: [0.23695652173913043, 0.2768253968253968, 0.23612707128149818, 0.3296536796536797, 0.23264379764379764, 0.2717940199335548, 0.20280123543670342, 0.33495670995670995, 0.33564814814814814, 0.28867700926524453, 0.24474427533251064, 0.259375, 0.3659644171978138, 0.3194072327605711, 0.31678287599340227]
 mean: 0.2834904927445441, std: 0.04654487415581509
Accuracy Intime: [0.4642857142857143, 0.39285714285714285, 0.32142857142857145, 0.46153846153846156, 0.34615384615384615, 0.2857142857142857, 0.35714285714285715, 0.32142857142857145, 0.5384615384615384, 0.3076923076923077, 0.25, 0.2857142857142857, 0.32142857142857145, 0.34615384615384615, 0.34615384615384615]
 mean: 0.3564102564102563, std: 0.07520629136170634
F1 (Intime): [0.43958333333333327, 0.3506446039340776, 0.3125, 0.4232456140350877, 0.31309523809523804, 0.22738095238095238, 0.37430555555555556, 0.3227564102564103, 0.4366421568627451, 0.2903846153846154, 0.23243464052287582, 0.23919172932330826, 0.27628968253968256, 0.33035714285714285, 0.3257936507936508]
 mean: 0.3263070217249784, std: 0.06716780499494744
--------------------------------------------------
Subject Number: 26
Accuracy Cross: [0.30434782608695654, 0.2898550724637681, 0.36231884057971014, 0.30434782608695654, 0.36231884057971014, 0.19117647058823528, 0.29411764705882354, 0.3382352941176471, 0.3382352941176471, 0.29411764705882354, 0.4852941176470588, 0.4411764705882353, 0.3382352941176471, 0.47058823529411764, 0.3382352941176471]
 mean: 0.3435066780335322, std: 0.07332125862341506
F1 Score: [0.29986143291990364, 0.28673835125448033, 0.36394753023160487, 0.3026325526325526, 0.35096395591654195, 0.17576230492196876, 0.2897478070175439, 0.3324786324786325, 0.3304195804195804, 0.28394131218736673, 0.4856902356902357, 0.4385207336523126, 0.326109496124031, 0.46212121212121215, 0.3301036514784805]
 mean: 0.3372692526030965, std: 0.07543330873442346
Accuracy Intime: [0.42857142857142855, 0.35714285714285715, 0.32142857142857145, 0.3076923076923077, 0.46153846153846156, 0.2857142857142857, 0.5357142857142857, 0.32142857142857145, 0.38461538461538464, 0.19230769230769232, 0.39285714285714285, 0.2857142857142857, 0.25, 0.4230769230769231, 0.19230769230769232]
 mean: 0.3426739926739927, std: 0.09386049308117081
F1 (Intime): [0.4327922077922078, 0.35116550116550116, 0.31346153846153846, 0.2714932126696833, 0.43744343891402715, 0.2813614081996435, 0.516025641025641, 0.29387279387279386, 0.3896270396270396, 0.22858758888170652, 0.3762033288349078, 0.28525641025641024, 0.2551443654384831, 0.4225274725274726, 0.17483974358974358]
 mean: 0.3353201127504534, std: 0.08956291955560339
--------------------------------------------------
Subject Number: 27
Accuracy Cross: [0.34782608695652173, 0.36231884057971014, 0.34782608695652173, 0.37681159420289856, 0.463768115942029, 0.36231884057971014, 0.30434782608695654, 0.37681159420289856, 0.36231884057971014, 0.3333333333333333, 0.47058823529411764, 0.38235294117647056, 0.35294117647058826, 0.27941176470588236, 0.2647058823529412]
 mean: 0.35917874396135263, std: 0.05403606857050653
F1 Score: [0.29631410256410257, 0.3554270932319713, 0.33818979123857174, 0.36502517316470806, 0.4491655687307861, 0.3259584746633776, 0.2961484593837535, 0.3528388278388278, 0.3322866344605475, 0.2676657329598506, 0.47629259181678535, 0.3785822021116138, 0.3157374661951321, 0.27489016109705766, 0.2677536231884058]
 mean: 0.33948506017636604, std: 0.05909178748275806
Accuracy Intime: [0.25, 0.35714285714285715, 0.2857142857142857, 0.5, 0.23076923076923078, 0.35714285714285715, 0.5357142857142857, 0.32142857142857145, 0.46153846153846156, 0.4230769230769231, 0.42857142857142855, 0.42857142857142855, 0.42857142857142855, 0.39285714285714285, 0.3076923076923077]
 mean: 0.3805860805860807, std: 0.08646861339928337
F1 (Intime): [0.20980392156862743, 0.3604166666666667, 0.2653846153846154, 0.4039907460960092, 0.20361990950226244, 0.3281926406926407, 0.5085891812865497, 0.3205128205128205, 0.4119397759103641, 0.35082013574660637, 0.4186274509803921, 0.41050420168067225, 0.40816993464052287, 0.39743589743589747, 0.2861111111111111]
 mean: 0.35227460061438404, std: 0.08148893908428771
--------------------------------------------------
Subject Number: 28
Accuracy Cross: [0.23529411764705882, 0.29411764705882354, 0.25, 0.19117647058823528, 0.19117647058823528, 0.22058823529411764, 0.2647058823529412, 0.22058823529411764, 0.25, 0.27941176470588236, 0.25, 0.35294117647058826, 0.23529411764705882, 0.23529411764705882, 0.23529411764705882]
 mean: 0.24705882352941178, std: 0.03916663599105526
F1 Score: [0.22825839827339076, 0.28003163503163503, 0.24811140755113592, 0.18484311740890688, 0.19146959459459462, 0.2051948051948052, 0.2695877695877696, 0.22885222885222883, 0.2582520325203252, 0.2522623862487361, 0.24140435438389402, 0.3496578157104473, 0.23057783502136875, 0.21989971699274022, 0.2320581728601303]
 mean: 0.24136408468214057, std: 0.03868940960793332
Accuracy Intime: [0.32142857142857145, 0.39285714285714285, 0.39285714285714285, 0.5, 0.3076923076923077, 0.39285714285714285, 0.32142857142857145, 0.32142857142857145, 0.3076923076923077, 0.34615384615384615, 0.42857142857142855, 0.32142857142857145, 0.42857142857142855, 0.38461538461538464, 0.34615384615384615]
 mean: 0.36758241758241755, std: 0.054032718585838656
F1 (Intime): [0.31547619047619047, 0.3975961538461538, 0.3944677033492823, 0.46837121212121213, 0.28614718614718615, 0.3077731092436975, 0.31061291649526945, 0.28825757575757577, 0.26143790849673204, 0.3176470588235294, 0.42067099567099564, 0.285906862745098, 0.4357627666451196, 0.3874777183600713, 0.31666666666666665]
 mean: 0.3462848016563187, std: 0.06235722256810432
--------------------------------------------------
Subject Number: 29
Accuracy Cross: [0.38235294117647056, 0.3088235294117647, 0.45588235294117646, 0.3088235294117647, 0.47058823529411764, 0.38235294117647056, 0.23529411764705882, 0.27941176470588236, 0.45588235294117646, 0.3088235294117647, 0.463768115942029, 0.36231884057971014, 0.36231884057971014, 0.463768115942029, 0.3188405797101449]
 mean: 0.37061665245808467, std: 0.07441721449360762
F1 Score: [0.3875608768254748, 0.2823060065622994, 0.4553088803088803, 0.30261752136752135, 0.4855661881977671, 0.39832944832944833, 0.23568882098293864, 0.29073951771320194, 0.4699071925171929, 0.3135787471487269, 0.4678955453149002, 0.364897762902264, 0.3451440451440452, 0.47474457632276856, 0.32679900744416873]
 mean: 0.37340560913877324, std: 0.07931053572091451
Accuracy Intime: [0.35714285714285715, 0.42857142857142855, 0.39285714285714285, 0.4230769230769231, 0.34615384615384615, 0.39285714285714285, 0.32142857142857145, 0.39285714285714285, 0.46153846153846156, 0.3076923076923077, 0.35714285714285715, 0.39285714285714285, 0.39285714285714285, 0.34615384615384615, 0.38461538461538464]
 mean: 0.37985347985347995, std: 0.03975413846942819
F1 (Intime): [0.3732142857142857, 0.45812324929971987, 0.40909825468648997, 0.43727106227106227, 0.30341880341880345, 0.4200280112044818, 0.3280448717948718, 0.3708683473389356, 0.45436507936507936, 0.31263736263736264, 0.37615016562384984, 0.3922932330827068, 0.4007867132867133, 0.34915084915084915, 0.3634803921568628]
 mean: 0.38326204540213826, std: 0.046372758109516354
--------------------------------------------------
**************************************************
accuracy_cross_list: [0.29752770673486784, 0.28634555271383916, 0.23104575163398694, 0.32173913043478264, 0.3029411764705882, 0.30494458653026424, 0.3127450980392157, 0.22352941176470587, 0.32941176470588235, 0.2360471724921853, 0.29951690821256044, 0.29374822392725203, 0.2713270815572606, 0.2519607843137255, 0.31078431372549015, 0.28431372549019607, 0.35917874396135263, 0.27411196362603013, 0.2941176470588235, 0.33650184711565784, 0.27156862745098037, 0.287823245240125, 0.2797101449275363, 0.2833333333333333, 0.3103580562659846, 0.3435066780335322, 0.35917874396135263, 0.24705882352941178, 0.37061665245808467]
f1_score_list: [0.27923704382012143, 0.26142733516953104, 0.22215243534975737, 0.3123417380856139, 0.29598815354622815, 0.2769156651951122, 0.3065645050789512, 0.2184271833324893, 0.33423308867854196, 0.2233934340790591, 0.2769265344756679, 0.28027249445877206, 0.2663551136310201, 0.23997344719260574, 0.3152972143770543, 0.27422667746036217, 0.33948506017636604, 0.27553914229076776, 0.2712864874750157, 0.33418181122503066, 0.26406057415479245, 0.27398288734897797, 0.26379822655791474, 0.27894642286556937, 0.2834904927445441, 0.3372692526030965, 0.33948506017636604, 0.24136408468214057, 0.37340560913877324]
accuracy_intime_list: [0.37490842490842485, 0.34120879120879116, 0.3468864468864468, 0.345054945054945, 0.3871794871794873, 0.36336996336996336, 0.3516483516483518, 0.27673992673992676, 0.4073260073260074, 0.3053113553113553, 0.33369963369963374, 0.345054945054945, 0.33827838827838824, 0.3413919413919413, 0.4086080586080587, 0.3838827838827838, 0.3805860805860807, 0.3, 0.38241758241758245, 0.42564102564102574, 0.34487179487179487, 0.3622710622710622, 0.39395604395604406, 0.3342490842490843, 0.3564102564102563, 0.3426739926739927, 0.3805860805860807, 0.36758241758241755, 0.37985347985347995]
f1_score_intime_list: [0.36733543417366943, 0.32170467661566726, 0.32912509059567885, 0.3376856177591472, 0.37070595626710184, 0.34213913909734345, 0.33619124124929084, 0.26502286427720534, 0.3837533523408137, 0.28955834141205655, 0.31904219917223015, 0.3286069652168723, 0.32697912496287107, 0.3267125868054661, 0.4044327238460029, 0.37193257908815186, 0.35227460061438404, 0.2935529942766784, 0.3577541198052034, 0.41391923292852084, 0.32327367477051155, 0.3411442824175022, 0.3819851350720242, 0.31824344056929194, 0.3263070217249784, 0.3353201127504534, 0.35227460061438404, 0.3462848016563187, 0.38326204540213826]
**************************************************
ACC: 29.57±3.71
F1: 28.48±3.82
Intime: 35.87±3.25
F1 (Intime): 34.30±3.27
