1e-03
Subject Number: 1
Accuracy Cross: [0.7023809523809523, 0.6666666666666666, 0.7142857142857143, 0.7261904761904762, 0.6904761904761905, 0.6309523809523809, 0.7023809523809523, 0.7261904761904762, 0.6785714285714286, 0.75, 0.7142857142857143, 0.7142857142857143, 0.6904761904761905, 0.7261904761904762, 0.7023809523809523]
 mean: 0.7023809523809523, std: 0.02783440939166696
F1 Score: [0.6863330843913369, 0.625, 0.6888888888888889, 0.7114264376400299, 0.662962962962963, 0.6296401649836438, 0.6989247311827957, 0.7258407833120477, 0.6785258681785967, 0.7496807151979565, 0.6932440657334145, 0.6888888888888889, 0.6576802507836991, 0.7079365079365079, 0.6782595373065727]
 mean: 0.6855488591591562, std: 0.03198898961079616
Accuracy Intime: [0.7941176470588235, 0.9117647058823529, 0.7647058823529411, 0.9117647058823529, 0.8125, 0.5294117647058824, 0.7058823529411765, 0.7352941176470589, 0.6764705882352942, 0.8125, 0.7352941176470589, 0.7058823529411765, 0.7941176470588235, 0.8823529411764706, 0.8125]
 mean: 0.7723039215686275, std: 0.09543225080875552
F1 (Intime): [0.793939393939394, 0.9116883116883117, 0.7571428571428571, 0.9098143236074271, 0.8117647058823529, 0.5228070175438597, 0.7048611111111112, 0.7332170880557978, 0.6621499548328816, 0.8125, 0.7294429708222812, 0.6886446886446886, 0.793939393939394, 0.880701754385965, 0.8125]
 mean: 0.768340904773088, std: 0.09835348417655713
--------------------------------------------------
Subject Number: 2
Accuracy Cross: [0.6428571428571429, 0.6785714285714286, 0.7142857142857143, 0.7142857142857143, 0.6785714285714286, 0.6428571428571429, 0.6309523809523809, 0.6666666666666666, 0.6785714285714286, 0.6666666666666666, 0.5952380952380952, 0.6190476190476191, 0.6309523809523809, 0.75, 0.7380952380952381]
 mean: 0.6698412698412698, std: 0.04313548648159109
F1 Score: [0.6377228292121909, 0.6781609195402298, 0.7116704805491991, 0.7005347593582887, 0.6612397311426438, 0.641025641025641, 0.6245133381398702, 0.664957264957265, 0.6729632299927901, 0.6636155606407322, 0.5894192064404831, 0.6081632653061224, 0.6283716283716283, 0.7456380677721701, 0.7356979405034325]
 mean: 0.6642462575301792, std: 0.04353404857472198
Accuracy Intime: [0.7647058823529411, 0.7352941176470589, 0.6470588235294118, 0.7352941176470589, 0.75, 0.7352941176470589, 0.7058823529411765, 0.7058823529411765, 0.7352941176470589, 0.53125, 0.7352941176470589, 0.7058823529411765, 0.6764705882352942, 0.7647058823529411, 0.75]
 mean: 0.7118872549019606, std: 0.05739874783794582
F1 (Intime): [0.7614035087719297, 0.7350649350649351, 0.6421052631578947, 0.7350649350649351, 0.746031746031746, 0.7332170880557978, 0.7048611111111112, 0.7048611111111112, 0.7350649350649351, 0.5270935960591133, 0.7350649350649351, 0.7058823529411765, 0.6761904761904762, 0.7638888888888888, 0.746031746031746]
 mean: 0.7101217752407154, std: 0.058006910100909484
--------------------------------------------------
Subject Number: 3
Accuracy Cross: [0.5833333333333334, 0.5952380952380952, 0.6190476190476191, 0.5833333333333334, 0.5714285714285714, 0.7023809523809523, 0.7261904761904762, 0.5714285714285714, 0.6071428571428571, 0.6904761904761905, 0.6190476190476191, 0.6428571428571429, 0.6190476190476191, 0.6190476190476191, 0.7142857142857143]
 mean: 0.6309523809523809, std: 0.05088038230103048
F1 Score: [0.5495633522292017, 0.5654290931223371, 0.5909920876445527, 0.5555555555555556, 0.4874576271186441, 0.7020008514261388, 0.7261516654854713, 0.5711854792966535, 0.6070871722182849, 0.690300623936472, 0.5961538461538461, 0.5982142857142857, 0.6047058823529412, 0.6170940170940171, 0.7005347593582887]
 mean: 0.6108284199137793, std: 0.06454719908740274
Accuracy Intime: [0.7941176470588235, 0.8529411764705882, 0.6470588235294118, 0.7352941176470589, 0.78125, 0.6470588235294118, 0.5882352941176471, 0.5588235294117647, 0.5882352941176471, 0.78125, 0.6470588235294118, 0.6176470588235294, 0.6470588235294118, 0.6470588235294118, 0.625]
 mean: 0.6772058823529411, std: 0.08572774745651318
F1 (Intime): [0.7925021795989537, 0.85178727114211, 0.6470588235294118, 0.7294429708222812, 0.7793103448275862, 0.6458333333333333, 0.5868055555555556, 0.5584415584415584, 0.5868055555555556, 0.7810361681329423, 0.6470588235294118, 0.6173160173160173, 0.6470588235294118, 0.6470588235294118, 0.611336032388664]
 mean: 0.6752568187488136, std: 0.08588532314581143
--------------------------------------------------
Subject Number: 4
Accuracy Cross: [0.5952380952380952, 0.42857142857142855, 0.5119047619047619, 0.47619047619047616, 0.5357142857142857, 0.6785714285714286, 0.6190476190476191, 0.5833333333333334, 0.6071428571428571, 0.5714285714285714, 0.4642857142857143, 0.5952380952380952, 0.5952380952380952, 0.5238095238095238, 0.5476190476190477]
 mean: 0.5555555555555555, std: 0.06413366301852992
F1 Score: [0.5943181818181817, 0.42035652673950546, 0.5101692504622386, 0.4758933635847986, 0.5356484762579731, 0.6763236763236764, 0.6188315371525808, 0.5731087556265427, 0.6043956043956044, 0.5692307692307692, 0.46053946053946054, 0.5931623931623932, 0.595008508224617, 0.5213675213675214, 0.5476190476190477]
 mean: 0.5530648715003272, std: 0.06490530675884588
Accuracy Intime: [0.7647058823529411, 0.7647058823529411, 0.7941176470588235, 0.6764705882352942, 0.625, 0.6764705882352942, 0.8235294117647058, 0.6470588235294118, 0.5588235294117647, 0.5625, 0.6470588235294118, 0.7647058823529411, 0.5588235294117647, 0.6176470588235294, 0.5625]
 mean: 0.6696078431372549, std: 0.08929981489140164
F1 (Intime): [0.7638888888888888, 0.7614035087719297, 0.7925021795989537, 0.6739319965126417, 0.625, 0.6693191865605659, 0.8229166666666667, 0.6458333333333333, 0.5584415584415584, 0.5607843137254902, 0.6458333333333333, 0.7638888888888888, 0.5584415584415584, 0.6091954022988506, 0.5607843137254902]
 mean: 0.6674776752792099, std: 0.08941759343431704
--------------------------------------------------
Subject Number: 5
Accuracy Cross: [0.6666666666666666, 0.5119047619047619, 0.6666666666666666, 0.6309523809523809, 0.6309523809523809, 0.5595238095238095, 0.6190476190476191, 0.5595238095238095, 0.6428571428571429, 0.6428571428571429, 0.6547619047619048, 0.6785714285714286, 0.7142857142857143, 0.6428571428571429, 0.7380952380952381]
 mean: 0.6373015873015874, std: 0.05665577237325317
F1 Score: [0.6666666666666666, 0.5101692504622386, 0.6664775950085082, 0.6283716283716283, 0.6309000708717222, 0.5450153711023277, 0.6188315371525808, 0.5579576162708006, 0.6420454545454546, 0.6428571428571429, 0.653534347887925, 0.6781609195402298, 0.7141236528644356, 0.6426545660805445, 0.7375]
 mean: 0.6356843879788137, std: 0.05834802951020897
Accuracy Intime: [0.6764705882352942, 0.7058823529411765, 0.7352941176470589, 0.7058823529411765, 0.6875, 0.5882352941176471, 0.7647058823529411, 0.7058823529411765, 0.8529411764705882, 0.59375, 0.5882352941176471, 0.7941176470588235, 0.6764705882352942, 0.7352941176470589, 0.6875]
 mean: 0.699877450980392, std: 0.07151803711535659
F1 (Intime): [0.6761904761904762, 0.7048611111111112, 0.7332170880557978, 0.6886446886446886, 0.6761133603238867, 0.5868055555555556, 0.7614035087719297, 0.7058823529411765, 0.8528138528138528, 0.5933528836754643, 0.5882352941176471, 0.793939393939394, 0.6761904761904762, 0.7153488372093023, 0.6666666666666667]
 mean: 0.6946443697471615, std: 0.07143126233821162
--------------------------------------------------
Subject Number: 6
Accuracy Cross: [0.47619047619047616, 0.5119047619047619, 0.5238095238095238, 0.5595238095238095, 0.5357142857142857, 0.6071428571428571, 0.5476190476190477, 0.6190476190476191, 0.6071428571428571, 0.5952380952380952, 0.6071428571428571, 0.4880952380952381, 0.5952380952380952, 0.5238095238095238, 0.5]
 mean: 0.5531746031746032, std: 0.04719386903910636
F1 Score: [0.4735042735042735, 0.5033886085075703, 0.5235394214407261, 0.5589612601106854, 0.5356484762579731, 0.6057459820793628, 0.5434782608695652, 0.6190476190476191, 0.6066411238825031, 0.5868055555555556, 0.6070871722182849, 0.4880226789510985, 0.5943181818181817, 0.5227272727272727, 0.4954233409610984]
 mean: 0.5509559485287847, std: 0.04779412680085541
Accuracy Intime: [0.5882352941176471, 0.6176470588235294, 0.5588235294117647, 0.6764705882352942, 0.71875, 0.5882352941176471, 0.6176470588235294, 0.6470588235294118, 0.6764705882352942, 0.625, 0.5, 0.5882352941176471, 0.5294117647058824, 0.5588235294117647, 0.71875]
 mean: 0.6139705882352942, std: 0.0628343134883886
F1 (Intime): [0.5824561403508772, 0.6173160173160173, 0.5490716180371353, 0.6739319965126417, 0.718475073313783, 0.5824561403508772, 0.6007226738934056, 0.6357142857142857, 0.6739319965126417, 0.6190476190476191, 0.49956709956709955, 0.5824561403508772, 0.5018315018315018, 0.5584415584415584, 0.718475073313783]
 mean: 0.6075929956369402, std: 0.06585156940067734
--------------------------------------------------
Subject Number: 7
Accuracy Cross: [0.5714285714285714, 0.5357142857142857, 0.5952380952380952, 0.5833333333333334, 0.6666666666666666, 0.5595238095238095, 0.5714285714285714, 0.5, 0.47619047619047616, 0.5595238095238095, 0.5119047619047619, 0.5357142857142857, 0.6071428571428571, 0.5952380952380952, 0.44047619047619047]
 mean: 0.5539682539682539, std: 0.05461793820344525
F1 Score: [0.5711854792966535, 0.5324675324675324, 0.595008508224617, 0.5832742735648476, 0.6666666666666666, 0.5589612601106854, 0.5652673950546291, 0.4954233409610984, 0.4758933635847986, 0.5544086021505377, 0.5062365591397849, 0.5356484762579731, 0.6066411238825031, 0.5943181818181817, 0.44039688164422397]
 mean: 0.5521198429883155, std: 0.055101400719480165
Accuracy Intime: [0.6176470588235294, 0.5882352941176471, 0.5882352941176471, 0.7058823529411765, 0.84375, 0.6470588235294118, 0.6470588235294118, 0.6764705882352942, 0.5588235294117647, 0.71875, 0.7058823529411765, 0.6764705882352942, 0.6176470588235294, 0.6176470588235294, 0.59375]
 mean: 0.6535539215686275, std: 0.06927608388015367
F1 (Intime): [0.6146469049694856, 0.5824561403508772, 0.5868055555555556, 0.7058823529411765, 0.8435972629521017, 0.6458333333333333, 0.6458333333333333, 0.6761904761904762, 0.5392953929539295, 0.7117117117117118, 0.7058823529411765, 0.6693191865605659, 0.6091954022988506, 0.6091954022988506, 0.5901477832512315]
 mean: 0.649066172776177, std: 0.0719203746894571
--------------------------------------------------
Subject Number: 8
Accuracy Cross: [0.7619047619047619, 0.8095238095238095, 0.7619047619047619, 0.7380952380952381, 0.7380952380952381, 0.7023809523809523, 0.7380952380952381, 0.7380952380952381, 0.7142857142857143, 0.7142857142857143, 0.7738095238095238, 0.6904761904761905, 0.75, 0.7738095238095238, 0.6071428571428571]
 mean: 0.7341269841269842, std: 0.04510562615359627
F1 Score: [0.7619047619047619, 0.8085470085470086, 0.7597254004576659, 0.7379466817923993, 0.7356979405034325, 0.6989247311827957, 0.7380952380952381, 0.7367521367521368, 0.7136363636363636, 0.7128205128205127, 0.7730052624093302, 0.690300623936472, 0.7499645641389086, 0.7737774627923459, 0.5975025410193118]
 mean: 0.732573415332579, std: 0.046906463516864366
Accuracy Intime: [0.8529411764705882, 0.7941176470588235, 0.8529411764705882, 0.7058823529411765, 0.9375, 0.8235294117647058, 0.8823529411764706, 0.6764705882352942, 0.7941176470588235, 0.78125, 0.8235294117647058, 0.7352941176470589, 0.6470588235294118, 0.7352941176470589, 0.75]
 mean: 0.7861519607843138, std: 0.0767366302927179
F1 (Intime): [0.8528138528138528, 0.7925021795989537, 0.8528138528138528, 0.7048611111111112, 0.9375, 0.8229166666666667, 0.8823529411764706, 0.6739319965126417, 0.793939393939394, 0.7810361681329423, 0.8210526315789474, 0.7294429708222812, 0.6470588235294118, 0.7350649350649351, 0.7333333333333334]
 mean: 0.7840413904729862, std: 0.07782138585359263
--------------------------------------------------
Subject Number: 9
Accuracy Cross: [0.6547619047619048, 0.6190476190476191, 0.6666666666666666, 0.6547619047619048, 0.6666666666666666, 0.5595238095238095, 0.5714285714285714, 0.5595238095238095, 0.5952380952380952, 0.5595238095238095, 0.5714285714285714, 0.6904761904761905, 0.6666666666666666, 0.6190476190476191, 0.7023809523809523]
 mean: 0.6238095238095237, std: 0.04952533575181806
F1 Score: [0.6523476523476524, 0.6188315371525808, 0.6636155606407322, 0.653534347887925, 0.6659090909090909, 0.5544086021505377, 0.5675057208237986, 0.5579576162708006, 0.5931623931623932, 0.5594613749114103, 0.5333333333333333, 0.6788235294117647, 0.6618746405980449, 0.6135710178263369, 0.6950776825903877]
 mean: 0.6179609400011191, std: 0.05152022167912763
Accuracy Intime: [0.7058823529411765, 0.7352941176470589, 0.7647058823529411, 0.6176470588235294, 0.6875, 0.6470588235294118, 0.6470588235294118, 0.6176470588235294, 0.7647058823529411, 0.65625, 0.7058823529411765, 0.7647058823529411, 0.8235294117647058, 0.7647058823529411, 0.6875]
 mean: 0.7060049019607842, std: 0.06009826911960629
F1 (Intime): [0.7048611111111112, 0.7294429708222812, 0.7571428571428571, 0.6173160173160173, 0.6862745098039216, 0.6470588235294118, 0.6458333333333333, 0.6007226738934056, 0.7647058823529411, 0.6532019704433498, 0.7048611111111112, 0.7638888888888888, 0.8235294117647058, 0.7647058823529411, 0.6862745098039216]
 mean: 0.70332133024468, std: 0.0614953945165767
--------------------------------------------------
Subject Number: 10
Accuracy Cross: [0.5238095238095238, 0.6071428571428571, 0.5833333333333334, 0.5476190476190477, 0.5714285714285714, 0.5714285714285714, 0.5476190476190477, 0.5595238095238095, 0.6071428571428571, 0.6785714285714286, 0.5833333333333334, 0.6309523809523809, 0.6785714285714286, 0.6190476190476191, 0.5952380952380952]
 mean: 0.5936507936507935, std: 0.04344105455048891
F1 Score: [0.5235394214407261, 0.6066411238825031, 0.5696091348265262, 0.5473624503686898, 0.5711854792966535, 0.5625, 0.5476190476190477, 0.5589612601106854, 0.6066411238825031, 0.6781609195402298, 0.5828011919965943, 0.6296401649836438, 0.6706838971976187, 0.6081632653061224, 0.5931623931623932]
 mean: 0.5904447249075958, std: 0.04267453414767156
Accuracy Intime: [0.7647058823529411, 0.7352941176470589, 0.5882352941176471, 0.6176470588235294, 0.625, 0.6176470588235294, 0.6176470588235294, 0.6470588235294118, 0.6764705882352942, 0.625, 0.6176470588235294, 0.5294117647058824, 0.5588235294117647, 0.5294117647058824, 0.53125]
 mean: 0.61875, std: 0.06695417208187664
F1 (Intime): [0.7638888888888888, 0.7350649350649351, 0.5882352941176471, 0.6173160173160173, 0.6235294117647059, 0.6091954022988506, 0.6146469049694856, 0.6458333333333333, 0.6621499548328816, 0.625, 0.6091954022988506, 0.5228070175438597, 0.5553618134263296, 0.5277777777777778, 0.5270935960591133]
 mean: 0.6151397166461785, std: 0.067384714697629
--------------------------------------------------
Subject Number: 11
Accuracy Cross: [0.4880952380952381, 0.5357142857142857, 0.5, 0.44047619047619047, 0.5119047619047619, 0.5952380952380952, 0.6190476190476191, 0.5952380952380952, 0.6428571428571429, 0.6904761904761905, 0.5952380952380952, 0.5595238095238095, 0.5952380952380952, 0.5714285714285714, 0.6190476190476191]
 mean: 0.5706349206349206, std: 0.06336296398797485
F1 Score: [0.4874414644529587, 0.5324675324675324, 0.49971639251276234, 0.4397616006811409, 0.5084915084915085, 0.5952380952380952, 0.6170940170940171, 0.5952380952380952, 0.6426545660805445, 0.6888888888888889, 0.595008508224617, 0.5544086021505377, 0.5800000000000001, 0.5652673950546291, 0.6170940170940171]
 mean: 0.5679180455779563, std: 0.06322366906573246
Accuracy Intime: [0.6176470588235294, 0.5588235294117647, 0.5882352941176471, 0.6764705882352942, 0.625, 0.6176470588235294, 0.5, 0.5, 0.6470588235294118, 0.6875, 0.5882352941176471, 0.5294117647058824, 0.5882352941176471, 0.6470588235294118, 0.5625]
 mean: 0.5955882352941176, std: 0.05620713155669487
F1 (Intime): [0.6146469049694856, 0.5584415584415584, 0.5868055555555556, 0.6761904761904762, 0.625, 0.6173160173160173, 0.49607672188317353, 0.48894783377541995, 0.6458333333333333, 0.6862745098039216, 0.5882352941176471, 0.5294117647058824, 0.5824561403508772, 0.6458333333333333, 0.5607843137254902]
 mean: 0.5934835838334781, std: 0.05770770185076936
--------------------------------------------------
Subject Number: 12
Accuracy Cross: [0.5476190476190477, 0.5476190476190477, 0.6547619047619048, 0.7023809523809523, 0.6666666666666666, 0.7023809523809523, 0.6190476190476191, 0.6309523809523809, 0.6309523809523809, 0.6428571428571429, 0.5952380952380952, 0.6428571428571429, 0.6785714285714286, 0.6547619047619048, 0.6190476190476191]
 mean: 0.6357142857142858, std: 0.04492371967645999
F1 Score: [0.5465909090909091, 0.5473624503686898, 0.653534347887925, 0.6925779534475187, 0.6636155606407322, 0.6950776825903877, 0.6081632653061224, 0.5884305357989568, 0.615191369883257, 0.6213942307692308, 0.5943181818181817, 0.641025641025641, 0.6763236763236764, 0.653534347887925, 0.6047058823529412]
 mean: 0.6267897356794729, std: 0.045239323984022334
Accuracy Intime: [0.6176470588235294, 0.5588235294117647, 0.6470588235294118, 0.6470588235294118, 0.875, 0.7352941176470589, 0.7058823529411765, 0.8823529411764706, 0.6470588235294118, 0.75, 0.5294117647058824, 0.6176470588235294, 0.7352941176470589, 0.6176470588235294, 0.6875]
 mean: 0.683578431372549, std: 0.09757057107483424
F1 (Intime): [0.6146469049694856, 0.5584415584415584, 0.6470588235294118, 0.6458333333333333, 0.875, 0.7332170880557978, 0.7048611111111112, 0.8819444444444444, 0.6263736263736264, 0.7490196078431373, 0.5294117647058824, 0.6007226738934056, 0.7350649350649351, 0.6173160173160173, 0.6862745098039216]
 mean: 0.6803457599257378, std: 0.09904775486377461
--------------------------------------------------
Subject Number: 13
Accuracy Cross: [0.6904761904761905, 0.7023809523809523, 0.6666666666666666, 0.6904761904761905, 0.7261904761904762, 0.6547619047619048, 0.6071428571428571, 0.6428571428571429, 0.7261904761904762, 0.7023809523809523, 0.7023809523809523, 0.6666666666666666, 0.6309523809523809, 0.7619047619047619, 0.6904761904761905]
 mean: 0.6841269841269841, std: 0.038848375398477505
F1 Score: [0.690300623936472, 0.6989247311827957, 0.6506238859180036, 0.6840277777777777, 0.7261516654854713, 0.6523476523476524, 0.6025806451612903, 0.641025641025641, 0.725216896600768, 0.702338766832034, 0.701322713696487, 0.664957264957265, 0.6309000708717222, 0.7551020408163265, 0.6860264519838988]
 mean: 0.6807897885729071, std: 0.039203252027227214
Accuracy Intime: [0.6470588235294118, 0.7647058823529411, 0.7352941176470589, 0.8235294117647058, 0.75, 0.8529411764705882, 0.6764705882352942, 0.7647058823529411, 0.7941176470588235, 0.8125, 0.7058823529411765, 0.6176470588235294, 0.6176470588235294, 0.7058823529411765, 0.625]
 mean: 0.7262254901960783, std: 0.07509205551341828
F1 (Intime): [0.6458333333333333, 0.7571428571428571, 0.7350649350649351, 0.8229166666666667, 0.7408906882591093, 0.85178727114211, 0.6693191865605659, 0.7647058823529411, 0.793939393939394, 0.8125, 0.7017543859649122, 0.6173160173160173, 0.6091954022988506, 0.7048611111111112, 0.6190476190476191]
 mean: 0.7230849833466948, std: 0.07638769674432001
--------------------------------------------------
Subject Number: 14
Accuracy Cross: [0.6309523809523809, 0.7023809523809523, 0.6428571428571429, 0.6666666666666666, 0.5238095238095238, 0.7380952380952381, 0.5238095238095238, 0.5833333333333334, 0.6785714285714286, 0.6666666666666666, 0.5595238095238095, 0.6904761904761905, 0.6309523809523809, 0.6666666666666666, 0.6309523809523809]
 mean: 0.6357142857142858, std: 0.06129122087716767
F1 Score: [0.6245133381398702, 0.6989247311827957, 0.6426545660805445, 0.6664775950085082, 0.5169637722829212, 0.7343300747556067, 0.5213675213675214, 0.578494623655914, 0.6774285307922059, 0.664957264957265, 0.5594613749114103, 0.6904761904761905, 0.6245133381398702, 0.6664775950085082, 0.6309000708717222]
 mean: 0.6331960391753902, std: 0.062021554944587276
Accuracy Intime: [0.6764705882352942, 0.7647058823529411, 0.7058823529411765, 0.6764705882352942, 0.75, 0.6176470588235294, 0.6764705882352942, 0.5882352941176471, 0.6470588235294118, 0.6875, 0.7647058823529411, 0.9117647058823529, 0.7058823529411765, 0.6470588235294118, 0.75]
 mean: 0.704656862745098, std: 0.07512564766663773
F1 (Intime): [0.6761904761904762, 0.7647058823529411, 0.7017543859649122, 0.6761904761904762, 0.7490196078431373, 0.6146469049694856, 0.6761904761904762, 0.5868055555555556, 0.6421052631578947, 0.6862745098039216, 0.7571428571428571, 0.9110723626852659, 0.7058823529411765, 0.6357142857142857, 0.7490196078431373]
 mean: 0.7021810003030666, std: 0.07582766781481451
--------------------------------------------------
**************************************************
accuracy_cross_list: [0.7023809523809523, 0.6698412698412698, 0.6309523809523809, 0.5555555555555555, 0.6373015873015874, 0.5531746031746032, 0.5539682539682539, 0.7341269841269842, 0.6238095238095237, 0.5936507936507935, 0.5706349206349206, 0.6357142857142858, 0.6841269841269841, 0.6357142857142858]
f1_score_list: [0.6855488591591562, 0.6642462575301792, 0.6108284199137793, 0.5530648715003272, 0.6356843879788137, 0.5509559485287847, 0.5521198429883155, 0.732573415332579, 0.6179609400011191, 0.5904447249075958, 0.5679180455779563, 0.6267897356794729, 0.6807897885729071, 0.6331960391753902]
accuracy_intime_list: [0.7723039215686275, 0.7118872549019606, 0.6772058823529411, 0.6696078431372549, 0.699877450980392, 0.6139705882352942, 0.6535539215686275, 0.7861519607843138, 0.7060049019607842, 0.61875, 0.5955882352941176, 0.683578431372549, 0.7262254901960783, 0.704656862745098]
f1_score_intime_list: [0.768340904773088, 0.7101217752407154, 0.6752568187488136, 0.6674776752792099, 0.6946443697471615, 0.6075929956369402, 0.649066172776177, 0.7840413904729862, 0.70332133024468, 0.6151397166461785, 0.5934835838334781, 0.6803457599257378, 0.7230849833466948, 0.7021810003030666]
**************************************************
ACC: 62.72±5.52
F1: 62.16±5.38
Intime: 68.71±5.34
F1 (Intime): 68.39±5.38
