1e-04
Subject Number: 1
Accuracy Cross: [0.78125, 0.6875, 0.71875, 0.875, 0.84375, 0.7575757575757576, 0.8484848484848485, 0.7272727272727273, 0.696969696969697, 0.7272727272727273, 0.84375, 0.875, 0.90625, 0.8125, 0.84375]
 mean: 0.7963383838383838, std: 0.06985228038432471
F1 Score: [0.7702564102564102, 0.6862745098039216, 0.7117117117117118, 0.873015873015873, 0.8303287380699894, 0.7272727272727273, 0.8390243902439025, 0.7102439024390244, 0.6413043478260869, 0.6996966632962589, 0.8358974358974359, 0.8704453441295547, 0.9015384615384616, 0.7922077922077921, 0.8358974358974359]
 mean: 0.7816743829071058, std: 0.07782487956241767
Accuracy Intime: [0.9285714285714286, 0.7857142857142857, 0.75, 0.8333333333333334, 0.8333333333333334, 0.8571428571428571, 0.9285714285714286, 0.8333333333333334, 0.75, 1.0, 0.8571428571428571, 0.8571428571428571, 0.9166666666666666, 0.6666666666666666, 0.8333333333333334]
 mean: 0.8420634920634921, std: 0.08056239708221918
F1 (Intime): [0.9282051282051282, 0.7543859649122806, 0.7482517482517483, 0.8285714285714285, 0.8285714285714285, 0.8444444444444444, 0.9251336898395721, 0.8285714285714285, 0.7333333333333334, 1.0, 0.8444444444444444, 0.8444444444444444, 0.9111111111111111, 0.625, 0.8333333333333334]
 mean: 0.8318534618689418, std: 0.08889507357068621
--------------------------------------------------
Subject Number: 2
Accuracy Cross: [0.6363636363636364, 0.7575757575757576, 0.7575757575757576, 0.696969696969697, 0.696969696969697, 0.46875, 0.5, 0.75, 0.6875, 0.65625, 0.6363636363636364, 0.5757575757575758, 0.7272727272727273, 0.6666666666666666, 0.696969696969697]
 mean: 0.6607323232323233, std: 0.08444539405185945
F1 Score: [0.6278195488721805, 0.7380952380952381, 0.7461538461538462, 0.6726190476190477, 0.6826923076923077, 0.4420512820512821, 0.4980392156862745, 0.7408906882591093, 0.6761133603238867, 0.6267232237539766, 0.6333333333333333, 0.5722222222222222, 0.7272727272727273, 0.6616961789375583, 0.6966911764705883]
 mean: 0.6494942264495721, std: 0.08544376728795341
Accuracy Intime: [0.7142857142857143, 0.7857142857142857, 0.75, 0.5, 0.6666666666666666, 0.7142857142857143, 0.6428571428571429, 0.5, 0.5, 0.5833333333333334, 0.8571428571428571, 0.7142857142857143, 0.3333333333333333, 0.6666666666666666, 0.5833333333333334]
 mean: 0.6341269841269841, std: 0.13094997592789104
F1 (Intime): [0.7083333333333333, 0.7754010695187166, 0.6210526315789473, 0.4857142857142857, 0.6666666666666666, 0.6888888888888889, 0.625668449197861, 0.49743589743589745, 0.5, 0.5555555555555556, 0.8444444444444444, 0.7142857142857143, 0.3333333333333333, 0.6571428571428571, 0.4957983193277311]
 mean: 0.6113147630949488, std: 0.12848701532283377
--------------------------------------------------
Subject Number: 3
Accuracy Cross: [0.59375, 0.5, 0.6875, 0.65625, 0.5625, 0.6060606060606061, 0.42424242424242425, 0.5454545454545454, 0.5151515151515151, 0.5454545454545454, 0.5151515151515151, 0.48484848484848486, 0.42424242424242425, 0.45454545454545453, 0.36363636363636365]
 mean: 0.5252525252525252, std: 0.08598823210833102
F1 Score: [0.5901477832512315, 0.4817813765182186, 0.6761133603238867, 0.6389743589743591, 0.5465587044534412, 0.5814634146341464, 0.4221198156682028, 0.5386766076421249, 0.47619047619047616, 0.4994944388270981, 0.45454545454545453, 0.4672364672364672, 0.3365079365079365, 0.4288461538461539, 0.32390243902439025]
 mean: 0.4975039191762391, std: 0.097149255036636
Accuracy Intime: [0.42857142857142855, 0.5714285714285714, 0.7857142857142857, 0.6666666666666666, 0.6666666666666666, 0.42857142857142855, 0.2857142857142857, 0.6666666666666666, 0.4166666666666667, 0.5, 0.7142857142857143, 0.5714285714285714, 0.5, 0.75, 0.75]
 mean: 0.5801587301587302, std: 0.1444008306735766
F1 (Intime): [0.37777777777777777, 0.5625, 0.7754010695187166, 0.625, 0.6666666666666666, 0.41666666666666663, 0.2857142857142857, 0.5555555555555556, 0.4125874125874126, 0.4375, 0.7142857142857143, 0.5333333333333333, 0.4857142857142857, 0.7482517482517483, 0.7333333333333334]
 mean: 0.5553525232936998, std: 0.1467282971976674
--------------------------------------------------
Subject Number: 4
Accuracy Cross: [0.6666666666666666, 0.7575757575757576, 0.7272727272727273, 0.7575757575757576, 0.696969696969697, 0.6666666666666666, 0.6363636363636364, 0.7575757575757576, 0.6060606060606061, 0.6060606060606061, 0.6666666666666666, 0.5757575757575758, 0.7575757575757576, 0.7878787878787878, 0.8484848484848485]
 mean: 0.7010101010101011, std: 0.07493833127673295
F1 Score: [0.6329625884732053, 0.7380952380952381, 0.6996966632962589, 0.7272727272727273, 0.6590909090909091, 0.593505039193729, 0.5909090909090909, 0.7461538461538462, 0.5460317460317461, 0.5460317460317461, 0.6654377880184332, 0.5227272727272727, 0.7573529411764706, 0.7806267806267806, 0.8390243902439025]
 mean: 0.6696612511560904, std: 0.09276447811605211
Accuracy Intime: [0.7142857142857143, 0.7857142857142857, 0.5714285714285714, 0.5, 0.5833333333333334, 0.9285714285714286, 0.8571428571428571, 0.5714285714285714, 0.5, 0.5833333333333334, 0.7857142857142857, 0.8571428571428571, 0.9285714285714286, 0.8333333333333334, 0.75]
 mean: 0.7166666666666667, std: 0.14723452222609815
F1 (Intime): [0.65, 0.7543859649122806, 0.5333333333333333, 0.4375, 0.5804195804195804, 0.9251336898395721, 0.8444444444444444, 0.5333333333333333, 0.4857142857142857, 0.4957983193277311, 0.7543859649122806, 0.8444444444444444, 0.9251336898395721, 0.8285714285714285, 0.7333333333333334]
 mean: 0.6883954541617079, std: 0.16196998387672246
--------------------------------------------------
Subject Number: 5
Accuracy Cross: [0.375, 0.5625, 0.53125, 0.65625, 0.53125, 0.4375, 0.53125, 0.4375, 0.59375, 0.71875, 0.59375, 0.59375, 0.53125, 0.625, 0.53125]
 mean: 0.55, std: 0.0852386356061616
F1 Score: [0.375, 0.5555555555555556, 0.5270935960591133, 0.6559139784946236, 0.530791788856305, 0.4, 0.5195195195195195, 0.43529411764705883, 0.5933528836754643, 0.7046153846153846, 0.5933528836754643, 0.5933528836754643, 0.530791788856305, 0.611336032388664, 0.5270935960591133]
 mean: 0.5435376006052024, std: 0.08676691232540941
Accuracy Intime: [0.7857142857142857, 0.9285714285714286, 0.5, 0.5, 0.75, 0.8571428571428571, 0.7142857142857143, 1.0, 0.5, 0.5, 1.0, 0.7142857142857143, 0.9166666666666666, 0.3333333333333333, 0.5833333333333334]
 mean: 0.7055555555555556, std: 0.2035896059213334
F1 (Intime): [0.7846153846153847, 0.9282051282051282, 0.4857142857142857, 0.4375, 0.7482517482517483, 0.8571428571428571, 0.7083333333333333, 1.0, 0.5, 0.4857142857142857, 1.0, 0.7083333333333333, 0.9111111111111111, 0.3142857142857143, 0.5804195804195804]
 mean: 0.6966417841417842, std: 0.21207153670012524
--------------------------------------------------
Subject Number: 6
Accuracy Cross: [0.71875, 0.6875, 0.71875, 0.59375, 0.75, 0.5151515151515151, 0.5151515151515151, 0.45454545454545453, 0.48484848484848486, 0.5454545454545454, 0.6060606060606061, 0.6363636363636364, 0.5757575757575758, 0.7272727272727273, 0.6666666666666666]
 mean: 0.6130681818181818, std: 0.0931725789950242
F1 Score: [0.681063122923588, 0.6862745098039216, 0.7046153846153846, 0.5835835835835836, 0.7090909090909091, 0.34, 0.38888888888888884, 0.3125, 0.32653061224489793, 0.44568868980963045, 0.5195968645016797, 0.5909090909090909, 0.5227272727272727, 0.7102439024390244, 0.6158730158730159]
 mean: 0.5425057231607259, std: 0.1428031368385468
Accuracy Intime: [0.7142857142857143, 0.6428571428571429, 0.7857142857142857, 0.75, 0.5833333333333334, 0.7857142857142857, 0.7857142857142857, 0.9166666666666666, 0.5, 0.6666666666666666, 0.6428571428571429, 0.7857142857142857, 0.8333333333333334, 0.5833333333333334, 0.4166666666666667]
 mean: 0.692857142857143, std: 0.12940645944477325
F1 (Intime): [0.7083333333333333, 0.5906432748538011, 0.7543859649122806, 0.7482517482517483, 0.5555555555555556, 0.7754010695187166, 0.7754010695187166, 0.8991596638655461, 0.4375, 0.625, 0.641025641025641, 0.7754010695187166, 0.7777777777777777, 0.5555555555555556, 0.4125874125874126]
 mean: 0.6687986090849868, std: 0.13362261136115458
--------------------------------------------------
Subject Number: 7
Accuracy Cross: [0.65625, 0.5, 0.5625, 0.59375, 0.5625, 0.34375, 0.40625, 0.5, 0.46875, 0.5, 0.53125, 0.5, 0.5625, 0.59375, 0.6875]
 mean: 0.53125, std: 0.08539125638299665
F1 Score: [0.6101882613510521, 0.4458874458874459, 0.5465587044534412, 0.5835835835835836, 0.5151515151515151, 0.343108504398827, 0.4056695992179863, 0.5, 0.464039408866995, 0.4817813765182186, 0.5270935960591133, 0.5, 0.5555555555555556, 0.5933528836754643, 0.6875]
 mean: 0.5172980289812797, std: 0.08278266043076782
Accuracy Intime: [0.7857142857142857, 0.7142857142857143, 0.5, 0.4166666666666667, 0.75, 0.6428571428571429, 0.6428571428571429, 0.75, 0.5833333333333334, 0.5833333333333334, 0.7142857142857143, 0.6428571428571429, 0.4166666666666667, 0.5, 0.75]
 mean: 0.6261904761904762, std: 0.1186342028003479
F1 (Intime): [0.7754010695187166, 0.7083333333333333, 0.3333333333333333, 0.37777777777777777, 0.7482517482517483, 0.625668449197861, 0.5906432748538011, 0.7482517482517483, 0.4957983193277311, 0.5804195804195804, 0.6888888888888889, 0.641025641025641, 0.4125874125874126, 0.5, 0.7333333333333334]
 mean: 0.597314260673394, std: 0.13935992523123636
--------------------------------------------------
Subject Number: 8
Accuracy Cross: [0.625, 0.65625, 0.65625, 0.84375, 0.6875, 0.8125, 0.65625, 0.65625, 0.6875, 0.71875, 0.40625, 0.6875, 0.65625, 0.65625, 0.78125]
 mean: 0.6791666666666667, std: 0.09578803277143876
F1 Score: [0.5636363636363637, 0.5883040935672514, 0.6532019704433498, 0.8303287380699894, 0.6135265700483092, 0.7922077922077921, 0.6267232237539766, 0.6267232237539766, 0.6761133603238867, 0.6631578947368422, 0.4009852216748768, 0.6666666666666667, 0.6476476476476476, 0.6101882613510521, 0.7624602332979851]
 mean: 0.648124750745331, std: 0.09789688179684616
Accuracy Intime: [0.6428571428571429, 0.7142857142857143, 0.8333333333333334, 0.5833333333333334, 0.5833333333333334, 0.6428571428571429, 0.7142857142857143, 0.6666666666666666, 0.4166666666666667, 0.5833333333333334, 0.6428571428571429, 0.8571428571428571, 0.6666666666666666, 0.75, 0.75]
 mean: 0.6698412698412698, std: 0.10563012045907424
F1 (Intime): [0.5906432748538011, 0.7083333333333333, 0.8125, 0.5555555555555556, 0.5555555555555556, 0.5906432748538011, 0.6888888888888889, 0.5555555555555556, 0.4125874125874126, 0.5804195804195804, 0.5906432748538011, 0.8571428571428571, 0.625, 0.7333333333333334, 0.7482517482517483]
 mean: 0.6403369096790149, std: 0.11212696691793134
--------------------------------------------------
Subject Number: 9
Accuracy Cross: [0.84375, 0.71875, 0.90625, 0.78125, 0.8125, 0.65625, 0.59375, 0.5, 0.65625, 0.78125, 0.6875, 0.78125, 0.75, 0.65625, 0.6875]
 mean: 0.7208333333333333, std: 0.09978275012356708
F1 Score: [0.8303287380699894, 0.694591728525981, 0.9015384615384616, 0.7624602332979851, 0.8, 0.6559139784946236, 0.5733333333333333, 0.4980392156862745, 0.6559139784946236, 0.751937984496124, 0.6862745098039216, 0.7757757757757757, 0.746031746031746, 0.6532019704433498, 0.6761133603238867]
 mean: 0.7107636676210719, std: 0.09798749280288375
Accuracy Intime: [1.0, 0.8571428571428571, 0.9166666666666666, 0.5833333333333334, 0.5, 0.9285714285714286, 1.0, 1.0, 0.75, 0.6666666666666666, 0.9285714285714286, 0.8571428571428571, 0.8333333333333334, 0.6666666666666666, 0.6666666666666666]
 mean: 0.8103174603174603, std: 0.15609721050756764
F1 (Intime): [1.0, 0.8444444444444444, 0.8991596638655461, 0.5555555555555556, 0.4375, 0.9282051282051282, 1.0, 1.0, 0.7333333333333334, 0.6571428571428571, 0.9251336898395721, 0.8541666666666667, 0.7777777777777777, 0.625, 0.6571428571428571]
 mean: 0.7929707982649159, std: 0.17002642147392988
--------------------------------------------------
Subject Number: 10
Accuracy Cross: [0.5625, 0.5, 0.5625, 0.59375, 0.53125, 0.5625, 0.59375, 0.53125, 0.5, 0.40625, 0.5454545454545454, 0.5151515151515151, 0.5757575757575758, 0.48484848484848486, 0.6060606060606061]
 mean: 0.5380681818181817, std: 0.05020928231826475
F1 Score: [0.5333333333333333, 0.4666666666666667, 0.5151515151515151, 0.539313399778516, 0.5195195195195195, 0.5607843137254902, 0.5733333333333333, 0.5270935960591133, 0.4920634920634921, 0.4056695992179863, 0.5299145299145299, 0.5111111111111111, 0.5753676470588236, 0.48294930875576036, 0.5925925925925926]
 mean: 0.5216575972187855, std: 0.045951489999121804
Accuracy Intime: [0.7142857142857143, 0.9285714285714286, 0.75, 0.75, 0.5833333333333334, 0.6428571428571429, 0.8571428571428571, 0.75, 0.8333333333333334, 0.5, 0.7142857142857143, 0.7142857142857143, 0.75, 0.8333333333333334, 0.9166666666666666]
 mean: 0.7492063492063491, std: 0.11272635468498204
F1 (Intime): [0.65, 0.9251336898395721, 0.7333333333333334, 0.7333333333333334, 0.5555555555555556, 0.641025641025641, 0.8541666666666667, 0.6210526315789473, 0.8285714285714285, 0.4857142857142857, 0.65, 0.7142857142857143, 0.7333333333333334, 0.8285714285714285, 0.916083916083916]
 mean: 0.7246773971928773, std: 0.12385530685695537
--------------------------------------------------
Subject Number: 11
Accuracy Cross: [0.5151515151515151, 0.45454545454545453, 0.45454545454545453, 0.45454545454545453, 0.48484848484848486, 0.5454545454545454, 0.6060606060606061, 0.5757575757575758, 0.5757575757575758, 0.6363636363636364, 0.5151515151515151, 0.7272727272727273, 0.5757575757575758, 0.696969696969697, 0.5757575757575758]
 mean: 0.5595959595959596, std: 0.08121111613026984
F1 Score: [0.47619047619047616, 0.4288461538461539, 0.4107142857142857, 0.4288461538461539, 0.45268292682926825, 0.44568868980963045, 0.4849939975990396, 0.5227272727272727, 0.4652777777777778, 0.5416666666666666, 0.38888888888888884, 0.6996966632962589, 0.4652777777777778, 0.6590909090909091, 0.4652777777777778]
 mean: 0.4890577611892225, std: 0.08393897736331565
Accuracy Intime: [0.5714285714285714, 0.7857142857142857, 0.6428571428571429, 0.75, 0.5833333333333334, 0.5714285714285714, 0.5714285714285714, 0.6428571428571429, 0.4166666666666667, 0.5, 0.5, 0.5714285714285714, 0.5714285714285714, 0.6666666666666666, 0.5]
 mean: 0.5896825396825397, std: 0.0936238863686262
F1 (Intime): [0.475, 0.7543859649122806, 0.5906432748538011, 0.7333333333333334, 0.5555555555555556, 0.5333333333333333, 0.36363636363636365, 0.641025641025641, 0.4125874125874126, 0.4375, 0.4269005847953216, 0.475, 0.5333333333333333, 0.6571428571428571, 0.4857142857142857]
 mean: 0.538339462681568, std: 0.11318267232922376
--------------------------------------------------
Subject Number: 12
Accuracy Cross: [0.71875, 0.75, 0.78125, 0.78125, 0.625, 0.6363636363636364, 0.6363636363636364, 0.696969696969697, 0.6666666666666666, 0.7272727272727273, 0.6875, 0.5625, 0.6875, 0.625, 0.71875]
 mean: 0.6867424242424243, std: 0.06011201728421156
F1 Score: [0.694591728525981, 0.7333333333333334, 0.7702564102564102, 0.751937984496124, 0.5636363636363637, 0.5695652173913044, 0.5695652173913044, 0.6413043478260869, 0.593505039193729, 0.6857142857142857, 0.6536796536796536, 0.5555555555555556, 0.6825396825396826, 0.5844155844155844, 0.681063122923588]
 mean: 0.6487109017919325, std: 0.07021882244622603
Accuracy Intime: [0.7857142857142857, 0.8571428571428571, 0.8333333333333334, 0.5, 0.5, 0.7142857142857143, 0.7142857142857143, 0.8333333333333334, 0.5833333333333334, 0.5833333333333334, 1.0, 0.6428571428571429, 0.9166666666666666, 0.6666666666666666, 0.5]
 mean: 0.7087301587301587, std: 0.1539273386971512
F1 (Intime): [0.7543859649122806, 0.8444444444444444, 0.8125, 0.3333333333333333, 0.4857142857142857, 0.6888888888888889, 0.65, 0.7777777777777777, 0.4957983193277311, 0.4957983193277311, 1.0, 0.641025641025641, 0.8991596638655461, 0.625, 0.3333333333333333]
 mean: 0.6558106647967329, std: 0.1919777965934145
--------------------------------------------------
Subject Number: 13
Accuracy Cross: [0.8125, 0.8125, 0.90625, 0.875, 0.875, 0.6060606060606061, 0.8181818181818182, 0.8484848484848485, 0.6363636363636364, 0.6363636363636364, 0.6875, 0.75, 0.875, 0.84375, 0.9375]
 mean: 0.7946969696969698, std: 0.10259267667785925
F1 Score: [0.8056680161943319, 0.8095238095238095, 0.9015384615384616, 0.8704453441295547, 0.8666666666666667, 0.6001863932898416, 0.8180147058823529, 0.8390243902439025, 0.6278195488721805, 0.6192307692307693, 0.6666666666666667, 0.746031746031746, 0.873015873015873, 0.8358974358974359, 0.9365079365079365]
 mean: 0.787749184246102, std: 0.10571341301635319
Accuracy Intime: [0.7857142857142857, 0.5714285714285714, 0.9166666666666666, 0.75, 0.75, 0.7142857142857143, 0.6428571428571429, 0.9166666666666666, 0.75, 0.5833333333333334, 0.7857142857142857, 0.7857142857142857, 0.9166666666666666, 0.75, 0.75]
 mean: 0.7579365079365079, std: 0.1028382796734171
F1 (Intime): [0.7846153846153847, 0.5333333333333333, 0.8991596638655461, 0.7482517482517483, 0.7333333333333334, 0.7083333333333333, 0.625668449197861, 0.8991596638655461, 0.7333333333333334, 0.5555555555555556, 0.7543859649122806, 0.7543859649122806, 0.9111111111111111, 0.7482517482517483, 0.7482517482517483]
 mean: 0.7424753557416096, std: 0.10750307024964365
--------------------------------------------------
Subject Number: 14
Accuracy Cross: [0.71875, 0.65625, 0.6875, 0.65625, 0.75, 0.625, 0.65625, 0.625, 0.71875, 0.65625, 0.6875, 0.65625, 0.625, 0.4375, 0.75]
 mean: 0.6604166666666667, std: 0.0720484019407941
F1 Score: [0.716256157635468, 0.6101882613510521, 0.6875, 0.6559139784946236, 0.746031746031746, 0.5844155844155844, 0.6267232237539766, 0.611336032388664, 0.681063122923588, 0.5883040935672514, 0.6536796536796536, 0.6267232237539766, 0.5844155844155844, 0.41700404858299595, 0.7090909090909091]
 mean: 0.633243041339005, std: 0.07579405464182085
Accuracy Intime: [0.7857142857142857, 0.7142857142857143, 0.6666666666666666, 0.5, 0.9166666666666666, 0.8571428571428571, 0.7142857142857143, 0.6666666666666666, 0.75, 0.75, 0.7857142857142857, 0.5714285714285714, 0.5, 0.75, 0.75]
 mean: 0.7119047619047619, std: 0.11353922873872728
F1 (Intime): [0.7754010695187166, 0.6888888888888889, 0.5555555555555556, 0.4857142857142857, 0.916083916083916, 0.8444444444444444, 0.6888888888888889, 0.625, 0.7482517482517483, 0.7333333333333334, 0.7543859649122806, 0.475, 0.4375, 0.7482517482517483, 0.7482517482517483]
 mean: 0.6816634394730371, std: 0.13452080438922395
--------------------------------------------------
Subject Number: 15
Accuracy Cross: [0.8125, 0.59375, 0.6875, 0.59375, 0.6875, 0.75, 0.625, 0.6875, 0.6875, 0.5, 0.75, 0.5625, 0.46875, 0.5, 0.46875]
 mean: 0.625, std: 0.10582020916000245
F1 Score: [0.8, 0.5933528836754643, 0.6761133603238867, 0.5933528836754643, 0.6825396825396826, 0.746031746031746, 0.6190476190476191, 0.6875, 0.6666666666666667, 0.4920634920634921, 0.746031746031746, 0.5465587044534412, 0.464039408866995, 0.4920634920634921, 0.4682306940371457]
 mean: 0.618239491965123, std: 0.10482469713673706
Accuracy Intime: [0.7857142857142857, 0.7142857142857143, 0.9166666666666666, 0.8333333333333334, 0.6666666666666666, 0.7142857142857143, 0.6428571428571429, 0.9166666666666666, 0.6666666666666666, 0.6666666666666666, 0.7857142857142857, 0.7857142857142857, 1.0, 0.8333333333333334, 0.9166666666666666]
 mean: 0.7896825396825398, std: 0.10794817864075747
F1 (Intime): [0.7754010695187166, 0.6888888888888889, 0.9111111111111111, 0.8333333333333334, 0.6571428571428571, 0.7083333333333333, 0.625668449197861, 0.9111111111111111, 0.625, 0.6666666666666666, 0.7543859649122806, 0.7543859649122806, 1.0, 0.8333333333333334, 0.916083916083916]
 mean: 0.7773897333030461, std: 0.11472807521316276
--------------------------------------------------
Subject Number: 16
Accuracy Cross: [0.59375, 0.5625, 0.625, 0.59375, 0.59375, 0.71875, 0.65625, 0.71875, 0.65625, 0.75, 0.53125, 0.53125, 0.59375, 0.53125, 0.5]
 mean: 0.6104166666666667, std: 0.07383352144445564
F1 Score: [0.5933528836754643, 0.5607843137254902, 0.6235294117647059, 0.5835835835835836, 0.5835835835835836, 0.716256157635468, 0.6267232237539766, 0.716256157635468, 0.6476476476476476, 0.746031746031746, 0.5076923076923077, 0.43859649122807015, 0.539313399778516, 0.5076923076923077, 0.4458874458874459]
 mean: 0.5891287107543854, std: 0.09046865192419937
Accuracy Intime: [0.7142857142857143, 0.6428571428571429, 0.6666666666666666, 0.8333333333333334, 0.6666666666666666, 0.5714285714285714, 0.7142857142857143, 0.8333333333333334, 0.6666666666666666, 0.5, 0.7142857142857143, 0.7857142857142857, 0.8333333333333334, 0.8333333333333334, 0.75]
 mean: 0.7150793650793652, std: 0.09705281645142476
F1 (Intime): [0.7142857142857143, 0.5906432748538011, 0.6571428571428571, 0.8333333333333334, 0.6571428571428571, 0.5625, 0.65, 0.8285714285714285, 0.6571428571428571, 0.5, 0.7142857142857143, 0.7543859649122806, 0.8125, 0.8333333333333334, 0.7333333333333334]
 mean: 0.6999067112225009, std: 0.09936288449607476
--------------------------------------------------
Subject Number: 17
Accuracy Cross: [0.6666666666666666, 0.6363636363636364, 0.48484848484848486, 0.5757575757575758, 0.5454545454545454, 0.45454545454545453, 0.5454545454545454, 0.5151515151515151, 0.5757575757575758, 0.5757575757575758, 0.46875, 0.625, 0.625, 0.59375, 0.5625]
 mean: 0.5633838383838384, std: 0.06050187014204292
F1 Score: [0.6329625884732053, 0.6071428571428572, 0.4771668219944082, 0.5416666666666666, 0.5170731707317073, 0.44172932330827064, 0.4994944388270981, 0.5147058823529411, 0.5416666666666666, 0.49782608695652175, 0.4682306940371457, 0.6190476190476191, 0.5844155844155844, 0.5733333333333333, 0.5465587044534412]
 mean: 0.5375346958938311, std: 0.0552453512325093
Accuracy Intime: [0.7857142857142857, 0.7857142857142857, 0.6666666666666666, 0.5, 0.6666666666666666, 0.8571428571428571, 0.9285714285714286, 0.4166666666666667, 0.5833333333333334, 0.9166666666666666, 0.9285714285714286, 0.7142857142857143, 0.5, 0.75, 0.6666666666666666]
 mean: 0.711111111111111, std: 0.15682186230834783
F1 (Intime): [0.7754010695187166, 0.7543859649122806, 0.625, 0.3333333333333333, 0.6571428571428571, 0.8541666666666667, 0.9251336898395721, 0.4125874125874126, 0.5555555555555556, 0.916083916083916, 0.9282051282051282, 0.65, 0.49743589743589745, 0.7482517482517483, 0.6571428571428571]
 mean: 0.6859884064450628, std: 0.1773873756348252
--------------------------------------------------
Subject Number: 18
Accuracy Cross: [0.696969696969697, 0.7272727272727273, 0.7272727272727273, 0.7575757575757576, 0.8181818181818182, 0.8125, 0.75, 0.71875, 0.8125, 0.78125, 0.8125, 0.71875, 0.75, 0.8125, 0.8125]
 mean: 0.7672348484848485, std: 0.04207672419894822
F1 Score: [0.6966911764705883, 0.7272727272727273, 0.723205964585275, 0.7518796992481203, 0.8139097744360901, 0.7922077922077921, 0.7490196078431373, 0.718475073313783, 0.8, 0.7624602332979851, 0.8056680161943319, 0.694591728525981, 0.7333333333333334, 0.8095238095238095, 0.8056680161943319]
 mean: 0.7589271301631525, std: 0.041222323448199406
Accuracy Intime: [1.0, 0.8571428571428571, 1.0, 0.8333333333333334, 0.5833333333333334, 0.8571428571428571, 1.0, 0.8333333333333334, 0.9166666666666666, 0.8333333333333334, 0.9285714285714286, 0.6428571428571429, 0.9166666666666666, 0.75, 0.75]
 mean: 0.8468253968253968, std: 0.12037880079786417
F1 (Intime): [1.0, 0.8444444444444444, 1.0, 0.8285714285714285, 0.5804195804195804, 0.8444444444444444, 1.0, 0.8125, 0.916083916083916, 0.8285714285714285, 0.9282051282051282, 0.5238095238095237, 0.9111111111111111, 0.7333333333333334, 0.7482517482517483]
 mean: 0.833316405816406, std: 0.13734786788443912
--------------------------------------------------
Subject Number: 19
Accuracy Cross: [0.53125, 0.59375, 0.59375, 0.46875, 0.625, 0.5, 0.53125, 0.65625, 0.5625, 0.59375, 0.53125, 0.71875, 0.53125, 0.6875, 0.78125]
 mean: 0.59375, std: 0.08385254915624211
F1 Score: [0.3469387755102041, 0.4340136054421769, 0.5134502923976608, 0.36374269005847953, 0.5, 0.4181818181818182, 0.4684385382059801, 0.6267232237539766, 0.45893719806763283, 0.5733333333333333, 0.5195195195195195, 0.7046153846153846, 0.5270935960591133, 0.6862745098039216, 0.751937984496124]
 mean: 0.5262133646296884, std: 0.11781010687264956
Accuracy Intime: [0.6428571428571429, 0.7857142857142857, 0.75, 0.6666666666666666, 0.6666666666666666, 0.8571428571428571, 0.7857142857142857, 0.75, 0.6666666666666666, 0.5833333333333334, 0.7857142857142857, 0.7857142857142857, 0.9166666666666666, 0.5833333333333334, 0.6666666666666666]
 mean: 0.7261904761904762, std: 0.09333414317756847
F1 (Intime): [0.641025641025641, 0.7543859649122806, 0.7482517482517483, 0.625, 0.625, 0.8541666666666667, 0.7754010695187166, 0.7482517482517483, 0.625, 0.5804195804195804, 0.7846153846153847, 0.7543859649122806, 0.8991596638655461, 0.4957983193277311, 0.625]
 mean: 0.702390783451155, std: 0.10606261882117701
--------------------------------------------------
Subject Number: 20
Accuracy Cross: [0.625, 0.59375, 0.65625, 0.6875, 0.59375, 0.6875, 0.6875, 0.5625, 0.6875, 0.71875, 0.48484848484848486, 0.6363636363636364, 0.5151515151515151, 0.6060606060606061, 0.696969696969697]
 mean: 0.6292929292929293, std: 0.06750316948122675
F1 Score: [0.5844155844155844, 0.5588547189819725, 0.6101882613510521, 0.6363636363636364, 0.5134502923976608, 0.6825396825396826, 0.6666666666666667, 0.5151515151515151, 0.6666666666666667, 0.7117117117117118, 0.4771668219944082, 0.6071428571428572, 0.47619047619047616, 0.5662285136501517, 0.6413043478260869]
 mean: 0.5942694502033421, std: 0.07259706945395422
Accuracy Intime: [0.8571428571428571, 0.7857142857142857, 0.75, 0.5833333333333334, 0.6666666666666666, 0.7857142857142857, 0.8571428571428571, 1.0, 0.5833333333333334, 0.5, 0.9285714285714286, 1.0, 0.8333333333333334, 0.6666666666666666, 0.8333333333333334]
 mean: 0.7753968253968254, std: 0.1457295008828467
F1 (Intime): [0.8444444444444444, 0.7754010695187166, 0.6974789915966386, 0.4957983193277311, 0.6571428571428571, 0.7754010695187166, 0.8444444444444444, 1.0, 0.5804195804195804, 0.4375, 0.9282051282051282, 1.0, 0.8125, 0.625, 0.8333333333333334]
 mean: 0.7538046158634394, std: 0.16422722854594474
--------------------------------------------------
Subject Number: 21
Accuracy Cross: [0.375, 0.34375, 0.4375, 0.40625, 0.46875, 0.59375, 0.53125, 0.4375, 0.53125, 0.53125, 0.375, 0.40625, 0.375, 0.3125, 0.46875]
 mean: 0.4395833333333333, std: 0.07778397792747696
F1 Score: [0.37254901960784315, 0.33793103448275863, 0.41700404858299595, 0.3913913913913914, 0.45545545545545546, 0.5733333333333333, 0.4909862142099682, 0.41700404858299595, 0.4684385382059801, 0.5270935960591133, 0.3522267206477733, 0.3764102564102564, 0.3333333333333333, 0.2874493927125506, 0.4231177094379639]
 mean: 0.4149149394969142, std: 0.07511848337552392
Accuracy Intime: [0.42857142857142855, 0.7857142857142857, 0.6666666666666666, 0.5833333333333334, 0.5, 0.5, 0.5714285714285714, 0.5833333333333334, 0.6666666666666666, 0.6666666666666666, 0.5, 0.5714285714285714, 0.5833333333333334, 0.5833333333333334, 0.75]
 mean: 0.596031746031746, std: 0.09388590342634993
F1 (Intime): [0.41666666666666663, 0.7846153846153847, 0.4, 0.4957983193277311, 0.4857142857142857, 0.49743589743589745, 0.5625, 0.3684210526315789, 0.625, 0.6666666666666666, 0.49743589743589745, 0.5625, 0.4957983193277311, 0.5804195804195804, 0.7482517482517483]
 mean: 0.545814921232878, std: 0.11643090431707295
--------------------------------------------------
Subject Number: 22
Accuracy Cross: [0.625, 0.71875, 0.6875, 0.625, 0.75, 0.6363636363636364, 0.6666666666666666, 0.7575757575757576, 0.6666666666666666, 0.5757575757575758, 0.75, 0.75, 0.6875, 0.75, 0.75]
 mean: 0.6931186868686869, std: 0.05699516487385627
F1 Score: [0.6, 0.681063122923588, 0.6666666666666667, 0.5, 0.7090909090909091, 0.5695652173913044, 0.593505039193729, 0.7272727272727273, 0.593505039193729, 0.4652777777777778, 0.7090909090909091, 0.7408906882591093, 0.6666666666666667, 0.7408906882591093, 0.7333333333333334]
 mean: 0.6464545856746372, std: 0.08552916183879104
Accuracy Intime: [0.7142857142857143, 0.7857142857142857, 0.8333333333333334, 0.5833333333333334, 0.5, 0.8571428571428571, 1.0, 0.75, 0.5833333333333334, 0.3333333333333333, 0.7857142857142857, 0.7142857142857143, 0.75, 0.5833333333333334, 0.5833333333333334]
 mean: 0.6904761904761905, std: 0.15918585381377884
F1 (Intime): [0.65, 0.7543859649122806, 0.7777777777777777, 0.4957983193277311, 0.3333333333333333, 0.8444444444444444, 1.0, 0.6210526315789473, 0.4957983193277311, 0.25, 0.7543859649122806, 0.7142857142857143, 0.6210526315789473, 0.5555555555555556, 0.4957983193277311]
 mean: 0.6242445984241649, std: 0.1888242763919885
--------------------------------------------------
Subject Number: 23
Accuracy Cross: [0.7575757575757576, 0.7272727272727273, 0.7272727272727273, 0.696969696969697, 0.7272727272727273, 0.53125, 0.65625, 0.78125, 0.78125, 0.6875, 0.6363636363636364, 0.6666666666666666, 0.7575757575757576, 0.6666666666666666, 0.7272727272727273]
 mean: 0.7018939393939393, std: 0.06302503680894524
F1 Score: [0.7380952380952381, 0.6857142857142857, 0.6857142857142857, 0.6413043478260869, 0.6857142857142857, 0.530791788856305, 0.6559139784946236, 0.7810361681329423, 0.7810361681329423, 0.6875, 0.5695652173913044, 0.6329625884732053, 0.7272727272727273, 0.593505039193729, 0.6857142857142857]
 mean: 0.6721226936484165, std: 0.06904722182648652
Accuracy Intime: [0.8571428571428571, 0.9285714285714286, 0.75, 0.5, 0.8333333333333334, 0.8571428571428571, 0.7857142857142857, 0.8571428571428571, 0.8333333333333334, 0.6666666666666666, 0.7857142857142857, 0.7857142857142857, 0.9166666666666666, 0.5833333333333334, 0.75]
 mean: 0.7793650793650795, std: 0.11434081564096508
F1 (Intime): [0.8444444444444444, 0.9251336898395721, 0.7333333333333334, 0.3333333333333333, 0.8285714285714285, 0.8541666666666667, 0.7543859649122806, 0.8444444444444444, 0.8285714285714285, 0.6571428571428571, 0.7543859649122806, 0.7754010695187166, 0.9111111111111111, 0.5555555555555556, 0.7333333333333334]
 mean: 0.7555543083793858, std: 0.14571305799187664
--------------------------------------------------
Subject Number: 24
Accuracy Cross: [0.5625, 0.4375, 0.5625, 0.53125, 0.5, 0.5625, 0.59375, 0.5625, 0.59375, 0.6875, 0.53125, 0.46875, 0.5, 0.5, 0.53125]
 mean: 0.5416666666666666, std: 0.05781015385629836
F1 Score: [0.5333333333333333, 0.4375, 0.5555555555555556, 0.5270935960591133, 0.4817813765182186, 0.5465587044534412, 0.5835835835835836, 0.5555555555555556, 0.5901477832512315, 0.6862745098039216, 0.5195195195195195, 0.464039408866995, 0.5, 0.4980392156862745, 0.4909862142099682]
 mean: 0.5313312237597808, std: 0.058463385163221714
Accuracy Intime: [0.5714285714285714, 0.5714285714285714, 0.5, 0.5, 0.5, 0.5, 0.6428571428571429, 0.5, 0.75, 0.5, 0.6428571428571429, 0.7142857142857143, 0.5833333333333334, 0.5833333333333334, 0.4166666666666667]
 mean: 0.5650793650793651, std: 0.08822027448628732
F1 (Intime): [0.5333333333333333, 0.5714285714285714, 0.4857142857142857, 0.5, 0.4375, 0.47593582887700536, 0.641025641025641, 0.4857142857142857, 0.7482517482517483, 0.5, 0.625668449197861, 0.7083333333333333, 0.5555555555555556, 0.5804195804195804, 0.4125874125874126]
 mean: 0.5507645350292409, std: 0.09322312560660816
--------------------------------------------------
Subject Number: 25
Accuracy Cross: [0.42424242424242425, 0.5151515151515151, 0.5151515151515151, 0.45454545454545453, 0.45454545454545453, 0.5625, 0.65625, 0.65625, 0.65625, 0.6875, 0.6875, 0.6875, 0.625, 0.59375, 0.6875]
 mean: 0.5909090909090909, std: 0.0925747036591301
F1 Score: [0.2978723404255319, 0.5037593984962406, 0.47619047619047616, 0.35434782608695653, 0.35434782608695653, 0.5151515151515151, 0.6101882613510521, 0.6532019704433498, 0.5883040935672514, 0.6363636363636364, 0.6536796536796536, 0.6536796536796536, 0.536231884057971, 0.4793491864831039, 0.6363636363636364]
 mean: 0.5299354238951324, std: 0.11553568650887387
Accuracy Intime: [0.8571428571428571, 0.7857142857142857, 0.6666666666666666, 0.75, 0.5, 0.6428571428571429, 0.5714285714285714, 0.4166666666666667, 0.5833333333333334, 0.6666666666666666, 0.5714285714285714, 0.7142857142857143, 0.4166666666666667, 0.5, 0.5]
 mean: 0.6095238095238095, std: 0.12771614406280277
F1 (Intime): [0.8444444444444444, 0.7846153846153847, 0.5555555555555556, 0.7333333333333334, 0.4375, 0.625668449197861, 0.5625, 0.37777777777777777, 0.4957983193277311, 0.625, 0.5333333333333333, 0.6888888888888889, 0.29411764705882354, 0.3333333333333333, 0.4375]
 mean: 0.5552910977910979, std: 0.15840241024642138
--------------------------------------------------
Subject Number: 26
Accuracy Cross: [0.6666666666666666, 0.6363636363636364, 0.7575757575757576, 0.7878787878787878, 0.7575757575757576, 0.75, 0.6875, 0.625, 0.75, 0.65625, 0.90625, 0.875, 0.8125, 0.84375, 0.78125]
 mean: 0.7529040404040404, std: 0.08299076358317445
F1 Score: [0.6552706552706553, 0.5909090909090909, 0.7380952380952381, 0.7746341463414634, 0.7272727272727273, 0.7333333333333334, 0.6862745098039216, 0.6190476190476191, 0.7408906882591093, 0.6476476476476476, 0.9015384615384616, 0.8666666666666667, 0.7922077922077921, 0.8303287380699894, 0.751937984496124]
 mean: 0.7370703532639893, std: 0.08559603757828507
Accuracy Intime: [0.6428571428571429, 0.7857142857142857, 0.6666666666666666, 0.5, 0.8333333333333334, 0.9285714285714286, 0.9285714285714286, 0.9166666666666666, 0.75, 0.8333333333333334, 0.7857142857142857, 0.7142857142857143, 0.5833333333333334, 0.8333333333333334, 0.5]
 mean: 0.7468253968253968, std: 0.13838684773890222
F1 (Intime): [0.641025641025641, 0.7754010695187166, 0.5555555555555556, 0.3333333333333333, 0.8285714285714285, 0.9251336898395721, 0.9251336898395721, 0.8991596638655461, 0.7333333333333334, 0.8333333333333334, 0.7754010695187166, 0.65, 0.4957983193277311, 0.8285714285714285, 0.3333333333333333]
 mean: 0.7022056592644829, std: 0.19003720654898432
--------------------------------------------------
Subject Number: 27
Accuracy Cross: [0.6666666666666666, 0.6363636363636364, 0.48484848484848486, 0.5757575757575758, 0.5454545454545454, 0.45454545454545453, 0.5454545454545454, 0.5151515151515151, 0.5757575757575758, 0.5757575757575758, 0.46875, 0.625, 0.625, 0.59375, 0.5625]
 mean: 0.5633838383838384, std: 0.06050187014204292
F1 Score: [0.6329625884732053, 0.6071428571428572, 0.4771668219944082, 0.5416666666666666, 0.5170731707317073, 0.44172932330827064, 0.4994944388270981, 0.5147058823529411, 0.5416666666666666, 0.49782608695652175, 0.4682306940371457, 0.6190476190476191, 0.5844155844155844, 0.5733333333333333, 0.5465587044534412]
 mean: 0.5375346958938311, std: 0.0552453512325093
Accuracy Intime: [0.7857142857142857, 0.7857142857142857, 0.6666666666666666, 0.5, 0.6666666666666666, 0.8571428571428571, 0.9285714285714286, 0.4166666666666667, 0.5833333333333334, 0.9166666666666666, 0.9285714285714286, 0.7142857142857143, 0.5, 0.75, 0.6666666666666666]
 mean: 0.711111111111111, std: 0.15682186230834783
F1 (Intime): [0.7754010695187166, 0.7543859649122806, 0.625, 0.3333333333333333, 0.6571428571428571, 0.8541666666666667, 0.9251336898395721, 0.4125874125874126, 0.5555555555555556, 0.916083916083916, 0.9282051282051282, 0.65, 0.49743589743589745, 0.7482517482517483, 0.6571428571428571]
 mean: 0.6859884064450628, std: 0.1773873756348252
--------------------------------------------------
Subject Number: 28
Accuracy Cross: [0.6875, 0.625, 0.4375, 0.5, 0.4375, 0.5, 0.5, 0.4375, 0.59375, 0.59375, 0.5625, 0.40625, 0.53125, 0.625, 0.46875]
 mean: 0.5270833333333333, std: 0.08138343743593587
F1 Score: [0.6761133603238867, 0.611336032388664, 0.4285714285714286, 0.4666666666666667, 0.41700404858299595, 0.4458874458874459, 0.4920634920634921, 0.4285714285714286, 0.5134502923976608, 0.5588547189819725, 0.5607843137254902, 0.4009852216748768, 0.5195195195195195, 0.625, 0.45545545545545546]
 mean: 0.5066842283207322, std: 0.08126901708112765
Accuracy Intime: [0.7857142857142857, 0.5714285714285714, 0.6666666666666666, 0.5833333333333334, 0.4166666666666667, 0.5714285714285714, 0.6428571428571429, 0.75, 0.5833333333333334, 0.5833333333333334, 0.8571428571428571, 0.6428571428571429, 0.75, 0.5833333333333334, 0.8333333333333334]
 mean: 0.6547619047619049, std: 0.11533906110847585
F1 (Intime): [0.7846153846153847, 0.5625, 0.625, 0.5555555555555556, 0.4125874125874126, 0.36363636363636365, 0.625668449197861, 0.6210526315789473, 0.5804195804195804, 0.4957983193277311, 0.8571428571428571, 0.625668449197861, 0.6974789915966386, 0.5555555555555556, 0.8333333333333334]
 mean: 0.6130675255830056, std: 0.13455257531063744
--------------------------------------------------
Subject Number: 29
Accuracy Cross: [0.75, 0.78125, 0.90625, 0.8125, 0.6875, 0.84375, 0.96875, 0.9375, 0.90625, 0.90625, 0.8787878787878788, 0.8787878787878788, 0.9393939393939394, 0.9393939393939394, 0.9090909090909091]
 mean: 0.8696969696969696, std: 0.07708883967626173
F1 Score: [0.7090909090909091, 0.751937984496124, 0.9015384615384616, 0.7922077922077921, 0.6135265700483092, 0.8398398398398399, 0.967967967967968, 0.9365079365079365, 0.9015384615384616, 0.9015384615384616, 0.8777777777777778, 0.8777777777777778, 0.9379699248120301, 0.9379699248120301, 0.907735321528425]
 mean: 0.8569950074321537, std: 0.0958551428736699
Accuracy Intime: [1.0, 0.9285714285714286, 1.0, 1.0, 0.8333333333333334, 0.7142857142857143, 1.0, 0.75, 0.8333333333333334, 0.8333333333333334, 0.8571428571428571, 0.9285714285714286, 1.0, 0.8333333333333334, 0.6666666666666666]
 mean: 0.8785714285714287, std: 0.10825699385987364
F1 (Intime): [1.0, 0.9282051282051282, 1.0, 1.0, 0.8285714285714285, 0.7142857142857143, 1.0, 0.7482517482517483, 0.8285714285714285, 0.8285714285714285, 0.8541666666666667, 0.9251336898395721, 1.0, 0.8285714285714285, 0.6571428571428571]
 mean: 0.8760981012451602, std: 0.1101100956722327
--------------------------------------------------
**************************************************
accuracy_cross_list: [0.7963383838383838, 0.6607323232323233, 0.5252525252525252, 0.7010101010101011, 0.55, 0.6130681818181818, 0.53125, 0.6791666666666667, 0.7208333333333333, 0.5380681818181817, 0.5595959595959596, 0.6867424242424243, 0.7946969696969698, 0.6604166666666667, 0.625, 0.6104166666666667, 0.5633838383838384, 0.7672348484848485, 0.59375, 0.6292929292929293, 0.4395833333333333, 0.6931186868686869, 0.7018939393939393, 0.5416666666666666, 0.5909090909090909, 0.7529040404040404, 0.5633838383838384, 0.5270833333333333, 0.8696969696969696]
f1_score_list: [0.7816743829071058, 0.6494942264495721, 0.4975039191762391, 0.6696612511560904, 0.5435376006052024, 0.5425057231607259, 0.5172980289812797, 0.648124750745331, 0.7107636676210719, 0.5216575972187855, 0.4890577611892225, 0.6487109017919325, 0.787749184246102, 0.633243041339005, 0.618239491965123, 0.5891287107543854, 0.5375346958938311, 0.7589271301631525, 0.5262133646296884, 0.5942694502033421, 0.4149149394969142, 0.6464545856746372, 0.6721226936484165, 0.5313312237597808, 0.5299354238951324, 0.7370703532639893, 0.5375346958938311, 0.5066842283207322, 0.8569950074321537]
accuracy_intime_list: [0.8420634920634921, 0.6341269841269841, 0.5801587301587302, 0.7166666666666667, 0.7055555555555556, 0.692857142857143, 0.6261904761904762, 0.6698412698412698, 0.8103174603174603, 0.7492063492063491, 0.5896825396825397, 0.7087301587301587, 0.7579365079365079, 0.7119047619047619, 0.7896825396825398, 0.7150793650793652, 0.711111111111111, 0.8468253968253968, 0.7261904761904762, 0.7753968253968254, 0.596031746031746, 0.6904761904761905, 0.7793650793650795, 0.5650793650793651, 0.6095238095238095, 0.7468253968253968, 0.711111111111111, 0.6547619047619049, 0.8785714285714287]
f1_score_intime_list: [0.8318534618689418, 0.6113147630949488, 0.5553525232936998, 0.6883954541617079, 0.6966417841417842, 0.6687986090849868, 0.597314260673394, 0.6403369096790149, 0.7929707982649159, 0.7246773971928773, 0.538339462681568, 0.6558106647967329, 0.7424753557416096, 0.6816634394730371, 0.7773897333030461, 0.6999067112225009, 0.6859884064450628, 0.833316405816406, 0.702390783451155, 0.7538046158634394, 0.545814921232878, 0.6242445984241649, 0.7555543083793858, 0.5507645350292409, 0.5552910977910979, 0.7022056592644829, 0.6859884064450628, 0.6130675255830056, 0.8760981012451602]
**************************************************
ACC: 63.75±9.86
F1: 61.03±10.45
Intime: 71.00±8.08
F1 (Intime): 68.23±8.97
