1e-04
Subject Number: 1
Accuracy Cross: [0.7261904761904762, 0.7142857142857143, 0.7261904761904762, 0.7142857142857143, 0.7261904761904762, 0.7380952380952381, 0.8571428571428571, 0.7976190476190477, 0.7738095238095238, 0.8214285714285714, 0.7023809523809523, 0.7380952380952381, 0.75, 0.7738095238095238, 0.7380952380952381]
 mean: 0.7531746031746032, std: 0.04225025921970211
F1 Score: [0.7079365079365079, 0.6888888888888889, 0.7039987743220468, 0.6888888888888889, 0.7039987743220468, 0.7343300747556067, 0.8570618264322178, 0.7975903614457831, 0.7737774627923459, 0.8214032600992204, 0.6734566941377702, 0.7223557692307692, 0.7333333333333334, 0.761613144137416, 0.71880706025563]
 mean: 0.7391627213985648, std: 0.05122118062054206
Accuracy Intime: [0.8823529411764706, 0.9411764705882353, 0.9411764705882353, 0.8823529411764706, 0.90625, 0.5882352941176471, 0.7941176470588235, 0.7941176470588235, 0.8529411764705882, 0.90625, 0.7941176470588235, 0.7058823529411765, 0.7941176470588235, 0.9411764705882353, 0.875]
 mean: 0.8399509803921569, std: 0.0946086368451924
F1 (Intime): [0.8823529411764706, 0.9409722222222222, 0.9409722222222222, 0.880701754385965, 0.906158357771261, 0.5868055555555556, 0.7895667550839964, 0.793939393939394, 0.8528138528138528, 0.906158357771261, 0.7850045167118338, 0.678030303030303, 0.793939393939394, 0.9403508771929825, 0.875]
 mean: 0.8368511002544474, std: 0.09799951832084605
--------------------------------------------------
Subject Number: 2
Accuracy Cross: [0.7023809523809523, 0.7619047619047619, 0.7857142857142857, 0.7380952380952381, 0.6309523809523809, 0.7976190476190477, 0.7619047619047619, 0.8095238095238095, 0.7380952380952381, 0.8333333333333334, 0.7976190476190477, 0.8095238095238095, 0.7619047619047619, 0.8809523809523809, 0.7857142857142857]
 mean: 0.7730158730158733, std: 0.056254111576728105
F1 Score: [0.6896704595832718, 0.7597254004576659, 0.7795918367346939, 0.7356979405034325, 0.5884305357989568, 0.79408795962509, 0.7569444444444444, 0.8067855089131685, 0.7254901960784313, 0.8309373202990225, 0.7975903614457831, 0.8095238095238095, 0.7613636363636364, 0.8806818181818181, 0.7857142857142857]
 mean: 0.7668157009111675, std: 0.06498004392910652
Accuracy Intime: [0.9117647058823529, 0.7647058823529411, 0.8235294117647058, 0.7941176470588235, 0.8125, 0.7941176470588235, 0.8235294117647058, 0.9117647058823529, 0.9117647058823529, 0.65625, 0.8235294117647058, 0.8235294117647058, 0.7352941176470589, 0.8529411764705882, 0.875]
 mean: 0.8209558823529411, std: 0.06725630429281725
F1 (Intime): [0.9116883116883117, 0.7614035087719297, 0.8229166666666667, 0.7850045167118338, 0.8117647058823529, 0.793939393939394, 0.8229166666666667, 0.9110723626852659, 0.9116883116883117, 0.6559139784946236, 0.8229166666666667, 0.8235294117647058, 0.7332170880557978, 0.85178727114211, 0.875]
 mean: 0.8196505907216423, std: 0.06784293099091343
--------------------------------------------------
Subject Number: 3
Accuracy Cross: [0.5476190476190477, 0.5595238095238095, 0.5476190476190477, 0.5714285714285714, 0.5952380952380952, 0.6547619047619048, 0.6785714285714286, 0.6785714285714286, 0.7142857142857143, 0.7261904761904762, 0.6666666666666666, 0.6904761904761905, 0.7142857142857143, 0.7023809523809523, 0.6904761904761905]
 mean: 0.6492063492063492, std: 0.06342258102859379
F1 Score: [0.4589830508474576, 0.4999195494770716, 0.4708222811671088, 0.5333333333333333, 0.5159322033898305, 0.6547129695251594, 0.6763236763236764, 0.6781609195402298, 0.7128205128205127, 0.7261516654854713, 0.625, 0.6576802507836991, 0.6932440657334145, 0.6782595373065727, 0.662962962962963]
 mean: 0.6162871319131, std: 0.08960191524090147
Accuracy Intime: [0.8235294117647058, 0.9117647058823529, 0.7647058823529411, 0.7647058823529411, 0.75, 0.7941176470588235, 0.6470588235294118, 0.6470588235294118, 0.9117647058823529, 0.8125, 0.6764705882352942, 0.7647058823529411, 0.8529411764705882, 0.8235294117647058, 0.65625]
 mean: 0.7734068627450982, std: 0.08462398029600132
F1 (Intime): [0.8235294117647058, 0.9116883116883117, 0.7638888888888888, 0.7647058823529411, 0.7333333333333334, 0.7925021795989537, 0.6458333333333333, 0.6263736263736264, 0.9116883116883117, 0.8125, 0.6761904761904762, 0.7571428571428571, 0.8496905393457117, 0.8235294117647058, 0.6532019704433498]
 mean: 0.7697199022606338, std: 0.08740975583160246
--------------------------------------------------
Subject Number: 4
Accuracy Cross: [0.6904761904761905, 0.6190476190476191, 0.6904761904761905, 0.7023809523809523, 0.7023809523809523, 0.7142857142857143, 0.7380952380952381, 0.7261904761904762, 0.7619047619047619, 0.7738095238095238, 0.7857142857142857, 0.7857142857142857, 0.7857142857142857, 0.6428571428571429, 0.8214285714285714]
 mean: 0.7293650793650794, std: 0.05506586907524334
F1 Score: [0.6904761904761905, 0.6170940170940171, 0.6904761904761905, 0.7002997002997002, 0.7020008514261388, 0.7128205128205127, 0.7367521367521368, 0.7214131218457102, 0.7569444444444444, 0.7722277722277722, 0.7846153846153847, 0.7837528604118993, 0.7855927396483267, 0.6213942307692308, 0.8207936282178923]
 mean: 0.7264435854350365, std: 0.05731402986231333
Accuracy Intime: [0.8529411764705882, 0.7941176470588235, 0.6764705882352942, 0.8529411764705882, 0.8125, 0.7647058823529411, 0.8235294117647058, 0.8235294117647058, 0.9117647058823529, 0.78125, 0.7647058823529411, 0.7941176470588235, 0.6764705882352942, 0.7352941176470589, 0.6875]
 mean: 0.7834558823529413, std: 0.06609540241423666
F1 (Intime): [0.85178727114211, 0.7925021795989537, 0.6761904761904762, 0.8528138528138528, 0.8125, 0.7638888888888888, 0.8229166666666667, 0.8235294117647058, 0.9116883116883117, 0.7810361681329423, 0.7647058823529411, 0.793939393939394, 0.6621499548328816, 0.7294429708222812, 0.6825396825396826]
 mean: 0.7814420740916059, std: 0.06837325355847514
--------------------------------------------------
Subject Number: 5
Accuracy Cross: [0.8333333333333334, 0.8095238095238095, 0.8095238095238095, 0.7261904761904762, 0.75, 0.7857142857142857, 0.8095238095238095, 0.8571428571428571, 0.8333333333333334, 0.8214285714285714, 0.8214285714285714, 0.7976190476190477, 0.7738095238095238, 0.8095238095238095, 0.7857142857142857]
 mean: 0.8015873015873016, std: 0.032433042447146905
F1 Score: [0.8329545454545455, 0.8090909090909091, 0.8094157685762904, 0.723010752688172, 0.7456380677721701, 0.78125, 0.8067855089131685, 0.8568181818181818, 0.8285714285714285, 0.8212005108556832, 0.8193548387096774, 0.7968994453136111, 0.7698630136986302, 0.8077803203661327, 0.7852272727272727]
 mean: 0.799590704303725, std: 0.03326688248344492
Accuracy Intime: [0.9117647058823529, 0.8529411764705882, 0.7941176470588235, 0.7941176470588235, 0.90625, 0.8529411764705882, 0.8529411764705882, 0.8823529411764706, 0.8529411764705882, 0.625, 0.8529411764705882, 0.8823529411764706, 0.8529411764705882, 0.7352941176470589, 0.8125]
 mean: 0.8307598039215686, std: 0.07071343913866286
F1 (Intime): [0.9116883116883117, 0.85178727114211, 0.793939393939394, 0.7850045167118338, 0.9054187192118226, 0.8528138528138528, 0.8528138528138528, 0.8819444444444444, 0.85178727114211, 0.6235294117647059, 0.85178727114211, 0.8823529411764706, 0.8496905393457117, 0.7294429708222812, 0.8095238095238095]
 mean: 0.828901638512188, std: 0.07170341462823818
--------------------------------------------------
Subject Number: 6
Accuracy Cross: [0.5833333333333334, 0.5952380952380952, 0.5833333333333334, 0.5476190476190477, 0.5952380952380952, 0.7023809523809523, 0.6428571428571429, 0.6904761904761905, 0.6190476190476191, 0.6904761904761905, 0.6309523809523809, 0.6904761904761905, 0.6904761904761905, 0.6071428571428571, 0.6071428571428571]
 mean: 0.6317460317460317, std: 0.04810597606568804
F1 Score: [0.5828011919965943, 0.5952380952380952, 0.5804195804195804, 0.5473624503686898, 0.5952380952380952, 0.6989247311827957, 0.6426545660805445, 0.6876430205949657, 0.6181818181818182, 0.6876430205949657, 0.6304810557684121, 0.6897727272727273, 0.6876430205949657, 0.6043956043956044, 0.6066411238825031]
 mean: 0.6303360067873572, std: 0.04741505291181657
Accuracy Intime: [0.7647058823529411, 0.6764705882352942, 0.6470588235294118, 0.7352941176470589, 0.71875, 0.7941176470588235, 0.6764705882352942, 0.6764705882352942, 0.8235294117647058, 0.75, 0.6176470588235294, 0.5882352941176471, 0.6470588235294118, 0.6176470588235294, 0.71875]
 mean: 0.696813725490196, std: 0.06629369610028879
F1 (Intime): [0.7571428571428571, 0.6693191865605659, 0.6421052631578947, 0.7350649350649351, 0.718475073313783, 0.7895667550839964, 0.6693191865605659, 0.6621499548328816, 0.8210526315789474, 0.7490196078431373, 0.6173160173160173, 0.5824561403508772, 0.6421052631578947, 0.6146469049694856, 0.718475073313783]
 mean: 0.6925476566831748, std: 0.0670226423174147
--------------------------------------------------
Subject Number: 7
Accuracy Cross: [0.6666666666666666, 0.6071428571428571, 0.5952380952380952, 0.5833333333333334, 0.5714285714285714, 0.6309523809523809, 0.6071428571428571, 0.5119047619047619, 0.5714285714285714, 0.5833333333333334, 0.5952380952380952, 0.6785714285714286, 0.5952380952380952, 0.5714285714285714, 0.5833333333333334]
 mean: 0.5968253968253968, std: 0.03884837539847752
F1 Score: [0.6541176470588235, 0.6025806451612903, 0.5757575757575757, 0.5608663181478716, 0.5508021390374331, 0.615191369883257, 0.5809523809523809, 0.4910595537165657, 0.5675057208237986, 0.5696091348265262, 0.595008508224617, 0.6763236763236764, 0.595008508224617, 0.5692307692307692, 0.5804195804195804]
 mean: 0.5856289018525854, std: 0.04165204067652412
Accuracy Intime: [0.6176470588235294, 0.7352941176470589, 0.7058823529411765, 0.8529411764705882, 0.8125, 0.6176470588235294, 0.7058823529411765, 0.7058823529411765, 0.5882352941176471, 0.6875, 0.7058823529411765, 0.5882352941176471, 0.6470588235294118, 0.6470588235294118, 0.65625]
 mean: 0.6849264705882353, std: 0.07314174768043594
F1 (Intime): [0.6173160173160173, 0.7350649350649351, 0.6886446886446886, 0.85178727114211, 0.8117647058823529, 0.6173160173160173, 0.7058823529411765, 0.7048611111111112, 0.5882352941176471, 0.6875, 0.7048611111111112, 0.5868055555555556, 0.6421052631578947, 0.6458333333333333, 0.6476476476476476]
 mean: 0.68237502028944, std: 0.07324476910018678
--------------------------------------------------
Subject Number: 8
Accuracy Cross: [0.8214285714285714, 0.8095238095238095, 0.8333333333333334, 0.8214285714285714, 0.8571428571428571, 0.7976190476190477, 0.8095238095238095, 0.8333333333333334, 0.8690476190476191, 0.8452380952380952, 0.8809523809523809, 0.8452380952380952, 0.8928571428571429, 0.9047619047619048, 0.8571428571428571]
 mean: 0.8452380952380952, std: 0.030737963065138225
F1 Score: [0.8212005108556832, 0.8085470085470086, 0.8332387975042541, 0.8201798201798203, 0.8568181818181818, 0.7975903614457831, 0.8067855089131685, 0.8333333333333334, 0.8675268817204301, 0.8425378514780101, 0.8808848553601816, 0.8446878111221732, 0.8924761769307352, 0.9047078842881452, 0.8571428571428571]
 mean: 0.8445105227093176, std: 0.030981308378087866
Accuracy Intime: [0.9117647058823529, 0.9411764705882353, 0.9705882352941176, 0.9117647058823529, 0.9375, 0.9117647058823529, 0.8823529411764706, 0.7941176470588235, 0.7352941176470589, 0.90625, 0.8823529411764706, 0.8529411764705882, 0.8823529411764706, 0.8235294117647058, 0.84375]
 mean: 0.8791666666666668, std: 0.059176585503208375
F1 (Intime): [0.9116883116883117, 0.9403508771929825, 0.970357454228422, 0.9116883116883117, 0.9375, 0.9116883116883117, 0.8819444444444444, 0.793939393939394, 0.7235772357723578, 0.906158357771261, 0.8819444444444444, 0.8528138528138528, 0.8819444444444444, 0.8229166666666667, 0.8423645320197044]
 mean: 0.8780584425868606, std: 0.0611299075080424
--------------------------------------------------
Subject Number: 9
Accuracy Cross: [0.7380952380952381, 0.7380952380952381, 0.7619047619047619, 0.6904761904761905, 0.6547619047619048, 0.7857142857142857, 0.7142857142857143, 0.6666666666666666, 0.7738095238095238, 0.7261904761904762, 0.6904761904761905, 0.7142857142857143, 0.7380952380952381, 0.6904761904761905, 0.7142857142857143]
 mean: 0.7198412698412697, std: 0.03633499410241143
F1 Score: [0.7282352941176471, 0.7282352941176471, 0.7613636363636364, 0.671875, 0.6400177331165953, 0.7857142857142857, 0.7128205128205127, 0.6664775950085082, 0.7735206470838655, 0.723010752688172, 0.6576802507836991, 0.6888888888888889, 0.71880706025563, 0.6576802507836991, 0.6888888888888889]
 mean: 0.7068810727087782, std: 0.04304337948913591
Accuracy Intime: [0.8529411764705882, 0.8529411764705882, 0.8529411764705882, 0.7352941176470589, 0.8125, 0.8823529411764706, 0.7647058823529411, 0.7352941176470589, 0.8823529411764706, 0.8125, 0.8823529411764706, 0.9117647058823529, 0.9117647058823529, 0.9117647058823529, 0.9375]
 mean: 0.849264705882353, std: 0.06253603344202487
F1 (Intime): [0.85178727114211, 0.85178727114211, 0.85178727114211, 0.7350649350649351, 0.8117647058823529, 0.8823529411764706, 0.7614035087719297, 0.7235772357723578, 0.8819444444444444, 0.8117647058823529, 0.8823529411764706, 0.9110723626852659, 0.9116883116883117, 0.9110723626852659, 0.9372549019607843]
 mean: 0.8477783447078182, std: 0.0642359975441322
--------------------------------------------------
Subject Number: 10
Accuracy Cross: [0.6309523809523809, 0.6904761904761905, 0.6666666666666666, 0.6547619047619048, 0.7023809523809523, 0.6190476190476191, 0.5952380952380952, 0.6071428571428571, 0.5714285714285714, 0.6666666666666666, 0.7619047619047619, 0.7023809523809523, 0.7380952380952381, 0.7023809523809523, 0.6428571428571429]
 mean: 0.6634920634920635, std: 0.05188558453549572
F1 Score: [0.6304810557684121, 0.6860264519838988, 0.664957264957265, 0.6547129695251594, 0.701322713696487, 0.6190476190476191, 0.5868055555555556, 0.6066411238825031, 0.5692307692307692, 0.6664775950085082, 0.7619047619047619, 0.702338766832034, 0.7379466817923993, 0.6950776825903877, 0.641025641025641]
 mean: 0.6615997768534267, std: 0.05245726016728276
Accuracy Intime: [0.8529411764705882, 0.7941176470588235, 0.6764705882352942, 0.7647058823529411, 0.625, 0.8823529411764706, 0.6764705882352942, 0.7058823529411765, 0.7647058823529411, 0.625, 0.7647058823529411, 0.6176470588235294, 0.6176470588235294, 0.5882352941176471, 0.5]
 mean: 0.6970588235294117, std: 0.10210444253654101
F1 (Intime): [0.8528138528138528, 0.7850045167118338, 0.6693191865605659, 0.7638888888888888, 0.611336032388664, 0.880701754385965, 0.6621499548328816, 0.7048611111111112, 0.7647058823529411, 0.6235294117647059, 0.7614035087719297, 0.6146469049694856, 0.6091954022988506, 0.5882352941176471, 0.4666666666666667]
 mean: 0.6905638912423993, std: 0.10724036363230792
--------------------------------------------------
Subject Number: 11
Accuracy Cross: [0.6071428571428571, 0.6071428571428571, 0.5952380952380952, 0.6309523809523809, 0.7023809523809523, 0.7738095238095238, 0.75, 0.7738095238095238, 0.7142857142857143, 0.7023809523809523, 0.7023809523809523, 0.6785714285714286, 0.6904761904761905, 0.7380952380952381, 0.75]
 mean: 0.6944444444444445, std: 0.058104778468962316
F1 Score: [0.6057459820793628, 0.6025806451612903, 0.5943181818181817, 0.6218963264120807, 0.6925779534475187, 0.7735206470838655, 0.7496807151979565, 0.7722277722277722, 0.7141236528644356, 0.7020008514261388, 0.7002997002997002, 0.6781609195402298, 0.6897727272727273, 0.7380952380952381, 0.7499645641389086]
 mean: 0.692331058471027, std: 0.0592391797106975
Accuracy Intime: [0.7647058823529411, 0.7058823529411765, 0.7647058823529411, 0.7941176470588235, 0.6875, 0.7647058823529411, 0.6470588235294118, 0.7352941176470589, 0.7647058823529411, 0.71875, 0.6176470588235294, 0.8235294117647058, 0.7058823529411765, 0.6764705882352942, 0.75]
 mean: 0.728063725490196, std: 0.053859422743849104
F1 (Intime): [0.7647058823529411, 0.7048611111111112, 0.7571428571428571, 0.793939393939394, 0.6875, 0.7638888888888888, 0.6458333333333333, 0.7235772357723578, 0.7571428571428571, 0.718475073313783, 0.6146469049694856, 0.8229166666666667, 0.7058823529411765, 0.6693191865605659, 0.7490196078431373]
 mean: 0.7252567567985703, std: 0.054061029421251204
--------------------------------------------------
Subject Number: 12
Accuracy Cross: [0.75, 0.8333333333333334, 0.8095238095238095, 0.8452380952380952, 0.8452380952380952, 0.7380952380952381, 0.7023809523809523, 0.6904761904761905, 0.7380952380952381, 0.7023809523809523, 0.75, 0.7857142857142857, 0.7738095238095238, 0.7738095238095238, 0.7619047619047619]
 mean: 0.7666666666666667, std: 0.04856209060564558
F1 Score: [0.7499645641389086, 0.8332387975042541, 0.8094157685762904, 0.8425378514780101, 0.8452161587526577, 0.7254901960784313, 0.6782595373065727, 0.662962962962963, 0.7254901960784313, 0.6825396825396826, 0.7438652533759256, 0.7852272727272727, 0.7722277722277722, 0.7711827956989248, 0.7613636363636364]
 mean: 0.7592654963873157, std: 0.05634747537120076
Accuracy Intime: [0.7352941176470589, 0.7647058823529411, 0.7647058823529411, 0.6764705882352942, 0.9375, 0.8823529411764706, 0.8823529411764706, 0.9411764705882353, 0.7941176470588235, 0.84375, 0.9117647058823529, 0.7647058823529411, 0.7647058823529411, 0.7058823529411765, 0.8125]
 mean: 0.8121323529411765, std: 0.0808606254239023
F1 (Intime): [0.7350649350649351, 0.7614035087719297, 0.7647058823529411, 0.652093023255814, 0.9375, 0.880701754385965, 0.8819444444444444, 0.9411764705882353, 0.7895667550839964, 0.8423645320197044, 0.9116883116883117, 0.7571428571428571, 0.7638888888888888, 0.7058823529411765, 0.8117647058823529]
 mean: 0.8091258948341035, std: 0.08412651342352184
--------------------------------------------------
Subject Number: 13
Accuracy Cross: [0.7023809523809523, 0.7142857142857143, 0.7023809523809523, 0.7738095238095238, 0.7619047619047619, 0.7261904761904762, 0.7142857142857143, 0.7261904761904762, 0.7261904761904762, 0.7738095238095238, 0.7857142857142857, 0.7619047619047619, 0.7380952380952381, 0.8095238095238095, 0.7857142857142857]
 mean: 0.746825396825397, std: 0.03295323728893127
F1 Score: [0.7020008514261388, 0.7116704805491991, 0.6896704595832718, 0.7735206470838655, 0.7597254004576659, 0.7242757242757243, 0.7116704805491991, 0.7242757242757243, 0.7258407833120477, 0.7735206470838655, 0.7826336975273145, 0.7597254004576659, 0.7306122448979592, 0.8040816326530613, 0.7826336975273145]
 mean: 0.7437238581106678, std: 0.033590081795804264
Accuracy Intime: [0.8823529411764706, 0.7647058823529411, 0.7647058823529411, 0.8529411764705882, 0.84375, 0.9705882352941176, 0.8529411764705882, 0.8235294117647058, 0.8235294117647058, 0.78125, 0.9117647058823529, 0.7647058823529411, 0.7352941176470589, 0.6764705882352942, 0.71875]
 mean: 0.8111519607843135, std: 0.07539743154500182
F1 (Intime): [0.880701754385965, 0.7638888888888888, 0.7614035087719297, 0.8496905393457117, 0.8398398398398399, 0.9705627705627706, 0.8528138528138528, 0.8210526315789474, 0.8229166666666667, 0.7810361681329423, 0.9110723626852659, 0.7647058823529411, 0.7350649350649351, 0.6693191865605659, 0.718475073313783]
 mean: 0.809502937397667, std: 0.07604398783778765
--------------------------------------------------
Subject Number: 14
Accuracy Cross: [0.7380952380952381, 0.7380952380952381, 0.7857142857142857, 0.7619047619047619, 0.7380952380952381, 0.8214285714285714, 0.8333333333333334, 0.7976190476190477, 0.7738095238095238, 0.8214285714285714, 0.6904761904761905, 0.75, 0.7619047619047619, 0.8333333333333334, 0.7738095238095238]
 mean: 0.7746031746031747, std: 0.03995146967826419
F1 Score: [0.7375, 0.7380952380952381, 0.7857142857142857, 0.7613636363636364, 0.7375, 0.8207936282178923, 0.8318077803203661, 0.7962037962037962, 0.7722277722277722, 0.8201798201798203, 0.6860264519838988, 0.7417654808959157, 0.761769710720363, 0.8329545454545455, 0.7730052624093302]
 mean: 0.7731271605857908, std: 0.040664359424259756
Accuracy Intime: [0.8529411764705882, 0.7941176470588235, 0.8823529411764706, 0.7941176470588235, 0.8125, 0.8235294117647058, 0.6470588235294118, 0.7352941176470589, 0.6470588235294118, 0.875, 0.7941176470588235, 0.9411764705882353, 0.7941176470588235, 0.7941176470588235, 0.875]
 mean: 0.8041666666666668, std: 0.07846736306588159
F1 (Intime): [0.8528138528138528, 0.793939393939394, 0.8823529411764706, 0.793939393939394, 0.8095238095238095, 0.8210526315789474, 0.6458333333333333, 0.7350649350649351, 0.6458333333333333, 0.8745098039215686, 0.7925021795989537, 0.9403508771929825, 0.7895667550839964, 0.7895667550839964, 0.8745098039215686]
 mean: 0.8027573199671022, std: 0.07869419452712607
--------------------------------------------------
**************************************************
accuracy_cross_list: [0.7531746031746032, 0.7730158730158733, 0.6492063492063492, 0.7293650793650794, 0.8015873015873016, 0.6317460317460317, 0.5968253968253968, 0.8452380952380952, 0.7198412698412697, 0.6634920634920635, 0.6944444444444445, 0.7666666666666667, 0.746825396825397, 0.7746031746031747]
f1_score_list: [0.7391627213985648, 0.7668157009111675, 0.6162871319131, 0.7264435854350365, 0.799590704303725, 0.6303360067873572, 0.5856289018525854, 0.8445105227093176, 0.7068810727087782, 0.6615997768534267, 0.692331058471027, 0.7592654963873157, 0.7437238581106678, 0.7731271605857908]
accuracy_intime_list: [0.8399509803921569, 0.8209558823529411, 0.7734068627450982, 0.7834558823529413, 0.8307598039215686, 0.696813725490196, 0.6849264705882353, 0.8791666666666668, 0.849264705882353, 0.6970588235294117, 0.728063725490196, 0.8121323529411765, 0.8111519607843135, 0.8041666666666668]
f1_score_intime_list: [0.8368511002544474, 0.8196505907216423, 0.7697199022606338, 0.7814420740916059, 0.828901638512188, 0.6925476566831748, 0.68237502028944, 0.8780584425868606, 0.8477783447078182, 0.6905638912423993, 0.7252567567985703, 0.8091258948341035, 0.809502937397667, 0.8027573199671022]
**************************************************
ACC: 72.47±6.75
F1: 71.76±7.10
Intime: 78.65±5.98
F1 (Intime): 78.39±6.08
