1e-04
Subject Number: 1
Accuracy Cross: [0.45588235294117646, 0.45588235294117646, 0.3235294117647059, 0.39705882352941174, 0.45588235294117646, 0.4057971014492754, 0.43478260869565216, 0.42028985507246375, 0.43478260869565216, 0.37681159420289856, 0.4411764705882353, 0.5294117647058824, 0.6029411764705882, 0.39705882352941174, 0.4264705882352941]
 mean: 0.43718385905086676, std: 0.06230320464263931
F1 Score: [0.490307685930121, 0.4736752136752137, 0.32743907279511, 0.4333356120681797, 0.4884193729302425, 0.37315787049829596, 0.41761276035096573, 0.3841666666666667, 0.4043040293040293, 0.37185399141920883, 0.43469003763121405, 0.5467243083003952, 0.6151072124756335, 0.37731845217574334, 0.40924865223602946]
 mean: 0.43649072923046994, std: 0.07280059647230028
Accuracy Intime: [0.5357142857142857, 0.5714285714285714, 0.35714285714285715, 0.46153846153846156, 0.5769230769230769, 0.5357142857142857, 0.6071428571428571, 0.4642857142857143, 0.5769230769230769, 0.5384615384615384, 0.5, 0.6071428571428571, 0.32142857142857145, 0.38461538461538464, 0.6153846153846154]
 mean: 0.5102564102564102, std: 0.090930699818549
F1 (Intime): [0.5220759632524339, 0.5598039215686275, 0.3297682709447415, 0.4328947368421053, 0.5791101055806939, 0.51875, 0.6201388888888889, 0.4738095238095238, 0.5905637254901961, 0.5702865761689291, 0.47777777777777775, 0.6275252525252525, 0.3392453951277481, 0.37110042735042736, 0.6117216117216118]
 mean: 0.5083048118032638, std: 0.09766538154782918
--------------------------------------------------
Subject Number: 2
Accuracy Cross: [0.2318840579710145, 0.2753623188405797, 0.2318840579710145, 0.17391304347826086, 0.2898550724637681, 0.29411764705882354, 0.29411764705882354, 0.38235294117647056, 0.3382352941176471, 0.35294117647058826, 0.3333333333333333, 0.34782608695652173, 0.42028985507246375, 0.4057971014492754, 0.36231884057971014]
 mean: 0.31561523159988636, std: 0.06647834895667791
F1 Score: [0.258122600548788, 0.2906269592476489, 0.2612539872408293, 0.21330515297906602, 0.3081211471455374, 0.29591346153846154, 0.2604047976011994, 0.38951218785386493, 0.3309508586043113, 0.3573167533296844, 0.2857723944680467, 0.31297674174646706, 0.4233910533910534, 0.3740089406207827, 0.33504921004921007]
 mean: 0.3131150830909967, std: 0.054458983336153906
Accuracy Intime: [0.6428571428571429, 0.5714285714285714, 0.5714285714285714, 0.5384615384615384, 0.46153846153846156, 0.42857142857142855, 0.5357142857142857, 0.32142857142857145, 0.5, 0.4230769230769231, 0.5714285714285714, 0.4642857142857143, 0.4642857142857143, 0.46153846153846156, 0.2692307692307692]
 mean: 0.4816849816849817, std: 0.09490643858113718
F1 (Intime): [0.6257575757575757, 0.5782822440717178, 0.580392156862745, 0.48842203548085894, 0.43839285714285714, 0.4051470588235294, 0.48690476190476195, 0.27950558213716103, 0.48750000000000004, 0.40235392402575065, 0.5128205128205128, 0.4853535353535353, 0.43637422360248446, 0.49583333333333335, 0.23739495798319327]
 mean: 0.46269565062000123, std: 0.10077847052812716
--------------------------------------------------
Subject Number: 3
Accuracy Cross: [0.3235294117647059, 0.27941176470588236, 0.27941176470588236, 0.27941176470588236, 0.29411764705882354, 0.2898550724637681, 0.2608695652173913, 0.2028985507246377, 0.391304347826087, 0.34782608695652173, 0.30434782608695654, 0.36231884057971014, 0.2753623188405797, 0.2753623188405797, 0.3333333333333333]
 mean: 0.2999573742540494, std: 0.04455269393657253
F1 Score: [0.3186827956989247, 0.2709922103090708, 0.283032293377121, 0.2725319937262747, 0.2923890923890924, 0.28001161864688817, 0.2644275565205798, 0.1905952380952381, 0.38158646577484695, 0.3519954507857734, 0.28665012406947893, 0.3201961204586861, 0.255540293040293, 0.25898968475850764, 0.30841830491883515]
 mean: 0.289069282837974, std: 0.04305678930713785
Accuracy Intime: [0.4642857142857143, 0.2857142857142857, 0.4642857142857143, 0.4642857142857143, 0.46153846153846156, 0.35714285714285715, 0.32142857142857145, 0.4642857142857143, 0.3076923076923077, 0.46153846153846156, 0.5357142857142857, 0.39285714285714285, 0.32142857142857145, 0.38461538461538464, 0.46153846153846156]
 mean: 0.40989010989010993, std: 0.07343751405100492
F1 (Intime): [0.4616071428571429, 0.27976190476190477, 0.4293650793650794, 0.46069245082402976, 0.44672619047619044, 0.319327731092437, 0.32142857142857145, 0.427252024291498, 0.26111111111111107, 0.4557692307692308, 0.5456349206349207, 0.3054347826086956, 0.3517628205128205, 0.3263305322128851, 0.43253968253968256]
 mean: 0.38831627836574667, std: 0.08071499768931219
--------------------------------------------------
Subject Number: 4
Accuracy Cross: [0.4782608695652174, 0.5797101449275363, 0.4782608695652174, 0.5217391304347826, 0.4927536231884058, 0.4492753623188406, 0.4492753623188406, 0.5507246376811594, 0.463768115942029, 0.4927536231884058, 0.36231884057971014, 0.4492753623188406, 0.34782608695652173, 0.391304347826087, 0.463768115942029]
 mean: 0.46473429951690826, std: 0.061137360462053626
F1 Score: [0.4841753793191381, 0.5891723356009071, 0.5001615842437408, 0.5245451482479784, 0.49714536671058407, 0.4226027024081944, 0.4603402445507708, 0.5575667315843739, 0.443213649096002, 0.5045788874415318, 0.33805168408826947, 0.4464285714285714, 0.3692426343539811, 0.37734441602728047, 0.4640151515151515]
 mean: 0.4652389657744316, std: 0.06700477021373837
Accuracy Intime: [0.6428571428571429, 0.5357142857142857, 0.5714285714285714, 0.35714285714285715, 0.46153846153846156, 0.42857142857142855, 0.5357142857142857, 0.4642857142857143, 0.4642857142857143, 0.46153846153846156, 0.5357142857142857, 0.6785714285714286, 0.7142857142857143, 0.4642857142857143, 0.46153846153846156]
 mean: 0.5184981684981685, std: 0.09514365562748449
F1 (Intime): [0.6487179487179486, 0.5403593117408907, 0.578030303030303, 0.2863636363636364, 0.4214285714285714, 0.44947209653092, 0.5592055003819709, 0.44517704517704515, 0.4139845661584791, 0.45202020202020204, 0.5584733893557423, 0.6716561624649859, 0.7007437007437007, 0.4788838612368024, 0.4833333333333333]
 mean: 0.5125233085789689, std: 0.10707237655141444
--------------------------------------------------
Subject Number: 5
Accuracy Cross: [0.38235294117647056, 0.36764705882352944, 0.39705882352941174, 0.4411764705882353, 0.3088235294117647, 0.4852941176470588, 0.5441176470588235, 0.47058823529411764, 0.5294117647058824, 0.4852941176470588, 0.4264705882352941, 0.38235294117647056, 0.4117647058823529, 0.38235294117647056, 0.4411764705882353]
 mean: 0.4303921568627452, std: 0.06203643929237794
F1 Score: [0.3568981742894787, 0.3414014146772767, 0.37648784387914824, 0.44953231292517004, 0.30842911877394635, 0.4559000861326442, 0.5316627816627817, 0.48060613134142544, 0.5071885678782231, 0.4750491400491401, 0.4222222222222222, 0.36903016514998316, 0.41060606060606064, 0.3913231588456235, 0.4479646697388633]
 mean: 0.42162012321146575, std: 0.06201718877469427
Accuracy Intime: [0.7142857142857143, 0.7142857142857143, 0.5714285714285714, 0.6923076923076923, 0.5, 0.6428571428571429, 0.6071428571428571, 0.5714285714285714, 0.5, 0.46153846153846156, 0.6428571428571429, 0.6071428571428571, 0.6071428571428571, 0.5384615384615384, 0.6153846153846154]
 mean: 0.5990842490842491, std: 0.07451399420615643
F1 (Intime): [0.7181372549019608, 0.716117216117216, 0.5439096850861558, 0.5764180672268907, 0.4444444444444444, 0.6461538461538461, 0.5952380952380952, 0.5982456140350878, 0.4583333333333333, 0.44011544011544007, 0.6370192307692308, 0.621101121101121, 0.6256410256410256, 0.4375, 0.5765716374269005]
 mean: 0.5756630674393831, std: 0.09080081336103121
--------------------------------------------------
Subject Number: 6
Accuracy Cross: [0.4852941176470588, 0.4852941176470588, 0.4852941176470588, 0.4411764705882353, 0.5294117647058824, 0.4057971014492754, 0.4057971014492754, 0.34782608695652173, 0.43478260869565216, 0.36231884057971014, 0.391304347826087, 0.37681159420289856, 0.4927536231884058, 0.5217391304347826, 0.4057971014492754]
 mean: 0.4380932082978119, std: 0.05656346367178068
F1 Score: [0.4822582442067736, 0.4885206493260945, 0.48494035295277527, 0.4371236559139785, 0.5238994357839859, 0.36019911840705277, 0.3588885306970413, 0.27620663650075417, 0.3842331595829992, 0.2754828150572831, 0.39123533471359556, 0.36638619219970914, 0.4950384409082782, 0.5288419913419913, 0.41383490163977965]
 mean: 0.41780596394880615, std: 0.07965487925744565
Accuracy Intime: [0.75, 0.5714285714285714, 0.5357142857142857, 0.5714285714285714, 0.5384615384615384, 0.5357142857142857, 0.6071428571428571, 0.5, 0.38461538461538464, 0.5, 0.5714285714285714, 0.5, 0.5357142857142857, 0.6923076923076923, 0.38461538461538464]
 mean: 0.5452380952380953, std: 0.0921967907550092
F1 (Intime): [0.7484848484848485, 0.5284722222222222, 0.5151515151515151, 0.5745798319327731, 0.4947002923976608, 0.5331555699202758, 0.5916666666666667, 0.47023809523809523, 0.3916666666666667, 0.41666666666666663, 0.5662280701754386, 0.5097216508981215, 0.5371345029239766, 0.5600490196078431, 0.25925925925925924]
 mean: 0.513144991880802, std: 0.10401069049251385
--------------------------------------------------
Subject Number: 7
Accuracy Cross: [0.5294117647058824, 0.6176470588235294, 0.4852941176470588, 0.5882352941176471, 0.5441176470588235, 0.3382352941176471, 0.39705882352941174, 0.4411764705882353, 0.36764705882352944, 0.4264705882352941, 0.4411764705882353, 0.45588235294117646, 0.38235294117647056, 0.5, 0.3088235294117647]
 mean: 0.4549019607843138, std: 0.08682976402150795
F1 Score: [0.4831954294720252, 0.5881024346497492, 0.46326700326700326, 0.577883746388157, 0.5198051185037063, 0.3149898437176139, 0.3698489010989011, 0.421401592348034, 0.35099137931034485, 0.39629629629629626, 0.4371588089330025, 0.4518228926123663, 0.38718483500185386, 0.4987714987714988, 0.3078544061302682]
 mean: 0.43790494576672134, std: 0.08336165471045658
Accuracy Intime: [0.4642857142857143, 0.42857142857142855, 0.4642857142857143, 0.38461538461538464, 0.34615384615384615, 0.6071428571428571, 0.5714285714285714, 0.6785714285714286, 0.5769230769230769, 0.34615384615384615, 0.5357142857142857, 0.5357142857142857, 0.5, 0.5, 0.46153846153846156]
 mean: 0.4934065934065934, std: 0.09167650062703162
F1 (Intime): [0.4468253968253968, 0.3833333333333333, 0.4349334875650665, 0.3633116883116883, 0.29375, 0.5711038961038961, 0.5412280701754386, 0.6642628205128205, 0.5176986584107327, 0.33480122818358116, 0.4906926406926406, 0.5260270774976656, 0.4369747899159664, 0.47430555555555554, 0.48605769230769236]
 mean: 0.46435375569276505, std: 0.0930117234859887
--------------------------------------------------
Subject Number: 8
Accuracy Cross: [0.2647058823529412, 0.23529411764705882, 0.2647058823529412, 0.3382352941176471, 0.3382352941176471, 0.35294117647058826, 0.29411764705882354, 0.3235294117647059, 0.35294117647058826, 0.25, 0.17647058823529413, 0.2647058823529412, 0.3235294117647059, 0.39705882352941174, 0.27941176470588236]
 mean: 0.29705882352941176, std: 0.05481435587644848
F1 Score: [0.2729185707909112, 0.22808283396518692, 0.3012124772994338, 0.32801914550746014, 0.32980019493177387, 0.3580012077294686, 0.29006571944277315, 0.34005807379997943, 0.34416971916971917, 0.25244614534837845, 0.14119601328903653, 0.2742837785520712, 0.333684567108829, 0.4041911764705882, 0.2769376456876457]
 mean: 0.29833781793955033, std: 0.060674431905652325
Accuracy Intime: [0.42857142857142855, 0.39285714285714285, 0.39285714285714285, 0.34615384615384615, 0.46153846153846156, 0.2857142857142857, 0.39285714285714285, 0.42857142857142855, 0.23076923076923078, 0.34615384615384615, 0.25, 0.5, 0.2857142857142857, 0.4230769230769231, 0.5769230769230769]
 mean: 0.3827838827838828, std: 0.09165930194037517
F1 (Intime): [0.43907563025210083, 0.37335164835164836, 0.37402452619843923, 0.336940836940837, 0.4380952380952381, 0.24017857142857144, 0.3904761904761905, 0.4382867132867133, 0.22117180205415501, 0.35205802968960864, 0.24682539682539684, 0.4899881164587047, 0.2525735294117647, 0.43009768009768007, 0.5759240759240759]
 mean: 0.37327119903274164, std: 0.09803077560221603
--------------------------------------------------
Subject Number: 9
Accuracy Cross: [0.47058823529411764, 0.4852941176470588, 0.47058823529411764, 0.5588235294117647, 0.5735294117647058, 0.2647058823529412, 0.35294117647058826, 0.27941176470588236, 0.38235294117647056, 0.29411764705882354, 0.47058823529411764, 0.45588235294117646, 0.4411764705882353, 0.35294117647058826, 0.4264705882352941]
 mean: 0.41862745098039217, std: 0.09189575023882736
F1 Score: [0.4681558123418589, 0.5127392344497608, 0.4959401923462232, 0.5774475524475524, 0.5823852325211021, 0.2656344349245206, 0.349657382847038, 0.27810077519379844, 0.37704815509693557, 0.3025318979266348, 0.4857646107646108, 0.4821263227513227, 0.47243395845936675, 0.3732345111068516, 0.45732356723736034]
 mean: 0.4320349093609958, std: 0.09823184535574812
Accuracy Intime: [0.5, 0.5357142857142857, 0.5357142857142857, 0.46153846153846156, 0.34615384615384615, 0.6428571428571429, 0.5714285714285714, 0.5357142857142857, 0.46153846153846156, 0.38461538461538464, 0.5714285714285714, 0.5714285714285714, 0.6785714285714286, 0.5384615384615384, 0.5]
 mean: 0.5223443223443224, std: 0.08380917159689305
F1 (Intime): [0.5048076923076923, 0.5343545343545344, 0.5625541125541125, 0.46507936507936504, 0.3037581699346405, 0.625, 0.5753246753246753, 0.5307692307692308, 0.5049603174603174, 0.33728070175438596, 0.5294077902773555, 0.552991452991453, 0.6831262939958592, 0.529499299719888, 0.4936868686868687]
 mean: 0.5155067003473586, std: 0.09241419383683655
--------------------------------------------------
Subject Number: 10
Accuracy Cross: [0.23529411764705882, 0.35294117647058826, 0.2647058823529412, 0.3088235294117647, 0.3382352941176471, 0.2647058823529412, 0.2647058823529412, 0.3088235294117647, 0.29411764705882354, 0.3088235294117647, 0.2753623188405797, 0.2898550724637681, 0.2608695652173913, 0.2753623188405797, 0.34782608695652173]
 mean: 0.2926967888604716, std: 0.0334586010377073
F1 Score: [0.21922143125973495, 0.3295651593970922, 0.23295454545454547, 0.2993440667859273, 0.3493797868797869, 0.2634009009009009, 0.26528486768761367, 0.31785714285714284, 0.28734989648033127, 0.29972943722943723, 0.27131944444444445, 0.29843959896969474, 0.24882233492073308, 0.2689144189144189, 0.3479683107590084]
 mean: 0.2866367561960541, std: 0.037762029579784605
Accuracy Intime: [0.2857142857142857, 0.39285714285714285, 0.32142857142857145, 0.3076923076923077, 0.19230769230769232, 0.4642857142857143, 0.32142857142857145, 0.39285714285714285, 0.34615384615384615, 0.34615384615384615, 0.39285714285714285, 0.39285714285714285, 0.39285714285714285, 0.34615384615384615, 0.38461538461538464]
 mean: 0.35201465201465204, std: 0.06101842892359334
F1 (Intime): [0.24816176470588236, 0.38579598506069096, 0.27692307692307694, 0.2552521008403361, 0.19642857142857142, 0.4444444444444445, 0.35074272133095663, 0.3847222222222222, 0.3301282051282051, 0.3308080808080808, 0.32305310788282926, 0.382051282051282, 0.35, 0.31926406926406925, 0.4217261904761905]
 mean: 0.3333001215044559, std: 0.06537205992792455
--------------------------------------------------
Subject Number: 11
Accuracy Cross: [0.34782608695652173, 0.30434782608695654, 0.30434782608695654, 0.2898550724637681, 0.37681159420289856, 0.4782608695652174, 0.5072463768115942, 0.42028985507246375, 0.391304347826087, 0.4782608695652174, 0.43478260869565216, 0.391304347826087, 0.463768115942029, 0.391304347826087, 0.42028985507246375]
 mean: 0.4, std: 0.06520128625624343
F1 Score: [0.32867526617526616, 0.293202150836694, 0.3015151515151515, 0.28441779775006115, 0.37980769230769235, 0.42864487265747414, 0.4375972563472564, 0.3471590909090909, 0.32337962962962963, 0.4293650793650794, 0.4049994720726428, 0.33622020539964714, 0.4330458879875517, 0.3475298828240005, 0.39841269841269844]
 mean: 0.3649314756126624, std: 0.05241626390996253
Accuracy Intime: [0.35714285714285715, 0.6071428571428571, 0.4642857142857143, 0.5357142857142857, 0.5, 0.39285714285714285, 0.5357142857142857, 0.5714285714285714, 0.5357142857142857, 0.5, 0.21428571428571427, 0.35714285714285715, 0.4642857142857143, 0.5714285714285714, 0.5]
 mean: 0.4738095238095238, std: 0.10056529562829938
F1 (Intime): [0.30648926237161533, 0.5924185463659147, 0.4165695415695415, 0.5247413405308141, 0.4899122807017544, 0.40489718614718617, 0.5057773109243697, 0.5696471291866029, 0.5371733529628266, 0.47374847374847373, 0.15476190476190477, 0.34523809523809523, 0.42211538461538456, 0.584280303030303, 0.4722382880277617]
 mean: 0.45333389334550317, std: 0.11374719893513684
--------------------------------------------------
Subject Number: 12
Accuracy Cross: [0.5, 0.5294117647058824, 0.5, 0.6029411764705882, 0.4852941176470588, 0.4927536231884058, 0.4782608695652174, 0.4782608695652174, 0.5217391304347826, 0.43478260869565216, 0.4852941176470588, 0.36764705882352944, 0.36764705882352944, 0.4117647058823529, 0.36764705882352944]
 mean: 0.46822961068485364, std: 0.06471221256873472
F1 Score: [0.491610796843355, 0.5224880382775119, 0.45154830224772835, 0.6041398541398542, 0.4998556998556998, 0.495445289893902, 0.4489495798319328, 0.48173971751083133, 0.5222270615563298, 0.4274785801713586, 0.4602002164502164, 0.3685185185185185, 0.3475303951367781, 0.40426587301587297, 0.3632101273343885]
 mean: 0.45928053671895186, std: 0.06713482458837344
Accuracy Intime: [0.5714285714285714, 0.6428571428571429, 0.5714285714285714, 0.46153846153846156, 0.46153846153846156, 0.42857142857142855, 0.32142857142857145, 0.5, 0.34615384615384615, 0.4230769230769231, 0.5, 0.6428571428571429, 0.6428571428571429, 0.5, 0.5769230769230769]
 mean: 0.5060439560439561, std: 0.09876975405408216
F1 (Intime): [0.5495951417004049, 0.6575894693541753, 0.565359477124183, 0.4552631578947368, 0.3951048951048951, 0.4401785714285714, 0.30629779577148, 0.4991421568627451, 0.2710084033613445, 0.3571428571428571, 0.5127801120448179, 0.6442616207322089, 0.6431372549019608, 0.39646464646464646, 0.5634071810542398]
 mean: 0.48378218272955115, std: 0.1185392599637653
--------------------------------------------------
Subject Number: 13
Accuracy Cross: [0.47058823529411764, 0.4264705882352941, 0.4264705882352941, 0.4117647058823529, 0.4411764705882353, 0.37681159420289856, 0.42028985507246375, 0.34782608695652173, 0.391304347826087, 0.4057971014492754, 0.38235294117647056, 0.4264705882352941, 0.36764705882352944, 0.35294117647058826, 0.45588235294117646]
 mean: 0.4069195794259733, std: 0.03528616017289659
F1 Score: [0.4728156219752858, 0.4454806214317084, 0.45232901093312994, 0.44350366409189934, 0.4442045454545454, 0.3825384207737149, 0.43242234169653526, 0.3678727208138973, 0.39144736842105265, 0.4192515082338464, 0.380812746151092, 0.4263056835637481, 0.38422530816039946, 0.3858870967741935, 0.4686077722021239]
 mean: 0.41984696204514477, std: 0.03375819444773287
Accuracy Intime: [0.4642857142857143, 0.32142857142857145, 0.42857142857142855, 0.34615384615384615, 0.4230769230769231, 0.2857142857142857, 0.42857142857142855, 0.42857142857142855, 0.4230769230769231, 0.5384615384615384, 0.4642857142857143, 0.39285714285714285, 0.5, 0.5384615384615384, 0.46153846153846156]
 mean: 0.4296703296703297, std: 0.06970879792155475
F1 (Intime): [0.4683372183372183, 0.269140989729225, 0.45476190476190476, 0.2833333333333333, 0.41363636363636364, 0.23290598290598288, 0.4073295985060691, 0.41891660970608335, 0.42439782439782436, 0.568939393939394, 0.453030303030303, 0.3388092885375494, 0.5034798534798535, 0.5383928571428571, 0.4602564102564103]
 mean: 0.4157111954466915, std: 0.09395144749527995
--------------------------------------------------
Subject Number: 14
Accuracy Cross: [0.3382352941176471, 0.29411764705882354, 0.35294117647058826, 0.35294117647058826, 0.36764705882352944, 0.4117647058823529, 0.47058823529411764, 0.4264705882352941, 0.4264705882352941, 0.3235294117647059, 0.4117647058823529, 0.39705882352941174, 0.3382352941176471, 0.35294117647058826, 0.35294117647058826]
 mean: 0.3745098039215686, std: 0.04583792050023904
F1 Score: [0.3716731266149871, 0.3125, 0.3769954778249973, 0.3652709359605911, 0.37781512605042017, 0.43788515406162465, 0.49355144618302516, 0.45652834008097165, 0.4477186102186102, 0.34921686500633864, 0.4178340884123367, 0.3817849859632396, 0.3407471896383187, 0.3567460317460317, 0.36125539321338274]
 mean: 0.389834851398325, std: 0.048240773699537665
Accuracy Intime: [0.42857142857142855, 0.5357142857142857, 0.6428571428571429, 0.46153846153846156, 0.5, 0.4642857142857143, 0.5, 0.4642857142857143, 0.5769230769230769, 0.38461538461538464, 0.35714285714285715, 0.42857142857142855, 0.2857142857142857, 0.5384615384615384, 0.38461538461538464]
 mean: 0.46355311355311357, std: 0.08806915151449538
F1 (Intime): [0.43839712918660284, 0.5290689702454409, 0.6395604395604395, 0.4388888888888889, 0.5004329004329005, 0.4381578947368421, 0.5177655677655677, 0.47259615384615383, 0.5611111111111111, 0.3106893106893107, 0.2506265664160401, 0.44166666666666665, 0.21805555555555556, 0.5796703296703297, 0.39880952380952384]
 mean: 0.4490331339054249, std: 0.114023692476339
--------------------------------------------------
Subject Number: 15
Accuracy Cross: [0.47058823529411764, 0.36764705882352944, 0.4411764705882353, 0.5, 0.4411764705882353, 0.5882352941176471, 0.5, 0.5735294117647058, 0.47058823529411764, 0.5294117647058824, 0.4117647058823529, 0.4117647058823529, 0.45588235294117646, 0.35294117647058826, 0.38235294117647056]
 mean: 0.4598039215686274, std: 0.06781026065015915
F1 Score: [0.4921053459284344, 0.3799951819586251, 0.44447871311078857, 0.5345841291240685, 0.47114566719829876, 0.5879412176525248, 0.5051584928229664, 0.5741442465580398, 0.4883017797419971, 0.5385365853658537, 0.40838612368024135, 0.4213612260227132, 0.4540734796043189, 0.35876623376623373, 0.3814039408866995]
 mean: 0.4693588242281203, std: 0.06883287255069097
Accuracy Intime: [0.5714285714285714, 0.4642857142857143, 0.5714285714285714, 0.6538461538461539, 0.3076923076923077, 0.5357142857142857, 0.32142857142857145, 0.5357142857142857, 0.46153846153846156, 0.38461538461538464, 0.6071428571428571, 0.5357142857142857, 0.6071428571428571, 0.6153846153846154, 0.5384615384615384]
 mean: 0.5141025641025642, std: 0.10243909178987559
F1 (Intime): [0.5634891424365108, 0.4569757727652464, 0.5706815114709851, 0.6468653250773994, 0.25, 0.5248366013071895, 0.3186659831396673, 0.5595238095238095, 0.4444444444444444, 0.34545454545454546, 0.6006410256410256, 0.5455128205128206, 0.6269710681475388, 0.5946969696969696, 0.5611111111111111]
 mean: 0.5073246753819509, std: 0.11523279182259716
--------------------------------------------------
Subject Number: 16
Accuracy Cross: [0.5441176470588235, 0.5147058823529411, 0.47058823529411764, 0.45588235294117646, 0.5441176470588235, 0.45588235294117646, 0.4411764705882353, 0.4411764705882353, 0.45588235294117646, 0.38235294117647056, 0.5441176470588235, 0.4852941176470588, 0.5, 0.45588235294117646, 0.5588235294117647]
 mean: 0.4833333333333333, std: 0.048288668062842155
F1 Score: [0.49725589225589223, 0.4719724467909586, 0.45859073359073355, 0.44138357369589903, 0.5116837616837616, 0.4604923474091831, 0.4355820105820106, 0.4183511893890576, 0.44933990494631226, 0.38643847194050035, 0.4766073958814885, 0.43398952808377533, 0.4699675324675325, 0.43476289476289476, 0.5301549145299145]
 mean: 0.45843817320066094, std: 0.035572354028857604
Accuracy Intime: [0.7142857142857143, 0.5, 0.6071428571428571, 0.6153846153846154, 0.5769230769230769, 0.6785714285714286, 0.5, 0.5357142857142857, 0.5384615384615384, 0.4230769230769231, 0.6428571428571429, 0.5357142857142857, 0.75, 0.6923076923076923, 0.5769230769230769]
 mean: 0.5924908424908425, std: 0.08792162646665536
F1 (Intime): [0.7056913674560733, 0.41761363636363635, 0.6048510313216195, 0.6, 0.5658622423328306, 0.6767857142857143, 0.4770833333333333, 0.5144230769230769, 0.48737373737373735, 0.3970588235294118, 0.530316742081448, 0.5083333333333333, 0.7435064935064936, 0.6937957875457875, 0.5401785714285714]
 mean: 0.5641915927210044, std: 0.10159310969268316
--------------------------------------------------
Subject Number: 17
Accuracy Cross: [0.5072463768115942, 0.42028985507246375, 0.37681159420289856, 0.4492753623188406, 0.463768115942029, 0.36231884057971014, 0.34782608695652173, 0.4927536231884058, 0.391304347826087, 0.37681159420289856, 0.5, 0.4411764705882353, 0.39705882352941174, 0.4411764705882353, 0.39705882352941174]
 mean: 0.424325092355783, std: 0.04955588798699153
F1 Score: [0.5043742159233673, 0.4247617182399791, 0.36400453248279335, 0.4489129458795788, 0.45402256082057385, 0.3291186039633245, 0.31776315789473686, 0.4405797101449275, 0.34468114731272625, 0.32401315789473684, 0.4885567632850241, 0.4419826069962869, 0.39591165413533835, 0.44790275606138896, 0.3845292427315754]
 mean: 0.4074076515844239, std: 0.058716345658893485
Accuracy Intime: [0.32142857142857145, 0.42857142857142855, 0.35714285714285715, 0.46153846153846156, 0.34615384615384615, 0.5714285714285714, 0.5357142857142857, 0.42857142857142855, 0.5769230769230769, 0.5384615384615384, 0.4642857142857143, 0.6785714285714286, 0.42857142857142855, 0.6071428571428571, 0.38461538461538464]
 mean: 0.4752747252747253, std: 0.10175472109986433
F1 (Intime): [0.31299019607843137, 0.40896358543417366, 0.34523809523809523, 0.3371212121212121, 0.28354978354978355, 0.5705316742081449, 0.5311688311688312, 0.40261437908496733, 0.5561403508771929, 0.5089285714285714, 0.4670995670995671, 0.6880952380952381, 0.4095238095238095, 0.6097027972027973, 0.3743464052287582]
 mean: 0.4537342997559717, std: 0.11535954563166423
--------------------------------------------------
Subject Number: 18
Accuracy Cross: [0.391304347826087, 0.391304347826087, 0.391304347826087, 0.37681159420289856, 0.4492753623188406, 0.35294117647058826, 0.36764705882352944, 0.2647058823529412, 0.3382352941176471, 0.29411764705882354, 0.3235294117647059, 0.27941176470588236, 0.2647058823529412, 0.35294117647058826, 0.3235294117647059]
 mean: 0.3441176470588235, std: 0.05144433684846291
F1 Score: [0.39358199544354094, 0.40066789313709805, 0.37517006802721087, 0.38050766283524906, 0.47485216308745715, 0.37170805051758193, 0.3853288598047915, 0.29166666666666663, 0.3665802042160738, 0.32208117289468974, 0.3456066291432145, 0.30733264320220843, 0.2875998080195471, 0.38015873015873014, 0.3507488738738739]
 mean: 0.36223942806852893, std: 0.04632644503412956
Accuracy Intime: [0.5, 0.32142857142857145, 0.5714285714285714, 0.46153846153846156, 0.3076923076923077, 0.5, 0.42857142857142855, 0.5, 0.34615384615384615, 0.2692307692307692, 0.4642857142857143, 0.39285714285714285, 0.5714285714285714, 0.38461538461538464, 0.38461538461538464]
 mean: 0.426923076923077, std: 0.09013222273064735
F1 (Intime): [0.48958333333333337, 0.32874800637958534, 0.5748168498168498, 0.4666666666666667, 0.28635290148448045, 0.4826923076923077, 0.42078349282296656, 0.47944219523166887, 0.37916666666666665, 0.25005175983436856, 0.4917929292929293, 0.3473901098901099, 0.5814748976513683, 0.41567460317460314, 0.3755553656869446]
 mean: 0.42467947237498993, std: 0.09428911697906822
--------------------------------------------------
Subject Number: 19
Accuracy Cross: [0.17647058823529413, 0.23529411764705882, 0.20588235294117646, 0.3235294117647059, 0.3088235294117647, 0.36764705882352944, 0.38235294117647056, 0.39705882352941174, 0.3382352941176471, 0.39705882352941174, 0.3382352941176471, 0.3235294117647059, 0.3235294117647059, 0.29411764705882354, 0.4117647058823529]
 mean: 0.3215686274509804, std: 0.06768257095722825
F1 Score: [0.132026961295254, 0.21914160401002505, 0.21096256684491982, 0.2988304093567251, 0.2859615384615385, 0.3346038346038346, 0.3494338683588404, 0.3838949404458923, 0.2820366132723112, 0.3654754141124299, 0.32725071225071223, 0.32837528604118993, 0.2962594696969697, 0.3297161172161172, 0.4227120912239665]
 mean: 0.30444542847938183, std: 0.07088721879263987
Accuracy Intime: [0.42857142857142855, 0.4642857142857143, 0.39285714285714285, 0.5, 0.4230769230769231, 0.5357142857142857, 0.4642857142857143, 0.39285714285714285, 0.5, 0.5, 0.5357142857142857, 0.5357142857142857, 0.5, 0.4230769230769231, 0.5384615384615384]
 mean: 0.4756410256410256, std: 0.05089334632368764
F1 (Intime): [0.3907407407407407, 0.38264221158958, 0.41915584415584417, 0.41666666666666663, 0.36680672268907566, 0.540909090909091, 0.4570512820512821, 0.3680555555555556, 0.5158926728586171, 0.4971001221001221, 0.5399460188933872, 0.45816993464052286, 0.5169956140350876, 0.3963562753036437, 0.5097680097680097]
 mean: 0.45175045079714843, std: 0.06200592261386014
--------------------------------------------------
Subject Number: 20
Accuracy Cross: [0.5294117647058824, 0.4852941176470588, 0.5, 0.45588235294117646, 0.4852941176470588, 0.4117647058823529, 0.4264705882352941, 0.39705882352941174, 0.36764705882352944, 0.47058823529411764, 0.4057971014492754, 0.4492753623188406, 0.36231884057971014, 0.4782608695652174, 0.42028985507246375]
 mean: 0.44302358624609267, std: 0.04757458892352496
F1 Score: [0.529796918767507, 0.4837092731829574, 0.48859649122807014, 0.471594427244582, 0.48974358974358967, 0.43337005533920886, 0.4491854636591479, 0.4160884935917028, 0.3771978021978022, 0.47361541107671135, 0.4108371786420567, 0.45039015606242494, 0.3596777014626913, 0.4948883765573232, 0.42948243370574773]
 mean: 0.4505449181641015, std: 0.04505401231418396
Accuracy Intime: [0.6071428571428571, 0.5357142857142857, 0.42857142857142855, 0.34615384615384615, 0.5, 0.6428571428571429, 0.6785714285714286, 0.6071428571428571, 0.6538461538461539, 0.5, 0.5714285714285714, 0.5714285714285714, 0.5, 0.46153846153846156, 0.4230769230769231]
 mean: 0.5351648351648352, std: 0.09238397336550608
F1 (Intime): [0.5888257575757575, 0.5432900432900433, 0.4381274040716765, 0.31648785996612083, 0.4300438596491228, 0.6451881451881452, 0.6706349206349206, 0.6209733893557423, 0.6419413919413919, 0.46543441938178776, 0.5899122807017544, 0.5992192018507809, 0.49007936507936506, 0.4408119658119658, 0.3951465201465202]
 mean: 0.5250744349763397, std: 0.10373975596125118
--------------------------------------------------
Subject Number: 21
Accuracy Cross: [0.39705882352941174, 0.4117647058823529, 0.47058823529411764, 0.4117647058823529, 0.38235294117647056, 0.39705882352941174, 0.45588235294117646, 0.4411764705882353, 0.4411764705882353, 0.5, 0.36764705882352944, 0.38235294117647056, 0.4117647058823529, 0.39705882352941174, 0.36764705882352944]
 mean: 0.415686274509804, std: 0.037383678362622776
F1 Score: [0.3897125245762262, 0.3864966555183946, 0.4407991986618431, 0.39059969635627534, 0.3597980649942474, 0.38853344042772353, 0.4501266159160896, 0.41893261776982704, 0.4261555068006681, 0.461654334038055, 0.3489928698752228, 0.36955831249901727, 0.37837613357064154, 0.3736004210142141, 0.33256916996047425]
 mean: 0.39439370413192804, std: 0.03643596300435423
Accuracy Intime: [0.5714285714285714, 0.6785714285714286, 0.5714285714285714, 0.2692307692307692, 0.46153846153846156, 0.42857142857142855, 0.4642857142857143, 0.5, 0.46153846153846156, 0.46153846153846156, 0.42857142857142855, 0.6785714285714286, 0.4642857142857143, 0.5384615384615384, 0.5]
 mean: 0.49853479853479854, std: 0.09861510678075061
F1 (Intime): [0.543939393939394, 0.6699770817417877, 0.4666666666666667, 0.20833333333333331, 0.41879370629370627, 0.36197110423116613, 0.45897435897435895, 0.42857142857142855, 0.4258893280632411, 0.4496753246753247, 0.376268115942029, 0.6815072182719242, 0.4267857142857142, 0.5012626262626263, 0.5]
 mean: 0.46124102675018, std: 0.11211377740526696
--------------------------------------------------
Subject Number: 22
Accuracy Cross: [0.39705882352941174, 0.4117647058823529, 0.3088235294117647, 0.4411764705882353, 0.4264705882352941, 0.34782608695652173, 0.30434782608695654, 0.391304347826087, 0.34782608695652173, 0.2898550724637681, 0.35294117647058826, 0.4117647058823529, 0.4117647058823529, 0.3382352941176471, 0.4264705882352941]
 mean: 0.3738420005683433, std: 0.04788931682733222
F1 Score: [0.4105061605061605, 0.4277268313733952, 0.3330952380952381, 0.45694444444444443, 0.44425339366515837, 0.34372863978127133, 0.2869274136715997, 0.3938745363163968, 0.33848826611984506, 0.2918889020583936, 0.3752353285319454, 0.42546947234178223, 0.4095372925183826, 0.3720918866080156, 0.4646997195182313]
 mean: 0.38496450170335067, std: 0.054738409799490316
Accuracy Intime: [0.42857142857142855, 0.5714285714285714, 0.42857142857142855, 0.5384615384615384, 0.34615384615384615, 0.5, 0.5357142857142857, 0.39285714285714285, 0.5, 0.34615384615384615, 0.5357142857142857, 0.5357142857142857, 0.42857142857142855, 0.38461538461538464, 0.46153846153846156]
 mean: 0.4622710622710623, std: 0.07209792509154758
F1 (Intime): [0.45487012987012987, 0.5923611111111111, 0.3994588744588744, 0.5404704944178628, 0.23128342245989303, 0.48995859213250514, 0.5583333333333333, 0.3858187134502924, 0.4450292397660819, 0.292772444946358, 0.527281746031746, 0.5497607655502392, 0.3928571428571428, 0.3553571428571428, 0.40922619047619047]
 mean: 0.44165595624792686, std: 0.09994309184172677
--------------------------------------------------
Subject Number: 23
Accuracy Cross: [0.36231884057971014, 0.34782608695652173, 0.5072463768115942, 0.4927536231884058, 0.463768115942029, 0.45588235294117646, 0.4264705882352941, 0.4852941176470588, 0.5, 0.5, 0.30434782608695654, 0.37681159420289856, 0.36231884057971014, 0.4057971014492754, 0.42028985507246375]
 mean: 0.42740835464620636, std: 0.0630850863569296
F1 Score: [0.3848617415193502, 0.33467352458224664, 0.5216919568652559, 0.49806547619047625, 0.4907666813154618, 0.42241473248338235, 0.41271916863672187, 0.4627364824399377, 0.5072085481687882, 0.48088128442517286, 0.25368131868131866, 0.3724690409473018, 0.343507326007326, 0.3660000836715057, 0.408765372734161]
 mean: 0.4173628492445605, std: 0.07387643956928075
Accuracy Intime: [0.4642857142857143, 0.6785714285714286, 0.42857142857142855, 0.4230769230769231, 0.46153846153846156, 0.4642857142857143, 0.6785714285714286, 0.6071428571428571, 0.5357142857142857, 0.4230769230769231, 0.6428571428571429, 0.6071428571428571, 0.5357142857142857, 0.6153846153846154, 0.5]
 mean: 0.5377289377289377, std: 0.09041462513631687
F1 (Intime): [0.45664335664335665, 0.6739130434782608, 0.4319444444444444, 0.4155195681511471, 0.43779357897004956, 0.4757177033492823, 0.690359477124183, 0.6060897435897437, 0.532051282051282, 0.38891108891108894, 0.6428571428571428, 0.5590909090909091, 0.5201298701298701, 0.6208333333333332, 0.4898885836385836]
 mean: 0.5294495417175118, std: 0.09494279824995966
--------------------------------------------------
Subject Number: 24
Accuracy Cross: [0.36764705882352944, 0.3382352941176471, 0.27941176470588236, 0.3382352941176471, 0.29411764705882354, 0.35294117647058826, 0.3235294117647059, 0.38235294117647056, 0.39705882352941174, 0.3382352941176471, 0.27941176470588236, 0.29411764705882354, 0.27941176470588236, 0.36764705882352944, 0.3088235294117647]
 mean: 0.32941176470588235, std: 0.03789440801977978
F1 Score: [0.36896008403361347, 0.3376127344877345, 0.28052938347055995, 0.32154249259512413, 0.29299514193298615, 0.3532123166059247, 0.32861802689388897, 0.36890728921089455, 0.39105571847507337, 0.3162393162393162, 0.2896643085596574, 0.29640213715759256, 0.2780456868158481, 0.3696629759129759, 0.3044027093596059]
 mean: 0.3265233547833864, std: 0.03553198616720421
Accuracy Intime: [0.42857142857142855, 0.32142857142857145, 0.4642857142857143, 0.2692307692307692, 0.3076923076923077, 0.35714285714285715, 0.2857142857142857, 0.35714285714285715, 0.5769230769230769, 0.3076923076923077, 0.5, 0.4642857142857143, 0.2857142857142857, 0.5, 0.38461538461538464]
 mean: 0.3873626373626374, std: 0.09249718906162183
F1 (Intime): [0.40208333333333335, 0.30238095238095236, 0.4650922177237967, 0.26523476523476525, 0.2650735294117647, 0.3591389003153709, 0.25786056049213946, 0.3256302521008403, 0.5578054298642534, 0.2801470588235294, 0.46590909090909094, 0.43452380952380953, 0.26790052053209945, 0.45518790849673196, 0.36879084967320264]
 mean: 0.3648506119210453, std: 0.09139027121284435
--------------------------------------------------
Subject Number: 25
Accuracy Cross: [0.4782608695652174, 0.43478260869565216, 0.43478260869565216, 0.463768115942029, 0.36231884057971014, 0.45588235294117646, 0.39705882352941174, 0.4852941176470588, 0.47058823529411764, 0.5, 0.4117647058823529, 0.47058823529411764, 0.5441176470588235, 0.4117647058823529, 0.4411764705882353]
 mean: 0.45080988917306064, std: 0.04352790684226822
F1 Score: [0.4498081108947187, 0.3841614906832298, 0.40095780032061895, 0.4353052285373016, 0.3234653209109731, 0.4053504461399199, 0.35604212860310425, 0.4334415584415584, 0.4161566456174928, 0.425, 0.40366322204557503, 0.4526907001044932, 0.5134085626062519, 0.3611479754503428, 0.3680952380952381]
 mean: 0.40857962856338786, std: 0.04536989537164441
Accuracy Intime: [0.5357142857142857, 0.5357142857142857, 0.42857142857142855, 0.6153846153846154, 0.5384615384615384, 0.42857142857142855, 0.5357142857142857, 0.5, 0.6923076923076923, 0.5, 0.5, 0.5, 0.5357142857142857, 0.5769230769230769, 0.38461538461538464]
 mean: 0.5205128205128206, std: 0.0730298580617887
F1 (Intime): [0.4778613199665831, 0.5085891812865497, 0.4387764282501125, 0.6260683760683761, 0.5158730158730158, 0.3363095238095238, 0.5014430014430015, 0.5114219114219114, 0.5639705882352941, 0.42053167420814486, 0.397488038277512, 0.4259502923976608, 0.4705128205128205, 0.45936532507739936, 0.333502024291498]
 mean: 0.4658442347412936, std: 0.07595043898832585
--------------------------------------------------
Subject Number: 26
Accuracy Cross: [0.43478260869565216, 0.37681159420289856, 0.4492753623188406, 0.5072463768115942, 0.5072463768115942, 0.35294117647058826, 0.3088235294117647, 0.3235294117647059, 0.39705882352941174, 0.29411764705882354, 0.4852941176470588, 0.4411764705882353, 0.4411764705882353, 0.5, 0.45588235294117646]
 mean: 0.41835748792270533, std: 0.07000394590957783
F1 Score: [0.4405894308943089, 0.381210415200563, 0.46056156896366945, 0.5178487991776469, 0.5186600221483944, 0.38304002760524497, 0.32768661518661524, 0.34638746803069054, 0.4166666666666667, 0.3277148383531362, 0.508640092571226, 0.46206709956709957, 0.4567099567099567, 0.5288045288045289, 0.48566308243727596]
 mean: 0.43748337415446825, std: 0.06794881437046484
Accuracy Intime: [0.4642857142857143, 0.42857142857142855, 0.5, 0.5384615384615384, 0.46153846153846156, 0.5, 0.6071428571428571, 0.6071428571428571, 0.5384615384615384, 0.46153846153846156, 0.5714285714285714, 0.2857142857142857, 0.39285714285714285, 0.6153846153846154, 0.3076923076923077]
 mean: 0.48534798534798534, std: 0.09826139609731926
F1 (Intime): [0.46263736263736266, 0.4033613445378151, 0.5053030303030303, 0.5386339151045034, 0.45486111111111105, 0.5229102167182662, 0.5923076923076924, 0.6139997257644316, 0.5678418803418803, 0.47125506072874496, 0.583008658008658, 0.30147058823529416, 0.38888888888888884, 0.6110119047619047, 0.33712121212121215]
 mean: 0.4903075061047197, std: 0.09586711450967228
--------------------------------------------------
Subject Number: 27
Accuracy Cross: [0.5072463768115942, 0.42028985507246375, 0.37681159420289856, 0.4492753623188406, 0.463768115942029, 0.36231884057971014, 0.34782608695652173, 0.4927536231884058, 0.391304347826087, 0.37681159420289856, 0.5, 0.4411764705882353, 0.39705882352941174, 0.4411764705882353, 0.39705882352941174]
 mean: 0.424325092355783, std: 0.04955588798699153
F1 Score: [0.5043742159233673, 0.4247617182399791, 0.36400453248279335, 0.4489129458795788, 0.45402256082057385, 0.3291186039633245, 0.31776315789473686, 0.4405797101449275, 0.34468114731272625, 0.32401315789473684, 0.4885567632850241, 0.4419826069962869, 0.39591165413533835, 0.44790275606138896, 0.3845292427315754]
 mean: 0.4074076515844239, std: 0.058716345658893485
Accuracy Intime: [0.32142857142857145, 0.42857142857142855, 0.35714285714285715, 0.46153846153846156, 0.34615384615384615, 0.5714285714285714, 0.5357142857142857, 0.42857142857142855, 0.5769230769230769, 0.5384615384615384, 0.4642857142857143, 0.6785714285714286, 0.42857142857142855, 0.6071428571428571, 0.38461538461538464]
 mean: 0.4752747252747253, std: 0.10175472109986433
F1 (Intime): [0.31299019607843137, 0.40896358543417366, 0.34523809523809523, 0.3371212121212121, 0.28354978354978355, 0.5705316742081449, 0.5311688311688312, 0.40261437908496733, 0.5561403508771929, 0.5089285714285714, 0.4670995670995671, 0.6880952380952381, 0.4095238095238095, 0.6097027972027973, 0.3743464052287582]
 mean: 0.4537342997559717, std: 0.11535954563166423
--------------------------------------------------
Subject Number: 28
Accuracy Cross: [0.27941176470588236, 0.29411764705882354, 0.29411764705882354, 0.22058823529411764, 0.22058823529411764, 0.22058823529411764, 0.27941176470588236, 0.20588235294117646, 0.23529411764705882, 0.20588235294117646, 0.4411764705882353, 0.4264705882352941, 0.36764705882352944, 0.4852941176470588, 0.4411764705882353]
 mean: 0.307843137254902, std: 0.09507276801882869
F1 Score: [0.27824239713774596, 0.26359376702626125, 0.286900789236718, 0.21548821548821545, 0.22850245843307238, 0.20261136712749614, 0.26099135306296434, 0.2066310882100356, 0.23221288515406163, 0.17955015998494261, 0.4077294685990338, 0.40920361247947457, 0.34953095684803004, 0.47688873626373623, 0.4145748987854251]
 mean: 0.29417681025581427, std: 0.09053343395240444
Accuracy Intime: [0.42857142857142855, 0.5, 0.35714285714285715, 0.6923076923076923, 0.4230769230769231, 0.39285714285714285, 0.4642857142857143, 0.39285714285714285, 0.46153846153846156, 0.5384615384615384, 0.4642857142857143, 0.2857142857142857, 0.4642857142857143, 0.38461538461538464, 0.46153846153846156]
 mean: 0.4474358974358975, std: 0.08847613618473922
F1 (Intime): [0.43636363636363634, 0.46761363636363634, 0.3008893280632411, 0.6305618401206637, 0.4206773618538324, 0.2996031746031746, 0.47577276524644946, 0.4154040404040404, 0.4916666666666666, 0.5260270774976656, 0.45940170940170943, 0.23376623376623376, 0.48257575757575755, 0.3724089635854341, 0.44191919191919193]
 mean: 0.4303100922287556, std: 0.09534709295127711
--------------------------------------------------
Subject Number: 29
Accuracy Cross: [0.5441176470588235, 0.4852941176470588, 0.5441176470588235, 0.5147058823529411, 0.5588235294117647, 0.5441176470588235, 0.5735294117647058, 0.4852941176470588, 0.6323529411764706, 0.5735294117647058, 0.5652173913043478, 0.5362318840579711, 0.4782608695652174, 0.5942028985507246, 0.5072463768115942]
 mean: 0.5424694515487354, std: 0.04178442724691887
F1 Score: [0.55007215007215, 0.47849870717517773, 0.5417624521072797, 0.528959879406308, 0.5610198624904508, 0.5705666967276875, 0.5930698500357943, 0.49878392217101897, 0.6495791245791246, 0.5970937524807494, 0.5881370091896407, 0.5528862126245847, 0.5032911129568107, 0.610234434682964, 0.5318504594820384]
 mean: 0.5570537084121187, std: 0.04444853597055505
Accuracy Intime: [0.6071428571428571, 0.5357142857142857, 0.75, 0.6153846153846154, 0.5769230769230769, 0.4642857142857143, 0.5357142857142857, 0.7142857142857143, 0.5384615384615384, 0.5, 0.5, 0.5357142857142857, 0.5, 0.46153846153846156, 0.5769230769230769]
 mean: 0.5608058608058608, std: 0.08068300864106555
F1 (Intime): [0.6284632034632034, 0.5436507936507937, 0.7521724598930482, 0.6514705882352941, 0.5915750915750915, 0.4770792932557639, 0.49922600619195046, 0.7248688811188811, 0.5780075187969925, 0.5181818181818181, 0.5174679487179488, 0.550990675990676, 0.5249999999999999, 0.48565772462831286, 0.5720588235294117]
 mean: 0.5743913884819457, std: 0.08031329009771923
--------------------------------------------------
**************************************************
accuracy_cross_list: [0.43718385905086676, 0.31561523159988636, 0.2999573742540494, 0.46473429951690826, 0.4303921568627452, 0.4380932082978119, 0.4549019607843138, 0.29705882352941176, 0.41862745098039217, 0.2926967888604716, 0.4, 0.46822961068485364, 0.4069195794259733, 0.3745098039215686, 0.4598039215686274, 0.4833333333333333, 0.424325092355783, 0.3441176470588235, 0.3215686274509804, 0.44302358624609267, 0.415686274509804, 0.3738420005683433, 0.42740835464620636, 0.32941176470588235, 0.45080988917306064, 0.41835748792270533, 0.424325092355783, 0.307843137254902, 0.5424694515487354]
f1_score_list: [0.43649072923046994, 0.3131150830909967, 0.289069282837974, 0.4652389657744316, 0.42162012321146575, 0.41780596394880615, 0.43790494576672134, 0.29833781793955033, 0.4320349093609958, 0.2866367561960541, 0.3649314756126624, 0.45928053671895186, 0.41984696204514477, 0.389834851398325, 0.4693588242281203, 0.45843817320066094, 0.4074076515844239, 0.36223942806852893, 0.30444542847938183, 0.4505449181641015, 0.39439370413192804, 0.38496450170335067, 0.4173628492445605, 0.3265233547833864, 0.40857962856338786, 0.43748337415446825, 0.4074076515844239, 0.29417681025581427, 0.5570537084121187]
accuracy_intime_list: [0.5102564102564102, 0.4816849816849817, 0.40989010989010993, 0.5184981684981685, 0.5990842490842491, 0.5452380952380953, 0.4934065934065934, 0.3827838827838828, 0.5223443223443224, 0.35201465201465204, 0.4738095238095238, 0.5060439560439561, 0.4296703296703297, 0.46355311355311357, 0.5141025641025642, 0.5924908424908425, 0.4752747252747253, 0.426923076923077, 0.4756410256410256, 0.5351648351648352, 0.49853479853479854, 0.4622710622710623, 0.5377289377289377, 0.3873626373626374, 0.5205128205128206, 0.48534798534798534, 0.4752747252747253, 0.4474358974358975, 0.5608058608058608]
f1_score_intime_list: [0.5083048118032638, 0.46269565062000123, 0.38831627836574667, 0.5125233085789689, 0.5756630674393831, 0.513144991880802, 0.46435375569276505, 0.37327119903274164, 0.5155067003473586, 0.3333001215044559, 0.45333389334550317, 0.48378218272955115, 0.4157111954466915, 0.4490331339054249, 0.5073246753819509, 0.5641915927210044, 0.4537342997559717, 0.42467947237498993, 0.45175045079714843, 0.5250744349763397, 0.46124102675018, 0.44165595624792686, 0.5294495417175118, 0.3648506119210453, 0.4658442347412936, 0.4903075061047197, 0.4537342997559717, 0.4303100922287556, 0.5743913884819457]
**************************************************
ACC: 40.22±6.35
F1: 39.70±6.48
Intime: 48.56±5.81
F1 (Intime): 46.85±5.92
