1e-04
Subject Number: 1
Accuracy Cross: [0.2904761904761905, 0.319047619047619, 0.3047619047619048, 0.319047619047619, 0.29523809523809524, 0.3238095238095238, 0.3523809523809524, 0.32857142857142857, 0.3761904761904762, 0.34285714285714286, 0.3, 0.3047619047619048, 0.26666666666666666, 0.30952380952380953, 0.3047619047619048]
 mean: 0.3158730158730158, std: 0.02594643395771752
F1 Score: [0.21884901060611056, 0.260851867592199, 0.2445478857122491, 0.25512495363976173, 0.23963938507055166, 0.32942932262398333, 0.3530303907258773, 0.3311496633858471, 0.3775261883277728, 0.3449837525893354, 0.3060422485259565, 0.2996757349258271, 0.2679167397789219, 0.3111828475654087, 0.31517310411872007]
 mean: 0.29700820634590147, std: 0.04532813177574588
Accuracy Intime: [0.4166666666666667, 0.4523809523809524, 0.4523809523809524, 0.42857142857142855, 0.39285714285714285, 0.30952380952380953, 0.34523809523809523, 0.4166666666666667, 0.32142857142857145, 0.36904761904761907, 0.38095238095238093, 0.3333333333333333, 0.34523809523809523, 0.38095238095238093, 0.34523809523809523]
 mean: 0.3793650793650793, std: 0.04472699302731864
F1 (Intime): [0.4060091106143737, 0.4115992684413737, 0.46320739151955126, 0.4221664275466284, 0.3875505575505575, 0.28325184451439833, 0.33846032954094546, 0.39664815008908916, 0.33549432549432556, 0.3675, 0.37220131206627827, 0.29726915572938906, 0.3270330297287935, 0.3875558010152003, 0.32276459173010896]
 mean: 0.36791408637206763, std: 0.0481567208494281
--------------------------------------------------
Subject Number: 2
Accuracy Cross: [0.2714285714285714, 0.3476190476190476, 0.29523809523809524, 0.35714285714285715, 0.29523809523809524, 0.38571428571428573, 0.3333333333333333, 0.37142857142857144, 0.3523809523809524, 0.2904761904761905, 0.2904761904761905, 0.3333333333333333, 0.2904761904761905, 0.26666666666666666, 0.2857142857142857]
 mean: 0.31777777777777777, std: 0.0371089249427364
F1 Score: [0.20133608498513783, 0.28693160026409875, 0.23530124712201955, 0.2819772674198904, 0.20642071635793063, 0.3999606216528405, 0.3486196460410194, 0.376414274322885, 0.3574935331470286, 0.3069398360260429, 0.30077895155346973, 0.3431401508653182, 0.3014675118305481, 0.27749182653753623, 0.2988101982845412]
 mean: 0.30153889776068715, std: 0.056010909221874
Accuracy Intime: [0.5119047619047619, 0.3333333333333333, 0.34523809523809523, 0.38095238095238093, 0.34523809523809523, 0.4523809523809524, 0.2857142857142857, 0.35714285714285715, 0.40476190476190477, 0.34523809523809523, 0.35714285714285715, 0.40476190476190477, 0.35714285714285715, 0.47619047619047616, 0.39285714285714285]
 mean: 0.38333333333333336, std: 0.057373871656913704
F1 (Intime): [0.5078955453149001, 0.3468537159991433, 0.36233292115645055, 0.38140311676799243, 0.3349019607843138, 0.45498345740281226, 0.27794871794871795, 0.3673092988882462, 0.3880018267115042, 0.32534262668278013, 0.3574398181142603, 0.41340598855893623, 0.3573818646232439, 0.468099389712293, 0.38821927527809885]
 mean: 0.38210130159624617, std: 0.057127166740459825
--------------------------------------------------
Subject Number: 3
Accuracy Cross: [0.23333333333333334, 0.24285714285714285, 0.2619047619047619, 0.2571428571428571, 0.21904761904761905, 0.2714285714285714, 0.2904761904761905, 0.2904761904761905, 0.3142857142857143, 0.30952380952380953, 0.2761904761904762, 0.22380952380952382, 0.2857142857142857, 0.28095238095238095, 0.2714285714285714]
 mean: 0.2685714285714285, std: 0.02802655041821364
F1 Score: [0.16106322959560423, 0.15854596998777876, 0.1879503613256463, 0.193514033680834, 0.10447231387994604, 0.27302806589949224, 0.28954378954378956, 0.2892878663156262, 0.30858613940320934, 0.30510550834512246, 0.2760910810987845, 0.22238489904325526, 0.2791809291674775, 0.2830552606871773, 0.26424034492687387]
 mean: 0.2397366528600412, std: 0.06143260195786231
Accuracy Intime: [0.27380952380952384, 0.4523809523809524, 0.32142857142857145, 0.32142857142857145, 0.3333333333333333, 0.38095238095238093, 0.2976190476190476, 0.2857142857142857, 0.36904761904761907, 0.39285714285714285, 0.2857142857142857, 0.38095238095238093, 0.38095238095238093, 0.39285714285714285, 0.32142857142857145]
 mean: 0.346031746031746, std: 0.04946170301867582
F1 (Intime): [0.27831855624724894, 0.45201543975737524, 0.3264863766393244, 0.2867406040569459, 0.2805754061013528, 0.3582549582549583, 0.30274409838091704, 0.2848427128427128, 0.3511564008551096, 0.36769841269841264, 0.2701666666666667, 0.3758110191276105, 0.36946560447172444, 0.39189310173830294, 0.31377997927997925]
 mean: 0.33399662247457607, std: 0.05061283303020662
--------------------------------------------------
Subject Number: 4
Accuracy Cross: [0.30952380952380953, 0.24761904761904763, 0.28095238095238095, 0.3047619047619048, 0.2714285714285714, 0.2714285714285714, 0.2761904761904762, 0.2571428571428571, 0.2571428571428571, 0.3047619047619048, 0.3333333333333333, 0.3380952380952381, 0.3380952380952381, 0.3333333333333333, 0.3476190476190476]
 mean: 0.2980952380952381, std: 0.03311949550665391
F1 Score: [0.30133834897799183, 0.24595629200440197, 0.2783668606849691, 0.30145749604588956, 0.26929768238243745, 0.27059870668226826, 0.27049136291759246, 0.24493893898657274, 0.24638164655689043, 0.3048573556727548, 0.31217225368606827, 0.3167290916603357, 0.29381305441546407, 0.3092743492904801, 0.3311513483927277]
 mean: 0.2864549858904563, std: 0.026797281289756374
Accuracy Intime: [0.34523809523809523, 0.30952380952380953, 0.2976190476190476, 0.36904761904761907, 0.36904761904761907, 0.2857142857142857, 0.2857142857142857, 0.3333333333333333, 0.3333333333333333, 0.30952380952380953, 0.2976190476190476, 0.30952380952380953, 0.39285714285714285, 0.36904761904761907, 0.34523809523809523]
 mean: 0.33015873015873015, std: 0.032953237288931264
F1 (Intime): [0.34039382906545246, 0.3083333333333333, 0.29562448304383787, 0.3665496665496666, 0.37251461988304096, 0.2794220194220194, 0.2598830409356725, 0.3291147838725938, 0.33869634340222576, 0.3113994377152272, 0.299436763952893, 0.30423834785903753, 0.40085433587088337, 0.38109298109298106, 0.35459910459910454]
 mean: 0.3294768727065313, std: 0.03884074241051734
--------------------------------------------------
Subject Number: 5
Accuracy Cross: [0.3476190476190476, 0.3476190476190476, 0.3619047619047619, 0.30952380952380953, 0.35714285714285715, 0.3238095238095238, 0.30952380952380953, 0.4095238095238095, 0.3761904761904762, 0.3476190476190476, 0.3380952380952381, 0.3380952380952381, 0.35714285714285715, 0.2904761904761905, 0.3380952380952381]
 mean: 0.34349206349206346, std: 0.028030146101135377
F1 Score: [0.2878494320582617, 0.2890152554111132, 0.30501524699965027, 0.24338943505292693, 0.2838714991415721, 0.3355623894325288, 0.3205959467423328, 0.4117946663524606, 0.38679327684859494, 0.35450005515592364, 0.35529408191341955, 0.3431769308915561, 0.3726471934003526, 0.3109850291578415, 0.35470495718749706]
 mean: 0.3303463597164021, std: 0.04316454461638446
Accuracy Intime: [0.4523809523809524, 0.4880952380952381, 0.4642857142857143, 0.35714285714285715, 0.4642857142857143, 0.42857142857142855, 0.4166666666666667, 0.4523809523809524, 0.36904761904761907, 0.2619047619047619, 0.35714285714285715, 0.44047619047619047, 0.4642857142857143, 0.32142857142857145, 0.40476190476190477]
 mean: 0.40952380952380957, std: 0.06159875527597541
F1 (Intime): [0.4357142857142858, 0.4827524787768195, 0.47260504201680675, 0.37250698939863025, 0.4630755184557193, 0.41234234234234235, 0.39066717157718167, 0.44147865525196933, 0.3648478049963619, 0.25662068063690785, 0.35337227616790273, 0.44248648648648653, 0.47582150142798857, 0.31602216748768475, 0.38280947775628626]
 mean: 0.4042081918995582, std: 0.06255284974934386
--------------------------------------------------
Subject Number: 6
Accuracy Cross: [0.22857142857142856, 0.23809523809523808, 0.1619047619047619, 0.26666666666666666, 0.29523809523809524, 0.23333333333333334, 0.24285714285714285, 0.24285714285714285, 0.21428571428571427, 0.2857142857142857, 0.2761904761904762, 0.2619047619047619, 0.2904761904761905, 0.26666666666666666, 0.28095238095238095]
 mean: 0.2523809523809523, std: 0.03389548651438512
F1 Score: [0.22226518392035546, 0.23840931931261755, 0.16142821621516892, 0.26568422341460307, 0.2830360899675849, 0.22982575402406624, 0.23874807726248776, 0.23653466645672597, 0.2056324113322142, 0.2730585232645874, 0.2704924356203373, 0.25881108495143584, 0.28710718670068264, 0.260997602774802, 0.279797934019868]
 mean: 0.24745524728250246, std: 0.03274878986576386
Accuracy Intime: [0.30952380952380953, 0.2976190476190476, 0.2857142857142857, 0.38095238095238093, 0.27380952380952384, 0.2619047619047619, 0.3333333333333333, 0.30952380952380953, 0.27380952380952384, 0.2857142857142857, 0.2261904761904762, 0.34523809523809523, 0.2261904761904762, 0.34523809523809523, 0.2976190476190476]
 mean: 0.2968253968253968, std: 0.041573970964154904
F1 (Intime): [0.31518780926675666, 0.2808023088023088, 0.2932430318414746, 0.36620967741935484, 0.2620783151572625, 0.2535851063829787, 0.3394335776863937, 0.3174288153598498, 0.27208502509955446, 0.27170886282176604, 0.22483058934671835, 0.350632119486402, 0.22154336079750286, 0.33884244746313713, 0.2919328674846502]
 mean: 0.29330292762774074, std: 0.04268485218028295
--------------------------------------------------
Subject Number: 7
Accuracy Cross: [0.2619047619047619, 0.20952380952380953, 0.23333333333333334, 0.22857142857142856, 0.24761904761904763, 0.22857142857142856, 0.20952380952380953, 0.23333333333333334, 0.22380952380952382, 0.19047619047619047, 0.22857142857142856, 0.24285714285714285, 0.2, 0.23809523809523808, 0.22380952380952382]
 mean: 0.22666666666666668, std: 0.017885163201274
F1 Score: [0.24908651878801136, 0.199344288895107, 0.20827531703063115, 0.2179476951300617, 0.2151898571548177, 0.23080648802261677, 0.21602790782223477, 0.2379013080295563, 0.22760074976569822, 0.18695561397279445, 0.22668453897758595, 0.24015807308435755, 0.20471905436714125, 0.2311060698271259, 0.22680327880445753]
 mean: 0.2212404506448132, std: 0.016065088160578646
Accuracy Intime: [0.27380952380952384, 0.27380952380952384, 0.23809523809523808, 0.35714285714285715, 0.2857142857142857, 0.27380952380952384, 0.30952380952380953, 0.30952380952380953, 0.27380952380952384, 0.21428571428571427, 0.2857142857142857, 0.27380952380952384, 0.20238095238095238, 0.27380952380952384, 0.30952380952380953]
 mean: 0.27698412698412694, std: 0.03725934791843017
F1 (Intime): [0.273374715859416, 0.26271092078295044, 0.24885183781735506, 0.34851010117563597, 0.28714618966433847, 0.2507246376811594, 0.30892230576441104, 0.3025703818542693, 0.27324624706028877, 0.21746224757852667, 0.265028926778296, 0.2611363636363636, 0.19042260042872036, 0.24939796939796938, 0.2976834998506825]
 mean: 0.2691459296886922, std: 0.03679073903759051
--------------------------------------------------
Subject Number: 8
Accuracy Cross: [0.37142857142857144, 0.38095238095238093, 0.3333333333333333, 0.34285714285714286, 0.36666666666666664, 0.37142857142857144, 0.34285714285714286, 0.3380952380952381, 0.32857142857142857, 0.3476190476190476, 0.35714285714285715, 0.3238095238095238, 0.35714285714285715, 0.3523809523809524, 0.3333333333333333]
 mean: 0.3498412698412698, std: 0.01675637234336082
F1 Score: [0.3424059988868743, 0.3525630677484224, 0.30644000865519855, 0.31408049595692616, 0.33514740727038905, 0.38375004458712325, 0.35329046995713664, 0.34415009000461394, 0.33860111818006555, 0.3631427670051428, 0.3614032185665592, 0.3244812324823948, 0.35581746701335204, 0.34505391336048946, 0.33890320567772936]
 mean: 0.3439487003568278, std: 0.018925670918116665
Accuracy Intime: [0.39285714285714285, 0.4642857142857143, 0.4523809523809524, 0.3333333333333333, 0.40476190476190477, 0.4166666666666667, 0.4166666666666667, 0.38095238095238093, 0.34523809523809523, 0.4642857142857143, 0.38095238095238093, 0.5119047619047619, 0.36904761904761907, 0.40476190476190477, 0.4166666666666667]
 mean: 0.4103174603174604, std: 0.04618202071738462
F1 (Intime): [0.3850424615658132, 0.4515670829678263, 0.4531297075476598, 0.33297852474323064, 0.41369963369963375, 0.403304244774833, 0.4195286576168929, 0.35261966285222096, 0.29416836808141156, 0.46483441140428444, 0.38241212887764614, 0.5188530465949821, 0.377047397047397, 0.36837828837828834, 0.4083329705570793]
 mean: 0.4017264391139467, std: 0.05441390633750529
--------------------------------------------------
Subject Number: 9
Accuracy Cross: [0.22380952380952382, 0.24761904761904763, 0.3047619047619048, 0.23333333333333334, 0.24761904761904763, 0.2619047619047619, 0.319047619047619, 0.2714285714285714, 0.30952380952380953, 0.3142857142857143, 0.24285714285714285, 0.2857142857142857, 0.3142857142857143, 0.2761904761904762, 0.29523809523809524]
 mean: 0.2765079365079364, std: 0.03127266122165016
F1 Score: [0.20613360154904664, 0.24002442548683853, 0.2750625252745202, 0.19954678582652624, 0.2166187056503958, 0.2668175826634417, 0.2988037495138353, 0.26761987917079094, 0.2951796805385382, 0.3007060574996205, 0.24436174864929683, 0.2909326367555404, 0.32236765413236, 0.2921905564574935, 0.3033708262355679]
 mean: 0.2679824276935875, std: 0.037077815791047936
Accuracy Intime: [0.34523809523809523, 0.35714285714285715, 0.4166666666666667, 0.27380952380952384, 0.36904761904761907, 0.36904761904761907, 0.35714285714285715, 0.2857142857142857, 0.44047619047619047, 0.38095238095238093, 0.30952380952380953, 0.38095238095238093, 0.35714285714285715, 0.34523809523809523, 0.38095238095238093]
 mean: 0.3579365079365079, std: 0.04247329574685603
F1 (Intime): [0.3568237481749915, 0.365318421870146, 0.4107414919990985, 0.25691081593927895, 0.3569433636827732, 0.3221219482272114, 0.3504874361826531, 0.27362233501784694, 0.44520666243703, 0.3643497129348193, 0.3155072463768116, 0.3834598884598885, 0.36691169855256545, 0.3412422360248447, 0.36647170019970204]
 mean: 0.3517412470719774, std: 0.04579927421978079
--------------------------------------------------
Subject Number: 10
Accuracy Cross: [0.2761904761904762, 0.3142857142857143, 0.26666666666666666, 0.26666666666666666, 0.2714285714285714, 0.2761904761904762, 0.2857142857142857, 0.28095238095238095, 0.2904761904761905, 0.2619047619047619, 0.24285714285714285, 0.2619047619047619, 0.28095238095238095, 0.2619047619047619, 0.2523809523809524]
 mean: 0.27269841269841266, std: 0.016538433368420452
F1 Score: [0.2720760609511558, 0.29808233433233433, 0.26054871335095847, 0.25537732596219354, 0.25923378136322534, 0.26895093795093794, 0.27663718328096676, 0.27213264492886013, 0.2891465447623582, 0.2538596309706089, 0.2409878700449032, 0.26159130717864726, 0.27795116870385683, 0.260579621899249, 0.25368695381665696]
 mean: 0.2667228052997942, std: 0.014278610604605045
Accuracy Intime: [0.39285714285714285, 0.32142857142857145, 0.30952380952380953, 0.2261904761904762, 0.2976190476190476, 0.35714285714285715, 0.36904761904761907, 0.34523809523809523, 0.27380952380952384, 0.36904761904761907, 0.35714285714285715, 0.25, 0.40476190476190477, 0.27380952380952384, 0.2619047619047619]
 mean: 0.3206349206349206, std: 0.053322466769018494
F1 (Intime): [0.3944299558904021, 0.3175274725274725, 0.3087611073137389, 0.23230434581385664, 0.2851833389842943, 0.3334665334665335, 0.3681888629620027, 0.34479603335587106, 0.2773411534701857, 0.35860962566844923, 0.3423218299726839, 0.20263945578231288, 0.39484591591247564, 0.25862574291022866, 0.26085670874240297]
 mean: 0.311993205518194, std: 0.05608361572879501
--------------------------------------------------
Subject Number: 11
Accuracy Cross: [0.21904761904761905, 0.23333333333333334, 0.2523809523809524, 0.21428571428571427, 0.28095238095238095, 0.2904761904761905, 0.3047619047619048, 0.3, 0.2904761904761905, 0.28095238095238095, 0.2761904761904762, 0.3047619047619048, 0.3, 0.3238095238095238, 0.3]
 mean: 0.2780952380952381, std: 0.032146678197337984
F1 Score: [0.20691412449822238, 0.22594593678268943, 0.23671181937527982, 0.19501144480295635, 0.2527400516038711, 0.29838727196296, 0.3090539732311355, 0.3040454954926401, 0.2972438485774505, 0.28889326385777947, 0.2800239805263665, 0.3007547073388658, 0.30849142317091444, 0.33092398765769726, 0.3023430178069353]
 mean: 0.27583228977905094, std: 0.04026139569822553
Accuracy Intime: [0.38095238095238093, 0.2976190476190476, 0.2619047619047619, 0.35714285714285715, 0.34523809523809523, 0.2261904761904762, 0.25, 0.35714285714285715, 0.2976190476190476, 0.32142857142857145, 0.23809523809523808, 0.2976190476190476, 0.2857142857142857, 0.27380952380952384, 0.34523809523809523]
 mean: 0.30238095238095236, std: 0.04596327693831828
F1 (Intime): [0.39628853609954884, 0.30268421731836365, 0.2695808515519454, 0.3450527321115556, 0.3374482380364733, 0.21220277312602115, 0.2498268398268398, 0.3543511298139247, 0.3006241996485899, 0.29993280556779295, 0.23398904501071685, 0.2988276588276588, 0.2836641852770885, 0.2749145299145299, 0.3431122639330574]
 mean: 0.3001666670709405, std: 0.04756012359807747
--------------------------------------------------
Subject Number: 12
Accuracy Cross: [0.319047619047619, 0.32857142857142857, 0.37142857142857144, 0.4095238095238095, 0.2904761904761905, 0.3047619047619048, 0.29523809523809524, 0.319047619047619, 0.3142857142857143, 0.29523809523809524, 0.2619047619047619, 0.22380952380952382, 0.22857142857142856, 0.24285714285714285, 0.2523809523809524]
 mean: 0.29714285714285715, std: 0.049511598006049276
F1 Score: [0.33300534931541936, 0.33959815689297485, 0.3662720500380397, 0.4133639145809124, 0.3020619836426288, 0.24373214816195804, 0.2301194393323863, 0.26002312186440546, 0.253985966311463, 0.22879682531129292, 0.2732586347070116, 0.2426924073960702, 0.24533751673402532, 0.2618872911543199, 0.2705434615101141]
 mean: 0.28431188446353484, std: 0.053138459565879224
Accuracy Intime: [0.2976190476190476, 0.30952380952380953, 0.3333333333333333, 0.34523809523809523, 0.38095238095238093, 0.4523809523809524, 0.36904761904761907, 0.35714285714285715, 0.34523809523809523, 0.39285714285714285, 0.2976190476190476, 0.38095238095238093, 0.3333333333333333, 0.3333333333333333, 0.42857142857142855]
 mean: 0.3571428571428571, std: 0.043252147915678454
F1 (Intime): [0.3037040727363308, 0.29945741750619803, 0.31193977591036415, 0.32350199686207387, 0.3870095624456679, 0.44208144796380094, 0.34803704177595807, 0.3631319337770951, 0.3456557856557856, 0.3911994317043405, 0.30625732404316797, 0.33910873440285205, 0.3072024057718307, 0.3347887803770157, 0.43428505237967946]
 mean: 0.3491573842208107, std: 0.04455575837184679
--------------------------------------------------
Subject Number: 13
Accuracy Cross: [0.29523809523809524, 0.2523809523809524, 0.30952380952380953, 0.3047619047619048, 0.2904761904761905, 0.2761904761904762, 0.23809523809523808, 0.23809523809523808, 0.24285714285714285, 0.3, 0.2761904761904762, 0.29523809523809524, 0.28095238095238095, 0.29523809523809524, 0.26666666666666666]
 mean: 0.2774603174603174, std: 0.023743824700082745
F1 Score: [0.2860897038143947, 0.24007852512490482, 0.2899295310607172, 0.2986682661381456, 0.27425776563915083, 0.27126746915831956, 0.22775389959184428, 0.2313951577893945, 0.23990550512289638, 0.2933573852386294, 0.2516971916971917, 0.2746371505296802, 0.2418261053703778, 0.2684192320564059, 0.24526027369509912]
 mean: 0.26230287746847675, std: 0.02308738273857712
Accuracy Intime: [0.36904761904761907, 0.36904761904761907, 0.32142857142857145, 0.34523809523809523, 0.32142857142857145, 0.3333333333333333, 0.40476190476190477, 0.39285714285714285, 0.40476190476190477, 0.35714285714285715, 0.30952380952380953, 0.34523809523809523, 0.34523809523809523, 0.25, 0.2976190476190476]
 mean: 0.3444444444444444, std: 0.04042168754998998
F1 (Intime): [0.3403439982750328, 0.35445152348378156, 0.3066101491101491, 0.34530153754291687, 0.32658414382552314, 0.33544346978557504, 0.38891961085509474, 0.3941079880227953, 0.3975417594539111, 0.32840211640211636, 0.30395058700572586, 0.3367500563443768, 0.3253846153846153, 0.2224980389824797, 0.2878978779840849]
 mean: 0.33294583149721185, std: 0.04290899089402375
--------------------------------------------------
Subject Number: 14
Accuracy Cross: [0.2857142857142857, 0.2904761904761905, 0.37142857142857144, 0.3047619047619048, 0.24761904761904763, 0.42857142857142855, 0.3333333333333333, 0.4095238095238095, 0.4142857142857143, 0.3333333333333333, 0.3238095238095238, 0.37142857142857144, 0.32857142857142857, 0.3523809523809524, 0.3238095238095238]
 mean: 0.3412698412698412, std: 0.04913973986257612
F1 Score: [0.3074419501059662, 0.3077008524851747, 0.39245233414289055, 0.31036385357892515, 0.25248350674000075, 0.41207028265851803, 0.3129112647953228, 0.37686835875734614, 0.39631526778410586, 0.3307489214362146, 0.28379715385675575, 0.3287343331232795, 0.28665166199239195, 0.30686132532828747, 0.28455023615081076]
 mean: 0.32599675352906593, std: 0.045679568247708024
Accuracy Intime: [0.35714285714285715, 0.4166666666666667, 0.44047619047619047, 0.3333333333333333, 0.36904761904761907, 0.42857142857142855, 0.42857142857142855, 0.36904761904761907, 0.2976190476190476, 0.2619047619047619, 0.4166666666666667, 0.47619047619047616, 0.4642857142857143, 0.38095238095238093, 0.4523809523809524]
 mean: 0.39285714285714285, std: 0.05991932091484722
F1 (Intime): [0.3539618682722131, 0.4184615384615385, 0.43329116592873707, 0.30699374393492046, 0.38717630364689193, 0.4219296412399861, 0.4149430923624472, 0.35374824693710144, 0.2960904222194545, 0.26707397865292604, 0.4169187363488221, 0.4723761423761424, 0.4663153690376921, 0.3756506225614499, 0.43246179108248073]
 mean: 0.3878261775375202, std: 0.05946377970843809
--------------------------------------------------
**************************************************
accuracy_cross_list: [0.3158730158730158, 0.31777777777777777, 0.2685714285714285, 0.2980952380952381, 0.34349206349206346, 0.2523809523809523, 0.22666666666666668, 0.3498412698412698, 0.2765079365079364, 0.27269841269841266, 0.2780952380952381, 0.29714285714285715, 0.2774603174603174, 0.3412698412698412]
f1_score_list: [0.29700820634590147, 0.30153889776068715, 0.2397366528600412, 0.2864549858904563, 0.3303463597164021, 0.24745524728250246, 0.2212404506448132, 0.3439487003568278, 0.2679824276935875, 0.2667228052997942, 0.27583228977905094, 0.28431188446353484, 0.26230287746847675, 0.32599675352906593]
accuracy_intime_list: [0.3793650793650793, 0.38333333333333336, 0.346031746031746, 0.33015873015873015, 0.40952380952380957, 0.2968253968253968, 0.27698412698412694, 0.4103174603174604, 0.3579365079365079, 0.3206349206349206, 0.30238095238095236, 0.3571428571428571, 0.3444444444444444, 0.39285714285714285]
f1_score_intime_list: [0.36791408637206763, 0.38210130159624617, 0.33399662247457607, 0.3294768727065313, 0.4042081918995582, 0.29330292762774074, 0.2691459296886922, 0.4017264391139467, 0.3517412470719774, 0.311993205518194, 0.3001666670709405, 0.3491573842208107, 0.33294583149721185, 0.3878261775375202]
**************************************************
ACC: 29.40±3.49
F1: 28.22±3.41
Intime: 35.06±4.04
F1 (Intime): 34.40±4.01
