1e-04
Subject Number: 1
Accuracy Cross: [0.75, 0.75, 0.75, 0.875, 0.875, 0.8181818181818182, 0.8787878787878788, 0.7878787878787878, 0.7575757575757576, 0.8181818181818182, 0.8125, 0.84375, 0.90625, 0.9375, 0.84375]
 mean: 0.8269570707070707, std: 0.05822076352451077
F1 Score: [0.746031746031746, 0.746031746031746, 0.746031746031746, 0.8704453441295547, 0.8666666666666667, 0.8035714285714286, 0.8777777777777778, 0.7847157502329916, 0.7380952380952381, 0.8035714285714286, 0.8, 0.8398398398398399, 0.9015384615384616, 0.9352226720647774, 0.8398398398398399]
 mean: 0.8199586456948827, std: 0.06004434574542077
Accuracy Intime: [0.8571428571428571, 0.8571428571428571, 0.8333333333333334, 0.75, 0.8333333333333334, 0.8571428571428571, 1.0, 1.0, 0.75, 1.0, 0.7857142857142857, 0.8571428571428571, 0.9166666666666666, 0.75, 0.9166666666666666]
 mean: 0.8642857142857142, std: 0.08493917613937088
F1 (Intime): [0.8571428571428571, 0.8444444444444444, 0.8285714285714285, 0.7333333333333334, 0.8285714285714285, 0.8444444444444444, 1.0, 1.0, 0.7333333333333334, 1.0, 0.7543859649122806, 0.8444444444444444, 0.9111111111111111, 0.7333333333333334, 0.916083916083916]
 mean: 0.855280002648424, std: 0.09173179486361085
--------------------------------------------------
Subject Number: 2
Accuracy Cross: [0.6363636363636364, 0.7878787878787878, 0.696969696969697, 0.7272727272727273, 0.6060606060606061, 0.46875, 0.625, 0.5625, 0.6875, 0.5625, 0.6666666666666666, 0.6060606060606061, 0.7272727272727273, 0.6666666666666666, 0.696969696969697]
 mean: 0.6482954545454546, std: 0.07751111352329063
F1 Score: [0.6333333333333333, 0.7746341463414634, 0.6726190476190477, 0.7102439024390244, 0.5925925925925926, 0.464039408866995, 0.6, 0.5151515151515151, 0.6761133603238867, 0.5607843137254902, 0.6654377880184332, 0.6046082949308755, 0.7262672811059908, 0.6616961789375583, 0.6898496240601504]
 mean: 0.6364913858297571, std: 0.07927075667677047
Accuracy Intime: [0.6428571428571429, 0.8571428571428571, 0.75, 0.4166666666666667, 0.8333333333333334, 0.7142857142857143, 0.7857142857142857, 0.5714285714285714, 0.6666666666666666, 0.6666666666666666, 0.8571428571428571, 0.5, 0.4166666666666667, 0.6666666666666666, 0.4166666666666667]
 mean: 0.6507936507936507, std: 0.15162677122653015
F1 (Intime): [0.641025641025641, 0.8541666666666667, 0.6974789915966386, 0.37777777777777777, 0.8285714285714285, 0.6888888888888889, 0.7754010695187166, 0.5625, 0.6666666666666666, 0.625, 0.8444444444444444, 0.49743589743589745, 0.4125874125874126, 0.6571428571428571, 0.29411764705882354]
 mean: 0.6282136926254575, std: 0.16589979351865083
--------------------------------------------------
Subject Number: 3
Accuracy Cross: [0.46875, 0.5, 0.59375, 0.6875, 0.5625, 0.48484848484848486, 0.45454545454545453, 0.6060606060606061, 0.48484848484848486, 0.45454545454545453, 0.48484848484848486, 0.42424242424242425, 0.48484848484848486, 0.5151515151515151, 0.30303030303030304]
 mean: 0.500631313131313, std: 0.08559102136898367
F1 Score: [0.45545545545545546, 0.4817813765182186, 0.5835835835835836, 0.6761133603238867, 0.5625, 0.4327603640040445, 0.44172932330827064, 0.6060606060606061, 0.40634920634920635, 0.4288461538461539, 0.4672364672364672, 0.4045584045584045, 0.4327603640040445, 0.5037593984962406, 0.25951219512195123]
 mean: 0.476200417257769, std: 0.09704956827049212
Accuracy Intime: [0.42857142857142855, 0.42857142857142855, 0.7142857142857143, 0.6666666666666666, 0.5, 0.5, 0.35714285714285715, 0.75, 0.4166666666666667, 0.5833333333333334, 0.7142857142857143, 0.6428571428571429, 0.75, 0.8333333333333334, 0.5833333333333334]
 mean: 0.5912698412698414, std: 0.14203910405190884
F1 (Intime): [0.37777777777777777, 0.37777777777777777, 0.7083333333333333, 0.6571428571428571, 0.4857142857142857, 0.49743589743589745, 0.3262032085561497, 0.6974789915966386, 0.29411764705882354, 0.5804195804195804, 0.7083333333333333, 0.641025641025641, 0.6974789915966386, 0.8333333333333334, 0.5804195804195804]
 mean: 0.5641994824347766, std: 0.15796323664659376
--------------------------------------------------
Subject Number: 4
Accuracy Cross: [0.696969696969697, 0.7878787878787878, 0.7878787878787878, 0.9090909090909091, 0.7272727272727273, 0.696969696969697, 0.6363636363636364, 0.696969696969697, 0.6363636363636364, 0.6060606060606061, 0.7272727272727273, 0.6363636363636364, 0.7575757575757576, 0.696969696969697, 0.8484848484848485]
 mean: 0.7232323232323233, std: 0.08121111613026981
F1 Score: [0.6726190476190477, 0.7746341463414634, 0.7664307381193125, 0.905982905982906, 0.6857142857142857, 0.6726190476190477, 0.5695652173913044, 0.6826923076923077, 0.6071428571428572, 0.5460317460317461, 0.7102439024390244, 0.6192307692307693, 0.7573529411764706, 0.6966911764705883, 0.8462255358807083]
 mean: 0.7008784416567894, std: 0.094888172357014
Accuracy Intime: [0.7857142857142857, 0.8571428571428571, 0.6428571428571429, 0.75, 0.6666666666666666, 0.8571428571428571, 0.7857142857142857, 0.7142857142857143, 0.5, 0.5, 0.7857142857142857, 1.0, 1.0, 0.9166666666666666, 0.75]
 mean: 0.7674603174603174, std: 0.14598860646446052
F1 (Intime): [0.7543859649122806, 0.8541666666666667, 0.5238095238095237, 0.7482517482517483, 0.6571428571428571, 0.8541666666666667, 0.7754010695187166, 0.6888888888888889, 0.4375, 0.4375, 0.7543859649122806, 1.0, 1.0, 0.916083916083916, 0.7333333333333334]
 mean: 0.7423344400124586, std: 0.16994116907388693
--------------------------------------------------
Subject Number: 5
Accuracy Cross: [0.46875, 0.5625, 0.59375, 0.59375, 0.5625, 0.4375, 0.5, 0.625, 0.8125, 0.75, 0.59375, 0.59375, 0.53125, 0.53125, 0.625]
 mean: 0.5854166666666667, std: 0.09372684899334995
F1 Score: [0.4682306940371457, 0.5607843137254902, 0.5933528836754643, 0.5933528836754643, 0.5625, 0.4, 0.4666666666666667, 0.6190476190476191, 0.7922077922077921, 0.7333333333333334, 0.5933528836754643, 0.5835835835835836, 0.5195195195195195, 0.530791788856305, 0.6235294117647059]
 mean: 0.5760168915845704, std: 0.09548619414260091
Accuracy Intime: [0.7857142857142857, 0.9285714285714286, 0.6666666666666666, 0.5, 0.75, 0.6428571428571429, 0.7857142857142857, 0.9166666666666666, 0.5, 0.4166666666666667, 1.0, 0.8571428571428571, 0.9166666666666666, 0.4166666666666667, 0.5]
 mean: 0.7055555555555555, std: 0.19364754095628928
F1 (Intime): [0.7846153846153847, 0.9282051282051282, 0.6571428571428571, 0.4375, 0.7482517482517483, 0.625668449197861, 0.7754010695187166, 0.8991596638655461, 0.5, 0.29411764705882354, 1.0, 0.8571428571428571, 0.9111111111111111, 0.4125874125874126, 0.4375]
 mean: 0.6845602219131631, std: 0.2152707349058392
--------------------------------------------------
Subject Number: 6
Accuracy Cross: [0.71875, 0.625, 0.59375, 0.5, 0.8125, 0.5454545454545454, 0.5151515151515151, 0.5151515151515151, 0.42424242424242425, 0.5454545454545454, 0.6666666666666666, 0.6060606060606061, 0.6363636363636364, 0.6666666666666666, 0.6363636363636364]
 mean: 0.6005050505050505, std: 0.0940666310708114
F1 Score: [0.681063122923588, 0.6235294117647059, 0.5901477832512315, 0.5, 0.8, 0.5170731707317073, 0.45454545454545453, 0.45454545454545453, 0.3660262891809909, 0.4994944388270981, 0.593505039193729, 0.5460317460317461, 0.5695652173913044, 0.6552706552706553, 0.5416666666666666]
 mean: 0.5594976300216221, std: 0.10230344716247805
Accuracy Intime: [0.7142857142857143, 0.7857142857142857, 0.7857142857142857, 0.8333333333333334, 0.5833333333333334, 0.9285714285714286, 0.7857142857142857, 0.8333333333333334, 0.75, 0.6666666666666666, 0.7142857142857143, 0.8571428571428571, 0.9166666666666666, 0.5, 0.5833333333333334]
 mean: 0.7492063492063493, std: 0.12011164706281025
F1 (Intime): [0.7142857142857143, 0.7543859649122806, 0.7543859649122806, 0.8333333333333334, 0.5555555555555556, 0.9282051282051282, 0.7846153846153847, 0.7777777777777777, 0.7482517482517483, 0.625, 0.65, 0.8444444444444444, 0.8991596638655461, 0.4857142857142857, 0.5555555555555556]
 mean: 0.7273780347619357, std: 0.12558387990678335
--------------------------------------------------
Subject Number: 7
Accuracy Cross: [0.6875, 0.5, 0.59375, 0.53125, 0.5625, 0.40625, 0.4375, 0.53125, 0.46875, 0.4375, 0.4375, 0.625, 0.53125, 0.71875, 0.59375]
 mean: 0.5375, std: 0.0907147544044885
F1 Score: [0.6536796536796536, 0.4458874458874459, 0.5835835835835836, 0.5270935960591133, 0.5465587044534412, 0.3913913913913914, 0.43529411764705883, 0.530791788856305, 0.4682306940371457, 0.4, 0.43529411764705883, 0.611336032388664, 0.5195195195195195, 0.7117117117117118, 0.5933528836754643]
 mean: 0.5235816827025038, std: 0.09184495932423521
Accuracy Intime: [0.7857142857142857, 0.5714285714285714, 0.4166666666666667, 0.4166666666666667, 0.6666666666666666, 0.6428571428571429, 0.6428571428571429, 0.8333333333333334, 0.5833333333333334, 0.6666666666666666, 0.7857142857142857, 0.7142857142857143, 0.6666666666666666, 0.5, 0.75]
 mean: 0.6428571428571428, std: 0.12295185226055291
F1 (Intime): [0.7754010695187166, 0.5333333333333333, 0.29411764705882354, 0.37777777777777777, 0.6666666666666666, 0.641025641025641, 0.5906432748538011, 0.8285714285714285, 0.5804195804195804, 0.6666666666666666, 0.7846153846153847, 0.6888888888888889, 0.6571428571428571, 0.4375, 0.7482517482517483]
 mean: 0.6180681309860876, std: 0.14836484133284214
--------------------------------------------------
Subject Number: 8
Accuracy Cross: [0.5625, 0.65625, 0.6875, 0.78125, 0.65625, 0.8125, 0.71875, 0.59375, 0.625, 0.6875, 0.4375, 0.625, 0.78125, 0.6875, 0.6875]
 mean: 0.6666666666666666, std: 0.09104905576421732
F1 Score: [0.5151515151515151, 0.5883040935672514, 0.6825396825396826, 0.7624602332979851, 0.5594493116395495, 0.7922077922077921, 0.694591728525981, 0.5588547189819725, 0.6190476190476191, 0.6135265700483092, 0.4375, 0.611336032388664, 0.7702564102564102, 0.6363636363636364, 0.6666666666666667]
 mean: 0.6338837340455357, std: 0.09465158457071679
Accuracy Intime: [0.7857142857142857, 0.7142857142857143, 0.8333333333333334, 0.5833333333333334, 0.5833333333333334, 0.7142857142857143, 0.7142857142857143, 0.5, 0.5, 0.5, 0.6428571428571429, 0.9285714285714286, 0.6666666666666666, 0.75, 0.75]
 mean: 0.6777777777777777, std: 0.12306450651556843
F1 (Intime): [0.7754010695187166, 0.7083333333333333, 0.8125, 0.5555555555555556, 0.5555555555555556, 0.65, 0.6888888888888889, 0.4375, 0.5, 0.4857142857142857, 0.5906432748538011, 0.9251336898395721, 0.5555555555555556, 0.7333333333333334, 0.7333333333333334]
 mean: 0.6471631916987955, std: 0.13202071848627803
--------------------------------------------------
Subject Number: 9
Accuracy Cross: [0.875, 0.84375, 0.875, 0.8125, 0.875, 0.78125, 0.71875, 0.625, 0.5, 0.75, 0.65625, 0.84375, 0.6875, 0.75, 0.78125]
 mean: 0.7583333333333333, std: 0.10362358429538243
F1 Score: [0.8666666666666667, 0.8398398398398399, 0.8704453441295547, 0.7922077922077921, 0.8666666666666667, 0.7624602332979851, 0.7046153846153846, 0.6190476190476191, 0.4666666666666667, 0.7090909090909091, 0.6532019704433498, 0.8423645320197044, 0.6825396825396826, 0.746031746031746, 0.7702564102564102]
 mean: 0.7461400975679985, std: 0.10818238372271352
Accuracy Intime: [0.9285714285714286, 0.8571428571428571, 0.9166666666666666, 0.6666666666666666, 0.5, 1.0, 0.9285714285714286, 1.0, 0.9166666666666666, 0.6666666666666666, 1.0, 0.9285714285714286, 0.8333333333333334, 0.6666666666666666, 0.6666666666666666]
 mean: 0.8317460317460318, std: 0.15213687462879966
F1 (Intime): [0.9251336898395721, 0.8541666666666667, 0.8991596638655461, 0.6571428571428571, 0.4857142857142857, 1.0, 0.9251336898395721, 1.0, 0.916083916083916, 0.625, 1.0, 0.9282051282051282, 0.8125, 0.6571428571428571, 0.6571428571428571]
 mean: 0.8228350407762172, std: 0.15852554821313752
--------------------------------------------------
Subject Number: 10
Accuracy Cross: [0.59375, 0.46875, 0.6875, 0.625, 0.625, 0.53125, 0.5, 0.53125, 0.53125, 0.46875, 0.5454545454545454, 0.5151515151515151, 0.5757575757575758, 0.5151515151515151, 0.6060606060606061]
 mean: 0.5546717171717171, std: 0.06041881058649251
F1 Score: [0.539313399778516, 0.4231177094379639, 0.6825396825396826, 0.6, 0.6190476190476191, 0.530791788856305, 0.4980392156862745, 0.5076923076923077, 0.4684385382059801, 0.45545545545545546, 0.5299145299145299, 0.5147058823529411, 0.5753676470588236, 0.5147058823529411, 0.5814634146341464]
 mean: 0.5360395382008991, std: 0.064859974638901
Accuracy Intime: [0.7142857142857143, 0.8571428571428571, 0.8333333333333334, 0.6666666666666666, 0.6666666666666666, 0.7857142857142857, 0.7857142857142857, 0.75, 0.8333333333333334, 0.5833333333333334, 0.7142857142857143, 0.7142857142857143, 0.8333333333333334, 0.75, 0.9166666666666666]
 mean: 0.7603174603174602, std: 0.08427659652354466
F1 (Intime): [0.65, 0.8541666666666667, 0.8285714285714285, 0.625, 0.6666666666666666, 0.7846153846153847, 0.7846153846153847, 0.6210526315789473, 0.8285714285714285, 0.5555555555555556, 0.65, 0.7083333333333333, 0.8125, 0.7333333333333334, 0.916083916083916]
 mean: 0.7346043819728031, std: 0.10084583065935591
--------------------------------------------------
Subject Number: 11
Accuracy Cross: [0.5151515151515151, 0.48484848484848486, 0.45454545454545453, 0.5454545454545454, 0.45454545454545453, 0.5757575757575758, 0.5454545454545454, 0.7272727272727273, 0.48484848484848486, 0.6666666666666666, 0.6060606060606061, 0.696969696969697, 0.6060606060606061, 0.6666666666666666, 0.5757575757575758]
 mean: 0.5737373737373738, std: 0.08460764279342192
F1 Score: [0.47619047619047616, 0.45268292682926825, 0.4288461538461539, 0.5454545454545454, 0.4288461538461539, 0.4652777777777778, 0.44568868980963045, 0.7102439024390244, 0.40634920634920635, 0.593505039193729, 0.5814634146341464, 0.6590909090909091, 0.5460317460317461, 0.6329625884732053, 0.49782608695652175]
 mean: 0.5246973077948328, std: 0.0907262236633163
Accuracy Intime: [0.6428571428571429, 0.7857142857142857, 0.6428571428571429, 0.8333333333333334, 0.6666666666666666, 0.5714285714285714, 0.42857142857142855, 0.5714285714285714, 0.4166666666666667, 0.5, 0.35714285714285715, 0.6428571428571429, 0.5714285714285714, 0.6666666666666666, 0.5833333333333334]
 mean: 0.5920634920634921, std: 0.12572290334420394
F1 (Intime): [0.5238095238095237, 0.7543859649122806, 0.5906432748538011, 0.8285714285714285, 0.625, 0.5333333333333333, 0.3, 0.5625, 0.4125874125874126, 0.4375, 0.35384615384615387, 0.641025641025641, 0.5333333333333333, 0.6571428571428571, 0.5555555555555556]
 mean: 0.5539489652647548, std: 0.13665706344904902
--------------------------------------------------
Subject Number: 12
Accuracy Cross: [0.78125, 0.78125, 0.78125, 0.8125, 0.65625, 0.696969696969697, 0.6666666666666666, 0.696969696969697, 0.6666666666666666, 0.8181818181818182, 0.6875, 0.59375, 0.71875, 0.625, 0.6875]
 mean: 0.7113636363636364, std: 0.06644479983305396
F1 Score: [0.7624602332979851, 0.7702564102564102, 0.7624602332979851, 0.7922077922077921, 0.6101882613510521, 0.6726190476190477, 0.6158730158730159, 0.6413043478260869, 0.6158730158730159, 0.8096153846153846, 0.6666666666666667, 0.5733333333333333, 0.7046153846153846, 0.5844155844155844, 0.6363636363636364]
 mean: 0.6812168231741589, std: 0.07701348923803747
Accuracy Intime: [0.7857142857142857, 1.0, 0.8333333333333334, 0.6666666666666666, 0.75, 0.7142857142857143, 0.6428571428571429, 0.8333333333333334, 0.5833333333333334, 0.6666666666666666, 1.0, 0.8571428571428571, 1.0, 0.6666666666666666, 0.5]
 mean: 0.7666666666666667, std: 0.14918523997924324
F1 (Intime): [0.7543859649122806, 1.0, 0.8125, 0.625, 0.7333333333333334, 0.6888888888888889, 0.641025641025641, 0.7777777777777777, 0.4957983193277311, 0.625, 1.0, 0.8541666666666667, 1.0, 0.625, 0.3333333333333333]
 mean: 0.7310806616843768, std: 0.18233138837421178
--------------------------------------------------
Subject Number: 13
Accuracy Cross: [0.84375, 0.84375, 0.90625, 0.90625, 0.9375, 0.7878787878787878, 0.8484848484848485, 0.7878787878787878, 0.7272727272727273, 0.696969696969697, 0.84375, 0.75, 0.875, 0.875, 0.71875]
 mean: 0.8232323232323232, std: 0.07212541854227239
F1 Score: [0.8398398398398399, 0.8358974358974359, 0.9015384615384616, 0.9039039039039038, 0.9365079365079365, 0.7664307381193125, 0.847926267281106, 0.7870967741935484, 0.717948717948718, 0.6590909090909091, 0.8435972629521017, 0.7408906882591093, 0.8666666666666667, 0.875, 0.718475073313783]
 mean: 0.8160540450341889, std: 0.0779054303241429
Accuracy Intime: [0.7857142857142857, 0.6428571428571429, 0.9166666666666666, 0.8333333333333334, 0.9166666666666666, 0.7857142857142857, 0.5, 0.9166666666666666, 0.8333333333333334, 0.75, 0.7857142857142857, 0.7142857142857143, 0.8333333333333334, 0.9166666666666666, 0.8333333333333334]
 mean: 0.7976190476190476, std: 0.11074201734956586
F1 (Intime): [0.7754010695187166, 0.5906432748538011, 0.8991596638655461, 0.8333333333333334, 0.916083916083916, 0.7543859649122806, 0.49743589743589745, 0.8991596638655461, 0.8333333333333334, 0.7333333333333334, 0.7543859649122806, 0.6888888888888889, 0.8125, 0.916083916083916, 0.8333333333333334]
 mean: 0.7824974369169415, std: 0.1161730038619818
--------------------------------------------------
Subject Number: 14
Accuracy Cross: [0.65625, 0.71875, 0.8125, 0.75, 0.9375, 0.75, 0.78125, 0.5625, 0.6875, 0.78125, 0.71875, 0.59375, 0.71875, 0.6875, 0.8125]
 mean: 0.73125, std: 0.08897565210026093
F1 Score: [0.6532019704433498, 0.694591728525981, 0.8095238095238095, 0.7408906882591093, 0.9372549019607843, 0.7333333333333334, 0.7702564102564102, 0.5151515151515151, 0.6536796536796536, 0.7624602332979851, 0.681063122923588, 0.4793491864831039, 0.7046153846153846, 0.6135265700483092, 0.8056680161943319]
 mean: 0.70363776831311, std: 0.11134066958026297
Accuracy Intime: [0.7857142857142857, 0.7142857142857143, 0.6666666666666666, 0.5, 0.9166666666666666, 0.9285714285714286, 0.7857142857142857, 0.8333333333333334, 0.75, 0.6666666666666666, 0.7142857142857143, 0.5714285714285714, 0.5833333333333334, 0.5833333333333334, 0.8333333333333334]
 mean: 0.7222222222222224, std: 0.12407379203722416
F1 (Intime): [0.7754010695187166, 0.6888888888888889, 0.5555555555555556, 0.4857142857142857, 0.916083916083916, 0.9251336898395721, 0.7543859649122806, 0.8125, 0.7482517482517483, 0.6571428571428571, 0.65, 0.475, 0.3684210526315789, 0.5804195804195804, 0.8333333333333334]
 mean: 0.6817487961528209, std: 0.15914314004710553
--------------------------------------------------
Subject Number: 15
Accuracy Cross: [0.8125, 0.65625, 0.75, 0.78125, 0.8125, 0.75, 0.53125, 0.5625, 0.6875, 0.53125, 0.59375, 0.46875, 0.4375, 0.4375, 0.5]
 mean: 0.6208333333333333, std: 0.13251703244824375
F1 Score: [0.8, 0.6559139784946236, 0.746031746031746, 0.7702564102564102, 0.8, 0.746031746031746, 0.530791788856305, 0.5465587044534412, 0.6761133603238867, 0.5270935960591133, 0.5933528836754643, 0.45545545545545546, 0.34545454545454546, 0.4, 0.4920634920634921]
 mean: 0.6056745138104153, std: 0.14385559470547316
Accuracy Intime: [0.7857142857142857, 0.7142857142857143, 0.9166666666666666, 0.8333333333333334, 0.5833333333333334, 0.6428571428571429, 0.5714285714285714, 0.9166666666666666, 0.6666666666666666, 0.75, 0.7857142857142857, 0.7857142857142857, 1.0, 0.9166666666666666, 0.9166666666666666]
 mean: 0.7857142857142858, std: 0.12770134754487528
F1 (Intime): [0.7754010695187166, 0.6888888888888889, 0.9111111111111111, 0.8333333333333334, 0.5804195804195804, 0.625668449197861, 0.5625, 0.9111111111111111, 0.625, 0.7482517482517483, 0.7543859649122806, 0.7846153846153847, 1.0, 0.916083916083916, 0.916083916083916]
 mean: 0.7755236315685233, std: 0.1335043884213884
--------------------------------------------------
Subject Number: 16
Accuracy Cross: [0.59375, 0.6875, 0.59375, 0.59375, 0.625, 0.71875, 0.71875, 0.65625, 0.6875, 0.71875, 0.5, 0.53125, 0.5625, 0.5625, 0.4375]
 mean: 0.6125, std: 0.08291561975888499
F1 Score: [0.5933528836754643, 0.6862745098039216, 0.5835835835835836, 0.5733333333333333, 0.6235294117647059, 0.716256157635468, 0.7046153846153846, 0.6267232237539766, 0.6761133603238867, 0.716256157635468, 0.4666666666666667, 0.4684385382059801, 0.49090909090909085, 0.5151515151515151, 0.34545454545454546]
 mean: 0.5857772241675328, std: 0.10628572359920974
Accuracy Intime: [0.7142857142857143, 0.5714285714285714, 0.75, 0.75, 0.6666666666666666, 0.6428571428571429, 0.7142857142857143, 0.9166666666666666, 0.5833333333333334, 0.5, 0.6428571428571429, 0.7857142857142857, 0.9166666666666666, 0.8333333333333334, 0.8333333333333334]
 mean: 0.7214285714285715, std: 0.11919039057889359
F1 (Intime): [0.7083333333333333, 0.5333333333333333, 0.7333333333333334, 0.7482517482517483, 0.6666666666666666, 0.625668449197861, 0.6888888888888889, 0.9111111111111111, 0.5555555555555556, 0.4857142857142857, 0.641025641025641, 0.7543859649122806, 0.8991596638655461, 0.8333333333333334, 0.8285714285714285]
 mean: 0.7075555158062898, std: 0.12354466416214092
--------------------------------------------------
Subject Number: 17
Accuracy Cross: [0.6363636363636364, 0.6060606060606061, 0.48484848484848486, 0.5454545454545454, 0.5757575757575758, 0.3939393939393939, 0.42424242424242425, 0.5151515151515151, 0.6060606060606061, 0.5757575757575758, 0.5625, 0.5, 0.5, 0.53125, 0.65625]
 mean: 0.5409090909090909, std: 0.07131061182847254
F1 Score: [0.6192307692307693, 0.5814634146341464, 0.4771668219944082, 0.543778801843318, 0.5416666666666666, 0.37969924812030076, 0.3660262891809909, 0.5147058823529411, 0.5662285136501517, 0.49782608695652175, 0.5465587044534412, 0.4666666666666667, 0.4666666666666667, 0.5195195195195195, 0.6267232237539766]
 mean: 0.5142618183793657, std: 0.07295362644567695
Accuracy Intime: [0.7857142857142857, 0.7857142857142857, 0.8333333333333334, 0.5833333333333334, 0.6666666666666666, 0.8571428571428571, 0.8571428571428571, 0.5, 0.6666666666666666, 0.75, 0.8571428571428571, 0.7857142857142857, 0.5714285714285714, 0.75, 0.6666666666666666]
 mean: 0.7277777777777777, std: 0.10978804105263862
F1 (Intime): [0.7754010695187166, 0.7543859649122806, 0.7777777777777777, 0.4957983193277311, 0.6571428571428571, 0.8571428571428571, 0.8444444444444444, 0.4857142857142857, 0.625, 0.7482517482517483, 0.8541666666666667, 0.7754010695187166, 0.5625, 0.7482517482517483, 0.625]
 mean: 0.7057585872446553, std: 0.11929571537449805
--------------------------------------------------
Subject Number: 18
Accuracy Cross: [0.696969696969697, 0.7878787878787878, 0.7878787878787878, 0.8181818181818182, 0.8787878787878788, 0.8125, 0.8125, 0.65625, 0.75, 0.78125, 0.8125, 0.6875, 0.90625, 0.8125, 0.78125]
 mean: 0.785479797979798, std: 0.06466434115995662
F1 Score: [0.6966911764705883, 0.7746341463414634, 0.7878787878787878, 0.8096153846153846, 0.8777777777777778, 0.7922077922077921, 0.8095238095238095, 0.6559139784946236, 0.7490196078431373, 0.7624602332979851, 0.8056680161943319, 0.6536796536796536, 0.9039039039039038, 0.8095238095238095, 0.7624602332979851]
 mean: 0.7767305540700689, std: 0.06739983229866896
Accuracy Intime: [1.0, 0.9285714285714286, 0.9166666666666666, 0.75, 0.6666666666666666, 0.8571428571428571, 0.9285714285714286, 0.8333333333333334, 0.75, 0.75, 0.9285714285714286, 0.7142857142857143, 1.0, 0.6666666666666666, 0.8333333333333334]
 mean: 0.8349206349206348, std: 0.10978804105263862
F1 (Intime): [1.0, 0.9251336898395721, 0.9111111111111111, 0.7333333333333334, 0.6571428571428571, 0.8444444444444444, 0.9282051282051282, 0.8125, 0.7482517482517483, 0.7333333333333334, 0.9282051282051282, 0.65, 1.0, 0.625, 0.8333333333333334]
 mean: 0.821999607146666, std: 0.12164431535932015
--------------------------------------------------
Subject Number: 19
Accuracy Cross: [0.5, 0.59375, 0.625, 0.625, 0.59375, 0.59375, 0.46875, 0.75, 0.5, 0.5625, 0.5, 0.625, 0.625, 0.75, 0.625]
 mean: 0.5958333333333333, std: 0.08025566785107592
F1 Score: [0.3816425120772947, 0.4340136054421769, 0.536231884057971, 0.5636363636363637, 0.4793491864831039, 0.5588547189819725, 0.3191489361702128, 0.722943722943723, 0.4458874458874459, 0.5465587044534412, 0.4666666666666667, 0.6190476190476191, 0.6235294117647059, 0.746031746031746, 0.625]
 mean: 0.5379028349096295, std: 0.11554868259616612
Accuracy Intime: [0.6428571428571429, 0.7857142857142857, 0.8333333333333334, 0.8333333333333334, 0.9166666666666666, 0.7857142857142857, 0.8571428571428571, 0.8333333333333334, 0.75, 0.5, 0.8571428571428571, 0.7857142857142857, 1.0, 0.6666666666666666, 0.6666666666666666]
 mean: 0.780952380952381, std: 0.11871381773636105
F1 (Intime): [0.641025641025641, 0.7543859649122806, 0.8285714285714285, 0.8285714285714285, 0.916083916083916, 0.7754010695187166, 0.8444444444444444, 0.8285714285714285, 0.7333333333333334, 0.3333333333333333, 0.8571428571428571, 0.7543859649122806, 1.0, 0.625, 0.6571428571428571]
 mean: 0.7584929111709297, std: 0.1502480423959662
--------------------------------------------------
Subject Number: 20
Accuracy Cross: [0.71875, 0.75, 0.65625, 0.5625, 0.625, 0.65625, 0.6875, 0.6875, 0.75, 0.8125, 0.45454545454545453, 0.6363636363636364, 0.5454545454545454, 0.5757575757575758, 0.6363636363636364]
 mean: 0.6503156565656566, std: 0.0884380245153955
F1 Score: [0.7046153846153846, 0.7408906882591093, 0.6267232237539766, 0.5151515151515151, 0.6, 0.6389743589743591, 0.6761133603238867, 0.6761133603238867, 0.7408906882591093, 0.8056680161943319, 0.4288461538461539, 0.6071428571428572, 0.5386766076421249, 0.5416666666666666, 0.6333333333333333]
 mean: 0.6316537476324463, std: 0.09541232566729584
Accuracy Intime: [0.9285714285714286, 0.8571428571428571, 0.8333333333333334, 0.5833333333333334, 0.75, 0.8571428571428571, 0.8571428571428571, 1.0, 0.5833333333333334, 0.5833333333333334, 0.9285714285714286, 0.9285714285714286, 0.8333333333333334, 0.6666666666666666, 0.8333333333333334]
 mean: 0.8015873015873016, std: 0.13261332428066935
F1 (Intime): [0.9251336898395721, 0.8444444444444444, 0.8125, 0.4957983193277311, 0.7333333333333334, 0.8541666666666667, 0.8444444444444444, 1.0, 0.5804195804195804, 0.5804195804195804, 0.9282051282051282, 0.9251336898395721, 0.8125, 0.625, 0.8285714285714285]
 mean: 0.7860046870340989, std: 0.14534283692370656
--------------------------------------------------
Subject Number: 21
Accuracy Cross: [0.375, 0.3125, 0.40625, 0.4375, 0.5, 0.5625, 0.40625, 0.34375, 0.5625, 0.46875, 0.40625, 0.375, 0.34375, 0.34375, 0.34375]
 mean: 0.4125, std: 0.07671646933134155
F1 Score: [0.375, 0.30158730158730157, 0.3764102564102564, 0.4375, 0.4817813765182186, 0.5555555555555556, 0.4009852216748768, 0.343108504398827, 0.5333333333333333, 0.45545545545545546, 0.3913913913913914, 0.36507936507936506, 0.3107692307692308, 0.3107692307692308, 0.32732732732732733]
 mean: 0.39773690335135803, std: 0.07731818258304944
Accuracy Intime: [0.5, 0.7142857142857143, 0.5833333333333334, 0.5, 0.5, 0.5, 0.5714285714285714, 0.5833333333333334, 0.5833333333333334, 0.5, 0.5, 0.5714285714285714, 0.6666666666666666, 0.5833333333333334, 0.75]
 mean: 0.5738095238095239, std: 0.07851128048899192
F1 (Intime): [0.49743589743589745, 0.7142857142857143, 0.4957983193277311, 0.3333333333333333, 0.4857142857142857, 0.49743589743589745, 0.5333333333333333, 0.3684210526315789, 0.4957983193277311, 0.4857142857142857, 0.49743589743589745, 0.5333333333333333, 0.625, 0.5804195804195804, 0.7482517482517483]
 mean: 0.5261140665320231, std: 0.10557356186469367
--------------------------------------------------
Subject Number: 22
Accuracy Cross: [0.59375, 0.65625, 0.78125, 0.625, 0.71875, 0.6060606060606061, 0.696969696969697, 0.6666666666666666, 0.5757575757575758, 0.6060606060606061, 0.75, 0.78125, 0.78125, 0.8125, 0.71875]
 mean: 0.6913510101010102, std: 0.07640933861010704
F1 Score: [0.5835835835835836, 0.6267232237539766, 0.7702564102564102, 0.5636363636363637, 0.681063122923588, 0.4849939975990396, 0.6413043478260869, 0.593505039193729, 0.4225, 0.4849939975990396, 0.7490196078431373, 0.7793103448275862, 0.7702564102564102, 0.7922077922077921, 0.694591728525981]
 mean: 0.6425297313355149, std: 0.11537697971858901
Accuracy Intime: [0.8571428571428571, 0.7857142857142857, 0.75, 0.6666666666666666, 0.5, 0.8571428571428571, 0.8571428571428571, 0.75, 0.5, 0.5, 0.7857142857142857, 0.8571428571428571, 0.8333333333333334, 0.6666666666666666, 0.5]
 mean: 0.711111111111111, std: 0.14062184180826964
F1 (Intime): [0.8444444444444444, 0.7754010695187166, 0.6210526315789473, 0.625, 0.3333333333333333, 0.8444444444444444, 0.8541666666666667, 0.6210526315789473, 0.3333333333333333, 0.3333333333333333, 0.7846153846153847, 0.8541666666666667, 0.7777777777777777, 0.625, 0.4375]
 mean: 0.6443081144861331, std: 0.1928019277585822
--------------------------------------------------
Subject Number: 23
Accuracy Cross: [0.7272727272727273, 0.696969696969697, 0.696969696969697, 0.6666666666666666, 0.8181818181818182, 0.53125, 0.625, 0.75, 0.78125, 0.6875, 0.696969696969697, 0.6363636363636364, 0.8181818181818182, 0.8181818181818182, 0.8484848484848485]
 mean: 0.7199494949494949, std: 0.08456566056226375
F1 Score: [0.7102439024390244, 0.6590909090909091, 0.6413043478260869, 0.593505039193729, 0.8035714285714286, 0.530791788856305, 0.6190476190476191, 0.7333333333333334, 0.7793103448275862, 0.6862745098039216, 0.6590909090909091, 0.5909090909090909, 0.8035714285714286, 0.8035714285714286, 0.8390243902439025]
 mean: 0.6968426980251137, std: 0.09102122117660263
Accuracy Intime: [0.7857142857142857, 0.9285714285714286, 0.8333333333333334, 0.5, 0.8333333333333334, 0.7857142857142857, 0.8571428571428571, 0.7857142857142857, 0.8333333333333334, 0.6666666666666666, 0.7857142857142857, 0.7857142857142857, 0.9166666666666666, 0.6666666666666666, 0.8333333333333334]
 mean: 0.7865079365079366, std: 0.10382578388262242
F1 (Intime): [0.7754010695187166, 0.9282051282051282, 0.8125, 0.3333333333333333, 0.8285714285714285, 0.7846153846153847, 0.8444444444444444, 0.7543859649122806, 0.8285714285714285, 0.625, 0.7543859649122806, 0.7754010695187166, 0.8991596638655461, 0.6571428571428571, 0.8333333333333334]
 mean: 0.7622967380629918, std: 0.13765672276335378
--------------------------------------------------
Subject Number: 24
Accuracy Cross: [0.46875, 0.46875, 0.46875, 0.5625, 0.5625, 0.53125, 0.5625, 0.5625, 0.625, 0.71875, 0.34375, 0.53125, 0.53125, 0.53125, 0.5]
 mean: 0.53125, std: 0.07987620630283672
F1 Score: [0.39756367663344405, 0.464039408866995, 0.464039408866995, 0.5333333333333333, 0.5607843137254902, 0.5076923076923077, 0.5625, 0.5465587044534412, 0.6235294117647059, 0.718475073313783, 0.343108504398827, 0.5270935960591133, 0.530791788856305, 0.5195195195195195, 0.4980392156862745]
 mean: 0.5198045508780357, std: 0.08477738364063728
Accuracy Intime: [0.6428571428571429, 0.6428571428571429, 0.5, 0.5, 0.3333333333333333, 0.5, 0.5714285714285714, 0.5, 0.8333333333333334, 0.5833333333333334, 0.6428571428571429, 0.7857142857142857, 0.5833333333333334, 0.75, 0.4166666666666667]
 mean: 0.5857142857142855, std: 0.13165037644281882
F1 (Intime): [0.5906432748538011, 0.625668449197861, 0.4375, 0.4857142857142857, 0.3142857142857143, 0.47593582887700536, 0.5625, 0.4857142857142857, 0.8285714285714285, 0.5804195804195804, 0.5906432748538011, 0.7846153846153847, 0.5555555555555556, 0.7482517482517483, 0.4125874125874126]
 mean: 0.5652404148998577, std: 0.13649384689344274
--------------------------------------------------
Subject Number: 25
Accuracy Cross: [0.45454545454545453, 0.48484848484848486, 0.5151515151515151, 0.48484848484848486, 0.5454545454545454, 0.53125, 0.59375, 0.53125, 0.65625, 0.65625, 0.65625, 0.625, 0.71875, 0.59375, 0.625]
 mean: 0.5781565656565656, std: 0.07530790366253402
F1 Score: [0.35434782608695653, 0.4771668219944082, 0.47619047619047616, 0.32653061224489793, 0.4994944388270981, 0.4684385382059801, 0.5134502923976608, 0.5076923076923077, 0.5883040935672514, 0.5883040935672514, 0.6532019704433498, 0.611336032388664, 0.694591728525981, 0.5134502923976608, 0.5844155844155844]
 mean: 0.5237943405963685, std: 0.09721898280378038
Accuracy Intime: [0.9285714285714286, 0.7857142857142857, 0.8333333333333334, 0.75, 0.75, 0.6428571428571429, 0.7142857142857143, 0.3333333333333333, 0.5833333333333334, 0.5833333333333334, 0.7142857142857143, 0.6428571428571429, 0.5, 0.5, 0.4166666666666667]
 mean: 0.6452380952380953, std: 0.1562625656323018
F1 (Intime): [0.9282051282051282, 0.7846153846153847, 0.7777777777777777, 0.7333333333333334, 0.7333333333333334, 0.5238095238095237, 0.6888888888888889, 0.3142857142857143, 0.4957983193277311, 0.4957983193277311, 0.6888888888888889, 0.5906432748538011, 0.3333333333333333, 0.3333333333333333, 0.37777777777777777]
 mean: 0.5866548220727789, std: 0.18671531120602292
--------------------------------------------------
Subject Number: 26
Accuracy Cross: [0.696969696969697, 0.6666666666666666, 0.7878787878787878, 0.8181818181818182, 0.8181818181818182, 0.78125, 0.71875, 0.75, 0.71875, 0.75, 0.90625, 0.6875, 0.8125, 0.90625, 0.78125]
 mean: 0.773358585858586, std: 0.06969050758726497
F1 Score: [0.6898496240601504, 0.6458536585365854, 0.7664307381193125, 0.8035714285714286, 0.8035714285714286, 0.7702564102564102, 0.718475073313783, 0.75, 0.681063122923588, 0.722943722943723, 0.9015384615384616, 0.6135265700483092, 0.7922077922077921, 0.9015384615384616, 0.751937984496124]
 mean: 0.7541842984750371, std: 0.07892536874895632
Accuracy Intime: [0.7857142857142857, 0.8571428571428571, 0.6666666666666666, 0.5, 0.8333333333333334, 0.9285714285714286, 0.9285714285714286, 0.9166666666666666, 0.6666666666666666, 0.9166666666666666, 0.9285714285714286, 0.7857142857142857, 0.5833333333333334, 0.8333333333333334, 0.75]
 mean: 0.7920634920634922, std: 0.13083448276187223
F1 (Intime): [0.7846153846153847, 0.8541666666666667, 0.5555555555555556, 0.3333333333333333, 0.8285714285714285, 0.9251336898395721, 0.9251336898395721, 0.8991596638655461, 0.625, 0.916083916083916, 0.9251336898395721, 0.7543859649122806, 0.4957983193277311, 0.8285714285714285, 0.7333333333333334]
 mean: 0.758931737623688, std: 0.17454844246093737
--------------------------------------------------
Subject Number: 27
Accuracy Cross: [0.6363636363636364, 0.6060606060606061, 0.48484848484848486, 0.5454545454545454, 0.5757575757575758, 0.3939393939393939, 0.42424242424242425, 0.5151515151515151, 0.6060606060606061, 0.5757575757575758, 0.5625, 0.5, 0.5, 0.53125, 0.65625]
 mean: 0.5409090909090909, std: 0.07131061182847254
F1 Score: [0.6192307692307693, 0.5814634146341464, 0.4771668219944082, 0.543778801843318, 0.5416666666666666, 0.37969924812030076, 0.3660262891809909, 0.5147058823529411, 0.5662285136501517, 0.49782608695652175, 0.5465587044534412, 0.4666666666666667, 0.4666666666666667, 0.5195195195195195, 0.6267232237539766]
 mean: 0.5142618183793657, std: 0.07295362644567695
Accuracy Intime: [0.7857142857142857, 0.7857142857142857, 0.8333333333333334, 0.5833333333333334, 0.6666666666666666, 0.8571428571428571, 0.8571428571428571, 0.5, 0.6666666666666666, 0.75, 0.8571428571428571, 0.7857142857142857, 0.5714285714285714, 0.75, 0.6666666666666666]
 mean: 0.7277777777777777, std: 0.10978804105263862
F1 (Intime): [0.7754010695187166, 0.7543859649122806, 0.7777777777777777, 0.4957983193277311, 0.6571428571428571, 0.8571428571428571, 0.8444444444444444, 0.4857142857142857, 0.625, 0.7482517482517483, 0.8541666666666667, 0.7754010695187166, 0.5625, 0.7482517482517483, 0.625]
 mean: 0.7057585872446553, std: 0.11929571537449805
--------------------------------------------------
Subject Number: 28
Accuracy Cross: [0.71875, 0.5, 0.59375, 0.5, 0.40625, 0.40625, 0.46875, 0.46875, 0.5625, 0.65625, 0.375, 0.375, 0.625, 0.59375, 0.40625]
 mean: 0.5104166666666666, std: 0.1056149321303048
F1 Score: [0.7046153846153846, 0.4817813765182186, 0.5901477832512315, 0.3816425120772947, 0.3764102564102564, 0.4009852216748768, 0.4231177094379639, 0.4420512820512821, 0.49090909090909085, 0.6389743589743591, 0.3333333333333333, 0.375, 0.6235294117647059, 0.5901477832512315, 0.4009852216748768]
 mean: 0.48357538172960707, std: 0.11273113190176054
Accuracy Intime: [0.7142857142857143, 0.6428571428571429, 0.6666666666666666, 0.6666666666666666, 0.6666666666666666, 0.5714285714285714, 0.7857142857142857, 0.75, 0.75, 0.8333333333333334, 0.7857142857142857, 0.7857142857142857, 0.75, 0.6666666666666666, 0.8333333333333334]
 mean: 0.7246031746031746, std: 0.0732398221908529
F1 (Intime): [0.7083333333333333, 0.641025641025641, 0.5555555555555556, 0.625, 0.6666666666666666, 0.5333333333333333, 0.7754010695187166, 0.6974789915966386, 0.7482517482517483, 0.8285714285714285, 0.7846153846153847, 0.7543859649122806, 0.7333333333333334, 0.6666666666666666, 0.8285714285714285]
 mean: 0.7031460363968105, std: 0.08648622005376999
--------------------------------------------------
Subject Number: 29
Accuracy Cross: [0.71875, 0.8125, 0.84375, 0.875, 0.75, 0.9375, 0.875, 0.9375, 0.9375, 0.96875, 0.9090909090909091, 0.9393939393939394, 0.9393939393939394, 1.0, 0.9090909090909091]
 mean: 0.8902146464646463, std: 0.07668113393395938
F1 Score: [0.6631578947368422, 0.7922077922077921, 0.8303287380699894, 0.8666666666666667, 0.7090909090909091, 0.9365079365079365, 0.8745098039215686, 0.9365079365079365, 0.9365079365079365, 0.967967967967968, 0.905982905982906, 0.9379699248120301, 0.9388888888888889, 1.0, 0.907735321528425]
 mean: 0.8802687082265197, std: 0.09187039272243734
Accuracy Intime: [1.0, 1.0, 1.0, 1.0, 1.0, 0.8571428571428571, 1.0, 1.0, 0.8333333333333334, 0.6666666666666666, 0.9285714285714286, 0.9285714285714286, 1.0, 1.0, 0.75]
 mean: 0.930952380952381, std: 0.10343678531504842
F1 (Intime): [1.0, 1.0, 1.0, 1.0, 1.0, 0.8541666666666667, 1.0, 1.0, 0.8285714285714285, 0.6571428571428571, 0.9282051282051282, 0.9282051282051282, 1.0, 1.0, 0.7482517482517483]
 mean: 0.9296361971361972, std: 0.10571229976051628
--------------------------------------------------
**************************************************
accuracy_cross_list: [0.8269570707070707, 0.6482954545454546, 0.500631313131313, 0.7232323232323233, 0.5854166666666667, 0.6005050505050505, 0.5375, 0.6666666666666666, 0.7583333333333333, 0.5546717171717171, 0.5737373737373738, 0.7113636363636364, 0.8232323232323232, 0.73125, 0.6208333333333333, 0.6125, 0.5409090909090909, 0.785479797979798, 0.5958333333333333, 0.6503156565656566, 0.4125, 0.6913510101010102, 0.7199494949494949, 0.53125, 0.5781565656565656, 0.773358585858586, 0.5409090909090909, 0.5104166666666666, 0.8902146464646463]
f1_score_list: [0.8199586456948827, 0.6364913858297571, 0.476200417257769, 0.7008784416567894, 0.5760168915845704, 0.5594976300216221, 0.5235816827025038, 0.6338837340455357, 0.7461400975679985, 0.5360395382008991, 0.5246973077948328, 0.6812168231741589, 0.8160540450341889, 0.70363776831311, 0.6056745138104153, 0.5857772241675328, 0.5142618183793657, 0.7767305540700689, 0.5379028349096295, 0.6316537476324463, 0.39773690335135803, 0.6425297313355149, 0.6968426980251137, 0.5198045508780357, 0.5237943405963685, 0.7541842984750371, 0.5142618183793657, 0.48357538172960707, 0.8802687082265197]
accuracy_intime_list: [0.8642857142857142, 0.6507936507936507, 0.5912698412698414, 0.7674603174603174, 0.7055555555555555, 0.7492063492063493, 0.6428571428571428, 0.6777777777777777, 0.8317460317460318, 0.7603174603174602, 0.5920634920634921, 0.7666666666666667, 0.7976190476190476, 0.7222222222222224, 0.7857142857142858, 0.7214285714285715, 0.7277777777777777, 0.8349206349206348, 0.780952380952381, 0.8015873015873016, 0.5738095238095239, 0.711111111111111, 0.7865079365079366, 0.5857142857142855, 0.6452380952380953, 0.7920634920634922, 0.7277777777777777, 0.7246031746031746, 0.930952380952381]
f1_score_intime_list: [0.855280002648424, 0.6282136926254575, 0.5641994824347766, 0.7423344400124586, 0.6845602219131631, 0.7273780347619357, 0.6180681309860876, 0.6471631916987955, 0.8228350407762172, 0.7346043819728031, 0.5539489652647548, 0.7310806616843768, 0.7824974369169415, 0.6817487961528209, 0.7755236315685233, 0.7075555158062898, 0.7057585872446553, 0.821999607146666, 0.7584929111709297, 0.7860046870340989, 0.5261140665320231, 0.6443081144861331, 0.7622967380629918, 0.5652404148998577, 0.5866548220727789, 0.758931737623688, 0.7057585872446553, 0.7031460363968105, 0.9296361971361972]
**************************************************
ACC: 64.47±11.25
F1: 62.07±11.72
Intime: 73.28±8.60
F1 (Intime): 70.73±9.47
