1e-03
Subject Number: 1
Accuracy Cross: [0.7023809523809523, 0.7142857142857143, 0.6547619047619048, 0.7261904761904762, 0.6428571428571429, 0.8214285714285714, 0.9166666666666666, 0.6666666666666666, 0.7738095238095238, 0.8214285714285714, 0.6309523809523809, 0.7261904761904762, 0.6785714285714286, 0.7619047619047619, 0.6428571428571429]
 mean: 0.7253968253968253, std: 0.07854336519833653
F1 Score: [0.6825396825396826, 0.6888888888888889, 0.6080450522928399, 0.7114264376400299, 0.5906432748538011, 0.8214032600992204, 0.9165602383993188, 0.6571428571428571, 0.7698630136986302, 0.8155467720685112, 0.5727645611156686, 0.7079365079365079, 0.6415362731152205, 0.7475961538461539, 0.5906432748538011]
 mean: 0.7015024165660755, std: 0.09540771800241744
Accuracy Intime: [0.9117647058823529, 0.8823529411764706, 0.9411764705882353, 0.9411764705882353, 0.96875, 0.7058823529411765, 0.7647058823529411, 0.8235294117647058, 0.8235294117647058, 0.96875, 0.8235294117647058, 0.7352941176470589, 0.8529411764705882, 0.9705882352941176, 0.9375]
 mean: 0.8700980392156862, std: 0.08530063221684595
F1 (Intime): [0.9116883116883117, 0.880701754385965, 0.9403508771929825, 0.9403508771929825, 0.9687194525904204, 0.7017543859649122, 0.7509157509157509, 0.8210526315789474, 0.8229166666666667, 0.9687194525904204, 0.8178571428571428, 0.7332170880557978, 0.8528138528138528, 0.970357454228422, 0.9375]
 mean: 0.8679277132481715, std: 0.08741837517599976
--------------------------------------------------
Subject Number: 2
Accuracy Cross: [0.7380952380952381, 0.9166666666666666, 0.8095238095238095, 0.8452380952380952, 0.7261904761904762, 0.9166666666666666, 0.9404761904761905, 0.8928571428571429, 0.8571428571428571, 0.9166666666666666, 0.8571428571428571, 0.9166666666666666, 0.8928571428571429, 0.8809523809523809, 0.8690476190476191]
 mean: 0.865079365079365, std: 0.06173154438930176
F1 Score: [0.71880706025563, 0.9165602383993188, 0.8040816326530613, 0.8414403949470016, 0.7039987743220468, 0.9165602383993188, 0.9402645427392974, 0.89272030651341, 0.8541666666666667, 0.9166548547129695, 0.8564102564102565, 0.9166548547129695, 0.89272030651341, 0.8808848553601816, 0.8681318681318682]
 mean: 0.8613371233824939, std: 0.06815025136030013
Accuracy Intime: [0.9705882352941176, 0.9705882352941176, 0.9705882352941176, 0.9705882352941176, 0.90625, 1.0, 0.9411764705882353, 0.9411764705882353, 0.9411764705882353, 0.84375, 0.9411764705882353, 0.9117647058823529, 0.9705882352941176, 0.9705882352941176, 0.90625]
 mean: 0.94375, std: 0.03772519847223231
F1 (Intime): [0.970357454228422, 0.9705627705627706, 0.970357454228422, 0.970357454228422, 0.9054187192118226, 1.0, 0.9409722222222222, 0.9403508771929825, 0.9409722222222222, 0.8435972629521017, 0.9411764705882353, 0.9098143236074271, 0.9705627705627706, 0.970357454228422, 0.906158357771261]
 mean: 0.9434010542538336, std: 0.037885916975877
--------------------------------------------------
Subject Number: 3
Accuracy Cross: [0.6190476190476191, 0.6071428571428571, 0.7142857142857143, 0.6785714285714286, 0.5238095238095238, 0.7261904761904762, 0.7142857142857143, 0.5833333333333334, 0.6785714285714286, 0.6309523809523809, 0.6190476190476191, 0.6071428571428571, 0.6071428571428571, 0.7142857142857143, 0.7023809523809523]
 mean: 0.6484126984126983, std: 0.05813729070416646
F1 Score: [0.5543766578249337, 0.5539823008849558, 0.7005347593582887, 0.6706838971976187, 0.3841642228739003, 0.723010752688172, 0.7136363636363636, 0.5176374077112387, 0.6679841897233202, 0.6309000708717222, 0.5543766578249337, 0.5354449472096531, 0.5354449472096531, 0.7141236528644356, 0.6734566941377702]
 mean: 0.6086505014677973, std: 0.09451864251598542
Accuracy Intime: [0.7941176470588235, 0.8823529411764706, 0.7941176470588235, 0.7647058823529411, 0.71875, 0.7941176470588235, 0.6176470588235294, 0.7352941176470589, 0.7647058823529411, 0.84375, 0.7941176470588235, 0.7647058823529411, 0.8235294117647058, 0.7352941176470589, 0.71875]
 mean: 0.7697303921568628, std: 0.060117008329620414
F1 (Intime): [0.7786046511627907, 0.8823529411764706, 0.793939393939394, 0.7614035087719297, 0.694591728525981, 0.793939393939394, 0.6007226738934056, 0.7332170880557978, 0.7614035087719297, 0.8423645320197044, 0.7925021795989537, 0.7647058823529411, 0.8210526315789474, 0.7294429708222812, 0.7117117117117118]
 mean: 0.7641303197547755, std: 0.06459534940947541
--------------------------------------------------
Subject Number: 4
Accuracy Cross: [0.7976190476190477, 0.7738095238095238, 0.7380952380952381, 0.7142857142857143, 0.7619047619047619, 0.7976190476190477, 0.8333333333333334, 0.8452380952380952, 0.7380952380952381, 0.6785714285714286, 0.8333333333333334, 0.8452380952380952, 0.8214285714285714, 0.8333333333333334, 0.8571428571428571]
 mean: 0.7912698412698413, std: 0.05285976446141813
F1 Score: [0.7962037962037962, 0.7722277722277722, 0.7343300747556067, 0.7128205128205127, 0.7475961538461539, 0.7952688172043011, 0.8298611111111112, 0.8434408602150538, 0.7282352941176471, 0.6612397311426438, 0.8324786324786324, 0.8414403949470016, 0.8212005108556832, 0.8318077803203661, 0.8570618264322178]
 mean: 0.7870142179119001, std: 0.05633849779323933
Accuracy Intime: [0.9117647058823529, 0.8235294117647058, 0.8235294117647058, 0.9705882352941176, 0.90625, 0.9117647058823529, 0.8823529411764706, 0.7941176470588235, 0.9411764705882353, 0.875, 0.7941176470588235, 0.8235294117647058, 0.8823529411764706, 0.8235294117647058, 0.75]
 mean: 0.8609068627450982, std: 0.05979462922021708
F1 (Intime): [0.9116883116883117, 0.8131868131868132, 0.8210526315789474, 0.9705627705627706, 0.9054187192118226, 0.9110723626852659, 0.880701754385965, 0.7786046511627907, 0.9409722222222222, 0.8745098039215686, 0.793939393939394, 0.8210526315789474, 0.8819444444444444, 0.8229166666666667, 0.746031746031746]
 mean: 0.8582436615511784, std: 0.06206252339603174
--------------------------------------------------
Subject Number: 5
Accuracy Cross: [0.8214285714285714, 0.9166666666666666, 0.8928571428571429, 0.7261904761904762, 0.7857142857142857, 0.7023809523809523, 0.8571428571428571, 0.8690476190476191, 0.8690476190476191, 0.8809523809523809, 0.6904761904761905, 0.8095238095238095, 0.8809523809523809, 0.9047619047619048, 0.7976190476190477]
 mean: 0.826984126984127, std: 0.071145824860365
F1 Score: [0.8170466095542326, 0.9166548547129695, 0.89272030651341, 0.7114264376400299, 0.7754010695187166, 0.6734566941377702, 0.8570618264322178, 0.8685819940264543, 0.8681318681318682, 0.879862700228833, 0.6676810712111991, 0.8040816326530613, 0.8803418803418803, 0.9047078842881452, 0.7973605789697744]
 mean: 0.8209678272240375, std: 0.079286346202887
Accuracy Intime: [0.9117647058823529, 0.9411764705882353, 0.9117647058823529, 1.0, 0.96875, 0.9117647058823529, 0.9117647058823529, 0.8823529411764706, 0.8823529411764706, 0.84375, 0.9411764705882353, 0.9117647058823529, 0.9411764705882353, 0.8529411764705882, 0.90625]
 mean: 0.9145833333333334, std: 0.03945926193628955
F1 (Intime): [0.9116883116883117, 0.9403508771929825, 0.9098143236074271, 1.0, 0.9687194525904204, 0.9116883116883117, 0.9116883116883117, 0.8819444444444444, 0.8819444444444444, 0.8435972629521017, 0.9411764705882353, 0.9116883116883117, 0.9411764705882353, 0.8496905393457117, 0.9054187192118226]
 mean: 0.914039083447938, std: 0.039851046569966735
--------------------------------------------------
Subject Number: 6
Accuracy Cross: [0.6904761904761905, 0.7619047619047619, 0.6190476190476191, 0.6428571428571429, 0.7023809523809523, 0.6428571428571429, 0.7738095238095238, 0.5952380952380952, 0.6666666666666666, 0.6547619047619048, 0.6666666666666666, 0.7023809523809523, 0.7261904761904762, 0.7142857142857143, 0.6309523809523809]
 mean: 0.6793650793650794, std: 0.04965235657021285
F1 Score: [0.6840277777777777, 0.7619047619047619, 0.6135710178263369, 0.641025641025641, 0.6989247311827957, 0.6426545660805445, 0.7663592446201142, 0.5757575757575757, 0.6571428571428571, 0.654320987654321, 0.6597222222222223, 0.702338766832034, 0.7258407833120477, 0.7136363636363636, 0.6309000708717222]
 mean: 0.6752084911898076, std: 0.05172035632015274
Accuracy Intime: [0.8823529411764706, 0.8235294117647058, 0.7941176470588235, 0.7352941176470589, 0.78125, 0.7941176470588235, 0.8235294117647058, 0.6470588235294118, 0.7647058823529411, 0.8125, 0.7058823529411765, 0.6764705882352942, 0.5882352941176471, 0.6764705882352942, 0.84375]
 mean: 0.7566176470588234, std: 0.07966383830694257
F1 (Intime): [0.880701754385965, 0.8210526315789474, 0.7895667550839964, 0.7235772357723578, 0.7810361681329423, 0.7925021795989537, 0.8178571428571428, 0.6458333333333333, 0.7638888888888888, 0.8056680161943319, 0.7017543859649122, 0.6693191865605659, 0.5492424242424242, 0.6739319965126417, 0.8435972629521017]
 mean: 0.750635290803967, std: 0.08547642255908564
--------------------------------------------------
Subject Number: 7
Accuracy Cross: [0.6190476190476191, 0.6309523809523809, 0.6547619047619048, 0.6071428571428571, 0.6309523809523809, 0.7142857142857143, 0.7619047619047619, 0.6547619047619048, 0.6666666666666666, 0.6666666666666666, 0.6428571428571429, 0.6785714285714286, 0.6904761904761905, 0.6547619047619048, 0.6309523809523809]
 mean: 0.6603174603174604, std: 0.03835887610664943
F1 Score: [0.5714285714285714, 0.595086300730835, 0.653534347887925, 0.5452009844134537, 0.595086300730835, 0.7128205128205127, 0.7597254004576659, 0.653534347887925, 0.6618746405980449, 0.6421180766889836, 0.6428571428571429, 0.6571428571428571, 0.6860264519838988, 0.654320987654321, 0.6309000708717222]
 mean: 0.6441104662769797, std: 0.05206704161323122
Accuracy Intime: [0.7352941176470589, 0.7352941176470589, 0.7058823529411765, 0.7941176470588235, 0.71875, 0.6176470588235294, 0.7058823529411765, 0.6176470588235294, 0.6470588235294118, 0.6875, 0.6764705882352942, 0.6764705882352942, 0.6470588235294118, 0.7058823529411765, 0.84375]
 mean: 0.7009803921568627, std: 0.059378762350697854
F1 (Intime): [0.7153488372093023, 0.7332170880557978, 0.6886446886446886, 0.7925021795989537, 0.7117117117117118, 0.6173160173160173, 0.7048611111111112, 0.6146469049694856, 0.6136363636363636, 0.6761133603238867, 0.6761904761904762, 0.6386473429951691, 0.6421052631578947, 0.7048611111111112, 0.8423645320197044]
 mean: 0.691477799203445, std: 0.06283370009163745
--------------------------------------------------
Subject Number: 8
Accuracy Cross: [0.7142857142857143, 0.8452380952380952, 0.8571428571428571, 0.8333333333333334, 0.8214285714285714, 0.8928571428571429, 0.8452380952380952, 0.9523809523809523, 0.9047619047619048, 0.8809523809523809, 0.9166666666666666, 0.7738095238095238, 0.8333333333333334, 0.9285714285714286, 0.9285714285714286]
 mean: 0.861904761904762, std: 0.0614451804788759
F1 Score: [0.7116704805491991, 0.8446878111221732, 0.8558352402745995, 0.8318077803203661, 0.8212005108556832, 0.8924761769307352, 0.8434408602150538, 0.9523539421440725, 0.9047078842881452, 0.8809523809523809, 0.9165602383993188, 0.7641495492832866, 0.8298611111111112, 0.928409090909091, 0.9285309132161089]
 mean: 0.8604429313714217, std: 0.06299083549735263
Accuracy Intime: [0.9705882352941176, 1.0, 1.0, 0.9705882352941176, 0.96875, 0.9411764705882353, 0.9117647058823529, 0.8823529411764706, 0.8235294117647058, 0.96875, 0.9117647058823529, 0.9411764705882353, 0.9411764705882353, 0.8529411764705882, 1.0]
 mean: 0.9389705882352942, std: 0.05188123998406108
F1 (Intime): [0.9705627705627706, 1.0, 1.0, 0.9705627705627706, 0.9687194525904204, 0.9409722222222222, 0.9110723626852659, 0.8819444444444444, 0.8229166666666667, 0.9687194525904204, 0.9116883116883117, 0.9411764705882353, 0.9411764705882353, 0.85178727114211, 1.0]
 mean: 0.9387532444221249, std: 0.05215168715503016
--------------------------------------------------
Subject Number: 9
Accuracy Cross: [0.7142857142857143, 0.6904761904761905, 0.8333333333333334, 0.6309523809523809, 0.7023809523809523, 0.8928571428571429, 0.7619047619047619, 0.8571428571428571, 0.7976190476190477, 0.8928571428571429, 0.6904761904761905, 0.7738095238095238, 0.6309523809523809, 0.7380952380952381, 0.8095238095238095]
 mean: 0.7611111111111112, std: 0.0828747776648039
F1 Score: [0.6888888888888889, 0.6904761904761905, 0.8332387975042541, 0.5810136765888978, 0.6825396825396826, 0.8928419560595322, 0.7475961538461539, 0.8564102564102565, 0.7926528241614637, 0.8924761769307352, 0.6576802507836991, 0.761613144137416, 0.5727645611156686, 0.7223557692307692, 0.8055555555555556]
 mean: 0.7452069256152777, std: 0.09823146574197003
Accuracy Intime: [0.9411764705882353, 0.7941176470588235, 0.8529411764705882, 0.8529411764705882, 0.875, 0.8823529411764706, 0.8823529411764706, 0.8235294117647058, 0.9705882352941176, 0.90625, 0.9411764705882353, 0.9705882352941176, 0.9705882352941176, 1.0, 0.96875]
 mean: 0.9088235294117647, std: 0.06037252792477455
F1 (Intime): [0.9411764705882353, 0.7925021795989537, 0.8496905393457117, 0.85178727114211, 0.8745098039215686, 0.8819444444444444, 0.8785714285714286, 0.8235294117647058, 0.970357454228422, 0.9054187192118226, 0.9411764705882353, 0.9705627705627706, 0.970357454228422, 1.0, 0.9687194525904204]
 mean: 0.9080202580524833, std: 0.06096517396120038
--------------------------------------------------
Subject Number: 10
Accuracy Cross: [0.6547619047619048, 0.6666666666666666, 0.7261904761904762, 0.6904761904761905, 0.6904761904761905, 0.6547619047619048, 0.6071428571428571, 0.6904761904761905, 0.6547619047619048, 0.6428571428571429, 0.75, 0.6547619047619048, 0.75, 0.7976190476190477, 0.6190476190476191]
 mean: 0.6833333333333333, std: 0.05102872192278892
F1 Score: [0.654320987654321, 0.6597222222222223, 0.7194714679831566, 0.6904761904761905, 0.671875, 0.6547129695251594, 0.6057459820793628, 0.6755793226381461, 0.6547129695251594, 0.6326530612244898, 0.7496807151979565, 0.654320987654321, 0.7499645641389086, 0.7975903614457831, 0.6170940170940171]
 mean: 0.6791947212572796, std: 0.0516674930583911
Accuracy Intime: [0.9411764705882353, 0.7941176470588235, 0.7058823529411765, 0.7352941176470589, 0.6875, 0.9705882352941176, 0.8235294117647058, 0.7647058823529411, 0.7941176470588235, 0.75, 0.7352941176470589, 0.5, 0.6764705882352942, 0.7058823529411765, 0.5625]
 mean: 0.7431372549019607, std: 0.11699317878885877
F1 (Intime): [0.9403508771929825, 0.7850045167118338, 0.6964285714285714, 0.7350649350649351, 0.6862745098039216, 0.970357454228422, 0.8235294117647058, 0.7614035087719297, 0.7925021795989537, 0.7490196078431373, 0.7350649350649351, 0.37916219119226635, 0.6761904761904762, 0.7048611111111112, 0.5625]
 mean: 0.7331809523978786, std: 0.1358077635509243
--------------------------------------------------
Subject Number: 11
Accuracy Cross: [0.7142857142857143, 0.7023809523809523, 0.5833333333333334, 0.6547619047619048, 0.6904761904761905, 0.8452380952380952, 0.6904761904761905, 0.7857142857142857, 0.8452380952380952, 0.8214285714285714, 0.7380952380952381, 0.7619047619047619, 0.8214285714285714, 0.8928571428571429, 0.7738095238095238]
 mean: 0.7547619047619046, std: 0.08083558334292847
F1 Score: [0.7101782633697526, 0.702338766832034, 0.5353247984826932, 0.6462901118048496, 0.671875, 0.8452161587526577, 0.6788235294117647, 0.7855927396483267, 0.8425378514780101, 0.8212005108556832, 0.7375, 0.761769710720363, 0.8170466095542326, 0.89272030651341, 0.7735206470838655]
 mean: 0.7481290003005097, std: 0.08999766674116166
Accuracy Intime: [0.9705882352941176, 0.8529411764705882, 0.9117647058823529, 0.8823529411764706, 0.84375, 0.8235294117647058, 0.7941176470588235, 0.8823529411764706, 0.8823529411764706, 0.875, 0.6764705882352942, 0.6764705882352942, 0.7941176470588235, 0.8235294117647058, 0.75]
 mean: 0.8292892156862746, std: 0.0789966988029301
F1 (Intime): [0.970357454228422, 0.8528138528138528, 0.9098143236074271, 0.8785714285714286, 0.8423645320197044, 0.8131868131868132, 0.7786046511627907, 0.8819444444444444, 0.8819444444444444, 0.873015873015873, 0.6739319965126417, 0.6761904761904762, 0.7925021795989537, 0.8229166666666667, 0.7408906882591093]
 mean: 0.8259366549815363, std: 0.08018217541677188
--------------------------------------------------
Subject Number: 12
Accuracy Cross: [0.9047619047619048, 0.7738095238095238, 0.8928571428571429, 0.7857142857142857, 0.7380952380952381, 0.6666666666666666, 0.7261904761904762, 0.7261904761904762, 0.7380952380952381, 0.7380952380952381, 0.7738095238095238, 0.7142857142857143, 0.8690476190476191, 0.6904761904761905, 0.8571428571428571]
 mean: 0.7730158730158728, std: 0.07201697680651217
F1 Score: [0.9045454545454545, 0.761613144137416, 0.8916129032258064, 0.7754010695187166, 0.7379466817923993, 0.6506238859180036, 0.7079365079365079, 0.7079365079365079, 0.7326388888888888, 0.7223557692307692, 0.7641495492832866, 0.6888888888888889, 0.8685819940264543, 0.6576802507836991, 0.8558352402745995]
 mean: 0.7618497824258266, std: 0.07956465431445779
Accuracy Intime: [0.8823529411764706, 0.8235294117647058, 0.8235294117647058, 0.7352941176470589, 0.96875, 0.9705882352941176, 0.9411764705882353, 1.0, 0.8529411764705882, 0.9375, 0.9117647058823529, 0.9117647058823529, 0.8529411764705882, 0.7352941176470589, 0.90625]
 mean: 0.883578431372549, std: 0.0773623142883485
F1 (Intime): [0.8819444444444444, 0.8210526315789474, 0.8229166666666667, 0.7350649350649351, 0.9687194525904204, 0.9705627705627706, 0.9411764705882353, 1.0, 0.85178727114211, 0.9372549019607843, 0.9116883116883117, 0.9098143236074271, 0.85178727114211, 0.7332170880557978, 0.9054187192118226]
 mean: 0.8828270172203188, std: 0.07780021739088425
--------------------------------------------------
Subject Number: 13
Accuracy Cross: [0.7142857142857143, 0.7023809523809523, 0.7142857142857143, 0.7619047619047619, 0.7142857142857143, 0.6904761904761905, 0.75, 0.7142857142857143, 0.75, 0.7619047619047619, 0.7380952380952381, 0.8333333333333334, 0.7023809523809523, 0.8333333333333334, 0.7619047619047619]
 mean: 0.7428571428571431, std: 0.042324735320550436
F1 Score: [0.7136363636363636, 0.7002997002997002, 0.7061224489795919, 0.7606837606837606, 0.7141236528644356, 0.6876430205949657, 0.7470967741935484, 0.7141236528644356, 0.7470967741935484, 0.761769710720363, 0.71880706025563, 0.8333333333333334, 0.6971881759192502, 0.8324786324786324, 0.7529411764705882]
 mean: 0.7391562824992097, std: 0.04336198945127859
Accuracy Intime: [0.9705882352941176, 0.8235294117647058, 0.7941176470588235, 0.8823529411764706, 0.84375, 0.9411764705882353, 1.0, 0.8823529411764706, 0.7941176470588235, 0.875, 0.8823529411764706, 0.7352941176470589, 0.7647058823529411, 0.7352941176470589, 0.65625]
 mean: 0.8387254901960782, std: 0.09140661839594594
F1 (Intime): [0.970357454228422, 0.8229166666666667, 0.793939393939394, 0.880701754385965, 0.8423645320197044, 0.9409722222222222, 1.0, 0.8819444444444444, 0.793939393939394, 0.875, 0.8819444444444444, 0.7332170880557978, 0.7647058823529411, 0.7235772357723578, 0.6389743589743591]
 mean: 0.8363036580964075, std: 0.09471422631526367
--------------------------------------------------
Subject Number: 14
Accuracy Cross: [0.8333333333333334, 0.7380952380952381, 0.7857142857142857, 0.8095238095238095, 0.8214285714285714, 0.9404761904761905, 0.8809523809523809, 0.9404761904761905, 0.9047619047619048, 0.8095238095238095, 0.8333333333333334, 0.7976190476190477, 0.8095238095238095, 0.7976190476190477, 0.7857142857142857]
 mean: 0.8325396825396827, std: 0.05675574342470197
F1 Score: [0.8298611111111112, 0.7254901960784313, 0.7776470588235294, 0.8094157685762904, 0.8155467720685112, 0.9404001702852277, 0.8803418803418803, 0.9404677533664068, 0.9045454545454545, 0.8090909090909091, 0.8285714285714285, 0.7889759125166248, 0.8095238095238095, 0.7975903614457831, 0.7795918367346939]
 mean: 0.8291373615386728, std: 0.05938579713853984
Accuracy Intime: [0.8823529411764706, 0.8529411764705882, 0.9411764705882353, 0.8823529411764706, 0.84375, 0.9705882352941176, 0.9117647058823529, 0.9705882352941176, 0.9705882352941176, 0.90625, 0.8823529411764706, 1.0, 0.9705882352941176, 0.9411764705882353, 0.96875]
 mean: 0.9263480392156863, std: 0.04769723715417366
F1 (Intime): [0.880701754385965, 0.8528138528138528, 0.9409722222222222, 0.8823529411764706, 0.8435972629521017, 0.970357454228422, 0.9116883116883117, 0.9705627705627706, 0.970357454228422, 0.9054187192118226, 0.8823529411764706, 1.0, 0.970357454228422, 0.9411764705882353, 0.9687194525904204]
 mean: 0.9260952708035941, std: 0.04780571739473623
--------------------------------------------------
**************************************************
accuracy_cross_list: [0.7253968253968253, 0.865079365079365, 0.6484126984126983, 0.7912698412698413, 0.826984126984127, 0.6793650793650794, 0.6603174603174604, 0.861904761904762, 0.7611111111111112, 0.6833333333333333, 0.7547619047619046, 0.7730158730158728, 0.7428571428571431, 0.8325396825396827]
f1_score_list: [0.7015024165660755, 0.8613371233824939, 0.6086505014677973, 0.7870142179119001, 0.8209678272240375, 0.6752084911898076, 0.6441104662769797, 0.8604429313714217, 0.7452069256152777, 0.6791947212572796, 0.7481290003005097, 0.7618497824258266, 0.7391562824992097, 0.8291373615386728]
accuracy_intime_list: [0.8700980392156862, 0.94375, 0.7697303921568628, 0.8609068627450982, 0.9145833333333334, 0.7566176470588234, 0.7009803921568627, 0.9389705882352942, 0.9088235294117647, 0.7431372549019607, 0.8292892156862746, 0.883578431372549, 0.8387254901960782, 0.9263480392156863]
f1_score_intime_list: [0.8679277132481715, 0.9434010542538336, 0.7641303197547755, 0.8582436615511784, 0.914039083447938, 0.750635290803967, 0.691477799203445, 0.9387532444221249, 0.9080202580524833, 0.7331809523978786, 0.8259366549815363, 0.8828270172203188, 0.8363036580964075, 0.9260952708035941]
**************************************************
ACC: 75.76±7.00
F1: 74.73±7.63
Intime: 84.90±7.61
F1 (Intime): 84.58±7.92
