1e-03
Subject Number: 1
Accuracy Cross: [0.71875, 0.90625, 1.0, 0.8125, 0.84375, 0.8181818181818182, 0.8181818181818182, 0.9393939393939394, 0.8787878787878788, 0.8787878787878788, 0.9375, 0.9375, 0.875, 0.90625, 0.96875]
 mean: 0.882638888888889, std: 0.0698728178910272
F1 Score: [0.6631578947368422, 0.906158357771261, 1.0, 0.7922077922077921, 0.8303287380699894, 0.8035714285714286, 0.8035714285714286, 0.9379699248120301, 0.8730769230769231, 0.8730769230769231, 0.9372549019607843, 0.9365079365079365, 0.875, 0.9015384615384616, 0.9684729064039409]
 mean: 0.8734595744870494, std: 0.08228586805791611
Accuracy Intime: [1.0, 1.0, 1.0, 0.8333333333333334, 0.9166666666666666, 1.0, 1.0, 1.0, 0.9166666666666666, 1.0, 1.0, 1.0, 1.0, 0.75, 1.0]
 mean: 0.961111111111111, std: 0.07370277311900889
F1 (Intime): [1.0, 1.0, 1.0, 0.8285714285714285, 0.916083916083916, 1.0, 1.0, 1.0, 0.916083916083916, 1.0, 1.0, 1.0, 1.0, 0.7333333333333334, 1.0]
 mean: 0.9596048396048396, std: 0.07750533303909411
--------------------------------------------------
Subject Number: 2
Accuracy Cross: [0.696969696969697, 0.6666666666666666, 0.7878787878787878, 0.7272727272727273, 0.7272727272727273, 0.5625, 0.65625, 0.625, 0.84375, 0.71875, 0.8181818181818182, 0.696969696969697, 0.8181818181818182, 0.9090909090909091, 0.6363636363636364]
 mean: 0.7260732323232323, std: 0.09066641290319014
F1 Score: [0.6944444444444444, 0.6552706552706553, 0.7870967741935484, 0.6996966632962589, 0.6857142857142857, 0.5555555555555556, 0.6476476476476476, 0.611336032388664, 0.8435972629521017, 0.6631578947368422, 0.8180147058823529, 0.6590909090909091, 0.8096153846153846, 0.907735321528425, 0.6360294117647058]
 mean: 0.7116001966054522, std: 0.09525742978697385
Accuracy Intime: [1.0, 0.9285714285714286, 1.0, 0.6666666666666666, 0.6666666666666666, 0.7142857142857143, 1.0, 0.7857142857142857, 0.9166666666666666, 0.5, 0.9285714285714286, 0.8571428571428571, 0.9166666666666666, 0.8333333333333334, 0.6666666666666666]
 mean: 0.8253968253968254, std: 0.14739272632065267
F1 (Intime): [1.0, 0.9282051282051282, 1.0, 0.6571428571428571, 0.625, 0.65, 1.0, 0.7846153846153847, 0.916083916083916, 0.3333333333333333, 0.9251336898395721, 0.8541666666666667, 0.8991596638655461, 0.8285714285714285, 0.625]
 mean: 0.8017608045549222, std: 0.1828076557467005
--------------------------------------------------
Subject Number: 3
Accuracy Cross: [0.5625, 0.5625, 0.5625, 0.53125, 0.5625, 0.5151515151515151, 0.5757575757575758, 0.5757575757575758, 0.7575757575757576, 0.5454545454545454, 0.6060606060606061, 0.5757575757575758, 0.48484848484848486, 0.5151515151515151, 0.45454545454545453]
 mean: 0.5591540404040406, std: 0.06519010436149482
F1 Score: [0.5465587044534412, 0.45893719806763283, 0.5625, 0.43859649122807015, 0.5555555555555556, 0.45454545454545453, 0.5557692307692308, 0.49782608695652175, 0.7272727272727273, 0.4057623049219688, 0.5814634146341464, 0.5227272727272727, 0.4327603640040445, 0.4260869565217391, 0.4540441176470588]
 mean: 0.5080270586203243, std: 0.08108192289616464
Accuracy Intime: [0.6428571428571429, 0.6428571428571429, 0.7857142857142857, 0.8333333333333334, 0.6666666666666666, 0.5714285714285714, 0.6428571428571429, 0.8333333333333334, 0.6666666666666666, 0.5, 0.7142857142857143, 0.7142857142857143, 0.75, 0.8333333333333334, 0.8333333333333334]
 mean: 0.7087301587301589, std: 0.09958973538626294
F1 (Intime): [0.625668449197861, 0.625668449197861, 0.7754010695187166, 0.8333333333333334, 0.625, 0.36363636363636365, 0.5906432748538011, 0.8285714285714285, 0.625, 0.3333333333333333, 0.6888888888888889, 0.65, 0.6210526315789473, 0.8285714285714285, 0.8285714285714285]
 mean: 0.6562226719502263, std: 0.14944529775948664
--------------------------------------------------
Subject Number: 4
Accuracy Cross: [0.8181818181818182, 0.9090909090909091, 0.8484848484848485, 0.9090909090909091, 0.7272727272727273, 0.9393939393939394, 0.8484848484848485, 0.7575757575757576, 0.8484848484848485, 0.9393939393939394, 0.7272727272727273, 0.9090909090909091, 0.7575757575757576, 0.5757575757575758, 0.7272727272727273]
 mean: 0.8161616161616162, std: 0.09925752320434947
F1 Score: [0.8035714285714286, 0.905982905982906, 0.8433048433048433, 0.905982905982906, 0.6857142857142857, 0.9388888888888889, 0.847926267281106, 0.7272727272727273, 0.8390243902439025, 0.9379699248120301, 0.7262672811059908, 0.9087557603686636, 0.7272727272727273, 0.5227272727272727, 0.723205964585275]
 mean: 0.8029245049409969, std: 0.11256160842796013
Accuracy Intime: [0.8571428571428571, 1.0, 0.8571428571428571, 0.8333333333333334, 0.8333333333333334, 0.9285714285714286, 0.9285714285714286, 0.7857142857142857, 0.75, 0.8333333333333334, 1.0, 1.0, 1.0, 0.9166666666666666, 0.9166666666666666]
 mean: 0.896031746031746, std: 0.07938095079396817
F1 (Intime): [0.8444444444444444, 1.0, 0.8571428571428571, 0.8285714285714285, 0.8285714285714285, 0.9282051282051282, 0.9251336898395721, 0.7543859649122806, 0.7482517482517483, 0.8285714285714285, 1.0, 1.0, 1.0, 0.916083916083916, 0.916083916083916]
 mean: 0.8916963967118767, std: 0.08381353309214941
--------------------------------------------------
Subject Number: 5
Accuracy Cross: [0.5, 0.71875, 0.65625, 0.6875, 0.6875, 0.53125, 0.4375, 0.71875, 0.6875, 0.65625, 0.40625, 0.59375, 0.53125, 0.75, 0.46875]
 mean: 0.6020833333333333, std: 0.10972661735219745
F1 Score: [0.4181818181818182, 0.718475073313783, 0.6532019704433498, 0.6666666666666667, 0.6761133603238867, 0.4684385382059801, 0.4, 0.7046153846153846, 0.6761133603238867, 0.6476476476476476, 0.28888888888888886, 0.5835835835835836, 0.5076923076923077, 0.7408906882591093, 0.39756367663344405]
 mean: 0.5698715309853158, std: 0.1388701514499793
Accuracy Intime: [0.8571428571428571, 0.9285714285714286, 1.0, 0.6666666666666666, 0.8333333333333334, 0.8571428571428571, 0.9285714285714286, 0.9166666666666666, 0.5, 0.6666666666666666, 1.0, 1.0, 0.9166666666666666, 0.6666666666666666, 0.6666666666666666]
 mean: 0.8269841269841268, std: 0.15013641231509117
F1 (Intime): [0.8541666666666667, 0.9282051282051282, 1.0, 0.6571428571428571, 0.8285714285714285, 0.8571428571428571, 0.9282051282051282, 0.9111111111111111, 0.4375, 0.6571428571428571, 1.0, 1.0, 0.8991596638655461, 0.6571428571428571, 0.625]
 mean: 0.8160327036797625, std: 0.16359851551159663
--------------------------------------------------
Subject Number: 6
Accuracy Cross: [0.84375, 0.6875, 0.8125, 0.59375, 0.78125, 0.5757575757575758, 0.6363636363636364, 0.6666666666666666, 0.6666666666666666, 0.696969696969697, 0.6363636363636364, 0.5454545454545454, 0.7272727272727273, 0.8181818181818182, 0.8181818181818182]
 mean: 0.7004419191919192, std: 0.09298494504542938
F1 Score: [0.8358974358974359, 0.6862745098039216, 0.7922077922077921, 0.5733333333333333, 0.7702564102564102, 0.5227272727272727, 0.5416666666666666, 0.6158730158730159, 0.6329625884732053, 0.6726190476190477, 0.6192307692307693, 0.5299145299145299, 0.6857142857142857, 0.8096153846153846, 0.8035714285714286]
 mean: 0.6727909647269665, std: 0.10464216751362533
Accuracy Intime: [0.9285714285714286, 0.9285714285714286, 1.0, 0.75, 1.0, 1.0, 0.9285714285714286, 1.0, 0.6666666666666666, 0.6666666666666666, 1.0, 1.0, 0.75, 0.6666666666666666, 0.75]
 mean: 0.869047619047619, std: 0.13636020060263193
F1 (Intime): [0.9251336898395721, 0.9251336898395721, 1.0, 0.7333333333333334, 1.0, 1.0, 0.9251336898395721, 1.0, 0.6571428571428571, 0.6571428571428571, 1.0, 1.0, 0.7482517482517483, 0.6571428571428571, 0.7333333333333334]
 mean: 0.8641165370577134, std: 0.14097343162887327
--------------------------------------------------
Subject Number: 7
Accuracy Cross: [0.5, 0.78125, 0.46875, 0.65625, 0.75, 0.46875, 0.5625, 0.65625, 0.71875, 0.8125, 0.6875, 0.4375, 0.59375, 0.6875, 0.75]
 mean: 0.6354166666666666, std: 0.1189508535301683
F1 Score: [0.4817813765182186, 0.7624602332979851, 0.45545545545545546, 0.6101882613510521, 0.7090909090909091, 0.4231177094379639, 0.45893719806763283, 0.5594493116395495, 0.681063122923588, 0.8, 0.6536796536796536, 0.4, 0.5933528836754643, 0.6862745098039216, 0.7408906882591093]
 mean: 0.6010494208800334, std: 0.1272454366003971
Accuracy Intime: [0.7142857142857143, 0.7142857142857143, 0.6666666666666666, 0.5833333333333334, 0.5833333333333334, 0.7142857142857143, 0.7857142857142857, 1.0, 0.6666666666666666, 0.6666666666666666, 0.7857142857142857, 0.7142857142857143, 0.9166666666666666, 0.5833333333333334, 0.5833333333333334]
 mean: 0.7119047619047619, std: 0.11778697606660334
F1 (Intime): [0.65, 0.7142857142857143, 0.5555555555555556, 0.4957983193277311, 0.5804195804195804, 0.65, 0.7543859649122806, 1.0, 0.625, 0.6666666666666666, 0.7543859649122806, 0.65, 0.9111111111111111, 0.5555555555555556, 0.4957983193277311]
 mean: 0.6705975168049473, std: 0.13696245097451523
--------------------------------------------------
Subject Number: 8
Accuracy Cross: [0.75, 0.75, 0.84375, 0.90625, 0.875, 1.0, 0.96875, 0.96875, 0.84375, 1.0, 0.75, 0.8125, 0.90625, 0.90625, 0.90625]
 mean: 0.8791666666666667, std: 0.08374896350934076
F1 Score: [0.7090909090909091, 0.7408906882591093, 0.8435972629521017, 0.9015384615384616, 0.8745098039215686, 1.0, 0.9684729064039409, 0.9684729064039409, 0.8423645320197044, 1.0, 0.7090909090909091, 0.7922077922077921, 0.9015384615384616, 0.9039039039039038, 0.9039039039039038]
 mean: 0.8706388294156472, std: 0.09432619945328537
Accuracy Intime: [1.0, 0.9285714285714286, 0.9166666666666666, 1.0, 1.0, 0.9285714285714286, 1.0, 1.0, 0.9166666666666666, 0.75, 1.0, 1.0, 0.9166666666666666, 1.0, 1.0]
 mean: 0.9571428571428571, std: 0.06632565846278153
F1 (Intime): [1.0, 0.9251336898395721, 0.9111111111111111, 1.0, 1.0, 0.9251336898395721, 1.0, 1.0, 0.916083916083916, 0.7482517482517483, 1.0, 1.0, 0.8991596638655461, 1.0, 1.0]
 mean: 0.9549915879327645, std: 0.0679767954523634
--------------------------------------------------
Subject Number: 9
Accuracy Cross: [0.8125, 0.9375, 0.8125, 0.875, 0.8125, 0.5, 0.75, 0.75, 0.5, 0.75, 0.8125, 0.84375, 0.84375, 0.78125, 0.90625]
 mean: 0.7791666666666667, std: 0.1215496012151235
F1 Score: [0.7922077922077921, 0.9352226720647774, 0.7922077922077921, 0.8666666666666667, 0.7922077922077921, 0.4666666666666667, 0.7490196078431373, 0.722943722943723, 0.4666666666666667, 0.7490196078431373, 0.7922077922077921, 0.8423645320197044, 0.8358974358974359, 0.7624602332979851, 0.9015384615384616]
 mean: 0.7644864961519686, std: 0.1296700738331087
Accuracy Intime: [1.0, 1.0, 0.9166666666666666, 0.75, 0.6666666666666666, 1.0, 1.0, 0.9166666666666666, 1.0, 0.8333333333333334, 1.0, 1.0, 1.0, 0.8333333333333334, 1.0]
 mean: 0.9277777777777778, std: 0.10482201257840673
F1 (Intime): [1.0, 1.0, 0.8991596638655461, 0.7333333333333334, 0.6571428571428571, 1.0, 1.0, 0.8991596638655461, 1.0, 0.8285714285714285, 1.0, 1.0, 1.0, 0.8285714285714285, 1.0]
 mean: 0.923062558356676, std: 0.10923511023093778
--------------------------------------------------
Subject Number: 10
Accuracy Cross: [0.625, 0.84375, 0.90625, 0.9375, 0.75, 0.71875, 0.53125, 0.78125, 0.625, 0.71875, 0.696969696969697, 0.5454545454545454, 0.8181818181818182, 0.8181818181818182, 0.696969696969697]
 mean: 0.7342171717171717, std: 0.11645169232669156
F1 Score: [0.6, 0.8303287380699894, 0.906158357771261, 0.9372549019607843, 0.7090909090909091, 0.694591728525981, 0.4909862142099682, 0.7624602332979851, 0.5844155844155844, 0.681063122923588, 0.6590909090909091, 0.5454545454545454, 0.8035714285714286, 0.8035714285714286, 0.6898496240601504]
 mean: 0.7131925150676341, std: 0.12428444874800465
Accuracy Intime: [0.7142857142857143, 1.0, 1.0, 0.6666666666666666, 0.8333333333333334, 0.9285714285714286, 1.0, 0.8333333333333334, 0.9166666666666666, 0.75, 0.7857142857142857, 1.0, 1.0, 1.0, 0.9166666666666666]
 mean: 0.8896825396825396, std: 0.11347818762993732
F1 (Intime): [0.65, 1.0, 1.0, 0.6666666666666666, 0.8285714285714285, 0.9282051282051282, 1.0, 0.7777777777777777, 0.916083916083916, 0.7482517482517483, 0.7543859649122806, 1.0, 1.0, 1.0, 0.916083916083916]
 mean: 0.8790684364368576, std: 0.12542107602291203
--------------------------------------------------
Subject Number: 11
Accuracy Cross: [0.45454545454545453, 0.36363636363636365, 0.5454545454545454, 0.3939393939393939, 0.3939393939393939, 0.5454545454545454, 0.5454545454545454, 0.6060606060606061, 0.5454545454545454, 0.5151515151515151, 0.5757575757575758, 0.6666666666666666, 0.6060606060606061, 0.7878787878787878, 0.5454545454545454]
 mean: 0.5393939393939394, std: 0.10624803064488651
F1 Score: [0.38636363636363635, 0.26666666666666666, 0.5386766076421249, 0.37969924812030076, 0.34523809523809523, 0.35294117647058826, 0.44568868980963045, 0.5195968645016797, 0.35294117647058826, 0.34, 0.5722222222222222, 0.6329625884732053, 0.5195968645016797, 0.7847157502329916, 0.35294117647058826]
 mean: 0.4526833842122665, std: 0.13462267683656576
Accuracy Intime: [0.7142857142857143, 0.6428571428571429, 1.0, 0.9166666666666666, 0.6666666666666666, 0.6428571428571429, 0.6428571428571429, 0.6428571428571429, 0.6666666666666666, 0.75, 0.5714285714285714, 0.7857142857142857, 0.7142857142857143, 0.6666666666666666, 0.75]
 mean: 0.7182539682539681, std: 0.10881991429208006
F1 (Intime): [0.65, 0.5238095238095237, 1.0, 0.916083916083916, 0.6571428571428571, 0.5238095238095237, 0.641025641025641, 0.5906432748538011, 0.6666666666666666, 0.7482517482517483, 0.36363636363636365, 0.7846153846153847, 0.7083333333333333, 0.6571428571428571, 0.7482517482517483]
 mean: 0.678627522574891, std: 0.15048240198681911
--------------------------------------------------
Subject Number: 12
Accuracy Cross: [0.90625, 0.71875, 0.84375, 0.96875, 0.71875, 0.7272727272727273, 0.8181818181818182, 0.8181818181818182, 0.8181818181818182, 0.8787878787878788, 0.8125, 0.71875, 0.71875, 0.78125, 0.8125]
 mean: 0.804040404040404, std: 0.07348181117677352
F1 Score: [0.9039039039039038, 0.6631578947368422, 0.8303287380699894, 0.967967967967968, 0.6631578947368422, 0.6857142857142857, 0.8035714285714286, 0.8035714285714286, 0.8035714285714286, 0.8759398496240601, 0.8095238095238095, 0.7046153846153846, 0.716256157635468, 0.751937984496124, 0.7922077922077921]
 mean: 0.7850283965964505, std: 0.08620029663854376
Accuracy Intime: [1.0, 0.9285714285714286, 0.9166666666666666, 0.9166666666666666, 0.75, 1.0, 0.8571428571428571, 0.9166666666666666, 0.9166666666666666, 0.8333333333333334, 1.0, 0.7142857142857143, 1.0, 0.8333333333333334, 0.75]
 mean: 0.888888888888889, std: 0.09319907198787095
F1 (Intime): [1.0, 0.9251336898395721, 0.8991596638655461, 0.916083916083916, 0.7482517482517483, 1.0, 0.8444444444444444, 0.8991596638655461, 0.916083916083916, 0.8285714285714285, 1.0, 0.65, 1.0, 0.8285714285714285, 0.7333333333333334]
 mean: 0.8792528821940588, std: 0.10369495873993179
--------------------------------------------------
Subject Number: 13
Accuracy Cross: [0.96875, 0.90625, 0.75, 0.90625, 0.96875, 0.7878787878787878, 0.6363636363636364, 0.9696969696969697, 0.7272727272727273, 0.8181818181818182, 0.59375, 0.84375, 0.75, 0.75, 0.90625]
 mean: 0.8188762626262627, std: 0.11511426719031924
F1 Score: [0.967967967967968, 0.9039039039039038, 0.7090909090909091, 0.9015384615384616, 0.9684729064039409, 0.7806267806267806, 0.6071428571428572, 0.9692451071761417, 0.6857142857142857, 0.8035714285714286, 0.4340136054421769, 0.8435972629521017, 0.7090909090909091, 0.7333333333333334, 0.906158357771261]
 mean: 0.7948978717817639, std: 0.14712551956075737
Accuracy Intime: [1.0, 0.7142857142857143, 1.0, 0.9166666666666666, 1.0, 0.9285714285714286, 0.9285714285714286, 1.0, 0.9166666666666666, 1.0, 1.0, 0.8571428571428571, 1.0, 1.0, 1.0]
 mean: 0.9507936507936509, std: 0.0773799348732451
F1 (Intime): [1.0, 0.6888888888888889, 1.0, 0.916083916083916, 1.0, 0.9251336898395721, 0.9251336898395721, 1.0, 0.916083916083916, 1.0, 1.0, 0.8541666666666667, 1.0, 1.0, 1.0]
 mean: 0.9483660511601688, std: 0.08301014458072133
--------------------------------------------------
Subject Number: 14
Accuracy Cross: [0.9375, 0.875, 0.75, 0.90625, 0.78125, 0.78125, 0.875, 0.71875, 0.84375, 0.84375, 0.8125, 0.84375, 0.65625, 0.9375, 1.0]
 mean: 0.8375, std: 0.08779711460710615
F1 Score: [0.9365079365079365, 0.8745098039215686, 0.746031746031746, 0.9039039039039038, 0.7793103448275862, 0.751937984496124, 0.873015873015873, 0.7117117117117118, 0.8435972629521017, 0.8303287380699894, 0.7922077922077921, 0.8303287380699894, 0.6559139784946236, 0.9365079365079365, 1.0]
 mean: 0.8310542500479255, std: 0.0903658070278345
Accuracy Intime: [0.9285714285714286, 1.0, 0.8333333333333334, 1.0, 1.0, 0.9285714285714286, 0.9285714285714286, 0.9166666666666666, 1.0, 1.0, 1.0, 0.8571428571428571, 0.9166666666666666, 0.8333333333333334, 1.0]
 mean: 0.9428571428571428, std: 0.06119865920208572
F1 (Intime): [0.9282051282051282, 1.0, 0.8125, 1.0, 1.0, 0.9251336898395721, 0.9282051282051282, 0.9111111111111111, 1.0, 1.0, 1.0, 0.8571428571428571, 0.9111111111111111, 0.8285714285714285, 1.0]
 mean: 0.9401320302790893, std: 0.06475904166200135
--------------------------------------------------
Subject Number: 15
Accuracy Cross: [0.75, 0.8125, 0.90625, 0.875, 0.84375, 0.84375, 0.90625, 0.9375, 0.84375, 0.8125, 0.625, 0.5625, 0.625, 0.46875, 0.46875]
 mean: 0.7520833333333333, std: 0.15456030825826175
F1 Score: [0.7090909090909091, 0.8056680161943319, 0.9015384615384616, 0.8704453441295547, 0.8303287380699894, 0.8423645320197044, 0.9039039039039038, 0.9372549019607843, 0.8358974358974359, 0.7922077922077921, 0.611336032388664, 0.5465587044534412, 0.611336032388664, 0.45545545545545546, 0.4231177094379639]
 mean: 0.7384335979424702, std: 0.16260045231751158
Accuracy Intime: [0.7857142857142857, 0.9285714285714286, 0.8333333333333334, 1.0, 0.75, 0.7142857142857143, 0.7142857142857143, 1.0, 0.6666666666666666, 0.75, 0.9285714285714286, 1.0, 1.0, 1.0, 1.0]
 mean: 0.8714285714285714, std: 0.12525107060552693
F1 (Intime): [0.7543859649122806, 0.9282051282051282, 0.8285714285714285, 1.0, 0.7333333333333334, 0.6888888888888889, 0.65, 1.0, 0.625, 0.7482517482517483, 0.9282051282051282, 1.0, 1.0, 1.0, 1.0]
 mean: 0.8589894413578624, std: 0.1405149502517752
--------------------------------------------------
Subject Number: 16
Accuracy Cross: [0.5625, 0.5, 0.53125, 0.625, 0.625, 0.6875, 0.65625, 0.65625, 0.625, 0.65625, 0.65625, 0.5625, 0.53125, 0.625, 0.5]
 mean: 0.6, std: 0.06059599821770411
F1 Score: [0.5625, 0.4666666666666667, 0.5195195195195195, 0.5844155844155844, 0.611336032388664, 0.6875, 0.6267232237539766, 0.6532019704433498, 0.625, 0.6532019704433498, 0.5883040935672514, 0.5333333333333333, 0.5076923076923077, 0.536231884057971, 0.5]
 mean: 0.5770417724187983, std: 0.06321967694641101
Accuracy Intime: [0.7142857142857143, 0.7142857142857143, 0.6666666666666666, 0.6666666666666666, 0.75, 0.7857142857142857, 0.6428571428571429, 0.9166666666666666, 0.75, 0.9166666666666666, 0.7857142857142857, 0.8571428571428571, 0.9166666666666666, 0.75, 0.5833333333333334]
 mean: 0.7611111111111112, std: 0.100402314926149
F1 (Intime): [0.6888888888888889, 0.65, 0.4, 0.625, 0.7482517482517483, 0.7754010695187166, 0.5238095238095237, 0.9111111111111111, 0.7333333333333334, 0.916083916083916, 0.7543859649122806, 0.8541666666666667, 0.8991596638655461, 0.7482517482517483, 0.4957983193277311]
 mean: 0.714909463601414, std: 0.1498350885356288
--------------------------------------------------
Subject Number: 17
Accuracy Cross: [0.7272727272727273, 0.696969696969697, 0.696969696969697, 0.6363636363636364, 0.696969696969697, 0.42424242424242425, 0.5151515151515151, 0.36363636363636365, 0.7575757575757576, 0.5454545454545454, 0.59375, 0.71875, 0.625, 0.625, 0.78125]
 mean: 0.6269570707070707, std: 0.11685747602131076
F1 Score: [0.7102439024390244, 0.6826923076923077, 0.6944444444444444, 0.5416666666666666, 0.6898496240601504, 0.3660262891809909, 0.47619047619047616, 0.26666666666666666, 0.7272727272727273, 0.5170731707317073, 0.5901477832512315, 0.7046153846153846, 0.611336032388664, 0.6235294117647059, 0.751937984496124]
 mean: 0.5969128581240848, std: 0.1362135119424711
Accuracy Intime: [0.9285714285714286, 0.9285714285714286, 0.9166666666666666, 0.5833333333333334, 0.6666666666666666, 0.9285714285714286, 0.8571428571428571, 0.9166666666666666, 0.6666666666666666, 0.8333333333333334, 1.0, 1.0, 0.9285714285714286, 0.8333333333333334, 0.8333333333333334]
 mean: 0.8547619047619048, std: 0.12040496043500244
F1 (Intime): [0.9251336898395721, 0.9282051282051282, 0.9111111111111111, 0.5804195804195804, 0.6571428571428571, 0.9282051282051282, 0.8444444444444444, 0.8991596638655461, 0.6571428571428571, 0.8333333333333334, 1.0, 1.0, 0.9251336898395721, 0.8285714285714285, 0.8285714285714285]
 mean: 0.8497716227127993, std: 0.12191829285994531
--------------------------------------------------
Subject Number: 18
Accuracy Cross: [0.8787878787878788, 0.696969696969697, 0.9090909090909091, 0.8181818181818182, 0.9090909090909091, 0.8125, 0.96875, 0.96875, 0.78125, 0.875, 1.0, 0.9375, 0.875, 0.9375, 0.84375]
 mean: 0.8808080808080807, std: 0.07807830075554004
F1 Score: [0.8777777777777778, 0.6826923076923077, 0.905982905982906, 0.8139097744360901, 0.907735321528425, 0.7922077922077921, 0.9684729064039409, 0.967967967967968, 0.7793103448275862, 0.873015873015873, 1.0, 0.9352226720647774, 0.8666666666666667, 0.9365079365079365, 0.8303287380699894]
 mean: 0.8758532656766691, std: 0.08215342859235526
Accuracy Intime: [1.0, 1.0, 1.0, 1.0, 0.8333333333333334, 0.9285714285714286, 1.0, 1.0, 0.9166666666666666, 0.9166666666666666, 1.0, 1.0, 1.0, 0.9166666666666666, 0.9166666666666666]
 mean: 0.9619047619047618, std: 0.05091750772173156
F1 (Intime): [1.0, 1.0, 1.0, 1.0, 0.8285714285714285, 0.9251336898395721, 1.0, 1.0, 0.916083916083916, 0.916083916083916, 1.0, 1.0, 1.0, 0.916083916083916, 0.916083916083916]
 mean: 0.9612027188497778, std: 0.052014049825396355
--------------------------------------------------
Subject Number: 19
Accuracy Cross: [0.625, 0.625, 0.8125, 0.75, 0.65625, 0.75, 0.75, 0.65625, 0.6875, 0.5, 0.625, 0.65625, 0.59375, 0.46875, 0.4375]
 mean: 0.6395833333333333, std: 0.10387459051931591
F1 Score: [0.5, 0.5, 0.8056680161943319, 0.7090909090909091, 0.5594493116395495, 0.7090909090909091, 0.7333333333333334, 0.5883040935672514, 0.6862745098039216, 0.4920634920634921, 0.611336032388664, 0.6476476476476476, 0.5733333333333333, 0.36374269005847953, 0.41700404858299595]
 mean: 0.5930892217863213, std: 0.12012550766252691
Accuracy Intime: [0.7142857142857143, 0.7857142857142857, 0.8333333333333334, 0.75, 0.8333333333333334, 1.0, 0.8571428571428571, 0.8333333333333334, 0.8333333333333334, 0.75, 0.9285714285714286, 1.0, 1.0, 0.9166666666666666, 1.0]
 mean: 0.869047619047619, std: 0.09622504486493763
F1 (Intime): [0.6888888888888889, 0.7543859649122806, 0.8285714285714285, 0.7482517482517483, 0.8285714285714285, 1.0, 0.8541666666666667, 0.8125, 0.8333333333333334, 0.7333333333333334, 0.9251336898395721, 1.0, 1.0, 0.916083916083916, 1.0]
 mean: 0.8615480265635065, std: 0.10318081522621671
--------------------------------------------------
Subject Number: 20
Accuracy Cross: [0.75, 0.78125, 0.625, 0.8125, 0.84375, 0.71875, 0.65625, 0.75, 0.71875, 0.75, 0.6363636363636364, 0.696969696969697, 0.696969696969697, 0.7575757575757576, 0.8181818181818182]
 mean: 0.7341540404040405, std: 0.06299018316115658
F1 Score: [0.75, 0.7624602332979851, 0.536231884057971, 0.7922077922077921, 0.8303287380699894, 0.7117117117117118, 0.5883040935672514, 0.7408906882591093, 0.6631578947368422, 0.7090909090909091, 0.5416666666666666, 0.6413043478260869, 0.6413043478260869, 0.7461538461538462, 0.8096153846153846]
 mean: 0.697628569205842, std: 0.08961230023642726
Accuracy Intime: [1.0, 1.0, 0.9166666666666666, 0.6666666666666666, 0.8333333333333334, 0.8571428571428571, 0.8571428571428571, 1.0, 0.5833333333333334, 0.5833333333333334, 0.8571428571428571, 1.0, 0.9166666666666666, 0.5833333333333334, 0.75]
 mean: 0.826984126984127, std: 0.15238508592277197
F1 (Intime): [1.0, 1.0, 0.8991596638655461, 0.625, 0.8285714285714285, 0.8541666666666667, 0.8444444444444444, 1.0, 0.4957983193277311, 0.5555555555555556, 0.8444444444444444, 1.0, 0.8991596638655461, 0.4957983193277311, 0.7333333333333334]
 mean: 0.8050287892934953, std: 0.17642501231471022
--------------------------------------------------
Subject Number: 21
Accuracy Cross: [0.4375, 0.34375, 0.53125, 0.40625, 0.5625, 0.46875, 0.4375, 0.53125, 0.46875, 0.53125, 0.46875, 0.34375, 0.3125, 0.46875, 0.53125]
 mean: 0.45625, std: 0.07465197027987049
F1 Score: [0.37662337662337664, 0.33793103448275863, 0.4684385382059801, 0.28888888888888886, 0.49090909090909085, 0.4231177094379639, 0.4375, 0.43859649122807015, 0.39756367663344405, 0.4684385382059801, 0.4420512820512821, 0.2873806998939554, 0.2874493927125506, 0.39756367663344405, 0.5270935960591133]
 mean: 0.4046363994643932, std: 0.0733795912831306
Accuracy Intime: [0.6428571428571429, 0.7142857142857143, 0.75, 0.6666666666666666, 0.5, 0.5714285714285714, 0.6428571428571429, 0.6666666666666666, 0.6666666666666666, 0.5833333333333334, 0.5714285714285714, 0.5714285714285714, 0.6666666666666666, 0.6666666666666666, 0.75]
 mean: 0.642063492063492, std: 0.06838304516996195
F1 (Intime): [0.5238095238095237, 0.65, 0.6210526315789473, 0.6666666666666666, 0.3333333333333333, 0.36363636363636365, 0.5238095238095237, 0.4, 0.6571428571428571, 0.5555555555555556, 0.36363636363636365, 0.36363636363636365, 0.4, 0.625, 0.7333333333333334]
 mean: 0.5187075010759221, std: 0.13221910824681013
--------------------------------------------------
Subject Number: 22
Accuracy Cross: [0.90625, 0.875, 0.90625, 0.8125, 0.84375, 0.5757575757575758, 0.7272727272727273, 0.8484848484848485, 0.8484848484848485, 0.9090909090909091, 0.84375, 0.625, 0.8125, 0.9375, 0.9375]
 mean: 0.8272727272727273, std: 0.1038590499175225
F1 Score: [0.906158357771261, 0.8745098039215686, 0.9054187192118226, 0.8125, 0.8303287380699894, 0.4225, 0.6857142857142857, 0.8433048433048433, 0.8390243902439025, 0.905982905982906, 0.8398398398398399, 0.6190476190476191, 0.8056680161943319, 0.9352226720647774, 0.9352226720647774]
 mean: 0.8106961908954615, std: 0.13377241316510086
Accuracy Intime: [1.0, 1.0, 1.0, 0.75, 0.5833333333333334, 0.8571428571428571, 1.0, 0.8333333333333334, 1.0, 0.75, 0.8571428571428571, 1.0, 0.9166666666666666, 1.0, 0.75]
 mean: 0.8865079365079365, std: 0.127395168073897
F1 (Intime): [1.0, 1.0, 1.0, 0.7333333333333334, 0.5804195804195804, 0.8444444444444444, 1.0, 0.7777777777777777, 1.0, 0.7333333333333334, 0.8571428571428571, 1.0, 0.8991596638655461, 1.0, 0.7482517482517483]
 mean: 0.8782575159045748, std: 0.1325357385866235
--------------------------------------------------
Subject Number: 23
Accuracy Cross: [0.9393939393939394, 0.7575757575757576, 0.8181818181818182, 1.0, 0.9696969696969697, 0.75, 0.8125, 0.875, 0.8125, 0.8125, 0.8181818181818182, 0.8787878787878788, 0.9696969696969697, 0.8484848484848485, 0.9090909090909091]
 mean: 0.8647727272727272, std: 0.07554515674132066
F1 Score: [0.9379699248120301, 0.7272727272727273, 0.8035714285714286, 1.0, 0.9692451071761417, 0.7090909090909091, 0.8056680161943319, 0.8745098039215686, 0.8125, 0.8125, 0.8035714285714286, 0.8730769230769231, 0.9695852534562213, 0.8390243902439025, 0.905982905982906]
 mean: 0.8562379212247013, std: 0.08428890416166392
Accuracy Intime: [1.0, 1.0, 1.0, 0.6666666666666666, 0.75, 1.0, 1.0, 1.0, 0.9166666666666666, 1.0, 1.0, 1.0, 0.9166666666666666, 0.75, 0.8333333333333334]
 mean: 0.9222222222222222, std: 0.111665284679121
F1 (Intime): [1.0, 1.0, 1.0, 0.6666666666666666, 0.7482517482517483, 1.0, 1.0, 1.0, 0.916083916083916, 1.0, 1.0, 1.0, 0.9111111111111111, 0.7333333333333334, 0.8285714285714285]
 mean: 0.9202678802678804, std: 0.11389238766941961
--------------------------------------------------
Subject Number: 24
Accuracy Cross: [0.71875, 0.5, 0.5625, 0.5625, 0.59375, 0.78125, 0.75, 0.53125, 0.5625, 0.75, 0.59375, 0.53125, 0.5, 0.5, 0.53125]
 mean: 0.5979166666666667, std: 0.09673488971869916
F1 Score: [0.718475073313783, 0.4181818181818182, 0.5151515151515151, 0.36, 0.5901477832512315, 0.7757757757757757, 0.7333333333333334, 0.5076923076923077, 0.5607843137254902, 0.7090909090909091, 0.539313399778516, 0.4909862142099682, 0.5, 0.5, 0.5076923076923077]
 mean: 0.5617749834131304, std: 0.11684609081380025
Accuracy Intime: [0.6428571428571429, 0.7857142857142857, 0.5833333333333334, 0.8333333333333334, 0.9166666666666666, 0.5, 0.6428571428571429, 0.6666666666666666, 0.6666666666666666, 0.75, 0.6428571428571429, 0.7857142857142857, 0.75, 0.6666666666666666, 0.5833333333333334]
 mean: 0.6944444444444445, std: 0.1046596422483159
F1 (Intime): [0.641025641025641, 0.7754010695187166, 0.5804195804195804, 0.8285714285714285, 0.916083916083916, 0.4269005847953216, 0.625668449197861, 0.4, 0.6571428571428571, 0.7333333333333334, 0.625668449197861, 0.7846153846153847, 0.6974789915966386, 0.6571428571428571, 0.5555555555555556]
 mean: 0.6603338732131301, std: 0.13454445762650585
--------------------------------------------------
Subject Number: 25
Accuracy Cross: [0.6060606060606061, 0.5454545454545454, 0.7272727272727273, 0.6666666666666666, 0.5757575757575758, 0.625, 0.65625, 0.71875, 0.65625, 0.6875, 0.8125, 0.5, 0.8125, 0.65625, 0.78125]
 mean: 0.6684974747474748, std: 0.08903292501118529
F1 Score: [0.5460317460317461, 0.35294117647058826, 0.717948717948718, 0.6666666666666666, 0.4225, 0.5636363636363637, 0.6559139784946236, 0.681063122923588, 0.6532019704433498, 0.6135265700483092, 0.8095238095238095, 0.5, 0.8125, 0.6532019704433498, 0.7624602332979851]
 mean: 0.6274077550619398, std: 0.12776516013949876
Accuracy Intime: [0.9285714285714286, 0.8571428571428571, 0.9166666666666666, 0.8333333333333334, 0.8333333333333334, 0.6428571428571429, 0.7857142857142857, 0.8333333333333334, 0.9166666666666666, 0.5833333333333334, 0.7857142857142857, 0.5714285714285714, 0.6666666666666666, 0.6666666666666666, 0.75]
 mean: 0.7714285714285715, std: 0.11560089813354364
F1 (Intime): [0.9251336898395721, 0.8541666666666667, 0.8991596638655461, 0.8285714285714285, 0.8285714285714285, 0.5906432748538011, 0.7754010695187166, 0.7777777777777777, 0.916083916083916, 0.4957983193277311, 0.7754010695187166, 0.36363636363636365, 0.4, 0.6571428571428571, 0.7482517482517483]
 mean: 0.7223826182417512, std: 0.1760186689327404
--------------------------------------------------
Subject Number: 26
Accuracy Cross: [0.9696969696969697, 0.8484848484848485, 0.9696969696969697, 0.8787878787878788, 0.8181818181818182, 0.4375, 0.59375, 0.625, 0.71875, 0.9375, 0.90625, 0.9375, 0.84375, 0.875, 0.9375]
 mean: 0.8198232323232323, std: 0.15216380512273492
F1 Score: [0.9692451071761417, 0.8390243902439025, 0.9695852534562213, 0.8730769230769231, 0.8035714285714286, 0.30434782608695654, 0.5588547189819725, 0.6, 0.716256157635468, 0.9365079365079365, 0.9015384615384616, 0.9352226720647774, 0.8303287380699894, 0.8704453441295547, 0.9352226720647774]
 mean: 0.8028818419736339, std: 0.18007160356520083
Accuracy Intime: [1.0, 0.8571428571428571, 0.9166666666666666, 0.9166666666666666, 0.9166666666666666, 1.0, 1.0, 1.0, 0.8333333333333334, 1.0, 1.0, 1.0, 0.9166666666666666, 1.0, 0.9166666666666666]
 mean: 0.9515873015873015, std: 0.05642181773706738
F1 (Intime): [1.0, 0.8541666666666667, 0.8991596638655461, 0.916083916083916, 0.916083916083916, 1.0, 1.0, 1.0, 0.8285714285714285, 1.0, 1.0, 1.0, 0.9111111111111111, 1.0, 0.916083916083916]
 mean: 0.9494173745644334, std: 0.05857862047588925
--------------------------------------------------
Subject Number: 27
Accuracy Cross: [0.7272727272727273, 0.696969696969697, 0.696969696969697, 0.6363636363636364, 0.696969696969697, 0.42424242424242425, 0.5151515151515151, 0.36363636363636365, 0.7575757575757576, 0.5454545454545454, 0.59375, 0.71875, 0.625, 0.625, 0.78125]
 mean: 0.6269570707070707, std: 0.11685747602131076
F1 Score: [0.7102439024390244, 0.6826923076923077, 0.6944444444444444, 0.5416666666666666, 0.6898496240601504, 0.3660262891809909, 0.47619047619047616, 0.26666666666666666, 0.7272727272727273, 0.5170731707317073, 0.5901477832512315, 0.7046153846153846, 0.611336032388664, 0.6235294117647059, 0.751937984496124]
 mean: 0.5969128581240848, std: 0.1362135119424711
Accuracy Intime: [0.9285714285714286, 0.9285714285714286, 0.9166666666666666, 0.5833333333333334, 0.6666666666666666, 0.9285714285714286, 0.8571428571428571, 0.9166666666666666, 0.6666666666666666, 0.8333333333333334, 1.0, 1.0, 0.9285714285714286, 0.8333333333333334, 0.8333333333333334]
 mean: 0.8547619047619048, std: 0.12040496043500244
F1 (Intime): [0.9251336898395721, 0.9282051282051282, 0.9111111111111111, 0.5804195804195804, 0.6571428571428571, 0.9282051282051282, 0.8444444444444444, 0.8991596638655461, 0.6571428571428571, 0.8333333333333334, 1.0, 1.0, 0.9251336898395721, 0.8285714285714285, 0.8285714285714285]
 mean: 0.8497716227127993, std: 0.12191829285994531
--------------------------------------------------
Subject Number: 28
Accuracy Cross: [0.75, 0.75, 0.5625, 0.65625, 0.46875, 0.40625, 0.5625, 0.4375, 0.5, 0.625, 0.40625, 0.40625, 0.375, 0.4375, 0.375]
 mean: 0.5145833333333333, std: 0.1254505768110383
F1 Score: [0.7090909090909091, 0.75, 0.5333333333333333, 0.6389743589743591, 0.45545545545545546, 0.4009852216748768, 0.5555555555555556, 0.43529411764705883, 0.3333333333333333, 0.5636363636363637, 0.28888888888888886, 0.4056695992179863, 0.3073593073593074, 0.41700404858299595, 0.3522267206477733]
 mean: 0.4764538142265465, std: 0.1386886824040238
Accuracy Intime: [0.6428571428571429, 0.6428571428571429, 0.75, 0.6666666666666666, 0.5833333333333334, 0.7857142857142857, 0.8571428571428571, 0.6666666666666666, 0.8333333333333334, 0.75, 0.9285714285714286, 0.9285714285714286, 0.9166666666666666, 0.75, 0.6666666666666666]
 mean: 0.7579365079365078, std: 0.11011457877390166
F1 (Intime): [0.641025641025641, 0.641025641025641, 0.6210526315789473, 0.6571428571428571, 0.5555555555555556, 0.7846153846153847, 0.8541666666666667, 0.4, 0.8333333333333334, 0.7482517482517483, 0.9282051282051282, 0.9282051282051282, 0.8991596638655461, 0.7482517482517483, 0.625]
 mean: 0.7243327418482218, std: 0.14601699256386
--------------------------------------------------
Subject Number: 29
Accuracy Cross: [0.875, 0.9375, 0.8125, 0.8125, 0.90625, 0.9375, 0.875, 0.84375, 0.96875, 0.90625, 0.9090909090909091, 0.9696969696969697, 1.0, 1.0, 0.8787878787878788]
 mean: 0.9088383838383839, std: 0.05863006104166369
F1 Score: [0.8666666666666667, 0.9365079365079365, 0.7922077922077921, 0.7922077922077921, 0.9015384615384616, 0.9352226720647774, 0.8745098039215686, 0.8435972629521017, 0.967967967967968, 0.906158357771261, 0.9090909090909091, 0.9695852534562213, 1.0, 1.0, 0.8786764705882353]
 mean: 0.9049291564627794, std: 0.06347117420077159
Accuracy Intime: [1.0, 1.0, 1.0, 1.0, 0.9166666666666666, 1.0, 1.0, 1.0, 1.0, 0.75, 0.9285714285714286, 1.0, 1.0, 1.0, 0.8333333333333334]
 mean: 0.9619047619047619, std: 0.07328281087929399
F1 (Intime): [1.0, 1.0, 1.0, 1.0, 0.916083916083916, 1.0, 1.0, 1.0, 1.0, 0.7482517482517483, 0.9251336898395721, 1.0, 1.0, 1.0, 0.8285714285714285]
 mean: 0.9612027188497778, std: 0.07431167495867193
--------------------------------------------------
**************************************************
accuracy_cross_list: [0.882638888888889, 0.7260732323232323, 0.5591540404040406, 0.8161616161616162, 0.6020833333333333, 0.7004419191919192, 0.6354166666666666, 0.8791666666666667, 0.7791666666666667, 0.7342171717171717, 0.5393939393939394, 0.804040404040404, 0.8188762626262627, 0.8375, 0.7520833333333333, 0.6, 0.6269570707070707, 0.8808080808080807, 0.6395833333333333, 0.7341540404040405, 0.45625, 0.8272727272727273, 0.8647727272727272, 0.5979166666666667, 0.6684974747474748, 0.8198232323232323, 0.6269570707070707, 0.5145833333333333, 0.9088383838383839]
f1_score_list: [0.8734595744870494, 0.7116001966054522, 0.5080270586203243, 0.8029245049409969, 0.5698715309853158, 0.6727909647269665, 0.6010494208800334, 0.8706388294156472, 0.7644864961519686, 0.7131925150676341, 0.4526833842122665, 0.7850283965964505, 0.7948978717817639, 0.8310542500479255, 0.7384335979424702, 0.5770417724187983, 0.5969128581240848, 0.8758532656766691, 0.5930892217863213, 0.697628569205842, 0.4046363994643932, 0.8106961908954615, 0.8562379212247013, 0.5617749834131304, 0.6274077550619398, 0.8028818419736339, 0.5969128581240848, 0.4764538142265465, 0.9049291564627794]
accuracy_intime_list: [0.961111111111111, 0.8253968253968254, 0.7087301587301589, 0.896031746031746, 0.8269841269841268, 0.869047619047619, 0.7119047619047619, 0.9571428571428571, 0.9277777777777778, 0.8896825396825396, 0.7182539682539681, 0.888888888888889, 0.9507936507936509, 0.9428571428571428, 0.8714285714285714, 0.7611111111111112, 0.8547619047619048, 0.9619047619047618, 0.869047619047619, 0.826984126984127, 0.642063492063492, 0.8865079365079365, 0.9222222222222222, 0.6944444444444445, 0.7714285714285715, 0.9515873015873015, 0.8547619047619048, 0.7579365079365078, 0.9619047619047619]
f1_score_intime_list: [0.9596048396048396, 0.8017608045549222, 0.6562226719502263, 0.8916963967118767, 0.8160327036797625, 0.8641165370577134, 0.6705975168049473, 0.9549915879327645, 0.923062558356676, 0.8790684364368576, 0.678627522574891, 0.8792528821940588, 0.9483660511601688, 0.9401320302790893, 0.8589894413578624, 0.714909463601414, 0.8497716227127993, 0.9612027188497778, 0.8615480265635065, 0.8050287892934953, 0.5187075010759221, 0.8782575159045748, 0.9202678802678804, 0.6603338732131301, 0.7223826182417512, 0.9494173745644334, 0.8497716227127993, 0.7243327418482218, 0.9612027188497778]
**************************************************
ACC: 71.84±12.43
F1: 69.22±13.93
Intime: 85.04±9.19
F1 (Intime): 83.10±11.46
