1e-03
Subject Number: 1
Accuracy Cross: [0.2857142857142857, 0.2904761904761905, 0.29523809523809524, 0.2857142857142857, 0.3047619047619048, 0.2761904761904762, 0.29523809523809524, 0.3142857142857143, 0.34285714285714286, 0.2523809523809524, 0.30952380952380953, 0.2761904761904762, 0.24285714285714285, 0.24285714285714285, 0.23809523809523808]
 mean: 0.2834920634920635, std: 0.028722703584171488
F1 Score: [0.22583188244447167, 0.23165453131648112, 0.24706262165883303, 0.22710622991457904, 0.2414763944272141, 0.2705244293966024, 0.29493695323972957, 0.3099713271601482, 0.3462855971649661, 0.2486428715466828, 0.30063514397595503, 0.2838431234468475, 0.23559899467056827, 0.23416771126853292, 0.2464341668053555]
 mean: 0.26294479856246444, std: 0.03512120166759402
Accuracy Intime: [0.4166666666666667, 0.4642857142857143, 0.40476190476190477, 0.38095238095238093, 0.40476190476190477, 0.35714285714285715, 0.3333333333333333, 0.35714285714285715, 0.34523809523809523, 0.2976190476190476, 0.39285714285714285, 0.42857142857142855, 0.36904761904761907, 0.3333333333333333, 0.32142857142857145]
 mean: 0.37380952380952376, std: 0.04364357804719848
F1 (Intime): [0.3453959833270178, 0.45910747508729005, 0.4049507389162562, 0.35946462140010527, 0.4123618410574932, 0.33434712346477047, 0.2830009807126512, 0.3449904452240381, 0.29945681317948375, 0.2675202156334232, 0.38865004727073693, 0.39816137566137566, 0.3756049475262369, 0.2976190476190476, 0.3066576565849012]
 mean: 0.3518192875109885, std: 0.05296661766526622
--------------------------------------------------
Subject Number: 2
Accuracy Cross: [0.29523809523809524, 0.30952380952380953, 0.3333333333333333, 0.30952380952380953, 0.3238095238095238, 0.37142857142857144, 0.22380952380952382, 0.3523809523809524, 0.38571428571428573, 0.4, 0.3333333333333333, 0.32857142857142857, 0.2619047619047619, 0.3476190476190476, 0.3142857142857143]
 mean: 0.326031746031746, std: 0.04363895943476719
F1 Score: [0.2103554070084673, 0.3017147654688963, 0.3094292819817614, 0.24164724793238443, 0.2710305388574744, 0.31674655847830724, 0.19649475375670716, 0.35602226186791486, 0.3728060049112681, 0.3900113904786802, 0.3291266569495737, 0.33068822583385693, 0.2763165920271259, 0.3246622446622447, 0.30904373923257733]
 mean: 0.30240637796314934, std: 0.05345497099923232
Accuracy Intime: [0.5, 0.42857142857142855, 0.38095238095238093, 0.38095238095238093, 0.4166666666666667, 0.44047619047619047, 0.4166666666666667, 0.39285714285714285, 0.42857142857142855, 0.38095238095238093, 0.4523809523809524, 0.39285714285714285, 0.39285714285714285, 0.4523809523809524, 0.4523809523809524]
 mean: 0.4206349206349207, std: 0.03357808857350188
F1 (Intime): [0.5084151863462207, 0.4078589152782701, 0.3642822822822823, 0.31308184291692537, 0.37530921459492894, 0.42048827667349686, 0.4023800704317203, 0.3958681318681319, 0.3913153271848924, 0.3118859387005891, 0.4435457516339869, 0.36022222222222217, 0.35690165017565345, 0.42112714967783804, 0.4185869903516962]
 mean: 0.3927512633559237, std: 0.04821993440635136
--------------------------------------------------
Subject Number: 3
Accuracy Cross: [0.2619047619047619, 0.2857142857142857, 0.2571428571428571, 0.2571428571428571, 0.2523809523809524, 0.319047619047619, 0.2714285714285714, 0.3, 0.2571428571428571, 0.2904761904761905, 0.30952380952380953, 0.19047619047619047, 0.2571428571428571, 0.2571428571428571, 0.26666666666666666]
 mean: 0.2688888888888889, std: 0.029501613093305252
F1 Score: [0.2386108156514429, 0.24086744991171294, 0.21045558998883726, 0.2601789149490642, 0.16852008289284698, 0.32118644060453644, 0.2790641245778524, 0.273952833952834, 0.2554734158438789, 0.2812126073094454, 0.2994284547044911, 0.16766572137539879, 0.24263671131224154, 0.26611755846031954, 0.2499100278130843]
 mean: 0.25035204995653243, std: 0.04126650691871925
Accuracy Intime: [0.30952380952380953, 0.39285714285714285, 0.27380952380952384, 0.2976190476190476, 0.30952380952380953, 0.32142857142857145, 0.27380952380952384, 0.3333333333333333, 0.35714285714285715, 0.40476190476190477, 0.34523809523809523, 0.36904761904761907, 0.35714285714285715, 0.36904761904761907, 0.2857142857142857]
 mean: 0.33333333333333326, std: 0.04031246063238189
F1 (Intime): [0.2783125371360666, 0.345828026959045, 0.22913149912192007, 0.27771931068365696, 0.3134067092090627, 0.28216270768865437, 0.25390749601275914, 0.3274801361917758, 0.30847612762313303, 0.40045137264251374, 0.28666015905806147, 0.36034970931522653, 0.3339464882943144, 0.3656565656565656, 0.27461501673840266]
 mean: 0.3092069241554105, std: 0.04493351335607461
--------------------------------------------------
Subject Number: 4
Accuracy Cross: [0.34285714285714286, 0.2571428571428571, 0.28095238095238095, 0.32857142857142857, 0.3380952380952381, 0.24761904761904763, 0.2714285714285714, 0.3142857142857143, 0.2571428571428571, 0.2619047619047619, 0.34285714285714286, 0.30952380952380953, 0.3904761904761905, 0.319047619047619, 0.29523809523809524]
 mean: 0.3038095238095238, std: 0.039696505478960226
F1 Score: [0.34312354312354315, 0.24177447799015317, 0.2847017864501137, 0.32750670726131037, 0.3353800824835749, 0.2275087831218748, 0.26001944275568434, 0.29329894353891445, 0.21774462175375286, 0.2411343825799949, 0.3327048457271989, 0.2994964197524024, 0.3669568658870984, 0.2562754204859468, 0.28300339749061465]
 mean: 0.2873753146934785, std: 0.044709995369203996
Accuracy Intime: [0.38095238095238093, 0.38095238095238093, 0.36904761904761907, 0.44047619047619047, 0.42857142857142855, 0.3333333333333333, 0.3333333333333333, 0.3333333333333333, 0.4166666666666667, 0.38095238095238093, 0.34523809523809523, 0.36904761904761907, 0.36904761904761907, 0.30952380952380953, 0.42857142857142855]
 mean: 0.3746031746031745, std: 0.03860440160957241
F1 (Intime): [0.3377078221317853, 0.3745863736654835, 0.36494444444444446, 0.4472922502334267, 0.3799606142874509, 0.2839546106691013, 0.30719379539255315, 0.26817384370015945, 0.40551632275770205, 0.3744795783926219, 0.32230595813204505, 0.32427249874308706, 0.36198653198653197, 0.30655436517505485, 0.42043290043290044]
 mean: 0.35195746067628986, std: 0.04917785652783639
--------------------------------------------------
Subject Number: 5
Accuracy Cross: [0.3142857142857143, 0.3333333333333333, 0.36666666666666664, 0.3761904761904762, 0.30952380952380953, 0.3476190476190476, 0.3333333333333333, 0.3333333333333333, 0.3761904761904762, 0.37142857142857144, 0.29523809523809524, 0.2904761904761905, 0.2714285714285714, 0.319047619047619, 0.29523809523809524]
 mean: 0.32888888888888884, std: 0.032505208218844964
F1 Score: [0.25858217170342845, 0.2746157538122202, 0.3107451140552234, 0.30208962879947776, 0.23737282996635461, 0.344449485467946, 0.33297088567939964, 0.3454335663292757, 0.3695577640932254, 0.36916554820042874, 0.3095880444241712, 0.2936228600011207, 0.2868832646955665, 0.32828394851216525, 0.31295168176611476]
 mean: 0.31175416983374127, std: 0.03683381684664596
Accuracy Intime: [0.4166666666666667, 0.42857142857142855, 0.5119047619047619, 0.4523809523809524, 0.40476190476190477, 0.42857142857142855, 0.4166666666666667, 0.47619047619047616, 0.36904761904761907, 0.34523809523809523, 0.35714285714285715, 0.47619047619047616, 0.35714285714285715, 0.34523809523809523, 0.38095238095238093]
 mean: 0.4111111111111111, std: 0.05048267902790237
F1 (Intime): [0.41372775907814835, 0.3626921089246671, 0.4870577210272479, 0.4143510571520431, 0.36047907230490106, 0.3816919191919192, 0.41361813598695163, 0.4473915446255872, 0.3321043634727845, 0.32692640692640695, 0.3459953842843043, 0.45091977919564136, 0.3308479244540626, 0.2888425579794861, 0.38515623506927854]
 mean: 0.3827867979782287, std: 0.05295698271914853
--------------------------------------------------
Subject Number: 6
Accuracy Cross: [0.29523809523809524, 0.22380952380952382, 0.20952380952380953, 0.2714285714285714, 0.26666666666666666, 0.2523809523809524, 0.2619047619047619, 0.30952380952380953, 0.2761904761904762, 0.30952380952380953, 0.23809523809523808, 0.24761904761904763, 0.2714285714285714, 0.2571428571428571, 0.2571428571428571]
 mean: 0.2631746031746031, std: 0.02724246089260309
F1 Score: [0.2796937416183161, 0.2212345000692883, 0.20150888633091305, 0.27221200162793063, 0.26329708858436207, 0.24575044475621577, 0.24545824001756075, 0.2997005863465405, 0.2594072576320151, 0.3087602681522047, 0.19586107716943438, 0.23867741100008927, 0.2713970244754559, 0.2556956115779645, 0.24028963577283086]
 mean: 0.2532629183420748, std: 0.030838217010848483
Accuracy Intime: [0.30952380952380953, 0.30952380952380953, 0.32142857142857145, 0.39285714285714285, 0.27380952380952384, 0.3333333333333333, 0.30952380952380953, 0.21428571428571427, 0.35714285714285715, 0.35714285714285715, 0.2976190476190476, 0.34523809523809523, 0.2619047619047619, 0.2857142857142857, 0.25]
 mean: 0.30793650793650795, std: 0.04493773862505417
F1 (Intime): [0.26506943815019585, 0.25924889658291617, 0.3073908279701504, 0.36796316070085416, 0.24619362814851536, 0.3293016855865153, 0.24301075268817202, 0.2042352666588867, 0.318873157203328, 0.36535075174626364, 0.2513561983035667, 0.33106613619327685, 0.25292087849632605, 0.2693540176298797, 0.2215934603031377]
 mean: 0.282195217090799, std: 0.04914812785049747
--------------------------------------------------
Subject Number: 7
Accuracy Cross: [0.24761904761904763, 0.23333333333333334, 0.24761904761904763, 0.23809523809523808, 0.23809523809523808, 0.22857142857142856, 0.26666666666666666, 0.2619047619047619, 0.23333333333333334, 0.1761904761904762, 0.21428571428571427, 0.23333333333333334, 0.22857142857142856, 0.2571428571428571, 0.24761904761904763]
 mean: 0.23682539682539686, std: 0.021043572595779745
F1 Score: [0.2372253213090639, 0.20608283807826294, 0.23223199777666811, 0.23054091382668354, 0.2188335660812005, 0.2238228360725636, 0.27021245767802643, 0.25528683532125873, 0.2262622742325533, 0.16511738356364006, 0.212827701899936, 0.2225784034958347, 0.20349923637052347, 0.25620046761559634, 0.2510551741673023]
 mean: 0.22745182716594092, std: 0.02497624563163345
Accuracy Intime: [0.3333333333333333, 0.2619047619047619, 0.3333333333333333, 0.2976190476190476, 0.2619047619047619, 0.27380952380952384, 0.23809523809523808, 0.23809523809523808, 0.2619047619047619, 0.2261904761904762, 0.2619047619047619, 0.30952380952380953, 0.32142857142857145, 0.2976190476190476, 0.34523809523809523]
 mean: 0.2841269841269841, std: 0.03710688802400305
F1 (Intime): [0.3245591397849462, 0.21622926093514333, 0.2654621603027176, 0.267035278614226, 0.21607001693958217, 0.27512012012012016, 0.23176439430054557, 0.20877929220468677, 0.26511865035224325, 0.16812430632630412, 0.25751725751725757, 0.2614643054412643, 0.23949529320844748, 0.24168273373623492, 0.3361990950226244]
 mean: 0.25164142032042297, std: 0.041418428773738365
--------------------------------------------------
Subject Number: 8
Accuracy Cross: [0.3952380952380952, 0.35714285714285715, 0.3523809523809524, 0.3523809523809524, 0.3, 0.32857142857142857, 0.3333333333333333, 0.3142857142857143, 0.34285714285714286, 0.3523809523809524, 0.30952380952380953, 0.30952380952380953, 0.3238095238095238, 0.3333333333333333, 0.2761904761904762]
 mean: 0.332063492063492, std: 0.02773738559847972
F1 Score: [0.3332400747778735, 0.31429924242424245, 0.3121293564201682, 0.3517715770862117, 0.2983643048206511, 0.34701659239548704, 0.33503602024783524, 0.3237584637584638, 0.3210598234607406, 0.36350130630978084, 0.3069487802158154, 0.3166576446645193, 0.32952403615081133, 0.33242269360194293, 0.29368240562707953]
 mean: 0.32529415479744156, std: 0.018814185545183507
Accuracy Intime: [0.39285714285714285, 0.44047619047619047, 0.47619047619047616, 0.40476190476190477, 0.42857142857142855, 0.38095238095238093, 0.42857142857142855, 0.35714285714285715, 0.25, 0.4642857142857143, 0.42857142857142855, 0.4880952380952381, 0.36904761904761907, 0.40476190476190477, 0.4642857142857143]
 mean: 0.411904761904762, std: 0.05747259361978309
F1 (Intime): [0.3207768970835173, 0.41711753159121584, 0.4338517024267987, 0.37708210374450785, 0.371536925378693, 0.3627007355787844, 0.3738369649673997, 0.33934609250398723, 0.21500683994528041, 0.46154572968184837, 0.3945223418907629, 0.468919534919535, 0.33694083694083693, 0.39882066869300914, 0.46248062015503877]
 mean: 0.38229903503341434, std: 0.06365392251969618
--------------------------------------------------
Subject Number: 9
Accuracy Cross: [0.3333333333333333, 0.3523809523809524, 0.3523809523809524, 0.319047619047619, 0.2714285714285714, 0.35714285714285715, 0.2904761904761905, 0.28095238095238095, 0.3142857142857143, 0.34285714285714286, 0.2523809523809524, 0.319047619047619, 0.2857142857142857, 0.23809523809523808, 0.24285714285714285]
 mean: 0.3034920634920635, std: 0.039400905356444964
F1 Score: [0.3052285460159476, 0.32844329693802427, 0.3273871067263285, 0.2901374678093964, 0.26298056922401203, 0.3532870993928496, 0.2806957906957907, 0.24530326718183018, 0.30443928443972107, 0.32770483753930646, 0.2616951156587908, 0.32944531285073525, 0.28097303560880615, 0.23814043059612677, 0.23426363157170735]
 mean: 0.29134165281662483, std: 0.03629965414261866
Accuracy Intime: [0.4642857142857143, 0.34523809523809523, 0.38095238095238093, 0.3333333333333333, 0.36904761904761907, 0.40476190476190477, 0.35714285714285715, 0.34523809523809523, 0.42857142857142855, 0.47619047619047616, 0.42857142857142855, 0.40476190476190477, 0.44047619047619047, 0.42857142857142855, 0.38095238095238093]
 mean: 0.3992063492063493, std: 0.04322301207679397
F1 (Intime): [0.4203484234063886, 0.35827815595257456, 0.3616184890378439, 0.30846560846560844, 0.3242368037286368, 0.36463098599763794, 0.32341353736702577, 0.32993624645167297, 0.3711426092699205, 0.4546424086046728, 0.4083962549078827, 0.39011139569650205, 0.4472645823961613, 0.42891367880989206, 0.345997323660647]
 mean: 0.3758264335835379, std: 0.04544559754041971
--------------------------------------------------
Subject Number: 10
Accuracy Cross: [0.23333333333333334, 0.28095238095238095, 0.22380952380952382, 0.30952380952380953, 0.2761904761904762, 0.2857142857142857, 0.3047619047619048, 0.2904761904761905, 0.3238095238095238, 0.26666666666666666, 0.28095238095238095, 0.30952380952380953, 0.29523809523809524, 0.3047619047619048, 0.26666666666666666]
 mean: 0.2834920634920635, std: 0.026817412167546514
F1 Score: [0.22297306435150652, 0.2532276943487898, 0.22254627135428845, 0.3067449901244127, 0.26691734730569683, 0.27621707268766094, 0.2929745429085936, 0.28186317304204217, 0.30734472119190326, 0.27058070930411354, 0.26722007710822304, 0.29690258971157846, 0.26191036414565827, 0.2986681157807529, 0.25584585239361024]
 mean: 0.27212910571725535, std: 0.025765224804466753
Accuracy Intime: [0.4523809523809524, 0.34523809523809523, 0.35714285714285715, 0.25, 0.2619047619047619, 0.36904761904761907, 0.36904761904761907, 0.36904761904761907, 0.35714285714285715, 0.38095238095238093, 0.38095238095238093, 0.27380952380952384, 0.42857142857142855, 0.3333333333333333, 0.2976190476190476]
 mean: 0.3484126984126984, std: 0.05557822666670347
F1 (Intime): [0.4326048951048951, 0.31456580728306555, 0.3410484473509684, 0.24025365347768074, 0.26578385480824507, 0.3015598290598291, 0.3464079449961803, 0.335955395955396, 0.2962033462033462, 0.38841280304694936, 0.3256485299269679, 0.24865893561545732, 0.4272710769583264, 0.32726495726495725, 0.28546433725005155]
 mean: 0.32514025428682103, std: 0.05565823230534696
--------------------------------------------------
Subject Number: 11
Accuracy Cross: [0.23809523809523808, 0.22380952380952382, 0.22380952380952382, 0.26666666666666666, 0.2857142857142857, 0.2857142857142857, 0.3142857142857143, 0.319047619047619, 0.3238095238095238, 0.2714285714285714, 0.29523809523809524, 0.24761904761904763, 0.2857142857142857, 0.2857142857142857, 0.28095238095238095]
 mean: 0.2765079365079365, std: 0.03073632366338954
F1 Score: [0.17815683037420205, 0.18857414209470216, 0.19389035726084422, 0.2439229836552236, 0.23847603437969883, 0.2832784144480409, 0.31318413836213255, 0.31072381755926065, 0.31750264432444464, 0.2753633974159171, 0.29572165846688236, 0.26073544660789605, 0.285284467206664, 0.2979392697920223, 0.2863076731109123]
 mean: 0.2646040850039229, std: 0.04480143214499436
Accuracy Intime: [0.38095238095238093, 0.34523809523809523, 0.32142857142857145, 0.34523809523809523, 0.36904761904761907, 0.35714285714285715, 0.2976190476190476, 0.35714285714285715, 0.35714285714285715, 0.30952380952380953, 0.3333333333333333, 0.30952380952380953, 0.3333333333333333, 0.35714285714285715, 0.42857142857142855]
 mean: 0.3468253968253968, std: 0.0316068377011744
F1 (Intime): [0.3008856599204289, 0.34573365231259967, 0.270090922248977, 0.3261968107080889, 0.3185752597517303, 0.3281993514251579, 0.2754502535408288, 0.35004920711103354, 0.34329933157519366, 0.2956702584937879, 0.2790239172592114, 0.30242547425474253, 0.32088133131236574, 0.3339147869674185, 0.4252174845770905]
 mean: 0.321040913430577, std: 0.03731429792546162
--------------------------------------------------
Subject Number: 12
Accuracy Cross: [0.29523809523809524, 0.19523809523809524, 0.34285714285714286, 0.2571428571428571, 0.3, 0.2904761904761905, 0.3, 0.3333333333333333, 0.3380952380952381, 0.28095238095238095, 0.22857142857142856, 0.2, 0.24761904761904763, 0.26666666666666666, 0.2619047619047619]
 mean: 0.2758730158730159, std: 0.044244447975071356
F1 Score: [0.28162588288118334, 0.17245275218556938, 0.34081077522150527, 0.19026958487237447, 0.305851873872658, 0.2238635506473376, 0.2520891084179941, 0.2708760832784408, 0.29433985946863883, 0.1952733869878216, 0.22942561627551053, 0.19135993688777858, 0.24494296390441161, 0.2830927405230052, 0.26922300819322287]
 mean: 0.24969980824116345, std: 0.04717532936474336
Accuracy Intime: [0.35714285714285715, 0.2857142857142857, 0.34523809523809523, 0.35714285714285715, 0.36904761904761907, 0.44047619047619047, 0.40476190476190477, 0.35714285714285715, 0.36904761904761907, 0.42857142857142855, 0.4166666666666667, 0.36904761904761907, 0.38095238095238093, 0.38095238095238093, 0.36904761904761907]
 mean: 0.37539682539682545, std: 0.036334994102411415
F1 (Intime): [0.32828103284324484, 0.24376813662527946, 0.32268555800955195, 0.326652088881191, 0.3467160848079069, 0.4369560582985569, 0.34056267806267804, 0.3270669997728821, 0.3518853027172212, 0.36992283079239596, 0.3952695542306629, 0.3244871794871794, 0.38075018832723473, 0.385, 0.3491282280937453]
 mean: 0.348608794729982, std: 0.04201449284441958
--------------------------------------------------
Subject Number: 13
Accuracy Cross: [0.2904761904761905, 0.23333333333333334, 0.23333333333333334, 0.22380952380952382, 0.2619047619047619, 0.23809523809523808, 0.22857142857142856, 0.23809523809523808, 0.2619047619047619, 0.23809523809523808, 0.2619047619047619, 0.2761904761904762, 0.2904761904761905, 0.26666666666666666, 0.2761904761904762]
 mean: 0.2546031746031746, std: 0.021847175281378108
F1 Score: [0.2785429756190849, 0.22518549030830717, 0.22158924903267704, 0.20870795012014248, 0.23178268251273346, 0.20683172257168475, 0.22217797449202698, 0.21109327285977936, 0.2666793273534847, 0.2261772780065463, 0.24384082782340927, 0.26157911524154465, 0.268018900115116, 0.2662278529904004, 0.2652984577700281]
 mean: 0.24024887178779772, std: 0.02427532007858209
Accuracy Intime: [0.39285714285714285, 0.36904761904761907, 0.39285714285714285, 0.38095238095238093, 0.3333333333333333, 0.36904761904761907, 0.40476190476190477, 0.34523809523809523, 0.35714285714285715, 0.34523809523809523, 0.35714285714285715, 0.32142857142857145, 0.27380952380952384, 0.34523809523809523, 0.2857142857142857]
 mean: 0.3515873015873015, std: 0.03607402595988416
F1 (Intime): [0.36486604537952416, 0.31619528619528625, 0.3474358974358974, 0.37343121994284784, 0.3016696441613015, 0.31864320559972736, 0.331491624990077, 0.30668637595466863, 0.3078996865203762, 0.29384668989547036, 0.31314776302458275, 0.32891731553578046, 0.2866252653486696, 0.3250053022269353, 0.255069766605531]
 mean: 0.3180620725877784, std: 0.028910928833347633
--------------------------------------------------
Subject Number: 14
Accuracy Cross: [0.3, 0.319047619047619, 0.37142857142857144, 0.32857142857142857, 0.2619047619047619, 0.32857142857142857, 0.34285714285714286, 0.29523809523809524, 0.3523809523809524, 0.3952380952380952, 0.32857142857142857, 0.3047619047619048, 0.3238095238095238, 0.3380952380952381, 0.2857142857142857]
 mean: 0.325079365079365, std: 0.032505208218844964
F1 Score: [0.3148147961877939, 0.31720884218037915, 0.371215863897334, 0.32249609487400827, 0.2599636910849842, 0.3019320581979705, 0.3276350386045002, 0.28927200415922216, 0.33411477411477414, 0.3916105219476006, 0.2843741624112524, 0.2913123811892621, 0.2965619201783655, 0.3175478418531756, 0.29905825410930953]
 mean: 0.3146078829993288, std: 0.03222271200646095
Accuracy Intime: [0.4880952380952381, 0.47619047619047616, 0.39285714285714285, 0.40476190476190477, 0.4166666666666667, 0.44047619047619047, 0.38095238095238093, 0.4166666666666667, 0.34523809523809523, 0.40476190476190477, 0.42857142857142855, 0.4642857142857143, 0.42857142857142855, 0.39285714285714285, 0.36904761904761907]
 mean: 0.4166666666666668, std: 0.038144809018088616
F1 (Intime): [0.47395454277807214, 0.46423669467787115, 0.3635030180470019, 0.4201103476431756, 0.3985938609642547, 0.4313211758373049, 0.36625625625625624, 0.4081623413372141, 0.33683561083940594, 0.36613949582145866, 0.42793349597903674, 0.4343296296540604, 0.37655210643015524, 0.4001950500479913, 0.34848862693493937]
 mean: 0.4011074835498799, std: 0.03983322184785899
--------------------------------------------------
**************************************************
accuracy_cross_list: [0.2834920634920635, 0.326031746031746, 0.2688888888888889, 0.3038095238095238, 0.32888888888888884, 0.2631746031746031, 0.23682539682539686, 0.332063492063492, 0.3034920634920635, 0.2834920634920635, 0.2765079365079365, 0.2758730158730159, 0.2546031746031746, 0.325079365079365]
f1_score_list: [0.26294479856246444, 0.30240637796314934, 0.25035204995653243, 0.2873753146934785, 0.31175416983374127, 0.2532629183420748, 0.22745182716594092, 0.32529415479744156, 0.29134165281662483, 0.27212910571725535, 0.2646040850039229, 0.24969980824116345, 0.24024887178779772, 0.3146078829993288]
accuracy_intime_list: [0.37380952380952376, 0.4206349206349207, 0.33333333333333326, 0.3746031746031745, 0.4111111111111111, 0.30793650793650795, 0.2841269841269841, 0.411904761904762, 0.3992063492063493, 0.3484126984126984, 0.3468253968253968, 0.37539682539682545, 0.3515873015873015, 0.4166666666666668]
f1_score_intime_list: [0.3518192875109885, 0.3927512633559237, 0.3092069241554105, 0.35195746067628986, 0.3827867979782287, 0.282195217090799, 0.25164142032042297, 0.38229903503341434, 0.3758264335835379, 0.32514025428682103, 0.321040913430577, 0.348608794729982, 0.3180620725877784, 0.4011074835498799]
**************************************************
ACC: 29.02±2.91
F1: 27.52±2.94
Intime: 36.83±4.05
F1 (Intime): 34.25±4.21
