1e-03
Subject Number: 1
Accuracy Cross: [0.4117647058823529, 0.6470588235294118, 0.5147058823529411, 0.45588235294117646, 0.5441176470588235, 0.42028985507246375, 0.34782608695652173, 0.4927536231884058, 0.43478260869565216, 0.4492753623188406, 0.5, 0.5735294117647058, 0.6323529411764706, 0.47058823529411764, 0.6470588235294118]
 mean: 0.5027990906507531, std: 0.08763860508579555
F1 Score: [0.4120387174833635, 0.6602982852982853, 0.5364760905673573, 0.4388888888888889, 0.5441336441336441, 0.4195277840439131, 0.30311059907834104, 0.4535714285714285, 0.4391156462585034, 0.44996405980448534, 0.40742296918767507, 0.5334826281688916, 0.6510833287149076, 0.503983928983929, 0.5815009380863039]
 mean: 0.48897326248466116, std: 0.0935966917782612
Accuracy Intime: [0.7142857142857143, 0.7142857142857143, 0.6785714285714286, 0.5769230769230769, 0.6923076923076923, 0.7857142857142857, 0.5714285714285714, 0.6785714285714286, 0.6923076923076923, 0.5769230769230769, 0.7142857142857143, 0.6428571428571429, 0.4642857142857143, 0.5, 0.5769230769230769]
 mean: 0.6386446886446886, std: 0.08692130946339065
F1 (Intime): [0.7202380952380952, 0.7133928571428572, 0.6435738968633705, 0.5595238095238095, 0.6861471861471862, 0.7702991452991452, 0.5378846153846154, 0.580952380952381, 0.7166666666666667, 0.46957671957671954, 0.6728991596638655, 0.6333333333333333, 0.453030303030303, 0.5226190476190476, 0.5201298701298701]
 mean: 0.6133511391047509, std: 0.09655275061174953
--------------------------------------------------
Subject Number: 2
Accuracy Cross: [0.3188405797101449, 0.2898550724637681, 0.3188405797101449, 0.3333333333333333, 0.37681159420289856, 0.36764705882352944, 0.23529411764705882, 0.6176470588235294, 0.4852941176470588, 0.36764705882352944, 0.36231884057971014, 0.4782608695652174, 0.36231884057971014, 0.42028985507246375, 0.391304347826087]
 mean: 0.3817135549872123, std: 0.0889158484011456
F1 Score: [0.29930241327300156, 0.2817749778956675, 0.3166892502258356, 0.3534615255545488, 0.3433908045977011, 0.3556095481670929, 0.25385642559555605, 0.5800865800865801, 0.4853494623655914, 0.3864512075945833, 0.3362781954887218, 0.45616085668717243, 0.31047962648556876, 0.39326527991782234, 0.3891408322859936]
 mean: 0.3694197990814292, std: 0.08206520170592231
Accuracy Intime: [0.7857142857142857, 0.9642857142857143, 0.6428571428571429, 0.6153846153846154, 0.5769230769230769, 0.6071428571428571, 0.6428571428571429, 0.5357142857142857, 0.5357142857142857, 0.4230769230769231, 0.6071428571428571, 0.5357142857142857, 0.6071428571428571, 0.5384615384615384, 0.46153846153846156]
 mean: 0.6053113553113553, std: 0.1259695189896094
F1 (Intime): [0.6722222222222223, 0.9625668449197862, 0.6256410256410256, 0.5625, 0.48730158730158724, 0.6032467532467533, 0.5479797979797979, 0.4352766798418972, 0.5303921568627451, 0.37809523809523815, 0.588174982911825, 0.49760683760683755, 0.6067266067266067, 0.535, 0.3581133540372671]
 mean: 0.5593896058262392, std: 0.13760773398623982
--------------------------------------------------
Subject Number: 3
Accuracy Cross: [0.3382352941176471, 0.36764705882352944, 0.38235294117647056, 0.23529411764705882, 0.4411764705882353, 0.36231884057971014, 0.2753623188405797, 0.2898550724637681, 0.37681159420289856, 0.4057971014492754, 0.2463768115942029, 0.3188405797101449, 0.36231884057971014, 0.4492753623188406, 0.2753623188405797]
 mean: 0.3418016481955101, std: 0.06450729707616885
F1 Score: [0.3443141088302379, 0.35380771678412337, 0.37440723611029797, 0.21319102353585112, 0.4147113022113022, 0.34150470219435736, 0.2650815217391304, 0.25842089367181165, 0.28067530064754853, 0.40706735954505346, 0.2621232269503546, 0.3233109483109483, 0.29723785166240413, 0.41937410415671283, 0.2598723549276574]
 mean: 0.3210066434185194, std: 0.06262292072208309
Accuracy Intime: [0.5, 0.35714285714285715, 0.5714285714285714, 0.5, 0.46153846153846156, 0.5714285714285714, 0.39285714285714285, 0.6071428571428571, 0.46153846153846156, 0.5, 0.6428571428571429, 0.6785714285714286, 0.4642857142857143, 0.5769230769230769, 0.5384615384615384]
 mean: 0.5216117216117216, std: 0.08582613784596455
F1 (Intime): [0.46751336898395723, 0.29693094629156014, 0.5322128851540616, 0.419327731092437, 0.41711229946524064, 0.49554367201426025, 0.3677655677655678, 0.5547619047619047, 0.44292178409825467, 0.41869343891402716, 0.6477272727272727, 0.6166666666666666, 0.4493006993006993, 0.4466726084373144, 0.5123792270531401]
 mean: 0.4723686715150909, std: 0.08817838204905144
--------------------------------------------------
Subject Number: 4
Accuracy Cross: [0.5797101449275363, 0.6086956521739131, 0.5652173913043478, 0.4492753623188406, 0.4782608695652174, 0.4492753623188406, 0.5362318840579711, 0.5652173913043478, 0.6376811594202898, 0.5507246376811594, 0.42028985507246375, 0.43478260869565216, 0.43478260869565216, 0.4492753623188406, 0.391304347826087]
 mean: 0.5033816425120773, std: 0.07492752065832385
F1 Score: [0.5839874411302982, 0.602479867388611, 0.5839575624858415, 0.4406020066889632, 0.4899434794596085, 0.48878205128205127, 0.5047916666666667, 0.5396267202533187, 0.6402347652347652, 0.5565651742977324, 0.37652298850574717, 0.3880140762843799, 0.39756493506493507, 0.4007352941176471, 0.40292306854091753]
 mean: 0.49311540649343216, std: 0.08550455690430735
Accuracy Intime: [0.7857142857142857, 0.7142857142857143, 0.6428571428571429, 0.6071428571428571, 0.5, 0.6428571428571429, 0.75, 0.6428571428571429, 0.5357142857142857, 0.5769230769230769, 0.6785714285714286, 0.7142857142857143, 0.8214285714285714, 0.5357142857142857, 0.6153846153846154]
 mean: 0.6509157509157509, std: 0.09093069981854901
F1 (Intime): [0.7966004583651642, 0.6918803418803419, 0.6134502923976608, 0.5878924996572056, 0.4717032967032967, 0.6005681818181818, 0.7535714285714286, 0.6414682539682539, 0.5282822440717178, 0.5857142857142857, 0.6262626262626263, 0.7321428571428572, 0.7875668449197861, 0.5655594405594405, 0.6130952380952381]
 mean: 0.6397172193418323, std: 0.09149188687402268
--------------------------------------------------
Subject Number: 5
Accuracy Cross: [0.5441176470588235, 0.4264705882352941, 0.4852941176470588, 0.5588235294117647, 0.4117647058823529, 0.45588235294117646, 0.5, 0.6029411764705882, 0.5, 0.6029411764705882, 0.6176470588235294, 0.36764705882352944, 0.35294117647058826, 0.5588235294117647, 0.5735294117647058]
 mean: 0.5039215686274509, std: 0.08309654941340035
F1 Score: [0.5128066378066378, 0.3944360902255639, 0.48825771459137135, 0.5483588991653507, 0.3829508196721312, 0.3618181818181818, 0.4542729841642885, 0.5668446088794926, 0.463596588802373, 0.5842185592185593, 0.6196774193548388, 0.3327777777777778, 0.38819203570756367, 0.5638584388584389, 0.5681310210188294]
 mean: 0.48201318513742664, std: 0.08952091207276315
Accuracy Intime: [0.8928571428571429, 0.8928571428571429, 0.75, 0.8076923076923077, 0.7307692307692307, 0.8214285714285714, 0.75, 0.8571428571428571, 0.7307692307692307, 0.5, 0.7857142857142857, 0.6785714285714286, 0.6785714285714286, 0.7307692307692307, 0.6153846153846154]
 mean: 0.7481684981684982, std: 0.1012871846561908
F1 (Intime): [0.9009372979961214, 0.8955176767676768, 0.7375825928457507, 0.7743055555555555, 0.7136363636363636, 0.8285714285714285, 0.7512820512820513, 0.8517857142857143, 0.64876443001443, 0.4209401709401709, 0.7875816993464052, 0.6641025641025642, 0.6437543133195307, 0.6442331318492309, 0.5966004583651643]
 mean: 0.7239730299252105, std: 0.12267167193420947
--------------------------------------------------
Subject Number: 6
Accuracy Cross: [0.4411764705882353, 0.35294117647058826, 0.3382352941176471, 0.39705882352941174, 0.6323529411764706, 0.4492753623188406, 0.5217391304347826, 0.42028985507246375, 0.391304347826087, 0.42028985507246375, 0.36231884057971014, 0.3333333333333333, 0.5217391304347826, 0.5217391304347826, 0.5362318840579711]
 mean: 0.44266837169650464, std: 0.08431066534572167
F1 Score: [0.4136724386724387, 0.35317460317460314, 0.2962962962962963, 0.36343656343656344, 0.6236604200018835, 0.3946078431372549, 0.48946386946386944, 0.3676389278498047, 0.3421539230384808, 0.39485858859672907, 0.388963761605271, 0.2829812687995625, 0.5226105593752652, 0.5114101485842445, 0.5290543307624053]
 mean: 0.41826556951964483, std: 0.09304439379224272
Accuracy Intime: [0.8214285714285714, 0.6785714285714286, 0.6071428571428571, 0.6071428571428571, 0.5769230769230769, 0.6428571428571429, 0.8571428571428571, 0.5714285714285714, 0.5769230769230769, 0.4230769230769231, 0.7142857142857143, 0.5714285714285714, 0.5357142857142857, 0.7307692307692307, 0.5384615384615384]
 mean: 0.6302197802197802, std: 0.11004476296990513
F1 (Intime): [0.8167335115864528, 0.6447398190045249, 0.5520833333333334, 0.5586080586080585, 0.5847069597069597, 0.6334776334776335, 0.8631944444444445, 0.5265151515151515, 0.4653846153846154, 0.3409090909090909, 0.6591291061879296, 0.579020979020979, 0.5168690958164642, 0.6000000000000001, 0.4732142857142857]
 mean: 0.5876390723139949, std: 0.12619814626759882
--------------------------------------------------
Subject Number: 7
Accuracy Cross: [0.6323529411764706, 0.6764705882352942, 0.6617647058823529, 0.6029411764705882, 0.6323529411764706, 0.29411764705882354, 0.4264705882352941, 0.38235294117647056, 0.5, 0.5735294117647058, 0.5441176470588235, 0.5441176470588235, 0.4264705882352941, 0.4264705882352941, 0.5441176470588235]
 mean: 0.5245098039215687, std: 0.1088191131412675
F1 Score: [0.6197739042566629, 0.6598348552996229, 0.6525946275946276, 0.5740297713981924, 0.6347728359636537, 0.27888375065794424, 0.35418747918747917, 0.358505315822389, 0.4550485174079627, 0.5624772655748693, 0.5485572237216974, 0.5406739719571109, 0.42095773578638956, 0.3705900291006674, 0.5601851851851851]
 mean: 0.5060714979276303, std: 0.11916285697243473
Accuracy Intime: [0.75, 0.75, 0.6785714285714286, 0.7307692307692307, 0.6923076923076923, 0.8571428571428571, 0.8214285714285714, 0.7857142857142857, 0.7692307692307693, 0.6923076923076923, 0.6785714285714286, 0.7142857142857143, 0.8571428571428571, 0.7692307692307693, 0.7692307692307693]
 mean: 0.7543956043956045, std: 0.05695764574671755
F1 (Intime): [0.7466748937337173, 0.7343899521531101, 0.6630083732057416, 0.6719110610751476, 0.5985576923076923, 0.8355263157894737, 0.8323529411764705, 0.7846153846153846, 0.7040723981900452, 0.6283496732026144, 0.6682692307692307, 0.7026515151515151, 0.8502208575737987, 0.7291666666666666, 0.7084478021978022]
 mean: 0.7238809838538941, std: 0.07300759909533569
--------------------------------------------------
Subject Number: 8
Accuracy Cross: [0.3235294117647059, 0.3382352941176471, 0.36764705882352944, 0.27941176470588236, 0.38235294117647056, 0.47058823529411764, 0.4411764705882353, 0.5294117647058824, 0.3088235294117647, 0.3382352941176471, 0.38235294117647056, 0.38235294117647056, 0.4411764705882353, 0.47058823529411764, 0.39705882352941174]
 mean: 0.39019607843137266, std: 0.06682507132530185
F1 Score: [0.32617557025772687, 0.34034034034034033, 0.3528443370775494, 0.3147026081135652, 0.36080099237993973, 0.43725113249826697, 0.4017857142857143, 0.5367204170380574, 0.31708558452744495, 0.34587839176074475, 0.3962325962325962, 0.4104526187525386, 0.4581810392254817, 0.45388261399837654, 0.4255892255892256]
 mean: 0.39186154547183794, std: 0.061104039091771985
Accuracy Intime: [0.6428571428571429, 0.5714285714285714, 0.42857142857142855, 0.46153846153846156, 0.6538461538461539, 0.6071428571428571, 0.5357142857142857, 0.39285714285714285, 0.3076923076923077, 0.4230769230769231, 0.5, 0.5357142857142857, 0.6071428571428571, 0.6153846153846154, 0.5]
 mean: 0.5188644688644689, std: 0.0978519169557793
F1 (Intime): [0.6511904761904762, 0.6017666543982334, 0.4280075187969925, 0.28148148148148144, 0.6309523809523809, 0.5775474525474525, 0.5275533290239173, 0.35577200577200574, 0.2739400584795322, 0.2774936061381074, 0.5, 0.5341763499658236, 0.5753968253968255, 0.6137254901960785, 0.44107142857142856]
 mean: 0.4846716705273823, std: 0.12941352353022825
--------------------------------------------------
Subject Number: 9
Accuracy Cross: [0.5588235294117647, 0.5588235294117647, 0.6176470588235294, 0.5882352941176471, 0.6176470588235294, 0.36764705882352944, 0.39705882352941174, 0.4264705882352941, 0.4411764705882353, 0.4264705882352941, 0.4117647058823529, 0.4411764705882353, 0.3088235294117647, 0.4264705882352941, 0.4852941176470588]
 mean: 0.4715686274509805, std: 0.09167584100047814
F1 Score: [0.5537723146418798, 0.5790102255619497, 0.5950398231086844, 0.6055077392714192, 0.6162736336257978, 0.35690577171307397, 0.4129083720817592, 0.393130380935259, 0.43232059754483043, 0.42274030628869336, 0.42585016462725445, 0.4619751812405486, 0.32547425474254743, 0.4566045066045066, 0.49194346769440633]
 mean: 0.47529711597884067, std: 0.09057136545864984
Accuracy Intime: [0.7142857142857143, 0.6428571428571429, 0.7142857142857143, 0.6153846153846154, 0.34615384615384615, 0.6071428571428571, 0.6428571428571429, 0.6428571428571429, 0.5384615384615384, 0.46153846153846156, 0.5714285714285714, 0.6785714285714286, 0.7857142857142857, 0.5384615384615384, 0.5769230769230769]
 mean: 0.6051282051282051, std: 0.10479231864676015
F1 (Intime): [0.7152097902097903, 0.632051282051282, 0.7234848484848485, 0.6029704944178629, 0.331453634085213, 0.5896825396825397, 0.6147660818713451, 0.6327457264957265, 0.5, 0.4363095238095238, 0.5198687182382835, 0.6432178932178932, 0.7856060606060606, 0.5284090909090909, 0.5663461538461538]
 mean: 0.5881414558617076, std: 0.11158054980568341
--------------------------------------------------
Subject Number: 10
Accuracy Cross: [0.4117647058823529, 0.3382352941176471, 0.4411764705882353, 0.4264705882352941, 0.47058823529411764, 0.4117647058823529, 0.39705882352941174, 0.3382352941176471, 0.39705882352941174, 0.36764705882352944, 0.36231884057971014, 0.391304347826087, 0.463768115942029, 0.4057971014492754, 0.391304347826087]
 mean: 0.40096618357487923, std: 0.03830278998809227
F1 Score: [0.39707146426786605, 0.34220902437221223, 0.46931127194285094, 0.4244365220835809, 0.48551051051051053, 0.4248443486590039, 0.40775642604910894, 0.294047619047619, 0.4106060606060606, 0.33999999999999997, 0.34846247181096185, 0.4009103641456583, 0.45245726495726496, 0.4017976588628763, 0.37823978330261204]
 mean: 0.39851071937454574, std: 0.05001972641367879
Accuracy Intime: [0.5, 0.5714285714285714, 0.5357142857142857, 0.4230769230769231, 0.46153846153846156, 0.5714285714285714, 0.6071428571428571, 0.4642857142857143, 0.4230769230769231, 0.5, 0.5714285714285714, 0.4642857142857143, 0.5357142857142857, 0.5, 0.5769230769230769]
 mean: 0.5137362637362637, std: 0.05673814132270407
F1 (Intime): [0.4488038277511962, 0.5535714285714285, 0.5061188811188811, 0.3055555555555555, 0.45833333333333326, 0.5696969696969697, 0.6090909090909091, 0.46208133971291865, 0.3838672438672439, 0.4186507936507936, 0.5433333333333333, 0.35858585858585856, 0.4877769289533995, 0.516033966033966, 0.5673701298701299]
 mean: 0.47925803327506106, std: 0.08316309053148128
--------------------------------------------------
Subject Number: 11
Accuracy Cross: [0.4782608695652174, 0.4927536231884058, 0.43478260869565216, 0.37681159420289856, 0.36231884057971014, 0.463768115942029, 0.463768115942029, 0.5217391304347826, 0.4492753623188406, 0.5362318840579711, 0.43478260869565216, 0.5217391304347826, 0.463768115942029, 0.5217391304347826, 0.42028985507246375]
 mean: 0.4628019323671497, std: 0.050334362425627464
F1 Score: [0.4015921409214092, 0.4758030341554369, 0.4038888888888889, 0.3691156462585034, 0.35108754951493154, 0.41470844628307724, 0.40853728445640214, 0.5015064326125707, 0.4456311232627022, 0.5195768187334904, 0.35477212956489895, 0.4877417903733693, 0.403245106148332, 0.48122843340234644, 0.39565018315018313]
 mean: 0.42760566718176946, std: 0.05229673226934786
Accuracy Intime: [0.6071428571428571, 0.75, 0.6428571428571429, 0.75, 0.6923076923076923, 0.5714285714285714, 0.5, 0.75, 0.6428571428571429, 0.6923076923076923, 0.5, 0.6785714285714286, 0.6785714285714286, 0.5357142857142857, 0.5769230769230769]
 mean: 0.637912087912088, std: 0.08348032762773056
F1 (Intime): [0.49088235294117644, 0.7445887445887447, 0.628030303030303, 0.7579099821746881, 0.6325396825396825, 0.48420329670329665, 0.48361442479089545, 0.7529761904761905, 0.6092105263157895, 0.6937782805429865, 0.42916666666666664, 0.6875650665124349, 0.6397660818713451, 0.5237179487179487, 0.5133971291866029]
 mean: 0.60475644513725, std: 0.10653347278803812
--------------------------------------------------
Subject Number: 12
Accuracy Cross: [0.5882352941176471, 0.5882352941176471, 0.5588235294117647, 0.6470588235294118, 0.5294117647058824, 0.5507246376811594, 0.6521739130434783, 0.5362318840579711, 0.5362318840579711, 0.4927536231884058, 0.39705882352941174, 0.45588235294117646, 0.35294117647058826, 0.45588235294117646, 0.5441176470588235]
 mean: 0.5257175333901677, std: 0.08085864197553427
F1 Score: [0.5760359951603146, 0.5885799095234167, 0.5521360941151046, 0.6335497835497835, 0.5144444444444444, 0.5416666666666667, 0.646236559139785, 0.5376224611708482, 0.5216419426945743, 0.509851952392275, 0.3983201581027668, 0.4802960222016651, 0.35305555555555557, 0.3834757834757835, 0.5511877828054299]
 mean: 0.5192067407332276, std: 0.08265456793996996
Accuracy Intime: [0.7142857142857143, 0.75, 0.6428571428571429, 0.6153846153846154, 0.5, 0.6071428571428571, 0.6428571428571429, 0.5714285714285714, 0.6538461538461539, 0.5384615384615384, 0.6428571428571429, 0.75, 0.6428571428571429, 0.5769230769230769, 0.5384615384615384]
 mean: 0.6258241758241758, std: 0.07188638855833943
F1 (Intime): [0.706348553407377, 0.7651906916612798, 0.6404761904761904, 0.6114130434782609, 0.40789473684210525, 0.6016599821746881, 0.6504329004329004, 0.5047348484848484, 0.6444026733500416, 0.5018315018315018, 0.6131237183868763, 0.7434752747252747, 0.6353535353535353, 0.5303571428571429, 0.5015262515262515]
 mean: 0.6038814029992184, std: 0.09550909586047088
--------------------------------------------------
Subject Number: 13
Accuracy Cross: [0.4852941176470588, 0.38235294117647056, 0.4264705882352941, 0.45588235294117646, 0.5441176470588235, 0.4492753623188406, 0.4057971014492754, 0.42028985507246375, 0.42028985507246375, 0.36231884057971014, 0.4117647058823529, 0.4264705882352941, 0.38235294117647056, 0.27941176470588236, 0.4117647058823529]
 mean: 0.4175902244955954, std: 0.0566121509840437
F1 Score: [0.491175326970661, 0.39941724941724943, 0.426162404423274, 0.42815197946643857, 0.5442799070847851, 0.37967032967032965, 0.3543730065469196, 0.41058076520725073, 0.39299940401833067, 0.35244097639055627, 0.3819143819143819, 0.39578373015873014, 0.39938777787074997, 0.2801642801642802, 0.40119565217391306]
 mean: 0.40251314476519, std: 0.05781432849546044
Accuracy Intime: [0.5, 0.4642857142857143, 0.4642857142857143, 0.6153846153846154, 0.5, 0.6071428571428571, 0.6428571428571429, 0.6428571428571429, 0.5, 0.5384615384615384, 0.5357142857142857, 0.6071428571428571, 0.6428571428571429, 0.6153846153846154, 0.4230769230769231]
 mean: 0.5532967032967034, std: 0.07276711436092248
F1 (Intime): [0.4357864357864358, 0.4030075187969925, 0.4361111111111111, 0.601190476190476, 0.5019230769230769, 0.5491071428571428, 0.5921855921855923, 0.6208333333333333, 0.4213636363636364, 0.5031746031746032, 0.5343137254901961, 0.6024350649350649, 0.6366071428571428, 0.6565934065934066, 0.34375]
 mean: 0.522558817773214, std: 0.0935214800796451
--------------------------------------------------
Subject Number: 14
Accuracy Cross: [0.35294117647058826, 0.4264705882352941, 0.47058823529411764, 0.4411764705882353, 0.29411764705882354, 0.4411764705882353, 0.45588235294117646, 0.45588235294117646, 0.38235294117647056, 0.5441176470588235, 0.5294117647058824, 0.4117647058823529, 0.4411764705882353, 0.4264705882352941, 0.4264705882352941]
 mean: 0.4333333333333334, std: 0.05952199700651191
F1 Score: [0.31328606530068304, 0.3863761037674081, 0.4329004329004329, 0.43229958447349753, 0.24927536231884057, 0.45171457967681417, 0.40270310633213857, 0.47130990960259256, 0.37364198931236137, 0.5116538952745849, 0.46129144713473025, 0.3880844645550528, 0.43145739412909656, 0.33957219251336895, 0.4311063218390805]
 mean: 0.4051115232753789, std: 0.06459725335291294
Accuracy Intime: [0.6428571428571429, 0.6428571428571429, 0.6428571428571429, 0.6153846153846154, 0.5, 0.5357142857142857, 0.5, 0.6071428571428571, 0.6923076923076923, 0.5, 0.5357142857142857, 0.6071428571428571, 0.4642857142857143, 0.6153846153846154, 0.5384615384615384]
 mean: 0.576007326007326, std: 0.0665543674381195
F1 (Intime): [0.6445707070707071, 0.6260266049739734, 0.6175595238095238, 0.6394612332112333, 0.47777777777777786, 0.5121212121212122, 0.48888888888888893, 0.6128205128205128, 0.7014880952380952, 0.458974358974359, 0.5347222222222222, 0.6243315508021391, 0.3788515406162465, 0.6607997265892003, 0.5101190476190476]
 mean: 0.5659008668490093, std: 0.0886875801822049
--------------------------------------------------
Subject Number: 15
Accuracy Cross: [0.4411764705882353, 0.36764705882352944, 0.5147058823529411, 0.47058823529411764, 0.39705882352941174, 0.5147058823529411, 0.5294117647058824, 0.5294117647058824, 0.5882352941176471, 0.6323529411764706, 0.4117647058823529, 0.4411764705882353, 0.36764705882352944, 0.5147058823529411, 0.36764705882352944]
 mean: 0.4725490196078431, std: 0.07962329609508607
F1 Score: [0.44718720821661995, 0.36935083594566354, 0.4616108388858641, 0.461922663802363, 0.3944553635878605, 0.5074206349206349, 0.5118993135011443, 0.5339673913043479, 0.5515826330532213, 0.6206771170006464, 0.3541251325556734, 0.4519112536754878, 0.3138036062378168, 0.4789964387008722, 0.3714686774259929]
 mean: 0.4553586072542806, std: 0.08075708311548739
Accuracy Intime: [0.6785714285714286, 0.6428571428571429, 0.7142857142857143, 0.6538461538461539, 0.46153846153846156, 0.6071428571428571, 0.42857142857142855, 0.5714285714285714, 0.6153846153846154, 0.5384615384615384, 0.6785714285714286, 0.75, 0.6785714285714286, 0.7692307692307693, 0.5]
 mean: 0.6192307692307694, std: 0.09844113636087287
F1 (Intime): [0.6699419002050581, 0.6583333333333332, 0.7231738849385908, 0.6221001221001221, 0.4457070707070707, 0.6076923076923076, 0.42870670995670995, 0.5830940988835726, 0.6527777777777777, 0.5518398268398268, 0.6818910256410255, 0.7562500000000001, 0.6621212121212121, 0.7765894236482472, 0.46015037593984964]
 mean: 0.6186912713189803, std: 0.10425385046987706
--------------------------------------------------
Subject Number: 16
Accuracy Cross: [0.5441176470588235, 0.36764705882352944, 0.4264705882352941, 0.4852941176470588, 0.5147058823529411, 0.5588235294117647, 0.5, 0.6029411764705882, 0.5294117647058824, 0.5735294117647058, 0.5588235294117647, 0.6029411764705882, 0.5735294117647058, 0.5294117647058824, 0.5882352941176471]
 mean: 0.530392156862745, std: 0.06318777664440008
F1 Score: [0.5449112978524744, 0.32911322423706324, 0.3244160211373326, 0.4099184782608696, 0.4667933130699088, 0.5323521573521574, 0.42194229112833764, 0.5078595317725753, 0.43588007736943907, 0.5489139515455305, 0.5572916666666666, 0.5698404354010761, 0.507320779894729, 0.526751323236558, 0.5712974998088539]
 mean: 0.4836401365822382, std: 0.07956954925957212
Accuracy Intime: [0.75, 0.6785714285714286, 0.7857142857142857, 0.8846153846153846, 0.8461538461538461, 0.7142857142857143, 0.7142857142857143, 0.8214285714285714, 0.7307692307692307, 0.7307692307692307, 0.75, 0.6785714285714286, 0.7857142857142857, 0.8461538461538461, 0.6923076923076923]
 mean: 0.7606227106227106, std: 0.06292641571628428
F1 (Intime): [0.6892156862745098, 0.6376068376068376, 0.7779077540106952, 0.8781512605042017, 0.8245798319327732, 0.7244949494949495, 0.7232492997198878, 0.8161616161616161, 0.582516339869281, 0.7303030303030303, 0.7523538961038962, 0.6650920974450387, 0.7674242424242425, 0.8370761183261183, 0.638095238095238]
 mean: 0.736281879884821, std: 0.08085935535321176
--------------------------------------------------
Subject Number: 17
Accuracy Cross: [0.36231884057971014, 0.4492753623188406, 0.4492753623188406, 0.42028985507246375, 0.36231884057971014, 0.4492753623188406, 0.30434782608695654, 0.391304347826087, 0.37681159420289856, 0.4492753623188406, 0.39705882352941174, 0.5147058823529411, 0.35294117647058826, 0.5441176470588235, 0.47058823529411764]
 mean: 0.4195936345552714, std: 0.06223657995488761
F1 Score: [0.31850613154960983, 0.43276896434285284, 0.4253339230429014, 0.42435686918445537, 0.3706140350877193, 0.41980852325679907, 0.2686025408348457, 0.37648809523809523, 0.30642857142857144, 0.41325660699062233, 0.38177502158011906, 0.5043016602192134, 0.3611443222121754, 0.5414196310935441, 0.4843232633555214]
 mean: 0.40194187729446973, std: 0.07152137025325911
Accuracy Intime: [0.6071428571428571, 0.5714285714285714, 0.5714285714285714, 0.5769230769230769, 0.46153846153846156, 0.75, 0.7142857142857143, 0.7142857142857143, 0.6153846153846154, 0.6538461538461539, 0.6071428571428571, 0.6071428571428571, 0.5714285714285714, 0.6785714285714286, 0.4230769230769231]
 mean: 0.6082417582417583, std: 0.0858374713569232
F1 (Intime): [0.6014844804318489, 0.5515873015873016, 0.5575396825396826, 0.5102988798640973, 0.3923611111111111, 0.692290681454768, 0.699084249084249, 0.697110423116615, 0.5846273291925466, 0.5541666666666667, 0.5628019323671497, 0.5541666666666667, 0.5334168755221387, 0.6818181818181819, 0.35]
 mean: 0.5681836307615349, std: 0.09910919046514535
--------------------------------------------------
Subject Number: 18
Accuracy Cross: [0.42028985507246375, 0.463768115942029, 0.4057971014492754, 0.36231884057971014, 0.43478260869565216, 0.4264705882352941, 0.4411764705882353, 0.3235294117647059, 0.45588235294117646, 0.27941176470588236, 0.35294117647058826, 0.3382352941176471, 0.27941176470588236, 0.45588235294117646, 0.38235294117647056]
 mean: 0.38815004262574593, std: 0.06052466677364801
F1 Score: [0.44039842248963496, 0.4445084485407066, 0.380561315435265, 0.3954643395819867, 0.3813998649105032, 0.3757908757908758, 0.45425638828937176, 0.3287377450980392, 0.44223027375201285, 0.31255264474013245, 0.36058090845324886, 0.33490052912660667, 0.3191920969014565, 0.45573824041811845, 0.40220672542140845]
 mean: 0.38856792126329126, std: 0.04890056191868745
Accuracy Intime: [0.5357142857142857, 0.5714285714285714, 0.5714285714285714, 0.5769230769230769, 0.5, 0.5714285714285714, 0.6785714285714286, 0.7142857142857143, 0.6153846153846154, 0.6153846153846154, 0.6071428571428571, 0.5357142857142857, 0.6785714285714286, 0.6153846153846154, 0.38461538461538464]
 mean: 0.5847985347985348, std: 0.07760598658967804
F1 (Intime): [0.5405844155844156, 0.5722482174688057, 0.6061188811188811, 0.4876385336743393, 0.45770750988142295, 0.5196969696969697, 0.5880681818181819, 0.6788461538461539, 0.6271724598930482, 0.6027332144979204, 0.6011111111111112, 0.4375, 0.6534188034188034, 0.6041666666666666, 0.2557544757033248]
 mean: 0.5488510396253363, std: 0.10305457863693811
--------------------------------------------------
Subject Number: 19
Accuracy Cross: [0.25, 0.25, 0.2647058823529412, 0.29411764705882354, 0.22058823529411764, 0.3235294117647059, 0.4117647058823529, 0.35294117647058826, 0.3235294117647059, 0.4411764705882353, 0.20588235294117646, 0.22058823529411764, 0.38235294117647056, 0.36764705882352944, 0.3235294117647059]
 mean: 0.3088235294117647, std: 0.07062907315422697
F1 Score: [0.14911206368646662, 0.21875, 0.2512820512820513, 0.24072535991140642, 0.2222222222222222, 0.3256226815050345, 0.39521864506902127, 0.348000515995872, 0.3388816597990313, 0.4202601664127505, 0.2362708719851577, 0.23363791409653822, 0.3463626030122194, 0.29601433049708914, 0.2775757575757576]
 mean: 0.2866624562033745, std: 0.07200541141019672
Accuracy Intime: [0.6785714285714286, 0.7142857142857143, 0.5357142857142857, 0.6153846153846154, 0.5769230769230769, 0.6428571428571429, 0.5357142857142857, 0.6071428571428571, 0.46153846153846156, 0.5384615384615384, 0.6428571428571429, 0.6071428571428571, 0.6785714285714286, 0.6538461538461539, 0.5384615384615384]
 mean: 0.6018315018315018, std: 0.06723732336080748
F1 (Intime): [0.6679292929292928, 0.699084249084249, 0.43016304347826084, 0.4888481084133258, 0.575247668997669, 0.6211538461538462, 0.5180456798103856, 0.5940419229892914, 0.47271825396825395, 0.5334224598930482, 0.6503851540616247, 0.5585609243697479, 0.665972915972916, 0.6528280542986425, 0.5228556166056166]
 mean: 0.5767504794017447, std: 0.0788750229265209
--------------------------------------------------
Subject Number: 20
Accuracy Cross: [0.5147058823529411, 0.4264705882352941, 0.6470588235294118, 0.6029411764705882, 0.6323529411764706, 0.4852941176470588, 0.4117647058823529, 0.4117647058823529, 0.5147058823529411, 0.5, 0.4782608695652174, 0.4492753623188406, 0.463768115942029, 0.4927536231884058, 0.4927536231884058]
 mean: 0.5015913611821542, std: 0.07108311735185616
F1 Score: [0.5205701440754277, 0.4169107531176497, 0.6660469107551488, 0.6085134711779449, 0.6155169009054431, 0.46784642662302234, 0.36645962732919257, 0.40700965700965697, 0.5182567623071055, 0.5161441413568469, 0.46434025101438314, 0.43697898525484724, 0.46739313794519743, 0.4789566755083996, 0.5030426226903415]
 mean: 0.4969324311380405, std: 0.07947464625880296
Accuracy Intime: [0.6428571428571429, 0.6071428571428571, 0.6428571428571429, 0.5384615384615384, 0.5384615384615384, 0.7142857142857143, 0.6785714285714286, 0.6428571428571429, 0.6538461538461539, 0.6153846153846154, 0.5714285714285714, 0.6785714285714286, 0.6428571428571429, 0.5769230769230769, 0.5384615384615384]
 mean: 0.6188644688644689, std: 0.05373640106751394
F1 (Intime): [0.6176470588235294, 0.6145658263305322, 0.615530303030303, 0.44710144927536233, 0.5139423076923078, 0.720334567393391, 0.6955357142857144, 0.5483709273182957, 0.545995670995671, 0.5933441558441559, 0.58003663003663, 0.6529411764705882, 0.6366354234001294, 0.5559643255295429, 0.512531328320802]
 mean: 0.5900317909831304, std: 0.06996445055688948
--------------------------------------------------
Subject Number: 21
Accuracy Cross: [0.4852941176470588, 0.5735294117647058, 0.5, 0.45588235294117646, 0.3235294117647059, 0.4117647058823529, 0.3382352941176471, 0.4411764705882353, 0.39705882352941174, 0.4852941176470588, 0.45588235294117646, 0.4264705882352941, 0.39705882352941174, 0.4411764705882353, 0.4264705882352941]
 mean: 0.43725490196078437, std: 0.06038770037033133
F1 Score: [0.44356643356643355, 0.5193181818181819, 0.4663929398936895, 0.4181818181818182, 0.31198879551820724, 0.41412124060150374, 0.29486855409504553, 0.32537270227239834, 0.3911877394636015, 0.48098776223776224, 0.4030334861217214, 0.3918939393939394, 0.37003155133295523, 0.4184779518819816, 0.3412512218963832]
 mean: 0.3993782878850414, std: 0.0615561787562842
Accuracy Intime: [0.7142857142857143, 0.6428571428571429, 0.6428571428571429, 0.6153846153846154, 0.5769230769230769, 0.5714285714285714, 0.6071428571428571, 0.6785714285714286, 0.5, 0.5769230769230769, 0.6071428571428571, 0.6071428571428571, 0.4642857142857143, 0.6923076923076923, 0.6923076923076923]
 mean: 0.6126373626373626, std: 0.0674505100634018
F1 (Intime): [0.7212454212454211, 0.6368131868131868, 0.633347045111751, 0.4993872549019608, 0.5266241111829346, 0.51875, 0.5008771929824561, 0.6724213286713286, 0.32666666666666666, 0.4862677527151211, 0.5923971861471862, 0.5951107715813598, 0.403276182881446, 0.6714743589743589, 0.674404761904762]
 mean: 0.5639375481186626, std: 0.10705500917914434
--------------------------------------------------
Subject Number: 22
Accuracy Cross: [0.3235294117647059, 0.4852941176470588, 0.4411764705882353, 0.4264705882352941, 0.38235294117647056, 0.4492753623188406, 0.4492753623188406, 0.43478260869565216, 0.4782608695652174, 0.3188405797101449, 0.39705882352941174, 0.4117647058823529, 0.39705882352941174, 0.4264705882352941, 0.47058823529411764]
 mean: 0.4194799658994033, std: 0.04813528285935511
F1 Score: [0.34180942255476415, 0.4484320557491289, 0.4547875615763547, 0.388042328042328, 0.36176498939656837, 0.4222222222222222, 0.3842209856915739, 0.4013377926421405, 0.45151028771450524, 0.3522727272727273, 0.386762360446571, 0.4035087719298246, 0.39693181818181816, 0.44312787099502204, 0.47519633848234255]
 mean: 0.40746183552652615, std: 0.03906444307166517
Accuracy Intime: [0.5, 0.5, 0.5, 0.6538461538461539, 0.38461538461538464, 0.6785714285714286, 0.7142857142857143, 0.5357142857142857, 0.6153846153846154, 0.46153846153846156, 0.6428571428571429, 0.6785714285714286, 0.5714285714285714, 0.5, 0.4230769230769231]
 mean: 0.5573260073260073, std: 0.09827778073397218
F1 (Intime): [0.503531556163135, 0.44146825396825395, 0.5017482517482517, 0.6317016317016317, 0.35685367264314627, 0.6849933155080214, 0.7276785714285715, 0.5121381886087768, 0.6186571598336305, 0.3971638655462185, 0.5611111111111111, 0.668939393939394, 0.5841269841269842, 0.4378019323671497, 0.3732456140350877]
 mean: 0.533410633515291, std: 0.11392498248171949
--------------------------------------------------
Subject Number: 23
Accuracy Cross: [0.5217391304347826, 0.5652173913043478, 0.5072463768115942, 0.5652173913043478, 0.5362318840579711, 0.5882352941176471, 0.6029411764705882, 0.4411764705882353, 0.6176470588235294, 0.5441176470588235, 0.4492753623188406, 0.4927536231884058, 0.4492753623188406, 0.4782608695652174, 0.5072463768115942]
 mean: 0.5244387610116511, std: 0.05461319444893326
F1 Score: [0.5208384208384208, 0.5902801966616833, 0.5114541335675222, 0.5834077079107505, 0.547524154589372, 0.5487091537494764, 0.577003367003367, 0.4110703812316715, 0.6170111972437554, 0.4937324929971989, 0.38914634146341465, 0.4535626535626536, 0.4339544513457556, 0.4657264957264957, 0.5114617381698127]
 mean: 0.5103255257374234, std: 0.06652648277034788
Accuracy Intime: [0.6785714285714286, 0.8928571428571429, 0.5714285714285714, 0.5384615384615384, 0.46153846153846156, 0.5714285714285714, 0.75, 0.6785714285714286, 0.6428571428571429, 0.4230769230769231, 0.7857142857142857, 0.8214285714285714, 0.75, 0.7692307692307693, 0.6153846153846154]
 mean: 0.6633699633699633, std: 0.12987220683636802
F1 (Intime): [0.6874595992243051, 0.8918875242404654, 0.5544466403162055, 0.5284090909090909, 0.43672600619195046, 0.564962814962815, 0.7320261437908497, 0.5842105263157895, 0.6414174641148325, 0.4214285714285714, 0.7916666666666666, 0.8241258741258741, 0.7138655462184875, 0.7719155844155844, 0.6157738095238096]
 mean: 0.6506881241630199, std: 0.1342673009433179
--------------------------------------------------
Subject Number: 24
Accuracy Cross: [0.4264705882352941, 0.4117647058823529, 0.4117647058823529, 0.4264705882352941, 0.39705882352941174, 0.4852941176470588, 0.5, 0.3382352941176471, 0.4117647058823529, 0.5441176470588235, 0.3235294117647059, 0.3382352941176471, 0.20588235294117646, 0.39705882352941174, 0.3382352941176471]
 mean: 0.39705882352941174, std: 0.0794662122712135
F1 Score: [0.41188197767145135, 0.3791208791208791, 0.39831439393939394, 0.40808312060186125, 0.40351592851592855, 0.4916267942583732, 0.42558311487531086, 0.3077918775859279, 0.40047619047619043, 0.5062622548597303, 0.3148181276088253, 0.27531165311653116, 0.20025807525807526, 0.3460591706971413, 0.3158657373440939]
 mean: 0.37233128639531426, std: 0.077763165574148
Accuracy Intime: [0.5714285714285714, 0.5714285714285714, 0.5357142857142857, 0.5769230769230769, 0.46153846153846156, 0.6071428571428571, 0.4642857142857143, 0.5357142857142857, 0.6538461538461539, 0.46153846153846156, 0.5714285714285714, 0.5357142857142857, 0.5714285714285714, 0.6923076923076923, 0.5769230769230769]
 mean: 0.5591575091575092, std: 0.0632136164418206
F1 (Intime): [0.5687212684116708, 0.5278409090909091, 0.5305555555555556, 0.48081140350877194, 0.37873803827751196, 0.5629370629370629, 0.35975809087937227, 0.4342105263157895, 0.6361928104575163, 0.4053030303030303, 0.5624595992243051, 0.5111336032388665, 0.5505083732057416, 0.6130718954248365, 0.5555555555555556]
 mean: 0.5118531814924331, std: 0.08054713529402255
--------------------------------------------------
Subject Number: 25
Accuracy Cross: [0.5797101449275363, 0.391304347826087, 0.5797101449275363, 0.5652173913043478, 0.5362318840579711, 0.4411764705882353, 0.45588235294117646, 0.4264705882352941, 0.5441176470588235, 0.4411764705882353, 0.45588235294117646, 0.45588235294117646, 0.4852941176470588, 0.47058823529411764, 0.5]
 mean: 0.48857630008525155, std: 0.05734368584325498
F1 Score: [0.5769781144781145, 0.3639265000872144, 0.5064993723530309, 0.5202574002574003, 0.5140810170221934, 0.37590105658141604, 0.39433284877318175, 0.3047079337401918, 0.5163137827016249, 0.4281949934123847, 0.4365140793159369, 0.4345868945868946, 0.4587779973649539, 0.47618500273672687, 0.5025403310287031]
 mean: 0.4539864882959978, std: 0.07025820916841129
Accuracy Intime: [0.6785714285714286, 0.6428571428571429, 0.6428571428571429, 0.6923076923076923, 0.6538461538461539, 0.6428571428571429, 0.75, 0.7142857142857143, 0.8076923076923077, 0.7307692307692307, 0.5714285714285714, 0.6071428571428571, 0.5, 0.6538461538461539, 0.5384615384615384]
 mean: 0.6551282051282051, std: 0.07783257893468923
F1 (Intime): [0.6583333333333333, 0.5791666666666667, 0.6524612642259702, 0.6627705627705627, 0.5484848484848485, 0.6467532467532469, 0.7407925407925409, 0.6902777777777778, 0.7390977443609023, 0.6752136752136753, 0.5375, 0.5738095238095238, 0.3683574879227053, 0.5921822742474916, 0.53003663003663]
 mean: 0.6130158384263916, std: 0.09274048381177602
--------------------------------------------------
Subject Number: 26
Accuracy Cross: [0.4492753623188406, 0.6086956521739131, 0.5797101449275363, 0.5507246376811594, 0.5507246376811594, 0.25, 0.35294117647058826, 0.35294117647058826, 0.3235294117647059, 0.29411764705882354, 0.5, 0.4852941176470588, 0.5147058823529411, 0.5882352941176471, 0.5]
 mean: 0.46005967604433073, std: 0.11238593519483914
F1 Score: [0.41183712121212124, 0.6149749373433584, 0.5923076923076923, 0.567282176028306, 0.5546748250127473, 0.2546046046046046, 0.38597197376267145, 0.3078149920255183, 0.3432408582784523, 0.33125000000000004, 0.49956700267259274, 0.5042735042735043, 0.503343653250774, 0.6018570801179497, 0.5124186686686687]
 mean: 0.4656946059705973, std: 0.11347277026596507
Accuracy Intime: [0.6428571428571429, 0.5357142857142857, 0.5, 0.5769230769230769, 0.5384615384615384, 0.6428571428571429, 0.7857142857142857, 0.6785714285714286, 0.6538461538461539, 0.5, 0.7142857142857143, 0.6071428571428571, 0.5, 0.6923076923076923, 0.5384615384615384]
 mean: 0.6071428571428572, std: 0.08576827453456481
F1 (Intime): [0.6476190476190476, 0.505006105006105, 0.46234817813765183, 0.5736111111111111, 0.4716202270381836, 0.6479458041958042, 0.7640716374269005, 0.6082251082251082, 0.6788211788211788, 0.4658730158730159, 0.618421052631579, 0.6085303585303585, 0.5155138339920948, 0.703590527119939, 0.3789173789173789]
 mean: 0.576674304309697, std: 0.10324830076646171
--------------------------------------------------
Subject Number: 27
Accuracy Cross: [0.36231884057971014, 0.4492753623188406, 0.4492753623188406, 0.42028985507246375, 0.36231884057971014, 0.4492753623188406, 0.30434782608695654, 0.391304347826087, 0.37681159420289856, 0.4492753623188406, 0.39705882352941174, 0.5147058823529411, 0.35294117647058826, 0.5441176470588235, 0.47058823529411764]
 mean: 0.4195936345552714, std: 0.06223657995488761
F1 Score: [0.31850613154960983, 0.43276896434285284, 0.4253339230429014, 0.42435686918445537, 0.3706140350877193, 0.41980852325679907, 0.2686025408348457, 0.37648809523809523, 0.30642857142857144, 0.41325660699062233, 0.38177502158011906, 0.5043016602192134, 0.3611443222121754, 0.5414196310935441, 0.4843232633555214]
 mean: 0.40194187729446973, std: 0.07152137025325911
Accuracy Intime: [0.6071428571428571, 0.5714285714285714, 0.5714285714285714, 0.5769230769230769, 0.46153846153846156, 0.75, 0.7142857142857143, 0.7142857142857143, 0.6153846153846154, 0.6538461538461539, 0.6071428571428571, 0.6071428571428571, 0.5714285714285714, 0.6785714285714286, 0.4230769230769231]
 mean: 0.6082417582417583, std: 0.0858374713569232
F1 (Intime): [0.6014844804318489, 0.5515873015873016, 0.5575396825396826, 0.5102988798640973, 0.3923611111111111, 0.692290681454768, 0.699084249084249, 0.697110423116615, 0.5846273291925466, 0.5541666666666667, 0.5628019323671497, 0.5541666666666667, 0.5334168755221387, 0.6818181818181819, 0.35]
 mean: 0.5681836307615349, std: 0.09910919046514535
--------------------------------------------------
Subject Number: 28
Accuracy Cross: [0.4411764705882353, 0.4117647058823529, 0.3382352941176471, 0.2647058823529412, 0.38235294117647056, 0.25, 0.3088235294117647, 0.35294117647058826, 0.2647058823529412, 0.25, 0.36764705882352944, 0.35294117647058826, 0.4411764705882353, 0.38235294117647056, 0.38235294117647056]
 mean: 0.346078431372549, std: 0.06327897867884283
F1 Score: [0.4516314935064935, 0.40830771482945394, 0.30642468944099377, 0.2459199120733275, 0.34793709150326796, 0.19302046837543796, 0.2561663143058492, 0.34523809523809523, 0.22924658994032396, 0.19311872025383395, 0.32131313131313133, 0.3096428571428571, 0.43449637919684003, 0.31600617155537064, 0.34318181818181814]
 mean: 0.31344342979047296, std: 0.07740594671548269
Accuracy Intime: [0.5, 0.6071428571428571, 0.5714285714285714, 0.6923076923076923, 0.5, 0.4642857142857143, 0.6071428571428571, 0.6071428571428571, 0.7307692307692307, 0.6538461538461539, 0.6428571428571429, 0.5714285714285714, 0.6071428571428571, 0.46153846153846156, 0.4230769230769231]
 mean: 0.5760073260073261, std: 0.086583752708057
F1 (Intime): [0.41566985645933013, 0.5815058479532164, 0.5770917678812415, 0.6342105263157896, 0.4804924242424242, 0.41666666666666663, 0.5836134453781513, 0.5962566844919787, 0.7226190476190476, 0.5933823529411765, 0.6496753246753246, 0.5714285714285714, 0.5746753246753247, 0.4446428571428571, 0.3542735042735043]
 mean: 0.5464136134763069, std: 0.09819703116967185
--------------------------------------------------
Subject Number: 29
Accuracy Cross: [0.47058823529411764, 0.47058823529411764, 0.5735294117647058, 0.5294117647058824, 0.5588235294117647, 0.5588235294117647, 0.6470588235294118, 0.4117647058823529, 0.6323529411764706, 0.5441176470588235, 0.6231884057971014, 0.6231884057971014, 0.5362318840579711, 0.5942028985507246, 0.5507246376811594]
 mean: 0.5549730036942313, std: 0.06407173160267465
F1 Score: [0.477056277056277, 0.4920024743725698, 0.5330043859649123, 0.5340264420741776, 0.5213157894736842, 0.524158986612053, 0.6367017645869147, 0.4288759997881244, 0.6472473367822205, 0.5477284006695771, 0.6152963610360719, 0.6233630952380952, 0.550455091194802, 0.5458867859782495, 0.5564309899313908]
 mean: 0.5489033453839413, std: 0.05890991605402109
Accuracy Intime: [0.6428571428571429, 0.75, 0.75, 0.6153846153846154, 0.6538461538461539, 0.6785714285714286, 0.7142857142857143, 0.7142857142857143, 0.5384615384615384, 0.6153846153846154, 0.6428571428571429, 0.6785714285714286, 0.5714285714285714, 0.6153846153846154, 0.6923076923076923]
 mean: 0.6582417582417582, std: 0.05943893639156732
F1 (Intime): [0.5787433155080214, 0.7234962406015037, 0.7354166666666666, 0.6312937062937063, 0.65, 0.6742424242424242, 0.7075757575757575, 0.7242965367965368, 0.5196969696969697, 0.5976998491704374, 0.6205128205128205, 0.6592442645074224, 0.5756944444444444, 0.6431372549019607, 0.6881868131868132]
 mean: 0.648615804273699, std: 0.06067114880722104
--------------------------------------------------
**************************************************
accuracy_cross_list: [0.5027990906507531, 0.3817135549872123, 0.3418016481955101, 0.5033816425120773, 0.5039215686274509, 0.44266837169650464, 0.5245098039215687, 0.39019607843137266, 0.4715686274509805, 0.40096618357487923, 0.4628019323671497, 0.5257175333901677, 0.4175902244955954, 0.4333333333333334, 0.4725490196078431, 0.530392156862745, 0.4195936345552714, 0.38815004262574593, 0.3088235294117647, 0.5015913611821542, 0.43725490196078437, 0.4194799658994033, 0.5244387610116511, 0.39705882352941174, 0.48857630008525155, 0.46005967604433073, 0.4195936345552714, 0.346078431372549, 0.5549730036942313]
f1_score_list: [0.48897326248466116, 0.3694197990814292, 0.3210066434185194, 0.49311540649343216, 0.48201318513742664, 0.41826556951964483, 0.5060714979276303, 0.39186154547183794, 0.47529711597884067, 0.39851071937454574, 0.42760566718176946, 0.5192067407332276, 0.40251314476519, 0.4051115232753789, 0.4553586072542806, 0.4836401365822382, 0.40194187729446973, 0.38856792126329126, 0.2866624562033745, 0.4969324311380405, 0.3993782878850414, 0.40746183552652615, 0.5103255257374234, 0.37233128639531426, 0.4539864882959978, 0.4656946059705973, 0.40194187729446973, 0.31344342979047296, 0.5489033453839413]
accuracy_intime_list: [0.6386446886446886, 0.6053113553113553, 0.5216117216117216, 0.6509157509157509, 0.7481684981684982, 0.6302197802197802, 0.7543956043956045, 0.5188644688644689, 0.6051282051282051, 0.5137362637362637, 0.637912087912088, 0.6258241758241758, 0.5532967032967034, 0.576007326007326, 0.6192307692307694, 0.7606227106227106, 0.6082417582417583, 0.5847985347985348, 0.6018315018315018, 0.6188644688644689, 0.6126373626373626, 0.5573260073260073, 0.6633699633699633, 0.5591575091575092, 0.6551282051282051, 0.6071428571428572, 0.6082417582417583, 0.5760073260073261, 0.6582417582417582]
f1_score_intime_list: [0.6133511391047509, 0.5593896058262392, 0.4723686715150909, 0.6397172193418323, 0.7239730299252105, 0.5876390723139949, 0.7238809838538941, 0.4846716705273823, 0.5881414558617076, 0.47925803327506106, 0.60475644513725, 0.6038814029992184, 0.522558817773214, 0.5659008668490093, 0.6186912713189803, 0.736281879884821, 0.5681836307615349, 0.5488510396253363, 0.5767504794017447, 0.5900317909831304, 0.5639375481186626, 0.533410633515291, 0.6506881241630199, 0.5118531814924331, 0.6130158384263916, 0.576674304309697, 0.5681836307615349, 0.5464136134763069, 0.648615804273699]
**************************************************
ACC: 44.73±6.22
F1: 43.05±6.38
Intime: 61.62±6.15
F1 (Intime): 58.69±6.62
