1e-06
Subject Number: 1
Accuracy Cross: [0.6547619047619048, 0.6666666666666666, 0.6428571428571429, 0.6190476190476191, 0.6071428571428571, 0.7380952380952381, 0.7738095238095238, 0.7976190476190477, 0.7976190476190477, 0.75, 0.7023809523809523, 0.7023809523809523, 0.7857142857142857, 0.7261904761904762, 0.7142857142857143]
 mean: 0.7119047619047619, std: 0.06119865920208573
F1 Score: [0.6487382840663303, 0.6506238859180036, 0.6377228292121909, 0.6181818181818182, 0.6025806451612903, 0.7343300747556067, 0.7682590387686947, 0.7968994453136111, 0.7975903614457831, 0.7470967741935484, 0.6825396825396826, 0.6825396825396826, 0.7754010695187166, 0.7079365079365079, 0.6888888888888889]
 mean: 0.7026219325626903, std: 0.06243752455105324
Accuracy Intime: [0.8823529411764706, 0.8529411764705882, 0.7647058823529411, 0.8235294117647058, 0.65625, 0.6470588235294118, 0.7352941176470589, 0.7058823529411765, 0.7647058823529411, 1.0, 0.7058823529411765, 0.7941176470588235, 0.8529411764705882, 0.8529411764705882, 0.875]
 mean: 0.7942401960784315, std: 0.0928638595732508
F1 (Intime): [0.8823529411764706, 0.85178727114211, 0.7509157509157509, 0.8131868131868132, 0.6532019704433498, 0.6357142857142857, 0.7350649350649351, 0.7058823529411765, 0.7638888888888888, 1.0, 0.7017543859649122, 0.7850045167118338, 0.8528138528138528, 0.8528138528138528, 0.875]
 mean: 0.7906254545185488, std: 0.09477260066926123
--------------------------------------------------
Subject Number: 2
Accuracy Cross: [0.6547619047619048, 0.6904761904761905, 0.7619047619047619, 0.75, 0.7857142857142857, 0.6666666666666666, 0.7023809523809523, 0.6547619047619048, 0.7380952380952381, 0.6547619047619048, 0.7380952380952381, 0.7142857142857143, 0.7738095238095238, 0.8690476190476191, 0.8095238095238095]
 mean: 0.7309523809523809, std: 0.060982135594598565
F1 Score: [0.6149834044570887, 0.6576802507836991, 0.7569444444444444, 0.7456380677721701, 0.7826336975273145, 0.625, 0.6734566941377702, 0.6080450522928399, 0.71880706025563, 0.6080450522928399, 0.7223557692307692, 0.6932440657334145, 0.7641495492832866, 0.8675268817204301, 0.8040816326530613]
 mean: 0.7095061081723172, std: 0.07614487497030392
Accuracy Intime: [0.5882352941176471, 0.6764705882352942, 0.7647058823529411, 0.7647058823529411, 0.78125, 0.6764705882352942, 0.7352941176470589, 0.7058823529411765, 0.8823529411764706, 0.625, 0.6176470588235294, 0.7647058823529411, 0.7647058823529411, 0.8823529411764706, 0.78125]
 mean: 0.7340686274509804, std: 0.08419483323964841
F1 (Intime): [0.5492424242424242, 0.652093023255814, 0.7424242424242424, 0.7424242424242424, 0.7793103448275862, 0.652093023255814, 0.7332170880557978, 0.7017543859649122, 0.8785714285714286, 0.6190476190476191, 0.5888372093023255, 0.7571428571428571, 0.7424242424242424, 0.8785714285714286, 0.7757757757757757]
 mean: 0.7195286223524339, std: 0.09168306579555713
--------------------------------------------------
Subject Number: 3
Accuracy Cross: [0.6190476190476191, 0.6071428571428571, 0.6190476190476191, 0.5833333333333334, 0.5714285714285714, 0.7023809523809523, 0.7142857142857143, 0.6309523809523809, 0.6428571428571429, 0.7023809523809523, 0.7142857142857143, 0.7619047619047619, 0.7023809523809523, 0.7023809523809523, 0.7261904761904762]
 mean: 0.6666666666666666, std: 0.056678003401133714
F1 Score: [0.5633528265107213, 0.5452009844134537, 0.5714285714285714, 0.5269509251810136, 0.49867374005305043, 0.7020008514261388, 0.7136363636363636, 0.6266666666666667, 0.6354166666666667, 0.701322713696487, 0.6932440657334145, 0.7529411764705882, 0.6825396825396826, 0.6896704595832718, 0.7114264376400299]
 mean: 0.640964808776408, std: 0.07767357345000209
Accuracy Intime: [0.7058823529411765, 0.8823529411764706, 0.7647058823529411, 0.5882352941176471, 0.71875, 0.7352941176470589, 0.6764705882352942, 0.4411764705882353, 0.6176470588235294, 0.78125, 0.6176470588235294, 0.7058823529411765, 0.7647058823529411, 0.6176470588235294, 0.59375]
 mean: 0.6807598039215687, std: 0.10198405418852208
F1 (Intime): [0.7017543859649122, 0.8823529411764706, 0.7571428571428571, 0.5882352941176471, 0.716256157635468, 0.7294429708222812, 0.6739319965126417, 0.4164408310749774, 0.6091954022988506, 0.7757757757757757, 0.6007226738934056, 0.7058823529411765, 0.7571428571428571, 0.6007226738934056, 0.539313399778516]
 mean: 0.6702875046780827, std: 0.10978944911048148
--------------------------------------------------
Subject Number: 4
Accuracy Cross: [0.6428571428571429, 0.6666666666666666, 0.6666666666666666, 0.6547619047619048, 0.6666666666666666, 0.6547619047619048, 0.7261904761904762, 0.6547619047619048, 0.7142857142857143, 0.6428571428571429, 0.5476190476190477, 0.5595238095238095, 0.5595238095238095, 0.5714285714285714, 0.6428571428571429]
 mean: 0.638095238095238, std: 0.0528478470304333
F1 Score: [0.6354166666666667, 0.6664775950085082, 0.6664775950085082, 0.6547129695251594, 0.6659090909090909, 0.6361463778939507, 0.7171717171717171, 0.6462901118048496, 0.7128205128205127, 0.625668449197861, 0.43121881682109764, 0.4534904167399332, 0.4791352438411262, 0.4874576271186441, 0.5906432748538011]
 mean: 0.6046024310254284, std: 0.09128428712306345
Accuracy Intime: [0.8235294117647058, 0.7941176470588235, 0.6764705882352942, 0.6764705882352942, 0.71875, 0.7352941176470589, 0.7058823529411765, 0.6764705882352942, 0.7058823529411765, 0.6875, 0.7058823529411765, 0.5882352941176471, 0.6764705882352942, 0.7941176470588235, 0.75]
 mean: 0.7143382352941177, std: 0.05712861483720737
F1 (Intime): [0.8210526315789474, 0.793939393939394, 0.6621499548328816, 0.6621499548328816, 0.716256157635468, 0.7235772357723578, 0.6886446886446886, 0.6739319965126417, 0.6886446886446886, 0.6666666666666667, 0.6964285714285714, 0.5296442687747036, 0.6210739614994933, 0.7786046511627907, 0.7333333333333334]
 mean: 0.6970732103506341, std: 0.06910704192207899
--------------------------------------------------
Subject Number: 5
Accuracy Cross: [0.8214285714285714, 0.7380952380952381, 0.6904761904761905, 0.7261904761904762, 0.6309523809523809, 0.6904761904761905, 0.6190476190476191, 0.7261904761904762, 0.75, 0.6309523809523809, 0.6904761904761905, 0.7619047619047619, 0.6428571428571429, 0.7023809523809523, 0.6904761904761905]
 mean: 0.7007936507936507, std: 0.053921548417342945
F1 Score: [0.8207936282178923, 0.7282352941176471, 0.662962962962963, 0.7194714679831566, 0.5810136765888978, 0.662962962962963, 0.5633528265107213, 0.7194714679831566, 0.7333333333333334, 0.595086300730835, 0.6676810712111991, 0.7529411764705882, 0.6111111111111112, 0.6825396825396826, 0.6840277777777777]
 mean: 0.678998982700128, std: 0.06808383701527791
Accuracy Intime: [0.8235294117647058, 0.7647058823529411, 0.6764705882352942, 0.6176470588235294, 0.65625, 0.7058823529411765, 0.7647058823529411, 0.8823529411764706, 0.8823529411764706, 0.75, 0.6470588235294118, 0.8529411764705882, 0.6764705882352942, 0.8823529411764706, 0.75]
 mean: 0.7555147058823529, std: 0.08876728920083447
F1 (Intime): [0.8210526315789474, 0.7571428571428571, 0.6386473429951691, 0.5521783181357649, 0.6101882613510521, 0.6886446886446886, 0.7638888888888888, 0.8819444444444444, 0.8785714285714286, 0.7333333333333334, 0.6263736263736264, 0.85178727114211, 0.6386473429951691, 0.8785714285714286, 0.7490196078431373]
 mean: 0.7379994314674697, std: 0.1054418211951827
--------------------------------------------------
Subject Number: 6
Accuracy Cross: [0.5357142857142857, 0.6309523809523809, 0.5952380952380952, 0.5714285714285714, 0.6428571428571429, 0.5952380952380952, 0.6071428571428571, 0.6190476190476191, 0.6666666666666666, 0.7142857142857143, 0.5476190476190477, 0.6190476190476191, 0.6904761904761905, 0.6428571428571429, 0.6785714285714286]
 mean: 0.6238095238095237, std: 0.04933419132673034
F1 Score: [0.5204216073781291, 0.6266666666666667, 0.5915331807780321, 0.5675057208237986, 0.6426545660805445, 0.5894192064404831, 0.5942028985507246, 0.6181818181818182, 0.6597222222222223, 0.7136363636363636, 0.5381944444444444, 0.6155606407322655, 0.6897727272727273, 0.641025641025641, 0.6785258681785967]
 mean: 0.6191349048274971, std: 0.05255179236294071
Accuracy Intime: [0.5588235294117647, 0.7058823529411765, 0.5588235294117647, 0.7647058823529411, 0.71875, 0.6176470588235294, 0.5, 0.6470588235294118, 0.7352941176470589, 0.71875, 0.5294117647058824, 0.5294117647058824, 0.6176470588235294, 0.5588235294117647, 0.71875]
 mean: 0.631985294117647, std: 0.08621356191668551
F1 (Intime): [0.5584415584415584, 0.7048611111111112, 0.5392953929539295, 0.7638888888888888, 0.716256157635468, 0.5888372093023255, 0.49956709956709955, 0.6421052631578947, 0.7294429708222812, 0.7046153846153846, 0.5228070175438597, 0.5018315018315018, 0.6173160173160173, 0.5584415584415584, 0.716256157635468]
 mean: 0.6242642192842899, std: 0.0889846901732691
--------------------------------------------------
Subject Number: 7
Accuracy Cross: [0.6428571428571429, 0.5238095238095238, 0.6428571428571429, 0.5119047619047619, 0.5357142857142857, 0.6071428571428571, 0.6190476190476191, 0.5357142857142857, 0.6666666666666666, 0.5952380952380952, 0.5714285714285714, 0.5238095238095238, 0.5952380952380952, 0.4880952380952381, 0.6190476190476191]
 mean: 0.5785714285714285, std: 0.0535581994247714
F1 Score: [0.6420454545454546, 0.5058823529411764, 0.6354166666666667, 0.5084915084915085, 0.5243211848410048, 0.5859596713965647, 0.6007130124777184, 0.5204216073781291, 0.6618746405980449, 0.5523510971786834, 0.5456730769230769, 0.5213675213675214, 0.5931623931623932, 0.4880226789510985, 0.5961538461538461]
 mean: 0.5654571142048592, std: 0.053196122069327986
Accuracy Intime: [0.5588235294117647, 0.5294117647058824, 0.6470588235294118, 0.6470588235294118, 0.65625, 0.6470588235294118, 0.5588235294117647, 0.7058823529411765, 0.6176470588235294, 0.65625, 0.5588235294117647, 0.5588235294117647, 0.5588235294117647, 0.7058823529411765, 0.625]
 mean: 0.6154411764705882, std: 0.05550618360764071
F1 (Intime): [0.5490716180371353, 0.5294117647058824, 0.6458333333333333, 0.6263736263736264, 0.6389743589743591, 0.6458333333333333, 0.5490716180371353, 0.6964285714285714, 0.6173160173160173, 0.6476476476476476, 0.5553618134263296, 0.5584415584415584, 0.5584415584415584, 0.7058823529411765, 0.5844155844155844]
 mean: 0.6072336504568832, std: 0.054510247381872545
--------------------------------------------------
Subject Number: 8
Accuracy Cross: [0.8214285714285714, 0.7857142857142857, 0.8452380952380952, 0.7857142857142857, 0.7976190476190477, 0.8809523809523809, 0.8809523809523809, 0.9166666666666666, 0.8452380952380952, 0.9166666666666666, 0.7976190476190477, 0.6666666666666666, 0.7619047619047619, 0.8214285714285714, 0.7738095238095238]
 mean: 0.8198412698412698, std: 0.06312393277824817
F1 Score: [0.8214032600992204, 0.7855927396483267, 0.8452161587526577, 0.7846153846153847, 0.7975903614457831, 0.879862700228833, 0.8792409430707303, 0.9165602383993188, 0.8425378514780101, 0.9163703598350164, 0.7889759125166248, 0.625, 0.750445632798574, 0.8183129055515501, 0.7641495492832866]
 mean: 0.8143915998482211, std: 0.07130388955280259
Accuracy Intime: [0.8235294117647058, 0.8235294117647058, 0.8823529411764706, 0.7941176470588235, 0.90625, 0.9117647058823529, 0.9117647058823529, 0.7352941176470589, 0.6764705882352942, 0.9375, 0.7647058823529411, 0.7941176470588235, 0.7058823529411765, 0.8235294117647058, 0.75]
 mean: 0.8160539215686275, std: 0.07826211055718992
F1 (Intime): [0.8235294117647058, 0.8210526315789474, 0.8819444444444444, 0.7786046511627907, 0.9054187192118226, 0.9116883116883117, 0.9116883116883117, 0.7350649350649351, 0.652093023255814, 0.9372549019607843, 0.7571428571428571, 0.7895667550839964, 0.6964285714285714, 0.8178571428571428, 0.746031746031746]
 mean: 0.8110244276243453, std: 0.08296349249632097
--------------------------------------------------
Subject Number: 9
Accuracy Cross: [0.7023809523809523, 0.7261904761904762, 0.7738095238095238, 0.7142857142857143, 0.7976190476190477, 0.6904761904761905, 0.6428571428571429, 0.6547619047619048, 0.7380952380952381, 0.8214285714285714, 0.5952380952380952, 0.6785714285714286, 0.7142857142857143, 0.7023809523809523, 0.6547619047619048]
 mean: 0.7071428571428571, std: 0.057963681385746715
F1 Score: [0.7002997002997002, 0.7214131218457102, 0.7735206470838655, 0.7141236528644356, 0.7962037962037962, 0.6788235294117647, 0.6326530612244898, 0.6487382840663303, 0.7326388888888888, 0.8212005108556832, 0.5265251989389921, 0.6571428571428571, 0.6971153846153846, 0.6925779534475187, 0.6080450522928399]
 mean: 0.6934014426121504, std: 0.07233324256991856
Accuracy Intime: [0.8529411764705882, 0.7647058823529411, 0.8823529411764706, 0.7352941176470589, 0.78125, 0.8823529411764706, 0.6764705882352942, 0.6176470588235294, 0.8823529411764706, 0.90625, 0.7647058823529411, 0.7058823529411765, 0.7647058823529411, 0.6764705882352942, 0.90625]
 mean: 0.786642156862745, std: 0.09090494304350234
F1 (Intime): [0.85178727114211, 0.7614035087719297, 0.880701754385965, 0.7332170880557978, 0.7757757757757757, 0.8819444444444444, 0.6761904761904762, 0.5888372093023255, 0.8785714285714286, 0.906158357771261, 0.7614035087719297, 0.6964285714285714, 0.7424242424242424, 0.6693191865605659, 0.9054187192118226]
 mean: 0.7806387695205764, std: 0.09588432449312247
--------------------------------------------------
Subject Number: 10
Accuracy Cross: [0.6428571428571429, 0.5714285714285714, 0.6428571428571429, 0.5833333333333334, 0.5952380952380952, 0.5357142857142857, 0.5595238095238095, 0.5952380952380952, 0.5714285714285714, 0.6547619047619048, 0.5833333333333334, 0.6309523809523809, 0.6904761904761905, 0.5595238095238095, 0.6547619047619048]
 mean: 0.6047619047619047, std: 0.04329581491106622
F1 Score: [0.6326530612244898, 0.5711854792966535, 0.6428571428571429, 0.5828011919965943, 0.595008508224617, 0.5158859169499039, 0.5564435564435564, 0.5894192064404831, 0.5714285714285714, 0.6523476523476524, 0.5828011919965943, 0.6283716283716283, 0.690300623936472, 0.5564435564435564, 0.650752688172043]
 mean: 0.6012466650753304, std: 0.04501813291308647
Accuracy Intime: [0.7352941176470589, 0.6470588235294118, 0.6764705882352942, 0.7352941176470589, 0.5625, 0.7647058823529411, 0.5882352941176471, 0.7058823529411765, 0.6764705882352942, 0.6875, 0.6176470588235294, 0.6176470588235294, 0.6764705882352942, 0.7058823529411765, 0.75]
 mean: 0.6764705882352939, std: 0.05803702135491504
F1 (Intime): [0.7332170880557978, 0.6470588235294118, 0.6739319965126417, 0.7350649350649351, 0.5465587044534412, 0.7571428571428571, 0.5868055555555556, 0.7017543859649122, 0.6761904761904762, 0.6862745098039216, 0.6173160173160173, 0.6146469049694856, 0.6693191865605659, 0.7017543859649122, 0.7408906882591093]
 mean: 0.6725284343562694, std: 0.0586594920545489
--------------------------------------------------
Subject Number: 11
Accuracy Cross: [0.6071428571428571, 0.5476190476190477, 0.6071428571428571, 0.6071428571428571, 0.7023809523809523, 0.6190476190476191, 0.5952380952380952, 0.6309523809523809, 0.6904761904761905, 0.7023809523809523, 0.5357142857142857, 0.6547619047619048, 0.6904761904761905, 0.6785714285714286, 0.6428571428571429]
 mean: 0.6341269841269841, std: 0.05115200966451433
F1 Score: [0.5539823008849558, 0.48148148148148145, 0.6025806451612903, 0.6070871722182849, 0.6950776825903877, 0.5543766578249337, 0.5800000000000001, 0.6245133381398702, 0.6860264519838988, 0.6971881759192502, 0.5106796116504855, 0.6462901118048496, 0.6788235294117647, 0.6729632299927901, 0.6354166666666667]
 mean: 0.6150991370487273, std: 0.0656666711691776
Accuracy Intime: [0.6470588235294118, 0.6470588235294118, 0.8235294117647058, 0.8235294117647058, 0.71875, 0.7352941176470589, 0.6764705882352942, 0.5588235294117647, 0.7647058823529411, 0.6875, 0.5294117647058824, 0.7647058823529411, 0.7647058823529411, 0.7058823529411765, 0.59375]
 mean: 0.6960784313725489, std: 0.0860683323500901
F1 (Intime): [0.6263736263736264, 0.6357142857142857, 0.8178571428571428, 0.8229166666666667, 0.7046153846153846, 0.7332170880557978, 0.6693191865605659, 0.5255813953488373, 0.7571428571428571, 0.6666666666666667, 0.5277777777777778, 0.7614035087719297, 0.7571428571428571, 0.6964285714285714, 0.5901477832512315]
 mean: 0.6861536532249465, std: 0.08993227103823355
--------------------------------------------------
Subject Number: 12
Accuracy Cross: [0.6904761904761905, 0.8214285714285714, 0.7857142857142857, 0.7738095238095238, 0.7261904761904762, 0.7619047619047619, 0.7142857142857143, 0.7380952380952381, 0.7023809523809523, 0.6904761904761905, 0.7023809523809523, 0.7261904761904762, 0.6666666666666666, 0.7976190476190477, 0.7142857142857143]
 mean: 0.7341269841269841, std: 0.043179271456303
F1 Score: [0.6897727272727273, 0.8212005108556832, 0.7846153846153847, 0.7737774627923459, 0.7258407833120477, 0.7551020408163265, 0.703529411764706, 0.7223557692307692, 0.6989247311827957, 0.6788235294117647, 0.6825396825396826, 0.7079365079365079, 0.6506238859180036, 0.7952688172043011, 0.7005347593582887]
 mean: 0.7260564002807557, std: 0.04744196495305768
Accuracy Intime: [0.7058823529411765, 0.6764705882352942, 0.7352941176470589, 0.7058823529411765, 0.71875, 0.7941176470588235, 0.8235294117647058, 0.8529411764705882, 0.7941176470588235, 0.75, 0.8235294117647058, 0.8529411764705882, 0.7647058823529411, 0.7352941176470589, 0.84375]
 mean: 0.7718137254901961, std: 0.05684821695745458
F1 (Intime): [0.6964285714285714, 0.6739319965126417, 0.7332170880557978, 0.7017543859649122, 0.718475073313783, 0.7925021795989537, 0.8229166666666667, 0.8528138528138528, 0.7850045167118338, 0.75, 0.8229166666666667, 0.85178727114211, 0.7638888888888888, 0.7332170880557978, 0.8435972629521017]
 mean: 0.7694967672515052, std: 0.0579593480742142
--------------------------------------------------
Subject Number: 13
Accuracy Cross: [0.6309523809523809, 0.6547619047619048, 0.6547619047619048, 0.7380952380952381, 0.6904761904761905, 0.7738095238095238, 0.6071428571428571, 0.7380952380952381, 0.7619047619047619, 0.7261904761904762, 0.75, 0.6666666666666666, 0.7261904761904762, 0.7023809523809523, 0.7142857142857143]
 mean: 0.7023809523809523, std: 0.048210611265039505
F1 Score: [0.6304810557684121, 0.654320987654321, 0.653534347887925, 0.7367521367521368, 0.6897727272727273, 0.7730052624093302, 0.6070871722182849, 0.7367521367521368, 0.761769710720363, 0.7261516654854713, 0.7438652533759256, 0.6618746405980449, 0.7258407833120477, 0.6896704595832718, 0.7116704805491991]
 mean: 0.7001699213559731, std: 0.04805166211844692
Accuracy Intime: [0.8823529411764706, 0.8235294117647058, 0.7647058823529411, 0.7647058823529411, 0.75, 0.9411764705882353, 0.8235294117647058, 0.6764705882352942, 0.7941176470588235, 0.71875, 0.8529411764705882, 0.7058823529411765, 0.7352941176470589, 0.6764705882352942, 0.6875]
 mean: 0.7731617647058824, std: 0.07644878554196907
F1 (Intime): [0.8819444444444444, 0.8229166666666667, 0.7614035087719297, 0.7614035087719297, 0.746031746031746, 0.9409722222222222, 0.8229166666666667, 0.6693191865605659, 0.7925021795989537, 0.694591728525981, 0.8464317976513098, 0.7048611111111112, 0.7350649350649351, 0.6739319965126417, 0.6761133603238867]
 mean: 0.7686936705949994, std: 0.07905212757039821
--------------------------------------------------
Subject Number: 14
Accuracy Cross: [0.6666666666666666, 0.75, 0.7976190476190477, 0.7619047619047619, 0.6309523809523809, 0.7142857142857143, 0.6785714285714286, 0.7023809523809523, 0.8095238095238095, 0.7976190476190477, 0.7738095238095238, 0.7738095238095238, 0.5833333333333334, 0.7738095238095238, 0.6785714285714286]
 mean: 0.7261904761904763, std: 0.06534980587377431
F1 Score: [0.6370370370370371, 0.7438652533759256, 0.79408795962509, 0.7584818861414606, 0.6063492063492064, 0.6971153846153846, 0.6525203002910984, 0.6782595373065727, 0.8067855089131685, 0.7909530083443127, 0.7737774627923459, 0.7698630136986302, 0.5428393717928783, 0.7730052624093302, 0.6648440963499335]
 mean: 0.7126522859361583, std: 0.07682466846869078
Accuracy Intime: [0.7352941176470589, 0.7941176470588235, 0.7941176470588235, 0.7941176470588235, 0.71875, 0.8823529411764706, 0.6764705882352942, 0.7941176470588235, 0.7941176470588235, 0.8125, 0.7941176470588235, 0.9117647058823529, 0.7058823529411765, 0.8529411764705882, 0.75]
 mean: 0.7873774509803921, std: 0.061890288219198314
F1 (Intime): [0.7235772357723578, 0.7925021795989537, 0.7850045167118338, 0.7925021795989537, 0.7046153846153846, 0.8819444444444444, 0.6621499548328816, 0.7850045167118338, 0.7786046511627907, 0.8056680161943319, 0.793939393939394, 0.9116883116883117, 0.6886446886446886, 0.8464317976513098, 0.7333333333333334]
 mean: 0.7790407069933868, std: 0.06664844774355738
--------------------------------------------------
**************************************************
accuracy_cross_list: [0.7119047619047619, 0.7309523809523809, 0.6666666666666666, 0.638095238095238, 0.7007936507936507, 0.6238095238095237, 0.5785714285714285, 0.8198412698412698, 0.7071428571428571, 0.6047619047619047, 0.6341269841269841, 0.7341269841269841, 0.7023809523809523, 0.7261904761904763]
f1_score_list: [0.7026219325626903, 0.7095061081723172, 0.640964808776408, 0.6046024310254284, 0.678998982700128, 0.6191349048274971, 0.5654571142048592, 0.8143915998482211, 0.6934014426121504, 0.6012466650753304, 0.6150991370487273, 0.7260564002807557, 0.7001699213559731, 0.7126522859361583]
accuracy_intime_list: [0.7942401960784315, 0.7340686274509804, 0.6807598039215687, 0.7143382352941177, 0.7555147058823529, 0.631985294117647, 0.6154411764705882, 0.8160539215686275, 0.786642156862745, 0.6764705882352939, 0.6960784313725489, 0.7718137254901961, 0.7731617647058824, 0.7873774509803921]
f1_score_intime_list: [0.7906254545185488, 0.7195286223524339, 0.6702875046780827, 0.6970732103506341, 0.7379994314674697, 0.6242642192842899, 0.6072336504568832, 0.8110244276243453, 0.7806387695205764, 0.6725284343562694, 0.6861536532249465, 0.7694967672515052, 0.7686936705949994, 0.7790407069933868]
**************************************************
ACC: 68.42±6.14
F1: 67.03±6.34
Intime: 73.10±6.08
F1 (Intime): 72.25±6.20
