1e-06
Subject Number: 1
Accuracy Cross: [0.625, 0.84375, 0.5625, 0.84375, 0.71875, 0.7878787878787878, 0.696969696969697, 0.8484848484848485, 0.696969696969697, 0.7272727272727273, 0.75, 0.96875, 0.75, 0.90625, 0.75]
 mean: 0.7650883838383838, std: 0.10180428791035771
F1 Score: [0.611336032388664, 0.8423645320197044, 0.5465587044534412, 0.8303287380699894, 0.7117117117117118, 0.7746341463414634, 0.6898496240601504, 0.8462255358807083, 0.6413043478260869, 0.7102439024390244, 0.7490196078431373, 0.9684729064039409, 0.7490196078431373, 0.9015384615384616, 0.746031746031746]
 mean: 0.7545759736567578, std: 0.10780952643624102
Accuracy Intime: [0.8571428571428571, 0.7857142857142857, 0.6666666666666666, 0.9166666666666666, 0.75, 0.8571428571428571, 0.9285714285714286, 0.75, 0.6666666666666666, 0.9166666666666666, 0.7857142857142857, 0.7857142857142857, 0.5833333333333334, 0.5833333333333334, 0.5]
 mean: 0.7555555555555558, std: 0.1279871103991315
F1 (Intime): [0.8571428571428571, 0.7754010695187166, 0.6571428571428571, 0.916083916083916, 0.7482517482517483, 0.8444444444444444, 0.9251336898395721, 0.7333333333333334, 0.625, 0.916083916083916, 0.7543859649122806, 0.7754010695187166, 0.5804195804195804, 0.4957983193277311, 0.4857142857142857]
 mean: 0.7393158034489303, std: 0.13990175319290357
--------------------------------------------------
Subject Number: 2
Accuracy Cross: [0.48484848484848486, 0.48484848484848486, 0.48484848484848486, 0.5757575757575758, 0.6363636363636364, 0.40625, 0.5625, 0.5625, 0.6875, 0.53125, 0.7575757575757576, 0.45454545454545453, 0.6060606060606061, 0.45454545454545453, 0.5151515151515151]
 mean: 0.5469696969696969, std: 0.09187708027750084
F1 Score: [0.4771668219944082, 0.48484848484848486, 0.48294930875576036, 0.5416666666666666, 0.6192307692307693, 0.4056695992179863, 0.5625, 0.5555555555555556, 0.6666666666666667, 0.4909862142099682, 0.7380952380952381, 0.44172932330827064, 0.6046082949308755, 0.4288461538461539, 0.5037593984962406]
 mean: 0.533618566388203, std: 0.08940367205884481
Accuracy Intime: [0.8571428571428571, 0.7142857142857143, 0.5, 0.4166666666666667, 0.5833333333333334, 0.42857142857142855, 0.5, 0.6428571428571429, 0.6666666666666666, 0.3333333333333333, 0.6428571428571429, 0.42857142857142855, 0.4166666666666667, 0.5833333333333334, 0.16666666666666666]
 mean: 0.5253968253968254, std: 0.1651785416368723
F1 (Intime): [0.8541666666666667, 0.7142857142857143, 0.4857142857142857, 0.37777777777777777, 0.5804195804195804, 0.41666666666666663, 0.49743589743589745, 0.641025641025641, 0.6571428571428571, 0.3333333333333333, 0.5906432748538011, 0.41666666666666663, 0.4125874125874126, 0.5804195804195804, 0.16666666666666666]
 mean: 0.5149968014441699, std: 0.16518261217624738
--------------------------------------------------
Subject Number: 3
Accuracy Cross: [0.5625, 0.46875, 0.65625, 0.625, 0.375, 0.5454545454545454, 0.3333333333333333, 0.45454545454545453, 0.7272727272727273, 0.45454545454545453, 0.48484848484848486, 0.5757575757575758, 0.5454545454545454, 0.5151515151515151, 0.3939393939393939]
 mean: 0.514520202020202, std: 0.1040918387497142
F1 Score: [0.5607843137254902, 0.4682306940371457, 0.6389743589743591, 0.5844155844155844, 0.37254901960784315, 0.5386766076421249, 0.27976190476190477, 0.45, 0.6857142857142857, 0.4288461538461539, 0.4771668219944082, 0.5753676470588236, 0.5299145299145299, 0.45454545454545453, 0.37969924812030076]
 mean: 0.49497644162389387, std: 0.10414648706590618
Accuracy Intime: [0.5714285714285714, 0.5, 0.6428571428571429, 0.5, 0.75, 0.5714285714285714, 0.5, 0.8333333333333334, 0.75, 0.4166666666666667, 0.6428571428571429, 0.8571428571428571, 0.5833333333333334, 0.6666666666666666, 0.8333333333333334]
 mean: 0.6412698412698413, std: 0.13369188374124166
F1 (Intime): [0.5625, 0.49743589743589745, 0.641025641025641, 0.4375, 0.7482517482517483, 0.5625, 0.4269005847953216, 0.8125, 0.7333333333333334, 0.29411764705882354, 0.641025641025641, 0.8571428571428571, 0.5555555555555556, 0.6571428571428571, 0.8285714285714285]
 mean: 0.6170335460892736, std: 0.157225998256859
--------------------------------------------------
Subject Number: 4
Accuracy Cross: [0.6363636363636364, 0.6666666666666666, 0.7272727272727273, 0.7878787878787878, 0.8181818181818182, 0.7272727272727273, 0.696969696969697, 0.8484848484848485, 0.7575757575757576, 0.7575757575757576, 0.48484848484848486, 0.7575757575757576, 0.7272727272727273, 0.6363636363636364, 0.696969696969697]
 mean: 0.7151515151515152, std: 0.08484848484848485
F1 Score: [0.6192307692307693, 0.6552706552706553, 0.717948717948718, 0.7664307381193125, 0.8035714285714286, 0.723205964585275, 0.6966911764705883, 0.8462255358807083, 0.7380952380952381, 0.7555555555555555, 0.4771668219944082, 0.7555555555555555, 0.7272727272727273, 0.6333333333333333, 0.6944444444444444]
 mean: 0.7073332441552478, std: 0.08469914236736048
Accuracy Intime: [0.7142857142857143, 0.6428571428571429, 0.5, 0.5, 0.75, 0.9285714285714286, 0.7857142857142857, 0.8571428571428571, 0.5833333333333334, 0.6666666666666666, 0.9285714285714286, 0.9285714285714286, 0.9285714285714286, 0.75, 0.8333333333333334]
 mean: 0.7531746031746033, std: 0.14596271660409713
F1 (Intime): [0.6888888888888889, 0.641025641025641, 0.4269005847953216, 0.4857142857142857, 0.7482517482517483, 0.9282051282051282, 0.7846153846153847, 0.8444444444444444, 0.5555555555555556, 0.6666666666666666, 0.9251336898395721, 0.9282051282051282, 0.9251336898395721, 0.7333333333333334, 0.8333333333333334]
 mean: 0.7410271668476003, std: 0.15823960117703592
--------------------------------------------------
Subject Number: 5
Accuracy Cross: [0.5, 0.59375, 0.5625, 0.59375, 0.53125, 0.71875, 0.53125, 0.5625, 0.59375, 0.65625, 0.5625, 0.5625, 0.59375, 0.59375, 0.5625]
 mean: 0.58125, std: 0.050775240028974745
F1 Score: [0.4980392156862745, 0.5901477832512315, 0.5333333333333333, 0.5933528836754643, 0.5195195195195195, 0.716256157635468, 0.5076923076923077, 0.5333333333333333, 0.5901477832512315, 0.6532019704433498, 0.5555555555555556, 0.5465587044534412, 0.5835835835835836, 0.5933528836754643, 0.5555555555555556]
 mean: 0.5713087047096742, std: 0.055160000261157284
Accuracy Intime: [0.9285714285714286, 0.9285714285714286, 0.8333333333333334, 0.5833333333333334, 0.4166666666666667, 0.7857142857142857, 0.7142857142857143, 0.75, 0.5833333333333334, 0.4166666666666667, 0.7142857142857143, 0.7857142857142857, 0.8333333333333334, 0.5833333333333334, 0.75]
 mean: 0.7071428571428573, std: 0.1550851325469744
F1 (Intime): [0.9282051282051282, 0.9282051282051282, 0.8285714285714285, 0.5555555555555556, 0.4125874125874126, 0.7846153846153847, 0.7083333333333333, 0.7482517482517483, 0.5555555555555556, 0.4125874125874126, 0.7083333333333333, 0.7846153846153847, 0.8285714285714285, 0.5804195804195804, 0.7482517482517483]
 mean: 0.7008439708439709, std: 0.15865275327292913
--------------------------------------------------
Subject Number: 6
Accuracy Cross: [0.46875, 0.65625, 0.5625, 0.65625, 0.625, 0.45454545454545453, 0.6666666666666666, 0.5757575757575758, 0.5151515151515151, 0.5454545454545454, 0.5757575757575758, 0.48484848484848486, 0.6666666666666666, 0.5757575757575758, 0.6363636363636364]
 mean: 0.5777146464646464, std: 0.07057007833008791
F1 Score: [0.464039408866995, 0.6559139784946236, 0.5465587044534412, 0.6532019704433498, 0.6235294117647059, 0.4288461538461539, 0.6458536585365854, 0.49782608695652175, 0.45454545454545453, 0.4994944388270981, 0.5416666666666666, 0.4672364672364672, 0.6654377880184332, 0.5753676470588236, 0.6360294117647058]
 mean: 0.557036483165335, std: 0.08184284151635708
Accuracy Intime: [0.6428571428571429, 0.42857142857142855, 0.6428571428571429, 0.5833333333333334, 0.6666666666666666, 0.8571428571428571, 0.8571428571428571, 0.9166666666666666, 0.6666666666666666, 0.4166666666666667, 0.6428571428571429, 0.6428571428571429, 0.4166666666666667, 0.6666666666666666, 0.5833333333333334]
 mean: 0.6420634920634921, std: 0.14693046433761145
F1 (Intime): [0.625668449197861, 0.42857142857142855, 0.5238095238095237, 0.5555555555555556, 0.6666666666666666, 0.8571428571428571, 0.8541666666666667, 0.8991596638655461, 0.6571428571428571, 0.37777777777777777, 0.641025641025641, 0.641025641025641, 0.37777777777777777, 0.6666666666666666, 0.5804195804195804]
 mean: 0.6235051168874698, std: 0.15586926962133524
--------------------------------------------------
Subject Number: 7
Accuracy Cross: [0.625, 0.65625, 0.5, 0.6875, 0.5625, 0.46875, 0.4375, 0.53125, 0.53125, 0.625, 0.5625, 0.6875, 0.53125, 0.59375, 0.65625]
 mean: 0.5770833333333333, std: 0.0755764881134044
F1 Score: [0.6190476190476191, 0.6389743589743591, 0.4817813765182186, 0.6363636363636364, 0.5151515151515151, 0.464039408866995, 0.41700404858299595, 0.5195195195195195, 0.5076923076923077, 0.611336032388664, 0.5607843137254902, 0.6862745098039216, 0.530791788856305, 0.5933528836754643, 0.6559139784946236]
 mean: 0.5625351531774424, std: 0.07631750884216656
Accuracy Intime: [0.7857142857142857, 0.7142857142857143, 0.3333333333333333, 0.75, 0.5, 0.7142857142857143, 0.6428571428571429, 0.6666666666666666, 0.75, 0.5833333333333334, 0.5714285714285714, 0.5714285714285714, 0.5833333333333334, 0.4166666666666667, 0.6666666666666666]
 mean: 0.6166666666666666, std: 0.12358037402248552
F1 (Intime): [0.7754010695187166, 0.6888888888888889, 0.3142857142857143, 0.7333333333333334, 0.5, 0.7083333333333333, 0.625668449197861, 0.6666666666666666, 0.7333333333333334, 0.5804195804195804, 0.5333333333333333, 0.5714285714285714, 0.5804195804195804, 0.4125874125874126, 0.6571428571428571]
 mean: 0.6054161415926121, std: 0.12292835990841124
--------------------------------------------------
Subject Number: 8
Accuracy Cross: [0.71875, 0.65625, 0.65625, 0.5625, 0.625, 0.53125, 0.5625, 0.65625, 0.65625, 0.59375, 0.5, 0.71875, 0.59375, 0.5, 0.5625]
 mean: 0.60625, std: 0.06827487336739141
F1 Score: [0.681063122923588, 0.5883040935672514, 0.6532019704433498, 0.5465587044534412, 0.611336032388664, 0.530791788856305, 0.5151515151515151, 0.6532019704433498, 0.5883040935672514, 0.5588547189819725, 0.4666666666666667, 0.7046153846153846, 0.5835835835835836, 0.4666666666666667, 0.5607843137254902]
 mean: 0.580605641735632, std: 0.06920373662169713
Accuracy Intime: [0.9285714285714286, 0.6428571428571429, 0.8333333333333334, 0.5833333333333334, 0.75, 0.7857142857142857, 0.5, 0.8333333333333334, 0.5833333333333334, 0.5833333333333334, 0.6428571428571429, 0.8571428571428571, 0.5833333333333334, 0.75, 0.75]
 mean: 0.7071428571428572, std: 0.12316683006073868
F1 (Intime): [0.9251336898395721, 0.625668449197861, 0.8285714285714285, 0.5804195804195804, 0.7482517482517483, 0.7846153846153847, 0.4269005847953216, 0.8125, 0.5555555555555556, 0.5804195804195804, 0.625668449197861, 0.8571428571428571, 0.4957983193277311, 0.7482517482517483, 0.7482517482517483]
 mean: 0.6895432749225319, std: 0.13996793809938846
--------------------------------------------------
Subject Number: 9
Accuracy Cross: [0.90625, 0.84375, 0.8125, 0.84375, 0.8125, 0.75, 0.78125, 0.625, 0.71875, 0.59375, 0.53125, 0.75, 0.71875, 0.8125, 0.9375]
 mean: 0.7625, std: 0.10873323625583241
F1 Score: [0.9015384615384616, 0.8303287380699894, 0.8, 0.8303287380699894, 0.7922077922077921, 0.75, 0.7702564102564102, 0.611336032388664, 0.681063122923588, 0.5901477832512315, 0.5076923076923077, 0.7408906882591093, 0.7046153846153846, 0.8, 0.9365079365079365]
 mean: 0.7497942263853911, std: 0.11202207922943706
Accuracy Intime: [0.9285714285714286, 0.9285714285714286, 0.9166666666666666, 0.5833333333333334, 0.5833333333333334, 1.0, 1.0, 1.0, 0.5833333333333334, 0.6666666666666666, 0.9285714285714286, 0.9285714285714286, 0.75, 0.6666666666666666, 0.6666666666666666]
 mean: 0.8087301587301586, std: 0.16232826652302695
F1 (Intime): [0.9251336898395721, 0.9251336898395721, 0.8991596638655461, 0.4957983193277311, 0.5804195804195804, 1.0, 1.0, 1.0, 0.5804195804195804, 0.625, 0.9251336898395721, 0.9282051282051282, 0.7333333333333334, 0.6571428571428571, 0.6571428571428571]
 mean: 0.7954681592916887, std: 0.17469821711676653
--------------------------------------------------
Subject Number: 10
Accuracy Cross: [0.34375, 0.625, 0.53125, 0.71875, 0.59375, 0.625, 0.65625, 0.59375, 0.59375, 0.375, 0.5151515151515151, 0.5454545454545454, 0.48484848484848486, 0.6363636363636364, 0.6060606060606061]
 mean: 0.5629419191919192, std: 0.09792592630217269
F1 Score: [0.343108504398827, 0.6235294117647059, 0.530791788856305, 0.6631578947368422, 0.5933528836754643, 0.6235294117647059, 0.6559139784946236, 0.5901477832512315, 0.5588547189819725, 0.37254901960784315, 0.5111111111111111, 0.5386766076421249, 0.48294930875576036, 0.6192307692307693, 0.6001863932898416]
 mean: 0.5538059723708085, std: 0.09175979540655596
Accuracy Intime: [0.5, 0.6428571428571429, 0.6666666666666666, 0.6666666666666666, 0.5833333333333334, 0.7142857142857143, 0.7142857142857143, 0.6666666666666666, 0.6666666666666666, 0.5833333333333334, 0.7142857142857143, 0.8571428571428571, 0.3333333333333333, 0.8333333333333334, 0.6666666666666666]
 mean: 0.653968253968254, std: 0.12159704051509945
F1 (Intime): [0.47593582887700536, 0.641025641025641, 0.6666666666666666, 0.625, 0.5555555555555556, 0.7142857142857143, 0.7142857142857143, 0.625, 0.6571428571428571, 0.5804195804195804, 0.65, 0.8571428571428571, 0.3333333333333333, 0.8285714285714285, 0.6571428571428571]
 mean: 0.6387672022966141, std: 0.12307619519661872
--------------------------------------------------
Subject Number: 11
Accuracy Cross: [0.45454545454545453, 0.45454545454545453, 0.3333333333333333, 0.5151515151515151, 0.48484848484848486, 0.45454545454545453, 0.7272727272727273, 0.5757575757575758, 0.42424242424242425, 0.5757575757575758, 0.45454545454545453, 0.5151515151515151, 0.5151515151515151, 0.6060606060606061, 0.5151515151515151]
 mean: 0.507070707070707, std: 0.08815120900715731
F1 Score: [0.4540441176470588, 0.4540441176470588, 0.33272058823529416, 0.45454545454545453, 0.4327603640040445, 0.44172932330827064, 0.7102439024390244, 0.49782608695652175, 0.3365079365079365, 0.5227272727272727, 0.4540441176470588, 0.5111111111111111, 0.47619047619047616, 0.4849939975990396, 0.49230769230769234]
 mean: 0.470386437258221, std: 0.08309618951932463
Accuracy Intime: [0.5714285714285714, 0.5714285714285714, 0.7142857142857143, 0.9166666666666666, 0.6666666666666666, 0.42857142857142855, 0.6428571428571429, 0.7142857142857143, 0.75, 0.5833333333333334, 0.42857142857142855, 0.5, 0.35714285714285715, 0.5, 0.5]
 mean: 0.5896825396825397, std: 0.14218536937497583
F1 (Intime): [0.5333333333333333, 0.5625, 0.6888888888888889, 0.916083916083916, 0.625, 0.41666666666666663, 0.5906432748538011, 0.7083333333333333, 0.7482517482517483, 0.5555555555555556, 0.42857142857142855, 0.49743589743589745, 0.35384615384615387, 0.4857142857142857, 0.5]
 mean: 0.5740549655023339, std: 0.14074505308661714
--------------------------------------------------
Subject Number: 12
Accuracy Cross: [0.65625, 0.84375, 0.8125, 0.6875, 0.75, 0.7878787878787878, 0.7272727272727273, 0.696969696969697, 0.696969696969697, 0.696969696969697, 0.59375, 0.65625, 0.53125, 0.6875, 0.65625]
 mean: 0.6987373737373737, std: 0.07750730840598961
F1 Score: [0.6267232237539766, 0.8303287380699894, 0.8, 0.6536796536796536, 0.722943722943723, 0.7664307381193125, 0.6996966632962589, 0.6413043478260869, 0.6413043478260869, 0.6413043478260869, 0.5588547189819725, 0.6267232237539766, 0.5195195195195195, 0.6135265700483092, 0.6476476476476476]
 mean: 0.6659991642195067, std: 0.08186084902453386
Accuracy Intime: [0.6428571428571429, 0.9285714285714286, 0.6666666666666666, 0.75, 0.5833333333333334, 0.7857142857142857, 0.7857142857142857, 0.8333333333333334, 0.75, 0.75, 0.9285714285714286, 0.6428571428571429, 0.75, 0.6666666666666666, 0.6666666666666666]
 mean: 0.742063492063492, std: 0.09794435408872938
F1 (Intime): [0.5238095238095237, 0.9251336898395721, 0.4, 0.7333333333333334, 0.4957983193277311, 0.7754010695187166, 0.7754010695187166, 0.8125, 0.7482517482517483, 0.7482517482517483, 0.9251336898395721, 0.5906432748538011, 0.6974789915966386, 0.625, 0.6666666666666666]
 mean: 0.6961868749871845, std: 0.1443120447927207
--------------------------------------------------
Subject Number: 13
Accuracy Cross: [0.78125, 0.78125, 0.625, 0.71875, 0.65625, 0.696969696969697, 0.7878787878787878, 0.7272727272727273, 0.6060606060606061, 0.696969696969697, 0.6875, 0.71875, 0.6875, 0.59375, 0.625]
 mean: 0.6926767676767677, std: 0.06065030213920269
F1 Score: [0.7702564102564102, 0.7624602332979851, 0.6, 0.6631578947368422, 0.6267232237539766, 0.6944444444444444, 0.7870967741935484, 0.7272727272727273, 0.5925925925925926, 0.6826923076923077, 0.6862745098039216, 0.7117117117117118, 0.6761133603238867, 0.5134502923976608, 0.5844155844155844]
 mean: 0.6719108044595733, std: 0.07437836766855117
Accuracy Intime: [0.5714285714285714, 0.5, 0.5833333333333334, 0.6666666666666666, 0.8333333333333334, 0.6428571428571429, 0.6428571428571429, 0.9166666666666666, 0.75, 0.5, 0.8571428571428571, 0.5714285714285714, 0.8333333333333334, 0.75, 0.5833333333333334]
 mean: 0.6801587301587302, std: 0.1301829245805907
F1 (Intime): [0.475, 0.3333333333333333, 0.4957983193277311, 0.625, 0.8285714285714285, 0.641025641025641, 0.641025641025641, 0.9111111111111111, 0.7333333333333334, 0.4857142857142857, 0.8444444444444444, 0.5333333333333333, 0.7777777777777777, 0.7333333333333334, 0.5804195804195804]
 mean: 0.642614770850065, std: 0.15667007602350996
--------------------------------------------------
Subject Number: 14
Accuracy Cross: [0.5625, 0.6875, 0.5625, 0.75, 0.6875, 0.65625, 0.6875, 0.84375, 0.71875, 0.6875, 0.75, 0.75, 0.71875, 0.59375, 0.6875]
 mean: 0.6895833333333333, std: 0.07258854745910144
F1 Score: [0.5625, 0.6825396825396826, 0.5607843137254902, 0.7333333333333334, 0.6825396825396826, 0.6476476476476476, 0.6536796536796536, 0.8398398398398399, 0.7046153846153846, 0.6135265700483092, 0.722943722943723, 0.7490196078431373, 0.7117117117117118, 0.5733333333333333, 0.6666666666666667]
 mean: 0.6736454100311728, std: 0.07382509224416309
Accuracy Intime: [0.5714285714285714, 0.7142857142857143, 0.75, 0.6666666666666666, 0.8333333333333334, 0.9285714285714286, 0.7142857142857143, 0.9166666666666666, 0.6666666666666666, 0.6666666666666666, 0.6428571428571429, 0.8571428571428571, 0.75, 0.75, 0.6666666666666666]
 mean: 0.7396825396825396, std: 0.10006296833317134
F1 (Intime): [0.5333333333333333, 0.6888888888888889, 0.7333333333333334, 0.6571428571428571, 0.8285714285714285, 0.9282051282051282, 0.7083333333333333, 0.9111111111111111, 0.6571428571428571, 0.625, 0.5906432748538011, 0.8571428571428571, 0.6974789915966386, 0.7333333333333334, 0.6571428571428571]
 mean: 0.7204535723421173, std: 0.11102194869501063
--------------------------------------------------
Subject Number: 15
Accuracy Cross: [0.84375, 0.75, 0.71875, 0.78125, 0.71875, 0.6875, 0.65625, 0.8125, 0.8125, 0.6875, 0.53125, 0.71875, 0.5625, 0.71875, 0.5625]
 mean: 0.7041666666666667, std: 0.0911919526176637
F1 Score: [0.8358974358974359, 0.746031746031746, 0.7046153846153846, 0.751937984496124, 0.7046153846153846, 0.6875, 0.6476476476476476, 0.8117647058823529, 0.7922077922077921, 0.6862745098039216, 0.530791788856305, 0.716256157635468, 0.5555555555555556, 0.7046153846153846, 0.5465587044534412]
 mean: 0.694818012154263, std: 0.0895651880687404
Accuracy Intime: [0.7857142857142857, 0.9285714285714286, 0.75, 0.6666666666666666, 0.5833333333333334, 0.7857142857142857, 0.5714285714285714, 0.5833333333333334, 0.75, 0.6666666666666666, 0.7142857142857143, 0.9285714285714286, 0.8333333333333334, 0.6666666666666666, 0.75]
 mean: 0.730952380952381, std: 0.10874464044446892
F1 (Intime): [0.7754010695187166, 0.9282051282051282, 0.7482517482517483, 0.6571428571428571, 0.5555555555555556, 0.7754010695187166, 0.5625, 0.5555555555555556, 0.7333333333333334, 0.6666666666666666, 0.7142857142857143, 0.9251336898395721, 0.8125, 0.6571428571428571, 0.7333333333333334]
 mean: 0.7200272385566502, std: 0.11282643241450636
--------------------------------------------------
Subject Number: 16
Accuracy Cross: [0.3125, 0.53125, 0.53125, 0.625, 0.5, 0.65625, 0.6875, 0.59375, 0.46875, 0.6875, 0.53125, 0.5625, 0.5, 0.53125, 0.4375]
 mean: 0.54375, std: 0.0960143218483576
F1 Score: [0.30158730158730157, 0.5270935960591133, 0.5076923076923077, 0.6190476190476191, 0.4920634920634921, 0.6532019704433498, 0.6862745098039216, 0.5733333333333333, 0.464039408866995, 0.6825396825396826, 0.5195195195195195, 0.5333333333333333, 0.4666666666666667, 0.5195195195195195, 0.43529411764705883]
 mean: 0.5320804252082143, std: 0.09807842543422411
Accuracy Intime: [0.5714285714285714, 0.7142857142857143, 0.75, 0.8333333333333334, 0.6666666666666666, 0.6428571428571429, 0.42857142857142855, 0.5, 0.5, 0.3333333333333333, 0.8571428571428571, 0.7142857142857143, 0.6666666666666666, 0.75, 0.5833333333333334]
 mean: 0.6341269841269842, std: 0.14295411171045652
F1 (Intime): [0.5714285714285714, 0.65, 0.7482517482517483, 0.8285714285714285, 0.6571428571428571, 0.641025641025641, 0.42857142857142855, 0.4857142857142857, 0.5, 0.3333333333333333, 0.8571428571428571, 0.6888888888888889, 0.625, 0.7482517482517483, 0.5555555555555556]
 mean: 0.6212585562585562, std: 0.1409188857067905
--------------------------------------------------
Subject Number: 17
Accuracy Cross: [0.6060606060606061, 0.6060606060606061, 0.6666666666666666, 0.7575757575757576, 0.5757575757575758, 0.6060606060606061, 0.48484848484848486, 0.5151515151515151, 0.6666666666666666, 0.45454545454545453, 0.46875, 0.625, 0.5, 0.5625, 0.5625]
 mean: 0.577209595959596, std: 0.08120184012954662
F1 Score: [0.5925925925925926, 0.5814634146341464, 0.6552706552706553, 0.7380952380952381, 0.5557692307692308, 0.6046082949308755, 0.4771668219944082, 0.5111111111111111, 0.6552706552706553, 0.4540441176470588, 0.4682306940371457, 0.625, 0.4980392156862745, 0.5333333333333333, 0.5607843137254902]
 mean: 0.5673853126065478, std: 0.07757108557662222
Accuracy Intime: [0.6428571428571429, 0.7857142857142857, 0.4166666666666667, 0.75, 0.4166666666666667, 0.7857142857142857, 0.7857142857142857, 0.75, 0.8333333333333334, 0.4166666666666667, 0.8571428571428571, 0.7857142857142857, 0.35714285714285715, 0.6666666666666666, 0.75]
 mean: 0.6666666666666666, std: 0.16841486766102906
F1 (Intime): [0.625668449197861, 0.7543859649122806, 0.4125874125874126, 0.7482517482517483, 0.29411764705882354, 0.7754010695187166, 0.7543859649122806, 0.7482517482517483, 0.8285714285714285, 0.4125874125874126, 0.8571428571428571, 0.7754010695187166, 0.35384615384615387, 0.6571428571428571, 0.7482517482517483]
 mean: 0.6497329021168029, std: 0.1797647814949837
--------------------------------------------------
Subject Number: 18
Accuracy Cross: [0.7878787878787878, 0.6666666666666666, 0.6363636363636364, 0.6363636363636364, 0.8181818181818182, 0.65625, 0.65625, 0.875, 0.75, 0.8125, 0.75, 0.75, 0.8125, 0.78125, 0.75]
 mean: 0.7426136363636364, std: 0.0730425746217697
F1 Score: [0.7878787878787878, 0.6616961789375583, 0.6071428571428572, 0.6192307692307693, 0.8166666666666667, 0.6532019704433498, 0.6559139784946236, 0.873015873015873, 0.7408906882591093, 0.8056680161943319, 0.746031746031746, 0.7490196078431373, 0.8117647058823529, 0.7702564102564102, 0.746031746031746]
 mean: 0.7362940001539546, std: 0.07709831697322175
Accuracy Intime: [0.8571428571428571, 0.6428571428571429, 0.6666666666666666, 0.6666666666666666, 0.4166666666666667, 0.8571428571428571, 0.8571428571428571, 0.6666666666666666, 0.5833333333333334, 0.5, 0.8571428571428571, 0.8571428571428571, 0.8333333333333334, 0.6666666666666666, 0.5833333333333334]
 mean: 0.7007936507936507, std: 0.14058152270148905
F1 (Intime): [0.8571428571428571, 0.641025641025641, 0.6666666666666666, 0.625, 0.4125874125874126, 0.8571428571428571, 0.8571428571428571, 0.6666666666666666, 0.5804195804195804, 0.4857142857142857, 0.8571428571428571, 0.8444444444444444, 0.8285714285714285, 0.6571428571428571, 0.5804195804195804]
 mean: 0.6944819994819994, std: 0.14282829859912816
--------------------------------------------------
Subject Number: 19
Accuracy Cross: [0.59375, 0.53125, 0.65625, 0.5, 0.625, 0.625, 0.71875, 0.6875, 0.6875, 0.71875, 0.5625, 0.5625, 0.5625, 0.65625, 0.6875]
 mean: 0.625, std: 0.06750771560841522
F1 Score: [0.539313399778516, 0.4909862142099682, 0.6101882613510521, 0.3816425120772947, 0.536231884057971, 0.611336032388664, 0.7117117117117118, 0.6761133603238867, 0.6363636363636364, 0.681063122923588, 0.5607843137254902, 0.5555555555555556, 0.5607843137254902, 0.6101882613510521, 0.6536796536796536]
 mean: 0.587729482214902, std: 0.08144106458534432
Accuracy Intime: [0.7142857142857143, 0.7857142857142857, 0.4166666666666667, 0.6666666666666666, 0.75, 0.6428571428571429, 0.5714285714285714, 0.8333333333333334, 0.5, 0.75, 0.7857142857142857, 0.7857142857142857, 0.75, 0.8333333333333334, 0.75]
 mean: 0.7023809523809524, std: 0.11801136294367859
F1 (Intime): [0.7083333333333333, 0.7754010695187166, 0.37777777777777777, 0.625, 0.7482517482517483, 0.641025641025641, 0.5333333333333333, 0.8285714285714285, 0.4375, 0.7333333333333334, 0.7846153846153847, 0.7543859649122806, 0.6210526315789473, 0.8285714285714285, 0.7333333333333334]
 mean: 0.6753657605437792, std: 0.13171388286946897
--------------------------------------------------
Subject Number: 20
Accuracy Cross: [0.75, 0.75, 0.65625, 0.75, 0.71875, 0.625, 0.75, 0.5625, 0.71875, 0.78125, 0.5151515151515151, 0.6363636363636364, 0.5757575757575758, 0.6363636363636364, 0.696969696969697]
 mean: 0.6748737373737375, std: 0.07831286080805659
F1 Score: [0.7408906882591093, 0.746031746031746, 0.6389743589743591, 0.746031746031746, 0.716256157635468, 0.625, 0.7408906882591093, 0.5607843137254902, 0.694591728525981, 0.7757757757757757, 0.5147058823529411, 0.6192307692307693, 0.5753676470588236, 0.6071428571428572, 0.6966911764705883]
 mean: 0.6665577023649844, std: 0.07771569844880528
Accuracy Intime: [0.7142857142857143, 0.7857142857142857, 0.5833333333333334, 0.5833333333333334, 0.6666666666666666, 0.8571428571428571, 0.8571428571428571, 0.75, 0.5, 0.75, 0.9285714285714286, 0.7857142857142857, 0.6666666666666666, 0.75, 0.9166666666666666]
 mean: 0.7396825396825396, std: 0.12022172343880333
F1 (Intime): [0.6888888888888889, 0.7846153846153847, 0.5804195804195804, 0.5804195804195804, 0.6571428571428571, 0.8541666666666667, 0.8541666666666667, 0.7482517482517483, 0.4857142857142857, 0.7482517482517483, 0.9282051282051282, 0.7846153846153847, 0.6666666666666666, 0.7333333333333334, 0.916083916083916]
 mean: 0.734062789062789, std: 0.12290272065434536
--------------------------------------------------
Subject Number: 21
Accuracy Cross: [0.59375, 0.5, 0.46875, 0.5, 0.59375, 0.3125, 0.4375, 0.46875, 0.40625, 0.4375, 0.59375, 0.5, 0.375, 0.40625, 0.5625]
 mean: 0.47708333333333336, std: 0.08186201126828542
F1 Score: [0.5835835835835836, 0.5, 0.4420512820512821, 0.3816425120772947, 0.5733333333333333, 0.3125, 0.4285714285714286, 0.464039408866995, 0.28888888888888886, 0.41700404858299595, 0.5835835835835836, 0.4980392156862745, 0.375, 0.3913913913913914, 0.5625]
 mean: 0.4534752451078034, std: 0.09258764277370951
Accuracy Intime: [0.5, 0.6428571428571429, 0.6666666666666666, 0.6666666666666666, 0.4166666666666667, 0.5714285714285714, 0.5, 0.75, 0.6666666666666666, 0.5, 0.7142857142857143, 0.5714285714285714, 0.75, 0.5833333333333334, 0.5]
 mean: 0.6, std: 0.0995834104213214
F1 (Intime): [0.47593582887700536, 0.641025641025641, 0.6571428571428571, 0.625, 0.4125874125874126, 0.5333333333333333, 0.49743589743589745, 0.7333333333333334, 0.6571428571428571, 0.4857142857142857, 0.7083333333333333, 0.5625, 0.7482517482517483, 0.5804195804195804, 0.4857142857142857]
 mean: 0.5869246929541047, std: 0.10038527722953616
--------------------------------------------------
Subject Number: 22
Accuracy Cross: [0.8125, 0.75, 0.6875, 0.71875, 0.84375, 0.5454545454545454, 0.7575757575757576, 0.7878787878787878, 0.5454545454545454, 0.5757575757575758, 0.75, 0.59375, 0.5, 0.71875, 0.78125]
 mean: 0.6912247474747475, std: 0.10650748358345373
F1 Score: [0.8, 0.722943722943723, 0.6761133603238867, 0.681063122923588, 0.8303287380699894, 0.4994944388270981, 0.7380952380952381, 0.7806267806267806, 0.47619047619047616, 0.49782608695652175, 0.7490196078431373, 0.5835835835835836, 0.4666666666666667, 0.681063122923588, 0.7624602332979851]
 mean: 0.6630316786181507, std: 0.12157871331802515
Accuracy Intime: [0.6428571428571429, 0.7142857142857143, 0.6666666666666666, 0.5, 0.5, 0.8571428571428571, 1.0, 0.5833333333333334, 0.5833333333333334, 0.75, 1.0, 0.8571428571428571, 0.6666666666666666, 0.75, 0.4166666666666667]
 mean: 0.6992063492063492, std: 0.16883323465392924
F1 (Intime): [0.625668449197861, 0.65, 0.5555555555555556, 0.4375, 0.4375, 0.8541666666666667, 1.0, 0.5804195804195804, 0.5555555555555556, 0.7482517482517483, 1.0, 0.8541666666666667, 0.5555555555555556, 0.7333333333333334, 0.37777777777777777]
 mean: 0.6643633925986868, std: 0.18946969098242836
--------------------------------------------------
Subject Number: 23
Accuracy Cross: [0.7272727272727273, 0.8484848484848485, 0.7575757575757576, 0.696969696969697, 0.8181818181818182, 0.5625, 0.65625, 0.65625, 0.71875, 0.65625, 0.7272727272727273, 0.8787878787878788, 0.7272727272727273, 0.6666666666666666, 0.8181818181818182]
 mean: 0.7277777777777777, std: 0.08247801029007708
F1 Score: [0.717948717948718, 0.8433048433048433, 0.7518796992481203, 0.6413043478260869, 0.8035714285714286, 0.5625, 0.6389743589743591, 0.6476476476476476, 0.7117117117117118, 0.6559139784946236, 0.723205964585275, 0.8730769230769231, 0.717948717948718, 0.6329625884732053, 0.8096153846153846]
 mean: 0.7154377541618029, std: 0.08521542316711438
Accuracy Intime: [0.8571428571428571, 0.7857142857142857, 0.9166666666666666, 0.5833333333333334, 0.8333333333333334, 1.0, 0.7142857142857143, 0.8571428571428571, 0.6666666666666666, 0.5833333333333334, 0.8571428571428571, 0.9285714285714286, 0.75, 0.6666666666666666, 0.8333333333333334]
 mean: 0.788888888888889, std: 0.1210519108884928
F1 (Intime): [0.8541666666666667, 0.7754010695187166, 0.8991596638655461, 0.4957983193277311, 0.8333333333333334, 1.0, 0.6888888888888889, 0.8444444444444444, 0.625, 0.5555555555555556, 0.8571428571428571, 0.9282051282051282, 0.7482517482517483, 0.6571428571428571, 0.8333333333333334]
 mean: 0.7730549243784538, std: 0.13777495714818047
--------------------------------------------------
Subject Number: 24
Accuracy Cross: [0.46875, 0.65625, 0.46875, 0.5, 0.53125, 0.625, 0.53125, 0.53125, 0.5, 0.5625, 0.6875, 0.46875, 0.53125, 0.40625, 0.5625]
 mean: 0.5354166666666667, std: 0.07294642250004832
F1 Score: [0.4682306940371457, 0.6559139784946236, 0.464039408866995, 0.5, 0.530791788856305, 0.6190476190476191, 0.4909862142099682, 0.530791788856305, 0.4666666666666667, 0.5625, 0.6825396825396826, 0.4682306940371457, 0.530791788856305, 0.3764102564102564, 0.5625]
 mean: 0.5272960387252679, std: 0.07791515158918166
Accuracy Intime: [0.5, 0.42857142857142855, 0.6666666666666666, 0.3333333333333333, 0.3333333333333333, 0.5714285714285714, 0.7142857142857143, 0.4166666666666667, 0.6666666666666666, 0.5, 0.5714285714285714, 0.7857142857142857, 0.6666666666666666, 0.5833333333333334, 0.5833333333333334]
 mean: 0.5547619047619048, std: 0.1310461424796844
F1 (Intime): [0.49743589743589745, 0.42857142857142855, 0.625, 0.3333333333333333, 0.25, 0.5625, 0.7083333333333333, 0.4125874125874126, 0.6666666666666666, 0.4375, 0.5333333333333333, 0.7846153846153847, 0.6571428571428571, 0.5804195804195804, 0.5804195804195804]
 mean: 0.5371905871905871, std: 0.14062807596107066
--------------------------------------------------
Subject Number: 25
Accuracy Cross: [0.42424242424242425, 0.36363636363636365, 0.5151515151515151, 0.5757575757575758, 0.5151515151515151, 0.625, 0.40625, 0.59375, 0.5625, 0.4375, 0.375, 0.5, 0.625, 0.59375, 0.59375]
 mean: 0.5137626262626263, std: 0.08851937659433515
F1 Score: [0.3882926829268293, 0.36363636363636365, 0.5147058823529411, 0.5416666666666666, 0.5111111111111111, 0.611336032388664, 0.4056695992179863, 0.5901477832512315, 0.5333333333333333, 0.4285714285714286, 0.36507936507936506, 0.4817813765182186, 0.611336032388664, 0.539313399778516, 0.5733333333333333]
 mean: 0.4972876260369768, std: 0.08427229000033497
Accuracy Intime: [0.7857142857142857, 0.8571428571428571, 0.8333333333333334, 0.5, 0.6666666666666666, 0.7142857142857143, 0.5, 0.4166666666666667, 0.5833333333333334, 0.6666666666666666, 0.42857142857142855, 0.42857142857142855, 0.75, 0.75, 0.5833333333333334]
 mean: 0.630952380952381, std: 0.14619125174294048
F1 (Intime): [0.7543859649122806, 0.8571428571428571, 0.8125, 0.4857142857142857, 0.6666666666666666, 0.6888888888888889, 0.49743589743589745, 0.4125874125874126, 0.4957983193277311, 0.6666666666666666, 0.41666666666666663, 0.42857142857142855, 0.7482517482517483, 0.7482517482517483, 0.5804195804195804]
 mean: 0.6173298754335906, std: 0.1470375209311782
--------------------------------------------------
Subject Number: 26
Accuracy Cross: [0.7878787878787878, 0.6666666666666666, 0.8181818181818182, 0.696969696969697, 0.9090909090909091, 0.6875, 0.71875, 0.65625, 0.75, 0.71875, 0.8125, 0.8125, 0.78125, 0.75, 0.90625]
 mean: 0.7648358585858586, std: 0.07558666537661825
F1 Score: [0.7847157502329916, 0.6616961789375583, 0.8096153846153846, 0.6413043478260869, 0.907735321528425, 0.6761133603238867, 0.718475073313783, 0.6532019704433498, 0.746031746031746, 0.716256157635468, 0.8, 0.8056680161943319, 0.7757757757757757, 0.7408906882591093, 0.9015384615384616]
 mean: 0.7559345488437572, std: 0.07958691187996153
Accuracy Intime: [0.6428571428571429, 0.7857142857142857, 0.9166666666666666, 0.5833333333333334, 0.75, 1.0, 0.9285714285714286, 0.9166666666666666, 0.8333333333333334, 0.8333333333333334, 0.8571428571428571, 0.9285714285714286, 0.4166666666666667, 0.75, 0.6666666666666666]
 mean: 0.7873015873015873, std: 0.15163923318876316
F1 (Intime): [0.625668449197861, 0.7846153846153847, 0.9111111111111111, 0.5555555555555556, 0.7333333333333334, 1.0, 0.9251336898395721, 0.9111111111111111, 0.8285714285714285, 0.8333333333333334, 0.8571428571428571, 0.9282051282051282, 0.37777777777777777, 0.7482517482517483, 0.6666666666666666]
 mean: 0.779098504980858, std: 0.16103394688577388
--------------------------------------------------
Subject Number: 27
Accuracy Cross: [0.6060606060606061, 0.6060606060606061, 0.6666666666666666, 0.7575757575757576, 0.5757575757575758, 0.6060606060606061, 0.48484848484848486, 0.5151515151515151, 0.6666666666666666, 0.45454545454545453, 0.46875, 0.625, 0.5, 0.5625, 0.5625]
 mean: 0.577209595959596, std: 0.08120184012954662
F1 Score: [0.5925925925925926, 0.5814634146341464, 0.6552706552706553, 0.7380952380952381, 0.5557692307692308, 0.6046082949308755, 0.4771668219944082, 0.5111111111111111, 0.6552706552706553, 0.4540441176470588, 0.4682306940371457, 0.625, 0.4980392156862745, 0.5333333333333333, 0.5607843137254902]
 mean: 0.5673853126065478, std: 0.07757108557662222
Accuracy Intime: [0.6428571428571429, 0.7857142857142857, 0.4166666666666667, 0.75, 0.4166666666666667, 0.7857142857142857, 0.7857142857142857, 0.75, 0.8333333333333334, 0.4166666666666667, 0.8571428571428571, 0.7857142857142857, 0.35714285714285715, 0.6666666666666666, 0.75]
 mean: 0.6666666666666666, std: 0.16841486766102906
F1 (Intime): [0.625668449197861, 0.7543859649122806, 0.4125874125874126, 0.7482517482517483, 0.29411764705882354, 0.7754010695187166, 0.7543859649122806, 0.7482517482517483, 0.8285714285714285, 0.4125874125874126, 0.8571428571428571, 0.7754010695187166, 0.35384615384615387, 0.6571428571428571, 0.7482517482517483]
 mean: 0.6497329021168029, std: 0.1797647814949837
--------------------------------------------------
Subject Number: 28
Accuracy Cross: [0.625, 0.53125, 0.4375, 0.625, 0.625, 0.53125, 0.5625, 0.53125, 0.65625, 0.5625, 0.4375, 0.3125, 0.53125, 0.5625, 0.65625]
 mean: 0.5458333333333333, std: 0.0904752114608686
F1 Score: [0.611336032388664, 0.5076923076923077, 0.41700404858299595, 0.536231884057971, 0.5636363636363637, 0.530791788856305, 0.5625, 0.530791788856305, 0.6267232237539766, 0.5333333333333333, 0.41700404858299595, 0.30158730158730157, 0.530791788856305, 0.5333333333333333, 0.6532019704433498]
 mean: 0.5237306142641004, std: 0.08602977705064561
Accuracy Intime: [0.7142857142857143, 0.6428571428571429, 0.75, 0.5, 0.5, 0.6428571428571429, 0.5714285714285714, 0.75, 0.75, 0.75, 0.9285714285714286, 0.6428571428571429, 0.75, 0.5, 0.8333333333333334]
 mean: 0.6817460317460318, std: 0.12221706853698361
F1 (Intime): [0.7142857142857143, 0.625668449197861, 0.6974789915966386, 0.4375, 0.5, 0.625668449197861, 0.475, 0.7333333333333334, 0.7333333333333334, 0.7333333333333334, 0.9282051282051282, 0.5906432748538011, 0.6974789915966386, 0.3333333333333333, 0.8333333333333334]
 mean: 0.6439063777066873, std: 0.15125982370043456
--------------------------------------------------
Subject Number: 29
Accuracy Cross: [0.875, 0.84375, 0.84375, 0.875, 0.90625, 0.9375, 0.875, 0.9375, 0.90625, 0.96875, 0.9090909090909091, 0.9090909090909091, 0.9696969696969697, 0.9393939393939394, 0.9090909090909091]
 mean: 0.9070075757575755, std: 0.03807116551953614
F1 Score: [0.8704453441295547, 0.8398398398398399, 0.8303287380699894, 0.8666666666666667, 0.9015384615384616, 0.9352226720647774, 0.873015873015873, 0.9365079365079365, 0.9039039039039038, 0.967967967967968, 0.907735321528425, 0.907735321528425, 0.9695852534562213, 0.9379699248120301, 0.907735321528425]
 mean: 0.9037465697705666, std: 0.040537682945247316
Accuracy Intime: [0.9285714285714286, 0.8571428571428571, 1.0, 0.9166666666666666, 0.75, 0.8571428571428571, 0.9285714285714286, 0.9166666666666666, 0.6666666666666666, 0.6666666666666666, 0.9285714285714286, 0.9285714285714286, 0.9166666666666666, 0.9166666666666666, 0.75]
 mean: 0.861904761904762, std: 0.10005667328309857
F1 (Intime): [0.9282051282051282, 0.8571428571428571, 1.0, 0.916083916083916, 0.7482517482517483, 0.8541666666666667, 0.9282051282051282, 0.9111111111111111, 0.6571428571428571, 0.6666666666666666, 0.9251336898395721, 0.9282051282051282, 0.9111111111111111, 0.916083916083916, 0.7482517482517483]
 mean: 0.8597174448645039, std: 0.10094845349409072
--------------------------------------------------
**************************************************
accuracy_cross_list: [0.7650883838383838, 0.5469696969696969, 0.514520202020202, 0.7151515151515152, 0.58125, 0.5777146464646464, 0.5770833333333333, 0.60625, 0.7625, 0.5629419191919192, 0.507070707070707, 0.6987373737373737, 0.6926767676767677, 0.6895833333333333, 0.7041666666666667, 0.54375, 0.577209595959596, 0.7426136363636364, 0.625, 0.6748737373737375, 0.47708333333333336, 0.6912247474747475, 0.7277777777777777, 0.5354166666666667, 0.5137626262626263, 0.7648358585858586, 0.577209595959596, 0.5458333333333333, 0.9070075757575755]
f1_score_list: [0.7545759736567578, 0.533618566388203, 0.49497644162389387, 0.7073332441552478, 0.5713087047096742, 0.557036483165335, 0.5625351531774424, 0.580605641735632, 0.7497942263853911, 0.5538059723708085, 0.470386437258221, 0.6659991642195067, 0.6719108044595733, 0.6736454100311728, 0.694818012154263, 0.5320804252082143, 0.5673853126065478, 0.7362940001539546, 0.587729482214902, 0.6665577023649844, 0.4534752451078034, 0.6630316786181507, 0.7154377541618029, 0.5272960387252679, 0.4972876260369768, 0.7559345488437572, 0.5673853126065478, 0.5237306142641004, 0.9037465697705666]
accuracy_intime_list: [0.7555555555555558, 0.5253968253968254, 0.6412698412698413, 0.7531746031746033, 0.7071428571428573, 0.6420634920634921, 0.6166666666666666, 0.7071428571428572, 0.8087301587301586, 0.653968253968254, 0.5896825396825397, 0.742063492063492, 0.6801587301587302, 0.7396825396825396, 0.730952380952381, 0.6341269841269842, 0.6666666666666666, 0.7007936507936507, 0.7023809523809524, 0.7396825396825396, 0.6, 0.6992063492063492, 0.788888888888889, 0.5547619047619048, 0.630952380952381, 0.7873015873015873, 0.6666666666666666, 0.6817460317460318, 0.861904761904762]
f1_score_intime_list: [0.7393158034489303, 0.5149968014441699, 0.6170335460892736, 0.7410271668476003, 0.7008439708439709, 0.6235051168874698, 0.6054161415926121, 0.6895432749225319, 0.7954681592916887, 0.6387672022966141, 0.5740549655023339, 0.6961868749871845, 0.642614770850065, 0.7204535723421173, 0.7200272385566502, 0.6212585562585562, 0.6497329021168029, 0.6944819994819994, 0.6753657605437792, 0.734062789062789, 0.5869246929541047, 0.6643633925986868, 0.7730549243784538, 0.5371905871905871, 0.6173298754335906, 0.779098504980858, 0.6497329021168029, 0.6439063777066873, 0.8597174448645039]
**************************************************
ACC: 63.47±10.13
F1: 61.86±10.46
Intime: 69.00±7.52
F1 (Intime): 67.26±7.68
