1e-06
Subject Number: 1
Accuracy Cross: [0.28095238095238095, 0.3047619047619048, 0.26666666666666666, 0.2857142857142857, 0.3, 0.2714285714285714, 0.3142857142857143, 0.319047619047619, 0.30952380952380953, 0.2904761904761905, 0.3047619047619048, 0.3333333333333333, 0.29523809523809524, 0.3238095238095238, 0.2761904761904762]
 mean: 0.29841269841269835, std: 0.01917943805332472
F1 Score: [0.23279821128396838, 0.25333338722694465, 0.2465443458332086, 0.27697148475909533, 0.2758770442156269, 0.2827150090836679, 0.31989410203511165, 0.32768114615961563, 0.32531266352740157, 0.3024833852121562, 0.30212267918761465, 0.3223174918717392, 0.2902713329908349, 0.3230681450799131, 0.2711218501700987]
 mean: 0.29016748524246655, std: 0.02975949669542738
Accuracy Intime: [0.5, 0.39285714285714285, 0.34523809523809523, 0.2976190476190476, 0.34523809523809523, 0.20238095238095238, 0.25, 0.30952380952380953, 0.30952380952380953, 0.32142857142857145, 0.30952380952380953, 0.39285714285714285, 0.3333333333333333, 0.3333333333333333, 0.36904761904761907]
 mean: 0.33412698412698416, std: 0.0651277404410433
F1 (Intime): [0.4947066976478741, 0.3946524064171123, 0.35272473160837087, 0.2993198608230773, 0.3440790562012973, 0.19516645271715874, 0.24317590835617403, 0.3015612514598316, 0.31787037037037036, 0.3268350168350168, 0.28709956709956713, 0.33809110714993074, 0.30670352018516644, 0.34220876048462257, 0.34788940524234646]
 mean: 0.3261389408398611, std: 0.06446841967191357
--------------------------------------------------
Subject Number: 2
Accuracy Cross: [0.3476190476190476, 0.3380952380952381, 0.2714285714285714, 0.29523809523809524, 0.3142857142857143, 0.2523809523809524, 0.26666666666666666, 0.3523809523809524, 0.2714285714285714, 0.28095238095238095, 0.2619047619047619, 0.2761904761904762, 0.2714285714285714, 0.3142857142857143, 0.23333333333333334]
 mean: 0.28984126984126984, std: 0.03463956147163007
F1 Score: [0.2652802757756726, 0.31729646697388636, 0.23635945715303297, 0.2486227510819155, 0.2592288143623849, 0.2232793889014733, 0.2572069326724003, 0.34480134246571154, 0.26174671857267523, 0.2571784384320785, 0.23554853861750824, 0.2631577336906673, 0.2616172860403977, 0.3168876848985208, 0.22820558728445356]
 mean: 0.2650944944615186, std: 0.033691154898553136
Accuracy Intime: [0.4880952380952381, 0.2976190476190476, 0.3333333333333333, 0.38095238095238093, 0.3333333333333333, 0.30952380952380953, 0.16666666666666666, 0.21428571428571427, 0.38095238095238093, 0.2857142857142857, 0.3333333333333333, 0.2976190476190476, 0.36904761904761907, 0.40476190476190477, 0.2857142857142857]
 mean: 0.32539682539682535, std: 0.0746200588796391
F1 (Intime): [0.48199582027168236, 0.27056022408963587, 0.34460345855694696, 0.3891526830167804, 0.32981875993640697, 0.3044395788977832, 0.11206896551724137, 0.1744402140102028, 0.3188724453840733, 0.2610723585236463, 0.3212742112875052, 0.27907121707963223, 0.3608841213329292, 0.39154327524790605, 0.26122064777327936]
 mean: 0.3067345320617101, std: 0.08625225159508683
--------------------------------------------------
Subject Number: 3
Accuracy Cross: [0.23809523809523808, 0.2571428571428571, 0.2619047619047619, 0.24285714285714285, 0.2571428571428571, 0.2761904761904762, 0.3, 0.2857142857142857, 0.2857142857142857, 0.3047619047619048, 0.28095238095238095, 0.2714285714285714, 0.3238095238095238, 0.30952380952380953, 0.2761904761904762]
 mean: 0.2780952380952381, std: 0.023701341530069964
F1 Score: [0.17498177596538253, 0.19799749381854634, 0.2025995316159251, 0.16917381884301813, 0.1714988662131519, 0.26023660214503475, 0.2875048355632139, 0.2602921312029163, 0.2720515371858655, 0.2932075277677571, 0.28916339735788876, 0.2708862826292413, 0.3285973363898661, 0.3156088751412571, 0.27564478038580076]
 mean: 0.2512963194816577, std: 0.05185178258601574
Accuracy Intime: [0.2857142857142857, 0.4166666666666667, 0.32142857142857145, 0.35714285714285715, 0.32142857142857145, 0.23809523809523808, 0.27380952380952384, 0.23809523809523808, 0.2857142857142857, 0.32142857142857145, 0.2857142857142857, 0.4166666666666667, 0.3333333333333333, 0.40476190476190477, 0.23809523809523808]
 mean: 0.31587301587301586, std: 0.05942319538836473
F1 (Intime): [0.28854090354090356, 0.4211987043106588, 0.31648465386605806, 0.33636243386243386, 0.25904534062428797, 0.23250483933410765, 0.24773278172292948, 0.22421692379616648, 0.26137163561076604, 0.2989015634176924, 0.269196516210814, 0.40580038515413863, 0.31996516893068616, 0.39063600361774803, 0.22197451484685526]
 mean: 0.29959549125641644, std: 0.06295880826240972
--------------------------------------------------
Subject Number: 4
Accuracy Cross: [0.3619047619047619, 0.23809523809523808, 0.2571428571428571, 0.3047619047619048, 0.2904761904761905, 0.3, 0.2523809523809524, 0.2904761904761905, 0.2714285714285714, 0.2857142857142857, 0.22857142857142856, 0.2523809523809524, 0.2904761904761905, 0.2523809523809524, 0.21428571428571427]
 mean: 0.27269841269841266, std: 0.03548462312334877
F1 Score: [0.32936140330765384, 0.21552272879061096, 0.23017369535271595, 0.27647537140861345, 0.25995078147281225, 0.2958810644748029, 0.24438899640876607, 0.2929052211083597, 0.2693193548158087, 0.2846480016180338, 0.2031071997682167, 0.2349986236294773, 0.24480182717756813, 0.21425723777883246, 0.20114697368296985]
 mean: 0.25312923205301613, std: 0.036696388585186264
Accuracy Intime: [0.38095238095238093, 0.3333333333333333, 0.32142857142857145, 0.34523809523809523, 0.30952380952380953, 0.34523809523809523, 0.2976190476190476, 0.2261904761904762, 0.2857142857142857, 0.2857142857142857, 0.2976190476190476, 0.2976190476190476, 0.3333333333333333, 0.20238095238095238, 0.32142857142857145]
 mean: 0.30555555555555547, std: 0.04383079768725103
F1 (Intime): [0.37012987012987014, 0.3215187337206972, 0.314756331861595, 0.3376988644920334, 0.29063963296387973, 0.32666084384352906, 0.2779061518191953, 0.21362637362637363, 0.24448169532915295, 0.26496064917478784, 0.28314005143792376, 0.2796307537288266, 0.28119559012416157, 0.15747126436781608, 0.29936631035626726]
 mean: 0.2842122077984073, std: 0.050137146095771475
--------------------------------------------------
Subject Number: 5
Accuracy Cross: [0.3476190476190476, 0.28095238095238095, 0.38095238095238093, 0.30952380952380953, 0.24761904761904763, 0.28095238095238095, 0.24761904761904763, 0.3238095238095238, 0.30952380952380953, 0.28095238095238095, 0.28095238095238095, 0.3476190476190476, 0.2761904761904762, 0.2571428571428571, 0.29523809523809524]
 mean: 0.29777777777777775, std: 0.03753020115842958
F1 Score: [0.3267143100801637, 0.2572611285717755, 0.3363226844558126, 0.2694785606550313, 0.21486721611721613, 0.27322355463254505, 0.20800200677285838, 0.3189127652950458, 0.28762811138952343, 0.26309021525088894, 0.2797846723793177, 0.35684598535041473, 0.28125429549578157, 0.25852900735782697, 0.30552545300484846]
 mean: 0.28249599778727, std: 0.04019825765974754
Accuracy Intime: [0.35714285714285715, 0.32142857142857145, 0.4880952380952381, 0.34523809523809523, 0.3333333333333333, 0.35714285714285715, 0.32142857142857145, 0.3333333333333333, 0.38095238095238093, 0.2619047619047619, 0.2619047619047619, 0.39285714285714285, 0.40476190476190477, 0.3333333333333333, 0.36904761904761907]
 mean: 0.3507936507936508, std: 0.0537460411217048
F1 (Intime): [0.36898318146788156, 0.3010989010989011, 0.497327731092437, 0.329115027587014, 0.28687943474865846, 0.3544546084546084, 0.30121954693786424, 0.32638593565422835, 0.3854034854034854, 0.22819274123621947, 0.241339297956945, 0.3827106500950067, 0.4173455187743113, 0.313179381005468, 0.3644359847725906]
 mean: 0.33987142841904133, std: 0.06601153029217767
--------------------------------------------------
Subject Number: 6
Accuracy Cross: [0.2571428571428571, 0.2761904761904762, 0.24285714285714285, 0.22857142857142856, 0.28095238095238095, 0.26666666666666666, 0.2523809523809524, 0.22857142857142856, 0.24285714285714285, 0.24761904761904763, 0.23333333333333334, 0.21428571428571427, 0.21904761904761905, 0.1761904761904762, 0.24761904761904763]
 mean: 0.24095238095238095, std: 0.025483977448113617
F1 Score: [0.2562010931542325, 0.27830541067383174, 0.23483581666481804, 0.2361434000591156, 0.2723334043006174, 0.2649572747097593, 0.24613216502373128, 0.21976284171211297, 0.22780745140741226, 0.24606422729375726, 0.2263807725688914, 0.21182505057119494, 0.2126842414010021, 0.16356645037250658, 0.2391831555015697]
 mean: 0.23574551702763685, std: 0.02753049573708901
Accuracy Intime: [0.27380952380952384, 0.2976190476190476, 0.20238095238095238, 0.2619047619047619, 0.3333333333333333, 0.21428571428571427, 0.21428571428571427, 0.2261904761904762, 0.23809523809523808, 0.25, 0.19047619047619047, 0.25, 0.25, 0.27380952380952384, 0.2261904761904762]
 mean: 0.24682539682539684, std: 0.03649067915102429
F1 (Intime): [0.2644041565947043, 0.2956944791646635, 0.19596457938013914, 0.25215565796210954, 0.30362701887092125, 0.2067937067451652, 0.20119342242754223, 0.2237928153717627, 0.24099809591745078, 0.24592074592074592, 0.19099720731599287, 0.24198717948717946, 0.2515224484264732, 0.2626628471789762, 0.22566844919786097]
 mean: 0.24022552066411246, std: 0.032656056929230855
--------------------------------------------------
Subject Number: 7
Accuracy Cross: [0.22380952380952382, 0.24761904761904763, 0.20952380952380953, 0.20952380952380953, 0.2619047619047619, 0.21904761904761905, 0.20952380952380953, 0.21904761904761905, 0.19047619047619047, 0.2, 0.2, 0.22857142857142856, 0.22380952380952382, 0.21428571428571427, 0.24285714285714285]
 mean: 0.22000000000000006, std: 0.018581600795761138
F1 Score: [0.22043518972699516, 0.2474115177223986, 0.2071458505255035, 0.207084550949782, 0.2566176042020235, 0.21992347820897878, 0.19231074094244968, 0.21191912039355, 0.1934563704063461, 0.19367095546802723, 0.18960033517107489, 0.2302537852034426, 0.20923242082662372, 0.2082127077332379, 0.23441765717713672]
 mean: 0.21477948564383803, std: 0.019557564690809576
Accuracy Intime: [0.25, 0.23809523809523808, 0.19047619047619047, 0.30952380952380953, 0.23809523809523808, 0.25, 0.27380952380952384, 0.3333333333333333, 0.25, 0.25, 0.15476190476190477, 0.23809523809523808, 0.2857142857142857, 0.27380952380952384, 0.27380952380952384]
 mean: 0.25396825396825395, std: 0.04184579786179069
F1 (Intime): [0.22942942942942945, 0.2354336667790641, 0.18851810653812878, 0.27723015852439514, 0.221394913403027, 0.24883792063583338, 0.26525511782029865, 0.32581142228201054, 0.23416975881261592, 0.23260296010296014, 0.1427872566030461, 0.22323968705547653, 0.2771754756871036, 0.28132352941176475, 0.26230325697366375]
 mean: 0.24303417733725452, std: 0.041524019574138725
--------------------------------------------------
Subject Number: 8
Accuracy Cross: [0.319047619047619, 0.319047619047619, 0.3761904761904762, 0.2761904761904762, 0.35714285714285715, 0.35714285714285715, 0.2857142857142857, 0.30952380952380953, 0.37142857142857144, 0.3476190476190476, 0.3476190476190476, 0.2904761904761905, 0.2857142857142857, 0.3142857142857143, 0.29523809523809524]
 mean: 0.32349206349206344, std: 0.03245866802189526
F1 Score: [0.32573513700335377, 0.3266641892728849, 0.3644752761372674, 0.2792288828913897, 0.34273405986299144, 0.37422077922077923, 0.30747593531604756, 0.32355254140968426, 0.3825050560764847, 0.3652472925510922, 0.3615373750325567, 0.30357992884308677, 0.28322964456804317, 0.32566582264695476, 0.3055416784294667]
 mean: 0.3314262399508056, std: 0.03154661265781956
Accuracy Intime: [0.30952380952380953, 0.25, 0.38095238095238093, 0.27380952380952384, 0.36904761904761907, 0.4166666666666667, 0.36904761904761907, 0.2976190476190476, 0.32142857142857145, 0.36904761904761907, 0.4880952380952381, 0.44047619047619047, 0.2619047619047619, 0.4166666666666667, 0.35714285714285715]
 mean: 0.3547619047619048, std: 0.06666666666666667
F1 (Intime): [0.3175184125438794, 0.24429110607068144, 0.3981674105956746, 0.2798091378693192, 0.3707375617034524, 0.41904748430954025, 0.37820210349921723, 0.307858887609313, 0.2888944888944889, 0.38421776007982905, 0.49273597501370914, 0.4407034346925454, 0.2627696514012303, 0.41261860946071477, 0.37713164028953505]
 mean: 0.3583135776022086, std: 0.06927247669133792
--------------------------------------------------
Subject Number: 9
Accuracy Cross: [0.29523809523809524, 0.2857142857142857, 0.3380952380952381, 0.26666666666666666, 0.26666666666666666, 0.22380952380952382, 0.2571428571428571, 0.2857142857142857, 0.2857142857142857, 0.28095238095238095, 0.19523809523809524, 0.28095238095238095, 0.2714285714285714, 0.21904761904761905, 0.24285714285714285]
 mean: 0.26634920634920634, std: 0.03396083586112084
F1 Score: [0.2693689509276781, 0.26543593411177896, 0.30579806597971154, 0.23369747411133823, 0.2556244332031402, 0.22406801164113213, 0.25975357020016865, 0.2804370511134401, 0.2766876827163538, 0.2862164207220207, 0.19443832611280643, 0.27446231982748837, 0.2730973450628379, 0.22440000444844804, 0.24658607712748024]
 mean: 0.25800477782038816, std: 0.02788905463563081
Accuracy Intime: [0.25, 0.34523809523809523, 0.3333333333333333, 0.30952380952380953, 0.2976190476190476, 0.2976190476190476, 0.3333333333333333, 0.2619047619047619, 0.36904761904761907, 0.3333333333333333, 0.30952380952380953, 0.38095238095238093, 0.30952380952380953, 0.21428571428571427, 0.44047619047619047]
 mean: 0.3190476190476191, std: 0.053275195069328284
F1 (Intime): [0.25482755066279095, 0.35576714055910613, 0.31599862461931433, 0.3003833861910087, 0.3045779220779221, 0.2916485886843577, 0.33679132461741157, 0.24589561678490898, 0.38610463540254814, 0.33195380919166084, 0.3175808080808081, 0.3836477036477037, 0.3251104788999526, 0.20964031225761812, 0.44155155776123517]
 mean: 0.3200986306292231, std: 0.05674047481659317
--------------------------------------------------
Subject Number: 10
Accuracy Cross: [0.2714285714285714, 0.21428571428571427, 0.19047619047619047, 0.23809523809523808, 0.2523809523809524, 0.21904761904761905, 0.20476190476190476, 0.2619047619047619, 0.2523809523809524, 0.24285714285714285, 0.17142857142857143, 0.22380952380952382, 0.2761904761904762, 0.2571428571428571, 0.21428571428571427]
 mean: 0.23269841269841268, std: 0.029450326713166015
F1 Score: [0.2686046772519047, 0.21315638364232337, 0.18748692392564936, 0.2359741669804948, 0.2558135728017624, 0.2217491770202825, 0.19043394338636987, 0.2606289509660296, 0.25377228555539494, 0.2390932079060475, 0.16850116067507373, 0.21814850981309056, 0.2745745253441932, 0.2535400396018603, 0.2170650516615603]
 mean: 0.2305695051021358, std: 0.03069087333419929
Accuracy Intime: [0.39285714285714285, 0.2619047619047619, 0.21428571428571427, 0.17857142857142858, 0.2857142857142857, 0.30952380952380953, 0.2619047619047619, 0.2857142857142857, 0.19047619047619047, 0.25, 0.38095238095238093, 0.2261904761904762, 0.32142857142857145, 0.23809523809523808, 0.20238095238095238]
 mean: 0.2666666666666667, std: 0.062057199372459085
F1 (Intime): [0.4013082437275986, 0.24463284205034563, 0.20790397369344737, 0.1780865542962317, 0.28325143325143326, 0.3002253302253302, 0.2707962759816326, 0.28466848130266215, 0.17342242703533023, 0.247973063521844, 0.38849816849816854, 0.22097656623625056, 0.3235578375113259, 0.2435524640478201, 0.20536385189016765]
 mean: 0.2649478342179725, std: 0.06588612480425343
--------------------------------------------------
Subject Number: 11
Accuracy Cross: [0.2, 0.20476190476190476, 0.19047619047619047, 0.24285714285714285, 0.19047619047619047, 0.2761904761904762, 0.2714285714285714, 0.28095238095238095, 0.2761904761904762, 0.2571428571428571, 0.22857142857142856, 0.3047619047619048, 0.2904761904761905, 0.23809523809523808, 0.3142857142857143]
 mean: 0.2511111111111111, std: 0.039896565687295896
F1 Score: [0.19428436194200566, 0.20355558556958223, 0.1776839075199709, 0.2308469892680419, 0.17726909719161119, 0.27097625141949494, 0.27097478141738185, 0.2565720240890606, 0.2742793687553037, 0.24662115400571757, 0.22889376908080655, 0.2940919328419328, 0.283909423909424, 0.22007171594993608, 0.3211184312222426]
 mean: 0.2434099196121675, std: 0.04204213146063239
Accuracy Intime: [0.34523809523809523, 0.2857142857142857, 0.3333333333333333, 0.40476190476190477, 0.36904761904761907, 0.30952380952380953, 0.2619047619047619, 0.3333333333333333, 0.34523809523809523, 0.3333333333333333, 0.25, 0.36904761904761907, 0.2976190476190476, 0.2619047619047619, 0.40476190476190477]
 mean: 0.326984126984127, std: 0.047393646434392436
F1 (Intime): [0.34636346300533943, 0.27913987311725863, 0.31770253770253765, 0.40997493734335844, 0.35136137604956386, 0.2901957141087576, 0.23209157509157508, 0.29818563502774026, 0.32584271346543436, 0.3328853817949945, 0.2504407704407704, 0.35852237330498193, 0.29002331002331005, 0.22951633986928105, 0.406558292401696]
 mean: 0.31458695284977334, std: 0.05366705097084068
--------------------------------------------------
Subject Number: 12
Accuracy Cross: [0.3, 0.2523809523809524, 0.3142857142857143, 0.23333333333333334, 0.26666666666666666, 0.2761904761904762, 0.2714285714285714, 0.29523809523809524, 0.23333333333333334, 0.3, 0.24285714285714285, 0.2, 0.28095238095238095, 0.20952380952380953, 0.2761904761904762]
 mean: 0.2634920634920635, std: 0.032930292012418885
F1 Score: [0.2918121138465227, 0.2506752854988149, 0.2908278651948413, 0.235619249194833, 0.2722231254285856, 0.2556490349806662, 0.2428469317209631, 0.2934979744836984, 0.22315005199150048, 0.2714137577909303, 0.25780703829743545, 0.21096184493997786, 0.2959982234066178, 0.22544306740739234, 0.28735195088136267]
 mean: 0.26035183433760944, std: 0.027522700037662474
Accuracy Intime: [0.25, 0.2976190476190476, 0.2857142857142857, 0.17857142857142858, 0.2976190476190476, 0.2857142857142857, 0.32142857142857145, 0.16666666666666666, 0.32142857142857145, 0.30952380952380953, 0.35714285714285715, 0.34523809523809523, 0.3333333333333333, 0.36904761904761907, 0.4166666666666667]
 mean: 0.3023809523809524, std: 0.0638580720314014
F1 (Intime): [0.2525339915253028, 0.2952244444333694, 0.27286646252163493, 0.1861714115503666, 0.3233073593073593, 0.2791245791245791, 0.33754008677607994, 0.1685788591051749, 0.321082711670947, 0.3163808656681875, 0.3597232947232948, 0.3066066085643643, 0.3210713950652031, 0.37078069937652486, 0.4274523375492788]
 mean: 0.30256300713077783, std: 0.06405809963793696
--------------------------------------------------
Subject Number: 13
Accuracy Cross: [0.26666666666666666, 0.21904761904761905, 0.26666666666666666, 0.22380952380952382, 0.23809523809523808, 0.2619047619047619, 0.23333333333333334, 0.20476190476190476, 0.24761904761904763, 0.24761904761904763, 0.2857142857142857, 0.23809523809523808, 0.2714285714285714, 0.2619047619047619, 0.2523809523809524]
 mean: 0.24793650793650795, std: 0.02125799243528026
F1 Score: [0.2564391748602275, 0.2070141643549126, 0.26098497352027517, 0.20943582448845605, 0.21848469178909252, 0.25953286473370596, 0.21353803524767087, 0.18894629522858628, 0.24460029115353507, 0.22297183016755057, 0.2639538689955298, 0.22343112204231286, 0.2542052081872779, 0.2572637499723783, 0.25086654468097763]
 mean: 0.23544457596149926, std: 0.023593887174241608
Accuracy Intime: [0.32142857142857145, 0.30952380952380953, 0.2857142857142857, 0.25, 0.2976190476190476, 0.34523809523809523, 0.35714285714285715, 0.3333333333333333, 0.2857142857142857, 0.25, 0.3333333333333333, 0.3333333333333333, 0.2976190476190476, 0.23809523809523808, 0.2261904761904762]
 mean: 0.2976190476190476, std: 0.03984095364447979
F1 (Intime): [0.2814798889522439, 0.2931974645726513, 0.25482377784816806, 0.2337746806039489, 0.2694462400344753, 0.3327212036444517, 0.3609047607935261, 0.3174205180774572, 0.2813899613899614, 0.2112342757504048, 0.3166481275491287, 0.31393713040771865, 0.2970423324922905, 0.23372247823860723, 0.22285920728634853]
 mean: 0.2813734698427588, std: 0.04217271078814191
--------------------------------------------------
Subject Number: 14
Accuracy Cross: [0.29523809523809524, 0.3047619047619048, 0.26666666666666666, 0.2857142857142857, 0.2904761904761905, 0.319047619047619, 0.3047619047619048, 0.28095238095238095, 0.2761904761904762, 0.2619047619047619, 0.2714285714285714, 0.2619047619047619, 0.23809523809523808, 0.22857142857142856, 0.24761904761904763]
 mean: 0.2755555555555556, std: 0.02476597443154551
F1 Score: [0.28365875057386447, 0.31032268427426235, 0.24796475960652647, 0.27952880430468263, 0.2722569824109823, 0.2680212771012707, 0.2701731254336202, 0.2417433887912556, 0.22178459746928691, 0.23437321726713828, 0.2517323530130566, 0.2299382048139884, 0.2072992042483568, 0.18997249207103212, 0.22494348473521195]
 mean: 0.24891422174096905, std: 0.031011485384791582
Accuracy Intime: [0.23809523809523808, 0.36904761904761907, 0.2976190476190476, 0.35714285714285715, 0.34523809523809523, 0.39285714285714285, 0.27380952380952384, 0.23809523809523808, 0.2619047619047619, 0.23809523809523808, 0.25, 0.2619047619047619, 0.32142857142857145, 0.30952380952380953, 0.36904761904761907]
 mean: 0.30158730158730157, std: 0.052644837942149206
F1 (Intime): [0.21494033332396506, 0.36342169346371034, 0.28794270245883147, 0.35771125426297845, 0.3354162140811691, 0.3881029926570723, 0.22574314574314575, 0.20260494502156617, 0.23635087719298245, 0.25451241294158544, 0.232012432012432, 0.23012389908941633, 0.2691871921182266, 0.2965375098849675, 0.3626484837111023]
 mean: 0.28381707253087674, std: 0.06073604185831176
--------------------------------------------------
**************************************************
accuracy_cross_list: [0.29841269841269835, 0.28984126984126984, 0.2780952380952381, 0.27269841269841266, 0.29777777777777775, 0.24095238095238095, 0.22000000000000006, 0.32349206349206344, 0.26634920634920634, 0.23269841269841268, 0.2511111111111111, 0.2634920634920635, 0.24793650793650795, 0.2755555555555556]
f1_score_list: [0.29016748524246655, 0.2650944944615186, 0.2512963194816577, 0.25312923205301613, 0.28249599778727, 0.23574551702763685, 0.21477948564383803, 0.3314262399508056, 0.25800477782038816, 0.2305695051021358, 0.2434099196121675, 0.26035183433760944, 0.23544457596149926, 0.24891422174096905]
accuracy_intime_list: [0.33412698412698416, 0.32539682539682535, 0.31587301587301586, 0.30555555555555547, 0.3507936507936508, 0.24682539682539684, 0.25396825396825395, 0.3547619047619048, 0.3190476190476191, 0.2666666666666667, 0.326984126984127, 0.3023809523809524, 0.2976190476190476, 0.30158730158730157]
f1_score_intime_list: [0.3261389408398611, 0.3067345320617101, 0.29959549125641644, 0.2842122077984073, 0.33987142841904133, 0.24022552066411246, 0.24303417733725452, 0.3583135776022086, 0.3200986306292231, 0.2649478342179725, 0.31458695284977334, 0.30256300713077783, 0.2813734698427588, 0.28381707253087674]
**************************************************
ACC: 26.85±2.74
F1: 25.72±2.81
Intime: 30.73±3.17
F1 (Intime): 29.75±3.29
