1e-06
Subject Number: 1
Accuracy Cross: [0.38235294117647056, 0.36764705882352944, 0.39705882352941174, 0.39705882352941174, 0.35294117647058826, 0.34782608695652173, 0.2753623188405797, 0.2898550724637681, 0.4782608695652174, 0.34782608695652173, 0.38235294117647056, 0.4411764705882353, 0.4411764705882353, 0.4264705882352941, 0.3235294117647059]
 mean: 0.37672634271099753, std: 0.05474263319213996
F1 Score: [0.3837639965546942, 0.4025609644157513, 0.4027758388012471, 0.4260350005177591, 0.3860669267707083, 0.359421768707483, 0.29356199356199353, 0.31005619220932523, 0.4675505653766523, 0.3548484579936193, 0.37087981744421905, 0.45135652369694923, 0.4442075163398693, 0.427540919971534, 0.29502246181491465]
 mean: 0.3850432629451147, std: 0.05334173023834839
Accuracy Intime: [0.5357142857142857, 0.5, 0.39285714285714285, 0.2692307692307692, 0.38461538461538464, 0.6428571428571429, 0.5, 0.5714285714285714, 0.4230769230769231, 0.5769230769230769, 0.32142857142857145, 0.35714285714285715, 0.35714285714285715, 0.4230769230769231, 0.3076923076923077]
 mean: 0.4375457875457875, std: 0.1076299936832642
F1 (Intime): [0.528738038277512, 0.5206477732793522, 0.4043560606060606, 0.2855203619909502, 0.40324675324675324, 0.6263100934153566, 0.5099206349206349, 0.5859943977591036, 0.376984126984127, 0.5502136752136753, 0.27772227772227775, 0.3761904761904762, 0.36209150326797385, 0.4146853146853147, 0.2893217893217893]
 mean: 0.43412955179209045, std: 0.1086890948213191
--------------------------------------------------
Subject Number: 2
Accuracy Cross: [0.2608695652173913, 0.18840579710144928, 0.2028985507246377, 0.2318840579710145, 0.2463768115942029, 0.20588235294117646, 0.3088235294117647, 0.27941176470588236, 0.3088235294117647, 0.29411764705882354, 0.2318840579710145, 0.2463768115942029, 0.391304347826087, 0.30434782608695654, 0.2318840579710145]
 mean: 0.26221938050582555, std: 0.05131631551179159
F1 Score: [0.2582633053221288, 0.20086124401913874, 0.20126900835296638, 0.2394144144144144, 0.25218289462475507, 0.18366576515663738, 0.3301449275362319, 0.2522727272727273, 0.3226676195426196, 0.30051169590643273, 0.23068181818181818, 0.251438800219288, 0.3969236107924563, 0.29144736842105257, 0.223621539750572]
 mean: 0.26235778263421594, std: 0.05520860069447522
Accuracy Intime: [0.2857142857142857, 0.35714285714285715, 0.6428571428571429, 0.19230769230769232, 0.3076923076923077, 0.4642857142857143, 0.42857142857142855, 0.35714285714285715, 0.35714285714285715, 0.4230769230769231, 0.17857142857142858, 0.39285714285714285, 0.2857142857142857, 0.15384615384615385, 0.15384615384615385]
 mean: 0.33205128205128204, std: 0.12877893568562357
F1 (Intime): [0.25133689839572193, 0.37402597402597404, 0.6514705882352941, 0.16517857142857142, 0.2815656565656566, 0.43472222222222223, 0.36180555555555555, 0.36160714285714285, 0.3416666666666666, 0.4133116883116883, 0.16274509803921566, 0.35543478260869565, 0.2894230769230769, 0.17588843904633378, 0.1543040293040293]
 mean: 0.3182990926790563, std: 0.1275066510981455
--------------------------------------------------
Subject Number: 3
Accuracy Cross: [0.25, 0.25, 0.20588235294117646, 0.27941176470588236, 0.25, 0.30434782608695654, 0.2608695652173913, 0.2463768115942029, 0.391304347826087, 0.2898550724637681, 0.2318840579710145, 0.21739130434782608, 0.34782608695652173, 0.3333333333333333, 0.2753623188405797]
 mean: 0.275589656152316, std: 0.049111042310159406
F1 Score: [0.2122679580306699, 0.22249232816948275, 0.20204517704517705, 0.27723475355054306, 0.24950858250276853, 0.2885376372771331, 0.25601749471718516, 0.2387012987012987, 0.3854765291607397, 0.26716310005783694, 0.20564516129032256, 0.19413188142770718, 0.33333333333333337, 0.29685916919959476, 0.2458384894814578]
 mean: 0.25835019292968336, std: 0.05080666399056002
Accuracy Intime: [0.2857142857142857, 0.5357142857142857, 0.32142857142857145, 0.39285714285714285, 0.34615384615384615, 0.25, 0.32142857142857145, 0.4642857142857143, 0.5384615384615384, 0.5384615384615384, 0.5, 0.32142857142857145, 0.5, 0.34615384615384615, 0.5]
 mean: 0.4108058608058608, std: 0.099690917636253
F1 (Intime): [0.29038461538461535, 0.5078947368421052, 0.28648190045248867, 0.394022644022644, 0.37826797385620914, 0.2523809523809524, 0.27766531713900133, 0.45335252982311813, 0.5327838827838828, 0.5173611111111112, 0.45388286893704854, 0.31994047619047616, 0.49690934065934067, 0.2426470588235294, 0.47219155113891953]
 mean: 0.39174446396969614, std: 0.10188673021870817
--------------------------------------------------
Subject Number: 4
Accuracy Cross: [0.391304347826087, 0.391304347826087, 0.43478260869565216, 0.4782608695652174, 0.4057971014492754, 0.463768115942029, 0.37681159420289856, 0.5507246376811594, 0.5362318840579711, 0.34782608695652173, 0.36231884057971014, 0.391304347826087, 0.43478260869565216, 0.391304347826087, 0.463768115942029]
 mean: 0.4280193236714976, std: 0.058420160223501355
F1 Score: [0.40984610627467766, 0.4143757058159232, 0.4671836228287841, 0.5124407020872865, 0.4287341023365868, 0.4789974580887248, 0.38417207792207797, 0.5576802080985651, 0.5444711538461539, 0.3658076524924351, 0.32544726930320156, 0.380301685891748, 0.4493450948944132, 0.3727006688963211, 0.4529754311055568]
 mean: 0.4362985959921638, std: 0.0652430874055108
Accuracy Intime: [0.5357142857142857, 0.6071428571428571, 0.35714285714285715, 0.42857142857142855, 0.3076923076923077, 0.6428571428571429, 0.42857142857142855, 0.4642857142857143, 0.39285714285714285, 0.4230769230769231, 0.6071428571428571, 0.4642857142857143, 0.5714285714285714, 0.5357142857142857, 0.38461538461538464]
 mean: 0.47673992673992677, std: 0.09789818450364374
F1 (Intime): [0.5611111111111111, 0.596031746031746, 0.3702380952380952, 0.3975611376927166, 0.2403846153846154, 0.6584224598930482, 0.46984126984126984, 0.46829640947288, 0.4076797385620915, 0.4042207792207792, 0.6248917748917749, 0.512280701754386, 0.5885964912280701, 0.5298701298701298, 0.33571428571428574]
 mean: 0.4776760497271332, std: 0.11442682242209118
--------------------------------------------------
Subject Number: 5
Accuracy Cross: [0.5147058823529411, 0.45588235294117646, 0.39705882352941174, 0.45588235294117646, 0.4411764705882353, 0.36764705882352944, 0.38235294117647056, 0.45588235294117646, 0.4852941176470588, 0.4117647058823529, 0.39705882352941174, 0.3235294117647059, 0.4117647058823529, 0.4264705882352941, 0.4117647058823529]
 mean: 0.4225490196078432, std: 0.04633844038469204
F1 Score: [0.48578431372549025, 0.42443387681159417, 0.3653846153846154, 0.432988008809854, 0.4099947671376243, 0.3537308072191793, 0.3985114150555327, 0.4351648351648352, 0.46053879310344825, 0.3798132183908046, 0.38936868686868686, 0.30298439630359036, 0.4041381348332926, 0.4179398148148148, 0.39615800865800865]
 mean: 0.40379557948542477, std: 0.042783985277110755
Accuracy Intime: [0.75, 0.7857142857142857, 0.6428571428571429, 0.46153846153846156, 0.38461538461538464, 0.5357142857142857, 0.5714285714285714, 0.5714285714285714, 0.4230769230769231, 0.4230769230769231, 0.5, 0.6428571428571429, 0.5357142857142857, 0.6153846153846154, 0.5384615384615384]
 mean: 0.5587912087912088, std: 0.11173722343333808
F1 (Intime): [0.7497306614953674, 0.7745192307692308, 0.6263354700854701, 0.4297619047619047, 0.3392857142857143, 0.5372023809523809, 0.5928995840760547, 0.5815165226929933, 0.34375, 0.40340909090909094, 0.5078605604921395, 0.6428571428571428, 0.5116421568627452, 0.5575757575757576, 0.5119047619047619]
 mean: 0.5406833959813836, std: 0.12492333533059895
--------------------------------------------------
Subject Number: 6
Accuracy Cross: [0.36764705882352944, 0.39705882352941174, 0.47058823529411764, 0.36764705882352944, 0.4117647058823529, 0.34782608695652173, 0.2898550724637681, 0.4057971014492754, 0.3333333333333333, 0.42028985507246375, 0.2898550724637681, 0.2753623188405797, 0.34782608695652173, 0.391304347826087, 0.391304347826087]
 mean: 0.36716396703608983, std: 0.052493594119749375
F1 Score: [0.3760988219340622, 0.385577988519165, 0.45302869398634016, 0.36250000000000004, 0.36777210884353745, 0.30782207803295486, 0.26844012204424106, 0.37508288339490387, 0.3357286866359447, 0.39788375615559124, 0.2902393500219587, 0.26046870181930315, 0.3487917795844625, 0.41022345969872204, 0.4068952142260413]
 mean: 0.35643690965981517, std: 0.05318000224337961
Accuracy Intime: [0.4642857142857143, 0.39285714285714285, 0.5357142857142857, 0.25, 0.46153846153846156, 0.39285714285714285, 0.39285714285714285, 0.6071428571428571, 0.4230769230769231, 0.34615384615384615, 0.4642857142857143, 0.39285714285714285, 0.35714285714285715, 0.5384615384615384, 0.4230769230769231]
 mean: 0.4294871794871795, std: 0.08485804761390806
F1 (Intime): [0.46507936507936504, 0.38182773109243695, 0.5290689702454409, 0.22071392659627956, 0.4583333333333333, 0.3753968253968254, 0.38244047619047616, 0.6295518207282913, 0.4094967532467533, 0.3361111111111111, 0.42113095238095233, 0.3629744651483782, 0.3493320405085111, 0.46372549019607845, 0.375]
 mean: 0.41067888408361547, std: 0.09015183752370262
--------------------------------------------------
Subject Number: 7
Accuracy Cross: [0.47058823529411764, 0.4117647058823529, 0.36764705882352944, 0.5735294117647058, 0.47058823529411764, 0.38235294117647056, 0.35294117647058826, 0.38235294117647056, 0.38235294117647056, 0.5147058823529411, 0.36764705882352944, 0.4264705882352941, 0.5588235294117647, 0.45588235294117646, 0.45588235294117646]
 mean: 0.43823529411764706, std: 0.06775353938498428
F1 Score: [0.43843476220275346, 0.3817304317304317, 0.34863046844754164, 0.5543454064529646, 0.43693124368048536, 0.36854971042471046, 0.34219844212260797, 0.36494597839135656, 0.390515350877193, 0.5174893314366998, 0.3476873265494912, 0.4001388888888889, 0.5599027962118734, 0.4484030462291332, 0.4563160883598226]
 mean: 0.4237479514670636, std: 0.07045059874038613
Accuracy Intime: [0.5357142857142857, 0.39285714285714285, 0.4642857142857143, 0.4230769230769231, 0.3076923076923077, 0.42857142857142855, 0.32142857142857145, 0.6428571428571429, 0.5, 0.4230769230769231, 0.6785714285714286, 0.5714285714285714, 0.5, 0.5769230769230769, 0.38461538461538464]
 mean: 0.47673992673992677, std: 0.10594031008200976
F1 (Intime): [0.48908730158730157, 0.4015422077922078, 0.46785714285714286, 0.3782467532467533, 0.21764705882352942, 0.4314393939393939, 0.29495504495504493, 0.6256944444444444, 0.4583333333333333, 0.3560897435897436, 0.6583333333333333, 0.5830940988835724, 0.4476909184726522, 0.5482456140350876, 0.34444444444444444]
 mean: 0.44684672224919897, std: 0.11810701364425705
--------------------------------------------------
Subject Number: 8
Accuracy Cross: [0.3235294117647059, 0.3088235294117647, 0.27941176470588236, 0.3235294117647059, 0.23529411764705882, 0.2647058823529412, 0.35294117647058826, 0.3382352941176471, 0.3235294117647059, 0.3235294117647059, 0.25, 0.3382352941176471, 0.27941176470588236, 0.3235294117647059, 0.29411764705882354]
 mean: 0.303921568627451, std: 0.033819977079726164
F1 Score: [0.3108076563958917, 0.30724206349206346, 0.29276070828776446, 0.32116995073891624, 0.24054621848739494, 0.26086182336182334, 0.3581462016244625, 0.34138119169290754, 0.33235158235158235, 0.3350313566722235, 0.23087507730364873, 0.33471814923427823, 0.28215311772923213, 0.3229070660522273, 0.28560513860716696]
 mean: 0.30377048680210555, std: 0.03644575319173869
Accuracy Intime: [0.21428571428571427, 0.35714285714285715, 0.21428571428571427, 0.23076923076923078, 0.4230769230769231, 0.35714285714285715, 0.35714285714285715, 0.32142857142857145, 0.38461538461538464, 0.34615384615384615, 0.17857142857142858, 0.21428571428571427, 0.4642857142857143, 0.3076923076923077, 0.4230769230769231]
 mean: 0.31959706959706957, std: 0.08668248766446325
F1 (Intime): [0.19909622541201488, 0.3545814479638009, 0.21479978354978357, 0.20512820512820515, 0.376984126984127, 0.3568865345181135, 0.3706349206349206, 0.33401686033264977, 0.3510061919504644, 0.328030303030303, 0.15186403508771928, 0.201010101010101, 0.46426282051282053, 0.3, 0.414044289044289]
 mean: 0.3081563896772875, std: 0.08901332497103191
--------------------------------------------------
Subject Number: 9
Accuracy Cross: [0.47058823529411764, 0.4117647058823529, 0.39705882352941174, 0.4411764705882353, 0.38235294117647056, 0.36764705882352944, 0.35294117647058826, 0.38235294117647056, 0.4411764705882353, 0.29411764705882354, 0.3088235294117647, 0.4264705882352941, 0.36764705882352944, 0.39705882352941174, 0.3382352941176471]
 mean: 0.3852941176470589, std: 0.04778846120374093
F1 Score: [0.4721157975955636, 0.43732884440622355, 0.42097186700767264, 0.4670339522776036, 0.41329592393422176, 0.3970837751855779, 0.3721042471042471, 0.4007867132867133, 0.4476800976800977, 0.3202214452214452, 0.29375375492191924, 0.42266583545653313, 0.37208229633316736, 0.3891843971631206, 0.33396464646464646]
 mean: 0.3973515729359169, std: 0.05038744806477152
Accuracy Intime: [0.5714285714285714, 0.32142857142857145, 0.35714285714285715, 0.4230769230769231, 0.38461538461538464, 0.6428571428571429, 0.4642857142857143, 0.6071428571428571, 0.34615384615384615, 0.34615384615384615, 0.4642857142857143, 0.5714285714285714, 0.6428571428571429, 0.4230769230769231, 0.46153846153846156]
 mean: 0.4684981684981685, std: 0.10845151143787211
F1 (Intime): [0.5607142857142857, 0.3458333333333333, 0.34090909090909094, 0.4155195681511471, 0.37976190476190474, 0.6616031027795733, 0.4595238095238095, 0.60625, 0.26526878694061357, 0.2885964912280702, 0.425, 0.5770917678812415, 0.6242424242424243, 0.38888888888888884, 0.4353174603174603]
 mean: 0.4516347276447895, std: 0.12155564326839816
--------------------------------------------------
Subject Number: 10
Accuracy Cross: [0.22058823529411764, 0.27941176470588236, 0.25, 0.17647058823529413, 0.25, 0.29411764705882354, 0.16176470588235295, 0.3088235294117647, 0.23529411764705882, 0.3088235294117647, 0.2028985507246377, 0.2898550724637681, 0.2898550724637681, 0.30434782608695654, 0.2463768115942029]
 mean: 0.25457516339869285, std: 0.04622655970339528
F1 Score: [0.20047818611648396, 0.2878207360965982, 0.25139403516419645, 0.1710219604956447, 0.240530303030303, 0.29983766233766235, 0.15456334332833582, 0.30101112545331615, 0.22346256684491983, 0.2872142754456584, 0.211406260186748, 0.2930922525750112, 0.27116883116883117, 0.3151977864316458, 0.2420160537333213]
 mean: 0.2500143585605784, std: 0.048030697132928055
Accuracy Intime: [0.2857142857142857, 0.2857142857142857, 0.32142857142857145, 0.34615384615384615, 0.2692307692307692, 0.39285714285714285, 0.25, 0.42857142857142855, 0.34615384615384615, 0.38461538461538464, 0.21428571428571427, 0.39285714285714285, 0.39285714285714285, 0.34615384615384615, 0.2692307692307692]
 mean: 0.3283882783882784, std: 0.061355584713184724
F1 (Intime): [0.2789072039072039, 0.27619047619047615, 0.28888888888888886, 0.32575145442792497, 0.24561403508771928, 0.403170359052712, 0.2159090909090909, 0.4217948717948718, 0.3518398268398268, 0.3775974025974026, 0.15526315789473683, 0.3868778280542987, 0.39914529914529917, 0.35486111111111107, 0.2711309523809524]
 mean: 0.31686279721883437, std: 0.07479683658262244
--------------------------------------------------
Subject Number: 11
Accuracy Cross: [0.391304347826087, 0.34782608695652173, 0.2463768115942029, 0.30434782608695654, 0.36231884057971014, 0.391304347826087, 0.34782608695652173, 0.43478260869565216, 0.36231884057971014, 0.4057971014492754, 0.34782608695652173, 0.391304347826087, 0.37681159420289856, 0.4057971014492754, 0.3333333333333333]
 mean: 0.36328502415458935, std: 0.04473753392382696
F1 Score: [0.336217554967555, 0.32154088050314467, 0.21956521739130436, 0.27796451914098974, 0.3421717171717172, 0.40167682926829273, 0.3404385964912281, 0.4181983168158283, 0.3110047846889952, 0.3767959533743085, 0.30485176962256755, 0.36613986633933443, 0.35367988375721643, 0.39433170995670996, 0.3090862647788644]
 mean: 0.3382442576178704, std: 0.04952692827330498
Accuracy Intime: [0.32142857142857145, 0.5, 0.4642857142857143, 0.35714285714285715, 0.38461538461538464, 0.2857142857142857, 0.39285714285714285, 0.5, 0.5, 0.4230769230769231, 0.5, 0.6071428571428571, 0.5, 0.42857142857142855, 0.2692307692307692]
 mean: 0.42893772893772897, std: 0.09102693080652549
F1 (Intime): [0.28991228070175434, 0.45119047619047614, 0.43221288515406164, 0.34210164835164836, 0.38570261437908493, 0.19710144927536233, 0.3382352941176471, 0.49090909090909096, 0.4519736842105263, 0.4148989898989899, 0.5080316742081448, 0.6068181818181817, 0.5071428571428571, 0.4183921341816078, 0.26799242424242425]
 mean: 0.4068410456521238, std: 0.10279135804587458
--------------------------------------------------
Subject Number: 12
Accuracy Cross: [0.27941176470588236, 0.4117647058823529, 0.4852941176470588, 0.5588235294117647, 0.5, 0.463768115942029, 0.34782608695652173, 0.4492753623188406, 0.34782608695652173, 0.4927536231884058, 0.4411764705882353, 0.3382352941176471, 0.35294117647058826, 0.4264705882352941, 0.5147058823529411]
 mean: 0.4273515203182722, std: 0.07663040901378361
F1 Score: [0.25585357624831306, 0.4349440536171042, 0.4860660173160173, 0.5538011695906433, 0.5094512195121952, 0.47615079365079366, 0.3488835725677831, 0.4480172136422137, 0.3444796786639184, 0.5155901398487239, 0.4028532380151388, 0.28314467863648185, 0.3684550743374273, 0.4418434748059837, 0.5249850723988655]
 mean: 0.4263012648567735, std: 0.08712300305068285
Accuracy Intime: [0.25, 0.32142857142857145, 0.4642857142857143, 0.46153846153846156, 0.2692307692307692, 0.35714285714285715, 0.39285714285714285, 0.4642857142857143, 0.3076923076923077, 0.4230769230769231, 0.42857142857142855, 0.2857142857142857, 0.39285714285714285, 0.5, 0.5]
 mean: 0.3879120879120879, std: 0.08185522429407782
F1 (Intime): [0.17692307692307693, 0.3240601503759398, 0.45357142857142857, 0.45067873303167416, 0.27384184443007975, 0.38920377867746286, 0.371301247771836, 0.4597402597402597, 0.32550125313283207, 0.404942645074224, 0.4585218702865762, 0.273202614379085, 0.3937459599224305, 0.47619047619047616, 0.4813833225597931]
 mean: 0.3808539107378116, std: 0.08696320950962108
--------------------------------------------------
Subject Number: 13
Accuracy Cross: [0.27941176470588236, 0.22058823529411764, 0.23529411764705882, 0.3235294117647059, 0.27941176470588236, 0.2608695652173913, 0.3188405797101449, 0.2753623188405797, 0.2898550724637681, 0.30434782608695654, 0.27941176470588236, 0.29411764705882354, 0.27941176470588236, 0.2647058823529412, 0.20588235294117646]
 mean: 0.27406933788007953, std: 0.032051657385237235
F1 Score: [0.2997911445279866, 0.19965262420757776, 0.23039596273291924, 0.33371761089152396, 0.28267786168521464, 0.24629021847556085, 0.3104766854766855, 0.26436015251804723, 0.29900674662668664, 0.3009920634920635, 0.2686332949490844, 0.2942739537567124, 0.2865563229340319, 0.24290935672514619, 0.2116820377689943]
 mean: 0.271427735784549, std: 0.03708471946259369
Accuracy Intime: [0.35714285714285715, 0.4642857142857143, 0.2857142857142857, 0.34615384615384615, 0.46153846153846156, 0.35714285714285715, 0.42857142857142855, 0.39285714285714285, 0.38461538461538464, 0.38461538461538464, 0.2857142857142857, 0.5357142857142857, 0.2857142857142857, 0.2692307692307692, 0.5]
 mean: 0.3826007326007325, std: 0.0799978531558605
F1 (Intime): [0.34523809523809523, 0.4526143790849673, 0.3244264507422402, 0.32708333333333334, 0.44748803827751193, 0.2916666666666667, 0.356578947368421, 0.3901785714285714, 0.34350649350649354, 0.33658008658008653, 0.31526894158473107, 0.5109508547008547, 0.27389705882352944, 0.23333333333333334, 0.5009803921568627]
 mean: 0.3633194428550465, std: 0.07881043926777088
--------------------------------------------------
Subject Number: 14
Accuracy Cross: [0.3382352941176471, 0.29411764705882354, 0.3235294117647059, 0.29411764705882354, 0.29411764705882354, 0.3235294117647059, 0.39705882352941174, 0.3088235294117647, 0.4117647058823529, 0.3088235294117647, 0.25, 0.36764705882352944, 0.27941176470588236, 0.35294117647058826, 0.29411764705882354]
 mean: 0.3225490196078431, std: 0.04277926319464986
F1 Score: [0.29169863597612955, 0.2816078373024556, 0.27251713693607527, 0.33363742236024846, 0.29127388291151357, 0.25549772283669486, 0.36129578093863807, 0.2713888888888889, 0.39657894736842103, 0.2811233079090222, 0.2612907925407925, 0.3178796046720575, 0.2694790313956153, 0.30203203663124495, 0.2731515598133137]
 mean: 0.2973635058987407, std: 0.03828008270259375
Accuracy Intime: [0.4642857142857143, 0.25, 0.4642857142857143, 0.46153846153846156, 0.2692307692307692, 0.35714285714285715, 0.35714285714285715, 0.39285714285714285, 0.4230769230769231, 0.23076923076923078, 0.35714285714285715, 0.32142857142857145, 0.21428571428571427, 0.5, 0.34615384615384615]
 mean: 0.36062271062271056, std: 0.08820045805606015
F1 (Intime): [0.3975961538461539, 0.2163271511097598, 0.431578947368421, 0.375, 0.23859649122807017, 0.32559523809523805, 0.33769998117824207, 0.3873144399460189, 0.4354575163398693, 0.1956140350877193, 0.29485645933014354, 0.3125, 0.18333333333333335, 0.45147058823529407, 0.33838383838383834]
 mean: 0.32808827823214004, std: 0.08507101129771302
--------------------------------------------------
Subject Number: 15
Accuracy Cross: [0.36764705882352944, 0.35294117647058826, 0.35294117647058826, 0.3235294117647059, 0.38235294117647056, 0.4264705882352941, 0.35294117647058826, 0.4264705882352941, 0.5, 0.45588235294117646, 0.4411764705882353, 0.39705882352941174, 0.4411764705882353, 0.4411764705882353, 0.4117647058823529]
 mean: 0.40490196078431384, std: 0.04707924393546261
F1 Score: [0.40084123972169516, 0.34107875307629204, 0.39017199017199017, 0.332613768303818, 0.40943218954248367, 0.41009492558303057, 0.3281125005262936, 0.4210825027685493, 0.4917892976588629, 0.45020549625812784, 0.4509935897435897, 0.4034276437847867, 0.4288451589061345, 0.416005291005291, 0.3837001287001287]
 mean: 0.40389296505007166, std: 0.04366356672567395
Accuracy Intime: [0.6785714285714286, 0.39285714285714285, 0.5714285714285714, 0.46153846153846156, 0.38461538461538464, 0.5357142857142857, 0.2857142857142857, 0.5, 0.46153846153846156, 0.5, 0.5357142857142857, 0.42857142857142855, 0.42857142857142855, 0.5, 0.38461538461538464]
 mean: 0.46996336996337, std: 0.0906258494397209
F1 (Intime): [0.6865530303030303, 0.4242424242424242, 0.5729166666666666, 0.40439640768588136, 0.3365231259968102, 0.483974358974359, 0.26785714285714285, 0.513095238095238, 0.4039682539682539, 0.4716810966810967, 0.532051282051282, 0.4320367132867133, 0.46408668730650154, 0.4566176470588236, 0.3857142857142857]
 mean: 0.45571429072590064, std: 0.09609940664332288
--------------------------------------------------
Subject Number: 16
Accuracy Cross: [0.35294117647058826, 0.4117647058823529, 0.4411764705882353, 0.4117647058823529, 0.35294117647058826, 0.38235294117647056, 0.38235294117647056, 0.36764705882352944, 0.3088235294117647, 0.27941176470588236, 0.4411764705882353, 0.45588235294117646, 0.47058823529411764, 0.4117647058823529, 0.45588235294117646]
 mean: 0.39509803921568637, std: 0.053930480546961035
F1 Score: [0.3129970358285413, 0.40163320193808, 0.4154743441676291, 0.41005224132119983, 0.28984126984126984, 0.35471489295018704, 0.3785488829678213, 0.3631948233012062, 0.2690018315018315, 0.2508211041229909, 0.3840328223715674, 0.4044584732270929, 0.4548076923076923, 0.388557010365521, 0.405459003188579]
 mean: 0.36557297529341404, std: 0.05714843916912048
Accuracy Intime: [0.35714285714285715, 0.35714285714285715, 0.6071428571428571, 0.6538461538461539, 0.4230769230769231, 0.42857142857142855, 0.42857142857142855, 0.4642857142857143, 0.4230769230769231, 0.46153846153846156, 0.4642857142857143, 0.5357142857142857, 0.6785714285714286, 0.46153846153846156, 0.4230769230769231]
 mean: 0.4778388278388279, std: 0.09494778237388558
F1 (Intime): [0.3170995670995671, 0.34358974358974365, 0.6066017316017316, 0.6523809523809524, 0.3803921568627451, 0.4077922077922078, 0.375, 0.4538461538461538, 0.31666666666666665, 0.4577922077922078, 0.43637422360248446, 0.5002747252747253, 0.6717532467532468, 0.43848039215686274, 0.3996562261268144]
 mean: 0.4505133467697407, std: 0.10927757164792036
--------------------------------------------------
Subject Number: 17
Accuracy Cross: [0.2898550724637681, 0.3333333333333333, 0.3333333333333333, 0.3333333333333333, 0.36231884057971014, 0.36231884057971014, 0.3188405797101449, 0.30434782608695654, 0.34782608695652173, 0.34782608695652173, 0.3382352941176471, 0.4117647058823529, 0.35294117647058826, 0.36764705882352944, 0.35294117647058826]
 mean: 0.3437908496732025, std: 0.027715746743755685
F1 Score: [0.2368305209097579, 0.2649859943977591, 0.3208931419457735, 0.29079185406215763, 0.30292792792792794, 0.3433635373726375, 0.2436700767263427, 0.2640641484813149, 0.3031431726168568, 0.3057644110275689, 0.29923051963102026, 0.3812107562107563, 0.344637441411635, 0.3652776118808727, 0.33231649303077876]
 mean: 0.3066071738422106, std: 0.04112840148877354
Accuracy Intime: [0.39285714285714285, 0.42857142857142855, 0.25, 0.3076923076923077, 0.4230769230769231, 0.42857142857142855, 0.39285714285714285, 0.42857142857142855, 0.38461538461538464, 0.5384615384615384, 0.35714285714285715, 0.4642857142857143, 0.42857142857142855, 0.4642857142857143, 0.46153846153846156]
 mean: 0.4100732600732601, std: 0.06668125670561814
F1 (Intime): [0.37142857142857144, 0.40863745817306185, 0.24545454545454543, 0.3013257575757576, 0.3094017094017094, 0.45142211589580006, 0.3353846153846154, 0.42658730158730157, 0.28289473684210525, 0.5068452380952381, 0.36450477626948213, 0.458502024291498, 0.37499999999999994, 0.446524064171123, 0.4220588235294118]
 mean: 0.380398115873348, std: 0.071912293937247
--------------------------------------------------
Subject Number: 18
Accuracy Cross: [0.4782608695652174, 0.391304347826087, 0.4782608695652174, 0.37681159420289856, 0.391304347826087, 0.38235294117647056, 0.3088235294117647, 0.2647058823529412, 0.22058823529411764, 0.38235294117647056, 0.3235294117647059, 0.36764705882352944, 0.4264705882352941, 0.36764705882352944, 0.3088235294117647]
 mean: 0.3645922136970731, std: 0.06856474866331576
F1 Score: [0.48078635160309835, 0.4241013071895425, 0.45489874110563766, 0.3772869674185464, 0.38130899131951024, 0.39750141163184644, 0.3339918946301925, 0.2739348370927318, 0.23116883116883116, 0.42062968178528815, 0.3430194805194805, 0.3738680301180301, 0.43055153095721044, 0.3353436556761365, 0.312425728341426]
 mean: 0.3713878293705006, std: 0.06562753862500284
Accuracy Intime: [0.42857142857142855, 0.5357142857142857, 0.2857142857142857, 0.34615384615384615, 0.23076923076923078, 0.6071428571428571, 0.7142857142857143, 0.35714285714285715, 0.34615384615384615, 0.38461538461538464, 0.39285714285714285, 0.17857142857142858, 0.4642857142857143, 0.34615384615384615, 0.3076923076923077]
 mean: 0.3950549450549451, std: 0.13534116970948318
F1 (Intime): [0.45158350421508314, 0.5503246753246753, 0.27827380952380953, 0.3634878193701723, 0.2364630467571644, 0.608173076923077, 0.7202380952380952, 0.35422209369577795, 0.3706140350877193, 0.3729575163398693, 0.3815351315351315, 0.17500920132499082, 0.47012362637362637, 0.36753246753246754, 0.29490995115995117]
 mean: 0.3996965366934407, std: 0.13801155324771014
--------------------------------------------------
Subject Number: 19
Accuracy Cross: [0.27941176470588236, 0.29411764705882354, 0.27941176470588236, 0.25, 0.27941176470588236, 0.47058823529411764, 0.3382352941176471, 0.45588235294117646, 0.45588235294117646, 0.4117647058823529, 0.29411764705882354, 0.29411764705882354, 0.36764705882352944, 0.3382352941176471, 0.3088235294117647]
 mean: 0.34117647058823525, std: 0.0712792969776217
F1 Score: [0.24343434343434342, 0.2596132897603486, 0.25123685837971554, 0.27206670956670953, 0.2378293464397922, 0.47978436657681944, 0.29801740812379107, 0.4429032258064516, 0.43778484366719667, 0.37946353163744473, 0.2914323708206687, 0.2724871071910545, 0.3460248447204969, 0.33074195308237864, 0.3004752885053843]
 mean: 0.3228863658475064, std: 0.07569148659189466
Accuracy Intime: [0.42857142857142855, 0.39285714285714285, 0.35714285714285715, 0.4230769230769231, 0.46153846153846156, 0.2857142857142857, 0.25, 0.4642857142857143, 0.5, 0.38461538461538464, 0.5, 0.35714285714285715, 0.42857142857142855, 0.38461538461538464, 0.34615384615384615]
 mean: 0.39761904761904765, std: 0.06959803353872653
F1 (Intime): [0.42192307692307696, 0.34633458646616544, 0.34736990950226243, 0.3597802197802198, 0.43279220779220773, 0.2689393939393939, 0.215158371040724, 0.4585561497326203, 0.39285714285714285, 0.2928571428571428, 0.4970551378446115, 0.33774777853725224, 0.4287581699346405, 0.3562435500515995, 0.29051383399209485]
 mean: 0.3631257780834103, std: 0.07427629687000134
--------------------------------------------------
Subject Number: 20
Accuracy Cross: [0.3382352941176471, 0.4852941176470588, 0.4852941176470588, 0.4411764705882353, 0.39705882352941174, 0.4117647058823529, 0.38235294117647056, 0.4411764705882353, 0.35294117647058826, 0.35294117647058826, 0.4492753623188406, 0.4057971014492754, 0.37681159420289856, 0.463768115942029, 0.42028985507246375]
 mean: 0.4136118215402103, std: 0.04571053419159442
F1 Score: [0.29284290271132374, 0.5053688141923436, 0.5083796296296297, 0.441661279896574, 0.40150393901619796, 0.4178571428571428, 0.37820660522273425, 0.4490398886827458, 0.36318681318681323, 0.35817280758457226, 0.4588267543859649, 0.40807109557109555, 0.36905802530802534, 0.4466626723659972, 0.3970532915360502]
 mean: 0.41305944414314744, std: 0.05566791476333063
Accuracy Intime: [0.4642857142857143, 0.5714285714285714, 0.5714285714285714, 0.38461538461538464, 0.4230769230769231, 0.7142857142857143, 0.6428571428571429, 0.6071428571428571, 0.46153846153846156, 0.2692307692307692, 0.5357142857142857, 0.5357142857142857, 0.35714285714285715, 0.5, 0.4230769230769231]
 mean: 0.4974358974358974, std: 0.11314531524681842
F1 (Intime): [0.4284441049146931, 0.5926573426573427, 0.5706773618538324, 0.34989434370239325, 0.4492424242424242, 0.7181372549019608, 0.636038961038961, 0.601379013143719, 0.47708333333333336, 0.21363636363636362, 0.5265151515151515, 0.5381313131313131, 0.3240802675585285, 0.4269480519480519, 0.4088345864661654]
 mean: 0.48411332493628223, std: 0.1279773821101468
--------------------------------------------------
Subject Number: 21
Accuracy Cross: [0.2647058823529412, 0.3088235294117647, 0.27941176470588236, 0.36764705882352944, 0.27941176470588236, 0.3382352941176471, 0.3235294117647059, 0.36764705882352944, 0.4117647058823529, 0.4852941176470588, 0.4117647058823529, 0.3235294117647059, 0.3382352941176471, 0.36764705882352944, 0.39705882352941174]
 mean: 0.3509803921568627, std: 0.05755160831936929
F1 Score: [0.2172202797202797, 0.24528985507246376, 0.23828949683321604, 0.340055263297731, 0.23963100686498856, 0.2844385026737968, 0.30437430786267994, 0.3375531632110579, 0.3999412143967839, 0.4644218684541265, 0.3798723335488042, 0.3089324618736383, 0.3143291893291893, 0.37673348474375434, 0.41209921514799563]
 mean: 0.32421210953536705, std: 0.0702009553112092
Accuracy Intime: [0.5, 0.4642857142857143, 0.4642857142857143, 0.3076923076923077, 0.46153846153846156, 0.2857142857142857, 0.5, 0.39285714285714285, 0.6153846153846154, 0.3076923076923077, 0.32142857142857145, 0.25, 0.25, 0.4230769230769231, 0.34615384615384615]
 mean: 0.39267399267399267, std: 0.10405026100624548
F1 (Intime): [0.4105072463768116, 0.4742063492063492, 0.3950742240215924, 0.3102564102564102, 0.3705495356037152, 0.2126984126984127, 0.5002513826043238, 0.3714285714285714, 0.5660256410256411, 0.2961996336996337, 0.3086996336996337, 0.23466117216117216, 0.24827317290552586, 0.3452797202797203, 0.30098039215686273]
 mean: 0.3563394332082917, std: 0.09721087051112168
--------------------------------------------------
Subject Number: 22
Accuracy Cross: [0.27941176470588236, 0.27941176470588236, 0.4117647058823529, 0.36764705882352944, 0.16176470588235295, 0.2463768115942029, 0.30434782608695654, 0.3333333333333333, 0.3188405797101449, 0.36231884057971014, 0.23529411764705882, 0.36764705882352944, 0.29411764705882354, 0.4264705882352941, 0.25]
 mean: 0.3092497868712703, std: 0.06893344471865198
F1 Score: [0.28018591737965604, 0.2862634970393591, 0.3931623931623932, 0.38614718614718613, 0.1330219432686226, 0.23801042890716806, 0.3317422317764315, 0.3556943053366735, 0.31928716608594654, 0.3558358241598017, 0.26261251451800227, 0.37434465371001135, 0.30997192845018934, 0.4219548504260987, 0.2544168391994479]
 mean: 0.31351011197113254, std: 0.07176008642262885
Accuracy Intime: [0.39285714285714285, 0.35714285714285715, 0.42857142857142855, 0.4230769230769231, 0.34615384615384615, 0.32142857142857145, 0.6428571428571429, 0.32142857142857145, 0.5384615384615384, 0.5, 0.25, 0.2857142857142857, 0.4642857142857143, 0.38461538461538464, 0.34615384615384615]
 mean: 0.4001831501831502, std: 0.09982105042073666
F1 (Intime): [0.3912714097496706, 0.3696969696969697, 0.4325757575757576, 0.4083818142641672, 0.3457448983764773, 0.2969298245614035, 0.6513888888888889, 0.322754329004329, 0.5595238095238095, 0.4751885369532428, 0.2401669000933707, 0.28583916083916083, 0.46973039215686274, 0.3770833333333333, 0.31699346405228757]
 mean: 0.3962179659379821, std: 0.10538809211399383
--------------------------------------------------
Subject Number: 23
Accuracy Cross: [0.4492753623188406, 0.37681159420289856, 0.391304347826087, 0.4492753623188406, 0.37681159420289856, 0.38235294117647056, 0.4411764705882353, 0.47058823529411764, 0.5, 0.4411764705882353, 0.34782608695652173, 0.37681159420289856, 0.42028985507246375, 0.4782608695652174, 0.3333333333333333]
 mean: 0.41568627450980394, std: 0.048471352417869706
F1 Score: [0.45466290815128024, 0.38733051739778396, 0.37285024154589375, 0.4703958766458767, 0.3855311355311355, 0.36044558889386474, 0.4518466573165031, 0.4739101485842445, 0.5064784053156146, 0.4486586293037906, 0.31945402794548905, 0.3776958525345622, 0.4093767085839256, 0.48806111650057327, 0.3202614379084967]
 mean: 0.4151306168106023, std: 0.05786377847419188
Accuracy Intime: [0.5, 0.6071428571428571, 0.39285714285714285, 0.38461538461538464, 0.38461538461538464, 0.35714285714285715, 0.6071428571428571, 0.35714285714285715, 0.5, 0.38461538461538464, 0.35714285714285715, 0.5714285714285714, 0.5714285714285714, 0.5, 0.3076923076923077]
 mean: 0.45219780219780215, std: 0.0995036589414499
F1 (Intime): [0.4595274007038713, 0.616919191919192, 0.4096638655462185, 0.3735119047619047, 0.3298611111111111, 0.2924242424242424, 0.6243315508021391, 0.4002742355683532, 0.47032563025210083, 0.3852564102564103, 0.35, 0.5726587138351844, 0.5942307692307693, 0.503968253968254, 0.2824786324786325]
 mean: 0.4443621275238922, std: 0.1121039901626359
--------------------------------------------------
Subject Number: 24
Accuracy Cross: [0.36764705882352944, 0.27941176470588236, 0.3235294117647059, 0.25, 0.3382352941176471, 0.27941176470588236, 0.3382352941176471, 0.3382352941176471, 0.35294117647058826, 0.3382352941176471, 0.22058823529411764, 0.22058823529411764, 0.3088235294117647, 0.25, 0.3088235294117647]
 mean: 0.30098039215686273, std: 0.04646272788655996
F1 Score: [0.34416423647932126, 0.2686205686205686, 0.31537162162162163, 0.2505259173779752, 0.3427109615923745, 0.2700153160679476, 0.3418420724872338, 0.32329059829059825, 0.3580688854489164, 0.33314426120273194, 0.2063112326270221, 0.21573529411764705, 0.30963760504201676, 0.24872713493403148, 0.29516550522648083]
 mean: 0.29488874740909915, std: 0.047143462483328034
Accuracy Intime: [0.39285714285714285, 0.2857142857142857, 0.21428571428571427, 0.3076923076923077, 0.23076923076923078, 0.42857142857142855, 0.39285714285714285, 0.35714285714285715, 0.6153846153846154, 0.4230769230769231, 0.42857142857142855, 0.2857142857142857, 0.32142857142857145, 0.5384615384615384, 0.23076923076923078]
 mean: 0.3635531135531135, std: 0.11024971685717828
F1 (Intime): [0.37634587634587635, 0.28306595365418896, 0.2205128205128205, 0.2811085972850679, 0.18712121212121213, 0.4031746031746032, 0.3888278388278388, 0.2883116883116883, 0.5888888888888889, 0.40535714285714286, 0.3958333333333333, 0.2928321678321678, 0.31039915966386555, 0.5037878787878788, 0.21442307692307694]
 mean: 0.34266601590131, std: 0.10634902100692341
--------------------------------------------------
Subject Number: 25
Accuracy Cross: [0.43478260869565216, 0.37681159420289856, 0.4492753623188406, 0.3333333333333333, 0.3188405797101449, 0.3088235294117647, 0.36764705882352944, 0.4411764705882353, 0.45588235294117646, 0.3382352941176471, 0.3235294117647059, 0.4264705882352941, 0.36764705882352944, 0.36764705882352944, 0.36764705882352944]
 mean: 0.37851662404092073, std: 0.04896632759331354
F1 Score: [0.35064935064935066, 0.3503391819560924, 0.4022727272727272, 0.28854166666666664, 0.23184676318557138, 0.307204090262561, 0.323125, 0.42599719485495346, 0.42777740386772556, 0.3168016194331984, 0.312316776790461, 0.4122804314329738, 0.3274288177650671, 0.34741924741924746, 0.330375802358561]
 mean: 0.34362507159434386, std: 0.05262545926417773
Accuracy Intime: [0.6071428571428571, 0.25, 0.35714285714285715, 0.46153846153846156, 0.3076923076923077, 0.42857142857142855, 0.5, 0.35714285714285715, 0.8461538461538461, 0.6538461538461539, 0.32142857142857145, 0.42857142857142855, 0.42857142857142855, 0.6923076923076923, 0.5384615384615384]
 mean: 0.4785714285714286, std: 0.15822267894747968
F1 (Intime): [0.6076923076923078, 0.24322344322344325, 0.34920634920634924, 0.4327731092436975, 0.24242424242424243, 0.413961038961039, 0.4229166666666666, 0.3584686147186147, 0.6848739495798319, 0.6346542346542347, 0.28809523809523807, 0.39720279720279716, 0.3670293522267206, 0.6357142857142857, 0.5277777777777777]
 mean: 0.4404008938258164, std: 0.14044746514357367
--------------------------------------------------
Subject Number: 26
Accuracy Cross: [0.4057971014492754, 0.3333333333333333, 0.34782608695652173, 0.5362318840579711, 0.4492753623188406, 0.35294117647058826, 0.4264705882352941, 0.36764705882352944, 0.47058823529411764, 0.45588235294117646, 0.4411764705882353, 0.5, 0.5147058823529411, 0.5294117647058824, 0.38235294117647056]
 mean: 0.4342426825802785, std: 0.06561411164146687
F1 Score: [0.4140213326534081, 0.33402653990889286, 0.345979020979021, 0.5442699538444219, 0.4642276422764228, 0.3781706695982162, 0.44701102812463533, 0.3614788862253365, 0.48479185543139036, 0.4737769987105094, 0.4402010411876419, 0.5349197023110067, 0.5262650956002647, 0.5542001300219752, 0.4088613587942871]
 mean: 0.44748008371116205, std: 0.07071664613559556
Accuracy Intime: [0.5357142857142857, 0.2857142857142857, 0.2857142857142857, 0.5, 0.34615384615384615, 0.5714285714285714, 0.6071428571428571, 0.5357142857142857, 0.5, 0.4230769230769231, 0.6428571428571429, 0.39285714285714285, 0.4642857142857143, 0.5769230769230769, 0.38461538461538464]
 mean: 0.47014652014652025, std: 0.1094168686623563
F1 (Intime): [0.531995781995782, 0.2630952380952381, 0.2724089635854342, 0.5196969696969697, 0.3142316017316017, 0.6075358851674642, 0.6236111111111111, 0.525222816399287, 0.5488949646844383, 0.42841880341880345, 0.6597132034632035, 0.40476190476190477, 0.43157894736842106, 0.5784090909090909, 0.3846590909090909]
 mean: 0.47294895821985605, std: 0.12290179390916604
--------------------------------------------------
Subject Number: 27
Accuracy Cross: [0.2898550724637681, 0.3333333333333333, 0.3333333333333333, 0.3333333333333333, 0.36231884057971014, 0.36231884057971014, 0.3188405797101449, 0.30434782608695654, 0.34782608695652173, 0.34782608695652173, 0.3382352941176471, 0.4117647058823529, 0.35294117647058826, 0.36764705882352944, 0.35294117647058826]
 mean: 0.3437908496732025, std: 0.027715746743755685
F1 Score: [0.2368305209097579, 0.2649859943977591, 0.3208931419457735, 0.29079185406215763, 0.30292792792792794, 0.3433635373726375, 0.2436700767263427, 0.2640641484813149, 0.3031431726168568, 0.3057644110275689, 0.29923051963102026, 0.3812107562107563, 0.344637441411635, 0.3652776118808727, 0.33231649303077876]
 mean: 0.3066071738422106, std: 0.04112840148877354
Accuracy Intime: [0.39285714285714285, 0.42857142857142855, 0.25, 0.3076923076923077, 0.4230769230769231, 0.42857142857142855, 0.39285714285714285, 0.42857142857142855, 0.38461538461538464, 0.5384615384615384, 0.35714285714285715, 0.4642857142857143, 0.42857142857142855, 0.4642857142857143, 0.46153846153846156]
 mean: 0.4100732600732601, std: 0.06668125670561814
F1 (Intime): [0.37142857142857144, 0.40863745817306185, 0.24545454545454543, 0.3013257575757576, 0.3094017094017094, 0.45142211589580006, 0.3353846153846154, 0.42658730158730157, 0.28289473684210525, 0.5068452380952381, 0.36450477626948213, 0.458502024291498, 0.37499999999999994, 0.446524064171123, 0.4220588235294118]
 mean: 0.380398115873348, std: 0.071912293937247
--------------------------------------------------
Subject Number: 28
Accuracy Cross: [0.29411764705882354, 0.25, 0.27941176470588236, 0.19117647058823528, 0.17647058823529413, 0.27941176470588236, 0.23529411764705882, 0.23529411764705882, 0.3235294117647059, 0.2647058823529412, 0.20588235294117646, 0.39705882352941174, 0.36764705882352944, 0.38235294117647056, 0.35294117647058826]
 mean: 0.2823529411764706, std: 0.06754041039078366
F1 Score: [0.2626909854851031, 0.2064051638530288, 0.22928113553113552, 0.20249745713455392, 0.1506531204644412, 0.2329365079365079, 0.16169507575757575, 0.1987946693829047, 0.3042781481827116, 0.23380065771579753, 0.17993447993447992, 0.3334401709401709, 0.35002849002849, 0.3813288477712363, 0.30720278958265224]
 mean: 0.24899784664671928, std: 0.06875952267048499
Accuracy Intime: [0.35714285714285715, 0.39285714285714285, 0.39285714285714285, 0.6538461538461539, 0.46153846153846156, 0.39285714285714285, 0.35714285714285715, 0.39285714285714285, 0.5384615384615384, 0.5769230769230769, 0.32142857142857145, 0.42857142857142855, 0.39285714285714285, 0.4230769230769231, 0.34615384615384615]
 mean: 0.4285714285714286, std: 0.08974172084471005
F1 (Intime): [0.3299916457811195, 0.3773109243697479, 0.3465686274509804, 0.6020658263305322, 0.4274122807017544, 0.39207634470792363, 0.3310897435897436, 0.38125763125763124, 0.4893534002229654, 0.5292207792207791, 0.27240896358543415, 0.4305555555555556, 0.37896825396825395, 0.3906926406926407, 0.3265469824293354]
 mean: 0.40036797332429314, std: 0.0827981566997697
--------------------------------------------------
Subject Number: 29
Accuracy Cross: [0.4117647058823529, 0.5, 0.4264705882352941, 0.5, 0.5147058823529411, 0.5294117647058824, 0.4852941176470588, 0.4411764705882353, 0.5735294117647058, 0.5, 0.5507246376811594, 0.4492753623188406, 0.4492753623188406, 0.5652173913043478, 0.4492753623188406]
 mean: 0.48974140380789993, std: 0.04920913400760643
F1 Score: [0.43933747412008284, 0.5208323353484644, 0.453125, 0.5309491070017386, 0.5416666666666666, 0.5412658802177859, 0.4961755233494364, 0.4589290720493412, 0.5891025641025641, 0.5300840336134454, 0.5550976800976801, 0.46015003922704206, 0.46190476190476193, 0.5776145790833673, 0.4596603936346507]
 mean: 0.5077263406944685, std: 0.04766876778809704
Accuracy Intime: [0.42857142857142855, 0.6071428571428571, 0.5357142857142857, 0.46153846153846156, 0.5, 0.5, 0.4642857142857143, 0.5, 0.5, 0.6153846153846154, 0.4642857142857143, 0.5, 0.5, 0.4230769230769231, 0.34615384615384615]
 mean: 0.4897435897435898, std: 0.06491479144229058
F1 (Intime): [0.40082013574660635, 0.6309294871794872, 0.5607627666451196, 0.48651348651348647, 0.5225081699346406, 0.4901861423600554, 0.4488095238095238, 0.5125291375291375, 0.5416666666666666, 0.6026785714285714, 0.4880952380952381, 0.49317524580682476, 0.5087412587412588, 0.43333333333333335, 0.3472222222222222]
 mean: 0.4978647590674782, std: 0.07047191638739733
--------------------------------------------------
**************************************************
accuracy_cross_list: [0.37672634271099753, 0.26221938050582555, 0.275589656152316, 0.4280193236714976, 0.4225490196078432, 0.36716396703608983, 0.43823529411764706, 0.303921568627451, 0.3852941176470589, 0.25457516339869285, 0.36328502415458935, 0.4273515203182722, 0.27406933788007953, 0.3225490196078431, 0.40490196078431384, 0.39509803921568637, 0.3437908496732025, 0.3645922136970731, 0.34117647058823525, 0.4136118215402103, 0.3509803921568627, 0.3092497868712703, 0.41568627450980394, 0.30098039215686273, 0.37851662404092073, 0.4342426825802785, 0.3437908496732025, 0.2823529411764706, 0.48974140380789993]
f1_score_list: [0.3850432629451147, 0.26235778263421594, 0.25835019292968336, 0.4362985959921638, 0.40379557948542477, 0.35643690965981517, 0.4237479514670636, 0.30377048680210555, 0.3973515729359169, 0.2500143585605784, 0.3382442576178704, 0.4263012648567735, 0.271427735784549, 0.2973635058987407, 0.40389296505007166, 0.36557297529341404, 0.3066071738422106, 0.3713878293705006, 0.3228863658475064, 0.41305944414314744, 0.32421210953536705, 0.31351011197113254, 0.4151306168106023, 0.29488874740909915, 0.34362507159434386, 0.44748008371116205, 0.3066071738422106, 0.24899784664671928, 0.5077263406944685]
accuracy_intime_list: [0.4375457875457875, 0.33205128205128204, 0.4108058608058608, 0.47673992673992677, 0.5587912087912088, 0.4294871794871795, 0.47673992673992677, 0.31959706959706957, 0.4684981684981685, 0.3283882783882784, 0.42893772893772897, 0.3879120879120879, 0.3826007326007325, 0.36062271062271056, 0.46996336996337, 0.4778388278388279, 0.4100732600732601, 0.3950549450549451, 0.39761904761904765, 0.4974358974358974, 0.39267399267399267, 0.4001831501831502, 0.45219780219780215, 0.3635531135531135, 0.4785714285714286, 0.47014652014652025, 0.4100732600732601, 0.4285714285714286, 0.4897435897435898]
f1_score_intime_list: [0.43412955179209045, 0.3182990926790563, 0.39174446396969614, 0.4776760497271332, 0.5406833959813836, 0.41067888408361547, 0.44684672224919897, 0.3081563896772875, 0.4516347276447895, 0.31686279721883437, 0.4068410456521238, 0.3808539107378116, 0.3633194428550465, 0.32808827823214004, 0.45571429072590064, 0.4505133467697407, 0.380398115873348, 0.3996965366934407, 0.3631257780834103, 0.48411332493628223, 0.3563394332082917, 0.3962179659379821, 0.4443621275238922, 0.34266601590131, 0.4404008938258164, 0.47294895821985605, 0.380398115873348, 0.40036797332429314, 0.4978647590674782]
**************************************************
ACC: 36.10±6.01
F1: 35.16±6.65
Intime: 42.53±5.55
F1 (Intime): 40.83±5.80
