1e-03
Subject Number: 1
Accuracy Cross: [0.23529411764705882, 0.36764705882352944, 0.29411764705882354, 0.3382352941176471, 0.36764705882352944, 0.2898550724637681, 0.3188405797101449, 0.36231884057971014, 0.43478260869565216, 0.42028985507246375, 0.36764705882352944, 0.36764705882352944, 0.5294117647058824, 0.39705882352941174, 0.35294117647058826]
 mean: 0.36291560102301795, std: 0.06655462087558964
F1 Score: [0.23173763576576878, 0.36102756892230575, 0.30419765446224256, 0.26945812807881775, 0.36583717864205667, 0.24185241472475516, 0.30981344645137743, 0.3207671957671958, 0.40679841897233204, 0.4006577480490524, 0.34690657609874254, 0.3508644133644134, 0.530448717948718, 0.393243901555922, 0.35174859710291234]
 mean: 0.3456906397271075, std: 0.07167869621588879
Accuracy Intime: [0.4642857142857143, 0.32142857142857145, 0.39285714285714285, 0.38461538461538464, 0.3076923076923077, 0.42857142857142855, 0.42857142857142855, 0.4642857142857143, 0.5, 0.5384615384615384, 0.32142857142857145, 0.35714285714285715, 0.2857142857142857, 0.4230769230769231, 0.38461538461538464]
 mean: 0.4001831501831502, std: 0.07112974026066621
F1 (Intime): [0.4502525252525253, 0.29185520361990946, 0.35648864809081526, 0.41035353535353536, 0.2763888888888889, 0.43898809523809523, 0.4154761904761905, 0.4565789473684211, 0.5010302197802198, 0.5582064993829701, 0.28055555555555556, 0.34122474747474746, 0.31237373737373736, 0.35930735930735935, 0.3710955710955711]
 mean: 0.38801171495056946, std: 0.08059501905668265
--------------------------------------------------
Subject Number: 2
Accuracy Cross: [0.2318840579710145, 0.2463768115942029, 0.2898550724637681, 0.2608695652173913, 0.17391304347826086, 0.20588235294117646, 0.27941176470588236, 0.36764705882352944, 0.36764705882352944, 0.3382352941176471, 0.3188405797101449, 0.36231884057971014, 0.391304347826087, 0.36231884057971014, 0.3333333333333333]
 mean: 0.3019892014776925, std: 0.06452593131567118
F1 Score: [0.21485380116959063, 0.262602253434172, 0.2933693118475727, 0.2681782945736434, 0.1802932432727829, 0.22281258113571456, 0.26366487455197135, 0.3858466294895978, 0.3539562289562289, 0.34608013937282234, 0.2665934189767861, 0.3349684338056431, 0.3809659090909091, 0.33506901903128317, 0.31179460420531846]
 mean: 0.2947365828609358, std: 0.05975776807740122
Accuracy Intime: [0.5, 0.39285714285714285, 0.32142857142857145, 0.4230769230769231, 0.3076923076923077, 0.4642857142857143, 0.2857142857142857, 0.2857142857142857, 0.39285714285714285, 0.3076923076923077, 0.39285714285714285, 0.35714285714285715, 0.39285714285714285, 0.3076923076923077, 0.23076923076923078]
 mean: 0.3575091575091575, std: 0.07123718136480375
F1 (Intime): [0.5091346153846154, 0.3928571428571428, 0.29928025191183083, 0.40638528138528135, 0.2875, 0.45335252982311813, 0.2652777777777778, 0.2299019607843137, 0.37187812187812186, 0.3002164502164502, 0.3360805860805861, 0.3583818142641672, 0.348970473970474, 0.30317460317460315, 0.17786561264822134]
 mean: 0.33601714814378025, std: 0.082143745740191
--------------------------------------------------
Subject Number: 3
Accuracy Cross: [0.35294117647058826, 0.27941176470588236, 0.20588235294117646, 0.2647058823529412, 0.22058823529411764, 0.2898550724637681, 0.2608695652173913, 0.21739130434782608, 0.2753623188405797, 0.2608695652173913, 0.2753623188405797, 0.2608695652173913, 0.2318840579710145, 0.30434782608695654, 0.2753623188405797]
 mean: 0.26504688832054557, std: 0.03588063362443222
F1 Score: [0.3533868092691622, 0.26632233716323817, 0.19414529914529913, 0.2473108560065082, 0.21176739926739926, 0.23699543551881536, 0.2386564236678653, 0.20226915067796342, 0.258680926916221, 0.2516907397208355, 0.2587938548304402, 0.23840787190135165, 0.2274591664835567, 0.28951000690131123, 0.2611106860344665]
 mean: 0.24910046423362894, std: 0.03704983795483794
Accuracy Intime: [0.4642857142857143, 0.32142857142857145, 0.39285714285714285, 0.4642857142857143, 0.5384615384615384, 0.35714285714285715, 0.25, 0.39285714285714285, 0.34615384615384615, 0.38461538461538464, 0.35714285714285715, 0.42857142857142855, 0.2857142857142857, 0.3076923076923077, 0.46153846153846156]
 mean: 0.38351648351648354, std: 0.07533552796883336
F1 (Intime): [0.4714285714285714, 0.28998778998778996, 0.390909090909091, 0.46637426900584794, 0.5540106951871657, 0.3208333333333333, 0.2456730769230769, 0.35410641989589353, 0.2821862348178138, 0.3549666707561444, 0.3524294333117863, 0.3970588235294118, 0.29052197802197804, 0.2655195681511471, 0.4653846153846154]
 mean: 0.3667593713762445, std: 0.08700718930285942
--------------------------------------------------
Subject Number: 4
Accuracy Cross: [0.3333333333333333, 0.3188405797101449, 0.30434782608695654, 0.391304347826087, 0.37681159420289856, 0.4057971014492754, 0.37681159420289856, 0.37681159420289856, 0.4057971014492754, 0.2898550724637681, 0.4057971014492754, 0.391304347826087, 0.2318840579710145, 0.463768115942029, 0.391304347826087]
 mean: 0.3642512077294687, std: 0.0562215904385552
F1 Score: [0.3281405230713986, 0.33342369205746814, 0.2879785522448566, 0.39203902714932126, 0.3811600561600562, 0.41512654012654016, 0.3802687508569862, 0.37811653116531163, 0.4127190605239386, 0.29850474728523513, 0.35816319220574544, 0.38758350424668947, 0.23850844277673547, 0.4750525005833398, 0.3731069125805968]
 mean: 0.36265946886894795, std: 0.056302038980273125
Accuracy Intime: [0.39285714285714285, 0.35714285714285715, 0.35714285714285715, 0.32142857142857145, 0.34615384615384615, 0.39285714285714285, 0.39285714285714285, 0.35714285714285715, 0.4642857142857143, 0.3076923076923077, 0.4642857142857143, 0.42857142857142855, 0.5714285714285714, 0.42857142857142855, 0.34615384615384615]
 mean: 0.3952380952380953, std: 0.06587960713928045
F1 (Intime): [0.3882090132090132, 0.2977941176470588, 0.3486111111111111, 0.3060897435897436, 0.3433080808080808, 0.37374847374847375, 0.40851501439736737, 0.32380952380952377, 0.4236111111111111, 0.334280303030303, 0.4586385836385836, 0.3928571428571428, 0.529419191919192, 0.35291005291005284, 0.35470085470085466]
 mean: 0.3757668212325075, std: 0.05910544252433227
--------------------------------------------------
Subject Number: 5
Accuracy Cross: [0.23529411764705882, 0.36764705882352944, 0.3235294117647059, 0.4264705882352941, 0.3382352941176471, 0.4411764705882353, 0.47058823529411764, 0.4117647058823529, 0.47058823529411764, 0.4411764705882353, 0.29411764705882354, 0.36764705882352944, 0.39705882352941174, 0.27941176470588236, 0.47058823529411764]
 mean: 0.3823529411764706, std: 0.07264170020722628
F1 Score: [0.21122291021671824, 0.35514190397911327, 0.3303924271666207, 0.42573051948051943, 0.3534967981125716, 0.4340634523561353, 0.42034632034632036, 0.4220421794792504, 0.4694728369592398, 0.43079124579124584, 0.29588690879013463, 0.34998814604077766, 0.37342047930283223, 0.27796777681744717, 0.47916119784470845]
 mean: 0.3752750068455757, std: 0.07265868004431136
Accuracy Intime: [0.6785714285714286, 0.5357142857142857, 0.42857142857142855, 0.5384615384615384, 0.4230769230769231, 0.6428571428571429, 0.42857142857142855, 0.32142857142857145, 0.46153846153846156, 0.34615384615384615, 0.4642857142857143, 0.6071428571428571, 0.5357142857142857, 0.4230769230769231, 0.5]
 mean: 0.489010989010989, std: 0.09877382938640167
F1 (Intime): [0.6767628205128204, 0.543939393939394, 0.42251559714795006, 0.44898504273504275, 0.34285714285714286, 0.6363636363636364, 0.3720619658119658, 0.28847117794486216, 0.4270833333333333, 0.30357142857142855, 0.475, 0.615079365079365, 0.5667557932263815, 0.35523504273504275, 0.40681818181818186]
 mean: 0.45876666147176975, std: 0.11903673572394935
--------------------------------------------------
Subject Number: 6
Accuracy Cross: [0.35294117647058826, 0.3235294117647059, 0.3235294117647059, 0.35294117647058826, 0.4117647058823529, 0.21739130434782608, 0.34782608695652173, 0.3333333333333333, 0.3188405797101449, 0.36231884057971014, 0.2463768115942029, 0.2463768115942029, 0.2898550724637681, 0.3188405797101449, 0.4782608695652174]
 mean: 0.32827507814720097, std: 0.06306553020946577
F1 Score: [0.3297179169562021, 0.3263081598679425, 0.2808777429467085, 0.36492542709934017, 0.4275724275724276, 0.19188311688311688, 0.2641784974859509, 0.2726298112245663, 0.29109501347708894, 0.3098214285714286, 0.21558811055347424, 0.24742520664179649, 0.2844686907020873, 0.32054310407968944, 0.48320725185861485]
 mean: 0.3073494603946957, std: 0.07286320157526582
Accuracy Intime: [0.5357142857142857, 0.5357142857142857, 0.39285714285714285, 0.35714285714285715, 0.38461538461538464, 0.4642857142857143, 0.5714285714285714, 0.32142857142857145, 0.2692307692307692, 0.4230769230769231, 0.39285714285714285, 0.32142857142857145, 0.32142857142857145, 0.5384615384615384, 0.3076923076923077]
 mean: 0.40915750915750915, std: 0.09491067979898402
F1 (Intime): [0.5405844155844156, 0.514690170940171, 0.40497737556561086, 0.3414918414918415, 0.3429292929292929, 0.4519273618538324, 0.5635375494071146, 0.3262904858299595, 0.26190476190476186, 0.3634878193701723, 0.37490601503759396, 0.33125000000000004, 0.27393439893439897, 0.5095588235294117, 0.26866883116883117]
 mean: 0.39134260956982725, std: 0.09807341712921154
--------------------------------------------------
Subject Number: 7
Accuracy Cross: [0.39705882352941174, 0.3088235294117647, 0.36764705882352944, 0.39705882352941174, 0.20588235294117646, 0.3088235294117647, 0.25, 0.3235294117647059, 0.36764705882352944, 0.38235294117647056, 0.3382352941176471, 0.27941176470588236, 0.3088235294117647, 0.39705882352941174, 0.3235294117647059]
 mean: 0.3303921568627451, std: 0.05472661073314848
F1 Score: [0.3797735579796949, 0.30296170533861533, 0.35377576751321366, 0.3924781924781925, 0.19609629968310024, 0.2916245791245791, 0.2534722222222222, 0.33507677112328277, 0.36115641464478676, 0.37760353504729566, 0.3091260091260092, 0.2661673448048553, 0.27757246376811595, 0.3631897993311036, 0.3170373170373171]
 mean: 0.318474131948159, std: 0.053376113525958835
Accuracy Intime: [0.5, 0.35714285714285715, 0.25, 0.5384615384615384, 0.3076923076923077, 0.35714285714285715, 0.42857142857142855, 0.4642857142857143, 0.46153846153846156, 0.3076923076923077, 0.42857142857142855, 0.42857142857142855, 0.4642857142857143, 0.5, 0.38461538461538464]
 mean: 0.411904761904762, std: 0.07958165247192651
F1 (Intime): [0.4823313940961, 0.3528873087696617, 0.22044683257918551, 0.48087121212121214, 0.31836349924585217, 0.30654761904761907, 0.4285714285714286, 0.4599567099567099, 0.3744360902255639, 0.325, 0.3651984126984127, 0.43606197723844786, 0.4470588235294118, 0.47980769230769227, 0.38184523809523807]
 mean: 0.39062561589883577, std: 0.07482062834014402
--------------------------------------------------
Subject Number: 8
Accuracy Cross: [0.22058823529411764, 0.3088235294117647, 0.29411764705882354, 0.3088235294117647, 0.25, 0.3382352941176471, 0.2647058823529412, 0.3088235294117647, 0.23529411764705882, 0.25, 0.20588235294117646, 0.23529411764705882, 0.3088235294117647, 0.3235294117647059, 0.22058823529411764]
 mean: 0.27156862745098037, std: 0.04189384435141471
F1 Score: [0.2217121958501269, 0.3157922899673259, 0.2983262923194273, 0.3104751810634163, 0.24318181818181817, 0.3334768334768335, 0.25344165638283284, 0.3061507936507937, 0.21650657229524772, 0.24621212121212122, 0.1884992445862011, 0.23692307692307693, 0.29743618450515, 0.33610434414750845, 0.1994797919167667]
 mean: 0.2669145597652431, std: 0.04782993621703445
Accuracy Intime: [0.35714285714285715, 0.35714285714285715, 0.35714285714285715, 0.2692307692307692, 0.2692307692307692, 0.32142857142857145, 0.35714285714285715, 0.39285714285714285, 0.19230769230769232, 0.3076923076923077, 0.2857142857142857, 0.39285714285714285, 0.39285714285714285, 0.3076923076923077, 0.38461538461538464]
 mean: 0.32967032967032966, std: 0.05606908866908989
F1 (Intime): [0.28044871794871795, 0.29166666666666663, 0.3381313131313131, 0.2456367162249515, 0.25747863247863245, 0.27589285714285716, 0.3299825174825175, 0.38809523809523805, 0.1969187675070028, 0.2890442890442891, 0.24835164835164836, 0.38704004329004327, 0.3869047619047619, 0.3, 0.3487179487179487]
 mean: 0.3042873411991059, std: 0.05570724088774313
--------------------------------------------------
Subject Number: 9
Accuracy Cross: [0.36764705882352944, 0.35294117647058826, 0.38235294117647056, 0.5, 0.5441176470588235, 0.27941176470588236, 0.25, 0.2647058823529412, 0.3088235294117647, 0.29411764705882354, 0.3235294117647059, 0.3235294117647059, 0.3382352941176471, 0.3235294117647059, 0.4264705882352941]
 mean: 0.35196078431372546, std: 0.08027250780572047
F1 Score: [0.38711201079622126, 0.3679916876382216, 0.40129731379731376, 0.52507215007215, 0.5615131578947368, 0.2847405201053958, 0.2717280361757106, 0.2757618365071781, 0.3397321428571428, 0.32543227381937057, 0.3218671679197995, 0.34334733893557423, 0.3808307325749186, 0.3449270699270699, 0.45170866271409754]
 mean: 0.37220414011566005, std: 0.08209237666969979
Accuracy Intime: [0.42857142857142855, 0.32142857142857145, 0.39285714285714285, 0.38461538461538464, 0.23076923076923078, 0.4642857142857143, 0.5, 0.42857142857142855, 0.46153846153846156, 0.34615384615384615, 0.39285714285714285, 0.5, 0.42857142857142855, 0.46153846153846156, 0.5384615384615384]
 mean: 0.41868131868131875, std: 0.07578169431607241
F1 (Intime): [0.40495337995337993, 0.31039915966386555, 0.39491959064327486, 0.33263888888888893, 0.19444444444444442, 0.45952380952380945, 0.5166666666666666, 0.42098997493734336, 0.42275432900432897, 0.28810160427807485, 0.37108479755538576, 0.46136363636363636, 0.41898864809081526, 0.43062200956937796, 0.49702380952380953]
 mean: 0.39496498327380675, std: 0.08182756547903268
--------------------------------------------------
Subject Number: 10
Accuracy Cross: [0.19117647058823528, 0.27941176470588236, 0.23529411764705882, 0.39705882352941174, 0.3235294117647059, 0.23529411764705882, 0.19117647058823528, 0.3088235294117647, 0.29411764705882354, 0.3235294117647059, 0.2753623188405797, 0.3333333333333333, 0.2028985507246377, 0.30434782608695654, 0.2028985507246377]
 mean: 0.27321682296106853, std: 0.05941782657543065
F1 Score: [0.17228969860548807, 0.266999864001088, 0.22256413525698238, 0.39021107131248994, 0.3284233008370939, 0.2338235294117647, 0.19117473783433486, 0.2988795518207283, 0.2800384112455051, 0.3181921417215535, 0.2642604872674532, 0.32962563997046757, 0.19107673727238944, 0.29857038123167157, 0.1940713269660638]
 mean: 0.26534673431700495, std: 0.06138597328379809
Accuracy Intime: [0.2857142857142857, 0.32142857142857145, 0.2857142857142857, 0.2692307692307692, 0.2692307692307692, 0.32142857142857145, 0.2857142857142857, 0.32142857142857145, 0.3076923076923077, 0.23076923076923078, 0.39285714285714285, 0.35714285714285715, 0.32142857142857145, 0.3076923076923077, 0.5]
 mean: 0.31849816849816853, std: 0.06110577433428514
F1 (Intime): [0.2549019607843137, 0.29427736006683375, 0.27988677988677985, 0.23184523809523808, 0.27253787878787883, 0.27164502164502163, 0.24960474308300395, 0.29910714285714285, 0.3053571428571429, 0.23318713450292397, 0.34918261562998404, 0.36969696969696964, 0.296980796980797, 0.28993983957219255, 0.5075757575757576]
 mean: 0.30038175880146534, std: 0.0664228543233406
--------------------------------------------------
Subject Number: 11
Accuracy Cross: [0.3333333333333333, 0.2898550724637681, 0.2898550724637681, 0.3188405797101449, 0.2608695652173913, 0.391304347826087, 0.43478260869565216, 0.43478260869565216, 0.36231884057971014, 0.36231884057971014, 0.2753623188405797, 0.3188405797101449, 0.36231884057971014, 0.391304347826087, 0.30434782608695654]
 mean: 0.34202898550724636, std: 0.053131312405285104
F1 Score: [0.3071402281928598, 0.2677659571112716, 0.2824372759856631, 0.3203947368421053, 0.24405223329641934, 0.34065112628235555, 0.4047286047286047, 0.4154865130474886, 0.3055933414331903, 0.34887583000790545, 0.2196875, 0.3064357782099718, 0.30769144144144145, 0.36136289339950667, 0.2437284937284937]
 mean: 0.31173546358048526, std: 0.05461328951551161
Accuracy Intime: [0.42857142857142855, 0.35714285714285715, 0.4642857142857143, 0.5357142857142857, 0.34615384615384615, 0.2857142857142857, 0.35714285714285715, 0.42857142857142855, 0.4642857142857143, 0.38461538461538464, 0.17857142857142858, 0.32142857142857145, 0.42857142857142855, 0.42857142857142855, 0.38461538461538464]
 mean: 0.38626373626373633, std: 0.08263585260875841
F1 (Intime): [0.34469696969696967, 0.360551948051948, 0.4538690476190476, 0.5370160884866768, 0.3469967532467533, 0.27628968253968256, 0.3439664502164502, 0.42445054945054944, 0.446524064171123, 0.37972203235361124, 0.17424242424242425, 0.30718623481781376, 0.39999999999999997, 0.4514705882352941, 0.3336385836385837]
 mean: 0.3720414277844618, std: 0.0839148087085827
--------------------------------------------------
Subject Number: 12
Accuracy Cross: [0.4411764705882353, 0.3382352941176471, 0.3382352941176471, 0.4117647058823529, 0.4264705882352941, 0.2753623188405797, 0.37681159420289856, 0.37681159420289856, 0.4057971014492754, 0.37681159420289856, 0.4117647058823529, 0.39705882352941174, 0.27941176470588236, 0.35294117647058826, 0.38235294117647056]
 mean: 0.37273373117362885, std: 0.04719351363491144
F1 Score: [0.4180441898527005, 0.32321110262286734, 0.33319657418329146, 0.4092436974789916, 0.4106068029115342, 0.2657382992748846, 0.36500371609067267, 0.3325011956001913, 0.39137426900584793, 0.3692780337941628, 0.3773031434796141, 0.3775124469850636, 0.2619047619047619, 0.3412121212121212, 0.3747757177033493]
 mean: 0.35672707147333693, std: 0.04604582264709467
Accuracy Intime: [0.4642857142857143, 0.39285714285714285, 0.5, 0.38461538461538464, 0.38461538461538464, 0.21428571428571427, 0.35714285714285715, 0.39285714285714285, 0.3076923076923077, 0.34615384615384615, 0.5357142857142857, 0.5357142857142857, 0.5, 0.4230769230769231, 0.4230769230769231]
 mean: 0.4108058608058609, std: 0.0850901638063984
F1 (Intime): [0.4477752639517345, 0.38065191387559805, 0.46813725490196073, 0.35641660970608335, 0.3075, 0.20684523809523808, 0.32857142857142857, 0.385547201336675, 0.2619318181818182, 0.3321428571428572, 0.5182539682539682, 0.5428571428571428, 0.4809523809523809, 0.33509301156359983, 0.36590909090909096]
 mean: 0.38123901201997173, std: 0.09131750911059412
--------------------------------------------------
Subject Number: 13
Accuracy Cross: [0.3235294117647059, 0.3382352941176471, 0.3235294117647059, 0.35294117647058826, 0.4117647058823529, 0.3333333333333333, 0.2898550724637681, 0.2608695652173913, 0.34782608695652173, 0.2753623188405797, 0.2647058823529412, 0.27941176470588236, 0.25, 0.2647058823529412, 0.3235294117647059]
 mean: 0.3093066211992043, std: 0.043337861412551026
F1 Score: [0.288973063973064, 0.31575481256332316, 0.33564814814814814, 0.37591036414565826, 0.4239262371615313, 0.3271057347670251, 0.26800277799016237, 0.24763423710792132, 0.346218487394958, 0.2510236637474489, 0.22168880837359098, 0.2900308749205184, 0.25948098874928144, 0.26724137931034486, 0.3277823324451732]
 mean: 0.30309479405321, std: 0.05251753692212426
Accuracy Intime: [0.35714285714285715, 0.35714285714285715, 0.35714285714285715, 0.38461538461538464, 0.2692307692307692, 0.25, 0.4642857142857143, 0.35714285714285715, 0.38461538461538464, 0.4230769230769231, 0.42857142857142855, 0.39285714285714285, 0.39285714285714285, 0.46153846153846156, 0.38461538461538464]
 mean: 0.37765567765567776, std: 0.057468313346319605
F1 (Intime): [0.3653846153846154, 0.3023809523809524, 0.37916666666666665, 0.3429217840982547, 0.24594017094017093, 0.20238095238095238, 0.43907563025210083, 0.36323529411764705, 0.3896825396825397, 0.4743055555555556, 0.4205128205128205, 0.36691086691086694, 0.39099870717517776, 0.43779357897004956, 0.3827922077922078]
 mean: 0.3668988228547052, std: 0.06956987872479196
--------------------------------------------------
Subject Number: 14
Accuracy Cross: [0.22058823529411764, 0.19117647058823528, 0.2647058823529412, 0.3235294117647059, 0.2647058823529412, 0.25, 0.4411764705882353, 0.29411764705882354, 0.29411764705882354, 0.3088235294117647, 0.3382352941176471, 0.3382352941176471, 0.29411764705882354, 0.39705882352941174, 0.27941176470588236]
 mean: 0.3, std: 0.061413567699473814
F1 Score: [0.2246498599439776, 0.18557526484355752, 0.2816663175534143, 0.3408006362672322, 0.2561297561297561, 0.22755044046604148, 0.45475971327364517, 0.28736438420957866, 0.28233948692870386, 0.26341036414565827, 0.32717153441614083, 0.3192986425339367, 0.3087856297098916, 0.408931494037877, 0.2762255762255762]
 mean: 0.2963106067123325, std: 0.06689343549902269
Accuracy Intime: [0.2857142857142857, 0.32142857142857145, 0.4642857142857143, 0.38461538461538464, 0.2692307692307692, 0.32142857142857145, 0.42857142857142855, 0.35714285714285715, 0.5, 0.34615384615384615, 0.35714285714285715, 0.25, 0.21428571428571427, 0.4230769230769231, 0.3076923076923077]
 mean: 0.3487179487179487, std: 0.07782999303449521
F1 (Intime): [0.2826388888888889, 0.312722816399287, 0.4318452380952381, 0.3988922841864019, 0.25458916083916083, 0.32291666666666663, 0.40362448009506835, 0.32712418300653595, 0.4758297258297258, 0.2975708502024291, 0.3605130249867092, 0.240018315018315, 0.18590686274509804, 0.4195488721804511, 0.3051948051948052]
 mean: 0.3345957449556521, std: 0.07713710835190889
--------------------------------------------------
Subject Number: 15
Accuracy Cross: [0.38235294117647056, 0.2647058823529412, 0.38235294117647056, 0.38235294117647056, 0.3088235294117647, 0.38235294117647056, 0.35294117647058826, 0.47058823529411764, 0.47058823529411764, 0.45588235294117646, 0.36764705882352944, 0.39705882352941174, 0.38235294117647056, 0.38235294117647056, 0.35294117647058826]
 mean: 0.3823529411764706, std: 0.053158594947944934
F1 Score: [0.36659108087679515, 0.2599448586517552, 0.3911475752508361, 0.391866028708134, 0.30930010893246185, 0.4020895770895771, 0.3389105642256902, 0.46269845282637273, 0.4583044583044583, 0.4350906530540397, 0.33923985618900876, 0.4000609756097561, 0.3873447204968944, 0.4027890443037708, 0.3161300505050505]
 mean: 0.3774338670016401, std: 0.05456261701458747
Accuracy Intime: [0.5357142857142857, 0.5, 0.42857142857142855, 0.46153846153846156, 0.3076923076923077, 0.39285714285714285, 0.2857142857142857, 0.5, 0.38461538461538464, 0.4230769230769231, 0.5357142857142857, 0.5357142857142857, 0.5357142857142857, 0.5, 0.46153846153846156]
 mean: 0.45256410256410257, std: 0.0787490414613528
F1 (Intime): [0.5388257575757576, 0.4833333333333333, 0.43452380952380953, 0.4396929824561403, 0.2655448717948718, 0.38947245564892624, 0.2671826625386997, 0.5161713286713286, 0.36217948717948717, 0.39781746031746035, 0.5323295985060691, 0.5378028404344193, 0.5428571428571428, 0.50530058177117, 0.41998626373626374]
 mean: 0.4422013717563253, std: 0.08997299043328433
--------------------------------------------------
Subject Number: 16
Accuracy Cross: [0.38235294117647056, 0.39705882352941174, 0.35294117647058826, 0.3382352941176471, 0.4411764705882353, 0.4264705882352941, 0.3088235294117647, 0.29411764705882354, 0.36764705882352944, 0.27941176470588236, 0.4264705882352941, 0.38235294117647056, 0.36764705882352944, 0.3382352941176471, 0.3382352941176471]
 mean: 0.36274509803921556, std: 0.04671031078263369
F1 Score: [0.3550403085286806, 0.370718462823726, 0.3468381843381843, 0.3379799461971142, 0.4250496504994256, 0.4048665620094192, 0.2920006600115502, 0.29111989459815546, 0.34979757085020247, 0.272829196767041, 0.3774154589371981, 0.35159336461857466, 0.33774455518641566, 0.27997685185185184, 0.34010522312373226]
 mean: 0.34220505935608475, std: 0.042451670928460264
Accuracy Intime: [0.4642857142857143, 0.35714285714285715, 0.5, 0.5, 0.6538461538461539, 0.4642857142857143, 0.42857142857142855, 0.4642857142857143, 0.4230769230769231, 0.3076923076923077, 0.39285714285714285, 0.4642857142857143, 0.4642857142857143, 0.4230769230769231, 0.38461538461538464]
 mean: 0.44615384615384623, std: 0.07557558655477213
F1 (Intime): [0.4674679487179487, 0.31221719457013575, 0.4708646616541353, 0.47864854443801813, 0.6367521367521367, 0.43983793983793984, 0.40917634996582364, 0.4625, 0.3797979797979798, 0.2989028944911297, 0.38896103896103895, 0.42261904761904756, 0.490158371040724, 0.4253968253968254, 0.34667634996582364]
 mean: 0.4286651522139138, std: 0.07985321295209663
--------------------------------------------------
Subject Number: 17
Accuracy Cross: [0.36231884057971014, 0.37681159420289856, 0.34782608695652173, 0.42028985507246375, 0.391304347826087, 0.30434782608695654, 0.34782608695652173, 0.37681159420289856, 0.36231884057971014, 0.3188405797101449, 0.4117647058823529, 0.35294117647058826, 0.3382352941176471, 0.38235294117647056, 0.3382352941176471]
 mean: 0.3621483375959079, std: 0.030968535848825373
F1 Score: [0.3553235053235053, 0.36140127987954074, 0.3251632080069745, 0.42686480186480186, 0.3894518272425249, 0.22340499790590534, 0.2863970588235294, 0.3267869297775101, 0.31453634085213034, 0.28281951078303663, 0.4167574041811847, 0.35217911877394636, 0.335724132498326, 0.38260188087774294, 0.3377538251422946]
 mean: 0.3411443881288635, std: 0.051200799215671625
Accuracy Intime: [0.21428571428571427, 0.32142857142857145, 0.39285714285714285, 0.4230769230769231, 0.34615384615384615, 0.42857142857142855, 0.5, 0.35714285714285715, 0.5, 0.46153846153846156, 0.35714285714285715, 0.5, 0.39285714285714285, 0.42857142857142855, 0.34615384615384615]
 mean: 0.397985347985348, std: 0.0757754971062954
F1 (Intime): [0.21279761904761904, 0.2620915032679738, 0.3958263958263958, 0.3269230769230769, 0.3736111111111111, 0.40694444444444444, 0.5119047619047619, 0.3205128205128205, 0.4861111111111111, 0.4042207792207792, 0.3302631578947368, 0.48958333333333326, 0.3911255411255411, 0.43485534073769366, 0.3339646464646465]
 mean: 0.378715709528403, std: 0.08090610581082555
--------------------------------------------------
Subject Number: 18
Accuracy Cross: [0.3333333333333333, 0.2753623188405797, 0.2608695652173913, 0.2898550724637681, 0.2753623188405797, 0.3088235294117647, 0.3088235294117647, 0.36764705882352944, 0.3088235294117647, 0.39705882352941174, 0.27941176470588236, 0.27941176470588236, 0.23529411764705882, 0.3088235294117647, 0.29411764705882354]
 mean: 0.30153452685421994, std: 0.039413274665347595
F1 Score: [0.3183664389003655, 0.2993139901034638, 0.2708333333333333, 0.31390816107574565, 0.24871031746031746, 0.31883431419035135, 0.30838239348675783, 0.3576032502443793, 0.30740156935009877, 0.4159761932547555, 0.28173988893803137, 0.28060515873015873, 0.25223168214654285, 0.284640522875817, 0.29081439393939396]
 mean: 0.30329077386863423, std: 0.04034038944885973
Accuracy Intime: [0.39285714285714285, 0.2857142857142857, 0.4642857142857143, 0.46153846153846156, 0.3076923076923077, 0.32142857142857145, 0.35714285714285715, 0.42857142857142855, 0.38461538461538464, 0.23076923076923078, 0.21428571428571427, 0.39285714285714285, 0.42857142857142855, 0.3076923076923077, 0.2692307692307692]
 mean: 0.3498168498168498, std: 0.07765654156683044
F1 (Intime): [0.40526315789473677, 0.3012445887445887, 0.4586821266968326, 0.4459224985540775, 0.2579365079365079, 0.3536541889483066, 0.3263305322128851, 0.39293478260869563, 0.37451923076923077, 0.246078431372549, 0.2375848416289593, 0.34315684315684314, 0.36328502415458935, 0.30616883116883115, 0.23712121212121212]
 mean: 0.3366588531979231, std: 0.07004336219409299
--------------------------------------------------
Subject Number: 19
Accuracy Cross: [0.22058823529411764, 0.29411764705882354, 0.3088235294117647, 0.2647058823529412, 0.35294117647058826, 0.3088235294117647, 0.20588235294117646, 0.25, 0.29411764705882354, 0.2647058823529412, 0.29411764705882354, 0.25, 0.36764705882352944, 0.27941176470588236, 0.29411764705882354]
 mean: 0.2833333333333333, std: 0.04209982461487038
F1 Score: [0.1959361163820367, 0.2253155755241763, 0.257909629368989, 0.23769974768713206, 0.2780699093268615, 0.3053728070175438, 0.19726465596030812, 0.2298053206483439, 0.29180180844267534, 0.2544094254881168, 0.30103430957089494, 0.22378700889339187, 0.32916666666666666, 0.2757697044334975, 0.3056483053511916]
 mean: 0.26059939938412174, std: 0.04015836272720007
Accuracy Intime: [0.39285714285714285, 0.4642857142857143, 0.32142857142857145, 0.5769230769230769, 0.38461538461538464, 0.39285714285714285, 0.4642857142857143, 0.42857142857142855, 0.38461538461538464, 0.34615384615384615, 0.25, 0.39285714285714285, 0.42857142857142855, 0.38461538461538464, 0.6153846153846154]
 mean: 0.4152014652014652, std: 0.08815138372132983
F1 (Intime): [0.3732323232323232, 0.38809523809523805, 0.3122612681436211, 0.5566829004329004, 0.3547619047619047, 0.3908730158730158, 0.4321815439462498, 0.4266705516705517, 0.4096638655462185, 0.3443223443223443, 0.2275371687136393, 0.4076186970923813, 0.3399159663865546, 0.3239819004524887, 0.615530303030303]
 mean: 0.39355526611331554, std: 0.09135885468622713
--------------------------------------------------
Subject Number: 20
Accuracy Cross: [0.38235294117647056, 0.4411764705882353, 0.36764705882352944, 0.39705882352941174, 0.4852941176470588, 0.3235294117647059, 0.38235294117647056, 0.4264705882352941, 0.3088235294117647, 0.3088235294117647, 0.36231884057971014, 0.34782608695652173, 0.463768115942029, 0.43478260869565216, 0.37681159420289856]
 mean: 0.3872691105427678, std: 0.052502881086399056
F1 Score: [0.37882739302617596, 0.43224189759515846, 0.3624113475177305, 0.39063520041780914, 0.4702836637047163, 0.33106426584687454, 0.38810990963695097, 0.43923093898267684, 0.303696126568467, 0.31885200806895286, 0.3541469006957622, 0.3493870176797006, 0.46644144144144145, 0.42969556243550044, 0.3838182177323777]
 mean: 0.38658945942335293, std: 0.05016300838813857
Accuracy Intime: [0.4642857142857143, 0.5357142857142857, 0.42857142857142855, 0.34615384615384615, 0.5769230769230769, 0.6071428571428571, 0.5714285714285714, 0.5, 0.4230769230769231, 0.46153846153846156, 0.5, 0.5357142857142857, 0.5714285714285714, 0.38461538461538464, 0.4230769230769231]
 mean: 0.4886446886446887, std: 0.075229035267773
F1 (Intime): [0.472396025027604, 0.5498366013071895, 0.4156448814343551, 0.3315476190476191, 0.5351190476190476, 0.5878739316239316, 0.5729166666666666, 0.481578947368421, 0.38179539758487124, 0.40964298859035697, 0.5013257575757576, 0.545211038961039, 0.5818181818181818, 0.4096638655462185, 0.42106586224233283]
 mean: 0.47982912082757284, std: 0.07853406295033875
--------------------------------------------------
Subject Number: 21
Accuracy Cross: [0.3235294117647059, 0.35294117647058826, 0.39705882352941174, 0.36764705882352944, 0.3235294117647059, 0.38235294117647056, 0.27941176470588236, 0.29411764705882354, 0.35294117647058826, 0.35294117647058826, 0.29411764705882354, 0.3382352941176471, 0.3382352941176471, 0.4264705882352941, 0.27941176470588236]
 mean: 0.3401960784313725, std: 0.041548274706700174
F1 Score: [0.3064860426929392, 0.33641927062979693, 0.36085884795018164, 0.33450491307634167, 0.3175355054302423, 0.38121976063152535, 0.27804568681584807, 0.2646342296176821, 0.3174650778234205, 0.3170232832301798, 0.3000505757858699, 0.2785975229439544, 0.3170241920241921, 0.3672952434562341, 0.26050830889540566]
 mean: 0.3158445640669209, std: 0.03518038903102751
Accuracy Intime: [0.4642857142857143, 0.5, 0.4642857142857143, 0.5384615384615384, 0.4230769230769231, 0.42857142857142855, 0.42857142857142855, 0.39285714285714285, 0.4230769230769231, 0.4230769230769231, 0.42857142857142855, 0.39285714285714285, 0.39285714285714285, 0.5, 0.4230769230769231]
 mean: 0.44157509157509167, std: 0.041826465700196526
F1 (Intime): [0.4412280701754386, 0.49649321266968327, 0.4260683760683761, 0.5118241235888294, 0.3951388888888888, 0.3814935064935065, 0.4270833333333333, 0.33611111111111114, 0.40231990231990233, 0.4058213716108453, 0.40463458110516937, 0.38809523809523805, 0.38035714285714284, 0.445940170940171, 0.36636500754147816]
 mean: 0.4139316024532743, std: 0.04494076853587529
--------------------------------------------------
Subject Number: 22
Accuracy Cross: [0.3235294117647059, 0.38235294117647056, 0.3088235294117647, 0.3382352941176471, 0.38235294117647056, 0.34782608695652173, 0.37681159420289856, 0.3333333333333333, 0.2753623188405797, 0.34782608695652173, 0.36764705882352944, 0.29411764705882354, 0.2647058823529412, 0.3088235294117647, 0.38235294117647056]
 mean: 0.3356067064506963, std: 0.03790246772380854
F1 Score: [0.32412440693321887, 0.39159422982952397, 0.3067759639741064, 0.3298846960167715, 0.3861862990810359, 0.3300239577813108, 0.3691849816849817, 0.3408400809716599, 0.26045993109887633, 0.35189656578840034, 0.36836616366976893, 0.28193815987933635, 0.24236111111111108, 0.2895408163265306, 0.40091516670464045]
 mean: 0.3316061687234182, std: 0.0466065661790906
Accuracy Intime: [0.39285714285714285, 0.39285714285714285, 0.42857142857142855, 0.5, 0.46153846153846156, 0.39285714285714285, 0.39285714285714285, 0.39285714285714285, 0.38461538461538464, 0.34615384615384615, 0.35714285714285715, 0.35714285714285715, 0.35714285714285715, 0.38461538461538464, 0.46153846153846156]
 mean: 0.40018315018315015, std: 0.04283913713365975
F1 (Intime): [0.38563948306595364, 0.34469696969696967, 0.42649572649572653, 0.475, 0.35485103132161955, 0.4060064935064935, 0.3949945887445887, 0.3486111111111111, 0.3571428571428571, 0.33898809523809526, 0.27976190476190477, 0.3025793650793651, 0.2928571428571428, 0.38455988455988455, 0.4404310966810967]
 mean: 0.36884105001752066, std: 0.05330958606822099
--------------------------------------------------
Subject Number: 23
Accuracy Cross: [0.2463768115942029, 0.391304347826087, 0.2753623188405797, 0.36231884057971014, 0.30434782608695654, 0.3235294117647059, 0.35294117647058826, 0.25, 0.3088235294117647, 0.35294117647058826, 0.2608695652173913, 0.30434782608695654, 0.2898550724637681, 0.36231884057971014, 0.2753623188405797]
 mean: 0.3107132708155726, std: 0.04387905045103594
F1 Score: [0.22389214727924409, 0.3869565217391305, 0.2588554463554464, 0.345103862545723, 0.3088462741707002, 0.27152747063737775, 0.35055003606793883, 0.24891774891774893, 0.3026474237337615, 0.33079988747186795, 0.20535822314406704, 0.3091110815248746, 0.2685788949726232, 0.3448232323232323, 0.21462446767324816]
 mean: 0.29137284790379897, std: 0.05310330279650291
Accuracy Intime: [0.35714285714285715, 0.5714285714285714, 0.2857142857142857, 0.4230769230769231, 0.38461538461538464, 0.32142857142857145, 0.5357142857142857, 0.5357142857142857, 0.5, 0.4230769230769231, 0.4642857142857143, 0.5, 0.42857142857142855, 0.46153846153846156, 0.38461538461538464]
 mean: 0.4384615384615385, std: 0.07974166315201435
F1 (Intime): [0.33127470355731226, 0.5433333333333333, 0.2729166666666667, 0.40267453135100195, 0.3904761904761905, 0.3150735294117647, 0.5208683473389355, 0.5399912587412588, 0.4939309056956116, 0.41328197945845, 0.4296016483516484, 0.46281565656565654, 0.4547619047619047, 0.4453256302521008, 0.3392857142857143]
 mean: 0.42370746668317005, std: 0.08044260477392215
--------------------------------------------------
Subject Number: 24
Accuracy Cross: [0.22058823529411764, 0.35294117647058826, 0.25, 0.3088235294117647, 0.36764705882352944, 0.38235294117647056, 0.3382352941176471, 0.36764705882352944, 0.4117647058823529, 0.3088235294117647, 0.29411764705882354, 0.27941176470588236, 0.3088235294117647, 0.27941176470588236, 0.3088235294117647]
 mean: 0.3186274509803921, std: 0.04999038738816456
F1 Score: [0.20656749859336065, 0.35650917065390747, 0.23450854700854698, 0.3054843304843305, 0.3673192744382956, 0.38334543380800734, 0.3356060606060606, 0.35024857633553286, 0.4057769928375511, 0.2665681902638425, 0.29009572468874795, 0.26748306041784303, 0.30823095823095825, 0.2874800637958532, 0.2855073759203347]
 mean: 0.3100487505388782, std: 0.05409557034795782
Accuracy Intime: [0.42857142857142855, 0.32142857142857145, 0.42857142857142855, 0.34615384615384615, 0.4230769230769231, 0.21428571428571427, 0.21428571428571427, 0.35714285714285715, 0.5, 0.4230769230769231, 0.39285714285714285, 0.32142857142857145, 0.25, 0.3076923076923077, 0.4230769230769231]
 mean: 0.35677655677655673, std: 0.08259971734957565
F1 (Intime): [0.3487179487179487, 0.28809523809523807, 0.43537679425837317, 0.3345959595959596, 0.413961038961039, 0.19047619047619047, 0.20750915750915752, 0.3276143790849673, 0.5093344155844155, 0.43293226381461675, 0.41246063877642825, 0.2691919191919192, 0.22142857142857142, 0.3014880952380952, 0.41739926739926736]
 mean: 0.3407054585421459, std: 0.09184453740248373
--------------------------------------------------
Subject Number: 25
Accuracy Cross: [0.36231884057971014, 0.391304347826087, 0.36231884057971014, 0.36231884057971014, 0.2898550724637681, 0.29411764705882354, 0.27941176470588236, 0.39705882352941174, 0.45588235294117646, 0.4411764705882353, 0.39705882352941174, 0.39705882352941174, 0.38235294117647056, 0.35294117647058826, 0.35294117647058826]
 mean: 0.36787439613526574, std: 0.049209540160129114
F1 Score: [0.3249741006680241, 0.38540149781568545, 0.3374718100327857, 0.3415471496866846, 0.2706654456654457, 0.278968253968254, 0.27554298642533936, 0.35665708009302843, 0.40378421900161027, 0.35944763870460467, 0.3810047095761382, 0.3655045351473923, 0.3384539629404206, 0.31746031746031744, 0.31233031674208145]
 mean: 0.33661426826185414, std: 0.03927915002595377
Accuracy Intime: [0.4642857142857143, 0.6071428571428571, 0.4642857142857143, 0.5, 0.4230769230769231, 0.39285714285714285, 0.35714285714285715, 0.39285714285714285, 0.5, 0.3076923076923077, 0.35714285714285715, 0.35714285714285715, 0.42857142857142855, 0.46153846153846156, 0.34615384615384615]
 mean: 0.42399267399267393, std: 0.07514739281658843
F1 (Intime): [0.4222222222222223, 0.5935286935286936, 0.4837412587412588, 0.4113636363636364, 0.40654761904761905, 0.3795891608391609, 0.3537480063795853, 0.376984126984127, 0.43423831070889896, 0.2702865761689291, 0.34915084915084915, 0.319047619047619, 0.36868686868686873, 0.3684926184926185, 0.28154761904761905]
 mean: 0.38794501236064705, std: 0.07710532853099772
--------------------------------------------------
Subject Number: 26
Accuracy Cross: [0.43478260869565216, 0.2608695652173913, 0.36231884057971014, 0.43478260869565216, 0.43478260869565216, 0.2647058823529412, 0.20588235294117646, 0.3382352941176471, 0.3382352941176471, 0.25, 0.4852941176470588, 0.35294117647058826, 0.47058823529411764, 0.5, 0.47058823529411764]
 mean: 0.3736004546746235, std: 0.09292417396864887
F1 Score: [0.4418989547038328, 0.2539455584616875, 0.3638888888888889, 0.45383597883597887, 0.4308270676691729, 0.2609159996766109, 0.21794871794871795, 0.34792313664596275, 0.3458333333333333, 0.2787477000883294, 0.49121621621621625, 0.3685897435897436, 0.48009879627526686, 0.4985431235431236, 0.47058823529411764]
 mean: 0.38032009674473227, std: 0.09153579200293703
Accuracy Intime: [0.4642857142857143, 0.32142857142857145, 0.32142857142857145, 0.46153846153846156, 0.34615384615384615, 0.5, 0.5357142857142857, 0.4642857142857143, 0.5384615384615384, 0.38461538461538464, 0.32142857142857145, 0.32142857142857145, 0.25, 0.38461538461538464, 0.23076923076923078]
 mean: 0.3897435897435898, std: 0.09566262103572624
F1 (Intime): [0.4686868686868687, 0.3049173049173049, 0.32884615384615384, 0.43743975322922685, 0.2926632191338074, 0.49542483660130715, 0.5007326007326007, 0.4296016483516484, 0.5583333333333333, 0.4086080586080586, 0.3289700495582848, 0.325, 0.2583333333333333, 0.39283216783216784, 0.21247771836007132]
 mean: 0.3828578031016112, std: 0.0961127843784454
--------------------------------------------------
Subject Number: 27
Accuracy Cross: [0.36231884057971014, 0.37681159420289856, 0.34782608695652173, 0.42028985507246375, 0.391304347826087, 0.30434782608695654, 0.34782608695652173, 0.37681159420289856, 0.36231884057971014, 0.3188405797101449, 0.4117647058823529, 0.35294117647058826, 0.3382352941176471, 0.38235294117647056, 0.3382352941176471]
 mean: 0.3621483375959079, std: 0.030968535848825373
F1 Score: [0.3553235053235053, 0.36140127987954074, 0.3251632080069745, 0.42686480186480186, 0.3894518272425249, 0.22340499790590534, 0.2863970588235294, 0.3267869297775101, 0.31453634085213034, 0.28281951078303663, 0.4167574041811847, 0.35217911877394636, 0.335724132498326, 0.38260188087774294, 0.3377538251422946]
 mean: 0.3411443881288635, std: 0.051200799215671625
Accuracy Intime: [0.21428571428571427, 0.32142857142857145, 0.39285714285714285, 0.4230769230769231, 0.34615384615384615, 0.42857142857142855, 0.5, 0.35714285714285715, 0.5, 0.46153846153846156, 0.35714285714285715, 0.5, 0.39285714285714285, 0.42857142857142855, 0.34615384615384615]
 mean: 0.397985347985348, std: 0.0757754971062954
F1 (Intime): [0.21279761904761904, 0.2620915032679738, 0.3958263958263958, 0.3269230769230769, 0.3736111111111111, 0.40694444444444444, 0.5119047619047619, 0.3205128205128205, 0.4861111111111111, 0.4042207792207792, 0.3302631578947368, 0.48958333333333326, 0.3911255411255411, 0.43485534073769366, 0.3339646464646465]
 mean: 0.378715709528403, std: 0.08090610581082555
--------------------------------------------------
Subject Number: 28
Accuracy Cross: [0.25, 0.22058823529411764, 0.29411764705882354, 0.29411764705882354, 0.29411764705882354, 0.19117647058823528, 0.19117647058823528, 0.19117647058823528, 0.23529411764705882, 0.23529411764705882, 0.29411764705882354, 0.27941176470588236, 0.4117647058823529, 0.39705882352941174, 0.3382352941176471]
 mean: 0.2745098039215686, std: 0.06678190731735843
F1 Score: [0.23300510023733773, 0.2173048048048048, 0.26937410415671287, 0.25519896807837744, 0.27228705908483664, 0.18367518412890466, 0.17969367588932805, 0.19610917537746803, 0.21197501329080276, 0.22135237167772248, 0.28293866459627326, 0.27583984642808174, 0.41626794258373206, 0.3861881210740737, 0.3126761963885955]
 mean: 0.26092574851980344, std: 0.06675940903793334
Accuracy Intime: [0.35714285714285715, 0.5, 0.39285714285714285, 0.5384615384615384, 0.2692307692307692, 0.35714285714285715, 0.2857142857142857, 0.32142857142857145, 0.3076923076923077, 0.34615384615384615, 0.35714285714285715, 0.35714285714285715, 0.32142857142857145, 0.5384615384615384, 0.38461538461538464]
 mean: 0.3756410256410256, std: 0.08205945799140131
F1 (Intime): [0.340158371040724, 0.4928571428571428, 0.3657059314954052, 0.44313725490196076, 0.2607655502392344, 0.32196969696969696, 0.26505439005439, 0.3066520467836257, 0.34014221073044604, 0.29444444444444445, 0.3411276223776224, 0.34305555555555556, 0.31339285714285714, 0.5083333333333333, 0.38571428571428573]
 mean: 0.354834046242715, std: 0.07207153378695891
--------------------------------------------------
Subject Number: 29
Accuracy Cross: [0.5, 0.29411764705882354, 0.4411764705882353, 0.45588235294117646, 0.47058823529411764, 0.4264705882352941, 0.4411764705882353, 0.4264705882352941, 0.4411764705882353, 0.4117647058823529, 0.4927536231884058, 0.4492753623188406, 0.5072463768115942, 0.5072463768115942, 0.5072463768115942]
 mean: 0.4515061096902529, std: 0.05271708673469614
F1 Score: [0.500901875901876, 0.3149788324420677, 0.45791676354336197, 0.48042884117818996, 0.492063492063492, 0.436387955704865, 0.45532212885154055, 0.4344637441411635, 0.4550023869603764, 0.4398262238651255, 0.49943910256410257, 0.4587468291512409, 0.527420759317311, 0.5244851468255723, 0.5235797173183743]
 mean: 0.4667309199885773, std: 0.05127769085469954
Accuracy Intime: [0.5714285714285714, 0.5357142857142857, 0.5357142857142857, 0.6153846153846154, 0.5384615384615384, 0.5, 0.35714285714285715, 0.5, 0.46153846153846156, 0.46153846153846156, 0.35714285714285715, 0.39285714285714285, 0.35714285714285715, 0.4230769230769231, 0.4230769230769231]
 mean: 0.4686813186813187, std: 0.07967853942795979
F1 (Intime): [0.6049019607843137, 0.5523809523809524, 0.5317460317460317, 0.6488095238095237, 0.5351707116412999, 0.47997835497835495, 0.3671826625386997, 0.502262443438914, 0.4494949494949495, 0.46799242424242427, 0.37190934065934067, 0.386525974025974, 0.4015873015873016, 0.4375875350140056, 0.43174178762414056]
 mean: 0.4779514635977484, std: 0.0816455694926205
--------------------------------------------------
**************************************************
accuracy_cross_list: [0.36291560102301795, 0.3019892014776925, 0.26504688832054557, 0.3642512077294687, 0.3823529411764706, 0.32827507814720097, 0.3303921568627451, 0.27156862745098037, 0.35196078431372546, 0.27321682296106853, 0.34202898550724636, 0.37273373117362885, 0.3093066211992043, 0.3, 0.3823529411764706, 0.36274509803921556, 0.3621483375959079, 0.30153452685421994, 0.2833333333333333, 0.3872691105427678, 0.3401960784313725, 0.3356067064506963, 0.3107132708155726, 0.3186274509803921, 0.36787439613526574, 0.3736004546746235, 0.3621483375959079, 0.2745098039215686, 0.4515061096902529]
f1_score_list: [0.3456906397271075, 0.2947365828609358, 0.24910046423362894, 0.36265946886894795, 0.3752750068455757, 0.3073494603946957, 0.318474131948159, 0.2669145597652431, 0.37220414011566005, 0.26534673431700495, 0.31173546358048526, 0.35672707147333693, 0.30309479405321, 0.2963106067123325, 0.3774338670016401, 0.34220505935608475, 0.3411443881288635, 0.30329077386863423, 0.26059939938412174, 0.38658945942335293, 0.3158445640669209, 0.3316061687234182, 0.29137284790379897, 0.3100487505388782, 0.33661426826185414, 0.38032009674473227, 0.3411443881288635, 0.26092574851980344, 0.4667309199885773]
accuracy_intime_list: [0.4001831501831502, 0.3575091575091575, 0.38351648351648354, 0.3952380952380953, 0.489010989010989, 0.40915750915750915, 0.411904761904762, 0.32967032967032966, 0.41868131868131875, 0.31849816849816853, 0.38626373626373633, 0.4108058608058609, 0.37765567765567776, 0.3487179487179487, 0.45256410256410257, 0.44615384615384623, 0.397985347985348, 0.3498168498168498, 0.4152014652014652, 0.4886446886446887, 0.44157509157509167, 0.40018315018315015, 0.4384615384615385, 0.35677655677655673, 0.42399267399267393, 0.3897435897435898, 0.397985347985348, 0.3756410256410256, 0.4686813186813187]
f1_score_intime_list: [0.38801171495056946, 0.33601714814378025, 0.3667593713762445, 0.3757668212325075, 0.45876666147176975, 0.39134260956982725, 0.39062561589883577, 0.3042873411991059, 0.39496498327380675, 0.30038175880146534, 0.3720414277844618, 0.38123901201997173, 0.3668988228547052, 0.3345957449556521, 0.4422013717563253, 0.4286651522139138, 0.378715709528403, 0.3366588531979231, 0.39355526611331554, 0.47982912082757284, 0.4139316024532743, 0.36884105001752066, 0.42370746668317005, 0.3407054585421459, 0.38794501236064705, 0.3828578031016112, 0.378715709528403, 0.354834046242715, 0.4779514635977484]
**************************************************
ACC: 33.69±4.28
F1: 32.66±4.69
Intime: 40.28±4.23
F1 (Intime): 38.45±4.39
