1e-03
Subject Number: 1
Accuracy Cross: [0.75, 0.625, 0.59375, 0.71875, 0.6875, 0.7575757575757576, 0.696969696969697, 0.6363636363636364, 0.6060606060606061, 0.7272727272727273, 0.71875, 0.71875, 0.78125, 0.6875, 0.875]
 mean: 0.7053661616161617, std: 0.07048310715009144
F1 Score: [0.7333333333333334, 0.611336032388664, 0.5733333333333333, 0.716256157635468, 0.6363636363636364, 0.7518796992481203, 0.6590909090909091, 0.6192307692307693, 0.5460317460317461, 0.723205964585275, 0.6631578947368422, 0.694591728525981, 0.7702564102564102, 0.6135265700483092, 0.8666666666666667]
 mean: 0.6785507234316976, std: 0.0812982504564033
Accuracy Intime: [0.8571428571428571, 0.7857142857142857, 0.8333333333333334, 0.8333333333333334, 0.75, 0.7857142857142857, 0.9285714285714286, 0.75, 0.75, 0.8333333333333334, 0.6428571428571429, 0.6428571428571429, 0.75, 0.6666666666666666, 0.8333333333333334]
 mean: 0.7761904761904762, std: 0.07887148094479265
F1 (Intime): [0.8571428571428571, 0.7543859649122806, 0.8285714285714285, 0.8285714285714285, 0.7333333333333334, 0.7754010695187166, 0.9251336898395721, 0.6974789915966386, 0.7333333333333334, 0.8285714285714285, 0.5238095238095237, 0.625668449197861, 0.7482517482517483, 0.625, 0.8285714285714285]
 mean: 0.7542149783481052, std: 0.10093092469470925
--------------------------------------------------
Subject Number: 2
Accuracy Cross: [0.6363636363636364, 0.6666666666666666, 0.696969696969697, 0.6363636363636364, 0.7272727272727273, 0.5, 0.5625, 0.59375, 0.625, 0.5625, 0.696969696969697, 0.6363636363636364, 0.696969696969697, 0.6666666666666666, 0.5454545454545454]
 mean: 0.6299873737373737, std: 0.06336490873917945
F1 Score: [0.6278195488721805, 0.6158730158730159, 0.6726190476190477, 0.6278195488721805, 0.7102439024390244, 0.4817813765182186, 0.5333333333333333, 0.5835835835835836, 0.611336032388664, 0.45893719806763283, 0.6726190476190477, 0.6360294117647058, 0.6826923076923077, 0.6654377880184332, 0.4994944388270981]
 mean: 0.6053079720992315, std: 0.0754163434606259
Accuracy Intime: [0.7857142857142857, 0.6428571428571429, 0.8333333333333334, 0.5, 0.6666666666666666, 0.7857142857142857, 0.7142857142857143, 0.5714285714285714, 0.5, 0.6666666666666666, 0.9285714285714286, 0.5714285714285714, 0.6666666666666666, 0.5833333333333334, 0.5]
 mean: 0.6611111111111112, std: 0.12530135003054013
F1 (Intime): [0.7754010695187166, 0.625668449197861, 0.7777777777777777, 0.5, 0.6666666666666666, 0.7754010695187166, 0.6888888888888889, 0.5714285714285714, 0.5, 0.625, 0.9251336898395721, 0.5625, 0.625, 0.5804195804195804, 0.3333333333333333]
 mean: 0.6355079397726457, std: 0.1385417739366456
--------------------------------------------------
Subject Number: 3
Accuracy Cross: [0.40625, 0.53125, 0.5, 0.53125, 0.375, 0.48484848484848486, 0.5151515151515151, 0.5454545454545454, 0.5757575757575758, 0.5454545454545454, 0.3333333333333333, 0.5454545454545454, 0.42424242424242425, 0.5151515151515151, 0.42424242424242425]
 mean: 0.4835227272727272, std: 0.07032170870384961
F1 Score: [0.3913913913913914, 0.530791788856305, 0.4458874458874459, 0.530791788856305, 0.375, 0.4327603640040445, 0.5147058823529411, 0.47619047619047616, 0.5657894736842105, 0.47619047619047616, 0.3277777777777778, 0.4994944388270981, 0.3365079365079365, 0.4260869565217391, 0.3365079365079365]
 mean: 0.44439160890373886, std: 0.07511925624380383
Accuracy Intime: [0.5, 0.42857142857142855, 0.8571428571428571, 0.75, 0.6666666666666666, 0.5714285714285714, 0.42857142857142855, 0.6666666666666666, 0.5, 0.6666666666666666, 0.7142857142857143, 0.6428571428571429, 0.5833333333333334, 0.8333333333333334, 0.75]
 mean: 0.6373015873015874, std: 0.12981953479741168
F1 (Intime): [0.47593582887700536, 0.42857142857142855, 0.8571428571428571, 0.7333333333333334, 0.6571428571428571, 0.475, 0.41666666666666663, 0.4, 0.5, 0.6666666666666666, 0.7083333333333333, 0.641025641025641, 0.4957983193277311, 0.8285714285714285, 0.7333333333333334]
 mean: 0.6011681129328188, std: 0.14830265789954816
--------------------------------------------------
Subject Number: 4
Accuracy Cross: [0.45454545454545453, 0.48484848484848486, 0.6666666666666666, 0.6363636363636364, 0.7878787878787878, 0.5454545454545454, 0.48484848484848486, 0.6363636363636364, 0.5454545454545454, 0.696969696969697, 0.5454545454545454, 0.6666666666666666, 0.8181818181818182, 0.7575757575757576, 0.6363636363636364]
 mean: 0.6242424242424243, std: 0.10886621079036349
F1 Score: [0.44172932330827064, 0.4771668219944082, 0.6158730158730159, 0.6333333333333333, 0.7806267806267806, 0.4994944388270981, 0.4771668219944082, 0.6192307692307693, 0.5170731707317073, 0.6726190476190477, 0.5386766076421249, 0.6552706552706553, 0.8166666666666667, 0.7461538461538462, 0.5695652173913044]
 mean: 0.6040431011108958, std: 0.11184457380112511
Accuracy Intime: [0.5714285714285714, 0.6428571428571429, 0.7142857142857143, 0.6666666666666666, 0.5, 0.7857142857142857, 0.42857142857142855, 0.7142857142857143, 0.5, 0.5833333333333334, 0.7142857142857143, 0.7142857142857143, 0.8571428571428571, 0.9166666666666666, 0.6666666666666666]
 mean: 0.6650793650793649, std: 0.12930907347414272
F1 (Intime): [0.5333333333333333, 0.5238095238095237, 0.7083333333333333, 0.6571428571428571, 0.4375, 0.7543859649122806, 0.41666666666666663, 0.7083333333333333, 0.4857142857142857, 0.5555555555555556, 0.65, 0.65, 0.8444444444444444, 0.916083916083916, 0.625]
 mean: 0.631086880955302, std: 0.13824304630367146
--------------------------------------------------
Subject Number: 5
Accuracy Cross: [0.34375, 0.46875, 0.53125, 0.5625, 0.40625, 0.5625, 0.78125, 0.5, 0.65625, 0.78125, 0.65625, 0.59375, 0.5, 0.5625, 0.5]
 mean: 0.5604166666666667, std: 0.11774059292453992
F1 Score: [0.33793103448275863, 0.4420512820512821, 0.5195195195195195, 0.5625, 0.4056695992179863, 0.5465587044534412, 0.751937984496124, 0.4920634920634921, 0.6101882613510521, 0.7624602332979851, 0.6267232237539766, 0.5901477832512315, 0.4817813765182186, 0.5555555555555556, 0.4920634920634921]
 mean: 0.5451434361384078, std: 0.11154608698456843
Accuracy Intime: [0.6428571428571429, 0.7142857142857143, 0.5833333333333334, 0.5833333333333334, 0.75, 0.7142857142857143, 0.7857142857142857, 0.5, 0.5, 0.4166666666666667, 0.6428571428571429, 0.6428571428571429, 0.8333333333333334, 0.5833333333333334, 0.5833333333333334]
 mean: 0.6317460317460318, std: 0.11035456724333546
F1 (Intime): [0.641025641025641, 0.6888888888888889, 0.5804195804195804, 0.5555555555555556, 0.7482517482517483, 0.7083333333333333, 0.7754010695187166, 0.4375, 0.4857142857142857, 0.29411764705882354, 0.641025641025641, 0.625668449197861, 0.8125, 0.5804195804195804, 0.5555555555555556]
 mean: 0.6086917983976807, std: 0.131194122922244
--------------------------------------------------
Subject Number: 6
Accuracy Cross: [0.5625, 0.46875, 0.40625, 0.40625, 0.40625, 0.5151515151515151, 0.5757575757575758, 0.48484848484848486, 0.45454545454545453, 0.5757575757575758, 0.6363636363636364, 0.5757575757575758, 0.5454545454545454, 0.5757575757575758, 0.7272727272727273]
 mean: 0.5277777777777779, std: 0.08849560033380742
F1 Score: [0.5333333333333333, 0.4682306940371457, 0.4009852216748768, 0.4009852216748768, 0.4056695992179863, 0.49230769230769234, 0.5557692307692308, 0.45268292682926825, 0.4107142857142857, 0.4652777777777778, 0.6071428571428572, 0.4652777777777778, 0.4994944388270981, 0.5557692307692308, 0.6996966632962589]
 mean: 0.49422246340997983, std: 0.08180712207069452
Accuracy Intime: [0.5714285714285714, 0.7142857142857143, 0.7142857142857143, 0.5, 0.75, 0.7857142857142857, 0.7857142857142857, 0.5833333333333334, 0.5, 0.5, 0.7142857142857143, 0.7142857142857143, 0.6666666666666666, 0.6666666666666666, 0.5]
 mean: 0.6444444444444444, std: 0.10458739674344693
F1 (Intime): [0.5333333333333333, 0.7083333333333333, 0.7083333333333333, 0.4857142857142857, 0.7482517482517483, 0.7754010695187166, 0.7846153846153847, 0.5555555555555556, 0.4375, 0.3333333333333333, 0.65, 0.65, 0.625, 0.6571428571428571, 0.5]
 mean: 0.6101676156087922, std: 0.127707247825948
--------------------------------------------------
Subject Number: 7
Accuracy Cross: [0.5625, 0.5, 0.53125, 0.5625, 0.59375, 0.28125, 0.53125, 0.4375, 0.4375, 0.46875, 0.59375, 0.53125, 0.4375, 0.5625, 0.59375]
 mean: 0.5083333333333333, std: 0.0818620112682854
F1 Score: [0.5151515151515151, 0.4980392156862745, 0.530791788856305, 0.45893719806763283, 0.539313399778516, 0.2748768472906404, 0.4909862142099682, 0.4285714285714286, 0.37662337662337664, 0.45545545545545546, 0.5933528836754643, 0.4909862142099682, 0.4, 0.5555555555555556, 0.5933528836754643]
 mean: 0.4801329317871711, std: 0.08252662560687771
Accuracy Intime: [0.7857142857142857, 0.5714285714285714, 0.25, 0.3333333333333333, 0.75, 0.5, 0.6428571428571429, 0.5, 0.5833333333333334, 0.6666666666666666, 0.6428571428571429, 0.7142857142857143, 0.25, 0.5833333333333334, 0.6666666666666666]
 mean: 0.5626984126984127, std: 0.16314109346489356
F1 (Intime): [0.7754010695187166, 0.5625, 0.2, 0.3142857142857143, 0.7333333333333334, 0.47593582887700536, 0.625668449197861, 0.5, 0.5555555555555556, 0.625, 0.625668449197861, 0.7083333333333333, 0.2, 0.5555555555555556, 0.625]
 mean: 0.5388158192569957, std: 0.1710898481206812
--------------------------------------------------
Subject Number: 8
Accuracy Cross: [0.5, 0.53125, 0.46875, 0.59375, 0.59375, 0.625, 0.65625, 0.53125, 0.5625, 0.5, 0.46875, 0.53125, 0.625, 0.53125, 0.625]
 mean: 0.55625, std: 0.058407690703650775
F1 Score: [0.4666666666666667, 0.4909862142099682, 0.4682306940371457, 0.5835835835835836, 0.5588547189819725, 0.6190476190476191, 0.5883040935672514, 0.4909862142099682, 0.5465587044534412, 0.4980392156862745, 0.45545545545545546, 0.5195195195195195, 0.6190476190476191, 0.5076923076923077, 0.6190476190476191]
 mean: 0.5354680163470942, std: 0.05702272312316342
Accuracy Intime: [0.5714285714285714, 0.6428571428571429, 0.5, 0.3333333333333333, 0.5, 0.6428571428571429, 0.5714285714285714, 0.5833333333333334, 0.4166666666666667, 0.5833333333333334, 0.5714285714285714, 0.7142857142857143, 0.8333333333333334, 0.75, 0.8333333333333334]
 mean: 0.6031746031746031, std: 0.1355726542132327
F1 (Intime): [0.475, 0.5906432748538011, 0.5, 0.3142857142857143, 0.5, 0.641025641025641, 0.5333333333333333, 0.3684210526315789, 0.4125874125874126, 0.5804195804195804, 0.5333333333333333, 0.7083333333333333, 0.8125, 0.7482517482517483, 0.8285714285714285]
 mean: 0.569780390175127, std: 0.1493252246504282
--------------------------------------------------
Subject Number: 9
Accuracy Cross: [0.875, 0.75, 0.84375, 0.71875, 0.71875, 0.84375, 0.78125, 0.71875, 0.4375, 0.75, 0.5625, 0.71875, 0.6875, 0.53125, 0.875]
 mean: 0.7208333333333333, std: 0.12261615807968468
F1 Score: [0.8666666666666667, 0.7333333333333334, 0.8303287380699894, 0.681063122923588, 0.694591728525981, 0.8303287380699894, 0.7624602332979851, 0.7046153846153846, 0.43529411764705883, 0.722943722943723, 0.5555555555555556, 0.716256157635468, 0.6862745098039216, 0.5270935960591133, 0.875]
 mean: 0.7081203736765173, std: 0.12072433375177506
Accuracy Intime: [0.8571428571428571, 0.7857142857142857, 0.9166666666666666, 0.5, 0.5, 0.8571428571428571, 0.8571428571428571, 0.9166666666666666, 0.5833333333333334, 0.6666666666666666, 0.9285714285714286, 0.7857142857142857, 0.8333333333333334, 0.6666666666666666, 0.5833333333333334]
 mean: 0.7492063492063493, std: 0.14737990528814043
F1 (Intime): [0.8444444444444444, 0.7754010695187166, 0.8991596638655461, 0.4857142857142857, 0.5, 0.8541666666666667, 0.8444444444444444, 0.8991596638655461, 0.5804195804195804, 0.6666666666666666, 0.9282051282051282, 0.7543859649122806, 0.8125, 0.6571428571428571, 0.5804195804195804]
 mean: 0.7388153344190496, std: 0.14446858907806115
--------------------------------------------------
Subject Number: 10
Accuracy Cross: [0.375, 0.5, 0.625, 0.625, 0.40625, 0.5, 0.5, 0.59375, 0.375, 0.46875, 0.5151515151515151, 0.48484848484848486, 0.6666666666666666, 0.5757575757575758, 0.5454545454545454]
 mean: 0.5171085858585859, std: 0.08668193677135048
F1 Score: [0.3522267206477733, 0.4980392156862745, 0.6235294117647059, 0.6, 0.4009852216748768, 0.4181818181818182, 0.5, 0.5588547189819725, 0.3522267206477733, 0.464039408866995, 0.5111111111111111, 0.4672364672364672, 0.6552706552706553, 0.5657894736842105, 0.5170731707317073]
 mean: 0.49897094096575606, std: 0.0894807888198949
Accuracy Intime: [0.6428571428571429, 0.7857142857142857, 0.6666666666666666, 0.5833333333333334, 0.6666666666666666, 0.5714285714285714, 0.7857142857142857, 0.75, 0.75, 0.5, 0.6428571428571429, 0.7857142857142857, 0.75, 0.75, 0.6666666666666666]
 mean: 0.6865079365079365, std: 0.08536820196523717
F1 (Intime): [0.5238095238095237, 0.7754010695187166, 0.6571428571428571, 0.4957983193277311, 0.6571428571428571, 0.5333333333333333, 0.7846153846153847, 0.6210526315789473, 0.7482517482517483, 0.4857142857142857, 0.5906432748538011, 0.7754010695187166, 0.6974789915966386, 0.7482517482517483, 0.6571428571428571]
 mean: 0.6500786634532765, std: 0.10196419827792813
--------------------------------------------------
Subject Number: 11
Accuracy Cross: [0.45454545454545453, 0.5151515151515151, 0.45454545454545453, 0.48484848484848486, 0.5151515151515151, 0.5454545454545454, 0.5454545454545454, 0.5151515151515151, 0.45454545454545453, 0.5454545454545454, 0.6060606060606061, 0.6363636363636364, 0.5454545454545454, 0.6666666666666666, 0.6060606060606061]
 mean: 0.5393939393939394, std: 0.06375650035579596
F1 Score: [0.4288461538461539, 0.5037593984962406, 0.44172932330827064, 0.48294930875576036, 0.49230769230769234, 0.4057623049219688, 0.35294117647058826, 0.49230769230769234, 0.4107142857142857, 0.35294117647058826, 0.4849939975990396, 0.5909090909090909, 0.44568868980963045, 0.6329625884732053, 0.4849939975990396]
 mean: 0.46692045846594976, std: 0.07389928794706158
Accuracy Intime: [0.5714285714285714, 0.5, 0.6428571428571429, 0.8333333333333334, 0.5833333333333334, 0.5714285714285714, 0.6428571428571429, 0.6428571428571429, 0.4166666666666667, 0.5, 0.5714285714285714, 0.6428571428571429, 0.5714285714285714, 0.5833333333333334, 0.5]
 mean: 0.584920634920635, std: 0.09158331261429625
F1 (Intime): [0.5333333333333333, 0.4269005847953216, 0.5906432748538011, 0.8333333333333334, 0.5555555555555556, 0.5333333333333333, 0.5238095238095237, 0.625668449197861, 0.37777777777777777, 0.3333333333333333, 0.36363636363636365, 0.625668449197861, 0.475, 0.5804195804195804, 0.4857142857142857]
 mean: 0.5242751452194176, std: 0.12162777469496068
--------------------------------------------------
Subject Number: 12
Accuracy Cross: [0.6875, 0.625, 0.65625, 0.625, 0.625, 0.6363636363636364, 0.5757575757575758, 0.5757575757575758, 0.6060606060606061, 0.6363636363636364, 0.6875, 0.53125, 0.625, 0.46875, 0.625]
 mean: 0.6124368686868688, std: 0.05482779177891357
F1 Score: [0.6761133603238867, 0.5844155844155844, 0.5883040935672514, 0.611336032388664, 0.6, 0.6192307692307693, 0.5722222222222222, 0.5227272727272727, 0.5195968645016797, 0.6071428571428572, 0.6761133603238867, 0.43859649122807015, 0.5844155844155844, 0.39756367663344405, 0.5844155844155844]
 mean: 0.5721462502357839, std: 0.07375756799923452
Accuracy Intime: [0.6428571428571429, 0.7857142857142857, 0.6666666666666666, 0.5, 0.6666666666666666, 0.35714285714285715, 0.42857142857142855, 0.5833333333333334, 0.5, 0.6666666666666666, 0.7857142857142857, 0.5, 0.75, 0.5833333333333334, 0.6666666666666666]
 mean: 0.6055555555555555, std: 0.12370773186284899
F1 (Intime): [0.5238095238095237, 0.7543859649122806, 0.5555555555555556, 0.4375, 0.6571428571428571, 0.35384615384615387, 0.37777777777777777, 0.5555555555555556, 0.3333333333333333, 0.625, 0.7754010695187166, 0.4269005847953216, 0.6974789915966386, 0.5555555555555556, 0.6571428571428571]
 mean: 0.5524257187028084, std: 0.13820148553295192
--------------------------------------------------
Subject Number: 13
Accuracy Cross: [0.78125, 0.75, 0.8125, 0.59375, 0.6875, 0.6666666666666666, 0.696969696969697, 0.696969696969697, 0.6060606060606061, 0.6666666666666666, 0.75, 0.75, 0.78125, 0.75, 0.59375]
 mean: 0.7055555555555556, std: 0.06791955264176917
F1 Score: [0.7624602332979851, 0.7333333333333334, 0.8, 0.5835835835835836, 0.6363636363636364, 0.6329625884732053, 0.6826923076923077, 0.6590909090909091, 0.5460317460317461, 0.6458536585365854, 0.7090909090909091, 0.7090909090909091, 0.7624602332979851, 0.722943722943723, 0.4340136054421769]
 mean: 0.6679980917512663, std: 0.09154228501328915
Accuracy Intime: [0.7142857142857143, 0.5714285714285714, 0.8333333333333334, 0.6666666666666666, 0.75, 0.7142857142857143, 0.6428571428571429, 0.9166666666666666, 0.6666666666666666, 0.5833333333333334, 0.7857142857142857, 0.7142857142857143, 0.9166666666666666, 0.75, 0.75]
 mean: 0.7317460317460316, std: 0.09920952375873178
F1 (Intime): [0.7083333333333333, 0.36363636363636365, 0.8125, 0.6666666666666666, 0.7333333333333334, 0.7083333333333333, 0.5906432748538011, 0.8991596638655461, 0.6666666666666666, 0.5804195804195804, 0.7543859649122806, 0.65, 0.9111111111111111, 0.7333333333333334, 0.7482517482517483]
 mean: 0.7017849582478065, std: 0.12873983985232423
--------------------------------------------------
Subject Number: 14
Accuracy Cross: [0.53125, 0.5625, 0.5, 0.53125, 0.71875, 0.5625, 0.65625, 0.625, 0.5, 0.53125, 0.625, 0.5625, 0.59375, 0.4375, 0.625]
 mean: 0.5708333333333333, std: 0.06890764753558844
F1 Score: [0.3992490613266583, 0.4166666666666667, 0.4980392156862745, 0.530791788856305, 0.716256157635468, 0.4166666666666667, 0.6476476476476476, 0.625, 0.4458874458874459, 0.3469387755102041, 0.5, 0.5151515151515151, 0.4793491864831039, 0.4, 0.536231884057971]
 mean: 0.49825840077172845, std: 0.09915051064221919
Accuracy Intime: [0.5, 0.6428571428571429, 0.4166666666666667, 0.3333333333333333, 0.75, 0.8571428571428571, 0.7142857142857143, 0.8333333333333334, 0.75, 0.6666666666666666, 0.5714285714285714, 0.35714285714285715, 0.6666666666666666, 0.4166666666666667, 0.6666666666666666]
 mean: 0.6095238095238094, std: 0.16341499185081648
F1 (Intime): [0.3333333333333333, 0.5238095238095237, 0.37777777777777777, 0.3142857142857143, 0.7482517482517483, 0.8444444444444444, 0.7083333333333333, 0.8285714285714285, 0.7482517482517483, 0.625, 0.5625, 0.2631578947368421, 0.4, 0.4125874125874126, 0.625]
 mean: 0.5543536239588872, std: 0.18896405005658157
--------------------------------------------------
Subject Number: 15
Accuracy Cross: [0.75, 0.5, 0.625, 0.5625, 0.5625, 0.59375, 0.4375, 0.5, 0.5, 0.53125, 0.65625, 0.65625, 0.625, 0.625, 0.53125]
 mean: 0.5770833333333333, std: 0.07811805524688614
F1 Score: [0.7090909090909091, 0.4980392156862745, 0.625, 0.5555555555555556, 0.5151515151515151, 0.5901477832512315, 0.4375, 0.4980392156862745, 0.4817813765182186, 0.5195195195195195, 0.6267232237539766, 0.6389743589743591, 0.6, 0.611336032388664, 0.5076923076923077]
 mean: 0.5609700675512538, std: 0.07187061663233969
Accuracy Intime: [0.7857142857142857, 0.5, 0.8333333333333334, 0.8333333333333334, 0.5833333333333334, 0.7142857142857143, 0.5714285714285714, 0.75, 0.6666666666666666, 0.75, 0.7142857142857143, 0.7142857142857143, 0.9166666666666666, 0.75, 0.8333333333333334]
 mean: 0.7277777777777777, std: 0.1081405634176474
F1 (Intime): [0.7754010695187166, 0.47593582887700536, 0.8285714285714285, 0.8333333333333334, 0.5555555555555556, 0.7083333333333333, 0.5625, 0.7482517482517483, 0.625, 0.7482517482517483, 0.6888888888888889, 0.65, 0.8991596638655461, 0.7333333333333334, 0.8333333333333334]
 mean: 0.7110566176742648, std: 0.1153727304454024
--------------------------------------------------
Subject Number: 16
Accuracy Cross: [0.53125, 0.5625, 0.5, 0.5625, 0.5, 0.65625, 0.6875, 0.6875, 0.625, 0.71875, 0.5625, 0.5625, 0.5625, 0.53125, 0.46875]
 mean: 0.58125, std: 0.07377471337344071
F1 Score: [0.4909862142099682, 0.5151515151515151, 0.4920634920634921, 0.5465587044534412, 0.4666666666666667, 0.6559139784946236, 0.6666666666666667, 0.6862745098039216, 0.6235294117647059, 0.7117117117117118, 0.45893719806763283, 0.4166666666666667, 0.45893719806763283, 0.5076923076923077, 0.39756367663344405]
 mean: 0.53968799454096, std: 0.09925092880319851
Accuracy Intime: [0.7142857142857143, 0.7142857142857143, 0.6666666666666666, 0.9166666666666666, 0.5833333333333334, 0.6428571428571429, 0.5714285714285714, 0.6666666666666666, 0.5833333333333334, 0.5833333333333334, 0.8571428571428571, 0.6428571428571429, 0.5833333333333334, 0.8333333333333334, 0.75]
 mean: 0.6873015873015873, std: 0.10634328341715589
F1 (Intime): [0.7083333333333333, 0.65, 0.6571428571428571, 0.916083916083916, 0.5804195804195804, 0.625668449197861, 0.5333333333333333, 0.6666666666666666, 0.5555555555555556, 0.5804195804195804, 0.8444444444444444, 0.5906432748538011, 0.5804195804195804, 0.8333333333333334, 0.7333333333333334]
 mean: 0.6703864825691451, std: 0.11190254914255102
--------------------------------------------------
Subject Number: 17
Accuracy Cross: [0.6060606060606061, 0.5757575757575758, 0.45454545454545453, 0.5151515151515151, 0.5454545454545454, 0.48484848484848486, 0.45454545454545453, 0.45454545454545453, 0.5151515151515151, 0.48484848484848486, 0.625, 0.5625, 0.53125, 0.5, 0.5625]
 mean: 0.524810606060606, std: 0.05250483711154805
F1 Score: [0.5814634146341464, 0.5722222222222222, 0.4288461538461539, 0.34, 0.4057623049219688, 0.3717805151175812, 0.4288461538461539, 0.45, 0.45454545454545453, 0.4327603640040445, 0.5636363636363637, 0.5465587044534412, 0.4909862142099682, 0.4980392156862745, 0.5465587044534412]
 mean: 0.474133719038481, std: 0.07322134439507706
Accuracy Intime: [0.7142857142857143, 0.5, 0.4166666666666667, 0.5, 0.6666666666666666, 0.7142857142857143, 0.7142857142857143, 0.5, 0.6666666666666666, 0.9166666666666666, 0.7142857142857143, 0.7142857142857143, 0.5714285714285714, 0.75, 0.5833333333333334]
 mean: 0.6428571428571429, std: 0.12493384492788816
F1 (Intime): [0.6888888888888889, 0.4269005847953216, 0.4125874125874126, 0.4857142857142857, 0.6571428571428571, 0.65, 0.65, 0.4375, 0.6571428571428571, 0.916083916083916, 0.7142857142857143, 0.65, 0.5333333333333333, 0.7482517482517483, 0.5555555555555556]
 mean: 0.6122258102521261, std: 0.13306959348789943
--------------------------------------------------
Subject Number: 18
Accuracy Cross: [0.5454545454545454, 0.7272727272727273, 0.5757575757575758, 0.7575757575757576, 0.7272727272727273, 0.78125, 0.65625, 0.59375, 0.71875, 0.59375, 0.75, 0.5, 0.6875, 0.6875, 0.71875]
 mean: 0.6680555555555556, std: 0.08303642201088236
F1 Score: [0.5454545454545454, 0.723205964585275, 0.5722222222222222, 0.7573529411764706, 0.717948717948718, 0.7757757757757757, 0.6532019704433498, 0.5901477832512315, 0.694591728525981, 0.5733333333333333, 0.7490196078431373, 0.4920634920634921, 0.6536796536796536, 0.6825396825396826, 0.7117117117117118]
 mean: 0.6594832753703053, std: 0.08328215427250422
Accuracy Intime: [0.5714285714285714, 0.7857142857142857, 0.75, 0.9166666666666666, 0.6666666666666666, 0.6428571428571429, 0.9285714285714286, 0.6666666666666666, 0.6666666666666666, 0.6666666666666666, 0.6428571428571429, 0.7142857142857143, 0.9166666666666666, 0.9166666666666666, 0.5833333333333334]
 mean: 0.7357142857142858, std: 0.12250534102228829
F1 (Intime): [0.5333333333333333, 0.7754010695187166, 0.7333333333333334, 0.916083916083916, 0.6571428571428571, 0.625668449197861, 0.9251336898395721, 0.6571428571428571, 0.625, 0.6666666666666666, 0.641025641025641, 0.65, 0.8991596638655461, 0.916083916083916, 0.5555555555555556]
 mean: 0.7184487299193183, std: 0.13063436906671322
--------------------------------------------------
Subject Number: 19
Accuracy Cross: [0.53125, 0.5625, 0.46875, 0.46875, 0.53125, 0.46875, 0.5, 0.53125, 0.40625, 0.4375, 0.625, 0.75, 0.6875, 0.75, 0.6875]
 mean: 0.5604166666666667, std: 0.10913167378090663
F1 Score: [0.3469387755102041, 0.5151515151515151, 0.36374269005847953, 0.4420512820512821, 0.3992490613266583, 0.4420512820512821, 0.4458874458874459, 0.4684385382059801, 0.3552492046659597, 0.34545454545454546, 0.5844155844155844, 0.7090909090909091, 0.6536796536796536, 0.7090909090909091, 0.6666666666666667]
 mean: 0.49647720422047165, std: 0.13003196409336737
Accuracy Intime: [0.6428571428571429, 0.6428571428571429, 0.8333333333333334, 0.75, 0.8333333333333334, 0.7857142857142857, 0.6428571428571429, 0.5833333333333334, 0.75, 0.5833333333333334, 0.35714285714285715, 0.6428571428571429, 0.8333333333333334, 0.5, 0.5]
 mean: 0.6587301587301587, std: 0.13612904227299835
F1 (Intime): [0.5906432748538011, 0.5238095238095237, 0.8125, 0.7333333333333334, 0.8285714285714285, 0.7754010695187166, 0.641025641025641, 0.5804195804195804, 0.7482517482517483, 0.4957983193277311, 0.35384615384615387, 0.625668449197861, 0.7777777777777777, 0.3333333333333333, 0.4857142857142857]
 mean: 0.6204062612653944, std: 0.1543851658915871
--------------------------------------------------
Subject Number: 20
Accuracy Cross: [0.59375, 0.71875, 0.59375, 0.59375, 0.59375, 0.59375, 0.59375, 0.625, 0.65625, 0.71875, 0.45454545454545453, 0.5454545454545454, 0.5757575757575758, 0.5757575757575758, 0.6666666666666666]
 mean: 0.6066287878787879, std: 0.06393721721844171
F1 Score: [0.5588547189819725, 0.694591728525981, 0.5588547189819725, 0.5835835835835836, 0.4793491864831039, 0.5588547189819725, 0.5733333333333333, 0.611336032388664, 0.6267232237539766, 0.716256157635468, 0.4540441176470588, 0.5299145299145299, 0.5557692307692308, 0.5722222222222222, 0.6329625884732053]
 mean: 0.580443339445085, std: 0.06743609466590206
Accuracy Intime: [0.7857142857142857, 0.6428571428571429, 0.75, 0.5, 0.5, 0.7142857142857143, 0.7857142857142857, 0.8333333333333334, 0.5833333333333334, 0.4166666666666667, 0.8571428571428571, 0.7857142857142857, 0.8333333333333334, 0.6666666666666666, 0.75]
 mean: 0.6936507936507936, std: 0.13295486724680586
F1 (Intime): [0.7846153846153847, 0.625668449197861, 0.6974789915966386, 0.4375, 0.4857142857142857, 0.6888888888888889, 0.7543859649122806, 0.8125, 0.5804195804195804, 0.4125874125874126, 0.8541666666666667, 0.7846153846153847, 0.8125, 0.6571428571428571, 0.7482517482517483]
 mean: 0.6757623743072659, std: 0.1364051148962755
--------------------------------------------------
Subject Number: 21
Accuracy Cross: [0.46875, 0.3125, 0.375, 0.5, 0.4375, 0.5625, 0.5625, 0.53125, 0.53125, 0.375, 0.53125, 0.5, 0.46875, 0.28125, 0.53125]
 mean: 0.46458333333333335, std: 0.08680277773333192
F1 Score: [0.4682306940371457, 0.30158730158730157, 0.3333333333333333, 0.5, 0.4285714285714286, 0.49090909090909085, 0.4166666666666667, 0.43859649122807015, 0.43859649122807015, 0.2727272727272727, 0.530791788856305, 0.4817813765182186, 0.39756367663344405, 0.2748768472906404, 0.5195195195195195]
 mean: 0.4195834652737672, std: 0.08378937172667082
Accuracy Intime: [0.5, 0.7142857142857143, 0.6666666666666666, 0.5, 0.5, 0.5714285714285714, 0.5, 0.5833333333333334, 0.5833333333333334, 0.4166666666666667, 0.5714285714285714, 0.5714285714285714, 0.5833333333333334, 0.4166666666666667, 0.5833333333333334]
 mean: 0.5507936507936508, std: 0.07830240942489261
F1 (Intime): [0.49743589743589745, 0.7142857142857143, 0.4, 0.5, 0.5, 0.36363636363636365, 0.47593582887700536, 0.4957983193277311, 0.5555555555555556, 0.37777777777777777, 0.5714285714285714, 0.5625, 0.3684210526315789, 0.37777777777777777, 0.5555555555555556]
 mean: 0.48774056095263524, std: 0.09495016481647534
--------------------------------------------------
Subject Number: 22
Accuracy Cross: [0.46875, 0.625, 0.59375, 0.59375, 0.65625, 0.5151515151515151, 0.5454545454545454, 0.5757575757575758, 0.6363636363636364, 0.5757575757575758, 0.59375, 0.53125, 0.375, 0.53125, 0.5625]
 mean: 0.5586489898989899, std: 0.06813749494609281
F1 Score: [0.464039408866995, 0.536231884057971, 0.4793491864831039, 0.539313399778516, 0.5594493116395495, 0.4260869565217391, 0.44568868980963045, 0.5557692307692308, 0.5416666666666666, 0.4652777777777778, 0.5588547189819725, 0.5076923076923077, 0.37254901960784315, 0.5195195195195195, 0.49090909090909085]
 mean: 0.497493144605461, std: 0.05336236775662534
Accuracy Intime: [0.42857142857142855, 0.6428571428571429, 0.8333333333333334, 0.6666666666666666, 0.6666666666666666, 0.7857142857142857, 0.7142857142857143, 0.5833333333333334, 0.5, 0.5, 0.7142857142857143, 0.6428571428571429, 0.75, 0.5833333333333334, 0.6666666666666666]
 mean: 0.6452380952380953, std: 0.10764432909959348
F1 (Intime): [0.42857142857142855, 0.5238095238095237, 0.7777777777777777, 0.625, 0.6571428571428571, 0.7754010695187166, 0.6888888888888889, 0.5555555555555556, 0.3333333333333333, 0.5, 0.6888888888888889, 0.625668449197861, 0.6974789915966386, 0.5555555555555556, 0.625]
 mean: 0.603871487989135, std: 0.11912987805348428
--------------------------------------------------
Subject Number: 23
Accuracy Cross: [0.696969696969697, 0.6363636363636364, 0.6363636363636364, 0.6363636363636364, 0.6060606060606061, 0.625, 0.71875, 0.71875, 0.8125, 0.75, 0.5757575757575758, 0.6363636363636364, 0.7575757575757576, 0.5454545454545454, 0.5151515151515151]
 mean: 0.657828282828283, std: 0.08026793313767883
F1 Score: [0.6726190476190477, 0.5416666666666666, 0.6071428571428572, 0.5695652173913044, 0.5814634146341464, 0.6, 0.694591728525981, 0.694591728525981, 0.8095238095238095, 0.7408906882591093, 0.5227272727272727, 0.5695652173913044, 0.7380952380952381, 0.4057623049219688, 0.49230769230769234]
 mean: 0.6160341922488253, std: 0.10426886365720897
Accuracy Intime: [0.7857142857142857, 0.6428571428571429, 0.75, 0.4166666666666667, 0.6666666666666666, 0.8571428571428571, 0.7857142857142857, 0.7857142857142857, 0.5833333333333334, 0.5833333333333334, 0.7857142857142857, 0.5714285714285714, 0.75, 0.75, 0.75]
 mean: 0.6976190476190476, std: 0.1132559426308141
F1 (Intime): [0.7754010695187166, 0.5238095238095237, 0.6974789915966386, 0.29411764705882354, 0.6571428571428571, 0.8444444444444444, 0.7543859649122806, 0.7543859649122806, 0.5555555555555556, 0.5555555555555556, 0.7543859649122806, 0.5333333333333333, 0.6974789915966386, 0.7333333333333334, 0.7482517482517483]
 mean: 0.6586040630622673, std: 0.13669849879188772
--------------------------------------------------
Subject Number: 24
Accuracy Cross: [0.375, 0.4375, 0.53125, 0.46875, 0.5, 0.625, 0.5625, 0.65625, 0.59375, 0.65625, 0.53125, 0.53125, 0.375, 0.53125, 0.5]
 mean: 0.525, std: 0.08477912478906587
F1 Score: [0.3073593073593074, 0.4285714285714286, 0.5076923076923077, 0.45545545545545546, 0.4458874458874459, 0.6190476190476191, 0.5555555555555556, 0.6101882613510521, 0.5901477832512315, 0.6559139784946236, 0.4684385382059801, 0.4909862142099682, 0.3333333333333333, 0.4909862142099682, 0.4458874458874459]
 mean: 0.4936967259008482, std: 0.09670871505331306
Accuracy Intime: [0.5714285714285714, 0.6428571428571429, 0.6666666666666666, 0.5833333333333334, 0.5833333333333334, 0.5, 0.6428571428571429, 0.5833333333333334, 0.75, 0.75, 0.5714285714285714, 0.8571428571428571, 0.6666666666666666, 0.6666666666666666, 0.4166666666666667]
 mean: 0.63015873015873, std: 0.10346114057446647
F1 (Intime): [0.36363636363636365, 0.641025641025641, 0.6571428571428571, 0.5804195804195804, 0.5804195804195804, 0.47593582887700536, 0.625668449197861, 0.3684210526315789, 0.7482517482517483, 0.7482517482517483, 0.5333333333333333, 0.8444444444444444, 0.6571428571428571, 0.6666666666666666, 0.37777777777777777]
 mean: 0.5912358619479363, std: 0.140322858144782
--------------------------------------------------
Subject Number: 25
Accuracy Cross: [0.42424242424242425, 0.48484848484848486, 0.5454545454545454, 0.5151515151515151, 0.45454545454545453, 0.65625, 0.53125, 0.5625, 0.65625, 0.65625, 0.5, 0.59375, 0.59375, 0.59375, 0.5625]
 mean: 0.5553661616161616, std: 0.06964090667167433
F1 Score: [0.2978723404255319, 0.4672364672364672, 0.5454545454545454, 0.45454545454545453, 0.4107142857142857, 0.6101882613510521, 0.4909862142099682, 0.5555555555555556, 0.6101882613510521, 0.5594493116395495, 0.4817813765182186, 0.5733333333333333, 0.539313399778516, 0.539313399778516, 0.5333333333333333]
 mean: 0.5112843693483586, std: 0.07874847880286232
Accuracy Intime: [0.8571428571428571, 0.7142857142857143, 0.6666666666666666, 0.6666666666666666, 0.5833333333333334, 0.6428571428571429, 0.6428571428571429, 0.4166666666666667, 0.5833333333333334, 0.5833333333333334, 0.6428571428571429, 0.42857142857142855, 0.3333333333333333, 0.5, 0.5833333333333334]
 mean: 0.5896825396825397, std: 0.1257529602207566
F1 (Intime): [0.8541666666666667, 0.7083333333333333, 0.6666666666666666, 0.6571428571428571, 0.5555555555555556, 0.625668449197861, 0.641025641025641, 0.4125874125874126, 0.4957983193277311, 0.5804195804195804, 0.625668449197861, 0.42857142857142855, 0.25, 0.3333333333333333, 0.5804195804195804]
 mean: 0.5610238182297006, std: 0.14966243915875327
--------------------------------------------------
Subject Number: 26
Accuracy Cross: [0.5757575757575758, 0.5151515151515151, 0.5757575757575758, 0.7272727272727273, 0.7272727272727273, 0.65625, 0.59375, 0.6875, 0.625, 0.65625, 0.6875, 0.75, 0.71875, 0.71875, 0.75]
 mean: 0.664330808080808, std: 0.07033366635180836
F1 Score: [0.5657894736842105, 0.4260869565217391, 0.5557692307692308, 0.7262672811059908, 0.723205964585275, 0.6476476476476476, 0.5733333333333333, 0.6536796536796536, 0.611336032388664, 0.6267232237539766, 0.6536796536796536, 0.7333333333333334, 0.694591728525981, 0.681063122923588, 0.7333333333333334]
 mean: 0.6403893312843739, std: 0.08192987622182753
Accuracy Intime: [0.5714285714285714, 0.7142857142857143, 0.4166666666666667, 0.6666666666666666, 0.8333333333333334, 0.7142857142857143, 0.7857142857142857, 0.6666666666666666, 0.8333333333333334, 0.75, 0.35714285714285715, 0.5, 0.5833333333333334, 0.8333333333333334, 0.6666666666666666]
 mean: 0.6595238095238095, std: 0.1438326481986294
F1 (Intime): [0.5714285714285714, 0.6888888888888889, 0.37777777777777777, 0.6571428571428571, 0.8333333333333334, 0.6888888888888889, 0.7754010695187166, 0.5555555555555556, 0.8285714285714285, 0.7482517482517483, 0.35384615384615387, 0.4269005847953216, 0.4957983193277311, 0.8285714285714285, 0.6571428571428571]
 mean: 0.6324999642027506, std: 0.15742833029482534
--------------------------------------------------
Subject Number: 27
Accuracy Cross: [0.6060606060606061, 0.5757575757575758, 0.45454545454545453, 0.5151515151515151, 0.5454545454545454, 0.48484848484848486, 0.45454545454545453, 0.45454545454545453, 0.5151515151515151, 0.48484848484848486, 0.625, 0.5625, 0.53125, 0.5, 0.5625]
 mean: 0.524810606060606, std: 0.05250483711154805
F1 Score: [0.5814634146341464, 0.5722222222222222, 0.4288461538461539, 0.34, 0.4057623049219688, 0.3717805151175812, 0.4288461538461539, 0.45, 0.45454545454545453, 0.4327603640040445, 0.5636363636363637, 0.5465587044534412, 0.4909862142099682, 0.4980392156862745, 0.5465587044534412]
 mean: 0.474133719038481, std: 0.07322134439507706
Accuracy Intime: [0.7142857142857143, 0.5, 0.4166666666666667, 0.5, 0.6666666666666666, 0.7142857142857143, 0.7142857142857143, 0.5, 0.6666666666666666, 0.9166666666666666, 0.7142857142857143, 0.7142857142857143, 0.5714285714285714, 0.75, 0.5833333333333334]
 mean: 0.6428571428571429, std: 0.12493384492788816
F1 (Intime): [0.6888888888888889, 0.4269005847953216, 0.4125874125874126, 0.4857142857142857, 0.6571428571428571, 0.65, 0.65, 0.4375, 0.6571428571428571, 0.916083916083916, 0.7142857142857143, 0.65, 0.5333333333333333, 0.7482517482517483, 0.5555555555555556]
 mean: 0.6122258102521261, std: 0.13306959348789943
--------------------------------------------------
Subject Number: 28
Accuracy Cross: [0.65625, 0.5, 0.53125, 0.40625, 0.5, 0.5625, 0.53125, 0.5, 0.625, 0.625, 0.53125, 0.40625, 0.625, 0.625, 0.46875]
 mean: 0.5395833333333333, std: 0.07694243880258078
F1 Score: [0.6389743589743591, 0.4980392156862745, 0.5195195195195195, 0.3913913913913914, 0.4980392156862745, 0.5465587044534412, 0.5195195195195195, 0.4920634920634921, 0.5636363636363637, 0.5844155844155844, 0.4909862142099682, 0.3913913913913914, 0.6190476190476191, 0.6, 0.4420512820512821]
 mean: 0.5197089248030987, std: 0.07251047542540852
Accuracy Intime: [0.6428571428571429, 0.5714285714285714, 0.6666666666666666, 0.6666666666666666, 0.5, 0.7142857142857143, 0.6428571428571429, 0.5, 0.6666666666666666, 0.5, 0.7142857142857143, 0.8571428571428571, 0.75, 0.5833333333333334, 0.8333333333333334]
 mean: 0.653968253968254, std: 0.10757994326309998
F1 (Intime): [0.641025641025641, 0.5333333333333333, 0.625, 0.625, 0.5, 0.65, 0.5906432748538011, 0.4375, 0.6666666666666666, 0.5, 0.7142857142857143, 0.8571428571428571, 0.6974789915966386, 0.5804195804195804, 0.8285714285714285]
 mean: 0.629804499193044, std: 0.11219188499943802
--------------------------------------------------
Subject Number: 29
Accuracy Cross: [0.78125, 0.6875, 0.6875, 0.9375, 0.6875, 0.8125, 0.59375, 0.75, 0.78125, 0.90625, 0.8181818181818182, 0.8484848484848485, 0.9090909090909091, 0.8484848484848485, 0.9090909090909091]
 mean: 0.797222222222222, std: 0.09756384293695942
F1 Score: [0.7702564102564102, 0.6666666666666667, 0.6875, 0.9352226720647774, 0.6135265700483092, 0.8056680161943319, 0.5901477832512315, 0.7490196078431373, 0.7624602332979851, 0.9015384615384616, 0.8180147058823529, 0.847926267281106, 0.9090909090909091, 0.847926267281106, 0.907735321528425]
 mean: 0.7875133261483475, std: 0.1060980513050502
Accuracy Intime: [0.9285714285714286, 0.7857142857142857, 0.5833333333333334, 1.0, 0.5833333333333334, 0.8571428571428571, 0.8571428571428571, 0.6666666666666666, 0.8333333333333334, 0.75, 0.7142857142857143, 0.7857142857142857, 0.9166666666666666, 1.0, 0.5833333333333334]
 mean: 0.7896825396825398, std: 0.13785328192270457
F1 (Intime): [0.9251336898395721, 0.7846153846153847, 0.5804195804195804, 1.0, 0.4957983193277311, 0.8541666666666667, 0.8571428571428571, 0.6666666666666666, 0.8285714285714285, 0.7333333333333334, 0.7142857142857143, 0.7846153846153847, 0.9111111111111111, 1.0, 0.5804195804195804]
 mean: 0.7810853144676674, std: 0.1480237858078001
--------------------------------------------------
**************************************************
accuracy_cross_list: [0.7053661616161617, 0.6299873737373737, 0.4835227272727272, 0.6242424242424243, 0.5604166666666667, 0.5277777777777779, 0.5083333333333333, 0.55625, 0.7208333333333333, 0.5171085858585859, 0.5393939393939394, 0.6124368686868688, 0.7055555555555556, 0.5708333333333333, 0.5770833333333333, 0.58125, 0.524810606060606, 0.6680555555555556, 0.5604166666666667, 0.6066287878787879, 0.46458333333333335, 0.5586489898989899, 0.657828282828283, 0.525, 0.5553661616161616, 0.664330808080808, 0.524810606060606, 0.5395833333333333, 0.797222222222222]
f1_score_list: [0.6785507234316976, 0.6053079720992315, 0.44439160890373886, 0.6040431011108958, 0.5451434361384078, 0.49422246340997983, 0.4801329317871711, 0.5354680163470942, 0.7081203736765173, 0.49897094096575606, 0.46692045846594976, 0.5721462502357839, 0.6679980917512663, 0.49825840077172845, 0.5609700675512538, 0.53968799454096, 0.474133719038481, 0.6594832753703053, 0.49647720422047165, 0.580443339445085, 0.4195834652737672, 0.497493144605461, 0.6160341922488253, 0.4936967259008482, 0.5112843693483586, 0.6403893312843739, 0.474133719038481, 0.5197089248030987, 0.7875133261483475]
accuracy_intime_list: [0.7761904761904762, 0.6611111111111112, 0.6373015873015874, 0.6650793650793649, 0.6317460317460318, 0.6444444444444444, 0.5626984126984127, 0.6031746031746031, 0.7492063492063493, 0.6865079365079365, 0.584920634920635, 0.6055555555555555, 0.7317460317460316, 0.6095238095238094, 0.7277777777777777, 0.6873015873015873, 0.6428571428571429, 0.7357142857142858, 0.6587301587301587, 0.6936507936507936, 0.5507936507936508, 0.6452380952380953, 0.6976190476190476, 0.63015873015873, 0.5896825396825397, 0.6595238095238095, 0.6428571428571429, 0.653968253968254, 0.7896825396825398]
f1_score_intime_list: [0.7542149783481052, 0.6355079397726457, 0.6011681129328188, 0.631086880955302, 0.6086917983976807, 0.6101676156087922, 0.5388158192569957, 0.569780390175127, 0.7388153344190496, 0.6500786634532765, 0.5242751452194176, 0.5524257187028084, 0.7017849582478065, 0.5543536239588872, 0.7110566176742648, 0.6703864825691451, 0.6122258102521261, 0.7184487299193183, 0.6204062612653944, 0.6757623743072659, 0.48774056095263524, 0.603871487989135, 0.6586040630622673, 0.5912358619479363, 0.5610238182297006, 0.6324999642027506, 0.6122258102521261, 0.629804499193044, 0.7810853144676674]
**************************************************
ACC: 58.85±7.72
F1: 55.42±8.61
Intime: 66.05±5.92
F1 (Intime): 62.89±6.92
