1e-03
Subject Number: 1
Accuracy Cross: [0.6785714285714286, 0.7023809523809523, 0.7023809523809523, 0.7142857142857143, 0.7261904761904762, 0.6904761904761905, 0.75, 0.8095238095238095, 0.7857142857142857, 0.7380952380952381, 0.6904761904761905, 0.6904761904761905, 0.7142857142857143, 0.6428571428571429, 0.7142857142857143]
 mean: 0.7166666666666666, std: 0.040359308365368635
F1 Score: [0.6525203002910984, 0.6782595373065727, 0.6734566941377702, 0.7005347593582887, 0.7079365079365079, 0.6888888888888889, 0.7456380677721701, 0.8095238095238095, 0.7837528604118993, 0.7356979405034325, 0.671875, 0.6576802507836991, 0.6888888888888889, 0.5906432748538011, 0.6888888888888889]
 mean: 0.6982790446363811, std: 0.052108085536226534
Accuracy Intime: [0.8529411764705882, 0.9117647058823529, 0.9117647058823529, 0.9117647058823529, 0.84375, 0.6176470588235294, 0.8235294117647058, 0.7647058823529411, 0.7941176470588235, 0.90625, 0.7941176470588235, 0.7941176470588235, 0.7647058823529411, 0.9117647058823529, 0.84375]
 mean: 0.8297794117647059, std: 0.07788219188716242
F1 (Intime): [0.8528138528138528, 0.9110723626852659, 0.9116883116883117, 0.9110723626852659, 0.8423645320197044, 0.6091954022988506, 0.8210526315789474, 0.7647058823529411, 0.793939393939394, 0.906158357771261, 0.7850045167118338, 0.7786046511627907, 0.7614035087719297, 0.9110723626852659, 0.8435972629521017]
 mean: 0.8269163594745144, std: 0.08028151928945967
--------------------------------------------------
Subject Number: 2
Accuracy Cross: [0.6904761904761905, 0.8095238095238095, 0.7380952380952381, 0.6190476190476191, 0.6666666666666666, 0.7261904761904762, 0.7380952380952381, 0.8333333333333334, 0.7738095238095238, 0.8571428571428571, 0.7380952380952381, 0.7619047619047619, 0.6428571428571429, 0.6904761904761905, 0.75]
 mean: 0.7357142857142857, std: 0.06494372236659932
F1 Score: [0.6840277777777777, 0.8077803203661327, 0.7375, 0.6047058823529412, 0.625, 0.725216896600768, 0.7282352941176471, 0.8332387975042541, 0.7663592446201142, 0.8570618264322178, 0.7367521367521368, 0.761769710720363, 0.6420454545454546, 0.6888888888888889, 0.7491110795050491]
 mean: 0.7298462206789164, std: 0.07020918429072637
Accuracy Intime: [0.8235294117647058, 0.8235294117647058, 0.7058823529411765, 0.7352941176470589, 0.8125, 0.8529411764705882, 0.7941176470588235, 0.8235294117647058, 0.8529411764705882, 0.6875, 0.7941176470588235, 0.8529411764705882, 0.7058823529411765, 0.7647058823529411, 0.8125]
 mean: 0.7894607843137254, std: 0.054522057446264593
F1 (Intime): [0.8178571428571428, 0.8235294117647058, 0.7048611111111112, 0.7153488372093023, 0.8117647058823529, 0.8528138528138528, 0.793939393939394, 0.8235294117647058, 0.85178727114211, 0.6761133603238867, 0.7925021795989537, 0.8528138528138528, 0.7048611111111112, 0.7647058823529411, 0.8125]
 mean: 0.7865951683123614, std: 0.05729522688699456
--------------------------------------------------
Subject Number: 3
Accuracy Cross: [0.5595238095238095, 0.5357142857142857, 0.5833333333333334, 0.5833333333333334, 0.5833333333333334, 0.6904761904761905, 0.6904761904761905, 0.6428571428571429, 0.7023809523809523, 0.7023809523809523, 0.6547619047619048, 0.6309523809523809, 0.6666666666666666, 0.6904761904761905, 0.6071428571428571]
 mean: 0.6349206349206349, std: 0.054236030359586934
F1 Score: [0.5087719298245614, 0.43817527010804325, 0.5608663181478716, 0.5353247984826932, 0.4957983193277311, 0.6888888888888889, 0.690300623936472, 0.6426545660805445, 0.701322713696487, 0.7020008514261388, 0.6080450522928399, 0.5810136765888978, 0.6370370370370371, 0.662962962962963, 0.5354449472096531]
 mean: 0.5992405304007214, std: 0.08146468328692794
Accuracy Intime: [0.7941176470588235, 0.8529411764705882, 0.7352941176470589, 0.7352941176470589, 0.71875, 0.6176470588235294, 0.6764705882352942, 0.7058823529411765, 0.8235294117647058, 0.8125, 0.6764705882352942, 0.6470588235294118, 0.7647058823529411, 0.6470588235294118, 0.6875]
 mean: 0.7263480392156861, std: 0.06854051741761139
F1 (Intime): [0.7895667550839964, 0.85178727114211, 0.7332170880557978, 0.7350649350649351, 0.694591728525981, 0.6173160173160173, 0.6621499548328816, 0.7048611111111112, 0.8229166666666667, 0.8117647058823529, 0.6739319965126417, 0.6458333333333333, 0.7571428571428571, 0.6458333333333333, 0.6666666666666667]
 mean: 0.7208429613780455, std: 0.0701066259614665
--------------------------------------------------
Subject Number: 4
Accuracy Cross: [0.6785714285714286, 0.5952380952380952, 0.6785714285714286, 0.5952380952380952, 0.6309523809523809, 0.6309523809523809, 0.7857142857142857, 0.75, 0.7261904761904762, 0.6904761904761905, 0.7142857142857143, 0.6785714285714286, 0.7261904761904762, 0.7619047619047619, 0.5714285714285714]
 mean: 0.6809523809523809, std: 0.06287397562012177
F1 Score: [0.6774285307922059, 0.5943181818181817, 0.6785258681785967, 0.595008508224617, 0.6266666666666667, 0.6309000708717222, 0.7846153846153847, 0.7491110795050491, 0.723010752688172, 0.6888888888888889, 0.7136363636363636, 0.6774285307922059, 0.725216896600768, 0.7606837606837606, 0.5704545454545455]
 mean: 0.6797262686278086, std: 0.06280666361303755
Accuracy Intime: [0.8235294117647058, 0.7352941176470589, 0.7647058823529411, 0.8235294117647058, 0.6875, 0.6176470588235294, 0.7941176470588235, 0.7647058823529411, 0.8235294117647058, 0.71875, 0.7352941176470589, 0.8235294117647058, 0.7352941176470589, 0.7352941176470589, 0.59375]
 mean: 0.7450980392156862, std: 0.06895601494654925
F1 (Intime): [0.8178571428571428, 0.7350649350649351, 0.7614035087719297, 0.8229166666666667, 0.6862745098039216, 0.6146469049694856, 0.7925021795989537, 0.7638888888888888, 0.8235294117647058, 0.716256157635468, 0.7350649350649351, 0.8235294117647058, 0.7294429708222812, 0.7235772357723578, 0.5901477832512315]
 mean: 0.7424068428465074, std: 0.0695886770803873
--------------------------------------------------
Subject Number: 5
Accuracy Cross: [0.8095238095238095, 0.8214285714285714, 0.7976190476190477, 0.6904761904761905, 0.7619047619047619, 0.8809523809523809, 0.7142857142857143, 0.7619047619047619, 0.7261904761904762, 0.7261904761904762, 0.8214285714285714, 0.7619047619047619, 0.7738095238095238, 0.8333333333333334, 0.6666666666666666]
 mean: 0.76984126984127, std: 0.056622409465831657
F1 Score: [0.8067855089131685, 0.8212005108556832, 0.7975903614457831, 0.6860264519838988, 0.7619047619047619, 0.879862700228833, 0.7136363636363636, 0.761769710720363, 0.7242757242757243, 0.7261516654854713, 0.8212005108556832, 0.7606837606837606, 0.7735206470838655, 0.8333333333333334, 0.664957264957265]
 mean: 0.7688599517575972, std: 0.05711219997839005
Accuracy Intime: [0.8235294117647058, 0.8529411764705882, 0.8823529411764706, 0.8235294117647058, 0.875, 0.7352941176470589, 0.7647058823529411, 0.7941176470588235, 0.7647058823529411, 0.6875, 0.7058823529411765, 0.8529411764705882, 0.7941176470588235, 0.7941176470588235, 0.8125]
 mean: 0.7975490196078432, std: 0.05626268065876037
F1 (Intime): [0.8235294117647058, 0.85178727114211, 0.880701754385965, 0.8210526315789474, 0.8745098039215686, 0.7294429708222812, 0.7647058823529411, 0.793939393939394, 0.7647058823529411, 0.6862745098039216, 0.7048611111111112, 0.8528138528138528, 0.7786046511627907, 0.7895667550839964, 0.8117647058823529]
 mean: 0.7952173725412587, std: 0.056795389557261676
--------------------------------------------------
Subject Number: 6
Accuracy Cross: [0.5238095238095238, 0.5833333333333334, 0.5238095238095238, 0.6071428571428571, 0.5357142857142857, 0.6190476190476191, 0.6071428571428571, 0.6190476190476191, 0.6071428571428571, 0.5714285714285714, 0.5952380952380952, 0.5595238095238095, 0.6666666666666666, 0.5476190476190477, 0.6071428571428571]
 mean: 0.584920634920635, std: 0.03933178315353607
F1 Score: [0.5213675213675214, 0.5832742735648476, 0.5102040816326531, 0.6002883922134102, 0.5324675324675324, 0.6188315371525808, 0.6057459820793628, 0.6190476190476191, 0.6070871722182849, 0.5652673950546291, 0.5943181818181817, 0.5579576162708006, 0.6636155606407322, 0.5434782608695652, 0.6025806451612903]
 mean: 0.5817021181039341, std: 0.04092256248507329
Accuracy Intime: [0.7058823529411765, 0.7647058823529411, 0.6176470588235294, 0.6470588235294118, 0.75, 0.6470588235294118, 0.6470588235294118, 0.7058823529411765, 0.6764705882352942, 0.75, 0.6176470588235294, 0.6470588235294118, 0.5294117647058824, 0.5294117647058824, 0.6875]
 mean: 0.6615196078431372, std: 0.06866858011242043
F1 (Intime): [0.6964285714285714, 0.7638888888888888, 0.6146469049694856, 0.6421052631578947, 0.746031746031746, 0.6357142857142857, 0.6357142857142857, 0.7017543859649122, 0.6761904761904762, 0.75, 0.6146469049694856, 0.6421052631578947, 0.5294117647058824, 0.5294117647058824, 0.6875]
 mean: 0.6577033670399793, std: 0.06848090327511712
--------------------------------------------------
Subject Number: 7
Accuracy Cross: [0.6309523809523809, 0.6190476190476191, 0.6666666666666666, 0.5833333333333334, 0.6190476190476191, 0.5833333333333334, 0.6547619047619048, 0.5476190476190477, 0.5238095238095238, 0.5952380952380952, 0.5952380952380952, 0.4880952380952381, 0.5833333333333334, 0.5, 0.47619047619047616]
 mean: 0.5777777777777777, std: 0.057153879007583584
F1 Score: [0.6266666666666667, 0.6155606407322655, 0.664957264957265, 0.5804195804195804, 0.6081632653061224, 0.5828011919965943, 0.650752688172043, 0.5305882352941176, 0.5169637722829212, 0.5800000000000001, 0.5915331807780321, 0.4880226789510985, 0.5804195804195804, 0.4928119608970673, 0.475]
 mean: 0.572310713791557, std: 0.057280126078447575
Accuracy Intime: [0.5882352941176471, 0.5882352941176471, 0.6176470588235294, 0.8235294117647058, 0.78125, 0.6764705882352942, 0.6764705882352942, 0.5, 0.6764705882352942, 0.625, 0.5882352941176471, 0.7058823529411765, 0.6470588235294118, 0.6470588235294118, 0.625]
 mean: 0.6511029411764705, std: 0.07694341473778608
F1 (Intime): [0.5824561403508772, 0.5824561403508772, 0.6091954022988506, 0.8178571428571428, 0.7793103448275862, 0.6761904761904762, 0.6693191865605659, 0.49607672188317353, 0.6621499548328816, 0.6235294117647059, 0.5868055555555556, 0.6964285714285714, 0.6470588235294118, 0.6458333333333333, 0.6235294117647059]
 mean: 0.6465464411685811, std: 0.07658692470326722
--------------------------------------------------
Subject Number: 8
Accuracy Cross: [0.7380952380952381, 0.7857142857142857, 0.7857142857142857, 0.8214285714285714, 0.7738095238095238, 0.8095238095238095, 0.8214285714285714, 0.8095238095238095, 0.7619047619047619, 0.7619047619047619, 0.8690476190476191, 0.8095238095238095, 0.8452380952380952, 0.9047619047619048, 0.7976190476190477]
 mean: 0.8063492063492064, std: 0.04180061613417045
F1 Score: [0.7379466817923993, 0.7852272727272727, 0.7837528604118993, 0.8201798201798203, 0.7722277722277722, 0.8067855089131685, 0.8212005108556832, 0.8095238095238095, 0.7569444444444444, 0.761769710720363, 0.8685819940264543, 0.8094157685762904, 0.8434408602150538, 0.9047619047619048, 0.7973605789697744]
 mean: 0.805274633223074, std: 0.04215592845098225
Accuracy Intime: [0.8235294117647058, 0.8823529411764706, 0.9117647058823529, 0.9411764705882353, 0.90625, 0.8823529411764706, 0.8823529411764706, 0.7941176470588235, 0.6470588235294118, 0.875, 0.8529411764705882, 0.8823529411764706, 0.8235294117647058, 0.8235294117647058, 0.90625]
 mean: 0.855637254901961, std: 0.06792643538976344
F1 (Intime): [0.8229166666666667, 0.8819444444444444, 0.9110723626852659, 0.9409722222222222, 0.906158357771261, 0.8819444444444444, 0.8823529411764706, 0.793939393939394, 0.6458333333333333, 0.8745098039215686, 0.85178727114211, 0.880701754385965, 0.8210526315789474, 0.8235294117647058, 0.9054187192118226]
 mean: 0.8549422505792414, std: 0.06811631500223073
--------------------------------------------------
Subject Number: 9
Accuracy Cross: [0.6190476190476191, 0.6666666666666666, 0.6785714285714286, 0.6190476190476191, 0.7142857142857143, 0.6666666666666666, 0.6904761904761905, 0.6309523809523809, 0.7380952380952381, 0.6904761904761905, 0.7023809523809523, 0.7380952380952381, 0.7142857142857143, 0.6666666666666666, 0.75]
 mean: 0.6857142857142856, std: 0.040499526419597066
F1 Score: [0.6135710178263369, 0.664957264957265, 0.6648440963499335, 0.6135710178263369, 0.7101782633697526, 0.6666666666666666, 0.6897727272727273, 0.6309000708717222, 0.7379466817923993, 0.6897727272727273, 0.6825396825396826, 0.7254901960784313, 0.7061224489795919, 0.625, 0.7333333333333334]
 mean: 0.6769777463424606, std: 0.040677895568433736
Accuracy Intime: [0.7941176470588235, 0.7352941176470589, 0.7647058823529411, 0.7647058823529411, 0.75, 0.6470588235294118, 0.6764705882352942, 0.6176470588235294, 0.8823529411764706, 0.75, 0.8235294117647058, 0.9705882352941176, 0.8529411764705882, 1.0, 0.875]
 mean: 0.7936274509803922, std: 0.10578926554402615
F1 (Intime): [0.793939393939394, 0.7235772357723578, 0.7571428571428571, 0.7647058823529411, 0.7490196078431373, 0.6421052631578947, 0.6761904761904762, 0.6091954022988506, 0.8819444444444444, 0.7490196078431373, 0.8235294117647058, 0.970357454228422, 0.8496905393457117, 1.0, 0.8745098039215686]
 mean: 0.79099515868306, std: 0.10767799562641343
--------------------------------------------------
Subject Number: 10
Accuracy Cross: [0.5357142857142857, 0.6071428571428571, 0.5952380952380952, 0.6904761904761905, 0.5833333333333334, 0.6428571428571429, 0.6428571428571429, 0.5714285714285714, 0.5952380952380952, 0.6547619047619048, 0.5833333333333334, 0.6666666666666666, 0.6547619047619048, 0.6309523809523809, 0.5833333333333334]
 mean: 0.6158730158730159, std: 0.041116932847582915
F1 Score: [0.5356484762579731, 0.6025806451612903, 0.5868055555555556, 0.6816326530612244, 0.5731087556265427, 0.6420454545454546, 0.6426545660805445, 0.5711854792966535, 0.5931623931623932, 0.653534347887925, 0.5828011919965943, 0.664957264957265, 0.653534347887925, 0.6304810557684121, 0.5760634462869503]
 mean: 0.6126797089021803, std: 0.041239696627729965
Accuracy Intime: [0.8529411764705882, 0.7352941176470589, 0.6176470588235294, 0.7058823529411765, 0.6875, 0.8823529411764706, 0.6470588235294118, 0.6470588235294118, 0.6176470588235294, 0.65625, 0.5882352941176471, 0.47058823529411764, 0.6176470588235294, 0.5588235294117647, 0.53125]
 mean: 0.6544117647058824, std: 0.10592447078985444
F1 (Intime): [0.8528138528138528, 0.7332170880557978, 0.6173160173160173, 0.7017543859649122, 0.6862745098039216, 0.8823529411764706, 0.6421052631578947, 0.6470588235294118, 0.6173160173160173, 0.6476476476476476, 0.575, 0.4535714285714286, 0.6173160173160173, 0.5584415584415584, 0.5270935960591133]
 mean: 0.6506186098113375, std: 0.1086322246279097
--------------------------------------------------
Subject Number: 11
Accuracy Cross: [0.5476190476190477, 0.5357142857142857, 0.6071428571428571, 0.5476190476190477, 0.6785714285714286, 0.6904761904761905, 0.6666666666666666, 0.7857142857142857, 0.7142857142857143, 0.6428571428571429, 0.6547619047619048, 0.6309523809523809, 0.6785714285714286, 0.6428571428571429, 0.6666666666666666]
 mean: 0.646031746031746, std: 0.06454484321062685
F1 Score: [0.5434782608695652, 0.5351213282247764, 0.5903650066499188, 0.5473624503686898, 0.6763236763236764, 0.690300623936472, 0.6664775950085082, 0.7855927396483267, 0.7128205128205127, 0.641025641025641, 0.654320987654321, 0.6266666666666667, 0.6785258681785967, 0.6377228292121909, 0.6664775950085082]
 mean: 0.6435054521064247, std: 0.06572778044260984
Accuracy Intime: [0.7352941176470589, 0.5882352941176471, 0.7352941176470589, 0.7058823529411765, 0.71875, 0.6470588235294118, 0.6470588235294118, 0.7352941176470589, 0.7058823529411765, 0.65625, 0.5882352941176471, 0.7058823529411765, 0.6764705882352942, 0.5882352941176471, 0.59375]
 mean: 0.6685049019607843, std: 0.05546747872126482
F1 (Intime): [0.7350649350649351, 0.5882352941176471, 0.7332170880557978, 0.7017543859649122, 0.718475073313783, 0.6470588235294118, 0.6470588235294118, 0.7235772357723578, 0.6964285714285714, 0.6559139784946236, 0.5824561403508772, 0.6964285714285714, 0.6739319965126417, 0.575, 0.5901477832512315]
 mean: 0.6643165800543182, std: 0.05561067197130203
--------------------------------------------------
Subject Number: 12
Accuracy Cross: [0.7142857142857143, 0.7023809523809523, 0.7023809523809523, 0.7738095238095238, 0.6904761904761905, 0.7023809523809523, 0.6666666666666666, 0.7261904761904762, 0.75, 0.6428571428571429, 0.7261904761904762, 0.8214285714285714, 0.7976190476190477, 0.7619047619047619, 0.7142857142857143]
 mean: 0.7261904761904763, std: 0.04620929088257028
F1 Score: [0.7128205128205127, 0.6925779534475187, 0.7002997002997002, 0.7682590387686947, 0.6897727272727273, 0.6825396825396826, 0.6466346153846154, 0.71449682281661, 0.7438652533759256, 0.616555082166768, 0.71449682281661, 0.8214032600992204, 0.79408795962509, 0.761769710720363, 0.7061224489795919]
 mean: 0.7177134394089087, std: 0.05175679106069506
Accuracy Intime: [0.6176470588235294, 0.6176470588235294, 0.7352941176470589, 0.7058823529411765, 0.78125, 0.7941176470588235, 0.8823529411764706, 0.9411764705882353, 0.7941176470588235, 0.75, 0.7647058823529411, 0.8235294117647058, 0.7941176470588235, 0.7647058823529411, 0.78125]
 mean: 0.7698529411764705, std: 0.08123308536560792
F1 (Intime): [0.6146469049694856, 0.6173160173160173, 0.7332170880557978, 0.7058823529411765, 0.7793103448275862, 0.793939393939394, 0.8819444444444444, 0.9409722222222222, 0.7925021795989537, 0.746031746031746, 0.7614035087719297, 0.8131868131868132, 0.7850045167118338, 0.7638888888888888, 0.7810361681329423]
 mean: 0.7673521726692821, std: 0.08108958570195324
--------------------------------------------------
Subject Number: 13
Accuracy Cross: [0.6547619047619048, 0.6785714285714286, 0.6904761904761905, 0.6666666666666666, 0.7142857142857143, 0.6071428571428571, 0.7142857142857143, 0.5952380952380952, 0.6666666666666666, 0.7380952380952381, 0.6785714285714286, 0.7142857142857143, 0.7976190476190477, 0.7619047619047619, 0.7738095238095238]
 mean: 0.6968253968253967, std: 0.05513445851732829
F1 Score: [0.650752688172043, 0.6748387096774193, 0.6755793226381461, 0.6659090909090909, 0.7128205128205127, 0.6025806451612903, 0.7136363636363636, 0.5931623931623932, 0.6618746405980449, 0.7375, 0.6679841897233202, 0.7083333333333333, 0.7973605789697744, 0.7597254004576659, 0.7722277722277722]
 mean: 0.6929523760991447, std: 0.056299402088409896
Accuracy Intime: [0.7647058823529411, 0.8235294117647058, 0.7941176470588235, 0.9117647058823529, 0.8125, 0.9117647058823529, 0.7647058823529411, 0.7352941176470589, 0.8529411764705882, 0.6875, 0.8823529411764706, 0.6764705882352942, 0.7647058823529411, 0.7058823529411765, 0.71875]
 mean: 0.7871323529411764, std: 0.07488998563290611
F1 (Intime): [0.7638888888888888, 0.8210526315789474, 0.793939393939394, 0.9110723626852659, 0.8117647058823529, 0.9116883116883117, 0.7647058823529411, 0.7332170880557978, 0.8528138528138528, 0.6825396825396826, 0.8819444444444444, 0.6693191865605659, 0.7638888888888888, 0.6964285714285714, 0.716256157635468]
 mean: 0.7849680032922249, std: 0.07679957131172353
--------------------------------------------------
Subject Number: 14
Accuracy Cross: [0.75, 0.5476190476190477, 0.7380952380952381, 0.6190476190476191, 0.7261904761904762, 0.8452380952380952, 0.7857142857142857, 0.75, 0.7023809523809523, 0.7857142857142857, 0.7261904761904762, 0.7619047619047619, 0.6309523809523809, 0.7023809523809523, 0.75]
 mean: 0.7214285714285714, std: 0.07192946070077585
F1 Score: [0.7496807151979565, 0.5346938775510204, 0.7367521367521368, 0.6188315371525808, 0.7258407833120477, 0.8441558441558441, 0.7826336975273145, 0.7482517482517483, 0.6950776825903877, 0.7852272727272727, 0.7214131218457102, 0.7597254004576659, 0.6296401649836438, 0.701322713696487, 0.7491110795050491]
 mean: 0.7188238517137912, std: 0.07380207531801389
Accuracy Intime: [0.7941176470588235, 0.7941176470588235, 0.7941176470588235, 0.6176470588235294, 0.84375, 0.8235294117647058, 0.7647058823529411, 0.7647058823529411, 0.6176470588235294, 0.6875, 0.7352941176470589, 0.8823529411764706, 0.7352941176470589, 0.7941176470588235, 0.8125]
 mean: 0.764093137254902, std: 0.07313517679589841
F1 (Intime): [0.793939393939394, 0.793939393939394, 0.793939393939394, 0.6146469049694856, 0.8423645320197044, 0.8210526315789474, 0.7638888888888888, 0.7638888888888888, 0.6091954022988506, 0.6875, 0.7294429708222812, 0.8823529411764706, 0.7332170880557978, 0.793939393939394, 0.8117647058823529]
 mean: 0.762338168689283, std: 0.07460732472506688
--------------------------------------------------
**************************************************
accuracy_cross_list: [0.7166666666666666, 0.7357142857142857, 0.6349206349206349, 0.6809523809523809, 0.76984126984127, 0.584920634920635, 0.5777777777777777, 0.8063492063492064, 0.6857142857142856, 0.6158730158730159, 0.646031746031746, 0.7261904761904763, 0.6968253968253967, 0.7214285714285714]
f1_score_list: [0.6982790446363811, 0.7298462206789164, 0.5992405304007214, 0.6797262686278086, 0.7688599517575972, 0.5817021181039341, 0.572310713791557, 0.805274633223074, 0.6769777463424606, 0.6126797089021803, 0.6435054521064247, 0.7177134394089087, 0.6929523760991447, 0.7188238517137912]
accuracy_intime_list: [0.8297794117647059, 0.7894607843137254, 0.7263480392156861, 0.7450980392156862, 0.7975490196078432, 0.6615196078431372, 0.6511029411764705, 0.855637254901961, 0.7936274509803922, 0.6544117647058824, 0.6685049019607843, 0.7698529411764705, 0.7871323529411764, 0.764093137254902]
f1_score_intime_list: [0.8269163594745144, 0.7865951683123614, 0.7208429613780455, 0.7424068428465074, 0.7952173725412587, 0.6577033670399793, 0.6465464411685811, 0.8549422505792414, 0.79099515868306, 0.6506186098113375, 0.6643165800543182, 0.7673521726692821, 0.7849680032922249, 0.762338168689283]
**************************************************
ACC: 68.57±6.49
F1: 67.84±6.71
Intime: 74.96±6.50
F1 (Intime): 74.66±6.59
