1e-03
Subject Number: 1
Accuracy Cross: [0.29523809523809524, 0.30952380952380953, 0.3142857142857143, 0.2857142857142857, 0.2619047619047619, 0.3142857142857143, 0.29523809523809524, 0.3142857142857143, 0.2904761904761905, 0.2761904761904762, 0.3, 0.30952380952380953, 0.2857142857142857, 0.2714285714285714, 0.29523809523809524]
 mean: 0.2946031746031746, std: 0.015828509031514806
F1 Score: [0.23535889780292552, 0.24195419014541644, 0.25863075742865715, 0.21874460759010841, 0.18241129501019945, 0.3163857111937216, 0.2997990297990298, 0.31761889334805515, 0.29308402752459706, 0.27703668545595056, 0.3054367823044607, 0.31947345393673077, 0.2915407783086527, 0.2754438667206018, 0.3013816661385418]
 mean: 0.27562004284717656, std: 0.039168317961527435
Accuracy Intime: [0.36904761904761907, 0.40476190476190477, 0.4523809523809524, 0.39285714285714285, 0.4523809523809524, 0.3333333333333333, 0.36904761904761907, 0.40476190476190477, 0.32142857142857145, 0.32142857142857145, 0.35714285714285715, 0.35714285714285715, 0.36904761904761907, 0.3333333333333333, 0.34523809523809523]
 mean: 0.3722222222222222, std: 0.040654757063065705
F1 (Intime): [0.35795535310126575, 0.37935512763098966, 0.42202492031295274, 0.39242838573600825, 0.44536729036729045, 0.32303716954879746, 0.3504373102845089, 0.4014473684210526, 0.33449427584370484, 0.32056466416353774, 0.3541849816849817, 0.3505316988075609, 0.3462319796525054, 0.32793340795726794, 0.33623878243997085]
 mean: 0.3628155143968263, std: 0.03627056764879855
--------------------------------------------------
Subject Number: 2
Accuracy Cross: [0.3, 0.2714285714285714, 0.3047619047619048, 0.29523809523809524, 0.3, 0.3142857142857143, 0.3047619047619048, 0.28095238095238095, 0.3333333333333333, 0.2904761904761905, 0.28095238095238095, 0.3, 0.2571428571428571, 0.24285714285714285, 0.319047619047619]
 mean: 0.293015873015873, std: 0.022728917231325398
F1 Score: [0.26227301504000533, 0.24191041599108654, 0.26629080293611096, 0.24422191134224808, 0.24151300705647016, 0.327692239785384, 0.31267962532149646, 0.28071795493843704, 0.3360641773154495, 0.29993030870357695, 0.29336703048408036, 0.30675769258228025, 0.26577796164487394, 0.2522429378471265, 0.32128949765718834]
 mean: 0.2835152385763876, std: 0.03160653793828296
Accuracy Intime: [0.4642857142857143, 0.27380952380952384, 0.35714285714285715, 0.3333333333333333, 0.3333333333333333, 0.40476190476190477, 0.20238095238095238, 0.30952380952380953, 0.2976190476190476, 0.3333333333333333, 0.40476190476190477, 0.36904761904761907, 0.38095238095238093, 0.4642857142857143, 0.34523809523809523]
 mean: 0.3515873015873016, std: 0.06647743362340294
F1 (Intime): [0.470622252374595, 0.2877131524190348, 0.36755605643697675, 0.3280795571817243, 0.2915073331044293, 0.3958459863231315, 0.19221141088014154, 0.3133089133089133, 0.2863184192595957, 0.2796307013917597, 0.39567710368179193, 0.37497889993562694, 0.3851381951381951, 0.4593295686651448, 0.3308884450214721]
 mean: 0.3439203996748355, std: 0.07104028071031206
--------------------------------------------------
Subject Number: 3
Accuracy Cross: [0.24285714285714285, 0.23333333333333334, 0.2571428571428571, 0.2523809523809524, 0.23333333333333334, 0.2714285714285714, 0.2571428571428571, 0.2714285714285714, 0.30952380952380953, 0.26666666666666666, 0.22857142857142856, 0.24285714285714285, 0.3142857142857143, 0.21904761904761905, 0.24761904761904763]
 mean: 0.25650793650793646, std: 0.026362589831145006
F1 Score: [0.18322344322344322, 0.15912239709457393, 0.21201073171612492, 0.2083861843470686, 0.13372675863359093, 0.27580697679630994, 0.25811587611238074, 0.27193716256207745, 0.302879661292949, 0.27063382111202255, 0.2226206344063983, 0.2421686250257679, 0.3005130568671061, 0.21586064475925554, 0.2310641440773571]
 mean: 0.23253800786842843, std: 0.0477214846768887
Accuracy Intime: [0.32142857142857145, 0.32142857142857145, 0.30952380952380953, 0.32142857142857145, 0.2857142857142857, 0.30952380952380953, 0.2857142857142857, 0.27380952380952384, 0.3333333333333333, 0.30952380952380953, 0.30952380952380953, 0.34523809523809523, 0.35714285714285715, 0.36904761904761907, 0.32142857142857145]
 mean: 0.31825396825396823, std: 0.025147586536118826
F1 (Intime): [0.3274920634920635, 0.3365442341485899, 0.29651026392961877, 0.3147150997150997, 0.25100893997445717, 0.27697175490044756, 0.28807296658360493, 0.2663032258569784, 0.3302391420812473, 0.28254047150598877, 0.298453769630864, 0.35013322402131586, 0.35323236132059666, 0.3555046444701617, 0.2984999778103226]
 mean: 0.3084148092960905, std: 0.03174659486464481
--------------------------------------------------
Subject Number: 4
Accuracy Cross: [0.3, 0.24285714285714285, 0.24761904761904763, 0.22380952380952382, 0.23333333333333334, 0.2761904761904762, 0.2904761904761905, 0.2857142857142857, 0.319047619047619, 0.29523809523809524, 0.3333333333333333, 0.20952380952380953, 0.32857142857142857, 0.2714285714285714, 0.30952380952380953]
 mean: 0.27777777777777773, std: 0.03752214429737748
F1 Score: [0.29384390463337834, 0.24268774703557314, 0.24676575573653703, 0.22430660689230572, 0.23291806958473624, 0.2603928095028529, 0.2914796570798936, 0.2885598165336807, 0.3210853239402192, 0.28216812729436314, 0.33200992555831266, 0.20509034881535165, 0.2926769774704026, 0.26699691447181734, 0.3001235836987905]
 mean: 0.27207370454988095, std: 0.035021778991439635
Accuracy Intime: [0.30952380952380953, 0.2857142857142857, 0.32142857142857145, 0.2976190476190476, 0.25, 0.2619047619047619, 0.32142857142857145, 0.2976190476190476, 0.34523809523809523, 0.3333333333333333, 0.2619047619047619, 0.27380952380952384, 0.35714285714285715, 0.32142857142857145, 0.36904761904761907]
 mean: 0.30714285714285716, std: 0.03483033056744713
F1 (Intime): [0.3080272073375522, 0.2902059787059787, 0.3197104923474092, 0.26489124732964864, 0.2557741494693664, 0.2518023123867394, 0.3203921568627451, 0.29230769230769227, 0.343328766554573, 0.3276482925676474, 0.2578879202408614, 0.26974313612084505, 0.3527538543328017, 0.3200840336134454, 0.37232640989446797]
 mean: 0.30312557667145157, std: 0.03663974652740856
--------------------------------------------------
Subject Number: 5
Accuracy Cross: [0.32857142857142857, 0.29523809523809524, 0.3761904761904762, 0.3619047619047619, 0.319047619047619, 0.2904761904761905, 0.2619047619047619, 0.319047619047619, 0.30952380952380953, 0.3, 0.28095238095238095, 0.32857142857142857, 0.3, 0.23333333333333334, 0.29523809523809524]
 mean: 0.30666666666666664, std: 0.03446162982885564
F1 Score: [0.28045656960612975, 0.24912379069344234, 0.3316596113971691, 0.30767089784773877, 0.2547619712763863, 0.2962393648640271, 0.2779853908457248, 0.32407395648142023, 0.3170388035362047, 0.3069367968063198, 0.29686361129249855, 0.3414878354643349, 0.31059496059496056, 0.2422792280330423, 0.3119896455745512]
 mean: 0.29661082895426344, std: 0.029030145862782845
Accuracy Intime: [0.35714285714285715, 0.42857142857142855, 0.4523809523809524, 0.4166666666666667, 0.44047619047619047, 0.39285714285714285, 0.38095238095238093, 0.34523809523809523, 0.34523809523809523, 0.30952380952380953, 0.2976190476190476, 0.39285714285714285, 0.40476190476190477, 0.3333333333333333, 0.36904761904761907]
 mean: 0.3777777777777777, std: 0.045063712909772666
F1 (Intime): [0.3320559417261067, 0.4231267824734249, 0.45209133945976054, 0.4293079680176454, 0.44747411548170557, 0.3861559139784946, 0.3749804634362356, 0.3496826965305226, 0.3420238095238095, 0.30561401491192763, 0.28526044761338876, 0.39369602335770704, 0.4136936239375264, 0.3125406979768034, 0.346969696969697]
 mean: 0.3729782356929837, std: 0.05131474505065021
--------------------------------------------------
Subject Number: 6
Accuracy Cross: [0.2, 0.21428571428571427, 0.23333333333333334, 0.2523809523809524, 0.23333333333333334, 0.2619047619047619, 0.2523809523809524, 0.2523809523809524, 0.18095238095238095, 0.2571428571428571, 0.30952380952380953, 0.20952380952380953, 0.2761904761904762, 0.23809523809523808, 0.2571428571428571]
 mean: 0.24190476190476187, std: 0.030968249900335743
F1 Score: [0.1900889539720007, 0.21264373790753416, 0.23509238316976502, 0.25125704859533066, 0.2299354639935544, 0.2582085025664587, 0.2515888723954038, 0.24625745950554134, 0.1774014378936128, 0.24828233770438723, 0.3085395277932001, 0.21258721468391983, 0.26613786537424167, 0.22886062549201064, 0.2566722813808559]
 mean: 0.23823691416185447, std: 0.031060695396325458
Accuracy Intime: [0.34523809523809523, 0.30952380952380953, 0.23809523809523808, 0.3333333333333333, 0.30952380952380953, 0.23809523809523808, 0.35714285714285715, 0.2261904761904762, 0.25, 0.27380952380952384, 0.27380952380952384, 0.2976190476190476, 0.2261904761904762, 0.30952380952380953, 0.2857142857142857]
 mean: 0.2849206349206349, std: 0.041573970964154904
F1 (Intime): [0.34181689078240807, 0.3059804327024441, 0.23448821892844665, 0.32945720945720947, 0.2876190862532326, 0.24328007694321138, 0.34277124183006535, 0.20288560173354617, 0.24555036785512163, 0.26465159764615304, 0.27041083099906627, 0.2981637445486166, 0.21635488978199974, 0.3076660285193752, 0.2807515858461353]
 mean: 0.2781231869218021, std: 0.04235955078959015
--------------------------------------------------
Subject Number: 7
Accuracy Cross: [0.22857142857142856, 0.23333333333333334, 0.2619047619047619, 0.2, 0.19047619047619047, 0.20952380952380953, 0.19047619047619047, 0.20952380952380953, 0.20952380952380953, 0.16666666666666666, 0.24761904761904763, 0.2, 0.21428571428571427, 0.19047619047619047, 0.21904761904761905]
 mean: 0.21142857142857144, std: 0.023509217246442695
F1 Score: [0.21626404531244098, 0.23088877330147736, 0.2475506601479304, 0.1968156042904967, 0.1681979872432749, 0.20727763350105502, 0.19396561924996442, 0.21286918869063692, 0.21058693438482692, 0.16774213530782447, 0.2475624137033557, 0.19822207480753182, 0.20869519566178832, 0.19092750386868035, 0.21833483377752425]
 mean: 0.2077267068832539, std: 0.022763644786852225
Accuracy Intime: [0.23809523809523808, 0.2619047619047619, 0.25, 0.2857142857142857, 0.2976190476190476, 0.27380952380952384, 0.2857142857142857, 0.21428571428571427, 0.27380952380952384, 0.16666666666666666, 0.25, 0.25, 0.25, 0.25, 0.2619047619047619]
 mean: 0.2539682539682539, std: 0.03094220426923481
F1 (Intime): [0.2294372294372294, 0.2300473152616767, 0.24985569028672475, 0.27635531135531133, 0.3005202529568037, 0.25407190022010273, 0.2802178104503686, 0.20641433288492114, 0.2617047721412048, 0.16828784359272161, 0.23286282682834408, 0.2438190886110542, 0.2234452619002704, 0.2516870704162527, 0.2622633228840125]
 mean: 0.24473266861513324, std: 0.031075440975102394
--------------------------------------------------
Subject Number: 8
Accuracy Cross: [0.40476190476190477, 0.34285714285714286, 0.3619047619047619, 0.3238095238095238, 0.3380952380952381, 0.34285714285714286, 0.29523809523809524, 0.3, 0.32857142857142857, 0.3333333333333333, 0.2571428571428571, 0.2857142857142857, 0.2904761904761905, 0.3476190476190476, 0.26666666666666666]
 mean: 0.32126984126984126, std: 0.03757045954719013
F1 Score: [0.3778885354070932, 0.31880319196115625, 0.3371308696879133, 0.31089290675691206, 0.317015762015762, 0.35607739972187247, 0.3055061409894084, 0.31215039950421486, 0.341137413441135, 0.3483620954280348, 0.26841855094444234, 0.29127237285132024, 0.29521242614586984, 0.3364876593115506, 0.269046294240469]
 mean: 0.31902680122714355, std: 0.03001838838776735
Accuracy Intime: [0.3333333333333333, 0.40476190476190477, 0.38095238095238093, 0.36904761904761907, 0.38095238095238093, 0.36904761904761907, 0.34523809523809523, 0.38095238095238093, 0.2857142857142857, 0.40476190476190477, 0.3333333333333333, 0.4523809523809524, 0.30952380952380953, 0.35714285714285715, 0.36904761904761907]
 mean: 0.36507936507936506, std: 0.039523490787265816
F1 (Intime): [0.32502497754312637, 0.3770678386297048, 0.3896797062314304, 0.35463045084996303, 0.37204618432738945, 0.3286553945249597, 0.32932658443494356, 0.3767213806658719, 0.28079770928335035, 0.3847592560918597, 0.31188755369789856, 0.4582380048793711, 0.3167532174001695, 0.31453665382236806, 0.3755942588751401]
 mean: 0.3530479447505031, std: 0.042488657122553924
--------------------------------------------------
Subject Number: 9
Accuracy Cross: [0.22857142857142856, 0.23333333333333334, 0.2619047619047619, 0.20952380952380953, 0.24761904761904763, 0.23333333333333334, 0.2571428571428571, 0.20476190476190476, 0.24761904761904763, 0.21428571428571427, 0.22857142857142856, 0.319047619047619, 0.2904761904761905, 0.29523809523809524, 0.26666666666666666]
 mean: 0.2492063492063492, std: 0.03199899217359785
F1 Score: [0.21387272150239403, 0.22759478704483463, 0.24613103291792388, 0.19237983398880987, 0.22262653009640965, 0.23242076437757708, 0.25824124005310184, 0.20401466629536805, 0.24389679472020548, 0.20687055385289171, 0.22753351664287585, 0.32565666913235825, 0.2988668069519133, 0.3054987530693074, 0.273239422821986]
 mean: 0.2452562728978638, std: 0.03845326797801193
Accuracy Intime: [0.30952380952380953, 0.36904761904761907, 0.38095238095238093, 0.2976190476190476, 0.35714285714285715, 0.30952380952380953, 0.32142857142857145, 0.25, 0.34523809523809523, 0.2857142857142857, 0.32142857142857145, 0.39285714285714285, 0.2857142857142857, 0.32142857142857145, 0.32142857142857145]
 mean: 0.32460317460317456, std: 0.037512070787607855
F1 (Intime): [0.3238826147542689, 0.35946168329976425, 0.3996428571428571, 0.2758263305322129, 0.3500298128602264, 0.2986428750044654, 0.3254915019620902, 0.2599586017104966, 0.3344589123536492, 0.28889617944064405, 0.3205888319698244, 0.38968994968994974, 0.291470893970894, 0.3414779624291741, 0.3253801169590643]
 mean: 0.3256599416053055, std: 0.038049807192386716
--------------------------------------------------
Subject Number: 10
Accuracy Cross: [0.23333333333333334, 0.2619047619047619, 0.26666666666666666, 0.23809523809523808, 0.24761904761904763, 0.21904761904761905, 0.21904761904761905, 0.2761904761904762, 0.24761904761904763, 0.21428571428571427, 0.21904761904761905, 0.2619047619047619, 0.22857142857142856, 0.21904761904761905, 0.23333333333333334]
 mean: 0.2390476190476191, std: 0.019533485794177987
F1 Score: [0.2283511174815523, 0.2617823807697225, 0.2611290313974668, 0.22952533390139998, 0.2401454258778292, 0.21104120526114573, 0.2160939090006336, 0.267924825902354, 0.245352662263504, 0.21043450057554497, 0.21225207597549095, 0.25987608161521203, 0.22221348310515907, 0.21726011873757284, 0.23549888623319187]
 mean: 0.23459206920651862, std: 0.019729952757744088
Accuracy Intime: [0.35714285714285715, 0.2857142857142857, 0.30952380952380953, 0.19047619047619047, 0.2619047619047619, 0.30952380952380953, 0.27380952380952384, 0.36904761904761907, 0.2619047619047619, 0.32142857142857145, 0.30952380952380953, 0.27380952380952384, 0.39285714285714285, 0.25, 0.21428571428571427]
 mean: 0.292063492063492, std: 0.053393295846203684
F1 (Intime): [0.3527911175788935, 0.28577709871827517, 0.3017976141505553, 0.19116259116259116, 0.2595994012737948, 0.3029814680069349, 0.2760407949048923, 0.36586162920452736, 0.26662796697626423, 0.3192872463289886, 0.3041913502989848, 0.267985347985348, 0.37879417879417876, 0.23824175824175825, 0.2042242703533026]
 mean: 0.2876909222652859, std: 0.05218044944260113
--------------------------------------------------
Subject Number: 11
Accuracy Cross: [0.19047619047619047, 0.24285714285714285, 0.20952380952380953, 0.21428571428571427, 0.2904761904761905, 0.23333333333333334, 0.28095238095238095, 0.28095238095238095, 0.2619047619047619, 0.28095238095238095, 0.28095238095238095, 0.3, 0.2904761904761905, 0.29523809523809524, 0.2857142857142857]
 mean: 0.2625396825396825, std: 0.034156133730318144
F1 Score: [0.1817051467051467, 0.2372957502366048, 0.20301125799732392, 0.2040614615231537, 0.2809389308145419, 0.2366086125498447, 0.28614956597935326, 0.28230107226054074, 0.2625887269599899, 0.2834030822416179, 0.28375034773634855, 0.30150152316818984, 0.28934132269977103, 0.293039290150548, 0.2876508969519881]
 mean: 0.26088979919833083, std: 0.03717992500455435
Accuracy Intime: [0.4166666666666667, 0.32142857142857145, 0.2619047619047619, 0.40476190476190477, 0.40476190476190477, 0.19047619047619047, 0.23809523809523808, 0.3333333333333333, 0.2976190476190476, 0.30952380952380953, 0.2261904761904762, 0.3333333333333333, 0.2976190476190476, 0.23809523809523808, 0.30952380952380953]
 mean: 0.3055555555555555, std: 0.06559032860760122
F1 (Intime): [0.4096185005841352, 0.322434875066454, 0.2602226693187838, 0.39505050505050504, 0.40436974789915964, 0.16994462901439644, 0.23623015873015873, 0.3333025625245739, 0.29383352279904, 0.30191569183504663, 0.22279354985237337, 0.3291799491799492, 0.2791078270388615, 0.22972972972972974, 0.3015971752685749]
 mean: 0.29928873959278274, std: 0.06749954470419829
--------------------------------------------------
Subject Number: 12
Accuracy Cross: [0.26666666666666666, 0.24761904761904763, 0.3333333333333333, 0.37142857142857144, 0.2714285714285714, 0.28095238095238095, 0.28095238095238095, 0.3047619047619048, 0.3238095238095238, 0.2714285714285714, 0.2523809523809524, 0.2571428571428571, 0.23809523809523808, 0.2761904761904762, 0.23809523809523808]
 mean: 0.2809523809523809, std: 0.03643194299160578
F1 Score: [0.28283660851592307, 0.2550911225627804, 0.33577269927712405, 0.3798677181017334, 0.2886918286214829, 0.22415283641090095, 0.21788463823129206, 0.2622838674627329, 0.27054502839399863, 0.22297990150079422, 0.26203089607841035, 0.2734443966827775, 0.2464148053799148, 0.2826411438531037, 0.24708346449072754]
 mean: 0.2701147303709131, std: 0.041262170226825594
Accuracy Intime: [0.2976190476190476, 0.2619047619047619, 0.32142857142857145, 0.35714285714285715, 0.3333333333333333, 0.38095238095238093, 0.30952380952380953, 0.34523809523809523, 0.38095238095238093, 0.39285714285714285, 0.2619047619047619, 0.30952380952380953, 0.2976190476190476, 0.2857142857142857, 0.40476190476190477]
 mean: 0.32936507936507936, std: 0.04468472463574364
F1 (Intime): [0.2963374943352696, 0.2416588745748228, 0.2934909688013136, 0.3429246823956443, 0.32426642506429737, 0.35247599398515156, 0.2948914764874018, 0.36142571142571145, 0.36233100233100235, 0.3707001051394644, 0.2742134370617343, 0.2812974465148378, 0.2917470580628475, 0.28789859186918015, 0.40431905259491474]
 mean: 0.31866522137623965, std: 0.0433692323027568
--------------------------------------------------
Subject Number: 13
Accuracy Cross: [0.319047619047619, 0.20476190476190476, 0.2857142857142857, 0.22857142857142856, 0.24761904761904763, 0.23333333333333334, 0.23809523809523808, 0.18571428571428572, 0.2523809523809524, 0.2571428571428571, 0.22380952380952382, 0.2523809523809524, 0.23809523809523808, 0.24761904761904763, 0.22857142857142856]
 mean: 0.24285714285714285, std: 0.03021715310296074
F1 Score: [0.3108523360697274, 0.18746541256775684, 0.28578121354969543, 0.21728416735393896, 0.23861874018265108, 0.22984501984501984, 0.23630410248683092, 0.18505539492657572, 0.25075386687105067, 0.26009643168796914, 0.21303080777291408, 0.2412424740010947, 0.2304343052323737, 0.22961428887159818, 0.20284072830606847]
 mean: 0.23461461931501768, std: 0.032581181842845884
Accuracy Intime: [0.30952380952380953, 0.32142857142857145, 0.3333333333333333, 0.39285714285714285, 0.34523809523809523, 0.27380952380952384, 0.34523809523809523, 0.27380952380952384, 0.35714285714285715, 0.27380952380952384, 0.2261904761904762, 0.35714285714285715, 0.27380952380952384, 0.2976190476190476, 0.25]
 mean: 0.30873015873015874, std: 0.04506371290977266
F1 (Intime): [0.2644885540423066, 0.28791761491294077, 0.32158852025600104, 0.38127055215961586, 0.33763338429272716, 0.25969637371389565, 0.35039426523297496, 0.254409479470708, 0.3292081059037581, 0.2610071796946102, 0.224306070776659, 0.35681870012304795, 0.2364396124899665, 0.2996172407219753, 0.2301535645144306]
 mean: 0.29299661455370785, std: 0.04875183210539744
--------------------------------------------------
Subject Number: 14
Accuracy Cross: [0.2714285714285714, 0.2761904761904762, 0.34285714285714286, 0.3238095238095238, 0.22380952380952382, 0.3333333333333333, 0.3047619047619048, 0.3333333333333333, 0.319047619047619, 0.3047619047619048, 0.2857142857142857, 0.2857142857142857, 0.2857142857142857, 0.2761904761904762, 0.3380952380952381]
 mean: 0.30031746031746026, std: 0.031465426522828875
F1 Score: [0.28964046405945365, 0.2954764921186389, 0.35789149907575374, 0.33373256639051446, 0.23011343660901354, 0.32140079528314824, 0.300503430455315, 0.3180858357328945, 0.31591875097847166, 0.29506003333615843, 0.26531715912171316, 0.25512892904197254, 0.2656331618269693, 0.26455486542443063, 0.31022578479100216]
 mean: 0.29457888028303003, std: 0.03253907248348236
Accuracy Intime: [0.38095238095238093, 0.40476190476190477, 0.34523809523809523, 0.3333333333333333, 0.32142857142857145, 0.39285714285714285, 0.39285714285714285, 0.2976190476190476, 0.2976190476190476, 0.2857142857142857, 0.38095238095238093, 0.47619047619047616, 0.42857142857142855, 0.38095238095238093, 0.4166666666666667]
 mean: 0.369047619047619, std: 0.052525054310394594
F1 (Intime): [0.36787675898149363, 0.41007901918145323, 0.34843948166528815, 0.3223039923039923, 0.3237439785826883, 0.3996245421245421, 0.38298574988230155, 0.29820723180614933, 0.27584712358460967, 0.2701190476190476, 0.3862238483910311, 0.457536555585336, 0.43444824309416397, 0.36459887202744345, 0.3963383838383838]
 mean: 0.36255818857786165, std: 0.05385365740746818
--------------------------------------------------
**************************************************
accuracy_cross_list: [0.2946031746031746, 0.293015873015873, 0.25650793650793646, 0.27777777777777773, 0.30666666666666664, 0.24190476190476187, 0.21142857142857144, 0.32126984126984126, 0.2492063492063492, 0.2390476190476191, 0.2625396825396825, 0.2809523809523809, 0.24285714285714285, 0.30031746031746026]
f1_score_list: [0.27562004284717656, 0.2835152385763876, 0.23253800786842843, 0.27207370454988095, 0.29661082895426344, 0.23823691416185447, 0.2077267068832539, 0.31902680122714355, 0.2452562728978638, 0.23459206920651862, 0.26088979919833083, 0.2701147303709131, 0.23461461931501768, 0.29457888028303003]
accuracy_intime_list: [0.3722222222222222, 0.3515873015873016, 0.31825396825396823, 0.30714285714285716, 0.3777777777777777, 0.2849206349206349, 0.2539682539682539, 0.36507936507936506, 0.32460317460317456, 0.292063492063492, 0.3055555555555555, 0.32936507936507936, 0.30873015873015874, 0.369047619047619]
f1_score_intime_list: [0.3628155143968263, 0.3439203996748355, 0.3084148092960905, 0.30312557667145157, 0.3729782356929837, 0.2781231869218021, 0.24473266861513324, 0.3530479447505031, 0.3256599416053055, 0.2876909222652859, 0.29928873959278274, 0.31866522137623965, 0.29299661455370785, 0.36255818857786165]
**************************************************
ACC: 26.99±3.02
F1: 26.18±2.99
Intime: 32.57±3.59
F1 (Intime): 31.81±3.60
