1e-05
Subject Number: 1
Accuracy Cross: [0.78125, 0.6875, 0.8125, 0.71875, 0.78125, 0.8181818181818182, 0.8181818181818182, 0.7575757575757576, 0.7575757575757576, 0.7878787878787878, 0.90625, 0.875, 1.0, 0.84375, 0.875]
 mean: 0.8147095959595961, std: 0.075600900699751
F1 Score: [0.7624602332979851, 0.6536796536796536, 0.8056680161943319, 0.681063122923588, 0.7624602332979851, 0.8035714285714286, 0.8035714285714286, 0.7461538461538462, 0.7272727272727273, 0.7664307381193125, 0.9039039039039038, 0.8704453441295547, 1.0, 0.8303287380699894, 0.8704453441295547]
 mean: 0.7991636505543528, std: 0.08539232732661986
Accuracy Intime: [0.9285714285714286, 0.8571428571428571, 0.75, 0.75, 0.75, 0.9285714285714286, 0.9285714285714286, 0.9166666666666666, 0.75, 1.0, 1.0, 0.7857142857142857, 0.9166666666666666, 0.6666666666666666, 0.75]
 mean: 0.8452380952380952, std: 0.10323563518418477
F1 (Intime): [0.9282051282051282, 0.8444444444444444, 0.7482517482517483, 0.7482517482517483, 0.7482517482517483, 0.9251336898395721, 0.9251336898395721, 0.9111111111111111, 0.7333333333333334, 1.0, 1.0, 0.7543859649122806, 0.9111111111111111, 0.625, 0.7482517482517483]
 mean: 0.8367243643869031, std: 0.11016700323103157
--------------------------------------------------
Subject Number: 2
Accuracy Cross: [0.6363636363636364, 0.8181818181818182, 0.7272727272727273, 0.696969696969697, 0.7272727272727273, 0.5625, 0.5625, 0.71875, 0.6875, 0.6875, 0.7272727272727273, 0.6060606060606061, 0.6666666666666666, 0.6363636363636364, 0.7272727272727273]
 mean: 0.6792297979797979, std: 0.06682902015138671
F1 Score: [0.6192307692307693, 0.8139097744360901, 0.7102439024390244, 0.6590909090909091, 0.7102439024390244, 0.5151515151515151, 0.5151515151515151, 0.7117117117117118, 0.6363636363636364, 0.6666666666666667, 0.7262672811059908, 0.5925925925925926, 0.6666666666666666, 0.6192307692307693, 0.7262672811059908]
 mean: 0.6592525928921915, std: 0.07774493516821876
Accuracy Intime: [0.5714285714285714, 0.8571428571428571, 0.6666666666666666, 0.5, 0.5, 0.7142857142857143, 0.8571428571428571, 0.5714285714285714, 0.5, 0.5, 0.8571428571428571, 0.5714285714285714, 0.4166666666666667, 0.5833333333333334, 0.4166666666666667]
 mean: 0.6055555555555555, std: 0.147277296847792
F1 (Intime): [0.5714285714285714, 0.8541666666666667, 0.5555555555555556, 0.4857142857142857, 0.5, 0.6888888888888889, 0.8444444444444444, 0.5714285714285714, 0.4857142857142857, 0.3333333333333333, 0.8444444444444444, 0.5625, 0.37777777777777777, 0.5555555555555556, 0.37777777777777777]
 mean: 0.5739153439153438, std: 0.16223244129759695
--------------------------------------------------
Subject Number: 3
Accuracy Cross: [0.59375, 0.5625, 0.625, 0.6875, 0.5, 0.5757575757575758, 0.5151515151515151, 0.6363636363636364, 0.6060606060606061, 0.5454545454545454, 0.5454545454545454, 0.6060606060606061, 0.45454545454545453, 0.5757575757575758, 0.48484848484848486]
 mean: 0.5676136363636364, std: 0.060072819867796175
F1 Score: [0.5933528836754643, 0.5555555555555556, 0.6190476190476191, 0.6761133603238867, 0.4980392156862745, 0.5657894736842105, 0.5111111111111111, 0.6333333333333333, 0.4849939975990396, 0.5170731707317073, 0.543778801843318, 0.6001863932898416, 0.4288461538461539, 0.5227272727272727, 0.4771668219944082]
 mean: 0.548474344296613, std: 0.06457432829386471
Accuracy Intime: [0.42857142857142855, 0.5, 0.8571428571428571, 0.6666666666666666, 0.6666666666666666, 0.42857142857142855, 0.21428571428571427, 0.6666666666666666, 0.25, 0.6666666666666666, 0.7857142857142857, 0.7142857142857143, 0.75, 0.75, 0.8333333333333334]
 mean: 0.611904761904762, std: 0.19473415411409892
F1 (Intime): [0.41666666666666663, 0.49743589743589745, 0.8541666666666667, 0.6571428571428571, 0.6666666666666666, 0.42857142857142855, 0.21025641025641026, 0.625, 0.2, 0.6666666666666666, 0.7846153846153847, 0.7142857142857143, 0.7482517482517483, 0.7482517482517483, 0.8285714285714285]
 mean: 0.6031032856032856, std: 0.2009974933893398
--------------------------------------------------
Subject Number: 4
Accuracy Cross: [0.696969696969697, 0.8181818181818182, 0.7575757575757576, 0.7878787878787878, 0.696969696969697, 0.7272727272727273, 0.7878787878787878, 0.7878787878787878, 0.6363636363636364, 0.7272727272727273, 0.6666666666666666, 0.5757575757575758, 0.7878787878787878, 0.7272727272727273, 0.7878787878787878]
 mean: 0.7313131313131312, std: 0.06533721870220698
F1 Score: [0.6726190476190477, 0.8096153846153846, 0.7272727272727273, 0.7664307381193125, 0.6590909090909091, 0.717948717948718, 0.7806267806267806, 0.7806267806267806, 0.5909090909090909, 0.717948717948718, 0.6666666666666666, 0.5722222222222222, 0.7878787878787878, 0.7262672811059908, 0.7878787878787878]
 mean: 0.7176001760353281, std: 0.0702705503873041
Accuracy Intime: [0.7142857142857143, 0.9285714285714286, 0.6428571428571429, 0.5833333333333334, 0.4166666666666667, 0.9285714285714286, 0.9285714285714286, 0.7857142857142857, 0.4166666666666667, 0.5833333333333334, 0.8571428571428571, 1.0, 0.9285714285714286, 0.9166666666666666, 0.75]
 mean: 0.7587301587301586, std: 0.1861851309805279
F1 (Intime): [0.6888888888888889, 0.9282051282051282, 0.5238095238095237, 0.4957983193277311, 0.37777777777777777, 0.9282051282051282, 0.9282051282051282, 0.7846153846153847, 0.29411764705882354, 0.5804195804195804, 0.8541666666666667, 1.0, 0.9251336898395721, 0.916083916083916, 0.7333333333333334]
 mean: 0.7305840074957725, std: 0.21868541793731322
--------------------------------------------------
Subject Number: 5
Accuracy Cross: [0.4375, 0.5625, 0.59375, 0.5625, 0.5625, 0.5, 0.46875, 0.40625, 0.625, 0.59375, 0.59375, 0.4375, 0.46875, 0.5625, 0.5625]
 mean: 0.5291666666666667, std: 0.06699139662838968
F1 Score: [0.4285714285714286, 0.5465587044534412, 0.5835835835835836, 0.5625, 0.5607843137254902, 0.4458874458874459, 0.39756367663344405, 0.3913913913913914, 0.611336032388664, 0.5901477832512315, 0.5901477832512315, 0.4, 0.4420512820512821, 0.5625, 0.5333333333333333]
 mean: 0.5097571172347979, std: 0.07860046796641047
Accuracy Intime: [0.7857142857142857, 0.9285714285714286, 0.5833333333333334, 0.5, 0.75, 0.9285714285714286, 0.6428571428571429, 0.9166666666666666, 0.5833333333333334, 0.5, 0.7857142857142857, 0.7142857142857143, 0.75, 0.5, 0.6666666666666666]
 mean: 0.7023809523809523, std: 0.14670737427242983
F1 (Intime): [0.7846153846153847, 0.9282051282051282, 0.5804195804195804, 0.4857142857142857, 0.7482517482517483, 0.9282051282051282, 0.625668449197861, 0.9111111111111111, 0.5804195804195804, 0.4857142857142857, 0.7846153846153847, 0.7083333333333333, 0.7482517482517483, 0.5, 0.6666666666666666]
 mean: 0.6977461209814151, std: 0.14939082412415458
--------------------------------------------------
Subject Number: 6
Accuracy Cross: [0.625, 0.59375, 0.65625, 0.78125, 0.78125, 0.42424242424242425, 0.48484848484848486, 0.45454545454545453, 0.48484848484848486, 0.5757575757575758, 0.6060606060606061, 0.696969696969697, 0.696969696969697, 0.7575757575757576, 0.6666666666666666]
 mean: 0.6190656565656565, std: 0.1129458538027651
F1 Score: [0.611336032388664, 0.5933528836754643, 0.6101882613510521, 0.7624602332979851, 0.7702564102564102, 0.2978723404255319, 0.32653061224489793, 0.3125, 0.32653061224489793, 0.4225, 0.5662285136501517, 0.6726190476190477, 0.6726190476190477, 0.7272727272727273, 0.6329625884732053]
 mean: 0.5536819540346056, std: 0.16481580059973341
Accuracy Intime: [0.7142857142857143, 0.6428571428571429, 0.6428571428571429, 0.5833333333333334, 0.6666666666666666, 0.9285714285714286, 0.8571428571428571, 0.8333333333333334, 0.5833333333333334, 0.5, 0.7857142857142857, 0.7142857142857143, 0.9166666666666666, 0.75, 0.4166666666666667]
 mean: 0.7023809523809522, std: 0.1430554179599981
F1 (Intime): [0.7142857142857143, 0.625668449197861, 0.5906432748538011, 0.5555555555555556, 0.6666666666666666, 0.9251336898395721, 0.8541666666666667, 0.7777777777777777, 0.5555555555555556, 0.3333333333333333, 0.7846153846153847, 0.7142857142857143, 0.8991596638655461, 0.7333333333333334, 0.4125874125874126]
 mean: 0.6761845461613265, std: 0.16283159249271614
--------------------------------------------------
Subject Number: 7
Accuracy Cross: [0.65625, 0.5625, 0.5625, 0.65625, 0.53125, 0.40625, 0.5, 0.5, 0.46875, 0.40625, 0.59375, 0.53125, 0.5625, 0.65625, 0.65625]
 mean: 0.55, std: 0.08212668060177926
F1 Score: [0.6389743589743591, 0.5465587044534412, 0.5607843137254902, 0.6267232237539766, 0.5270935960591133, 0.4056695992179863, 0.4920634920634921, 0.4980392156862745, 0.4420512820512821, 0.3913913913913914, 0.5933528836754643, 0.530791788856305, 0.5555555555555556, 0.6476476476476476, 0.6559139784946236]
 mean: 0.5408407354404268, std: 0.08161981952745681
Accuracy Intime: [0.5714285714285714, 0.7142857142857143, 0.3333333333333333, 0.5, 0.6666666666666666, 0.7142857142857143, 0.7857142857142857, 0.5833333333333334, 0.5833333333333334, 0.5, 0.7857142857142857, 0.6428571428571429, 0.5, 0.5833333333333334, 0.75]
 mean: 0.6142857142857142, std: 0.12208815570177403
F1 (Intime): [0.5625, 0.7083333333333333, 0.3142857142857143, 0.4857142857142857, 0.6666666666666666, 0.7083333333333333, 0.7543859649122806, 0.5804195804195804, 0.4957983193277311, 0.4857142857142857, 0.7754010695187166, 0.641025641025641, 0.4857142857142857, 0.4957983193277311, 0.7482517482517483]
 mean: 0.5938895031696888, std: 0.12908415585625957
--------------------------------------------------
Subject Number: 8
Accuracy Cross: [0.625, 0.65625, 0.59375, 0.75, 0.6875, 0.75, 0.71875, 0.65625, 0.65625, 0.71875, 0.53125, 0.5625, 0.625, 0.75, 0.65625]
 mean: 0.6625, std: 0.06574889099191458
F1 Score: [0.5636363636363637, 0.5883040935672514, 0.5901477832512315, 0.7090909090909091, 0.6363636363636364, 0.7090909090909091, 0.681063122923588, 0.6389743589743591, 0.6101882613510521, 0.6631578947368422, 0.5195195195195195, 0.5555555555555556, 0.6190476190476191, 0.7090909090909091, 0.6389743589743591]
 mean: 0.6288136863449403, std: 0.05694718005902189
Accuracy Intime: [0.5714285714285714, 0.7857142857142857, 0.75, 0.75, 0.6666666666666666, 0.7857142857142857, 0.6428571428571429, 0.5, 0.5, 0.5, 0.7142857142857143, 0.8571428571428571, 0.6666666666666666, 0.75, 0.8333333333333334]
 mean: 0.6849206349206349, std: 0.11646943700218501
F1 (Intime): [0.5333333333333333, 0.7846153846153847, 0.7333333333333334, 0.7333333333333334, 0.6571428571428571, 0.7846153846153847, 0.5906432748538011, 0.4857142857142857, 0.4857142857142857, 0.4857142857142857, 0.6888888888888889, 0.8571428571428571, 0.625, 0.7333333333333334, 0.8285714285714285]
 mean: 0.6671397510871195, std: 0.12322266431532801
--------------------------------------------------
Subject Number: 9
Accuracy Cross: [0.8125, 0.75, 0.90625, 0.78125, 0.875, 0.8125, 0.84375, 0.75, 0.8125, 0.75, 0.59375, 0.8125, 0.71875, 0.75, 0.90625]
 mean: 0.7916666666666666, std: 0.07711148134717395
F1 Score: [0.7922077922077921, 0.722943722943723, 0.9015384615384616, 0.751937984496124, 0.8666666666666667, 0.8, 0.8398398398398399, 0.7408906882591093, 0.7922077922077921, 0.7090909090909091, 0.5733333333333333, 0.8095238095238095, 0.7117117117117118, 0.722943722943723, 0.9039039039039038]
 mean: 0.7759160225777932, std: 0.08317274325128887
Accuracy Intime: [0.9285714285714286, 0.9285714285714286, 0.8333333333333334, 0.6666666666666666, 0.5, 1.0, 1.0, 1.0, 0.5833333333333334, 0.75, 1.0, 0.9285714285714286, 0.8333333333333334, 0.6666666666666666, 0.6666666666666666]
 mean: 0.819047619047619, std: 0.16312564888533945
F1 (Intime): [0.9251336898395721, 0.9251336898395721, 0.8125, 0.625, 0.4375, 1.0, 1.0, 1.0, 0.4957983193277311, 0.7482517482517483, 1.0, 0.9251336898395721, 0.7777777777777777, 0.625, 0.6571428571428571]
 mean: 0.7969581181345886, std: 0.18543059075711418
--------------------------------------------------
Subject Number: 10
Accuracy Cross: [0.625, 0.6875, 0.59375, 0.65625, 0.5625, 0.5625, 0.53125, 0.65625, 0.53125, 0.40625, 0.5454545454545454, 0.5454545454545454, 0.5757575757575758, 0.5757575757575758, 0.48484848484848486]
 mean: 0.5693181818181817, std: 0.06866255186392714
F1 Score: [0.611336032388664, 0.6862745098039216, 0.5933528836754643, 0.6389743589743591, 0.5625, 0.5625, 0.530791788856305, 0.6559139784946236, 0.5076923076923077, 0.4056695992179863, 0.543778801843318, 0.5299145299145299, 0.5557692307692308, 0.5753676470588236, 0.4672364672364672]
 mean: 0.5618048090617334, std: 0.06953542126634815
Accuracy Intime: [0.6428571428571429, 1.0, 0.75, 0.6666666666666666, 0.5, 0.6428571428571429, 0.7857142857142857, 0.75, 0.8333333333333334, 0.5833333333333334, 0.6428571428571429, 0.6428571428571429, 0.75, 0.8333333333333334, 0.75]
 mean: 0.7182539682539683, std: 0.11710047841855888
F1 (Intime): [0.641025641025641, 1.0, 0.7333333333333334, 0.625, 0.4857142857142857, 0.641025641025641, 0.7846153846153847, 0.6210526315789473, 0.8285714285714285, 0.5804195804195804, 0.5238095238095237, 0.625668449197861, 0.7333333333333334, 0.8285714285714285, 0.7333333333333334]
 mean: 0.6923649329686481, std: 0.12865448608850721
--------------------------------------------------
Subject Number: 11
Accuracy Cross: [0.48484848484848486, 0.45454545454545453, 0.45454545454545453, 0.48484848484848486, 0.5151515151515151, 0.5757575757575758, 0.6060606060606061, 0.6060606060606061, 0.48484848484848486, 0.6060606060606061, 0.6666666666666666, 0.5454545454545454, 0.5757575757575758, 0.5757575757575758, 0.6060606060606061]
 mean: 0.5494949494949495, std: 0.06343563017417204
F1 Score: [0.4672364672364672, 0.4288461538461539, 0.4288461538461539, 0.4327603640040445, 0.47619047619047616, 0.49782608695652175, 0.5460317460317461, 0.5460317460317461, 0.40634920634920635, 0.4849939975990396, 0.6552706552706553, 0.4994944388270981, 0.49782608695652175, 0.4652777777777778, 0.5195968645016797]
 mean: 0.49017188142835255, std: 0.059877775628111224
Accuracy Intime: [0.5, 0.6428571428571429, 0.7142857142857143, 0.75, 0.6666666666666666, 0.5714285714285714, 0.35714285714285715, 0.7142857142857143, 0.5833333333333334, 0.5833333333333334, 0.35714285714285715, 0.5, 0.5714285714285714, 0.5833333333333334, 0.6666666666666666]
 mean: 0.5841269841269839, std: 0.11430775801516718
F1 (Intime): [0.47593582887700536, 0.625668449197861, 0.7083333333333333, 0.7333333333333334, 0.625, 0.5333333333333333, 0.35384615384615387, 0.7142857142857143, 0.5804195804195804, 0.5555555555555556, 0.35384615384615387, 0.47593582887700536, 0.5333333333333333, 0.5555555555555556, 0.6666666666666666]
 mean: 0.5660699213640388, std: 0.11437506768902443
--------------------------------------------------
Subject Number: 12
Accuracy Cross: [0.71875, 0.78125, 0.78125, 0.8125, 0.65625, 0.7575757575757576, 0.7272727272727273, 0.6666666666666666, 0.6666666666666666, 0.7878787878787878, 0.71875, 0.6875, 0.71875, 0.6875, 0.6875]
 mean: 0.7237373737373737, std: 0.04820000305350321
F1 Score: [0.694591728525981, 0.7624602332979851, 0.7624602332979851, 0.7922077922077921, 0.5883040935672514, 0.7272727272727273, 0.6857142857142857, 0.593505039193729, 0.593505039193729, 0.7664307381193125, 0.681063122923588, 0.6825396825396826, 0.7117117117117118, 0.6135265700483092, 0.6536796536796536]
 mean: 0.6872648434195814, std: 0.06574924106864106
Accuracy Intime: [0.7857142857142857, 0.9285714285714286, 0.75, 0.5, 0.4166666666666667, 0.7142857142857143, 0.5714285714285714, 0.8333333333333334, 0.6666666666666666, 0.5833333333333334, 1.0, 0.7857142857142857, 0.9166666666666666, 0.5833333333333334, 0.5]
 mean: 0.7023809523809524, std: 0.1691984571851416
F1 (Intime): [0.7754010695187166, 0.9251336898395721, 0.6974789915966386, 0.3333333333333333, 0.29411764705882354, 0.6888888888888889, 0.5625, 0.7777777777777777, 0.625, 0.4957983193277311, 1.0, 0.7754010695187166, 0.8991596638655461, 0.4957983193277311, 0.4375]
 mean: 0.6522192513368984, std: 0.20650644381885758
--------------------------------------------------
Subject Number: 13
Accuracy Cross: [0.75, 0.84375, 0.875, 0.75, 0.78125, 0.7575757575757576, 0.8787878787878788, 0.8181818181818182, 0.7575757575757576, 0.6060606060606061, 0.6875, 0.6875, 0.78125, 0.71875, 0.71875]
 mean: 0.7607954545454547, std: 0.07139238815819167
F1 Score: [0.7408906882591093, 0.8358974358974359, 0.8666666666666667, 0.7490196078431373, 0.7624602332979851, 0.7461538461538462, 0.8786764705882353, 0.8166666666666667, 0.7461538461538462, 0.6001863932898416, 0.6862745098039216, 0.6761133603238867, 0.7757757757757757, 0.694591728525981, 0.7046153846153846]
 mean: 0.7520095075907813, std: 0.07301063489651341
Accuracy Intime: [0.7142857142857143, 0.5714285714285714, 0.9166666666666666, 0.6666666666666666, 0.6666666666666666, 0.7857142857142857, 0.5714285714285714, 0.9166666666666666, 0.75, 0.5833333333333334, 0.7857142857142857, 0.6428571428571429, 0.9166666666666666, 0.8333333333333334, 0.5833333333333334]
 mean: 0.726984126984127, std: 0.12405856109516493
F1 (Intime): [0.7142857142857143, 0.5333333333333333, 0.8991596638655461, 0.6666666666666666, 0.625, 0.7754010695187166, 0.5714285714285714, 0.8991596638655461, 0.7482517482517483, 0.5555555555555556, 0.7846153846153847, 0.5906432748538011, 0.8991596638655461, 0.8285714285714285, 0.5555555555555556]
 mean: 0.7097858196155411, std: 0.13017861584893958
--------------------------------------------------
Subject Number: 14
Accuracy Cross: [0.65625, 0.71875, 0.65625, 0.65625, 0.84375, 0.78125, 0.71875, 0.75, 0.71875, 0.65625, 0.75, 0.59375, 0.6875, 0.625, 0.78125]
 mean: 0.70625, std: 0.06535161308899218
F1 Score: [0.6559139784946236, 0.716256157635468, 0.6559139784946236, 0.6389743589743591, 0.8435972629521017, 0.7624602332979851, 0.7046153846153846, 0.746031746031746, 0.694591728525981, 0.6101882613510521, 0.7333333333333334, 0.5901477832512315, 0.6761133603238867, 0.6190476190476191, 0.7624602332979851]
 mean: 0.6939763613084919, std: 0.0664791293396144
Accuracy Intime: [0.7857142857142857, 0.7142857142857143, 0.6666666666666666, 0.5, 0.9166666666666666, 0.8571428571428571, 0.7142857142857143, 0.75, 0.8333333333333334, 0.75, 0.8571428571428571, 0.7142857142857143, 0.6666666666666666, 0.6666666666666666, 0.75]
 mean: 0.7428571428571427, std: 0.09843829672199145
F1 (Intime): [0.7754010695187166, 0.6888888888888889, 0.625, 0.5, 0.916083916083916, 0.8444444444444444, 0.6888888888888889, 0.7333333333333334, 0.8333333333333334, 0.7482517482517483, 0.8444444444444444, 0.7142857142857143, 0.6571428571428571, 0.6666666666666666, 0.7333333333333334]
 mean: 0.7312999092410856, std: 0.10025393843841125
--------------------------------------------------
Subject Number: 15
Accuracy Cross: [0.8125, 0.59375, 0.6875, 0.71875, 0.75, 0.78125, 0.625, 0.71875, 0.8125, 0.59375, 0.59375, 0.71875, 0.5625, 0.6875, 0.65625]
 mean: 0.6875, std: 0.07905694150420949
F1 Score: [0.7922077922077921, 0.5901477832512315, 0.6825396825396826, 0.7117117117117118, 0.7408906882591093, 0.7793103448275862, 0.6190476190476191, 0.716256157635468, 0.8, 0.5835835835835836, 0.5933528836754643, 0.7046153846153846, 0.5555555555555556, 0.6666666666666667, 0.6476476476476476]
 mean: 0.6789022334149668, std: 0.07693225396142137
Accuracy Intime: [0.7857142857142857, 0.8571428571428571, 0.8333333333333334, 0.75, 0.75, 0.7857142857142857, 0.6428571428571429, 0.9166666666666666, 0.75, 0.75, 0.7857142857142857, 0.8571428571428571, 0.9166666666666666, 0.6666666666666666, 0.9166666666666666]
 mean: 0.7976190476190476, std: 0.08224918354305785
F1 (Intime): [0.7754010695187166, 0.8541666666666667, 0.8285714285714285, 0.7482517482517483, 0.7333333333333334, 0.7543859649122806, 0.641025641025641, 0.9111111111111111, 0.7333333333333334, 0.7333333333333334, 0.7543859649122806, 0.8444444444444444, 0.9111111111111111, 0.625, 0.916083916083916]
 mean: 0.7842626044406231, std: 0.08826209520210526
--------------------------------------------------
Subject Number: 16
Accuracy Cross: [0.6875, 0.59375, 0.53125, 0.59375, 0.5, 0.75, 0.75, 0.78125, 0.71875, 0.71875, 0.59375, 0.5, 0.5625, 0.5625, 0.53125]
 mean: 0.625, std: 0.09547032697824667
F1 Score: [0.6825396825396826, 0.5901477832512315, 0.5076923076923077, 0.5835835835835836, 0.4458874458874459, 0.746031746031746, 0.7408906882591093, 0.7757757757757757, 0.7046153846153846, 0.7117117117117118, 0.5901477832512315, 0.4458874458874459, 0.5151515151515151, 0.5465587044534412, 0.5076923076923077]
 mean: 0.6062875910522614, std: 0.10855963183452352
Accuracy Intime: [0.7142857142857143, 0.6428571428571429, 0.75, 0.9166666666666666, 0.5, 0.6428571428571429, 0.7142857142857143, 0.75, 0.75, 0.4166666666666667, 0.7142857142857143, 0.8571428571428571, 0.75, 0.75, 0.75]
 mean: 0.707936507936508, std: 0.11919567512923333
F1 (Intime): [0.7142857142857143, 0.625668449197861, 0.6974789915966386, 0.916083916083916, 0.5, 0.641025641025641, 0.7083333333333333, 0.7482517482517483, 0.7333333333333334, 0.4125874125874126, 0.6888888888888889, 0.8541666666666667, 0.7333333333333334, 0.7482517482517483, 0.7333333333333334]
 mean: 0.6970015006779714, std: 0.11841369259096655
--------------------------------------------------
Subject Number: 17
Accuracy Cross: [0.6666666666666666, 0.6060606060606061, 0.5454545454545454, 0.6060606060606061, 0.6363636363636364, 0.5454545454545454, 0.5151515151515151, 0.48484848484848486, 0.5454545454545454, 0.48484848484848486, 0.53125, 0.5, 0.53125, 0.625, 0.53125]
 mean: 0.5570075757575756, std: 0.05511461261240958
F1 Score: [0.6458536585365854, 0.5925925925925926, 0.5386766076421249, 0.5662285136501517, 0.6278195488721805, 0.5386766076421249, 0.5147058823529411, 0.4771668219944082, 0.47619047619047616, 0.45268292682926825, 0.5270935960591133, 0.4666666666666667, 0.5195195195195195, 0.611336032388664, 0.530791788856305]
 mean: 0.5390667493195415, std: 0.05760947568360703
Accuracy Intime: [0.8571428571428571, 0.8571428571428571, 0.75, 0.5833333333333334, 0.6666666666666666, 0.8571428571428571, 0.8571428571428571, 0.4166666666666667, 0.75, 0.9166666666666666, 0.7142857142857143, 0.7857142857142857, 0.6428571428571429, 0.75, 0.6666666666666666]
 mean: 0.738095238095238, std: 0.12606312831468108
F1 (Intime): [0.8444444444444444, 0.8444444444444444, 0.6210526315789473, 0.5555555555555556, 0.6571428571428571, 0.8444444444444444, 0.8444444444444444, 0.4125874125874126, 0.7482517482517483, 0.916083916083916, 0.7083333333333333, 0.7754010695187166, 0.641025641025641, 0.7482517482517483, 0.6666666666666666]
 mean: 0.7218753571849545, std: 0.1289731261459496
--------------------------------------------------
Subject Number: 18
Accuracy Cross: [0.6363636363636364, 0.6666666666666666, 0.6666666666666666, 0.8181818181818182, 0.8787878787878788, 0.71875, 0.6875, 0.8125, 0.6875, 0.8125, 0.8125, 0.71875, 0.84375, 0.8125, 0.875]
 mean: 0.7631944444444445, std: 0.07967872033765004
F1 Score: [0.6278195488721805, 0.6552706552706553, 0.6616961789375583, 0.8139097744360901, 0.8786764705882353, 0.716256157635468, 0.6825396825396826, 0.8117647058823529, 0.6761133603238867, 0.8056680161943319, 0.8117647058823529, 0.7117117117117118, 0.8358974358974359, 0.8056680161943319, 0.873015873015873]
 mean: 0.7578514862254765, std: 0.08180070913967594
Accuracy Intime: [0.9285714285714286, 0.7857142857142857, 0.9166666666666666, 0.8333333333333334, 0.6666666666666666, 0.8571428571428571, 0.8571428571428571, 0.75, 0.8333333333333334, 0.8333333333333334, 0.8571428571428571, 0.7142857142857143, 1.0, 0.8333333333333334, 0.6666666666666666]
 mean: 0.8222222222222222, std: 0.09039957769964485
F1 (Intime): [0.9282051282051282, 0.7846153846153847, 0.9111111111111111, 0.8285714285714285, 0.625, 0.8571428571428571, 0.8571428571428571, 0.7333333333333334, 0.8333333333333334, 0.8285714285714285, 0.8571428571428571, 0.65, 1.0, 0.8285714285714285, 0.6571428571428571]
 mean: 0.811992266992267, std: 0.10269544620439916
--------------------------------------------------
Subject Number: 19
Accuracy Cross: [0.5625, 0.625, 0.5625, 0.5625, 0.5625, 0.53125, 0.5625, 0.625, 0.65625, 0.625, 0.53125, 0.53125, 0.71875, 0.71875, 0.6875]
 mean: 0.6041666666666666, std: 0.06421264586426018
F1 Score: [0.49090909090909085, 0.536231884057971, 0.49090909090909085, 0.4166666666666667, 0.4166666666666667, 0.43859649122807015, 0.45893719806763283, 0.536231884057971, 0.5594493116395495, 0.536231884057971, 0.5195195195195195, 0.530791788856305, 0.718475073313783, 0.694591728525981, 0.6862745098039216]
 mean: 0.5353655192186794, std: 0.09304014538206655
Accuracy Intime: [0.7857142857142857, 0.6428571428571429, 0.75, 0.8333333333333334, 0.6666666666666666, 0.8571428571428571, 0.7857142857142857, 0.75, 0.8333333333333334, 0.75, 0.8571428571428571, 0.9285714285714286, 0.8333333333333334, 0.75, 0.75]
 mean: 0.7849206349206349, std: 0.07227888933350776
F1 (Intime): [0.7846153846153847, 0.625668449197861, 0.7482517482517483, 0.8285714285714285, 0.625, 0.8541666666666667, 0.7754010695187166, 0.7333333333333334, 0.8285714285714285, 0.7333333333333334, 0.8571428571428571, 0.9251336898395721, 0.7777777777777777, 0.7333333333333334, 0.7333333333333334]
 mean: 0.7709089222324518, std: 0.07899528892402831
--------------------------------------------------
Subject Number: 20
Accuracy Cross: [0.71875, 0.71875, 0.71875, 0.71875, 0.65625, 0.65625, 0.6875, 0.65625, 0.71875, 0.6875, 0.5454545454545454, 0.6666666666666666, 0.6363636363636364, 0.6363636363636364, 0.7272727272727273]
 mean: 0.6766414141414141, std: 0.04723454303698368
F1 Score: [0.694591728525981, 0.694591728525981, 0.7046153846153846, 0.681063122923588, 0.6267232237539766, 0.6389743589743591, 0.6761133603238867, 0.6389743589743591, 0.694591728525981, 0.6761133603238867, 0.5386766076421249, 0.6458536585365854, 0.6278195488721805, 0.6071428571428572, 0.7102439024390244]
 mean: 0.6570725953400104, std: 0.04448189014019406
Accuracy Intime: [0.8571428571428571, 0.8571428571428571, 0.75, 0.4166666666666667, 0.75, 0.7857142857142857, 0.8571428571428571, 1.0, 0.6666666666666666, 0.5833333333333334, 0.9285714285714286, 0.9285714285714286, 0.8333333333333334, 0.6666666666666666, 0.8333333333333334]
 mean: 0.7809523809523811, std: 0.14474937289114917
F1 (Intime): [0.8444444444444444, 0.8444444444444444, 0.6974789915966386, 0.4125874125874126, 0.7333333333333334, 0.7754010695187166, 0.8444444444444444, 1.0, 0.6571428571428571, 0.5555555555555556, 0.9251336898395721, 0.9251336898395721, 0.8125, 0.625, 0.8285714285714285]
 mean: 0.7654114240878948, std: 0.14982316485954209
--------------------------------------------------
Subject Number: 21
Accuracy Cross: [0.40625, 0.375, 0.40625, 0.4375, 0.5, 0.4375, 0.40625, 0.4375, 0.53125, 0.59375, 0.28125, 0.375, 0.34375, 0.40625, 0.46875]
 mean: 0.4270833333333333, std: 0.0736569563735987
F1 Score: [0.3913913913913914, 0.37254901960784315, 0.3764102564102564, 0.34545454545454546, 0.4817813765182186, 0.41700404858299595, 0.4009852216748768, 0.37662337662337664, 0.43859649122807015, 0.5901477832512315, 0.2805474095796676, 0.37254901960784315, 0.3107692307692308, 0.3552492046659597, 0.4231177094379639]
 mean: 0.39554507232023145, std: 0.07059459772076622
Accuracy Intime: [0.42857142857142855, 0.7857142857142857, 0.6666666666666666, 0.5833333333333334, 0.5833333333333334, 0.5, 0.6428571428571429, 0.75, 0.5833333333333334, 0.5, 0.5714285714285714, 0.5714285714285714, 0.5833333333333334, 0.5833333333333334, 0.75]
 mean: 0.6055555555555555, std: 0.09581833823991473
F1 (Intime): [0.41666666666666663, 0.7846153846153847, 0.625, 0.4957983193277311, 0.5804195804195804, 0.47593582887700536, 0.625668449197861, 0.6974789915966386, 0.5555555555555556, 0.4857142857142857, 0.5625, 0.5714285714285714, 0.5555555555555556, 0.5555555555555556, 0.7333333333333334]
 mean: 0.5814150718562483, std: 0.09623574785892902
--------------------------------------------------
Subject Number: 22
Accuracy Cross: [0.75, 0.75, 0.71875, 0.65625, 0.71875, 0.7272727272727273, 0.6666666666666666, 0.7575757575757576, 0.6363636363636364, 0.696969696969697, 0.6875, 0.8125, 0.75, 0.65625, 0.75]
 mean: 0.7156565656565657, std: 0.04682981914362242
F1 Score: [0.722943722943723, 0.722943722943723, 0.7117117117117118, 0.5883040935672514, 0.694591728525981, 0.6996966632962589, 0.6158730158730159, 0.7272727272727273, 0.5416666666666666, 0.6590909090909091, 0.6761133603238867, 0.8095238095238095, 0.7408906882591093, 0.5883040935672514, 0.7408906882591093]
 mean: 0.6826545067883423, std: 0.06934578858203178
Accuracy Intime: [0.8571428571428571, 0.7142857142857143, 0.75, 0.75, 0.5833333333333334, 0.8571428571428571, 0.9285714285714286, 0.6666666666666666, 0.5833333333333334, 0.4166666666666667, 0.8571428571428571, 0.7857142857142857, 0.75, 0.75, 0.5833333333333334]
 mean: 0.7222222222222222, std: 0.13132462724998764
F1 (Intime): [0.8444444444444444, 0.6888888888888889, 0.6210526315789473, 0.7333333333333334, 0.5555555555555556, 0.8444444444444444, 0.9282051282051282, 0.5555555555555556, 0.4957983193277311, 0.37777777777777777, 0.8444444444444444, 0.7754010695187166, 0.6974789915966386, 0.7333333333333334, 0.4957983193277311]
 mean: 0.6794341491555113, std: 0.153089975921036
--------------------------------------------------
Subject Number: 23
Accuracy Cross: [0.696969696969697, 0.7575757575757576, 0.7878787878787878, 0.6666666666666666, 0.8484848484848485, 0.59375, 0.65625, 0.78125, 0.71875, 0.6875, 0.8484848484848485, 0.7878787878787878, 0.7575757575757576, 0.7272727272727273, 0.7272727272727273]
 mean: 0.7362373737373736, std: 0.06801665836185121
F1 Score: [0.6726190476190477, 0.7272727272727273, 0.7746341463414634, 0.593505039193729, 0.8390243902439025, 0.5933528836754643, 0.6476476476476476, 0.7757757757757757, 0.718475073313783, 0.6862745098039216, 0.8390243902439025, 0.7746341463414634, 0.7380952380952381, 0.6857142857142857, 0.6996966632962589]
 mean: 0.7177163976385741, std: 0.0730133275996481
Accuracy Intime: [0.8571428571428571, 1.0, 0.8333333333333334, 0.5, 0.8333333333333334, 0.8571428571428571, 0.8571428571428571, 0.8571428571428571, 0.75, 0.5833333333333334, 0.7142857142857143, 0.6428571428571429, 0.9166666666666666, 0.6666666666666666, 0.6666666666666666]
 mean: 0.7690476190476189, std: 0.13205166308440042
F1 (Intime): [0.8444444444444444, 1.0, 0.8125, 0.3333333333333333, 0.8285714285714285, 0.8541666666666667, 0.8444444444444444, 0.8444444444444444, 0.7333333333333334, 0.5555555555555556, 0.7083333333333333, 0.625668449197861, 0.9111111111111111, 0.625, 0.625]
 mean: 0.7430604362957304, std: 0.16239172321868395
--------------------------------------------------
Subject Number: 24
Accuracy Cross: [0.5625, 0.46875, 0.46875, 0.5625, 0.53125, 0.5, 0.5625, 0.625, 0.59375, 0.625, 0.46875, 0.5, 0.40625, 0.46875, 0.59375]
 mean: 0.5291666666666667, std: 0.06400954789890508
F1 Score: [0.5607843137254902, 0.4682306940371457, 0.464039408866995, 0.5555555555555556, 0.5270935960591133, 0.5, 0.5625, 0.6235294117647059, 0.5588547189819725, 0.625, 0.4682306940371457, 0.4980392156862745, 0.4056695992179863, 0.464039408866995, 0.5933528836754643]
 mean: 0.5249946333649896, std: 0.06251432873965528
Accuracy Intime: [0.5714285714285714, 0.6428571428571429, 0.5833333333333334, 0.5, 0.5833333333333334, 0.35714285714285715, 0.5, 0.5, 0.75, 0.5, 0.6428571428571429, 0.7142857142857143, 0.5, 0.5833333333333334, 0.4166666666666667]
 mean: 0.5563492063492064, std: 0.10161829884234432
F1 (Intime): [0.5333333333333333, 0.641025641025641, 0.5804195804195804, 0.5, 0.5804195804195804, 0.3262032085561497, 0.49743589743589745, 0.5, 0.7482517482517483, 0.4857142857142857, 0.625668449197861, 0.7142857142857143, 0.4857142857142857, 0.5555555555555556, 0.4125874125874126]
 mean: 0.5457743128331365, std: 0.10557523207419915
--------------------------------------------------
Subject Number: 25
Accuracy Cross: [0.3939393939393939, 0.5454545454545454, 0.48484848484848486, 0.48484848484848486, 0.45454545454545453, 0.59375, 0.71875, 0.65625, 0.625, 0.71875, 0.6875, 0.65625, 0.59375, 0.5625, 0.65625]
 mean: 0.5888257575757575, std: 0.09615991186631642
F1 Score: [0.3653846153846154, 0.543778801843318, 0.4771668219944082, 0.40634920634920635, 0.45, 0.5733333333333333, 0.7046153846153846, 0.6559139784946236, 0.5, 0.681063122923588, 0.6363636363636364, 0.6267232237539766, 0.5134502923976608, 0.45893719806763283, 0.6101882613510521]
 mean: 0.5468845251248291, std: 0.10061740085859155
Accuracy Intime: [0.8571428571428571, 0.7142857142857143, 0.6666666666666666, 0.75, 0.6666666666666666, 0.6428571428571429, 0.7142857142857143, 0.4166666666666667, 0.5833333333333334, 0.5833333333333334, 0.8571428571428571, 0.5, 0.5833333333333334, 0.5, 0.5]
 mean: 0.6357142857142857, std: 0.12567279257520617
F1 (Intime): [0.8444444444444444, 0.7083333333333333, 0.625, 0.7333333333333334, 0.6571428571428571, 0.5906432748538011, 0.6888888888888889, 0.4125874125874126, 0.4957983193277311, 0.5804195804195804, 0.8541666666666667, 0.49743589743589745, 0.3684210526315789, 0.4857142857142857, 0.4857142857142857]
 mean: 0.6018695754996065, std: 0.1419694434366908
--------------------------------------------------
Subject Number: 26
Accuracy Cross: [0.7272727272727273, 0.7575757575757576, 0.7575757575757576, 0.696969696969697, 0.7878787878787878, 0.65625, 0.59375, 0.71875, 0.78125, 0.6875, 0.96875, 0.8125, 0.84375, 0.78125, 0.875]
 mean: 0.7630681818181818, std: 0.08889229647967974
F1 Score: [0.7102439024390244, 0.7461538461538462, 0.7461538461538462, 0.6590909090909091, 0.7664307381193125, 0.6559139784946236, 0.5933528836754643, 0.718475073313783, 0.7757757757757757, 0.6825396825396826, 0.967967967967968, 0.7922077922077921, 0.8303287380699894, 0.751937984496124, 0.8666666666666667]
 mean: 0.7508826523443204, std: 0.08910353128602094
Accuracy Intime: [0.7142857142857143, 0.7857142857142857, 0.5833333333333334, 0.6666666666666666, 0.8333333333333334, 0.8571428571428571, 0.9285714285714286, 1.0, 0.75, 0.8333333333333334, 0.9285714285714286, 0.7142857142857143, 0.4166666666666667, 0.75, 0.75]
 mean: 0.7674603174603173, std: 0.1406487147916296
F1 (Intime): [0.7083333333333333, 0.7846153846153847, 0.5555555555555556, 0.625, 0.8285714285714285, 0.8444444444444444, 0.9282051282051282, 1.0, 0.7333333333333334, 0.8333333333333334, 0.9282051282051282, 0.65, 0.37777777777777777, 0.7333333333333334, 0.7482517482517483]
 mean: 0.7519306619306619, std: 0.15350827624110805
--------------------------------------------------
Subject Number: 27
Accuracy Cross: [0.6666666666666666, 0.6060606060606061, 0.5454545454545454, 0.6060606060606061, 0.6363636363636364, 0.5454545454545454, 0.5151515151515151, 0.48484848484848486, 0.5454545454545454, 0.48484848484848486, 0.53125, 0.5, 0.53125, 0.625, 0.53125]
 mean: 0.5570075757575756, std: 0.05511461261240958
F1 Score: [0.6458536585365854, 0.5925925925925926, 0.5386766076421249, 0.5662285136501517, 0.6278195488721805, 0.5386766076421249, 0.5147058823529411, 0.4771668219944082, 0.47619047619047616, 0.45268292682926825, 0.5270935960591133, 0.4666666666666667, 0.5195195195195195, 0.611336032388664, 0.530791788856305]
 mean: 0.5390667493195415, std: 0.05760947568360703
Accuracy Intime: [0.8571428571428571, 0.8571428571428571, 0.75, 0.5833333333333334, 0.6666666666666666, 0.8571428571428571, 0.8571428571428571, 0.4166666666666667, 0.75, 0.9166666666666666, 0.7142857142857143, 0.7857142857142857, 0.6428571428571429, 0.75, 0.6666666666666666]
 mean: 0.738095238095238, std: 0.12606312831468108
F1 (Intime): [0.8444444444444444, 0.8444444444444444, 0.6210526315789473, 0.5555555555555556, 0.6571428571428571, 0.8444444444444444, 0.8444444444444444, 0.4125874125874126, 0.7482517482517483, 0.916083916083916, 0.7083333333333333, 0.7754010695187166, 0.641025641025641, 0.7482517482517483, 0.6666666666666666]
 mean: 0.7218753571849545, std: 0.1289731261459496
--------------------------------------------------
Subject Number: 28
Accuracy Cross: [0.75, 0.6875, 0.5, 0.5625, 0.5, 0.46875, 0.5625, 0.53125, 0.625, 0.59375, 0.4375, 0.40625, 0.53125, 0.625, 0.4375]
 mean: 0.5479166666666667, std: 0.09330914865232788
F1 Score: [0.746031746031746, 0.6875, 0.4920634920634921, 0.49090909090909085, 0.4980392156862745, 0.45545545545545546, 0.5555555555555556, 0.5270935960591133, 0.5844155844155844, 0.5835835835835836, 0.37662337662337664, 0.3913913913913914, 0.5076923076923077, 0.6235294117647059, 0.37662337662337664]
 mean: 0.5264338122570037, std: 0.10418930078483177
Accuracy Intime: [0.7142857142857143, 0.6428571428571429, 0.75, 0.5833333333333334, 0.5, 0.7142857142857143, 0.6428571428571429, 0.6666666666666666, 0.75, 0.5, 0.8571428571428571, 0.6428571428571429, 0.6666666666666666, 0.5, 0.75]
 mean: 0.6587301587301587, std: 0.1008904671877505
F1 (Intime): [0.7142857142857143, 0.641025641025641, 0.7333333333333334, 0.4957983193277311, 0.4857142857142857, 0.7083333333333333, 0.625668449197861, 0.5555555555555556, 0.7482517482517483, 0.4375, 0.8571428571428571, 0.5906432748538011, 0.625, 0.3333333333333333, 0.7482517482517483]
 mean: 0.6199891729071295, std: 0.13493890565340216
--------------------------------------------------
Subject Number: 29
Accuracy Cross: [0.78125, 0.8125, 0.8125, 0.78125, 0.84375, 0.9375, 0.96875, 0.9375, 0.875, 0.875, 0.9090909090909091, 0.8484848484848485, 0.9393939393939394, 0.9090909090909091, 0.9393939393939394]
 mean: 0.8780303030303028, std: 0.06008416388126988
F1 Score: [0.751937984496124, 0.7922077922077921, 0.7922077922077921, 0.751937984496124, 0.8303287380699894, 0.9365079365079365, 0.967967967967968, 0.9365079365079365, 0.8666666666666667, 0.8666666666666667, 0.905982905982906, 0.8433048433048433, 0.9379699248120301, 0.905982905982906, 0.9379699248120301]
 mean: 0.8682765313793142, std: 0.06953096962734709
Accuracy Intime: [0.9285714285714286, 0.9285714285714286, 1.0, 1.0, 0.8333333333333334, 0.7857142857142857, 0.9285714285714286, 1.0, 0.8333333333333334, 0.75, 0.9285714285714286, 1.0, 0.9166666666666666, 0.75, 0.75]
 mean: 0.888888888888889, std: 0.09350270777792469
F1 (Intime): [0.9251336898395721, 0.9282051282051282, 1.0, 1.0, 0.8285714285714285, 0.7846153846153847, 0.9282051282051282, 1.0, 0.8285714285714285, 0.7333333333333334, 0.9251336898395721, 1.0, 0.8991596638655461, 0.7333333333333334, 0.7482517482517483]
 mean: 0.8841675971087738, std: 0.09702095074553783
--------------------------------------------------
**************************************************
accuracy_cross_list: [0.8147095959595961, 0.6792297979797979, 0.5676136363636364, 0.7313131313131312, 0.5291666666666667, 0.6190656565656565, 0.55, 0.6625, 0.7916666666666666, 0.5693181818181817, 0.5494949494949495, 0.7237373737373737, 0.7607954545454547, 0.70625, 0.6875, 0.625, 0.5570075757575756, 0.7631944444444445, 0.6041666666666666, 0.6766414141414141, 0.4270833333333333, 0.7156565656565657, 0.7362373737373736, 0.5291666666666667, 0.5888257575757575, 0.7630681818181818, 0.5570075757575756, 0.5479166666666667, 0.8780303030303028]
f1_score_list: [0.7991636505543528, 0.6592525928921915, 0.548474344296613, 0.7176001760353281, 0.5097571172347979, 0.5536819540346056, 0.5408407354404268, 0.6288136863449403, 0.7759160225777932, 0.5618048090617334, 0.49017188142835255, 0.6872648434195814, 0.7520095075907813, 0.6939763613084919, 0.6789022334149668, 0.6062875910522614, 0.5390667493195415, 0.7578514862254765, 0.5353655192186794, 0.6570725953400104, 0.39554507232023145, 0.6826545067883423, 0.7177163976385741, 0.5249946333649896, 0.5468845251248291, 0.7508826523443204, 0.5390667493195415, 0.5264338122570037, 0.8682765313793142]
accuracy_intime_list: [0.8452380952380952, 0.6055555555555555, 0.611904761904762, 0.7587301587301586, 0.7023809523809523, 0.7023809523809522, 0.6142857142857142, 0.6849206349206349, 0.819047619047619, 0.7182539682539683, 0.5841269841269839, 0.7023809523809524, 0.726984126984127, 0.7428571428571427, 0.7976190476190476, 0.707936507936508, 0.738095238095238, 0.8222222222222222, 0.7849206349206349, 0.7809523809523811, 0.6055555555555555, 0.7222222222222222, 0.7690476190476189, 0.5563492063492064, 0.6357142857142857, 0.7674603174603173, 0.738095238095238, 0.6587301587301587, 0.888888888888889]
f1_score_intime_list: [0.8367243643869031, 0.5739153439153438, 0.6031032856032856, 0.7305840074957725, 0.6977461209814151, 0.6761845461613265, 0.5938895031696888, 0.6671397510871195, 0.7969581181345886, 0.6923649329686481, 0.5660699213640388, 0.6522192513368984, 0.7097858196155411, 0.7312999092410856, 0.7842626044406231, 0.6970015006779714, 0.7218753571849545, 0.811992266992267, 0.7709089222324518, 0.7654114240878948, 0.5814150718562483, 0.6794341491555113, 0.7430604362957304, 0.5457743128331365, 0.6018695754996065, 0.7519306619306619, 0.7218753571849545, 0.6199891729071295, 0.8841675971087738]
**************************************************
ACC: 65.21±10.41
F1: 62.92±11.00
Intime: 71.70±8.16
F1 (Intime): 69.69±8.53
