1e-05
Subject Number: 1
Accuracy Cross: [0.28095238095238095, 0.319047619047619, 0.3, 0.29523809523809524, 0.2714285714285714, 0.3238095238095238, 0.3523809523809524, 0.4, 0.3476190476190476, 0.3380952380952381, 0.29523809523809524, 0.2904761904761905, 0.2904761904761905, 0.2761904761904762, 0.2571428571428571]
 mean: 0.30920634920634915, std: 0.03645130182706623
F1 Score: [0.2334798336417138, 0.2644894755324203, 0.2686756530774119, 0.24878725738623642, 0.23976566064119503, 0.32814727533255417, 0.35757660798480667, 0.40291353936474017, 0.3605045297118689, 0.3421710201856771, 0.30306986604068487, 0.28658008658008655, 0.274007840355606, 0.27845796524601185, 0.2656669412693509]
 mean: 0.2969529034900243, std: 0.04859660243032597
Accuracy Intime: [0.4166666666666667, 0.4642857142857143, 0.38095238095238093, 0.40476190476190477, 0.2976190476190476, 0.3333333333333333, 0.35714285714285715, 0.42857142857142855, 0.3333333333333333, 0.32142857142857145, 0.35714285714285715, 0.3333333333333333, 0.3333333333333333, 0.36904761904761907, 0.35714285714285715]
 mean: 0.36587301587301574, std: 0.04400290881152099
F1 (Intime): [0.4203151163025279, 0.4544498851985724, 0.38785314302555685, 0.4012817362817362, 0.31372108683736594, 0.30524294670846397, 0.34342640996217433, 0.41898548139086406, 0.32365880123001567, 0.30609311505863224, 0.3412304745063366, 0.2767676767676768, 0.3129874459563274, 0.37290498413838075, 0.350425276120493]
 mean: 0.35528957196567496, std: 0.0500498677204437
--------------------------------------------------
Subject Number: 2
Accuracy Cross: [0.3142857142857143, 0.3142857142857143, 0.2761904761904762, 0.26666666666666666, 0.3, 0.3047619047619048, 0.23809523809523808, 0.30952380952380953, 0.28095238095238095, 0.2523809523809524, 0.30952380952380953, 0.2571428571428571, 0.24285714285714285, 0.2904761904761905, 0.2523809523809524]
 mean: 0.2806349206349206, std: 0.026568223432263723
F1 Score: [0.2923326976232956, 0.29027257675968055, 0.24929654393152054, 0.23553262339884068, 0.26713177254637943, 0.3088915872719347, 0.2424275990203954, 0.3145799990300208, 0.28327119286620844, 0.2548041924824674, 0.3151926771965747, 0.26093678186603014, 0.24582177805040084, 0.2963251046921365, 0.2656484348125215]
 mean: 0.27483103743656045, std: 0.02616965513340997
Accuracy Intime: [0.4880952380952381, 0.23809523809523808, 0.3333333333333333, 0.32142857142857145, 0.27380952380952384, 0.40476190476190477, 0.23809523809523808, 0.2976190476190476, 0.34523809523809523, 0.30952380952380953, 0.36904761904761907, 0.34523809523809523, 0.36904761904761907, 0.44047619047619047, 0.34523809523809523]
 mean: 0.3412698412698413, std: 0.06644900218709358
F1 (Intime): [0.48892073302236644, 0.19255033704411215, 0.35209088209088213, 0.3153676745054125, 0.255018315018315, 0.4044153412876511, 0.19547579776398338, 0.2983959899749373, 0.327113938692886, 0.28654483054483054, 0.35968992248062015, 0.346097398829957, 0.3740438317426652, 0.4451841563496412, 0.3345286086384062]
 mean: 0.3316958505324444, std: 0.07887868714598303
--------------------------------------------------
Subject Number: 3
Accuracy Cross: [0.22857142857142856, 0.26666666666666666, 0.2761904761904762, 0.2571428571428571, 0.2523809523809524, 0.3, 0.26666666666666666, 0.30952380952380953, 0.319047619047619, 0.3333333333333333, 0.28095238095238095, 0.28095238095238095, 0.3047619047619048, 0.3, 0.26666666666666666]
 mean: 0.28285714285714286, std: 0.02709408037251031
F1 Score: [0.1591493131819323, 0.18731829750632759, 0.22221119488134092, 0.19075592362380583, 0.16000910111390879, 0.29823428951651026, 0.25642156970720764, 0.30534878131638576, 0.3148378640913217, 0.32614413174998097, 0.2888449579957547, 0.2809926679832306, 0.2931081604077197, 0.3082323347212893, 0.2637454809868603]
 mean: 0.2570236045855718, std: 0.05607387923961322
Accuracy Intime: [0.32142857142857145, 0.38095238095238093, 0.25, 0.36904761904761907, 0.27380952380952384, 0.32142857142857145, 0.27380952380952384, 0.2976190476190476, 0.34523809523809523, 0.34523809523809523, 0.30952380952380953, 0.30952380952380953, 0.39285714285714285, 0.42857142857142855, 0.3333333333333333]
 mean: 0.33015873015873015, std: 0.04691275144803697
F1 (Intime): [0.3026201201201201, 0.3868437697659709, 0.25878618113912233, 0.3493292682926829, 0.22181481481481483, 0.3085277791160144, 0.2552837372022431, 0.29376502292056894, 0.3361133468892089, 0.33095238095238094, 0.29399289644006, 0.2972938172938173, 0.39718097218097215, 0.4100635995797286, 0.30221853618080036]
 mean: 0.31631908285923377, std: 0.05149675129288824
--------------------------------------------------
Subject Number: 4
Accuracy Cross: [0.28095238095238095, 0.21904761904761905, 0.26666666666666666, 0.22857142857142856, 0.21904761904761905, 0.29523809523809524, 0.2857142857142857, 0.2571428571428571, 0.3, 0.28095238095238095, 0.28095238095238095, 0.3238095238095238, 0.3047619047619048, 0.319047619047619, 0.30952380952380953]
 mean: 0.27809523809523806, std: 0.03298227839053403
F1 Score: [0.262886427298192, 0.20827790501529136, 0.25254620316403964, 0.22239596304417214, 0.21042210367404524, 0.2988039273881854, 0.28425256850588043, 0.25539369764658953, 0.29626104063639397, 0.2753419043955777, 0.2780519231738744, 0.320722391147613, 0.2866744898298878, 0.3091448810007952, 0.30207739930463046]
 mean: 0.2708835216816779, std: 0.034068611517751174
Accuracy Intime: [0.3333333333333333, 0.35714285714285715, 0.30952380952380953, 0.3333333333333333, 0.2976190476190476, 0.25, 0.25, 0.3333333333333333, 0.34523809523809523, 0.2619047619047619, 0.25, 0.27380952380952384, 0.34523809523809523, 0.38095238095238093, 0.30952380952380953]
 mean: 0.3087301587301587, std: 0.0415739709641549
F1 (Intime): [0.3225740898390742, 0.3587822448222893, 0.3091078270388615, 0.3272008911318739, 0.28908902779870527, 0.23725274725274725, 0.24835678549093182, 0.33505288147053847, 0.3388308935512468, 0.2606367269525164, 0.24585253456221196, 0.258982683982684, 0.34438674997185637, 0.3649547341242606, 0.3104069199259768]
 mean: 0.3034311825277183, std: 0.04205746830164295
--------------------------------------------------
Subject Number: 5
Accuracy Cross: [0.32857142857142857, 0.3476190476190476, 0.32857142857142857, 0.3476190476190476, 0.3333333333333333, 0.3, 0.30952380952380953, 0.3238095238095238, 0.34285714285714286, 0.3238095238095238, 0.2523809523809524, 0.30952380952380953, 0.3047619047619048, 0.2761904761904762, 0.2761904761904762]
 mean: 0.3136507936507937, std: 0.027153529879800756
F1 Score: [0.331247366642078, 0.3358371592723047, 0.31046888558578534, 0.33533011915654115, 0.32214344582347565, 0.3056611744558501, 0.3101315789473684, 0.3289927288257459, 0.3481199099804792, 0.33016089131279636, 0.26012037597378945, 0.3203372301191593, 0.31905461827891735, 0.28361715371535623, 0.2920974061399593]
 mean: 0.31555466961530704, std: 0.022178107009127413
Accuracy Intime: [0.30952380952380953, 0.38095238095238093, 0.35714285714285715, 0.38095238095238093, 0.34523809523809523, 0.44047619047619047, 0.39285714285714285, 0.4166666666666667, 0.38095238095238093, 0.25, 0.3333333333333333, 0.4642857142857143, 0.4642857142857143, 0.2976190476190476, 0.4642857142857143]
 mean: 0.3785714285714286, std: 0.06272352320152139
F1 (Intime): [0.2980522441534753, 0.37344186291554715, 0.3428465254552211, 0.3676867746348352, 0.35909869140960593, 0.4368911111525713, 0.3849898585757551, 0.40926576781295765, 0.3868963784753259, 0.25374400427947336, 0.31428186628186633, 0.4658943373614301, 0.46758446399377585, 0.30005431893303747, 0.4581330561271188]
 mean: 0.37459075077079984, std: 0.06338157406299996
--------------------------------------------------
Subject Number: 6
Accuracy Cross: [0.20952380952380953, 0.26666666666666666, 0.18095238095238095, 0.26666666666666666, 0.26666666666666666, 0.20476190476190476, 0.24761904761904763, 0.22857142857142856, 0.23333333333333334, 0.2571428571428571, 0.2761904761904762, 0.21428571428571427, 0.3047619047619048, 0.24761904761904763, 0.2523809523809524]
 mean: 0.24380952380952384, std: 0.03106572653390494
F1 Score: [0.20725539311907343, 0.2683712348423826, 0.18191127227146567, 0.2684624852484319, 0.25695064004705354, 0.20663739199096076, 0.24826361039877937, 0.22807463898980718, 0.229417131180996, 0.26064821168245783, 0.27341844175437335, 0.21448662568894342, 0.30154746203940186, 0.24465650361073013, 0.24825492002986618]
 mean: 0.24255706419298156, std: 0.030285692261125166
Accuracy Intime: [0.27380952380952384, 0.32142857142857145, 0.27380952380952384, 0.32142857142857145, 0.25, 0.2261904761904762, 0.2857142857142857, 0.30952380952380953, 0.2857142857142857, 0.23809523809523808, 0.25, 0.34523809523809523, 0.2619047619047619, 0.32142857142857145, 0.25]
 mean: 0.28095238095238095, std: 0.03472165532417042
F1 (Intime): [0.28194778548830474, 0.32376299629496563, 0.26796157482956884, 0.30496031746031743, 0.23625926399182212, 0.21349719429506667, 0.285513038178573, 0.3130682839173405, 0.28949824949824954, 0.23375661375661377, 0.2437566151687535, 0.34417408610957, 0.2505159705159705, 0.31085346215780996, 0.2528138528138528]
 mean: 0.2768226202984519, std: 0.036711645170205025
--------------------------------------------------
Subject Number: 7
Accuracy Cross: [0.22857142857142856, 0.22380952380952382, 0.21428571428571427, 0.2, 0.21428571428571427, 0.18571428571428572, 0.21904761904761905, 0.1761904761904762, 0.21428571428571427, 0.1761904761904762, 0.21904761904761905, 0.22380952380952382, 0.2619047619047619, 0.24285714285714285, 0.2571428571428571]
 mean: 0.21714285714285714, std: 0.024700779255780198
F1 Score: [0.22581011401066903, 0.21689265703333996, 0.20191828886470967, 0.19832255238865307, 0.210152852279253, 0.18037486221696747, 0.22136409433923468, 0.17932438820002328, 0.21411114913629312, 0.18052058241331304, 0.21884676763401734, 0.21956350498580016, 0.2632268508552703, 0.2426310269371073, 0.25128249968243976]
 mean: 0.2149561460651394, std: 0.024133368797685354
Accuracy Intime: [0.27380952380952384, 0.20238095238095238, 0.25, 0.3333333333333333, 0.3333333333333333, 0.20238095238095238, 0.2619047619047619, 0.2619047619047619, 0.25, 0.17857142857142858, 0.25, 0.2261904761904762, 0.20238095238095238, 0.2619047619047619, 0.27380952380952384]
 mean: 0.2507936507936508, std: 0.04313548648159109
F1 (Intime): [0.2560148789714007, 0.1751677543891902, 0.246633312486971, 0.32778909120271305, 0.33296177193236015, 0.19724811586880553, 0.2641270816270816, 0.24471935653086202, 0.23456298458309646, 0.17492860057119544, 0.2452587023113339, 0.2109259259259259, 0.19957671957671957, 0.24509280616102203, 0.25712733198291604]
 mean: 0.24080896227477283, std: 0.04499254470788097
--------------------------------------------------
Subject Number: 8
Accuracy Cross: [0.38571428571428573, 0.4, 0.38571428571428573, 0.3523809523809524, 0.3523809523809524, 0.3619047619047619, 0.3380952380952381, 0.3380952380952381, 0.35714285714285715, 0.3476190476190476, 0.2761904761904762, 0.3142857142857143, 0.3476190476190476, 0.34285714285714286, 0.2857142857142857]
 mean: 0.3457142857142857, std: 0.032844488016196986
F1 Score: [0.3818525735919331, 0.3920146057375281, 0.3737695514248089, 0.3450039753528126, 0.3431430038900919, 0.3756617571972821, 0.3542996282121729, 0.34606937807762694, 0.36761030254979965, 0.3631326588175903, 0.29804100660456767, 0.3333178133670745, 0.3596091166636813, 0.3575512208779856, 0.3055244206995737]
 mean: 0.35310673420430194, std: 0.025235588928061787
Accuracy Intime: [0.34523809523809523, 0.36904761904761907, 0.44047619047619047, 0.2976190476190476, 0.36904761904761907, 0.4166666666666667, 0.3333333333333333, 0.35714285714285715, 0.3333333333333333, 0.4166666666666667, 0.44047619047619047, 0.5, 0.3333333333333333, 0.40476190476190477, 0.35714285714285715]
 mean: 0.380952380952381, std: 0.052164053095730106
F1 (Intime): [0.3375765771303297, 0.3614548502706397, 0.4522493487850232, 0.3061546338965694, 0.3915524583817267, 0.41290764790764795, 0.345436563009959, 0.3474821039526922, 0.30321293311151326, 0.4268560780894747, 0.441468000690012, 0.5062599681020734, 0.34526685113639316, 0.38978318978318977, 0.372480395981008]
 mean: 0.3826761066818835, std: 0.05498366862272803
--------------------------------------------------
Subject Number: 9
Accuracy Cross: [0.3333333333333333, 0.319047619047619, 0.319047619047619, 0.2857142857142857, 0.3142857142857143, 0.319047619047619, 0.35714285714285715, 0.24285714285714285, 0.3238095238095238, 0.3142857142857143, 0.23333333333333334, 0.28095238095238095, 0.2857142857142857, 0.24285714285714285, 0.23809523809523808]
 mean: 0.293968253968254, std: 0.03783509057889418
F1 Score: [0.3159244251884436, 0.30679523125868247, 0.29973641915782706, 0.2533665115788509, 0.2889444836561818, 0.3094046689091885, 0.3456677709935311, 0.2396011817149586, 0.30847479587975024, 0.2949784411309268, 0.24247865629308926, 0.28255848348132606, 0.2974940130219673, 0.25451209723655543, 0.24606055597449128]
 mean: 0.28573318236505135, std: 0.03061640116799188
Accuracy Intime: [0.34523809523809523, 0.34523809523809523, 0.3333333333333333, 0.30952380952380953, 0.35714285714285715, 0.42857142857142855, 0.40476190476190477, 0.23809523809523808, 0.39285714285714285, 0.35714285714285715, 0.35714285714285715, 0.42857142857142855, 0.38095238095238093, 0.38095238095238093, 0.36904761904761907]
 mean: 0.3619047619047619, std: 0.04616837959444122
F1 (Intime): [0.35877431075789484, 0.35468942626837363, 0.33060654086195884, 0.30124946374946376, 0.35494800303149454, 0.4270286576168929, 0.4040892672858617, 0.24388230127360563, 0.40340678439350175, 0.3495033282130056, 0.3528130021011, 0.4200101322825781, 0.39151998348093425, 0.3807844050947499, 0.3724829374829375]
 mean: 0.36305256959295684, std: 0.04573809670319207
--------------------------------------------------
Subject Number: 10
Accuracy Cross: [0.24761904761904763, 0.23809523809523808, 0.2523809523809524, 0.23333333333333334, 0.24761904761904763, 0.24285714285714285, 0.2619047619047619, 0.2857142857142857, 0.2619047619047619, 0.24761904761904763, 0.23333333333333334, 0.24761904761904763, 0.2714285714285714, 0.22380952380952382, 0.22380952380952382]
 mean: 0.24793650793650795, std: 0.01653843336842045
F1 Score: [0.24269560569157617, 0.23057564942969216, 0.24643415666269117, 0.23517046544518597, 0.2411483095186449, 0.23746677581192283, 0.2593520395462143, 0.280227053157155, 0.2579454035760837, 0.24469571402934404, 0.23391329732885707, 0.24342324530433554, 0.2642064722009667, 0.21884592596298122, 0.22310872351651967]
 mean: 0.2439472558121447, std: 0.015575975660046088
Accuracy Intime: [0.39285714285714285, 0.32142857142857145, 0.30952380952380953, 0.25, 0.2976190476190476, 0.32142857142857145, 0.30952380952380953, 0.3333333333333333, 0.23809523809523808, 0.30952380952380953, 0.38095238095238093, 0.2976190476190476, 0.30952380952380953, 0.20238095238095238, 0.2619047619047619]
 mean: 0.30238095238095236, std: 0.04817139969997942
F1 (Intime): [0.40042799738342205, 0.3134848484848485, 0.3033335671600411, 0.25321544330033297, 0.29525759808951657, 0.2945647848086873, 0.31373202287745017, 0.33248295441843834, 0.24252124412177212, 0.3026877906953809, 0.38577881147402837, 0.2879834368530021, 0.30430988798128755, 0.20434465168181096, 0.2531212315711674]
 mean: 0.29914975139341243, std: 0.048943507367849144
--------------------------------------------------
Subject Number: 11
Accuracy Cross: [0.23809523809523808, 0.19523809523809524, 0.19047619047619047, 0.2, 0.22380952380952382, 0.2714285714285714, 0.2571428571428571, 0.3, 0.2761904761904762, 0.30952380952380953, 0.24761904761904763, 0.2523809523809524, 0.2761904761904762, 0.3047619047619048, 0.28095238095238095]
 mean: 0.2549206349206349, std: 0.037771107854567235
F1 Score: [0.23706950167921553, 0.19629021468101926, 0.1868731241015885, 0.1922517991126777, 0.22404769095761384, 0.27446524376995207, 0.2548440487905441, 0.30303443526430496, 0.2822897384317352, 0.31940605837790664, 0.2502847767827248, 0.25346457063959926, 0.2804205512955075, 0.3081188578347291, 0.2852742708261216]
 mean: 0.25654232550301603, std: 0.04103441688129113
Accuracy Intime: [0.3333333333333333, 0.32142857142857145, 0.2619047619047619, 0.35714285714285715, 0.32142857142857145, 0.23809523809523808, 0.2261904761904762, 0.30952380952380953, 0.2976190476190476, 0.34523809523809523, 0.19047619047619047, 0.35714285714285715, 0.2619047619047619, 0.2857142857142857, 0.3333333333333333]
 mean: 0.29603174603174603, std: 0.0489625295720228
F1 (Intime): [0.33324314129806115, 0.3137142857142857, 0.256077590826278, 0.34730605002768433, 0.3192186088527552, 0.21209313880762948, 0.21421789001267558, 0.2926327312534209, 0.2954364569961489, 0.34868588746849616, 0.1855187005187005, 0.338006734006734, 0.2645313838577672, 0.2839796219106564, 0.3328185328185328]
 mean: 0.2891653836246551, std: 0.050821626415073984
--------------------------------------------------
Subject Number: 12
Accuracy Cross: [0.28095238095238095, 0.24761904761904763, 0.3238095238095238, 0.3523809523809524, 0.23333333333333334, 0.29523809523809524, 0.3, 0.30952380952380953, 0.30952380952380953, 0.28095238095238095, 0.22857142857142856, 0.22380952380952382, 0.22380952380952382, 0.2523809523809524, 0.2571428571428571]
 mean: 0.2746031746031746, std: 0.038789961635824585
F1 Score: [0.29107870787078705, 0.2552087656352956, 0.31732673267326733, 0.35438343603172184, 0.2468769808142115, 0.2501062120507632, 0.25120111800459144, 0.26754456851643554, 0.269003124291409, 0.2382913818207936, 0.23996047344110324, 0.24421203953279425, 0.24200156781224685, 0.2592998403374728, 0.27161144262354675]
 mean: 0.26654042609709594, std: 0.031207515386604524
Accuracy Intime: [0.27380952380952384, 0.23809523809523808, 0.2976190476190476, 0.30952380952380953, 0.30952380952380953, 0.39285714285714285, 0.35714285714285715, 0.3333333333333333, 0.2976190476190476, 0.40476190476190477, 0.27380952380952384, 0.32142857142857145, 0.2857142857142857, 0.3333333333333333, 0.36904761904761907]
 mean: 0.3198412698412698, std: 0.04472699302731864
F1 (Intime): [0.2861018749561575, 0.22168392553915767, 0.2948473748473749, 0.28732403217697333, 0.3269894943918713, 0.38884760921912626, 0.36280698661121347, 0.34517806009276064, 0.3045087575259989, 0.4172440925580939, 0.26048695456590193, 0.2966515741676126, 0.25053415053415057, 0.34135349437580675, 0.3780267027947234]
 mean: 0.31750567229046156, std: 0.05298384582802184
--------------------------------------------------
Subject Number: 13
Accuracy Cross: [0.2571428571428571, 0.24285714285714285, 0.2619047619047619, 0.2523809523809524, 0.24285714285714285, 0.24761904761904763, 0.23333333333333334, 0.24761904761904763, 0.3, 0.3142857142857143, 0.28095238095238095, 0.3, 0.2619047619047619, 0.2857142857142857, 0.24285714285714285]
 mean: 0.2647619047619047, std: 0.02433080159537742
F1 Score: [0.24474071496543406, 0.23579653531552264, 0.25222101682446274, 0.24434059470684089, 0.22680873813541114, 0.237933474153826, 0.2220779220779221, 0.24176919488499812, 0.2992536655875336, 0.3039534485622718, 0.2773452082514472, 0.29443890868945466, 0.2545474192777217, 0.2761080066309158, 0.232572305331799]
 mean: 0.25626047689303744, std: 0.026172234331529518
Accuracy Intime: [0.36904761904761907, 0.2857142857142857, 0.34523809523809523, 0.39285714285714285, 0.23809523809523808, 0.25, 0.40476190476190477, 0.4166666666666667, 0.35714285714285715, 0.2976190476190476, 0.2976190476190476, 0.38095238095238093, 0.32142857142857145, 0.2857142857142857, 0.20238095238095238]
 mean: 0.323015873015873, std: 0.06252235679755914
F1 (Intime): [0.3209274348839566, 0.24376556776556774, 0.33392089093701993, 0.37494583652478386, 0.22785673852540214, 0.25363508275187924, 0.38684932682750517, 0.40094837590253557, 0.3424699961285327, 0.2594516594516595, 0.29192296931427364, 0.38025210084033617, 0.32290168726601365, 0.2883855913420927, 0.18425464190981433]
 mean: 0.3074991933580915, std: 0.06251496771592382
--------------------------------------------------
Subject Number: 14
Accuracy Cross: [0.3, 0.28095238095238095, 0.3, 0.2857142857142857, 0.2523809523809524, 0.32857142857142857, 0.30952380952380953, 0.3333333333333333, 0.3476190476190476, 0.24285714285714285, 0.32857142857142857, 0.2857142857142857, 0.29523809523809524, 0.319047619047619, 0.30952380952380953]
 mean: 0.3012698412698412, std: 0.028116304540297815
F1 Score: [0.31188803429580125, 0.2908410376919328, 0.30173259140230113, 0.2897867262712227, 0.24998243108361579, 0.2991414267550631, 0.2804057246337021, 0.31774637744787004, 0.33067630017441135, 0.2374266204243321, 0.3179278175559447, 0.2652703034333167, 0.2799886017997986, 0.3049281609195402, 0.2871075791351264]
 mean: 0.2909899822015986, std: 0.024887964151164003
Accuracy Intime: [0.27380952380952384, 0.39285714285714285, 0.36904761904761907, 0.3333333333333333, 0.36904761904761907, 0.36904761904761907, 0.34523809523809523, 0.2976190476190476, 0.2857142857142857, 0.27380952380952384, 0.36904761904761907, 0.42857142857142855, 0.40476190476190477, 0.36904761904761907, 0.39285714285714285]
 mean: 0.3515873015873016, std: 0.047193869039106356
F1 (Intime): [0.25874738525901314, 0.3923064548064549, 0.35307640297498305, 0.31166552276366966, 0.3631752998827526, 0.37099123520375893, 0.3318080808080809, 0.29294945475979955, 0.2835281385281386, 0.28507936507936504, 0.3726597981497056, 0.4291827242524917, 0.4064556307736905, 0.37081908831908833, 0.3925000489706372]
 mean: 0.34766297536877533, std: 0.04936758207395758
--------------------------------------------------
**************************************************
accuracy_cross_list: [0.30920634920634915, 0.2806349206349206, 0.28285714285714286, 0.27809523809523806, 0.3136507936507937, 0.24380952380952384, 0.21714285714285714, 0.3457142857142857, 0.293968253968254, 0.24793650793650795, 0.2549206349206349, 0.2746031746031746, 0.2647619047619047, 0.3012698412698412]
f1_score_list: [0.2969529034900243, 0.27483103743656045, 0.2570236045855718, 0.2708835216816779, 0.31555466961530704, 0.24255706419298156, 0.2149561460651394, 0.35310673420430194, 0.28573318236505135, 0.2439472558121447, 0.25654232550301603, 0.26654042609709594, 0.25626047689303744, 0.2909899822015986]
accuracy_intime_list: [0.36587301587301574, 0.3412698412698413, 0.33015873015873015, 0.3087301587301587, 0.3785714285714286, 0.28095238095238095, 0.2507936507936508, 0.380952380952381, 0.3619047619047619, 0.30238095238095236, 0.29603174603174603, 0.3198412698412698, 0.323015873015873, 0.3515873015873016]
f1_score_intime_list: [0.35528957196567496, 0.3316958505324444, 0.31631908285923377, 0.3034311825277183, 0.37459075077079984, 0.2768226202984519, 0.24080896227477283, 0.3826761066818835, 0.36305256959295684, 0.29914975139341243, 0.2891653836246551, 0.31750567229046156, 0.3074991933580915, 0.34766297536877533]
**************************************************
ACC: 27.92±3.18
F1: 27.33±3.30
Intime: 32.80±3.68
F1 (Intime): 32.18±3.86
