1e-05
Subject Number: 1
Accuracy Cross: [0.7142857142857143, 0.7142857142857143, 0.7261904761904762, 0.7619047619047619, 0.7261904761904762, 0.8214285714285714, 0.8571428571428571, 0.8214285714285714, 0.8095238095238095, 0.7976190476190477, 0.7142857142857143, 0.7023809523809523, 0.7142857142857143, 0.7380952380952381, 0.6904761904761905]
 mean: 0.7539682539682537, std: 0.051373182008515095
F1 Score: [0.7061224489795919, 0.6888888888888889, 0.7039987743220468, 0.7475961538461539, 0.7079365079365079, 0.8201798201798203, 0.8564102564102565, 0.8201798201798203, 0.8090909090909091, 0.7973605789697744, 0.6888888888888889, 0.6734566941377702, 0.6888888888888889, 0.71880706025563, 0.6576802507836991]
 mean: 0.739032396117243, std: 0.06190259929569743
Accuracy Intime: [0.7941176470588235, 0.9117647058823529, 0.8529411764705882, 0.8529411764705882, 0.84375, 0.6176470588235294, 0.8235294117647058, 0.6764705882352942, 0.7941176470588235, 0.96875, 0.7647058823529411, 0.7941176470588235, 0.8823529411764706, 0.9411764705882353, 0.9375]
 mean: 0.8303921568627453, std: 0.09333328827853583
F1 (Intime): [0.793939393939394, 0.9116883116883117, 0.8464317976513098, 0.8464317976513098, 0.8423645320197044, 0.6091954022988506, 0.8229166666666667, 0.6739319965126417, 0.7925021795989537, 0.9687194525904204, 0.7614035087719297, 0.7850045167118338, 0.8819444444444444, 0.9403508771929825, 0.9372549019607843]
 mean: 0.8276053186466358, std: 0.0950440901096038
--------------------------------------------------
Subject Number: 2
Accuracy Cross: [0.7857142857142857, 0.7380952380952381, 0.7619047619047619, 0.8214285714285714, 0.7738095238095238, 0.7380952380952381, 0.7261904761904762, 0.8095238095238095, 0.7619047619047619, 0.7380952380952381, 0.8095238095238095, 0.8333333333333334, 0.7976190476190477, 0.8690476190476191, 0.7857142857142857]
 mean: 0.7833333333333333, std: 0.039411774660111545
F1 Score: [0.7846153846153847, 0.7375, 0.761769710720363, 0.8201798201798203, 0.7698630136986302, 0.7254901960784313, 0.7079365079365079, 0.8023529411764705, 0.7475961538461539, 0.7223557692307692, 0.8085470085470086, 0.8324786324786324, 0.7952688172043011, 0.8681318681318682, 0.7855927396483267]
 mean: 0.7779785708995113, std: 0.043553297209086426
Accuracy Intime: [0.9411764705882353, 0.8529411764705882, 0.6764705882352942, 0.8823529411764706, 0.8125, 0.7352941176470589, 0.7352941176470589, 0.7941176470588235, 0.8823529411764706, 0.53125, 0.7941176470588235, 0.8823529411764706, 0.7352941176470589, 0.8529411764705882, 0.875]
 mean: 0.7988970588235296, std: 0.10058535069249944
F1 (Intime): [0.9411764705882353, 0.85178727114211, 0.652093023255814, 0.880701754385965, 0.8117647058823529, 0.7235772357723578, 0.7294429708222812, 0.7850045167118338, 0.8785714285714286, 0.4909862142099682, 0.7895667550839964, 0.8823529411764706, 0.7294429708222812, 0.8496905393457117, 0.875]
 mean: 0.7914105865180538, std: 0.11036412241186874
--------------------------------------------------
Subject Number: 3
Accuracy Cross: [0.6190476190476191, 0.5952380952380952, 0.5952380952380952, 0.5833333333333334, 0.5714285714285714, 0.7619047619047619, 0.7380952380952381, 0.6785714285714286, 0.7380952380952381, 0.75, 0.6547619047619048, 0.6071428571428571, 0.7261904761904762, 0.6785714285714286, 0.6547619047619048]
 mean: 0.6634920634920635, std: 0.0643982945241295
F1 Score: [0.5714285714285714, 0.5265251989389921, 0.5265251989389921, 0.5072900955253896, 0.475, 0.761769710720363, 0.7379466817923993, 0.6781609195402298, 0.7375, 0.7482517482517483, 0.6080450522928399, 0.5354449472096531, 0.7039987743220468, 0.6415362731152205, 0.6080450522928399]
 mean: 0.624497881624619, std: 0.09517067012628996
Accuracy Intime: [0.8235294117647058, 0.9117647058823529, 0.7647058823529411, 0.8235294117647058, 0.75, 0.7058823529411765, 0.6470588235294118, 0.7058823529411765, 0.7058823529411765, 0.78125, 0.7352941176470589, 0.7647058823529411, 0.8235294117647058, 0.7647058823529411, 0.625]
 mean: 0.7555147058823531, std: 0.07110272573319346
F1 (Intime): [0.8210526315789474, 0.9116883116883117, 0.7509157509157509, 0.8229166666666667, 0.7408906882591093, 0.7017543859649122, 0.6470588235294118, 0.7058823529411765, 0.7048611111111112, 0.7757757757757757, 0.7350649350649351, 0.7638888888888888, 0.8178571428571428, 0.7614035087719297, 0.5636363636363637]
 mean: 0.748309822510029, std: 0.07916404508456164
--------------------------------------------------
Subject Number: 4
Accuracy Cross: [0.75, 0.6666666666666666, 0.5952380952380952, 0.6904761904761905, 0.6785714285714286, 0.7261904761904762, 0.6547619047619048, 0.75, 0.8095238095238095, 0.6785714285714286, 0.7023809523809523, 0.7380952380952381, 0.7857142857142857, 0.6785714285714286, 0.7023809523809523]
 mean: 0.7071428571428572, std: 0.05248906591678239
F1 Score: [0.7499645641389086, 0.6659090909090909, 0.595008508224617, 0.6897727272727273, 0.6774285307922059, 0.7214131218457102, 0.6400177331165953, 0.7491110795050491, 0.8077803203661327, 0.6748387096774193, 0.6863330843913369, 0.7306122448979592, 0.7837528604118993, 0.6648440963499335, 0.6925779534475187]
 mean: 0.7019576416898069, std: 0.0537809658662711
Accuracy Intime: [0.8529411764705882, 0.8823529411764706, 0.7058823529411765, 0.8529411764705882, 0.78125, 0.7352941176470589, 0.9705882352941176, 0.7647058823529411, 0.8235294117647058, 0.75, 0.7352941176470589, 0.7941176470588235, 0.7647058823529411, 0.7058823529411765, 0.625]
 mean: 0.7829656862745098, std: 0.08156040063858211
F1 (Intime): [0.85178727114211, 0.8823529411764706, 0.7048611111111112, 0.8496905393457117, 0.7810361681329423, 0.7332170880557978, 0.9705627705627706, 0.7614035087719297, 0.8229166666666667, 0.7490196078431373, 0.7350649350649351, 0.7925021795989537, 0.7509157509157509, 0.6640316205533596, 0.5844155844155844]
 mean: 0.7755851828904822, std: 0.09026421470465461
--------------------------------------------------
Subject Number: 5
Accuracy Cross: [0.8214285714285714, 0.8095238095238095, 0.8690476190476191, 0.8095238095238095, 0.7738095238095238, 0.7738095238095238, 0.7738095238095238, 0.7380952380952381, 0.8333333333333334, 0.8333333333333334, 0.7619047619047619, 0.7976190476190477, 0.8095238095238095, 0.7976190476190477, 0.7738095238095238]
 mean: 0.7984126984126985, std: 0.032374727070430376
F1 Score: [0.8207936282178923, 0.8090909090909091, 0.8688803746275011, 0.8094157685762904, 0.7722277722277722, 0.7641495492832866, 0.7663592446201142, 0.7379466817923993, 0.8318077803203661, 0.8309373202990225, 0.7569444444444444, 0.7952688172043011, 0.8077803203661327, 0.79408795962509, 0.7711827956989248]
 mean: 0.7957915577596297, std: 0.03355822620878552
Accuracy Intime: [0.7941176470588235, 0.8823529411764706, 0.8529411764705882, 0.7941176470588235, 0.875, 0.7352941176470589, 0.7352941176470589, 0.8823529411764706, 0.8823529411764706, 0.71875, 0.7058823529411765, 0.9117647058823529, 0.9117647058823529, 0.8235294117647058, 0.8125]
 mean: 0.8212009803921568, std: 0.0691022180665333
F1 (Intime): [0.793939393939394, 0.8819444444444444, 0.8528138528138528, 0.7850045167118338, 0.8745098039215686, 0.7235772357723578, 0.7294429708222812, 0.8819444444444444, 0.8785714285714286, 0.694591728525981, 0.6964285714285714, 0.9116883116883117, 0.9110723626852659, 0.8178571428571428, 0.8095238095238095]
 mean: 0.816194001210046, std: 0.07400440734354251
--------------------------------------------------
Subject Number: 6
Accuracy Cross: [0.6071428571428571, 0.6428571428571429, 0.6071428571428571, 0.6428571428571429, 0.5833333333333334, 0.6547619047619048, 0.6190476190476191, 0.6666666666666666, 0.6071428571428571, 0.6904761904761905, 0.6190476190476191, 0.6904761904761905, 0.6904761904761905, 0.6190476190476191, 0.5833333333333334]
 mean: 0.6349206349206349, std: 0.03575835024148828
F1 Score: [0.6066411238825031, 0.6426545660805445, 0.6066411238825031, 0.641025641025641, 0.5832742735648476, 0.6547129695251594, 0.6170940170940171, 0.6664775950085082, 0.6057459820793628, 0.690300623936472, 0.6181818181818182, 0.6876430205949657, 0.690300623936472, 0.6188315371525808, 0.5828011919965943]
 mean: 0.6341550738627991, std: 0.03566571488816952
Accuracy Intime: [0.7058823529411765, 0.7941176470588235, 0.5882352941176471, 0.7352941176470589, 0.65625, 0.7058823529411765, 0.7058823529411765, 0.7058823529411765, 0.8235294117647058, 0.71875, 0.5882352941176471, 0.6470588235294118, 0.6176470588235294, 0.6764705882352942, 0.65625]
 mean: 0.6883578431372548, std: 0.06468870464204744
F1 (Intime): [0.7048611111111112, 0.793939393939394, 0.5882352941176471, 0.7350649350649351, 0.6559139784946236, 0.7058823529411765, 0.7048611111111112, 0.6964285714285714, 0.8229166666666667, 0.718475073313783, 0.5882352941176471, 0.6421052631578947, 0.6146469049694856, 0.6693191865605659, 0.6559139784946236]
 mean: 0.6864532743659492, std: 0.06495846020222788
--------------------------------------------------
Subject Number: 7
Accuracy Cross: [0.6309523809523809, 0.5, 0.5833333333333334, 0.5833333333333334, 0.6428571428571429, 0.5476190476190477, 0.5952380952380952, 0.5833333333333334, 0.5357142857142857, 0.6428571428571429, 0.5833333333333334, 0.5714285714285714, 0.5833333333333334, 0.6071428571428571, 0.6428571428571429]
 mean: 0.5888888888888888, std: 0.039809321282490324
F1 Score: [0.6309000708717222, 0.49886363636363634, 0.5828011919965943, 0.5832742735648476, 0.641025641025641, 0.5143031040779062, 0.5654290931223371, 0.5655386434165804, 0.5303225806451612, 0.616555082166768, 0.5804195804195804, 0.5711854792966535, 0.5832742735648476, 0.6070871722182849, 0.625668449197861]
 mean: 0.579776551463228, std: 0.04030337731854918
Accuracy Intime: [0.6764705882352942, 0.5588235294117647, 0.5882352941176471, 0.8529411764705882, 0.71875, 0.5588235294117647, 0.6470588235294118, 0.6176470588235294, 0.5882352941176471, 0.8125, 0.5588235294117647, 0.5882352941176471, 0.6764705882352942, 0.6764705882352942, 0.625]
 mean: 0.6496323529411764, std: 0.08659577689210869
F1 (Intime): [0.6739319965126417, 0.5255813953488373, 0.5492424242424242, 0.8528138528138528, 0.718475073313783, 0.5584415584415584, 0.6470588235294118, 0.6007226738934056, 0.575, 0.8117647058823529, 0.5490716180371353, 0.575, 0.6693191865605659, 0.6621499548328816, 0.6]
 mean: 0.6379048842272568, std: 0.0935513407075351
--------------------------------------------------
Subject Number: 8
Accuracy Cross: [0.8571428571428571, 0.8452380952380952, 0.8452380952380952, 0.8333333333333334, 0.8452380952380952, 0.8690476190476191, 0.8095238095238095, 0.8690476190476191, 0.8690476190476191, 0.8928571428571429, 0.8571428571428571, 0.8690476190476191, 0.8928571428571429, 0.9166666666666666, 0.8571428571428571]
 mean: 0.8619047619047618, std: 0.025272513219191522
F1 Score: [0.8568181818181818, 0.8450404427415921, 0.8450404427415921, 0.8333333333333334, 0.8452161587526577, 0.8688803746275011, 0.8055555555555556, 0.8688803746275011, 0.8681318681318682, 0.8921078921078921, 0.8558352402745995, 0.86676279740447, 0.8921078921078921, 0.916083916083916, 0.8558352402745995]
 mean: 0.8610419807055436, std: 0.02562134500449232
Accuracy Intime: [0.9411764705882353, 0.9411764705882353, 0.9411764705882353, 0.9705882352941176, 0.9375, 0.9411764705882353, 0.9117647058823529, 0.8235294117647058, 0.7941176470588235, 0.9375, 0.9117647058823529, 0.9117647058823529, 0.7941176470588235, 0.8235294117647058, 0.875]
 mean: 0.8970588235294119, std: 0.05750670689534347
F1 (Intime): [0.9411764705882353, 0.9411764705882353, 0.9409722222222222, 0.970357454228422, 0.9372549019607843, 0.9409722222222222, 0.9116883116883117, 0.8229166666666667, 0.7895667550839964, 0.9375, 0.9116883116883117, 0.9116883116883117, 0.7895667550839964, 0.8229166666666667, 0.8745098039215686]
 mean: 0.8962634216198635, std: 0.05866154445688609
--------------------------------------------------
Subject Number: 9
Accuracy Cross: [0.7857142857142857, 0.7142857142857143, 0.7738095238095238, 0.7142857142857143, 0.75, 0.7976190476190477, 0.7619047619047619, 0.8333333333333334, 0.8095238095238095, 0.8333333333333334, 0.7023809523809523, 0.7023809523809523, 0.7142857142857143, 0.7023809523809523, 0.7142857142857143]
 mean: 0.7539682539682538, std: 0.04715381199210462
F1 Score: [0.7826336975273145, 0.7128205128205127, 0.7698630136986302, 0.7116704805491991, 0.7470967741935484, 0.7952688172043011, 0.7597254004576659, 0.8333333333333334, 0.8094157685762904, 0.8333333333333334, 0.6734566941377702, 0.6734566941377702, 0.6888888888888889, 0.6734566941377702, 0.6888888888888889]
 mean: 0.7435539327923478, std: 0.05674789648267105
Accuracy Intime: [0.8529411764705882, 0.7352941176470589, 0.8529411764705882, 0.6764705882352942, 0.71875, 0.9117647058823529, 0.7647058823529411, 0.8235294117647058, 0.9117647058823529, 0.8125, 0.9117647058823529, 0.9705882352941176, 0.9411764705882353, 0.9705882352941176, 0.9375]
 mean: 0.8528186274509805, std: 0.09175100319806222
F1 (Intime): [0.85178727114211, 0.7332170880557978, 0.8496905393457117, 0.6739319965126417, 0.694591728525981, 0.9116883116883117, 0.7638888888888888, 0.8178571428571428, 0.9116883116883117, 0.8125, 0.9116883116883117, 0.9705627705627706, 0.9403508771929825, 0.970357454228422, 0.9372549019607843]
 mean: 0.8500703729558778, std: 0.09481983425221992
--------------------------------------------------
Subject Number: 10
Accuracy Cross: [0.6428571428571429, 0.6309523809523809, 0.6428571428571429, 0.6428571428571429, 0.6309523809523809, 0.6785714285714286, 0.6547619047619048, 0.5833333333333334, 0.6428571428571429, 0.6666666666666666, 0.7142857142857143, 0.6428571428571429, 0.75, 0.6666666666666666, 0.6904761904761905]
 mean: 0.6587301587301587, std: 0.03781310872879871
F1 Score: [0.6428571428571429, 0.6304810557684121, 0.6395881006864989, 0.6377228292121909, 0.6296401649836438, 0.6785258681785967, 0.653534347887925, 0.5832742735648476, 0.641025641025641, 0.6664775950085082, 0.7141236528644356, 0.641025641025641, 0.7491110795050491, 0.6597222222222223, 0.690300623936472]
 mean: 0.657160682581815, std: 0.038036103869980596
Accuracy Intime: [0.7647058823529411, 0.7352941176470589, 0.6176470588235294, 0.6470588235294118, 0.625, 0.9117647058823529, 0.6764705882352942, 0.6470588235294118, 0.6470588235294118, 0.6875, 0.7647058823529411, 0.5588235294117647, 0.6176470588235294, 0.5, 0.53125]
 mean: 0.6621323529411764, std: 0.09988955478204885
F1 (Intime): [0.7638888888888888, 0.7235772357723578, 0.6173160173160173, 0.6470588235294118, 0.611336032388664, 0.9116883116883117, 0.6693191865605659, 0.6421052631578947, 0.6458333333333333, 0.6825396825396826, 0.7614035087719297, 0.5490716180371353, 0.6146469049694856, 0.49607672188317353, 0.5195195195195195]
 mean: 0.657025403223758, std: 0.10157851314509833
--------------------------------------------------
Subject Number: 11
Accuracy Cross: [0.6309523809523809, 0.5833333333333334, 0.6309523809523809, 0.6071428571428571, 0.6904761904761905, 0.8095238095238095, 0.7142857142857143, 0.7857142857142857, 0.7976190476190477, 0.75, 0.7142857142857143, 0.7023809523809523, 0.7619047619047619, 0.75, 0.7142857142857143]
 mean: 0.7095238095238093, std: 0.06773520093127576
F1 Score: [0.6304810557684121, 0.5832742735648476, 0.6304810557684121, 0.6066411238825031, 0.6876430205949657, 0.8085470085470086, 0.7142857142857143, 0.7855927396483267, 0.7973605789697744, 0.7499645641389086, 0.7128205128205127, 0.7002997002997002, 0.7606837606837606, 0.7499645641389086, 0.7128205128205127]
 mean: 0.7087240123954844, std: 0.06773162747928242
Accuracy Intime: [0.8235294117647058, 0.6470588235294118, 0.7058823529411765, 0.8823529411764706, 0.65625, 0.7352941176470589, 0.7058823529411765, 0.7058823529411765, 0.8235294117647058, 0.71875, 0.6176470588235294, 0.7647058823529411, 0.7647058823529411, 0.7647058823529411, 0.78125]
 mean: 0.7398284313725493, std: 0.06944497308526199
F1 (Intime): [0.8229166666666667, 0.6263736263736264, 0.7048611111111112, 0.8823529411764706, 0.6532019704433498, 0.7294429708222812, 0.6886446886446886, 0.6964285714285714, 0.8210526315789474, 0.718475073313783, 0.6091954022988506, 0.7614035087719297, 0.7614035087719297, 0.7638888888888888, 0.7810361681329423]
 mean: 0.7347118485616024, std: 0.07319403736803057
--------------------------------------------------
Subject Number: 12
Accuracy Cross: [0.7857142857142857, 0.7976190476190477, 0.8571428571428571, 0.8452380952380952, 0.8214285714285714, 0.7380952380952381, 0.7380952380952381, 0.7380952380952381, 0.7380952380952381, 0.7380952380952381, 0.7261904761904762, 0.7857142857142857, 0.7738095238095238, 0.7619047619047619, 0.7023809523809523]
 mean: 0.7698412698412699, std: 0.043830797687251025
F1 Score: [0.7846153846153847, 0.7952688172043011, 0.8571428571428571, 0.8450404427415921, 0.8183129055515501, 0.7282352941176471, 0.7254901960784313, 0.7223557692307692, 0.7306122448979592, 0.7306122448979592, 0.71449682281661, 0.7795918367346939, 0.7641495492832866, 0.7569444444444444, 0.6925779534475187]
 mean: 0.7630297842136671, std: 0.04771587964035628
Accuracy Intime: [0.7647058823529411, 0.7352941176470589, 0.7352941176470589, 0.7941176470588235, 0.84375, 0.8823529411764706, 0.8529411764705882, 0.9705882352941176, 0.7058823529411765, 0.90625, 0.8823529411764706, 0.7941176470588235, 0.6764705882352942, 0.7058823529411765, 0.875]
 mean: 0.8083333333333333, std: 0.08403092534799579
F1 (Intime): [0.7614035087719297, 0.7350649350649351, 0.7350649350649351, 0.793939393939394, 0.8435972629521017, 0.8823529411764706, 0.8528138528138528, 0.9705627705627706, 0.6886446886446886, 0.906158357771261, 0.8819444444444444, 0.7850045167118338, 0.6761904761904762, 0.7058823529411765, 0.8745098039215686]
 mean: 0.8062089493981225, std: 0.0857488460394743
--------------------------------------------------
Subject Number: 13
Accuracy Cross: [0.7380952380952381, 0.7380952380952381, 0.7023809523809523, 0.7738095238095238, 0.8095238095238095, 0.6785714285714286, 0.6904761904761905, 0.7023809523809523, 0.7142857142857143, 0.7738095238095238, 0.7619047619047619, 0.7976190476190477, 0.7976190476190477, 0.7976190476190477, 0.7619047619047619]
 mean: 0.7492063492063491, std: 0.042026039031345185
F1 Score: [0.7367521367521368, 0.7380952380952381, 0.6950776825903877, 0.7730052624093302, 0.8090909090909091, 0.6679841897233202, 0.6840277777777777, 0.6971881759192502, 0.7128205128205127, 0.7730052624093302, 0.7597254004576659, 0.7962037962037962, 0.7952688172043011, 0.7926528241614637, 0.7597254004576659]
 mean: 0.7460415590715391, std: 0.04403914032122894
Accuracy Intime: [0.9705882352941176, 0.8235294117647058, 0.7647058823529411, 0.9117647058823529, 0.875, 0.9117647058823529, 0.8235294117647058, 0.7941176470588235, 0.8823529411764706, 0.8125, 0.8823529411764706, 0.7941176470588235, 0.7647058823529411, 0.8235294117647058, 0.71875]
 mean: 0.8368872549019609, std: 0.06523868024298327
F1 (Intime): [0.9705627705627706, 0.8229166666666667, 0.7614035087719297, 0.9110723626852659, 0.873015873015873, 0.9116883116883117, 0.8235294117647058, 0.7895667550839964, 0.8819444444444444, 0.8056680161943319, 0.8823529411764706, 0.7925021795989537, 0.7647058823529411, 0.8210526315789474, 0.718475073313783]
 mean: 0.8353637885932929, std: 0.06586509184961349
--------------------------------------------------
Subject Number: 14
Accuracy Cross: [0.7857142857142857, 0.7738095238095238, 0.7857142857142857, 0.8214285714285714, 0.8333333333333334, 0.8214285714285714, 0.7619047619047619, 0.7261904761904762, 0.8333333333333334, 0.8095238095238095, 0.7619047619047619, 0.7976190476190477, 0.75, 0.75, 0.7857142857142857]
 mean: 0.7865079365079366, std: 0.03178568951508062
F1 Score: [0.7852272727272727, 0.7730052624093302, 0.7846153846153847, 0.8214032600992204, 0.8333333333333334, 0.8183129055515501, 0.7569444444444444, 0.7171717171717171, 0.8332387975042541, 0.8055555555555556, 0.7606837606837606, 0.7973605789697744, 0.7499645641389086, 0.7499645641389086, 0.7852272727272727]
 mean: 0.7848005782713792, std: 0.0329149571869021
Accuracy Intime: [0.7647058823529411, 0.8529411764705882, 0.8235294117647058, 0.7941176470588235, 0.875, 0.9411764705882353, 0.6470588235294118, 0.7058823529411765, 0.7941176470588235, 0.90625, 0.7352941176470589, 0.9117647058823529, 0.7647058823529411, 0.7941176470588235, 0.90625]
 mean: 0.8144607843137255, std: 0.08159906018118654
F1 (Intime): [0.7647058823529411, 0.85178727114211, 0.8210526315789474, 0.7925021795989537, 0.8745098039215686, 0.9411764705882353, 0.6458333333333333, 0.6964285714285714, 0.7925021795989537, 0.906158357771261, 0.7332170880557978, 0.9116883116883117, 0.7509157509157509, 0.7925021795989537, 0.9054187192118226]
 mean: 0.8120265820523674, std: 0.08329585545026126
--------------------------------------------------
**************************************************
accuracy_cross_list: [0.7539682539682537, 0.7833333333333333, 0.6634920634920635, 0.7071428571428572, 0.7984126984126985, 0.6349206349206349, 0.5888888888888888, 0.8619047619047618, 0.7539682539682538, 0.6587301587301587, 0.7095238095238093, 0.7698412698412699, 0.7492063492063491, 0.7865079365079366]
f1_score_list: [0.739032396117243, 0.7779785708995113, 0.624497881624619, 0.7019576416898069, 0.7957915577596297, 0.6341550738627991, 0.579776551463228, 0.8610419807055436, 0.7435539327923478, 0.657160682581815, 0.7087240123954844, 0.7630297842136671, 0.7460415590715391, 0.7848005782713792]
accuracy_intime_list: [0.8303921568627453, 0.7988970588235296, 0.7555147058823531, 0.7829656862745098, 0.8212009803921568, 0.6883578431372548, 0.6496323529411764, 0.8970588235294119, 0.8528186274509805, 0.6621323529411764, 0.7398284313725493, 0.8083333333333333, 0.8368872549019609, 0.8144607843137255]
f1_score_intime_list: [0.8276053186466358, 0.7914105865180538, 0.748309822510029, 0.7755851828904822, 0.816194001210046, 0.6864532743659492, 0.6379048842272568, 0.8962634216198635, 0.8500703729558778, 0.657025403223758, 0.7347118485616024, 0.8062089493981225, 0.8353637885932929, 0.8120265820523674]
**************************************************
ACC: 73.00±7.10
F1: 72.27±7.42
Intime: 78.13±7.09
F1 (Intime): 77.68±7.27
