1e-05
Subject Number: 1
Accuracy Cross: [0.36764705882352944, 0.5147058823529411, 0.4411764705882353, 0.4411764705882353, 0.4411764705882353, 0.37681159420289856, 0.3333333333333333, 0.391304347826087, 0.4057971014492754, 0.3333333333333333, 0.4117647058823529, 0.5, 0.5147058823529411, 0.4117647058823529, 0.47058823529411764]
 mean: 0.42368570616652457, std: 0.05705449682066324
F1 Score: [0.38681818181818184, 0.5377321173896161, 0.46552795031055894, 0.47178209387511716, 0.46072333239515906, 0.3709997549620191, 0.3341658341658341, 0.3892832495316967, 0.4032239247102746, 0.3399621212121212, 0.3814375279892521, 0.49629926778435596, 0.5223063973063973, 0.39613154960981045, 0.45042735042735044]
 mean: 0.427121376899183, std: 0.0617975497120292
Accuracy Intime: [0.5357142857142857, 0.6071428571428571, 0.2857142857142857, 0.38461538461538464, 0.5384615384615384, 0.5, 0.5714285714285714, 0.5, 0.5769230769230769, 0.5384615384615384, 0.4642857142857143, 0.5357142857142857, 0.21428571428571427, 0.38461538461538464, 0.5384615384615384]
 mean: 0.47838827838827835, std: 0.10891447241722624
F1 (Intime): [0.5213903743315508, 0.575, 0.29070929070929075, 0.37192982456140355, 0.5398928556823295, 0.5, 0.5854458041958042, 0.5181277056277056, 0.6119652406417112, 0.5444444444444445, 0.4757326007326007, 0.5303884711779449, 0.2509920634920635, 0.35989010989010983, 0.551923076923077]
 mean: 0.4818554574940023, std: 0.10674749676218885
--------------------------------------------------
Subject Number: 2
Accuracy Cross: [0.2318840579710145, 0.2898550724637681, 0.2318840579710145, 0.2028985507246377, 0.2898550724637681, 0.27941176470588236, 0.23529411764705882, 0.3235294117647059, 0.29411764705882354, 0.29411764705882354, 0.3333333333333333, 0.37681159420289856, 0.37681159420289856, 0.2608695652173913, 0.34782608695652173]
 mean: 0.29123330491616933, std: 0.051461644092267465
F1 Score: [0.2526785714285714, 0.317287784679089, 0.24150656814449917, 0.22153322867608582, 0.30964839424141744, 0.2807978289705864, 0.2456357048748353, 0.33043414918414915, 0.30703463203463205, 0.3386416429099356, 0.3107273473652784, 0.37880913229750435, 0.33211240310077517, 0.2310368494544766, 0.358678955453149]
 mean: 0.29710421285433236, std: 0.04721116134909612
Accuracy Intime: [0.6071428571428571, 0.42857142857142855, 0.5357142857142857, 0.5, 0.4230769230769231, 0.5, 0.42857142857142855, 0.32142857142857145, 0.35714285714285715, 0.3076923076923077, 0.5714285714285714, 0.42857142857142855, 0.5, 0.46153846153846156, 0.23076923076923078]
 mean: 0.4401098901098901, std: 0.09950568159965258
F1 (Intime): [0.6068181818181818, 0.42078349282296656, 0.5039124961725581, 0.42094017094017094, 0.40674603174603174, 0.49031279178338005, 0.4214285714285714, 0.2668831168831169, 0.3055555555555556, 0.2858187134502924, 0.5651515151515152, 0.427252024291498, 0.47563025210084037, 0.4645833333333333, 0.1925133689839572]
 mean: 0.4169553077641313, std: 0.10937014560624862
--------------------------------------------------
Subject Number: 3
Accuracy Cross: [0.3235294117647059, 0.3088235294117647, 0.22058823529411764, 0.23529411764705882, 0.22058823529411764, 0.34782608695652173, 0.2608695652173913, 0.2463768115942029, 0.2898550724637681, 0.34782608695652173, 0.2608695652173913, 0.2463768115942029, 0.2608695652173913, 0.2608695652173913, 0.34782608695652173]
 mean: 0.2785592497868713, std: 0.0442536544723477
F1 Score: [0.32871413558976753, 0.30994152046783624, 0.2250039375039375, 0.23426524455936223, 0.21691729323308268, 0.31670040485829953, 0.24463043688850142, 0.22824081480296485, 0.26605077928607346, 0.34224085365853657, 0.2312456866804693, 0.23014851975967163, 0.23674242424242425, 0.23889029322548028, 0.3200559603918971]
 mean: 0.26465255367655366, std: 0.04336309122819678
Accuracy Intime: [0.5, 0.5, 0.35714285714285715, 0.4642857142857143, 0.2692307692307692, 0.42857142857142855, 0.2857142857142857, 0.35714285714285715, 0.3076923076923077, 0.5384615384615384, 0.42857142857142855, 0.39285714285714285, 0.17857142857142858, 0.5, 0.46153846153846156]
 mean: 0.39798534798534807, std: 0.10003353836547815
F1 (Intime): [0.5094322344322344, 0.5105717811600164, 0.32702020202020204, 0.44027777777777777, 0.2838235294117647, 0.4076388888888889, 0.272151378033731, 0.357274098450569, 0.2881944444444444, 0.5303921568627451, 0.4507326007326007, 0.40064102564102566, 0.17787114845938373, 0.49122807017543857, 0.4264957264957265]
 mean: 0.39158300419910325, std: 0.10074916343712581
--------------------------------------------------
Subject Number: 4
Accuracy Cross: [0.43478260869565216, 0.4492753623188406, 0.42028985507246375, 0.5362318840579711, 0.5217391304347826, 0.463768115942029, 0.5507246376811594, 0.5652173913043478, 0.5217391304347826, 0.5362318840579711, 0.37681159420289856, 0.42028985507246375, 0.42028985507246375, 0.4492753623188406, 0.4782608695652174]
 mean: 0.47632850241545893, std: 0.056221590438555194
F1 Score: [0.4517274599667944, 0.478992673992674, 0.441463874740615, 0.5494047619047618, 0.5266694595726853, 0.4717726606098699, 0.5698329908856224, 0.5881444469679764, 0.510903184290281, 0.5588470610735689, 0.35067033436598655, 0.3879399585921325, 0.4372888093818326, 0.4725780644898292, 0.4806356526493451]
 mean: 0.4851247595655982, std: 0.06479310016484992
Accuracy Intime: [0.5, 0.5714285714285714, 0.5, 0.42857142857142855, 0.5, 0.5, 0.6071428571428571, 0.5, 0.39285714285714285, 0.46153846153846156, 0.6785714285714286, 0.35714285714285715, 0.75, 0.5, 0.38461538461538464]
 mean: 0.5087912087912089, std: 0.10379235771532636
F1 (Intime): [0.48063909774436087, 0.5888888888888889, 0.5187499999999999, 0.4353913630229419, 0.5, 0.5308926367749898, 0.6237179487179487, 0.4902777777777778, 0.41057130004498427, 0.4903846153846154, 0.6927350427350427, 0.33488612836438925, 0.7411616161616161, 0.5017482517482518, 0.37504848093083387]
 mean: 0.5143395432197762, std: 0.10719041824084591
--------------------------------------------------
Subject Number: 5
Accuracy Cross: [0.4264705882352941, 0.45588235294117646, 0.4117647058823529, 0.39705882352941174, 0.4411764705882353, 0.4852941176470588, 0.4411764705882353, 0.47058823529411764, 0.47058823529411764, 0.47058823529411764, 0.45588235294117646, 0.4264705882352941, 0.4117647058823529, 0.36764705882352944, 0.45588235294117646]
 mean: 0.43921568627450985, std: 0.031249759706880837
F1 Score: [0.391025641025641, 0.40714285714285714, 0.4086855173811696, 0.39182309511171165, 0.4273809523809524, 0.4599910490511995, 0.4396804584304584, 0.502050485746138, 0.45367258014316836, 0.47380902850010403, 0.4519744623192899, 0.4047060276679842, 0.3962420558165239, 0.3614336477239703, 0.4470336348385129]
 mean: 0.42777676621864547, std: 0.03633526275018388
Accuracy Intime: [0.7142857142857143, 0.8214285714285714, 0.5714285714285714, 0.6538461538461539, 0.5769230769230769, 0.5714285714285714, 0.5714285714285714, 0.4642857142857143, 0.5769230769230769, 0.34615384615384615, 0.6071428571428571, 0.6428571428571429, 0.6071428571428571, 0.6538461538461539, 0.6923076923076923]
 mean: 0.6047619047619046, std: 0.10468374860704735
F1 (Intime): [0.717948717948718, 0.8236263736263736, 0.5654761904761905, 0.6526515151515152, 0.5119047619047619, 0.5633116883116883, 0.5828282828282828, 0.43998811645870467, 0.46377708978328175, 0.29207634470792365, 0.6211538461538462, 0.6134898190045248, 0.5742521367521367, 0.5770833333333334, 0.6826194638694638]
 mean: 0.5788125120207163, std: 0.1206023163994305
--------------------------------------------------
Subject Number: 6
Accuracy Cross: [0.5294117647058824, 0.36764705882352944, 0.45588235294117646, 0.47058823529411764, 0.4411764705882353, 0.3333333333333333, 0.42028985507246375, 0.43478260869565216, 0.391304347826087, 0.391304347826087, 0.3188405797101449, 0.2898550724637681, 0.391304347826087, 0.36231884057971014, 0.463768115942029]
 mean: 0.4041204887752202, std: 0.062095772198603134
F1 Score: [0.5340194639958605, 0.3617263483642794, 0.4560662525879917, 0.4690126050420168, 0.46104469854469854, 0.2831081081081081, 0.35138888888888886, 0.37624024919106885, 0.3640633176347462, 0.326659811985899, 0.33291099144757685, 0.2864483065953654, 0.4063925205229553, 0.38403762525997354, 0.49637529137529135]
 mean: 0.39263296530298136, std: 0.073250665497259
Accuracy Intime: [0.6785714285714286, 0.4642857142857143, 0.5357142857142857, 0.6428571428571429, 0.38461538461538464, 0.4642857142857143, 0.6428571428571429, 0.5714285714285714, 0.38461538461538464, 0.5, 0.5714285714285714, 0.42857142857142855, 0.2857142857142857, 0.6538461538461539, 0.4230769230769231]
 mean: 0.5087912087912089, std: 0.11337514116481803
F1 (Intime): [0.6835357624831309, 0.4653846153846154, 0.5446886446886446, 0.65, 0.33658008658008653, 0.47756410256410253, 0.6141941391941392, 0.5651960784313725, 0.3206349206349206, 0.4311965811965812, 0.5752801120448179, 0.4302631578947368, 0.25427350427350426, 0.613087531663383, 0.27884615384615385]
 mean: 0.48271502605867933, std: 0.13389418146893992
--------------------------------------------------
Subject Number: 7
Accuracy Cross: [0.45588235294117646, 0.47058823529411764, 0.38235294117647056, 0.5882352941176471, 0.5, 0.35294117647058826, 0.3382352941176471, 0.4264705882352941, 0.4264705882352941, 0.4117647058823529, 0.5147058823529411, 0.4411764705882353, 0.39705882352941174, 0.36764705882352944, 0.45588235294117646]
 mean: 0.4352941176470589, std: 0.06416889479197478
F1 Score: [0.4341394631480311, 0.4233511586452763, 0.3570947570947571, 0.5804700854700855, 0.4842017738359202, 0.352252024291498, 0.33401410417539446, 0.43740261049698437, 0.4119198715498127, 0.3964841464841465, 0.5147058823529411, 0.4282355915065723, 0.3894230769230769, 0.36325097174550497, 0.4713863372399958]
 mean: 0.42522212366399986, std: 0.06448212368480015
Accuracy Intime: [0.42857142857142855, 0.42857142857142855, 0.39285714285714285, 0.4230769230769231, 0.4230769230769231, 0.5, 0.4642857142857143, 0.6071428571428571, 0.5384615384615384, 0.34615384615384615, 0.6785714285714286, 0.5714285714285714, 0.5357142857142857, 0.5, 0.5]
 mean: 0.4891941391941392, std: 0.08482720897488359
F1 (Intime): [0.33492822966507174, 0.43482905982905984, 0.3645833333333333, 0.404978354978355, 0.4035714285714286, 0.46890331890331893, 0.45539529914529914, 0.6076815341521224, 0.43125, 0.321078431372549, 0.6724358974358974, 0.5495614035087719, 0.4796016483516483, 0.4507381507381508, 0.47727272727272724]
 mean: 0.4571205878171823, std: 0.09216750903660698
--------------------------------------------------
Subject Number: 8
Accuracy Cross: [0.25, 0.29411764705882354, 0.23529411764705882, 0.3235294117647059, 0.27941176470588236, 0.35294117647058826, 0.36764705882352944, 0.35294117647058826, 0.29411764705882354, 0.25, 0.29411764705882354, 0.23529411764705882, 0.38235294117647056, 0.3235294117647059, 0.36764705882352944]
 mean: 0.30686274509803924, std: 0.048882160244383965
F1 Score: [0.26477272727272727, 0.29442355889724314, 0.255319130975053, 0.3099366983175079, 0.29021097624847536, 0.3625, 0.3652947935009304, 0.35530605838135004, 0.2816367564597305, 0.25574045407636736, 0.27764418377321604, 0.21652232826676093, 0.4009435014031477, 0.32812971342383107, 0.3565371030700866]
 mean: 0.30766119893776184, std: 0.05016821481260554
Accuracy Intime: [0.39285714285714285, 0.39285714285714285, 0.32142857142857145, 0.2692307692307692, 0.38461538461538464, 0.17857142857142858, 0.39285714285714285, 0.39285714285714285, 0.2692307692307692, 0.4230769230769231, 0.32142857142857145, 0.35714285714285715, 0.39285714285714285, 0.4230769230769231, 0.5384615384615384]
 mean: 0.36336996336996336, std: 0.08083627494937011
F1 (Intime): [0.3795518207282913, 0.3768225238813474, 0.3036199095022625, 0.24503968253968253, 0.3780885780885781, 0.15557359307359309, 0.39379370629370636, 0.3939560439560439, 0.22979797979797983, 0.4179924242424242, 0.3013305322128852, 0.38980137509549273, 0.37593370681605975, 0.40476190476190477, 0.5301587301587302]
 mean: 0.3517481674099321, std: 0.08805614474746265
--------------------------------------------------
Subject Number: 9
Accuracy Cross: [0.45588235294117646, 0.45588235294117646, 0.4264705882352941, 0.45588235294117646, 0.5, 0.3088235294117647, 0.35294117647058826, 0.38235294117647056, 0.3235294117647059, 0.22058823529411764, 0.3382352941176471, 0.38235294117647056, 0.38235294117647056, 0.3382352941176471, 0.35294117647058826]
 mean: 0.37843137254901965, std: 0.06949037312419351
F1 Score: [0.4746568326498987, 0.47497767655586876, 0.4589056928848917, 0.47648358585858586, 0.5278001113241387, 0.31741713570981867, 0.38176365323435846, 0.4025759279616222, 0.34226190476190477, 0.25148809523809523, 0.349262676508344, 0.40065934065934067, 0.4126540126540127, 0.35011234169213323, 0.39159125188536953]
 mean: 0.4008406826385589, std: 0.0705597167540232
Accuracy Intime: [0.5357142857142857, 0.39285714285714285, 0.5714285714285714, 0.4230769230769231, 0.38461538461538464, 0.6428571428571429, 0.6071428571428571, 0.5714285714285714, 0.38461538461538464, 0.34615384615384615, 0.5714285714285714, 0.6071428571428571, 0.5714285714285714, 0.5, 0.4230769230769231]
 mean: 0.5021978021978022, std: 0.09612087346744926
F1 (Intime): [0.5182764603817235, 0.42767857142857146, 0.5844017094017094, 0.33170426065162906, 0.3159722222222222, 0.6393253805018511, 0.606612685560054, 0.5681511470985154, 0.36992027580262876, 0.2875, 0.5783882783882783, 0.5936840936840937, 0.5752005347593583, 0.4684873949579832, 0.3538011695906432]
 mean: 0.48127361229528415, std: 0.1183386850533838
--------------------------------------------------
Subject Number: 10
Accuracy Cross: [0.27941176470588236, 0.3088235294117647, 0.2647058823529412, 0.2647058823529412, 0.3088235294117647, 0.35294117647058826, 0.19117647058823528, 0.22058823529411764, 0.27941176470588236, 0.22058823529411764, 0.2463768115942029, 0.2463768115942029, 0.30434782608695654, 0.2608695652173913, 0.2608695652173913]
 mean: 0.2673344700198921, std: 0.039647799885433724
F1 Score: [0.25530605511253474, 0.3028121749051982, 0.2618589743589744, 0.2639174167361554, 0.3, 0.34282346181659684, 0.18438359292017828, 0.2052745992499313, 0.27061965811965816, 0.2184766214177979, 0.241370703180716, 0.25266175266175267, 0.31305536568694464, 0.25342685799957165, 0.24856163402670867]
 mean: 0.2609699245461813, std: 0.04021510937413495
Accuracy Intime: [0.25, 0.42857142857142855, 0.32142857142857145, 0.23076923076923078, 0.19230769230769232, 0.5, 0.32142857142857145, 0.2857142857142857, 0.2692307692307692, 0.34615384615384615, 0.35714285714285715, 0.32142857142857145, 0.25, 0.38461538461538464, 0.34615384615384615]
 mean: 0.32032967032967036, std: 0.0770002229582989
F1 (Intime): [0.23443223443223443, 0.41944444444444445, 0.31358543417366946, 0.20170454545454547, 0.19316696375519907, 0.5057422969187675, 0.3441558441558441, 0.27965686274509804, 0.2706709956709957, 0.3188536953242836, 0.34054359383306754, 0.3190476190476191, 0.22499999999999998, 0.35737628384687214, 0.3388082505729565]
 mean: 0.31081260429170654, std: 0.08017111656909309
--------------------------------------------------
Subject Number: 11
Accuracy Cross: [0.37681159420289856, 0.3333333333333333, 0.30434782608695654, 0.30434782608695654, 0.34782608695652173, 0.463768115942029, 0.42028985507246375, 0.34782608695652173, 0.391304347826087, 0.37681159420289856, 0.3188405797101449, 0.3333333333333333, 0.42028985507246375, 0.36231884057971014, 0.36231884057971014]
 mean: 0.36425120772946856, std: 0.04391620551638072
F1 Score: [0.34908109585297536, 0.32268475572047, 0.3014544936173344, 0.3151960784313726, 0.34859315837576704, 0.4274785801713586, 0.3983762597984322, 0.33475159509642266, 0.36972954736112634, 0.3634502923976608, 0.27755952380952387, 0.3032692915876028, 0.38831753392893675, 0.3573233171059258, 0.3314185247601763]
 mean: 0.3459122698676723, std: 0.03873901710660004
Accuracy Intime: [0.25, 0.4642857142857143, 0.4642857142857143, 0.5714285714285714, 0.5384615384615384, 0.35714285714285715, 0.39285714285714285, 0.42857142857142855, 0.4642857142857143, 0.4230769230769231, 0.2857142857142857, 0.2857142857142857, 0.35714285714285715, 0.5357142857142857, 0.5]
 mean: 0.42124542124542125, std: 0.095324348093646
F1 (Intime): [0.25615079365079363, 0.44917929292929293, 0.43056318681318684, 0.5817460317460318, 0.5335858585858586, 0.35014005602240894, 0.3334165834165834, 0.400974025974026, 0.3797979797979798, 0.3836898395721925, 0.24305555555555555, 0.26884920634920634, 0.34448529411764706, 0.5292207792207791, 0.49264705882352944]
 mean: 0.3985001028383381, std: 0.10088880940272683
--------------------------------------------------
Subject Number: 12
Accuracy Cross: [0.4411764705882353, 0.47058823529411764, 0.4852941176470588, 0.5588235294117647, 0.4852941176470588, 0.4057971014492754, 0.391304347826087, 0.463768115942029, 0.4057971014492754, 0.36231884057971014, 0.4264705882352941, 0.4117647058823529, 0.4117647058823529, 0.45588235294117646, 0.4411764705882353]
 mean: 0.4411480534242684, std: 0.046533693858830064
F1 Score: [0.42764479347579853, 0.4730193696911963, 0.4687891496868025, 0.5720238095238095, 0.49294397463002115, 0.4132408001711596, 0.39029403567447046, 0.45865587614356085, 0.4051381266369224, 0.37823829927488467, 0.4219636717154095, 0.41167027417027413, 0.4223322120274806, 0.470441254651781, 0.4679143363986989]
 mean: 0.444953998924818, std: 0.04736209093121862
Accuracy Intime: [0.4642857142857143, 0.39285714285714285, 0.42857142857142855, 0.4230769230769231, 0.4230769230769231, 0.35714285714285715, 0.4642857142857143, 0.4642857142857143, 0.3076923076923077, 0.3076923076923077, 0.6071428571428571, 0.6428571428571429, 0.4642857142857143, 0.46153846153846156, 0.5384615384615384]
 mean: 0.44981684981684983, std: 0.09127312852162266
F1 (Intime): [0.4620915032679738, 0.3733893557422969, 0.35661764705882354, 0.33531746031746035, 0.3472222222222222, 0.36268674136321194, 0.4788838612368024, 0.45446336429308565, 0.19523809523809524, 0.26458333333333334, 0.6261904761904762, 0.6643665158371042, 0.46031746031746035, 0.3804112554112554, 0.5171356421356421]
 mean: 0.4185943289310162, std: 0.12051815088681724
--------------------------------------------------
Subject Number: 13
Accuracy Cross: [0.36764705882352944, 0.3235294117647059, 0.35294117647058826, 0.27941176470588236, 0.35294117647058826, 0.36231884057971014, 0.3188405797101449, 0.34782608695652173, 0.30434782608695654, 0.4057971014492754, 0.36764705882352944, 0.3088235294117647, 0.29411764705882354, 0.29411764705882354, 0.3088235294117647]
 mean: 0.3326086956521739, std: 0.034397841333192486
F1 Score: [0.38772247115833014, 0.32144535840188015, 0.3670634920634921, 0.30997793056616585, 0.36411533816425123, 0.3506762305127954, 0.3189935064935065, 0.3321915900863269, 0.31860548807917227, 0.3960637480798771, 0.3663835263835264, 0.3327928591086486, 0.30247476101134635, 0.2946812469456288, 0.3132867132867133]
 mean: 0.33843161735611077, std: 0.030485821075577988
Accuracy Intime: [0.35714285714285715, 0.35714285714285715, 0.35714285714285715, 0.4230769230769231, 0.34615384615384615, 0.35714285714285715, 0.39285714285714285, 0.4642857142857143, 0.23076923076923078, 0.38461538461538464, 0.5714285714285714, 0.39285714285714285, 0.6071428571428571, 0.4230769230769231, 0.3076923076923077]
 mean: 0.3981684981684982, std: 0.09135578134655312
F1 (Intime): [0.34532563025210083, 0.296218487394958, 0.36898926237161533, 0.41865079365079366, 0.298051948051948, 0.35241596638655465, 0.37628968253968254, 0.4825805322128851, 0.23066305675001328, 0.3711269123033829, 0.5804222093695778, 0.34139080733507976, 0.6166666666666667, 0.4391414141414141, 0.30192307692307696]
 mean: 0.38799042975665005, std: 0.10215568954257444
--------------------------------------------------
Subject Number: 14
Accuracy Cross: [0.27941176470588236, 0.3088235294117647, 0.27941176470588236, 0.22058823529411764, 0.29411764705882354, 0.3235294117647059, 0.35294117647058826, 0.29411764705882354, 0.3235294117647059, 0.23529411764705882, 0.39705882352941174, 0.3235294117647059, 0.3088235294117647, 0.35294117647058826, 0.3382352941176471]
 mean: 0.30882352941176466, std: 0.04362469698291566
F1 Score: [0.28947549535784833, 0.3334796049874681, 0.3013191763191763, 0.24695210056713507, 0.3033799533799534, 0.3023552444233507, 0.35246086724315323, 0.2755681818181818, 0.33208914159941305, 0.20885210803689064, 0.40383548541367764, 0.2833333333333333, 0.30527216289516057, 0.3413841113841114, 0.33455882352941174]
 mean: 0.30762105268588436, std: 0.044627554737510566
Accuracy Intime: [0.39285714285714285, 0.32142857142857145, 0.4642857142857143, 0.4230769230769231, 0.34615384615384615, 0.4642857142857143, 0.5357142857142857, 0.35714285714285715, 0.46153846153846156, 0.34615384615384615, 0.32142857142857145, 0.35714285714285715, 0.35714285714285715, 0.5, 0.3076923076923077]
 mean: 0.39706959706959694, std: 0.0698102576364983
F1 (Intime): [0.3366071428571429, 0.30926748689906586, 0.4275375939849624, 0.32046783625730996, 0.3596638655462185, 0.4522727272727273, 0.5286377708978328, 0.29621848739495793, 0.49067982456140347, 0.33886599511599513, 0.2582757799476066, 0.3786231884057971, 0.293859649122807, 0.4824936673233887, 0.267379679144385]
 mean: 0.36939004631544, std: 0.08371378109124482
--------------------------------------------------
Subject Number: 15
Accuracy Cross: [0.4264705882352941, 0.35294117647058826, 0.36764705882352944, 0.39705882352941174, 0.39705882352941174, 0.5, 0.5, 0.5294117647058824, 0.5441176470588235, 0.5, 0.45588235294117646, 0.38235294117647056, 0.39705882352941174, 0.4117647058823529, 0.47058823529411764]
 mean: 0.44215686274509813, std: 0.0596671531556978
F1 Score: [0.4456644144144144, 0.3699561403508772, 0.4009009009009009, 0.433215316024128, 0.4249655861026019, 0.5069343381843382, 0.5087992326364419, 0.5345441595441596, 0.5524216524216524, 0.5141250150186231, 0.46087646087646084, 0.3769871794871795, 0.41074678574678575, 0.41839826839826844, 0.48812636165577344]
 mean: 0.4564441207841737, std: 0.055984018232844567
Accuracy Intime: [0.5714285714285714, 0.5714285714285714, 0.6428571428571429, 0.5769230769230769, 0.34615384615384615, 0.42857142857142855, 0.32142857142857145, 0.5714285714285714, 0.5384615384615384, 0.46153846153846156, 0.5357142857142857, 0.5, 0.4642857142857143, 0.6923076923076923, 0.5384615384615384]
 mean: 0.5173992673992674, std: 0.09720082359394268
F1 (Intime): [0.578030303030303, 0.5888888888888889, 0.6453525641025641, 0.5941176470588235, 0.3121345029239766, 0.4038011695906432, 0.32142857142857145, 0.5802631578947368, 0.5819757727652464, 0.4322802197802198, 0.5388655462184874, 0.5268640350877193, 0.47500000000000003, 0.7139610389610389, 0.569047619047619]
 mean: 0.5241340691185892, std: 0.11040119420931918
--------------------------------------------------
Subject Number: 16
Accuracy Cross: [0.35294117647058826, 0.38235294117647056, 0.47058823529411764, 0.4411764705882353, 0.5441176470588235, 0.3382352941176471, 0.35294117647058826, 0.4264705882352941, 0.4264705882352941, 0.3235294117647059, 0.4852941176470588, 0.5147058823529411, 0.4264705882352941, 0.4117647058823529, 0.4852941176470588]
 mean: 0.4254901960784314, std: 0.06431850771316362
F1 Score: [0.2781122259383129, 0.35799498746867164, 0.424901185770751, 0.4193955653752071, 0.4980008417508417, 0.31153094217610344, 0.34154623154623154, 0.41525535990869816, 0.39612193903048476, 0.3145732563582462, 0.3969553217181301, 0.46494597839135654, 0.4038850163469249, 0.3825882450882451, 0.4338197644649257]
 mean: 0.38930845742220865, std: 0.05772650265482249
Accuracy Intime: [0.5714285714285714, 0.42857142857142855, 0.5714285714285714, 0.5769230769230769, 0.5769230769230769, 0.5, 0.39285714285714285, 0.6071428571428571, 0.6153846153846154, 0.4230769230769231, 0.6071428571428571, 0.42857142857142855, 0.6428571428571429, 0.5769230769230769, 0.46153846153846156]
 mean: 0.532051282051282, std: 0.08095569581995338
F1 (Intime): [0.5638888888888889, 0.4125, 0.552458068247542, 0.5678571428571428, 0.5746753246753247, 0.47745098039215683, 0.3650699146055183, 0.5856803327391563, 0.564957264957265, 0.44166666666666665, 0.5319548872180451, 0.43978696741854634, 0.6419413919413919, 0.5776556776556776, 0.4107997265892003]
 mean: 0.513889548990168, std: 0.07926167507438417
--------------------------------------------------
Subject Number: 17
Accuracy Cross: [0.43478260869565216, 0.42028985507246375, 0.42028985507246375, 0.42028985507246375, 0.4057971014492754, 0.30434782608695654, 0.36231884057971014, 0.43478260869565216, 0.391304347826087, 0.391304347826087, 0.35294117647058826, 0.39705882352941174, 0.4411764705882353, 0.47058823529411764, 0.36764705882352944]
 mean: 0.4009946007388463, std: 0.0402839886195685
F1 Score: [0.38915385974209504, 0.3781472009093493, 0.4105605946941281, 0.4090885002649708, 0.39116161616161615, 0.243645178197065, 0.3106707446582558, 0.3853604023095548, 0.3586018237082067, 0.3412698412698413, 0.31161632883297163, 0.36737620772946855, 0.44710532434317596, 0.46955741626794256, 0.37529761904761905]
 mean: 0.3725741772090841, std: 0.05411840987921015
Accuracy Intime: [0.21428571428571427, 0.39285714285714285, 0.32142857142857145, 0.4230769230769231, 0.38461538461538464, 0.4642857142857143, 0.5714285714285714, 0.4642857142857143, 0.6538461538461539, 0.6923076923076923, 0.32142857142857145, 0.6071428571428571, 0.42857142857142855, 0.4642857142857143, 0.4230769230769231]
 mean: 0.4551282051282051, std: 0.12596153013955602
F1 (Intime): [0.2350741578682755, 0.36799719887955185, 0.22, 0.35858585858585856, 0.24812030075187969, 0.4869047619047619, 0.5839598997493733, 0.4, 0.6087719298245614, 0.6873015873015874, 0.31953227931488803, 0.5949754901960784, 0.4303921568627451, 0.4857100415923945, 0.37459150326797386]
 mean: 0.4267944777399953, std: 0.14037229341176563
--------------------------------------------------
Subject Number: 18
Accuracy Cross: [0.37681159420289856, 0.42028985507246375, 0.391304347826087, 0.42028985507246375, 0.36231884057971014, 0.3235294117647059, 0.36764705882352944, 0.27941176470588236, 0.29411764705882354, 0.29411764705882354, 0.3235294117647059, 0.3235294117647059, 0.27941176470588236, 0.38235294117647056, 0.3382352941176471]
 mean: 0.3451264563796533, std: 0.04612404231237548
F1 Score: [0.3992673992673993, 0.449072116513977, 0.39748397435897437, 0.41893110385070836, 0.3744200244200244, 0.35307873149259705, 0.3814205666263508, 0.30180576504105916, 0.31193806193806195, 0.3215101944049312, 0.34860802157061005, 0.3324915824915825, 0.2954845629133485, 0.40151515151515155, 0.36797346797346797]
 mean: 0.3636667149585496, std: 0.043879002959866624
Accuracy Intime: [0.39285714285714285, 0.42857142857142855, 0.5714285714285714, 0.34615384615384615, 0.2692307692307692, 0.35714285714285715, 0.5, 0.4642857142857143, 0.23076923076923078, 0.34615384615384615, 0.39285714285714285, 0.39285714285714285, 0.5, 0.38461538461538464, 0.4230769230769231]
 mean: 0.40000000000000013, std: 0.08510159533167293
F1 (Intime): [0.386013986013986, 0.43763736263736264, 0.5681318681318681, 0.27622549019607845, 0.24545454545454545, 0.39642857142857146, 0.5048611111111111, 0.45470085470085464, 0.23364870423693954, 0.316504329004329, 0.3884615384615384, 0.3913106909430439, 0.49872349872349875, 0.4184194890077243, 0.45]
 mean: 0.39776813600343014, std: 0.09325575304828616
--------------------------------------------------
Subject Number: 19
Accuracy Cross: [0.3088235294117647, 0.35294117647058826, 0.2647058823529412, 0.27941176470588236, 0.3235294117647059, 0.35294117647058826, 0.4264705882352941, 0.47058823529411764, 0.39705882352941174, 0.4264705882352941, 0.36764705882352944, 0.3088235294117647, 0.38235294117647056, 0.3235294117647059, 0.35294117647058826]
 mean: 0.3558823529411764, std: 0.0555978308970895
F1 Score: [0.2840303884711779, 0.3576472962066182, 0.2879496037390774, 0.3058424319387506, 0.32391935114087805, 0.29623538011695905, 0.38317743764172335, 0.46507512095747394, 0.3794068947554464, 0.40288220551378445, 0.36335832189490724, 0.313171321160043, 0.3711614472484038, 0.3421125975473802, 0.3787262872628726]
 mean: 0.3503130723730331, std: 0.04806544878679087
Accuracy Intime: [0.4642857142857143, 0.5714285714285714, 0.4642857142857143, 0.5, 0.4230769230769231, 0.4642857142857143, 0.39285714285714285, 0.39285714285714285, 0.46153846153846156, 0.46153846153846156, 0.5, 0.4642857142857143, 0.4642857142857143, 0.5384615384615384, 0.5384615384615384]
 mean: 0.4734432234432234, std: 0.048781252765471926
F1 (Intime): [0.4665223665223665, 0.5493006993006992, 0.48181818181818187, 0.481578947368421, 0.43253968253968256, 0.4620915032679738, 0.40407268170426064, 0.3883201357466063, 0.43849206349206343, 0.46303418803418805, 0.5087412587412588, 0.39705882352941174, 0.4758928571428571, 0.5059873949579832, 0.5343137254901961]
 mean: 0.4659843006437433, std: 0.046292567074813995
--------------------------------------------------
Subject Number: 20
Accuracy Cross: [0.5, 0.4411764705882353, 0.4852941176470588, 0.4411764705882353, 0.5147058823529411, 0.38235294117647056, 0.39705882352941174, 0.39705882352941174, 0.36764705882352944, 0.39705882352941174, 0.4057971014492754, 0.391304347826087, 0.34782608695652173, 0.4492753623188406, 0.463768115942029]
 mean: 0.4254333617504973, std: 0.048187512908382454
F1 Score: [0.5132200893612363, 0.46684981684981686, 0.5059210526315789, 0.4542698658410733, 0.5376940133037694, 0.3833354145854146, 0.3982051582543789, 0.42613636363636365, 0.36401111912620865, 0.41260437073244954, 0.4188109756097561, 0.3935416201594159, 0.3592059900883431, 0.4525963808025177, 0.4711193062256892]
 mean: 0.4371681024805341, std: 0.052909959259358624
Accuracy Intime: [0.5357142857142857, 0.5, 0.5357142857142857, 0.38461538461538464, 0.4230769230769231, 0.7142857142857143, 0.6785714285714286, 0.6071428571428571, 0.5769230769230769, 0.46153846153846156, 0.6071428571428571, 0.5357142857142857, 0.35714285714285715, 0.5, 0.38461538461538464]
 mean: 0.5201465201465201, std: 0.10290856598364548
F1 (Intime): [0.5542735042735043, 0.5164565826330532, 0.5397058823529411, 0.36694139194139197, 0.40476190476190477, 0.7314744079449962, 0.6550896471949104, 0.6182539682539683, 0.5720588235294117, 0.44675751879699244, 0.6191330599225336, 0.5381313131313131, 0.3471571906354515, 0.5246983408748115, 0.3589646464646465]
 mean: 0.5195905455141221, std: 0.11104475336961776
--------------------------------------------------
Subject Number: 21
Accuracy Cross: [0.38235294117647056, 0.38235294117647056, 0.39705882352941174, 0.38235294117647056, 0.38235294117647056, 0.3235294117647059, 0.5, 0.36764705882352944, 0.36764705882352944, 0.35294117647058826, 0.39705882352941174, 0.39705882352941174, 0.36764705882352944, 0.39705882352941174, 0.39705882352941174]
 mean: 0.38627450980392164, std: 0.03620820649533212
F1 Score: [0.3490362811791383, 0.355631038647343, 0.38225463463154463, 0.3468898625622589, 0.3855083940449794, 0.30914985091186464, 0.4781771501925546, 0.3304952479525534, 0.3691943601463664, 0.34543428954766164, 0.3845866376354181, 0.38406123514819174, 0.33552645844771667, 0.35885153353555777, 0.37075853068500125]
 mean: 0.36570370035120997, std: 0.03704717592916565
Accuracy Intime: [0.4642857142857143, 0.7142857142857143, 0.5, 0.4230769230769231, 0.46153846153846156, 0.32142857142857145, 0.39285714285714285, 0.42857142857142855, 0.5, 0.4230769230769231, 0.4642857142857143, 0.4642857142857143, 0.39285714285714285, 0.38461538461538464, 0.46153846153846156]
 mean: 0.4531135531135532, std: 0.0835963726893402
F1 (Intime): [0.3784722222222222, 0.7122252747252747, 0.43014705882352944, 0.39285714285714285, 0.4598290598290598, 0.28662883010709095, 0.40147058823529413, 0.35209790209790215, 0.4041666666666667, 0.42067099567099564, 0.423202614379085, 0.4189775910364145, 0.4098124098124098, 0.2921626984126984, 0.3596014492753623]
 mean: 0.4094881669434099, std: 0.09344775253349537
--------------------------------------------------
Subject Number: 22
Accuracy Cross: [0.3382352941176471, 0.3382352941176471, 0.3382352941176471, 0.36764705882352944, 0.3235294117647059, 0.3188405797101449, 0.4492753623188406, 0.3333333333333333, 0.42028985507246375, 0.34782608695652173, 0.35294117647058826, 0.29411764705882354, 0.36764705882352944, 0.36764705882352944, 0.45588235294117646]
 mean: 0.3609121909633419, std: 0.04520786755116155
F1 Score: [0.35652737059270634, 0.33086852295777247, 0.3604757987110928, 0.39067073170731703, 0.34615301955727484, 0.296901362884335, 0.41578947368421054, 0.2936990641908675, 0.42997215260373156, 0.3311763309010837, 0.3790486493574613, 0.3085264408793821, 0.35892668296319413, 0.3890385797846343, 0.4881253782003575]
 mean: 0.3650599705983614, std: 0.051054753035424574
Accuracy Intime: [0.5, 0.39285714285714285, 0.39285714285714285, 0.38461538461538464, 0.23076923076923078, 0.5714285714285714, 0.6785714285714286, 0.25, 0.5384615384615384, 0.38461538461538464, 0.5357142857142857, 0.42857142857142855, 0.4642857142857143, 0.46153846153846156, 0.46153846153846156]
 mean: 0.4450549450549451, std: 0.11206187300790223
F1 (Intime): [0.5270833333333333, 0.3686274509803921, 0.3677929505135388, 0.4080357142857143, 0.2, 0.5725744843391902, 0.7008304195804196, 0.2319139194139194, 0.5548791486291487, 0.34989434370239325, 0.5242424242424243, 0.43355614973262036, 0.46813186813186813, 0.4668803418803419, 0.36471861471861466]
 mean: 0.4359440775655946, std: 0.12670450698429536
--------------------------------------------------
Subject Number: 23
Accuracy Cross: [0.34782608695652173, 0.36231884057971014, 0.391304347826087, 0.5072463768115942, 0.42028985507246375, 0.4264705882352941, 0.4852941176470588, 0.47058823529411764, 0.5441176470588235, 0.4411764705882353, 0.2898550724637681, 0.37681159420289856, 0.37681159420289856, 0.4492753623188406, 0.2753623188405797]
 mean: 0.41098323387325947, std: 0.07344630293639513
F1 Score: [0.35580215211543165, 0.3754284930755519, 0.3958041958041958, 0.5293092273580078, 0.4157498568345007, 0.39849206349206345, 0.49450146627565983, 0.45922802889172143, 0.5274054649054649, 0.4075649350649351, 0.2771023012402323, 0.388494058424934, 0.3702204228520018, 0.46381829139380193, 0.28351263378572217]
 mean: 0.40949557276761506, std: 0.07334236403289184
Accuracy Intime: [0.42857142857142855, 0.6428571428571429, 0.5, 0.34615384615384615, 0.4230769230769231, 0.5714285714285714, 0.6428571428571429, 0.5357142857142857, 0.5, 0.34615384615384615, 0.5357142857142857, 0.5, 0.5357142857142857, 0.6153846153846154, 0.38461538461538464]
 mean: 0.5005494505494507, std: 0.09477132728895366
F1 (Intime): [0.3951048951048951, 0.6051587301587302, 0.5214285714285714, 0.27628968253968256, 0.398202614379085, 0.5850421508316245, 0.6507575757575756, 0.5592055003819709, 0.5272233893557423, 0.2909090909090909, 0.5311688311688312, 0.4835664335664336, 0.5461300309597523, 0.6401515151515151, 0.3355263157894737]
 mean: 0.48972435516553164, std: 0.1181340228635509
--------------------------------------------------
Subject Number: 24
Accuracy Cross: [0.3088235294117647, 0.29411764705882354, 0.27941176470588236, 0.3088235294117647, 0.29411764705882354, 0.36764705882352944, 0.3235294117647059, 0.3382352941176471, 0.45588235294117646, 0.3382352941176471, 0.3088235294117647, 0.20588235294117646, 0.14705882352941177, 0.35294117647058826, 0.29411764705882354]
 mean: 0.307843137254902, std: 0.06695439638809361
F1 Score: [0.28044823741975167, 0.28438735177865615, 0.2808667027417027, 0.3048682500295403, 0.29566640944349926, 0.3640749325249718, 0.32283692041022677, 0.32942363630421284, 0.4471320346320346, 0.33864443781947373, 0.3023206967003362, 0.21105365223012285, 0.148281056175793, 0.3530871388630009, 0.2867965367965368]
 mean: 0.30332586625799063, std: 0.06502861979988316
Accuracy Intime: [0.35714285714285715, 0.25, 0.5357142857142857, 0.34615384615384615, 0.23076923076923078, 0.32142857142857145, 0.39285714285714285, 0.4642857142857143, 0.5384615384615384, 0.4230769230769231, 0.42857142857142855, 0.35714285714285715, 0.42857142857142855, 0.4230769230769231, 0.38461538461538464]
 mean: 0.3921245421245422, std: 0.08472037315835593
F1 (Intime): [0.3537878787878788, 0.2455322455322455, 0.5212508080155138, 0.33770396270396275, 0.2091346153846154, 0.3061688311688312, 0.3915032679738562, 0.47380952380952385, 0.5223057644110275, 0.421950271950272, 0.38730158730158726, 0.3412280701754386, 0.41479573058520425, 0.4101190476190476, 0.38338132455779517]
 mean: 0.38133152866512, std: 0.0855406496945063
--------------------------------------------------
Subject Number: 25
Accuracy Cross: [0.391304347826087, 0.36231884057971014, 0.4057971014492754, 0.43478260869565216, 0.3188405797101449, 0.38235294117647056, 0.3235294117647059, 0.4411764705882353, 0.4852941176470588, 0.5441176470588235, 0.4117647058823529, 0.4264705882352941, 0.5, 0.36764705882352944, 0.39705882352941174]
 mean: 0.4128303495311168, std: 0.060360374146929505
F1 Score: [0.35408432147562585, 0.36838827838827837, 0.3946114880565108, 0.40892320892320894, 0.30400717703349284, 0.31636582135674696, 0.264163372859025, 0.4311166774402069, 0.4476923076923077, 0.5141608391608392, 0.40264255446932035, 0.41414346677504577, 0.48167420814479633, 0.3205749130118878, 0.34291666666666665]
 mean: 0.384364353430264, std: 0.06679822609854272
Accuracy Intime: [0.5714285714285714, 0.42857142857142855, 0.2857142857142857, 0.5384615384615384, 0.46153846153846156, 0.4642857142857143, 0.39285714285714285, 0.35714285714285715, 0.6923076923076923, 0.5769230769230769, 0.4642857142857143, 0.5, 0.39285714285714285, 0.34615384615384615, 0.38461538461538464]
 mean: 0.4571428571428572, std: 0.10241420233696687
F1 (Intime): [0.5359477124183006, 0.44112554112554114, 0.2827777777777778, 0.4986024844720497, 0.387828947368421, 0.4676470588235294, 0.38192355889724305, 0.31025641025641026, 0.560515873015873, 0.5047619047619047, 0.43452380952380953, 0.48440303657694955, 0.3506787330316742, 0.2868131868131868, 0.3269230769230769]
 mean: 0.4169819407857165, std: 0.08871526397010716
--------------------------------------------------
Subject Number: 26
Accuracy Cross: [0.37681159420289856, 0.37681159420289856, 0.4492753623188406, 0.5072463768115942, 0.5797101449275363, 0.39705882352941174, 0.3382352941176471, 0.38235294117647056, 0.4117647058823529, 0.3088235294117647, 0.47058823529411764, 0.47058823529411764, 0.5, 0.5294117647058824, 0.5]
 mean: 0.4399119067917022, std: 0.07425446814380951
F1 Score: [0.3928872053872054, 0.37617243867243866, 0.46455026455026455, 0.5122448979591837, 0.5990469478841571, 0.4318342346319391, 0.35169025157232703, 0.3759065009065009, 0.40947927399540307, 0.33917396745932415, 0.48943911177953736, 0.4974250555645905, 0.507110127368748, 0.5548149177181435, 0.5279411764705882]
 mean: 0.45531442479469014, std: 0.07664897942251617
Accuracy Intime: [0.5714285714285714, 0.5, 0.2857142857142857, 0.5769230769230769, 0.4230769230769231, 0.5714285714285714, 0.6071428571428571, 0.5, 0.5384615384615384, 0.38461538461538464, 0.4642857142857143, 0.25, 0.35714285714285715, 0.5, 0.38461538461538464]
 mean: 0.460989010989011, std: 0.10611273367943752
F1 (Intime): [0.5589932126696833, 0.5187499999999999, 0.30678210678210677, 0.5941176470588235, 0.4141547049441786, 0.5745235156999863, 0.5833333333333334, 0.49722222222222223, 0.5595238095238095, 0.4187271062271062, 0.47164502164502164, 0.26783625730994154, 0.33088235294117646, 0.5042016806722689, 0.3367071524966262]
 mean: 0.4624933415684189, std: 0.10612335515806887
--------------------------------------------------
Subject Number: 27
Accuracy Cross: [0.43478260869565216, 0.42028985507246375, 0.42028985507246375, 0.42028985507246375, 0.4057971014492754, 0.30434782608695654, 0.36231884057971014, 0.43478260869565216, 0.391304347826087, 0.391304347826087, 0.35294117647058826, 0.39705882352941174, 0.4411764705882353, 0.47058823529411764, 0.36764705882352944]
 mean: 0.4009946007388463, std: 0.0402839886195685
F1 Score: [0.38915385974209504, 0.3781472009093493, 0.4105605946941281, 0.4090885002649708, 0.39116161616161615, 0.243645178197065, 0.3106707446582558, 0.3853604023095548, 0.3586018237082067, 0.3412698412698413, 0.31161632883297163, 0.36737620772946855, 0.44710532434317596, 0.46955741626794256, 0.37529761904761905]
 mean: 0.3725741772090841, std: 0.05411840987921015
Accuracy Intime: [0.21428571428571427, 0.39285714285714285, 0.32142857142857145, 0.4230769230769231, 0.38461538461538464, 0.4642857142857143, 0.5714285714285714, 0.4642857142857143, 0.6538461538461539, 0.6923076923076923, 0.32142857142857145, 0.6071428571428571, 0.42857142857142855, 0.4642857142857143, 0.4230769230769231]
 mean: 0.4551282051282051, std: 0.12596153013955602
F1 (Intime): [0.2350741578682755, 0.36799719887955185, 0.22, 0.35858585858585856, 0.24812030075187969, 0.4869047619047619, 0.5839598997493733, 0.4, 0.6087719298245614, 0.6873015873015874, 0.31953227931488803, 0.5949754901960784, 0.4303921568627451, 0.4857100415923945, 0.37459150326797386]
 mean: 0.4267944777399953, std: 0.14037229341176563
--------------------------------------------------
Subject Number: 28
Accuracy Cross: [0.29411764705882354, 0.25, 0.27941176470588236, 0.23529411764705882, 0.25, 0.25, 0.27941176470588236, 0.22058823529411764, 0.27941176470588236, 0.27941176470588236, 0.4411764705882353, 0.4117647058823529, 0.45588235294117646, 0.39705882352941174, 0.38235294117647056]
 mean: 0.31372549019607837, std: 0.07738269513988671
F1 Score: [0.2852764094143404, 0.22598837991457305, 0.27091402749297483, 0.23454960931741117, 0.25901437469351307, 0.22422947422947426, 0.2664291259982254, 0.214180121349239, 0.2750255507608449, 0.24545064169043299, 0.4157499692383413, 0.3393356643356643, 0.418540996342436, 0.3746017616191904, 0.3562518240567021]
 mean: 0.2937025286968909, std: 0.06706653031977733
Accuracy Intime: [0.4642857142857143, 0.42857142857142855, 0.39285714285714285, 0.6153846153846154, 0.4230769230769231, 0.35714285714285715, 0.35714285714285715, 0.42857142857142855, 0.4230769230769231, 0.46153846153846156, 0.4642857142857143, 0.32142857142857145, 0.4642857142857143, 0.34615384615384615, 0.38461538461538464]
 mean: 0.42216117216117216, std: 0.06877039400791925
F1 (Intime): [0.46764705882352936, 0.3611111111111111, 0.3760233918128655, 0.490530303030303, 0.43011563599798897, 0.33074229691876744, 0.29963235294117646, 0.40228174603174605, 0.44362745098039214, 0.40657894736842104, 0.4672432830327567, 0.27772227772227775, 0.4777906304222094, 0.2801470588235294, 0.3055555555555556]
 mean: 0.38778327337150864, std: 0.07264471065945251
--------------------------------------------------
Subject Number: 29
Accuracy Cross: [0.4852941176470588, 0.47058823529411764, 0.5441176470588235, 0.47058823529411764, 0.5294117647058824, 0.47058823529411764, 0.5735294117647058, 0.47058823529411764, 0.6029411764705882, 0.5147058823529411, 0.5797101449275363, 0.4927536231884058, 0.463768115942029, 0.5797101449275363, 0.463768115942029]
 mean: 0.5141375390736005, std: 0.04837009098006569
F1 Score: [0.5105661881977671, 0.486782791036914, 0.563768115942029, 0.4831432573029212, 0.5390019276076248, 0.5060810810810811, 0.5972748316498316, 0.4858089003626529, 0.6257908757908759, 0.5416244939271255, 0.5932229875477988, 0.508892155304836, 0.48879474184352234, 0.595002592688618, 0.49260037348272645]
 mean: 0.5345570209177549, std: 0.04724214196151863
Accuracy Intime: [0.4642857142857143, 0.5714285714285714, 0.7142857142857143, 0.6538461538461539, 0.5, 0.42857142857142855, 0.5714285714285714, 0.5714285714285714, 0.5, 0.5384615384615384, 0.5357142857142857, 0.4642857142857143, 0.5357142857142857, 0.46153846153846156, 0.5]
 mean: 0.5340659340659341, std: 0.07332506274879196
F1 (Intime): [0.47738095238095235, 0.5904761904761905, 0.7341269841269841, 0.6899460188933874, 0.5194444444444444, 0.4417151475975005, 0.5683760683760684, 0.5906655844155845, 0.5179820179820179, 0.5538461538461538, 0.5442994505494505, 0.43846153846153846, 0.5580316742081448, 0.5, 0.5009803921568627]
 mean: 0.5483821745276853, std: 0.07894789063403229
--------------------------------------------------
**************************************************
accuracy_cross_list: [0.42368570616652457, 0.29123330491616933, 0.2785592497868713, 0.47632850241545893, 0.43921568627450985, 0.4041204887752202, 0.4352941176470589, 0.30686274509803924, 0.37843137254901965, 0.2673344700198921, 0.36425120772946856, 0.4411480534242684, 0.3326086956521739, 0.30882352941176466, 0.44215686274509813, 0.4254901960784314, 0.4009946007388463, 0.3451264563796533, 0.3558823529411764, 0.4254333617504973, 0.38627450980392164, 0.3609121909633419, 0.41098323387325947, 0.307843137254902, 0.4128303495311168, 0.4399119067917022, 0.4009946007388463, 0.31372549019607837, 0.5141375390736005]
f1_score_list: [0.427121376899183, 0.29710421285433236, 0.26465255367655366, 0.4851247595655982, 0.42777676621864547, 0.39263296530298136, 0.42522212366399986, 0.30766119893776184, 0.4008406826385589, 0.2609699245461813, 0.3459122698676723, 0.444953998924818, 0.33843161735611077, 0.30762105268588436, 0.4564441207841737, 0.38930845742220865, 0.3725741772090841, 0.3636667149585496, 0.3503130723730331, 0.4371681024805341, 0.36570370035120997, 0.3650599705983614, 0.40949557276761506, 0.30332586625799063, 0.384364353430264, 0.45531442479469014, 0.3725741772090841, 0.2937025286968909, 0.5345570209177549]
accuracy_intime_list: [0.47838827838827835, 0.4401098901098901, 0.39798534798534807, 0.5087912087912089, 0.6047619047619046, 0.5087912087912089, 0.4891941391941392, 0.36336996336996336, 0.5021978021978022, 0.32032967032967036, 0.42124542124542125, 0.44981684981684983, 0.3981684981684982, 0.39706959706959694, 0.5173992673992674, 0.532051282051282, 0.4551282051282051, 0.40000000000000013, 0.4734432234432234, 0.5201465201465201, 0.4531135531135532, 0.4450549450549451, 0.5005494505494507, 0.3921245421245422, 0.4571428571428572, 0.460989010989011, 0.4551282051282051, 0.42216117216117216, 0.5340659340659341]
f1_score_intime_list: [0.4818554574940023, 0.4169553077641313, 0.39158300419910325, 0.5143395432197762, 0.5788125120207163, 0.48271502605867933, 0.4571205878171823, 0.3517481674099321, 0.48127361229528415, 0.31081260429170654, 0.3985001028383381, 0.4185943289310162, 0.38799042975665005, 0.36939004631544, 0.5241340691185892, 0.513889548990168, 0.4267944777399953, 0.39776813600343014, 0.4659843006437433, 0.5195905455141221, 0.4094881669434099, 0.4359440775655946, 0.48972435516553164, 0.38133152866512, 0.4169819407857165, 0.4624933415684189, 0.4267944777399953, 0.38778327337150864, 0.5483821745276853]
**************************************************
ACC: 38.24±6.16
F1: 37.86±6.56
Intime: 45.86±5.89
F1 (Intime): 44.31±6.20
