1e-03
Subject Number: 1
Accuracy Cross: [0.6904761904761905, 0.7261904761904762, 0.6904761904761905, 0.7380952380952381, 0.7261904761904762, 0.8333333333333334, 0.7976190476190477, 0.7857142857142857, 0.7976190476190477, 0.7976190476190477, 0.6785714285714286, 0.8333333333333334, 0.6428571428571429, 0.7857142857142857, 0.8452380952380952]
 mean: 0.7579365079365079, std: 0.06127066370037709
F1 Score: [0.662962962962963, 0.7079365079365079, 0.6788235294117647, 0.7254901960784313, 0.7039987743220468, 0.8285714285714285, 0.7975903614457831, 0.7837528604118993, 0.7962037962037962, 0.7973605789697744, 0.6415362731152205, 0.8285714285714285, 0.5906432748538011, 0.7846153846153847, 0.8425378514780101]
 mean: 0.7447063472632162, std: 0.07472467321403599
Accuracy Intime: [0.9411764705882353, 0.9411764705882353, 0.9117647058823529, 0.8823529411764706, 0.90625, 0.6176470588235294, 0.7941176470588235, 0.8235294117647058, 0.8529411764705882, 0.9375, 0.7941176470588235, 0.8235294117647058, 0.8529411764705882, 0.7647058823529411, 0.9375]
 mean: 0.8520833333333335, std: 0.0851769465081674
F1 (Intime): [0.9403508771929825, 0.9409722222222222, 0.9110723626852659, 0.8823529411764706, 0.906158357771261, 0.6007226738934056, 0.7925021795989537, 0.8229166666666667, 0.8528138528138528, 0.9372549019607843, 0.7925021795989537, 0.8235294117647058, 0.8528138528138528, 0.7638888888888888, 0.9372549019607843]
 mean: 0.8504737514006034, std: 0.08839658548348332
--------------------------------------------------
Subject Number: 2
Accuracy Cross: [0.5952380952380952, 0.8690476190476191, 0.8452380952380952, 0.7261904761904762, 0.6428571428571429, 0.8214285714285714, 0.8690476190476191, 0.8333333333333334, 0.8928571428571429, 0.8809523809523809, 0.8095238095238095, 0.8571428571428571, 0.75, 0.8690476190476191, 0.8452380952380952]
 mean: 0.8071428571428572, std: 0.08652613759305616
F1 Score: [0.5159322033898305, 0.86676279740447, 0.8414403949470016, 0.7039987743220468, 0.5906432748538011, 0.8183129055515501, 0.869029057406095, 0.8329545454545455, 0.8928419560595322, 0.8808848553601816, 0.8067855089131685, 0.8564102564102565, 0.7456380677721701, 0.8681318681318682, 0.8441558441558441]
 mean: 0.7955948206754909, std: 0.10762524920020394
Accuracy Intime: [1.0, 0.9411764705882353, 0.9117647058823529, 0.8823529411764706, 0.875, 0.9117647058823529, 0.8529411764705882, 0.9705882352941176, 0.9705882352941176, 0.84375, 0.8823529411764706, 0.8823529411764706, 0.7647058823529411, 0.8529411764705882, 0.875]
 mean: 0.8944852941176472, std: 0.057482414190571984
F1 (Intime): [1.0, 0.9411764705882353, 0.9116883116883117, 0.8785714285714286, 0.8745098039215686, 0.9116883116883117, 0.8496905393457117, 0.9705627705627706, 0.9705627705627706, 0.8435972629521017, 0.880701754385965, 0.8785714285714286, 0.7638888888888888, 0.8464317976513098, 0.8745098039215686]
 mean: 0.8930767562200247, std: 0.05825596500177891
--------------------------------------------------
Subject Number: 3
Accuracy Cross: [0.5833333333333334, 0.5952380952380952, 0.5119047619047619, 0.6904761904761905, 0.6071428571428571, 0.8095238095238095, 0.7261904761904762, 0.75, 0.6547619047619048, 0.6428571428571429, 0.5952380952380952, 0.5952380952380952, 0.6785714285714286, 0.7142857142857143, 0.5714285714285714]
 mean: 0.6484126984126983, std: 0.07676699866249999
F1 Score: [0.5176374077112387, 0.5523510971786834, 0.40936374549819926, 0.6840277777777777, 0.5452009844134537, 0.8055555555555556, 0.725216896600768, 0.7470967741935484, 0.653534347887925, 0.6426545660805445, 0.5265251989389921, 0.5159322033898305, 0.6473332296687918, 0.6888888888888889, 0.475]
 mean: 0.6090879115856132, std: 0.10853838356143544
Accuracy Intime: [0.8235294117647058, 0.8235294117647058, 0.7941176470588235, 0.7647058823529411, 0.75, 0.7647058823529411, 0.6470588235294118, 0.7058823529411765, 0.8235294117647058, 0.75, 0.7941176470588235, 0.7352941176470589, 0.7941176470588235, 0.7647058823529411, 0.6875]
 mean: 0.7615196078431372, std: 0.04992184395284732
F1 (Intime): [0.8235294117647058, 0.8229166666666667, 0.7850045167118338, 0.7614035087719297, 0.7408906882591093, 0.7638888888888888, 0.5968379446640316, 0.7048611111111112, 0.8210526315789474, 0.7408906882591093, 0.7895667550839964, 0.7294429708222812, 0.7925021795989537, 0.7647058823529411, 0.6825396825396826]
 mean: 0.754668901804946, std: 0.058433423508071625
--------------------------------------------------
Subject Number: 4
Accuracy Cross: [0.75, 0.7023809523809523, 0.6785714285714286, 0.7738095238095238, 0.6071428571428571, 0.75, 0.7380952380952381, 0.7857142857142857, 0.7738095238095238, 0.7023809523809523, 0.7738095238095238, 0.7142857142857143, 0.7142857142857143, 0.7857142857142857, 0.8214285714285714]
 mean: 0.738095238095238, std: 0.05161781759209239
F1 Score: [0.7499645641389086, 0.6971881759192502, 0.6774285307922059, 0.7737774627923459, 0.6043956043956044, 0.7393231860499483, 0.7375, 0.7837528604118993, 0.7711827956989248, 0.6896704595832718, 0.7737774627923459, 0.7083333333333333, 0.7136363636363636, 0.7855927396483267, 0.8201798201798203]
 mean: 0.7350468906248365, std: 0.05277719906304416
Accuracy Intime: [0.9411764705882353, 0.8823529411764706, 0.7941176470588235, 0.8235294117647058, 0.84375, 0.9117647058823529, 0.8823529411764706, 0.8235294117647058, 0.8823529411764706, 0.8125, 0.7352941176470589, 0.7352941176470589, 0.6764705882352942, 0.7941176470588235, 0.75]
 mean: 0.8192401960784312, std: 0.07145879465082561
F1 (Intime): [0.9403508771929825, 0.880701754385965, 0.7925021795989537, 0.8210526315789474, 0.8423645320197044, 0.9110723626852659, 0.880701754385965, 0.8229166666666667, 0.880701754385965, 0.8095238095238095, 0.7294429708222812, 0.7332170880557978, 0.6621499548328816, 0.7786046511627907, 0.7333333333333334]
 mean: 0.8145757547087541, std: 0.07511773930157396
--------------------------------------------------
Subject Number: 5
Accuracy Cross: [0.9166666666666666, 0.8333333333333334, 0.8095238095238095, 0.8690476190476191, 0.8928571428571429, 0.8928571428571429, 0.8214285714285714, 0.8214285714285714, 0.8095238095238095, 0.8452380952380952, 0.8095238095238095, 0.8690476190476191, 0.8333333333333334, 0.8571428571428571, 0.8809523809523809]
 mean: 0.850793650793651, std: 0.03363431761970966
F1 Score: [0.9163703598350164, 0.8329545454545455, 0.8085470085470086, 0.8681318681318682, 0.89272030651341, 0.8916129032258064, 0.8193548387096774, 0.8214032600992204, 0.8023529411764705, 0.8446878111221732, 0.8055555555555556, 0.869029057406095, 0.8329545454545455, 0.8570618264322178, 0.8806818181818181]
 mean: 0.8495612430563619, std: 0.03461312234096703
Accuracy Intime: [0.9411764705882353, 0.9411764705882353, 0.9117647058823529, 0.8235294117647058, 0.90625, 0.9117647058823529, 0.8823529411764706, 0.8529411764705882, 0.8823529411764706, 0.65625, 0.7352941176470589, 0.9705882352941176, 0.8529411764705882, 0.9117647058823529, 0.875]
 mean: 0.8703431372549021, std: 0.07903661235078167
F1 (Intime): [0.9411764705882353, 0.9411764705882353, 0.9110723626852659, 0.8229166666666667, 0.9054187192118226, 0.9116883116883117, 0.880701754385965, 0.8528138528138528, 0.8819444444444444, 0.6476476476476476, 0.7153488372093023, 0.9705627705627706, 0.8496905393457117, 0.9116883116883117, 0.873015873015873]
 mean: 0.8677908688361611, std: 0.0829206945704675
--------------------------------------------------
Subject Number: 6
Accuracy Cross: [0.6547619047619048, 0.6904761904761905, 0.5595238095238095, 0.6071428571428571, 0.6190476190476191, 0.6904761904761905, 0.6071428571428571, 0.7142857142857143, 0.5357142857142857, 0.6547619047619048, 0.5833333333333334, 0.6785714285714286, 0.6666666666666666, 0.6428571428571429, 0.5833333333333334]
 mean: 0.6325396825396825, std: 0.050855616963812036
F1 Score: [0.6547129695251594, 0.6860264519838988, 0.5564435564435564, 0.5859596713965647, 0.6188315371525808, 0.6816326530612244, 0.6066411238825031, 0.7141236528644356, 0.5356484762579731, 0.653534347887925, 0.5804195804195804, 0.6774285307922059, 0.6636155606407322, 0.6395881006864989, 0.578494623655914]
 mean: 0.6288733891100501, std: 0.05133702258003843
Accuracy Intime: [0.8529411764705882, 0.7352941176470589, 0.7352941176470589, 0.7352941176470589, 0.78125, 0.8235294117647058, 0.7058823529411765, 0.6764705882352942, 0.7058823529411765, 0.78125, 0.6764705882352942, 0.8235294117647058, 0.5882352941176471, 0.7058823529411765, 0.84375]
 mean: 0.7447303921568628, std: 0.07080703765928788
F1 (Intime): [0.8464317976513098, 0.7153488372093023, 0.7294429708222812, 0.7332170880557978, 0.7793103448275862, 0.8229166666666667, 0.7017543859649122, 0.6621499548328816, 0.7058823529411765, 0.7793103448275862, 0.6739319965126417, 0.8229166666666667, 0.575, 0.7048611111111112, 0.8398398398398399]
 mean: 0.739487623861984, std: 0.07321655934005745
--------------------------------------------------
Subject Number: 7
Accuracy Cross: [0.7380952380952381, 0.6309523809523809, 0.6547619047619048, 0.5833333333333334, 0.6666666666666666, 0.6785714285714286, 0.6785714285714286, 0.5595238095238095, 0.6428571428571429, 0.6190476190476191, 0.6309523809523809, 0.6547619047619048, 0.6190476190476191, 0.5833333333333334, 0.5952380952380952]
 mean: 0.6357142857142858, std: 0.04428827437556732
F1 Score: [0.7326388888888888, 0.6245133381398702, 0.6149834044570887, 0.5804195804195804, 0.6421180766889836, 0.6748387096774193, 0.6729632299927901, 0.5487149702337738, 0.641025641025641, 0.6047058823529412, 0.6304810557684121, 0.6523476523476524, 0.6135710178263369, 0.578494623655914, 0.5943181818181817]
 mean: 0.6270756168862316, std: 0.04411171216881775
Accuracy Intime: [0.6470588235294118, 0.7058823529411765, 0.7647058823529411, 0.7941176470588235, 0.78125, 0.6470588235294118, 0.7058823529411765, 0.6764705882352942, 0.6470588235294118, 0.65625, 0.6764705882352942, 0.7058823529411765, 0.6470588235294118, 0.7352941176470589, 0.75]
 mean: 0.7026960784313725, std: 0.05007953353386616
F1 (Intime): [0.6421052631578947, 0.6886446886446886, 0.7647058823529411, 0.793939393939394, 0.7810361681329423, 0.6470588235294118, 0.7048611111111112, 0.6739319965126417, 0.6263736263736264, 0.6559139784946236, 0.652093023255814, 0.6964285714285714, 0.6263736263736264, 0.7332170880557978, 0.75]
 mean: 0.695778882757539, std: 0.05476873109879857
--------------------------------------------------
Subject Number: 8
Accuracy Cross: [0.75, 0.7738095238095238, 0.7619047619047619, 0.8214285714285714, 0.7738095238095238, 0.7976190476190477, 0.9047619047619048, 0.8214285714285714, 0.8452380952380952, 0.8452380952380952, 0.8333333333333334, 0.75, 0.8928571428571429, 0.8452380952380952, 0.8095238095238095]
 mean: 0.8150793650793651, std: 0.046386156178420505
F1 Score: [0.7499645641389086, 0.7698630136986302, 0.7613636363636364, 0.8207936282178923, 0.7737774627923459, 0.7973605789697744, 0.9038901601830663, 0.8212005108556832, 0.8450404427415921, 0.8446878111221732, 0.8298611111111112, 0.7333333333333334, 0.8924761769307352, 0.8414403949470016, 0.8085470085470086]
 mean: 0.8129066555968596, std: 0.04794398700794232
Accuracy Intime: [0.8823529411764706, 0.9705882352941176, 0.9411764705882353, 0.9411764705882353, 1.0, 0.9411764705882353, 0.8823529411764706, 0.7647058823529411, 0.8235294117647058, 1.0, 0.8823529411764706, 0.9705882352941176, 0.9411764705882353, 0.9411764705882353, 0.96875]
 mean: 0.9234068627450981, std: 0.06326544918631236
F1 (Intime): [0.8823529411764706, 0.970357454228422, 0.9411764705882353, 0.9409722222222222, 1.0, 0.9409722222222222, 0.8819444444444444, 0.7614035087719297, 0.8229166666666667, 1.0, 0.8819444444444444, 0.9705627705627706, 0.9409722222222222, 0.9409722222222222, 0.9687194525904204]
 mean: 0.9230178028241794, std: 0.06389000789816668
--------------------------------------------------
Subject Number: 9
Accuracy Cross: [0.7738095238095238, 0.7857142857142857, 0.8333333333333334, 0.5952380952380952, 0.7619047619047619, 0.7261904761904762, 0.6785714285714286, 0.7142857142857143, 0.9404761904761905, 0.8333333333333334, 0.7261904761904762, 0.6309523809523809, 0.6666666666666666, 0.6071428571428571, 0.7142857142857143]
 mean: 0.7325396825396825, std: 0.09012742581954535
F1 Score: [0.7698630136986302, 0.7776470588235294, 0.8318077803203661, 0.5265251989389921, 0.750445632798574, 0.7242757242757243, 0.6785258681785967, 0.7142857142857143, 0.9404677533664068, 0.8285714285714285, 0.7171717171717171, 0.5727645611156686, 0.625, 0.5354449472096531, 0.6932440657334145]
 mean: 0.712402697632561, std: 0.110591343380848
Accuracy Intime: [0.9411764705882353, 0.9117647058823529, 0.7941176470588235, 0.7941176470588235, 0.84375, 0.6764705882352942, 0.7647058823529411, 0.8235294117647058, 0.9411764705882353, 0.90625, 0.9411764705882353, 0.9705882352941176, 0.9705882352941176, 0.9705882352941176, 0.90625]
 mean: 0.8770833333333334, std: 0.0864397231607087
F1 (Intime): [0.9411764705882353, 0.9116883116883117, 0.7925021795989537, 0.7925021795989537, 0.8435972629521017, 0.6621499548328816, 0.7571428571428571, 0.8210526315789474, 0.9411764705882353, 0.9054187192118226, 0.9411764705882353, 0.970357454228422, 0.970357454228422, 0.970357454228422, 0.906158357771261]
 mean: 0.8751209485884041, std: 0.08957780289727002
--------------------------------------------------
Subject Number: 10
Accuracy Cross: [0.6547619047619048, 0.6666666666666666, 0.5952380952380952, 0.6547619047619048, 0.75, 0.7142857142857143, 0.6309523809523809, 0.5238095238095238, 0.6547619047619048, 0.6309523809523809, 0.6785714285714286, 0.7261904761904762, 0.7738095238095238, 0.6785714285714286, 0.6547619047619048]
 mean: 0.665873015873016, std: 0.05951851828334183
F1 Score: [0.6523476523476524, 0.6618746405980449, 0.5800000000000001, 0.6523476523476524, 0.7499645641389086, 0.7142857142857143, 0.6010418262601501, 0.5058823529411764, 0.6433904259991217, 0.615191369883257, 0.6781609195402298, 0.7242757242757243, 0.7663592446201142, 0.6774285307922059, 0.6547129695251594]
 mean: 0.6584842391703406, std: 0.06488138892327008
Accuracy Intime: [0.8823529411764706, 0.8235294117647058, 0.7058823529411765, 0.8235294117647058, 0.65625, 0.7941176470588235, 0.6764705882352942, 0.8235294117647058, 0.6470588235294118, 0.78125, 0.7647058823529411, 0.6470588235294118, 0.7058823529411765, 0.5588235294117647, 0.625]
 mean: 0.7276960784313725, std: 0.08976629943376892
F1 (Intime): [0.8819444444444444, 0.8210526315789474, 0.7017543859649122, 0.8229166666666667, 0.6559139784946236, 0.7925021795989537, 0.652093023255814, 0.8235294117647058, 0.6357142857142857, 0.7810361681329423, 0.7638888888888888, 0.6421052631578947, 0.7048611111111112, 0.5584415584415584, 0.6]
 mean: 0.7225169331477165, std: 0.09363556044286903
--------------------------------------------------
Subject Number: 11
Accuracy Cross: [0.6071428571428571, 0.6785714285714286, 0.6904761904761905, 0.5714285714285714, 0.75, 0.7380952380952381, 0.75, 0.7261904761904762, 0.7976190476190477, 0.7142857142857143, 0.7023809523809523, 0.75, 0.7261904761904762, 0.7738095238095238, 0.7619047619047619]
 mean: 0.7158730158730158, std: 0.05846141860540603
F1 Score: [0.6002883922134102, 0.6781609195402298, 0.6897727272727273, 0.5333333333333333, 0.7482517482517483, 0.7379466817923993, 0.7491110795050491, 0.7261516654854713, 0.7975903614457831, 0.7083333333333333, 0.6971881759192502, 0.7496807151979565, 0.71449682281661, 0.7730052624093302, 0.7613636363636364]
 mean: 0.7109783236586845, std: 0.06569255959220537
Accuracy Intime: [0.8529411764705882, 0.8235294117647058, 0.9705882352941176, 0.7941176470588235, 0.875, 0.7647058823529411, 0.7647058823529411, 0.7941176470588235, 0.8235294117647058, 0.78125, 0.7058823529411765, 0.7941176470588235, 0.7352941176470589, 0.7941176470588235, 0.78125]
 mean: 0.8036764705882351, std: 0.06044860051728468
F1 (Intime): [0.8496905393457117, 0.8210526315789474, 0.970357454228422, 0.7925021795989537, 0.875, 0.7571428571428571, 0.7614035087719297, 0.7925021795989537, 0.8229166666666667, 0.7810361681329423, 0.7048611111111112, 0.793939393939394, 0.7350649350649351, 0.793939393939394, 0.7793103448275862]
 mean: 0.8020479575965201, std: 0.06087652355051755
--------------------------------------------------
Subject Number: 12
Accuracy Cross: [0.7142857142857143, 0.7619047619047619, 0.7142857142857143, 0.8571428571428571, 0.7380952380952381, 0.7261904761904762, 0.7142857142857143, 0.7380952380952381, 0.7023809523809523, 0.7619047619047619, 0.7619047619047619, 0.7738095238095238, 0.8928571428571429, 0.8095238095238095, 0.8452380952380952]
 mean: 0.7674603174603174, std: 0.05648876079134681
F1 Score: [0.7061224489795919, 0.7529411764705882, 0.7116704805491991, 0.8568181818181818, 0.7282352941176471, 0.7079365079365079, 0.6932440657334145, 0.7326388888888888, 0.6925779534475187, 0.7584818861414606, 0.7475961538461539, 0.7641495492832866, 0.8928419560595322, 0.8090909090909091, 0.8441558441558441]
 mean: 0.7599000864345816, std: 0.0607973570591798
Accuracy Intime: [0.8529411764705882, 0.7647058823529411, 0.8235294117647058, 0.7941176470588235, 0.9375, 0.9117647058823529, 0.9411764705882353, 1.0, 0.8823529411764706, 0.90625, 0.9117647058823529, 0.7941176470588235, 0.8235294117647058, 0.7941176470588235, 0.9375]
 mean: 0.8716911764705884, std: 0.06780472355472134
F1 (Intime): [0.85178727114211, 0.7638888888888888, 0.8229166666666667, 0.793939393939394, 0.9375, 0.9116883116883117, 0.9411764705882353, 1.0, 0.8819444444444444, 0.906158357771261, 0.9116883116883117, 0.7850045167118338, 0.8210526315789474, 0.7895667550839964, 0.9372549019607843]
 mean: 0.8703711281435457, std: 0.06911455921031222
--------------------------------------------------
Subject Number: 13
Accuracy Cross: [0.6785714285714286, 0.7261904761904762, 0.75, 0.6666666666666666, 0.75, 0.6190476190476191, 0.7619047619047619, 0.7142857142857143, 0.7261904761904762, 0.7619047619047619, 0.7261904761904762, 0.7142857142857143, 0.7380952380952381, 0.7619047619047619, 0.7619047619047619]
 mean: 0.7238095238095238, std: 0.03988835515279066
F1 Score: [0.6729632299927901, 0.725216896600768, 0.7438652533759256, 0.6636155606407322, 0.7496807151979565, 0.5633528265107213, 0.7619047619047619, 0.7141236528644356, 0.7214131218457102, 0.7606837606837606, 0.71449682281661, 0.7136363636363636, 0.7282352941176471, 0.7597254004576659, 0.7606837606837606]
 mean: 0.7169064947553074, std: 0.050387661719529006
Accuracy Intime: [0.9117647058823529, 0.8529411764705882, 0.7647058823529411, 0.9117647058823529, 0.8125, 0.9705882352941176, 0.8235294117647058, 0.8823529411764706, 0.9117647058823529, 0.84375, 0.9117647058823529, 0.7058823529411765, 0.7352941176470589, 0.7647058823529411, 0.6875]
 mean: 0.8327205882352942, std: 0.08302910875595004
F1 (Intime): [0.9098143236074271, 0.85178727114211, 0.7638888888888888, 0.9098143236074271, 0.8095238095238095, 0.970357454228422, 0.8229166666666667, 0.8819444444444444, 0.9110723626852659, 0.8398398398398399, 0.9110723626852659, 0.6964285714285714, 0.7332170880557978, 0.7638888888888888, 0.6761133603238867]
 mean: 0.8301119770677807, std: 0.08522755061663465
--------------------------------------------------
Subject Number: 14
Accuracy Cross: [0.7857142857142857, 0.8809523809523809, 0.7738095238095238, 0.8214285714285714, 0.7619047619047619, 0.8809523809523809, 0.8690476190476191, 0.8095238095238095, 0.75, 0.9166666666666666, 0.7738095238095238, 0.7738095238095238, 0.8095238095238095, 0.7976190476190477, 0.7619047619047619]
 mean: 0.8111111111111112, std: 0.050295173072237645
F1 Score: [0.7826336975273145, 0.8806818181818181, 0.7698630136986302, 0.8183129055515501, 0.7619047619047619, 0.8808848553601816, 0.8685819940264543, 0.8085470085470086, 0.7491110795050491, 0.9165602383993188, 0.7663592446201142, 0.7722277722277722, 0.8095238095238095, 0.7926528241614637, 0.7529411764705882]
 mean: 0.8087190799803889, std: 0.051718947457417584
Accuracy Intime: [0.8823529411764706, 0.8529411764705882, 0.8235294117647058, 0.9117647058823529, 0.875, 0.8823529411764706, 0.9117647058823529, 0.6764705882352942, 0.7941176470588235, 0.875, 0.8823529411764706, 0.8823529411764706, 0.9705882352941176, 0.9117647058823529, 0.96875]
 mean: 0.873406862745098, std: 0.06892072315605598
F1 (Intime): [0.8823529411764706, 0.85178727114211, 0.8210526315789474, 0.9098143236074271, 0.8745098039215686, 0.8785714285714286, 0.9116883116883117, 0.6761904761904762, 0.7850045167118338, 0.8745098039215686, 0.880701754385965, 0.8819444444444444, 0.970357454228422, 0.9116883116883117, 0.9687194525904204]
 mean: 0.8719261950565138, std: 0.0696947425697508
--------------------------------------------------
**************************************************
accuracy_cross_list: [0.7579365079365079, 0.8071428571428572, 0.6484126984126983, 0.738095238095238, 0.850793650793651, 0.6325396825396825, 0.6357142857142858, 0.8150793650793651, 0.7325396825396825, 0.665873015873016, 0.7158730158730158, 0.7674603174603174, 0.7238095238095238, 0.8111111111111112]
f1_score_list: [0.7447063472632162, 0.7955948206754909, 0.6090879115856132, 0.7350468906248365, 0.8495612430563619, 0.6288733891100501, 0.6270756168862316, 0.8129066555968596, 0.712402697632561, 0.6584842391703406, 0.7109783236586845, 0.7599000864345816, 0.7169064947553074, 0.8087190799803889]
accuracy_intime_list: [0.8520833333333335, 0.8944852941176472, 0.7615196078431372, 0.8192401960784312, 0.8703431372549021, 0.7447303921568628, 0.7026960784313725, 0.9234068627450981, 0.8770833333333334, 0.7276960784313725, 0.8036764705882351, 0.8716911764705884, 0.8327205882352942, 0.873406862745098]
f1_score_intime_list: [0.8504737514006034, 0.8930767562200247, 0.754668901804946, 0.8145757547087541, 0.8677908688361611, 0.739487623861984, 0.695778882757539, 0.9230178028241794, 0.8751209485884041, 0.7225169331477165, 0.8020479575965201, 0.8703711281435457, 0.8301119770677807, 0.8719261950565138]
**************************************************
ACC: 73.59±6.84
F1: 72.64±7.27
Intime: 82.53±6.55
F1 (Intime): 82.22±6.74
