1e-03
Subject Number: 1
Accuracy Cross: [0.2619047619047619, 0.28095238095238095, 0.319047619047619, 0.2761904761904762, 0.3142857142857143, 0.29523809523809524, 0.34285714285714286, 0.2761904761904762, 0.32857142857142857, 0.2571428571428571, 0.3142857142857143, 0.22380952380952382, 0.26666666666666666, 0.26666666666666666, 0.2714285714285714]
 mean: 0.28634920634920635, std: 0.030854137942394437
F1 Score: [0.17988455988455987, 0.2258396631094371, 0.25999637899477496, 0.22525214560011642, 0.2571423088117818, 0.30111993026480965, 0.34844717828708893, 0.277403080872914, 0.33265602987663756, 0.26343140695626527, 0.30871279048602945, 0.21746486205320617, 0.24838429544311896, 0.25833928746550106, 0.2647382118961067]
 mean: 0.26458747533348986, std: 0.04315469677353909
Accuracy Intime: [0.39285714285714285, 0.42857142857142855, 0.36904761904761907, 0.4523809523809524, 0.39285714285714285, 0.3333333333333333, 0.38095238095238093, 0.36904761904761907, 0.36904761904761907, 0.36904761904761907, 0.35714285714285715, 0.36904761904761907, 0.38095238095238093, 0.40476190476190477, 0.38095238095238093]
 mean: 0.38333333333333347, std: 0.027902215605153876
F1 (Intime): [0.36101112234580385, 0.42025669407547966, 0.3765995807127882, 0.37468996569097685, 0.3766879007153607, 0.29781662164309547, 0.3858728968305726, 0.3456562183730818, 0.36535664335664336, 0.3225850400318485, 0.3170803431991987, 0.35608080808080805, 0.3706005769735117, 0.37377811187008164, 0.36651307756570917]
 mean: 0.3607057067643307, std: 0.0291739958038405
--------------------------------------------------
Subject Number: 2
Accuracy Cross: [0.34285714285714286, 0.319047619047619, 0.29523809523809524, 0.36666666666666664, 0.35714285714285715, 0.34285714285714286, 0.3476190476190476, 0.36666666666666664, 0.29523809523809524, 0.24761904761904763, 0.2857142857142857, 0.2619047619047619, 0.3, 0.34285714285714286, 0.3238095238095238]
 mean: 0.3196825396825396, std: 0.03605097032781813
F1 Score: [0.31065869802711904, 0.28747108380008185, 0.28911932853739186, 0.29087141626673707, 0.3298972500649969, 0.34465357337697766, 0.3530680049797697, 0.37641797169966185, 0.2934095863467632, 0.258399101327059, 0.29093969910675826, 0.2631330552022789, 0.3013914511804807, 0.34293905635648747, 0.33337125879447066]
 mean: 0.311049369004469, std: 0.03302458542610736
Accuracy Intime: [0.47619047619047616, 0.40476190476190477, 0.36904761904761907, 0.39285714285714285, 0.40476190476190477, 0.4166666666666667, 0.3333333333333333, 0.39285714285714285, 0.36904761904761907, 0.4523809523809524, 0.39285714285714285, 0.40476190476190477, 0.4166666666666667, 0.40476190476190477, 0.35714285714285715]
 mean: 0.3992063492063493, std: 0.034191522584980975
F1 (Intime): [0.45512202097567955, 0.3837600081591051, 0.3724941724941725, 0.38799989544670394, 0.36176113360323886, 0.38096444319354533, 0.32227520673341103, 0.37320124289433754, 0.32844444444444443, 0.4004562467848083, 0.3732037037037037, 0.3892616155774051, 0.40838909417756913, 0.39147752831963356, 0.3637336224812506]
 mean: 0.37950295859926725, std: 0.03043760485751518
--------------------------------------------------
Subject Number: 3
Accuracy Cross: [0.2904761904761905, 0.23809523809523808, 0.23809523809523808, 0.2571428571428571, 0.24285714285714285, 0.26666666666666666, 0.26666666666666666, 0.3333333333333333, 0.29523809523809524, 0.29523809523809524, 0.21904761904761905, 0.22380952380952382, 0.26666666666666666, 0.21904761904761905, 0.24761904761904763]
 mean: 0.26, std: 0.03162516674390418
F1 Score: [0.2503024767420757, 0.19345126328874643, 0.1650346150736643, 0.22102281807510488, 0.1462936479224963, 0.26627626862160614, 0.26754962937126125, 0.3026347457205565, 0.2940822982275367, 0.2980710371035686, 0.21286391483708567, 0.19847973748196107, 0.26214178834654434, 0.22247736989532657, 0.2279547182863199]
 mean: 0.2352424219329236, std: 0.046019268451143985
Accuracy Intime: [0.2976190476190476, 0.35714285714285715, 0.30952380952380953, 0.3333333333333333, 0.3333333333333333, 0.30952380952380953, 0.36904761904761907, 0.34523809523809523, 0.30952380952380953, 0.36904761904761907, 0.32142857142857145, 0.30952380952380953, 0.3333333333333333, 0.36904761904761907, 0.2976190476190476]
 mean: 0.3309523809523809, std: 0.025047196568348418
F1 (Intime): [0.28749885773141587, 0.34278791337614867, 0.3029394550616961, 0.2986068767831344, 0.28494623655913975, 0.2660987443297614, 0.3340317243654274, 0.3478181818181818, 0.29716823406478576, 0.3543159661721239, 0.3160660292088863, 0.3126177999180523, 0.3142155142155142, 0.35048518227117753, 0.28464846731163307]
 mean: 0.31294967887913855, std: 0.026664550142946962
--------------------------------------------------
Subject Number: 4
Accuracy Cross: [0.32857142857142857, 0.2761904761904762, 0.2904761904761905, 0.2619047619047619, 0.24285714285714285, 0.32857142857142857, 0.2523809523809524, 0.24761904761904763, 0.2523809523809524, 0.2857142857142857, 0.3523809523809524, 0.37142857142857144, 0.3523809523809524, 0.3523809523809524, 0.3619047619047619]
 mean: 0.3038095238095238, std: 0.04578037550694695
F1 Score: [0.3124976854530367, 0.266271057558198, 0.28106040563396595, 0.2563503447701006, 0.22934884272481604, 0.3209929764535422, 0.24476398823605816, 0.25034317788978394, 0.21453065380409514, 0.27810505514960115, 0.3375225748457884, 0.337497973819705, 0.28322389868258446, 0.3344327836081959, 0.3517106694163928]
 mean: 0.2865768058697243, std: 0.0420663738993218
Accuracy Intime: [0.39285714285714285, 0.38095238095238093, 0.36904761904761907, 0.40476190476190477, 0.3333333333333333, 0.36904761904761907, 0.3333333333333333, 0.34523809523809523, 0.4166666666666667, 0.40476190476190477, 0.32142857142857145, 0.3333333333333333, 0.36904761904761907, 0.40476190476190477, 0.40476190476190477]
 mean: 0.3722222222222223, std: 0.031185528102203975
F1 (Intime): [0.3881021769353959, 0.37297913040076675, 0.34973992621852135, 0.3795462387853692, 0.2696995757865323, 0.2877332064901432, 0.3203356109963452, 0.30578981302385555, 0.40090056839152577, 0.3743174261348953, 0.3137113997113997, 0.307962568832134, 0.36774010303422067, 0.41467011231519224, 0.3786002886002886]
 mean: 0.3487885430437724, std: 0.04287330363906422
--------------------------------------------------
Subject Number: 5
Accuracy Cross: [0.3, 0.30952380952380953, 0.38571428571428573, 0.3142857142857143, 0.3761904761904762, 0.3333333333333333, 0.3, 0.38571428571428573, 0.3047619047619048, 0.319047619047619, 0.2619047619047619, 0.319047619047619, 0.3047619047619048, 0.24761904761904763, 0.28095238095238095]
 mean: 0.31619047619047613, std: 0.03941369246136618
F1 Score: [0.25630334224921375, 0.2490261169556213, 0.33481828813265013, 0.25595434560747116, 0.2991512323499609, 0.334693341224479, 0.3063134087261735, 0.38435347238871576, 0.31277823649811604, 0.3071664911664912, 0.26295040398791947, 0.3368838179364495, 0.3157355969513089, 0.2522530355985281, 0.29508657339982636]
 mean: 0.30023118021152834, std: 0.03787544103824673
Accuracy Intime: [0.44047619047619047, 0.47619047619047616, 0.44047619047619047, 0.38095238095238093, 0.5, 0.4642857142857143, 0.38095238095238093, 0.4166666666666667, 0.40476190476190477, 0.3333333333333333, 0.38095238095238093, 0.47619047619047616, 0.39285714285714285, 0.40476190476190477, 0.36904761904761907]
 mean: 0.41746031746031753, std: 0.04568837449087065
F1 (Intime): [0.40878232878232873, 0.45765039558143006, 0.44663714948344924, 0.3332131169438322, 0.4867035187035187, 0.4639224888901835, 0.3565141612200436, 0.42010489510489507, 0.4067735949098621, 0.29019866871479777, 0.3896882020852567, 0.4586656586656586, 0.3778868439680453, 0.39248803522059333, 0.3191641342445297]
 mean: 0.400559546167895, std: 0.055773582345097765
--------------------------------------------------
Subject Number: 6
Accuracy Cross: [0.2523809523809524, 0.2904761904761905, 0.2523809523809524, 0.24285714285714285, 0.3380952380952381, 0.23809523809523808, 0.2571428571428571, 0.24285714285714285, 0.23809523809523808, 0.29523809523809524, 0.2619047619047619, 0.3047619047619048, 0.2857142857142857, 0.2571428571428571, 0.2857142857142857]
 mean: 0.2695238095238095, std: 0.028187902070378565
F1 Score: [0.2534811987367503, 0.2955817041262193, 0.23764970335274227, 0.2463982168076239, 0.32836802378031765, 0.24055317491145764, 0.24120198821656, 0.23070794624347118, 0.233712626936926, 0.26639413783726174, 0.24930784913004067, 0.2916752384877755, 0.2830994711995981, 0.2510319212562898, 0.284173141810005]
 mean: 0.26222242285553593, std: 0.027362591485598282
Accuracy Intime: [0.27380952380952384, 0.2857142857142857, 0.23809523809523808, 0.38095238095238093, 0.32142857142857145, 0.32142857142857145, 0.2619047619047619, 0.2619047619047619, 0.2976190476190476, 0.2976190476190476, 0.2619047619047619, 0.2976190476190476, 0.2857142857142857, 0.32142857142857145, 0.30952380952380953]
 mean: 0.2944444444444444, std: 0.03352176520943313
F1 (Intime): [0.2655241006947507, 0.2696891755587408, 0.21991196730741852, 0.3692385518726983, 0.316449893108932, 0.3057410612815806, 0.20395415836432168, 0.22573617260524279, 0.3110822510822511, 0.2718355086715537, 0.24189970599908484, 0.2992062010139485, 0.2593994735289941, 0.29723033823589995, 0.24843232902917264]
 mean: 0.273688725890306, std: 0.042096922062360174
--------------------------------------------------
Subject Number: 7
Accuracy Cross: [0.2571428571428571, 0.26666666666666666, 0.24285714285714285, 0.19523809523809524, 0.2523809523809524, 0.2571428571428571, 0.21428571428571427, 0.20952380952380953, 0.22380952380952382, 0.20476190476190476, 0.21904761904761905, 0.2, 0.20952380952380953, 0.1761904761904762, 0.26666666666666666]
 mean: 0.22634920634920638, std: 0.02770466568796371
F1 Score: [0.24888162703565758, 0.24870995489695336, 0.2091667482883454, 0.1871462894711699, 0.2162848705793161, 0.25577372904313034, 0.20960257331148013, 0.19583923600402686, 0.2139321480933724, 0.19711841100076394, 0.21703613261862217, 0.19872111720313884, 0.17816399129958452, 0.17243142265850883, 0.26319201629202105]
 mean: 0.21413335118640608, std: 0.027355457261017173
Accuracy Intime: [0.2857142857142857, 0.2857142857142857, 0.2857142857142857, 0.36904761904761907, 0.34523809523809523, 0.30952380952380953, 0.2857142857142857, 0.2976190476190476, 0.2976190476190476, 0.17857142857142858, 0.32142857142857145, 0.2619047619047619, 0.2619047619047619, 0.27380952380952384, 0.2857142857142857]
 mean: 0.28968253968253965, std: 0.04093268875627818
F1 (Intime): [0.27507230307230307, 0.2632781717888101, 0.23102897102897102, 0.31920702465383316, 0.33089459028254337, 0.26452651780749636, 0.2689604329973871, 0.26352301278854207, 0.30280181834076403, 0.1718190508873419, 0.3193951712244395, 0.21260130718954245, 0.2389182582123759, 0.23071417878954964, 0.272383030680903]
 mean: 0.26434158931632024, std: 0.041854463576323435
--------------------------------------------------
Subject Number: 8
Accuracy Cross: [0.3476190476190476, 0.3619047619047619, 0.3476190476190476, 0.32857142857142857, 0.3523809523809524, 0.30952380952380953, 0.2857142857142857, 0.3523809523809524, 0.2857142857142857, 0.3476190476190476, 0.3047619047619048, 0.24285714285714285, 0.3333333333333333, 0.37142857142857144, 0.3476190476190476]
 mean: 0.3279365079365079, std: 0.03415613373031814
F1 Score: [0.30738003292725924, 0.332837311814217, 0.3139154900924367, 0.3141723403762036, 0.3230930832166949, 0.31410996282672493, 0.30019317684998265, 0.36226792939206154, 0.3021626521626522, 0.3579224417844691, 0.3132713220639766, 0.25190988997665414, 0.33029729052602197, 0.34826851518917856, 0.3537559714531996]
 mean: 0.3217038273767822, std: 0.02715029148476949
Accuracy Intime: [0.38095238095238093, 0.47619047619047616, 0.39285714285714285, 0.39285714285714285, 0.4166666666666667, 0.40476190476190477, 0.4166666666666667, 0.38095238095238093, 0.27380952380952384, 0.42857142857142855, 0.4523809523809524, 0.5119047619047619, 0.40476190476190477, 0.42857142857142855, 0.42857142857142855]
 mean: 0.41269841269841273, std: 0.05063218383408437
F1 (Intime): [0.3563381205324939, 0.4337491965398942, 0.39238942261254633, 0.3901712928232058, 0.4137204809476601, 0.41230407523510965, 0.4144588744588745, 0.36772677143644883, 0.23812463413336174, 0.41023748629886736, 0.43597929480282416, 0.5168400185449972, 0.3995345830639948, 0.38603359377749624, 0.4010357047156677]
 mean: 0.3979095699948961, std: 0.05548302784345388
--------------------------------------------------
Subject Number: 9
Accuracy Cross: [0.29523809523809524, 0.2761904761904762, 0.3238095238095238, 0.2761904761904762, 0.3, 0.3047619047619048, 0.30952380952380953, 0.18571428571428572, 0.3380952380952381, 0.28095238095238095, 0.26666666666666666, 0.28095238095238095, 0.3523809523809524, 0.3142857142857143, 0.3238095238095238]
 mean: 0.2952380952380952, std: 0.03773640524982657
F1 Score: [0.24426121396854067, 0.24017885944565182, 0.2869922780522186, 0.19370410195333407, 0.26446039420603223, 0.28951240263804606, 0.2930839507740718, 0.1787071190375536, 0.32054716558340235, 0.26974946372693737, 0.2793717582709966, 0.2721399615017024, 0.34816594284948715, 0.3238635218055213, 0.3371821304220552]
 mean: 0.2761280176157034, std: 0.04658261359991441
Accuracy Intime: [0.36904761904761907, 0.34523809523809523, 0.44047619047619047, 0.35714285714285715, 0.38095238095238093, 0.4166666666666667, 0.38095238095238093, 0.27380952380952384, 0.4523809523809524, 0.35714285714285715, 0.36904761904761907, 0.40476190476190477, 0.36904761904761907, 0.36904761904761907, 0.39285714285714285]
 mean: 0.37857142857142867, std: 0.0408248290463863
F1 (Intime): [0.3765873015873016, 0.3459277742703772, 0.42458909595132505, 0.3312806192262898, 0.33794631506301986, 0.4093310108977636, 0.3677913004282173, 0.2800497681853614, 0.4535290571497468, 0.3349017803693768, 0.30035333321149427, 0.38129204785362425, 0.3396725572926946, 0.33259109311740886, 0.36890550267236044]
 mean: 0.35898323715175745, std: 0.04431652298754897
--------------------------------------------------
Subject Number: 10
Accuracy Cross: [0.29523809523809524, 0.29523809523809524, 0.2904761904761905, 0.3047619047619048, 0.2619047619047619, 0.2571428571428571, 0.21428571428571427, 0.26666666666666666, 0.2714285714285714, 0.2761904761904762, 0.22380952380952382, 0.2904761904761905, 0.30952380952380953, 0.2523809523809524, 0.21904761904761905]
 mean: 0.26857142857142857, std: 0.029753332098692024
F1 Score: [0.2903047956771361, 0.2816118781306666, 0.2844552250133982, 0.27753122515410994, 0.25675713036599074, 0.25069006771977065, 0.21037879805603715, 0.25945706098049487, 0.2686305243100375, 0.24324704940173608, 0.21962413735237557, 0.28937269352696193, 0.30808985935157523, 0.24111712223579987, 0.2043428337530142]
 mean: 0.2590406934019403, std: 0.029946431937265316
Accuracy Intime: [0.39285714285714285, 0.3333333333333333, 0.34523809523809523, 0.2857142857142857, 0.2976190476190476, 0.34523809523809523, 0.3333333333333333, 0.3333333333333333, 0.2857142857142857, 0.3333333333333333, 0.32142857142857145, 0.30952380952380953, 0.36904761904761907, 0.32142857142857145, 0.27380952380952384]
 mean: 0.3253968253968254, std: 0.030942204269234806
F1 (Intime): [0.36596963423050377, 0.3360238534680725, 0.3148484848484848, 0.27328407224958945, 0.2679509092552571, 0.29408658008658006, 0.3161469161469161, 0.3055099434409779, 0.2688888888888889, 0.3328138528138528, 0.3003044195855492, 0.2672397891963109, 0.3665350877192982, 0.30837088837088833, 0.26117192719527255]
 mean: 0.3052763498330961, std: 0.03330876684994394
--------------------------------------------------
Subject Number: 11
Accuracy Cross: [0.23333333333333334, 0.22857142857142856, 0.26666666666666666, 0.23809523809523808, 0.24761904761904763, 0.24761904761904763, 0.24761904761904763, 0.29523809523809524, 0.26666666666666666, 0.2857142857142857, 0.26666666666666666, 0.34285714285714286, 0.28095238095238095, 0.29523809523809524, 0.2857142857142857]
 mean: 0.26857142857142857, std: 0.029189090829136746
F1 Score: [0.22203172434983287, 0.2223690871291847, 0.24649776460628306, 0.20281048251197506, 0.2477205466812072, 0.2515944109064747, 0.256199727206461, 0.30113436371651336, 0.25640817159171386, 0.29202973497091145, 0.26571674238082943, 0.32879478140858254, 0.2929784365361099, 0.29265277028936293, 0.2848777699070867]
 mean: 0.26425443427950196, std: 0.03321037276112754
Accuracy Intime: [0.36904761904761907, 0.30952380952380953, 0.32142857142857145, 0.32142857142857145, 0.34523809523809523, 0.23809523809523808, 0.38095238095238093, 0.38095238095238093, 0.34523809523809523, 0.30952380952380953, 0.2857142857142857, 0.32142857142857145, 0.35714285714285715, 0.38095238095238093, 0.34523809523809523]
 mean: 0.33412698412698416, std: 0.038260224740298256
F1 (Intime): [0.3776470588235294, 0.2594211497179103, 0.3066017316017316, 0.24042524192449227, 0.32699714348494835, 0.2253010878010878, 0.3674274871238818, 0.3398901098901099, 0.3164393939393939, 0.29441593352883677, 0.26681271129141304, 0.3045707915273133, 0.325, 0.3407692307692308, 0.31102898518423966]
 mean: 0.3068498704405413, std: 0.04230333727999846
--------------------------------------------------
Subject Number: 12
Accuracy Cross: [0.37142857142857144, 0.2619047619047619, 0.38571428571428573, 0.36666666666666664, 0.2714285714285714, 0.30952380952380953, 0.2761904761904762, 0.32857142857142857, 0.2904761904761905, 0.3, 0.20476190476190476, 0.22380952380952382, 0.2761904761904762, 0.24285714285714285, 0.22857142857142856]
 mean: 0.2892063492063492, std: 0.05340886563762055
F1 Score: [0.3738313022523549, 0.26927751809577005, 0.387207657031008, 0.3731131098866796, 0.283693535427562, 0.2547875994972769, 0.2325081309772478, 0.2810427675288155, 0.2262773710163596, 0.24700895201670936, 0.2095089477228183, 0.22825717955144045, 0.2879569955163176, 0.2509504854937643, 0.2327319809154837]
 mean: 0.2758769021953072, std: 0.05567523859382676
Accuracy Intime: [0.32142857142857145, 0.3333333333333333, 0.35714285714285715, 0.38095238095238093, 0.4166666666666667, 0.4166666666666667, 0.40476190476190477, 0.35714285714285715, 0.38095238095238093, 0.40476190476190477, 0.30952380952380953, 0.38095238095238093, 0.3333333333333333, 0.3333333333333333, 0.3333333333333333]
 mean: 0.36428571428571416, std: 0.034992710611188256
F1 (Intime): [0.2531947166218266, 0.3206357311952721, 0.32491414141414143, 0.38398976937216756, 0.4274348595862473, 0.4095280764635604, 0.3990387779083432, 0.32341033750608217, 0.3601365001365001, 0.3806894441165541, 0.3026306915991789, 0.3142957121680526, 0.2974560831703689, 0.31735646894393105, 0.3344990131197028]
 mean: 0.34328068822146196, std: 0.046635061176170216
--------------------------------------------------
Subject Number: 13
Accuracy Cross: [0.2904761904761905, 0.24761904761904763, 0.28095238095238095, 0.29523809523809524, 0.22857142857142856, 0.2571428571428571, 0.22380952380952382, 0.24761904761904763, 0.22857142857142856, 0.28095238095238095, 0.24285714285714285, 0.26666666666666666, 0.24285714285714285, 0.2857142857142857, 0.26666666666666666]
 mean: 0.259047619047619, std: 0.023054701784590865
F1 Score: [0.2759669251021726, 0.23156120463185387, 0.2462578713228562, 0.2893505318484015, 0.15387037599763959, 0.25038203451610413, 0.22807348290973453, 0.23873936333861626, 0.23256737701865005, 0.26934393766741727, 0.2266681248407867, 0.24705331639288924, 0.19692382314737172, 0.24699162946745434, 0.251878785194095]
 mean: 0.23904191889306953, std: 0.031288948073292716
Accuracy Intime: [0.35714285714285715, 0.34523809523809523, 0.35714285714285715, 0.34523809523809523, 0.34523809523809523, 0.34523809523809523, 0.44047619047619047, 0.34523809523809523, 0.38095238095238093, 0.32142857142857145, 0.3333333333333333, 0.34523809523809523, 0.3333333333333333, 0.27380952380952384, 0.2857142857142857]
 mean: 0.3436507936507936, std: 0.0365941012171381
F1 (Intime): [0.31759115308654484, 0.3275244010647737, 0.3355388291517324, 0.35307692307692307, 0.26842336407553796, 0.3226209058658527, 0.44536982730531116, 0.32628966034421325, 0.375768967874231, 0.2835962970895504, 0.32043609804520623, 0.34011204481792723, 0.312974586972535, 0.264367889420521, 0.24275275922334746]
 mean: 0.32242958049428055, std: 0.047388537634756166
--------------------------------------------------
Subject Number: 14
Accuracy Cross: [0.3238095238095238, 0.3238095238095238, 0.32857142857142857, 0.30952380952380953, 0.22857142857142856, 0.30952380952380953, 0.38571428571428573, 0.3523809523809524, 0.3238095238095238, 0.30952380952380953, 0.3142857142857143, 0.319047619047619, 0.319047619047619, 0.34285714285714286, 0.3238095238095238]
 mean: 0.3209523809523809, std: 0.03133704807429351
F1 Score: [0.3442127690312301, 0.33884198996665643, 0.33602184379249406, 0.31377318550350614, 0.23278208029829886, 0.3108740933937869, 0.3604221963092528, 0.3396843813506812, 0.3064822095547487, 0.28063934734911744, 0.29233471778313336, 0.31587592756201516, 0.31772291983957385, 0.3185654261704682, 0.30849391949048305]
 mean: 0.31444846715969643, std: 0.02959744995812167
Accuracy Intime: [0.38095238095238093, 0.40476190476190477, 0.35714285714285715, 0.39285714285714285, 0.35714285714285715, 0.36904761904761907, 0.4166666666666667, 0.34523809523809523, 0.35714285714285715, 0.27380952380952384, 0.3333333333333333, 0.4166666666666667, 0.39285714285714285, 0.42857142857142855, 0.5119047619047619]
 mean: 0.3825396825396826, std: 0.051409951557782996
F1 (Intime): [0.3533442006099259, 0.3628104575163399, 0.3177428371767994, 0.3648033126293996, 0.30967521367521367, 0.3489950400476716, 0.3371479500891265, 0.30626822639725865, 0.33202259348600816, 0.2425075903740596, 0.3049177489177489, 0.40521164021164024, 0.40077115238405564, 0.4150288656576689, 0.46826843177462363]
 mean: 0.3513010173965026, std: 0.05345822734118793
--------------------------------------------------
**************************************************
accuracy_cross_list: [0.28634920634920635, 0.3196825396825396, 0.26, 0.3038095238095238, 0.31619047619047613, 0.2695238095238095, 0.22634920634920638, 0.3279365079365079, 0.2952380952380952, 0.26857142857142857, 0.26857142857142857, 0.2892063492063492, 0.259047619047619, 0.3209523809523809]
f1_score_list: [0.26458747533348986, 0.311049369004469, 0.2352424219329236, 0.2865768058697243, 0.30023118021152834, 0.26222242285553593, 0.21413335118640608, 0.3217038273767822, 0.2761280176157034, 0.2590406934019403, 0.26425443427950196, 0.2758769021953072, 0.23904191889306953, 0.31444846715969643]
accuracy_intime_list: [0.38333333333333347, 0.3992063492063493, 0.3309523809523809, 0.3722222222222223, 0.41746031746031753, 0.2944444444444444, 0.28968253968253965, 0.41269841269841273, 0.37857142857142867, 0.3253968253968254, 0.33412698412698416, 0.36428571428571416, 0.3436507936507936, 0.3825396825396826]
f1_score_intime_list: [0.3607057067643307, 0.37950295859926725, 0.31294967887913855, 0.3487885430437724, 0.400559546167895, 0.273688725890306, 0.26434158931632024, 0.3979095699948961, 0.35898323715175745, 0.3052763498330961, 0.3068498704405413, 0.34328068822146196, 0.32242958049428055, 0.3513010173965026]
**************************************************
ACC: 28.65±2.84
F1: 27.32±3.05
Intime: 35.92±3.91
F1 (Intime): 33.76±4.05
