1e-03
Subject Number: 1
Accuracy Cross: [0.9375, 0.96875, 0.9375, 1.0, 0.9375, 0.9393939393939394, 0.8484848484848485, 0.7575757575757576, 0.9393939393939394, 0.9393939393939394, 0.90625, 0.9375, 0.90625, 0.96875, 0.84375]
 mean: 0.9178661616161616, std: 0.05838175490410591
F1 Score: [0.9352226720647774, 0.9684729064039409, 0.9365079365079365, 1.0, 0.9372549019607843, 0.9379699248120301, 0.8484848484848485, 0.7272727272727273, 0.9379699248120301, 0.9379699248120301, 0.9015384615384616, 0.9372549019607843, 0.9054187192118226, 0.967967967967968, 0.8435972629521017]
 mean: 0.9148602053841496, std: 0.06396446137989294
Accuracy Intime: [1.0, 0.9285714285714286, 0.9166666666666666, 0.9166666666666666, 0.9166666666666666, 0.9285714285714286, 0.9285714285714286, 1.0, 0.9166666666666666, 1.0, 1.0, 1.0, 1.0, 0.9166666666666666, 1.0]
 mean: 0.9579365079365079, std: 0.03957127257878703
F1 (Intime): [1.0, 0.9251336898395721, 0.8991596638655461, 0.916083916083916, 0.916083916083916, 0.9251336898395721, 0.9251336898395721, 1.0, 0.916083916083916, 1.0, 1.0, 1.0, 1.0, 0.916083916083916, 1.0]
 mean: 0.9559264265146619, std: 0.04164461145258704
--------------------------------------------------
Subject Number: 2
Accuracy Cross: [0.7575757575757576, 0.7272727272727273, 0.8484848484848485, 0.7272727272727273, 0.8484848484848485, 0.6875, 0.5625, 0.75, 0.65625, 0.75, 0.6363636363636364, 0.6060606060606061, 0.7575757575757576, 0.7878787878787878, 0.5757575757575758]
 mean: 0.7119318181818183, std: 0.08644348271564371
F1 Score: [0.7555555555555555, 0.6996966632962589, 0.8433048433048433, 0.7262672811059908, 0.8462255358807083, 0.6862745098039216, 0.45893719806763283, 0.7490196078431373, 0.6476476476476476, 0.7333333333333334, 0.6360294117647058, 0.5460317460317461, 0.7573529411764706, 0.7746341463414634, 0.5227272727272727]
 mean: 0.6922025129253793, std: 0.10875685894515563
Accuracy Intime: [1.0, 0.7142857142857143, 0.6666666666666666, 0.5833333333333334, 0.6666666666666666, 0.7857142857142857, 0.7142857142857143, 0.9285714285714286, 0.6666666666666666, 0.6666666666666666, 0.8571428571428571, 0.6428571428571429, 0.8333333333333334, 0.6666666666666666, 0.5]
 mean: 0.7261904761904762, std: 0.12770134754487528
F1 (Intime): [1.0, 0.6888888888888889, 0.4, 0.4957983193277311, 0.6666666666666666, 0.7846153846153847, 0.6888888888888889, 0.9251336898395721, 0.6666666666666666, 0.625, 0.8444444444444444, 0.5238095238095237, 0.7777777777777777, 0.6571428571428571, 0.3333333333333333]
 mean: 0.6718777627601156, std: 0.1770145650657135
--------------------------------------------------
Subject Number: 3
Accuracy Cross: [0.5, 0.5625, 0.4375, 0.625, 0.625, 0.5151515151515151, 0.45454545454545453, 0.5151515151515151, 0.7575757575757576, 0.5454545454545454, 0.5151515151515151, 0.5757575757575758, 0.42424242424242425, 0.5757575757575758, 0.48484848484848486]
 mean: 0.5409090909090909, std: 0.08269324882161422
F1 Score: [0.4458874458874459, 0.5555555555555556, 0.37662337662337664, 0.611336032388664, 0.5, 0.45454545454545453, 0.44172932330827064, 0.5037593984962406, 0.7380952380952381, 0.4057623049219688, 0.47619047619047616, 0.5227272727272727, 0.3365079365079365, 0.5227272727272727, 0.4327603640040445]
 mean: 0.48828049679861446, std: 0.09503279122077059
Accuracy Intime: [0.6428571428571429, 0.6428571428571429, 0.7857142857142857, 0.75, 0.6666666666666666, 0.5714285714285714, 0.42857142857142855, 0.6666666666666666, 0.5833333333333334, 0.5833333333333334, 0.7142857142857143, 0.6428571428571429, 0.75, 0.75, 0.75]
 mean: 0.6619047619047618, std: 0.09136985548476934
F1 (Intime): [0.625668449197861, 0.625668449197861, 0.7754010695187166, 0.7482517482517483, 0.6571428571428571, 0.36363636363636365, 0.3, 0.5555555555555556, 0.5555555555555556, 0.4957983193277311, 0.7083333333333333, 0.5906432748538011, 0.6210526315789473, 0.7482517482517483, 0.7482517482517483]
 mean: 0.6079474069102552, std: 0.13497657874763203
--------------------------------------------------
Subject Number: 4
Accuracy Cross: [0.7272727272727273, 0.9090909090909091, 0.8787878787878788, 0.8787878787878788, 0.9393939393939394, 0.7878787878787878, 0.7878787878787878, 0.8787878787878788, 0.8181818181818182, 0.8484848484848485, 0.5454545454545454, 0.8181818181818182, 0.6060606060606061, 0.8787878787878788, 0.45454545454545453]
 mean: 0.7838383838383838, std: 0.13725485051687297
F1 Score: [0.717948717948718, 0.905982905982906, 0.8759398496240601, 0.8759398496240601, 0.9379699248120301, 0.7806267806267806, 0.7870967741935484, 0.8730769230769231, 0.8096153846153846, 0.8433048433048433, 0.47619047619047616, 0.8166666666666667, 0.5925925925925926, 0.8777777777777778, 0.3125]
 mean: 0.7655486311357844, std: 0.16939784062959373
Accuracy Intime: [0.7142857142857143, 1.0, 0.8571428571428571, 0.9166666666666666, 0.8333333333333334, 0.7142857142857143, 1.0, 0.8571428571428571, 0.5833333333333334, 0.75, 0.9285714285714286, 1.0, 1.0, 0.9166666666666666, 0.8333333333333334]
 mean: 0.8603174603174604, std: 0.12167471680467809
F1 (Intime): [0.65, 1.0, 0.8541666666666667, 0.916083916083916, 0.8285714285714285, 0.65, 1.0, 0.8444444444444444, 0.4957983193277311, 0.7482517482517483, 0.9251336898395721, 1.0, 1.0, 0.916083916083916, 0.8285714285714285]
 mean: 0.8438070371893903, std: 0.14619212870597
--------------------------------------------------
Subject Number: 5
Accuracy Cross: [0.6875, 0.53125, 0.5625, 0.65625, 0.75, 0.65625, 0.59375, 0.5, 0.75, 0.84375, 0.65625, 0.625, 0.59375, 0.65625, 0.59375]
 mean: 0.64375, std: 0.08675276172357088
F1 Score: [0.6666666666666667, 0.4909862142099682, 0.5625, 0.6267232237539766, 0.746031746031746, 0.6476476476476476, 0.5901477832512315, 0.4458874458874459, 0.7333333333333334, 0.8303287380699894, 0.6532019704433498, 0.6190476190476191, 0.5901477832512315, 0.6476476476476476, 0.5933528836754643]
 mean: 0.6295767135278212, std: 0.09280960116607827
Accuracy Intime: [0.9285714285714286, 0.7142857142857143, 0.8333333333333334, 0.5, 0.8333333333333334, 0.7857142857142857, 0.8571428571428571, 0.9166666666666666, 0.5833333333333334, 0.5, 0.8571428571428571, 0.9285714285714286, 0.9166666666666666, 0.6666666666666666, 0.5833333333333334]
 mean: 0.7603174603174602, std: 0.15157691313194172
F1 (Intime): [0.9282051282051282, 0.6888888888888889, 0.7777777777777777, 0.3333333333333333, 0.8333333333333334, 0.7846153846153847, 0.8571428571428571, 0.8991596638655461, 0.4957983193277311, 0.4857142857142857, 0.8541666666666667, 0.9282051282051282, 0.9111111111111111, 0.6666666666666666, 0.4957983193277311]
 mean: 0.729327790945438, std: 0.18617698374373026
--------------------------------------------------
Subject Number: 6
Accuracy Cross: [0.5, 0.4375, 0.75, 0.71875, 0.625, 0.5757575757575758, 0.6666666666666666, 0.6666666666666666, 0.5757575757575758, 0.696969696969697, 0.7575757575757576, 0.5454545454545454, 0.6363636363636364, 0.6060606060606061, 0.9393939393939394]
 mean: 0.6465277777777778, std: 0.11689890769133213
F1 Score: [0.4817813765182186, 0.4, 0.7090909090909091, 0.681063122923588, 0.611336032388664, 0.4652777777777778, 0.6616961789375583, 0.6458536585365854, 0.5722222222222222, 0.6898496240601504, 0.7518796992481203, 0.5170731707317073, 0.6333333333333333, 0.5814634146341464, 0.9379699248120301]
 mean: 0.6226593630143341, std: 0.127384144934498
Accuracy Intime: [0.8571428571428571, 0.7857142857142857, 0.6428571428571429, 0.8333333333333334, 0.6666666666666666, 1.0, 1.0, 0.8333333333333334, 0.75, 0.6666666666666666, 0.8571428571428571, 0.9285714285714286, 0.75, 0.5833333333333334, 0.5]
 mean: 0.776984126984127, std: 0.14135898738918812
F1 (Intime): [0.8444444444444444, 0.7754010695187166, 0.5238095238095237, 0.8285714285714285, 0.6571428571428571, 1.0, 1.0, 0.8125, 0.7482517482517483, 0.6571428571428571, 0.8541666666666667, 0.9251336898395721, 0.6210526315789473, 0.5555555555555556, 0.5]
 mean: 0.753544831501488, std: 0.15733718669854352
--------------------------------------------------
Subject Number: 7
Accuracy Cross: [0.53125, 0.65625, 0.5, 0.6875, 0.75, 0.5, 0.59375, 0.59375, 0.53125, 0.59375, 0.5, 0.53125, 0.59375, 0.65625, 0.75]
 mean: 0.5979166666666667, std: 0.08296794896558284
F1 Score: [0.5195195195195195, 0.6101882613510521, 0.4980392156862745, 0.6761133603238867, 0.722943722943723, 0.4920634920634921, 0.5901477832512315, 0.5835835835835836, 0.530791788856305, 0.5933528836754643, 0.4980392156862745, 0.4909862142099682, 0.5835835835835836, 0.6559139784946236, 0.7490196078431373]
 mean: 0.586285747404808, std: 0.08156700283709334
Accuracy Intime: [0.6428571428571429, 0.7142857142857143, 0.5833333333333334, 0.5833333333333334, 0.75, 0.8571428571428571, 0.7142857142857143, 0.9166666666666666, 0.75, 0.5833333333333334, 0.7857142857142857, 0.6428571428571429, 0.5833333333333334, 0.5, 0.5833333333333334]
 mean: 0.6793650793650794, std: 0.11331154474650632
F1 (Intime): [0.5238095238095237, 0.6888888888888889, 0.3684210526315789, 0.5555555555555556, 0.7482517482517483, 0.8541666666666667, 0.65, 0.8991596638655461, 0.7333333333333334, 0.5555555555555556, 0.7543859649122806, 0.5238095238095237, 0.3684210526315789, 0.3333333333333333, 0.4957983193277311]
 mean: 0.603526012171523, std: 0.1698412279299193
--------------------------------------------------
Subject Number: 8
Accuracy Cross: [0.875, 0.71875, 0.8125, 1.0, 0.75, 0.8125, 0.71875, 0.90625, 0.8125, 1.0, 0.90625, 0.78125, 0.84375, 0.75, 0.96875]
 mean: 0.84375, std: 0.09270248108869579
F1 Score: [0.8666666666666667, 0.681063122923588, 0.8, 1.0, 0.7090909090909091, 0.7922077922077921, 0.7046153846153846, 0.9039039039039038, 0.8, 1.0, 0.9039039039039038, 0.7702564102564102, 0.8303287380699894, 0.7090909090909091, 0.9684729064039409]
 mean: 0.8293067098088932, std: 0.10429916002182181
Accuracy Intime: [1.0, 0.9285714285714286, 0.9166666666666666, 1.0, 0.5833333333333334, 0.7857142857142857, 0.8571428571428571, 0.8333333333333334, 0.5833333333333334, 0.6666666666666666, 1.0, 1.0, 0.8333333333333334, 0.8333333333333334, 0.9166666666666666]
 mean: 0.8492063492063492, std: 0.1380587435813621
F1 (Intime): [1.0, 0.9251336898395721, 0.8991596638655461, 1.0, 0.5555555555555556, 0.7543859649122806, 0.8571428571428571, 0.7777777777777777, 0.5804195804195804, 0.6571428571428571, 1.0, 1.0, 0.7777777777777777, 0.8285714285714285, 0.916083916083916]
 mean: 0.8352767379392766, std: 0.1451037717793329
--------------------------------------------------
Subject Number: 9
Accuracy Cross: [0.875, 0.8125, 0.90625, 0.78125, 0.9375, 0.65625, 0.5, 0.8125, 0.8125, 0.78125, 0.8125, 0.9375, 0.84375, 0.625, 0.96875]
 mean: 0.8041666666666667, std: 0.12314597255109709
F1 Score: [0.8666666666666667, 0.8, 0.9015384615384616, 0.751937984496124, 0.9352226720647774, 0.6532019704433498, 0.4181818181818182, 0.8095238095238095, 0.8095238095238095, 0.751937984496124, 0.8095238095238095, 0.9372549019607843, 0.8423645320197044, 0.6190476190476191, 0.967967967967968]
 mean: 0.7915929338303218, std: 0.13803307968613454
Accuracy Intime: [1.0, 0.8571428571428571, 0.9166666666666666, 0.6666666666666666, 0.75, 1.0, 1.0, 1.0, 1.0, 0.8333333333333334, 1.0, 1.0, 1.0, 1.0, 0.6666666666666666]
 mean: 0.9126984126984127, std: 0.12261840550507377
F1 (Intime): [1.0, 0.8444444444444444, 0.8991596638655461, 0.625, 0.7333333333333334, 1.0, 1.0, 1.0, 1.0, 0.8285714285714285, 1.0, 1.0, 1.0, 1.0, 0.625]
 mean: 0.9037005913476502, std: 0.13589494198759447
--------------------------------------------------
Subject Number: 10
Accuracy Cross: [0.625, 0.875, 0.6875, 0.84375, 0.59375, 0.625, 0.625, 0.75, 0.8125, 0.5625, 0.7272727272727273, 0.7272727272727273, 0.5151515151515151, 0.7272727272727273, 0.6060606060606061]
 mean: 0.6868686868686869, std: 0.10208179115293445
F1 Score: [0.536231884057971, 0.8666666666666667, 0.6135265700483092, 0.8435972629521017, 0.4793491864831039, 0.6235294117647059, 0.6, 0.7490196078431373, 0.8095238095238095, 0.5607843137254902, 0.6857142857142857, 0.6857142857142857, 0.4260869565217391, 0.7102439024390244, 0.5925925925925926]
 mean: 0.6521720490698149, std: 0.12483980190001315
Accuracy Intime: [0.7857142857142857, 1.0, 0.9166666666666666, 0.5833333333333334, 0.75, 0.7857142857142857, 0.8571428571428571, 0.8333333333333334, 0.75, 0.75, 0.9285714285714286, 0.9285714285714286, 0.9166666666666666, 1.0, 0.9166666666666666]
 mean: 0.8468253968253968, std: 0.10961578838488602
F1 (Intime): [0.7754010695187166, 1.0, 0.8991596638655461, 0.5804195804195804, 0.7333333333333334, 0.7543859649122806, 0.8541666666666667, 0.7777777777777777, 0.7333333333333334, 0.7482517482517483, 0.9282051282051282, 0.9282051282051282, 0.9111111111111111, 1.0, 0.916083916083916]
 mean: 0.8359889614456179, std: 0.11401600962376775
--------------------------------------------------
Subject Number: 11
Accuracy Cross: [0.3333333333333333, 0.48484848484848486, 0.5757575757575758, 0.5151515151515151, 0.5757575757575758, 0.5757575757575758, 0.6060606060606061, 0.5757575757575758, 0.6363636363636364, 0.6666666666666666, 0.5454545454545454, 0.7575757575757576, 0.48484848484848486, 0.6363636363636364, 0.6666666666666666]
 mean: 0.5757575757575758, std: 0.09582659576267816
F1 Score: [0.33272058823529416, 0.4771668219944082, 0.5753676470588236, 0.4260869565217391, 0.5227272727272727, 0.4225, 0.4849939975990396, 0.49782608695652175, 0.6071428571428572, 0.593505039193729, 0.35294117647058826, 0.7518796992481203, 0.48484848484848486, 0.5416666666666666, 0.6616961789375583]
 mean: 0.5155379649067402, std: 0.10837657617018347
Accuracy Intime: [0.6428571428571429, 0.7142857142857143, 0.7857142857142857, 0.9166666666666666, 0.5833333333333334, 0.5714285714285714, 0.5714285714285714, 0.6428571428571429, 0.6666666666666666, 0.5, 0.6428571428571429, 0.7857142857142857, 0.5714285714285714, 0.5833333333333334, 0.5833333333333334]
 mean: 0.6507936507936509, std: 0.10546899422463628
F1 (Intime): [0.5238095238095237, 0.65, 0.7846153846153847, 0.916083916083916, 0.4957983193277311, 0.36363636363636365, 0.36363636363636365, 0.5238095238095237, 0.6571428571428571, 0.3333333333333333, 0.641025641025641, 0.7846153846153847, 0.475, 0.4957983193277311, 0.5804195804195804]
 mean: 0.5725816340522222, std: 0.16256847355742954
--------------------------------------------------
Subject Number: 12
Accuracy Cross: [0.78125, 0.875, 0.71875, 0.90625, 0.875, 0.6363636363636364, 0.9090909090909091, 0.6666666666666666, 0.9090909090909091, 0.9393939393939394, 0.78125, 0.65625, 0.53125, 0.75, 0.78125]
 mean: 0.7811237373737374, std: 0.11776479345237231
F1 Score: [0.7624602332979851, 0.873015873015873, 0.694591728525981, 0.9015384615384616, 0.873015873015873, 0.6333333333333333, 0.905982905982906, 0.6458536585365854, 0.905982905982906, 0.9379699248120301, 0.7793103448275862, 0.6559139784946236, 0.5195195195195195, 0.7090909090909091, 0.7624602332979851]
 mean: 0.7706693255515038, std: 0.1219725845995239
Accuracy Intime: [0.7857142857142857, 1.0, 0.8333333333333334, 0.8333333333333334, 0.6666666666666666, 0.7142857142857143, 0.8571428571428571, 0.8333333333333334, 0.9166666666666666, 0.8333333333333334, 1.0, 0.9285714285714286, 1.0, 0.8333333333333334, 0.75]
 mean: 0.8523809523809525, std: 0.09853423115341547
F1 (Intime): [0.7543859649122806, 1.0, 0.7777777777777777, 0.8285714285714285, 0.625, 0.65, 0.8571428571428571, 0.7777777777777777, 0.916083916083916, 0.8285714285714285, 1.0, 0.9282051282051282, 1.0, 0.8285714285714285, 0.7333333333333334]
 mean: 0.8336947360631571, std: 0.1152487242366657
--------------------------------------------------
Subject Number: 13
Accuracy Cross: [1.0, 0.90625, 0.9375, 0.84375, 1.0, 0.9393939393939394, 0.8484848484848485, 0.9090909090909091, 1.0, 0.9090909090909091, 0.8125, 0.75, 0.625, 0.78125, 0.78125]
 mean: 0.869570707070707, std: 0.10298077637117521
F1 Score: [1.0, 0.9015384615384616, 0.9352226720647774, 0.8358974358974359, 1.0, 0.9379699248120301, 0.847926267281106, 0.907735321528425, 1.0, 0.905982905982906, 0.8117647058823529, 0.746031746031746, 0.6, 0.7793103448275862, 0.7793103448275862]
 mean: 0.8659126753782941, std: 0.10732991257483301
Accuracy Intime: [0.9285714285714286, 0.9285714285714286, 0.9166666666666666, 0.8333333333333334, 1.0, 1.0, 1.0, 1.0, 1.0, 0.8333333333333334, 0.9285714285714286, 1.0, 0.9166666666666666, 1.0, 1.0]
 mean: 0.9523809523809524, std: 0.0581589554303532
F1 (Intime): [0.9282051282051282, 0.9282051282051282, 0.8991596638655461, 0.8285714285714285, 1.0, 1.0, 1.0, 1.0, 1.0, 0.8285714285714285, 0.9282051282051282, 1.0, 0.8991596638655461, 1.0, 1.0]
 mean: 0.9493385046326224, std: 0.061143416730800294
--------------------------------------------------
Subject Number: 14
Accuracy Cross: [0.8125, 0.90625, 0.9375, 0.71875, 0.875, 0.9375, 0.96875, 0.8125, 0.71875, 0.8125, 0.90625, 0.78125, 0.8125, 0.875, 0.875]
 mean: 0.85, std: 0.07412686197773832
F1 Score: [0.7922077922077921, 0.9039039039039038, 0.9372549019607843, 0.716256157635468, 0.873015873015873, 0.9372549019607843, 0.9684729064039409, 0.7922077922077921, 0.6631578947368422, 0.8, 0.9015384615384616, 0.7624602332979851, 0.8125, 0.8666666666666667, 0.8666666666666667]
 mean: 0.8395709434801973, std: 0.08379540318047607
Accuracy Intime: [1.0, 0.9285714285714286, 1.0, 0.75, 0.8333333333333334, 1.0, 0.8571428571428571, 0.75, 0.9166666666666666, 1.0, 0.9285714285714286, 0.7142857142857143, 0.9166666666666666, 1.0, 0.9166666666666666]
 mean: 0.9007936507936507, std: 0.09599566421719724
F1 (Intime): [1.0, 0.9251336898395721, 1.0, 0.7333333333333334, 0.8333333333333334, 1.0, 0.8571428571428571, 0.7333333333333334, 0.916083916083916, 1.0, 0.9251336898395721, 0.65, 0.8991596638655461, 1.0, 0.916083916083916]
 mean: 0.892582515523692, std: 0.10810271170278903
--------------------------------------------------
Subject Number: 15
Accuracy Cross: [0.65625, 0.90625, 0.84375, 0.75, 0.65625, 0.78125, 0.46875, 0.875, 0.6875, 0.8125, 0.5625, 0.65625, 0.4375, 0.4375, 0.71875]
 mean: 0.6833333333333333, std: 0.14784329166008475
F1 Score: [0.5594493116395495, 0.9039039039039038, 0.8303287380699894, 0.7333333333333334, 0.5594493116395495, 0.7810361681329423, 0.4682306940371457, 0.875, 0.6135265700483092, 0.8095238095238095, 0.5555555555555556, 0.6476476476476476, 0.4, 0.30434782608695654, 0.7046153846153846]
 mean: 0.6497298836156051, std: 0.17162461314941765
Accuracy Intime: [0.7857142857142857, 0.8571428571428571, 0.9166666666666666, 0.8333333333333334, 0.75, 0.7857142857142857, 0.7142857142857143, 1.0, 0.9166666666666666, 0.9166666666666666, 0.8571428571428571, 0.7142857142857143, 1.0, 0.9166666666666666, 1.0]
 mean: 0.8642857142857142, std: 0.09581176430843019
F1 (Intime): [0.7543859649122806, 0.8541666666666667, 0.8991596638655461, 0.8333333333333334, 0.7333333333333334, 0.7754010695187166, 0.65, 1.0, 0.916083916083916, 0.916083916083916, 0.8541666666666667, 0.65, 1.0, 0.916083916083916, 1.0]
 mean: 0.8501465631032195, std: 0.11303340434903933
--------------------------------------------------
Subject Number: 16
Accuracy Cross: [0.53125, 0.65625, 0.5, 0.5625, 0.625, 0.71875, 0.6875, 0.59375, 0.5, 0.65625, 0.46875, 0.5625, 0.625, 0.46875, 0.34375]
 mean: 0.5666666666666667, std: 0.09673488971869916
F1 Score: [0.5076923076923077, 0.6476476476476476, 0.4980392156862745, 0.5625, 0.611336032388664, 0.7117117117117118, 0.6761133603238867, 0.5835835835835836, 0.4666666666666667, 0.5883040935672514, 0.4231177094379639, 0.49090909090909085, 0.5, 0.45545545545545546, 0.2873806998939554]
 mean: 0.5340305049976307, std: 0.10510664289003743
Accuracy Intime: [0.7142857142857143, 0.6428571428571429, 0.8333333333333334, 0.9166666666666666, 0.75, 0.7857142857142857, 0.7142857142857143, 0.9166666666666666, 0.75, 0.6666666666666666, 0.7142857142857143, 0.7142857142857143, 0.8333333333333334, 0.8333333333333334, 0.75]
 mean: 0.7690476190476191, std: 0.07989505588363102
F1 (Intime): [0.7083333333333333, 0.5906432748538011, 0.7777777777777777, 0.916083916083916, 0.7333333333333334, 0.7754010695187166, 0.65, 0.9111111111111111, 0.7333333333333334, 0.625, 0.6888888888888889, 0.65, 0.7777777777777777, 0.8333333333333334, 0.7482517482517483]
 mean: 0.741284593173138, std: 0.09258617896062758
--------------------------------------------------
Subject Number: 17
Accuracy Cross: [0.6666666666666666, 0.5454545454545454, 0.5454545454545454, 0.5454545454545454, 0.696969696969697, 0.5757575757575758, 0.6060606060606061, 0.5454545454545454, 0.6363636363636364, 0.8484848484848485, 0.375, 0.6875, 0.5, 0.5625, 0.5625]
 mean: 0.5933080808080807, std: 0.10323496705385214
F1 Score: [0.6616961789375583, 0.35294117647058826, 0.47619047619047616, 0.4994944388270981, 0.6413043478260869, 0.5657894736842105, 0.5925925925925926, 0.4994944388270981, 0.6360294117647058, 0.8390243902439025, 0.3073593073593074, 0.6825396825396826, 0.4181818181818182, 0.49090909090909085, 0.5555555555555556]
 mean: 0.5479401586606515, std: 0.13177506732142305
Accuracy Intime: [0.8571428571428571, 0.8571428571428571, 0.9166666666666666, 0.6666666666666666, 0.5833333333333334, 0.8571428571428571, 0.7857142857142857, 0.75, 0.6666666666666666, 0.6666666666666666, 0.9285714285714286, 0.8571428571428571, 0.7142857142857143, 0.6666666666666666, 0.75]
 mean: 0.7682539682539683, std: 0.1028566529480788
F1 (Intime): [0.8541666666666667, 0.8541666666666667, 0.9111111111111111, 0.6571428571428571, 0.5555555555555556, 0.8541666666666667, 0.7543859649122806, 0.6974789915966386, 0.625, 0.625, 0.9282051282051282, 0.8541666666666667, 0.7083333333333333, 0.6571428571428571, 0.7482517482517483]
 mean: 0.7522849475945451, std: 0.11309545268750934
--------------------------------------------------
Subject Number: 18
Accuracy Cross: [0.7878787878787878, 0.6666666666666666, 0.8484848484848485, 0.9090909090909091, 0.8484848484848485, 0.90625, 0.84375, 0.875, 0.875, 0.84375, 0.875, 0.875, 0.90625, 0.875, 0.90625]
 mean: 0.8561237373737374, std: 0.05949750309640451
F1 Score: [0.7878787878787878, 0.6552706552706553, 0.8462255358807083, 0.905982905982906, 0.847926267281106, 0.9015384615384616, 0.8358974358974359, 0.8666666666666667, 0.8666666666666667, 0.8303287380699894, 0.8704453441295547, 0.8745098039215686, 0.906158357771261, 0.8666666666666667, 0.9054187192118226]
 mean: 0.851172067522284, std: 0.06122620062892961
Accuracy Intime: [1.0, 1.0, 1.0, 1.0, 0.9166666666666666, 1.0, 1.0, 1.0, 0.9166666666666666, 0.8333333333333334, 1.0, 0.7857142857142857, 1.0, 0.75, 0.9166666666666666]
 mean: 0.9412698412698413, std: 0.08378186171680412
F1 (Intime): [1.0, 1.0, 1.0, 1.0, 0.916083916083916, 1.0, 1.0, 1.0, 0.916083916083916, 0.8285714285714285, 1.0, 0.7543859649122806, 1.0, 0.7333333333333334, 0.916083916083916]
 mean: 0.937636165004586, std: 0.09077889958010757
--------------------------------------------------
Subject Number: 19
Accuracy Cross: [0.53125, 0.90625, 0.75, 0.75, 0.59375, 0.59375, 0.46875, 0.59375, 0.78125, 0.8125, 0.4375, 0.46875, 0.46875, 0.4375, 0.4375]
 mean: 0.6020833333333333, std: 0.15329143449289293
F1 Score: [0.3469387755102041, 0.9015384615384616, 0.7090909090909091, 0.7090909090909091, 0.539313399778516, 0.4340136054421769, 0.464039408866995, 0.5835835835835836, 0.751937984496124, 0.7922077922077921, 0.4, 0.4231177094379639, 0.36374269005847953, 0.30434782608695654, 0.30434782608695654]
 mean: 0.5351540587517353, std: 0.18755186480555014
Accuracy Intime: [0.7142857142857143, 0.7142857142857143, 0.8333333333333334, 0.8333333333333334, 0.6666666666666666, 0.8571428571428571, 0.8571428571428571, 0.9166666666666666, 0.75, 0.8333333333333334, 0.9285714285714286, 1.0, 0.9166666666666666, 1.0, 1.0]
 mean: 0.8547619047619046, std: 0.10443672475933957
F1 (Intime): [0.7083333333333333, 0.65, 0.7777777777777777, 0.8285714285714285, 0.625, 0.8444444444444444, 0.8444444444444444, 0.9111111111111111, 0.7333333333333334, 0.8333333333333334, 0.9251336898395721, 1.0, 0.8991596638655461, 1.0, 1.0]
 mean: 0.8387095040036218, std: 0.11767312836509845
--------------------------------------------------
Subject Number: 20
Accuracy Cross: [0.65625, 0.59375, 0.59375, 0.625, 0.71875, 0.6875, 0.71875, 0.71875, 0.84375, 0.78125, 0.6666666666666666, 0.5757575757575758, 0.6060606060606061, 0.6666666666666666, 0.7878787878787878]
 mean: 0.6827020202020201, std: 0.07672945619522863
F1 Score: [0.6532019704433498, 0.5835835835835836, 0.5901477832512315, 0.625, 0.718475073313783, 0.6875, 0.718475073313783, 0.694591728525981, 0.8303287380699894, 0.7702564102564102, 0.6552706552706553, 0.4652777777777778, 0.5195968645016797, 0.6654377880184332, 0.7806267806267806]
 mean: 0.6638513484635626, std: 0.09450217727253662
Accuracy Intime: [1.0, 0.7857142857142857, 0.8333333333333334, 0.6666666666666666, 0.75, 0.7142857142857143, 0.9285714285714286, 0.9166666666666666, 0.6666666666666666, 0.6666666666666666, 0.9285714285714286, 0.8571428571428571, 0.8333333333333334, 0.6666666666666666, 0.9166666666666666]
 mean: 0.8087301587301587, std: 0.11129236916163877
F1 (Intime): [1.0, 0.7846153846153847, 0.8125, 0.625, 0.7333333333333334, 0.6888888888888889, 0.9251336898395721, 0.8991596638655461, 0.625, 0.6571428571428571, 0.9251336898395721, 0.8444444444444444, 0.7777777777777777, 0.6571428571428571, 0.916083916083916]
 mean: 0.7914237668649433, std: 0.11978876985083357
--------------------------------------------------
Subject Number: 21
Accuracy Cross: [0.3125, 0.5, 0.46875, 0.375, 0.59375, 0.625, 0.4375, 0.5, 0.59375, 0.53125, 0.65625, 0.375, 0.375, 0.375, 0.53125]
 mean: 0.48333333333333334, std: 0.10261341963353961
F1 Score: [0.26666666666666666, 0.4920634920634921, 0.39756367663344405, 0.37254901960784315, 0.5901477832512315, 0.536231884057971, 0.4285714285714286, 0.4666666666666667, 0.4793491864831039, 0.4909862142099682, 0.6101882613510521, 0.3073593073593074, 0.3333333333333333, 0.36507936507936506, 0.5076923076923077]
 mean: 0.4429632395351454, std: 0.0979452737662351
Accuracy Intime: [0.5714285714285714, 0.7142857142857143, 0.6666666666666666, 0.5, 0.6666666666666666, 0.5714285714285714, 0.5714285714285714, 0.6666666666666666, 0.75, 0.75, 0.6428571428571429, 0.5714285714285714, 0.75, 0.5, 0.5833333333333334]
 mean: 0.6317460317460317, std: 0.0833295539581377
F1 (Intime): [0.36363636363636365, 0.7083333333333333, 0.4, 0.4375, 0.6571428571428571, 0.36363636363636365, 0.5625, 0.4, 0.7333333333333334, 0.7333333333333334, 0.625668449197861, 0.5333333333333333, 0.6210526315789473, 0.5, 0.5555555555555556]
 mean: 0.5463350369387521, std: 0.12765263327764756
--------------------------------------------------
Subject Number: 22
Accuracy Cross: [0.875, 0.78125, 0.78125, 0.78125, 0.78125, 0.696969696969697, 0.6060606060606061, 0.7272727272727273, 0.8181818181818182, 0.8181818181818182, 0.625, 0.5625, 0.84375, 0.84375, 0.84375]
 mean: 0.7590277777777779, std: 0.09266498356259088
F1 Score: [0.873015873015873, 0.7624602332979851, 0.7757757757757757, 0.7702564102564102, 0.751937984496124, 0.6413043478260869, 0.4849939975990396, 0.6857142857142857, 0.8035714285714286, 0.8139097744360901, 0.6235294117647059, 0.5555555555555556, 0.8358974358974359, 0.8398398398398399, 0.8303287380699894]
 mean: 0.7365394061411085, std: 0.11029792313498103
Accuracy Intime: [0.9285714285714286, 0.8571428571428571, 0.75, 1.0, 0.5, 0.8571428571428571, 0.8571428571428571, 0.75, 0.8333333333333334, 0.5, 0.8571428571428571, 1.0, 0.9166666666666666, 0.8333333333333334, 0.5]
 mean: 0.796031746031746, std: 0.16333788384300782
F1 (Intime): [0.9251336898395721, 0.8444444444444444, 0.6210526315789473, 1.0, 0.3333333333333333, 0.8444444444444444, 0.8541666666666667, 0.6210526315789473, 0.8285714285714285, 0.4375, 0.8444444444444444, 1.0, 0.8991596638655461, 0.8285714285714285, 0.4375]
 mean: 0.7546249871559471, std: 0.2048958936117186
--------------------------------------------------
Subject Number: 23
Accuracy Cross: [0.8484848484848485, 0.7575757575757576, 0.8787878787878788, 0.9090909090909091, 0.7878787878787878, 0.65625, 0.625, 0.8125, 0.71875, 0.71875, 0.9696969696969697, 0.7575757575757576, 0.8484848484848485, 0.8181818181818182, 0.9393939393939394]
 mean: 0.8030934343434344, std: 0.09647786677614587
F1 Score: [0.8484848484848485, 0.7380952380952381, 0.8730769230769231, 0.9087557603686636, 0.7664307381193125, 0.6532019704433498, 0.6190476190476191, 0.8125, 0.718475073313783, 0.718475073313783, 0.9692451071761417, 0.7272727272727273, 0.8390243902439025, 0.8035714285714286, 0.9379699248120301]
 mean: 0.7955751214893169, std: 0.09880319092720785
Accuracy Intime: [0.9285714285714286, 1.0, 0.9166666666666666, 0.75, 0.75, 0.9285714285714286, 1.0, 0.9285714285714286, 1.0, 1.0, 1.0, 0.8571428571428571, 1.0, 0.9166666666666666, 0.8333333333333334]
 mean: 0.9206349206349207, std: 0.08481301591995269
F1 (Intime): [0.9251336898395721, 1.0, 0.9111111111111111, 0.7333333333333334, 0.7333333333333334, 0.9251336898395721, 1.0, 0.9251336898395721, 1.0, 1.0, 1.0, 0.8444444444444444, 1.0, 0.916083916083916, 0.8333333333333334]
 mean: 0.916469369410546, std: 0.0899240694745459
--------------------------------------------------
Subject Number: 24
Accuracy Cross: [0.59375, 0.53125, 0.53125, 0.625, 0.6875, 0.625, 0.59375, 0.5, 0.5625, 0.65625, 0.59375, 0.59375, 0.53125, 0.5, 0.53125]
 mean: 0.5770833333333333, std: 0.054565836890453315
F1 Score: [0.5588547189819725, 0.5195195195195195, 0.5076923076923077, 0.611336032388664, 0.6862745098039216, 0.5844155844155844, 0.4793491864831039, 0.3333333333333333, 0.49090909090909085, 0.6532019704433498, 0.5933528836754643, 0.5733333333333333, 0.5195195195195195, 0.4458874458874459, 0.5076923076923077]
 mean: 0.5376447829385945, std: 0.08409741360478508
Accuracy Intime: [0.5714285714285714, 0.7857142857142857, 0.6666666666666666, 0.6666666666666666, 0.6666666666666666, 0.5, 0.7142857142857143, 0.5833333333333334, 0.9166666666666666, 0.6666666666666666, 0.7142857142857143, 0.6428571428571429, 0.75, 0.75, 0.6666666666666666]
 mean: 0.6841269841269841, std: 0.09482715575392917
F1 (Intime): [0.36363636363636365, 0.7846153846153847, 0.6666666666666666, 0.6666666666666666, 0.6571428571428571, 0.47593582887700536, 0.7083333333333333, 0.4957983193277311, 0.916083916083916, 0.6666666666666666, 0.7083333333333333, 0.641025641025641, 0.7333333333333334, 0.7482517482517483, 0.6571428571428571]
 mean: 0.659308861073567, std: 0.1286136525365468
--------------------------------------------------
Subject Number: 25
Accuracy Cross: [0.5454545454545454, 0.36363636363636365, 0.6060606060606061, 0.3939393939393939, 0.5151515151515151, 0.625, 0.6875, 0.65625, 0.625, 0.625, 0.75, 0.78125, 0.625, 0.6875, 0.75]
 mean: 0.6157828282828283, std: 0.11651369157728564
F1 Score: [0.35294117647058826, 0.3418803418803419, 0.6060606060606061, 0.39338235294117646, 0.5111111111111111, 0.5, 0.6825396825396826, 0.6559139784946236, 0.5844155844155844, 0.6235294117647059, 0.7333333333333334, 0.7810361681329423, 0.536231884057971, 0.6666666666666667, 0.7333333333333334]
 mean: 0.5801583754135111, std: 0.13415499319392504
Accuracy Intime: [0.7857142857142857, 0.7142857142857143, 0.9166666666666666, 0.75, 0.8333333333333334, 0.7142857142857143, 0.8571428571428571, 0.6666666666666666, 0.9166666666666666, 0.5833333333333334, 0.7857142857142857, 0.6428571428571429, 0.5833333333333334, 0.5833333333333334, 0.6666666666666666]
 mean: 0.7333333333333333, std: 0.11063958907050447
F1 (Intime): [0.7846153846153847, 0.6888888888888889, 0.9111111111111111, 0.7333333333333334, 0.8285714285714285, 0.7083333333333333, 0.8444444444444444, 0.4, 0.916083916083916, 0.4957983193277311, 0.7754010695187166, 0.625668449197861, 0.3684210526315789, 0.5555555555555556, 0.625]
 mean: 0.6840817524408854, std: 0.16586349997651514
--------------------------------------------------
Subject Number: 26
Accuracy Cross: [1.0, 0.9393939393939394, 0.7878787878787878, 0.9696969696969697, 0.8484848484848485, 0.78125, 0.46875, 0.65625, 0.6875, 0.53125, 0.9375, 0.90625, 0.84375, 0.875, 0.8125]
 mean: 0.8030303030303031, std: 0.1514602962568408
F1 Score: [1.0, 0.9379699248120301, 0.7746341463414634, 0.9692451071761417, 0.8390243902439025, 0.7793103448275862, 0.36374269005847953, 0.6532019704433498, 0.6825396825396826, 0.4684385382059801, 0.9352226720647774, 0.9039039039039038, 0.8303287380699894, 0.8704453441295547, 0.7922077922077921]
 mean: 0.7866810163349756, std: 0.17478317781374736
Accuracy Intime: [0.9285714285714286, 0.9285714285714286, 0.75, 1.0, 0.9166666666666666, 1.0, 1.0, 0.9166666666666666, 1.0, 0.9166666666666666, 0.9285714285714286, 1.0, 0.75, 0.9166666666666666, 0.9166666666666666]
 mean: 0.9246031746031744, std: 0.07735551067308702
F1 (Intime): [0.9251336898395721, 0.9251336898395721, 0.6974789915966386, 1.0, 0.916083916083916, 1.0, 1.0, 0.8991596638655461, 1.0, 0.916083916083916, 0.9251336898395721, 1.0, 0.6974789915966386, 0.916083916083916, 0.916083916083916]
 mean: 0.9155902920608804, std: 0.09356432449651156
--------------------------------------------------
Subject Number: 27
Accuracy Cross: [0.6666666666666666, 0.5454545454545454, 0.5454545454545454, 0.5454545454545454, 0.696969696969697, 0.5757575757575758, 0.6060606060606061, 0.5454545454545454, 0.6363636363636364, 0.8484848484848485, 0.375, 0.6875, 0.5, 0.5625, 0.5625]
 mean: 0.5933080808080807, std: 0.10323496705385214
F1 Score: [0.6616961789375583, 0.35294117647058826, 0.47619047619047616, 0.4994944388270981, 0.6413043478260869, 0.5657894736842105, 0.5925925925925926, 0.4994944388270981, 0.6360294117647058, 0.8390243902439025, 0.3073593073593074, 0.6825396825396826, 0.4181818181818182, 0.49090909090909085, 0.5555555555555556]
 mean: 0.5479401586606515, std: 0.13177506732142305
Accuracy Intime: [0.8571428571428571, 0.8571428571428571, 0.9166666666666666, 0.6666666666666666, 0.5833333333333334, 0.8571428571428571, 0.7857142857142857, 0.75, 0.6666666666666666, 0.6666666666666666, 0.9285714285714286, 0.8571428571428571, 0.7142857142857143, 0.6666666666666666, 0.75]
 mean: 0.7682539682539683, std: 0.1028566529480788
F1 (Intime): [0.8541666666666667, 0.8541666666666667, 0.9111111111111111, 0.6571428571428571, 0.5555555555555556, 0.8541666666666667, 0.7543859649122806, 0.6974789915966386, 0.625, 0.625, 0.9282051282051282, 0.8541666666666667, 0.7083333333333333, 0.6571428571428571, 0.7482517482517483]
 mean: 0.7522849475945451, std: 0.11309545268750934
--------------------------------------------------
Subject Number: 28
Accuracy Cross: [0.8125, 0.65625, 0.5, 0.59375, 0.4375, 0.34375, 0.5, 0.5, 0.59375, 0.5625, 0.40625, 0.40625, 0.5625, 0.5625, 0.4375]
 mean: 0.525, std: 0.11307722287593258
F1 Score: [0.8125, 0.6267232237539766, 0.4920634920634921, 0.539313399778516, 0.4285714285714286, 0.343108504398827, 0.5, 0.4920634920634921, 0.5588547189819725, 0.49090909090909085, 0.28888888888888886, 0.3552492046659597, 0.5607843137254902, 0.45893719806763283, 0.37662337662337664]
 mean: 0.48830602216614294, std: 0.12455846949771573
Accuracy Intime: [0.7857142857142857, 0.6428571428571429, 0.75, 0.75, 0.5, 0.7857142857142857, 0.7142857142857143, 0.6666666666666666, 0.6666666666666666, 0.6666666666666666, 0.8571428571428571, 0.9285714285714286, 0.8333333333333334, 0.8333333333333334, 0.75]
 mean: 0.7420634920634921, std: 0.10163689265766426
F1 (Intime): [0.7754010695187166, 0.5238095238095237, 0.7333333333333334, 0.7482517482517483, 0.4857142857142857, 0.7543859649122806, 0.6888888888888889, 0.5555555555555556, 0.625, 0.6571428571428571, 0.8571428571428571, 0.9282051282051282, 0.8125, 0.8285714285714285, 0.7482517482517483]
 mean: 0.7148102926198903, std: 0.12178935834151904
--------------------------------------------------
Subject Number: 29
Accuracy Cross: [0.9375, 0.9375, 1.0, 0.84375, 0.90625, 0.9375, 1.0, 0.9375, 0.90625, 0.9375, 0.9090909090909091, 0.9696969696969697, 1.0, 0.9696969696969697, 0.9696969696969697]
 mean: 0.9441287878787877, std: 0.04140759679749138
F1 Score: [0.9352226720647774, 0.9365079365079365, 1.0, 0.8303287380699894, 0.9015384615384616, 0.9352226720647774, 1.0, 0.9372549019607843, 0.9054187192118226, 0.9352226720647774, 0.9087557603686636, 0.9695852534562213, 1.0, 0.9692451071761417, 0.9692451071761417]
 mean: 0.9422365334440331, std: 0.04402889230522969
Accuracy Intime: [1.0, 1.0, 1.0, 1.0, 1.0, 1.0, 1.0, 1.0, 1.0, 0.75, 1.0, 1.0, 1.0, 1.0, 0.75]
 mean: 0.9666666666666667, std: 0.08498365855987976
F1 (Intime): [1.0, 1.0, 1.0, 1.0, 1.0, 1.0, 1.0, 1.0, 1.0, 0.7333333333333334, 1.0, 1.0, 1.0, 1.0, 0.7333333333333334]
 mean: 0.9644444444444445, std: 0.09064923579720505
--------------------------------------------------
**************************************************
accuracy_cross_list: [0.9178661616161616, 0.7119318181818183, 0.5409090909090909, 0.7838383838383838, 0.64375, 0.6465277777777778, 0.5979166666666667, 0.84375, 0.8041666666666667, 0.6868686868686869, 0.5757575757575758, 0.7811237373737374, 0.869570707070707, 0.85, 0.6833333333333333, 0.5666666666666667, 0.5933080808080807, 0.8561237373737374, 0.6020833333333333, 0.6827020202020201, 0.48333333333333334, 0.7590277777777779, 0.8030934343434344, 0.5770833333333333, 0.6157828282828283, 0.8030303030303031, 0.5933080808080807, 0.525, 0.9441287878787877]
f1_score_list: [0.9148602053841496, 0.6922025129253793, 0.48828049679861446, 0.7655486311357844, 0.6295767135278212, 0.6226593630143341, 0.586285747404808, 0.8293067098088932, 0.7915929338303218, 0.6521720490698149, 0.5155379649067402, 0.7706693255515038, 0.8659126753782941, 0.8395709434801973, 0.6497298836156051, 0.5340305049976307, 0.5479401586606515, 0.851172067522284, 0.5351540587517353, 0.6638513484635626, 0.4429632395351454, 0.7365394061411085, 0.7955751214893169, 0.5376447829385945, 0.5801583754135111, 0.7866810163349756, 0.5479401586606515, 0.48830602216614294, 0.9422365334440331]
accuracy_intime_list: [0.9579365079365079, 0.7261904761904762, 0.6619047619047618, 0.8603174603174604, 0.7603174603174602, 0.776984126984127, 0.6793650793650794, 0.8492063492063492, 0.9126984126984127, 0.8468253968253968, 0.6507936507936509, 0.8523809523809525, 0.9523809523809524, 0.9007936507936507, 0.8642857142857142, 0.7690476190476191, 0.7682539682539683, 0.9412698412698413, 0.8547619047619046, 0.8087301587301587, 0.6317460317460317, 0.796031746031746, 0.9206349206349207, 0.6841269841269841, 0.7333333333333333, 0.9246031746031744, 0.7682539682539683, 0.7420634920634921, 0.9666666666666667]
f1_score_intime_list: [0.9559264265146619, 0.6718777627601156, 0.6079474069102552, 0.8438070371893903, 0.729327790945438, 0.753544831501488, 0.603526012171523, 0.8352767379392766, 0.9037005913476502, 0.8359889614456179, 0.5725816340522222, 0.8336947360631571, 0.9493385046326224, 0.892582515523692, 0.8501465631032195, 0.741284593173138, 0.7522849475945451, 0.937636165004586, 0.8387095040036218, 0.7914237668649433, 0.5463350369387521, 0.7546249871559471, 0.916469369410546, 0.659308861073567, 0.6840817524408854, 0.9155902920608804, 0.7522849475945451, 0.7148102926198903, 0.9644444444444445]
**************************************************
ACC: 70.14±12.60
F1: 67.60±14.04
Intime: 81.25±9.80
F1 (Intime): 78.65±11.87
