1e-03
Subject Number: 1
Accuracy Cross: [0.4411764705882353, 0.5294117647058824, 0.47058823529411764, 0.47058823529411764, 0.47058823529411764, 0.43478260869565216, 0.42028985507246375, 0.34782608695652173, 0.5072463768115942, 0.36231884057971014, 0.4852941176470588, 0.5294117647058824, 0.47058823529411764, 0.45588235294117646, 0.6029411764705882]
 mean: 0.46659562375674907, std: 0.06188418004582126
F1 Score: [0.4508997678018576, 0.5228828965308286, 0.5008369401272215, 0.49508012820512814, 0.4861888841136617, 0.42843297843297845, 0.4028409090909091, 0.34374999999999994, 0.5115079365079365, 0.34233810977997026, 0.44534984789222076, 0.5049746951920865, 0.3977625222476481, 0.4577355623100304, 0.6132543103448276]
 mean: 0.46025569923848697, std: 0.06904016945321977
Accuracy Intime: [0.7142857142857143, 0.6428571428571429, 0.5, 0.5, 0.5769230769230769, 0.6428571428571429, 0.6785714285714286, 0.5714285714285714, 0.6153846153846154, 0.6538461538461539, 0.5714285714285714, 0.7142857142857143, 0.4642857142857143, 0.46153846153846156, 0.6923076923076923]
 mean: 0.5999999999999999, std: 0.08460943797190613
F1 (Intime): [0.7261904761904762, 0.6520562770562771, 0.49823232323232325, 0.4833333333333333, 0.5664098972922502, 0.6606060606060606, 0.6928571428571428, 0.5153409090909091, 0.6371381886087768, 0.6328947368421052, 0.5318181818181819, 0.7169372294372295, 0.43060606060606055, 0.5042735042735043, 0.7038461538461539]
 mean: 0.596836031672719, std: 0.09397474138999473
--------------------------------------------------
Subject Number: 2
Accuracy Cross: [0.34782608695652173, 0.3333333333333333, 0.4492753623188406, 0.391304347826087, 0.2898550724637681, 0.4117647058823529, 0.35294117647058826, 0.4411764705882353, 0.38235294117647056, 0.29411764705882354, 0.4057971014492754, 0.4927536231884058, 0.6086956521739131, 0.34782608695652173, 0.34782608695652173]
 mean: 0.3931230463199773, std: 0.07928793095420292
F1 Score: [0.35244581549094733, 0.3257070707070707, 0.4222222222222222, 0.3621678321678322, 0.28629188055417565, 0.3879998072103335, 0.32482947232947235, 0.4245419373339284, 0.3356660231660232, 0.25555555555555554, 0.38166000666000666, 0.4827341137123746, 0.6076785654093774, 0.3060879954288089, 0.32303819894563995]
 mean: 0.3719084331262511, std: 0.08455872551498486
Accuracy Intime: [0.8571428571428571, 0.6785714285714286, 0.5, 0.5769230769230769, 0.46153846153846156, 0.5714285714285714, 0.6785714285714286, 0.5357142857142857, 0.5, 0.4230769230769231, 0.6785714285714286, 0.7142857142857143, 0.5714285714285714, 0.5769230769230769, 0.4230769230769231]
 mean: 0.5831501831501832, std: 0.11606058174459492
F1 (Intime): [0.8470157293686704, 0.6606811145510836, 0.5026143790849674, 0.5532581453634084, 0.3092105263157895, 0.5299145299145299, 0.6590277777777778, 0.5334650856389986, 0.5086815358554488, 0.39748803827751195, 0.6945804195804196, 0.7272727272727273, 0.5777432126696833, 0.5724358974358974, 0.3611111111111111]
 mean: 0.5623000153478684, std: 0.13790022122073475
--------------------------------------------------
Subject Number: 3
Accuracy Cross: [0.4117647058823529, 0.38235294117647056, 0.35294117647058826, 0.36764705882352944, 0.39705882352941174, 0.42028985507246375, 0.2463768115942029, 0.2753623188405797, 0.2608695652173913, 0.3333333333333333, 0.37681159420289856, 0.3333333333333333, 0.3333333333333333, 0.30434782608695654, 0.36231884057971014]
 mean: 0.3438761011651037, std: 0.05152033786487195
F1 Score: [0.41515151515151516, 0.35921182266009855, 0.3668841575091575, 0.3416760935143288, 0.3631081081081081, 0.4166860240030972, 0.20291565778853915, 0.26488915820835224, 0.16477676306443428, 0.30184665731650306, 0.3578767707799966, 0.3224272409055018, 0.31423923923923924, 0.30561254351576933, 0.2986039222452266]
 mean: 0.3197270449339911, std: 0.06721755607328218
Accuracy Intime: [0.5714285714285714, 0.35714285714285715, 0.6071428571428571, 0.5714285714285714, 0.5769230769230769, 0.42857142857142855, 0.39285714285714285, 0.5, 0.5769230769230769, 0.5384615384615384, 0.5357142857142857, 0.4642857142857143, 0.4642857142857143, 0.6538461538461539, 0.5769230769230769]
 mean: 0.5210622710622711, std: 0.08113573785105012
F1 (Intime): [0.5714285714285714, 0.3551587301587301, 0.5934149184149184, 0.5628097392803275, 0.5788770053475936, 0.37499999999999994, 0.365893665158371, 0.4502092334909672, 0.46785714285714286, 0.4388461538461539, 0.5149122807017543, 0.3521739130434783, 0.4256302521008404, 0.6138443256090316, 0.5662086451560135]
 mean: 0.4821509717729263, std: 0.09165394981422027
--------------------------------------------------
Subject Number: 4
Accuracy Cross: [0.5797101449275363, 0.4782608695652174, 0.5652173913043478, 0.4927536231884058, 0.5072463768115942, 0.5072463768115942, 0.5072463768115942, 0.4927536231884058, 0.5072463768115942, 0.4782608695652174, 0.3333333333333333, 0.3188405797101449, 0.43478260869565216, 0.463768115942029, 0.463768115942029]
 mean: 0.47536231884057967, std: 0.06842871965072764
F1 Score: [0.5615949596212755, 0.4892628205128205, 0.5824833702882484, 0.5196603128054741, 0.5121711824389853, 0.47952114585981864, 0.5035829307568438, 0.5190836940836941, 0.5162718234146806, 0.49209726443769, 0.31666666666666665, 0.26967757230915124, 0.4037774556067239, 0.4600187745349036, 0.44258020938872]
 mean: 0.47123001218171306, std: 0.08196307678931136
Accuracy Intime: [0.6428571428571429, 0.5714285714285714, 0.5, 0.42857142857142855, 0.5769230769230769, 0.5, 0.6428571428571429, 0.5714285714285714, 0.5, 0.6153846153846154, 0.7142857142857143, 0.6428571428571429, 0.75, 0.5714285714285714, 0.5]
 mean: 0.5818681318681319, std: 0.0851453363002598
F1 (Intime): [0.6250282805429864, 0.5705888314583967, 0.5074484339190222, 0.35, 0.6027777777777779, 0.5342580213903744, 0.6383838383838384, 0.5850919913419914, 0.5038645564961355, 0.6139423076923077, 0.693188854489164, 0.5660457963089541, 0.7548644338118022, 0.5935064935064935, 0.48168498168498175]
 mean: 0.5747116399202816, std: 0.09175585805870458
--------------------------------------------------
Subject Number: 5
Accuracy Cross: [0.4411764705882353, 0.5441176470588235, 0.39705882352941174, 0.4852941176470588, 0.29411764705882354, 0.45588235294117646, 0.6029411764705882, 0.5882352941176471, 0.6029411764705882, 0.5588235294117647, 0.5, 0.5147058823529411, 0.35294117647058826, 0.3088235294117647, 0.45588235294117646]
 mean: 0.4735294117647058, std: 0.09757734340995086
F1 Score: [0.38725168665667165, 0.5161021505376344, 0.39493006993006996, 0.4583333333333333, 0.30399290693408343, 0.47231463571889104, 0.56493993993994, 0.5715915915915917, 0.6080184435447593, 0.50682261208577, 0.5082162419623719, 0.48335351089588374, 0.34392032781626314, 0.2994768962510898, 0.4260450557034408]
 mean: 0.4563539601934529, std: 0.09230358605757079
Accuracy Intime: [0.8214285714285714, 0.7857142857142857, 0.8214285714285714, 0.6923076923076923, 0.6923076923076923, 0.6428571428571429, 0.75, 0.6071428571428571, 0.6923076923076923, 0.6153846153846154, 0.6785714285714286, 0.6785714285714286, 0.7857142857142857, 0.6923076923076923, 0.6153846153846154]
 mean: 0.7047619047619048, std: 0.07009796615294771
F1 (Intime): [0.8313492063492064, 0.76875, 0.8099227569815806, 0.6784188034188035, 0.6900495337995337, 0.6059523809523809, 0.7600961538461539, 0.6101270053475936, 0.5282234105763517, 0.5224358974358974, 0.6546822742474916, 0.6597374847374847, 0.7794871794871795, 0.5615887380593263, 0.5772727272727273]
 mean: 0.6692062368341142, std: 0.09872035075947946
--------------------------------------------------
Subject Number: 6
Accuracy Cross: [0.35294117647058826, 0.45588235294117646, 0.4411764705882353, 0.29411764705882354, 0.5147058823529411, 0.42028985507246375, 0.37681159420289856, 0.42028985507246375, 0.391304347826087, 0.5217391304347826, 0.391304347826087, 0.4927536231884058, 0.391304347826087, 0.43478260869565216, 0.463768115942029]
 mean: 0.42421142369991477, std: 0.05938363590124864
F1 Score: [0.3546840958605665, 0.4475333694083694, 0.4172568172568173, 0.3011732774042317, 0.5218316594930655, 0.40785706078006945, 0.35564516129032253, 0.35185185185185186, 0.3357219204676832, 0.5157135874877811, 0.3591267152022099, 0.4941982748434361, 0.40852514919011085, 0.42276747655583974, 0.4472844344904815]
 mean: 0.40941139010552247, std: 0.06487487440716247
Accuracy Intime: [0.6071428571428571, 0.6071428571428571, 0.6071428571428571, 0.5, 0.5, 0.6785714285714286, 0.75, 0.5357142857142857, 0.5769230769230769, 0.5769230769230769, 0.5714285714285714, 0.4642857142857143, 0.5714285714285714, 0.6923076923076923, 0.5]
 mean: 0.5826007326007325, std: 0.07661809416742782
F1 (Intime): [0.5854010025062656, 0.58125, 0.5697063514400976, 0.46813186813186813, 0.39545454545454545, 0.6764148841354723, 0.7582251082251082, 0.5335497835497834, 0.4940144478844169, 0.5214285714285715, 0.5715670638271257, 0.3734903381642512, 0.5572770774976658, 0.6484848484848484, 0.41932773109243693]
 mean: 0.5435815747881638, std: 0.10152007304160915
--------------------------------------------------
Subject Number: 7
Accuracy Cross: [0.5294117647058824, 0.5294117647058824, 0.5588235294117647, 0.6029411764705882, 0.5294117647058824, 0.4117647058823529, 0.5735294117647058, 0.47058823529411764, 0.45588235294117646, 0.5147058823529411, 0.5147058823529411, 0.5441176470588235, 0.45588235294117646, 0.4852941176470588, 0.5147058823529411]
 mean: 0.5127450980392158, std: 0.04828866806284216
F1 Score: [0.49967907573812587, 0.49068748711605853, 0.5452245155320448, 0.5907148293425444, 0.47748015873015875, 0.38112305854241335, 0.5231798360369788, 0.46444958550221704, 0.40293478260869564, 0.49725274725274726, 0.5204710914036825, 0.5399408139067721, 0.4607651607651607, 0.4864675599969718, 0.47357503607503604]
 mean: 0.49026304923664044, std: 0.051149104468505034
Accuracy Intime: [0.6071428571428571, 0.5357142857142857, 0.6428571428571429, 0.6538461538461539, 0.5, 0.75, 0.7142857142857143, 0.8571428571428571, 0.7307692307692307, 0.5769230769230769, 0.75, 0.6785714285714286, 0.75, 0.7307692307692307, 0.6538461538461539]
 mean: 0.6754578754578754, std: 0.09092184587870425
F1 (Intime): [0.591856452726018, 0.4388888888888889, 0.5401515151515152, 0.5762626262626263, 0.472498090145149, 0.7316239316239317, 0.6963489409141583, 0.8564505347593583, 0.6986111111111111, 0.5357142857142857, 0.7679379444085326, 0.6637770897832816, 0.7132509303561935, 0.6936274509803921, 0.6111111111111112]
 mean: 0.6392073935957702, std: 0.11062986687659974
--------------------------------------------------
Subject Number: 8
Accuracy Cross: [0.39705882352941174, 0.35294117647058826, 0.29411764705882354, 0.4264705882352941, 0.29411764705882354, 0.35294117647058826, 0.38235294117647056, 0.36764705882352944, 0.3235294117647059, 0.3235294117647059, 0.29411764705882354, 0.35294117647058826, 0.4117647058823529, 0.5, 0.36764705882352944]
 mean: 0.3627450980392157, std: 0.054409556570633746
F1 Score: [0.36641050635615857, 0.33465818759936405, 0.28904660154660156, 0.4289318524612642, 0.31268115942028984, 0.3581318671212047, 0.37454276538201486, 0.34768673355629875, 0.32806133659792197, 0.30132972729321617, 0.28075396825396826, 0.35152313500348786, 0.41774317636386604, 0.486247947454844, 0.37458943738013506]
 mean: 0.3568225601193758, std: 0.053680074896498856
Accuracy Intime: [0.5357142857142857, 0.42857142857142855, 0.5357142857142857, 0.4230769230769231, 0.5769230769230769, 0.42857142857142855, 0.39285714285714285, 0.4642857142857143, 0.38461538461538464, 0.34615384615384615, 0.35714285714285715, 0.5357142857142857, 0.5, 0.5769230769230769, 0.4230769230769231]
 mean: 0.4606227106227106, std: 0.07509380859717756
F1 (Intime): [0.5257867132867133, 0.427724358974359, 0.46751165501165504, 0.43379953379953384, 0.5705128205128205, 0.42927036199095026, 0.3816239316239316, 0.46291208791208793, 0.42023809523809524, 0.32890720390720385, 0.3469298245614035, 0.5395256916996047, 0.5043062200956938, 0.6014652014652014, 0.41083916083916083]
 mean: 0.456756857394561, std: 0.07638986576455008
--------------------------------------------------
Subject Number: 9
Accuracy Cross: [0.45588235294117646, 0.5294117647058824, 0.4411764705882353, 0.47058823529411764, 0.5294117647058824, 0.3382352941176471, 0.3235294117647059, 0.47058823529411764, 0.4117647058823529, 0.35294117647058826, 0.45588235294117646, 0.47058823529411764, 0.4264705882352941, 0.4117647058823529, 0.5147058823529411]
 mean: 0.4401960784313726, std: 0.06226840983608006
F1 Score: [0.46924019607843137, 0.5333333333333333, 0.47357085346215777, 0.493959868959869, 0.5161054332634522, 0.35148572281577206, 0.2988861913280518, 0.42255056771185806, 0.3838095238095238, 0.3852813852813852, 0.46798941798941796, 0.4791851523217983, 0.4641750841750842, 0.41636904761904764, 0.5364614706046931]
 mean: 0.4461602165835917, std: 0.06623091007738677
Accuracy Intime: [0.5714285714285714, 0.5357142857142857, 0.5714285714285714, 0.5, 0.38461538461538464, 0.6428571428571429, 0.6785714285714286, 0.5714285714285714, 0.5769230769230769, 0.5769230769230769, 0.6071428571428571, 0.6428571428571429, 0.5714285714285714, 0.46153846153846156, 0.6538461538461539]
 mean: 0.5697802197802198, std: 0.07444193210742835
F1 (Intime): [0.5476284584980238, 0.5466346153846154, 0.553030303030303, 0.45912698412698416, 0.33902939166097057, 0.6411713286713286, 0.6975108225108225, 0.5441017316017316, 0.5467032967032966, 0.5754807692307693, 0.5683760683760684, 0.6342105263157894, 0.5056277056277056, 0.40043103448275863, 0.617929292929293]
 mean: 0.5451328219433641, std: 0.08928872000360827
--------------------------------------------------
Subject Number: 10
Accuracy Cross: [0.36764705882352944, 0.3382352941176471, 0.3235294117647059, 0.36764705882352944, 0.3382352941176471, 0.4264705882352941, 0.4264705882352941, 0.35294117647058826, 0.39705882352941174, 0.4117647058823529, 0.2753623188405797, 0.2898550724637681, 0.3188405797101449, 0.42028985507246375, 0.37681159420289856]
 mean: 0.3620772946859903, std: 0.046879010847372386
F1 Score: [0.3534080298786181, 0.30138888888888893, 0.3323979591836735, 0.38841762240777017, 0.3243741976893453, 0.437590840532017, 0.4270603610226251, 0.33336898395721926, 0.3916234464021411, 0.42184369432138824, 0.2931806137688491, 0.3157467532467533, 0.31899474662632554, 0.397242739634044, 0.3884762215515132]
 mean: 0.3616743399407447, std: 0.0466398622433321
Accuracy Intime: [0.4642857142857143, 0.6071428571428571, 0.42857142857142855, 0.34615384615384615, 0.3076923076923077, 0.6428571428571429, 0.5714285714285714, 0.39285714285714285, 0.38461538461538464, 0.4230769230769231, 0.5, 0.6071428571428571, 0.5, 0.46153846153846156, 0.4230769230769231]
 mean: 0.47069597069597074, std: 0.0968585721965621
F1 (Intime): [0.4769230769230769, 0.5996794871794872, 0.42332830568124685, 0.1879310344827586, 0.25, 0.6319630124777184, 0.5575757575757575, 0.28095238095238095, 0.3194444444444444, 0.34469696969696967, 0.47456140350877185, 0.6148061497326203, 0.40980392156862744, 0.41418650793650796, 0.41363636363636364]
 mean: 0.4266325877197821, std: 0.13107463990567114
--------------------------------------------------
Subject Number: 11
Accuracy Cross: [0.42028985507246375, 0.30434782608695654, 0.30434782608695654, 0.2463768115942029, 0.34782608695652173, 0.4057971014492754, 0.42028985507246375, 0.34782608695652173, 0.4492753623188406, 0.43478260869565216, 0.37681159420289856, 0.3188405797101449, 0.36231884057971014, 0.42028985507246375, 0.3333333333333333]
 mean: 0.36618357487922704, std: 0.05661868724244874
F1 Score: [0.3498235949898354, 0.2543139293139293, 0.2605139444762086, 0.2437557157250252, 0.3431585677749361, 0.3418414918414918, 0.374006359300477, 0.2977664114282255, 0.41591386554621845, 0.4124602994555354, 0.3545054945054945, 0.2761363636363636, 0.255701096820011, 0.3564749102446355, 0.2301847301847302]
 mean: 0.3177704516828745, std: 0.05961000446186213
Accuracy Intime: [0.5357142857142857, 0.6785714285714286, 0.4642857142857143, 0.7142857142857143, 0.6153846153846154, 0.39285714285714285, 0.5, 0.6428571428571429, 0.5357142857142857, 0.5, 0.39285714285714285, 0.5714285714285714, 0.5714285714285714, 0.42857142857142855, 0.5769230769230769]
 mean: 0.5413919413919414, std: 0.0944589856310982
F1 (Intime): [0.43994601889338736, 0.6815072182719242, 0.4411255411255411, 0.7229166666666667, 0.6002525252525253, 0.3055555555555556, 0.49542483660130715, 0.64019069166128, 0.4955741626794258, 0.4618629908103592, 0.26794258373205737, 0.5469426406926406, 0.5194444444444445, 0.4380952380952381, 0.5668552036199096]
 mean: 0.5082424212068175, std: 0.12177358310504585
--------------------------------------------------
Subject Number: 12
Accuracy Cross: [0.5294117647058824, 0.47058823529411764, 0.5294117647058824, 0.5882352941176471, 0.4264705882352941, 0.43478260869565216, 0.37681159420289856, 0.5217391304347826, 0.5072463768115942, 0.43478260869565216, 0.47058823529411764, 0.39705882352941174, 0.4264705882352941, 0.4411764705882353, 0.4411764705882353]
 mean: 0.4663967036089799, std: 0.05588410685887304
F1 Score: [0.5192342782665362, 0.4156613123718387, 0.4975434618291761, 0.5994455994455994, 0.4361512496681458, 0.4373309645048775, 0.3538690476190476, 0.4712256839494691, 0.4991326371300697, 0.449045566502463, 0.4747834584187594, 0.3495098039215686, 0.4382682897720491, 0.4305065359477124, 0.45981500065447883]
 mean: 0.45543485933345274, std: 0.059949536545323256
Accuracy Intime: [0.6071428571428571, 0.7142857142857143, 0.5, 0.5769230769230769, 0.5384615384615384, 0.4642857142857143, 0.42857142857142855, 0.39285714285714285, 0.38461538461538464, 0.46153846153846156, 0.7142857142857143, 0.6428571428571429, 0.6428571428571429, 0.46153846153846156, 0.5769230769230769]
 mean: 0.5404761904761907, std: 0.10551485355246203
F1 (Intime): [0.6058114035087719, 0.708974358974359, 0.4083333333333333, 0.587344028520499, 0.5413690476190476, 0.4719266241005371, 0.40705128205128205, 0.30997474747474746, 0.3119047619047619, 0.4105763517528223, 0.7015873015873016, 0.6469017094017094, 0.6309138230190862, 0.49404761904761907, 0.6010822510822511]
 mean: 0.522519909558542, std: 0.12741661653721975
--------------------------------------------------
Subject Number: 13
Accuracy Cross: [0.4852941176470588, 0.3088235294117647, 0.5441176470588235, 0.47058823529411764, 0.5, 0.42028985507246375, 0.37681159420289856, 0.2753623188405797, 0.4927536231884058, 0.391304347826087, 0.38235294117647056, 0.38235294117647056, 0.35294117647058826, 0.27941176470588236, 0.35294117647058826]
 mean: 0.4010230179028133, std: 0.08003388386564679
F1 Score: [0.524772915636936, 0.2939771303258145, 0.5457307060755336, 0.45602484472049687, 0.4966446069894346, 0.39836707152496625, 0.3062867618974868, 0.26623376623376627, 0.48495254745254746, 0.3730527143981117, 0.36324995535521853, 0.38055555555555554, 0.3576388888888889, 0.2918703277745831, 0.35667568795882687]
 mean: 0.3930688987192112, std: 0.08622389502822625
Accuracy Intime: [0.4642857142857143, 0.5, 0.6785714285714286, 0.46153846153846156, 0.4230769230769231, 0.5, 0.5357142857142857, 0.5, 0.38461538461538464, 0.5384615384615384, 0.5357142857142857, 0.5714285714285714, 0.6071428571428571, 0.5384615384615384, 0.4230769230769231]
 mean: 0.5108058608058608, std: 0.07308908617460402
F1 (Intime): [0.4030075187969925, 0.4760683760683761, 0.6742424242424242, 0.4509803921568628, 0.39646464646464646, 0.5259405197485693, 0.5135642135642136, 0.5019667832167832, 0.3693953105717812, 0.5474358974358975, 0.47985248447204965, 0.5686418844313581, 0.6072236586942469, 0.5416666666666666, 0.3873440285204991]
 mean: 0.4962529870034245, std: 0.08345182836846962
--------------------------------------------------
Subject Number: 14
Accuracy Cross: [0.4117647058823529, 0.3088235294117647, 0.20588235294117646, 0.3088235294117647, 0.36764705882352944, 0.2647058823529412, 0.4264705882352941, 0.4117647058823529, 0.4264705882352941, 0.3088235294117647, 0.4411764705882353, 0.3088235294117647, 0.4852941176470588, 0.36764705882352944, 0.4264705882352941]
 mean: 0.36470588235294127, std: 0.07483160642063287
F1 Score: [0.4270425598011805, 0.34543993537186957, 0.23308460905584644, 0.30538466777144674, 0.3606366080156403, 0.26811248958284195, 0.39549828774545925, 0.4191697191697191, 0.42323006096802285, 0.315216646098999, 0.4360107630008525, 0.27168449197860967, 0.453030303030303, 0.34566980638409206, 0.4411818068068068]
 mean: 0.3626928503187793, std: 0.0692457052868126
Accuracy Intime: [0.6428571428571429, 0.6071428571428571, 0.5714285714285714, 0.6153846153846154, 0.5769230769230769, 0.39285714285714285, 0.42857142857142855, 0.42857142857142855, 0.6153846153846154, 0.46153846153846156, 0.39285714285714285, 0.42857142857142855, 0.39285714285714285, 0.46153846153846156, 0.5]
 mean: 0.5010989010989012, std: 0.09026610242427854
F1 (Intime): [0.6271367521367521, 0.5873015873015872, 0.5454545454545454, 0.6412698412698412, 0.49837662337662336, 0.3811965811965812, 0.3570350241545894, 0.38995726495726496, 0.6291101055806938, 0.4107142857142857, 0.3557852965747702, 0.43253588516746416, 0.3869875222816399, 0.45845238095238094, 0.45]
 mean: 0.47675424640793457, std: 0.1004513396790395
--------------------------------------------------
Subject Number: 15
Accuracy Cross: [0.4411764705882353, 0.39705882352941174, 0.45588235294117646, 0.5294117647058824, 0.35294117647058826, 0.6029411764705882, 0.39705882352941174, 0.5588235294117647, 0.6617647058823529, 0.5294117647058824, 0.4264705882352941, 0.4411764705882353, 0.3382352941176471, 0.38235294117647056, 0.4264705882352941]
 mean: 0.46274509803921576, std: 0.09079087766894293
F1 Score: [0.47721164613661815, 0.4009111714029747, 0.44296289776838976, 0.5431103776894493, 0.38276292335115863, 0.6170814479638009, 0.396609383000512, 0.5556712962962963, 0.6727865796831314, 0.5257163863615476, 0.4139230139230139, 0.44005492213570635, 0.2688223938223938, 0.38450417648318697, 0.41129785247432304]
 mean: 0.46222843123283347, std: 0.10048562633140012
Accuracy Intime: [0.6428571428571429, 0.5357142857142857, 0.6071428571428571, 0.6153846153846154, 0.4230769230769231, 0.5714285714285714, 0.5357142857142857, 0.6071428571428571, 0.6153846153846154, 0.5769230769230769, 0.6785714285714286, 0.6785714285714286, 0.7142857142857143, 0.5384615384615384, 0.5769230769230769]
 mean: 0.5945054945054945, std: 0.06957152027664071
F1 (Intime): [0.5891690009337068, 0.4752024291497976, 0.5807692307692307, 0.6299603174603174, 0.3817460317460317, 0.5184873949579831, 0.5061050061050062, 0.6191330599225336, 0.6447552447552447, 0.5756410256410256, 0.6675438596491228, 0.6894576012223071, 0.7350427350427351, 0.5753968253968254, 0.5431372549019609]
 mean: 0.5821031345102552, std: 0.0867381572892651
--------------------------------------------------
Subject Number: 16
Accuracy Cross: [0.4411764705882353, 0.5588235294117647, 0.5441176470588235, 0.45588235294117646, 0.6323529411764706, 0.5, 0.5, 0.3382352941176471, 0.6029411764705882, 0.47058823529411764, 0.5588235294117647, 0.6029411764705882, 0.6029411764705882, 0.6176470588235294, 0.5294117647058824]
 mean: 0.5303921568627451, std: 0.07808748137937205
F1 Score: [0.4241025641025641, 0.5287098903217673, 0.5075757575757576, 0.41275712171661116, 0.6023809523809524, 0.42477437746075575, 0.5012744551915059, 0.24662100456621006, 0.5654644268774703, 0.3808427411368588, 0.5324226384648021, 0.5193236714975846, 0.5942664266700779, 0.5896063677313677, 0.5119940716958237]
 mean: 0.4894744311593407, std: 0.09306014655159876
Accuracy Intime: [0.8571428571428571, 0.6785714285714286, 0.8214285714285714, 0.8076923076923077, 0.6923076923076923, 0.7142857142857143, 0.5714285714285714, 0.75, 0.7692307692307693, 0.6153846153846154, 0.7142857142857143, 0.5357142857142857, 0.7857142857142857, 0.7692307692307693, 0.5384615384615384]
 mean: 0.7080586080586081, std: 0.09906105637441974
F1 (Intime): [0.8348133484162896, 0.6563599798893918, 0.808974358974359, 0.7997023809523809, 0.6383928571428571, 0.7050420168067227, 0.553409825468649, 0.7506868131868132, 0.7222222222222222, 0.5121753246753247, 0.6805555555555556, 0.4549512987012987, 0.7891483516483516, 0.7743818681318682, 0.5303030303030303]
 mean: 0.6807412821383411, std: 0.1162429432150442
--------------------------------------------------
Subject Number: 17
Accuracy Cross: [0.463768115942029, 0.5072463768115942, 0.4782608695652174, 0.463768115942029, 0.37681159420289856, 0.391304347826087, 0.3188405797101449, 0.5652173913043478, 0.4057971014492754, 0.3333333333333333, 0.4117647058823529, 0.36764705882352944, 0.35294117647058826, 0.5, 0.39705882352941174]
 mean: 0.4222506393861893, std: 0.06866160485490395
F1 Score: [0.44611026228673284, 0.500218142291313, 0.4550762195121951, 0.47086612304003606, 0.3513567887109077, 0.3216781393408428, 0.2481303418803419, 0.5168650793650793, 0.3736210026532607, 0.26993018538610314, 0.41875, 0.3476395757978396, 0.35353959765724474, 0.4799076495586793, 0.3694534632034632]
 mean: 0.394876171378936, std: 0.07968179136722435
Accuracy Intime: [0.5, 0.5714285714285714, 0.5357142857142857, 0.6538461538461539, 0.46153846153846156, 0.6785714285714286, 0.6428571428571429, 0.5, 0.6923076923076923, 0.6153846153846154, 0.6071428571428571, 0.6428571428571429, 0.5, 0.4642857142857143, 0.5]
 mean: 0.571062271062271, std: 0.07811650536141973
F1 (Intime): [0.4911616161616162, 0.5655569920275803, 0.5257867132867133, 0.6359943977591036, 0.42083333333333334, 0.5869047619047619, 0.5244047619047618, 0.5031746031746032, 0.642063492063492, 0.5106811145510836, 0.5895833333333333, 0.628968253968254, 0.46383232780291606, 0.46090102707749764, 0.419327731092437]
 mean: 0.5312782972960992, std: 0.07191880114254105
--------------------------------------------------
Subject Number: 18
Accuracy Cross: [0.43478260869565216, 0.43478260869565216, 0.42028985507246375, 0.36231884057971014, 0.463768115942029, 0.3382352941176471, 0.47058823529411764, 0.39705882352941174, 0.38235294117647056, 0.38235294117647056, 0.36764705882352944, 0.35294117647058826, 0.35294117647058826, 0.47058823529411764, 0.4117647058823529]
 mean: 0.4028275078147201, std: 0.04337711369737388
F1 Score: [0.41017825311942957, 0.4106959706959707, 0.44125000000000003, 0.35633423180592994, 0.4714230028095259, 0.3019402985074627, 0.48942104296498967, 0.37881237074191176, 0.37361485474693024, 0.353442602595145, 0.32803268855900436, 0.365100585688821, 0.36895102339181285, 0.4969454887218045, 0.41702321954422794]
 mean: 0.39754437559286443, std: 0.055863576045529904
Accuracy Intime: [0.5, 0.4642857142857143, 0.6428571428571429, 0.5384615384615384, 0.46153846153846156, 0.5, 0.5, 0.5714285714285714, 0.4230769230769231, 0.5, 0.6428571428571429, 0.5714285714285714, 0.5, 0.38461538461538464, 0.5384615384615384]
 mean: 0.515934065934066, std: 0.06935711478175063
F1 (Intime): [0.49313319530710836, 0.4730263157894737, 0.6517231134878194, 0.5443223443223443, 0.38873626373626374, 0.4737012987012987, 0.42205710955710957, 0.49642857142857144, 0.3630952380952381, 0.4997280497280498, 0.6385375494071146, 0.55, 0.42099567099567103, 0.4516806722689075, 0.524941724941725]
 mean: 0.49280714118444635, std: 0.0790680336511507
--------------------------------------------------
Subject Number: 19
Accuracy Cross: [0.36764705882352944, 0.14705882352941177, 0.27941176470588236, 0.27941176470588236, 0.16176470588235295, 0.3235294117647059, 0.2647058823529412, 0.4852941176470588, 0.35294117647058826, 0.3088235294117647, 0.3235294117647059, 0.23529411764705882, 0.3088235294117647, 0.3382352941176471, 0.35294117647058826]
 mean: 0.30196078431372547, std: 0.0799846198210633
F1 Score: [0.35161424253495865, 0.12281351861382742, 0.22882246376811594, 0.2666075650118203, 0.19581597647635385, 0.2840686274509804, 0.23240321769733535, 0.47742943331178633, 0.3539743031358885, 0.3251297607010448, 0.26387210707314807, 0.20020350356131233, 0.2534176349965824, 0.32640297498309667, 0.33805168408826947]
 mean: 0.281375134226968, std: 0.08218677894194283
Accuracy Intime: [0.5714285714285714, 0.5357142857142857, 0.5, 0.6153846153846154, 0.46153846153846156, 0.4642857142857143, 0.4642857142857143, 0.39285714285714285, 0.46153846153846156, 0.38461538461538464, 0.75, 0.5357142857142857, 0.6428571428571429, 0.5384615384615384, 0.5384615384615384]
 mean: 0.5238095238095238, std: 0.09260410864620587
F1 (Intime): [0.5515873015873016, 0.4444444444444444, 0.5, 0.5793233082706767, 0.38247863247863245, 0.4482112090807743, 0.4326325848064978, 0.3847222222222222, 0.42275432900432897, 0.33174603174603173, 0.7110944976076554, 0.44791666666666663, 0.5792540792540792, 0.5028846153846154, 0.4889705882352941]
 mean: 0.48053470071928145, std: 0.09260601274948194
--------------------------------------------------
Subject Number: 20
Accuracy Cross: [0.4852941176470588, 0.45588235294117646, 0.4852941176470588, 0.5735294117647058, 0.4411764705882353, 0.4264705882352941, 0.5, 0.5, 0.5588235294117647, 0.36764705882352944, 0.463768115942029, 0.463768115942029, 0.463768115942029, 0.4782608695652174, 0.6086956521739131]
 mean: 0.48482523444160286, std: 0.057966218897978775
F1 Score: [0.5263067429828632, 0.45422226967011853, 0.48675710594315247, 0.5822408963585435, 0.4639086403792286, 0.420576225045372, 0.5018696581196581, 0.5300821972734563, 0.5574328541660665, 0.399096657633243, 0.465892298948565, 0.45357016088723406, 0.4804018445322793, 0.48284580498866214, 0.6116201392196258]
 mean: 0.49445489974320456, std: 0.05640390712190133
Accuracy Intime: [0.5357142857142857, 0.5714285714285714, 0.6071428571428571, 0.46153846153846156, 0.6538461538461539, 0.6785714285714286, 0.75, 0.6428571428571429, 0.5769230769230769, 0.46153846153846156, 0.7142857142857143, 0.6071428571428571, 0.5, 0.5, 0.5]
 mean: 0.5840659340659341, std: 0.08816241831631681
F1 (Intime): [0.5065359477124183, 0.5638257575757576, 0.5968137254901961, 0.4385964912280702, 0.6450757575757575, 0.6815072182719242, 0.7367521367521368, 0.6278669043374926, 0.5608974358974359, 0.3680830039525692, 0.7400793650793651, 0.6347482174688057, 0.46969696969696967, 0.46467391304347827, 0.4944383102277839]
 mean: 0.568639410287344, std: 0.10710912922820576
--------------------------------------------------
Subject Number: 21
Accuracy Cross: [0.5, 0.3088235294117647, 0.4411764705882353, 0.4264705882352941, 0.4264705882352941, 0.38235294117647056, 0.39705882352941174, 0.39705882352941174, 0.5147058823529411, 0.6029411764705882, 0.3088235294117647, 0.3235294117647059, 0.4411764705882353, 0.4852941176470588, 0.4264705882352941]
 mean: 0.42549019607843136, std: 0.07753160360693152
F1 Score: [0.4194216570959803, 0.2729024188504912, 0.4321746555059818, 0.417877024291498, 0.4360520692757535, 0.3195812807881773, 0.3894229520544387, 0.32256169212690955, 0.4744890817469205, 0.5838000066786884, 0.2216248506571087, 0.3233743103662209, 0.39636237513873473, 0.46105283605283603, 0.40474421113115266]
 mean: 0.39169609478405953, std: 0.08622080255834255
Accuracy Intime: [0.75, 0.7142857142857143, 0.5714285714285714, 0.5769230769230769, 0.4230769230769231, 0.5, 0.6785714285714286, 0.6428571428571429, 0.5, 0.6153846153846154, 0.4642857142857143, 0.6071428571428571, 0.42857142857142855, 0.5384615384615384, 0.6153846153846154]
 mean: 0.575091575091575, std: 0.09627499780805575
F1 (Intime): [0.6341036414565826, 0.7005347593582887, 0.4696969696969696, 0.5395833333333333, 0.42136752136752137, 0.49342948717948715, 0.681704260651629, 0.5979449472096531, 0.4111111111111111, 0.6053571428571428, 0.4399159663865546, 0.5583333333333333, 0.35989010989010983, 0.4875, 0.6083333333333333]
 mean: 0.53392039447767, std: 0.09993246240351919
--------------------------------------------------
Subject Number: 22
Accuracy Cross: [0.38235294117647056, 0.36764705882352944, 0.35294117647058826, 0.38235294117647056, 0.4117647058823529, 0.4057971014492754, 0.3333333333333333, 0.4492753623188406, 0.42028985507246375, 0.3333333333333333, 0.36764705882352944, 0.27941176470588236, 0.4117647058823529, 0.38235294117647056, 0.38235294117647056]
 mean: 0.37750781472009104, std: 0.04045221968608514
F1 Score: [0.3591504901144199, 0.3755017625364223, 0.3653656126482213, 0.36496224342261996, 0.4477597402597403, 0.437343725883624, 0.3067765567765568, 0.4458434007852612, 0.4047724205618942, 0.34309947560781817, 0.3644344494419457, 0.2827259386082916, 0.4229962427581685, 0.3723781124958585, 0.3603727650063857]
 mean: 0.3768988624604818, std: 0.04640369273353163
Accuracy Intime: [0.5357142857142857, 0.42857142857142855, 0.6071428571428571, 0.46153846153846156, 0.34615384615384615, 0.6071428571428571, 0.5714285714285714, 0.5357142857142857, 0.6153846153846154, 0.4230769230769231, 0.5714285714285714, 0.5714285714285714, 0.7142857142857143, 0.5, 0.4230769230769231]
 mean: 0.5274725274725275, std: 0.09338504384040361
F1 (Intime): [0.5388257575757576, 0.4256265664160401, 0.58125, 0.48907563025210077, 0.2115987460815047, 0.5902777777777778, 0.5416666666666666, 0.5407239819004526, 0.5570728291316527, 0.4253759398496241, 0.5705128205128205, 0.5784527972027972, 0.7256410256410257, 0.5094893029675638, 0.32525252525252524]
 mean: 0.5073894911485539, std: 0.1180830650150594
--------------------------------------------------
Subject Number: 23
Accuracy Cross: [0.34782608695652173, 0.5072463768115942, 0.391304347826087, 0.5217391304347826, 0.5652173913043478, 0.4264705882352941, 0.4852941176470588, 0.5, 0.5294117647058824, 0.5147058823529411, 0.463768115942029, 0.37681159420289856, 0.5072463768115942, 0.463768115942029, 0.4927536231884058]
 mean: 0.4729042341574311, std: 0.05963634181804752
F1 Score: [0.32636402387041774, 0.5163308913308913, 0.38905076701415375, 0.5476190476190476, 0.5793492404527023, 0.3653968253968254, 0.4785856716474961, 0.5089126559714795, 0.5322991543340381, 0.46555250305250306, 0.42882430750077805, 0.36121553884711777, 0.5108234864827157, 0.4691276803118909, 0.483649885583524]
 mean: 0.46420677862770543, std: 0.07239843770926904
Accuracy Intime: [0.6071428571428571, 0.7142857142857143, 0.5, 0.5384615384615384, 0.46153846153846156, 0.7142857142857143, 0.7142857142857143, 0.6071428571428571, 0.6428571428571429, 0.46153846153846156, 0.7142857142857143, 0.6428571428571429, 0.7142857142857143, 0.7307692307692307, 0.46153846153846156]
 mean: 0.6150183150183149, std: 0.10135770081815074
F1 (Intime): [0.6232456140350877, 0.7095959595959596, 0.40432330827067664, 0.5375541125541126, 0.44898190045248865, 0.7262712777418661, 0.7224358974358975, 0.5859162895927601, 0.6555815508021391, 0.4836601307189542, 0.7106811145510836, 0.6169934640522875, 0.6515977443609022, 0.7408008658008658, 0.3731060606060606]
 mean: 0.5993830193714094, std: 0.11882929297477482
--------------------------------------------------
Subject Number: 24
Accuracy Cross: [0.29411764705882354, 0.39705882352941174, 0.29411764705882354, 0.35294117647058826, 0.36764705882352944, 0.3382352941176471, 0.3235294117647059, 0.3235294117647059, 0.36764705882352944, 0.3235294117647059, 0.4264705882352941, 0.3235294117647059, 0.38235294117647056, 0.47058823529411764, 0.29411764705882354]
 mean: 0.3519607843137255, std: 0.049351815484914574
F1 Score: [0.28099575862733756, 0.3840544871794872, 0.26727622076459284, 0.33963133640552995, 0.30544820676399626, 0.3343488072211476, 0.3165309706257982, 0.24148432212948343, 0.31334586466165415, 0.3028260869565218, 0.42977941176470585, 0.31400212690535273, 0.3520185488270594, 0.4551846003458907, 0.29785762483130906]
 mean: 0.3289856249339911, std: 0.055611644075372564
Accuracy Intime: [0.5, 0.5, 0.5, 0.5769230769230769, 0.46153846153846156, 0.4642857142857143, 0.35714285714285715, 0.42857142857142855, 0.6923076923076923, 0.5, 0.5714285714285714, 0.5, 0.5714285714285714, 0.6153846153846154, 0.5769230769230769]
 mean: 0.5210622710622711, std: 0.07913910724771495
F1 (Intime): [0.4472222222222222, 0.48760683760683765, 0.46021825396825394, 0.5786713286713286, 0.4104251012145749, 0.39309056956115784, 0.35, 0.33051948051948055, 0.6939531057178115, 0.511236802413273, 0.5393217893217893, 0.4331472620946305, 0.5581699346405229, 0.5622373949579832, 0.5427350427350428]
 mean: 0.4865703417096606, std: 0.09363956862029357
--------------------------------------------------
Subject Number: 25
Accuracy Cross: [0.43478260869565216, 0.463768115942029, 0.463768115942029, 0.5072463768115942, 0.5507246376811594, 0.39705882352941174, 0.47058823529411764, 0.4117647058823529, 0.38235294117647056, 0.29411764705882354, 0.4264705882352941, 0.5147058823529411, 0.45588235294117646, 0.39705882352941174, 0.4852941176470588]
 mean: 0.4437055981813015, std: 0.06100630686746983
F1 Score: [0.41231617647058827, 0.41697191697191693, 0.4138414634146342, 0.48847853535353536, 0.4770292207792208, 0.36145082267913287, 0.4092418689876317, 0.36191021030837967, 0.339925284629981, 0.2637955182072829, 0.42495778453225264, 0.47777777777777775, 0.4373698283141008, 0.3799958106409719, 0.47609930830039526]
 mean: 0.40941076849118685, std: 0.059165192236349036
Accuracy Intime: [0.5357142857142857, 0.5, 0.5714285714285714, 0.6153846153846154, 0.6538461538461539, 0.75, 0.6071428571428571, 0.6071428571428571, 0.7692307692307693, 0.5384615384615384, 0.4642857142857143, 0.4642857142857143, 0.6071428571428571, 0.5769230769230769, 0.6153846153846154]
 mean: 0.5917582417582418, std: 0.08553799848535769
F1 (Intime): [0.5315789473684212, 0.4743961352657005, 0.5488095238095239, 0.575, 0.5907096171802054, 0.7373015873015873, 0.5958874458874459, 0.5816017316017316, 0.625, 0.532051282051282, 0.40635680109364325, 0.31666666666666665, 0.5, 0.46678321678321677, 0.6133699633699634]
 mean: 0.5397008612252925, std: 0.09640188529614951
--------------------------------------------------
Subject Number: 26
Accuracy Cross: [0.4782608695652174, 0.391304347826087, 0.42028985507246375, 0.4057971014492754, 0.5217391304347826, 0.3088235294117647, 0.4411764705882353, 0.36764705882352944, 0.39705882352941174, 0.25, 0.47058823529411764, 0.5147058823529411, 0.5, 0.5441176470588235, 0.5735294117647058]
 mean: 0.43900255754475703, std: 0.0861141069820563
F1 Score: [0.4856968428397, 0.401576386782171, 0.3873847926267281, 0.4149216300940439, 0.5143422733077906, 0.342053870465588, 0.4004032258064516, 0.40486566924066925, 0.3440713053479011, 0.3055422838031534, 0.4715558950853068, 0.5426495726495726, 0.5125928604189474, 0.5666267942583733, 0.5926255622188905]
 mean: 0.44579393099635245, std: 0.08477161124068175
Accuracy Intime: [0.5714285714285714, 0.5, 0.5714285714285714, 0.6153846153846154, 0.5384615384615384, 0.5714285714285714, 0.7142857142857143, 0.6428571428571429, 0.6153846153846154, 0.4230769230769231, 0.6071428571428571, 0.6071428571428571, 0.4642857142857143, 0.6153846153846154, 0.38461538461538464]
 mean: 0.5628205128205129, std: 0.0845860437847193
F1 (Intime): [0.558041958041958, 0.4347319347319347, 0.55281279178338, 0.6260683760683761, 0.5175585284280937, 0.5602564102564103, 0.7104839604839605, 0.6407894736842106, 0.6013071895424836, 0.375, 0.6209150326797386, 0.5466004583651642, 0.46904761904761905, 0.6209150326797386, 0.33119658119658124]
 mean: 0.54438168979931, std: 0.10052621348017579
--------------------------------------------------
Subject Number: 27
Accuracy Cross: [0.463768115942029, 0.5072463768115942, 0.4782608695652174, 0.463768115942029, 0.37681159420289856, 0.391304347826087, 0.3188405797101449, 0.5652173913043478, 0.4057971014492754, 0.3333333333333333, 0.4117647058823529, 0.36764705882352944, 0.35294117647058826, 0.5, 0.39705882352941174]
 mean: 0.4222506393861893, std: 0.06866160485490395
F1 Score: [0.44611026228673284, 0.500218142291313, 0.4550762195121951, 0.47086612304003606, 0.3513567887109077, 0.3216781393408428, 0.2481303418803419, 0.5168650793650793, 0.3736210026532607, 0.26993018538610314, 0.41875, 0.3476395757978396, 0.35353959765724474, 0.4799076495586793, 0.3694534632034632]
 mean: 0.394876171378936, std: 0.07968179136722435
Accuracy Intime: [0.5, 0.5714285714285714, 0.5357142857142857, 0.6538461538461539, 0.46153846153846156, 0.6785714285714286, 0.6428571428571429, 0.5, 0.6923076923076923, 0.6153846153846154, 0.6071428571428571, 0.6428571428571429, 0.5, 0.4642857142857143, 0.5]
 mean: 0.571062271062271, std: 0.07811650536141973
F1 (Intime): [0.4911616161616162, 0.5655569920275803, 0.5257867132867133, 0.6359943977591036, 0.42083333333333334, 0.5869047619047619, 0.5244047619047618, 0.5031746031746032, 0.642063492063492, 0.5106811145510836, 0.5895833333333333, 0.628968253968254, 0.46383232780291606, 0.46090102707749764, 0.419327731092437]
 mean: 0.5312782972960992, std: 0.07191880114254105
--------------------------------------------------
Subject Number: 28
Accuracy Cross: [0.3088235294117647, 0.3235294117647059, 0.3088235294117647, 0.3088235294117647, 0.4117647058823529, 0.17647058823529413, 0.29411764705882354, 0.23529411764705882, 0.25, 0.27941176470588236, 0.36764705882352944, 0.39705882352941174, 0.4117647058823529, 0.36764705882352944, 0.47058823529411764]
 mean: 0.32745098039215687, std: 0.07507525380030057
F1 Score: [0.284959539371304, 0.28111111111111114, 0.28315018315018314, 0.2985131081257337, 0.39635642135642135, 0.14797619047619048, 0.29642198759845817, 0.22836894288507192, 0.20012109329950412, 0.25488821523304284, 0.3323019086176981, 0.3829741485991486, 0.39257731070720986, 0.34114471920367356, 0.41880980861244016]
 mean: 0.3026449792231461, std: 0.07421680488340897
Accuracy Intime: [0.4642857142857143, 0.5357142857142857, 0.32142857142857145, 0.6538461538461539, 0.46153846153846156, 0.42857142857142855, 0.5357142857142857, 0.5357142857142857, 0.6153846153846154, 0.6153846153846154, 0.5714285714285714, 0.5357142857142857, 0.5357142857142857, 0.5, 0.4230769230769231]
 mean: 0.5155677655677656, std: 0.08318728900495066
F1 (Intime): [0.42863777089783284, 0.5249999999999999, 0.3190045248868778, 0.6345959595959596, 0.4104251012145749, 0.3529622551361682, 0.5347985347985348, 0.5453102453102453, 0.5660714285714286, 0.6232492997198879, 0.5606060606060606, 0.5083333333333333, 0.4954545454545454, 0.48598901098901104, 0.3922979797979798]
 mean: 0.4921824033541626, std: 0.090810812058971
--------------------------------------------------
Subject Number: 29
Accuracy Cross: [0.5588235294117647, 0.4264705882352941, 0.6176470588235294, 0.5441176470588235, 0.5588235294117647, 0.5, 0.5882352941176471, 0.6029411764705882, 0.5882352941176471, 0.5735294117647058, 0.5507246376811594, 0.5652173913043478, 0.6086956521739131, 0.5797101449275363, 0.5362318840579711]
 mean: 0.559960215970446, std: 0.046236830378131394
F1 Score: [0.5237512487512488, 0.4272863568215892, 0.6098352713178294, 0.5215400902787473, 0.565719770292941, 0.5001937989384359, 0.5993589743589743, 0.6117243867243867, 0.5582999285829475, 0.5745294582438512, 0.5788482929751005, 0.5451391451981988, 0.6243798223775977, 0.5625, 0.5413465543573841]
 mean: 0.5562968732812821, std: 0.04885830150041491
Accuracy Intime: [0.7142857142857143, 0.6428571428571429, 0.8214285714285714, 0.6923076923076923, 0.6923076923076923, 0.5714285714285714, 0.6071428571428571, 0.7142857142857143, 0.6923076923076923, 0.5384615384615384, 0.75, 0.6071428571428571, 0.5714285714285714, 0.5769230769230769, 0.6538461538461539]
 mean: 0.6564102564102563, std: 0.07583921565197989
F1 (Intime): [0.733305909776498, 0.6058608058608058, 0.8183760683760684, 0.6896495317547949, 0.6970238095238095, 0.596424774056353, 0.552991452991453, 0.7137362637362636, 0.7428571428571429, 0.5534798534798535, 0.7361111111111112, 0.6072282980177717, 0.5639553429027113, 0.5780112044817927, 0.6318181818181818]
 mean: 0.654721983382974, std: 0.08046968901416177
--------------------------------------------------
**************************************************
accuracy_cross_list: [0.46659562375674907, 0.3931230463199773, 0.3438761011651037, 0.47536231884057967, 0.4735294117647058, 0.42421142369991477, 0.5127450980392158, 0.3627450980392157, 0.4401960784313726, 0.3620772946859903, 0.36618357487922704, 0.4663967036089799, 0.4010230179028133, 0.36470588235294127, 0.46274509803921576, 0.5303921568627451, 0.4222506393861893, 0.4028275078147201, 0.30196078431372547, 0.48482523444160286, 0.42549019607843136, 0.37750781472009104, 0.4729042341574311, 0.3519607843137255, 0.4437055981813015, 0.43900255754475703, 0.4222506393861893, 0.32745098039215687, 0.559960215970446]
f1_score_list: [0.46025569923848697, 0.3719084331262511, 0.3197270449339911, 0.47123001218171306, 0.4563539601934529, 0.40941139010552247, 0.49026304923664044, 0.3568225601193758, 0.4461602165835917, 0.3616743399407447, 0.3177704516828745, 0.45543485933345274, 0.3930688987192112, 0.3626928503187793, 0.46222843123283347, 0.4894744311593407, 0.394876171378936, 0.39754437559286443, 0.281375134226968, 0.49445489974320456, 0.39169609478405953, 0.3768988624604818, 0.46420677862770543, 0.3289856249339911, 0.40941076849118685, 0.44579393099635245, 0.394876171378936, 0.3026449792231461, 0.5562968732812821]
accuracy_intime_list: [0.5999999999999999, 0.5831501831501832, 0.5210622710622711, 0.5818681318681319, 0.7047619047619048, 0.5826007326007325, 0.6754578754578754, 0.4606227106227106, 0.5697802197802198, 0.47069597069597074, 0.5413919413919414, 0.5404761904761907, 0.5108058608058608, 0.5010989010989012, 0.5945054945054945, 0.7080586080586081, 0.571062271062271, 0.515934065934066, 0.5238095238095238, 0.5840659340659341, 0.575091575091575, 0.5274725274725275, 0.6150183150183149, 0.5210622710622711, 0.5917582417582418, 0.5628205128205129, 0.571062271062271, 0.5155677655677656, 0.6564102564102563]
f1_score_intime_list: [0.596836031672719, 0.5623000153478684, 0.4821509717729263, 0.5747116399202816, 0.6692062368341142, 0.5435815747881638, 0.6392073935957702, 0.456756857394561, 0.5451328219433641, 0.4266325877197821, 0.5082424212068175, 0.522519909558542, 0.4962529870034245, 0.47675424640793457, 0.5821031345102552, 0.6807412821383411, 0.5312782972960992, 0.49280714118444635, 0.48053470071928145, 0.568639410287344, 0.53392039447767, 0.5073894911485539, 0.5993830193714094, 0.4865703417096606, 0.5397008612252925, 0.54438168979931, 0.5312782972960992, 0.4921824033541626, 0.654721983382974]
**************************************************
ACC: 42.34±6.14
F1: 40.91±6.50
Intime: 56.82±6.07
F1 (Intime): 54.23±6.24
