1e-06
Subject Number: 1
Accuracy Cross: [0.8125, 0.6875, 0.59375, 0.71875, 0.65625, 0.7272727272727273, 0.8484848484848485, 0.7878787878787878, 0.6363636363636364, 0.7878787878787878, 0.65625, 0.875, 0.6875, 0.65625, 0.84375]
 mean: 0.7316919191919192, std: 0.08519055512845049
F1 Score: [0.7922077922077921, 0.6666666666666667, 0.5901477832512315, 0.6631578947368422, 0.6389743589743591, 0.6996966632962589, 0.8390243902439025, 0.7847157502329916, 0.5695652173913044, 0.7746341463414634, 0.6532019704433498, 0.8745098039215686, 0.6666666666666667, 0.6476476476476476, 0.8435972629521017]
 mean: 0.7136276009982763, std: 0.09315957468985996
Accuracy Intime: [0.8571428571428571, 0.7857142857142857, 0.5833333333333334, 0.75, 0.75, 0.9285714285714286, 0.8571428571428571, 0.75, 0.5833333333333334, 0.9166666666666666, 0.5714285714285714, 0.7142857142857143, 0.75, 0.5833333333333334, 0.75]
 mean: 0.7420634920634921, std: 0.115311752226571
F1 (Intime): [0.8444444444444444, 0.7543859649122806, 0.5555555555555556, 0.7333333333333334, 0.7482517482517483, 0.9251336898395721, 0.8541666666666667, 0.7333333333333334, 0.5555555555555556, 0.916083916083916, 0.5625, 0.7083333333333333, 0.7333333333333334, 0.4957983193277311, 0.7482517482517483]
 mean: 0.7245640628148368, std: 0.12814266602251664
--------------------------------------------------
Subject Number: 2
Accuracy Cross: [0.6666666666666666, 0.5757575757575758, 0.48484848484848486, 0.6060606060606061, 0.6363636363636364, 0.5625, 0.4375, 0.53125, 0.5625, 0.53125, 0.6363636363636364, 0.5757575757575758, 0.45454545454545453, 0.42424242424242425, 0.5151515151515151]
 mean: 0.5467171717171716, std: 0.07159797900351672
F1 Score: [0.6458536585365854, 0.5722222222222222, 0.4672364672364672, 0.5460317460317461, 0.6333333333333333, 0.5607843137254902, 0.41700404858299595, 0.5195195195195195, 0.5333333333333333, 0.5195195195195195, 0.6333333333333333, 0.5753676470588236, 0.4540441176470588, 0.41565703634669154, 0.5147058823529411]
 mean: 0.5338630785853374, std: 0.07100002956876272
Accuracy Intime: [0.7142857142857143, 0.6428571428571429, 0.5833333333333334, 0.5, 0.75, 0.42857142857142855, 0.8571428571428571, 0.42857142857142855, 0.75, 0.5833333333333334, 0.5714285714285714, 0.6428571428571429, 0.6666666666666666, 0.75, 0.5833333333333334]
 mean: 0.6301587301587301, std: 0.1187668647106052
F1 (Intime): [0.6888888888888889, 0.641025641025641, 0.5555555555555556, 0.5, 0.7482517482517483, 0.42857142857142855, 0.8444444444444444, 0.41666666666666663, 0.7482517482517483, 0.5555555555555556, 0.5333333333333333, 0.625668449197861, 0.6666666666666666, 0.7333333333333334, 0.5555555555555556]
 mean: 0.6161179343532286, std: 0.11990220929334082
--------------------------------------------------
Subject Number: 3
Accuracy Cross: [0.59375, 0.5, 0.5625, 0.625, 0.5, 0.5151515151515151, 0.5454545454545454, 0.45454545454545453, 0.5151515151515151, 0.45454545454545453, 0.5454545454545454, 0.5151515151515151, 0.5454545454545454, 0.5454545454545454, 0.42424242424242425]
 mean: 0.522790404040404, std: 0.0512210142349327
F1 Score: [0.5933528836754643, 0.5, 0.5333333333333333, 0.6, 0.4920634920634921, 0.5037593984962406, 0.5386766076421249, 0.45, 0.45454545454545453, 0.4107142857142857, 0.5454545454545454, 0.5147058823529411, 0.5299145299145299, 0.5299145299145299, 0.42424242424242425]
 mean: 0.508045157823291, std: 0.053402500809431826
Accuracy Intime: [0.42857142857142855, 0.7142857142857143, 0.7142857142857143, 0.5833333333333334, 0.75, 0.2857142857142857, 0.5714285714285714, 0.75, 0.5, 0.3333333333333333, 0.5, 0.7857142857142857, 0.5, 0.75, 0.5]
 mean: 0.5777777777777777, std: 0.15515010327984002
F1 (Intime): [0.42857142857142855, 0.6888888888888889, 0.7142857142857143, 0.5555555555555556, 0.7482517482517483, 0.2708333333333333, 0.5714285714285714, 0.6974789915966386, 0.4857142857142857, 0.25, 0.49743589743589745, 0.7846153846153847, 0.4857142857142857, 0.7333333333333334, 0.4857142857142857]
 mean: 0.5598547802959568, std: 0.16183579848754323
--------------------------------------------------
Subject Number: 4
Accuracy Cross: [0.7878787878787878, 0.8181818181818182, 0.7575757575757576, 0.7878787878787878, 0.8484848484848485, 0.5757575757575758, 0.7878787878787878, 0.7272727272727273, 0.6060606060606061, 0.5151515151515151, 0.45454545454545453, 0.6363636363636364, 0.45454545454545453, 0.7272727272727273, 0.6363636363636364]
 mean: 0.6747474747474748, std: 0.12687126034834412
F1 Score: [0.7746341463414634, 0.8096153846153846, 0.7380952380952381, 0.7664307381193125, 0.8390243902439025, 0.5753676470588236, 0.7847157502329916, 0.717948717948718, 0.5460317460317461, 0.5037593984962406, 0.4107142857142857, 0.6333333333333333, 0.4540441176470588, 0.7262672811059908, 0.6333333333333333]
 mean: 0.6608877005545214, std: 0.13136194138392077
Accuracy Intime: [0.7857142857142857, 0.8571428571428571, 0.6428571428571429, 0.4166666666666667, 0.5833333333333334, 0.9285714285714286, 0.7142857142857143, 0.6428571428571429, 0.5833333333333334, 0.6666666666666666, 0.7142857142857143, 1.0, 0.9285714285714286, 0.5833333333333334, 0.75]
 mean: 0.7198412698412698, std: 0.15325065962742498
F1 (Intime): [0.7754010695187166, 0.8571428571428571, 0.641025641025641, 0.4125874125874126, 0.5804195804195804, 0.9282051282051282, 0.7083333333333333, 0.641025641025641, 0.5555555555555556, 0.6571428571428571, 0.7083333333333333, 1.0, 0.9251336898395721, 0.5555555555555556, 0.7482517482517483]
 mean: 0.7129408935291288, std: 0.15716734793046724
--------------------------------------------------
Subject Number: 5
Accuracy Cross: [0.65625, 0.53125, 0.53125, 0.625, 0.71875, 0.4375, 0.46875, 0.6875, 0.59375, 0.65625, 0.65625, 0.53125, 0.59375, 0.65625, 0.59375]
 mean: 0.5958333333333333, std: 0.07861650943380503
F1 Score: [0.6532019704433498, 0.5195195195195195, 0.530791788856305, 0.6235294117647059, 0.718475073313783, 0.4285714285714286, 0.4420512820512821, 0.6875, 0.5835835835835836, 0.6532019704433498, 0.6532019704433498, 0.5270935960591133, 0.5901477832512315, 0.6476476476476476, 0.5933528836754643]
 mean: 0.5901246606416076, std: 0.08281447869874646
Accuracy Intime: [0.8571428571428571, 0.8571428571428571, 0.8333333333333334, 0.5833333333333334, 0.4166666666666667, 0.9285714285714286, 0.5714285714285714, 0.8333333333333334, 0.6666666666666666, 0.75, 0.7857142857142857, 0.7142857142857143, 0.8333333333333334, 0.5, 0.6666666666666666]
 mean: 0.7198412698412698, std: 0.14416508831313699
F1 (Intime): [0.8571428571428571, 0.8541666666666667, 0.8285714285714285, 0.5804195804195804, 0.4125874125874126, 0.9282051282051282, 0.5333333333333333, 0.8285714285714285, 0.6666666666666666, 0.7482517482517483, 0.7846153846153847, 0.7083333333333333, 0.8285714285714285, 0.4375, 0.6666666666666666]
 mean: 0.710906870906871, std: 0.153561153846253
--------------------------------------------------
Subject Number: 6
Accuracy Cross: [0.59375, 0.5, 0.53125, 0.59375, 0.71875, 0.48484848484848486, 0.5454545454545454, 0.5454545454545454, 0.42424242424242425, 0.5151515151515151, 0.5151515151515151, 0.6060606060606061, 0.6666666666666666, 0.5757575757575758, 0.45454545454545453]
 mean: 0.551388888888889, std: 0.07491599042844804
F1 Score: [0.5733333333333333, 0.4920634920634921, 0.4909862142099682, 0.539313399778516, 0.7046153846153846, 0.40634920634920635, 0.47619047619047616, 0.4057623049219688, 0.3365079365079365, 0.5147058823529411, 0.5147058823529411, 0.5925925925925926, 0.6654377880184332, 0.5722222222222222, 0.45]
 mean: 0.5156524077006275, std: 0.09462185551165071
Accuracy Intime: [0.5, 0.5714285714285714, 0.5714285714285714, 0.5833333333333334, 0.5833333333333334, 0.8571428571428571, 0.7857142857142857, 0.75, 0.5833333333333334, 0.5833333333333334, 0.5, 0.8571428571428571, 0.4166666666666667, 0.5833333333333334, 0.4166666666666667]
 mean: 0.6095238095238095, std: 0.13616605397631218
F1 (Intime): [0.4269005847953216, 0.5625, 0.5333333333333333, 0.5555555555555556, 0.5804195804195804, 0.8541666666666667, 0.7543859649122806, 0.6974789915966386, 0.5555555555555556, 0.5555555555555556, 0.49743589743589745, 0.8541666666666667, 0.37777777777777777, 0.5804195804195804, 0.37777777777777777]
 mean: 0.5842286325645459, std: 0.14389791965179774
--------------------------------------------------
Subject Number: 7
Accuracy Cross: [0.59375, 0.5625, 0.625, 0.5625, 0.28125, 0.5, 0.5625, 0.5, 0.5625, 0.46875, 0.625, 0.46875, 0.5, 0.59375, 0.34375]
 mean: 0.5166666666666667, std: 0.09469431814469592
F1 Score: [0.5933528836754643, 0.5625, 0.6, 0.5333333333333333, 0.2748768472906404, 0.5, 0.5555555555555556, 0.4980392156862745, 0.5465587044534412, 0.4682306940371457, 0.625, 0.464039408866995, 0.4980392156862745, 0.5733333333333333, 0.343108504398827]
 mean: 0.509064513087819, std: 0.09178310268385113
Accuracy Intime: [0.6428571428571429, 0.5, 0.5833333333333334, 0.5, 0.3333333333333333, 0.5714285714285714, 0.35714285714285715, 0.75, 0.4166666666666667, 0.75, 0.42857142857142855, 0.7142857142857143, 0.5833333333333334, 0.75, 0.4166666666666667]
 mean: 0.5531746031746032, std: 0.14085009873954932
F1 (Intime): [0.641025641025641, 0.49743589743589745, 0.4957983193277311, 0.4857142857142857, 0.3142857142857143, 0.5333333333333333, 0.35384615384615387, 0.7482517482517483, 0.29411764705882354, 0.7482517482517483, 0.41666666666666663, 0.6888888888888889, 0.5804195804195804, 0.7482517482517483, 0.4125874125874126]
 mean: 0.5305916523563583, std: 0.15210669908419
--------------------------------------------------
Subject Number: 8
Accuracy Cross: [0.59375, 0.6875, 0.34375, 0.65625, 0.78125, 0.71875, 0.71875, 0.65625, 0.6875, 0.59375, 0.6875, 0.34375, 0.53125, 0.4375, 0.59375]
 mean: 0.6020833333333333, std: 0.12983697042402403
F1 Score: [0.5134502923976608, 0.6666666666666667, 0.2873806998939554, 0.6101882613510521, 0.7702564102564102, 0.716256157635468, 0.694591728525981, 0.6389743589743591, 0.6135265700483092, 0.539313399778516, 0.6862745098039216, 0.3107692307692308, 0.5195195195195195, 0.43529411764705883, 0.5835835835835836]
 mean: 0.5724030337901129, std: 0.1366634712049488
Accuracy Intime: [0.8571428571428571, 0.7142857142857143, 0.75, 0.4166666666666667, 0.75, 0.6428571428571429, 0.7142857142857143, 0.5833333333333334, 0.9166666666666666, 0.5, 0.5714285714285714, 1.0, 0.6666666666666666, 0.6666666666666666, 0.6666666666666666]
 mean: 0.6944444444444444, std: 0.14687901208985513
F1 (Intime): [0.8444444444444444, 0.7142857142857143, 0.7333333333333334, 0.29411764705882354, 0.7333333333333334, 0.641025641025641, 0.6888888888888889, 0.4957983193277311, 0.916083916083916, 0.5, 0.5714285714285714, 1.0, 0.6571428571428571, 0.6571428571428571, 0.625]
 mean: 0.6714683682330739, std: 0.16805579911928192
--------------------------------------------------
Subject Number: 9
Accuracy Cross: [0.84375, 0.8125, 0.84375, 0.8125, 0.8125, 0.71875, 0.71875, 0.53125, 0.78125, 0.65625, 0.625, 0.84375, 0.75, 0.5625, 0.84375]
 mean: 0.74375, std: 0.102189570570256
F1 Score: [0.8303287380699894, 0.8, 0.8358974358974359, 0.7922077922077921, 0.8, 0.718475073313783, 0.716256157635468, 0.5195195195195195, 0.7624602332979851, 0.6267232237539766, 0.6, 0.8398398398398399, 0.7408906882591093, 0.5151515151515151, 0.8358974358974359]
 mean: 0.7289098435229234, std: 0.10885254562743638
Accuracy Intime: [0.8571428571428571, 0.7857142857142857, 0.9166666666666666, 0.5833333333333334, 0.75, 0.9285714285714286, 0.9285714285714286, 0.9166666666666666, 0.75, 0.5, 0.8571428571428571, 0.9285714285714286, 0.8333333333333334, 0.5833333333333334, 0.75]
 mean: 0.7912698412698413, std: 0.13537737816012949
F1 (Intime): [0.8444444444444444, 0.7754010695187166, 0.8991596638655461, 0.4957983193277311, 0.7482517482517483, 0.9251336898395721, 0.9251336898395721, 0.8991596638655461, 0.7333333333333334, 0.4375, 0.8541666666666667, 0.9282051282051282, 0.7777777777777777, 0.4957983193277311, 0.7333333333333334]
 mean: 0.7648397898397898, std: 0.15977770478984338
--------------------------------------------------
Subject Number: 10
Accuracy Cross: [0.65625, 0.8125, 0.59375, 0.59375, 0.5, 0.4375, 0.4375, 0.6875, 0.46875, 0.375, 0.6060606060606061, 0.48484848484848486, 0.6060606060606061, 0.6363636363636364, 0.3939393939393939]
 mean: 0.5526515151515152, std: 0.11837994917250594
F1 Score: [0.6101882613510521, 0.8095238095238095, 0.5835835835835836, 0.5588547189819725, 0.4980392156862745, 0.43529411764705883, 0.43529411764705883, 0.6875, 0.464039408866995, 0.36507936507936506, 0.6060606060606061, 0.4672364672364672, 0.5925925925925926, 0.6071428571428572, 0.38888888888888884]
 mean: 0.5406212006859055, std: 0.11587257514005982
Accuracy Intime: [0.5, 0.9285714285714286, 0.5, 0.6666666666666666, 0.5, 0.6428571428571429, 0.6428571428571429, 0.6666666666666666, 0.4166666666666667, 0.6666666666666666, 0.6428571428571429, 0.6428571428571429, 0.8333333333333334, 0.75, 0.75]
 mean: 0.6500000000000001, std: 0.1301780860559535
F1 (Intime): [0.49743589743589745, 0.9282051282051282, 0.5, 0.6571428571428571, 0.5, 0.641025641025641, 0.625668449197861, 0.6571428571428571, 0.4125874125874126, 0.6571428571428571, 0.5238095238095237, 0.641025641025641, 0.8285714285714285, 0.7333333333333334, 0.7482517482517483]
 mean: 0.6367561849914792, std: 0.13284664380710565
--------------------------------------------------
Subject Number: 11
Accuracy Cross: [0.5454545454545454, 0.5151515151515151, 0.45454545454545453, 0.5454545454545454, 0.5151515151515151, 0.6363636363636364, 0.6060606060606061, 0.5454545454545454, 0.6666666666666666, 0.5454545454545454, 0.5454545454545454, 0.696969696969697, 0.6060606060606061, 0.45454545454545453, 0.5757575757575758]
 mean: 0.5636363636363637, std: 0.06712423323570163
F1 Score: [0.5386766076421249, 0.5147058823529411, 0.4107142857142857, 0.5170731707317073, 0.49230769230769234, 0.6333333333333333, 0.6060606060606061, 0.47619047619047616, 0.6158730158730159, 0.4994944388270981, 0.543778801843318, 0.6826923076923077, 0.5460317460317461, 0.44172932330827064, 0.5557692307692308]
 mean: 0.5382953945785435, std: 0.07069874390357098
Accuracy Intime: [0.42857142857142855, 0.7142857142857143, 0.5714285714285714, 0.8333333333333334, 0.5833333333333334, 0.5, 0.35714285714285715, 0.5, 0.3333333333333333, 0.6666666666666666, 0.6428571428571429, 0.5, 0.6428571428571429, 0.5, 0.5833333333333334]
 mean: 0.5571428571428572, std: 0.12882103929983155
F1 (Intime): [0.37777777777777777, 0.7083333333333333, 0.5333333333333333, 0.8285714285714285, 0.5555555555555556, 0.49743589743589745, 0.35384615384615387, 0.49743589743589745, 0.3333333333333333, 0.6666666666666666, 0.625668449197861, 0.47593582887700536, 0.5906432748538011, 0.4375, 0.5804195804195804]
 mean: 0.537497100709175, std: 0.13198442652783549
--------------------------------------------------
Subject Number: 12
Accuracy Cross: [0.71875, 0.6875, 0.65625, 0.625, 0.875, 0.7272727272727273, 0.6060606060606061, 0.6666666666666666, 0.6060606060606061, 0.696969696969697, 0.53125, 0.59375, 0.65625, 0.71875, 0.46875]
 mean: 0.655618686868687, std: 0.09097526701947271
F1 Score: [0.6631578947368422, 0.6536796536796536, 0.5883040935672514, 0.5636363636363637, 0.8666666666666667, 0.717948717948718, 0.5662285136501517, 0.593505039193729, 0.5662285136501517, 0.6413043478260869, 0.5195195195195195, 0.5588547189819725, 0.6389743589743591, 0.694591728525981, 0.4231177094379639]
 mean: 0.6170478559996941, std: 0.0976204712272138
Accuracy Intime: [0.6428571428571429, 0.8571428571428571, 0.9166666666666666, 0.6666666666666666, 0.6666666666666666, 0.5714285714285714, 0.7142857142857143, 0.8333333333333334, 0.75, 0.5833333333333334, 0.9285714285714286, 0.7857142857142857, 0.8333333333333334, 0.6666666666666666, 0.8333333333333334]
 mean: 0.75, std: 0.11150723041068877
F1 (Intime): [0.625668449197861, 0.8444444444444444, 0.8991596638655461, 0.625, 0.6571428571428571, 0.5333333333333333, 0.6888888888888889, 0.8125, 0.7482517482517483, 0.4957983193277311, 0.9282051282051282, 0.7754010695187166, 0.7777777777777777, 0.625, 0.8333333333333334]
 mean: 0.7246603342191578, std: 0.12548381213196777
--------------------------------------------------
Subject Number: 13
Accuracy Cross: [0.65625, 0.8125, 0.8125, 0.6875, 0.75, 0.7575757575757576, 0.696969696969697, 0.696969696969697, 0.5454545454545454, 0.6060606060606061, 0.71875, 0.65625, 0.71875, 0.59375, 0.625]
 mean: 0.6889520202020203, std: 0.0746661169132053
F1 Score: [0.5883040935672514, 0.8095238095238095, 0.8, 0.6135265700483092, 0.722943722943723, 0.7518796992481203, 0.6944444444444444, 0.6966911764705883, 0.5299145299145299, 0.5925925925925926, 0.718475073313783, 0.6532019704433498, 0.718475073313783, 0.539313399778516, 0.6190476190476191]
 mean: 0.669888918310028, std: 0.08458536831086917
Accuracy Intime: [0.5714285714285714, 0.5, 0.75, 0.4166666666666667, 0.8333333333333334, 0.7857142857142857, 0.7142857142857143, 0.75, 0.6666666666666666, 0.3333333333333333, 0.5, 0.7142857142857143, 0.8333333333333334, 0.6666666666666666, 0.5833333333333334]
 mean: 0.6412698412698412, std: 0.1468918768413876
F1 (Intime): [0.475, 0.49743589743589745, 0.6974789915966386, 0.29411764705882354, 0.8285714285714285, 0.7754010695187166, 0.7142857142857143, 0.6974789915966386, 0.625, 0.3142857142857143, 0.49743589743589745, 0.65, 0.7777777777777777, 0.625, 0.5804195804195804]
 mean: 0.6033125806655218, std: 0.15545849513763366
--------------------------------------------------
Subject Number: 14
Accuracy Cross: [0.625, 0.59375, 0.5625, 0.6875, 0.65625, 0.75, 0.625, 0.8125, 0.75, 0.6875, 0.78125, 0.59375, 0.5625, 0.625, 0.78125]
 mean: 0.6729166666666667, std: 0.08138343743593587
F1 Score: [0.6190476190476191, 0.5835835835835836, 0.5625, 0.6761133603238867, 0.6476476476476476, 0.7333333333333334, 0.6, 0.8056680161943319, 0.722943722943723, 0.6135265700483092, 0.7624602332979851, 0.5588547189819725, 0.5465587044534412, 0.6235294117647059, 0.7702564102564102]
 mean: 0.65506822212513, std: 0.08184245678584691
Accuracy Intime: [0.6428571428571429, 0.7142857142857143, 0.5833333333333334, 0.6666666666666666, 0.75, 0.7857142857142857, 0.5714285714285714, 0.8333333333333334, 0.5, 0.75, 0.8571428571428571, 0.2857142857142857, 0.5, 0.6666666666666666, 0.75]
 mean: 0.657142857142857, std: 0.14542662756884264
F1 (Intime): [0.5906432748538011, 0.6888888888888889, 0.5555555555555556, 0.6666666666666666, 0.7482517482517483, 0.7543859649122806, 0.5333333333333333, 0.8285714285714285, 0.5, 0.7482517482517483, 0.8444444444444444, 0.2708333333333333, 0.4857142857142857, 0.6571428571428571, 0.7482517482517483]
 mean: 0.6413956852114746, std: 0.14823290621382187
--------------------------------------------------
Subject Number: 15
Accuracy Cross: [0.6875, 0.71875, 0.6875, 0.6875, 0.75, 0.6875, 0.71875, 0.78125, 0.6875, 0.71875, 0.71875, 0.59375, 0.59375, 0.6875, 0.53125]
 mean: 0.6833333333333333, std: 0.06236095644623236
F1 Score: [0.6761133603238867, 0.7046153846153846, 0.6666666666666667, 0.6666666666666667, 0.722943722943723, 0.6875, 0.694591728525981, 0.7757757757757757, 0.6761133603238867, 0.7117117117117118, 0.718475073313783, 0.5933528836754643, 0.5835835835835836, 0.6761133603238867, 0.5270935960591133]
 mean: 0.6720877916339677, std: 0.06001347433267495
Accuracy Intime: [0.7857142857142857, 0.7142857142857143, 0.75, 0.75, 0.5, 0.7142857142857143, 0.6428571428571429, 0.8333333333333334, 0.75, 0.6666666666666666, 0.7857142857142857, 0.7857142857142857, 1.0, 0.9166666666666666, 0.9166666666666666]
 mean: 0.7674603174603174, std: 0.11767997479445721
F1 (Intime): [0.7754010695187166, 0.6888888888888889, 0.7482517482517483, 0.7482517482517483, 0.5, 0.7142857142857143, 0.641025641025641, 0.8285714285714285, 0.7333333333333334, 0.6666666666666666, 0.7543859649122806, 0.7754010695187166, 1.0, 0.916083916083916, 0.916083916083916]
 mean: 0.7604420736928479, std: 0.11835797102281231
--------------------------------------------------
Subject Number: 16
Accuracy Cross: [0.59375, 0.5625, 0.59375, 0.5625, 0.53125, 0.75, 0.8125, 0.65625, 0.59375, 0.59375, 0.4375, 0.65625, 0.53125, 0.59375, 0.59375]
 mean: 0.6041666666666666, std: 0.08665264309618925
F1 Score: [0.5933528836754643, 0.5607843137254902, 0.5733333333333333, 0.5555555555555556, 0.5076923076923077, 0.7490196078431373, 0.8, 0.6476476476476476, 0.5733333333333333, 0.5835835835835836, 0.43529411764705883, 0.6101882613510521, 0.4909862142099682, 0.5733333333333333, 0.5901477832512315]
 mean: 0.5896168184121664, std: 0.08814903665035935
Accuracy Intime: [0.7857142857142857, 0.6428571428571429, 0.75, 0.75, 0.6666666666666666, 0.5714285714285714, 0.6428571428571429, 0.4166666666666667, 0.5833333333333334, 0.6666666666666666, 0.6428571428571429, 0.7142857142857143, 0.6666666666666666, 0.9166666666666666, 0.5833333333333334]
 mean: 0.6666666666666666, std: 0.10954106144319253
F1 (Intime): [0.7846153846153847, 0.641025641025641, 0.7333333333333334, 0.7333333333333334, 0.6571428571428571, 0.5714285714285714, 0.625668449197861, 0.29411764705882354, 0.5804195804195804, 0.6666666666666666, 0.641025641025641, 0.7083333333333333, 0.6571428571428571, 0.916083916083916, 0.5804195804195804]
 mean: 0.6527171194818255, std: 0.12903342901832576
--------------------------------------------------
Subject Number: 17
Accuracy Cross: [0.6060606060606061, 0.5151515151515151, 0.5454545454545454, 0.6060606060606061, 0.5757575757575758, 0.5757575757575758, 0.5757575757575758, 0.45454545454545453, 0.48484848484848486, 0.5757575757575758, 0.53125, 0.5625, 0.53125, 0.5, 0.46875]
 mean: 0.5405934343434343, std: 0.04630654921668324
F1 Score: [0.5925925925925926, 0.5037593984962406, 0.5170731707317073, 0.5460317460317461, 0.5753676470588236, 0.5657894736842105, 0.5722222222222222, 0.4540441176470588, 0.45268292682926825, 0.5657894736842105, 0.530791788856305, 0.5555555555555556, 0.5195195195195195, 0.4666666666666667, 0.464039408866995]
 mean: 0.5254617138962081, std: 0.046185844644725
Accuracy Intime: [0.6428571428571429, 0.7142857142857143, 0.6666666666666666, 0.3333333333333333, 0.9166666666666666, 0.7142857142857143, 0.8571428571428571, 0.4166666666666667, 0.75, 0.9166666666666666, 0.7142857142857143, 0.6428571428571429, 0.7142857142857143, 0.5833333333333334, 0.8333333333333334]
 mean: 0.6944444444444445, std: 0.15815371520026095
F1 (Intime): [0.641025641025641, 0.6888888888888889, 0.6571428571428571, 0.3142857142857143, 0.916083916083916, 0.7142857142857143, 0.8541666666666667, 0.37777777777777777, 0.7482517482517483, 0.916083916083916, 0.7083333333333333, 0.625668449197861, 0.7083333333333333, 0.5555555555555556, 0.8285714285714285]
 mean: 0.6836303293656235, std: 0.16668621520508023
--------------------------------------------------
Subject Number: 18
Accuracy Cross: [0.7878787878787878, 0.5454545454545454, 0.6363636363636364, 0.696969696969697, 0.7878787878787878, 0.71875, 0.59375, 0.6875, 0.65625, 0.71875, 0.6875, 0.65625, 0.875, 0.75, 0.78125]
 mean: 0.7053030303030303, std: 0.08116894841261374
F1 Score: [0.7847157502329916, 0.5454545454545454, 0.6360294117647058, 0.6944444444444444, 0.7878787878787878, 0.718475073313783, 0.5835835835835836, 0.6825396825396826, 0.6476476476476476, 0.7117117117117118, 0.6862745098039216, 0.6389743589743591, 0.8704453441295547, 0.746031746031746, 0.7810361681329423]
 mean: 0.701016184376294, std: 0.08230762200438511
Accuracy Intime: [0.5714285714285714, 0.7857142857142857, 0.8333333333333334, 0.75, 0.5833333333333334, 0.7142857142857143, 0.6428571428571429, 0.5833333333333334, 0.75, 0.75, 0.8571428571428571, 0.6428571428571429, 0.9166666666666666, 0.75, 0.9166666666666666]
 mean: 0.7365079365079363, std: 0.11081593444893371
F1 (Intime): [0.5625, 0.7846153846153847, 0.8285714285714285, 0.7333333333333334, 0.5555555555555556, 0.7083333333333333, 0.625668449197861, 0.5804195804195804, 0.7482517482517483, 0.7482517482517483, 0.8571428571428571, 0.5906432748538011, 0.9111111111111111, 0.7482517482517483, 0.916083916083916]
 mean: 0.7265822312648939, std: 0.11797300089139143
--------------------------------------------------
Subject Number: 19
Accuracy Cross: [0.5625, 0.53125, 0.625, 0.53125, 0.65625, 0.65625, 0.6875, 0.65625, 0.625, 0.6875, 0.59375, 0.5625, 0.71875, 0.65625, 0.625]
 mean: 0.625, std: 0.05590169943749474
F1 Score: [0.45893719806763283, 0.4684385382059801, 0.5844155844155844, 0.3469387755102041, 0.5594493116395495, 0.6389743589743591, 0.6363636363636364, 0.6101882613510521, 0.536231884057971, 0.6536796536796536, 0.5933528836754643, 0.5555555555555556, 0.7046153846153846, 0.6476476476476476, 0.6235294117647059]
 mean: 0.5745545390349587, std: 0.08910782681103328
Accuracy Intime: [0.8571428571428571, 0.6428571428571429, 0.8333333333333334, 0.75, 0.8333333333333334, 0.7857142857142857, 0.8571428571428571, 0.75, 0.8333333333333334, 0.6666666666666666, 0.7142857142857143, 0.5714285714285714, 0.5833333333333334, 0.5833333333333334, 0.5833333333333334]
 mean: 0.7230158730158731, std: 0.10616544180196207
F1 (Intime): [0.8444444444444444, 0.5906432748538011, 0.8125, 0.7482517482517483, 0.8333333333333334, 0.7846153846153847, 0.8541666666666667, 0.6974789915966386, 0.8333333333333334, 0.6571428571428571, 0.6888888888888889, 0.475, 0.3684210526315789, 0.4957983193277311, 0.5555555555555556]
 mean: 0.682638256709464, std: 0.14941384793685383
--------------------------------------------------
Subject Number: 20
Accuracy Cross: [0.78125, 0.6875, 0.5625, 0.71875, 0.65625, 0.59375, 0.65625, 0.46875, 0.6875, 0.75, 0.48484848484848486, 0.5757575757575758, 0.5151515151515151, 0.5151515151515151, 0.6363636363636364]
 mean: 0.6193181818181819, std: 0.0944232154204986
F1 Score: [0.7757757757757757, 0.6862745098039216, 0.5607843137254902, 0.7046153846153846, 0.6532019704433498, 0.5933528836754643, 0.6532019704433498, 0.464039408866995, 0.6363636363636364, 0.7408906882591093, 0.4771668219944082, 0.5657894736842105, 0.5147058823529411, 0.5111111111111111, 0.6192307692307693]
 mean: 0.6104336400230612, std: 0.09178130153369
Accuracy Intime: [0.7857142857142857, 0.7142857142857143, 0.6666666666666666, 0.3333333333333333, 0.6666666666666666, 0.6428571428571429, 0.5714285714285714, 0.9166666666666666, 0.5, 0.6666666666666666, 0.8571428571428571, 0.8571428571428571, 0.6666666666666666, 0.5833333333333334, 0.8333333333333334]
 mean: 0.6841269841269841, std: 0.14836388298284234
F1 (Intime): [0.7754010695187166, 0.7083333333333333, 0.6571428571428571, 0.3333333333333333, 0.6666666666666666, 0.641025641025641, 0.5625, 0.9111111111111111, 0.4857142857142857, 0.6571428571428571, 0.8571428571428571, 0.8571428571428571, 0.6666666666666666, 0.5555555555555556, 0.8333333333333334]
 mean: 0.6778808283220048, std: 0.1504784058608298
--------------------------------------------------
Subject Number: 21
Accuracy Cross: [0.4375, 0.53125, 0.5625, 0.59375, 0.40625, 0.5, 0.625, 0.5625, 0.46875, 0.53125, 0.46875, 0.65625, 0.40625, 0.34375, 0.59375]
 mean: 0.5125, std: 0.08675276172357088
F1 Score: [0.4, 0.5270935960591133, 0.49090909090909085, 0.5588547189819725, 0.4009852216748768, 0.4817813765182186, 0.6235294117647059, 0.5465587044534412, 0.45545545545545546, 0.5270935960591133, 0.45545545545545546, 0.6559139784946236, 0.4009852216748768, 0.3107692307692308, 0.5835835835835836]
 mean: 0.4945979094569173, std: 0.09055974463229635
Accuracy Intime: [0.5714285714285714, 0.7142857142857143, 0.8333333333333334, 0.5833333333333334, 0.5833333333333334, 0.21428571428571427, 0.5714285714285714, 0.6666666666666666, 0.5833333333333334, 0.5833333333333334, 0.42857142857142855, 0.5714285714285714, 0.6666666666666666, 0.5, 0.75]
 mean: 0.5880952380952381, std: 0.13868238616639184
F1 (Intime): [0.5625, 0.7083333333333333, 0.8125, 0.5555555555555556, 0.5555555555555556, 0.21025641025641026, 0.5625, 0.5555555555555556, 0.5804195804195804, 0.5804195804195804, 0.41666666666666663, 0.5714285714285714, 0.625, 0.5, 0.7482517482517483]
 mean: 0.5696628371628372, std: 0.13454206410671776
--------------------------------------------------
Subject Number: 22
Accuracy Cross: [0.5, 0.71875, 0.71875, 0.625, 0.75, 0.5151515151515151, 0.6363636363636364, 0.6666666666666666, 0.7575757575757576, 0.7272727272727273, 0.625, 0.6875, 0.71875, 0.65625, 0.5625]
 mean: 0.6577020202020203, std: 0.07845716169868817
F1 Score: [0.4817813765182186, 0.7046153846153846, 0.6631578947368422, 0.5844155844155844, 0.722943722943723, 0.5111111111111111, 0.6192307692307693, 0.6329625884732053, 0.7272727272727273, 0.717948717948718, 0.6190476190476191, 0.6666666666666667, 0.716256157635468, 0.5594493116395495, 0.5333333333333333]
 mean: 0.6306795310392613, std: 0.07917401072421242
Accuracy Intime: [0.7142857142857143, 0.8571428571428571, 0.75, 0.75, 0.75, 0.6428571428571429, 0.6428571428571429, 0.4166666666666667, 0.75, 0.5833333333333334, 0.5714285714285714, 0.5714285714285714, 0.6666666666666666, 0.6666666666666666, 0.6666666666666666]
 mean: 0.6666666666666665, std: 0.10166787479301509
F1 (Intime): [0.7083333333333333, 0.8444444444444444, 0.6210526315789473, 0.7333333333333334, 0.7482517482517483, 0.641025641025641, 0.625668449197861, 0.37777777777777777, 0.7333333333333334, 0.5804195804195804, 0.5333333333333333, 0.475, 0.625, 0.625, 0.6666666666666666]
 mean: 0.6359093515130667, std: 0.11195126756054424
--------------------------------------------------
Subject Number: 23
Accuracy Cross: [0.7878787878787878, 0.7575757575757576, 0.6060606060606061, 0.6666666666666666, 0.8484848484848485, 0.625, 0.65625, 0.625, 0.625, 0.75, 0.8484848484848485, 0.7575757575757576, 0.7878787878787878, 0.6666666666666666, 0.7272727272727273]
 mean: 0.7157196969696968, std: 0.0798097161648048
F1 Score: [0.7664307381193125, 0.7461538461538462, 0.5662285136501517, 0.6158730158730159, 0.8390243902439025, 0.625, 0.6476476476476476, 0.611336032388664, 0.625, 0.75, 0.847926267281106, 0.7518796992481203, 0.7664307381193125, 0.6552706552706553, 0.6996966632962589]
 mean: 0.7009265471527996, std: 0.08413080497814782
Accuracy Intime: [0.8571428571428571, 0.9285714285714286, 0.6666666666666666, 0.4166666666666667, 0.5833333333333334, 0.7142857142857143, 0.8571428571428571, 0.6428571428571429, 0.75, 0.8333333333333334, 0.7142857142857143, 0.6428571428571429, 0.9166666666666666, 0.5833333333333334, 0.5833333333333334]
 mean: 0.7126984126984126, std: 0.14037975346418605
F1 (Intime): [0.8444444444444444, 0.9282051282051282, 0.5555555555555556, 0.4125874125874126, 0.5804195804195804, 0.6888888888888889, 0.8444444444444444, 0.5238095238095237, 0.7333333333333334, 0.8333333333333334, 0.7142857142857143, 0.641025641025641, 0.9111111111111111, 0.5555555555555556, 0.5804195804195804]
 mean: 0.6898279498279499, std: 0.1513258400389016
--------------------------------------------------
Subject Number: 24
Accuracy Cross: [0.46875, 0.5625, 0.625, 0.4375, 0.4375, 0.5625, 0.625, 0.625, 0.5625, 0.5, 0.4375, 0.5625, 0.4375, 0.46875, 0.5625]
 mean: 0.525, std: 0.07052629533254483
F1 Score: [0.4682306940371457, 0.5555555555555556, 0.6190476190476191, 0.37662337662337664, 0.43529411764705883, 0.5465587044534412, 0.6235294117647059, 0.625, 0.49090909090909085, 0.4817813765182186, 0.43529411764705883, 0.5625, 0.43529411764705883, 0.4420512820512821, 0.5465587044534412]
 mean: 0.5096152112236703, std: 0.07640349597347117
Accuracy Intime: [0.5714285714285714, 0.5, 0.5833333333333334, 0.4166666666666667, 0.6666666666666666, 0.2857142857142857, 0.6428571428571429, 0.75, 0.4166666666666667, 0.4166666666666667, 0.8571428571428571, 0.6428571428571429, 0.5, 0.3333333333333333, 0.5833333333333334]
 mean: 0.5444444444444444, std: 0.15111494592973237
F1 (Intime): [0.5333333333333333, 0.49743589743589745, 0.5804195804195804, 0.29411764705882354, 0.6666666666666666, 0.2222222222222222, 0.641025641025641, 0.6974789915966386, 0.4125874125874126, 0.4125874125874126, 0.8571428571428571, 0.641025641025641, 0.4375, 0.3333333333333333, 0.5555555555555556]
 mean: 0.518828812799401, std: 0.16451357602028002
--------------------------------------------------
Subject Number: 25
Accuracy Cross: [0.45454545454545453, 0.5757575757575758, 0.5757575757575758, 0.42424242424242425, 0.45454545454545453, 0.375, 0.5625, 0.5625, 0.53125, 0.65625, 0.59375, 0.34375, 0.625, 0.59375, 0.71875]
 mean: 0.536489898989899, std: 0.10187379327205394
F1 Score: [0.4288461538461539, 0.5753676470588236, 0.5557692307692308, 0.2978723404255319, 0.45, 0.375, 0.5555555555555556, 0.5607843137254902, 0.4909862142099682, 0.6267232237539766, 0.5733333333333333, 0.33793103448275863, 0.6, 0.5733333333333333, 0.7046153846153846]
 mean: 0.513741184340636, std: 0.11009456080623983
Accuracy Intime: [0.6428571428571429, 0.7142857142857143, 0.8333333333333334, 0.6666666666666666, 0.25, 0.42857142857142855, 0.35714285714285715, 0.5, 0.5833333333333334, 0.3333333333333333, 0.7142857142857143, 0.5, 0.6666666666666666, 0.5833333333333334, 0.8333333333333334]
 mean: 0.5738095238095239, std: 0.17087653621068652
F1 (Intime): [0.5906432748538011, 0.7083333333333333, 0.7777777777777777, 0.625, 0.2, 0.41666666666666663, 0.35384615384615387, 0.4857142857142857, 0.4957983193277311, 0.3142857142857143, 0.7083333333333333, 0.49743589743589745, 0.6571428571428571, 0.5804195804195804, 0.8285714285714285]
 mean: 0.5493312415139041, std: 0.1719394369038509
--------------------------------------------------
Subject Number: 26
Accuracy Cross: [0.7575757575757576, 0.6666666666666666, 0.7878787878787878, 0.6666666666666666, 0.8484848484848485, 0.6875, 0.6875, 0.625, 0.65625, 0.71875, 0.875, 0.78125, 0.625, 0.84375, 0.8125]
 mean: 0.7359848484848485, std: 0.08175531862987896
F1 Score: [0.7380952380952381, 0.6616961789375583, 0.7746341463414634, 0.6158730158730159, 0.8462255358807083, 0.6875, 0.6862745098039216, 0.611336032388664, 0.6389743589743591, 0.718475073313783, 0.8666666666666667, 0.7757757757757757, 0.6, 0.8303287380699894, 0.8]
 mean: 0.7234570180080763, std: 0.08620564112919388
Accuracy Intime: [0.8571428571428571, 0.6428571428571429, 0.8333333333333334, 0.6666666666666666, 0.8333333333333334, 1.0, 1.0, 0.75, 0.9166666666666666, 0.8333333333333334, 0.9285714285714286, 0.7857142857142857, 0.5833333333333334, 0.6666666666666666, 0.8333333333333334]
 mean: 0.8087301587301589, std: 0.1229108614768631
F1 (Intime): [0.8444444444444444, 0.641025641025641, 0.7777777777777777, 0.625, 0.8333333333333334, 1.0, 1.0, 0.7482517482517483, 0.916083916083916, 0.8285714285714285, 0.9282051282051282, 0.7846153846153847, 0.5555555555555556, 0.6571428571428571, 0.8333333333333334]
 mean: 0.7982227032227033, std: 0.13021674181024917
--------------------------------------------------
Subject Number: 27
Accuracy Cross: [0.6060606060606061, 0.5151515151515151, 0.5454545454545454, 0.6060606060606061, 0.5757575757575758, 0.5757575757575758, 0.5757575757575758, 0.45454545454545453, 0.48484848484848486, 0.5757575757575758, 0.53125, 0.5625, 0.53125, 0.5, 0.46875]
 mean: 0.5405934343434343, std: 0.04630654921668324
F1 Score: [0.5925925925925926, 0.5037593984962406, 0.5170731707317073, 0.5460317460317461, 0.5753676470588236, 0.5657894736842105, 0.5722222222222222, 0.4540441176470588, 0.45268292682926825, 0.5657894736842105, 0.530791788856305, 0.5555555555555556, 0.5195195195195195, 0.4666666666666667, 0.464039408866995]
 mean: 0.5254617138962081, std: 0.046185844644725
Accuracy Intime: [0.6428571428571429, 0.7142857142857143, 0.6666666666666666, 0.3333333333333333, 0.9166666666666666, 0.7142857142857143, 0.8571428571428571, 0.4166666666666667, 0.75, 0.9166666666666666, 0.7142857142857143, 0.6428571428571429, 0.7142857142857143, 0.5833333333333334, 0.8333333333333334]
 mean: 0.6944444444444445, std: 0.15815371520026095
F1 (Intime): [0.641025641025641, 0.6888888888888889, 0.6571428571428571, 0.3142857142857143, 0.916083916083916, 0.7142857142857143, 0.8541666666666667, 0.37777777777777777, 0.7482517482517483, 0.916083916083916, 0.7083333333333333, 0.625668449197861, 0.7083333333333333, 0.5555555555555556, 0.8285714285714285]
 mean: 0.6836303293656235, std: 0.16668621520508023
--------------------------------------------------
Subject Number: 28
Accuracy Cross: [0.65625, 0.53125, 0.5, 0.5625, 0.65625, 0.53125, 0.5, 0.5, 0.59375, 0.53125, 0.53125, 0.4375, 0.4375, 0.59375, 0.75]
 mean: 0.5541666666666667, std: 0.0818620112682854
F1 Score: [0.6389743589743591, 0.5076923076923077, 0.4458874458874459, 0.45893719806763283, 0.6101882613510521, 0.530791788856305, 0.4980392156862745, 0.4920634920634921, 0.5588547189819725, 0.5195195195195195, 0.5195195195195195, 0.4285714285714286, 0.43529411764705883, 0.5733333333333333, 0.7490196078431373]
 mean: 0.5311124209329894, std: 0.08307722567219221
Accuracy Intime: [0.5714285714285714, 0.6428571428571429, 0.8333333333333334, 0.5833333333333334, 0.5833333333333334, 0.6428571428571429, 0.6428571428571429, 0.4166666666666667, 0.6666666666666666, 0.5, 0.6428571428571429, 0.6428571428571429, 0.75, 0.5, 0.75]
 mean: 0.6246031746031747, std: 0.10294847013506032
F1 (Intime): [0.5333333333333333, 0.625668449197861, 0.8125, 0.4957983193277311, 0.5555555555555556, 0.641025641025641, 0.625668449197861, 0.37777777777777777, 0.6666666666666666, 0.4857142857142857, 0.625668449197861, 0.5906432748538011, 0.6974789915966386, 0.4857142857142857, 0.7333333333333334]
 mean: 0.5968364541661757, std: 0.10747423673956928
--------------------------------------------------
Subject Number: 29
Accuracy Cross: [0.875, 0.8125, 0.84375, 0.8125, 0.8125, 0.75, 0.9375, 0.8125, 0.9375, 0.875, 0.8181818181818182, 0.9090909090909091, 0.9090909090909091, 0.9090909090909091, 0.9090909090909091]
 mean: 0.8615530303030301, std: 0.05489615269168635
F1 Score: [0.8704453441295547, 0.8095238095238095, 0.8303287380699894, 0.7922077922077921, 0.8, 0.7490196078431373, 0.9352226720647774, 0.8095238095238095, 0.9365079365079365, 0.8666666666666667, 0.8166666666666667, 0.907735321528425, 0.9087557603686636, 0.907735321528425, 0.907735321528425]
 mean: 0.8565383178772049, std: 0.05719271908160327
Accuracy Intime: [0.8571428571428571, 0.7857142857142857, 0.9166666666666666, 0.8333333333333334, 0.9166666666666666, 0.5, 0.9285714285714286, 0.8333333333333334, 0.8333333333333334, 0.75, 0.8571428571428571, 1.0, 0.6666666666666666, 0.8333333333333334, 0.5833333333333334]
 mean: 0.8063492063492065, std: 0.1294989082817215
F1 (Intime): [0.8541666666666667, 0.7846153846153847, 0.9111111111111111, 0.8285714285714285, 0.916083916083916, 0.47593582887700536, 0.9282051282051282, 0.8125, 0.8285714285714285, 0.7333333333333334, 0.8541666666666667, 1.0, 0.6666666666666666, 0.8333333333333334, 0.5555555555555556]
 mean: 0.7988544298838415, std: 0.13619487907320738
--------------------------------------------------
**************************************************
accuracy_cross_list: [0.7316919191919192, 0.5467171717171716, 0.522790404040404, 0.6747474747474748, 0.5958333333333333, 0.551388888888889, 0.5166666666666667, 0.6020833333333333, 0.74375, 0.5526515151515152, 0.5636363636363637, 0.655618686868687, 0.6889520202020203, 0.6729166666666667, 0.6833333333333333, 0.6041666666666666, 0.5405934343434343, 0.7053030303030303, 0.625, 0.6193181818181819, 0.5125, 0.6577020202020203, 0.7157196969696968, 0.525, 0.536489898989899, 0.7359848484848485, 0.5405934343434343, 0.5541666666666667, 0.8615530303030301]
f1_score_list: [0.7136276009982763, 0.5338630785853374, 0.508045157823291, 0.6608877005545214, 0.5901246606416076, 0.5156524077006275, 0.509064513087819, 0.5724030337901129, 0.7289098435229234, 0.5406212006859055, 0.5382953945785435, 0.6170478559996941, 0.669888918310028, 0.65506822212513, 0.6720877916339677, 0.5896168184121664, 0.5254617138962081, 0.701016184376294, 0.5745545390349587, 0.6104336400230612, 0.4945979094569173, 0.6306795310392613, 0.7009265471527996, 0.5096152112236703, 0.513741184340636, 0.7234570180080763, 0.5254617138962081, 0.5311124209329894, 0.8565383178772049]
accuracy_intime_list: [0.7420634920634921, 0.6301587301587301, 0.5777777777777777, 0.7198412698412698, 0.7198412698412698, 0.6095238095238095, 0.5531746031746032, 0.6944444444444444, 0.7912698412698413, 0.6500000000000001, 0.5571428571428572, 0.75, 0.6412698412698412, 0.657142857142857, 0.7674603174603174, 0.6666666666666666, 0.6944444444444445, 0.7365079365079363, 0.7230158730158731, 0.6841269841269841, 0.5880952380952381, 0.6666666666666665, 0.7126984126984126, 0.5444444444444444, 0.5738095238095239, 0.8087301587301589, 0.6944444444444445, 0.6246031746031747, 0.8063492063492065]
f1_score_intime_list: [0.7245640628148368, 0.6161179343532286, 0.5598547802959568, 0.7129408935291288, 0.710906870906871, 0.5842286325645459, 0.5305916523563583, 0.6714683682330739, 0.7648397898397898, 0.6367561849914792, 0.537497100709175, 0.7246603342191578, 0.6033125806655218, 0.6413956852114746, 0.7604420736928479, 0.6527171194818255, 0.6836303293656235, 0.7265822312648939, 0.682638256709464, 0.6778808283220048, 0.5696628371628372, 0.6359093515130667, 0.6898279498279499, 0.518828812799401, 0.5493312415139041, 0.7982227032227033, 0.6836303293656235, 0.5968364541661757, 0.7988544298838415]
**************************************************
ACC: 62.20±8.65
F1: 60.39±8.88
Intime: 67.54±7.52
F1 (Intime): 65.67±7.85
