1e-06
Subject Number: 1
Accuracy Cross: [0.2761904761904762, 0.3380952380952381, 0.29523809523809524, 0.2523809523809524, 0.2571428571428571, 0.2904761904761905, 0.2904761904761905, 0.32857142857142857, 0.30952380952380953, 0.3, 0.2904761904761905, 0.2904761904761905, 0.29523809523809524, 0.28095238095238095, 0.2904761904761905]
 mean: 0.29238095238095235, std: 0.021633936555429615
F1 Score: [0.24760518422868544, 0.30716243815138433, 0.273597376736442, 0.23261911282149034, 0.23977509359746335, 0.2991715491715492, 0.296785236881863, 0.323645499228142, 0.3261235941210992, 0.3134160765450093, 0.28111489672250783, 0.2832864237212063, 0.290863299572316, 0.2849933925723399, 0.28770889535474525]
 mean: 0.28585787129508294, std: 0.02731195771972086
Accuracy Intime: [0.36904761904761907, 0.34523809523809523, 0.32142857142857145, 0.39285714285714285, 0.19047619047619047, 0.2619047619047619, 0.23809523809523808, 0.3333333333333333, 0.39285714285714285, 0.30952380952380953, 0.2976190476190476, 0.3333333333333333, 0.2976190476190476, 0.34523809523809523, 0.32142857142857145]
 mean: 0.31666666666666665, std: 0.05320420876855355
F1 (Intime): [0.35987677438840227, 0.352587512806391, 0.32190344473086213, 0.3980901856763926, 0.19742627833203108, 0.24615873015873016, 0.23501618329204538, 0.3229181642791327, 0.38966894003978403, 0.3141920281626164, 0.289626968706705, 0.2993171858288137, 0.26904354904354905, 0.34276074308032767, 0.31655603493633594]
 mean: 0.31034284823080793, std: 0.0544222843899984
--------------------------------------------------
Subject Number: 2
Accuracy Cross: [0.28095238095238095, 0.22857142857142856, 0.22380952380952382, 0.23809523809523808, 0.28095238095238095, 0.22380952380952382, 0.21904761904761905, 0.2904761904761905, 0.23333333333333334, 0.2571428571428571, 0.22857142857142856, 0.26666666666666666, 0.2761904761904762, 0.21428571428571427, 0.24285714285714285]
 mean: 0.246984126984127, std: 0.02506931685384081
F1 Score: [0.25474932503777664, 0.1862202302043221, 0.2155996113266722, 0.19790915188098285, 0.25148720501843014, 0.19498657067809688, 0.21713656354433053, 0.2675461695054907, 0.21127638020164613, 0.22523341151084023, 0.2172924190495074, 0.26741440449987774, 0.2684006177450621, 0.19980064183604007, 0.24418767507002803]
 mean: 0.22794935847394024, std: 0.027675079689079046
Accuracy Intime: [0.39285714285714285, 0.30952380952380953, 0.2976190476190476, 0.34523809523809523, 0.23809523809523808, 0.2976190476190476, 0.32142857142857145, 0.2619047619047619, 0.34523809523809523, 0.2619047619047619, 0.36904761904761907, 0.23809523809523808, 0.3333333333333333, 0.2976190476190476, 0.32142857142857145]
 mean: 0.3087301587301587, std: 0.04400290881152099
F1 (Intime): [0.37516233766233764, 0.26254807516913126, 0.2830480693459417, 0.33123608417726064, 0.2004862155388471, 0.2732767232767233, 0.3183069217224815, 0.21963792230108808, 0.31726262626262625, 0.24040816326530612, 0.3583942300071333, 0.22366473987462757, 0.3366005681795155, 0.2734125224369127, 0.2990193033735233]
 mean: 0.2874976335062304, std: 0.050671741910753285
--------------------------------------------------
Subject Number: 3
Accuracy Cross: [0.23809523809523808, 0.24761904761904763, 0.26666666666666666, 0.2857142857142857, 0.22380952380952382, 0.24285714285714285, 0.2571428571428571, 0.28095238095238095, 0.3, 0.28095238095238095, 0.3047619047619048, 0.36666666666666664, 0.2714285714285714, 0.30952380952380953, 0.29523809523809524]
 mean: 0.27809523809523806, std: 0.0343737845933693
F1 Score: [0.1687037172402479, 0.17588068624534262, 0.20961218689052533, 0.23042325986813572, 0.1423008690433651, 0.22349510438736844, 0.23258475341959914, 0.2618535715294176, 0.2760479953901839, 0.2622237470191909, 0.30397063501553206, 0.3700837725663942, 0.2838665216774302, 0.3124175561228119, 0.3031761874865605]
 mean: 0.25044270426014037, std: 0.059380755794574684
Accuracy Intime: [0.27380952380952384, 0.3333333333333333, 0.2619047619047619, 0.36904761904761907, 0.27380952380952384, 0.30952380952380953, 0.2857142857142857, 0.27380952380952384, 0.23809523809523808, 0.25, 0.32142857142857145, 0.2261904761904762, 0.32142857142857145, 0.40476190476190477, 0.2976190476190476]
 mean: 0.29603174603174603, std: 0.04699324235900782
F1 (Intime): [0.26109981972050933, 0.3381008729056267, 0.26760165788803564, 0.3334376236199518, 0.2576016576016576, 0.3102489177489178, 0.26217230707796746, 0.2554301637060258, 0.21050280112044817, 0.20666625997041282, 0.3008319369726901, 0.20364404223227753, 0.30820707476976283, 0.3832034632034632, 0.25610098176718094]
 mean: 0.2769899720203285, std: 0.049956091322639624
--------------------------------------------------
Subject Number: 4
Accuracy Cross: [0.2571428571428571, 0.21904761904761905, 0.21428571428571427, 0.20476190476190476, 0.23809523809523808, 0.28095238095238095, 0.24285714285714285, 0.24285714285714285, 0.2523809523809524, 0.28095238095238095, 0.23333333333333334, 0.2619047619047619, 0.24285714285714285, 0.23333333333333334, 0.23809523809523808]
 mean: 0.24285714285714285, std: 0.02101002172415784
F1 Score: [0.23366358407422813, 0.19566684510320945, 0.19481392694063926, 0.19706742748162048, 0.19332156228296282, 0.27947668481014876, 0.23127341149225647, 0.2385888507394606, 0.24349030960807355, 0.2820176041478266, 0.21523892871035488, 0.23932757293167645, 0.20998614220232384, 0.21520869815675736, 0.21934158847545157]
 mean: 0.22589887581046603, std: 0.027149959488745105
Accuracy Intime: [0.30952380952380953, 0.35714285714285715, 0.32142857142857145, 0.2857142857142857, 0.27380952380952384, 0.2857142857142857, 0.32142857142857145, 0.3333333333333333, 0.2976190476190476, 0.2619047619047619, 0.25, 0.27380952380952384, 0.2619047619047619, 0.2619047619047619, 0.25]
 mean: 0.28968253968253965, std: 0.031546995102145696
F1 (Intime): [0.2967378079910049, 0.34648589505732363, 0.3176907199324265, 0.272725430597771, 0.2675177214517243, 0.27847786811201447, 0.29918102949681896, 0.29416192283364956, 0.2876940418679549, 0.24288786482334865, 0.255279087244654, 0.2596491885137576, 0.22766319619866532, 0.2560576627673402, 0.21302841302841302]
 mean: 0.2743491899944578, std: 0.033347680993166935
--------------------------------------------------
Subject Number: 5
Accuracy Cross: [0.2571428571428571, 0.20476190476190476, 0.28095238095238095, 0.2, 0.22857142857142856, 0.28095238095238095, 0.2714285714285714, 0.3, 0.28095238095238095, 0.29523809523809524, 0.3, 0.23809523809523808, 0.22857142857142856, 0.24761904761904763, 0.3]
 mean: 0.26095238095238094, std: 0.03341034188424856
F1 Score: [0.25300462959942766, 0.18725673532029044, 0.2635030083920603, 0.17618878510321917, 0.2159044277889779, 0.2521650277411561, 0.24336375976622557, 0.25021641220399155, 0.2508288884759473, 0.27802150537634407, 0.30181405895691604, 0.24740291283326082, 0.21428077715558103, 0.2503436015734971, 0.30671255235936096]
 mean: 0.24606713884308376, std: 0.035142633767402454
Accuracy Intime: [0.27380952380952384, 0.2619047619047619, 0.34523809523809523, 0.27380952380952384, 0.3333333333333333, 0.2857142857142857, 0.3333333333333333, 0.23809523809523808, 0.34523809523809523, 0.23809523809523808, 0.32142857142857145, 0.2976190476190476, 0.2857142857142857, 0.39285714285714285, 0.2619047619047619]
 mean: 0.2992063492063492, std: 0.04300386407664782
F1 (Intime): [0.2532547191370721, 0.24762845849802373, 0.33209441295898207, 0.24796638655462183, 0.3203812754896346, 0.27738978289262917, 0.302739388152922, 0.25081947505509916, 0.34191690092852883, 0.2272301611432046, 0.28767510750119446, 0.2851320901320901, 0.2820652585358468, 0.3792815572314131, 0.26299726327312534]
 mean: 0.2865714824989592, std: 0.04059168618683428
--------------------------------------------------
Subject Number: 6
Accuracy Cross: [0.17142857142857143, 0.20952380952380953, 0.2619047619047619, 0.24761904761904763, 0.2571428571428571, 0.22857142857142856, 0.22380952380952382, 0.26666666666666666, 0.17142857142857143, 0.2761904761904762, 0.23333333333333334, 0.2, 0.2619047619047619, 0.20952380952380953, 0.22380952380952382]
 mean: 0.22952380952380955, std: 0.0318822474457493
F1 Score: [0.16723722693871948, 0.20733934458161665, 0.263597790462779, 0.24338973319039764, 0.2465528212007085, 0.23104049104049101, 0.2161538050932177, 0.24981907046611213, 0.1656279657665522, 0.27611491668996774, 0.22769804014510914, 0.1975802419522974, 0.2602484185875718, 0.20721221228882988, 0.218714997739388]
 mean: 0.22522180507625053, std: 0.03179745993910912
Accuracy Intime: [0.23809523809523808, 0.34523809523809523, 0.2261904761904762, 0.32142857142857145, 0.23809523809523808, 0.2976190476190476, 0.17857142857142858, 0.17857142857142858, 0.2976190476190476, 0.2261904761904762, 0.2976190476190476, 0.3333333333333333, 0.2619047619047619, 0.2976190476190476, 0.21428571428571427]
 mean: 0.2634920634920635, std: 0.051958372391533045
F1 (Intime): [0.22750256185038795, 0.3514054054054054, 0.22371991385563375, 0.2994665487768936, 0.2321314317866042, 0.27567597627721174, 0.16034391534391534, 0.17979697756660337, 0.2809890467954984, 0.2263203463203463, 0.2950556538404835, 0.3346490409029109, 0.2604194022319425, 0.27861952861952866, 0.2128499037731518]
 mean: 0.2559297102231012, std: 0.051877330216744975
--------------------------------------------------
Subject Number: 7
Accuracy Cross: [0.1761904761904762, 0.19047619047619047, 0.24285714285714285, 0.21428571428571427, 0.18571428571428572, 0.20952380952380953, 0.2857142857142857, 0.19047619047619047, 0.19523809523809524, 0.21904761904761905, 0.2619047619047619, 0.19523809523809524, 0.22857142857142856, 0.2, 0.23809523809523808]
 mean: 0.21555555555555558, std: 0.02978718503045054
F1 Score: [0.16428533231794334, 0.17800632521247342, 0.23785698818329043, 0.2054972804972805, 0.1842580809384825, 0.19945239357004063, 0.28366641511944335, 0.1782176675056934, 0.1842927829334206, 0.21163546753481643, 0.2357116313638053, 0.19216068448615073, 0.22687756054718297, 0.18027704960964142, 0.23254617543218598]
 mean: 0.20631612235012342, std: 0.03080736338623499
Accuracy Intime: [0.2619047619047619, 0.19047619047619047, 0.2261904761904762, 0.27380952380952384, 0.25, 0.19047619047619047, 0.2261904761904762, 0.2619047619047619, 0.2619047619047619, 0.21428571428571427, 0.30952380952380953, 0.15476190476190477, 0.2261904761904762, 0.17857142857142858, 0.23809523809523808]
 mean: 0.23095238095238096, std: 0.03955535172818131
F1 (Intime): [0.2523076923076923, 0.16637183332114208, 0.22240297244601406, 0.25227210884353746, 0.2518192833982308, 0.1841204051012753, 0.22537693429156058, 0.2232808251693928, 0.24883666274970623, 0.2085456258642421, 0.31168961831101055, 0.1562755791956801, 0.21769457556051264, 0.1670898794300329, 0.22392730966260382]
 mean: 0.22080075371017563, std: 0.03962125954085171
--------------------------------------------------
Subject Number: 8
Accuracy Cross: [0.3523809523809524, 0.3523809523809524, 0.3476190476190476, 0.22857142857142856, 0.38571428571428573, 0.3619047619047619, 0.2619047619047619, 0.2619047619047619, 0.2761904761904762, 0.3523809523809524, 0.26666666666666666, 0.2619047619047619, 0.2523809523809524, 0.2, 0.19523809523809524]
 mean: 0.29047619047619044, std: 0.06038425708246613
F1 Score: [0.35557407270121333, 0.3489506859473489, 0.3388526182842709, 0.2337972218542453, 0.38729637350737744, 0.3765632028789923, 0.27125028056380923, 0.26486413693821875, 0.29393483912061996, 0.36943804910879346, 0.27551029553449397, 0.26941459776225496, 0.2532385037829684, 0.18971618024966314, 0.18363423658733102]
 mean: 0.29413568632144005, std: 0.0636074288584942
Accuracy Intime: [0.34523809523809523, 0.32142857142857145, 0.40476190476190477, 0.2976190476190476, 0.36904761904761907, 0.30952380952380953, 0.27380952380952384, 0.27380952380952384, 0.25, 0.35714285714285715, 0.3333333333333333, 0.44047619047619047, 0.21428571428571427, 0.21428571428571427, 0.25]
 mean: 0.3103174603174603, std: 0.06425141158098126
F1 (Intime): [0.35545563294042, 0.34178456894925485, 0.42481081870076176, 0.2998144296912494, 0.3854197994987469, 0.31223699458993576, 0.28183871778977454, 0.2717549771406714, 0.25876285284180023, 0.3699776468197521, 0.33899118369706605, 0.4351040365590119, 0.21742712842712839, 0.201505994005994, 0.23622500724427703]
 mean: 0.315407319259723, std: 0.06945960658100202
--------------------------------------------------
Subject Number: 9
Accuracy Cross: [0.2619047619047619, 0.2761904761904762, 0.28095238095238095, 0.2857142857142857, 0.2571428571428571, 0.23333333333333334, 0.24761904761904763, 0.26666666666666666, 0.23809523809523808, 0.2571428571428571, 0.23333333333333334, 0.3047619047619048, 0.2523809523809524, 0.19523809523809524, 0.22857142857142856]
 mean: 0.25460317460317466, std: 0.02618999518557821
F1 Score: [0.25444444068277405, 0.2560712592293798, 0.2650725688887198, 0.2595165984314113, 0.23984948004842482, 0.23288595938637044, 0.24881997958782387, 0.2653357545826017, 0.24064884181520707, 0.25253641215919725, 0.22866849308212775, 0.3033929694028493, 0.2654029487775665, 0.20221316612512624, 0.22967969984348297]
 mean: 0.24963590480287084, std: 0.022118379740383116
Accuracy Intime: [0.27380952380952384, 0.27380952380952384, 0.21428571428571427, 0.27380952380952384, 0.34523809523809523, 0.2976190476190476, 0.27380952380952384, 0.23809523809523808, 0.35714285714285715, 0.2976190476190476, 0.36904761904761907, 0.38095238095238093, 0.3333333333333333, 0.35714285714285715, 0.2619047619047619]
 mean: 0.30317460317460315, std: 0.04915511926095879
F1 (Intime): [0.2879904279740121, 0.29315095826723725, 0.2059277152156409, 0.2684708859963529, 0.34538011695906434, 0.29864612511671335, 0.2721568627450981, 0.2347513227513227, 0.37354345856892546, 0.30728734257930823, 0.3737347427002599, 0.3822378966263661, 0.34529711375212224, 0.3620462359592794, 0.26455486542443063]
 mean: 0.30767840470907554, std: 0.05232196462308886
--------------------------------------------------
Subject Number: 10
Accuracy Cross: [0.2, 0.2523809523809524, 0.20476190476190476, 0.19523809523809524, 0.2619047619047619, 0.20952380952380953, 0.26666666666666666, 0.24285714285714285, 0.2714285714285714, 0.18571428571428572, 0.2, 0.2571428571428571, 0.26666666666666666, 0.2, 0.22857142857142856]
 mean: 0.22952380952380955, std: 0.0302771276636606
F1 Score: [0.1954331165910113, 0.24920777534049848, 0.20471331138629223, 0.1917119999171926, 0.26306835426990466, 0.21270011452857002, 0.26504254870559524, 0.24111544011544012, 0.2689672540092244, 0.18730718700867954, 0.20072923445472463, 0.25423099270080607, 0.25003380098213956, 0.1969461297256721, 0.23553061722809324]
 mean: 0.22778252513092292, std: 0.029039414789357156
Accuracy Intime: [0.4166666666666667, 0.3333333333333333, 0.2261904761904762, 0.25, 0.32142857142857145, 0.25, 0.21428571428571427, 0.2976190476190476, 0.2261904761904762, 0.30952380952380953, 0.35714285714285715, 0.2857142857142857, 0.34523809523809523, 0.2976190476190476, 0.2619047619047619]
 mean: 0.2928571428571428, std: 0.05460640448180817
F1 (Intime): [0.404855229561112, 0.3275945494994438, 0.21875437120977378, 0.2526582764767349, 0.3200258564964447, 0.23946078431372547, 0.21824892721444447, 0.29272806641227694, 0.2211698780119833, 0.3149953314659197, 0.3622067990489043, 0.26928866384435846, 0.3280865800865801, 0.29032788595701636, 0.26210526315789473]
 mean: 0.28816709751710756, std: 0.053460510687599605
--------------------------------------------------
Subject Number: 11
Accuracy Cross: [0.21904761904761905, 0.18095238095238095, 0.21428571428571427, 0.22857142857142856, 0.21428571428571427, 0.2523809523809524, 0.2523809523809524, 0.2571428571428571, 0.24761904761904763, 0.23333333333333334, 0.21904761904761905, 0.28095238095238095, 0.21428571428571427, 0.23333333333333334, 0.21904761904761905]
 mean: 0.23111111111111113, std: 0.02331983196470725
F1 Score: [0.20641207844696216, 0.18564240480467067, 0.19892233835829198, 0.21143191646714737, 0.20781672934459525, 0.2361156131599682, 0.2517830533065871, 0.23309773513944068, 0.2506998551375451, 0.2314016821765627, 0.21770001240699202, 0.2654907281772953, 0.18792614935448476, 0.22894606443137033, 0.22091168670116038]
 mean: 0.22228653649420496, std: 0.022584598298612115
Accuracy Intime: [0.2857142857142857, 0.2619047619047619, 0.17857142857142858, 0.40476190476190477, 0.25, 0.2976190476190476, 0.23809523809523808, 0.32142857142857145, 0.25, 0.27380952380952384, 0.16666666666666666, 0.32142857142857145, 0.21428571428571427, 0.25, 0.23809523809523808]
 mean: 0.2634920634920635, std: 0.05731895265164379
F1 (Intime): [0.27015130023640666, 0.2360809908011717, 0.1705802968960864, 0.398950059561265, 0.2176904576904577, 0.26563005348528557, 0.22095295375568033, 0.3292364720476176, 0.21978927121784264, 0.27129908820077636, 0.1562106227106227, 0.29563740856844306, 0.2111494451152895, 0.25251443751443753, 0.23198074793423631]
 mean: 0.24985690704904132, std: 0.058645495231307965
--------------------------------------------------
Subject Number: 12
Accuracy Cross: [0.28095238095238095, 0.24761904761904763, 0.2904761904761905, 0.2714285714285714, 0.30952380952380953, 0.3047619047619048, 0.24761904761904763, 0.24761904761904763, 0.2904761904761905, 0.3, 0.22857142857142856, 0.22380952380952382, 0.23809523809523808, 0.22380952380952382, 0.23809523809523808]
 mean: 0.26285714285714284, std: 0.029875023126396425
F1 Score: [0.28110894256918895, 0.24515793708607578, 0.2798027543185536, 0.26656814310490906, 0.30245166231102505, 0.26023416449163356, 0.2185881336721347, 0.24321545923955562, 0.2799767698243956, 0.27739287483625485, 0.23096775047468246, 0.23431895784248832, 0.2441623247237939, 0.2315976963098499, 0.24734269479542004]
 mean: 0.2561924177066641, std: 0.023244012316337853
Accuracy Intime: [0.2619047619047619, 0.34523809523809523, 0.25, 0.30952380952380953, 0.25, 0.3333333333333333, 0.3333333333333333, 0.21428571428571427, 0.23809523809523808, 0.35714285714285715, 0.3333333333333333, 0.27380952380952384, 0.2857142857142857, 0.2857142857142857, 0.3333333333333333]
 mean: 0.2936507936507936, std: 0.043179271456302994
F1 (Intime): [0.25601307417888486, 0.3375497567448032, 0.24614718614718614, 0.30943991640543367, 0.2409286315007139, 0.33540769181235713, 0.32874837525804723, 0.22668113005581464, 0.24707622715324895, 0.36545209176788124, 0.3351098175546393, 0.2727981144110176, 0.2664625626090157, 0.27279574620545893, 0.3484139984139984]
 mean: 0.2926016213479, std: 0.0445155992382202
--------------------------------------------------
Subject Number: 13
Accuracy Cross: [0.22380952380952382, 0.24761904761904763, 0.26666666666666666, 0.2619047619047619, 0.21904761904761905, 0.3, 0.21904761904761905, 0.23333333333333334, 0.2571428571428571, 0.24761904761904763, 0.23809523809523808, 0.2857142857142857, 0.22380952380952382, 0.29523809523809524, 0.2523809523809524]
 mean: 0.25142857142857145, std: 0.02580231844598869
F1 Score: [0.21049434941347517, 0.23061808561808564, 0.2361625628852059, 0.2514598159047185, 0.20271253649418206, 0.3020199147057964, 0.2062279565822665, 0.2172045562141361, 0.25176974815023967, 0.2433551489020745, 0.23059036074411954, 0.26540799113167535, 0.20762014902891518, 0.28675823700192643, 0.24196847924212092]
 mean: 0.23895799280126256, std: 0.02841118557760778
Accuracy Intime: [0.30952380952380953, 0.2619047619047619, 0.2857142857142857, 0.2976190476190476, 0.25, 0.2261904761904762, 0.39285714285714285, 0.27380952380952384, 0.3333333333333333, 0.35714285714285715, 0.23809523809523808, 0.19047619047619047, 0.27380952380952384, 0.25, 0.21428571428571427]
 mean: 0.276984126984127, std: 0.052788219518463145
F1 (Intime): [0.28239055125749574, 0.23385388938183968, 0.2589285714285714, 0.26343629343629343, 0.24406995230524645, 0.2273017249761436, 0.3788938072683813, 0.2491025641025641, 0.3029686695113981, 0.3437207207207207, 0.2187946848429684, 0.18168986568986567, 0.26826923076923076, 0.23455337690631808, 0.2003030303030303]
 mean: 0.25921846219333783, std: 0.0501541921335365
--------------------------------------------------
Subject Number: 14
Accuracy Cross: [0.2761904761904762, 0.23333333333333334, 0.29523809523809524, 0.23809523809523808, 0.23809523809523808, 0.2571428571428571, 0.2523809523809524, 0.24285714285714285, 0.29523809523809524, 0.28095238095238095, 0.22380952380952382, 0.24761904761904763, 0.24761904761904763, 0.20476190476190476, 0.22857142857142856]
 mean: 0.2507936507936508, std: 0.025297424524617827
F1 Score: [0.25632925296575965, 0.2010450163728274, 0.2841685565262801, 0.23620022664917095, 0.20667762600825154, 0.2161576354679803, 0.21766937696992344, 0.21140531110680366, 0.2674037992977838, 0.2594742819734216, 0.19521492708640384, 0.20174625327657073, 0.21498170182034668, 0.1624057543598661, 0.19142798218115822]
 mean: 0.2214871801375032, std: 0.03184233054976989
Accuracy Intime: [0.2261904761904762, 0.32142857142857145, 0.2857142857142857, 0.36904761904761907, 0.32142857142857145, 0.3333333333333333, 0.30952380952380953, 0.20238095238095238, 0.2857142857142857, 0.27380952380952384, 0.23809523809523808, 0.34523809523809523, 0.30952380952380953, 0.2619047619047619, 0.35714285714285715]
 mean: 0.296031746031746, std: 0.04719386903910637
F1 (Intime): [0.21647301117243237, 0.2847916026625704, 0.24189752282077087, 0.35229468599033814, 0.27878372966448123, 0.34078648116383964, 0.2927281052281053, 0.19182456140350876, 0.259478821831763, 0.28242035664195553, 0.22757267844024004, 0.3212693972693973, 0.2891634866506989, 0.24706937799043063, 0.3157957393483709]
 mean: 0.2761566372185935, std: 0.0443300268583922
--------------------------------------------------
**************************************************
accuracy_cross_list: [0.29238095238095235, 0.246984126984127, 0.27809523809523806, 0.24285714285714285, 0.26095238095238094, 0.22952380952380955, 0.21555555555555558, 0.29047619047619044, 0.25460317460317466, 0.22952380952380955, 0.23111111111111113, 0.26285714285714284, 0.25142857142857145, 0.2507936507936508]
f1_score_list: [0.28585787129508294, 0.22794935847394024, 0.25044270426014037, 0.22589887581046603, 0.24606713884308376, 0.22522180507625053, 0.20631612235012342, 0.29413568632144005, 0.24963590480287084, 0.22778252513092292, 0.22228653649420496, 0.2561924177066641, 0.23895799280126256, 0.2214871801375032]
accuracy_intime_list: [0.31666666666666665, 0.3087301587301587, 0.29603174603174603, 0.28968253968253965, 0.2992063492063492, 0.2634920634920635, 0.23095238095238096, 0.3103174603174603, 0.30317460317460315, 0.2928571428571428, 0.2634920634920635, 0.2936507936507936, 0.276984126984127, 0.296031746031746]
f1_score_intime_list: [0.31034284823080793, 0.2874976335062304, 0.2769899720203285, 0.2743491899944578, 0.2865714824989592, 0.2559297102231012, 0.22080075371017563, 0.315407319259723, 0.30767840470907554, 0.28816709751710756, 0.24985690704904132, 0.2926016213479, 0.25921846219333783, 0.2761566372185935]
**************************************************
ACC: 25.27±2.22
F1: 24.13±2.39
Intime: 28.87±2.21
F1 (Intime): 27.87±2.50
