1e-06
Subject Number: 1
Accuracy Cross: [0.36764705882352944, 0.4852941176470588, 0.4411764705882353, 0.36764705882352944, 0.39705882352941174, 0.37681159420289856, 0.36231884057971014, 0.43478260869565216, 0.2753623188405797, 0.3188405797101449, 0.3235294117647059, 0.45588235294117646, 0.3382352941176471, 0.35294117647058826, 0.29411764705882354]
 mean: 0.3727763569195794, std: 0.05856941224370467
F1 Score: [0.38602230060302656, 0.49888691953208086, 0.4400942195059842, 0.37698863636363633, 0.40819348224239527, 0.38089148702959447, 0.3564872627372627, 0.4279828150572832, 0.28290584742197644, 0.31044087491455913, 0.3079656116859404, 0.4690473880167903, 0.34418034333144687, 0.34077744148554534, 0.2926587301587302]
 mean: 0.3749015573390835, std: 0.06265556486484782
Accuracy Intime: [0.6071428571428571, 0.42857142857142855, 0.2857142857142857, 0.2692307692307692, 0.3076923076923077, 0.5, 0.5, 0.42857142857142855, 0.34615384615384615, 0.34615384615384615, 0.5357142857142857, 0.42857142857142855, 0.32142857142857145, 0.2692307692307692, 0.3076923076923077]
 mean: 0.3921245421245421, std: 0.10299556030844376
F1 (Intime): [0.6255417956656346, 0.4326797385620915, 0.2836996336996337, 0.23109243697478993, 0.2664565826330532, 0.4992260061919505, 0.52200311942959, 0.4369047619047619, 0.29199660633484165, 0.34194139194139195, 0.55, 0.4363636363636364, 0.303030303030303, 0.25747863247863245, 0.3305361305361305]
 mean: 0.38726338504976277, std: 0.11800683435857906
--------------------------------------------------
Subject Number: 2
Accuracy Cross: [0.2898550724637681, 0.21739130434782608, 0.2753623188405797, 0.2898550724637681, 0.2608695652173913, 0.29411764705882354, 0.2647058823529412, 0.27941176470588236, 0.23529411764705882, 0.23529411764705882, 0.2753623188405797, 0.42028985507246375, 0.30434782608695654, 0.21739130434782608, 0.21739130434782608]
 mean: 0.2717959647627167, std: 0.04902927284451064
F1 Score: [0.28423621522572046, 0.22139953542392565, 0.2723755858836504, 0.26954580745341616, 0.2667462664663113, 0.2757503224255142, 0.2581415112665113, 0.22918620079610794, 0.23735042735042733, 0.23972940331635983, 0.27575757575757576, 0.42187069203198235, 0.2928207158694964, 0.20856227106227104, 0.21977946433481824]
 mean: 0.26488346631093923, std: 0.04893909553900514
Accuracy Intime: [0.42857142857142855, 0.35714285714285715, 0.25, 0.4230769230769231, 0.2692307692307692, 0.2857142857142857, 0.39285714285714285, 0.39285714285714285, 0.32142857142857145, 0.38461538461538464, 0.32142857142857145, 0.35714285714285715, 0.17857142857142858, 0.46153846153846156, 0.19230769230769232]
 mean: 0.33443223443223447, std: 0.0823960085723979
F1 (Intime): [0.42936507936507934, 0.3172222222222222, 0.2538992869875223, 0.3092105263157895, 0.23809523809523808, 0.27195108812755875, 0.39090909090909093, 0.3928571428571428, 0.31547619047619047, 0.39433198380566803, 0.30526315789473685, 0.3581730769230769, 0.18200916730328492, 0.46291747468218053, 0.18406593406593408]
 mean: 0.32038311066871444, std: 0.08204483090330672
--------------------------------------------------
Subject Number: 3
Accuracy Cross: [0.25, 0.20588235294117646, 0.25, 0.22058823529411764, 0.19117647058823528, 0.30434782608695654, 0.2608695652173913, 0.2753623188405797, 0.2318840579710145, 0.2463768115942029, 0.2028985507246377, 0.2753623188405797, 0.36231884057971014, 0.2753623188405797, 0.2753623188405797]
 mean: 0.2551861324239841, std: 0.0421808744921999
F1 Score: [0.23908011272141708, 0.20379211046733509, 0.2548413504968383, 0.22241019214703425, 0.18927605575202827, 0.2825436058194679, 0.24726248633100367, 0.25973553303490243, 0.22930811725919986, 0.22328658686606123, 0.20265853915147689, 0.25811688311688313, 0.35228539576365664, 0.2619873326727672, 0.24990908040351306]
 mean: 0.24509955880023898, std: 0.03793191912907008
Accuracy Intime: [0.21428571428571427, 0.32142857142857145, 0.35714285714285715, 0.4642857142857143, 0.3076923076923077, 0.32142857142857145, 0.39285714285714285, 0.39285714285714285, 0.38461538461538464, 0.3076923076923077, 0.21428571428571427, 0.6428571428571429, 0.2857142857142857, 0.38461538461538464, 0.46153846153846156]
 mean: 0.36355311355311365, std: 0.10354223540277324
F1 (Intime): [0.21587301587301586, 0.32291666666666663, 0.33760683760683763, 0.39761904761904765, 0.28924539512774805, 0.3278846153846154, 0.3680332739156269, 0.40922619047619047, 0.34707653457653453, 0.25, 0.19444444444444442, 0.623015873015873, 0.2534090909090909, 0.31036682615629985, 0.437950937950938]
 mean: 0.3389779166481953, std: 0.10155959863648899
--------------------------------------------------
Subject Number: 4
Accuracy Cross: [0.391304347826087, 0.3333333333333333, 0.4057971014492754, 0.36231884057971014, 0.34782608695652173, 0.4492753623188406, 0.43478260869565216, 0.463768115942029, 0.4057971014492754, 0.463768115942029, 0.3333333333333333, 0.42028985507246375, 0.391304347826087, 0.3333333333333333, 0.4057971014492754]
 mean: 0.3961352657004831, std: 0.044486432592159765
F1 Score: [0.38429036818489154, 0.3448758813870376, 0.3975928641251222, 0.3866397969846246, 0.35832087452777106, 0.4481020578420467, 0.4230442730117421, 0.47338020402536535, 0.4245128122308355, 0.4852233132720938, 0.3068181818181818, 0.3867183465975528, 0.3907497781721384, 0.3147967017942408, 0.37814695550351285]
 mean: 0.3935474939651438, std: 0.04990507453068564
Accuracy Intime: [0.2857142857142857, 0.5, 0.35714285714285715, 0.21428571428571427, 0.34615384615384615, 0.39285714285714285, 0.32142857142857145, 0.32142857142857145, 0.42857142857142855, 0.4230769230769231, 0.5357142857142857, 0.4642857142857143, 0.6428571428571429, 0.5, 0.4230769230769231]
 mean: 0.4104395604395605, std: 0.10534463560779166
F1 (Intime): [0.2775735294117647, 0.5229102167182662, 0.36062271062271056, 0.1919642857142857, 0.2881944444444444, 0.3992424242424243, 0.28968253968253965, 0.315967365967366, 0.38675213675213677, 0.35420168067226887, 0.5565789473684211, 0.45841877420824784, 0.6340277777777779, 0.5083333333333333, 0.43512426900584794]
 mean: 0.39863962906145567, std: 0.11678209112456582
--------------------------------------------------
Subject Number: 5
Accuracy Cross: [0.4117647058823529, 0.47058823529411764, 0.4117647058823529, 0.4117647058823529, 0.36764705882352944, 0.45588235294117646, 0.4264705882352941, 0.5, 0.4264705882352941, 0.4117647058823529, 0.4264705882352941, 0.3235294117647059, 0.4117647058823529, 0.4117647058823529, 0.4117647058823529]
 mean: 0.4186274509803922, std: 0.039043740689686024
F1 Score: [0.3945958737602995, 0.4370927318295739, 0.3901821862348178, 0.3892857142857143, 0.34659938170576465, 0.4258350345306867, 0.43068181818181817, 0.5019018609444141, 0.38841384085949304, 0.40421918767507004, 0.44670517779761476, 0.3314109077266972, 0.40823098470157293, 0.3999068322981366, 0.35791090629800304]
 mean: 0.40353149592197846, std: 0.04094773455789238
Accuracy Intime: [0.6428571428571429, 0.6428571428571429, 0.5714285714285714, 0.46153846153846156, 0.38461538461538464, 0.5714285714285714, 0.5357142857142857, 0.5357142857142857, 0.5, 0.34615384615384615, 0.5357142857142857, 0.75, 0.5, 0.5769230769230769, 0.4230769230769231]
 mean: 0.5318681318681319, std: 0.10079984435576814
F1 (Intime): [0.6307692307692307, 0.6178571428571429, 0.558974358974359, 0.40236928104575165, 0.3640635680109364, 0.5926470588235294, 0.5344377844377844, 0.5583333333333333, 0.47582972582972577, 0.3310897435897436, 0.5405982905982907, 0.7588881706528766, 0.5307692307692309, 0.5230383651436283, 0.365546218487395]
 mean: 0.5190141002215306, std: 0.11182427703809811
--------------------------------------------------
Subject Number: 6
Accuracy Cross: [0.27941176470588236, 0.36764705882352944, 0.38235294117647056, 0.3088235294117647, 0.3382352941176471, 0.2753623188405797, 0.4492753623188406, 0.37681159420289856, 0.3188405797101449, 0.36231884057971014, 0.30434782608695654, 0.2898550724637681, 0.4057971014492754, 0.37681159420289856, 0.21739130434782608]
 mean: 0.3368854788292129, std: 0.05772438189142319
F1 Score: [0.289918194212998, 0.36341959264325885, 0.36454877459257934, 0.27952928297755886, 0.3575036075036075, 0.26169514216498785, 0.3933302808302809, 0.32726190476190475, 0.31362365471408027, 0.3461962444160587, 0.32608695652173914, 0.2934782608695652, 0.4287868993751347, 0.387621402477056, 0.19947522940141682]
 mean: 0.3288316951641485, std: 0.05649750829926013
Accuracy Intime: [0.35714285714285715, 0.4642857142857143, 0.39285714285714285, 0.42857142857142855, 0.46153846153846156, 0.35714285714285715, 0.42857142857142855, 0.4642857142857143, 0.46153846153846156, 0.34615384615384615, 0.42857142857142855, 0.32142857142857145, 0.32142857142857145, 0.5769230769230769, 0.34615384615384615]
 mean: 0.41043956043956037, std: 0.06822780672920364
F1 (Intime): [0.35446428571428573, 0.488034188034188, 0.38244047619047616, 0.3760233918128655, 0.46303418803418805, 0.36715686274509807, 0.3982905982905983, 0.43839285714285714, 0.45535714285714285, 0.31666666666666665, 0.3526570048309179, 0.33279220779220775, 0.3366951246208212, 0.53125, 0.3182194616977225]
 mean: 0.39409829709533567, std: 0.06398042783202328
--------------------------------------------------
Subject Number: 7
Accuracy Cross: [0.5735294117647058, 0.4264705882352941, 0.4117647058823529, 0.5, 0.45588235294117646, 0.3235294117647059, 0.38235294117647056, 0.4411764705882353, 0.3382352941176471, 0.38235294117647056, 0.4264705882352941, 0.36764705882352944, 0.4411764705882353, 0.45588235294117646, 0.3235294117647059]
 mean: 0.4166666666666667, std: 0.06547375630221175
F1 Score: [0.5730422850958565, 0.38941318814277076, 0.3786354414512359, 0.4720551378446115, 0.4558249386711206, 0.29062896547118144, 0.37319054058404977, 0.44415608790608796, 0.3385959735064594, 0.3642901813633521, 0.4384675107501194, 0.33807876905702994, 0.41174242424242424, 0.45934953186005073, 0.30002733159532424]
 mean: 0.40183322050277837, std: 0.07184012978854504
Accuracy Intime: [0.4642857142857143, 0.2857142857142857, 0.42857142857142855, 0.4230769230769231, 0.3076923076923077, 0.5, 0.42857142857142855, 0.6071428571428571, 0.46153846153846156, 0.5384615384615384, 0.5714285714285714, 0.6071428571428571, 0.6071428571428571, 0.34615384615384615, 0.38461538461538464]
 mean: 0.46410256410256406, std: 0.10342456949759303
F1 (Intime): [0.40321356275303644, 0.27060439560439564, 0.36626180836707156, 0.3404761904761905, 0.2909090909090909, 0.4613095238095238, 0.43162393162393164, 0.6132478632478632, 0.4253593628593629, 0.5194444444444444, 0.5597123464770524, 0.6040521978021979, 0.5908088235294118, 0.32444291819291815, 0.256578947368421]
 mean: 0.43053636049766086, std: 0.11953358003007535
--------------------------------------------------
Subject Number: 8
Accuracy Cross: [0.20588235294117646, 0.22058823529411764, 0.19117647058823528, 0.2647058823529412, 0.3235294117647059, 0.2647058823529412, 0.27941176470588236, 0.25, 0.2647058823529412, 0.3235294117647059, 0.3235294117647059, 0.3088235294117647, 0.3235294117647059, 0.3235294117647059, 0.29411764705882354]
 mean: 0.2774509803921569, std: 0.04391018760109548
F1 Score: [0.2143374741200828, 0.20857237243791865, 0.1938631421390042, 0.2746059069505077, 0.3156580687830688, 0.24695413282369805, 0.2867287784679089, 0.2313567390880602, 0.25724085365853655, 0.3219032429558745, 0.3277207306485006, 0.30567477776780105, 0.3252913752913753, 0.33860679053440657, 0.2902622902622902]
 mean: 0.2759184450619356, std: 0.04632415782820891
Accuracy Intime: [0.32142857142857145, 0.2857142857142857, 0.32142857142857145, 0.23076923076923078, 0.34615384615384615, 0.32142857142857145, 0.2857142857142857, 0.2857142857142857, 0.23076923076923078, 0.23076923076923078, 0.39285714285714285, 0.35714285714285715, 0.42857142857142855, 0.3076923076923077, 0.38461538461538464]
 mean: 0.31538461538461543, std: 0.05807218385090836
F1 (Intime): [0.31321770334928234, 0.273202614379085, 0.28417634996582364, 0.1826441102756892, 0.33593073593073597, 0.3130952380952381, 0.28197767145135566, 0.2814587373410903, 0.20170454545454547, 0.22483766233766234, 0.4083333333333333, 0.3769230769230769, 0.40723039215686274, 0.26825396825396824, 0.3903700466200466]
 mean: 0.3028904123911864, std: 0.06858519080603247
--------------------------------------------------
Subject Number: 9
Accuracy Cross: [0.3382352941176471, 0.4117647058823529, 0.35294117647058826, 0.38235294117647056, 0.4411764705882353, 0.27941176470588236, 0.25, 0.3235294117647059, 0.3382352941176471, 0.38235294117647056, 0.25, 0.36764705882352944, 0.35294117647058826, 0.25, 0.36764705882352944]
 mean: 0.33921568627450976, std: 0.05719981233652871
F1 Score: [0.34748566093103905, 0.41808943089430894, 0.38237060590001765, 0.39786917172642916, 0.4740682074543403, 0.28262945527322597, 0.28785236849752976, 0.3261926328502415, 0.3326777389277389, 0.3973396758280479, 0.24958147001490655, 0.35133411174537277, 0.3677751563494739, 0.2567204301075269, 0.3923806746581406]
 mean: 0.35095778607722267, std: 0.0609747476296222
Accuracy Intime: [0.5357142857142857, 0.2857142857142857, 0.35714285714285715, 0.38461538461538464, 0.3076923076923077, 0.5, 0.5, 0.5, 0.46153846153846156, 0.23076923076923078, 0.5357142857142857, 0.5, 0.5357142857142857, 0.3076923076923077, 0.4230769230769231]
 mean: 0.42435897435897435, std: 0.10049522480785003
F1 (Intime): [0.5476270053475936, 0.30416666666666664, 0.34145658263305323, 0.34409888357256774, 0.25588235294117645, 0.49321266968325794, 0.5136135794030531, 0.5075202575202575, 0.49299719887955185, 0.2044279250161603, 0.5388888888888889, 0.4914529914529915, 0.5075757575757576, 0.3005729564553094, 0.35427350427350424]
 mean: 0.413184481353986, std: 0.11163918058042584
--------------------------------------------------
Subject Number: 10
Accuracy Cross: [0.29411764705882354, 0.29411764705882354, 0.3382352941176471, 0.20588235294117646, 0.23529411764705882, 0.23529411764705882, 0.25, 0.27941176470588236, 0.20588235294117646, 0.25, 0.2318840579710145, 0.3188405797101449, 0.2753623188405797, 0.3188405797101449, 0.15942028985507245]
 mean: 0.25950554134697357, std: 0.047726548627506964
F1 Score: [0.28149957083146737, 0.289933110367893, 0.33280480295566506, 0.1752913752913753, 0.2297061803444782, 0.21922948807854137, 0.2346103896103896, 0.27095786522323256, 0.2021146146146146, 0.2446111122581711, 0.2378127374981, 0.31791795665634676, 0.24613603756358415, 0.3127979038505354, 0.15898617511520738]
 mean: 0.2502939546839735, std: 0.04925023287199913
Accuracy Intime: [0.25, 0.42857142857142855, 0.25, 0.3076923076923077, 0.2692307692307692, 0.5357142857142857, 0.35714285714285715, 0.2857142857142857, 0.34615384615384615, 0.3076923076923077, 0.25, 0.5, 0.2857142857142857, 0.3076923076923077, 0.46153846153846156]
 mean: 0.34285714285714286, std: 0.09131023971067766
F1 (Intime): [0.2238095238095238, 0.42841880341880345, 0.2174089068825911, 0.22205882352941175, 0.25757575757575757, 0.5341346153846154, 0.3630952380952381, 0.3194444444444444, 0.35183982683982684, 0.26838235294117646, 0.2083961789844143, 0.4807692307692307, 0.24917582417582415, 0.29851190476190476, 0.41858974358974355]
 mean: 0.32277407834683375, std: 0.0999317101171933
--------------------------------------------------
Subject Number: 11
Accuracy Cross: [0.3188405797101449, 0.3188405797101449, 0.30434782608695654, 0.34782608695652173, 0.3188405797101449, 0.3333333333333333, 0.3333333333333333, 0.36231884057971014, 0.37681159420289856, 0.3188405797101449, 0.3188405797101449, 0.2608695652173913, 0.37681159420289856, 0.36231884057971014, 0.2898550724637681]
 mean: 0.3294685990338165, std: 0.031068473798673484
F1 Score: [0.30094422485726835, 0.2845395380892338, 0.3180980985571044, 0.351107940238375, 0.3012684729064039, 0.31072351421188626, 0.32179191792771267, 0.32760982466171146, 0.3714472624798712, 0.28654170888213437, 0.30885813296825537, 0.2525925925925926, 0.351151527467317, 0.33053531834019634, 0.2818010052052605]
 mean: 0.3132674052923549, std: 0.029871687777057877
Accuracy Intime: [0.2857142857142857, 0.32142857142857145, 0.25, 0.6071428571428571, 0.5, 0.35714285714285715, 0.35714285714285715, 0.42857142857142855, 0.4642857142857143, 0.34615384615384615, 0.21428571428571427, 0.2857142857142857, 0.4642857142857143, 0.42857142857142855, 0.4230769230769231]
 mean: 0.3822344322344323, std: 0.10147677166546577
F1 (Intime): [0.27310924369747897, 0.25, 0.25036630036630036, 0.6106227106227106, 0.4727606951871658, 0.3328003266083761, 0.34833916083916083, 0.3912280701754386, 0.44880952380952377, 0.2899159663865546, 0.22916666666666666, 0.2664557664557664, 0.46825396825396826, 0.3576388888888889, 0.39779411764705885]
 mean: 0.35915076037367055, std: 0.10355549899445947
--------------------------------------------------
Subject Number: 12
Accuracy Cross: [0.3088235294117647, 0.4264705882352941, 0.3382352941176471, 0.38235294117647056, 0.39705882352941174, 0.3333333333333333, 0.2898550724637681, 0.42028985507246375, 0.36231884057971014, 0.36231884057971014, 0.3382352941176471, 0.3235294117647059, 0.47058823529411764, 0.38235294117647056, 0.4411764705882353]
 mean: 0.3717959647627167, std: 0.0501310225197115
F1 Score: [0.30757785442942864, 0.43452205882352946, 0.32966921854687276, 0.35772111120408334, 0.37294690603514136, 0.33925838938116076, 0.3076673390794058, 0.408623252078285, 0.36889952153110045, 0.35463506028022157, 0.30196886446886445, 0.3264208909370199, 0.459315663024103, 0.3949096225412015, 0.4332665645497034]
 mean: 0.36649348779400814, std: 0.048544466059397585
Accuracy Intime: [0.35714285714285715, 0.39285714285714285, 0.25, 0.38461538461538464, 0.23076923076923078, 0.39285714285714285, 0.39285714285714285, 0.2857142857142857, 0.3076923076923077, 0.4230769230769231, 0.35714285714285715, 0.39285714285714285, 0.35714285714285715, 0.23076923076923078, 0.2692307692307692]
 mean: 0.33498168498168496, std: 0.06404864294165977
F1 (Intime): [0.3615869424692954, 0.37003968253968256, 0.24545454545454548, 0.3321428571428572, 0.22965686274509806, 0.3951465201465202, 0.3960084033613446, 0.24705882352941178, 0.31666666666666665, 0.3794642857142857, 0.3587092731829573, 0.4000484809308339, 0.35238095238095235, 0.17023809523809524, 0.25274725274725274]
 mean: 0.32048997628331993, std: 0.07037720109250767
--------------------------------------------------
Subject Number: 13
Accuracy Cross: [0.29411764705882354, 0.27941176470588236, 0.2647058823529412, 0.3382352941176471, 0.25, 0.30434782608695654, 0.21739130434782608, 0.2463768115942029, 0.3333333333333333, 0.30434782608695654, 0.23529411764705882, 0.2647058823529412, 0.3088235294117647, 0.27941176470588236, 0.29411764705882354]
 mean: 0.2809747087240693, std: 0.03371852478140053
F1 Score: [0.2939895470383275, 0.26220013191451175, 0.24633431085043989, 0.36664211301694205, 0.2583766458766459, 0.26870748299319724, 0.17716425744972944, 0.24954004329004328, 0.31865942028985506, 0.289433301924889, 0.19724209898628503, 0.24395281018027573, 0.2753488033601564, 0.29327615379076966, 0.29362778677294804]
 mean: 0.26896632718233443, std: 0.04437728537394752
Accuracy Intime: [0.32142857142857145, 0.32142857142857145, 0.32142857142857145, 0.38461538461538464, 0.3076923076923077, 0.2857142857142857, 0.35714285714285715, 0.39285714285714285, 0.34615384615384615, 0.34615384615384615, 0.39285714285714285, 0.42857142857142855, 0.25, 0.38461538461538464, 0.34615384615384615]
 mean: 0.3457875457875458, std: 0.04505122233644985
F1 (Intime): [0.3176282051282051, 0.2875457875457875, 0.3302521008403362, 0.3936868686868687, 0.33099906629318393, 0.2857142857142857, 0.3225511695906432, 0.35625, 0.24269005847953215, 0.3380952380952381, 0.3671016483516484, 0.4316239316239316, 0.2473901098901099, 0.3159090909090909, 0.3416666666666666]
 mean: 0.3272736151877018, std: 0.048413736465531036
--------------------------------------------------
Subject Number: 14
Accuracy Cross: [0.3235294117647059, 0.4117647058823529, 0.27941176470588236, 0.29411764705882354, 0.29411764705882354, 0.3235294117647059, 0.3382352941176471, 0.29411764705882354, 0.3088235294117647, 0.25, 0.29411764705882354, 0.27941176470588236, 0.3382352941176471, 0.4117647058823529, 0.3088235294117647]
 mean: 0.3166666666666666, std: 0.04358060935469189
F1 Score: [0.3617688309545417, 0.41876459777156644, 0.2763838031579967, 0.2957868268872031, 0.2647082708645677, 0.3054267161410018, 0.34076054664289956, 0.2893627450980392, 0.3078123176433028, 0.24443627183901784, 0.3038953488372093, 0.2634535005224661, 0.33246468443836863, 0.40632959579180505, 0.23100282485875706]
 mean: 0.3094904587632496, std: 0.05279780285346063
Accuracy Intime: [0.32142857142857145, 0.35714285714285715, 0.42857142857142855, 0.38461538461538464, 0.3076923076923077, 0.35714285714285715, 0.32142857142857145, 0.39285714285714285, 0.4230769230769231, 0.34615384615384615, 0.2857142857142857, 0.32142857142857145, 0.35714285714285715, 0.2692307692307692, 0.23076923076923078]
 mean: 0.34029304029304025, std: 0.05317540922555711
F1 (Intime): [0.27380952380952384, 0.3547619047619048, 0.4038011695906432, 0.3260233918128655, 0.31039136302294196, 0.3416666666666667, 0.29387279387279386, 0.38698308270676685, 0.4632352941176471, 0.256578947368421, 0.2393640350877193, 0.3225371120107962, 0.33558327637275004, 0.32812177502579976, 0.26767900142513146]
 mean: 0.32696062251015806, std: 0.05744487898009083
--------------------------------------------------
Subject Number: 15
Accuracy Cross: [0.27941176470588236, 0.3088235294117647, 0.4411764705882353, 0.36764705882352944, 0.4411764705882353, 0.4264705882352941, 0.4852941176470588, 0.4264705882352941, 0.47058823529411764, 0.4411764705882353, 0.4411764705882353, 0.36764705882352944, 0.4264705882352941, 0.36764705882352944, 0.38235294117647056]
 mean: 0.4049019607843138, std: 0.05602836102835116
F1 Score: [0.311038961038961, 0.2769276985222683, 0.4653884822294735, 0.394693733856859, 0.4642417755468615, 0.42412890462762587, 0.47672039736611727, 0.44666064471423417, 0.4661680911680912, 0.4622090087360501, 0.43084680025856503, 0.37067345577983873, 0.42193196541022626, 0.3885353535353535, 0.39210678210678207]
 mean: 0.4128181369931539, std: 0.05680788896332962
Accuracy Intime: [0.6071428571428571, 0.4642857142857143, 0.5714285714285714, 0.4230769230769231, 0.46153846153846156, 0.39285714285714285, 0.32142857142857145, 0.5714285714285714, 0.5384615384615384, 0.19230769230769232, 0.39285714285714285, 0.6071428571428571, 0.7142857142857143, 0.5384615384615384, 0.6153846153846154]
 mean: 0.49413919413919416, std: 0.12987995514290737
F1 (Intime): [0.6023809523809524, 0.43962703962703964, 0.5731394830659536, 0.4733187134502924, 0.4643711551606288, 0.3475274725274725, 0.32871148459383753, 0.5892816742081448, 0.5120879120879122, 0.19791666666666666, 0.40192307692307694, 0.6224933155080214, 0.7131410256410257, 0.5852941176470589, 0.6260798025503909]
 mean: 0.49848625946923164, std: 0.13331825824448995
--------------------------------------------------
Subject Number: 16
Accuracy Cross: [0.4117647058823529, 0.4411764705882353, 0.4411764705882353, 0.29411764705882354, 0.47058823529411764, 0.27941176470588236, 0.3382352941176471, 0.23529411764705882, 0.27941176470588236, 0.29411764705882354, 0.36764705882352944, 0.4117647058823529, 0.3382352941176471, 0.29411764705882354, 0.4852941176470588]
 mean: 0.35882352941176465, std: 0.07703412266887526
F1 Score: [0.36963961963961967, 0.42720959595959596, 0.4046665075359749, 0.2836617036270673, 0.4482916912584432, 0.23720600578995152, 0.31527777777777777, 0.22060244387610115, 0.2515351718844235, 0.2763220551378446, 0.26554541595925296, 0.3812186379928315, 0.32439828472860344, 0.28932330827067665, 0.43327886710239655]
 mean: 0.32854513910270405, std: 0.07378712154728453
Accuracy Intime: [0.5714285714285714, 0.42857142857142855, 0.6071428571428571, 0.38461538461538464, 0.5, 0.39285714285714285, 0.35714285714285715, 0.5714285714285714, 0.4230769230769231, 0.34615384615384615, 0.6071428571428571, 0.42857142857142855, 0.4642857142857143, 0.4230769230769231, 0.4230769230769231]
 mean: 0.46190476190476193, std: 0.08543833354045696
F1 (Intime): [0.5243131868131868, 0.4245476745476745, 0.5940842245989305, 0.31666666666666665, 0.47467948717948716, 0.349025974025974, 0.345734126984127, 0.5594017094017094, 0.3380952380952381, 0.3614209320091673, 0.5472027972027972, 0.40350877192982454, 0.4292207792207792, 0.4179924242424242, 0.37896825396825395]
 mean: 0.43099081645908277, std: 0.08618334276163792
--------------------------------------------------
Subject Number: 17
Accuracy Cross: [0.3333333333333333, 0.391304347826087, 0.4057971014492754, 0.30434782608695654, 0.4492753623188406, 0.3188405797101449, 0.34782608695652173, 0.30434782608695654, 0.34782608695652173, 0.34782608695652173, 0.4117647058823529, 0.45588235294117646, 0.36764705882352944, 0.3088235294117647, 0.4264705882352941]
 mean: 0.36808752486501845, std: 0.05038472960104708
F1 Score: [0.3012568073368457, 0.3701820796230207, 0.39906343997812416, 0.24904936333507766, 0.4375, 0.24304401993355482, 0.261452581032413, 0.25422964190136355, 0.2844187062937063, 0.29257977260223733, 0.38523535851122054, 0.4378074942791762, 0.37157287157287155, 0.28101432880844646, 0.40046444800855385]
 mean: 0.33125806088110743, std: 0.06857684204044402
Accuracy Intime: [0.2857142857142857, 0.35714285714285715, 0.35714285714285715, 0.34615384615384615, 0.38461538461538464, 0.42857142857142855, 0.4642857142857143, 0.35714285714285715, 0.38461538461538464, 0.46153846153846156, 0.39285714285714285, 0.5357142857142857, 0.25, 0.4642857142857143, 0.5]
 mean: 0.397985347985348, std: 0.07559600075493376
F1 (Intime): [0.2423611111111111, 0.3405637254901961, 0.33836098541980897, 0.21794871794871795, 0.3583333333333333, 0.435460372960373, 0.4561688311688311, 0.30980392156862746, 0.3287581699346405, 0.4095238095238095, 0.3852564102564103, 0.5081699346405228, 0.2196969696969697, 0.44487734487734487, 0.5053884711779448]
 mean: 0.3667114739405761, std: 0.09154261500157075
--------------------------------------------------
Subject Number: 18
Accuracy Cross: [0.4057971014492754, 0.34782608695652173, 0.4927536231884058, 0.30434782608695654, 0.21739130434782608, 0.38235294117647056, 0.38235294117647056, 0.29411764705882354, 0.3088235294117647, 0.29411764705882354, 0.4264705882352941, 0.3382352941176471, 0.3088235294117647, 0.3382352941176471, 0.3235294117647059]
 mean: 0.3443449843705597, std: 0.06389653188413147
F1 Score: [0.3953571428571429, 0.3530748663101604, 0.4847184065934066, 0.2981528389031291, 0.2164795457478384, 0.3874755857678059, 0.3577693449925755, 0.3005255255255255, 0.32251602564102566, 0.31461718635631675, 0.41689981910586615, 0.3516081871345029, 0.3205745341614907, 0.3125706029682024, 0.3271300857507754]
 mean: 0.34396464652105097, std: 0.05965069029721534
Accuracy Intime: [0.5357142857142857, 0.32142857142857145, 0.5, 0.2692307692307692, 0.23076923076923078, 0.5, 0.39285714285714285, 0.5714285714285714, 0.34615384615384615, 0.2692307692307692, 0.39285714285714285, 0.32142857142857145, 0.4642857142857143, 0.3076923076923077, 0.23076923076923078]
 mean: 0.37692307692307686, std: 0.10933099521044373
F1 (Intime): [0.5371345029239766, 0.2975708502024291, 0.4990842490842491, 0.24617224880382774, 0.21666666666666667, 0.515909090909091, 0.3909090909090909, 0.5661364950838634, 0.35060160427807485, 0.2403846153846154, 0.39547294810452704, 0.3398989898989899, 0.40824175824175823, 0.3483495670995671, 0.2007177033492823]
 mean: 0.37021669206266733, std: 0.11494973404900329
--------------------------------------------------
Subject Number: 19
Accuracy Cross: [0.22058823529411764, 0.3235294117647059, 0.27941176470588236, 0.3088235294117647, 0.2647058823529412, 0.38235294117647056, 0.4117647058823529, 0.4411764705882353, 0.4411764705882353, 0.35294117647058826, 0.29411764705882354, 0.3235294117647059, 0.45588235294117646, 0.3088235294117647, 0.29411764705882354]
 mean: 0.3401960784313725, std: 0.06894882734320487
F1 Score: [0.18959623323013416, 0.27534651791751186, 0.2730611586994566, 0.2729121110176619, 0.2521280465278391, 0.3793577562927408, 0.41266907012961535, 0.4050171731663841, 0.4188866351138157, 0.3174242424242424, 0.2761049028490889, 0.32241315594974135, 0.4515476190476191, 0.3297979797979798, 0.30968901675545835]
 mean: 0.3257301079279526, std: 0.07122612178495734
Accuracy Intime: [0.39285714285714285, 0.25, 0.32142857142857145, 0.38461538461538464, 0.5769230769230769, 0.5357142857142857, 0.39285714285714285, 0.32142857142857145, 0.46153846153846156, 0.4230769230769231, 0.35714285714285715, 0.4642857142857143, 0.5, 0.46153846153846156, 0.34615384615384615]
 mean: 0.41263736263736267, std: 0.08543440734492525
F1 (Intime): [0.3955186540325859, 0.2222222222222222, 0.3392453951277481, 0.28724747474747475, 0.5909945317840054, 0.5493055555555556, 0.3781067251461988, 0.2833333333333333, 0.44845513963161016, 0.3561507936507936, 0.34561403508771926, 0.44146825396825395, 0.46388888888888885, 0.38648504273504275, 0.23863636363636365]
 mean: 0.38177816063651976, std: 0.10170578482110636
--------------------------------------------------
Subject Number: 20
Accuracy Cross: [0.4264705882352941, 0.39705882352941174, 0.3088235294117647, 0.38235294117647056, 0.39705882352941174, 0.3235294117647059, 0.3382352941176471, 0.36764705882352944, 0.3235294117647059, 0.3382352941176471, 0.43478260869565216, 0.34782608695652173, 0.36231884057971014, 0.5507246376811594, 0.34782608695652173]
 mean: 0.37642796248934357, std: 0.05897557066984103
F1 Score: [0.40904516866781016, 0.40844970632204675, 0.31314699792960665, 0.3885642646041627, 0.4165352207617122, 0.30495042591816784, 0.34301839464882944, 0.41219764682118865, 0.31685162663423533, 0.3406478217798973, 0.43016771712423885, 0.3467708761826409, 0.37197544806240457, 0.5402778285653921, 0.33876069484054966]
 mean: 0.3787573225908589, std: 0.05896634322209472
Accuracy Intime: [0.4642857142857143, 0.5714285714285714, 0.5357142857142857, 0.3076923076923077, 0.2692307692307692, 0.5, 0.6071428571428571, 0.6428571428571429, 0.5769230769230769, 0.38461538461538464, 0.5357142857142857, 0.5, 0.42857142857142855, 0.5769230769230769, 0.3076923076923077]
 mean: 0.4805860805860806, std: 0.11332305656752933
F1 (Intime): [0.4674618859401468, 0.5816960816960817, 0.5430549842314548, 0.27840909090909094, 0.22253787878787878, 0.4899122807017544, 0.5913419913419913, 0.6598214285714286, 0.5773809523809523, 0.32936507936507936, 0.4985431235431236, 0.5068181818181818, 0.43154068154068154, 0.5745614035087719, 0.2551470588235294]
 mean: 0.4671728068773432, std: 0.13136459527337302
--------------------------------------------------
Subject Number: 21
Accuracy Cross: [0.3088235294117647, 0.38235294117647056, 0.2647058823529412, 0.3235294117647059, 0.35294117647058826, 0.2647058823529412, 0.27941176470588236, 0.35294117647058826, 0.3088235294117647, 0.3088235294117647, 0.38235294117647056, 0.2647058823529412, 0.3235294117647059, 0.35294117647058826, 0.3382352941176471]
 mean: 0.32058823529411756, std: 0.03879678223021447
F1 Score: [0.3060931174089069, 0.33629339176565565, 0.2620329304163986, 0.2770532741398446, 0.3391051698978529, 0.24368497921581844, 0.2467948717948718, 0.32814973632065086, 0.306952458738173, 0.24675324675324678, 0.3640408805031446, 0.23321787190495027, 0.2984162895927602, 0.35949729838913297, 0.3057045042072265]
 mean: 0.2969193347365756, std: 0.042050316792202905
Accuracy Intime: [0.42857142857142855, 0.5714285714285714, 0.35714285714285715, 0.34615384615384615, 0.46153846153846156, 0.4642857142857143, 0.5, 0.39285714285714285, 0.38461538461538464, 0.34615384615384615, 0.39285714285714285, 0.42857142857142855, 0.2857142857142857, 0.46153846153846156, 0.34615384615384615]
 mean: 0.4111721611721612, std: 0.07061146232979627
F1 (Intime): [0.4076388888888889, 0.5612720612720613, 0.3493320405085111, 0.2517482517482518, 0.4611111111111111, 0.42120726495726496, 0.477551247771836, 0.3137254901960785, 0.2921626984126984, 0.32417582417582413, 0.30025641025641026, 0.4475371120107962, 0.21346153846153845, 0.4351503759398496, 0.2722277722277722]
 mean: 0.36857053919592614, std: 0.0950025017325756
--------------------------------------------------
Subject Number: 22
Accuracy Cross: [0.3235294117647059, 0.47058823529411764, 0.3235294117647059, 0.2647058823529412, 0.25, 0.3333333333333333, 0.391304347826087, 0.2898550724637681, 0.2463768115942029, 0.30434782608695654, 0.27941176470588236, 0.22058823529411764, 0.27941176470588236, 0.29411764705882354, 0.25]
 mean: 0.30140664961636826, std: 0.06113212635443653
F1 Score: [0.33617424242424243, 0.45133954096218243, 0.3447802197802198, 0.2786357786357786, 0.2521244705115673, 0.3232118758434548, 0.3606952163016236, 0.28424825214638705, 0.24166471232020012, 0.28612839761120723, 0.2777156148321413, 0.23744588744588743, 0.2681887743999545, 0.3061827956989247, 0.2526156707742386]
 mean: 0.30007676331253397, std: 0.05461209885679495
Accuracy Intime: [0.5, 0.5714285714285714, 0.32142857142857145, 0.23076923076923078, 0.3076923076923077, 0.25, 0.42857142857142855, 0.21428571428571427, 0.15384615384615385, 0.23076923076923078, 0.21428571428571427, 0.39285714285714285, 0.17857142857142858, 0.3076923076923077, 0.2692307692307692]
 mean: 0.30476190476190473, std: 0.11630310631019943
F1 (Intime): [0.5137254901960784, 0.5495614035087719, 0.29444444444444445, 0.18571428571428572, 0.2941724941724942, 0.23958333333333331, 0.4281475748194014, 0.19886363636363635, 0.15378787878787878, 0.2008726567550097, 0.1719298245614035, 0.4047008547008547, 0.18389154704944177, 0.32361111111111107, 0.2672375933245498]
 mean: 0.2940162752561797, std: 0.12234636026290951
--------------------------------------------------
Subject Number: 23
Accuracy Cross: [0.2898550724637681, 0.3333333333333333, 0.4057971014492754, 0.34782608695652173, 0.42028985507246375, 0.4264705882352941, 0.45588235294117646, 0.38235294117647056, 0.35294117647058826, 0.2647058823529412, 0.34782608695652173, 0.3188405797101449, 0.4057971014492754, 0.391304347826087, 0.30434782608695654]
 mean: 0.36317135549872126, std: 0.053304172785231946
F1 Score: [0.2677005012531328, 0.3389285714285714, 0.41299149564385673, 0.3590634104571387, 0.43388521416471726, 0.4144535108729482, 0.45701970443349754, 0.3790106951871658, 0.3473118279569892, 0.2617502738139014, 0.3268659501418122, 0.31870864984072533, 0.3944098240469208, 0.38903620944945483, 0.2977532201405152]
 mean: 0.35992593725542316, std: 0.05685606019707445
Accuracy Intime: [0.32142857142857145, 0.5357142857142857, 0.39285714285714285, 0.4230769230769231, 0.4230769230769231, 0.39285714285714285, 0.35714285714285715, 0.39285714285714285, 0.42857142857142855, 0.38461538461538464, 0.42857142857142855, 0.4642857142857143, 0.5, 0.4230769230769231, 0.4230769230769231]
 mean: 0.4194139194139195, std: 0.051029598388702004
F1 (Intime): [0.2813852813852814, 0.5160115082715702, 0.38492063492063494, 0.39264705882352935, 0.3611111111111111, 0.39924242424242423, 0.39841269841269844, 0.42424242424242425, 0.4, 0.3072002923976608, 0.3945335710041592, 0.4617049617049617, 0.5227591036414566, 0.3780806182121972, 0.38831168831168833]
 mean: 0.4007042251121199, std: 0.06220466923204389
--------------------------------------------------
Subject Number: 24
Accuracy Cross: [0.3088235294117647, 0.3235294117647059, 0.3088235294117647, 0.2647058823529412, 0.3088235294117647, 0.29411764705882354, 0.3235294117647059, 0.2647058823529412, 0.3088235294117647, 0.36764705882352944, 0.23529411764705882, 0.2647058823529412, 0.25, 0.23529411764705882, 0.27941176470588236]
 mean: 0.2892156862745098, std: 0.035888245524947314
F1 Score: [0.3024973680394889, 0.30541485368851096, 0.3008658008658009, 0.2641963727329581, 0.3159300377042312, 0.2955837173579109, 0.3297950759251069, 0.24884873305925936, 0.30380539001228657, 0.3576635846372689, 0.24811846689895473, 0.26318634980874067, 0.2572362278244631, 0.2366166353971232, 0.25341080876795163]
 mean: 0.2855446281813371, std: 0.034024070580530884
Accuracy Intime: [0.21428571428571427, 0.25, 0.21428571428571427, 0.5, 0.3076923076923077, 0.35714285714285715, 0.2857142857142857, 0.35714285714285715, 0.34615384615384615, 0.2692307692307692, 0.42857142857142855, 0.35714285714285715, 0.35714285714285715, 0.46153846153846156, 0.23076923076923078]
 mean: 0.3291208791208791, std: 0.08496786865077403
F1 (Intime): [0.2294642857142857, 0.2405448717948718, 0.2040777849601379, 0.47718253968253965, 0.3088023088023088, 0.32136752136752134, 0.2589285714285714, 0.3259803921568627, 0.3299847211611917, 0.2397865292602135, 0.4177655677655677, 0.31932773109243695, 0.32735042735042735, 0.44134615384615383, 0.2269230769230769]
 mean: 0.31125549888707776, std: 0.0795548352777789
--------------------------------------------------
Subject Number: 25
Accuracy Cross: [0.3188405797101449, 0.36231884057971014, 0.36231884057971014, 0.2898550724637681, 0.2898550724637681, 0.27941176470588236, 0.38235294117647056, 0.4411764705882353, 0.3088235294117647, 0.36764705882352944, 0.35294117647058826, 0.4117647058823529, 0.4411764705882353, 0.25, 0.35294117647058826]
 mean: 0.3474282466609832, std: 0.055919491363902674
F1 Score: [0.3083251607279067, 0.31110161998531377, 0.3522349518094199, 0.22091183916238602, 0.2620293466223699, 0.24650415721844293, 0.3546350507416081, 0.42024587612822906, 0.28486394557823125, 0.34633699633699633, 0.3487206410610666, 0.36493055555555554, 0.44471853257432004, 0.2413543512521673, 0.30365472025891815]
 mean: 0.3207045163341954, std: 0.06210500782396017
Accuracy Intime: [0.4642857142857143, 0.4642857142857143, 0.4642857142857143, 0.38461538461538464, 0.38461538461538464, 0.39285714285714285, 0.5, 0.5714285714285714, 0.5769230769230769, 0.38461538461538464, 0.32142857142857145, 0.5, 0.32142857142857145, 0.46153846153846156, 0.46153846153846156]
 mean: 0.4435897435897436, std: 0.07539605917759092
F1 (Intime): [0.3956876456876457, 0.43852813852813854, 0.44551282051282054, 0.3528138528138528, 0.380176686059039, 0.3348861283643892, 0.46181318681318684, 0.5822649572649573, 0.48947368421052634, 0.37222222222222223, 0.2972222222222222, 0.4843434343434343, 0.2738095238095238, 0.3666666666666667, 0.40101010101010093]
 mean: 0.4050954180352484, std: 0.07770717598331785
--------------------------------------------------
Subject Number: 26
Accuracy Cross: [0.463768115942029, 0.4057971014492754, 0.391304347826087, 0.37681159420289856, 0.4927536231884058, 0.4117647058823529, 0.36764705882352944, 0.29411764705882354, 0.3382352941176471, 0.39705882352941174, 0.39705882352941174, 0.4264705882352941, 0.47058823529411764, 0.47058823529411764, 0.4852941176470588]
 mean: 0.4126172208013641, std: 0.05483196537451582
F1 Score: [0.46762740183792817, 0.41102462539916484, 0.39372469635627527, 0.36024220701640053, 0.5130775958174759, 0.42008100537512305, 0.3617241379310345, 0.2609006846811725, 0.3522076999134841, 0.4033604094803605, 0.4047979743328933, 0.43975561238988353, 0.48003108003107997, 0.4951127819548872, 0.5136704892335615]
 mean: 0.41848922678338163, std: 0.06706318817750366
Accuracy Intime: [0.39285714285714285, 0.5357142857142857, 0.35714285714285715, 0.4230769230769231, 0.34615384615384615, 0.6071428571428571, 0.5357142857142857, 0.35714285714285715, 0.7307692307692307, 0.34615384615384615, 0.42857142857142855, 0.5, 0.35714285714285715, 0.5, 0.3076923076923077]
 mean: 0.4483516483516483, std: 0.11410947244769111
F1 (Intime): [0.371408371040724, 0.5381118881118881, 0.32240896358543414, 0.365, 0.304144385026738, 0.6164529914529915, 0.5399881164587046, 0.35277777777777775, 0.7408008658008658, 0.3553321678321678, 0.4323593073593074, 0.4946581196581197, 0.3521241830065359, 0.4810399159663865, 0.31228070175438594]
 mean: 0.43859251698880175, std: 0.12311668790864533
--------------------------------------------------
Subject Number: 27
Accuracy Cross: [0.3333333333333333, 0.391304347826087, 0.4057971014492754, 0.30434782608695654, 0.4492753623188406, 0.3188405797101449, 0.34782608695652173, 0.30434782608695654, 0.34782608695652173, 0.34782608695652173, 0.4117647058823529, 0.45588235294117646, 0.36764705882352944, 0.3088235294117647, 0.4264705882352941]
 mean: 0.36808752486501845, std: 0.05038472960104708
F1 Score: [0.3012568073368457, 0.3701820796230207, 0.39906343997812416, 0.24904936333507766, 0.4375, 0.24304401993355482, 0.261452581032413, 0.25422964190136355, 0.2844187062937063, 0.29257977260223733, 0.38523535851122054, 0.4378074942791762, 0.37157287157287155, 0.28101432880844646, 0.40046444800855385]
 mean: 0.33125806088110743, std: 0.06857684204044402
Accuracy Intime: [0.2857142857142857, 0.35714285714285715, 0.35714285714285715, 0.34615384615384615, 0.38461538461538464, 0.42857142857142855, 0.4642857142857143, 0.35714285714285715, 0.38461538461538464, 0.46153846153846156, 0.39285714285714285, 0.5357142857142857, 0.25, 0.4642857142857143, 0.5]
 mean: 0.397985347985348, std: 0.07559600075493376
F1 (Intime): [0.2423611111111111, 0.3405637254901961, 0.33836098541980897, 0.21794871794871795, 0.3583333333333333, 0.435460372960373, 0.4561688311688311, 0.30980392156862746, 0.3287581699346405, 0.4095238095238095, 0.3852564102564103, 0.5081699346405228, 0.2196969696969697, 0.44487734487734487, 0.5053884711779448]
 mean: 0.3667114739405761, std: 0.09154261500157075
--------------------------------------------------
Subject Number: 28
Accuracy Cross: [0.2647058823529412, 0.29411764705882354, 0.25, 0.27941176470588236, 0.1323529411764706, 0.22058823529411764, 0.29411764705882354, 0.3235294117647059, 0.2647058823529412, 0.23529411764705882, 0.23529411764705882, 0.4264705882352941, 0.36764705882352944, 0.35294117647058826, 0.3088235294117647]
 mean: 0.2833333333333333, std: 0.06738368736250817
F1 Score: [0.2593055066596256, 0.29319327731092437, 0.22574063363537047, 0.20218623481781375, 0.09937137330754352, 0.17429675856929955, 0.2653439153439153, 0.2968540080609046, 0.2308219087880105, 0.19182604735883424, 0.19903381642512075, 0.4095560871876661, 0.3372596153846154, 0.3380974033862024, 0.2858133870127873]
 mean: 0.2539133315499089, std: 0.07479465505677968
Accuracy Intime: [0.42857142857142855, 0.42857142857142855, 0.4642857142857143, 0.4230769230769231, 0.38461538461538464, 0.2857142857142857, 0.39285714285714285, 0.32142857142857145, 0.2692307692307692, 0.5, 0.21428571428571427, 0.42857142857142855, 0.32142857142857145, 0.2692307692307692, 0.2692307692307692]
 mean: 0.36007326007326, std: 0.08354218485068678
F1 (Intime): [0.43237807943690293, 0.43888464476699773, 0.4512462082121525, 0.33011363636363633, 0.3451797385620915, 0.28192307692307694, 0.3685897435897436, 0.30238095238095236, 0.22894736842105262, 0.4465093729799612, 0.1984126984126984, 0.39545454545454545, 0.27529761904761907, 0.2089598997493734, 0.2650058275058275]
 mean: 0.3312855607871088, std: 0.08526807946819685
--------------------------------------------------
Subject Number: 29
Accuracy Cross: [0.47058823529411764, 0.4411764705882353, 0.47058823529411764, 0.4411764705882353, 0.4852941176470588, 0.4117647058823529, 0.47058823529411764, 0.5, 0.5, 0.4411764705882353, 0.4927536231884058, 0.4492753623188406, 0.463768115942029, 0.5217391304347826, 0.43478260869565216]
 mean: 0.4663114521170788, std: 0.029003311260838834
F1 Score: [0.49965156794425086, 0.4373076923076923, 0.49825797872340427, 0.45831390831390834, 0.5060042938091718, 0.41666666666666663, 0.4737750172532781, 0.5131062951496388, 0.5293241551939925, 0.4612053046835656, 0.4996291572184429, 0.4680481874447392, 0.4855962643678161, 0.5396859451119086, 0.45907738095238093]
 mean: 0.4830433210093904, std: 0.032702080335453736
Accuracy Intime: [0.5357142857142857, 0.5714285714285714, 0.5714285714285714, 0.5769230769230769, 0.34615384615384615, 0.5357142857142857, 0.5714285714285714, 0.42857142857142855, 0.5384615384615384, 0.46153846153846156, 0.42857142857142855, 0.39285714285714285, 0.25, 0.5, 0.46153846153846156]
 mean: 0.47802197802197804, std: 0.09267109697368343
F1 (Intime): [0.530952380952381, 0.5445616883116884, 0.5782967032967032, 0.5958333333333333, 0.34682115270350566, 0.5167437825332561, 0.582760989010989, 0.4259803921568627, 0.5746228315887758, 0.46720354808590103, 0.41789044289044286, 0.36250000000000004, 0.25681818181818183, 0.5683489304812834, 0.45169172932330826]
 mean: 0.48140173909910744, std: 0.09918912192968127
--------------------------------------------------
**************************************************
accuracy_cross_list: [0.3727763569195794, 0.2717959647627167, 0.2551861324239841, 0.3961352657004831, 0.4186274509803922, 0.3368854788292129, 0.4166666666666667, 0.2774509803921569, 0.33921568627450976, 0.25950554134697357, 0.3294685990338165, 0.3717959647627167, 0.2809747087240693, 0.3166666666666666, 0.4049019607843138, 0.35882352941176465, 0.36808752486501845, 0.3443449843705597, 0.3401960784313725, 0.37642796248934357, 0.32058823529411756, 0.30140664961636826, 0.36317135549872126, 0.2892156862745098, 0.3474282466609832, 0.4126172208013641, 0.36808752486501845, 0.2833333333333333, 0.4663114521170788]
f1_score_list: [0.3749015573390835, 0.26488346631093923, 0.24509955880023898, 0.3935474939651438, 0.40353149592197846, 0.3288316951641485, 0.40183322050277837, 0.2759184450619356, 0.35095778607722267, 0.2502939546839735, 0.3132674052923549, 0.36649348779400814, 0.26896632718233443, 0.3094904587632496, 0.4128181369931539, 0.32854513910270405, 0.33125806088110743, 0.34396464652105097, 0.3257301079279526, 0.3787573225908589, 0.2969193347365756, 0.30007676331253397, 0.35992593725542316, 0.2855446281813371, 0.3207045163341954, 0.41848922678338163, 0.33125806088110743, 0.2539133315499089, 0.4830433210093904]
accuracy_intime_list: [0.3921245421245421, 0.33443223443223447, 0.36355311355311365, 0.4104395604395605, 0.5318681318681319, 0.41043956043956037, 0.46410256410256406, 0.31538461538461543, 0.42435897435897435, 0.34285714285714286, 0.3822344322344323, 0.33498168498168496, 0.3457875457875458, 0.34029304029304025, 0.49413919413919416, 0.46190476190476193, 0.397985347985348, 0.37692307692307686, 0.41263736263736267, 0.4805860805860806, 0.4111721611721612, 0.30476190476190473, 0.4194139194139195, 0.3291208791208791, 0.4435897435897436, 0.4483516483516483, 0.397985347985348, 0.36007326007326, 0.47802197802197804]
f1_score_intime_list: [0.38726338504976277, 0.32038311066871444, 0.3389779166481953, 0.39863962906145567, 0.5190141002215306, 0.39409829709533567, 0.43053636049766086, 0.3028904123911864, 0.413184481353986, 0.32277407834683375, 0.35915076037367055, 0.32048997628331993, 0.3272736151877018, 0.32696062251015806, 0.49848625946923164, 0.43099081645908277, 0.3667114739405761, 0.37021669206266733, 0.38177816063651976, 0.4671728068773432, 0.36857053919592614, 0.2940162752561797, 0.4007042251121199, 0.31125549888707776, 0.4050954180352484, 0.43859251698880175, 0.3667114739405761, 0.3312855607871088, 0.48140173909910744]
**************************************************
ACC: 34.44±5.26
F1: 33.51±5.70
Intime: 40.03±5.75
F1 (Intime): 38.19±5.92
