1e-06
Subject Number: 1
Accuracy Cross: [0.6904761904761905, 0.6190476190476191, 0.6904761904761905, 0.6785714285714286, 0.6547619047619048, 0.7619047619047619, 0.6904761904761905, 0.7619047619047619, 0.7619047619047619, 0.7023809523809523, 0.6547619047619048, 0.6428571428571429, 0.6904761904761905, 0.6904761904761905, 0.6309523809523809]
 mean: 0.6880952380952381, std: 0.04394561333303848
F1 Score: [0.6840277777777777, 0.6081632653061224, 0.6888888888888889, 0.6763236763236764, 0.654320987654321, 0.7569444444444444, 0.6860264519838988, 0.7613636363636364, 0.7606837606837606, 0.701322713696487, 0.6212097651998134, 0.5982142857142857, 0.6788235294117647, 0.6755793226381461, 0.5884305357989568]
 mean: 0.6760215361257321, std: 0.054026955339292144
Accuracy Intime: [0.7352941176470589, 0.8823529411764706, 0.7941176470588235, 0.7941176470588235, 0.75, 0.6764705882352942, 0.7647058823529411, 0.6470588235294118, 0.6470588235294118, 0.875, 0.6764705882352942, 0.8235294117647058, 0.7647058823529411, 0.7352941176470589, 0.90625]
 mean: 0.7648284313725491, std: 0.0801787204355881
F1 (Intime): [0.7350649350649351, 0.8819444444444444, 0.7925021795989537, 0.7850045167118338, 0.7490196078431373, 0.652093023255814, 0.7614035087719297, 0.6458333333333333, 0.6263736263736264, 0.8745098039215686, 0.6761904761904762, 0.8229166666666667, 0.7638888888888888, 0.7350649350649351, 0.906158357771261]
 mean: 0.7605312202601202, std: 0.08403184494616153
--------------------------------------------------
Subject Number: 2
Accuracy Cross: [0.6547619047619048, 0.6904761904761905, 0.7142857142857143, 0.7380952380952381, 0.6666666666666666, 0.5952380952380952, 0.6428571428571429, 0.6071428571428571, 0.6190476190476191, 0.5952380952380952, 0.7261904761904762, 0.7261904761904762, 0.75, 0.8214285714285714, 0.7261904761904762]
 mean: 0.6849206349206349, std: 0.06386793504358955
F1 Score: [0.6149834044570887, 0.6576802507836991, 0.703529411764706, 0.7223557692307692, 0.6541176470588235, 0.5159322033898305, 0.5906432748538011, 0.5354449472096531, 0.5543766578249337, 0.5159322033898305, 0.7171717171717171, 0.71449682281661, 0.7365197908887229, 0.8155467720685112, 0.7171717171717171]
 mean: 0.6510601726720274, std: 0.08914392070408274
Accuracy Intime: [0.7352941176470589, 0.6764705882352942, 0.6470588235294118, 0.7058823529411765, 0.65625, 0.6176470588235294, 0.6764705882352942, 0.7352941176470589, 0.7058823529411765, 0.59375, 0.6470588235294118, 0.7647058823529411, 0.6764705882352942, 0.8235294117647058, 0.625]
 mean: 0.6857843137254902, std: 0.05879467225181206
F1 (Intime): [0.7294429708222812, 0.652093023255814, 0.6357142857142857, 0.6640316205533596, 0.6532019704433498, 0.5888372093023255, 0.6621499548328816, 0.7153488372093023, 0.678030303030303, 0.5588547189819725, 0.6263736263736264, 0.7571428571428571, 0.6386473429951691, 0.8178571428571428, 0.6]
 mean: 0.6651817242343114, std: 0.06499454097627393
--------------------------------------------------
Subject Number: 3
Accuracy Cross: [0.6309523809523809, 0.6309523809523809, 0.6071428571428571, 0.5714285714285714, 0.6071428571428571, 0.7738095238095238, 0.7142857142857143, 0.6428571428571429, 0.6666666666666666, 0.6428571428571429, 0.6309523809523809, 0.6785714285714286, 0.7261904761904762, 0.6785714285714286, 0.7023809523809523]
 mean: 0.6603174603174604, std: 0.05122583988287279
F1 Score: [0.5810136765888978, 0.5810136765888978, 0.5452009844134537, 0.49867374005305043, 0.561877667140825, 0.7711827956989248, 0.7141236528644356, 0.6377228292121909, 0.664957264957265, 0.6426545660805445, 0.6245133381398702, 0.6473332296687918, 0.71449682281661, 0.6763236763236764, 0.6863330843913369]
 mean: 0.6364947336625846, std: 0.07046768817587037
Accuracy Intime: [0.7941176470588235, 0.7647058823529411, 0.8235294117647058, 0.7352941176470589, 0.625, 0.6470588235294118, 0.6470588235294118, 0.5294117647058824, 0.6470588235294118, 0.75, 0.6470588235294118, 0.7058823529411765, 0.7647058823529411, 0.5882352941176471, 0.6875]
 mean: 0.6904411764705883, std: 0.07894516149609643
F1 (Intime): [0.7895667550839964, 0.7638888888888888, 0.8131868131868132, 0.7294429708222812, 0.6235294117647059, 0.6421052631578947, 0.6458333333333333, 0.5142857142857142, 0.6421052631578947, 0.7490196078431373, 0.6357142857142857, 0.7048611111111112, 0.7638888888888888, 0.5641025641025641, 0.6761133603238867]
 mean: 0.683842948777693, std: 0.08226835691147727
--------------------------------------------------
Subject Number: 4
Accuracy Cross: [0.7142857142857143, 0.6190476190476191, 0.5595238095238095, 0.5952380952380952, 0.5476190476190477, 0.5714285714285714, 0.6190476190476191, 0.7023809523809523, 0.6071428571428571, 0.6428571428571429, 0.5595238095238095, 0.5238095238095238, 0.5357142857142857, 0.5714285714285714, 0.5476190476190477]
 mean: 0.5944444444444444, std: 0.05540796722446686
F1 Score: [0.7136363636363636, 0.6188315371525808, 0.5564435564435564, 0.5931623931623932, 0.5381944444444444, 0.5456730769230769, 0.5786833855799374, 0.6989247311827957, 0.5903650066499188, 0.6377228292121909, 0.4534904167399332, 0.41666666666666663, 0.43817527010804325, 0.4874576271186441, 0.44583333333333336]
 mean: 0.5542173758902585, std: 0.08944096090930102
Accuracy Intime: [0.6764705882352942, 0.7647058823529411, 0.7352941176470589, 0.6176470588235294, 0.65625, 0.6470588235294118, 0.6176470588235294, 0.7352941176470589, 0.7058823529411765, 0.59375, 0.6176470588235294, 0.5588235294117647, 0.5882352941176471, 0.6176470588235294, 0.59375]
 mean: 0.648406862745098, std: 0.060102017429025045
F1 (Intime): [0.6621499548328816, 0.7638888888888888, 0.7332170880557978, 0.6007226738934056, 0.6476476476476476, 0.6263736263736264, 0.6007226738934056, 0.7235772357723578, 0.6964285714285714, 0.5835835835835836, 0.6007226738934056, 0.5255813953488373, 0.5296442687747036, 0.5252416756176155, 0.539313399778516]
 mean: 0.6239210238522163, std: 0.07635540117734502
--------------------------------------------------
Subject Number: 5
Accuracy Cross: [0.75, 0.7261904761904762, 0.75, 0.6309523809523809, 0.5833333333333334, 0.5595238095238095, 0.5833333333333334, 0.6428571428571429, 0.7142857142857143, 0.5833333333333334, 0.6428571428571429, 0.6428571428571429, 0.6309523809523809, 0.6785714285714286, 0.7261904761904762]
 mean: 0.6563492063492065, std: 0.06237105620440793
F1 Score: [0.7482517482517483, 0.7039987743220468, 0.7417654808959157, 0.6296401649836438, 0.5176374077112387, 0.4999195494770716, 0.5072900955253896, 0.6326530612244898, 0.6888888888888889, 0.5072900955253896, 0.5982142857142857, 0.5982142857142857, 0.595086300730835, 0.6473332296687918, 0.7114264376400299]
 mean: 0.6218406537516034, std: 0.08337038446722746
Accuracy Intime: [0.6176470588235294, 0.6764705882352942, 0.7647058823529411, 0.6176470588235294, 0.625, 0.6470588235294118, 0.6764705882352942, 0.8529411764705882, 0.7352941176470589, 0.75, 0.7058823529411765, 0.6176470588235294, 0.5882352941176471, 0.7352941176470589, 0.71875]
 mean: 0.6886029411764706, std: 0.06994253799858828
F1 (Intime): [0.6007226738934056, 0.6621499548328816, 0.7424242424242424, 0.5888372093023255, 0.625, 0.6263736263736264, 0.6739319965126417, 0.85178727114211, 0.7043478260869566, 0.7333333333333334, 0.6964285714285714, 0.5729468599033817, 0.5041666666666667, 0.7153488372093023, 0.718475073313783]
 mean: 0.6677516094948819, std: 0.08198530543201334
--------------------------------------------------
Subject Number: 6
Accuracy Cross: [0.5476190476190477, 0.5, 0.5952380952380952, 0.5238095238095238, 0.5714285714285714, 0.5952380952380952, 0.6071428571428571, 0.6071428571428571, 0.5714285714285714, 0.6785714285714286, 0.5238095238095238, 0.6666666666666666, 0.6071428571428571, 0.5833333333333334, 0.6071428571428571]
 mean: 0.5857142857142857, std: 0.04765871363810294
F1 Score: [0.5381944444444444, 0.4954233409610984, 0.5952380952380952, 0.5235394214407261, 0.5714285714285714, 0.5915331807780321, 0.6043956043956044, 0.6057459820793628, 0.5552941176470588, 0.6763236763236764, 0.5194508009153318, 0.6618746405980449, 0.6070871722182849, 0.5828011919965943, 0.5903650066499188]
 mean: 0.5812463498076562, std: 0.04821437172164028
Accuracy Intime: [0.6176470588235294, 0.6764705882352942, 0.5588235294117647, 0.7352941176470589, 0.65625, 0.5882352941176471, 0.4117647058823529, 0.47058823529411764, 0.6176470588235294, 0.625, 0.4117647058823529, 0.5882352941176471, 0.6764705882352942, 0.5882352941176471, 0.65625]
 mean: 0.5919117647058824, std: 0.09176704292524289
F1 (Intime): [0.6146469049694856, 0.6739319965126417, 0.5584415584415584, 0.7350649350649351, 0.6559139784946236, 0.5868055555555556, 0.4117647058823529, 0.4631578947368421, 0.6146469049694856, 0.6190476190476191, 0.39285714285714285, 0.5868055555555556, 0.6761904761904762, 0.5882352941176471, 0.6267232237539766]
 mean: 0.5869489164099932, std: 0.09340629276428283
--------------------------------------------------
Subject Number: 7
Accuracy Cross: [0.5952380952380952, 0.5238095238095238, 0.5833333333333334, 0.6547619047619048, 0.5833333333333334, 0.4880952380952381, 0.5833333333333334, 0.5595238095238095, 0.5714285714285714, 0.6190476190476191, 0.5952380952380952, 0.5357142857142857, 0.6190476190476191, 0.6428571428571429, 0.5595238095238095]
 mean: 0.5809523809523809, std: 0.042857142857142864
F1 Score: [0.5894192064404831, 0.4951923076923077, 0.5828011919965943, 0.653534347887925, 0.5608663181478716, 0.4712340799297321, 0.5555555555555556, 0.5301587301587302, 0.5456730769230769, 0.5714285714285714, 0.5654290931223371, 0.5340634333665197, 0.5909920876445527, 0.6354166666666667, 0.5238241152137275]
 mean: 0.5603725854783101, std: 0.04627262530238058
Accuracy Intime: [0.6764705882352942, 0.5294117647058824, 0.7058823529411765, 0.7352941176470589, 0.65625, 0.38235294117647056, 0.5882352941176471, 0.5882352941176471, 0.5588235294117647, 0.65625, 0.47058823529411764, 0.5588235294117647, 0.5882352941176471, 0.6176470588235294, 0.5625]
 mean: 0.5916666666666667, std: 0.08766376036205083
F1 (Intime): [0.6761904761904762, 0.5018315018315018, 0.7048611111111112, 0.7332170880557978, 0.6389743589743591, 0.37750653879686136, 0.5868055555555556, 0.575, 0.5255813953488373, 0.6267232237539766, 0.43956043956043955, 0.5584415584415584, 0.5868055555555556, 0.5888372093023255, 0.49090909090909085]
 mean: 0.5740830068924964, std: 0.09375518045192133
--------------------------------------------------
Subject Number: 8
Accuracy Cross: [0.6904761904761905, 0.8214285714285714, 0.7142857142857143, 0.8214285714285714, 0.7619047619047619, 0.7976190476190477, 0.7380952380952381, 0.7976190476190477, 0.75, 0.7619047619047619, 0.5833333333333334, 0.7142857142857143, 0.75, 0.7142857142857143, 0.7976190476190477]
 mean: 0.7476190476190474, std: 0.05915760366217214
F1 Score: [0.6755793226381461, 0.8207936282178923, 0.703529411764706, 0.8214032600992204, 0.7551020408163265, 0.7952688172043011, 0.71880706025563, 0.7952688172043011, 0.7438652533759256, 0.7529411764705882, 0.5072900955253896, 0.7005347593582887, 0.7393231860499483, 0.6932440657334145, 0.79408795962509]
 mean: 0.7344692569559446, std: 0.0757045971261564
Accuracy Intime: [0.6470588235294118, 0.8529411764705882, 0.6470588235294118, 0.9117647058823529, 0.84375, 0.8529411764705882, 0.6764705882352942, 0.7647058823529411, 0.6764705882352942, 0.65625, 0.5882352941176471, 0.7058823529411765, 0.7941176470588235, 0.6764705882352942, 0.78125]
 mean: 0.7383578431372548, std: 0.09365664004505511
F1 (Intime): [0.6357142857142857, 0.85178727114211, 0.6357142857142857, 0.9098143236074271, 0.8398398398398399, 0.8528138528138528, 0.6621499548328816, 0.7571428571428571, 0.652093023255814, 0.6267232237539766, 0.5296442687747036, 0.6964285714285714, 0.7850045167118338, 0.6621499548328816, 0.7810361681329423]
 mean: 0.7252037598465508, std: 0.10498480046979118
--------------------------------------------------
Subject Number: 9
Accuracy Cross: [0.7619047619047619, 0.7619047619047619, 0.8095238095238095, 0.7380952380952381, 0.75, 0.5714285714285714, 0.6547619047619048, 0.6190476190476191, 0.6428571428571429, 0.5714285714285714, 0.6309523809523809, 0.7023809523809523, 0.6547619047619048, 0.7261904761904762, 0.7023809523809523]
 mean: 0.6865079365079365, std: 0.0699133826842706
F1 Score: [0.7613636363636364, 0.7619047619047619, 0.8094157685762904, 0.7379466817923993, 0.7491110795050491, 0.5591836734693878, 0.6523476523476524, 0.6111111111111112, 0.6294117647058823, 0.5652673950546291, 0.5884305357989568, 0.6734566941377702, 0.6361463778939507, 0.71449682281661, 0.6734566941377702]
 mean: 0.6748700433077239, std: 0.07537891333255935
Accuracy Intime: [0.7941176470588235, 0.7941176470588235, 0.8529411764705882, 0.7058823529411765, 0.71875, 0.7352941176470589, 0.7058823529411765, 0.6470588235294118, 0.9117647058823529, 0.71875, 0.7058823529411765, 0.6764705882352942, 0.7352941176470589, 0.6764705882352942, 0.84375]
 mean: 0.7481617647058824, std: 0.0725858577644767
F1 (Intime): [0.7895667550839964, 0.7895667550839964, 0.85178727114211, 0.7048611111111112, 0.7117117117117118, 0.7294429708222812, 0.7048611111111112, 0.6263736263736264, 0.9110723626852659, 0.716256157635468, 0.6964285714285714, 0.652093023255814, 0.7235772357723578, 0.652093023255814, 0.8398398398398399]
 mean: 0.7399687684208716, std: 0.07794151069542932
--------------------------------------------------
Subject Number: 10
Accuracy Cross: [0.5714285714285714, 0.5357142857142857, 0.5238095238095238, 0.6190476190476191, 0.6071428571428571, 0.5357142857142857, 0.5119047619047619, 0.5357142857142857, 0.6071428571428571, 0.6785714285714286, 0.5952380952380952, 0.5476190476190477, 0.6428571428571429, 0.5833333333333334, 0.5952380952380952]
 mean: 0.5793650793650793, std: 0.04614108524999566
F1 Score: [0.5704545454545455, 0.5351213282247764, 0.5227272727272727, 0.6155606407322655, 0.6066411238825031, 0.5047619047619047, 0.5118355776045358, 0.5158859169499039, 0.5859596713965647, 0.6774285307922059, 0.595008508224617, 0.5258467023172906, 0.6428571428571429, 0.5696091348265262, 0.5943181818181817]
 mean: 0.5716010788380158, std: 0.05011254257902212
Accuracy Intime: [0.7647058823529411, 0.5, 0.6176470588235294, 0.7058823529411765, 0.53125, 0.8529411764705882, 0.5, 0.5882352941176471, 0.47058823529411764, 0.71875, 0.6176470588235294, 0.4117647058823529, 0.5294117647058824, 0.4411764705882353, 0.625]
 mean: 0.5916666666666667, std: 0.12216889575802155
F1 (Intime): [0.7638888888888888, 0.47786811201445345, 0.6146469049694856, 0.7017543859649122, 0.5270935960591133, 0.8528138528138528, 0.48894783377541995, 0.5868055555555556, 0.43956043956043955, 0.718475073313783, 0.6091954022988506, 0.4117647058823529, 0.5228070175438597, 0.4406926406926407, 0.6190476190476191]
 mean: 0.5850241352254153, std: 0.12588662885068655
--------------------------------------------------
Subject Number: 11
Accuracy Cross: [0.6547619047619048, 0.47619047619047616, 0.5238095238095238, 0.5714285714285714, 0.6071428571428571, 0.5833333333333334, 0.6547619047619048, 0.6071428571428571, 0.6666666666666666, 0.6666666666666666, 0.6071428571428571, 0.5595238095238095, 0.6666666666666666, 0.6071428571428571, 0.6428571428571429]
 mean: 0.6063492063492063, std: 0.054548699293458985
F1 Score: [0.6400177331165953, 0.4509803921568627, 0.5169637722829212, 0.5652673950546291, 0.5975025410193118, 0.5353247984826932, 0.6267810632756243, 0.5903650066499188, 0.6466346153846154, 0.6597222222222223, 0.5809523809523809, 0.5450153711023277, 0.6597222222222223, 0.5975025410193118, 0.6395881006864989]
 mean: 0.590156010375209, std: 0.05757493559938531
Accuracy Intime: [0.7058823529411765, 0.7058823529411765, 0.6764705882352942, 0.7941176470588235, 0.6875, 0.7058823529411765, 0.7058823529411765, 0.5882352941176471, 0.6176470588235294, 0.625, 0.47058823529411764, 0.5882352941176471, 0.7647058823529411, 0.6176470588235294, 0.71875]
 mean: 0.664828431372549, std: 0.0785241868105856
F1 (Intime): [0.7048611111111112, 0.6886446886446886, 0.6761904761904762, 0.793939393939394, 0.6862745098039216, 0.6964285714285714, 0.6964285714285714, 0.5641025641025641, 0.5521783181357649, 0.5844155844155844, 0.4631578947368421, 0.575, 0.7614035087719297, 0.6146469049694856, 0.718475073313783]
 mean: 0.6517431447328458, std: 0.08626404714785589
--------------------------------------------------
Subject Number: 12
Accuracy Cross: [0.6904761904761905, 0.6190476190476191, 0.7023809523809523, 0.8095238095238095, 0.6547619047619048, 0.7380952380952381, 0.7023809523809523, 0.7380952380952381, 0.6785714285714286, 0.7738095238095238, 0.6666666666666666, 0.7142857142857143, 0.7261904761904762, 0.7738095238095238, 0.6785714285714286]
 mean: 0.711111111111111, std: 0.04869162428627927
F1 Score: [0.690300623936472, 0.6155606407322655, 0.6989247311827957, 0.8094157685762904, 0.6547129695251594, 0.7306122448979592, 0.6971881759192502, 0.7282352941176471, 0.6729632299927901, 0.7698630136986302, 0.6421180766889836, 0.6932440657334145, 0.7079365079365079, 0.7698630136986302, 0.6648440963499335]
 mean: 0.7030521635324487, std: 0.05035740987514892
Accuracy Intime: [0.6764705882352942, 0.6176470588235294, 0.7058823529411765, 0.7647058823529411, 0.65625, 0.9411764705882353, 0.8529411764705882, 0.9117647058823529, 0.7352941176470589, 0.8125, 0.7352941176470589, 0.8235294117647058, 0.8235294117647058, 0.5882352941176471, 0.75]
 mean: 0.7596813725490197, std: 0.0990294658750393
F1 (Intime): [0.6693191865605659, 0.6173160173160173, 0.7058823529411765, 0.7638888888888888, 0.6559139784946236, 0.9411764705882353, 0.8528138528138528, 0.9110723626852659, 0.7235772357723578, 0.8117647058823529, 0.7350649350649351, 0.8210526315789474, 0.8235294117647058, 0.5868055555555556, 0.7490196078431373]
 mean: 0.7578798129167078, std: 0.09968700420256942
--------------------------------------------------
Subject Number: 13
Accuracy Cross: [0.6547619047619048, 0.6547619047619048, 0.6904761904761905, 0.7380952380952381, 0.5952380952380952, 0.5952380952380952, 0.6547619047619048, 0.7261904761904762, 0.6785714285714286, 0.6547619047619048, 0.75, 0.6666666666666666, 0.75, 0.7738095238095238, 0.6309523809523809]
 mean: 0.680952380952381, std: 0.05397992404168874
F1 Score: [0.6487382840663303, 0.6547129695251594, 0.6788235294117647, 0.7367521367521368, 0.5915331807780321, 0.5952380952380952, 0.6547129695251594, 0.725216896600768, 0.6763236763236764, 0.653534347887925, 0.7470967741935484, 0.6636155606407322, 0.7456380677721701, 0.7663592446201142, 0.6218963264120807]
 mean: 0.6773461373165129, std: 0.05357544111510295
Accuracy Intime: [0.8235294117647058, 0.8235294117647058, 0.6764705882352942, 0.8529411764705882, 0.65625, 0.7058823529411765, 0.8823529411764706, 0.7352941176470589, 0.6176470588235294, 0.75, 0.8235294117647058, 0.6470588235294118, 0.8235294117647058, 0.7647058823529411, 0.6875]
 mean: 0.7513480392156863, std: 0.08095603447238055
F1 (Intime): [0.8210526315789474, 0.8229166666666667, 0.6621499548328816, 0.8528138528138528, 0.6267232237539766, 0.7017543859649122, 0.8819444444444444, 0.7332170880557978, 0.6146469049694856, 0.7490196078431373, 0.8235294117647058, 0.6458333333333333, 0.8235294117647058, 0.7571428571428571, 0.6825396825396826]
 mean: 0.7465875638312924, std: 0.08496350183229638
--------------------------------------------------
Subject Number: 14
Accuracy Cross: [0.5952380952380952, 0.7023809523809523, 0.6547619047619048, 0.7142857142857143, 0.7023809523809523, 0.75, 0.5952380952380952, 0.6309523809523809, 0.6785714285714286, 0.7023809523809523, 0.7023809523809523, 0.6666666666666666, 0.6309523809523809, 0.7142857142857143, 0.75]
 mean: 0.6793650793650793, std: 0.0477115503656798
F1 Score: [0.5523510971786834, 0.6950776825903877, 0.6267810632756243, 0.7136363636363636, 0.6971881759192502, 0.7393231860499483, 0.5360623781676412, 0.5810136765888978, 0.6612397311426438, 0.6825396825396826, 0.6925779534475187, 0.6466346153846154, 0.5884305357989568, 0.7061224489795919, 0.7491110795050491]
 mean: 0.6578726446803235, std: 0.0647793630647957
Accuracy Intime: [0.7058823529411765, 0.7058823529411765, 0.7352941176470589, 0.7058823529411765, 0.6875, 0.8529411764705882, 0.6176470588235294, 0.5588235294117647, 0.7058823529411765, 0.78125, 0.6470588235294118, 0.7058823529411765, 0.5882352941176471, 0.6176470588235294, 0.90625]
 mean: 0.7014705882352941, std: 0.09050342589117394
F1 (Intime): [0.7048611111111112, 0.7017543859649122, 0.7294429708222812, 0.7017543859649122, 0.6825396825396826, 0.85178727114211, 0.6091954022988506, 0.48328267477203646, 0.6640316205533596, 0.7757757757757757, 0.6357142857142857, 0.6964285714285714, 0.4711111111111111, 0.6007226738934056, 0.9054187192118226]
 mean: 0.6809213761536151, std: 0.11243277711724302
--------------------------------------------------
**************************************************
accuracy_cross_list: [0.6880952380952381, 0.6849206349206349, 0.6603174603174604, 0.5944444444444444, 0.6563492063492065, 0.5857142857142857, 0.5809523809523809, 0.7476190476190474, 0.6865079365079365, 0.5793650793650793, 0.6063492063492063, 0.711111111111111, 0.680952380952381, 0.6793650793650793]
f1_score_list: [0.6760215361257321, 0.6510601726720274, 0.6364947336625846, 0.5542173758902585, 0.6218406537516034, 0.5812463498076562, 0.5603725854783101, 0.7344692569559446, 0.6748700433077239, 0.5716010788380158, 0.590156010375209, 0.7030521635324487, 0.6773461373165129, 0.6578726446803235]
accuracy_intime_list: [0.7648284313725491, 0.6857843137254902, 0.6904411764705883, 0.648406862745098, 0.6886029411764706, 0.5919117647058824, 0.5916666666666667, 0.7383578431372548, 0.7481617647058824, 0.5916666666666667, 0.664828431372549, 0.7596813725490197, 0.7513480392156863, 0.7014705882352941]
f1_score_intime_list: [0.7605312202601202, 0.6651817242343114, 0.683842948777693, 0.6239210238522163, 0.6677516094948819, 0.5869489164099932, 0.5740830068924964, 0.7252037598465508, 0.7399687684208716, 0.5850241352254153, 0.6517431447328458, 0.7578798129167078, 0.7465875638312924, 0.6809213761536151]
**************************************************
ACC: 65.30±5.21
F1: 63.50±5.45
Intime: 68.69±6.05
F1 (Intime): 67.50±6.30
