1e-04
Subject Number: 1
Accuracy Cross: [0.2714285714285714, 0.3, 0.2619047619047619, 0.2714285714285714, 0.2761904761904762, 0.3, 0.3238095238095238, 0.34285714285714286, 0.3142857142857143, 0.3142857142857143, 0.2857142857142857, 0.2857142857142857, 0.3, 0.2523809523809524, 0.2761904761904762]
 mean: 0.2917460317460317, std: 0.024060057551106562
F1 Score: [0.24399243663820736, 0.25796760255539697, 0.22100775016006807, 0.22277908812940658, 0.2438899521884939, 0.3032144590477691, 0.3290793601861303, 0.34651822488754724, 0.32091670224437985, 0.32316248652123636, 0.2930944618412682, 0.292715224199832, 0.30471966626846675, 0.254971241524433, 0.27994110191783445]
 mean: 0.282531317220698, std: 0.03849182007731419
Accuracy Intime: [0.35714285714285715, 0.36904761904761907, 0.34523809523809523, 0.39285714285714285, 0.25, 0.2619047619047619, 0.2857142857142857, 0.35714285714285715, 0.27380952380952384, 0.23809523809523808, 0.30952380952380953, 0.39285714285714285, 0.32142857142857145, 0.35714285714285715, 0.32142857142857145]
 mean: 0.3222222222222222, std: 0.04907817407536605
F1 (Intime): [0.3621195498634523, 0.37368477997988825, 0.34648567119155355, 0.3968575851393189, 0.2544767674078019, 0.26571428571428574, 0.2800417972831766, 0.34750700280112046, 0.2692306127637935, 0.22832611832611832, 0.3109793458979517, 0.3691157372039725, 0.3133569283569283, 0.36669879827774554, 0.3149929328326378]
 mean: 0.319972527535983, std: 0.04938525007289441
--------------------------------------------------
Subject Number: 2
Accuracy Cross: [0.28095238095238095, 0.30952380952380953, 0.2761904761904762, 0.2619047619047619, 0.2571428571428571, 0.28095238095238095, 0.20952380952380953, 0.2714285714285714, 0.2571428571428571, 0.22380952380952382, 0.2904761904761905, 0.24761904761904763, 0.24285714285714285, 0.22857142857142856, 0.28095238095238095]
 mean: 0.26126984126984126, std: 0.026305184109036952
F1 Score: [0.2714506481173148, 0.2991635884564591, 0.2652888928667726, 0.24015310105171767, 0.24422210587402327, 0.2820672661854685, 0.21008096572022494, 0.26624227647700777, 0.2546355065756373, 0.2263992673992674, 0.2922261016789924, 0.2515520188623637, 0.24732965391449283, 0.23375378531978702, 0.28046554652230793]
 mean: 0.25766871500145583, std: 0.024232143538000274
Accuracy Intime: [0.38095238095238093, 0.23809523809523808, 0.27380952380952384, 0.32142857142857145, 0.27380952380952384, 0.3333333333333333, 0.20238095238095238, 0.27380952380952384, 0.2619047619047619, 0.25, 0.32142857142857145, 0.35714285714285715, 0.39285714285714285, 0.39285714285714285, 0.30952380952380953]
 mean: 0.3055555555555556, std: 0.05662240946583164
F1 (Intime): [0.38844574780058655, 0.24835032649788064, 0.28729900632339656, 0.3189479419997247, 0.2651046843540536, 0.33230554391844713, 0.1979896281745021, 0.2611042376525853, 0.25452458761282293, 0.23789906780984338, 0.3230195712954334, 0.365021091628502, 0.39712834535415176, 0.39170168067226896, 0.3119441410516461]
 mean: 0.305385706809723, std: 0.05967907333440958
--------------------------------------------------
Subject Number: 3
Accuracy Cross: [0.24285714285714285, 0.28095238095238095, 0.30952380952380953, 0.2761904761904762, 0.28095238095238095, 0.2761904761904762, 0.26666666666666666, 0.2714285714285714, 0.2761904761904762, 0.2714285714285714, 0.2761904761904762, 0.23333333333333334, 0.2619047619047619, 0.23809523809523808, 0.23333333333333334]
 mean: 0.26634920634920634, std: 0.020460803865805743
F1 Score: [0.22194922194922198, 0.2310327000345031, 0.26736710736710734, 0.23211109848233552, 0.23330355884255968, 0.2804885037443177, 0.263720397249809, 0.2709156620618113, 0.271863272646165, 0.26890183850124527, 0.27687719298245617, 0.23109909698144993, 0.24216148691890896, 0.234223840712525, 0.23641607023142064]
 mean: 0.25082873658038907, std: 0.020002880560095013
Accuracy Intime: [0.2619047619047619, 0.30952380952380953, 0.32142857142857145, 0.2976190476190476, 0.2619047619047619, 0.32142857142857145, 0.20238095238095238, 0.2976190476190476, 0.25, 0.2976190476190476, 0.2976190476190476, 0.2619047619047619, 0.32142857142857145, 0.36904761904761907, 0.2857142857142857]
 mean: 0.29047619047619044, std: 0.03784640957957577
F1 (Intime): [0.25165708812260534, 0.30524216524216524, 0.3260497646787969, 0.30307923798161485, 0.27006145764766454, 0.3258741258741259, 0.19598769651401232, 0.2941460359563808, 0.23673256607802745, 0.29341263399105444, 0.27453221288515406, 0.2646261928458521, 0.33377437176659674, 0.36072681704260645, 0.29543859649122806]
 mean: 0.28875606420785893, std: 0.0403072778928472
--------------------------------------------------
Subject Number: 4
Accuracy Cross: [0.21428571428571427, 0.19047619047619047, 0.19047619047619047, 0.2, 0.22857142857142856, 0.24285714285714285, 0.22380952380952382, 0.21428571428571427, 0.28095238095238095, 0.2761904761904762, 0.21904761904761905, 0.19523809523809524, 0.19523809523809524, 0.22857142857142856, 0.2]
 mean: 0.22000000000000006, std: 0.027558773859315183
F1 Score: [0.2084158031512014, 0.18950700030340722, 0.18606469045828314, 0.19824485443883508, 0.22708422291421487, 0.2409097652657953, 0.22487846838960152, 0.21889062180941776, 0.2807522864526842, 0.2748941291333663, 0.21973419763818686, 0.1925842890711041, 0.18853691467726558, 0.22757035127496344, 0.2000866910866911]
 mean: 0.21854361907100117, std: 0.0283657077438238
Accuracy Intime: [0.30952380952380953, 0.30952380952380953, 0.23809523809523808, 0.27380952380952384, 0.25, 0.25, 0.2261904761904762, 0.25, 0.30952380952380953, 0.25, 0.20238095238095238, 0.23809523809523808, 0.3333333333333333, 0.32142857142857145, 0.27380952380952384]
 mean: 0.2690476190476191, std: 0.03784640957957577
F1 (Intime): [0.3080292685737332, 0.2981818181818182, 0.23005421523448083, 0.2669837025719378, 0.25012746056389323, 0.23944333370479381, 0.205973245973246, 0.24770144797731003, 0.2985522242629623, 0.2465871108339348, 0.1983855582337556, 0.2384035027547427, 0.33800186741363214, 0.32082719082719086, 0.2786539976783879]
 mean: 0.264393729652388, std: 0.04005990265517479
--------------------------------------------------
Subject Number: 5
Accuracy Cross: [0.2761904761904762, 0.28095238095238095, 0.3523809523809524, 0.29523809523809524, 0.24285714285714285, 0.2571428571428571, 0.21904761904761905, 0.24761904761904763, 0.2571428571428571, 0.22380952380952382, 0.24761904761904763, 0.28095238095238095, 0.23809523809523808, 0.20952380952380953, 0.23333333333333334]
 mean: 0.2574603174603175, std: 0.034796315504494656
F1 Score: [0.27748953546706356, 0.2726029544840577, 0.3500944169849741, 0.28746678750104104, 0.23831407692167184, 0.2608695652173913, 0.2199814781069287, 0.25068995065628513, 0.2581960664591999, 0.22354458415688913, 0.24972604881697977, 0.2838569689396684, 0.23781956168277985, 0.2118508457724825, 0.24036409735208464]
 mean: 0.25752446256796646, std: 0.033272870894174016
Accuracy Intime: [0.2261904761904762, 0.36904761904761907, 0.39285714285714285, 0.30952380952380953, 0.32142857142857145, 0.38095238095238093, 0.2976190476190476, 0.38095238095238093, 0.2976190476190476, 0.23809523809523808, 0.2857142857142857, 0.36904761904761907, 0.38095238095238093, 0.27380952380952384, 0.30952380952380953]
 mean: 0.3222222222222222, std: 0.052429030364805534
F1 (Intime): [0.22901878351793462, 0.36599849849849847, 0.40440860215053764, 0.3154522670312144, 0.3342990615049438, 0.36913275506982757, 0.2765783723762447, 0.38294346978557503, 0.2934984984984985, 0.2384561403508772, 0.2795014563435616, 0.3607627522644208, 0.3756355658794684, 0.26592397275324103, 0.3058080191480446]
 mean: 0.319827881011526, std: 0.05346569742819945
--------------------------------------------------
Subject Number: 6
Accuracy Cross: [0.2, 0.20476190476190476, 0.19047619047619047, 0.21904761904761905, 0.20476190476190476, 0.21428571428571427, 0.17142857142857143, 0.18095238095238095, 0.18571428571428572, 0.19047619047619047, 0.23333333333333334, 0.20476190476190476, 0.2857142857142857, 0.21904761904761905, 0.24285714285714285]
 mean: 0.20984126984126983, std: 0.02757339777855043
F1 Score: [0.19561531512751024, 0.20485693348020934, 0.19130579431912387, 0.2159413804750964, 0.20017274115477127, 0.21142857142857138, 0.17122976048060048, 0.18022496783881153, 0.18274182739363537, 0.18840137163666576, 0.23224123949588735, 0.20499481984574652, 0.28303451503451504, 0.21855257620239535, 0.24218141779202695]
 mean: 0.20819488211370446, std: 0.027361323783167135
Accuracy Intime: [0.23809523809523808, 0.2857142857142857, 0.27380952380952384, 0.2619047619047619, 0.2261904761904762, 0.23809523809523808, 0.30952380952380953, 0.2976190476190476, 0.25, 0.25, 0.2619047619047619, 0.27380952380952384, 0.2619047619047619, 0.2857142857142857, 0.2857142857142857]
 mean: 0.26666666666666666, std: 0.022919887425704208
F1 (Intime): [0.23927778736127886, 0.2776780103838927, 0.278480533319243, 0.2264841722642234, 0.2205457473560922, 0.234009009009009, 0.29762215397422187, 0.30072025942993685, 0.2454248366013072, 0.2431766917293233, 0.25966251966251963, 0.2729143401456894, 0.25547372705267446, 0.2842813267813268, 0.2762430119230198]
 mean: 0.26079960846625055, std: 0.024548138560771433
--------------------------------------------------
Subject Number: 7
Accuracy Cross: [0.22380952380952382, 0.24285714285714285, 0.21904761904761905, 0.21428571428571427, 0.21904761904761905, 0.2, 0.21904761904761905, 0.20476190476190476, 0.20476190476190476, 0.19047619047619047, 0.2571428571428571, 0.23333333333333334, 0.24285714285714285, 0.21428571428571427, 0.19523809523809524]
 mean: 0.21873015873015875, std: 0.018275349796348258
F1 Score: [0.2234890005365592, 0.23735653964268852, 0.21634315885705227, 0.21220586514382375, 0.21125459535081986, 0.20080771257707034, 0.22256524678837053, 0.20885708175757983, 0.20539228561700473, 0.18999932336724226, 0.2597551674835505, 0.23326742350028457, 0.24012822066098455, 0.21216000430777063, 0.19389704671446525]
 mean: 0.21783191148701778, std: 0.0180932848943358
Accuracy Intime: [0.27380952380952384, 0.19047619047619047, 0.17857142857142858, 0.3333333333333333, 0.30952380952380953, 0.2619047619047619, 0.27380952380952384, 0.2619047619047619, 0.27380952380952384, 0.19047619047619047, 0.2619047619047619, 0.32142857142857145, 0.20238095238095238, 0.2261904761904762, 0.27380952380952384]
 mean: 0.2555555555555556, std: 0.04679175546978945
F1 (Intime): [0.2690019551008726, 0.183862483172828, 0.16580571702522923, 0.32190565070999855, 0.30509587752372136, 0.2457508636456005, 0.2702888526417938, 0.24838494838494843, 0.2803484448645739, 0.1892997198879552, 0.26988029581477635, 0.3051375024678695, 0.195293255763844, 0.22652701874869016, 0.27261651261651265]
 mean: 0.24994660655794756, std: 0.04658926713148264
--------------------------------------------------
Subject Number: 8
Accuracy Cross: [0.3476190476190476, 0.32857142857142857, 0.3047619047619048, 0.3, 0.32857142857142857, 0.319047619047619, 0.26666666666666666, 0.3380952380952381, 0.3238095238095238, 0.3047619047619048, 0.28095238095238095, 0.2619047619047619, 0.2523809523809524, 0.24761904761904763, 0.2714285714285714]
 mean: 0.2984126984126984, std: 0.03166656721152381
F1 Score: [0.3443975364878755, 0.3227196373443062, 0.301257937464834, 0.29640431169481113, 0.32182809966091697, 0.32516367925999223, 0.27872505752482046, 0.3522863858893804, 0.34033270502230945, 0.3147906642824973, 0.29556000383948494, 0.27396103896103896, 0.2674885098164633, 0.25521411493651136, 0.28753863276690755]
 mean: 0.30517788766347664, std: 0.02846885177908323
Accuracy Intime: [0.36904761904761907, 0.3333333333333333, 0.27380952380952384, 0.27380952380952384, 0.27380952380952384, 0.34523809523809523, 0.2976190476190476, 0.32142857142857145, 0.2976190476190476, 0.32142857142857145, 0.38095238095238093, 0.42857142857142855, 0.27380952380952384, 0.2619047619047619, 0.35714285714285715]
 mean: 0.3206349206349206, std: 0.04691275144803697
F1 (Intime): [0.3651446838543613, 0.32594035594035586, 0.27875241048425664, 0.2865662589074568, 0.29489874418666984, 0.3297020626432391, 0.304692053804957, 0.3243895515195326, 0.2873761205521641, 0.33539622136542696, 0.38370387959522084, 0.4285684166139574, 0.2749759793052476, 0.2601825857343684, 0.3743417369902938]
 mean: 0.32364207076650053, std: 0.045735689649444605
--------------------------------------------------
Subject Number: 9
Accuracy Cross: [0.20476190476190476, 0.23333333333333334, 0.24761904761904763, 0.21904761904761905, 0.23333333333333334, 0.23333333333333334, 0.2, 0.2, 0.2761904761904762, 0.23809523809523808, 0.20952380952380953, 0.23333333333333334, 0.2571428571428571, 0.20476190476190476, 0.24285714285714285]
 mean: 0.2288888888888889, std: 0.021680471211382696
F1 Score: [0.20200145617392132, 0.23314102447252436, 0.2470838567143388, 0.21180013370482068, 0.2341505050115486, 0.2352067977067977, 0.2013557250284319, 0.1987913159464707, 0.2701323219273343, 0.2320106354499732, 0.2115033216348417, 0.23258762514081663, 0.26115700210930665, 0.2028380505987213, 0.24858517746996864]
 mean: 0.22815632993932114, std: 0.021942520074426958
Accuracy Intime: [0.2619047619047619, 0.27380952380952384, 0.27380952380952384, 0.2976190476190476, 0.27380952380952384, 0.3333333333333333, 0.2976190476190476, 0.21428571428571427, 0.36904761904761907, 0.25, 0.2976190476190476, 0.30952380952380953, 0.2261904761904762, 0.27380952380952384, 0.2619047619047619]
 mean: 0.28095238095238095, std: 0.03784640957957576
F1 (Intime): [0.2652421652421652, 0.27334873130538767, 0.27341991341991345, 0.29226264189886486, 0.27125822115680126, 0.33875790875790873, 0.29481587356350164, 0.212987012987013, 0.3700443347502171, 0.23531303017660968, 0.29494949494949496, 0.3052439162422184, 0.23656814449917896, 0.2682755266102617, 0.26096903096903096]
 mean: 0.2795637297685712, std: 0.03833503742763118
--------------------------------------------------
Subject Number: 10
Accuracy Cross: [0.19523809523809524, 0.2571428571428571, 0.21428571428571427, 0.19523809523809524, 0.2, 0.20952380952380953, 0.24285714285714285, 0.2523809523809524, 0.2523809523809524, 0.2, 0.24285714285714285, 0.2619047619047619, 0.2523809523809524, 0.22380952380952382, 0.22380952380952382]
 mean: 0.22825396825396826, std: 0.02380740731333672
F1 Score: [0.18832498616846546, 0.24821531207756392, 0.2065097824647538, 0.1888725014284252, 0.19516354622409776, 0.2055184758982227, 0.24094842687889678, 0.2492656123615876, 0.2529463919876031, 0.20019944406751006, 0.23887977001901053, 0.26123701449689296, 0.24733432775027536, 0.22390457643622202, 0.22410189441811773]
 mean: 0.22476147084517634, std: 0.024557172211815307
Accuracy Intime: [0.36904761904761907, 0.2976190476190476, 0.3333333333333333, 0.23809523809523808, 0.3333333333333333, 0.21428571428571427, 0.2619047619047619, 0.2976190476190476, 0.21428571428571427, 0.27380952380952384, 0.32142857142857145, 0.25, 0.3333333333333333, 0.2261904761904762, 0.2261904761904762]
 mean: 0.27936507936507937, std: 0.04915511926095881
F1 (Intime): [0.3695861160328927, 0.2913193299400196, 0.33408255775428447, 0.2321778279146201, 0.3312214891842841, 0.2095161701044054, 0.25716995117948516, 0.294235082008672, 0.21285583394359228, 0.26451800749230364, 0.32181111590895073, 0.2466084453181227, 0.3335345735345735, 0.21938167096061836, 0.2116026769050285]
 mean: 0.27530805654545687, std: 0.051756384586672914
--------------------------------------------------
Subject Number: 11
Accuracy Cross: [0.22380952380952382, 0.2, 0.19047619047619047, 0.1761904761904762, 0.2, 0.24761904761904763, 0.24761904761904763, 0.2714285714285714, 0.2619047619047619, 0.2761904761904762, 0.2571428571428571, 0.2857142857142857, 0.26666666666666666, 0.2714285714285714, 0.2619047619047619]
 mean: 0.2425396825396825, std: 0.034005320230529386
F1 Score: [0.2214386878943841, 0.19856290342223845, 0.1895894300962851, 0.17337357996215275, 0.19797361483018378, 0.2483302042441827, 0.24694066801720033, 0.2720190290611438, 0.26406691407133764, 0.276006407251133, 0.2527063776526142, 0.2841838874677205, 0.26632056922117775, 0.27131787765805143, 0.2582707153868202]
 mean: 0.24140672441577504, std: 0.034561948783500766
Accuracy Intime: [0.36904761904761907, 0.2976190476190476, 0.27380952380952384, 0.2976190476190476, 0.34523809523809523, 0.19047619047619047, 0.16666666666666666, 0.2976190476190476, 0.27380952380952384, 0.27380952380952384, 0.23809523809523808, 0.3333333333333333, 0.27380952380952384, 0.2261904761904762, 0.25]
 mean: 0.27380952380952384, std: 0.052883591266532325
F1 (Intime): [0.3765666256632812, 0.2959540459540459, 0.2740810329045623, 0.2917507774156083, 0.3440781440781441, 0.16265656645361531, 0.16837982051903952, 0.2905218987673748, 0.26274296337985414, 0.25652736608345855, 0.23743954321540528, 0.33898706930964995, 0.26992537110445897, 0.22585155354165395, 0.24609487368615154]
 mean: 0.26943717680508694, std: 0.05706556033713225
--------------------------------------------------
Subject Number: 12
Accuracy Cross: [0.20476190476190476, 0.19523809523809524, 0.30952380952380953, 0.3, 0.20952380952380953, 0.2904761904761905, 0.22380952380952382, 0.2904761904761905, 0.2714285714285714, 0.3, 0.20952380952380953, 0.22857142857142856, 0.22380952380952382, 0.22380952380952382, 0.21428571428571427]
 mean: 0.24634920634920637, std: 0.04016092597045961
F1 Score: [0.2119064428113988, 0.19610673598408265, 0.30844931828913524, 0.30595205218237526, 0.21464948158074929, 0.2554919635072307, 0.19366361041129046, 0.2518835315216522, 0.25036234251659784, 0.2637266063612377, 0.21068392455910406, 0.23376744084244905, 0.228654778301906, 0.22920862047213678, 0.21940772011433402]
 mean: 0.23826097129704532, std: 0.03377793328241552
Accuracy Intime: [0.23809523809523808, 0.2619047619047619, 0.27380952380952384, 0.2619047619047619, 0.2976190476190476, 0.35714285714285715, 0.23809523809523808, 0.2976190476190476, 0.2261904761904762, 0.36904761904761907, 0.20238095238095238, 0.27380952380952384, 0.27380952380952384, 0.34523809523809523, 0.34523809523809523]
 mean: 0.2841269841269841, std: 0.048962529572022795
F1 (Intime): [0.23440325013380042, 0.26316271963330784, 0.27581869111280877, 0.26194257671402815, 0.29673976608187136, 0.3551874455100262, 0.2477668332435067, 0.3120071816378246, 0.22572401798407987, 0.3665915832406378, 0.18448343079922025, 0.25794164456233426, 0.26165686274509803, 0.35379870129870133, 0.3493875144737214]
 mean: 0.28310748127806445, std: 0.05241462267165114
--------------------------------------------------
Subject Number: 13
Accuracy Cross: [0.24761904761904763, 0.19047619047619047, 0.22857142857142856, 0.20476190476190476, 0.21904761904761905, 0.22380952380952382, 0.22857142857142856, 0.22380952380952382, 0.2571428571428571, 0.2523809523809524, 0.24285714285714285, 0.24285714285714285, 0.26666666666666666, 0.23809523809523808, 0.20476190476190476]
 mean: 0.23142857142857143, std: 0.02048541689511324
F1 Score: [0.2515267825091442, 0.1907496819396587, 0.22687590752562428, 0.20774879887162365, 0.21947027410521608, 0.2241048599698389, 0.22853133068067918, 0.2198067758928984, 0.25699825294357675, 0.25434642703719007, 0.24327747955287995, 0.24135979595090068, 0.26319097154316334, 0.23347102148269552, 0.2049941464958076]
 mean: 0.2310968337667265, std: 0.0201799877351356
Accuracy Intime: [0.34523809523809523, 0.2619047619047619, 0.36904761904761907, 0.32142857142857145, 0.35714285714285715, 0.36904761904761907, 0.2976190476190476, 0.2976190476190476, 0.3333333333333333, 0.30952380952380953, 0.2857142857142857, 0.32142857142857145, 0.25, 0.25, 0.2619047619047619]
 mean: 0.3087301587301588, std: 0.03995146967826419
F1 (Intime): [0.3259467040673212, 0.2569908873933642, 0.3707786198108779, 0.31992397137745976, 0.3666501240694789, 0.3716141774314081, 0.3070467426529718, 0.2974910394265233, 0.3159863345031589, 0.309563123495012, 0.28232518232518233, 0.32404201436459495, 0.24955340636375123, 0.24635733863437848, 0.2486474347255332]
 mean: 0.30619447337606776, std: 0.041855079363766264
--------------------------------------------------
Subject Number: 14
Accuracy Cross: [0.2571428571428571, 0.22380952380952382, 0.2761904761904762, 0.24285714285714285, 0.21428571428571427, 0.3047619047619048, 0.2523809523809524, 0.26666666666666666, 0.28095238095238095, 0.19523809523809524, 0.2904761904761905, 0.24285714285714285, 0.24761904761904763, 0.20952380952380953, 0.2714285714285714]
 mean: 0.2517460317460317, std: 0.03026047998677454
F1 Score: [0.26473446529995126, 0.22484031139580907, 0.2788777821910352, 0.2421163116569988, 0.21233902690835857, 0.3024221128981918, 0.25063312274097127, 0.26179406357988755, 0.2809057027626258, 0.19284637756227113, 0.287788929829339, 0.23423710792131844, 0.2438608556657773, 0.20593230883757174, 0.26115446957026167]
 mean: 0.24963219658802457, std: 0.03060755390811894
Accuracy Intime: [0.2619047619047619, 0.32142857142857145, 0.27380952380952384, 0.2857142857142857, 0.30952380952380953, 0.39285714285714285, 0.2976190476190476, 0.23809523809523808, 0.20238095238095238, 0.2976190476190476, 0.36904761904761907, 0.34523809523809523, 0.3333333333333333, 0.35714285714285715, 0.38095238095238093]
 mean: 0.31111111111111106, std: 0.05213989747827568
F1 (Intime): [0.26028851296403477, 0.3215442461783925, 0.24932101642087962, 0.28000484809308335, 0.28858016876450054, 0.38897871638343506, 0.29782952679504404, 0.23265168595154248, 0.18482041062686225, 0.28220572220572215, 0.3707086247086247, 0.34275698146665884, 0.3204685772079867, 0.35639141215459075, 0.3696717502501707]
 mean: 0.30308148001143526, std: 0.05556915830063625
--------------------------------------------------
**************************************************
accuracy_cross_list: [0.2917460317460317, 0.26126984126984126, 0.26634920634920634, 0.22000000000000006, 0.2574603174603175, 0.20984126984126983, 0.21873015873015875, 0.2984126984126984, 0.2288888888888889, 0.22825396825396826, 0.2425396825396825, 0.24634920634920637, 0.23142857142857143, 0.2517460317460317]
f1_score_list: [0.282531317220698, 0.25766871500145583, 0.25082873658038907, 0.21854361907100117, 0.25752446256796646, 0.20819488211370446, 0.21783191148701778, 0.30517788766347664, 0.22815632993932114, 0.22476147084517634, 0.24140672441577504, 0.23826097129704532, 0.2310968337667265, 0.24963219658802457]
accuracy_intime_list: [0.3222222222222222, 0.3055555555555556, 0.29047619047619044, 0.2690476190476191, 0.3222222222222222, 0.26666666666666666, 0.2555555555555556, 0.3206349206349206, 0.28095238095238095, 0.27936507936507937, 0.27380952380952384, 0.2841269841269841, 0.3087301587301588, 0.31111111111111106]
f1_score_intime_list: [0.319972527535983, 0.305385706809723, 0.28875606420785893, 0.264393729652388, 0.319827881011526, 0.26079960846625055, 0.24994660655794756, 0.32364207076650053, 0.2795637297685712, 0.27530805654545687, 0.26943717680508694, 0.28310748127806445, 0.30619447337606776, 0.30308148001143526]
**************************************************
ACC: 24.66±2.56
F1: 24.37±2.55
Intime: 29.22±2.18
F1 (Intime): 28.92±2.31
