1e-04
Subject Number: 1
Accuracy Cross: [0.65625, 0.59375, 0.53125, 0.59375, 0.65625, 0.696969696969697, 0.7575757575757576, 0.6666666666666666, 0.696969696969697, 0.696969696969697, 0.75, 0.71875, 0.6875, 0.75, 0.75]
 mean: 0.6801767676767677, std: 0.06400512692213924
F1 Score: [0.6267232237539766, 0.5733333333333333, 0.5195195195195195, 0.5588547189819725, 0.6101882613510521, 0.6826923076923077, 0.7461538461538462, 0.6458536585365854, 0.6413043478260869, 0.6590909090909091, 0.7490196078431373, 0.716256157635468, 0.6875, 0.7090909090909091, 0.7408906882591093]
 mean: 0.6577647659378808, std: 0.0684477752148181
Accuracy Intime: [0.7857142857142857, 0.7142857142857143, 0.75, 0.75, 0.75, 0.8571428571428571, 0.9285714285714286, 0.75, 0.6666666666666666, 0.75, 0.8571428571428571, 0.6428571428571429, 0.75, 0.5833333333333334, 0.6666666666666666]
 mean: 0.7468253968253968, std: 0.08578774042458195
F1 (Intime): [0.7846153846153847, 0.65, 0.7482517482517483, 0.7333333333333334, 0.7333333333333334, 0.8444444444444444, 0.9251336898395721, 0.7333333333333334, 0.6571428571428571, 0.7333333333333334, 0.8444444444444444, 0.641025641025641, 0.7333333333333334, 0.5555555555555556, 0.6571428571428571]
 mean: 0.731628219275278, std: 0.09054192456470242
--------------------------------------------------
Subject Number: 2
Accuracy Cross: [0.6363636363636364, 0.6666666666666666, 0.696969696969697, 0.696969696969697, 0.7272727272727273, 0.65625, 0.5625, 0.625, 0.65625, 0.59375, 0.6666666666666666, 0.6060606060606061, 0.6666666666666666, 0.6363636363636364, 0.6666666666666666]
 mean: 0.6506944444444446, std: 0.04107981274546575
F1 Score: [0.6278195488721805, 0.6458536585365854, 0.6826923076923077, 0.6726190476190477, 0.7102439024390244, 0.6101882613510521, 0.49090909090909085, 0.6, 0.5883040935672514, 0.539313399778516, 0.6654377880184332, 0.6001863932898416, 0.6666666666666666, 0.6333333333333333, 0.6666666666666666]
 mean: 0.6266822772493331, std: 0.055718944712797744
Accuracy Intime: [0.6428571428571429, 0.7857142857142857, 0.5, 0.5, 0.6666666666666666, 0.7857142857142857, 0.7857142857142857, 0.5714285714285714, 0.5833333333333334, 0.5, 0.8571428571428571, 0.5, 0.3333333333333333, 0.5833333333333334, 0.5]
 mean: 0.6063492063492063, std: 0.14089034098695877
F1 (Intime): [0.641025641025641, 0.7846153846153847, 0.4375, 0.4857142857142857, 0.6666666666666666, 0.7543859649122806, 0.7543859649122806, 0.5714285714285714, 0.5555555555555556, 0.4857142857142857, 0.8541666666666667, 0.49743589743589745, 0.3333333333333333, 0.5804195804195804, 0.4375]
 mean: 0.5893231865600286, std: 0.14480140485540147
--------------------------------------------------
Subject Number: 3
Accuracy Cross: [0.5625, 0.65625, 0.59375, 0.59375, 0.375, 0.5151515151515151, 0.3939393939393939, 0.48484848484848486, 0.5454545454545454, 0.3939393939393939, 0.5151515151515151, 0.45454545454545453, 0.48484848484848486, 0.48484848484848486, 0.3939393939393939]
 mean: 0.4965277777777777, std: 0.08180025367862598
F1 Score: [0.5607843137254902, 0.6532019704433498, 0.5901477832512315, 0.5835835835835836, 0.375, 0.5037593984962406, 0.39338235294117646, 0.4771668219944082, 0.4994944388270981, 0.39338235294117646, 0.5111111111111111, 0.4288461538461539, 0.45268292682926825, 0.4327603640040445, 0.37969924812030076]
 mean: 0.4823335213409755, std: 0.08282950657138745
Accuracy Intime: [0.35714285714285715, 0.35714285714285715, 0.7857142857142857, 0.6666666666666666, 0.75, 0.42857142857142855, 0.35714285714285715, 0.5833333333333334, 0.4166666666666667, 0.5, 0.5714285714285714, 0.7142857142857143, 0.6666666666666666, 0.6666666666666666, 0.6666666666666666]
 mean: 0.565873015873016, std: 0.1463764048685524
F1 (Intime): [0.35384615384615387, 0.35384615384615387, 0.7846153846153847, 0.6571428571428571, 0.7333333333333334, 0.41666666666666663, 0.35384615384615387, 0.4957983193277311, 0.4125874125874126, 0.4857142857142857, 0.5625, 0.7142857142857143, 0.6571428571428571, 0.6571428571428571, 0.625]
 mean: 0.5508978766331708, std: 0.1449166852114563
--------------------------------------------------
Subject Number: 4
Accuracy Cross: [0.5151515151515151, 0.5757575757575758, 0.6060606060606061, 0.6363636363636364, 0.6363636363636364, 0.48484848484848486, 0.5151515151515151, 0.6060606060606061, 0.5454545454545454, 0.6060606060606061, 0.5757575757575758, 0.5757575757575758, 0.6363636363636364, 0.6060606060606061, 0.6666666666666666]
 mean: 0.585858585858586, std: 0.05030262463833832
F1 Score: [0.47619047619047616, 0.5227272727272727, 0.5460317460317461, 0.6071428571428572, 0.5909090909090909, 0.45268292682926825, 0.49230769230769234, 0.5662285136501517, 0.47619047619047616, 0.5662285136501517, 0.5753676470588236, 0.5722222222222222, 0.6333333333333333, 0.6001863932898416, 0.6654377880184332]
 mean: 0.5562124633034558, std: 0.059591537510886236
Accuracy Intime: [0.7142857142857143, 0.7142857142857143, 0.5714285714285714, 0.5, 0.4166666666666667, 0.7857142857142857, 0.5, 0.6428571428571429, 0.4166666666666667, 0.5, 0.7142857142857143, 0.7142857142857143, 0.8571428571428571, 0.6666666666666666, 0.6666666666666666]
 mean: 0.6253968253968253, std: 0.12960101185026585
F1 (Intime): [0.65, 0.6888888888888889, 0.5333333333333333, 0.4375, 0.37777777777777777, 0.7754010695187166, 0.49743589743589745, 0.5906432748538011, 0.29411764705882354, 0.5, 0.65, 0.6888888888888889, 0.8444444444444444, 0.6666666666666666, 0.6571428571428571]
 mean: 0.5901493830673397, std: 0.144217356624494
--------------------------------------------------
Subject Number: 5
Accuracy Cross: [0.34375, 0.40625, 0.46875, 0.5, 0.375, 0.4375, 0.5, 0.4375, 0.5625, 0.34375, 0.46875, 0.4375, 0.375, 0.5625, 0.5]
 mean: 0.4479166666666667, std: 0.06814761347415052
F1 Score: [0.343108504398827, 0.4009852216748768, 0.464039408866995, 0.5, 0.375, 0.37662337662337664, 0.4458874458874459, 0.41700404858299595, 0.5555555555555556, 0.32732732732732733, 0.45545545545545546, 0.41700404858299595, 0.3522267206477733, 0.5555555555555556, 0.4817813765182186]
 mean: 0.43117026971182654, std: 0.06944659293141718
Accuracy Intime: [0.7142857142857143, 0.7857142857142857, 0.4166666666666667, 0.5, 0.75, 0.5714285714285714, 0.5, 0.5, 0.3333333333333333, 0.4166666666666667, 0.7142857142857143, 0.6428571428571429, 0.5833333333333334, 0.5833333333333334, 0.5833333333333334]
 mean: 0.5730158730158731, std: 0.12754341121168203
F1 (Intime): [0.7142857142857143, 0.7846153846153847, 0.4125874125874126, 0.4857142857142857, 0.7333333333333334, 0.5333333333333333, 0.4269005847953216, 0.4857142857142857, 0.3333333333333333, 0.4125874125874126, 0.7083333333333333, 0.625668449197861, 0.5804195804195804, 0.5804195804195804, 0.5804195804195804]
 mean: 0.5598443736059834, std: 0.13068237686510586
--------------------------------------------------
Subject Number: 6
Accuracy Cross: [0.65625, 0.65625, 0.59375, 0.625, 0.75, 0.3939393939393939, 0.48484848484848486, 0.48484848484848486, 0.5151515151515151, 0.48484848484848486, 0.5757575757575758, 0.5454545454545454, 0.5454545454545454, 0.6060606060606061, 0.6060606060606061]
 mean: 0.5682449494949495, std: 0.08579738237478499
F1 Score: [0.6267232237539766, 0.6389743589743591, 0.5588547189819725, 0.6, 0.722943722943723, 0.2826086956521739, 0.32653061224489793, 0.32653061224489793, 0.34, 0.3717805151175812, 0.49782608695652175, 0.47619047619047616, 0.47619047619047616, 0.4849939975990396, 0.5195968645016797]
 mean: 0.48331629075678506, std: 0.12795713854357033
Accuracy Intime: [0.5714285714285714, 0.5714285714285714, 0.7857142857142857, 0.5833333333333334, 0.5, 0.8571428571428571, 0.7857142857142857, 0.8333333333333334, 0.5, 0.75, 0.5714285714285714, 0.7142857142857143, 0.6666666666666666, 0.5833333333333334, 0.5]
 mean: 0.6515873015873016, std: 0.12182992080943977
F1 (Intime): [0.5625, 0.475, 0.7543859649122806, 0.4957983193277311, 0.4375, 0.8444444444444444, 0.7754010695187166, 0.7777777777777777, 0.4375, 0.7333333333333334, 0.475, 0.7083333333333333, 0.625, 0.5555555555555556, 0.4857142857142857]
 mean: 0.6095496055944971, std: 0.1381045072428829
--------------------------------------------------
Subject Number: 7
Accuracy Cross: [0.5625, 0.5, 0.5, 0.59375, 0.5, 0.375, 0.4375, 0.40625, 0.375, 0.34375, 0.59375, 0.53125, 0.5, 0.59375, 0.59375]
 mean: 0.49375, std: 0.08477912478906585
F1 Score: [0.5333333333333333, 0.4817813765182186, 0.4920634920634921, 0.5835835835835836, 0.4920634920634921, 0.375, 0.43529411764705883, 0.4009852216748768, 0.36507936507936506, 0.343108504398827, 0.5933528836754643, 0.530791788856305, 0.4817813765182186, 0.5933528836754643, 0.5901477832512315]
 mean: 0.48611461348926216, std: 0.0836395661958416
Accuracy Intime: [0.6428571428571429, 0.6428571428571429, 0.3333333333333333, 0.3333333333333333, 0.6666666666666666, 0.5714285714285714, 0.5714285714285714, 0.5833333333333334, 0.5833333333333334, 0.6666666666666666, 0.7142857142857143, 0.6428571428571429, 0.3333333333333333, 0.6666666666666666, 0.75]
 mean: 0.5801587301587302, std: 0.1326703091680436
F1 (Intime): [0.625668449197861, 0.625668449197861, 0.25, 0.3142857142857143, 0.6666666666666666, 0.5333333333333333, 0.5625, 0.5804195804195804, 0.4957983193277311, 0.6571428571428571, 0.7083333333333333, 0.625668449197861, 0.3333333333333333, 0.6571428571428571, 0.7333333333333334]
 mean: 0.5579529783941549, std: 0.14336017920950375
--------------------------------------------------
Subject Number: 8
Accuracy Cross: [0.5625, 0.46875, 0.46875, 0.6875, 0.46875, 0.6875, 0.65625, 0.5, 0.5625, 0.59375, 0.28125, 0.375, 0.53125, 0.53125, 0.46875]
 mean: 0.5229166666666667, std: 0.10732705726992715
F1 Score: [0.5333333333333333, 0.4420512820512821, 0.4682306940371457, 0.6363636363636364, 0.4420512820512821, 0.6666666666666667, 0.6267232237539766, 0.4666666666666667, 0.5333333333333333, 0.5588547189819725, 0.26326326326326327, 0.375, 0.5195195195195195, 0.5076923076923077, 0.4682306940371457]
 mean: 0.5005320414501021, std: 0.10002290103907578
Accuracy Intime: [0.6428571428571429, 0.7142857142857143, 0.6666666666666666, 0.5, 0.5833333333333334, 0.42857142857142855, 0.5714285714285714, 0.4166666666666667, 0.3333333333333333, 0.5, 0.7142857142857143, 0.6428571428571429, 0.6666666666666666, 0.75, 0.75]
 mean: 0.5920634920634921, std: 0.1259481550785865
F1 (Intime): [0.5906432748538011, 0.6888888888888889, 0.625, 0.4375, 0.5804195804195804, 0.41666666666666663, 0.5333333333333333, 0.37777777777777777, 0.3333333333333333, 0.5, 0.6888888888888889, 0.641025641025641, 0.625, 0.7333333333333334, 0.7482517482517483]
 mean: 0.568004164451533, std: 0.12611172360533673
--------------------------------------------------
Subject Number: 9
Accuracy Cross: [0.71875, 0.625, 0.65625, 0.65625, 0.6875, 0.53125, 0.53125, 0.65625, 0.625, 0.625, 0.5, 0.59375, 0.5, 0.5, 0.6875]
 mean: 0.60625, std: 0.07288689868556625
F1 Score: [0.694591728525981, 0.611336032388664, 0.6476476476476476, 0.6267232237539766, 0.6761133603238867, 0.5195195195195195, 0.5076923076923077, 0.6389743589743591, 0.611336032388664, 0.5844155844155844, 0.4666666666666667, 0.5933528836754643, 0.4980392156862745, 0.4666666666666667, 0.6862745098039216]
 mean: 0.5886233158753055, std: 0.07582416924697066
Accuracy Intime: [0.7857142857142857, 0.5714285714285714, 0.75, 0.5833333333333334, 0.4166666666666667, 0.8571428571428571, 0.7857142857142857, 0.75, 0.5833333333333334, 0.6666666666666666, 0.6428571428571429, 0.6428571428571429, 0.5833333333333334, 0.5, 0.5833333333333334]
 mean: 0.646825396825397, std: 0.11572070877289631
F1 (Intime): [0.7543859649122806, 0.5333333333333333, 0.6974789915966386, 0.4957983193277311, 0.4125874125874126, 0.8541666666666667, 0.7754010695187166, 0.7333333333333334, 0.4957983193277311, 0.6666666666666666, 0.5238095238095237, 0.625668449197861, 0.3684210526315789, 0.4857142857142857, 0.5804195804195804]
 mean: 0.6001988646028894, std: 0.13802082587275338
--------------------------------------------------
Subject Number: 10
Accuracy Cross: [0.4375, 0.5, 0.46875, 0.53125, 0.4375, 0.46875, 0.40625, 0.4375, 0.4375, 0.34375, 0.45454545454545453, 0.45454545454545453, 0.5757575757575758, 0.5151515151515151, 0.48484848484848486]
 mean: 0.4635732323232323, std: 0.0530312800535298
F1 Score: [0.4285714285714286, 0.4980392156862745, 0.464039408866995, 0.5076923076923077, 0.43529411764705883, 0.4682306940371457, 0.4056695992179863, 0.43529411764705883, 0.4375, 0.343108504398827, 0.4540441176470588, 0.4540441176470588, 0.5753676470588236, 0.5111111111111111, 0.48484848484848486]
 mean: 0.4601903248051746, std: 0.05147534582334898
Accuracy Intime: [0.5714285714285714, 0.8571428571428571, 0.8333333333333334, 0.6666666666666666, 0.5833333333333334, 0.6428571428571429, 0.7142857142857143, 0.75, 0.6666666666666666, 0.5833333333333334, 0.7142857142857143, 0.7142857142857143, 0.75, 0.75, 0.75]
 mean: 0.7031746031746031, std: 0.08253205092924232
F1 (Intime): [0.5333333333333333, 0.8541666666666667, 0.8125, 0.6571428571428571, 0.5555555555555556, 0.641025641025641, 0.7142857142857143, 0.6210526315789473, 0.6666666666666666, 0.5555555555555556, 0.65, 0.7083333333333333, 0.7333333333333334, 0.7333333333333334, 0.7333333333333334]
 mean: 0.6779745303429514, std: 0.08847535681716849
--------------------------------------------------
Subject Number: 11
Accuracy Cross: [0.42424242424242425, 0.48484848484848486, 0.48484848484848486, 0.5151515151515151, 0.48484848484848486, 0.48484848484848486, 0.5151515151515151, 0.6060606060606061, 0.48484848484848486, 0.6060606060606061, 0.5454545454545454, 0.5454545454545454, 0.5454545454545454, 0.5757575757575758, 0.5151515151515151]
 mean: 0.5212121212121212, std: 0.04848484848484848
F1 Score: [0.41565703634669154, 0.45268292682926825, 0.45268292682926825, 0.5111111111111111, 0.4672364672364672, 0.3717805151175812, 0.4260869565217391, 0.5460317460317461, 0.4327603640040445, 0.5195968645016797, 0.543778801843318, 0.47619047619047616, 0.47619047619047616, 0.4652777777777778, 0.4260869565217391]
 mean: 0.4655434268702256, std: 0.04734713189277471
Accuracy Intime: [0.5, 0.5, 0.5714285714285714, 0.75, 0.5833333333333334, 0.5, 0.35714285714285715, 0.6428571428571429, 0.5, 0.4166666666666667, 0.2857142857142857, 0.5714285714285714, 0.5, 0.6666666666666666, 0.6666666666666666]
 mean: 0.5341269841269842, std: 0.11871912350041366
F1 (Intime): [0.47593582887700536, 0.49743589743589745, 0.5333333333333333, 0.7333333333333334, 0.5555555555555556, 0.47593582887700536, 0.2631578947368421, 0.641025641025641, 0.4857142857142857, 0.29411764705882354, 0.2222222222222222, 0.5333333333333333, 0.4269005847953216, 0.625, 0.625]
 mean: 0.49253342575323994, std: 0.13962082968012632
--------------------------------------------------
Subject Number: 12
Accuracy Cross: [0.6875, 0.5, 0.59375, 0.5625, 0.46875, 0.5454545454545454, 0.5454545454545454, 0.5757575757575758, 0.6363636363636364, 0.6363636363636364, 0.5, 0.46875, 0.46875, 0.59375, 0.53125]
 mean: 0.5542929292929293, std: 0.06500900797384226
F1 Score: [0.6666666666666667, 0.4666666666666667, 0.5588547189819725, 0.5333333333333333, 0.39756367663344405, 0.5299145299145299, 0.5170731707317073, 0.4652777777777778, 0.5695652173913044, 0.6071428571428572, 0.4817813765182186, 0.464039408866995, 0.45545545545545546, 0.5733333333333333, 0.5076923076923077]
 mean: 0.5196240331404379, std: 0.06630118279662497
Accuracy Intime: [0.6428571428571429, 0.6428571428571429, 0.75, 0.5833333333333334, 0.5, 0.5, 0.2857142857142857, 0.6666666666666666, 0.5833333333333334, 0.6666666666666666, 0.8571428571428571, 0.5714285714285714, 0.8333333333333334, 0.6666666666666666, 0.3333333333333333]
 mean: 0.6055555555555556, std: 0.15294208851359878
F1 (Intime): [0.5906432748538011, 0.625668449197861, 0.6974789915966386, 0.4957983193277311, 0.4857142857142857, 0.49743589743589745, 0.2708333333333333, 0.5555555555555556, 0.4957983193277311, 0.625, 0.8541666666666667, 0.5714285714285714, 0.7777777777777777, 0.6571428571428571, 0.25]
 mean: 0.5633628199572471, std: 0.15687557608076175
--------------------------------------------------
Subject Number: 13
Accuracy Cross: [0.6875, 0.71875, 0.6875, 0.65625, 0.71875, 0.5151515151515151, 0.7575757575757576, 0.48484848484848486, 0.48484848484848486, 0.48484848484848486, 0.59375, 0.65625, 0.5625, 0.65625, 0.65625]
 mean: 0.6214015151515151, std: 0.0903901963046946
F1 Score: [0.6875, 0.716256157635468, 0.6862745098039216, 0.6559139784946236, 0.718475073313783, 0.5111111111111111, 0.7573529411764706, 0.48294930875576036, 0.48294930875576036, 0.48484848484848486, 0.5933528836754643, 0.6559139784946236, 0.5607843137254902, 0.6559139784946236, 0.6559139784946236]
 mean: 0.6203673337853474, std: 0.09086227044698172
Accuracy Intime: [0.5, 0.42857142857142855, 0.75, 0.5, 0.6666666666666666, 0.5714285714285714, 0.5714285714285714, 0.8333333333333334, 0.5833333333333334, 0.5833333333333334, 0.6428571428571429, 0.42857142857142855, 0.6666666666666666, 0.75, 0.6666666666666666]
 mean: 0.6095238095238095, std: 0.11378860138427165
F1 (Intime): [0.49743589743589745, 0.41666666666666663, 0.7333333333333334, 0.5, 0.6571428571428571, 0.5714285714285714, 0.5714285714285714, 0.8125, 0.5804195804195804, 0.5804195804195804, 0.641025641025641, 0.42857142857142855, 0.6571428571428571, 0.7482517482517483, 0.6666666666666666]
 mean: 0.6041622266622266, std: 0.11052257888703564
--------------------------------------------------
Subject Number: 14
Accuracy Cross: [0.5625, 0.5, 0.53125, 0.5, 0.59375, 0.5, 0.625, 0.375, 0.46875, 0.5, 0.5625, 0.4375, 0.46875, 0.375, 0.4375]
 mean: 0.49583333333333335, std: 0.07021791477646966
F1 Score: [0.5555555555555556, 0.4920634920634921, 0.5195195195195195, 0.4980392156862745, 0.5901477832512315, 0.4980392156862745, 0.611336032388664, 0.37254901960784315, 0.45545545545545546, 0.4666666666666667, 0.5625, 0.43529411764705883, 0.4682306940371457, 0.37254901960784315, 0.43529411764705883]
 mean: 0.488882660321339, std: 0.06883729067067154
Accuracy Intime: [0.7857142857142857, 0.5, 0.5, 0.3333333333333333, 0.6666666666666666, 0.8571428571428571, 0.6428571428571429, 0.75, 0.5833333333333334, 0.6666666666666666, 0.6428571428571429, 0.5714285714285714, 0.5, 0.75, 0.6666666666666666]
 mean: 0.6277777777777778, std: 0.1299359301000496
F1 (Intime): [0.7846153846153847, 0.49743589743589745, 0.4857142857142857, 0.3333333333333333, 0.625, 0.8541666666666667, 0.641025641025641, 0.7482517482517483, 0.5804195804195804, 0.6571428571428571, 0.625668449197861, 0.5714285714285714, 0.4857142857142857, 0.7482517482517483, 0.6571428571428571]
 mean: 0.6196874204227145, std: 0.1304548549996628
--------------------------------------------------
Subject Number: 15
Accuracy Cross: [0.6875, 0.5, 0.65625, 0.625, 0.59375, 0.65625, 0.5, 0.625, 0.53125, 0.5, 0.625, 0.6875, 0.5, 0.625, 0.5]
 mean: 0.5875, std: 0.07144345083117604
F1 Score: [0.6761133603238867, 0.5, 0.6532019704433498, 0.6235294117647059, 0.5901477832512315, 0.6559139784946236, 0.4920634920634921, 0.625, 0.5076923076923077, 0.4980392156862745, 0.625, 0.6666666666666667, 0.4920634920634921, 0.611336032388664, 0.4920634920634921]
 mean: 0.5805887468601458, std: 0.07138596750262984
Accuracy Intime: [0.7142857142857143, 0.7142857142857143, 0.6666666666666666, 0.75, 0.6666666666666666, 0.6428571428571429, 0.5714285714285714, 1.0, 0.6666666666666666, 0.75, 0.7142857142857143, 0.7857142857142857, 0.6666666666666666, 0.6666666666666666, 0.8333333333333334]
 mean: 0.7206349206349206, std: 0.09650610900525333
F1 (Intime): [0.7083333333333333, 0.6888888888888889, 0.6571428571428571, 0.7482517482517483, 0.6571428571428571, 0.625668449197861, 0.5333333333333333, 1.0, 0.625, 0.7482517482517483, 0.7083333333333333, 0.7543859649122806, 0.6666666666666666, 0.625, 0.8285714285714285]
 mean: 0.7049980406017557, std: 0.10436157820944554
--------------------------------------------------
Subject Number: 16
Accuracy Cross: [0.625, 0.625, 0.53125, 0.46875, 0.5, 0.71875, 0.78125, 0.6875, 0.625, 0.71875, 0.5, 0.53125, 0.5625, 0.53125, 0.5]
 mean: 0.59375, std: 0.09409658158863513
F1 Score: [0.625, 0.625, 0.5195195195195195, 0.464039408866995, 0.4920634920634921, 0.716256157635468, 0.7757757757757757, 0.6862745098039216, 0.6190476190476191, 0.716256157635468, 0.4817813765182186, 0.4684385382059801, 0.5333333333333333, 0.5076923076923077, 0.4666666666666667]
 mean: 0.5798096575176509, std: 0.10312100946289808
Accuracy Intime: [0.7142857142857143, 0.7142857142857143, 0.6666666666666666, 0.9166666666666666, 0.6666666666666666, 0.5714285714285714, 0.5714285714285714, 0.8333333333333334, 0.6666666666666666, 0.5, 0.7142857142857143, 0.7857142857142857, 0.75, 0.8333333333333334, 0.75]
 mean: 0.7103174603174605, std: 0.10653856631460212
F1 (Intime): [0.7142857142857143, 0.6888888888888889, 0.6571428571428571, 0.916083916083916, 0.6666666666666666, 0.5714285714285714, 0.5625, 0.8285714285714285, 0.6571428571428571, 0.5, 0.7142857142857143, 0.7754010695187166, 0.7333333333333334, 0.8333333333333334, 0.7333333333333334]
 mean: 0.7034931789343555, std: 0.10629462847287802
--------------------------------------------------
Subject Number: 17
Accuracy Cross: [0.6060606060606061, 0.6060606060606061, 0.5151515151515151, 0.5757575757575758, 0.42424242424242425, 0.42424242424242425, 0.5454545454545454, 0.5454545454545454, 0.5151515151515151, 0.45454545454545453, 0.5, 0.5625, 0.5625, 0.5625, 0.5]
 mean: 0.5266414141414141, std: 0.05624061100206072
F1 Score: [0.5925925925925926, 0.6001863932898416, 0.5147058823529411, 0.5227272727272727, 0.4045584045584045, 0.41565703634669154, 0.5454545454545454, 0.543778801843318, 0.47619047619047616, 0.4107142857142857, 0.5, 0.5607843137254902, 0.5555555555555556, 0.5333333333333333, 0.4920634920634921]
 mean: 0.5112201590498827, std: 0.060085900085848465
Accuracy Intime: [0.5714285714285714, 0.6428571428571429, 0.5, 0.5, 0.6666666666666666, 0.8571428571428571, 0.7142857142857143, 0.5, 0.6666666666666666, 0.9166666666666666, 0.7857142857142857, 0.7857142857142857, 0.35714285714285715, 0.75, 0.75]
 mean: 0.6642857142857144, std: 0.14876666049346007
F1 (Intime): [0.5625, 0.5906432748538011, 0.4857142857142857, 0.3333333333333333, 0.6571428571428571, 0.8444444444444444, 0.65, 0.4857142857142857, 0.6571428571428571, 0.916083916083916, 0.7846153846153847, 0.7543859649122806, 0.35384615384615387, 0.7482517482517483, 0.7333333333333334]
 mean: 0.6371434559592454, std: 0.16431504197145289
--------------------------------------------------
Subject Number: 18
Accuracy Cross: [0.5454545454545454, 0.5454545454545454, 0.6060606060606061, 0.696969696969697, 0.696969696969697, 0.65625, 0.65625, 0.5, 0.65625, 0.5625, 0.65625, 0.65625, 0.65625, 0.625, 0.625]
 mean: 0.6227272727272728, std: 0.05697138436411422
F1 Score: [0.543778801843318, 0.5299145299145299, 0.6001863932898416, 0.6826923076923077, 0.6944444444444444, 0.6559139784946236, 0.6559139784946236, 0.4980392156862745, 0.6532019704433498, 0.5607843137254902, 0.6389743589743591, 0.6476476476476476, 0.6267232237539766, 0.6, 0.6]
 mean: 0.6125476776269857, std: 0.05596989399840621
Accuracy Intime: [0.5714285714285714, 0.7142857142857143, 0.5833333333333334, 0.8333333333333334, 0.5833333333333334, 0.7142857142857143, 0.7142857142857143, 0.75, 0.6666666666666666, 0.5, 0.7142857142857143, 0.6428571428571429, 0.8333333333333334, 0.6666666666666666, 0.5833333333333334]
 mean: 0.6714285714285715, std: 0.09290800397880569
F1 (Intime): [0.5714285714285714, 0.7083333333333333, 0.5804195804195804, 0.8285714285714285, 0.5555555555555556, 0.7083333333333333, 0.7083333333333333, 0.7333333333333334, 0.6571428571428571, 0.4857142857142857, 0.7142857142857143, 0.5238095238095237, 0.8125, 0.6571428571428571, 0.5555555555555556]
 mean: 0.6533639508639507, std: 0.10042575261531005
--------------------------------------------------
Subject Number: 19
Accuracy Cross: [0.46875, 0.46875, 0.4375, 0.4375, 0.53125, 0.40625, 0.46875, 0.4375, 0.375, 0.3125, 0.4375, 0.53125, 0.53125, 0.65625, 0.5625]
 mean: 0.4708333333333333, std: 0.08025566785107592
F1 Score: [0.39756367663344405, 0.36374269005847953, 0.37662337662337664, 0.34545454545454546, 0.43859649122807015, 0.3764102564102564, 0.39756367663344405, 0.41700404858299595, 0.3073593073593074, 0.30158730158730157, 0.4, 0.530791788856305, 0.5270935960591133, 0.6559139784946236, 0.5607843137254902]
 mean: 0.4264326031804501, std: 0.0964618727457621
Accuracy Intime: [0.7142857142857143, 0.7142857142857143, 0.75, 0.75, 0.9166666666666666, 0.8571428571428571, 0.7857142857142857, 0.75, 0.75, 0.5, 0.5, 0.7142857142857143, 0.8333333333333334, 0.6666666666666666, 0.5833333333333334]
 mean: 0.719047619047619, std: 0.11450045962009234
F1 (Intime): [0.7142857142857143, 0.65, 0.7482517482517483, 0.7333333333333334, 0.916083916083916, 0.8541666666666667, 0.7754010695187166, 0.7333333333333334, 0.7333333333333334, 0.4857142857142857, 0.49743589743589745, 0.7083333333333333, 0.7777777777777777, 0.625, 0.5804195804195804]
 mean: 0.7021913326325091, std: 0.11472647040755747
--------------------------------------------------
Subject Number: 20
Accuracy Cross: [0.65625, 0.5625, 0.59375, 0.5625, 0.59375, 0.6875, 0.59375, 0.59375, 0.53125, 0.6875, 0.48484848484848486, 0.5151515151515151, 0.5757575757575758, 0.5454545454545454, 0.696969696969697]
 mean: 0.5920454545454545, std: 0.06252888068568078
F1 Score: [0.5883040935672514, 0.49090909090909085, 0.539313399778516, 0.45893719806763283, 0.5134502923976608, 0.6761133603238867, 0.5733333333333333, 0.5588547189819725, 0.4909862142099682, 0.6666666666666667, 0.4771668219944082, 0.49230769230769234, 0.5557692307692308, 0.5299145299145299, 0.6826923076923077]
 mean: 0.5529812633942766, std: 0.07064764190598416
Accuracy Intime: [0.6428571428571429, 0.7142857142857143, 0.75, 0.5, 0.6666666666666666, 0.8571428571428571, 0.8571428571428571, 0.9166666666666666, 0.5833333333333334, 0.5833333333333334, 0.8571428571428571, 0.7857142857142857, 0.75, 0.6666666666666666, 0.75]
 mean: 0.7253968253968253, std: 0.11521338665537371
F1 (Intime): [0.5906432748538011, 0.6888888888888889, 0.6974789915966386, 0.4375, 0.625, 0.8541666666666667, 0.8444444444444444, 0.9111111111111111, 0.5804195804195804, 0.4957983193277311, 0.8541666666666667, 0.7754010695187166, 0.7333333333333334, 0.625, 0.7333333333333334]
 mean: 0.6964457120107277, std: 0.13389738080395389
--------------------------------------------------
Subject Number: 21
Accuracy Cross: [0.46875, 0.34375, 0.375, 0.40625, 0.46875, 0.46875, 0.3125, 0.34375, 0.59375, 0.4375, 0.34375, 0.34375, 0.34375, 0.28125, 0.34375]
 mean: 0.39166666666666666, std: 0.0789470638395684
F1 Score: [0.45545545545545546, 0.343108504398827, 0.3522267206477733, 0.3552492046659597, 0.45545545545545546, 0.4420512820512821, 0.30980392156862746, 0.33793103448275863, 0.5134502923976608, 0.43529411764705883, 0.33793103448275863, 0.33793103448275863, 0.3107692307692308, 0.26326326326326327, 0.32732732732732733]
 mean: 0.37181652527307985, std: 0.06795875815853045
Accuracy Intime: [0.2857142857142857, 0.7857142857142857, 0.6666666666666666, 0.5833333333333334, 0.5, 0.42857142857142855, 0.5714285714285714, 0.5833333333333334, 0.5, 0.5833333333333334, 0.42857142857142855, 0.5714285714285714, 0.6666666666666666, 0.4166666666666667, 0.6666666666666666]
 mean: 0.5492063492063491, std: 0.12186093788996338
F1 (Intime): [0.2708333333333333, 0.7846153846153847, 0.4, 0.5555555555555556, 0.4857142857142857, 0.42857142857142855, 0.5333333333333333, 0.3684210526315789, 0.4375, 0.5804195804195804, 0.41666666666666663, 0.5714285714285714, 0.625, 0.4125874125874126, 0.6571428571428571]
 mean: 0.5018526307999992, std: 0.12666710952367305
--------------------------------------------------
Subject Number: 22
Accuracy Cross: [0.5625, 0.65625, 0.6875, 0.5, 0.625, 0.48484848484848486, 0.696969696969697, 0.6363636363636364, 0.5757575757575758, 0.6060606060606061, 0.625, 0.59375, 0.4375, 0.59375, 0.5625]
 mean: 0.5895833333333333, std: 0.07040327503460624
F1 Score: [0.5465587044534412, 0.6389743589743591, 0.6761133603238867, 0.4458874458874459, 0.6, 0.40634920634920635, 0.6590909090909091, 0.6071428571428572, 0.4225, 0.5662285136501517, 0.611336032388664, 0.5835835835835836, 0.4, 0.539313399778516, 0.5555555555555556]
 mean: 0.5505755951452385, std: 0.08832653218493298
Accuracy Intime: [0.6428571428571429, 0.6428571428571429, 0.6666666666666666, 0.5833333333333334, 0.4166666666666667, 0.7857142857142857, 0.8571428571428571, 0.6666666666666666, 0.5833333333333334, 0.4166666666666667, 0.8571428571428571, 0.5714285714285714, 0.6666666666666666, 0.5833333333333334, 0.4166666666666667]
 mean: 0.6238095238095237, std: 0.13606887678313853
F1 (Intime): [0.625668449197861, 0.5906432748538011, 0.5555555555555556, 0.4957983193277311, 0.4125874125874126, 0.7754010695187166, 0.8541666666666667, 0.5555555555555556, 0.4957983193277311, 0.37777777777777777, 0.8444444444444444, 0.5714285714285714, 0.625, 0.4957983193277311, 0.37777777777777777]
 mean: 0.5768934342231556, std: 0.14599357463280885
--------------------------------------------------
Subject Number: 23
Accuracy Cross: [0.6363636363636364, 0.5757575757575758, 0.5454545454545454, 0.5151515151515151, 0.5757575757575758, 0.4375, 0.5625, 0.65625, 0.53125, 0.5, 0.5151515151515151, 0.6363636363636364, 0.696969696969697, 0.5757575757575758, 0.5757575757575758]
 mean: 0.5690656565656567, std: 0.06486981274326599
F1 Score: [0.6071428571428572, 0.4652777777777778, 0.4994944388270981, 0.34, 0.49782608695652175, 0.43529411764705883, 0.5607843137254902, 0.6476476476476476, 0.530791788856305, 0.4980392156862745, 0.45454545454545453, 0.5909090909090909, 0.6590909090909091, 0.4652777777777778, 0.49782608695652175]
 mean: 0.516663170903119, std: 0.08230412397706291
Accuracy Intime: [0.5714285714285714, 0.7857142857142857, 0.6666666666666666, 0.4166666666666667, 0.75, 0.5714285714285714, 0.7142857142857143, 0.7142857142857143, 0.75, 0.6666666666666666, 0.5, 0.5714285714285714, 0.75, 0.5833333333333334, 0.6666666666666666]
 mean: 0.6452380952380953, std: 0.1023347994901876
F1 (Intime): [0.5714285714285714, 0.7543859649122806, 0.6571428571428571, 0.29411764705882354, 0.7333333333333334, 0.5714285714285714, 0.65, 0.6888888888888889, 0.7482517482517483, 0.6666666666666666, 0.49743589743589745, 0.5333333333333333, 0.6974789915966386, 0.5555555555555556, 0.6571428571428571]
 mean: 0.6184393922784016, std: 0.11590383288704405
--------------------------------------------------
Subject Number: 24
Accuracy Cross: [0.5625, 0.46875, 0.5, 0.5625, 0.5625, 0.5625, 0.5625, 0.59375, 0.5625, 0.59375, 0.5, 0.34375, 0.40625, 0.5, 0.5625]
 mean: 0.5229166666666667, std: 0.06890764753558844
F1 Score: [0.5555555555555556, 0.45545545545545546, 0.4980392156862745, 0.5555555555555556, 0.5625, 0.5607843137254902, 0.5555555555555556, 0.5933528836754643, 0.5555555555555556, 0.5835835835835836, 0.4980392156862745, 0.343108504398827, 0.3913913913913914, 0.4920634920634921, 0.5555555555555556]
 mean: 0.5170730555629354, std: 0.06967897086635312
Accuracy Intime: [0.5, 0.5714285714285714, 0.5833333333333334, 0.5, 0.5, 0.42857142857142855, 0.42857142857142855, 0.5, 0.8333333333333334, 0.5, 0.5714285714285714, 0.6428571428571429, 0.5, 0.5833333333333334, 0.5]
 mean: 0.5428571428571428, std: 0.09600878644598072
F1 (Intime): [0.47593582887700536, 0.5625, 0.5804195804195804, 0.5, 0.4857142857142857, 0.41666666666666663, 0.41666666666666663, 0.4857142857142857, 0.8333333333333334, 0.5, 0.5625, 0.625668449197861, 0.4857142857142857, 0.5804195804195804, 0.5]
 mean: 0.5340835308482368, std: 0.09842279548189825
--------------------------------------------------
Subject Number: 25
Accuracy Cross: [0.42424242424242425, 0.48484848484848486, 0.5151515151515151, 0.42424242424242425, 0.42424242424242425, 0.5625, 0.65625, 0.65625, 0.65625, 0.625, 0.6875, 0.6875, 0.625, 0.53125, 0.65625]
 mean: 0.5744318181818182, std: 0.09615158061068611
F1 Score: [0.3365079365079365, 0.4771668219944082, 0.5037593984962406, 0.2978723404255319, 0.3660262891809909, 0.5465587044534412, 0.6101882613510521, 0.6559139784946236, 0.5883040935672514, 0.5636363636363637, 0.6363636363636364, 0.6666666666666667, 0.536231884057971, 0.43859649122807015, 0.6101882613510521]
 mean: 0.5222654085183491, std: 0.11334208053123512
Accuracy Intime: [0.7142857142857143, 0.7142857142857143, 0.75, 0.75, 0.6666666666666666, 0.5, 0.6428571428571429, 0.4166666666666667, 0.5833333333333334, 0.6666666666666666, 0.6428571428571429, 0.5714285714285714, 0.4166666666666667, 0.5833333333333334, 0.5]
 mean: 0.607936507936508, std: 0.10687503269121747
F1 (Intime): [0.7083333333333333, 0.7142857142857143, 0.7333333333333334, 0.7333333333333334, 0.6666666666666666, 0.47593582887700536, 0.625668449197861, 0.4125874125874126, 0.4957983193277311, 0.6666666666666666, 0.5906432748538011, 0.5714285714285714, 0.29411764705882354, 0.4957983193277311, 0.4857142857142857]
 mean: 0.5780207437328181, std: 0.12712587564886632
--------------------------------------------------
Subject Number: 26
Accuracy Cross: [0.5151515151515151, 0.5454545454545454, 0.6363636363636364, 0.6666666666666666, 0.6060606060606061, 0.53125, 0.5625, 0.625, 0.6875, 0.65625, 0.8125, 0.75, 0.59375, 0.71875, 0.75]
 mean: 0.6438131313131312, std: 0.08526785416188276
F1 Score: [0.5037593984962406, 0.5170731707317073, 0.6192307692307693, 0.6329625884732053, 0.5460317460317461, 0.5195195195195195, 0.5625, 0.6235294117647059, 0.6666666666666667, 0.6476476476476476, 0.7922077922077921, 0.722943722943723, 0.5835835835835836, 0.694591728525981, 0.722943722943723]
 mean: 0.6236794312511341, std: 0.08312251542298021
Accuracy Intime: [0.5714285714285714, 0.6428571428571429, 0.5, 0.5, 0.8333333333333334, 0.6428571428571429, 0.8571428571428571, 0.5833333333333334, 0.75, 0.6666666666666666, 0.7142857142857143, 0.7142857142857143, 0.3333333333333333, 0.5833333333333334, 0.6666666666666666]
 mean: 0.6373015873015874, std: 0.12996501263783314
F1 (Intime): [0.5714285714285714, 0.5906432748538011, 0.4375, 0.3333333333333333, 0.8333333333333334, 0.625668449197861, 0.8444444444444444, 0.5555555555555556, 0.7333333333333334, 0.6571428571428571, 0.7083333333333333, 0.65, 0.25, 0.5555555555555556, 0.6571428571428571]
 mean: 0.6002276599103225, std: 0.15880217821298329
--------------------------------------------------
Subject Number: 27
Accuracy Cross: [0.6060606060606061, 0.6060606060606061, 0.5151515151515151, 0.5757575757575758, 0.42424242424242425, 0.42424242424242425, 0.5454545454545454, 0.5454545454545454, 0.5151515151515151, 0.45454545454545453, 0.5, 0.5625, 0.5625, 0.5625, 0.5]
 mean: 0.5266414141414141, std: 0.05624061100206072
F1 Score: [0.5925925925925926, 0.6001863932898416, 0.5147058823529411, 0.5227272727272727, 0.4045584045584045, 0.41565703634669154, 0.5454545454545454, 0.543778801843318, 0.47619047619047616, 0.4107142857142857, 0.5, 0.5607843137254902, 0.5555555555555556, 0.5333333333333333, 0.4920634920634921]
 mean: 0.5112201590498827, std: 0.060085900085848465
Accuracy Intime: [0.5714285714285714, 0.6428571428571429, 0.5, 0.5, 0.6666666666666666, 0.8571428571428571, 0.7142857142857143, 0.5, 0.6666666666666666, 0.9166666666666666, 0.7857142857142857, 0.7857142857142857, 0.35714285714285715, 0.75, 0.75]
 mean: 0.6642857142857144, std: 0.14876666049346007
F1 (Intime): [0.5625, 0.5906432748538011, 0.4857142857142857, 0.3333333333333333, 0.6571428571428571, 0.8444444444444444, 0.65, 0.4857142857142857, 0.6571428571428571, 0.916083916083916, 0.7846153846153847, 0.7543859649122806, 0.35384615384615387, 0.7482517482517483, 0.7333333333333334]
 mean: 0.6371434559592454, std: 0.16431504197145289
--------------------------------------------------
Subject Number: 28
Accuracy Cross: [0.8125, 0.5625, 0.4375, 0.53125, 0.34375, 0.53125, 0.625, 0.46875, 0.53125, 0.59375, 0.5625, 0.375, 0.5625, 0.625, 0.4375]
 mean: 0.5333333333333333, std: 0.11090693045171804
F1 Score: [0.8117647058823529, 0.5607843137254902, 0.43529411764705883, 0.5195195195195195, 0.343108504398827, 0.4909862142099682, 0.6, 0.4420512820512821, 0.4684385382059801, 0.5835835835835836, 0.5333333333333333, 0.375, 0.5465587044534412, 0.6235294117647059, 0.4]
 mean: 0.515596815251703, std: 0.11314027941401393
Accuracy Intime: [0.7142857142857143, 0.5714285714285714, 0.5, 0.6666666666666666, 0.5, 0.5, 0.8571428571428571, 0.6666666666666666, 0.6666666666666666, 0.5, 0.7142857142857143, 0.8571428571428571, 0.8333333333333334, 0.5, 0.6666666666666666]
 mean: 0.6476190476190475, std: 0.12842437210265895
F1 (Intime): [0.7083333333333333, 0.5625, 0.4375, 0.625, 0.5, 0.49743589743589745, 0.8571428571428571, 0.5555555555555556, 0.6666666666666666, 0.4857142857142857, 0.7083333333333333, 0.8571428571428571, 0.8125, 0.5, 0.625]
 mean: 0.6265883190883189, std: 0.13399805028762352
--------------------------------------------------
Subject Number: 29
Accuracy Cross: [0.6875, 0.625, 0.75, 0.75, 0.71875, 0.625, 0.71875, 0.71875, 0.65625, 0.6875, 0.696969696969697, 0.6666666666666666, 0.6363636363636364, 0.8181818181818182, 0.7878787878787878]
 mean: 0.7029040404040404, std: 0.055536325873075734
F1 Score: [0.6666666666666667, 0.611336032388664, 0.722943722943723, 0.7090909090909091, 0.6631578947368422, 0.611336032388664, 0.7117117117117118, 0.694591728525981, 0.5883040935672514, 0.6363636363636364, 0.6966911764705883, 0.6616961789375583, 0.6333333333333333, 0.8096153846153846, 0.7870967741935484]
 mean: 0.6802623517289642, std: 0.06064784676868951
Accuracy Intime: [0.7142857142857143, 0.7857142857142857, 0.8333333333333334, 0.75, 0.5, 0.7142857142857143, 0.9285714285714286, 0.6666666666666666, 0.75, 0.75, 0.7142857142857143, 0.7142857142857143, 0.5833333333333334, 0.6666666666666666, 0.5833333333333334]
 mean: 0.7103174603174603, std: 0.10117102209509493
F1 (Intime): [0.7142857142857143, 0.7846153846153847, 0.8285714285714285, 0.7333333333333334, 0.4857142857142857, 0.7142857142857143, 0.9282051282051282, 0.6571428571428571, 0.7333333333333334, 0.7482517482517483, 0.7083333333333333, 0.7083333333333333, 0.5804195804195804, 0.625, 0.5804195804195804]
 mean: 0.7020163170163171, std: 0.10417406401583014
--------------------------------------------------
**************************************************
accuracy_cross_list: [0.6801767676767677, 0.6506944444444446, 0.4965277777777777, 0.585858585858586, 0.4479166666666667, 0.5682449494949495, 0.49375, 0.5229166666666667, 0.60625, 0.4635732323232323, 0.5212121212121212, 0.5542929292929293, 0.6214015151515151, 0.49583333333333335, 0.5875, 0.59375, 0.5266414141414141, 0.6227272727272728, 0.4708333333333333, 0.5920454545454545, 0.39166666666666666, 0.5895833333333333, 0.5690656565656567, 0.5229166666666667, 0.5744318181818182, 0.6438131313131312, 0.5266414141414141, 0.5333333333333333, 0.7029040404040404]
f1_score_list: [0.6577647659378808, 0.6266822772493331, 0.4823335213409755, 0.5562124633034558, 0.43117026971182654, 0.48331629075678506, 0.48611461348926216, 0.5005320414501021, 0.5886233158753055, 0.4601903248051746, 0.4655434268702256, 0.5196240331404379, 0.6203673337853474, 0.488882660321339, 0.5805887468601458, 0.5798096575176509, 0.5112201590498827, 0.6125476776269857, 0.4264326031804501, 0.5529812633942766, 0.37181652527307985, 0.5505755951452385, 0.516663170903119, 0.5170730555629354, 0.5222654085183491, 0.6236794312511341, 0.5112201590498827, 0.515596815251703, 0.6802623517289642]
accuracy_intime_list: [0.7468253968253968, 0.6063492063492063, 0.565873015873016, 0.6253968253968253, 0.5730158730158731, 0.6515873015873016, 0.5801587301587302, 0.5920634920634921, 0.646825396825397, 0.7031746031746031, 0.5341269841269842, 0.6055555555555556, 0.6095238095238095, 0.6277777777777778, 0.7206349206349206, 0.7103174603174605, 0.6642857142857144, 0.6714285714285715, 0.719047619047619, 0.7253968253968253, 0.5492063492063491, 0.6238095238095237, 0.6452380952380953, 0.5428571428571428, 0.607936507936508, 0.6373015873015874, 0.6642857142857144, 0.6476190476190475, 0.7103174603174603]
f1_score_intime_list: [0.731628219275278, 0.5893231865600286, 0.5508978766331708, 0.5901493830673397, 0.5598443736059834, 0.6095496055944971, 0.5579529783941549, 0.568004164451533, 0.6001988646028894, 0.6779745303429514, 0.49253342575323994, 0.5633628199572471, 0.6041622266622266, 0.6196874204227145, 0.7049980406017557, 0.7034931789343555, 0.6371434559592454, 0.6533639508639507, 0.7021913326325091, 0.6964457120107277, 0.5018526307999992, 0.5768934342231556, 0.6184393922784016, 0.5340835308482368, 0.5780207437328181, 0.6002276599103225, 0.6371434559592454, 0.6265883190883189, 0.7020163170163171]
**************************************************
ACC: 55.71±7.01
F1: 53.24±7.12
Intime: 63.82±5.79
F1 (Intime): 61.34±6.22
