1e-04
Subject Number: 1
Accuracy Cross: [0.2647058823529412, 0.3382352941176471, 0.2647058823529412, 0.27941176470588236, 0.36764705882352944, 0.37681159420289856, 0.2608695652173913, 0.3188405797101449, 0.34782608695652173, 0.2898550724637681, 0.3235294117647059, 0.39705882352941174, 0.35294117647058826, 0.39705882352941174, 0.36764705882352944]
 mean: 0.32980960500142087, std: 0.04660034968815444
F1 Score: [0.26346320346320345, 0.3240686274509804, 0.26465311004784686, 0.2775912082295061, 0.35870139235543885, 0.353939393939394, 0.21615080074583023, 0.29315656565656567, 0.3286175710594315, 0.2684731934731935, 0.3147767381184152, 0.3998779256450299, 0.3437402920161541, 0.3766025641025641, 0.3584629416282642]
 mean: 0.3161517018621212, std: 0.049255390055824085
Accuracy Intime: [0.35714285714285715, 0.42857142857142855, 0.2857142857142857, 0.4230769230769231, 0.38461538461538464, 0.5, 0.5, 0.39285714285714285, 0.38461538461538464, 0.38461538461538464, 0.32142857142857145, 0.39285714285714285, 0.25, 0.3076923076923077, 0.2692307692307692]
 mean: 0.3721611721611721, std: 0.0729057364968458
F1 (Intime): [0.33214285714285713, 0.4008811858076564, 0.2857142857142857, 0.40705128205128205, 0.3641705516705517, 0.47878787878787876, 0.4756302521008404, 0.40470354808590103, 0.402077497665733, 0.37410542673700564, 0.319047619047619, 0.3926470588235294, 0.2623663101604278, 0.2658119658119658, 0.23486990950226244]
 mean: 0.3600005086073198, std: 0.07231867802076719
--------------------------------------------------
Subject Number: 2
Accuracy Cross: [0.2898550724637681, 0.2898550724637681, 0.2898550724637681, 0.2318840579710145, 0.2608695652173913, 0.27941176470588236, 0.29411764705882354, 0.29411764705882354, 0.3382352941176471, 0.3088235294117647, 0.2753623188405797, 0.2898550724637681, 0.3188405797101449, 0.3333333333333333, 0.34782608695652173]
 mean: 0.2961494742824666, std: 0.029158821344312146
F1 Score: [0.2794327200577201, 0.2537340955190854, 0.2519946808510638, 0.2106649111257406, 0.24595588235294116, 0.2659989401165872, 0.26937500000000003, 0.2804438410037923, 0.32123057123057125, 0.31004777331613914, 0.2428923001949318, 0.23330101271277742, 0.26793478260869563, 0.29155769859431185, 0.3187682252388135]
 mean: 0.2695554956615448, std: 0.030611987646331343
Accuracy Intime: [0.4642857142857143, 0.4642857142857143, 0.2857142857142857, 0.46153846153846156, 0.2692307692307692, 0.4642857142857143, 0.42857142857142855, 0.32142857142857145, 0.39285714285714285, 0.2692307692307692, 0.39285714285714285, 0.39285714285714285, 0.35714285714285715, 0.34615384615384615, 0.19230769230769232]
 mean: 0.3668498168498168, std: 0.08245339067452878
F1 (Intime): [0.47916666666666663, 0.47192982456140353, 0.2845561301443654, 0.4158730158730159, 0.2710955710955711, 0.42915804002760527, 0.3871212121212121, 0.29145658263305324, 0.38184119801766864, 0.2738095238095238, 0.39448051948051943, 0.39652777777777776, 0.3176823176823177, 0.3464035964035964, 0.16951469583048528]
 mean: 0.35404111147498546, std: 0.08238925447651536
--------------------------------------------------
Subject Number: 3
Accuracy Cross: [0.3088235294117647, 0.27941176470588236, 0.23529411764705882, 0.22058823529411764, 0.17647058823529413, 0.2028985507246377, 0.2028985507246377, 0.18840579710144928, 0.2898550724637681, 0.21739130434782608, 0.2318840579710145, 0.2463768115942029, 0.2608695652173913, 0.2463768115942029, 0.3333333333333333]
 mean: 0.2427252060244388, std: 0.04345038268051237
F1 Score: [0.29820829990609277, 0.27352756892230573, 0.23002322880371662, 0.21334586466165412, 0.1759830447330447, 0.19878692292485395, 0.20316524068792668, 0.1787270028649339, 0.26398400934004645, 0.2153846153846154, 0.23226467160290687, 0.23488562091503268, 0.24812224812224812, 0.2319487908961593, 0.3203135888501742]
 mean: 0.23457804790771408, std: 0.03969667905247289
Accuracy Intime: [0.39285714285714285, 0.25, 0.35714285714285715, 0.35714285714285715, 0.38461538461538464, 0.32142857142857145, 0.2857142857142857, 0.25, 0.2692307692307692, 0.4230769230769231, 0.32142857142857145, 0.39285714285714285, 0.2857142857142857, 0.4230769230769231, 0.4230769230769231]
 mean: 0.3424908424908425, std: 0.06141132427633138
F1 (Intime): [0.3829365079365079, 0.23944476576055523, 0.3453781512605042, 0.3531600838102386, 0.3849206349206349, 0.3220015278838808, 0.2824786324786325, 0.2277167277167277, 0.2668831168831169, 0.4035714285714286, 0.3266556972439325, 0.39393674136321194, 0.2966346153846154, 0.4186507936507936, 0.42543926661573717]
 mean: 0.33798724609870123, std: 0.06228713762503193
--------------------------------------------------
Subject Number: 4
Accuracy Cross: [0.2463768115942029, 0.3188405797101449, 0.3333333333333333, 0.4057971014492754, 0.34782608695652173, 0.37681159420289856, 0.34782608695652173, 0.37681159420289856, 0.34782608695652173, 0.34782608695652173, 0.34782608695652173, 0.34782608695652173, 0.2753623188405797, 0.2898550724637681, 0.4492753623188406]
 mean: 0.34396135265700484, std: 0.04834781064037412
F1 Score: [0.26237421115469894, 0.32993968132212964, 0.3270931449502878, 0.3910766045548654, 0.33228438228438234, 0.3683835662352395, 0.35638763197586726, 0.37873754152823924, 0.33486895986895987, 0.34104148905939186, 0.3177521008403361, 0.3309337655733537, 0.28862126245847175, 0.28745907197520104, 0.4458528864120744]
 mean: 0.3395204200129, std: 0.04377440198155111
Accuracy Intime: [0.4642857142857143, 0.39285714285714285, 0.42857142857142855, 0.21428571428571427, 0.34615384615384615, 0.35714285714285715, 0.42857142857142855, 0.2857142857142857, 0.21428571428571427, 0.34615384615384615, 0.42857142857142855, 0.32142857142857145, 0.5714285714285714, 0.39285714285714285, 0.3076923076923077]
 mean: 0.36666666666666664, std: 0.09083879822342585
F1 (Intime): [0.4631944444444444, 0.33978174603174605, 0.41944444444444445, 0.17857142857142855, 0.3321862348178138, 0.3529464687359424, 0.4484848484848485, 0.27893772893772895, 0.20089285714285715, 0.3622423328305681, 0.41299019607843135, 0.3150735294117647, 0.5538461538461539, 0.3521756021756021, 0.31634615384615383]
 mean: 0.3551409446533285, std: 0.09383225169407118
--------------------------------------------------
Subject Number: 5
Accuracy Cross: [0.23529411764705882, 0.23529411764705882, 0.27941176470588236, 0.38235294117647056, 0.23529411764705882, 0.4411764705882353, 0.4411764705882353, 0.38235294117647056, 0.39705882352941174, 0.4264705882352941, 0.3235294117647059, 0.3235294117647059, 0.29411764705882354, 0.36764705882352944, 0.36764705882352944]
 mean: 0.34215686274509793, std: 0.07092783234386636
F1 Score: [0.21360406389476158, 0.22613960113960113, 0.2708333333333333, 0.3693528693528694, 0.2296046046046046, 0.4385099385099386, 0.4383541295306001, 0.3799923195084486, 0.396160702043055, 0.43388015493278653, 0.3195243009484495, 0.28689509992031, 0.27391774891774895, 0.36340537788679594, 0.3629464837473736]
 mean: 0.3335413818847118, std: 0.07649506156701348
Accuracy Intime: [0.5357142857142857, 0.5714285714285714, 0.42857142857142855, 0.46153846153846156, 0.4230769230769231, 0.4642857142857143, 0.42857142857142855, 0.42857142857142855, 0.46153846153846156, 0.34615384615384615, 0.4642857142857143, 0.5357142857142857, 0.5, 0.38461538461538464, 0.34615384615384615]
 mean: 0.452014652014652, std: 0.06350744154897306
F1 (Intime): [0.5271291208791209, 0.5715093729799612, 0.40208333333333335, 0.44655344655344653, 0.3977591036414566, 0.41763663967611336, 0.4391025641025641, 0.39289958407605463, 0.42821067821067826, 0.3081232492997199, 0.4821428571428571, 0.5208683473389356, 0.5, 0.3239819004524887, 0.3411276223776224]
 mean: 0.4332751880042901, std: 0.07433001343907787
--------------------------------------------------
Subject Number: 6
Accuracy Cross: [0.39705882352941174, 0.39705882352941174, 0.3382352941176471, 0.3382352941176471, 0.36764705882352944, 0.2463768115942029, 0.3333333333333333, 0.30434782608695654, 0.3188405797101449, 0.30434782608695654, 0.2463768115942029, 0.3333333333333333, 0.3333333333333333, 0.37681159420289856, 0.34782608695652173]
 mean: 0.3322108553566354, std: 0.04354468864313911
F1 Score: [0.3869548462290398, 0.37294442399705563, 0.3186955588271378, 0.32724061264822135, 0.37499412818671696, 0.186394667526743, 0.2728471325834409, 0.26079854809437386, 0.2653419053185272, 0.24644644644644642, 0.2474765735635301, 0.319047619047619, 0.3160324798482693, 0.37097069597069593, 0.32564683378636866]
 mean: 0.30612216480494575, std: 0.05618899502820143
Accuracy Intime: [0.4642857142857143, 0.32142857142857145, 0.39285714285714285, 0.5, 0.4230769230769231, 0.39285714285714285, 0.42857142857142855, 0.39285714285714285, 0.2692307692307692, 0.3076923076923077, 0.35714285714285715, 0.2857142857142857, 0.5, 0.6153846153846154, 0.34615384615384615]
 mean: 0.3998168498168497, std: 0.09004323154654095
F1 (Intime): [0.45714285714285713, 0.25747863247863245, 0.3799019607843137, 0.4814022578728462, 0.3821178821178821, 0.3968678380443086, 0.4126373626373626, 0.38289473684210523, 0.20833333333333334, 0.25490196078431376, 0.324212715389186, 0.2942251461988304, 0.4634502923976608, 0.5767628205128205, 0.2861111111111111]
 mean: 0.3705627271765043, std: 0.09707549666627974
--------------------------------------------------
Subject Number: 7
Accuracy Cross: [0.45588235294117646, 0.38235294117647056, 0.27941176470588236, 0.4264705882352941, 0.4264705882352941, 0.2647058823529412, 0.3235294117647059, 0.3235294117647059, 0.27941176470588236, 0.38235294117647056, 0.3088235294117647, 0.35294117647058826, 0.27941176470588236, 0.3088235294117647, 0.3088235294117647]
 mean: 0.34019607843137245, std: 0.05903556555813566
F1 Score: [0.40953599643930116, 0.3654048432743106, 0.2805727554179567, 0.40811895639481843, 0.4054152717997768, 0.26137912614205716, 0.3341150661228526, 0.3263273125342091, 0.27126328955597245, 0.3747103747103747, 0.3112083580833581, 0.35552952794332104, 0.279638117873412, 0.31247918747918746, 0.3125090187590187]
 mean: 0.3338804801686618, std: 0.04894151162357077
Accuracy Intime: [0.35714285714285715, 0.35714285714285715, 0.35714285714285715, 0.3076923076923077, 0.2692307692307692, 0.32142857142857145, 0.32142857142857145, 0.42857142857142855, 0.38461538461538464, 0.3076923076923077, 0.4642857142857143, 0.5, 0.42857142857142855, 0.46153846153846156, 0.34615384615384615]
 mean: 0.37417582417582423, std: 0.06566796117946665
F1 (Intime): [0.3100250626566416, 0.36575091575091573, 0.3033492822966507, 0.27046783625730997, 0.22192982456140348, 0.28431372549019607, 0.3047008547008547, 0.4270833333333333, 0.33407605466428997, 0.30357142857142855, 0.4388888888888889, 0.5061934389140271, 0.35556084782090974, 0.449025974025974, 0.3338036232773075]
 mean: 0.3472494060806755, std: 0.07472213537104097
--------------------------------------------------
Subject Number: 8
Accuracy Cross: [0.22058823529411764, 0.23529411764705882, 0.25, 0.3088235294117647, 0.22058823529411764, 0.35294117647058826, 0.20588235294117646, 0.2647058823529412, 0.16176470588235295, 0.19117647058823528, 0.16176470588235295, 0.25, 0.27941176470588236, 0.27941176470588236, 0.22058823529411764]
 mean: 0.2401960784313725, std: 0.050563909640108345
F1 Score: [0.22328579850382174, 0.2265151515151515, 0.25470916048339814, 0.3014161220043573, 0.22384811497714724, 0.3554476237403067, 0.20349415188124864, 0.2545106009883628, 0.15295566502463057, 0.18339938867649394, 0.1276580459770115, 0.23673222912353345, 0.27554945054945057, 0.27371071910545597, 0.19955022488755622]
 mean: 0.23285216316252835, std: 0.05553587548301904
Accuracy Intime: [0.32142857142857145, 0.39285714285714285, 0.32142857142857145, 0.23076923076923078, 0.34615384615384615, 0.25, 0.25, 0.2857142857142857, 0.15384615384615385, 0.3076923076923077, 0.25, 0.42857142857142855, 0.32142857142857145, 0.4230769230769231, 0.4230769230769231]
 mean: 0.31373626373626373, std: 0.07747837247064755
F1 (Intime): [0.30037878787878786, 0.39025549613784905, 0.31547619047619047, 0.22499999999999998, 0.3090659340659341, 0.20833333333333331, 0.21769957983193278, 0.27549019607843134, 0.10526315789473684, 0.29835164835164835, 0.2076441102756892, 0.44511175099410394, 0.28912815126050423, 0.4103174603174603, 0.4244588744588744]
 mean: 0.2947983114236984, std: 0.09119731049317138
--------------------------------------------------
Subject Number: 9
Accuracy Cross: [0.3382352941176471, 0.39705882352941174, 0.36764705882352944, 0.38235294117647056, 0.3235294117647059, 0.29411764705882354, 0.3235294117647059, 0.35294117647058826, 0.38235294117647056, 0.3235294117647059, 0.25, 0.36764705882352944, 0.29411764705882354, 0.3382352941176471, 0.35294117647058826]
 mean: 0.33921568627450976, std: 0.03814720874185042
F1 Score: [0.3479700208375344, 0.40426537518963707, 0.39621212121212124, 0.39983043272516955, 0.32669413919413914, 0.2943643983542116, 0.351700140944327, 0.359446198962328, 0.38283568700433024, 0.33298255966430634, 0.24367344541763147, 0.37710228839261095, 0.29500103391232424, 0.34219732091839383, 0.37018165024630545]
 mean: 0.3482971208650247, std: 0.04332459223499816
Accuracy Intime: [0.5, 0.32142857142857145, 0.42857142857142855, 0.38461538461538464, 0.2692307692307692, 0.5, 0.39285714285714285, 0.32142857142857145, 0.34615384615384615, 0.3076923076923077, 0.39285714285714285, 0.4642857142857143, 0.5, 0.38461538461538464, 0.46153846153846156]
 mean: 0.39835164835164844, std: 0.07309275765540728
F1 (Intime): [0.4977799977799978, 0.33039215686274515, 0.42750582750582755, 0.4141122035858878, 0.2336996336996337, 0.5014652014652015, 0.40734649122807015, 0.3207282913165266, 0.3379224941724942, 0.31527777777777777, 0.373202614379085, 0.43712121212121213, 0.4816017316017316, 0.39849170437405734, 0.4336441336441336]
 mean: 0.39401943143429213, std: 0.0730456348285562
--------------------------------------------------
Subject Number: 10
Accuracy Cross: [0.22058823529411764, 0.3235294117647059, 0.25, 0.29411764705882354, 0.3088235294117647, 0.2647058823529412, 0.20588235294117646, 0.23529411764705882, 0.23529411764705882, 0.22058823529411764, 0.18840579710144928, 0.2318840579710145, 0.2318840579710145, 0.2753623188405797, 0.2463768115942029]
 mean: 0.24884910485933506, std: 0.03671978137482509
F1 Score: [0.21714021714021714, 0.30583502175573785, 0.24037145650048877, 0.28362573099415206, 0.3068132220795892, 0.24627892432770482, 0.19905343131149583, 0.22663734115347017, 0.23351158645276293, 0.2195640756302521, 0.17337311736288719, 0.23154550091422405, 0.21604072398190047, 0.2715531199402167, 0.22822128851540616]
 mean: 0.23997098387070037, std: 0.036329505071656346
Accuracy Intime: [0.2857142857142857, 0.35714285714285715, 0.2857142857142857, 0.2692307692307692, 0.23076923076923078, 0.35714285714285715, 0.25, 0.2857142857142857, 0.34615384615384615, 0.3076923076923077, 0.39285714285714285, 0.35714285714285715, 0.2857142857142857, 0.2692307692307692, 0.4230769230769231]
 mean: 0.31355311355311355, std: 0.05354316589559644
F1 (Intime): [0.2595238095238095, 0.3243006993006993, 0.28924539512774805, 0.22976827094474153, 0.22424242424242424, 0.3545814479638009, 0.25427350427350426, 0.2857142857142857, 0.34469696969696967, 0.3201465201465201, 0.33942307692307694, 0.3514957264957265, 0.26816239316239315, 0.2577942890442891, 0.4487179487179487]
 mean: 0.3034724507518625, std: 0.057521675383593665
--------------------------------------------------
Subject Number: 11
Accuracy Cross: [0.2898550724637681, 0.2898550724637681, 0.2753623188405797, 0.2753623188405797, 0.2753623188405797, 0.42028985507246375, 0.34782608695652173, 0.3188405797101449, 0.2898550724637681, 0.37681159420289856, 0.2898550724637681, 0.3188405797101449, 0.391304347826087, 0.3188405797101449, 0.30434782608695654]
 mean: 0.3188405797101449, std: 0.043958698226385796
F1 Score: [0.2905366692131398, 0.28225368127807154, 0.2732580688805039, 0.2768369636923001, 0.2730706075533662, 0.36993295662026304, 0.32562726987814095, 0.30856643356643354, 0.2838112305854241, 0.3618956579482895, 0.25991548134405273, 0.316570386977134, 0.3688466449141722, 0.2980952380952381, 0.2855982905982906]
 mean: 0.3049877054096547, std: 0.03517037561225523
Accuracy Intime: [0.25, 0.32142857142857145, 0.39285714285714285, 0.4642857142857143, 0.38461538461538464, 0.32142857142857145, 0.35714285714285715, 0.2857142857142857, 0.32142857142857145, 0.4230769230769231, 0.21428571428571427, 0.2857142857142857, 0.42857142857142855, 0.4642857142857143, 0.46153846153846156]
 mean: 0.35842490842490843, std: 0.07798757603700701
F1 (Intime): [0.2184873949579832, 0.3057422969187675, 0.3614468864468864, 0.4740802675585284, 0.38247863247863245, 0.30997474747474746, 0.32950558213716113, 0.25757575757575757, 0.28178418803418803, 0.4297619047619048, 0.16783216783216784, 0.2441057394617766, 0.4251352813852814, 0.4447079236552921, 0.43701923076923077]
 mean: 0.3379758667632204, std: 0.09012325664020805
--------------------------------------------------
Subject Number: 12
Accuracy Cross: [0.36764705882352944, 0.35294117647058826, 0.35294117647058826, 0.38235294117647056, 0.3088235294117647, 0.2898550724637681, 0.30434782608695654, 0.2608695652173913, 0.3188405797101449, 0.3188405797101449, 0.38235294117647056, 0.3235294117647059, 0.23529411764705882, 0.27941176470588236, 0.29411764705882354]
 mean: 0.3181443591929526, std: 0.041989819204135824
F1 Score: [0.34523809523809523, 0.3349331827592697, 0.3418539793539794, 0.3646903718639731, 0.30706599713055954, 0.27549019607843134, 0.2974870657797487, 0.2642794838879563, 0.3033891094724901, 0.32537593984962404, 0.3741554539704445, 0.29625895322826273, 0.22215874354724285, 0.2819879089615932, 0.28100109110747407]
 mean: 0.3076910381486097, std: 0.03929560327747443
Accuracy Intime: [0.42857142857142855, 0.35714285714285715, 0.4642857142857143, 0.4230769230769231, 0.23076923076923078, 0.32142857142857145, 0.2857142857142857, 0.32142857142857145, 0.2692307692307692, 0.34615384615384615, 0.42857142857142855, 0.4642857142857143, 0.35714285714285715, 0.34615384615384615, 0.5]
 mean: 0.3695970695970695, std: 0.07623888994365582
F1 (Intime): [0.40122655122655126, 0.346031746031746, 0.4620771385477268, 0.4, 0.22113095238095237, 0.32156862745098036, 0.26726827094474154, 0.2926767676767677, 0.21263736263736266, 0.3404761904761905, 0.4608733371891267, 0.46637426900584794, 0.33157894736842103, 0.2857142857142857, 0.48796791443850274]
 mean: 0.3531734907392803, std: 0.08694764339982877
--------------------------------------------------
Subject Number: 13
Accuracy Cross: [0.3235294117647059, 0.22058823529411764, 0.3235294117647059, 0.2647058823529412, 0.35294117647058826, 0.2608695652173913, 0.2898550724637681, 0.21739130434782608, 0.30434782608695654, 0.21739130434782608, 0.29411764705882354, 0.2647058823529412, 0.27941176470588236, 0.2647058823529412, 0.29411764705882354]
 mean: 0.27814720090934925, std: 0.03880257863247625
F1 Score: [0.3161788455692355, 0.22210268151188123, 0.31955082742316787, 0.26615712074303405, 0.36369556369556366, 0.2550355965815868, 0.26341050254093734, 0.2193423838585129, 0.3011802503902429, 0.2013710826210826, 0.28741068654861757, 0.27571693361167043, 0.27769539911308205, 0.27018526708929186, 0.2838345864661654]
 mean: 0.27485784851760475, std: 0.04035155447924513
Accuracy Intime: [0.32142857142857145, 0.39285714285714285, 0.39285714285714285, 0.3076923076923077, 0.2692307692307692, 0.32142857142857145, 0.42857142857142855, 0.35714285714285715, 0.3076923076923077, 0.34615384615384615, 0.35714285714285715, 0.2857142857142857, 0.32142857142857145, 0.38461538461538464, 0.3076923076923077]
 mean: 0.34010989010989007, std: 0.04333582583810679
F1 (Intime): [0.34791666666666665, 0.39375, 0.3958333333333333, 0.2993320405085111, 0.23754084967320263, 0.30833333333333335, 0.35636886333480755, 0.36469780219780223, 0.31003016591251886, 0.3080357142857143, 0.3582887700534759, 0.2369047619047619, 0.3199202758026288, 0.3881944444444444, 0.30303030303030304]
 mean: 0.3285451549654336, std: 0.04837976605379415
--------------------------------------------------
Subject Number: 14
Accuracy Cross: [0.16176470588235295, 0.3088235294117647, 0.22058823529411764, 0.25, 0.2647058823529412, 0.23529411764705882, 0.3382352941176471, 0.3235294117647059, 0.3088235294117647, 0.29411764705882354, 0.35294117647058826, 0.29411764705882354, 0.2647058823529412, 0.23529411764705882, 0.23529411764705882]
 mean: 0.2725490196078431, std: 0.04946853259428575
F1 Score: [0.16630151457737663, 0.3123917748917749, 0.22011324492942141, 0.23392857142857143, 0.2614035087719298, 0.21834130781499203, 0.3374913374913375, 0.31796251993620417, 0.3040247678018576, 0.2846638655462185, 0.35140545728781025, 0.28430103035366194, 0.2555378344852029, 0.23437663569242517, 0.2317045454545455]
 mean: 0.26759652776422194, std: 0.04966583704312022
Accuracy Intime: [0.39285714285714285, 0.2857142857142857, 0.35714285714285715, 0.3076923076923077, 0.2692307692307692, 0.35714285714285715, 0.42857142857142855, 0.35714285714285715, 0.38461538461538464, 0.19230769230769232, 0.25, 0.2857142857142857, 0.25, 0.34615384615384615, 0.34615384615384615]
 mean: 0.32069597069597067, std: 0.062158916469786774
F1 (Intime): [0.37936507936507935, 0.2773809523809524, 0.36715686274509807, 0.23863636363636365, 0.2632422402159244, 0.34063159063159065, 0.4270833333333333, 0.358974358974359, 0.38803418803418804, 0.20250582750582752, 0.23214285714285715, 0.2798867798867799, 0.24791666666666667, 0.3280195681511471, 0.33623680241327303]
 mean: 0.311147564738896, std: 0.06477000487222632
--------------------------------------------------
Subject Number: 15
Accuracy Cross: [0.25, 0.3088235294117647, 0.3235294117647059, 0.3088235294117647, 0.35294117647058826, 0.4117647058823529, 0.36764705882352944, 0.45588235294117646, 0.35294117647058826, 0.38235294117647056, 0.38235294117647056, 0.38235294117647056, 0.29411764705882354, 0.36764705882352944, 0.29411764705882354]
 mean: 0.34901960784313724, std: 0.05107457363776903
F1 Score: [0.2592462203446185, 0.30467823111410836, 0.3334874619704341, 0.3218102002931724, 0.3601394414972001, 0.419047619047619, 0.3770874183006536, 0.4600694444444444, 0.35230185607195497, 0.3899465965247888, 0.3903444116858751, 0.40383606931144556, 0.30308080808080806, 0.3801859632741985, 0.3144444444444444]
 mean: 0.35798041242705103, std: 0.0507448201282919
Accuracy Intime: [0.5357142857142857, 0.4642857142857143, 0.4642857142857143, 0.5384615384615384, 0.3076923076923077, 0.4642857142857143, 0.25, 0.5357142857142857, 0.46153846153846156, 0.34615384615384615, 0.5, 0.4642857142857143, 0.4642857142857143, 0.5, 0.38461538461538464]
 mean: 0.44542124542124545, std: 0.08313404500408943
F1 (Intime): [0.5429425837320574, 0.48492063492063486, 0.46190476190476193, 0.5570488721804511, 0.24696356275303644, 0.47136752136752136, 0.24841269841269842, 0.5420976082740788, 0.4373015873015873, 0.3551184110007639, 0.5058080808080808, 0.4570512820512821, 0.4642156862745098, 0.45555555555555555, 0.4192401960784313]
 mean: 0.4433299361743634, std: 0.09132306452486473
--------------------------------------------------
Subject Number: 16
Accuracy Cross: [0.3088235294117647, 0.29411764705882354, 0.3382352941176471, 0.29411764705882354, 0.35294117647058826, 0.3382352941176471, 0.3382352941176471, 0.27941176470588236, 0.29411764705882354, 0.2647058823529412, 0.29411764705882354, 0.27941176470588236, 0.25, 0.3088235294117647, 0.3235294117647059]
 mean: 0.3039215686274509, std: 0.028750741761990554
F1 Score: [0.2642731664470795, 0.2731527093596059, 0.3281921906693712, 0.29339555464343237, 0.33086682820725377, 0.3469206232364127, 0.3377565265950021, 0.2834057452932226, 0.2974514594906194, 0.2779809891878857, 0.2800129091377298, 0.2592771342771343, 0.23894602425286926, 0.2999547255234861, 0.3127249212775529]
 mean: 0.29495410050657717, std: 0.03027385793273422
Accuracy Intime: [0.42857142857142855, 0.42857142857142855, 0.42857142857142855, 0.3076923076923077, 0.5, 0.39285714285714285, 0.39285714285714285, 0.42857142857142855, 0.46153846153846156, 0.34615384615384615, 0.42857142857142855, 0.35714285714285715, 0.5, 0.5, 0.4230769230769231]
 mean: 0.4216117216117216, std: 0.054622373601752344
F1 (Intime): [0.42692307692307696, 0.388685617787785, 0.43487554112554105, 0.303030303030303, 0.4714285714285714, 0.3787878787878788, 0.4023109243697479, 0.42708333333333337, 0.43062200956937796, 0.3490333196215549, 0.44402819402819405, 0.3382867132867133, 0.4778950216450217, 0.5048701298701299, 0.34059343434343436]
 mean: 0.40789693794337756, std: 0.055799970600185
--------------------------------------------------
Subject Number: 17
Accuracy Cross: [0.5072463768115942, 0.37681159420289856, 0.4057971014492754, 0.4057971014492754, 0.391304347826087, 0.37681159420289856, 0.2753623188405797, 0.4057971014492754, 0.37681159420289856, 0.34782608695652173, 0.4411764705882353, 0.39705882352941174, 0.35294117647058826, 0.38235294117647056, 0.3088235294117647]
 mean: 0.38346121057118504, std: 0.05163220789228242
F1 Score: [0.487578320802005, 0.35774756659089585, 0.39786420566908376, 0.4003246753246753, 0.39074844074844073, 0.3505253283302064, 0.24326961906043884, 0.38506097560975605, 0.36704192546583847, 0.33325409111012827, 0.4296772068511199, 0.37276334776334774, 0.33478923647932135, 0.368468818197079, 0.29339909876994275]
 mean: 0.36750085711815195, std: 0.05459678773746541
Accuracy Intime: [0.17857142857142858, 0.39285714285714285, 0.35714285714285715, 0.38461538461538464, 0.34615384615384615, 0.39285714285714285, 0.4642857142857143, 0.32142857142857145, 0.5, 0.5, 0.32142857142857145, 0.42857142857142855, 0.35714285714285715, 0.4642857142857143, 0.34615384615384615]
 mean: 0.3836996336996337, std: 0.0801185237479403
F1 (Intime): [0.16988795518207284, 0.36656746031746035, 0.3473776223776224, 0.2912087912087912, 0.2851973684210526, 0.40922619047619047, 0.4232456140350877, 0.3442982456140351, 0.4722222222222222, 0.4858856421356421, 0.3179005205320995, 0.4051470588235294, 0.3404761904761905, 0.463095238095238, 0.30650252525252525]
 mean: 0.3618825763446506, std: 0.08140956170399562
--------------------------------------------------
Subject Number: 18
Accuracy Cross: [0.2028985507246377, 0.3333333333333333, 0.3188405797101449, 0.2898550724637681, 0.3333333333333333, 0.3235294117647059, 0.3088235294117647, 0.2647058823529412, 0.2647058823529412, 0.23529411764705882, 0.29411764705882354, 0.3382352941176471, 0.23529411764705882, 0.3088235294117647, 0.23529411764705882]
 mean: 0.2858056265984655, std: 0.041908139698888146
F1 Score: [0.19671743697478994, 0.3368770068407092, 0.3140071733821734, 0.2992578400281889, 0.3417199947760219, 0.3348422313939555, 0.30877192982456136, 0.26145833333333335, 0.2695168564043337, 0.24673864147548358, 0.28569566634082766, 0.3377538251422946, 0.23340548340548342, 0.3101310702413644, 0.24386557355093608]
 mean: 0.28805060420763046, std: 0.04296012091165294
Accuracy Intime: [0.32142857142857145, 0.2857142857142857, 0.4642857142857143, 0.19230769230769232, 0.23076923076923078, 0.35714285714285715, 0.2857142857142857, 0.42857142857142855, 0.23076923076923078, 0.19230769230769232, 0.17857142857142858, 0.32142857142857145, 0.5, 0.23076923076923078, 0.3076923076923077]
 mean: 0.3018315018315018, std: 0.09676086087788302
F1 (Intime): [0.30672105672105676, 0.2773809523809524, 0.47064777327935226, 0.18108974358974358, 0.22073412698412698, 0.36804861804861805, 0.28016874766100774, 0.41445809092867913, 0.2244019138755981, 0.21243867243867243, 0.1678362573099415, 0.29989944695827053, 0.5005272505272506, 0.22113095238095237, 0.3085497835497836]
 mean: 0.29693555910893377, std: 0.09846752260627967
--------------------------------------------------
Subject Number: 19
Accuracy Cross: [0.29411764705882354, 0.27941176470588236, 0.25, 0.3382352941176471, 0.4117647058823529, 0.38235294117647056, 0.27941176470588236, 0.3088235294117647, 0.2647058823529412, 0.3088235294117647, 0.25, 0.20588235294117646, 0.3382352941176471, 0.2647058823529412, 0.38235294117647056]
 mean: 0.30392156862745096, std: 0.05545935538718019
F1 Score: [0.2608870967741936, 0.2502155172413793, 0.2492550491115771, 0.2963203463203463, 0.3683608058608059, 0.36146586146586146, 0.25690362269309636, 0.297186390936391, 0.25037593984962403, 0.27838969794753365, 0.24983449833524796, 0.22520739064856712, 0.33336042159180457, 0.26606912728236254, 0.3942307692307693]
 mean: 0.289204169019304, std: 0.04989912794548304
Accuracy Intime: [0.35714285714285715, 0.42857142857142855, 0.39285714285714285, 0.38461538461538464, 0.4230769230769231, 0.42857142857142855, 0.32142857142857145, 0.5, 0.4230769230769231, 0.34615384615384615, 0.42857142857142855, 0.39285714285714285, 0.42857142857142855, 0.4230769230769231, 0.46153846153846156]
 mean: 0.40934065934065944, std: 0.04365741046359794
F1 (Intime): [0.34561403508771926, 0.40208333333333335, 0.3904532967032967, 0.37454212454212454, 0.46098484848484844, 0.40723039215686274, 0.315018315018315, 0.4906074317839024, 0.4274853801169591, 0.2967914438502674, 0.413961038961039, 0.3416666666666666, 0.41730769230769227, 0.4215686274509804, 0.4492424242424242]
 mean: 0.39697047004709546, std: 0.05225673051250892
--------------------------------------------------
Subject Number: 20
Accuracy Cross: [0.36764705882352944, 0.4117647058823529, 0.3235294117647059, 0.27941176470588236, 0.36764705882352944, 0.35294117647058826, 0.35294117647058826, 0.2647058823529412, 0.3235294117647059, 0.35294117647058826, 0.36231884057971014, 0.3333333333333333, 0.36231884057971014, 0.3333333333333333, 0.4057971014492754]
 mean: 0.34627735152031824, std: 0.038198905260793344
F1 Score: [0.3613528306059266, 0.40426221210817226, 0.32905166545901676, 0.27040043290043286, 0.3685290517675859, 0.35088217105023833, 0.3612714987714988, 0.27784491507317594, 0.32621649863029173, 0.3573565323565323, 0.3588941194628801, 0.32419626371239274, 0.3576829380400809, 0.32918050941306753, 0.39295830314208546]
 mean: 0.34467199616622524, std: 0.03540479912202019
Accuracy Intime: [0.4642857142857143, 0.4642857142857143, 0.39285714285714285, 0.2692307692307692, 0.34615384615384615, 0.42857142857142855, 0.5714285714285714, 0.6071428571428571, 0.46153846153846156, 0.34615384615384615, 0.4642857142857143, 0.42857142857142855, 0.39285714285714285, 0.2692307692307692, 0.3076923076923077]
 mean: 0.4142857142857143, std: 0.09510521866034054
F1 (Intime): [0.45705128205128204, 0.4537581699346405, 0.3924679487179487, 0.26587481146304676, 0.33035714285714285, 0.37905369484316853, 0.580392156862745, 0.6130952380952381, 0.46030440148087215, 0.3159722222222222, 0.4649122807017544, 0.45192307692307687, 0.3894007952831482, 0.31220238095238095, 0.2940447710184552]
 mean: 0.4107206915604748, std: 0.09742041168327399
--------------------------------------------------
Subject Number: 21
Accuracy Cross: [0.35294117647058826, 0.3382352941176471, 0.3382352941176471, 0.27941176470588236, 0.27941176470588236, 0.22058823529411764, 0.2647058823529412, 0.2647058823529412, 0.29411764705882354, 0.25, 0.23529411764705882, 0.29411764705882354, 0.2647058823529412, 0.20588235294117646, 0.25]
 mean: 0.27549019607843134, std: 0.041409239376358584
F1 Score: [0.33986627407680037, 0.3211787715836522, 0.33531746031746035, 0.27288037166085943, 0.27888513513513513, 0.2056264243870356, 0.26101091890565575, 0.26542636733185515, 0.2856527093596059, 0.2459612573099415, 0.2185810810810811, 0.287417351232218, 0.2514532568880395, 0.20193181818181818, 0.24894039534319667]
 mean: 0.2680086395196237, std: 0.0410132301408462
Accuracy Intime: [0.35714285714285715, 0.5714285714285714, 0.32142857142857145, 0.2692307692307692, 0.38461538461538464, 0.2857142857142857, 0.39285714285714285, 0.35714285714285715, 0.3076923076923077, 0.23076923076923078, 0.39285714285714285, 0.39285714285714285, 0.32142857142857145, 0.2692307692307692, 0.34615384615384615]
 mean: 0.34670329670329664, std: 0.07767943171147165
F1 (Intime): [0.31491228070175437, 0.6011904761904762, 0.2720551378446115, 0.2685897435897436, 0.37142857142857144, 0.2638129414445204, 0.3759965524671407, 0.3053884711779448, 0.28888888888888886, 0.24047619047619045, 0.3470992822966507, 0.41309523809523807, 0.30396825396825394, 0.22916666666666666, 0.33405103668261565]
 mean: 0.32867464879461783, std: 0.08848959230116757
--------------------------------------------------
Subject Number: 22
Accuracy Cross: [0.3235294117647059, 0.3088235294117647, 0.2647058823529412, 0.22058823529411764, 0.2647058823529412, 0.2753623188405797, 0.30434782608695654, 0.36231884057971014, 0.30434782608695654, 0.2753623188405797, 0.3382352941176471, 0.29411764705882354, 0.3088235294117647, 0.3088235294117647, 0.35294117647058826]
 mean: 0.30046888320545606, std: 0.035605487417408
F1 Score: [0.33531806713051454, 0.2787239340180517, 0.2799145299145299, 0.2139952153110048, 0.24472402597402595, 0.2470238095238095, 0.2929161176987264, 0.3521695212999561, 0.31561550463989485, 0.2239743855697803, 0.35872989060489063, 0.2900748148909914, 0.29615384615384616, 0.3132385730211817, 0.36964410270036874]
 mean: 0.29414775589677145, std: 0.046355227015848675
Accuracy Intime: [0.35714285714285715, 0.42857142857142855, 0.32142857142857145, 0.4230769230769231, 0.3076923076923077, 0.4642857142857143, 0.4642857142857143, 0.2857142857142857, 0.3076923076923077, 0.34615384615384615, 0.5, 0.35714285714285715, 0.39285714285714285, 0.4230769230769231, 0.34615384615384615]
 mean: 0.3816849816849817, std: 0.06372573699436555
F1 (Intime): [0.3540064102564103, 0.43848039215686274, 0.29375, 0.40746096009253907, 0.30876623376623374, 0.4633838383838384, 0.4777097902097902, 0.30957602339181284, 0.26783216783216784, 0.2892156862745098, 0.4821428571428571, 0.3583083583083583, 0.39368686868686864, 0.40004084967320264, 0.2808845029239766]
 mean: 0.36834966260662855, std: 0.07253810055864385
--------------------------------------------------
Subject Number: 23
Accuracy Cross: [0.21739130434782608, 0.3188405797101449, 0.2898550724637681, 0.36231884057971014, 0.2898550724637681, 0.29411764705882354, 0.3088235294117647, 0.29411764705882354, 0.2647058823529412, 0.3235294117647059, 0.2318840579710145, 0.2753623188405797, 0.30434782608695654, 0.2463768115942029, 0.3188405797101449]
 mean: 0.28935777209434493, std: 0.03652603351362427
F1 Score: [0.2182522903453136, 0.29858911413789463, 0.27776171197223826, 0.3353403403403404, 0.27830879660147956, 0.26130174291939, 0.30853174603174605, 0.2875078425281265, 0.2658528562259307, 0.2954179728317659, 0.1844584409991387, 0.25355652099838144, 0.2793634014564247, 0.22688060731538992, 0.25637701889266346]
 mean: 0.26850002690641495, std: 0.03661556456787443
Accuracy Intime: [0.32142857142857145, 0.5714285714285714, 0.35714285714285715, 0.2692307692307692, 0.34615384615384615, 0.39285714285714285, 0.4642857142857143, 0.39285714285714285, 0.39285714285714285, 0.34615384615384615, 0.39285714285714285, 0.5, 0.39285714285714285, 0.4230769230769231, 0.38461538461538464]
 mean: 0.3965201465201466, std: 0.07083911943521506
F1 (Intime): [0.31547619047619047, 0.5388257575757576, 0.3645249766573296, 0.2294642857142857, 0.3539695598519128, 0.4241854636591479, 0.4146739130434782, 0.38541666666666663, 0.4171626984126984, 0.3408119658119658, 0.37797619047619047, 0.46825396825396826, 0.38192355889724305, 0.42553688141923435, 0.3522727272727273]
 mean: 0.38603165361258646, std: 0.06790238284504337
--------------------------------------------------
Subject Number: 24
Accuracy Cross: [0.3382352941176471, 0.3235294117647059, 0.23529411764705882, 0.3088235294117647, 0.3088235294117647, 0.2647058823529412, 0.3235294117647059, 0.29411764705882354, 0.36764705882352944, 0.2647058823529412, 0.27941176470588236, 0.22058823529411764, 0.25, 0.3088235294117647, 0.2647058823529412]
 mean: 0.2901960784313726, std: 0.03926467528333488
F1 Score: [0.3392695837548779, 0.32212128094481035, 0.23154020828439434, 0.296637519872814, 0.3087121212121212, 0.26126303662381756, 0.3187580437580438, 0.2933717416476037, 0.3422939068100358, 0.2516869095816464, 0.29426803816338704, 0.22413670264370605, 0.24735905856595514, 0.3135511441963055, 0.2656990068754775]
 mean: 0.28737788686233307, std: 0.03683682108897805
Accuracy Intime: [0.32142857142857145, 0.25, 0.39285714285714285, 0.2692307692307692, 0.19230769230769232, 0.21428571428571427, 0.25, 0.32142857142857145, 0.5, 0.38461538461538464, 0.39285714285714285, 0.35714285714285715, 0.32142857142857145, 0.4230769230769231, 0.38461538461538464]
 mean: 0.33168498168498173, std: 0.08213300482810927
F1 (Intime): [0.30490196078431375, 0.2233201581027668, 0.39207634470792363, 0.25913461538461535, 0.1468253968253968, 0.19103506787330318, 0.2466346153846154, 0.32142857142857145, 0.5117521367521367, 0.37626262626262624, 0.3680332739156269, 0.3379679144385027, 0.2876373626373626, 0.399702380952381, 0.3761655011655011]
 mean: 0.31619186177437625, std: 0.09069425028424398
--------------------------------------------------
Subject Number: 25
Accuracy Cross: [0.2608695652173913, 0.2608695652173913, 0.37681159420289856, 0.3333333333333333, 0.2753623188405797, 0.36764705882352944, 0.3088235294117647, 0.35294117647058826, 0.4117647058823529, 0.38235294117647056, 0.27941176470588236, 0.35294117647058826, 0.35294117647058826, 0.25, 0.3088235294117647]
 mean: 0.32499289570900824, std: 0.04942888966583625
F1 Score: [0.23825757575757572, 0.24184206597999702, 0.3663036301368298, 0.3211412743432448, 0.24598155467720684, 0.3280272867229389, 0.2763598836663852, 0.33885658914728684, 0.3705677655677656, 0.3512794612794613, 0.29992784992784993, 0.35137093615354487, 0.32126368022594437, 0.22882032667876587, 0.2617261904761905]
 mean: 0.3027817380493991, std: 0.048253277891088145
Accuracy Intime: [0.4642857142857143, 0.4642857142857143, 0.2857142857142857, 0.4230769230769231, 0.38461538461538464, 0.32142857142857145, 0.32142857142857145, 0.35714285714285715, 0.5384615384615384, 0.34615384615384615, 0.35714285714285715, 0.35714285714285715, 0.32142857142857145, 0.4230769230769231, 0.19230769230769232]
 mean: 0.3705128205128205, std: 0.08116797902504441
F1 (Intime): [0.46540301803459705, 0.46269841269841266, 0.29915935672514615, 0.42007575757575755, 0.34305555555555556, 0.3104166666666667, 0.29693223443223443, 0.3528138528138528, 0.440359477124183, 0.2943452380952381, 0.3262032085561497, 0.35281385281385275, 0.29329004329004327, 0.4423701298701299, 0.1742081447963801]
 mean: 0.35160966326988, std: 0.07848651968381219
--------------------------------------------------
Subject Number: 26
Accuracy Cross: [0.4057971014492754, 0.391304347826087, 0.391304347826087, 0.37681159420289856, 0.4057971014492754, 0.3088235294117647, 0.35294117647058826, 0.3235294117647059, 0.39705882352941174, 0.27941176470588236, 0.4117647058823529, 0.4264705882352941, 0.38235294117647056, 0.45588235294117646, 0.38235294117647056]
 mean: 0.3794401818698494, std: 0.044666118753078084
F1 Score: [0.4010797342192691, 0.3773234743979425, 0.38549531863485353, 0.38417546505781797, 0.3903907496012759, 0.30172748447204967, 0.3498790830186179, 0.31217093717093714, 0.39623895001963655, 0.3019464105156724, 0.416037296037296, 0.4320368228262965, 0.3803808353808354, 0.45786772349272353, 0.4007786066609596]
 mean: 0.3791685927670789, std: 0.04403729561404017
Accuracy Intime: [0.4642857142857143, 0.4642857142857143, 0.35714285714285715, 0.38461538461538464, 0.38461538461538464, 0.2857142857142857, 0.5714285714285714, 0.39285714285714285, 0.46153846153846156, 0.23076923076923078, 0.32142857142857145, 0.21428571428571427, 0.39285714285714285, 0.38461538461538464, 0.38461538461538464]
 mean: 0.37967032967032976, std: 0.0896250244667581
F1 (Intime): [0.4371345029239766, 0.4356460532931121, 0.3560606060606061, 0.3820512820512821, 0.3873376623376623, 0.2814587373410903, 0.5658730158730159, 0.4014604246802389, 0.4673992673992674, 0.2623663101604278, 0.2905594405594406, 0.215311004784689, 0.3970779220779221, 0.36388888888888893, 0.34934640522875815]
 mean: 0.3728647682440252, std: 0.08525932033591066
--------------------------------------------------
Subject Number: 27
Accuracy Cross: [0.5072463768115942, 0.37681159420289856, 0.4057971014492754, 0.4057971014492754, 0.391304347826087, 0.37681159420289856, 0.2753623188405797, 0.4057971014492754, 0.37681159420289856, 0.34782608695652173, 0.4411764705882353, 0.39705882352941174, 0.35294117647058826, 0.38235294117647056, 0.3088235294117647]
 mean: 0.38346121057118504, std: 0.05163220789228242
F1 Score: [0.487578320802005, 0.35774756659089585, 0.39786420566908376, 0.4003246753246753, 0.39074844074844073, 0.3505253283302064, 0.24326961906043884, 0.38506097560975605, 0.36704192546583847, 0.33325409111012827, 0.4296772068511199, 0.37276334776334774, 0.33478923647932135, 0.368468818197079, 0.29339909876994275]
 mean: 0.36750085711815195, std: 0.05459678773746541
Accuracy Intime: [0.17857142857142858, 0.39285714285714285, 0.35714285714285715, 0.38461538461538464, 0.34615384615384615, 0.39285714285714285, 0.4642857142857143, 0.32142857142857145, 0.5, 0.5, 0.32142857142857145, 0.42857142857142855, 0.35714285714285715, 0.4642857142857143, 0.34615384615384615]
 mean: 0.3836996336996337, std: 0.0801185237479403
F1 (Intime): [0.16988795518207284, 0.36656746031746035, 0.3473776223776224, 0.2912087912087912, 0.2851973684210526, 0.40922619047619047, 0.4232456140350877, 0.3442982456140351, 0.4722222222222222, 0.4858856421356421, 0.3179005205320995, 0.4051470588235294, 0.3404761904761905, 0.463095238095238, 0.30650252525252525]
 mean: 0.3618825763446506, std: 0.08140956170399562
--------------------------------------------------
Subject Number: 28
Accuracy Cross: [0.23529411764705882, 0.29411764705882354, 0.2647058823529412, 0.17647058823529413, 0.23529411764705882, 0.25, 0.25, 0.22058823529411764, 0.2647058823529412, 0.3382352941176471, 0.23529411764705882, 0.35294117647058826, 0.29411764705882354, 0.3088235294117647, 0.23529411764705882]
 mean: 0.26372549019607844, std: 0.04507672130420647
F1 Score: [0.23194444444444445, 0.2789300499728107, 0.2462280026239982, 0.17077175697865352, 0.21874039938556067, 0.230028982067795, 0.24353247984826934, 0.21979908196211148, 0.2560236974550196, 0.33120759399829164, 0.22655677655677656, 0.33229563213784813, 0.27926595645266794, 0.29653371758634917, 0.21443812233285917]
 mean: 0.25175311292023034, std: 0.0431877798972581
Accuracy Intime: [0.35714285714285715, 0.5, 0.35714285714285715, 0.46153846153846156, 0.38461538461538464, 0.39285714285714285, 0.35714285714285715, 0.32142857142857145, 0.38461538461538464, 0.4230769230769231, 0.2857142857142857, 0.32142857142857145, 0.42857142857142855, 0.2692307692307692, 0.3076923076923077]
 mean: 0.3701465201465201, std: 0.06262665118446742
F1 (Intime): [0.35119047619047616, 0.46304179566563464, 0.34736990950226243, 0.43178104575163395, 0.3497076023391813, 0.3048245614035088, 0.3464349376114082, 0.30456385719543616, 0.3723214285714286, 0.4107142857142857, 0.27847222222222223, 0.31527777777777777, 0.43214285714285716, 0.2225371120107962, 0.2845301757066463]
 mean: 0.3476606696537036, std: 0.06392587070242378
--------------------------------------------------
Subject Number: 29
Accuracy Cross: [0.4264705882352941, 0.3382352941176471, 0.38235294117647056, 0.35294117647058826, 0.4117647058823529, 0.4117647058823529, 0.35294117647058826, 0.3382352941176471, 0.4117647058823529, 0.29411764705882354, 0.391304347826087, 0.34782608695652173, 0.3188405797101449, 0.43478260869565216, 0.463768115942029]
 mean: 0.37847399829497014, std: 0.04648116904875936
F1 Score: [0.4501455631466395, 0.3416360049058817, 0.3888392857142857, 0.3661249289156266, 0.4220245215311005, 0.4318213489409142, 0.34383548541367764, 0.3605087440381558, 0.43762458471760796, 0.3066624895572264, 0.40294117647058825, 0.36157019980549393, 0.3107257326007326, 0.44999999999999996, 0.48719729344729346]
 mean: 0.39077715728034834, std: 0.05279839384161791
Accuracy Intime: [0.35714285714285715, 0.39285714285714285, 0.5357142857142857, 0.5, 0.34615384615384615, 0.42857142857142855, 0.39285714285714285, 0.42857142857142855, 0.38461538461538464, 0.4230769230769231, 0.39285714285714285, 0.35714285714285715, 0.32142857142857145, 0.4230769230769231, 0.38461538461538464]
 mean: 0.4045787545787546, std: 0.05426749507655662
F1 (Intime): [0.3479755538579068, 0.4036319073083779, 0.527204168380639, 0.5372405372405372, 0.3382352941176471, 0.43755411255411253, 0.39684335272570564, 0.43166208791208793, 0.430952380952381, 0.40404040404040403, 0.39743589743589747, 0.359313725490196, 0.283695652173913, 0.42179487179487174, 0.36926406926406924]
 mean: 0.4057896010165832, std: 0.06379821683188143
--------------------------------------------------
**************************************************
accuracy_cross_list: [0.32980960500142087, 0.2961494742824666, 0.2427252060244388, 0.34396135265700484, 0.34215686274509793, 0.3322108553566354, 0.34019607843137245, 0.2401960784313725, 0.33921568627450976, 0.24884910485933506, 0.3188405797101449, 0.3181443591929526, 0.27814720090934925, 0.2725490196078431, 0.34901960784313724, 0.3039215686274509, 0.38346121057118504, 0.2858056265984655, 0.30392156862745096, 0.34627735152031824, 0.27549019607843134, 0.30046888320545606, 0.28935777209434493, 0.2901960784313726, 0.32499289570900824, 0.3794401818698494, 0.38346121057118504, 0.26372549019607844, 0.37847399829497014]
f1_score_list: [0.3161517018621212, 0.2695554956615448, 0.23457804790771408, 0.3395204200129, 0.3335413818847118, 0.30612216480494575, 0.3338804801686618, 0.23285216316252835, 0.3482971208650247, 0.23997098387070037, 0.3049877054096547, 0.3076910381486097, 0.27485784851760475, 0.26759652776422194, 0.35798041242705103, 0.29495410050657717, 0.36750085711815195, 0.28805060420763046, 0.289204169019304, 0.34467199616622524, 0.2680086395196237, 0.29414775589677145, 0.26850002690641495, 0.28737788686233307, 0.3027817380493991, 0.3791685927670789, 0.36750085711815195, 0.25175311292023034, 0.39077715728034834]
accuracy_intime_list: [0.3721611721611721, 0.3668498168498168, 0.3424908424908425, 0.36666666666666664, 0.452014652014652, 0.3998168498168497, 0.37417582417582423, 0.31373626373626373, 0.39835164835164844, 0.31355311355311355, 0.35842490842490843, 0.3695970695970695, 0.34010989010989007, 0.32069597069597067, 0.44542124542124545, 0.4216117216117216, 0.3836996336996337, 0.3018315018315018, 0.40934065934065944, 0.4142857142857143, 0.34670329670329664, 0.3816849816849817, 0.3965201465201466, 0.33168498168498173, 0.3705128205128205, 0.37967032967032976, 0.3836996336996337, 0.3701465201465201, 0.4045787545787546]
f1_score_intime_list: [0.3600005086073198, 0.35404111147498546, 0.33798724609870123, 0.3551409446533285, 0.4332751880042901, 0.3705627271765043, 0.3472494060806755, 0.2947983114236984, 0.39401943143429213, 0.3034724507518625, 0.3379758667632204, 0.3531734907392803, 0.3285451549654336, 0.311147564738896, 0.4433299361743634, 0.40789693794337756, 0.3618825763446506, 0.29693555910893377, 0.39697047004709546, 0.4107206915604748, 0.32867464879461783, 0.36834966260662855, 0.38603165361258646, 0.31619186177437625, 0.35160966326988, 0.3728647682440252, 0.3618825763446506, 0.3476606696537036, 0.4057896010165832]
**************************************************
ACC: 31.38±4.09
F1: 30.56±4.33
Intime: 37.34±3.70
F1 (Intime): 35.99±3.81
