1e-04
Subject Number: 1
Accuracy Cross: [0.6785714285714286, 0.7023809523809523, 0.6904761904761905, 0.6904761904761905, 0.7142857142857143, 0.6309523809523809, 0.5952380952380952, 0.7619047619047619, 0.7142857142857143, 0.75, 0.7380952380952381, 0.7261904761904762, 0.6904761904761905, 0.7380952380952381, 0.7619047619047619]
 mean: 0.7055555555555555, std: 0.04485355920934854
F1 Score: [0.6679841897233202, 0.6734566941377702, 0.6676810712111991, 0.671875, 0.7005347593582887, 0.6304810557684121, 0.5931623931623932, 0.761769710720363, 0.7141236528644356, 0.7499645641389086, 0.7223557692307692, 0.7079365079365079, 0.662962962962963, 0.71880706025563, 0.7475961538461539]
 mean: 0.6927127696878075, std: 0.04478170636113995
Accuracy Intime: [0.6176470588235294, 0.9117647058823529, 0.7058823529411765, 0.8823529411764706, 0.8125, 0.5588235294117647, 0.6764705882352942, 0.7352941176470589, 0.7352941176470589, 0.875, 0.7352941176470589, 0.7352941176470589, 0.7941176470588235, 0.9117647058823529, 0.84375]
 mean: 0.76875, std: 0.10234904981897289
F1 (Intime): [0.6173160173160173, 0.9116883116883117, 0.7048611111111112, 0.8785714285714286, 0.8117647058823529, 0.5553618134263296, 0.6761904761904762, 0.7332170880557978, 0.7294429708222812, 0.8745098039215686, 0.7350649350649351, 0.7235772357723578, 0.793939393939394, 0.9110723626852659, 0.8435972629521017]
 mean: 0.7666783278266485, std: 0.10297382240097244
--------------------------------------------------
Subject Number: 2
Accuracy Cross: [0.6785714285714286, 0.6190476190476191, 0.7023809523809523, 0.6071428571428571, 0.5952380952380952, 0.6904761904761905, 0.6547619047619048, 0.7619047619047619, 0.6666666666666666, 0.7142857142857143, 0.6547619047619048, 0.6309523809523809, 0.6547619047619048, 0.6666666666666666, 0.6785714285714286]
 mean: 0.665079365079365, std: 0.04166477697906884
F1 Score: [0.6729632299927901, 0.6135710178263369, 0.7002997002997002, 0.5942028985507246, 0.5868055555555556, 0.6860264519838988, 0.653534347887925, 0.761769710720363, 0.6636155606407322, 0.7101782633697526, 0.650752688172043, 0.6283716283716283, 0.6487382840663303, 0.6597222222222223, 0.6763236763236764]
 mean: 0.6604583490655787, std: 0.043755162222755564
Accuracy Intime: [0.8235294117647058, 0.5588235294117647, 0.6470588235294118, 0.7352941176470589, 0.6875, 0.7647058823529411, 0.7352941176470589, 0.7058823529411765, 0.7647058823529411, 0.53125, 0.7647058823529411, 0.7352941176470589, 0.7058823529411765, 0.7647058823529411, 0.75]
 mean: 0.7116421568627449, std: 0.07644014131179885
F1 (Intime): [0.8210526315789474, 0.5584415584415584, 0.6458333333333333, 0.7350649350649351, 0.6761133603238867, 0.7647058823529411, 0.7350649350649351, 0.7048611111111112, 0.7647058823529411, 0.530791788856305, 0.7638888888888888, 0.7294429708222812, 0.7017543859649122, 0.7638888888888888, 0.75]
 mean: 0.7097073702030577, std: 0.07650927321114469
--------------------------------------------------
Subject Number: 3
Accuracy Cross: [0.5833333333333334, 0.6071428571428571, 0.6071428571428571, 0.6190476190476191, 0.5833333333333334, 0.6071428571428571, 0.6547619047619048, 0.5952380952380952, 0.7380952380952381, 0.6547619047619048, 0.6785714285714286, 0.6785714285714286, 0.6071428571428571, 0.6071428571428571, 0.6904761904761905]
 mean: 0.6341269841269842, std: 0.04421710564185436
F1 Score: [0.5555555555555556, 0.5859596713965647, 0.5942028985507246, 0.6007130124777184, 0.5353247984826932, 0.6070871722182849, 0.653534347887925, 0.595008508224617, 0.7375, 0.654320987654321, 0.6571428571428571, 0.6525203002910984, 0.5942028985507246, 0.6002883922134102, 0.662962962962963]
 mean: 0.6190882909072972, std: 0.04881515790226751
Accuracy Intime: [0.7941176470588235, 0.8529411764705882, 0.6176470588235294, 0.6470588235294118, 0.78125, 0.6176470588235294, 0.5294117647058824, 0.6176470588235294, 0.7352941176470589, 0.78125, 0.6470588235294118, 0.6470588235294118, 0.6764705882352942, 0.5588235294117647, 0.6875]
 mean: 0.6794117647058823, std: 0.08900754782478199
F1 (Intime): [0.7925021795989537, 0.85178727114211, 0.6146469049694856, 0.6458333333333333, 0.7793103448275862, 0.6146469049694856, 0.5277777777777778, 0.6146469049694856, 0.7332170880557978, 0.7810361681329423, 0.6458333333333333, 0.6458333333333333, 0.6761904761904762, 0.5553618134263296, 0.6666666666666667]
 mean: 0.6763527000484731, std: 0.08947428400474862
--------------------------------------------------
Subject Number: 4
Accuracy Cross: [0.5595238095238095, 0.47619047619047616, 0.5238095238095238, 0.5476190476190477, 0.5476190476190477, 0.5833333333333334, 0.6309523809523809, 0.5952380952380952, 0.5595238095238095, 0.5476190476190477, 0.5238095238095238, 0.6071428571428571, 0.6190476190476191, 0.6071428571428571, 0.5]
 mean: 0.5619047619047618, std: 0.043513492577373955
F1 Score: [0.5594613749114103, 0.4758933635847986, 0.5194508009153318, 0.5434782608695652, 0.5452991452991452, 0.578494623655914, 0.6283716283716283, 0.5943181818181817, 0.5589612601106854, 0.5452991452991452, 0.5227272727272727, 0.6066411238825031, 0.6188315371525808, 0.6043956043956044, 0.49886363636363634]
 mean: 0.5600324639571601, std: 0.04347689698163105
Accuracy Intime: [0.7352941176470589, 0.7058823529411765, 0.7352941176470589, 0.7352941176470589, 0.59375, 0.7352941176470589, 0.8235294117647058, 0.5882352941176471, 0.6764705882352942, 0.625, 0.6470588235294118, 0.7647058823529411, 0.5588235294117647, 0.6470588235294118, 0.5625]
 mean: 0.6756127450980393, std: 0.07743566024951028
F1 (Intime): [0.7332170880557978, 0.7048611111111112, 0.7350649350649351, 0.7350649350649351, 0.5901477832512315, 0.7332170880557978, 0.8229166666666667, 0.5824561403508772, 0.6761904761904762, 0.625, 0.6470588235294118, 0.7638888888888888, 0.5490716180371353, 0.6458333333333333, 0.5607843137254902]
 mean: 0.6736515467550727, std: 0.07892583163270421
--------------------------------------------------
Subject Number: 5
Accuracy Cross: [0.7023809523809523, 0.5714285714285714, 0.6547619047619048, 0.6190476190476191, 0.7380952380952381, 0.6666666666666666, 0.6190476190476191, 0.6071428571428571, 0.6428571428571429, 0.5833333333333334, 0.6785714285714286, 0.7023809523809523, 0.7142857142857143, 0.7619047619047619, 0.6071428571428571]
 mean: 0.657936507936508, std: 0.055578226666703485
F1 Score: [0.7020008514261388, 0.5704545454545455, 0.6523476523476524, 0.6135710178263369, 0.7379466817923993, 0.6636155606407322, 0.6155606407322655, 0.6066411238825031, 0.6420454545454546, 0.578494623655914, 0.6748387096774193, 0.7020008514261388, 0.7141236528644356, 0.7606837606837606, 0.6066411238825031]
 mean: 0.6560644167225467, std: 0.05629602137783283
Accuracy Intime: [0.7941176470588235, 0.7352941176470589, 0.7352941176470589, 0.6470588235294118, 0.78125, 0.6470588235294118, 0.7941176470588235, 0.7941176470588235, 0.7647058823529411, 0.53125, 0.5882352941176471, 0.7352941176470589, 0.7647058823529411, 0.7647058823529411, 0.59375]
 mean: 0.7113970588235294, std: 0.08382030437552426
F1 (Intime): [0.793939393939394, 0.7332170880557978, 0.7332170880557978, 0.6357142857142857, 0.7810361681329423, 0.6263736263736264, 0.7925021795989537, 0.793939393939394, 0.7647058823529411, 0.5076923076923077, 0.5868055555555556, 0.7294429708222812, 0.7638888888888888, 0.7638888888888888, 0.5933528836754643]
 mean: 0.706647773445768, std: 0.08879048142761196
--------------------------------------------------
Subject Number: 6
Accuracy Cross: [0.5357142857142857, 0.5238095238095238, 0.5595238095238095, 0.5476190476190477, 0.6071428571428571, 0.6428571428571429, 0.5714285714285714, 0.5952380952380952, 0.5357142857142857, 0.5595238095238095, 0.6666666666666666, 0.5238095238095238, 0.5952380952380952, 0.5238095238095238, 0.5357142857142857]
 mean: 0.5682539682539682, std: 0.04313548648159108
F1 Score: [0.5324675324675324, 0.5227272727272727, 0.5579576162708006, 0.5476190476190477, 0.6043956043956044, 0.641025641025641, 0.5675057208237986, 0.595008508224617, 0.5340634333665197, 0.5589612601106854, 0.6666666666666666, 0.5238095238095238, 0.5952380952380952, 0.5235394214407261, 0.5351213282247764]
 mean: 0.5670737781607538, std: 0.04314594702675167
Accuracy Intime: [0.6470588235294118, 0.6176470588235294, 0.5588235294117647, 0.6176470588235294, 0.75, 0.6764705882352942, 0.5882352941176471, 0.6764705882352942, 0.6176470588235294, 0.71875, 0.5882352941176471, 0.6176470588235294, 0.5882352941176471, 0.5588235294117647, 0.65625]
 mean: 0.6318627450980391, std: 0.05385105683798827
F1 (Intime): [0.6357142857142857, 0.6146469049694856, 0.5584415584415584, 0.6173160173160173, 0.75, 0.6761904761904762, 0.5641025641025641, 0.6621499548328816, 0.6173160173160173, 0.7117117117117118, 0.5882352941176471, 0.6007226738934056, 0.5868055555555556, 0.5584415584415584, 0.6532019704433498]
 mean: 0.6263331028697675, std: 0.054296510655025394
--------------------------------------------------
Subject Number: 7
Accuracy Cross: [0.5952380952380952, 0.47619047619047616, 0.6785714285714286, 0.5476190476190477, 0.6666666666666666, 0.5, 0.5714285714285714, 0.5, 0.5357142857142857, 0.5595238095238095, 0.5714285714285714, 0.5119047619047619, 0.5833333333333334, 0.5238095238095238, 0.5476190476190477]
 mean: 0.557936507936508, std: 0.0554761337057184
F1 Score: [0.5943181818181817, 0.47139588100686497, 0.6774285307922059, 0.5473624503686898, 0.6666666666666666, 0.49743589743589745, 0.5625, 0.4928119608970673, 0.5340634333665197, 0.5487149702337738, 0.5704545454545455, 0.5118355776045358, 0.5828011919965943, 0.5235394214407261, 0.5434782608695652]
 mean: 0.5549871313301222, std: 0.056429656524505094
Accuracy Intime: [0.5588235294117647, 0.5588235294117647, 0.5588235294117647, 0.6764705882352942, 0.78125, 0.5294117647058824, 0.6176470588235294, 0.5882352941176471, 0.6176470588235294, 0.6875, 0.5588235294117647, 0.6764705882352942, 0.6176470588235294, 0.6764705882352942, 0.5625]
 mean: 0.6177696078431372, std: 0.06711100301931966
F1 (Intime): [0.5490716180371353, 0.5553618134263296, 0.5584415584415584, 0.6761904761904762, 0.7810361681329423, 0.5277777777777778, 0.6091954022988506, 0.5882352941176471, 0.6091954022988506, 0.6875, 0.5553618134263296, 0.6739319965126417, 0.6173160173160173, 0.6761904761904762, 0.5555555555555556]
 mean: 0.6146907579815059, std: 0.0684950836390694
--------------------------------------------------
Subject Number: 8
Accuracy Cross: [0.7976190476190477, 0.7142857142857143, 0.7738095238095238, 0.7738095238095238, 0.7261904761904762, 0.6785714285714286, 0.6785714285714286, 0.6428571428571429, 0.6785714285714286, 0.6785714285714286, 0.7857142857142857, 0.7261904761904762, 0.7142857142857143, 0.8452380952380952, 0.6785714285714286]
 mean: 0.7261904761904762, std: 0.05532833351724881
F1 Score: [0.7975903614457831, 0.7142857142857143, 0.7722277722277722, 0.7737774627923459, 0.7258407833120477, 0.6748387096774193, 0.6781609195402298, 0.6377228292121909, 0.6785258681785967, 0.6763236763236764, 0.7852272727272727, 0.725216896600768, 0.7101782633697526, 0.8450404427415921, 0.6785258681785967]
 mean: 0.7248988560409172, std: 0.056135318584396465
Accuracy Intime: [0.8235294117647058, 0.7058823529411765, 0.7941176470588235, 0.7352941176470589, 0.84375, 0.8235294117647058, 0.8529411764705882, 0.5588235294117647, 0.6470588235294118, 0.8125, 0.9117647058823529, 0.8235294117647058, 0.6470588235294118, 0.7352941176470589, 0.8125]
 mean: 0.7685049019607842, std: 0.09183935055864785
F1 (Intime): [0.8229166666666667, 0.7048611111111112, 0.793939393939394, 0.7350649350649351, 0.8423645320197044, 0.8210526315789474, 0.8528138528138528, 0.5553618134263296, 0.6421052631578947, 0.8117647058823529, 0.9116883116883117, 0.8210526315789474, 0.6470588235294118, 0.7332170880557978, 0.8056680161943319]
 mean: 0.7667286517805325, std: 0.09236521139633669
--------------------------------------------------
Subject Number: 9
Accuracy Cross: [0.6904761904761905, 0.6309523809523809, 0.7261904761904762, 0.6904761904761905, 0.6904761904761905, 0.6904761904761905, 0.6309523809523809, 0.5833333333333334, 0.6309523809523809, 0.6309523809523809, 0.6190476190476191, 0.6666666666666666, 0.6785714285714286, 0.6309523809523809, 0.6904761904761905]
 mean: 0.6587301587301587, std: 0.0375624113212674
F1 Score: [0.6876430205949657, 0.6304810557684121, 0.723010752688172, 0.6897727272727273, 0.6897727272727273, 0.6860264519838988, 0.6283716283716283, 0.5818517991750818, 0.6296401649836438, 0.6296401649836438, 0.5909920876445527, 0.6571428571428571, 0.6706838971976187, 0.6304810557684121, 0.671875]
 mean: 0.6531590260565562, std: 0.03847232898137367
Accuracy Intime: [0.7352941176470589, 0.7352941176470589, 0.8529411764705882, 0.6176470588235294, 0.59375, 0.7352941176470589, 0.6764705882352942, 0.5882352941176471, 0.7941176470588235, 0.71875, 0.7941176470588235, 0.8823529411764706, 0.8529411764705882, 0.7058823529411765, 0.84375]
 mean: 0.7417892156862745, std: 0.092180652436307
F1 (Intime): [0.7350649350649351, 0.7235772357723578, 0.85178727114211, 0.6146469049694856, 0.5901477832512315, 0.7294429708222812, 0.6739319965126417, 0.575, 0.793939393939394, 0.716256157635468, 0.793939393939394, 0.8823529411764706, 0.8528138528138528, 0.7058823529411765, 0.8398398398398399]
 mean: 0.7385748686547091, std: 0.09421129709107297
--------------------------------------------------
Subject Number: 10
Accuracy Cross: [0.5714285714285714, 0.6190476190476191, 0.6309523809523809, 0.5952380952380952, 0.5595238095238095, 0.5833333333333334, 0.5833333333333334, 0.5833333333333334, 0.5714285714285714, 0.5952380952380952, 0.6428571428571429, 0.6428571428571429, 0.6666666666666666, 0.7023809523809523, 0.6904761904761905]
 mean: 0.6158730158730158, std: 0.04357135628987557
F1 Score: [0.5711854792966535, 0.6135710178263369, 0.6266666666666667, 0.5915331807780321, 0.5594613749114103, 0.5828011919965943, 0.5828011919965943, 0.5832742735648476, 0.5711854792966535, 0.595008508224617, 0.641025641025641, 0.641025641025641, 0.6636155606407322, 0.6896704595832718, 0.6904761904761905]
 mean: 0.6135534571539922, std: 0.04167461437873323
Accuracy Intime: [0.7058823529411765, 0.6470588235294118, 0.5588235294117647, 0.6764705882352942, 0.59375, 0.7352941176470589, 0.5882352941176471, 0.6176470588235294, 0.5882352941176471, 0.53125, 0.6176470588235294, 0.5, 0.5882352941176471, 0.6176470588235294, 0.46875]
 mean: 0.6023284313725489, std: 0.06953833522136893
F1 (Intime): [0.7058823529411765, 0.6136363636363636, 0.5584415584415584, 0.6761904761904762, 0.5933528836754643, 0.7350649350649351, 0.5868055555555556, 0.6173160173160173, 0.575, 0.5270935960591133, 0.6091954022988506, 0.49956709956709955, 0.5868055555555556, 0.6173160173160173, 0.45545545545545546]
 mean: 0.5971415512715759, std: 0.07073233270707675
--------------------------------------------------
Subject Number: 11
Accuracy Cross: [0.47619047619047616, 0.5476190476190477, 0.5119047619047619, 0.4523809523809524, 0.5714285714285714, 0.6309523809523809, 0.6428571428571429, 0.5833333333333334, 0.5714285714285714, 0.6190476190476191, 0.6428571428571429, 0.5952380952380952, 0.6190476190476191, 0.5833333333333334, 0.6190476190476191]
 mean: 0.5777777777777778, std: 0.05665577237325317
F1 Score: [0.4758933635847986, 0.5465909090909091, 0.5112813963388676, 0.45113636363636367, 0.5711854792966535, 0.6309000708717222, 0.6420454545454546, 0.5804195804195804, 0.5704545454545455, 0.6170940170940171, 0.6426545660805445, 0.5931623931623932, 0.6181818181818182, 0.5804195804195804, 0.6188315371525808]
 mean: 0.5766834050219886, std: 0.0566672235758742
Accuracy Intime: [0.7058823529411765, 0.5294117647058824, 0.6176470588235294, 0.6470588235294118, 0.65625, 0.5294117647058824, 0.5294117647058824, 0.5882352941176471, 0.5588235294117647, 0.6875, 0.5294117647058824, 0.6176470588235294, 0.7058823529411765, 0.6470588235294118, 0.59375]
 mean: 0.6095588235294117, std: 0.06257132608272631
F1 (Intime): [0.7058823529411765, 0.5294117647058824, 0.6173160173160173, 0.6421052631578947, 0.6559139784946236, 0.5228070175438597, 0.5277777777777778, 0.5868055555555556, 0.5553618134263296, 0.6875, 0.5294117647058824, 0.6146469049694856, 0.7048611111111112, 0.6470588235294118, 0.5933528836754643]
 mean: 0.6080142019273648, std: 0.06318172108906583
--------------------------------------------------
Subject Number: 12
Accuracy Cross: [0.6190476190476191, 0.7023809523809523, 0.6666666666666666, 0.7142857142857143, 0.7380952380952381, 0.6904761904761905, 0.5833333333333334, 0.6666666666666666, 0.7023809523809523, 0.6428571428571429, 0.5714285714285714, 0.6547619047619048, 0.6309523809523809, 0.6309523809523809, 0.5952380952380952]
 mean: 0.653968253968254, std: 0.048105976065688054
F1 Score: [0.6188315371525808, 0.701322713696487, 0.6659090909090909, 0.7128205128205127, 0.7379466817923993, 0.6755793226381461, 0.5655386434165804, 0.6421180766889836, 0.6896704595832718, 0.625668449197861, 0.5625, 0.6523476523476524, 0.6266666666666667, 0.6283716283716283, 0.583673469387755]
 mean: 0.6459309936446409, std: 0.050583524757552144
Accuracy Intime: [0.6470588235294118, 0.6176470588235294, 0.6764705882352942, 0.6470588235294118, 0.75, 0.7352941176470589, 0.6470588235294118, 0.8823529411764706, 0.6470588235294118, 0.65625, 0.5588235294117647, 0.6764705882352942, 0.5294117647058824, 0.6470588235294118, 0.65625]
 mean: 0.6649509803921568, std: 0.07888140647811856
F1 (Intime): [0.6470588235294118, 0.6091954022988506, 0.6739319965126417, 0.6458333333333333, 0.7490196078431373, 0.7294429708222812, 0.6470588235294118, 0.8819444444444444, 0.6421052631578947, 0.6559139784946236, 0.5584415584415584, 0.652093023255814, 0.5277777777777778, 0.6470588235294118, 0.6559139784946236]
 mean: 0.6615193203643478, std: 0.07902017403932815
--------------------------------------------------
Subject Number: 13
Accuracy Cross: [0.7023809523809523, 0.6785714285714286, 0.7142857142857143, 0.75, 0.7023809523809523, 0.6666666666666666, 0.6785714285714286, 0.6904761904761905, 0.75, 0.75, 0.7619047619047619, 0.7023809523809523, 0.7976190476190477, 0.7142857142857143, 0.7023809523809523]
 mean: 0.7174603174603174, std: 0.03543986279645415
F1 Score: [0.6950776825903877, 0.6748387096774193, 0.7061224489795919, 0.7482517482517483, 0.702338766832034, 0.6597222222222223, 0.6748387096774193, 0.6860264519838988, 0.7482517482517483, 0.7491110795050491, 0.7597254004576659, 0.7002997002997002, 0.7968994453136111, 0.7083333333333333, 0.6989247311827957]
 mean: 0.7139174785705751, std: 0.03682495326163555
Accuracy Intime: [0.9117647058823529, 0.7352941176470589, 0.7941176470588235, 0.8823529411764706, 0.84375, 0.9117647058823529, 0.7941176470588235, 0.6764705882352942, 0.8235294117647058, 0.8125, 0.7058823529411765, 0.6470588235294118, 0.7058823529411765, 0.7352941176470589, 0.75]
 mean: 0.7819852941176468, std: 0.08034525323512505
F1 (Intime): [0.9110723626852659, 0.7294429708222812, 0.793939393939394, 0.8819444444444444, 0.8423645320197044, 0.9116883116883117, 0.793939393939394, 0.6761904761904762, 0.8229166666666667, 0.8117647058823529, 0.7048611111111112, 0.6458333333333333, 0.7058823529411765, 0.7332170880557978, 0.7490196078431373]
 mean: 0.7809384501041897, std: 0.08068492170254196
--------------------------------------------------
Subject Number: 14
Accuracy Cross: [0.7023809523809523, 0.5952380952380952, 0.6785714285714286, 0.7142857142857143, 0.5952380952380952, 0.7380952380952381, 0.5595238095238095, 0.6071428571428571, 0.6309523809523809, 0.7023809523809523, 0.5952380952380952, 0.7142857142857143, 0.6666666666666666, 0.6309523809523809, 0.6071428571428571]
 mean: 0.6492063492063492, std: 0.054270860308821466
F1 Score: [0.701322713696487, 0.595008508224617, 0.6781609195402298, 0.7141236528644356, 0.5931623931623932, 0.7375, 0.5487149702337738, 0.6002883922134102, 0.6304810557684121, 0.7002997002997002, 0.5868055555555556, 0.7128205128205127, 0.6618746405980449, 0.6309000708717222, 0.6043956043956044]
 mean: 0.6463905793496599, std: 0.056226204034670706
Accuracy Intime: [0.7352941176470589, 0.7647058823529411, 0.7647058823529411, 0.6470588235294118, 0.71875, 0.7352941176470589, 0.6176470588235294, 0.6764705882352942, 0.6176470588235294, 0.6875, 0.7647058823529411, 0.8823529411764706, 0.6764705882352942, 0.6764705882352942, 0.75]
 mean: 0.7143382352941176, std: 0.0664611252590834
F1 (Intime): [0.7350649350649351, 0.7638888888888888, 0.7614035087719297, 0.6470588235294118, 0.718475073313783, 0.7235772357723578, 0.6146469049694856, 0.6739319965126417, 0.6146469049694856, 0.6862745098039216, 0.7571428571428571, 0.8819444444444444, 0.6739319965126417, 0.6761904761904762, 0.7490196078431373]
 mean: 0.7118132109153597, std: 0.06640537561971066
--------------------------------------------------
**************************************************
accuracy_cross_list: [0.7055555555555555, 0.665079365079365, 0.6341269841269842, 0.5619047619047618, 0.657936507936508, 0.5682539682539682, 0.557936507936508, 0.7261904761904762, 0.6587301587301587, 0.6158730158730158, 0.5777777777777778, 0.653968253968254, 0.7174603174603174, 0.6492063492063492]
f1_score_list: [0.6927127696878075, 0.6604583490655787, 0.6190882909072972, 0.5600324639571601, 0.6560644167225467, 0.5670737781607538, 0.5549871313301222, 0.7248988560409172, 0.6531590260565562, 0.6135534571539922, 0.5766834050219886, 0.6459309936446409, 0.7139174785705751, 0.6463905793496599]
accuracy_intime_list: [0.76875, 0.7116421568627449, 0.6794117647058823, 0.6756127450980393, 0.7113970588235294, 0.6318627450980391, 0.6177696078431372, 0.7685049019607842, 0.7417892156862745, 0.6023284313725489, 0.6095588235294117, 0.6649509803921568, 0.7819852941176468, 0.7143382352941176]
f1_score_intime_list: [0.7666783278266485, 0.7097073702030577, 0.6763527000484731, 0.6736515467550727, 0.706647773445768, 0.6263331028697675, 0.6146907579815059, 0.7667286517805325, 0.7385748686547091, 0.5971415512715759, 0.6080142019273648, 0.6615193203643478, 0.7809384501041897, 0.7118132109153597]
**************************************************
ACC: 63.93±5.46
F1: 63.46±5.35
Intime: 69.14±5.90
F1 (Intime): 68.85±5.97
