1e-05
Subject Number: 1
Accuracy Cross: [0.4852941176470588, 0.5441176470588235, 0.5147058823529411, 0.4852941176470588, 0.45588235294117646, 0.42028985507246375, 0.34782608695652173, 0.391304347826087, 0.42028985507246375, 0.36231884057971014, 0.4852941176470588, 0.5588235294117647, 0.5294117647058824, 0.5147058823529411, 0.4264705882352941]
 mean: 0.4628019323671497, std: 0.06355344181563469
F1 Score: [0.5251075268817205, 0.5791950765355021, 0.5443108974358974, 0.5251610305958132, 0.49705680434993194, 0.4188131912384404, 0.3404150197628458, 0.39771825396825394, 0.42094556380346415, 0.376118925831202, 0.4749839532448228, 0.5622262798404003, 0.5347717323327079, 0.48395354645354643, 0.41984649122807016]
 mean: 0.4733749529001746, std: 0.07088932683311545
Accuracy Intime: [0.5357142857142857, 0.5714285714285714, 0.35714285714285715, 0.46153846153846156, 0.4230769230769231, 0.6785714285714286, 0.5, 0.5, 0.5769230769230769, 0.5384615384615384, 0.5, 0.5714285714285714, 0.2857142857142857, 0.34615384615384615, 0.5]
 mean: 0.48974358974358967, std: 0.09885258612106612
F1 (Intime): [0.5326797385620915, 0.5423836032388665, 0.39433198380566803, 0.48529411764705876, 0.4511655011655012, 0.6875, 0.52200311942959, 0.5159663865546219, 0.6208216619981326, 0.5742694805194806, 0.5213675213675213, 0.5794956140350876, 0.30972222222222223, 0.33574561403508774, 0.4856711915535445]
 mean: 0.5038945170756316, std: 0.09749507474437955
--------------------------------------------------
Subject Number: 2
Accuracy Cross: [0.2608695652173913, 0.3333333333333333, 0.21739130434782608, 0.2318840579710145, 0.2753623188405797, 0.3235294117647059, 0.25, 0.4852941176470588, 0.3382352941176471, 0.3382352941176471, 0.36231884057971014, 0.37681159420289856, 0.4057971014492754, 0.37681159420289856, 0.37681159420289856]
 mean: 0.3301790281329923, std: 0.07030402345230406
F1 Score: [0.2751418197575933, 0.35524429803606006, 0.23300248138957816, 0.231365399037081, 0.29901072124756334, 0.31979982487122166, 0.258772597026769, 0.5037316263632052, 0.3545702532384175, 0.36020632444696543, 0.3476031870428422, 0.3676029852500441, 0.3876460398483001, 0.34287320625401585, 0.3894093231162197]
 mean: 0.3350653391283917, std: 0.0678123694418521
Accuracy Intime: [0.5357142857142857, 0.4642857142857143, 0.4642857142857143, 0.46153846153846156, 0.4230769230769231, 0.5714285714285714, 0.5, 0.35714285714285715, 0.42857142857142855, 0.3076923076923077, 0.5, 0.4642857142857143, 0.42857142857142855, 0.4230769230769231, 0.23076923076923078]
 mean: 0.4373626373626374, std: 0.08356466703374202
F1 (Intime): [0.5302319004524887, 0.4493006993006993, 0.47649572649572647, 0.3625, 0.40583028083028083, 0.5729166666666666, 0.49090909090909096, 0.3395334928229665, 0.42136752136752137, 0.3059314954051796, 0.5038733196627934, 0.46915584415584416, 0.421301247771836, 0.4400584795321637, 0.22965686274509803]
 mean: 0.4279375085412237, std: 0.08669827970081456
--------------------------------------------------
Subject Number: 3
Accuracy Cross: [0.3088235294117647, 0.3235294117647059, 0.27941176470588236, 0.2647058823529412, 0.3088235294117647, 0.34782608695652173, 0.2898550724637681, 0.2753623188405797, 0.36231884057971014, 0.30434782608695654, 0.2753623188405797, 0.2753623188405797, 0.2608695652173913, 0.2608695652173913, 0.2898550724637681]
 mean: 0.29515487354362036, std: 0.029783560359216546
F1 Score: [0.3170430717059125, 0.3078753032313404, 0.29047619047619044, 0.2641948671360436, 0.32060708898944196, 0.3106545459486636, 0.27025103519668736, 0.27480176680325685, 0.34109224109224107, 0.2529304029304029, 0.2369356833642548, 0.22893728222996515, 0.2545352323838081, 0.24180578641425884, 0.2544227581774516]
 mean: 0.27777088373866127, std: 0.03349960204876842
Accuracy Intime: [0.6071428571428571, 0.2857142857142857, 0.5, 0.5, 0.34615384615384615, 0.32142857142857145, 0.39285714285714285, 0.39285714285714285, 0.38461538461538464, 0.46153846153846156, 0.4642857142857143, 0.5714285714285714, 0.2857142857142857, 0.5384615384615384, 0.46153846153846156]
 mean: 0.43424908424908426, std: 0.09699250515322151
F1 (Intime): [0.6187584345479081, 0.2336996336996337, 0.4774509803921569, 0.4357864357864358, 0.3430964052287582, 0.2815656565656566, 0.41538461538461535, 0.3315789473684211, 0.32205513784461154, 0.3970588235294118, 0.4856227106227107, 0.5566239316239316, 0.2791666666666667, 0.49999999999999994, 0.43257575757575756]
 mean: 0.40736160912244507, std: 0.10575713031407576
--------------------------------------------------
Subject Number: 4
Accuracy Cross: [0.5362318840579711, 0.4782608695652174, 0.5072463768115942, 0.5217391304347826, 0.5507246376811594, 0.4927536231884058, 0.5797101449275363, 0.5797101449275363, 0.5797101449275363, 0.5362318840579711, 0.43478260869565216, 0.463768115942029, 0.43478260869565216, 0.5072463768115942, 0.4927536231884058]
 mean: 0.5130434782608696, std: 0.04667776745577262
F1 Score: [0.555356695981696, 0.5039264597191426, 0.5267857142857143, 0.5351037851037851, 0.5688647939496836, 0.5020860781730346, 0.6024772613007907, 0.6050595238095238, 0.5858533358533358, 0.5596899224806202, 0.395906432748538, 0.44635531135531137, 0.4472462392439281, 0.5211462450592885, 0.4850720317933433]
 mean: 0.5227286553905157, std: 0.058689199077687645
Accuracy Intime: [0.5714285714285714, 0.6071428571428571, 0.5357142857142857, 0.35714285714285715, 0.5384615384615384, 0.5357142857142857, 0.6071428571428571, 0.5, 0.4642857142857143, 0.46153846153846156, 0.7142857142857143, 0.6785714285714286, 0.7142857142857143, 0.6071428571428571, 0.5384615384615384]
 mean: 0.5620879120879122, std: 0.09455659237054485
F1 (Intime): [0.5653846153846154, 0.6261697860962567, 0.5206349206349206, 0.3233187134502924, 0.5363636363636364, 0.5606060606060606, 0.623015873015873, 0.5200534759358288, 0.4430438842203548, 0.49350649350649345, 0.7178571428571427, 0.678409825468649, 0.7078282828282828, 0.6310294968189705, 0.5526556776556777]
 mean: 0.5666585256562037, std: 0.10047487896987868
--------------------------------------------------
Subject Number: 5
Accuracy Cross: [0.5, 0.47058823529411764, 0.4264705882352941, 0.4264705882352941, 0.4264705882352941, 0.4264705882352941, 0.5588235294117647, 0.45588235294117646, 0.45588235294117646, 0.4411764705882353, 0.45588235294117646, 0.36764705882352944, 0.38235294117647056, 0.36764705882352944, 0.4411764705882353]
 mean: 0.4401960784313726, std: 0.047566703806698835
F1 Score: [0.47765515734265734, 0.426031746031746, 0.41004611330698293, 0.3979166666666667, 0.40900072150072153, 0.39338235294117646, 0.5183333333333333, 0.46430134680134677, 0.4169768403639371, 0.4406000064184797, 0.4446464646464646, 0.35121870988446724, 0.3821263910969793, 0.3651815709486482, 0.439010989010989]
 mean: 0.4224285606863064, std: 0.04234227438099892
Accuracy Intime: [0.7142857142857143, 0.8571428571428571, 0.6071428571428571, 0.7307692307692307, 0.5384615384615384, 0.6071428571428571, 0.6428571428571429, 0.6071428571428571, 0.5384615384615384, 0.46153846153846156, 0.6071428571428571, 0.7142857142857143, 0.5357142857142857, 0.6538461538461539, 0.6153846153846154]
 mean: 0.6287545787545787, std: 0.09416235230612773
F1 (Intime): [0.7149725274725275, 0.8542124542124542, 0.6236111111111111, 0.668154761904762, 0.5051470588235294, 0.6196581196581197, 0.656108597285068, 0.6153846153846154, 0.46467391304347827, 0.37402597402597404, 0.6344322344322344, 0.7228298017771702, 0.5606643356643357, 0.5336134453781513, 0.567687908496732]
 mean: 0.6076784572446843, std: 0.11182662243571591
--------------------------------------------------
Subject Number: 6
Accuracy Cross: [0.45588235294117646, 0.4852941176470588, 0.4264705882352941, 0.4411764705882353, 0.5, 0.4057971014492754, 0.4782608695652174, 0.391304347826087, 0.463768115942029, 0.43478260869565216, 0.3188405797101449, 0.391304347826087, 0.4492753623188406, 0.463768115942029, 0.36231884057971014]
 mean: 0.4312162546177892, std: 0.04779418087547083
F1 Score: [0.4640074525745257, 0.4970946518142141, 0.4194167534593067, 0.4417630558534774, 0.5175062947322508, 0.32211538461538464, 0.37457432736688057, 0.31548329476718223, 0.42992926613616267, 0.40306189352216104, 0.35158730158730156, 0.40316249805204923, 0.47869021222679764, 0.48271612288640153, 0.3970051687442992]
 mean: 0.41987424522255967, std: 0.05982529427704314
Accuracy Intime: [0.6428571428571429, 0.5714285714285714, 0.5357142857142857, 0.6428571428571429, 0.46153846153846156, 0.5357142857142857, 0.6785714285714286, 0.5357142857142857, 0.46153846153846156, 0.5, 0.6428571428571429, 0.4642857142857143, 0.4642857142857143, 0.7307692307692307, 0.38461538461538464]
 mean: 0.5501831501831502, std: 0.09533912646235007
F1 (Intime): [0.6453379953379953, 0.5608140225787285, 0.5549019607843138, 0.628968253968254, 0.43956043956043955, 0.5606060606060606, 0.6440490430622009, 0.5253267973856209, 0.4674369109151718, 0.404953560371517, 0.6365914786967418, 0.47593415356573254, 0.4683583959899749, 0.7094017094017093, 0.28296703296703296]
 mean: 0.5336805210127663, std: 0.10876721730506893
--------------------------------------------------
Subject Number: 7
Accuracy Cross: [0.6029411764705882, 0.5588235294117647, 0.4264705882352941, 0.6470588235294118, 0.5588235294117647, 0.38235294117647056, 0.36764705882352944, 0.4852941176470588, 0.4264705882352941, 0.5, 0.5882352941176471, 0.4852941176470588, 0.5294117647058824, 0.5294117647058824, 0.47058823529411764]
 mean: 0.503921568627451, std: 0.07827189669102774
F1 Score: [0.5946608946608947, 0.5277568922305764, 0.3978648666148666, 0.6284755449229134, 0.5654151433578793, 0.362984496124031, 0.36835907114544886, 0.4916591367729888, 0.4155122655122655, 0.4727456940222897, 0.6030844155844155, 0.48178670919294275, 0.5192845770121175, 0.5339257324551442, 0.4934077200009537]
 mean: 0.49712821064064855, std: 0.08058191299937806
Accuracy Intime: [0.5714285714285714, 0.5, 0.42857142857142855, 0.4230769230769231, 0.38461538461538464, 0.75, 0.42857142857142855, 0.7142857142857143, 0.6538461538461539, 0.6538461538461539, 0.7857142857142857, 0.6428571428571429, 0.6071428571428571, 0.5, 0.46153846153846156]
 mean: 0.567032967032967, std: 0.12593409789744464
F1 (Intime): [0.5553571428571429, 0.4947770774976657, 0.3766124871001032, 0.3801169590643275, 0.36964285714285716, 0.7284313725490196, 0.4303030303030303, 0.7059294871794871, 0.6080128205128205, 0.6302308802308803, 0.7879120879120878, 0.6475919913419914, 0.5862745098039216, 0.4653846153846154, 0.3787581699346405]
 mean: 0.5430223659209727, std: 0.13613901412572674
--------------------------------------------------
Subject Number: 8
Accuracy Cross: [0.27941176470588236, 0.23529411764705882, 0.25, 0.35294117647058826, 0.27941176470588236, 0.35294117647058826, 0.3088235294117647, 0.36764705882352944, 0.3088235294117647, 0.36764705882352944, 0.2647058823529412, 0.38235294117647056, 0.4117647058823529, 0.4117647058823529, 0.45588235294117646]
 mean: 0.33529411764705885, std: 0.06380839253048227
F1 Score: [0.31548816258118584, 0.2423117731941261, 0.2728088336783989, 0.35734913793103446, 0.291181550461298, 0.36479169097911074, 0.3099117728149986, 0.3695077280443134, 0.3143569393569393, 0.3778081180623528, 0.2581796223100571, 0.40898054599632794, 0.4428418803418803, 0.42498485573091027, 0.4781752889169769]
 mean: 0.34857852669332734, std: 0.06785311274448237
Accuracy Intime: [0.42857142857142855, 0.4642857142857143, 0.2857142857142857, 0.4230769230769231, 0.4230769230769231, 0.35714285714285715, 0.42857142857142855, 0.2857142857142857, 0.23076923076923078, 0.38461538461538464, 0.39285714285714285, 0.39285714285714285, 0.39285714285714285, 0.4230769230769231, 0.5]
 mean: 0.3875457875457876, std: 0.06929372876081132
F1 (Intime): [0.43218623481781376, 0.48520658263305316, 0.2914473684210526, 0.4081232492997198, 0.4, 0.3469967532467533, 0.4307692307692308, 0.3020249766573296, 0.19404761904761905, 0.3849206349206349, 0.38810160427807483, 0.41550851109674636, 0.38156565656565655, 0.4011904761904762, 0.49750249750249753]
 mean: 0.38397275969644384, std: 0.07417174680785543
--------------------------------------------------
Subject Number: 9
Accuracy Cross: [0.5441176470588235, 0.5588235294117647, 0.4264705882352941, 0.5147058823529411, 0.5882352941176471, 0.3235294117647059, 0.3382352941176471, 0.36764705882352944, 0.36764705882352944, 0.3382352941176471, 0.39705882352941174, 0.4117647058823529, 0.45588235294117646, 0.36764705882352944, 0.36764705882352944]
 mean: 0.4245098039215686, std: 0.08454141622474548
F1 Score: [0.5685204435204435, 0.5751718947764513, 0.455867889420521, 0.5430672268907564, 0.6074587172985342, 0.3280210643015521, 0.3593006993006993, 0.3864087301587301, 0.3894444444444445, 0.3755872680291285, 0.42024689878348415, 0.4329249686426912, 0.4826330532212885, 0.396221322537112, 0.399424889135255]
 mean: 0.44801996736407274, std: 0.08453421031544796
Accuracy Intime: [0.6071428571428571, 0.35714285714285715, 0.6071428571428571, 0.46153846153846156, 0.34615384615384615, 0.6785714285714286, 0.6071428571428571, 0.6071428571428571, 0.5769230769230769, 0.4230769230769231, 0.5, 0.6428571428571429, 0.6785714285714286, 0.5, 0.4230769230769231]
 mean: 0.5344322344322344, std: 0.10820533900743563
F1 (Intime): [0.6216346153846154, 0.3929971988795518, 0.6146304675716441, 0.458707264957265, 0.2787878787878788, 0.6794871794871795, 0.606612685560054, 0.6066126855600539, 0.5863095238095238, 0.36359649122807014, 0.5099206349206349, 0.6343434343434344, 0.6782738095238094, 0.5035353535353535, 0.363095238095238]
 mean: 0.5265696307762872, std: 0.12359137126448523
--------------------------------------------------
Subject Number: 10
Accuracy Cross: [0.2647058823529412, 0.38235294117647056, 0.35294117647058826, 0.29411764705882354, 0.36764705882352944, 0.4117647058823529, 0.19117647058823528, 0.25, 0.22058823529411764, 0.27941176470588236, 0.2753623188405797, 0.2898550724637681, 0.3188405797101449, 0.3333333333333333, 0.30434782608695654]
 mean: 0.30242966751918154, std: 0.058373257622447106
F1 Score: [0.2579156223893066, 0.3915309496704845, 0.3514422672609537, 0.30974025974025976, 0.3857493857493858, 0.39988896803817897, 0.18074041921851697, 0.24724417968203052, 0.21946699134199132, 0.2827478791092259, 0.29358040979828004, 0.29740712074303405, 0.31671437763449894, 0.3228076783178093, 0.3068708885805324]
 mean: 0.3042564931516326, std: 0.06035070583154023
Accuracy Intime: [0.25, 0.5, 0.25, 0.3076923076923077, 0.15384615384615385, 0.5714285714285714, 0.42857142857142855, 0.32142857142857145, 0.34615384615384615, 0.38461538461538464, 0.42857142857142855, 0.5, 0.35714285714285715, 0.4230769230769231, 0.38461538461538464]
 mean: 0.37380952380952376, std: 0.10543852808720014
F1 (Intime): [0.25555555555555554, 0.45602006688963215, 0.23942307692307693, 0.24684343434343436, 0.1875, 0.5851795263559969, 0.43399321266968327, 0.31299019607843137, 0.3591200466200466, 0.37254901960784315, 0.3549019607843137, 0.5028138528138528, 0.31233766233766236, 0.42504370629370636, 0.3243464052287582]
 mean: 0.35790784816679966, std: 0.1045328106346031
--------------------------------------------------
Subject Number: 11
Accuracy Cross: [0.36231884057971014, 0.3333333333333333, 0.34782608695652173, 0.3188405797101449, 0.3188405797101449, 0.4057971014492754, 0.4782608695652174, 0.43478260869565216, 0.4057971014492754, 0.4492753623188406, 0.36231884057971014, 0.36231884057971014, 0.463768115942029, 0.391304347826087, 0.36231884057971014]
 mean: 0.3864734299516908, std: 0.049831099355469095
F1 Score: [0.34971447928765, 0.3214853134929861, 0.35583283267802013, 0.31318322426393563, 0.31310145958315294, 0.3647741147741148, 0.4460684273709484, 0.4208521870286576, 0.3797784799710345, 0.41693163751987283, 0.3166312502012299, 0.334692433865313, 0.43120966335252053, 0.3659147869674185, 0.3327086447387199]
 mean: 0.3641919290063716, std: 0.04387264355792609
Accuracy Intime: [0.35714285714285715, 0.5357142857142857, 0.4642857142857143, 0.6785714285714286, 0.5769230769230769, 0.35714285714285715, 0.39285714285714285, 0.5, 0.42857142857142855, 0.46153846153846156, 0.32142857142857145, 0.2857142857142857, 0.5, 0.5, 0.5384615384615384]
 mean: 0.45989010989010987, std: 0.1014516461237949
F1 (Intime): [0.29934640522875816, 0.5185897435897435, 0.4233516483516484, 0.6818181818181819, 0.564957264957265, 0.33074229691876744, 0.37875816993464057, 0.4458874458874459, 0.4010695187165776, 0.4380952380952381, 0.2710561497326203, 0.27871148459383754, 0.4684873949579832, 0.47245564892623715, 0.4971804511278195]
 mean: 0.4313671361891177, std: 0.10836407759316204
--------------------------------------------------
Subject Number: 12
Accuracy Cross: [0.47058823529411764, 0.5588235294117647, 0.5588235294117647, 0.5588235294117647, 0.5588235294117647, 0.43478260869565216, 0.4782608695652174, 0.5072463768115942, 0.4782608695652174, 0.5072463768115942, 0.4852941176470588, 0.4264705882352941, 0.47058823529411764, 0.47058823529411764, 0.5147058823529411]
 mean: 0.49862176754759885, std: 0.04285642799025149
F1 Score: [0.471498412287886, 0.5460359675785208, 0.528448275862069, 0.5597069597069597, 0.5484004412575841, 0.4462121212121212, 0.48697968697968697, 0.512346782684705, 0.49434731934731935, 0.5154954694428379, 0.49136904761904765, 0.43204887218045107, 0.4837412587412588, 0.48074195308237866, 0.5226190476190476]
 mean: 0.5013327743734584, std: 0.03554123800658805
Accuracy Intime: [0.5, 0.6428571428571429, 0.5357142857142857, 0.46153846153846156, 0.5, 0.4642857142857143, 0.5, 0.5357142857142857, 0.38461538461538464, 0.34615384615384615, 0.6071428571428571, 0.6428571428571429, 0.6428571428571429, 0.4230769230769231, 0.5384615384615384]
 mean: 0.5150183150183151, std: 0.08907126495892237
F1 (Intime): [0.5206477732793522, 0.651254627725216, 0.5215277777777778, 0.375, 0.4271708683473389, 0.48819444444444443, 0.4964349376114082, 0.5470588235294117, 0.3857142857142857, 0.25164473684210525, 0.6092948717948719, 0.6618055555555555, 0.6583333333333334, 0.3411027568922306, 0.4667437825332562]
 mean: 0.49346190502537257, std: 0.11852255940749694
--------------------------------------------------
Subject Number: 13
Accuracy Cross: [0.4411764705882353, 0.35294117647058826, 0.4264705882352941, 0.3088235294117647, 0.4264705882352941, 0.4057971014492754, 0.2753623188405797, 0.2898550724637681, 0.4057971014492754, 0.43478260869565216, 0.3235294117647059, 0.3235294117647059, 0.3088235294117647, 0.29411764705882354, 0.38235294117647056]
 mean: 0.35998863313441315, std: 0.057784407603108184
F1 Score: [0.46495001162520344, 0.37171776519602606, 0.44410450660450657, 0.35062160062160064, 0.4416696141916526, 0.4032066018272915, 0.25868686868686874, 0.2883458646616541, 0.4209496083559052, 0.4400683526999316, 0.32386299673533714, 0.33833448094957047, 0.33127893180845686, 0.30606758832565284, 0.3976530005941771]
 mean: 0.37210118619225574, std: 0.061700665363273434
Accuracy Intime: [0.4642857142857143, 0.42857142857142855, 0.5, 0.46153846153846156, 0.3076923076923077, 0.35714285714285715, 0.39285714285714285, 0.5, 0.38461538461538464, 0.34615384615384615, 0.5, 0.42857142857142855, 0.5357142857142857, 0.5384615384615384, 0.2692307692307692]
 mean: 0.4276556776556777, std: 0.08013108315082576
F1 (Intime): [0.46944444444444444, 0.36764705882352944, 0.5302489177489177, 0.4685592185592185, 0.2982142857142857, 0.3464285714285714, 0.3753968253968254, 0.5270833333333333, 0.3742424242424242, 0.3342261904761905, 0.49922600619195046, 0.3615131578947368, 0.5415750915750915, 0.563301282051282, 0.20833333333333331]
 mean: 0.4176960094142756, std: 0.10085847817288407
--------------------------------------------------
Subject Number: 14
Accuracy Cross: [0.27941176470588236, 0.35294117647058826, 0.35294117647058826, 0.27941176470588236, 0.38235294117647056, 0.4264705882352941, 0.4411764705882353, 0.3235294117647059, 0.36764705882352944, 0.3235294117647059, 0.3382352941176471, 0.3235294117647059, 0.36764705882352944, 0.4117647058823529, 0.3088235294117647]
 mean: 0.35196078431372546, std: 0.047262630561544894
F1 Score: [0.31023156213704994, 0.383399209486166, 0.36206474684735557, 0.3193127418191357, 0.39884106488123705, 0.4525649157200792, 0.4562047782792463, 0.31867747098839533, 0.3783657373440939, 0.3428362573099415, 0.36351038887816445, 0.299251610458507, 0.37571986836692717, 0.39810971685971686, 0.31529355303151496]
 mean: 0.3649589081605021, std: 0.04717894512246609
Accuracy Intime: [0.35714285714285715, 0.4642857142857143, 0.4642857142857143, 0.46153846153846156, 0.5384615384615384, 0.39285714285714285, 0.5714285714285714, 0.32142857142857145, 0.5384615384615384, 0.3076923076923077, 0.32142857142857145, 0.39285714285714285, 0.39285714285714285, 0.46153846153846156, 0.38461538461538464]
 mean: 0.42472527472527477, std: 0.08062020589479225
F1 (Intime): [0.3060897435897436, 0.46935286935286935, 0.46875, 0.3078947368421052, 0.5509803921568628, 0.41428571428571426, 0.5822510822510822, 0.315018315018315, 0.510989010989011, 0.26408668730650153, 0.33363385840166027, 0.37772227772227773, 0.3345588235294118, 0.4934483408748115, 0.36309523809523814]
 mean: 0.40614380602770694, std: 0.09653257132607306
--------------------------------------------------
Subject Number: 15
Accuracy Cross: [0.38235294117647056, 0.38235294117647056, 0.39705882352941174, 0.4117647058823529, 0.45588235294117646, 0.5147058823529411, 0.5147058823529411, 0.5735294117647058, 0.5735294117647058, 0.5588235294117647, 0.4411764705882353, 0.4411764705882353, 0.45588235294117646, 0.39705882352941174, 0.45588235294117646]
 mean: 0.46372549019607845, std: 0.0655177821435436
F1 Score: [0.41538192989805894, 0.40476190476190477, 0.42201426024955435, 0.445302461410096, 0.48715014962154546, 0.5038837090798914, 0.5190575190575191, 0.5905982165003817, 0.5891211769260549, 0.5573421622522072, 0.43898809523809523, 0.4457875264270613, 0.45977644758132563, 0.39181644880174293, 0.4683617787066063]
 mean: 0.47595625243413636, std: 0.06196706339861753
Accuracy Intime: [0.6428571428571429, 0.5714285714285714, 0.6071428571428571, 0.6923076923076923, 0.4230769230769231, 0.4642857142857143, 0.32142857142857145, 0.5357142857142857, 0.6153846153846154, 0.5384615384615384, 0.4642857142857143, 0.5714285714285714, 0.5714285714285714, 0.6153846153846154, 0.6538461538461539]
 mean: 0.5525641025641026, std: 0.09526732433973412
F1 (Intime): [0.6430595720069404, 0.5807692307692307, 0.6071034228928966, 0.7142156862745097, 0.4343137254901961, 0.4305555555555555, 0.34672619047619047, 0.5302631578947369, 0.655952380952381, 0.5041666666666667, 0.4676470588235294, 0.5741925837320574, 0.5719298245614035, 0.6531746031746032, 0.6707767722473605]
 mean: 0.5589897621012173, std: 0.1014524824222628
--------------------------------------------------
Subject Number: 16
Accuracy Cross: [0.47058823529411764, 0.47058823529411764, 0.5441176470588235, 0.5294117647058824, 0.5735294117647058, 0.39705882352941174, 0.36764705882352944, 0.36764705882352944, 0.39705882352941174, 0.4264705882352941, 0.45588235294117646, 0.5, 0.5294117647058824, 0.47058823529411764, 0.5588235294117647]
 mean: 0.4705882352941177, std: 0.06620369810248679
F1 Score: [0.39085497835497834, 0.4356701346389229, 0.5055798973898064, 0.5028477723826561, 0.5139455782312925, 0.37926295504342544, 0.33531746031746035, 0.3209770114942529, 0.3530020703933747, 0.409035179380007, 0.3567655317655318, 0.43340980732285084, 0.49605680274309377, 0.4455275686465837, 0.5015360983102919]
 mean: 0.4253192564276352, std: 0.06541763456396822
Accuracy Intime: [0.5714285714285714, 0.5357142857142857, 0.6428571428571429, 0.7307692307692307, 0.5769230769230769, 0.6785714285714286, 0.42857142857142855, 0.5714285714285714, 0.5769230769230769, 0.5, 0.6785714285714286, 0.4642857142857143, 0.7142857142857143, 0.6923076923076923, 0.5]
 mean: 0.5908424908424909, std: 0.09174050993739849
F1 (Intime): [0.5435897435897435, 0.4930555555555556, 0.6372686137392021, 0.6701680672268907, 0.5744810744810744, 0.6840780542986425, 0.4056956115779645, 0.5568181818181819, 0.5264957264957265, 0.5083139083139083, 0.6625816993464052, 0.4636363636363636, 0.7016872016872017, 0.6922348484848485, 0.490079365079365]
 mean: 0.5740122676887384, std: 0.09142987580312406
--------------------------------------------------
Subject Number: 17
Accuracy Cross: [0.43478260869565216, 0.463768115942029, 0.4782608695652174, 0.43478260869565216, 0.391304347826087, 0.36231884057971014, 0.391304347826087, 0.4492753623188406, 0.43478260869565216, 0.43478260869565216, 0.4264705882352941, 0.47058823529411764, 0.4264705882352941, 0.4411764705882353, 0.4264705882352941]
 mean: 0.4311025859619211, std: 0.029776198146391843
F1 Score: [0.3814678649237473, 0.45951967620971823, 0.48551051051051053, 0.4324522536287242, 0.3729787121091469, 0.3175080558539205, 0.34364406779661016, 0.3935110225432806, 0.39449550292604374, 0.390196561127102, 0.4097542242703533, 0.4573367808661926, 0.43784019597973084, 0.44415445665445663, 0.4328812582345191]
 mean: 0.4102167429089371, std: 0.044279717814870646
Accuracy Intime: [0.2857142857142857, 0.42857142857142855, 0.39285714285714285, 0.38461538461538464, 0.46153846153846156, 0.5357142857142857, 0.5357142857142857, 0.4642857142857143, 0.5384615384615384, 0.6923076923076923, 0.35714285714285715, 0.6428571428571429, 0.35714285714285715, 0.5714285714285714, 0.5]
 mean: 0.47655677655677653, std: 0.10883128478312314
F1 (Intime): [0.2706709956709956, 0.4305555555555556, 0.35726773226773223, 0.2850274725274725, 0.40432330827067664, 0.5566239316239316, 0.5471611721611721, 0.3988095238095238, 0.5116847826086957, 0.6831550802139037, 0.3518037518037518, 0.6440030557677616, 0.3388888888888889, 0.573249299719888, 0.4850081699346405]
 mean: 0.45588218138830594, std: 0.12316834017804483
--------------------------------------------------
Subject Number: 18
Accuracy Cross: [0.37681159420289856, 0.4057971014492754, 0.43478260869565216, 0.4057971014492754, 0.4057971014492754, 0.3235294117647059, 0.38235294117647056, 0.39705882352941174, 0.3382352941176471, 0.38235294117647056, 0.4117647058823529, 0.35294117647058826, 0.2647058823529412, 0.39705882352941174, 0.29411764705882354]
 mean: 0.37154021028701334, std: 0.046094278029513075
F1 Score: [0.38628687620623103, 0.4320676523297491, 0.41856950109174806, 0.4328489049394222, 0.42516710194325175, 0.32829900839054155, 0.41514701514701513, 0.4243573253760011, 0.36725505677118575, 0.4123337028824834, 0.4277993109388458, 0.3725394832999513, 0.2827639751552795, 0.41688311688311686, 0.31964554405786394]
 mean: 0.39079757169417906, std: 0.04561031626574511
Accuracy Intime: [0.5714285714285714, 0.35714285714285715, 0.5, 0.3076923076923077, 0.2692307692307692, 0.4642857142857143, 0.35714285714285715, 0.6071428571428571, 0.34615384615384615, 0.2692307692307692, 0.4642857142857143, 0.42857142857142855, 0.6428571428571429, 0.38461538461538464, 0.3076923076923077]
 mean: 0.4184981684981686, std: 0.1164120775243275
F1 (Intime): [0.5838516746411483, 0.3875, 0.4996794871794872, 0.3125, 0.2574926900584795, 0.47754876702245125, 0.37797619047619047, 0.6244949494949495, 0.31838235294117645, 0.2333333333333333, 0.4442307692307692, 0.4375, 0.6322398190045249, 0.4232142857142857, 0.32387820512820514]
 mean: 0.4222548349483333, std: 0.12093980368352221
--------------------------------------------------
Subject Number: 19
Accuracy Cross: [0.2647058823529412, 0.2647058823529412, 0.2647058823529412, 0.29411764705882354, 0.3235294117647059, 0.39705882352941174, 0.45588235294117646, 0.47058823529411764, 0.5, 0.47058823529411764, 0.35294117647058826, 0.27941176470588236, 0.36764705882352944, 0.3235294117647059, 0.36764705882352944]
 mean: 0.3598039215686274, std: 0.07980416245085772
F1 Score: [0.23880776897047234, 0.25892278833455307, 0.29909869811950596, 0.2938808373590982, 0.34801136363636365, 0.3845937023458032, 0.42514705882352943, 0.4571849718908543, 0.49635167464114827, 0.4713570828667413, 0.334585020242915, 0.2814587373410903, 0.3471479500891266, 0.3440881369270116, 0.3722170686456401]
 mean: 0.3568568573489234, std: 0.07556399796317996
Accuracy Intime: [0.4642857142857143, 0.5357142857142857, 0.39285714285714285, 0.5769230769230769, 0.5769230769230769, 0.6428571428571429, 0.35714285714285715, 0.42857142857142855, 0.5, 0.46153846153846156, 0.5714285714285714, 0.5, 0.5357142857142857, 0.5384615384615384, 0.5]
 mean: 0.5054945054945055, std: 0.07333329673988102
F1 (Intime): [0.4632867132867133, 0.5507936507936507, 0.42326555023923446, 0.4609250398724083, 0.6115864527629233, 0.6481643356643356, 0.36016511867905054, 0.4298611111111111, 0.519047619047619, 0.4583333333333333, 0.5777777777777777, 0.463095238095238, 0.5083333333333333, 0.51875, 0.43137254901960786]
 mean: 0.49498385486775576, std: 0.07504839709834493
--------------------------------------------------
Subject Number: 20
Accuracy Cross: [0.5882352941176471, 0.5441176470588235, 0.5, 0.5147058823529411, 0.5147058823529411, 0.4264705882352941, 0.4852941176470588, 0.4117647058823529, 0.3235294117647059, 0.45588235294117646, 0.4492753623188406, 0.4057971014492754, 0.36231884057971014, 0.463768115942029, 0.4927536231884058]
 mean: 0.46257459505541354, std: 0.06704203738293815
F1 Score: [0.6045663858963092, 0.559709264800798, 0.5162421364867017, 0.5247068120752332, 0.5314180684527282, 0.42999954956476694, 0.513664100963872, 0.43629481785162005, 0.3226734076734077, 0.45934819897084045, 0.45426245210727967, 0.4119017890739917, 0.38132962275819415, 0.47584718149234273, 0.5095165872213395]
 mean: 0.47543202502596166, std: 0.07031314899310914
Accuracy Intime: [0.5714285714285714, 0.5714285714285714, 0.5714285714285714, 0.46153846153846156, 0.5, 0.75, 0.6785714285714286, 0.6785714285714286, 0.5769230769230769, 0.46153846153846156, 0.6428571428571429, 0.5357142857142857, 0.42857142857142855, 0.5769230769230769, 0.38461538461538464]
 mean: 0.5593406593406594, std: 0.0978618577552911
F1 (Intime): [0.5804222093695778, 0.5839598997493735, 0.5946549773755656, 0.3670995670995671, 0.49733354880413705, 0.7600108225108225, 0.6625, 0.688375350140056, 0.5899122807017544, 0.47376965140123034, 0.6533466533466533, 0.5668067226890756, 0.4464285714285714, 0.5459899749373434, 0.3027119938884645]
 mean: 0.5542214815628128, std: 0.11724672775024209
--------------------------------------------------
Subject Number: 21
Accuracy Cross: [0.36764705882352944, 0.38235294117647056, 0.4117647058823529, 0.4264705882352941, 0.4264705882352941, 0.3382352941176471, 0.45588235294117646, 0.35294117647058826, 0.35294117647058826, 0.4411764705882353, 0.4411764705882353, 0.36764705882352944, 0.4264705882352941, 0.4411764705882353, 0.39705882352941174]
 mean: 0.4019607843137256, std: 0.037460731714789794
F1 Score: [0.3400883838383838, 0.35692307692307695, 0.39681723315444245, 0.3793262078145799, 0.4248655012977191, 0.31174028370430173, 0.43300407616420344, 0.3090361144457783, 0.34354707792207795, 0.40761186271198785, 0.4357921318447634, 0.3359927234927235, 0.37745240870240876, 0.4101866883116883, 0.37781954887218044]
 mean: 0.3760135546133544, std: 0.04062109420643537
Accuracy Intime: [0.6428571428571429, 0.7142857142857143, 0.5357142857142857, 0.34615384615384615, 0.46153846153846156, 0.42857142857142855, 0.5714285714285714, 0.35714285714285715, 0.4230769230769231, 0.5769230769230769, 0.5714285714285714, 0.5714285714285714, 0.35714285714285715, 0.5, 0.4230769230769231]
 mean: 0.49871794871794867, std: 0.10698949607755004
F1 (Intime): [0.625, 0.7142857142857143, 0.45789473684210524, 0.24886363636363634, 0.4363095238095238, 0.4094017094017094, 0.5806277056277056, 0.30594405594405594, 0.3187134502923976, 0.4916666666666667, 0.5645604395604396, 0.566468253968254, 0.3327380952380952, 0.4791666666666667, 0.3944444444444445]
 mean: 0.4617390066074277, std: 0.12699687328416764
--------------------------------------------------
Subject Number: 22
Accuracy Cross: [0.4117647058823529, 0.47058823529411764, 0.3088235294117647, 0.38235294117647056, 0.3235294117647059, 0.34782608695652173, 0.4057971014492754, 0.34782608695652173, 0.34782608695652173, 0.34782608695652173, 0.35294117647058826, 0.35294117647058826, 0.39705882352941174, 0.4117647058823529, 0.36764705882352944]
 mean: 0.3717675475987496, std: 0.04015160240989347
F1 Score: [0.43317983759160233, 0.47058713886300096, 0.3310897435897436, 0.40995670995670996, 0.3505590062111801, 0.33665509928667825, 0.37378531073446325, 0.32147513503445707, 0.3591762013729977, 0.3359162324025822, 0.3788312462731067, 0.3686660275631415, 0.39989976835352814, 0.4396176911544228, 0.40167955572249503]
 mean: 0.3807383136073406, std: 0.04278006366227962
Accuracy Intime: [0.5357142857142857, 0.5357142857142857, 0.39285714285714285, 0.4230769230769231, 0.3076923076923077, 0.4642857142857143, 0.6428571428571429, 0.2857142857142857, 0.5, 0.38461538461538464, 0.6071428571428571, 0.5714285714285714, 0.42857142857142855, 0.5, 0.4230769230769231]
 mean: 0.46684981684981686, std: 0.09965356136872207
F1 (Intime): [0.55325311942959, 0.5404761904761906, 0.3456542037104696, 0.46130952380952384, 0.3049089068825911, 0.4857142857142857, 0.6667437825332563, 0.2789473684210526, 0.5269607843137255, 0.35198412698412695, 0.6058114035087719, 0.577674956622325, 0.42499999999999993, 0.530952380952381, 0.3287878787878788]
 mean: 0.46561192747641134, std: 0.11626112781290121
--------------------------------------------------
Subject Number: 23
Accuracy Cross: [0.42028985507246375, 0.4057971014492754, 0.4057971014492754, 0.5072463768115942, 0.4492753623188406, 0.45588235294117646, 0.4852941176470588, 0.5294117647058824, 0.5147058823529411, 0.5, 0.4057971014492754, 0.4057971014492754, 0.42028985507246375, 0.4782608695652174, 0.391304347826087]
 mean: 0.4516766126740552, std: 0.045704624438089606
F1 Score: [0.4384979641531276, 0.43765573353674037, 0.4136992141962782, 0.5280104563992032, 0.4561352657004831, 0.43587688608726477, 0.48767436267436265, 0.5226179808841098, 0.5111611202036734, 0.48434505381099807, 0.4066513014831309, 0.39781661456853273, 0.403271108806499, 0.4925638371290545, 0.38812765189130627]
 mean: 0.45360697010165096, std: 0.046020772752651165
Accuracy Intime: [0.5357142857142857, 0.7142857142857143, 0.42857142857142855, 0.38461538461538464, 0.38461538461538464, 0.5714285714285714, 0.6428571428571429, 0.5, 0.5, 0.38461538461538464, 0.6071428571428571, 0.6428571428571429, 0.5714285714285714, 0.6538461538461539, 0.38461538461538464]
 mean: 0.5271062271062271, std: 0.10975663444530614
F1 (Intime): [0.5367965367965368, 0.7145135566188198, 0.44947209653092, 0.3020833333333333, 0.33788515406162467, 0.5828282828282828, 0.6439393939393939, 0.5075757575757576, 0.509453781512605, 0.27529761904761907, 0.6131313131313132, 0.6445512820512821, 0.586046918767507, 0.7, 0.3269230769230769]
 mean: 0.5153665402078713, std: 0.1416812978279274
--------------------------------------------------
Subject Number: 24
Accuracy Cross: [0.3382352941176471, 0.36764705882352944, 0.25, 0.25, 0.25, 0.3088235294117647, 0.36764705882352944, 0.35294117647058826, 0.47058823529411764, 0.35294117647058826, 0.25, 0.22058823529411764, 0.25, 0.38235294117647056, 0.3088235294117647]
 mean: 0.31470588235294117, std: 0.06724089489993038
F1 Score: [0.3255059246438557, 0.36327805077805075, 0.24887387387387389, 0.25229581008974045, 0.2544761273209549, 0.2943033426904395, 0.36411817587446876, 0.3418834101760931, 0.46761936754945843, 0.3412009294362236, 0.25167562654307085, 0.22705026455026456, 0.25454666489149247, 0.3742353770260747, 0.2981060606060606]
 mean: 0.3106112670700082, std: 0.0636954455768214
Accuracy Intime: [0.42857142857142855, 0.32142857142857145, 0.5, 0.46153846153846156, 0.23076923076923078, 0.2857142857142857, 0.32142857142857145, 0.42857142857142855, 0.5769230769230769, 0.4230769230769231, 0.5357142857142857, 0.4642857142857143, 0.35714285714285715, 0.46153846153846156, 0.4230769230769231]
 mean: 0.4146520146520147, std: 0.09193774345897822
F1 (Intime): [0.40705128205128205, 0.33509301156359983, 0.48656606551343395, 0.40340909090909094, 0.20833333333333331, 0.20882352941176469, 0.27537593984962405, 0.41452991452991456, 0.5383771929824561, 0.42024446142093197, 0.5022938662644545, 0.4475772765246449, 0.32430555555555557, 0.46756715506715507, 0.4217171717171717]
 mean: 0.3907509897796275, std: 0.09748980536821138
--------------------------------------------------
Subject Number: 25
Accuracy Cross: [0.4782608695652174, 0.4782608695652174, 0.463768115942029, 0.463768115942029, 0.36231884057971014, 0.4264705882352941, 0.4852941176470588, 0.47058823529411764, 0.5147058823529411, 0.5294117647058824, 0.45588235294117646, 0.4411764705882353, 0.5, 0.4264705882352941, 0.4264705882352941]
 mean: 0.4615231599886332, std: 0.040090480303892645
F1 Score: [0.44949229691876746, 0.4399450601496638, 0.4303707789422076, 0.41132140696569014, 0.35714285714285715, 0.36504723346828605, 0.4208257713248639, 0.4560224089635854, 0.42948051948051946, 0.46890365448504984, 0.44061624649859943, 0.39583333333333337, 0.4990860990860991, 0.41384988814045326, 0.3918300653594771]
 mean: 0.4246511746839636, std: 0.03648888294670829
Accuracy Intime: [0.6428571428571429, 0.5, 0.39285714285714285, 0.5769230769230769, 0.5384615384615384, 0.6071428571428571, 0.5357142857142857, 0.42857142857142855, 0.7692307692307693, 0.6153846153846154, 0.5, 0.4642857142857143, 0.4642857142857143, 0.5384615384615384, 0.4230769230769231]
 mean: 0.5331501831501831, std: 0.09536023444473347
F1 (Intime): [0.6476190476190475, 0.5051948051948052, 0.4146270396270396, 0.5844988344988346, 0.5218253968253967, 0.555952380952381, 0.5255417956656346, 0.43109402852049905, 0.625, 0.4934210526315789, 0.5075757575757576, 0.46285936285936286, 0.4033088235294118, 0.4295293522267206, 0.30194805194805197]
 mean: 0.4939997153116348, std: 0.08769618691562138
--------------------------------------------------
Subject Number: 26
Accuracy Cross: [0.4782608695652174, 0.43478260869565216, 0.42028985507246375, 0.4782608695652174, 0.5942028985507246, 0.38235294117647056, 0.4117647058823529, 0.4117647058823529, 0.36764705882352944, 0.3382352941176471, 0.5294117647058824, 0.4852941176470588, 0.47058823529411764, 0.5147058823529411, 0.5]
 mean: 0.45450412048877525, std: 0.06564438071702626
F1 Score: [0.49486095123700846, 0.4254318250304128, 0.44008097165991905, 0.47417184265010354, 0.607911877394636, 0.41748618027687795, 0.4323776223776224, 0.4278228021978022, 0.38010181840827006, 0.37498366013071893, 0.5550058407201264, 0.5101553290340476, 0.49826227390180877, 0.5268694719914232, 0.5272276822276822]
 mean: 0.4728500099492306, std: 0.06409523210581326
Accuracy Intime: [0.5714285714285714, 0.5357142857142857, 0.39285714285714285, 0.5, 0.46153846153846156, 0.6071428571428571, 0.6428571428571429, 0.5357142857142857, 0.7307692307692307, 0.38461538461538464, 0.5357142857142857, 0.35714285714285715, 0.42857142857142855, 0.6153846153846154, 0.34615384615384615]
 mean: 0.5097069597069597, std: 0.10997646179872858
F1 (Intime): [0.5713012477718361, 0.5541064198958936, 0.40705128205128205, 0.4928571428571429, 0.45506379585326956, 0.6150793650793651, 0.6484551396316103, 0.5520833333333333, 0.7490842490842491, 0.4321969696969697, 0.5464285714285715, 0.35438948306595364, 0.41101190476190474, 0.6485240249946133, 0.32894736842105265]
 mean: 0.5177720198618032, std: 0.1158199264521388
--------------------------------------------------
Subject Number: 27
Accuracy Cross: [0.43478260869565216, 0.463768115942029, 0.4782608695652174, 0.43478260869565216, 0.391304347826087, 0.36231884057971014, 0.391304347826087, 0.4492753623188406, 0.43478260869565216, 0.43478260869565216, 0.4264705882352941, 0.47058823529411764, 0.4264705882352941, 0.4411764705882353, 0.4264705882352941]
 mean: 0.4311025859619211, std: 0.029776198146391843
F1 Score: [0.3814678649237473, 0.45951967620971823, 0.48551051051051053, 0.4324522536287242, 0.3729787121091469, 0.3175080558539205, 0.34364406779661016, 0.3935110225432806, 0.39449550292604374, 0.390196561127102, 0.4097542242703533, 0.4573367808661926, 0.43784019597973084, 0.44415445665445663, 0.4328812582345191]
 mean: 0.4102167429089371, std: 0.044279717814870646
Accuracy Intime: [0.2857142857142857, 0.42857142857142855, 0.39285714285714285, 0.38461538461538464, 0.46153846153846156, 0.5357142857142857, 0.5357142857142857, 0.4642857142857143, 0.5384615384615384, 0.6923076923076923, 0.35714285714285715, 0.6428571428571429, 0.35714285714285715, 0.5714285714285714, 0.5]
 mean: 0.47655677655677653, std: 0.10883128478312314
F1 (Intime): [0.2706709956709956, 0.4305555555555556, 0.35726773226773223, 0.2850274725274725, 0.40432330827067664, 0.5566239316239316, 0.5471611721611721, 0.3988095238095238, 0.5116847826086957, 0.6831550802139037, 0.3518037518037518, 0.6440030557677616, 0.3388888888888889, 0.573249299719888, 0.4850081699346405]
 mean: 0.45588218138830594, std: 0.12316834017804483
--------------------------------------------------
Subject Number: 28
Accuracy Cross: [0.35294117647058826, 0.3382352941176471, 0.29411764705882354, 0.29411764705882354, 0.29411764705882354, 0.25, 0.27941176470588236, 0.25, 0.23529411764705882, 0.27941176470588236, 0.4264705882352941, 0.5, 0.45588235294117646, 0.45588235294117646, 0.45588235294117646]
 mean: 0.34411764705882353, std: 0.08721633869131068
F1 Score: [0.3454317499822494, 0.33242589231699937, 0.2703081232492997, 0.28054353054353054, 0.31588680926916224, 0.23026973026973027, 0.246256157635468, 0.2273863068465767, 0.20450394506136763, 0.2585018580935096, 0.3813750780112336, 0.48914473684210524, 0.40960510078157136, 0.4325595238095238, 0.3920134743305475]
 mean: 0.3210808011361917, std: 0.08257380689043926
Accuracy Intime: [0.4642857142857143, 0.5357142857142857, 0.42857142857142855, 0.7692307692307693, 0.5, 0.4642857142857143, 0.42857142857142855, 0.4642857142857143, 0.46153846153846156, 0.5, 0.42857142857142855, 0.35714285714285715, 0.4642857142857143, 0.38461538461538464, 0.38461538461538464]
 mean: 0.4690476190476191, std: 0.09248884776436761
F1 (Intime): [0.4542735042735043, 0.5317460317460317, 0.42320261437908496, 0.7450980392156862, 0.4582166199813259, 0.3923611111111111, 0.4013888888888889, 0.4285714285714286, 0.48623680241327294, 0.41666666666666663, 0.4286616161616162, 0.32371794871794873, 0.48492063492063486, 0.3921568627450981, 0.3156448814343551]
 mean: 0.44552424341511027, std: 0.09724758731703456
--------------------------------------------------
Subject Number: 29
Accuracy Cross: [0.5147058823529411, 0.5, 0.5147058823529411, 0.5, 0.5294117647058824, 0.5882352941176471, 0.5882352941176471, 0.5441176470588235, 0.6617647058823529, 0.5882352941176471, 0.5652173913043478, 0.5797101449275363, 0.5362318840579711, 0.5797101449275363, 0.5652173913043478]
 mean: 0.5570332480818414, std: 0.04203417290468088
F1 Score: [0.5313871635610766, 0.5069663697483247, 0.5048396758280479, 0.49898521019210673, 0.5396813987239519, 0.6080567580567581, 0.609375, 0.5656320656320656, 0.6822082263258734, 0.6149910101523005, 0.5877267397445236, 0.6004793606213484, 0.5595285212487013, 0.5998329156223894, 0.583460915777989]
 mean: 0.5728767554156972, std: 0.04872027826692079
Accuracy Intime: [0.5, 0.6071428571428571, 0.6785714285714286, 0.6538461538461539, 0.5, 0.5, 0.5714285714285714, 0.7142857142857143, 0.5769230769230769, 0.4230769230769231, 0.5357142857142857, 0.5, 0.5, 0.5384615384615384, 0.5384615384615384]
 mean: 0.5558608058608059, std: 0.07629694589622894
F1 (Intime): [0.5117521367521368, 0.5986111111111111, 0.6887254901960784, 0.6887254901960784, 0.5194444444444444, 0.5251970251970252, 0.5817179144385027, 0.7287608225108225, 0.6150954308849046, 0.4504901960784313, 0.5549019607843138, 0.5159987071751777, 0.513424688057041, 0.5933583959899749, 0.5349206349206349]
 mean: 0.5747416299157785, std: 0.07589833133366576
--------------------------------------------------
**************************************************
accuracy_cross_list: [0.4628019323671497, 0.3301790281329923, 0.29515487354362036, 0.5130434782608696, 0.4401960784313726, 0.4312162546177892, 0.503921568627451, 0.33529411764705885, 0.4245098039215686, 0.30242966751918154, 0.3864734299516908, 0.49862176754759885, 0.35998863313441315, 0.35196078431372546, 0.46372549019607845, 0.4705882352941177, 0.4311025859619211, 0.37154021028701334, 0.3598039215686274, 0.46257459505541354, 0.4019607843137256, 0.3717675475987496, 0.4516766126740552, 0.31470588235294117, 0.4615231599886332, 0.45450412048877525, 0.4311025859619211, 0.34411764705882353, 0.5570332480818414]
f1_score_list: [0.4733749529001746, 0.3350653391283917, 0.27777088373866127, 0.5227286553905157, 0.4224285606863064, 0.41987424522255967, 0.49712821064064855, 0.34857852669332734, 0.44801996736407274, 0.3042564931516326, 0.3641919290063716, 0.5013327743734584, 0.37210118619225574, 0.3649589081605021, 0.47595625243413636, 0.4253192564276352, 0.4102167429089371, 0.39079757169417906, 0.3568568573489234, 0.47543202502596166, 0.3760135546133544, 0.3807383136073406, 0.45360697010165096, 0.3106112670700082, 0.4246511746839636, 0.4728500099492306, 0.4102167429089371, 0.3210808011361917, 0.5728767554156972]
accuracy_intime_list: [0.48974358974358967, 0.4373626373626374, 0.43424908424908426, 0.5620879120879122, 0.6287545787545787, 0.5501831501831502, 0.567032967032967, 0.3875457875457876, 0.5344322344322344, 0.37380952380952376, 0.45989010989010987, 0.5150183150183151, 0.4276556776556777, 0.42472527472527477, 0.5525641025641026, 0.5908424908424909, 0.47655677655677653, 0.4184981684981686, 0.5054945054945055, 0.5593406593406594, 0.49871794871794867, 0.46684981684981686, 0.5271062271062271, 0.4146520146520147, 0.5331501831501831, 0.5097069597069597, 0.47655677655677653, 0.4690476190476191, 0.5558608058608059]
f1_score_intime_list: [0.5038945170756316, 0.4279375085412237, 0.40736160912244507, 0.5666585256562037, 0.6076784572446843, 0.5336805210127663, 0.5430223659209727, 0.38397275969644384, 0.5265696307762872, 0.35790784816679966, 0.4313671361891177, 0.49346190502537257, 0.4176960094142756, 0.40614380602770694, 0.5589897621012173, 0.5740122676887384, 0.45588218138830594, 0.4222548349483333, 0.49498385486775576, 0.5542214815628128, 0.4617390066074277, 0.46561192747641134, 0.5153665402078713, 0.3907509897796275, 0.4939997153116348, 0.5177720198618032, 0.45588218138830594, 0.44552424341511027, 0.5747416299157785]
**************************************************
ACC: 41.32±6.74
F1: 41.07±7.01
Intime: 49.47±6.27
F1 (Intime): 48.24±6.54
