1e-05
Subject Number: 1
Accuracy Cross: [0.3047619047619048, 0.30952380952380953, 0.3142857142857143, 0.2761904761904762, 0.2904761904761905, 0.3380952380952381, 0.36666666666666664, 0.36666666666666664, 0.3619047619047619, 0.36666666666666664, 0.35714285714285715, 0.2904761904761905, 0.3333333333333333, 0.3047619047619048, 0.3142857142857143]
 mean: 0.32634920634920633, std: 0.03040998099003947
F1 Score: [0.2539524890701877, 0.24729731689481843, 0.272925073984396, 0.22790680304926608, 0.2415278175162457, 0.33998862046926626, 0.3704716192163309, 0.37222169259057797, 0.3737656312368956, 0.36749357799971033, 0.3595897195897196, 0.28799032175790906, 0.33159577807691454, 0.31288313397614786, 0.3190452128095494]
 mean: 0.31191032054919565, std: 0.05106845440352771
Accuracy Intime: [0.44047619047619047, 0.40476190476190477, 0.36904761904761907, 0.39285714285714285, 0.3333333333333333, 0.30952380952380953, 0.36904761904761907, 0.40476190476190477, 0.38095238095238093, 0.34523809523809523, 0.35714285714285715, 0.36904761904761907, 0.3333333333333333, 0.38095238095238093, 0.34523809523809523]
 mean: 0.36904761904761896, std: 0.03253000243161777
F1 (Intime): [0.44219268256274147, 0.3916441653907886, 0.36794674859190996, 0.3931829108070399, 0.3514663830792863, 0.28311014299787357, 0.34708239157732057, 0.38923605805958744, 0.3867907650806524, 0.3243864194984445, 0.3291303970526748, 0.3182768269455576, 0.3111740317524522, 0.3721623531896129, 0.3363046824253721]
 mean: 0.3562724639340876, std: 0.03957482958723303
--------------------------------------------------
Subject Number: 2
Accuracy Cross: [0.3333333333333333, 0.37142857142857144, 0.32857142857142857, 0.3523809523809524, 0.35714285714285715, 0.3238095238095238, 0.2904761904761905, 0.37142857142857144, 0.3142857142857143, 0.2857142857142857, 0.26666666666666666, 0.3047619047619048, 0.3142857142857143, 0.2904761904761905, 0.28095238095238095]
 mean: 0.31904761904761897, std: 0.03220305943597653
F1 Score: [0.2941052417338089, 0.3289815781670645, 0.2780391051490564, 0.2874811829272635, 0.28893224567600145, 0.3355518128119337, 0.30672583454032454, 0.38407256159442416, 0.3223757921650193, 0.2986041126424957, 0.26570762570762574, 0.31730120975747217, 0.32251812206924485, 0.2935250650122186, 0.2939046704799658]
 mean: 0.3078550773622613, std: 0.027871220743756992
Accuracy Intime: [0.5, 0.27380952380952384, 0.34523809523809523, 0.35714285714285715, 0.36904761904761907, 0.40476190476190477, 0.27380952380952384, 0.34523809523809523, 0.3333333333333333, 0.32142857142857145, 0.35714285714285715, 0.36904761904761907, 0.39285714285714285, 0.4642857142857143, 0.34523809523809523]
 mean: 0.3634920634920635, std: 0.05846141860540602
F1 (Intime): [0.48766608499645214, 0.28791254644130815, 0.35736777842041, 0.3621217451039612, 0.3559816734989149, 0.4067990832696715, 0.260264843517348, 0.35740485526467536, 0.319619457760057, 0.3103604108309991, 0.3430107312865933, 0.3736324559853972, 0.39144531003657923, 0.4549558554056305, 0.3287936863435184]
 mean: 0.35982243454410107, std: 0.05727986100427502
--------------------------------------------------
Subject Number: 3
Accuracy Cross: [0.2619047619047619, 0.23809523809523808, 0.28095238095238095, 0.2761904761904762, 0.23333333333333334, 0.29523809523809524, 0.2857142857142857, 0.3333333333333333, 0.3, 0.34285714285714286, 0.26666666666666666, 0.28095238095238095, 0.2857142857142857, 0.3047619047619048, 0.2619047619047619]
 mean: 0.2831746031746032, std: 0.02914071299647726
F1 Score: [0.19147823102589728, 0.1495914258110536, 0.2179673750132154, 0.21509859665617914, 0.12963577653411235, 0.28706072874493926, 0.28089708327066426, 0.32822124190277213, 0.29433250453739546, 0.3356670761428697, 0.27027829369378664, 0.2800086504737891, 0.28457891330847057, 0.31145811267557144, 0.26469879236735694]
 mean: 0.2560648534772049, std: 0.0599656448372116
Accuracy Intime: [0.2857142857142857, 0.39285714285714285, 0.2976190476190476, 0.36904761904761907, 0.2857142857142857, 0.35714285714285715, 0.2976190476190476, 0.27380952380952384, 0.34523809523809523, 0.32142857142857145, 0.32142857142857145, 0.38095238095238093, 0.38095238095238093, 0.44047619047619047, 0.32142857142857145]
 mean: 0.3380952380952381, std: 0.04637257510473505
F1 (Intime): [0.26713814809766834, 0.39794887183334293, 0.30757576110819684, 0.3496197496197496, 0.22953281423804225, 0.3474010374010374, 0.30059516279630133, 0.2562582345191041, 0.32746685261540953, 0.2990239596023801, 0.2919957756164653, 0.3614129803784976, 0.3830794504181601, 0.42125401480240193, 0.28003508771929825]
 mean: 0.32135586005107036, std: 0.05296087445216418
--------------------------------------------------
Subject Number: 4
Accuracy Cross: [0.2761904761904762, 0.2714285714285714, 0.23333333333333334, 0.2761904761904762, 0.24761904761904763, 0.23809523809523808, 0.2761904761904762, 0.2761904761904762, 0.26666666666666666, 0.3142857142857143, 0.34285714285714286, 0.3142857142857143, 0.319047619047619, 0.3238095238095238, 0.34285714285714286]
 mean: 0.287936507936508, std: 0.034683175323803585
F1 Score: [0.255382740542767, 0.2576159934540273, 0.21982736324841587, 0.2664804141328177, 0.2332354563547224, 0.23819091132235465, 0.2688959958947391, 0.26582829979061173, 0.25880613535736874, 0.3140542450479607, 0.3274997945092882, 0.300099656912054, 0.276496431294308, 0.30839764876522, 0.3301401752437446]
 mean: 0.2747300841246933, std: 0.03302008850535988
Accuracy Intime: [0.44047619047619047, 0.40476190476190477, 0.3333333333333333, 0.34523809523809523, 0.30952380952380953, 0.27380952380952384, 0.2857142857142857, 0.34523809523809523, 0.39285714285714285, 0.32142857142857145, 0.30952380952380953, 0.27380952380952384, 0.3333333333333333, 0.4166666666666667, 0.3333333333333333]
 mean: 0.3412698412698412, std: 0.04969039949999532
F1 (Intime): [0.43768796992481207, 0.398475135975136, 0.3254416278806523, 0.3367444830556298, 0.28516373516373517, 0.27173811820363547, 0.2817249474130012, 0.3475459298397636, 0.3899715099715099, 0.31472214692328543, 0.3072484390939004, 0.25383597883597886, 0.3331297329533506, 0.40827442413915715, 0.3412461300309598]
 mean: 0.33553002062696724, std: 0.051863868900748455
--------------------------------------------------
Subject Number: 5
Accuracy Cross: [0.36666666666666664, 0.3619047619047619, 0.4095238095238095, 0.38571428571428573, 0.3619047619047619, 0.32857142857142857, 0.3333333333333333, 0.37142857142857144, 0.3238095238095238, 0.3380952380952381, 0.30952380952380953, 0.3523809523809524, 0.3238095238095238, 0.2857142857142857, 0.319047619047619]
 mean: 0.3447619047619047, std: 0.03099752507615021
F1 Score: [0.3399238673460784, 0.3265837632031442, 0.3752519510608696, 0.3507230056330768, 0.336053729237107, 0.3363007024411737, 0.3374436140054396, 0.3788633466644044, 0.3313736977665014, 0.34703795595584697, 0.3231482686339886, 0.36998871566631153, 0.34309026859469094, 0.29744695071010857, 0.33437182331482235]
 mean: 0.34184011068223763, std: 0.02031794715100858
Accuracy Intime: [0.35714285714285715, 0.4166666666666667, 0.4523809523809524, 0.4166666666666667, 0.38095238095238093, 0.42857142857142855, 0.42857142857142855, 0.47619047619047616, 0.4166666666666667, 0.27380952380952384, 0.38095238095238093, 0.5119047619047619, 0.47619047619047616, 0.39285714285714285, 0.44047619047619047]
 mean: 0.41666666666666674, std: 0.054985739922821485
F1 (Intime): [0.36167368776551306, 0.3983490953551826, 0.4602399504838529, 0.4241961264400288, 0.39237393237393237, 0.42234432234432234, 0.4229068044375025, 0.4760567258238925, 0.4129644968035061, 0.2835176830966305, 0.36083470557080266, 0.5141176470588236, 0.48584881784881795, 0.3821079475728432, 0.4277822329145504]
 mean: 0.41502094505934667, std: 0.05533126928291813
--------------------------------------------------
Subject Number: 6
Accuracy Cross: [0.21904761904761905, 0.24761904761904763, 0.22857142857142856, 0.2619047619047619, 0.2857142857142857, 0.2619047619047619, 0.24285714285714285, 0.29523809523809524, 0.20952380952380953, 0.2523809523809524, 0.2714285714285714, 0.22380952380952382, 0.319047619047619, 0.23333333333333334, 0.2761904761904762]
 mean: 0.25523809523809526, std: 0.029651541406566645
F1 Score: [0.2192994236811669, 0.2492545584443823, 0.2325300145796069, 0.2546488314607581, 0.27955273220046556, 0.26161309190539134, 0.24031289849580703, 0.29209222555238196, 0.20158680867855225, 0.2534456762334, 0.2689073911226698, 0.21778388278388278, 0.3082891350085776, 0.2256103889145455, 0.27010416512498053]
 mean: 0.25166874827910457, std: 0.028577003369606096
Accuracy Intime: [0.32142857142857145, 0.2857142857142857, 0.30952380952380953, 0.30952380952380953, 0.30952380952380953, 0.30952380952380953, 0.27380952380952384, 0.27380952380952384, 0.2619047619047619, 0.25, 0.25, 0.36904761904761907, 0.2857142857142857, 0.35714285714285715, 0.2619047619047619]
 mean: 0.29523809523809524, std: 0.03483033056744713
F1 (Intime): [0.3280969030969031, 0.28622391339002906, 0.30879797029627254, 0.2925461511668408, 0.29712840158355497, 0.3068080030443182, 0.26488895644088406, 0.2697704327559723, 0.24928170478170478, 0.24307616548703134, 0.24820452330888765, 0.36834659593280283, 0.27883954754922496, 0.33030212098479167, 0.2448648648648649]
 mean: 0.28781175031227224, std: 0.03526816289389574
--------------------------------------------------
Subject Number: 7
Accuracy Cross: [0.2761904761904762, 0.2571428571428571, 0.23809523809523808, 0.24761904761904763, 0.2619047619047619, 0.21428571428571427, 0.22380952380952382, 0.19047619047619047, 0.21428571428571427, 0.21428571428571427, 0.26666666666666666, 0.2714285714285714, 0.24761904761904763, 0.2523809523809524, 0.24761904761904763]
 mean: 0.2415873015873016, std: 0.024185392958401157
F1 Score: [0.2744890785024952, 0.25459064188751424, 0.21776439106026274, 0.23848919970035926, 0.2537741118966571, 0.1944284618503775, 0.2258941922315219, 0.19331403935920316, 0.21158481541342708, 0.21645346658451392, 0.2673214426023415, 0.2628190003223044, 0.24489696464257232, 0.24919873926123431, 0.24976997682535806]
 mean: 0.2369859014760095, std: 0.02482060943178023
Accuracy Intime: [0.2857142857142857, 0.20238095238095238, 0.2261904761904762, 0.34523809523809523, 0.30952380952380953, 0.2261904761904762, 0.2857142857142857, 0.25, 0.23809523809523808, 0.20238095238095238, 0.2619047619047619, 0.2261904761904762, 0.19047619047619047, 0.23809523809523808, 0.2619047619047619]
 mean: 0.25, std: 0.04123930494211612
F1 (Intime): [0.26996151996151996, 0.17550089383562892, 0.2174891614022049, 0.3333562752488584, 0.2978910849453322, 0.2127809147374365, 0.28488164951579587, 0.24852910052910052, 0.21474747474747474, 0.20095238095238094, 0.2728044674386138, 0.20989247311827955, 0.19180189372743928, 0.232005772005772, 0.24725361589204553]
 mean: 0.24065657853719222, std: 0.04245581246507177
--------------------------------------------------
Subject Number: 8
Accuracy Cross: [0.43333333333333335, 0.38095238095238093, 0.3761904761904762, 0.3380952380952381, 0.3904761904761905, 0.3761904761904762, 0.3523809523809524, 0.3238095238095238, 0.3333333333333333, 0.37142857142857144, 0.34285714285714286, 0.32857142857142857, 0.35714285714285715, 0.3380952380952381, 0.3523809523809524]
 mean: 0.3596825396825396, std: 0.028030146101135384
F1 Score: [0.4130244402200627, 0.36323274764451235, 0.3547922493448999, 0.3210062251344986, 0.3727544547433769, 0.3880396832103613, 0.36991682304992, 0.32746267119761097, 0.340250155181335, 0.38419292579693587, 0.35889770692428363, 0.34326064438750475, 0.368608025348106, 0.3485242235556151, 0.3673879937322709]
 mean: 0.3614233979647529, std: 0.02303961274860276
Accuracy Intime: [0.40476190476190477, 0.44047619047619047, 0.4642857142857143, 0.30952380952380953, 0.40476190476190477, 0.39285714285714285, 0.39285714285714285, 0.40476190476190477, 0.32142857142857145, 0.4523809523809524, 0.42857142857142855, 0.5238095238095238, 0.36904761904761907, 0.39285714285714285, 0.40476190476190477]
 mean: 0.40714285714285725, std: 0.051287283877471466
F1 (Intime): [0.38414450103754005, 0.43866264454499754, 0.4767075099889338, 0.3295074384729557, 0.41349593495934955, 0.3839610883112935, 0.3951724137931035, 0.38894682202524244, 0.2687801179377782, 0.45299936095134896, 0.42499222999223, 0.530544398130605, 0.3753917165375457, 0.36087481146304673, 0.41246868722675173]
 mean: 0.4024433116915148, std: 0.05948703850823961
--------------------------------------------------
Subject Number: 9
Accuracy Cross: [0.34285714285714286, 0.3380952380952381, 0.38571428571428573, 0.3142857142857143, 0.29523809523809524, 0.3380952380952381, 0.3476190476190476, 0.32857142857142857, 0.319047619047619, 0.34285714285714286, 0.20952380952380953, 0.2904761904761905, 0.28095238095238095, 0.24285714285714285, 0.2619047619047619]
 mean: 0.3092063492063492, std: 0.044482976494191764
F1 Score: [0.319922126745435, 0.30577154937236184, 0.34870448596106896, 0.2723293519778998, 0.2607915847662926, 0.32326016418838, 0.3325003037360178, 0.3166498406989041, 0.3007978278657828, 0.32078785448185376, 0.21745788348197986, 0.2927441643323996, 0.29320074938156265, 0.2478337539882851, 0.2770623222809501]
 mean: 0.295320930883945, std: 0.03390547053235389
Accuracy Intime: [0.34523809523809523, 0.40476190476190477, 0.39285714285714285, 0.32142857142857145, 0.39285714285714285, 0.40476190476190477, 0.36904761904761907, 0.2619047619047619, 0.4166666666666667, 0.36904761904761907, 0.36904761904761907, 0.42857142857142855, 0.38095238095238093, 0.38095238095238093, 0.39285714285714285]
 mean: 0.3753968253968255, std: 0.04004595495727893
F1 (Intime): [0.3524771362813632, 0.4166082734034052, 0.39409152731667946, 0.3087572590011614, 0.3780893300248138, 0.4135392535392535, 0.367655718201259, 0.27316522366522367, 0.43152194211017736, 0.3597300524626106, 0.37101018048303647, 0.4215586980169023, 0.39352486126679675, 0.39188391960477903, 0.39758576398943923]
 mean: 0.37807994262446004, std: 0.041245435017548016
--------------------------------------------------
Subject Number: 10
Accuracy Cross: [0.28095238095238095, 0.2714285714285714, 0.26666666666666666, 0.2523809523809524, 0.28095238095238095, 0.23333333333333334, 0.2761904761904762, 0.2619047619047619, 0.28095238095238095, 0.23333333333333334, 0.2523809523809524, 0.2714285714285714, 0.3238095238095238, 0.26666666666666666, 0.24761904761904763]
 mean: 0.26666666666666666, std: 0.02164790745553311
F1 Score: [0.2812380188921707, 0.26120547938013067, 0.26130209244040337, 0.24226890756302524, 0.2769579811219625, 0.22772727272727272, 0.27088621296751686, 0.2613492663607045, 0.2804572246360581, 0.2373527086633708, 0.2504353652202461, 0.26942506097188385, 0.31605344432463117, 0.2624984255510571, 0.24487435485131503]
 mean: 0.2629354543781165, std: 0.02094039203075186
Accuracy Intime: [0.44047619047619047, 0.38095238095238093, 0.27380952380952384, 0.2619047619047619, 0.3333333333333333, 0.3333333333333333, 0.25, 0.3333333333333333, 0.23809523809523808, 0.36904761904761907, 0.40476190476190477, 0.3333333333333333, 0.35714285714285715, 0.2976190476190476, 0.27380952380952384]
 mean: 0.32539682539682535, std: 0.05728597597656695
F1 (Intime): [0.44500410509031196, 0.3719159269865303, 0.268644589085187, 0.2569413019779268, 0.3294683810812843, 0.3022376277299138, 0.25257934857934855, 0.3340196078431372, 0.245518961685019, 0.36293464097910555, 0.3892061596495094, 0.3245755402800208, 0.35121393729203576, 0.30008097165991904, 0.26631573236118394]
 mean: 0.32004378881869555, std: 0.055699550632448865
--------------------------------------------------
Subject Number: 11
Accuracy Cross: [0.2571428571428571, 0.20952380952380953, 0.20476190476190476, 0.23333333333333334, 0.3, 0.24285714285714285, 0.3, 0.34285714285714286, 0.28095238095238095, 0.29523809523809524, 0.2904761904761905, 0.3238095238095238, 0.3047619047619048, 0.3142857142857143, 0.3333333333333333]
 mean: 0.28222222222222215, std: 0.041856634219300345
F1 Score: [0.2481530814864148, 0.2041764631402015, 0.19634162460946886, 0.22565916250748924, 0.2873943479388125, 0.24321683615473816, 0.3031438759739542, 0.3454588989720276, 0.2890027882565196, 0.300279192457351, 0.29470628181244096, 0.3183083951369679, 0.3059629670155986, 0.31598528931023206, 0.3342164644670128]
 mean: 0.28080037794928203, std: 0.04473492720604242
Accuracy Intime: [0.42857142857142855, 0.34523809523809523, 0.27380952380952384, 0.40476190476190477, 0.38095238095238093, 0.2619047619047619, 0.23809523809523808, 0.39285714285714285, 0.34523809523809523, 0.34523809523809523, 0.21428571428571427, 0.32142857142857145, 0.2976190476190476, 0.2857142857142857, 0.39285714285714285]
 mean: 0.3285714285714286, std: 0.0628138378965377
F1 (Intime): [0.4250108035283053, 0.3414934702978181, 0.2736433883898387, 0.3956537245969949, 0.37185369364653537, 0.2280232353458898, 0.21463419621314359, 0.3676313242458487, 0.3422825150732128, 0.35656035260039715, 0.21163751987281398, 0.3162837696919493, 0.29981726042364454, 0.26380720173823624, 0.390353247848504]
 mean: 0.31991238023420887, std: 0.06632482252852957
--------------------------------------------------
Subject Number: 12
Accuracy Cross: [0.2857142857142857, 0.3142857142857143, 0.3619047619047619, 0.40476190476190477, 0.2857142857142857, 0.29523809523809524, 0.29523809523809524, 0.3, 0.3238095238095238, 0.29523809523809524, 0.2619047619047619, 0.2, 0.2523809523809524, 0.2761904761904762, 0.21904761904761905]
 mean: 0.2914285714285715, std: 0.048847642877252975
F1 Score: [0.2961422864783624, 0.3193372864849626, 0.3507194536875899, 0.4026164449663646, 0.2998571428571429, 0.24014989985139237, 0.2401434957431992, 0.2534637633269144, 0.2727932151497749, 0.24359276839313138, 0.27674579282241313, 0.221523585770285, 0.27125543312509776, 0.2867925044158329, 0.23760431390145262]
 mean: 0.28084915913159436, std: 0.046787297039191385
Accuracy Intime: [0.2976190476190476, 0.32142857142857145, 0.3333333333333333, 0.2976190476190476, 0.3333333333333333, 0.40476190476190477, 0.34523809523809523, 0.34523809523809523, 0.32142857142857145, 0.44047619047619047, 0.25, 0.38095238095238093, 0.32142857142857145, 0.32142857142857145, 0.4166666666666667]
 mean: 0.342063492063492, std: 0.04830198112604108
F1 (Intime): [0.3085109960499626, 0.3252120627120627, 0.3288267288267288, 0.2769921181685887, 0.34189499844672255, 0.3939038080171847, 0.35370978977764295, 0.3529426417471958, 0.33116928657451716, 0.4483121075777219, 0.2534562211981567, 0.3499670619235836, 0.30649184792789624, 0.3029915898208581, 0.4321165623491205]
 mean: 0.34043318807452955, std: 0.0509532364359697
--------------------------------------------------
Subject Number: 13
Accuracy Cross: [0.24285714285714285, 0.21428571428571427, 0.2523809523809524, 0.2619047619047619, 0.23809523809523808, 0.2904761904761905, 0.24285714285714285, 0.24761904761904763, 0.2857142857142857, 0.2904761904761905, 0.2904761904761905, 0.3476190476190476, 0.2904761904761905, 0.3380952380952381, 0.2619047619047619]
 mean: 0.273015873015873, std: 0.03557822406634134
F1 Score: [0.231198621588043, 0.20541942993493034, 0.23094420456062062, 0.2396328952850692, 0.22449653269288775, 0.2697303516099234, 0.22592541081041095, 0.23488037231274736, 0.28186936186936185, 0.2787386055678739, 0.2717469417036694, 0.3310445243204254, 0.281172342621259, 0.31922599582612726, 0.2513028759114214]
 mean: 0.2584885644409847, std: 0.03485871002476255
Accuracy Intime: [0.35714285714285715, 0.25, 0.32142857142857145, 0.40476190476190477, 0.27380952380952384, 0.2976190476190476, 0.40476190476190477, 0.44047619047619047, 0.40476190476190477, 0.2857142857142857, 0.2976190476190476, 0.30952380952380953, 0.27380952380952384, 0.2857142857142857, 0.21428571428571427]
 mean: 0.3214285714285714, std: 0.063887656499994
F1 (Intime): [0.3068534742502202, 0.23486134894555777, 0.28458110516934043, 0.4049152090654243, 0.24373907802948, 0.3136641852770885, 0.35775179067646207, 0.4376443639669446, 0.3862938199523565, 0.2638358358358358, 0.29962842712842713, 0.3071186245759301, 0.27884081817008644, 0.2672667855020796, 0.20850381481960428]
 mean: 0.3063665787576558, std: 0.06285231806247076
--------------------------------------------------
Subject Number: 14
Accuracy Cross: [0.3, 0.2761904761904762, 0.36666666666666664, 0.3142857142857143, 0.24761904761904763, 0.3904761904761905, 0.34285714285714286, 0.38571428571428573, 0.38095238095238093, 0.3380952380952381, 0.3380952380952381, 0.3476190476190476, 0.30952380952380953, 0.32857142857142857, 0.3142857142857143]
 mean: 0.332063492063492, std: 0.038937772968792285
F1 Score: [0.3147823523993737, 0.29096118463454335, 0.37639340776182884, 0.33372056382273413, 0.25099920589739744, 0.3554822494223709, 0.30810208623767943, 0.35500344225014796, 0.3537447241796222, 0.3265091007419175, 0.3158462186861475, 0.30457961234061093, 0.27544242776238403, 0.2935955491023439, 0.27903365077768477]
 mean: 0.3156130517344525, std: 0.033797533694521216
Accuracy Intime: [0.30952380952380953, 0.36904761904761907, 0.40476190476190477, 0.34523809523809523, 0.40476190476190477, 0.4166666666666667, 0.36904761904761907, 0.2857142857142857, 0.2619047619047619, 0.2857142857142857, 0.38095238095238093, 0.40476190476190477, 0.42857142857142855, 0.36904761904761907, 0.39285714285714285]
 mean: 0.361904761904762, std: 0.05102872192278892
F1 (Intime): [0.2946373626373626, 0.3666674969900776, 0.4002394002394002, 0.3146240732447629, 0.3925628638672117, 0.3980842437985295, 0.3543801438128468, 0.28194518125552614, 0.23424533208508866, 0.2988074195308238, 0.3889177489177489, 0.40113435882481596, 0.42125026902256507, 0.3633935413245758, 0.37311049203914065]
 mean: 0.35226666183936506, std: 0.052760319723319515
--------------------------------------------------
**************************************************
accuracy_cross_list: [0.32634920634920633, 0.31904761904761897, 0.2831746031746032, 0.287936507936508, 0.3447619047619047, 0.25523809523809526, 0.2415873015873016, 0.3596825396825396, 0.3092063492063492, 0.26666666666666666, 0.28222222222222215, 0.2914285714285715, 0.273015873015873, 0.332063492063492]
f1_score_list: [0.31191032054919565, 0.3078550773622613, 0.2560648534772049, 0.2747300841246933, 0.34184011068223763, 0.25166874827910457, 0.2369859014760095, 0.3614233979647529, 0.295320930883945, 0.2629354543781165, 0.28080037794928203, 0.28084915913159436, 0.2584885644409847, 0.3156130517344525]
accuracy_intime_list: [0.36904761904761896, 0.3634920634920635, 0.3380952380952381, 0.3412698412698412, 0.41666666666666674, 0.29523809523809524, 0.25, 0.40714285714285725, 0.3753968253968255, 0.32539682539682535, 0.3285714285714286, 0.342063492063492, 0.3214285714285714, 0.361904761904762]
f1_score_intime_list: [0.3562724639340876, 0.35982243454410107, 0.32135586005107036, 0.33553002062696724, 0.41502094505934667, 0.28781175031227224, 0.24065657853719222, 0.4024433116915148, 0.37807994262446004, 0.32004378881869555, 0.31991238023420887, 0.34043318807452955, 0.3063665787576558, 0.35226666183936506]
**************************************************
ACC: 29.80±3.35
F1: 28.83±3.46
Intime: 34.54±4.13
F1 (Intime): 33.83±4.36
