1e-05
Subject Number: 1
Accuracy Cross: [0.875, 0.8125, 0.78125, 0.90625, 0.90625, 0.7878787878787878, 0.8787878787878788, 0.8484848484848485, 0.7878787878787878, 0.7878787878787878, 0.90625, 0.96875, 1.0, 0.875, 0.875]
 mean: 0.8664772727272728, std: 0.06451729865574116
F1 Score: [0.8666666666666667, 0.8056680161943319, 0.7757757757757757, 0.9015384615384616, 0.9015384615384616, 0.7664307381193125, 0.8730769230769231, 0.8390243902439025, 0.7664307381193125, 0.7664307381193125, 0.9039039039039038, 0.9684729064039409, 1.0, 0.8666666666666667, 0.8704453441295547]
 mean: 0.8581379820331019, std: 0.07014893016710731
Accuracy Intime: [1.0, 0.7857142857142857, 0.75, 0.75, 0.8333333333333334, 0.9285714285714286, 0.9285714285714286, 0.9166666666666666, 0.75, 1.0, 0.8571428571428571, 0.8571428571428571, 0.9166666666666666, 0.6666666666666666, 0.9166666666666666]
 mean: 0.8571428571428571, std: 0.09593002614851949
F1 (Intime): [1.0, 0.7543859649122806, 0.7482517482517483, 0.7333333333333334, 0.8285714285714285, 0.9251336898395721, 0.9251336898395721, 0.9111111111111111, 0.7333333333333334, 1.0, 0.8444444444444444, 0.8444444444444444, 0.9111111111111111, 0.625, 0.916083916083916]
 mean: 0.8466892143517531, std: 0.10514270545992185
--------------------------------------------------
Subject Number: 2
Accuracy Cross: [0.696969696969697, 0.7878787878787878, 0.7575757575757576, 0.696969696969697, 0.7878787878787878, 0.59375, 0.59375, 0.65625, 0.75, 0.65625, 0.7272727272727273, 0.6666666666666666, 0.7575757575757576, 0.5757575757575758, 0.6666666666666666]
 mean: 0.6914141414141414, std: 0.06747659507994833
F1 Score: [0.6826923076923077, 0.7746341463414634, 0.7461538461538462, 0.6726190476190477, 0.7746341463414634, 0.5835835835835836, 0.539313399778516, 0.6476476476476476, 0.7090909090909091, 0.5883040935672514, 0.7272727272727273, 0.6654377880184332, 0.7573529411764706, 0.5753676470588236, 0.6616961789375583]
 mean: 0.6737200273520034, std: 0.07342155723653289
Accuracy Intime: [0.6428571428571429, 0.7857142857142857, 0.6666666666666666, 0.4166666666666667, 0.6666666666666666, 0.7142857142857143, 0.8571428571428571, 0.5714285714285714, 0.5, 0.5833333333333334, 0.8571428571428571, 0.6428571428571429, 0.5833333333333334, 0.6666666666666666, 0.4166666666666667]
 mean: 0.6380952380952379, std: 0.13003284659752504
F1 (Intime): [0.625668449197861, 0.7754010695187166, 0.625, 0.37777777777777777, 0.6571428571428571, 0.6888888888888889, 0.8444444444444444, 0.5625, 0.4857142857142857, 0.5555555555555556, 0.8444444444444444, 0.625668449197861, 0.5555555555555556, 0.625, 0.37777777777777777]
 mean: 0.6151026370144018, std: 0.1360804091918433
--------------------------------------------------
Subject Number: 3
Accuracy Cross: [0.625, 0.53125, 0.625, 0.6875, 0.625, 0.5757575757575758, 0.5151515151515151, 0.6060606060606061, 0.5454545454545454, 0.5757575757575758, 0.5454545454545454, 0.5151515151515151, 0.48484848484848486, 0.5454545454545454, 0.42424242424242425]
 mean: 0.5618055555555554, std: 0.06380305498985263
F1 Score: [0.625, 0.5270935960591133, 0.611336032388664, 0.6761133603238867, 0.6235294117647059, 0.5557692307692308, 0.5037593984962406, 0.5925925925925926, 0.44568868980963045, 0.5416666666666666, 0.543778801843318, 0.47619047619047616, 0.4672364672364672, 0.47619047619047616, 0.4045584045584045]
 mean: 0.5380335736593249, std: 0.07436324849294045
Accuracy Intime: [0.5, 0.5, 0.7857142857142857, 0.75, 0.75, 0.42857142857142855, 0.5, 0.75, 0.5, 0.5833333333333334, 0.7142857142857143, 0.7857142857142857, 0.6666666666666666, 0.75, 0.6666666666666666]
 mean: 0.642063492063492, std: 0.12221706853698358
F1 (Intime): [0.49743589743589745, 0.47593582887700536, 0.7754010695187166, 0.7333333333333334, 0.7482517482517483, 0.41666666666666663, 0.49743589743589745, 0.6974789915966386, 0.4857142857142857, 0.5555555555555556, 0.7142857142857143, 0.7846153846153847, 0.625, 0.7333333333333334, 0.6666666666666666]
 mean: 0.6271406915524562, std: 0.12221413736467733
--------------------------------------------------
Subject Number: 4
Accuracy Cross: [0.7575757575757576, 0.8484848484848485, 0.8484848484848485, 0.8787878787878788, 0.8181818181818182, 0.6666666666666666, 0.7878787878787878, 0.7878787878787878, 0.6060606060606061, 0.7575757575757576, 0.6363636363636364, 0.6666666666666666, 0.7575757575757576, 0.7575757575757576, 0.7575757575757576]
 mean: 0.7555555555555556, std: 0.07782367791619486
F1 Score: [0.7380952380952381, 0.8390243902439025, 0.8390243902439025, 0.8730769230769231, 0.8035714285714286, 0.6329625884732053, 0.7806267806267806, 0.7746341463414634, 0.5460317460317461, 0.7461538461538462, 0.6333333333333333, 0.6654377880184332, 0.7555555555555555, 0.7518796992481203, 0.7573529411764706]
 mean: 0.7424507196793566, std: 0.08597136733557896
Accuracy Intime: [0.8571428571428571, 0.9285714285714286, 0.5714285714285714, 0.5, 0.6666666666666666, 1.0, 0.9285714285714286, 0.7857142857142857, 0.5, 0.5833333333333334, 0.9285714285714286, 1.0, 0.9285714285714286, 0.9166666666666666, 0.6666666666666666]
 mean: 0.7841269841269839, std: 0.17779549231470287
F1 (Intime): [0.8444444444444444, 0.9282051282051282, 0.5625, 0.4375, 0.625, 1.0, 0.9282051282051282, 0.7754010695187166, 0.4375, 0.5804195804195804, 0.9251336898395721, 1.0, 0.9251336898395721, 0.916083916083916, 0.6571428571428571]
 mean: 0.7695113002465945, std: 0.19403950522109575
--------------------------------------------------
Subject Number: 5
Accuracy Cross: [0.59375, 0.53125, 0.59375, 0.59375, 0.59375, 0.40625, 0.5, 0.59375, 0.5625, 0.71875, 0.5625, 0.40625, 0.53125, 0.59375, 0.5625]
 mean: 0.55625, std: 0.07500000000000001
F1 Score: [0.5901477832512315, 0.5195195195195195, 0.5835835835835836, 0.5933528836754643, 0.5933528836754643, 0.3552492046659597, 0.4458874458874459, 0.5733333333333333, 0.5465587044534412, 0.7117117117117118, 0.5555555555555556, 0.3552492046659597, 0.5195195195195195, 0.5933528836754643, 0.5465587044534412]
 mean: 0.5388621947751397, std: 0.09011855814225432
Accuracy Intime: [0.8571428571428571, 0.9285714285714286, 0.6666666666666666, 0.4166666666666667, 0.6666666666666666, 0.9285714285714286, 0.7142857142857143, 0.8333333333333334, 0.6666666666666666, 0.5833333333333334, 0.8571428571428571, 0.7857142857142857, 0.8333333333333334, 0.4166666666666667, 0.6666666666666666]
 mean: 0.7214285714285714, std: 0.15678169174432693
F1 (Intime): [0.8571428571428571, 0.9282051282051282, 0.6666666666666666, 0.37777777777777777, 0.6666666666666666, 0.9282051282051282, 0.7083333333333333, 0.8285714285714285, 0.6666666666666666, 0.5555555555555556, 0.8571428571428571, 0.7846153846153847, 0.8285714285714285, 0.37777777777777777, 0.6666666666666666]
 mean: 0.7132376882376883, std: 0.1681601945651662
--------------------------------------------------
Subject Number: 6
Accuracy Cross: [0.6875, 0.65625, 0.6875, 0.6875, 0.6875, 0.48484848484848486, 0.45454545454545453, 0.5454545454545454, 0.5151515151515151, 0.5151515151515151, 0.6666666666666666, 0.6363636363636364, 0.6363636363636364, 0.7575757575757576, 0.6060606060606061]
 mean: 0.6149621212121212, std: 0.08724587589349084
F1 Score: [0.6761133603238867, 0.6532019704433498, 0.6666666666666667, 0.6666666666666667, 0.6536796536796536, 0.3717805151175812, 0.3125, 0.4057623049219688, 0.34, 0.34, 0.6158730158730159, 0.6071428571428572, 0.6071428571428572, 0.7380952380952381, 0.5460317460317461]
 mean: 0.5467104568070326, std: 0.1432487306099883
Accuracy Intime: [0.7857142857142857, 0.7857142857142857, 0.7857142857142857, 0.6666666666666666, 0.5833333333333334, 0.8571428571428571, 0.8571428571428571, 0.75, 0.5, 0.5833333333333334, 0.7857142857142857, 0.9285714285714286, 0.9166666666666666, 0.6666666666666666, 0.4166666666666667]
 mean: 0.7246031746031745, std: 0.14631184318015578
F1 (Intime): [0.7754010695187166, 0.7543859649122806, 0.7543859649122806, 0.625, 0.5804195804195804, 0.8541666666666667, 0.8444444444444444, 0.6974789915966386, 0.4375, 0.4957983193277311, 0.7543859649122806, 0.9282051282051282, 0.8991596638655461, 0.6571428571428571, 0.4125874125874126]
 mean: 0.6980308019007709, std: 0.15617351553417783
--------------------------------------------------
Subject Number: 7
Accuracy Cross: [0.71875, 0.5625, 0.4375, 0.65625, 0.5, 0.5, 0.46875, 0.5, 0.53125, 0.53125, 0.625, 0.59375, 0.53125, 0.75, 0.59375]
 mean: 0.5666666666666667, std: 0.08680277773333192
F1 Score: [0.7117117117117118, 0.5151515151515151, 0.4285714285714286, 0.6101882613510521, 0.4920634920634921, 0.4920634920634921, 0.464039408866995, 0.4817813765182186, 0.5076923076923077, 0.530791788856305, 0.6190476190476191, 0.5901477832512315, 0.5270935960591133, 0.746031746031746, 0.5835835835835836]
 mean: 0.5533306073879874, std: 0.086772433096542
Accuracy Intime: [0.6428571428571429, 0.7142857142857143, 0.5, 0.5, 0.5833333333333334, 0.7142857142857143, 0.6428571428571429, 0.75, 0.5, 0.5833333333333334, 0.7857142857142857, 0.8571428571428571, 0.5833333333333334, 0.6666666666666666, 0.5]
 mean: 0.6349206349206348, std: 0.10951230673435135
F1 (Intime): [0.641025641025641, 0.6888888888888889, 0.4375, 0.4857142857142857, 0.5804195804195804, 0.7083333333333333, 0.625668449197861, 0.7482517482517483, 0.3333333333333333, 0.5804195804195804, 0.7754010695187166, 0.8444444444444444, 0.5804195804195804, 0.6666666666666666, 0.5]
 mean: 0.6130991067755773, std: 0.1311680678152983
--------------------------------------------------
Subject Number: 8
Accuracy Cross: [0.625, 0.6875, 0.71875, 0.75, 0.6875, 0.8125, 0.6875, 0.625, 0.75, 0.6875, 0.65625, 0.65625, 0.625, 0.78125, 0.71875]
 mean: 0.6979166666666666, std: 0.05551213581030928
F1 Score: [0.536231884057971, 0.6135265700483092, 0.7046153846153846, 0.7090909090909091, 0.6363636363636364, 0.7922077922077921, 0.6536796536796536, 0.6, 0.722943722943723, 0.6135265700483092, 0.6389743589743591, 0.6476476476476476, 0.611336032388664, 0.7757757757757757, 0.7046153846153846]
 mean: 0.6640356881638347, std: 0.06722652943491511
Accuracy Intime: [0.8571428571428571, 0.8571428571428571, 0.75, 0.5833333333333334, 0.5833333333333334, 0.6428571428571429, 0.7142857142857143, 0.6666666666666666, 0.5833333333333334, 0.5833333333333334, 0.7142857142857143, 1.0, 0.75, 0.75, 0.6666666666666666]
 mean: 0.7134920634920634, std: 0.11676111067684435
F1 (Intime): [0.8444444444444444, 0.8541666666666667, 0.7482517482517483, 0.4957983193277311, 0.5555555555555556, 0.5906432748538011, 0.6888888888888889, 0.4, 0.5804195804195804, 0.5555555555555556, 0.6888888888888889, 1.0, 0.7333333333333334, 0.7333333333333334, 0.625]
 mean: 0.6729519726346354, std: 0.1491677088428256
--------------------------------------------------
Subject Number: 9
Accuracy Cross: [0.84375, 0.8125, 0.90625, 0.8125, 0.84375, 0.875, 0.875, 0.71875, 0.84375, 0.84375, 0.71875, 0.84375, 0.71875, 0.75, 0.84375]
 mean: 0.8166666666666667, std: 0.059146123194076625
F1 Score: [0.8303287380699894, 0.8, 0.9015384615384616, 0.7922077922077921, 0.8303287380699894, 0.8704453441295547, 0.8704453441295547, 0.716256157635468, 0.8303287380699894, 0.8303287380699894, 0.694591728525981, 0.8398398398398399, 0.7117117117117118, 0.722943722943723, 0.8358974358974359]
 mean: 0.8051461660559655, std: 0.062348600616595626
Accuracy Intime: [1.0, 0.8571428571428571, 0.9166666666666666, 0.5833333333333334, 0.5833333333333334, 1.0, 1.0, 1.0, 0.5833333333333334, 0.6666666666666666, 1.0, 1.0, 0.8333333333333334, 0.75, 0.75]
 mean: 0.834920634920635, std: 0.16397294051293512
F1 (Intime): [1.0, 0.8444444444444444, 0.8991596638655461, 0.4957983193277311, 0.5804195804195804, 1.0, 1.0, 1.0, 0.4957983193277311, 0.6571428571428571, 1.0, 1.0, 0.7777777777777777, 0.7333333333333334, 0.7333333333333334]
 mean: 0.8144805085981559, std: 0.1847063319012918
--------------------------------------------------
Subject Number: 10
Accuracy Cross: [0.625, 0.6875, 0.59375, 0.625, 0.5625, 0.5, 0.5625, 0.6875, 0.59375, 0.375, 0.6363636363636364, 0.5151515151515151, 0.6363636363636364, 0.5757575757575758, 0.5454545454545454]
 mean: 0.581439393939394, std: 0.07673220912798917
F1 Score: [0.5844155844155844, 0.6862745098039216, 0.5901477832512315, 0.5844155844155844, 0.5607843137254902, 0.4980392156862745, 0.5607843137254902, 0.6875, 0.5733333333333333, 0.37254901960784315, 0.6333333333333333, 0.5037593984962406, 0.6192307692307693, 0.5657894736842105, 0.5299145299145299]
 mean: 0.5700180775082557, std: 0.0752511091935072
Accuracy Intime: [0.5714285714285714, 0.9285714285714286, 0.6666666666666666, 0.75, 0.5, 0.6428571428571429, 0.7142857142857143, 0.75, 0.75, 0.75, 0.7142857142857143, 0.8571428571428571, 0.8333333333333334, 0.75, 0.8333333333333334]
 mean: 0.7341269841269842, std: 0.10609422168540328
F1 (Intime): [0.5333333333333333, 0.9282051282051282, 0.6571428571428571, 0.7333333333333334, 0.5, 0.641025641025641, 0.7083333333333333, 0.6974789915966386, 0.7482517482517483, 0.7333333333333334, 0.65, 0.8571428571428571, 0.8285714285714285, 0.7333333333333334, 0.8285714285714285]
 mean: 0.7185371164782931, std: 0.11135773112768235
--------------------------------------------------
Subject Number: 11
Accuracy Cross: [0.42424242424242425, 0.48484848484848486, 0.42424242424242425, 0.48484848484848486, 0.48484848484848486, 0.6060606060606061, 0.5757575757575758, 0.6363636363636364, 0.5454545454545454, 0.6060606060606061, 0.6363636363636364, 0.5757575757575758, 0.6363636363636364, 0.5757575757575758, 0.6363636363636364]
 mean: 0.5555555555555556, std: 0.07395153623322474
F1 Score: [0.3882926829268293, 0.45268292682926825, 0.41565703634669154, 0.4672364672364672, 0.4327603640040445, 0.5195968645016797, 0.4652777777777778, 0.5416666666666666, 0.4057623049219688, 0.4849939975990396, 0.6278195488721805, 0.49782608695652175, 0.5416666666666666, 0.4652777777777778, 0.5909090909090909]
 mean: 0.4864950839995114, std: 0.06566100609457995
Accuracy Intime: [0.5, 0.7857142857142857, 0.6428571428571429, 0.8333333333333334, 0.6666666666666666, 0.5714285714285714, 0.5, 0.6428571428571429, 0.4166666666666667, 0.5, 0.5714285714285714, 0.5714285714285714, 0.5714285714285714, 0.5833333333333334, 0.6666666666666666]
 mean: 0.6015873015873014, std: 0.10602295372728113
F1 (Intime): [0.49743589743589745, 0.7543859649122806, 0.5906432748538011, 0.8285714285714285, 0.625, 0.5333333333333333, 0.4269005847953216, 0.641025641025641, 0.37777777777777777, 0.4857142857142857, 0.5714285714285714, 0.5333333333333333, 0.475, 0.4957983193277311, 0.6571428571428571]
 mean: 0.5662327513101506, std: 0.11654825163908424
--------------------------------------------------
Subject Number: 12
Accuracy Cross: [0.78125, 0.8125, 0.8125, 0.8125, 0.78125, 0.7575757575757576, 0.696969696969697, 0.7272727272727273, 0.696969696969697, 0.7878787878787878, 0.8125, 0.71875, 0.75, 0.71875, 0.71875]
 mean: 0.7590277777777779, std: 0.04236228716246731
F1 Score: [0.751937984496124, 0.8, 0.7922077922077921, 0.7922077922077921, 0.751937984496124, 0.7272727272727273, 0.6413043478260869, 0.6857142857142857, 0.6413043478260869, 0.7664307381193125, 0.8, 0.716256157635468, 0.7333333333333334, 0.6631578947368422, 0.694591728525981]
 mean: 0.7305104742931973, std: 0.053820427376214244
Accuracy Intime: [0.8571428571428571, 0.9285714285714286, 0.9166666666666666, 0.5, 0.5833333333333334, 0.7142857142857143, 0.7142857142857143, 0.8333333333333334, 0.6666666666666666, 0.5, 1.0, 0.7857142857142857, 0.9166666666666666, 0.5833333333333334, 0.5833333333333334]
 mean: 0.738888888888889, std: 0.16033710393562398
F1 (Intime): [0.8444444444444444, 0.9251336898395721, 0.9111111111111111, 0.3333333333333333, 0.4957983193277311, 0.6888888888888889, 0.6888888888888889, 0.7777777777777777, 0.625, 0.3333333333333333, 1.0, 0.7754010695187166, 0.8991596638655461, 0.4957983193277311, 0.4957983193277311]
 mean: 0.6859911439323203, std: 0.20887454188104795
--------------------------------------------------
Subject Number: 13
Accuracy Cross: [0.8125, 0.875, 0.84375, 0.875, 0.84375, 0.7878787878787878, 0.9090909090909091, 0.9090909090909091, 0.7272727272727273, 0.8181818181818182, 0.8125, 0.75, 0.8125, 0.78125, 0.875]
 mean: 0.82885101010101, std: 0.05234891729467088
F1 Score: [0.7922077922077921, 0.8704453441295547, 0.8358974358974359, 0.8666666666666667, 0.8303287380699894, 0.7806267806267806, 0.9090909090909091, 0.9087557603686636, 0.717948717948718, 0.8096153846153846, 0.8095238095238095, 0.746031746031746, 0.8056680161943319, 0.7702564102564102, 0.873015873015873]
 mean: 0.8217386256429378, std: 0.054630811008396715
Accuracy Intime: [0.7857142857142857, 0.5, 0.9166666666666666, 0.75, 0.9166666666666666, 0.7857142857142857, 0.7142857142857143, 0.9166666666666666, 0.75, 0.5, 0.7142857142857143, 0.7857142857142857, 0.9166666666666666, 0.8333333333333334, 0.9166666666666666]
 mean: 0.78015873015873, std: 0.13255631489595532
F1 (Intime): [0.7543859649122806, 0.3333333333333333, 0.8991596638655461, 0.7482517482517483, 0.916083916083916, 0.7754010695187166, 0.7142857142857143, 0.8991596638655461, 0.7482517482517483, 0.4375, 0.7083333333333333, 0.7543859649122806, 0.8991596638655461, 0.8285714285714285, 0.916083916083916]
 mean: 0.7554898086090037, std: 0.16382993878817592
--------------------------------------------------
Subject Number: 14
Accuracy Cross: [0.75, 0.75, 0.78125, 0.75, 0.90625, 0.78125, 0.75, 0.875, 0.8125, 0.71875, 0.78125, 0.6875, 0.75, 0.59375, 0.84375]
 mean: 0.76875, std: 0.07288689868556625
F1 Score: [0.746031746031746, 0.7490196078431373, 0.7810361681329423, 0.7333333333333334, 0.9039039039039038, 0.7624602332979851, 0.7333333333333334, 0.8704453441295547, 0.7922077922077921, 0.6631578947368422, 0.7624602332979851, 0.6761133603238867, 0.7333333333333334, 0.5835835835835836, 0.8303287380699894]
 mean: 0.7547165737039566, std: 0.0769904825085648
Accuracy Intime: [0.9285714285714286, 0.7857142857142857, 0.8333333333333334, 0.6666666666666666, 0.9166666666666666, 0.9285714285714286, 0.7857142857142857, 0.9166666666666666, 0.9166666666666666, 0.75, 0.8571428571428571, 0.5, 0.5833333333333334, 0.6666666666666666, 0.8333333333333334]
 mean: 0.7912698412698413, std: 0.13003769052632397
F1 (Intime): [0.9251336898395721, 0.7754010695187166, 0.8125, 0.6666666666666666, 0.916083916083916, 0.9251336898395721, 0.7543859649122806, 0.9111111111111111, 0.916083916083916, 0.7482517482517483, 0.8444444444444444, 0.49743589743589745, 0.3684210526315789, 0.6666666666666666, 0.8333333333333334]
 mean: 0.7707368777879614, std: 0.15910915213952698
--------------------------------------------------
Subject Number: 15
Accuracy Cross: [0.78125, 0.75, 0.75, 0.75, 0.78125, 0.78125, 0.6875, 0.84375, 0.75, 0.71875, 0.625, 0.625, 0.5625, 0.71875, 0.625]
 mean: 0.7166666666666667, std: 0.07436070123989479
F1 Score: [0.7624602332979851, 0.7333333333333334, 0.7408906882591093, 0.7333333333333334, 0.7702564102564102, 0.7793103448275862, 0.6761133603238867, 0.8423645320197044, 0.722943722943723, 0.7117117117117118, 0.6235294117647059, 0.6190476190476191, 0.5555555555555556, 0.7046153846153846, 0.6235294117647059]
 mean: 0.7065996702036503, std: 0.07257382898029466
Accuracy Intime: [0.7857142857142857, 0.7857142857142857, 0.8333333333333334, 0.8333333333333334, 0.6666666666666666, 0.7142857142857143, 0.6428571428571429, 0.75, 0.75, 0.6666666666666666, 0.7857142857142857, 0.9285714285714286, 1.0, 0.9166666666666666, 0.9166666666666666]
 mean: 0.7984126984126985, std: 0.10300352116131822
F1 (Intime): [0.7754010695187166, 0.7754010695187166, 0.8285714285714285, 0.8333333333333334, 0.625, 0.7083333333333333, 0.641025641025641, 0.7482517482517483, 0.7333333333333334, 0.6666666666666666, 0.7543859649122806, 0.9251336898395721, 1.0, 0.916083916083916, 0.916083916083916]
 mean: 0.7898003406981736, std: 0.10815665080557411
--------------------------------------------------
Subject Number: 16
Accuracy Cross: [0.625, 0.65625, 0.53125, 0.625, 0.59375, 0.75, 0.71875, 0.75, 0.65625, 0.65625, 0.5, 0.65625, 0.5625, 0.5625, 0.5625]
 mean: 0.6270833333333333, std: 0.07347996703561832
F1 Score: [0.625, 0.6559139784946236, 0.5076923076923077, 0.6235294117647059, 0.5733333333333333, 0.7408906882591093, 0.7046153846153846, 0.746031746031746, 0.6267232237539766, 0.6389743589743591, 0.4920634920634921, 0.6267232237539766, 0.5151515151515151, 0.5465587044534412, 0.5333333333333333]
 mean: 0.6104356467783536, std: 0.07879101293226626
Accuracy Intime: [0.7857142857142857, 0.6428571428571429, 0.75, 0.9166666666666666, 0.75, 0.6428571428571429, 0.7857142857142857, 0.9166666666666666, 0.5833333333333334, 0.6666666666666666, 0.7142857142857143, 0.7142857142857143, 0.75, 0.8333333333333334, 0.8333333333333334]
 mean: 0.7523809523809523, std: 0.09385906354489057
F1 (Intime): [0.7846153846153847, 0.625668449197861, 0.7333333333333334, 0.916083916083916, 0.7482517482517483, 0.625668449197861, 0.7754010695187166, 0.9111111111111111, 0.4957983193277311, 0.6571428571428571, 0.7142857142857143, 0.7083333333333333, 0.7333333333333334, 0.8285714285714285, 0.8285714285714285]
 mean: 0.7390779917250507, std: 0.10760096871775279
--------------------------------------------------
Subject Number: 17
Accuracy Cross: [0.6666666666666666, 0.6060606060606061, 0.5757575757575758, 0.6363636363636364, 0.6666666666666666, 0.6060606060606061, 0.5757575757575758, 0.48484848484848486, 0.5757575757575758, 0.48484848484848486, 0.59375, 0.59375, 0.5, 0.5625, 0.59375]
 mean: 0.5815025252525252, std: 0.05474704377555963
F1 Score: [0.6458536585365854, 0.5925925925925926, 0.5657894736842105, 0.5909090909090909, 0.6616961789375583, 0.6046082949308755, 0.5657894736842105, 0.48294930875576036, 0.49782608695652175, 0.4771668219944082, 0.5901477832512315, 0.5835835835835836, 0.4980392156862745, 0.5333333333333333, 0.5835835835835836]
 mean: 0.5649245653613214, std: 0.05456435206621894
Accuracy Intime: [0.9285714285714286, 0.8571428571428571, 0.8333333333333334, 0.5, 0.9166666666666666, 0.8571428571428571, 0.9285714285714286, 0.4166666666666667, 0.5833333333333334, 0.8333333333333334, 0.8571428571428571, 0.7857142857142857, 0.6428571428571429, 0.8333333333333334, 0.8333333333333334]
 mean: 0.7738095238095238, std: 0.15479242678266536
F1 (Intime): [0.9282051282051282, 0.8444444444444444, 0.8285714285714285, 0.3333333333333333, 0.916083916083916, 0.8541666666666667, 0.9251336898395721, 0.4125874125874126, 0.4957983193277311, 0.8285714285714285, 0.8571428571428571, 0.7754010695187166, 0.625668449197861, 0.8333333333333334, 0.8285714285714285]
 mean: 0.7524675270263506, std: 0.18525958624190988
--------------------------------------------------
Subject Number: 18
Accuracy Cross: [0.7575757575757576, 0.8181818181818182, 0.7575757575757576, 0.8484848484848485, 0.8181818181818182, 0.875, 0.75, 0.75, 0.8125, 0.8125, 0.8125, 0.875, 0.90625, 0.8125, 0.84375]
 mean: 0.8166666666666667, std: 0.04656395500188762
F1 Score: [0.7555555555555555, 0.8180147058823529, 0.7555555555555555, 0.8433048433048433, 0.8166666666666667, 0.8666666666666667, 0.75, 0.75, 0.8, 0.8056680161943319, 0.8095238095238095, 0.873015873015873, 0.9039039039039038, 0.8095238095238095, 0.8398398398398399]
 mean: 0.813149283042214, std: 0.045612284909857664
Accuracy Intime: [0.8571428571428571, 1.0, 0.9166666666666666, 0.75, 0.5833333333333334, 0.8571428571428571, 0.8571428571428571, 0.6666666666666666, 0.8333333333333334, 0.8333333333333334, 1.0, 0.7142857142857143, 1.0, 0.9166666666666666, 0.9166666666666666]
 mean: 0.8468253968253967, std: 0.11959135088647971
F1 (Intime): [0.8571428571428571, 1.0, 0.9111111111111111, 0.7333333333333334, 0.5555555555555556, 0.8571428571428571, 0.8571428571428571, 0.6571428571428571, 0.8333333333333334, 0.8285714285714285, 1.0, 0.65, 1.0, 0.916083916083916, 0.916083916083916]
 mean: 0.8381762681762682, std: 0.13070686503768136
--------------------------------------------------
Subject Number: 19
Accuracy Cross: [0.5625, 0.65625, 0.59375, 0.59375, 0.625, 0.59375, 0.625, 0.65625, 0.625, 0.6875, 0.53125, 0.625, 0.625, 0.75, 0.6875]
 mean: 0.6291666666666667, std: 0.05212498334665335
F1 Score: [0.45893719806763283, 0.5594493116395495, 0.5134502923976608, 0.4340136054421769, 0.5, 0.5134502923976608, 0.536231884057971, 0.5594493116395495, 0.5, 0.6135265700483092, 0.5076923076923077, 0.6235294117647059, 0.625, 0.7333333333333334, 0.6862745098039216]
 mean: 0.5576225352189853, std: 0.08080949930891142
Accuracy Intime: [0.8571428571428571, 0.7857142857142857, 0.75, 0.6666666666666666, 0.9166666666666666, 1.0, 0.8571428571428571, 0.75, 0.75, 0.6666666666666666, 0.8571428571428571, 0.8571428571428571, 0.9166666666666666, 0.6666666666666666, 0.75]
 mean: 0.8031746031746032, std: 0.0978671514854913
F1 (Intime): [0.8444444444444444, 0.7543859649122806, 0.7482517482517483, 0.625, 0.916083916083916, 1.0, 0.8444444444444444, 0.6974789915966386, 0.7333333333333334, 0.6571428571428571, 0.8541666666666667, 0.8444444444444444, 0.8991596638655461, 0.625, 0.7333333333333334]
 mean: 0.7851113205679768, std: 0.10790709203161379
--------------------------------------------------
Subject Number: 20
Accuracy Cross: [0.78125, 0.84375, 0.71875, 0.75, 0.71875, 0.6875, 0.65625, 0.65625, 0.6875, 0.71875, 0.5757575757575758, 0.6060606060606061, 0.6363636363636364, 0.6666666666666666, 0.7878787878787878]
 mean: 0.6994318181818181, std: 0.06933025506163626
F1 Score: [0.7702564102564102, 0.8398398398398399, 0.7046153846153846, 0.722943722943723, 0.7046153846153846, 0.6761133603238867, 0.6476476476476476, 0.6389743589743591, 0.6536796536796536, 0.7046153846153846, 0.5657894736842105, 0.5814634146341464, 0.6278195488721805, 0.6458536585365854, 0.7664307381193125]
 mean: 0.6833771987572074, std: 0.07058612651550412
Accuracy Intime: [0.8571428571428571, 0.8571428571428571, 0.8333333333333334, 0.4166666666666667, 0.6666666666666666, 0.7857142857142857, 0.9285714285714286, 1.0, 0.5, 0.6666666666666666, 0.9285714285714286, 0.9285714285714286, 0.75, 0.6666666666666666, 0.8333333333333334]
 mean: 0.7746031746031746, std: 0.15950998913520376
F1 (Intime): [0.8444444444444444, 0.8444444444444444, 0.8125, 0.4125874125874126, 0.6571428571428571, 0.7754010695187166, 0.9251336898395721, 1.0, 0.4857142857142857, 0.6571428571428571, 0.9251336898395721, 0.9282051282051282, 0.7482517482517483, 0.625, 0.8285714285714285]
 mean: 0.7646448703801646, std: 0.16279131632903338
--------------------------------------------------
Subject Number: 21
Accuracy Cross: [0.40625, 0.28125, 0.40625, 0.53125, 0.46875, 0.46875, 0.46875, 0.46875, 0.59375, 0.5, 0.3125, 0.4375, 0.375, 0.34375, 0.5]
 mean: 0.4375, std: 0.08149003006503311
F1 Score: [0.3913913913913914, 0.2748768472906404, 0.3552492046659597, 0.43859649122807015, 0.4420512820512821, 0.4231177094379639, 0.45545545545545546, 0.4420512820512821, 0.539313399778516, 0.4920634920634921, 0.30980392156862746, 0.4285714285714286, 0.3333333333333333, 0.2873806998939554, 0.4666666666666667]
 mean: 0.4053281736965377, std: 0.07498902769647375
Accuracy Intime: [0.42857142857142855, 0.7857142857142857, 0.9166666666666666, 0.5833333333333334, 0.5833333333333334, 0.42857142857142855, 0.6428571428571429, 0.6666666666666666, 0.75, 0.6666666666666666, 0.5714285714285714, 0.5714285714285714, 0.6666666666666666, 0.5, 0.75]
 mean: 0.6341269841269841, std: 0.12869384726555924
F1 (Intime): [0.37777777777777777, 0.7846153846153847, 0.8991596638655461, 0.4957983193277311, 0.5555555555555556, 0.41666666666666663, 0.641025641025641, 0.5555555555555556, 0.7333333333333334, 0.6571428571428571, 0.5333333333333333, 0.5714285714285714, 0.625, 0.4857142857142857, 0.7333333333333334]
 mean: 0.6043626852450382, std: 0.13675945901385048
--------------------------------------------------
Subject Number: 22
Accuracy Cross: [0.75, 0.75, 0.71875, 0.75, 0.84375, 0.696969696969697, 0.6666666666666666, 0.7575757575757576, 0.6363636363636364, 0.7575757575757576, 0.8125, 0.75, 0.78125, 0.71875, 0.75]
 mean: 0.7426767676767677, std: 0.05007009676791053
F1 Score: [0.722943722943723, 0.722943722943723, 0.681063122923588, 0.722943722943723, 0.8303287380699894, 0.6413043478260869, 0.593505039193729, 0.7272727272727273, 0.5416666666666666, 0.7380952380952381, 0.8095238095238095, 0.7408906882591093, 0.7702564102564102, 0.681063122923588, 0.7408906882591093]
 mean: 0.710979451206748, std: 0.07293841372953709
Accuracy Intime: [0.7857142857142857, 0.8571428571428571, 0.75, 0.6666666666666666, 0.5, 0.8571428571428571, 1.0, 0.75, 0.6666666666666666, 0.5, 0.8571428571428571, 0.7857142857142857, 0.8333333333333334, 0.6666666666666666, 0.6666666666666666]
 mean: 0.7428571428571428, std: 0.1312622596225182
F1 (Intime): [0.7543859649122806, 0.8444444444444444, 0.6210526315789473, 0.625, 0.4375, 0.8444444444444444, 1.0, 0.6210526315789473, 0.6571428571428571, 0.4857142857142857, 0.8444444444444444, 0.7754010695187166, 0.7777777777777777, 0.625, 0.6666666666666666]
 mean: 0.7053351478815876, std: 0.14337503498215634
--------------------------------------------------
Subject Number: 23
Accuracy Cross: [0.7575757575757576, 0.8181818181818182, 0.7878787878787878, 0.7575757575757576, 0.9090909090909091, 0.6875, 0.6875, 0.84375, 0.75, 0.75, 0.8484848484848485, 0.8484848484848485, 0.8484848484848485, 0.7878787878787878, 0.7575757575757576]
 mean: 0.7893308080808079, std: 0.06082550496610946
F1 Score: [0.7380952380952381, 0.8035714285714286, 0.7664307381193125, 0.7272727272727273, 0.905982905982906, 0.6875, 0.6825396825396826, 0.8398398398398399, 0.7490196078431373, 0.75, 0.8390243902439025, 0.8390243902439025, 0.8390243902439025, 0.7664307381193125, 0.7272727272727273]
 mean: 0.7774019202925347, std: 0.062159812578970505
Accuracy Intime: [0.8571428571428571, 1.0, 0.9166666666666666, 0.5, 0.8333333333333334, 0.8571428571428571, 0.9285714285714286, 0.9285714285714286, 0.75, 0.75, 0.9285714285714286, 0.7857142857142857, 1.0, 0.5833333333333334, 0.6666666666666666]
 mean: 0.8190476190476191, std: 0.14267183748867912
F1 (Intime): [0.8444444444444444, 1.0, 0.8991596638655461, 0.3333333333333333, 0.8285714285714285, 0.8541666666666667, 0.9251336898395721, 0.9251336898395721, 0.7333333333333334, 0.7482517482517483, 0.9282051282051282, 0.7754010695187166, 1.0, 0.5555555555555556, 0.625]
 mean: 0.7983793167616696, std: 0.17495821135755682
--------------------------------------------------
Subject Number: 24
Accuracy Cross: [0.625, 0.5, 0.5, 0.5625, 0.46875, 0.46875, 0.625, 0.59375, 0.625, 0.6875, 0.59375, 0.4375, 0.4375, 0.53125, 0.59375]
 mean: 0.55, std: 0.07551903733496608
F1 Score: [0.6235294117647059, 0.5, 0.4920634920634921, 0.5555555555555556, 0.4682306940371457, 0.45545545545545546, 0.625, 0.5901477832512315, 0.5844155844155844, 0.6862745098039216, 0.5733333333333333, 0.43529411764705883, 0.4375, 0.5270935960591133, 0.5835835835835836]
 mean: 0.5424984744646788, std: 0.07351987842567057
Accuracy Intime: [0.6428571428571429, 0.5714285714285714, 0.5833333333333334, 0.5, 0.5, 0.21428571428571427, 0.5, 0.5833333333333334, 0.75, 0.5, 0.7142857142857143, 0.7142857142857143, 0.5, 0.5833333333333334, 0.5833333333333334]
 mean: 0.5626984126984128, std: 0.12390614870161618
F1 (Intime): [0.5906432748538011, 0.5625, 0.5804195804195804, 0.4375, 0.5, 0.21025641025641026, 0.49743589743589745, 0.5804195804195804, 0.7482517482517483, 0.5, 0.7142857142857143, 0.7142857142857143, 0.4375, 0.5804195804195804, 0.5804195804195804]
 mean: 0.5489558054031739, std: 0.12839462951358302
--------------------------------------------------
Subject Number: 25
Accuracy Cross: [0.36363636363636365, 0.5757575757575758, 0.5454545454545454, 0.45454545454545453, 0.48484848484848486, 0.59375, 0.6875, 0.65625, 0.625, 0.75, 0.65625, 0.65625, 0.625, 0.59375, 0.625]
 mean: 0.5928661616161616, std: 0.0947578508000044
F1 Score: [0.2992922143579373, 0.5722222222222222, 0.5386766076421249, 0.3125, 0.4327603640040445, 0.5733333333333333, 0.6666666666666667, 0.6559139784946236, 0.5, 0.7333333333333334, 0.6267232237539766, 0.6267232237539766, 0.5844155844155844, 0.4793491864831039, 0.536231884057971]
 mean: 0.5425427881679266, std: 0.11900043328544621
Accuracy Intime: [0.6428571428571429, 0.7857142857142857, 0.6666666666666666, 0.75, 0.5833333333333334, 0.7142857142857143, 0.5714285714285714, 0.5, 0.5, 0.5, 0.7857142857142857, 0.7142857142857143, 0.5, 0.5833333333333334, 0.75]
 mean: 0.6365079365079365, std: 0.10575527114358681
F1 (Intime): [0.5906432748538011, 0.7846153846153847, 0.625, 0.7333333333333334, 0.4957983193277311, 0.65, 0.5333333333333333, 0.4857142857142857, 0.3333333333333333, 0.4857142857142857, 0.7754010695187166, 0.6888888888888889, 0.3333333333333333, 0.4957983193277311, 0.7482517482517483]
 mean: 0.5839439273030603, std: 0.14291177955536177
--------------------------------------------------
Subject Number: 26
Accuracy Cross: [0.7575757575757576, 0.8181818181818182, 0.8181818181818182, 0.7575757575757576, 0.9090909090909091, 0.78125, 0.6875, 0.75, 0.75, 0.71875, 0.9375, 0.875, 0.84375, 0.84375, 0.84375]
 mean: 0.8061237373737373, std: 0.06854775769261338
F1 Score: [0.7461538461538462, 0.8035714285714286, 0.8096153846153846, 0.7272727272727273, 0.905982905982906, 0.7810361681329423, 0.6875, 0.75, 0.7408906882591093, 0.718475073313783, 0.9352226720647774, 0.8666666666666667, 0.8303287380699894, 0.8303287380699894, 0.8303287380699894]
 mean: 0.7975582516829026, std: 0.06859642041774866
Accuracy Intime: [0.8571428571428571, 0.7857142857142857, 0.6666666666666666, 0.5, 0.75, 1.0, 0.9285714285714286, 1.0, 0.8333333333333334, 0.9166666666666666, 1.0, 0.8571428571428571, 0.5833333333333334, 0.75, 0.75]
 mean: 0.8119047619047619, std: 0.1456214041562932
F1 (Intime): [0.8444444444444444, 0.7754010695187166, 0.625, 0.3333333333333333, 0.7482517482517483, 1.0, 0.9251336898395721, 1.0, 0.8285714285714285, 0.916083916083916, 1.0, 0.8541666666666667, 0.5555555555555556, 0.7333333333333334, 0.7482517482517483]
 mean: 0.7925017955900308, std: 0.1774969317963559
--------------------------------------------------
Subject Number: 27
Accuracy Cross: [0.6666666666666666, 0.6060606060606061, 0.5757575757575758, 0.6363636363636364, 0.6666666666666666, 0.6060606060606061, 0.5757575757575758, 0.48484848484848486, 0.5757575757575758, 0.48484848484848486, 0.59375, 0.59375, 0.5, 0.5625, 0.59375]
 mean: 0.5815025252525252, std: 0.05474704377555963
F1 Score: [0.6458536585365854, 0.5925925925925926, 0.5657894736842105, 0.5909090909090909, 0.6616961789375583, 0.6046082949308755, 0.5657894736842105, 0.48294930875576036, 0.49782608695652175, 0.4771668219944082, 0.5901477832512315, 0.5835835835835836, 0.4980392156862745, 0.5333333333333333, 0.5835835835835836]
 mean: 0.5649245653613214, std: 0.05456435206621894
Accuracy Intime: [0.9285714285714286, 0.8571428571428571, 0.8333333333333334, 0.5, 0.9166666666666666, 0.8571428571428571, 0.9285714285714286, 0.4166666666666667, 0.5833333333333334, 0.8333333333333334, 0.8571428571428571, 0.7857142857142857, 0.6428571428571429, 0.8333333333333334, 0.8333333333333334]
 mean: 0.7738095238095238, std: 0.15479242678266536
F1 (Intime): [0.9282051282051282, 0.8444444444444444, 0.8285714285714285, 0.3333333333333333, 0.916083916083916, 0.8541666666666667, 0.9251336898395721, 0.4125874125874126, 0.4957983193277311, 0.8285714285714285, 0.8571428571428571, 0.7754010695187166, 0.625668449197861, 0.8333333333333334, 0.8285714285714285]
 mean: 0.7524675270263506, std: 0.18525958624190988
--------------------------------------------------
Subject Number: 28
Accuracy Cross: [0.75, 0.65625, 0.53125, 0.53125, 0.46875, 0.53125, 0.5, 0.5, 0.59375, 0.59375, 0.40625, 0.34375, 0.5, 0.59375, 0.4375]
 mean: 0.5291666666666667, std: 0.09713786022395639
F1 Score: [0.746031746031746, 0.6559139784946236, 0.5195195195195195, 0.4684385382059801, 0.4682306940371457, 0.5270935960591133, 0.5, 0.4980392156862745, 0.5588547189819725, 0.5835835835835836, 0.3552492046659597, 0.343108504398827, 0.4666666666666667, 0.5933528836754643, 0.37662337662337664]
 mean: 0.5107137484420169, std: 0.10561213545402894
Accuracy Intime: [0.7142857142857143, 0.7142857142857143, 0.5833333333333334, 0.6666666666666666, 0.5833333333333334, 0.7142857142857143, 0.6428571428571429, 0.5833333333333334, 0.6666666666666666, 0.4166666666666667, 0.9285714285714286, 0.7857142857142857, 0.8333333333333334, 0.5, 0.75]
 mean: 0.6722222222222224, std: 0.12530135003054013
F1 (Intime): [0.7083333333333333, 0.7083333333333333, 0.4957983193277311, 0.625, 0.5555555555555556, 0.65, 0.625668449197861, 0.4957983193277311, 0.6571428571428571, 0.37777777777777777, 0.9282051282051282, 0.7754010695187166, 0.8125, 0.4857142857142857, 0.7482517482517483]
 mean: 0.6432986784457373, std: 0.14003665382578545
--------------------------------------------------
Subject Number: 29
Accuracy Cross: [0.875, 0.84375, 0.875, 0.84375, 0.84375, 0.96875, 0.9375, 0.9375, 0.875, 0.875, 0.9090909090909091, 0.9393939393939394, 1.0, 0.9393939393939394, 0.9393939393939394]
 mean: 0.9068181818181817, std: 0.04730907450756322
F1 Score: [0.8666666666666667, 0.8303287380699894, 0.8666666666666667, 0.8303287380699894, 0.8303287380699894, 0.967967967967968, 0.9352226720647774, 0.9365079365079365, 0.8666666666666667, 0.8666666666666667, 0.905982905982906, 0.9388888888888889, 1.0, 0.9379699248120301, 0.9379699248120301]
 mean: 0.9012108734608781, std: 0.052031648953145916
Accuracy Intime: [1.0, 1.0, 1.0, 1.0, 0.9166666666666666, 0.9285714285714286, 1.0, 1.0, 0.8333333333333334, 0.75, 0.9285714285714286, 1.0, 1.0, 0.8333333333333334, 0.75]
 mean: 0.9293650793650794, std: 0.09050403358824402
F1 (Intime): [1.0, 1.0, 1.0, 1.0, 0.916083916083916, 0.9251336898395721, 1.0, 1.0, 0.8285714285714285, 0.7333333333333334, 0.9251336898395721, 1.0, 1.0, 0.8285714285714285, 0.7333333333333334]
 mean: 0.9260107213048391, std: 0.09561498136893842
--------------------------------------------------
**************************************************
accuracy_cross_list: [0.8664772727272728, 0.6914141414141414, 0.5618055555555554, 0.7555555555555556, 0.55625, 0.6149621212121212, 0.5666666666666667, 0.6979166666666666, 0.8166666666666667, 0.581439393939394, 0.5555555555555556, 0.7590277777777779, 0.82885101010101, 0.76875, 0.7166666666666667, 0.6270833333333333, 0.5815025252525252, 0.8166666666666667, 0.6291666666666667, 0.6994318181818181, 0.4375, 0.7426767676767677, 0.7893308080808079, 0.55, 0.5928661616161616, 0.8061237373737373, 0.5815025252525252, 0.5291666666666667, 0.9068181818181817]
f1_score_list: [0.8581379820331019, 0.6737200273520034, 0.5380335736593249, 0.7424507196793566, 0.5388621947751397, 0.5467104568070326, 0.5533306073879874, 0.6640356881638347, 0.8051461660559655, 0.5700180775082557, 0.4864950839995114, 0.7305104742931973, 0.8217386256429378, 0.7547165737039566, 0.7065996702036503, 0.6104356467783536, 0.5649245653613214, 0.813149283042214, 0.5576225352189853, 0.6833771987572074, 0.4053281736965377, 0.710979451206748, 0.7774019202925347, 0.5424984744646788, 0.5425427881679266, 0.7975582516829026, 0.5649245653613214, 0.5107137484420169, 0.9012108734608781]
accuracy_intime_list: [0.8571428571428571, 0.6380952380952379, 0.642063492063492, 0.7841269841269839, 0.7214285714285714, 0.7246031746031745, 0.6349206349206348, 0.7134920634920634, 0.834920634920635, 0.7341269841269842, 0.6015873015873014, 0.738888888888889, 0.78015873015873, 0.7912698412698413, 0.7984126984126985, 0.7523809523809523, 0.7738095238095238, 0.8468253968253967, 0.8031746031746032, 0.7746031746031746, 0.6341269841269841, 0.7428571428571428, 0.8190476190476191, 0.5626984126984128, 0.6365079365079365, 0.8119047619047619, 0.7738095238095238, 0.6722222222222224, 0.9293650793650794]
f1_score_intime_list: [0.8466892143517531, 0.6151026370144018, 0.6271406915524562, 0.7695113002465945, 0.7132376882376883, 0.6980308019007709, 0.6130991067755773, 0.6729519726346354, 0.8144805085981559, 0.7185371164782931, 0.5662327513101506, 0.6859911439323203, 0.7554898086090037, 0.7707368777879614, 0.7898003406981736, 0.7390779917250507, 0.7524675270263506, 0.8381762681762682, 0.7851113205679768, 0.7646448703801646, 0.6043626852450382, 0.7053351478815876, 0.7983793167616696, 0.5489558054031739, 0.5839439273030603, 0.7925017955900308, 0.7524675270263506, 0.6432986784457373, 0.9260107213048391]
**************************************************
ACC: 67.68±11.77
F1: 65.42±12.65
Intime: 74.24±8.47
F1 (Intime): 72.04±9.07
