1e-05
Subject Number: 1
Accuracy Cross: [0.7261904761904762, 0.7142857142857143, 0.7261904761904762, 0.75, 0.6904761904761905, 0.8452380952380952, 0.8452380952380952, 0.8333333333333334, 0.8452380952380952, 0.8214285714285714, 0.6904761904761905, 0.7380952380952381, 0.7142857142857143, 0.7142857142857143, 0.7023809523809523]
 mean: 0.7571428571428569, std: 0.05941259451496159
F1 Score: [0.7079365079365079, 0.6888888888888889, 0.7039987743220468, 0.7333333333333334, 0.662962962962963, 0.8441558441558441, 0.8425378514780101, 0.8329545454545455, 0.8446878111221732, 0.8212005108556832, 0.6576802507836991, 0.71880706025563, 0.6888888888888889, 0.6888888888888889, 0.6734566941377702]
 mean: 0.7406919208976582, std: 0.07087214474564549
Accuracy Intime: [0.8823529411764706, 0.9411764705882353, 0.9117647058823529, 0.9117647058823529, 0.84375, 0.6470588235294118, 0.7941176470588235, 0.7647058823529411, 0.8235294117647058, 0.96875, 0.8235294117647058, 0.7058823529411765, 0.8235294117647058, 0.9411764705882353, 0.90625]
 mean: 0.8459558823529412, std: 0.08824856926280418
F1 (Intime): [0.8823529411764706, 0.9409722222222222, 0.9098143236074271, 0.9098143236074271, 0.8423645320197044, 0.6263736263736264, 0.7925021795989537, 0.7638888888888888, 0.8229166666666667, 0.9687194525904204, 0.8178571428571428, 0.678030303030303, 0.8235294117647058, 0.9403508771929825, 0.906158357771261]
 mean: 0.8417096832912135, std: 0.09440610574776943
--------------------------------------------------
Subject Number: 2
Accuracy Cross: [0.8095238095238095, 0.7857142857142857, 0.9047619047619048, 0.8571428571428571, 0.7976190476190477, 0.7619047619047619, 0.7857142857142857, 0.7976190476190477, 0.7380952380952381, 0.7738095238095238, 0.7976190476190477, 0.8571428571428571, 0.8333333333333334, 0.9047619047619048, 0.8571428571428571]
 mean: 0.8174603174603177, std: 0.04814524091461301
F1 Score: [0.8090909090909091, 0.7857142857142857, 0.9047078842881452, 0.8568181818181818, 0.7973605789697744, 0.750445632798574, 0.7754010695187166, 0.7889759125166248, 0.71880706025563, 0.761613144137416, 0.7952688172043011, 0.8564102564102565, 0.8318077803203661, 0.9038901601830663, 0.8564102564102565]
 mean: 0.8128481286424336, std: 0.05256694731981829
Accuracy Intime: [0.9411764705882353, 0.8529411764705882, 0.7647058823529411, 0.8823529411764706, 0.8125, 0.8529411764705882, 0.7941176470588235, 0.8235294117647058, 0.9411764705882353, 0.65625, 0.7352941176470589, 0.9411764705882353, 0.7647058823529411, 0.8823529411764706, 0.875]
 mean: 0.8346813725490198, std: 0.07942783818207308
F1 (Intime): [0.9411764705882353, 0.85178727114211, 0.7571428571428571, 0.8785714285714286, 0.8117647058823529, 0.85178727114211, 0.7925021795989537, 0.8178571428571428, 0.9403508771929825, 0.6267232237539766, 0.7235772357723578, 0.9409722222222222, 0.7571428571428571, 0.8785714285714286, 0.875]
 mean: 0.8296618114387342, std: 0.08551530875038614
--------------------------------------------------
Subject Number: 3
Accuracy Cross: [0.6190476190476191, 0.5714285714285714, 0.5952380952380952, 0.5714285714285714, 0.5833333333333334, 0.75, 0.7619047619047619, 0.7142857142857143, 0.7738095238095238, 0.6904761904761905, 0.6785714285714286, 0.6666666666666666, 0.7142857142857143, 0.6904761904761905, 0.6666666666666666]
 mean: 0.6698412698412697, std: 0.06613544970158622
F1 Score: [0.5633528265107213, 0.4874576271186441, 0.5265251989389921, 0.4874576271186441, 0.4957983193277311, 0.7499645641389086, 0.761769710720363, 0.7142857142857143, 0.7722277722277722, 0.6897727272727273, 0.6415362731152205, 0.625, 0.6888888888888889, 0.6576802507836991, 0.625]
 mean: 0.6324478333632018, std: 0.09687906043915148
Accuracy Intime: [0.8529411764705882, 0.9117647058823529, 0.7941176470588235, 0.8823529411764706, 0.71875, 0.7647058823529411, 0.6764705882352942, 0.7058823529411765, 0.7647058823529411, 0.90625, 0.7352941176470589, 0.7647058823529411, 0.8235294117647058, 0.7352941176470589, 0.78125]
 mean: 0.7878676470588234, std: 0.0706762625146872
F1 (Intime): [0.85178727114211, 0.9116883116883117, 0.7850045167118338, 0.8823529411764706, 0.7046153846153846, 0.7638888888888888, 0.6739319965126417, 0.7058823529411765, 0.7638888888888888, 0.9054187192118226, 0.7294429708222812, 0.7638888888888888, 0.8131868131868132, 0.7332170880557978, 0.7702564102564102]
 mean: 0.783896762865848, std: 0.07194665814530013
--------------------------------------------------
Subject Number: 4
Accuracy Cross: [0.7738095238095238, 0.7380952380952381, 0.7738095238095238, 0.7142857142857143, 0.7261904761904762, 0.6904761904761905, 0.6904761904761905, 0.8095238095238095, 0.8095238095238095, 0.7142857142857143, 0.7738095238095238, 0.7023809523809523, 0.7619047619047619, 0.7142857142857143, 0.8095238095238095]
 mean: 0.7468253968253967, std: 0.041800616134170465
F1 Score: [0.7737774627923459, 0.7375, 0.7735206470838655, 0.7141236528644356, 0.725216896600768, 0.6816326530612244, 0.6788235294117647, 0.8090909090909091, 0.8067855089131685, 0.7128205128205127, 0.7641495492832866, 0.6825396825396826, 0.7569444444444444, 0.7005347593582887, 0.8055555555555556]
 mean: 0.7415343842546834, std: 0.044924039974526854
Accuracy Intime: [0.8235294117647058, 0.8529411764705882, 0.8235294117647058, 0.8529411764705882, 0.875, 0.7941176470588235, 0.9117647058823529, 0.7647058823529411, 0.8823529411764706, 0.90625, 0.7941176470588235, 0.7941176470588235, 0.6764705882352942, 0.7941176470588235, 0.75]
 mean: 0.8197303921568628, std: 0.0612124685912455
F1 (Intime): [0.8210526315789474, 0.8528138528138528, 0.8229166666666667, 0.85178727114211, 0.875, 0.793939393939394, 0.9116883116883117, 0.7614035087719297, 0.8819444444444444, 0.9054187192118226, 0.793939393939394, 0.7925021795989537, 0.6621499548328816, 0.7850045167118338, 0.7408906882591093]
 mean: 0.8168301022399765, std: 0.06452848576908571
--------------------------------------------------
Subject Number: 5
Accuracy Cross: [0.8690476190476191, 0.8095238095238095, 0.8809523809523809, 0.7976190476190477, 0.8452380952380952, 0.8095238095238095, 0.8095238095238095, 0.75, 0.8571428571428571, 0.8095238095238095, 0.7976190476190477, 0.8214285714285714, 0.8452380952380952, 0.8095238095238095, 0.8809523809523809]
 mean: 0.8261904761904761, std: 0.03499271061118825
F1 Score: [0.8688803746275011, 0.8090909090909091, 0.8806818181818181, 0.7973605789697744, 0.8441558441558441, 0.8023529411764705, 0.8023529411764705, 0.7482517482517483, 0.8541666666666667, 0.8085470085470086, 0.7926528241614637, 0.8193548387096774, 0.8446878111221732, 0.8055555555555556, 0.8806818181818181]
 mean: 0.8239182452383265, std: 0.03593904031865956
Accuracy Intime: [0.7941176470588235, 0.8823529411764706, 0.8823529411764706, 0.8529411764705882, 0.90625, 0.7941176470588235, 0.8235294117647058, 0.9117647058823529, 0.9117647058823529, 0.78125, 0.7647058823529411, 0.8823529411764706, 0.9411764705882353, 0.8823529411764706, 0.875]
 mean: 0.8590686274509804, std: 0.052688953006631525
F1 (Intime): [0.7925021795989537, 0.8819444444444444, 0.8819444444444444, 0.8464317976513098, 0.906158357771261, 0.7895667550839964, 0.8229166666666667, 0.9116883116883117, 0.9098143236074271, 0.7793103448275862, 0.7571428571428571, 0.8819444444444444, 0.9403508771929825, 0.8785714285714286, 0.873015873015873]
 mean: 0.8568868737434657, std: 0.05398771411569277
--------------------------------------------------
Subject Number: 6
Accuracy Cross: [0.6547619047619048, 0.6071428571428571, 0.6309523809523809, 0.6666666666666666, 0.6547619047619048, 0.6428571428571429, 0.6428571428571429, 0.6547619047619048, 0.6785714285714286, 0.6785714285714286, 0.6785714285714286, 0.7261904761904762, 0.7738095238095238, 0.6547619047619048, 0.6666666666666666]
 mean: 0.6674603174603175, std: 0.03826022474029826
F1 Score: [0.6547129695251594, 0.6066411238825031, 0.6309000708717222, 0.6636155606407322, 0.6547129695251594, 0.6426545660805445, 0.6420454545454546, 0.6547129695251594, 0.6763236763236764, 0.6785258681785967, 0.6785258681785967, 0.7261516654854713, 0.7735206470838655, 0.654320987654321, 0.6659090909090909]
 mean: 0.666884899227337, std: 0.03828501429866745
Accuracy Intime: [0.7058823529411765, 0.7647058823529411, 0.6764705882352942, 0.8235294117647058, 0.75, 0.7058823529411765, 0.7352941176470589, 0.7647058823529411, 0.8235294117647058, 0.75, 0.6764705882352942, 0.6764705882352942, 0.6764705882352942, 0.7058823529411765, 0.78125]
 mean: 0.7344362745098038, std: 0.04917347175942578
F1 (Intime): [0.7058823529411765, 0.7647058823529411, 0.6761904761904762, 0.8229166666666667, 0.7490196078431373, 0.7048611111111112, 0.7332170880557978, 0.7614035087719297, 0.8229166666666667, 0.75, 0.6761904761904762, 0.6761904761904762, 0.6761904761904762, 0.7017543859649122, 0.7793103448275862]
 mean: 0.733383301330922, std: 0.049046165739018634
--------------------------------------------------
Subject Number: 7
Accuracy Cross: [0.6666666666666666, 0.5476190476190477, 0.5952380952380952, 0.6547619047619048, 0.5714285714285714, 0.5476190476190477, 0.5714285714285714, 0.5833333333333334, 0.5952380952380952, 0.6666666666666666, 0.6428571428571429, 0.5595238095238095, 0.6904761904761905, 0.5952380952380952, 0.5952380952380952]
 mean: 0.6055555555555556, std: 0.0451475004867552
F1 Score: [0.664957264957265, 0.5476190476190477, 0.5931623931623932, 0.6523476523476524, 0.5704545454545455, 0.5074074074074074, 0.5087719298245614, 0.5555555555555556, 0.5894192064404831, 0.6370370370370371, 0.641025641025641, 0.5544086021505377, 0.6897727272727273, 0.5931623931623932, 0.5868055555555556]
 mean: 0.5927937972648535, std: 0.053066533109344026
Accuracy Intime: [0.6470588235294118, 0.6470588235294118, 0.6470588235294118, 0.8235294117647058, 0.71875, 0.47058823529411764, 0.6764705882352942, 0.6176470588235294, 0.5294117647058824, 0.75, 0.5294117647058824, 0.6764705882352942, 0.6470588235294118, 0.6176470588235294, 0.65625]
 mean: 0.6436274509803922, std: 0.08527210528442816
F1 (Intime): [0.6357142857142857, 0.6357142857142857, 0.6263736263736264, 0.8235294117647058, 0.7046153846153846, 0.4631578947368421, 0.6693191865605659, 0.5888372093023255, 0.5142857142857142, 0.7408906882591093, 0.5277777777777778, 0.6621499548328816, 0.6421052631578947, 0.5521783181357649, 0.6267232237539766]
 mean: 0.6275581483323428, std: 0.08849474546057738
--------------------------------------------------
Subject Number: 8
Accuracy Cross: [0.8571428571428571, 0.8333333333333334, 0.8690476190476191, 0.8214285714285714, 0.8571428571428571, 0.8928571428571429, 0.8809523809523809, 0.8809523809523809, 0.8571428571428571, 0.8809523809523809, 0.8690476190476191, 0.8809523809523809, 0.9166666666666666, 0.9285714285714286, 0.8690476190476191]
 mean: 0.8730158730158729, std: 0.026678946530113674
F1 Score: [0.8568181818181818, 0.8329545454545455, 0.8688803746275011, 0.8212005108556832, 0.8570618264322178, 0.8924761769307352, 0.8792409430707303, 0.8806818181818181, 0.8564102564102565, 0.879862700228833, 0.8681318681318682, 0.8792409430707303, 0.9163703598350164, 0.9282051282051282, 0.8681318681318682]
 mean: 0.8723778334256742, std: 0.026618797318694157
Accuracy Intime: [0.9117647058823529, 0.9411764705882353, 0.9705882352941176, 0.9705882352941176, 1.0, 0.9411764705882353, 0.9705882352941176, 0.8235294117647058, 0.8235294117647058, 0.9375, 0.8823529411764706, 0.9117647058823529, 0.8823529411764706, 0.8235294117647058, 0.9375]
 mean: 0.9151960784313727, std: 0.055456105720367625
F1 (Intime): [0.9116883116883117, 0.9411764705882353, 0.970357454228422, 0.970357454228422, 1.0, 0.9409722222222222, 0.9705627705627706, 0.8229166666666667, 0.8210526315789474, 0.9375, 0.8819444444444444, 0.9116883116883117, 0.8819444444444444, 0.8229166666666667, 0.9372549019607843]
 mean: 0.91482218339791, std: 0.055853379440324744
--------------------------------------------------
Subject Number: 9
Accuracy Cross: [0.8214285714285714, 0.7619047619047619, 0.8452380952380952, 0.7738095238095238, 0.75, 0.8095238095238095, 0.8214285714285714, 0.8095238095238095, 0.7976190476190477, 0.8333333333333334, 0.7023809523809523, 0.7261904761904762, 0.7380952380952381, 0.7142857142857143, 0.7142857142857143]
 mean: 0.7746031746031744, std: 0.0467109173636894
F1 Score: [0.8193548387096774, 0.7606837606837606, 0.8441558441558441, 0.7698630136986302, 0.7417654808959157, 0.8085470085470086, 0.8207936282178923, 0.8090909090909091, 0.7973605789697744, 0.8329545454545455, 0.6734566941377702, 0.7039987743220468, 0.71880706025563, 0.6932440657334145, 0.6888888888888889]
 mean: 0.7655310061174473, std: 0.05632833758906974
Accuracy Intime: [0.8823529411764706, 0.7352941176470589, 0.9411764705882353, 0.7647058823529411, 0.75, 0.9411764705882353, 0.7941176470588235, 0.7647058823529411, 0.9117647058823529, 0.84375, 0.8823529411764706, 0.9117647058823529, 0.8529411764705882, 0.9117647058823529, 0.9375]
 mean: 0.8550245098039216, std: 0.07225883439694042
F1 (Intime): [0.8819444444444444, 0.7294429708222812, 0.9411764705882353, 0.7638888888888888, 0.7490196078431373, 0.9411764705882353, 0.793939393939394, 0.7571428571428571, 0.9110723626852659, 0.8435972629521017, 0.8819444444444444, 0.9116883116883117, 0.85178727114211, 0.9116883116883117, 0.9372549019607843]
 mean: 0.8537842647212536, std: 0.07364877007248483
--------------------------------------------------
Subject Number: 10
Accuracy Cross: [0.6904761904761905, 0.6904761904761905, 0.6547619047619048, 0.6309523809523809, 0.6428571428571429, 0.6190476190476191, 0.6785714285714286, 0.6428571428571429, 0.6666666666666666, 0.7142857142857143, 0.6904761904761905, 0.7023809523809523, 0.7738095238095238, 0.7142857142857143, 0.6428571428571429]
 mean: 0.6769841269841269, std: 0.0390908265270627
F1 Score: [0.6897727272727273, 0.6888888888888889, 0.6523476523476524, 0.6266666666666667, 0.641025641025641, 0.6188315371525808, 0.6785258681785967, 0.6428571428571429, 0.6636155606407322, 0.7141236528644356, 0.6904761904761905, 0.7020008514261388, 0.7735206470838655, 0.7083333333333333, 0.6420454545454546]
 mean: 0.6755354543173364, std: 0.03927940724309216
Accuracy Intime: [0.8235294117647058, 0.7352941176470589, 0.6176470588235294, 0.7058823529411765, 0.59375, 0.9117647058823529, 0.7352941176470589, 0.6470588235294118, 0.7058823529411765, 0.65625, 0.7352941176470589, 0.5882352941176471, 0.6176470588235294, 0.5588235294117647, 0.59375]
 mean: 0.6817401960784314, std: 0.09387574867838312
F1 (Intime): [0.8235294117647058, 0.7294429708222812, 0.6146469049694856, 0.6964285714285714, 0.5733333333333333, 0.9116883116883117, 0.7153488372093023, 0.6458333333333333, 0.7048611111111112, 0.6532019704433498, 0.7350649350649351, 0.5868055555555556, 0.6173160173160173, 0.5584415584415584, 0.5933528836754643]
 mean: 0.6772863804104877, std: 0.09459279089116306
--------------------------------------------------
Subject Number: 11
Accuracy Cross: [0.6904761904761905, 0.6309523809523809, 0.7142857142857143, 0.6904761904761905, 0.6904761904761905, 0.8452380952380952, 0.7619047619047619, 0.8095238095238095, 0.75, 0.8214285714285714, 0.7857142857142857, 0.6904761904761905, 0.75, 0.7619047619047619, 0.75]
 mean: 0.7428571428571428, std: 0.05664465358747771
F1 Score: [0.6904761904761905, 0.6309000708717222, 0.7128205128205127, 0.6904761904761905, 0.6904761904761905, 0.8450404427415921, 0.7613636363636364, 0.8095238095238095, 0.7482517482517483, 0.8214032600992204, 0.7826336975273145, 0.6860264519838988, 0.7456380677721701, 0.7597254004576659, 0.7499645641389086]
 mean: 0.7416480155987181, std: 0.05670249403221384
Accuracy Intime: [0.8823529411764706, 0.7058823529411765, 0.8235294117647058, 0.8823529411764706, 0.65625, 0.7941176470588235, 0.7352941176470589, 0.7352941176470589, 0.7941176470588235, 0.75, 0.6176470588235294, 0.7058823529411765, 0.8529411764705882, 0.7941176470588235, 0.78125]
 mean: 0.7674019607843138, std: 0.07480772000995133
F1 (Intime): [0.8819444444444444, 0.6964285714285714, 0.8178571428571428, 0.8823529411764706, 0.6532019704433498, 0.7925021795989537, 0.7235772357723578, 0.7332170880557978, 0.7895667550839964, 0.75, 0.6091954022988506, 0.6964285714285714, 0.85178727114211, 0.793939393939394, 0.7810361681329423]
 mean: 0.7635356757201969, std: 0.07716862718951062
--------------------------------------------------
Subject Number: 12
Accuracy Cross: [0.8333333333333334, 0.7976190476190477, 0.9047619047619048, 0.8928571428571429, 0.7738095238095238, 0.7261904761904762, 0.7261904761904762, 0.7380952380952381, 0.75, 0.7261904761904762, 0.75, 0.7738095238095238, 0.7857142857142857, 0.7738095238095238, 0.7619047619047619]
 mean: 0.7809523809523811, std: 0.054259252809959406
F1 Score: [0.8332387975042541, 0.7952688172043011, 0.9047078842881452, 0.8928419560595322, 0.7722277722277722, 0.71449682281661, 0.71449682281661, 0.7282352941176471, 0.7393231860499483, 0.7171717171717171, 0.7393231860499483, 0.7641495492832866, 0.7776470588235294, 0.7682590387686947, 0.7529411764705882]
 mean: 0.7742886053101723, std: 0.05806220619458927
Accuracy Intime: [0.7352941176470589, 0.7352941176470589, 0.7647058823529411, 0.7647058823529411, 0.8125, 0.9705882352941176, 0.8823529411764706, 0.9411764705882353, 0.8235294117647058, 0.9375, 0.8823529411764706, 0.8529411764705882, 0.7352941176470589, 0.6764705882352942, 0.90625]
 mean: 0.8280637254901961, std: 0.08748369293863112
F1 (Intime): [0.7294429708222812, 0.7350649350649351, 0.7614035087719297, 0.7614035087719297, 0.8117647058823529, 0.9705627705627706, 0.8819444444444444, 0.9409722222222222, 0.8178571428571428, 0.9375, 0.8819444444444444, 0.8496905393457117, 0.7332170880557978, 0.6761904761904762, 0.9054187192118226]
 mean: 0.8262918317765506, std: 0.0882928787400659
--------------------------------------------------
Subject Number: 13
Accuracy Cross: [0.7380952380952381, 0.7261904761904762, 0.7142857142857143, 0.8095238095238095, 0.7976190476190477, 0.6547619047619048, 0.6904761904761905, 0.7380952380952381, 0.7857142857142857, 0.7619047619047619, 0.8095238095238095, 0.7738095238095238, 0.7857142857142857, 0.7857142857142857, 0.7976190476190477]
 mean: 0.757936507936508, std: 0.04468472463574364
F1 Score: [0.7367521367521368, 0.7258407833120477, 0.7061224489795919, 0.8094157685762904, 0.7975903614457831, 0.6487382840663303, 0.6860264519838988, 0.7343300747556067, 0.7837528604118993, 0.7613636363636364, 0.8067855089131685, 0.7722277722277722, 0.7855927396483267, 0.7795918367346939, 0.7952688172043011]
 mean: 0.7552932987583656, std: 0.046065273934569946
Accuracy Intime: [0.9705882352941176, 0.8235294117647058, 0.7352941176470589, 0.9117647058823529, 0.875, 0.8823529411764706, 0.9117647058823529, 0.7941176470588235, 0.8235294117647058, 0.8125, 0.8823529411764706, 0.7647058823529411, 0.7941176470588235, 0.8235294117647058, 0.6875]
 mean: 0.832843137254902, std: 0.07167850147715141
F1 (Intime): [0.9705627705627706, 0.8229166666666667, 0.7294429708222812, 0.9116883116883117, 0.873015873015873, 0.8823529411764706, 0.9116883116883117, 0.793939393939394, 0.8235294117647058, 0.8056680161943319, 0.8823529411764706, 0.7638888888888888, 0.793939393939394, 0.8210526315789474, 0.6862745098039216]
 mean: 0.8314875355271159, std: 0.07252906407975483
--------------------------------------------------
Subject Number: 14
Accuracy Cross: [0.8214285714285714, 0.8452380952380952, 0.8452380952380952, 0.8809523809523809, 0.8452380952380952, 0.8333333333333334, 0.7857142857142857, 0.7976190476190477, 0.8095238095238095, 0.8214285714285714, 0.8333333333333334, 0.8690476190476191, 0.8095238095238095, 0.8452380952380952, 0.8214285714285714]
 mean: 0.830952380952381, std: 0.02466709566336516
F1 Score: [0.8207936282178923, 0.8450404427415921, 0.8441558441558441, 0.8808848553601816, 0.8446878111221732, 0.8309373202990225, 0.7826336975273145, 0.7926528241614637, 0.8085470085470086, 0.8170466095542326, 0.8318077803203661, 0.8688803746275011, 0.8095238095238095, 0.8441558441558441, 0.8212005108556832]
 mean: 0.8295298907446619, std: 0.02555043141434118
Accuracy Intime: [0.8529411764705882, 0.8823529411764706, 0.9117647058823529, 0.9117647058823529, 0.875, 0.9117647058823529, 0.6764705882352942, 0.7352941176470589, 0.9117647058823529, 0.90625, 0.9411764705882353, 0.9117647058823529, 0.8235294117647058, 0.8529411764705882, 0.9375]
 mean: 0.8694852941176471, std: 0.07219063075217426
F1 (Intime): [0.8528138528138528, 0.8823529411764706, 0.9110723626852659, 0.9110723626852659, 0.8745098039215686, 0.9116883116883117, 0.6739319965126417, 0.7235772357723578, 0.9110723626852659, 0.906158357771261, 0.9403508771929825, 0.9116883116883117, 0.8131868131868132, 0.8496905393457117, 0.9372549019607843]
 mean: 0.8673614020724577, std: 0.07447724780503168
--------------------------------------------------
**************************************************
accuracy_cross_list: [0.7571428571428569, 0.8174603174603177, 0.6698412698412697, 0.7468253968253967, 0.8261904761904761, 0.6674603174603175, 0.6055555555555556, 0.8730158730158729, 0.7746031746031744, 0.6769841269841269, 0.7428571428571428, 0.7809523809523811, 0.757936507936508, 0.830952380952381]
f1_score_list: [0.7406919208976582, 0.8128481286424336, 0.6324478333632018, 0.7415343842546834, 0.8239182452383265, 0.666884899227337, 0.5927937972648535, 0.8723778334256742, 0.7655310061174473, 0.6755354543173364, 0.7416480155987181, 0.7742886053101723, 0.7552932987583656, 0.8295298907446619]
accuracy_intime_list: [0.8459558823529412, 0.8346813725490198, 0.7878676470588234, 0.8197303921568628, 0.8590686274509804, 0.7344362745098038, 0.6436274509803922, 0.9151960784313727, 0.8550245098039216, 0.6817401960784314, 0.7674019607843138, 0.8280637254901961, 0.832843137254902, 0.8694852941176471]
f1_score_intime_list: [0.8417096832912135, 0.8296618114387342, 0.783896762865848, 0.8168301022399765, 0.8568868737434657, 0.733383301330922, 0.6275581483323428, 0.91482218339791, 0.8537842647212536, 0.6772863804104877, 0.7635356757201969, 0.8262918317765506, 0.8314875355271159, 0.8673614020724577]
**************************************************
ACC: 75.20±7.23
F1: 74.47±7.67
Intime: 80.54±7.26
F1 (Intime): 80.17±7.52
