1e-06
Subject Number: 1
Accuracy Cross: [0.71875, 0.65625, 0.78125, 0.90625, 0.6875, 0.8181818181818182, 0.8484848484848485, 0.7272727272727273, 0.6363636363636364, 0.7878787878787878, 0.875, 0.84375, 0.78125, 0.8125, 0.78125]
 mean: 0.7774621212121213, std: 0.07626095389162375
F1 Score: [0.694591728525981, 0.6101882613510521, 0.7793103448275862, 0.9039039039039038, 0.6536796536796536, 0.8035714285714286, 0.8433048433048433, 0.723205964585275, 0.5909090909090909, 0.7806267806267806, 0.8704453441295547, 0.8423645320197044, 0.7810361681329423, 0.7922077922077921, 0.7702564102564102]
 mean: 0.7626401498021332, std: 0.08898643923137876
Accuracy Intime: [0.8571428571428571, 0.6428571428571429, 0.8333333333333334, 0.6666666666666666, 0.8333333333333334, 0.7857142857142857, 0.9285714285714286, 0.9166666666666666, 0.8333333333333334, 0.75, 0.6428571428571429, 0.8571428571428571, 0.6666666666666666, 0.5833333333333334, 0.75]
 mean: 0.7698412698412699, std: 0.10438846379338018
F1 (Intime): [0.8541666666666667, 0.625668449197861, 0.8125, 0.625, 0.8285714285714285, 0.7754010695187166, 0.9251336898395721, 0.9111111111111111, 0.8285714285714285, 0.7482517482517483, 0.5238095238095237, 0.8444444444444444, 0.625, 0.5555555555555556, 0.7482517482517483]
 mean: 0.7487624575859871, std: 0.12354748026534859
--------------------------------------------------
Subject Number: 2
Accuracy Cross: [0.6060606060606061, 0.5757575757575758, 0.5757575757575758, 0.5757575757575758, 0.6666666666666666, 0.5625, 0.34375, 0.53125, 0.59375, 0.5625, 0.6666666666666666, 0.48484848484848486, 0.5151515151515151, 0.7272727272727273, 0.5757575757575758]
 mean: 0.5708964646464647, std: 0.08503757414476788
F1 Score: [0.5662285136501517, 0.5722222222222222, 0.5722222222222222, 0.5722222222222222, 0.6552706552706553, 0.5607843137254902, 0.33793103448275863, 0.5195195195195195, 0.5733333333333333, 0.5465587044534412, 0.6654377880184332, 0.4672364672364672, 0.5111111111111111, 0.717948717948718, 0.5753676470588236]
 mean: 0.5608929648317047, std: 0.08491569202388285
Accuracy Intime: [0.6428571428571429, 0.5714285714285714, 0.5833333333333334, 0.5, 0.5, 0.7857142857142857, 0.35714285714285715, 0.6428571428571429, 0.3333333333333333, 0.6666666666666666, 0.35714285714285715, 0.5, 0.6666666666666666, 0.5, 0.5]
 mean: 0.5404761904761906, std: 0.12491871884938635
F1 (Intime): [0.625668449197861, 0.5333333333333333, 0.4957983193277311, 0.4857142857142857, 0.4857142857142857, 0.7846153846153847, 0.35384615384615387, 0.625668449197861, 0.3333333333333333, 0.6666666666666666, 0.35384615384615387, 0.47593582887700536, 0.625, 0.4857142857142857, 0.4857142857142857]
 mean: 0.5211046143399084, std: 0.12174744058953127
--------------------------------------------------
Subject Number: 3
Accuracy Cross: [0.5, 0.46875, 0.53125, 0.59375, 0.5625, 0.5454545454545454, 0.5454545454545454, 0.5151515151515151, 0.6060606060606061, 0.5757575757575758, 0.5151515151515151, 0.48484848484848486, 0.6666666666666666, 0.5757575757575758, 0.42424242424242425]
 mean: 0.540719696969697, std: 0.05821925747223425
F1 Score: [0.4920634920634921, 0.464039408866995, 0.5076923076923077, 0.5933528836754643, 0.5465587044534412, 0.5454545454545454, 0.543778801843318, 0.5147058823529411, 0.5814634146341464, 0.5557692307692308, 0.5111111111111111, 0.4771668219944082, 0.6616961789375583, 0.5557692307692308, 0.4221198156682028]
 mean: 0.5315161220190929, std: 0.05616063924803545
Accuracy Intime: [0.42857142857142855, 0.5, 0.5714285714285714, 0.6666666666666666, 0.8333333333333334, 0.2857142857142857, 0.42857142857142855, 0.4166666666666667, 0.25, 0.5833333333333334, 0.6428571428571429, 0.7142857142857143, 0.5833333333333334, 0.6666666666666666, 0.5]
 mean: 0.5380952380952382, std: 0.1540091583694879
F1 (Intime): [0.42857142857142855, 0.47593582887700536, 0.5333333333333333, 0.6571428571428571, 0.8333333333333334, 0.2857142857142857, 0.41666666666666663, 0.37777777777777777, 0.24475524475524477, 0.5804195804195804, 0.641025641025641, 0.7083333333333333, 0.5555555555555556, 0.6571428571428571, 0.4857142857142857]
 mean: 0.5254281339575456, std: 0.15569029952769078
--------------------------------------------------
Subject Number: 4
Accuracy Cross: [0.8484848484848485, 0.6363636363636364, 0.7878787878787878, 0.7575757575757576, 0.8181818181818182, 0.696969696969697, 0.8181818181818182, 0.6666666666666666, 0.5454545454545454, 0.7575757575757576, 0.5151515151515151, 0.6363636363636364, 0.7575757575757576, 0.5151515151515151, 0.5757575757575758]
 mean: 0.688888888888889, std: 0.11035555784846597
F1 Score: [0.8433048433048433, 0.6333333333333333, 0.7664307381193125, 0.7272727272727273, 0.8035714285714286, 0.6898496240601504, 0.8166666666666667, 0.6552706552706553, 0.4994944388270981, 0.7518796992481203, 0.5037593984962406, 0.6333333333333333, 0.7573529411764706, 0.5111111111111111, 0.5416666666666666]
 mean: 0.6756198403638772, std: 0.1147606781640018
Accuracy Intime: [0.6428571428571429, 0.7857142857142857, 0.7142857142857143, 0.9166666666666666, 0.6666666666666666, 0.9285714285714286, 0.9285714285714286, 0.7142857142857143, 0.5, 0.4166666666666667, 0.8571428571428571, 0.7857142857142857, 0.9285714285714286, 0.9166666666666666, 0.5]
 mean: 0.7468253968253968, std: 0.16776658970670857
F1 (Intime): [0.641025641025641, 0.7846153846153847, 0.65, 0.916083916083916, 0.625, 0.9251336898395721, 0.9282051282051282, 0.7083333333333333, 0.4857142857142857, 0.4125874125874126, 0.8571428571428571, 0.7754010695187166, 0.9251336898395721, 0.916083916083916, 0.5]
 mean: 0.7366973549326491, std: 0.1721177428768698
--------------------------------------------------
Subject Number: 5
Accuracy Cross: [0.5625, 0.53125, 0.5625, 0.65625, 0.6875, 0.5625, 0.4375, 0.53125, 0.5625, 0.5625, 0.53125, 0.59375, 0.59375, 0.59375, 0.6875]
 mean: 0.5770833333333333, std: 0.06236095644623236
F1 Score: [0.5607843137254902, 0.5270935960591133, 0.5465587044534412, 0.6559139784946236, 0.6875, 0.5555555555555556, 0.37662337662337664, 0.5195195195195195, 0.5607843137254902, 0.5555555555555556, 0.5270935960591133, 0.5933528836754643, 0.5901477832512315, 0.5933528836754643, 0.6862745098039216]
 mean: 0.569074038011824, std: 0.07346308015124436
Accuracy Intime: [0.7142857142857143, 0.8571428571428571, 0.5833333333333334, 0.6666666666666666, 0.8333333333333334, 0.7857142857142857, 0.6428571428571429, 0.8333333333333334, 0.5, 0.6666666666666666, 1.0, 0.7142857142857143, 0.6666666666666666, 0.5833333333333334, 0.6666666666666666]
 mean: 0.7142857142857141, std: 0.12379426035340842
F1 (Intime): [0.7083333333333333, 0.8571428571428571, 0.5804195804195804, 0.6571428571428571, 0.8285714285714285, 0.7846153846153847, 0.625668449197861, 0.8285714285714285, 0.5, 0.625, 1.0, 0.7083333333333333, 0.6666666666666666, 0.5804195804195804, 0.6571428571428571]
 mean: 0.7072018504371445, std: 0.1261769836209191
--------------------------------------------------
Subject Number: 6
Accuracy Cross: [0.6875, 0.46875, 0.65625, 0.75, 0.5625, 0.48484848484848486, 0.45454545454545453, 0.5454545454545454, 0.48484848484848486, 0.6060606060606061, 0.48484848484848486, 0.5151515151515151, 0.5454545454545454, 0.6363636363636364, 0.5757575757575758]
 mean: 0.5638888888888889, std: 0.08501999673255482
F1 Score: [0.6862745098039216, 0.45545545545545546, 0.6532019704433498, 0.7333333333333334, 0.5555555555555556, 0.45268292682926825, 0.38636363636363635, 0.5170731707317073, 0.40634920634920635, 0.5662285136501517, 0.45268292682926825, 0.5111111111111111, 0.543778801843318, 0.6071428571428572, 0.5557692307692308]
 mean: 0.5388668804140914, std: 0.09746577348519693
Accuracy Intime: [0.5714285714285714, 0.42857142857142855, 0.7142857142857143, 0.5833333333333334, 0.75, 0.9285714285714286, 0.8571428571428571, 0.9166666666666666, 0.6666666666666666, 0.8333333333333334, 0.5714285714285714, 0.5714285714285714, 0.6666666666666666, 0.4166666666666667, 0.5]
 mean: 0.6650793650793649, std: 0.16030174368977512
F1 (Intime): [0.5333333333333333, 0.37777777777777777, 0.6888888888888889, 0.5804195804195804, 0.7482517482517483, 0.9282051282051282, 0.8541666666666667, 0.9111111111111111, 0.6666666666666666, 0.8333333333333334, 0.5625, 0.5625, 0.6571428571428571, 0.4125874125874126, 0.4857142857142857]
 mean: 0.6535065860065861, std: 0.1680092991601684
--------------------------------------------------
Subject Number: 7
Accuracy Cross: [0.53125, 0.5, 0.5, 0.625, 0.59375, 0.4375, 0.5, 0.59375, 0.53125, 0.5625, 0.625, 0.5625, 0.5625, 0.59375, 0.6875]
 mean: 0.5604166666666667, std: 0.06088182998417691
F1 Score: [0.5076923076923077, 0.4920634920634921, 0.5, 0.6, 0.5933528836754643, 0.43529411764705883, 0.5, 0.5901477832512315, 0.530791788856305, 0.5625, 0.6190476190476191, 0.5555555555555556, 0.5625, 0.5901477832512315, 0.6761133603238867]
 mean: 0.5543471127576101, std: 0.05888304386996813
Accuracy Intime: [0.7142857142857143, 0.42857142857142855, 0.5, 0.75, 0.75, 0.5714285714285714, 0.5, 0.6666666666666666, 0.6666666666666666, 0.5, 0.6428571428571429, 0.6428571428571429, 0.6666666666666666, 0.3333333333333333, 0.3333333333333333]
 mean: 0.577777777777778, std: 0.13418567326863481
F1 (Intime): [0.65, 0.37777777777777777, 0.4375, 0.7482517482517483, 0.7482517482517483, 0.5625, 0.49743589743589745, 0.6666666666666666, 0.6571428571428571, 0.4857142857142857, 0.641025641025641, 0.625668449197861, 0.625, 0.3333333333333333, 0.3333333333333333]
 mean: 0.5593067825420768, std: 0.13547272135799
--------------------------------------------------
Subject Number: 8
Accuracy Cross: [0.5625, 0.59375, 0.71875, 0.71875, 0.625, 0.65625, 0.6875, 0.5, 0.53125, 0.6875, 0.6875, 0.6875, 0.75, 0.5625, 0.75]
 mean: 0.6479166666666667, std: 0.07778397792747695
F1 Score: [0.5151515151515151, 0.5733333333333333, 0.7046153846153846, 0.694591728525981, 0.611336032388664, 0.6559139784946236, 0.6363636363636364, 0.4920634920634921, 0.5195195195195195, 0.6536796536796536, 0.6666666666666667, 0.6825396825396826, 0.7408906882591093, 0.5333333333333333, 0.7408906882591093]
 mean: 0.6280592888795803, std: 0.08040756616243404
Accuracy Intime: [0.7142857142857143, 0.7857142857142857, 0.3333333333333333, 0.4166666666666667, 0.6666666666666666, 0.5714285714285714, 0.7857142857142857, 0.5833333333333334, 0.75, 0.6666666666666666, 0.5714285714285714, 0.5714285714285714, 0.75, 0.75, 0.5833333333333334]
 mean: 0.6333333333333334, std: 0.1289676434661985
F1 (Intime): [0.6888888888888889, 0.7846153846153847, 0.3142857142857143, 0.37777777777777777, 0.6666666666666666, 0.5333333333333333, 0.7846153846153847, 0.5804195804195804, 0.7482517482517483, 0.6571428571428571, 0.475, 0.5625, 0.7333333333333334, 0.7482517482517483, 0.5804195804195804]
 mean: 0.6157001332001333, std: 0.14025501573556606
--------------------------------------------------
Subject Number: 9
Accuracy Cross: [0.84375, 0.75, 0.84375, 0.8125, 0.875, 0.6875, 0.59375, 0.625, 0.71875, 0.53125, 0.625, 0.78125, 0.75, 0.59375, 0.875]
 mean: 0.7270833333333333, std: 0.10913167378090664
F1 Score: [0.8303287380699894, 0.7090909090909091, 0.8358974358974359, 0.7922077922077921, 0.8666666666666667, 0.6875, 0.5933528836754643, 0.6190476190476191, 0.681063122923588, 0.5195195195195195, 0.5844155844155844, 0.7702564102564102, 0.7408906882591093, 0.5588547189819725, 0.8704453441295547]
 mean: 0.7106358288761077, std: 0.11256876668522249
Accuracy Intime: [0.9285714285714286, 0.8571428571428571, 0.9166666666666666, 0.75, 0.75, 0.9285714285714286, 1.0, 1.0, 0.5833333333333334, 0.6666666666666666, 0.6428571428571429, 1.0, 0.8333333333333334, 0.8333333333333334, 0.6666666666666666]
 mean: 0.8238095238095239, std: 0.1356098177704585
F1 (Intime): [0.9251336898395721, 0.8541666666666667, 0.8991596638655461, 0.7333333333333334, 0.7482517482517483, 0.9251336898395721, 1.0, 1.0, 0.4957983193277311, 0.6666666666666666, 0.641025641025641, 1.0, 0.8125, 0.8333333333333334, 0.6666666666666666]
 mean: 0.8134112945877651, std: 0.14677473830077029
--------------------------------------------------
Subject Number: 10
Accuracy Cross: [0.5, 0.71875, 0.65625, 0.53125, 0.65625, 0.5, 0.59375, 0.75, 0.53125, 0.625, 0.5454545454545454, 0.5757575757575758, 0.6666666666666666, 0.696969696969697, 0.5757575757575758]
 mean: 0.6082070707070707, std: 0.07747459725993894
F1 Score: [0.4666666666666667, 0.7117117117117118, 0.6559139784946236, 0.5195195195195195, 0.6476476476476476, 0.5, 0.5933528836754643, 0.746031746031746, 0.4909862142099682, 0.6190476190476191, 0.5299145299145299, 0.5557692307692308, 0.6616961789375583, 0.6726190476190477, 0.5722222222222222]
 mean: 0.5962066130978372, std: 0.08256366128315698
Accuracy Intime: [0.5714285714285714, 0.9285714285714286, 0.6666666666666666, 0.5, 0.5833333333333334, 0.6428571428571429, 0.7142857142857143, 0.8333333333333334, 0.75, 0.5, 0.7142857142857143, 0.8571428571428571, 0.9166666666666666, 0.6666666666666666, 0.75]
 mean: 0.7063492063492062, std: 0.13218515458236113
F1 (Intime): [0.5714285714285714, 0.9282051282051282, 0.6571428571428571, 0.4857142857142857, 0.5555555555555556, 0.641025641025641, 0.7083333333333333, 0.8125, 0.7333333333333334, 0.4857142857142857, 0.6888888888888889, 0.8571428571428571, 0.9111111111111111, 0.625, 0.7482517482517483]
 mean: 0.6939565064565065, std: 0.13595372983642548
--------------------------------------------------
Subject Number: 11
Accuracy Cross: [0.5151515151515151, 0.48484848484848486, 0.5151515151515151, 0.5151515151515151, 0.5151515151515151, 0.6666666666666666, 0.45454545454545453, 0.6060606060606061, 0.5454545454545454, 0.48484848484848486, 0.5454545454545454, 0.6363636363636364, 0.5454545454545454, 0.5757575757575758, 0.5151515151515151]
 mean: 0.5414141414141415, std: 0.056276316271450987
F1 Score: [0.5111111111111111, 0.4672364672364672, 0.49230769230769234, 0.5147058823529411, 0.47619047619047616, 0.6552706552706553, 0.4540441176470588, 0.6060606060606061, 0.5386766076421249, 0.4327603640040445, 0.543778801843318, 0.6278195488721805, 0.5170731707317073, 0.5657894736842105, 0.49230769230769234]
 mean: 0.5263421778174858, std: 0.06220972022096726
Accuracy Intime: [0.7142857142857143, 0.7142857142857143, 0.6428571428571429, 0.8333333333333334, 0.5833333333333334, 0.42857142857142855, 0.6428571428571429, 0.5714285714285714, 0.5833333333333334, 0.5, 0.5714285714285714, 0.42857142857142855, 0.5, 0.6666666666666666, 0.3333333333333333]
 mean: 0.580952380952381, std: 0.12525107060552693
F1 (Intime): [0.65, 0.7083333333333333, 0.625668449197861, 0.8285714285714285, 0.5804195804195804, 0.42857142857142855, 0.641025641025641, 0.5625, 0.5555555555555556, 0.5, 0.5625, 0.42857142857142855, 0.47593582887700536, 0.625, 0.3142857142857143]
 mean: 0.5657958925605986, std: 0.12189351921105929
--------------------------------------------------
Subject Number: 12
Accuracy Cross: [0.71875, 0.71875, 0.59375, 0.6875, 0.71875, 0.7575757575757576, 0.7575757575757576, 0.6666666666666666, 0.6666666666666666, 0.7575757575757576, 0.625, 0.625, 0.78125, 0.59375, 0.65625]
 mean: 0.688320707070707, std: 0.059819575978418055
F1 Score: [0.681063122923588, 0.6631578947368422, 0.539313399778516, 0.6363636363636364, 0.694591728525981, 0.7518796992481203, 0.7272727272727273, 0.593505039193729, 0.6158730158730159, 0.7272727272727273, 0.611336032388664, 0.6190476190476191, 0.7702564102564102, 0.4340136054421769, 0.6389743589743591]
 mean: 0.6469280678198742, std: 0.08397880281193908
Accuracy Intime: [0.7142857142857143, 0.8571428571428571, 0.5833333333333334, 0.6666666666666666, 0.9166666666666666, 0.7857142857142857, 0.5, 0.6666666666666666, 0.75, 0.5, 1.0, 0.5714285714285714, 0.9166666666666666, 0.75, 0.5]
 mean: 0.7119047619047618, std: 0.15734714955286347
F1 (Intime): [0.7083333333333333, 0.8444444444444444, 0.3684210526315789, 0.6571428571428571, 0.916083916083916, 0.7846153846153847, 0.49743589743589745, 0.5555555555555556, 0.7333333333333334, 0.3333333333333333, 1.0, 0.5625, 0.8991596638655461, 0.7333333333333334, 0.4857142857142857]
 mean: 0.6719604260548533, std: 0.19456378566914478
--------------------------------------------------
Subject Number: 13
Accuracy Cross: [0.75, 0.65625, 0.65625, 0.75, 0.71875, 0.696969696969697, 0.8484848484848485, 0.6363636363636364, 0.5757575757575758, 0.6363636363636364, 0.625, 0.6875, 0.65625, 0.65625, 0.5]
 mean: 0.6700126262626263, std: 0.07784288031944152
F1 Score: [0.722943722943723, 0.5883040935672514, 0.6267232237539766, 0.7333333333333334, 0.6631578947368422, 0.6944444444444444, 0.8390243902439025, 0.6278195488721805, 0.5657894736842105, 0.6278195488721805, 0.6235294117647059, 0.6761133603238867, 0.6532019704433498, 0.6101882613510521, 0.4666666666666667]
 mean: 0.6479372896667804, std: 0.08127835182644068
Accuracy Intime: [0.7857142857142857, 0.35714285714285715, 0.5833333333333334, 0.8333333333333334, 0.75, 0.6428571428571429, 0.7142857142857143, 0.8333333333333334, 0.75, 0.4166666666666667, 0.8571428571428571, 0.6428571428571429, 0.8333333333333334, 0.5833333333333334, 0.5833333333333334]
 mean: 0.6777777777777778, std: 0.14795575186504958
F1 (Intime): [0.7754010695187166, 0.35384615384615387, 0.3684210526315789, 0.8333333333333334, 0.7482517482517483, 0.641025641025641, 0.7083333333333333, 0.7777777777777777, 0.7482517482517483, 0.37777777777777777, 0.8444444444444444, 0.625668449197861, 0.7777777777777777, 0.4957983193277311, 0.5555555555555556]
 mean: 0.6421109454700785, std: 0.16654223724391706
--------------------------------------------------
Subject Number: 14
Accuracy Cross: [0.65625, 0.65625, 0.5, 0.71875, 0.65625, 0.71875, 0.71875, 0.71875, 0.71875, 0.78125, 0.6875, 0.65625, 0.5625, 0.59375, 0.4375]
 mean: 0.6520833333333333, std: 0.08975274678557507
F1 Score: [0.6476476476476476, 0.6476476476476476, 0.4920634920634921, 0.7046153846153846, 0.6101882613510521, 0.681063122923588, 0.716256157635468, 0.694591728525981, 0.694591728525981, 0.751937984496124, 0.6536796536796536, 0.6559139784946236, 0.5151515151515151, 0.5835835835835836, 0.4]
 mean: 0.6299287924227829, std: 0.09250109342666593
Accuracy Intime: [0.7857142857142857, 0.7142857142857143, 0.75, 0.6666666666666666, 0.6666666666666666, 0.9285714285714286, 0.5, 0.8333333333333334, 0.5833333333333334, 0.6666666666666666, 0.7142857142857143, 0.6428571428571429, 0.5, 0.5, 0.8333333333333334]
 mean: 0.6857142857142857, std: 0.12522089326004482
F1 (Intime): [0.7543859649122806, 0.6888888888888889, 0.7333333333333334, 0.625, 0.6571428571428571, 0.9251336898395721, 0.49743589743589745, 0.8125, 0.5555555555555556, 0.6666666666666666, 0.65, 0.641025641025641, 0.4375, 0.4375, 0.8333333333333334]
 mean: 0.6610267885422686, std: 0.1358400218367637
--------------------------------------------------
Subject Number: 15
Accuracy Cross: [0.8125, 0.6875, 0.6875, 0.625, 0.78125, 0.75, 0.75, 0.65625, 0.75, 0.71875, 0.46875, 0.625, 0.59375, 0.59375, 0.71875]
 mean: 0.68125, std: 0.08630131323836658
F1 Score: [0.8, 0.6666666666666667, 0.6761133603238867, 0.611336032388664, 0.7624602332979851, 0.75, 0.7408906882591093, 0.6532019704433498, 0.722943722943723, 0.7117117117117118, 0.4682306940371457, 0.6235294117647059, 0.5933528836754643, 0.5835835835835836, 0.7117117117117118]
 mean: 0.6717155113871804, std: 0.08290479534413668
Accuracy Intime: [0.6428571428571429, 0.5714285714285714, 0.8333333333333334, 0.75, 0.6666666666666666, 0.7857142857142857, 0.5, 0.75, 0.6666666666666666, 0.75, 0.7857142857142857, 0.7142857142857143, 0.9166666666666666, 0.5833333333333334, 0.8333333333333334]
 mean: 0.7166666666666667, std: 0.10843140511176859
F1 (Intime): [0.641025641025641, 0.5625, 0.8285714285714285, 0.7482517482517483, 0.6666666666666666, 0.7846153846153847, 0.49743589743589745, 0.7482517482517483, 0.6571428571428571, 0.7482517482517483, 0.7543859649122806, 0.7083333333333333, 0.9111111111111111, 0.4957983193277311, 0.8285714285714285]
 mean: 0.7053942184979338, std: 0.11616855835387382
--------------------------------------------------
Subject Number: 16
Accuracy Cross: [0.5625, 0.625, 0.40625, 0.59375, 0.59375, 0.53125, 0.59375, 0.53125, 0.46875, 0.5, 0.625, 0.53125, 0.625, 0.5, 0.40625]
 mean: 0.5395833333333333, std: 0.07077203229776262
F1 Score: [0.5555555555555556, 0.6235294117647059, 0.3913913913913914, 0.5588547189819725, 0.5901477832512315, 0.5195195195195195, 0.5901477832512315, 0.530791788856305, 0.39756367663344405, 0.4920634920634921, 0.6, 0.5076923076923077, 0.6190476190476191, 0.4666666666666667, 0.4056695992179863]
 mean: 0.5232427542595619, std: 0.07654265983911913
Accuracy Intime: [0.7857142857142857, 0.42857142857142855, 0.75, 0.5833333333333334, 0.5, 0.9285714285714286, 0.35714285714285715, 0.6666666666666666, 0.4166666666666667, 0.5833333333333334, 0.6428571428571429, 0.5, 0.75, 0.8333333333333334, 0.5833333333333334]
 mean: 0.6206349206349207, std: 0.16012482533192265
F1 (Intime): [0.7754010695187166, 0.37777777777777777, 0.6974789915966386, 0.5555555555555556, 0.5, 0.9251336898395721, 0.2631578947368421, 0.6571428571428571, 0.4125874125874126, 0.5804195804195804, 0.641025641025641, 0.47593582887700536, 0.7333333333333334, 0.8333333333333334, 0.5804195804195804]
 mean: 0.6005801697442564, std: 0.17306029750358443
--------------------------------------------------
Subject Number: 17
Accuracy Cross: [0.5454545454545454, 0.5151515151515151, 0.6060606060606061, 0.6060606060606061, 0.5454545454545454, 0.6060606060606061, 0.48484848484848486, 0.48484848484848486, 0.6060606060606061, 0.48484848484848486, 0.4375, 0.53125, 0.53125, 0.5, 0.6875]
 mean: 0.5448232323232323, std: 0.06373105278890892
F1 Score: [0.5170731707317073, 0.5037593984962406, 0.5925925925925926, 0.5814634146341464, 0.543778801843318, 0.5925925925925926, 0.4771668219944082, 0.48484848484848486, 0.6001863932898416, 0.48294930875576036, 0.4285714285714286, 0.5076923076923077, 0.5270935960591133, 0.4458874458874459, 0.6862745098039216]
 mean: 0.5314620178528873, std: 0.06621077169372964
Accuracy Intime: [0.7857142857142857, 0.6428571428571429, 0.5, 0.75, 0.5833333333333334, 0.7857142857142857, 0.6428571428571429, 0.6666666666666666, 0.5833333333333334, 0.5, 0.7857142857142857, 0.9285714285714286, 0.5, 0.8333333333333334, 0.6666666666666666]
 mean: 0.676984126984127, std: 0.12717247935843995
F1 (Intime): [0.7754010695187166, 0.5906432748538011, 0.4375, 0.7482517482517483, 0.5804195804195804, 0.7543859649122806, 0.625668449197861, 0.6571428571428571, 0.5804195804195804, 0.4857142857142857, 0.7754010695187166, 0.9282051282051282, 0.49743589743589745, 0.8285714285714285, 0.6666666666666666]
 mean: 0.6621218000552367, std: 0.13382357399428194
--------------------------------------------------
Subject Number: 18
Accuracy Cross: [0.7575757575757576, 0.696969696969697, 0.7575757575757576, 0.8181818181818182, 0.8484848484848485, 0.625, 0.53125, 0.46875, 0.75, 0.75, 0.71875, 0.625, 0.78125, 0.78125, 0.6875]
 mean: 0.7065025252525252, std: 0.10130272481222904
F1 Score: [0.7573529411764706, 0.6944444444444444, 0.7573529411764706, 0.8180147058823529, 0.8484848484848485, 0.6235294117647059, 0.4909862142099682, 0.45545545545545546, 0.746031746031746, 0.7333333333333334, 0.716256157635468, 0.625, 0.7793103448275862, 0.7810361681329423, 0.6862745098039216]
 mean: 0.7008575481573143, std: 0.10772650486064435
Accuracy Intime: [0.9285714285714286, 0.7857142857142857, 0.75, 0.8333333333333334, 0.5, 0.7857142857142857, 0.7142857142857143, 0.75, 0.8333333333333334, 0.75, 0.8571428571428571, 0.7142857142857143, 0.8333333333333334, 0.75, 0.5833333333333334]
 mean: 0.7579365079365079, std: 0.10283827967341712
F1 (Intime): [0.9282051282051282, 0.7846153846153847, 0.7482517482517483, 0.8333333333333334, 0.4375, 0.7846153846153847, 0.7083333333333333, 0.7333333333333334, 0.8285714285714285, 0.7482517482517483, 0.8571428571428571, 0.6888888888888889, 0.8125, 0.7482517482517483, 0.5555555555555556]
 mean: 0.7464899914899914, std: 0.11653182358295533
--------------------------------------------------
Subject Number: 19
Accuracy Cross: [0.5625, 0.5625, 0.6875, 0.625, 0.6875, 0.6875, 0.59375, 0.5625, 0.6875, 0.625, 0.46875, 0.53125, 0.5625, 0.59375, 0.4375]
 mean: 0.5916666666666667, std: 0.07523112535528245
F1 Score: [0.5151515151515151, 0.49090909090909085, 0.6536796536796536, 0.536231884057971, 0.6135265700483092, 0.6666666666666667, 0.5733333333333333, 0.45893719806763283, 0.6363636363636364, 0.5636363636363637, 0.4682306940371457, 0.530791788856305, 0.5555555555555556, 0.539313399778516, 0.43529411764705883]
 mean: 0.5491747645192503, std: 0.06837196956207295
Accuracy Intime: [0.7857142857142857, 0.6428571428571429, 0.8333333333333334, 0.75, 0.75, 0.7142857142857143, 0.5714285714285714, 0.75, 0.6666666666666666, 0.8333333333333334, 0.7142857142857143, 0.7142857142857143, 0.75, 0.5, 0.5]
 mean: 0.6984126984126983, std: 0.10145080115095109
F1 (Intime): [0.7754010695187166, 0.5238095238095237, 0.7777777777777777, 0.7333333333333334, 0.7333333333333334, 0.7083333333333333, 0.5714285714285714, 0.7333333333333334, 0.6666666666666666, 0.8285714285714285, 0.6888888888888889, 0.6888888888888889, 0.6974789915966386, 0.3333333333333333, 0.4857142857142857]
 mean: 0.6630861839685369, std: 0.1266305742239887
--------------------------------------------------
Subject Number: 20
Accuracy Cross: [0.65625, 0.8125, 0.5625, 0.78125, 0.65625, 0.625, 0.5625, 0.625, 0.6875, 0.59375, 0.6666666666666666, 0.6666666666666666, 0.5757575757575758, 0.6666666666666666, 0.6060606060606061]
 mean: 0.6496212121212122, std: 0.06981763818531338
F1 Score: [0.6532019704433498, 0.8056680161943319, 0.5333333333333333, 0.7624602332979851, 0.6389743589743591, 0.6235294117647059, 0.5607843137254902, 0.6235294117647059, 0.6666666666666667, 0.5901477832512315, 0.6654377880184332, 0.6552706552706553, 0.5753676470588236, 0.6458536585365854, 0.6046082949308755]
 mean: 0.6403222362154356, std: 0.06848477095099624
Accuracy Intime: [0.7857142857142857, 0.7142857142857143, 0.75, 0.6666666666666666, 0.5833333333333334, 0.7857142857142857, 0.7142857142857143, 1.0, 0.5, 0.6666666666666666, 0.8571428571428571, 0.8571428571428571, 0.6666666666666666, 0.75, 0.5833333333333334]
 mean: 0.7253968253968254, std: 0.12120791238484124
F1 (Intime): [0.7846153846153847, 0.6888888888888889, 0.7333333333333334, 0.6571428571428571, 0.4957983193277311, 0.7846153846153847, 0.7083333333333333, 1.0, 0.4375, 0.6571428571428571, 0.8541666666666667, 0.8541666666666667, 0.6571428571428571, 0.7333333333333334, 0.5804195804195804]
 mean: 0.7084399641752583, std: 0.13750518404653642
--------------------------------------------------
Subject Number: 21
Accuracy Cross: [0.59375, 0.34375, 0.375, 0.46875, 0.53125, 0.4375, 0.4375, 0.40625, 0.5625, 0.65625, 0.34375, 0.5, 0.53125, 0.34375, 0.40625]
 mean: 0.4625, std: 0.09423485731582201
F1 Score: [0.539313399778516, 0.33793103448275863, 0.2727272727272727, 0.4420512820512821, 0.4909862142099682, 0.43529411764705883, 0.43529411764705883, 0.4056695992179863, 0.49090909090909085, 0.6267232237539766, 0.33793103448275863, 0.4920634920634921, 0.5195195195195195, 0.2873806998939554, 0.3913913913913914]
 mean: 0.43367903265173907, std: 0.09453518574948352
Accuracy Intime: [0.35714285714285715, 0.42857142857142855, 0.75, 0.5, 0.5, 0.5714285714285714, 0.5714285714285714, 0.5, 0.8333333333333334, 0.5, 0.5714285714285714, 0.6428571428571429, 0.75, 0.6666666666666666, 0.6666666666666666]
 mean: 0.5873015873015872, std: 0.12611308398468812
F1 (Intime): [0.35384615384615387, 0.41666666666666663, 0.7333333333333334, 0.5, 0.4375, 0.5625, 0.5714285714285714, 0.3333333333333333, 0.8333333333333334, 0.4375, 0.5625, 0.641025641025641, 0.6974789915966386, 0.6666666666666666, 0.6666666666666666]
 mean: 0.5609186238598003, std: 0.14169011338113016
--------------------------------------------------
Subject Number: 22
Accuracy Cross: [0.65625, 0.53125, 0.65625, 0.78125, 0.71875, 0.696969696969697, 0.5757575757575758, 0.7575757575757576, 0.696969696969697, 0.6363636363636364, 0.6875, 0.5625, 0.6875, 0.625, 0.84375]
 mean: 0.6742424242424242, std: 0.08067752039579905
F1 Score: [0.6267232237539766, 0.4684385382059801, 0.5883040935672514, 0.7624602332979851, 0.681063122923588, 0.6726190476190477, 0.5657894736842105, 0.7518796992481203, 0.6413043478260869, 0.6071428571428572, 0.6862745098039216, 0.5555555555555556, 0.6536796536796536, 0.5844155844155844, 0.8435972629521017]
 mean: 0.6459498135783946, std: 0.09040801002363491
Accuracy Intime: [0.7142857142857143, 0.6428571428571429, 0.6666666666666666, 0.8333333333333334, 0.4166666666666667, 0.8571428571428571, 0.7142857142857143, 0.6666666666666666, 0.6666666666666666, 0.75, 0.7142857142857143, 0.5714285714285714, 0.8333333333333334, 0.6666666666666666, 0.5833333333333334]
 mean: 0.6865079365079366, std: 0.1091666594542819
F1 (Intime): [0.7083333333333333, 0.625668449197861, 0.5555555555555556, 0.8285714285714285, 0.4125874125874126, 0.8541666666666667, 0.7083333333333333, 0.5555555555555556, 0.625, 0.7482517482517483, 0.6888888888888889, 0.5714285714285714, 0.7777777777777777, 0.6571428571428571, 0.5555555555555556]
 mean: 0.658187808923103, std: 0.11472580572823013
--------------------------------------------------
Subject Number: 23
Accuracy Cross: [0.8181818181818182, 0.7878787878787878, 0.7575757575757576, 0.8181818181818182, 0.8787878787878788, 0.71875, 0.78125, 0.65625, 0.78125, 0.65625, 0.8181818181818182, 0.7878787878787878, 0.7575757575757576, 0.696969696969697, 0.7878787878787878]
 mean: 0.7668560606060606, std: 0.060005507794849824
F1 Score: [0.8096153846153846, 0.7746341463414634, 0.7272727272727273, 0.8139097744360901, 0.8730769230769231, 0.718475073313783, 0.7793103448275862, 0.6559139784946236, 0.7757757757757757, 0.6559139784946236, 0.8096153846153846, 0.7806267806267806, 0.7380952380952381, 0.6898496240601504, 0.7746341463414634]
 mean: 0.7584479520258666, std: 0.05883282920068363
Accuracy Intime: [0.7857142857142857, 0.7857142857142857, 0.8333333333333334, 0.5833333333333334, 0.6666666666666666, 0.9285714285714286, 0.8571428571428571, 1.0, 0.5833333333333334, 0.5833333333333334, 0.9285714285714286, 0.5, 0.9166666666666666, 0.6666666666666666, 0.5833333333333334]
 mean: 0.7468253968253967, std: 0.15542997846650192
F1 (Intime): [0.7754010695187166, 0.7846153846153847, 0.8285714285714285, 0.5804195804195804, 0.6571428571428571, 0.9282051282051282, 0.8444444444444444, 1.0, 0.5555555555555556, 0.5555555555555556, 0.9282051282051282, 0.49743589743589745, 0.9111111111111111, 0.6571428571428571, 0.5804195804195804]
 mean: 0.7389483718895483, std: 0.1594242464171594
--------------------------------------------------
Subject Number: 24
Accuracy Cross: [0.625, 0.6875, 0.4375, 0.46875, 0.34375, 0.53125, 0.59375, 0.59375, 0.4375, 0.46875, 0.40625, 0.5625, 0.46875, 0.5, 0.3125]
 mean: 0.49583333333333335, std: 0.10069204977995477
F1 Score: [0.611336032388664, 0.6666666666666667, 0.43529411764705883, 0.39756367663344405, 0.32732732732732733, 0.5195195195195195, 0.5901477832512315, 0.5835835835835836, 0.37662337662337664, 0.45545545545545546, 0.3913913913913914, 0.5607843137254902, 0.4682306940371457, 0.4817813765182186, 0.3125]
 mean: 0.4785470209845716, std: 0.10406850819167167
Accuracy Intime: [0.5714285714285714, 0.5714285714285714, 0.3333333333333333, 0.5, 0.3333333333333333, 0.5, 0.35714285714285715, 0.75, 0.4166666666666667, 0.4166666666666667, 0.5714285714285714, 0.7142857142857143, 0.6666666666666666, 0.75, 0.4166666666666667]
 mean: 0.5246031746031746, std: 0.14182608521697193
F1 (Intime): [0.5333333333333333, 0.5625, 0.3333333333333333, 0.4375, 0.3142857142857143, 0.47593582887700536, 0.35384615384615387, 0.7333333333333334, 0.4125874125874126, 0.4125874125874126, 0.5625, 0.7142857142857143, 0.6571428571428571, 0.7333333333333334, 0.4125874125874126]
 mean: 0.5099394559688677, std: 0.14094433634397116
--------------------------------------------------
Subject Number: 25
Accuracy Cross: [0.48484848484848486, 0.6060606060606061, 0.6060606060606061, 0.42424242424242425, 0.45454545454545453, 0.46875, 0.5625, 0.65625, 0.46875, 0.53125, 0.6875, 0.625, 0.5625, 0.625, 0.53125]
 mean: 0.5529671717171717, std: 0.0778840343154152
F1 Score: [0.4672364672364672, 0.5925925925925926, 0.6060606060606061, 0.3660262891809909, 0.44172932330827064, 0.464039408866995, 0.5607843137254902, 0.6559139784946236, 0.464039408866995, 0.5076923076923077, 0.6761133603238867, 0.611336032388664, 0.5555555555555556, 0.5636363636363637, 0.5076923076923077]
 mean: 0.536029887708141, std: 0.0832762597227328
Accuracy Intime: [0.7142857142857143, 0.42857142857142855, 0.5833333333333334, 0.5833333333333334, 0.5, 0.42857142857142855, 0.5714285714285714, 0.4166666666666667, 0.5, 0.5833333333333334, 0.5, 0.42857142857142855, 0.75, 0.5, 0.6666666666666666]
 mean: 0.5436507936507937, std: 0.10191539280947308
F1 (Intime): [0.7083333333333333, 0.42857142857142855, 0.4957983193277311, 0.5555555555555556, 0.4857142857142857, 0.41666666666666663, 0.5714285714285714, 0.29411764705882354, 0.4857142857142857, 0.5555555555555556, 0.49743589743589745, 0.42857142857142855, 0.7482517482517483, 0.4375, 0.6571428571428571]
 mean: 0.5177571720218779, std: 0.11551202538424539
--------------------------------------------------
Subject Number: 26
Accuracy Cross: [0.8181818181818182, 0.6363636363636364, 0.7575757575757576, 0.6666666666666666, 0.8181818181818182, 0.6875, 0.75, 0.6875, 0.78125, 0.78125, 0.9375, 0.78125, 0.8125, 0.84375, 0.84375]
 mean: 0.7735479797979798, std: 0.07671496271282548
F1 Score: [0.8139097744360901, 0.6192307692307693, 0.7518796992481203, 0.6458536585365854, 0.8139097744360901, 0.6862745098039216, 0.746031746031746, 0.6825396825396826, 0.7757757757757757, 0.7810361681329423, 0.9352226720647774, 0.7702564102564102, 0.8, 0.8303287380699894, 0.8303287380699894]
 mean: 0.7655052077755259, std: 0.07869422621109438
Accuracy Intime: [0.8571428571428571, 0.8571428571428571, 0.6666666666666666, 0.75, 0.9166666666666666, 1.0, 0.9285714285714286, 1.0, 0.75, 0.75, 0.9285714285714286, 0.7857142857142857, 0.8333333333333334, 0.6666666666666666, 0.6666666666666666]
 mean: 0.8238095238095238, std: 0.11160886242061552
F1 (Intime): [0.8541666666666667, 0.8444444444444444, 0.625, 0.7482517482517483, 0.916083916083916, 1.0, 0.9251336898395721, 1.0, 0.7333333333333334, 0.7333333333333334, 0.9282051282051282, 0.7543859649122806, 0.8125, 0.6571428571428571, 0.6666666666666666]
 mean: 0.8132431832586631, std: 0.11845215078101065
--------------------------------------------------
Subject Number: 27
Accuracy Cross: [0.5454545454545454, 0.5151515151515151, 0.6060606060606061, 0.6060606060606061, 0.5454545454545454, 0.6060606060606061, 0.48484848484848486, 0.48484848484848486, 0.6060606060606061, 0.48484848484848486, 0.4375, 0.53125, 0.53125, 0.5, 0.6875]
 mean: 0.5448232323232323, std: 0.06373105278890892
F1 Score: [0.5170731707317073, 0.5037593984962406, 0.5925925925925926, 0.5814634146341464, 0.543778801843318, 0.5925925925925926, 0.4771668219944082, 0.48484848484848486, 0.6001863932898416, 0.48294930875576036, 0.4285714285714286, 0.5076923076923077, 0.5270935960591133, 0.4458874458874459, 0.6862745098039216]
 mean: 0.5314620178528873, std: 0.06621077169372964
Accuracy Intime: [0.7857142857142857, 0.6428571428571429, 0.5, 0.75, 0.5833333333333334, 0.7857142857142857, 0.6428571428571429, 0.6666666666666666, 0.5833333333333334, 0.5, 0.7857142857142857, 0.9285714285714286, 0.5, 0.8333333333333334, 0.6666666666666666]
 mean: 0.676984126984127, std: 0.12717247935843995
F1 (Intime): [0.7754010695187166, 0.5906432748538011, 0.4375, 0.7482517482517483, 0.5804195804195804, 0.7543859649122806, 0.625668449197861, 0.6571428571428571, 0.5804195804195804, 0.4857142857142857, 0.7754010695187166, 0.9282051282051282, 0.49743589743589745, 0.8285714285714285, 0.6666666666666666]
 mean: 0.6621218000552367, std: 0.13382357399428194
--------------------------------------------------
Subject Number: 28
Accuracy Cross: [0.65625, 0.53125, 0.5, 0.5625, 0.4375, 0.34375, 0.5625, 0.625, 0.71875, 0.625, 0.5, 0.53125, 0.59375, 0.5625, 0.5]
 mean: 0.55, std: 0.08824091076894737
F1 Score: [0.6267232237539766, 0.5076923076923077, 0.4666666666666667, 0.4166666666666667, 0.34545454545454546, 0.343108504398827, 0.5607843137254902, 0.625, 0.7046153846153846, 0.611336032388664, 0.5, 0.4909862142099682, 0.5933528836754643, 0.5465587044534412, 0.4817813765182186]
 mean: 0.5213817882813082, std: 0.1002309231737725
Accuracy Intime: [0.8571428571428571, 0.5714285714285714, 0.75, 0.5833333333333334, 0.4166666666666667, 0.5714285714285714, 0.5714285714285714, 0.5833333333333334, 0.6666666666666666, 0.5833333333333334, 0.7857142857142857, 0.7142857142857143, 0.75, 0.6666666666666666, 0.5833333333333334]
 mean: 0.6436507936507937, std: 0.10836748691237004
F1 (Intime): [0.8541666666666667, 0.5333333333333333, 0.6210526315789473, 0.4957983193277311, 0.37777777777777777, 0.5714285714285714, 0.5714285714285714, 0.5555555555555556, 0.6571428571428571, 0.5804195804195804, 0.7754010695187166, 0.65, 0.6974789915966386, 0.625, 0.4957983193277311]
 mean: 0.6041188163401786, std: 0.11283673416976138
--------------------------------------------------
Subject Number: 29
Accuracy Cross: [0.84375, 0.84375, 0.90625, 0.90625, 0.875, 0.90625, 0.90625, 0.9375, 0.9375, 0.875, 0.9393939393939394, 0.9393939393939394, 0.8484848484848485, 0.9090909090909091, 0.9393939393939394]
 mean: 0.9008838383838383, std: 0.03457095147887131
F1 Score: [0.8398398398398399, 0.8435972629521017, 0.9015384615384616, 0.9015384615384616, 0.8666666666666667, 0.9054187192118226, 0.9054187192118226, 0.9365079365079365, 0.9365079365079365, 0.8704453441295547, 0.9379699248120301, 0.9388888888888889, 0.8484848484848485, 0.907735321528425, 0.9379699248120301]
 mean: 0.8985685504420552, std: 0.03520691826725603
Accuracy Intime: [0.8571428571428571, 0.9285714285714286, 0.9166666666666666, 0.5833333333333334, 0.8333333333333334, 0.7857142857142857, 1.0, 1.0, 0.8333333333333334, 0.5833333333333334, 1.0, 1.0, 0.8333333333333334, 0.75, 0.8333333333333334]
 mean: 0.8492063492063493, std: 0.13118065721520242
F1 (Intime): [0.8541666666666667, 0.9282051282051282, 0.9111111111111111, 0.4957983193277311, 0.8333333333333334, 0.7846153846153847, 1.0, 1.0, 0.8285714285714285, 0.5555555555555556, 1.0, 1.0, 0.8285714285714285, 0.7482517482517483, 0.8333333333333334]
 mean: 0.8401008958361901, std: 0.14757059918601861
--------------------------------------------------
**************************************************
accuracy_cross_list: [0.7774621212121213, 0.5708964646464647, 0.540719696969697, 0.688888888888889, 0.5770833333333333, 0.5638888888888889, 0.5604166666666667, 0.6479166666666667, 0.7270833333333333, 0.6082070707070707, 0.5414141414141415, 0.688320707070707, 0.6700126262626263, 0.6520833333333333, 0.68125, 0.5395833333333333, 0.5448232323232323, 0.7065025252525252, 0.5916666666666667, 0.6496212121212122, 0.4625, 0.6742424242424242, 0.7668560606060606, 0.49583333333333335, 0.5529671717171717, 0.7735479797979798, 0.5448232323232323, 0.55, 0.9008838383838383]
f1_score_list: [0.7626401498021332, 0.5608929648317047, 0.5315161220190929, 0.6756198403638772, 0.569074038011824, 0.5388668804140914, 0.5543471127576101, 0.6280592888795803, 0.7106358288761077, 0.5962066130978372, 0.5263421778174858, 0.6469280678198742, 0.6479372896667804, 0.6299287924227829, 0.6717155113871804, 0.5232427542595619, 0.5314620178528873, 0.7008575481573143, 0.5491747645192503, 0.6403222362154356, 0.43367903265173907, 0.6459498135783946, 0.7584479520258666, 0.4785470209845716, 0.536029887708141, 0.7655052077755259, 0.5314620178528873, 0.5213817882813082, 0.8985685504420552]
accuracy_intime_list: [0.7698412698412699, 0.5404761904761906, 0.5380952380952382, 0.7468253968253968, 0.7142857142857141, 0.6650793650793649, 0.577777777777778, 0.6333333333333334, 0.8238095238095239, 0.7063492063492062, 0.580952380952381, 0.7119047619047618, 0.6777777777777778, 0.6857142857142857, 0.7166666666666667, 0.6206349206349207, 0.676984126984127, 0.7579365079365079, 0.6984126984126983, 0.7253968253968254, 0.5873015873015872, 0.6865079365079366, 0.7468253968253967, 0.5246031746031746, 0.5436507936507937, 0.8238095238095238, 0.676984126984127, 0.6436507936507937, 0.8492063492063493]
f1_score_intime_list: [0.7487624575859871, 0.5211046143399084, 0.5254281339575456, 0.7366973549326491, 0.7072018504371445, 0.6535065860065861, 0.5593067825420768, 0.6157001332001333, 0.8134112945877651, 0.6939565064565065, 0.5657958925605986, 0.6719604260548533, 0.6421109454700785, 0.6610267885422686, 0.7053942184979338, 0.6005801697442564, 0.6621218000552367, 0.7464899914899914, 0.6630861839685369, 0.7084399641752583, 0.5609186238598003, 0.658187808923103, 0.7389483718895483, 0.5099394559688677, 0.5177571720218779, 0.8132431832586631, 0.6621218000552367, 0.6041188163401786, 0.8401008958361901]
**************************************************
ACC: 62.93±9.80
F1: 61.26±10.10
Intime: 67.76±8.67
F1 (Intime): 65.89±8.96
