1e-06
Subject Number: 1
Accuracy Cross: [0.3235294117647059, 0.3088235294117647, 0.36764705882352944, 0.4264705882352941, 0.25, 0.3333333333333333, 0.2463768115942029, 0.3188405797101449, 0.2463768115942029, 0.4057971014492754, 0.38235294117647056, 0.4411764705882353, 0.36764705882352944, 0.45588235294117646, 0.4852941176470588]
 mean: 0.3573032111395283, std: 0.07428759217623043
F1 Score: [0.3169306819458488, 0.33590289360676057, 0.3707560318813516, 0.46662181729648, 0.25822829131652664, 0.32753582202111614, 0.24402407433260426, 0.3218296973961999, 0.26258397932816535, 0.42665281705041647, 0.3816588958268119, 0.45443464903492947, 0.38384139080733504, 0.45400257400257393, 0.49211765644955296]
 mean: 0.3664747514864449, std: 0.07736879491735524
Accuracy Intime: [0.5, 0.5, 0.2857142857142857, 0.3076923076923077, 0.23076923076923078, 0.42857142857142855, 0.5, 0.4642857142857143, 0.4230769230769231, 0.5384615384615384, 0.6071428571428571, 0.39285714285714285, 0.21428571428571427, 0.4230769230769231, 0.38461538461538464]
 mean: 0.41336996336996346, std: 0.10966949772245442
F1 (Intime): [0.47284878863826235, 0.4941330599225336, 0.2919642857142857, 0.29047619047619044, 0.20833333333333331, 0.44624125874125875, 0.5342580213903744, 0.48574561403508765, 0.4604166666666667, 0.5303921568627452, 0.5999084249084249, 0.40694444444444444, 0.21063311688311687, 0.44166666666666665, 0.40819964349376114]
 mean: 0.41881077814514345, std: 0.11404865162297026
--------------------------------------------------
Subject Number: 2
Accuracy Cross: [0.2898550724637681, 0.30434782608695654, 0.2898550724637681, 0.2608695652173913, 0.2608695652173913, 0.35294117647058826, 0.3235294117647059, 0.27941176470588236, 0.25, 0.3382352941176471, 0.2608695652173913, 0.2318840579710145, 0.2608695652173913, 0.391304347826087, 0.2898550724637681]
 mean: 0.2923131571469168, std: 0.04186055636557146
F1 Score: [0.2904408749145591, 0.3001152073732719, 0.29165175909361957, 0.2697045707915273, 0.24331327209375989, 0.34616212338593977, 0.31828763037835917, 0.27930281155015196, 0.25455465587044535, 0.3497850122850123, 0.26938392912023745, 0.22756123058542413, 0.2632966168371361, 0.3899546055796056, 0.30189835067883847]
 mean: 0.2930275100358592, std: 0.04213305815798338
Accuracy Intime: [0.4642857142857143, 0.25, 0.32142857142857145, 0.2692307692307692, 0.34615384615384615, 0.35714285714285715, 0.32142857142857145, 0.17857142857142858, 0.42857142857142855, 0.3076923076923077, 0.39285714285714285, 0.35714285714285715, 0.25, 0.2692307692307692, 0.2692307692307692]
 mean: 0.31886446886446884, std: 0.0725847999283672
F1 (Intime): [0.4435064935064935, 0.2403846153846154, 0.29215686274509806, 0.25555555555555554, 0.32380952380952377, 0.3270162929605654, 0.2951770451770452, 0.16677807486631016, 0.42445054945054944, 0.3036963036963037, 0.40544357603181136, 0.3315789473684211, 0.2427396133278486, 0.2334887334887335, 0.24083269671504964]
 mean: 0.3017743256055949, std: 0.07484484986493294
--------------------------------------------------
Subject Number: 3
Accuracy Cross: [0.29411764705882354, 0.23529411764705882, 0.25, 0.29411764705882354, 0.23529411764705882, 0.30434782608695654, 0.2028985507246377, 0.2753623188405797, 0.2463768115942029, 0.3188405797101449, 0.391304347826087, 0.3333333333333333, 0.2753623188405797, 0.2898550724637681, 0.2608695652173913]
 mean: 0.2804916169366297, std: 0.04487612315380996
F1 Score: [0.2765622765622765, 0.22671957671957674, 0.26162786681403705, 0.27579318448883666, 0.20647479929281512, 0.28119078183263035, 0.19600221279734464, 0.27333558254610885, 0.24515639589169003, 0.288961038961039, 0.38286019536019533, 0.32084733652650244, 0.2537878787878788, 0.2504943968358603, 0.25888690506883927]
 mean: 0.2665800285657088, std: 0.043633592326148454
Accuracy Intime: [0.32142857142857145, 0.32142857142857145, 0.39285714285714285, 0.5, 0.4230769230769231, 0.32142857142857145, 0.32142857142857145, 0.25, 0.34615384615384615, 0.4230769230769231, 0.39285714285714285, 0.2857142857142857, 0.35714285714285715, 0.4230769230769231, 0.38461538461538464]
 mean: 0.36428571428571427, std: 0.06207251259639637
F1 (Intime): [0.29387279387279386, 0.3098776223776224, 0.3909090909090909, 0.47529669762641896, 0.40575396825396826, 0.29623538011695905, 0.30669134786781843, 0.23823529411764707, 0.34722222222222215, 0.3551587301587301, 0.397894385026738, 0.27916381863750284, 0.36121794871794877, 0.4056547619047619, 0.3599567099567099]
 mean: 0.3482093847844622, std: 0.059508718938986044
--------------------------------------------------
Subject Number: 4
Accuracy Cross: [0.391304347826087, 0.4057971014492754, 0.2753623188405797, 0.5652173913043478, 0.5072463768115942, 0.4057971014492754, 0.5217391304347826, 0.4927536231884058, 0.5362318840579711, 0.5072463768115942, 0.42028985507246375, 0.36231884057971014, 0.463768115942029, 0.4057971014492754, 0.5072463768115942]
 mean: 0.45120772946859894, std: 0.07574534153630778
F1 Score: [0.4179028906599332, 0.40954922428471374, 0.26420274789840004, 0.5981082375478928, 0.5197716513505988, 0.4170654176904177, 0.5246693121693122, 0.5131752305665349, 0.5332641196013289, 0.5230166324903167, 0.37891737891737887, 0.34976702004565785, 0.457972582972583, 0.4213247863247863, 0.49499886078833444]
 mean: 0.4549137395538792, std: 0.08348845468748325
Accuracy Intime: [0.5714285714285714, 0.42857142857142855, 0.4642857142857143, 0.42857142857142855, 0.46153846153846156, 0.5357142857142857, 0.5357142857142857, 0.35714285714285715, 0.39285714285714285, 0.46153846153846156, 0.6785714285714286, 0.2857142857142857, 0.75, 0.5, 0.2692307692307692]
 mean: 0.47472527472527476, std: 0.12595167652662975
F1 (Intime): [0.5656647274294333, 0.4415106951871658, 0.46071428571428574, 0.4068504594820384, 0.462004662004662, 0.5562271062271062, 0.5309690309690309, 0.343953634085213, 0.40169172932330827, 0.478030303030303, 0.6807692307692308, 0.2844988344988345, 0.7411616161616161, 0.5259405197485693, 0.2627039627039627]
 mean: 0.476179386488984, std: 0.12747891673890716
--------------------------------------------------
Subject Number: 5
Accuracy Cross: [0.47058823529411764, 0.45588235294117646, 0.4264705882352941, 0.45588235294117646, 0.36764705882352944, 0.4852941176470588, 0.4852941176470588, 0.45588235294117646, 0.4852941176470588, 0.4264705882352941, 0.4852941176470588, 0.4264705882352941, 0.47058823529411764, 0.4117647058823529, 0.45588235294117646]
 mean: 0.4509803921568628, std: 0.0325159293172098
F1 Score: [0.4321880278498743, 0.4314071596680292, 0.4086375929682218, 0.45395299145299145, 0.35674081237911026, 0.48394607843137255, 0.48550724637681164, 0.4610746396460682, 0.4622309299895507, 0.4365071531040654, 0.4869047619047619, 0.4125641025641026, 0.4877244289383509, 0.40452636968766, 0.43269352310648196]
 mean: 0.44244038787116347, std: 0.03619466034398793
Accuracy Intime: [0.6071428571428571, 0.8214285714285714, 0.5714285714285714, 0.4230769230769231, 0.5, 0.5714285714285714, 0.6785714285714286, 0.5714285714285714, 0.5, 0.4230769230769231, 0.5, 0.5357142857142857, 0.6428571428571429, 0.4230769230769231, 0.5384615384615384]
 mean: 0.5538461538461539, std: 0.10308996535653354
F1 (Intime): [0.6178571428571429, 0.8212669683257918, 0.5550420168067227, 0.39037698412698413, 0.48124999999999996, 0.5807692307692307, 0.6916666666666667, 0.5715277777777779, 0.432983682983683, 0.41666666666666663, 0.49175579322638147, 0.5607627666451196, 0.6487179487179487, 0.42619047619047623, 0.5229166666666667]
 mean: 0.547316719228484, std: 0.11271789162396262
--------------------------------------------------
Subject Number: 6
Accuracy Cross: [0.39705882352941174, 0.35294117647058826, 0.35294117647058826, 0.38235294117647056, 0.4264705882352941, 0.4492753623188406, 0.43478260869565216, 0.30434782608695654, 0.463768115942029, 0.34782608695652173, 0.3188405797101449, 0.3333333333333333, 0.3333333333333333, 0.391304347826087, 0.4057971014492754]
 mean: 0.3796248934356351, std: 0.04787715739701733
F1 Score: [0.41169586227725763, 0.357464846980976, 0.3277432712215321, 0.40344086021505376, 0.4285186145440229, 0.42745098039215684, 0.42028985507246375, 0.2682083997873472, 0.4374647666573132, 0.31831219806763283, 0.325988455988456, 0.34212723550958846, 0.34116161616161617, 0.395961704101239, 0.41711309523809526]
 mean: 0.37486278414765006, std: 0.05014836442661975
Accuracy Intime: [0.39285714285714285, 0.35714285714285715, 0.39285714285714285, 0.42857142857142855, 0.3076923076923077, 0.5714285714285714, 0.42857142857142855, 0.39285714285714285, 0.38461538461538464, 0.19230769230769232, 0.4642857142857143, 0.42857142857142855, 0.17857142857142858, 0.2692307692307692, 0.34615384615384615]
 mean: 0.369047619047619, std: 0.09815380405034674
F1 (Intime): [0.3761655011655012, 0.3502747252747253, 0.3988927738927739, 0.3729707792207792, 0.29682539682539677, 0.5617737525632263, 0.4455128205128205, 0.39880952380952384, 0.3260233918128655, 0.1369047619047619, 0.4331694621168305, 0.4207792207792208, 0.1778846153846154, 0.21408668730650154, 0.2787878787878788]
 mean: 0.34592408609049474, std: 0.10758346161673767
--------------------------------------------------
Subject Number: 7
Accuracy Cross: [0.5588235294117647, 0.4117647058823529, 0.4852941176470588, 0.5147058823529411, 0.45588235294117646, 0.3235294117647059, 0.4411764705882353, 0.4117647058823529, 0.4852941176470588, 0.39705882352941174, 0.36764705882352944, 0.4264705882352941, 0.4117647058823529, 0.39705882352941174, 0.39705882352941174]
 mean: 0.4323529411764707, std: 0.05778494913055441
F1 Score: [0.5276237989652623, 0.3886148904006047, 0.4717628205128205, 0.49227362814319336, 0.43815208839325415, 0.31875, 0.44370150089790267, 0.41513409961685827, 0.4834986634986635, 0.4004652153781112, 0.36201079622132254, 0.3741650506356389, 0.3839285714285714, 0.39934371184371187, 0.38608393638881444]
 mean: 0.419033918154982, std: 0.05439281897336544
Accuracy Intime: [0.7142857142857143, 0.4642857142857143, 0.35714285714285715, 0.38461538461538464, 0.2692307692307692, 0.42857142857142855, 0.32142857142857145, 0.4642857142857143, 0.4230769230769231, 0.4230769230769231, 0.42857142857142855, 0.42857142857142855, 0.5714285714285714, 0.4230769230769231, 0.5]
 mean: 0.44010989010989016, std: 0.10056196002970257
F1 (Intime): [0.7151515151515151, 0.45619658119658124, 0.27717391304347827, 0.3707749766573296, 0.25989010989010985, 0.3486215538847117, 0.25922266139657446, 0.4654761904761905, 0.3351648351648352, 0.33694083694083693, 0.39898190045248866, 0.4012218045112782, 0.5546510270774976, 0.35416666666666663, 0.47847985347985345]
 mean: 0.4008076283993299, std: 0.11694566360165456
--------------------------------------------------
Subject Number: 8
Accuracy Cross: [0.27941176470588236, 0.27941176470588236, 0.19117647058823528, 0.27941176470588236, 0.22058823529411764, 0.29411764705882354, 0.23529411764705882, 0.27941176470588236, 0.27941176470588236, 0.3235294117647059, 0.4117647058823529, 0.29411764705882354, 0.3088235294117647, 0.4264705882352941, 0.22058823529411764]
 mean: 0.28823529411764703, std: 0.06211385906453786
F1 Score: [0.26422219085262566, 0.26803846538615445, 0.2101094276094276, 0.28583916083916083, 0.23142857142857143, 0.30710835058661146, 0.23744747899159666, 0.2957051013502626, 0.2649823294984585, 0.30912698412698414, 0.40873673740053046, 0.2999431602879879, 0.32170231729055254, 0.43134777467863206, 0.24119646132268854]
 mean: 0.2917956341100164, std: 0.05920073193737503
Accuracy Intime: [0.32142857142857145, 0.35714285714285715, 0.25, 0.23076923076923078, 0.11538461538461539, 0.5, 0.25, 0.35714285714285715, 0.3076923076923077, 0.4230769230769231, 0.35714285714285715, 0.2857142857142857, 0.32142857142857145, 0.2692307692307692, 0.23076923076923078]
 mean: 0.3051282051282051, std: 0.08769126723396697
F1 (Intime): [0.3125, 0.34545454545454546, 0.24083269671504967, 0.22113095238095237, 0.11071428571428571, 0.49801587301587297, 0.23025210084033612, 0.361055611055611, 0.3186868686868687, 0.3744047619047619, 0.3335084033613446, 0.2842948717948718, 0.30949883449883453, 0.265967365967366, 0.20198412698412696]
 mean: 0.29388675322498853, std: 0.0868428086604709
--------------------------------------------------
Subject Number: 9
Accuracy Cross: [0.4411764705882353, 0.4411764705882353, 0.36764705882352944, 0.39705882352941174, 0.38235294117647056, 0.35294117647058826, 0.25, 0.3382352941176471, 0.35294117647058826, 0.3088235294117647, 0.25, 0.36764705882352944, 0.29411764705882354, 0.38235294117647056, 0.3382352941176471]
 mean: 0.35098039215686266, std: 0.05577044177775643
F1 Score: [0.46370691343517423, 0.4540376224876618, 0.3673034694773825, 0.40773809523809523, 0.41331496247654786, 0.3828355232044085, 0.2538535010868849, 0.36420315206393306, 0.3753389467675182, 0.31915204678362574, 0.2517857142857143, 0.35540950455005055, 0.31211180124223603, 0.384899414311179, 0.3440988835725678]
 mean: 0.36331930339886537, std: 0.05956242604506034
Accuracy Intime: [0.6071428571428571, 0.42857142857142855, 0.4642857142857143, 0.23076923076923078, 0.34615384615384615, 0.5357142857142857, 0.5357142857142857, 0.5, 0.5, 0.3076923076923077, 0.42857142857142855, 0.4642857142857143, 0.42857142857142855, 0.4230769230769231, 0.34615384615384615]
 mean: 0.43644688644688645, std: 0.09452501431146533
F1 (Intime): [0.6284632034632035, 0.4446428571428571, 0.4586385836385836, 0.15079365079365079, 0.340158371040724, 0.5544602456367163, 0.5100925390399075, 0.5062463851937535, 0.4720619658119658, 0.25966386554621845, 0.41468253968253965, 0.45750915750915755, 0.41233766233766234, 0.406578947368421, 0.2863408521303258]
 mean: 0.42017805508904577, std: 0.11718788021247303
--------------------------------------------------
Subject Number: 10
Accuracy Cross: [0.25, 0.2647058823529412, 0.20588235294117646, 0.3382352941176471, 0.36764705882352944, 0.23529411764705882, 0.19117647058823528, 0.19117647058823528, 0.23529411764705882, 0.25, 0.2753623188405797, 0.2898550724637681, 0.2463768115942029, 0.30434782608695654, 0.2318840579710145]
 mean: 0.2584825234441603, std: 0.04870951003699571
F1 Score: [0.2459612573099415, 0.2700518233252508, 0.19027659766790203, 0.34945533769063175, 0.3497747747747748, 0.20936905284731372, 0.1950753693938773, 0.1734126984126984, 0.2355162855162855, 0.25085978835978834, 0.28048675610595114, 0.2833123024670975, 0.23936666314715094, 0.3091827439293529, 0.1978844169246646]
 mean: 0.2519990578581788, std: 0.053470409239061434
Accuracy Intime: [0.32142857142857145, 0.5357142857142857, 0.35714285714285715, 0.3076923076923077, 0.2692307692307692, 0.32142857142857145, 0.32142857142857145, 0.32142857142857145, 0.3076923076923077, 0.34615384615384615, 0.32142857142857145, 0.39285714285714285, 0.39285714285714285, 0.34615384615384615, 0.3076923076923077]
 mean: 0.3446886446886447, std: 0.05988646917947988
F1 (Intime): [0.289044289044289, 0.5321428571428571, 0.31875, 0.2867395762132604, 0.27900432900432903, 0.28724747474747475, 0.29166666666666663, 0.3264957264957265, 0.29633968972204267, 0.35416666666666663, 0.25738636363636364, 0.387029637029637, 0.3540969899665552, 0.3446886446886447, 0.3137973137973138]
 mean: 0.3279064149881218, std: 0.06412620821465372
--------------------------------------------------
Subject Number: 11
Accuracy Cross: [0.3188405797101449, 0.4057971014492754, 0.2608695652173913, 0.43478260869565216, 0.2608695652173913, 0.36231884057971014, 0.34782608695652173, 0.43478260869565216, 0.37681159420289856, 0.2753623188405797, 0.3333333333333333, 0.2753623188405797, 0.34782608695652173, 0.4492753623188406, 0.3333333333333333]
 mean: 0.34782608695652173, std: 0.061487546190134565
F1 Score: [0.29516758430392487, 0.396055381400209, 0.25763073133762787, 0.4177111504056584, 0.2213235294117647, 0.3476348854397635, 0.31593822082952516, 0.393417486806447, 0.3540698288287625, 0.2315121764630881, 0.2977622377622378, 0.230977130977131, 0.33349780701754383, 0.4296753650201926, 0.3117447636949517]
 mean: 0.3222745519799219, std: 0.066008929546372
Accuracy Intime: [0.32142857142857145, 0.35714285714285715, 0.4642857142857143, 0.32142857142857145, 0.34615384615384615, 0.32142857142857145, 0.25, 0.42857142857142855, 0.42857142857142855, 0.4230769230769231, 0.39285714285714285, 0.35714285714285715, 0.39285714285714285, 0.42857142857142855, 0.6538461538461539]
 mean: 0.39249084249084254, std: 0.08884501929695898
F1 (Intime): [0.29805194805194807, 0.33713549522373054, 0.44749694749694746, 0.26985785953177255, 0.3464035964035964, 0.322754329004329, 0.23846153846153845, 0.390909090909091, 0.4307692307692308, 0.4220959595959596, 0.3745646510352393, 0.36527777777777776, 0.373202614379085, 0.3532728881026095, 0.6526515151515151]
 mean: 0.37486036279295804, std: 0.09277102012558425
--------------------------------------------------
Subject Number: 12
Accuracy Cross: [0.45588235294117646, 0.47058823529411764, 0.27941176470588236, 0.4117647058823529, 0.4117647058823529, 0.42028985507246375, 0.36231884057971014, 0.4057971014492754, 0.37681159420289856, 0.36231884057971014, 0.4264705882352941, 0.4264705882352941, 0.47058823529411764, 0.47058823529411764, 0.4411764705882353]
 mean: 0.4128161409491333, std: 0.04989661541970545
F1 Score: [0.4167474160206719, 0.4916643640047895, 0.2527191508039661, 0.4187742082478924, 0.4061117596001317, 0.41431054026961955, 0.34851197257212296, 0.40586080586080586, 0.3833796890600485, 0.359277950310559, 0.3995600804424334, 0.4269635627530364, 0.46868261455525606, 0.48165634674922597, 0.4566013696448479]
 mean: 0.4087214553930272, std: 0.05759862746677575
Accuracy Intime: [0.4642857142857143, 0.4642857142857143, 0.5, 0.5384615384615384, 0.4230769230769231, 0.39285714285714285, 0.39285714285714285, 0.2857142857142857, 0.5384615384615384, 0.34615384615384615, 0.4642857142857143, 0.4642857142857143, 0.42857142857142855, 0.5384615384615384, 0.5384615384615384]
 mean: 0.452014652014652, std: 0.07305052448537187
F1 (Intime): [0.46090102707749764, 0.4620915032679738, 0.525, 0.5042735042735043, 0.4199404761904762, 0.3913690476190476, 0.39537815126050424, 0.2824786324786325, 0.5857789269553976, 0.36799242424242423, 0.47274947274947277, 0.4368131868131868, 0.42414529914529914, 0.4223057644110275, 0.5348124098124099]
 mean: 0.44573532175312364, std: 0.07231050063153105
--------------------------------------------------
Subject Number: 13
Accuracy Cross: [0.3382352941176471, 0.25, 0.3088235294117647, 0.3235294117647059, 0.27941176470588236, 0.3333333333333333, 0.36231884057971014, 0.2753623188405797, 0.3333333333333333, 0.36231884057971014, 0.23529411764705882, 0.36764705882352944, 0.36764705882352944, 0.2647058823529412, 0.27941176470588236]
 mean: 0.3120915032679738, std: 0.043534965353867174
F1 Score: [0.3447065129991959, 0.2531356522953162, 0.2879015435961619, 0.3388888888888889, 0.302485380116959, 0.31345224823485696, 0.34895689734399415, 0.26807216905901116, 0.32417273129347435, 0.37734398107068917, 0.21853681267474373, 0.34720133667502084, 0.34918074756784434, 0.2192740926157697, 0.27865418894830657]
 mean: 0.3047975455586822, std: 0.04756287520876831
Accuracy Intime: [0.2857142857142857, 0.4642857142857143, 0.2857142857142857, 0.38461538461538464, 0.46153846153846156, 0.4642857142857143, 0.4642857142857143, 0.35714285714285715, 0.23076923076923078, 0.4230769230769231, 0.42857142857142855, 0.2857142857142857, 0.5357142857142857, 0.3076923076923077, 0.34615384615384615]
 mean: 0.3816849816849816, std: 0.08650119359549616
F1 (Intime): [0.24561403508771928, 0.3983709273182957, 0.22700216450216448, 0.3104575163398693, 0.4107142857142857, 0.46577380952380953, 0.44111152005888843, 0.350581983805668, 0.2178362573099415, 0.42183857808857805, 0.4027777777777778, 0.23955392433653305, 0.479004329004329, 0.2846590909090909, 0.32884615384615384]
 mean: 0.34827615690820696, std: 0.08727199883523827
--------------------------------------------------
Subject Number: 14
Accuracy Cross: [0.3088235294117647, 0.35294117647058826, 0.3088235294117647, 0.25, 0.3235294117647059, 0.3235294117647059, 0.36764705882352944, 0.3235294117647059, 0.29411764705882354, 0.29411764705882354, 0.27941176470588236, 0.3088235294117647, 0.3235294117647059, 0.29411764705882354, 0.35294117647058826]
 mean: 0.31372549019607837, std: 0.02924790958858098
F1 Score: [0.3157576633892423, 0.36729344729344726, 0.3141334440753045, 0.20958333333333334, 0.30428627715861756, 0.27166177507792416, 0.3831530214424951, 0.3059761535893727, 0.27976677577741405, 0.2507936507936508, 0.26109105947815625, 0.28971467129361866, 0.32783304414883363, 0.2854260935143288, 0.3425402323225183]
 mean: 0.30060070951255047, std: 0.043331961948758706
Accuracy Intime: [0.5, 0.35714285714285715, 0.2857142857142857, 0.4230769230769231, 0.46153846153846156, 0.5, 0.35714285714285715, 0.42857142857142855, 0.38461538461538464, 0.34615384615384615, 0.32142857142857145, 0.39285714285714285, 0.42857142857142855, 0.4230769230769231, 0.38461538461538464]
 mean: 0.3996336996336997, std: 0.05933783288163043
F1 (Intime): [0.48950477626948213, 0.3455316742081448, 0.24021739130434783, 0.41815476190476186, 0.41974399869136714, 0.4630036630036629, 0.3248792270531401, 0.41310160427807485, 0.41382575757575757, 0.35410830999066295, 0.3537304800462695, 0.34924242424242424, 0.3952380952380952, 0.42553688141923435, 0.37913410978426454]
 mean: 0.38566354366731276, std: 0.0589087616513329
--------------------------------------------------
Subject Number: 15
Accuracy Cross: [0.4264705882352941, 0.4264705882352941, 0.4411764705882353, 0.38235294117647056, 0.38235294117647056, 0.5, 0.4264705882352941, 0.39705882352941174, 0.5882352941176471, 0.45588235294117646, 0.35294117647058826, 0.39705882352941174, 0.4117647058823529, 0.4264705882352941, 0.47058823529411764]
 mean: 0.4323529411764706, std: 0.054971944191671326
F1 Score: [0.45417490118577075, 0.43098484848484847, 0.46216006216006217, 0.41233766233766234, 0.4118857493857494, 0.49401260504201683, 0.4390131578947368, 0.3965450310559006, 0.5865976841586598, 0.4652283120606102, 0.34149572649572646, 0.3882962275819419, 0.39606643356643356, 0.420823119913717, 0.4791490910745569]
 mean: 0.43858470749322626, std: 0.05503925391561112
Accuracy Intime: [0.7142857142857143, 0.5357142857142857, 0.5357142857142857, 0.6153846153846154, 0.38461538461538464, 0.42857142857142855, 0.21428571428571427, 0.39285714285714285, 0.5, 0.46153846153846156, 0.5, 0.5, 0.42857142857142855, 0.6153846153846154, 0.4230769230769231]
 mean: 0.48333333333333334, std: 0.1140047735040238
F1 (Intime): [0.7238095238095239, 0.5311965811965812, 0.5353535353535354, 0.6263772175536881, 0.36901709401709404, 0.4324786324786325, 0.2146520146520146, 0.38667929292929293, 0.528359250398724, 0.4675595238095238, 0.5059523809523809, 0.5018977732793523, 0.4444444444444444, 0.5986652236652237, 0.4464285714285714]
 mean: 0.4875247373312389, std: 0.11533084024783441
--------------------------------------------------
Subject Number: 16
Accuracy Cross: [0.4117647058823529, 0.5, 0.47058823529411764, 0.4411764705882353, 0.4852941176470588, 0.39705882352941174, 0.39705882352941174, 0.3235294117647059, 0.38235294117647056, 0.35294117647058826, 0.4852941176470588, 0.4852941176470588, 0.4117647058823529, 0.38235294117647056, 0.35294117647058826]
 mean: 0.4186274509803922, std: 0.054462527107180976
F1 Score: [0.40003278903534656, 0.46819635962493106, 0.4412663872770256, 0.42303992303992305, 0.46400824480735686, 0.35993771840159744, 0.39440177504693635, 0.29224537037037035, 0.3560626776377392, 0.33604871718079266, 0.41734143049932515, 0.4607844857844858, 0.3696962888065011, 0.3571486928104576, 0.3193637138649926]
 mean: 0.3906383049458521, std: 0.053032576978657806
Accuracy Intime: [0.5714285714285714, 0.42857142857142855, 0.6428571428571429, 0.6153846153846154, 0.5769230769230769, 0.39285714285714285, 0.2857142857142857, 0.5357142857142857, 0.46153846153846156, 0.2692307692307692, 0.5714285714285714, 0.42857142857142855, 0.5, 0.46153846153846156, 0.46153846153846156]
 mean: 0.48021978021978023, std: 0.10662833157691168
F1 (Intime): [0.5396825396825398, 0.3964646464646465, 0.6178571428571428, 0.6041666666666666, 0.5888888888888889, 0.3625, 0.2761960261960262, 0.5305361305361306, 0.39444444444444443, 0.25684523809523807, 0.5343653250773994, 0.4035072362278245, 0.49597069597069593, 0.4558913308913309, 0.4511904761904762]
 mean: 0.46056711921263, std: 0.10851770157982824
--------------------------------------------------
Subject Number: 17
Accuracy Cross: [0.2898550724637681, 0.463768115942029, 0.30434782608695654, 0.3333333333333333, 0.3333333333333333, 0.2898550724637681, 0.2898550724637681, 0.463768115942029, 0.3188405797101449, 0.42028985507246375, 0.39705882352941174, 0.35294117647058826, 0.3235294117647059, 0.39705882352941174, 0.3235294117647059]
 mean: 0.3534242682580278, std: 0.05828268537735742
F1 Score: [0.28115079365079365, 0.44206800785748157, 0.25877192982456143, 0.2860025313032831, 0.3314233005366726, 0.26472868217054263, 0.2578184591914569, 0.40133641313314633, 0.24528508771929824, 0.34355787222667733, 0.3758067329495901, 0.3342670401493931, 0.29488636363636367, 0.38882568054934674, 0.29560406698564595]
 mean: 0.32010219745895024, std: 0.057965527442498936
Accuracy Intime: [0.32142857142857145, 0.35714285714285715, 0.35714285714285715, 0.23076923076923078, 0.4230769230769231, 0.42857142857142855, 0.35714285714285715, 0.5357142857142857, 0.5, 0.5384615384615384, 0.2857142857142857, 0.6428571428571429, 0.35714285714285715, 0.4642857142857143, 0.4230769230769231]
 mean: 0.41483516483516486, std: 0.10472283397560889
F1 (Intime): [0.3352725705666882, 0.3484162895927602, 0.30874125874125874, 0.15416666666666667, 0.3724747474747475, 0.3859004127966976, 0.353030303030303, 0.4914529914529915, 0.37985248447204967, 0.4842105263157895, 0.28055555555555556, 0.6603174603174604, 0.34240196078431373, 0.45098039215686275, 0.40714285714285714]
 mean: 0.38366109847113355, std: 0.10912732467016588
--------------------------------------------------
Subject Number: 18
Accuracy Cross: [0.2898550724637681, 0.34782608695652173, 0.4057971014492754, 0.3188405797101449, 0.2898550724637681, 0.29411764705882354, 0.39705882352941174, 0.22058823529411764, 0.3382352941176471, 0.3088235294117647, 0.36764705882352944, 0.3088235294117647, 0.4117647058823529, 0.36764705882352944, 0.36764705882352944]
 mean: 0.3356351236146633, std: 0.05072267948584486
F1 Score: [0.28451797385620914, 0.3574963343108504, 0.4168149796069707, 0.32200660803201636, 0.2955661486221758, 0.29900505828167, 0.39519109267339003, 0.22604679802955666, 0.3573482968644259, 0.29765154765154767, 0.3658747062279671, 0.3117204301075269, 0.4245990285888418, 0.361577964519141, 0.39601856301814253]
 mean: 0.3407623686926955, std: 0.05392004967217432
Accuracy Intime: [0.42857142857142855, 0.5714285714285714, 0.5, 0.3076923076923077, 0.2692307692307692, 0.35714285714285715, 0.35714285714285715, 0.25, 0.34615384615384615, 0.23076923076923078, 0.5, 0.6071428571428571, 0.5357142857142857, 0.2692307692307692, 0.2692307692307692]
 mean: 0.38663003663003664, std: 0.12285050252793778
F1 (Intime): [0.41025641025641024, 0.5748397435897437, 0.5043040293040293, 0.3053571428571429, 0.2634615384615384, 0.3130952380952381, 0.3527472527472527, 0.24262820512820513, 0.36081871345029237, 0.20757575757575758, 0.4997564935064935, 0.6150793650793651, 0.5285714285714286, 0.2661401098901099, 0.22647058823529415]
 mean: 0.3780734677832201, std: 0.13059538644399094
--------------------------------------------------
Subject Number: 19
Accuracy Cross: [0.14705882352941177, 0.27941176470588236, 0.22058823529411764, 0.3235294117647059, 0.22058823529411764, 0.3235294117647059, 0.36764705882352944, 0.36764705882352944, 0.39705882352941174, 0.3382352941176471, 0.3382352941176471, 0.3088235294117647, 0.36764705882352944, 0.3235294117647059, 0.3088235294117647]
 mean: 0.30882352941176466, std: 0.06488389061872274
F1 Score: [0.14577089577089578, 0.26320975580843997, 0.20498906995230526, 0.2876468769325912, 0.16311701924909472, 0.29428418803418804, 0.35086088085488865, 0.3830409356725146, 0.38476251880507195, 0.28100009192021325, 0.36183574879227054, 0.30512125902992776, 0.3353800228800229, 0.3280961388672527, 0.28443064182194616]
 mean: 0.29156973629277494, std: 0.07079789744764275
Accuracy Intime: [0.5714285714285714, 0.42857142857142855, 0.39285714285714285, 0.46153846153846156, 0.34615384615384615, 0.5, 0.32142857142857145, 0.4642857142857143, 0.4230769230769231, 0.34615384615384615, 0.42857142857142855, 0.42857142857142855, 0.35714285714285715, 0.5384615384615384, 0.5]
 mean: 0.4338827838827839, std: 0.07122729224980583
F1 (Intime): [0.5533355533355533, 0.4399222488038278, 0.37857142857142856, 0.375, 0.34816919191919193, 0.45046791443850265, 0.32051282051282054, 0.4696969696969697, 0.4083333333333333, 0.3408119658119658, 0.40723039215686274, 0.44395604395604393, 0.2767379679144385, 0.4363636363636364, 0.4897058823529412]
 mean: 0.4092543566111677, std: 0.06900942219530991
--------------------------------------------------
Subject Number: 20
Accuracy Cross: [0.4117647058823529, 0.5, 0.47058823529411764, 0.5, 0.4264705882352941, 0.3382352941176471, 0.3088235294117647, 0.3088235294117647, 0.3088235294117647, 0.4117647058823529, 0.4057971014492754, 0.43478260869565216, 0.34782608695652173, 0.463768115942029, 0.34782608695652173]
 mean: 0.3990196078431372, std: 0.06605763070151936
F1 Score: [0.4102633766549746, 0.5197916666666667, 0.48612179487179485, 0.48657289002557547, 0.42626436781609195, 0.313030303030303, 0.3006197106197106, 0.32013157894736843, 0.33658988070752777, 0.4030725022104332, 0.37278860569715144, 0.4323152003276227, 0.3632071581725219, 0.4656719138984585, 0.3124846475067551]
 mean: 0.3965950398101972, std: 0.06968630697540766
Accuracy Intime: [0.2857142857142857, 0.5, 0.5, 0.38461538461538464, 0.34615384615384615, 0.5714285714285714, 0.42857142857142855, 0.6071428571428571, 0.38461538461538464, 0.5, 0.6071428571428571, 0.5714285714285714, 0.5357142857142857, 0.2692307692307692, 0.34615384615384615]
 mean: 0.4558608058608058, std: 0.11059056370108312
F1 (Intime): [0.29258976317799845, 0.5227855477855478, 0.5111111111111111, 0.3590510366826156, 0.3375, 0.5682773109243697, 0.40540831717302306, 0.5993006993006993, 0.3845029239766082, 0.5102941176470588, 0.6218781218781219, 0.5878739316239316, 0.5428995840760547, 0.3357142857142857, 0.29523809523809524]
 mean: 0.45829498975396804, std: 0.11375240617670777
--------------------------------------------------
Subject Number: 21
Accuracy Cross: [0.4264705882352941, 0.29411764705882354, 0.3382352941176471, 0.4264705882352941, 0.3235294117647059, 0.3088235294117647, 0.3088235294117647, 0.20588235294117646, 0.36764705882352944, 0.45588235294117646, 0.3088235294117647, 0.3235294117647059, 0.38235294117647056, 0.5, 0.29411764705882354]
 mean: 0.3509803921568627, std: 0.07320844981409595
F1 Score: [0.40184294871794873, 0.2657821844142599, 0.29051976204880015, 0.3847859143657463, 0.30830605564648117, 0.32374800049218655, 0.273334407908876, 0.18195573622402889, 0.3437022397891963, 0.4135023041474654, 0.29745636362138694, 0.3122595433916189, 0.35512955182072825, 0.4851613125010743, 0.2434090909090909]
 mean: 0.32539302773325923, std: 0.07298569675111562
Accuracy Intime: [0.5, 0.25, 0.5357142857142857, 0.3076923076923077, 0.46153846153846156, 0.35714285714285715, 0.5, 0.32142857142857145, 0.5, 0.34615384615384615, 0.35714285714285715, 0.32142857142857145, 0.39285714285714285, 0.3076923076923077, 0.2692307692307692]
 mean: 0.3818681318681318, std: 0.0905121460195479
F1 (Intime): [0.41764705882352937, 0.2185897435897436, 0.5224747474747475, 0.19240196078431374, 0.41879370629370627, 0.3336385836385836, 0.509313725490196, 0.315018315018315, 0.4668831168831168, 0.2865818392134182, 0.3233918128654971, 0.3111989459815547, 0.3873144399460189, 0.24901315789473683, 0.19934640522875818]
 mean: 0.3434405039417491, std: 0.10378605107456555
--------------------------------------------------
Subject Number: 22
Accuracy Cross: [0.36764705882352944, 0.3235294117647059, 0.3382352941176471, 0.38235294117647056, 0.29411764705882354, 0.2608695652173913, 0.3188405797101449, 0.37681159420289856, 0.2028985507246377, 0.2318840579710145, 0.29411764705882354, 0.3235294117647059, 0.3088235294117647, 0.3088235294117647, 0.3382352941176471]
 mean: 0.31138107416879796, std: 0.04866614599947197
F1 Score: [0.351502664002664, 0.3457781919850885, 0.3251982085000953, 0.3919494613168309, 0.3053996257685111, 0.23333333333333334, 0.30829882677708764, 0.35504891684136963, 0.18344155844155846, 0.22039829586999396, 0.2922874227222053, 0.29576845031894977, 0.3199192699192699, 0.3265019216476593, 0.3606935944512444]
 mean: 0.30770131612639073, std: 0.054956682071309194
Accuracy Intime: [0.21428571428571427, 0.5, 0.5714285714285714, 0.5, 0.2692307692307692, 0.2857142857142857, 0.6071428571428571, 0.39285714285714285, 0.4230769230769231, 0.46153846153846156, 0.42857142857142855, 0.42857142857142855, 0.2857142857142857, 0.5, 0.38461538461538464]
 mean: 0.41684981684981687, std: 0.11014835346033279
F1 (Intime): [0.18382352941176472, 0.5013736263736264, 0.5578947368421052, 0.4303571428571428, 0.2380952380952381, 0.2933006535947712, 0.6050538277511961, 0.39934640522875814, 0.4027777777777778, 0.4509803921568627, 0.4112179487179487, 0.402519118308592, 0.30031537090360616, 0.5082417582417582, 0.3348788638262322]
 mean: 0.401345092672492, std: 0.11287527513413143
--------------------------------------------------
Subject Number: 23
Accuracy Cross: [0.2898550724637681, 0.4057971014492754, 0.34782608695652173, 0.4782608695652174, 0.42028985507246375, 0.4411764705882353, 0.45588235294117646, 0.4264705882352941, 0.4411764705882353, 0.3382352941176471, 0.43478260869565216, 0.37681159420289856, 0.34782608695652173, 0.4492753623188406, 0.30434782608695654]
 mean: 0.39720090934924696, std: 0.05679378349217825
F1 Score: [0.2792549555707451, 0.4080995475113122, 0.3283204384268214, 0.4751229481746015, 0.43896389324960755, 0.4362597547380156, 0.47165443252399775, 0.43882578787394017, 0.43168091168091166, 0.3504279131007242, 0.4280330135684038, 0.36921804249390455, 0.3163082437275985, 0.4664772727272727, 0.30144911998570534]
 mean: 0.3960064183569042, std: 0.06376633057494445
Accuracy Intime: [0.42857142857142855, 0.5357142857142857, 0.35714285714285715, 0.2692307692307692, 0.34615384615384615, 0.4642857142857143, 0.6428571428571429, 0.42857142857142855, 0.21428571428571427, 0.23076923076923078, 0.5, 0.5, 0.6428571428571429, 0.6153846153846154, 0.34615384615384615]
 mean: 0.43479853479853486, std: 0.1361945450390898
F1 (Intime): [0.41829004329004327, 0.5370879120879121, 0.3280219780219781, 0.2708333333333333, 0.3375, 0.4885964912280702, 0.6141025641025641, 0.4285714285714285, 0.18920377867746288, 0.22677322677322678, 0.5025210084033613, 0.5146183473389355, 0.654598033545402, 0.59055330634278, 0.3472013366750209]
 mean: 0.42989818589276807, std: 0.1385651926923209
--------------------------------------------------
Subject Number: 24
Accuracy Cross: [0.35294117647058826, 0.23529411764705882, 0.35294117647058826, 0.22058823529411764, 0.2647058823529412, 0.23529411764705882, 0.3382352941176471, 0.36764705882352944, 0.4117647058823529, 0.23529411764705882, 0.25, 0.20588235294117646, 0.27941176470588236, 0.25, 0.23529411764705882]
 mean: 0.2823529411764706, std: 0.06220663560476591
F1 Score: [0.34388006973048857, 0.23401021989731668, 0.3419168391994479, 0.2249709639953542, 0.2653872359754713, 0.2206626487114292, 0.33886328725038406, 0.36317832625040863, 0.4100877192982456, 0.23568503568503568, 0.25989653621232567, 0.2023690078037904, 0.2776806526806527, 0.24988360228634826, 0.24353093578434398]
 mean: 0.2808002053840696, std: 0.06040182288368039
Accuracy Intime: [0.39285714285714285, 0.25, 0.39285714285714285, 0.38461538461538464, 0.4230769230769231, 0.6428571428571429, 0.2857142857142857, 0.4642857142857143, 0.5769230769230769, 0.3076923076923077, 0.2857142857142857, 0.17857142857142858, 0.35714285714285715, 0.5384615384615384, 0.2692307692307692]
 mean: 0.38333333333333325, std: 0.12527338645044292
F1 (Intime): [0.38834907782276207, 0.22767857142857142, 0.3873376623376623, 0.3652146464646465, 0.4170995670995671, 0.6298076923076923, 0.28717948717948716, 0.44940476190476186, 0.5311570782159017, 0.29048174048174047, 0.2725885225885226, 0.16458333333333333, 0.3396825396825397, 0.5189393939393939, 0.2719548425430778]
 mean: 0.36943059448864396, std: 0.12124030489122108
--------------------------------------------------
Subject Number: 25
Accuracy Cross: [0.36231884057971014, 0.30434782608695654, 0.3333333333333333, 0.34782608695652173, 0.2898550724637681, 0.4411764705882353, 0.4117647058823529, 0.3382352941176471, 0.3382352941176471, 0.29411764705882354, 0.39705882352941174, 0.38235294117647056, 0.38235294117647056, 0.36764705882352944, 0.35294117647058826]
 mean: 0.3562375674907644, std: 0.04139878534432701
F1 Score: [0.32977684565620247, 0.25976890756302523, 0.30351921470342524, 0.3105979146301727, 0.25020691011960083, 0.4321981398018265, 0.40795454545454546, 0.31910136057826366, 0.30706652546452295, 0.2884639498432602, 0.4016305916305916, 0.3691316526610644, 0.37816874619598295, 0.3171569582440418, 0.3165330848089469]
 mean: 0.33275168982369824, std: 0.0519509934563972
Accuracy Intime: [0.4642857142857143, 0.42857142857142855, 0.42857142857142855, 0.34615384615384615, 0.34615384615384615, 0.42857142857142855, 0.5, 0.2857142857142857, 0.7307692307692307, 0.5, 0.42857142857142855, 0.4642857142857143, 0.42857142857142855, 0.5769230769230769, 0.4230769230769231]
 mean: 0.452014652014652, std: 0.10062031704070146
F1 (Intime): [0.4244588744588744, 0.42027972027972027, 0.41388888888888886, 0.23722222222222222, 0.3686507936507937, 0.40753968253968254, 0.501082251082251, 0.30818713450292395, 0.6033834586466166, 0.3921670117322291, 0.39664502164502163, 0.3939393939393939, 0.40917634996582364, 0.5411421911421911, 0.3555555555555555]
 mean: 0.41155457001681245, std: 0.08518138986588451
--------------------------------------------------
Subject Number: 26
Accuracy Cross: [0.30434782608695654, 0.463768115942029, 0.4782608695652174, 0.4492753623188406, 0.37681159420289856, 0.35294117647058826, 0.4264705882352941, 0.39705882352941174, 0.4117647058823529, 0.38235294117647056, 0.5294117647058824, 0.4411764705882353, 0.38235294117647056, 0.5147058823529411, 0.4117647058823529]
 mean: 0.42149758454106284, std: 0.05819388369996684
F1 Score: [0.30358876340811936, 0.46276141308503177, 0.489005439005439, 0.4656317072283459, 0.39144609870416325, 0.356024531024531, 0.43820512820512825, 0.3919389978213508, 0.42313731527093595, 0.3728576469860627, 0.5564708873633358, 0.4592869875222817, 0.3758712905452035, 0.5427083333333333, 0.43611166766846987]
 mean: 0.43100308047811553, std: 0.06638243346976098
Accuracy Intime: [0.39285714285714285, 0.39285714285714285, 0.5357142857142857, 0.3076923076923077, 0.2692307692307692, 0.5357142857142857, 0.5, 0.4642857142857143, 0.5384615384615384, 0.23076923076923078, 0.5357142857142857, 0.4642857142857143, 0.2857142857142857, 0.5769230769230769, 0.38461538461538464]
 mean: 0.42765567765567764, std: 0.10959973846430165
F1 (Intime): [0.39692982456140347, 0.3995726495726496, 0.5432345432345432, 0.30116959064327486, 0.26248751248751245, 0.5606227106227106, 0.5229166666666667, 0.467442645074224, 0.5548611111111111, 0.2130952380952381, 0.5423260949576739, 0.4901785714285714, 0.28240778829014124, 0.5895833333333332, 0.38431372549019605]
 mean: 0.4340761337046166, std: 0.11959985499666755
--------------------------------------------------
Subject Number: 27
Accuracy Cross: [0.2898550724637681, 0.463768115942029, 0.30434782608695654, 0.3333333333333333, 0.3333333333333333, 0.2898550724637681, 0.2898550724637681, 0.463768115942029, 0.3188405797101449, 0.42028985507246375, 0.39705882352941174, 0.35294117647058826, 0.3235294117647059, 0.39705882352941174, 0.3235294117647059]
 mean: 0.3534242682580278, std: 0.05828268537735742
F1 Score: [0.28115079365079365, 0.44206800785748157, 0.25877192982456143, 0.2860025313032831, 0.3314233005366726, 0.26472868217054263, 0.2578184591914569, 0.40133641313314633, 0.24528508771929824, 0.34355787222667733, 0.3758067329495901, 0.3342670401493931, 0.29488636363636367, 0.38882568054934674, 0.29560406698564595]
 mean: 0.32010219745895024, std: 0.057965527442498936
Accuracy Intime: [0.32142857142857145, 0.35714285714285715, 0.35714285714285715, 0.23076923076923078, 0.4230769230769231, 0.42857142857142855, 0.35714285714285715, 0.5357142857142857, 0.5, 0.5384615384615384, 0.2857142857142857, 0.6428571428571429, 0.35714285714285715, 0.4642857142857143, 0.4230769230769231]
 mean: 0.41483516483516486, std: 0.10472283397560889
F1 (Intime): [0.3352725705666882, 0.3484162895927602, 0.30874125874125874, 0.15416666666666667, 0.3724747474747475, 0.3859004127966976, 0.353030303030303, 0.4914529914529915, 0.37985248447204967, 0.4842105263157895, 0.28055555555555556, 0.6603174603174604, 0.34240196078431373, 0.45098039215686275, 0.40714285714285714]
 mean: 0.38366109847113355, std: 0.10912732467016588
--------------------------------------------------
Subject Number: 28
Accuracy Cross: [0.3382352941176471, 0.3088235294117647, 0.3088235294117647, 0.20588235294117646, 0.20588235294117646, 0.19117647058823528, 0.35294117647058826, 0.29411764705882354, 0.25, 0.17647058823529413, 0.29411764705882354, 0.3088235294117647, 0.45588235294117646, 0.3088235294117647, 0.25]
 mean: 0.2833333333333333, std: 0.07052011964060566
F1 Score: [0.34429170549860205, 0.26590211681489573, 0.2728069453587887, 0.18429979518689196, 0.21699590532308, 0.10675381263616558, 0.32673160173160176, 0.23732466655526266, 0.20901525932953827, 0.09258384506376949, 0.2740530303030303, 0.25133053221288515, 0.44818839845096414, 0.290436507936508, 0.23117664270343743]
 mean: 0.25012605100702806, std: 0.08561361505556979
Accuracy Intime: [0.4642857142857143, 0.35714285714285715, 0.5357142857142857, 0.5384615384615384, 0.38461538461538464, 0.4642857142857143, 0.5714285714285714, 0.35714285714285715, 0.5, 0.34615384615384615, 0.35714285714285715, 0.32142857142857145, 0.4642857142857143, 0.38461538461538464, 0.38461538461538464]
 mean: 0.4287545787545788, std: 0.07842892034638715
F1 (Intime): [0.46263736263736266, 0.3653846153846154, 0.4988795518207283, 0.43125, 0.34122474747474746, 0.4606227106227106, 0.5764705882352941, 0.3503623188405797, 0.45896464646464646, 0.3109649122807017, 0.33958333333333335, 0.275, 0.4757326007326007, 0.3833333333333333, 0.3472222222222222]
 mean: 0.40517552955885844, std: 0.07986946032478588
--------------------------------------------------
Subject Number: 29
Accuracy Cross: [0.4411764705882353, 0.4117647058823529, 0.4852941176470588, 0.47058823529411764, 0.4411764705882353, 0.4117647058823529, 0.4411764705882353, 0.4411764705882353, 0.5294117647058824, 0.5147058823529411, 0.4927536231884058, 0.42028985507246375, 0.43478260869565216, 0.5362318840579711, 0.4782608695652174]
 mean: 0.4633702756464905, std: 0.039910907777796045
F1 Score: [0.45246061409854516, 0.434331797235023, 0.5034408602150537, 0.5022298960069858, 0.4699173823887782, 0.4409181240063593, 0.459696802700989, 0.45946652227140033, 0.5473731441473377, 0.5468613607188704, 0.5041576772589316, 0.4411597972522342, 0.4471264870275127, 0.5548423121593854, 0.5039567183462532]
 mean: 0.48452929972224396, std: 0.040332388018666815
Accuracy Intime: [0.39285714285714285, 0.5, 0.6071428571428571, 0.5384615384615384, 0.46153846153846156, 0.39285714285714285, 0.4642857142857143, 0.42857142857142855, 0.5, 0.46153846153846156, 0.5357142857142857, 0.4642857142857143, 0.39285714285714285, 0.5, 0.6153846153846154]
 mean: 0.4836996336996337, std: 0.06763277752813807
F1 (Intime): [0.39491758241758246, 0.4847402597402598, 0.6303418803418803, 0.5678396358543417, 0.4585099111414901, 0.41574675324675325, 0.47660256410256413, 0.45694444444444443, 0.5363408521303258, 0.4552968960863698, 0.5558823529411765, 0.45416666666666666, 0.39537815126050424, 0.5159090909090909, 0.6166666666666666]
 mean: 0.4943522471966745, std: 0.07162946123142819
--------------------------------------------------
**************************************************
accuracy_cross_list: [0.3573032111395283, 0.2923131571469168, 0.2804916169366297, 0.45120772946859894, 0.4509803921568628, 0.3796248934356351, 0.4323529411764707, 0.28823529411764703, 0.35098039215686266, 0.2584825234441603, 0.34782608695652173, 0.4128161409491333, 0.3120915032679738, 0.31372549019607837, 0.4323529411764706, 0.4186274509803922, 0.3534242682580278, 0.3356351236146633, 0.30882352941176466, 0.3990196078431372, 0.3509803921568627, 0.31138107416879796, 0.39720090934924696, 0.2823529411764706, 0.3562375674907644, 0.42149758454106284, 0.3534242682580278, 0.2833333333333333, 0.4633702756464905]
f1_score_list: [0.3664747514864449, 0.2930275100358592, 0.2665800285657088, 0.4549137395538792, 0.44244038787116347, 0.37486278414765006, 0.419033918154982, 0.2917956341100164, 0.36331930339886537, 0.2519990578581788, 0.3222745519799219, 0.4087214553930272, 0.3047975455586822, 0.30060070951255047, 0.43858470749322626, 0.3906383049458521, 0.32010219745895024, 0.3407623686926955, 0.29156973629277494, 0.3965950398101972, 0.32539302773325923, 0.30770131612639073, 0.3960064183569042, 0.2808002053840696, 0.33275168982369824, 0.43100308047811553, 0.32010219745895024, 0.25012605100702806, 0.48452929972224396]
accuracy_intime_list: [0.41336996336996346, 0.31886446886446884, 0.36428571428571427, 0.47472527472527476, 0.5538461538461539, 0.369047619047619, 0.44010989010989016, 0.3051282051282051, 0.43644688644688645, 0.3446886446886447, 0.39249084249084254, 0.452014652014652, 0.3816849816849816, 0.3996336996336997, 0.48333333333333334, 0.48021978021978023, 0.41483516483516486, 0.38663003663003664, 0.4338827838827839, 0.4558608058608058, 0.3818681318681318, 0.41684981684981687, 0.43479853479853486, 0.38333333333333325, 0.452014652014652, 0.42765567765567764, 0.41483516483516486, 0.4287545787545788, 0.4836996336996337]
f1_score_intime_list: [0.41881077814514345, 0.3017743256055949, 0.3482093847844622, 0.476179386488984, 0.547316719228484, 0.34592408609049474, 0.4008076283993299, 0.29388675322498853, 0.42017805508904577, 0.3279064149881218, 0.37486036279295804, 0.44573532175312364, 0.34827615690820696, 0.38566354366731276, 0.4875247373312389, 0.46056711921263, 0.38366109847113355, 0.3780734677832201, 0.4092543566111677, 0.45829498975396804, 0.3434405039417491, 0.401345092672492, 0.42989818589276807, 0.36943059448864396, 0.41155457001681245, 0.4340761337046166, 0.38366109847113355, 0.40517552955885844, 0.4943522471966745]
**************************************************
ACC: 35.85±5.86
F1: 35.06±6.39
Intime: 41.81±5.20
F1 (Intime): 40.30±5.77
