1e-06
Subject Number: 1
Accuracy Cross: [0.7619047619047619, 0.6547619047619048, 0.6666666666666666, 0.6428571428571429, 0.6547619047619048, 0.75, 0.7380952380952381, 0.7976190476190477, 0.7619047619047619, 0.75, 0.7261904761904762, 0.7142857142857143, 0.6904761904761905, 0.6785714285714286, 0.6785714285714286]
 mean: 0.711111111111111, std: 0.046304609986713714
F1 Score: [0.7584818861414606, 0.6361463778939507, 0.6636155606407322, 0.6426545660805445, 0.650752688172043, 0.7393231860499483, 0.7223557692307692, 0.7973605789697744, 0.7606837606837606, 0.7482517482517483, 0.7079365079365079, 0.6888888888888889, 0.6788235294117647, 0.6525203002910984, 0.6415362731152205]
 mean: 0.6992887747838807, std: 0.05057706675383932
Accuracy Intime: [0.8235294117647058, 0.8529411764705882, 0.7647058823529411, 0.7352941176470589, 0.8125, 0.7058823529411765, 0.7058823529411765, 0.7647058823529411, 0.7058823529411765, 0.90625, 0.8235294117647058, 0.7647058823529411, 0.7941176470588235, 0.7647058823529411, 0.875]
 mean: 0.7866421568627452, std: 0.06004576821929877
F1 (Intime): [0.8235294117647058, 0.8528138528138528, 0.7614035087719297, 0.7294429708222812, 0.8095238095238095, 0.6886446886446886, 0.7058823529411765, 0.7638888888888888, 0.6964285714285714, 0.9054187192118226, 0.8235294117647058, 0.7509157509157509, 0.7925021795989537, 0.7614035087719297, 0.875]
 mean: 0.7826885083908711, std: 0.0632151912858657
--------------------------------------------------
Subject Number: 2
Accuracy Cross: [0.6071428571428571, 0.5833333333333334, 0.7857142857142857, 0.7023809523809523, 0.6428571428571429, 0.6190476190476191, 0.6785714285714286, 0.6309523809523809, 0.5357142857142857, 0.6190476190476191, 0.7380952380952381, 0.7857142857142857, 0.7619047619047619, 0.8333333333333334, 0.8214285714285714]
 mean: 0.6896825396825397, std: 0.0900854833248426
F1 Score: [0.561877667140825, 0.5072900955253896, 0.78125, 0.6896704595832718, 0.6294117647058823, 0.5543766578249337, 0.6415362731152205, 0.5727645611156686, 0.408130081300813, 0.5633528265107213, 0.71880706025563, 0.7795918367346939, 0.750445632798574, 0.8298611111111112, 0.8193548387096774]
 mean: 0.6538480577621608, std: 0.12137329620641633
Accuracy Intime: [0.6764705882352942, 0.6764705882352942, 0.8235294117647058, 0.7352941176470589, 0.75, 0.6470588235294118, 0.6764705882352942, 0.6470588235294118, 0.7058823529411765, 0.71875, 0.6764705882352942, 0.7352941176470589, 0.7941176470588235, 0.9117647058823529, 0.75]
 mean: 0.7283088235294118, std: 0.06958863826479049
F1 (Intime): [0.6621499548328816, 0.652093023255814, 0.8131868131868132, 0.7235772357723578, 0.7408906882591093, 0.6136363636363636, 0.6761904761904762, 0.575, 0.6640316205533596, 0.7046153846153846, 0.652093023255814, 0.7235772357723578, 0.7850045167118338, 0.9098143236074271, 0.7408906882591093]
 mean: 0.7091167565272734, std: 0.08093478568977881
--------------------------------------------------
Subject Number: 3
Accuracy Cross: [0.6666666666666666, 0.6547619047619048, 0.6190476190476191, 0.5595238095238095, 0.5714285714285714, 0.7738095238095238, 0.75, 0.6547619047619048, 0.6785714285714286, 0.7261904761904762, 0.7023809523809523, 0.7023809523809523, 0.7023809523809523, 0.6904761904761905, 0.6547619047619048]
 mean: 0.6738095238095239, std: 0.05714285714285714
F1 Score: [0.6466346153846154, 0.6149834044570887, 0.5633528265107213, 0.4900738310090238, 0.4874576271186441, 0.7730052624093302, 0.7470967741935484, 0.654320987654321, 0.6706838971976187, 0.7261516654854713, 0.6863330843913369, 0.6896704595832718, 0.6989247311827957, 0.6897727272727273, 0.6433904259991217]
 mean: 0.6521234879899757, std: 0.08098998200785752
Accuracy Intime: [0.7647058823529411, 0.7941176470588235, 0.7941176470588235, 0.7058823529411765, 0.6875, 0.6764705882352942, 0.6176470588235294, 0.5294117647058824, 0.6176470588235294, 0.75, 0.7647058823529411, 0.6470588235294118, 0.6764705882352942, 0.5588235294117647, 0.78125]
 mean: 0.6910539215686274, std: 0.08192967939884506
F1 (Intime): [0.7638888888888888, 0.793939393939394, 0.7895667550839964, 0.6964285714285714, 0.6761133603238867, 0.6761904761904762, 0.6091954022988506, 0.5142857142857142, 0.6146469049694856, 0.75, 0.7614035087719297, 0.6458333333333333, 0.6761904761904762, 0.5392953929539295, 0.7757757757757757]
 mean: 0.6855169302956472, std: 0.08574851083585633
--------------------------------------------------
Subject Number: 4
Accuracy Cross: [0.5952380952380952, 0.7023809523809523, 0.5357142857142857, 0.5595238095238095, 0.5714285714285714, 0.5714285714285714, 0.6428571428571429, 0.7619047619047619, 0.75, 0.6785714285714286, 0.5714285714285714, 0.5595238095238095, 0.5714285714285714, 0.5714285714285714, 0.5952380952380952]
 mean: 0.6158730158730158, std: 0.07069286013220111
F1 Score: [0.5800000000000001, 0.7002997002997002, 0.5303225806451612, 0.5579576162708006, 0.5692307692307692, 0.5456730769230769, 0.6111111111111112, 0.7613636363636364, 0.7482517482517483, 0.6748387096774193, 0.4874576271186441, 0.4534904167399332, 0.475, 0.475, 0.5265251989389921]
 mean: 0.5797681461047328, std: 0.0963885399338175
Accuracy Intime: [0.6470588235294118, 0.8823529411764706, 0.6764705882352942, 0.6470588235294118, 0.65625, 0.7058823529411765, 0.7058823529411765, 0.7352941176470589, 0.7647058823529411, 0.75, 0.5588235294117647, 0.5588235294117647, 0.5588235294117647, 0.6470588235294118, 0.65625]
 mean: 0.6767156862745097, std: 0.08394616788316402
F1 (Intime): [0.6357142857142857, 0.8823529411764706, 0.6739319965126417, 0.6357142857142857, 0.6476476476476476, 0.6886446886446886, 0.6964285714285714, 0.7294429708222812, 0.7509157509157509, 0.746031746031746, 0.48328267477203646, 0.48328267477203646, 0.5255813953488373, 0.6458333333333333, 0.6267232237539766]
 mean: 0.6567685457725727, std: 0.10174540608650086
--------------------------------------------------
Subject Number: 5
Accuracy Cross: [0.6904761904761905, 0.6309523809523809, 0.75, 0.6904761904761905, 0.75, 0.6190476190476191, 0.6190476190476191, 0.7023809523809523, 0.6904761904761905, 0.6190476190476191, 0.6190476190476191, 0.5357142857142857, 0.6547619047619048, 0.6190476190476191, 0.7380952380952381]
 mean: 0.6619047619047618, std: 0.05861206488138653
F1 Score: [0.6676810712111991, 0.5727645611156686, 0.7393231860499483, 0.690300623936472, 0.7456380677721701, 0.5714285714285714, 0.5633528265107213, 0.6950776825903877, 0.662962962962963, 0.5714285714285714, 0.5633528265107213, 0.4509803921568627, 0.6361463778939507, 0.5786833855799374, 0.7306122448979592]
 mean: 0.6293155568030735, std: 0.08146869050009242
Accuracy Intime: [0.7352941176470589, 0.5294117647058824, 0.7352941176470589, 0.7058823529411765, 0.75, 0.5588235294117647, 0.6470588235294118, 0.8235294117647058, 0.8823529411764706, 0.625, 0.6176470588235294, 0.5882352941176471, 0.7352941176470589, 0.7352941176470589, 0.78125]
 mean: 0.6966911764705882, std: 0.09633241614446654
F1 (Intime): [0.7235772357723578, 0.5018315018315018, 0.7350649350649351, 0.6886446886446886, 0.7408906882591093, 0.48328267477203646, 0.6263736263736264, 0.8229166666666667, 0.8785714285714286, 0.5844155844155844, 0.5888372093023255, 0.5882352941176471, 0.7153488372093023, 0.7235772357723578, 0.7793103448275862]
 mean: 0.6787251967734103, std: 0.10976985085925507
--------------------------------------------------
Subject Number: 6
Accuracy Cross: [0.5833333333333334, 0.6547619047619048, 0.5238095238095238, 0.5476190476190477, 0.6190476190476191, 0.5476190476190477, 0.5714285714285714, 0.6785714285714286, 0.6071428571428571, 0.7380952380952381, 0.5833333333333334, 0.5833333333333334, 0.6428571428571429, 0.6309523809523809, 0.5357142857142857]
 mean: 0.6031746031746031, std: 0.056789027999994655
F1 Score: [0.5608663181478716, 0.653534347887925, 0.5235394214407261, 0.5465909090909091, 0.6188315371525808, 0.5346938775510204, 0.5552941176470588, 0.6763236763236764, 0.6002883922134102, 0.7356979405034325, 0.578494623655914, 0.5655386434165804, 0.6354166666666667, 0.6296401649836438, 0.5276135544340302]
 mean: 0.5961576127410297, std: 0.05930421965201363
Accuracy Intime: [0.7058823529411765, 0.7058823529411765, 0.4117647058823529, 0.7352941176470589, 0.75, 0.5294117647058824, 0.5588235294117647, 0.6764705882352942, 0.7352941176470589, 0.78125, 0.5294117647058824, 0.4411764705882353, 0.5588235294117647, 0.7352941176470589, 0.625]
 mean: 0.6319852941176471, std: 0.11484131333773116
F1 (Intime): [0.7048611111111112, 0.6964285714285714, 0.4097222222222222, 0.7350649350649351, 0.7490196078431373, 0.5142857142857142, 0.5392953929539295, 0.652093023255814, 0.7294429708222812, 0.7810361681329423, 0.5228070175438597, 0.4288240495137047, 0.5553618134263296, 0.7350649350649351, 0.6235294117647059]
 mean: 0.6251224629622796, std: 0.11741840030516583
--------------------------------------------------
Subject Number: 7
Accuracy Cross: [0.6309523809523809, 0.5119047619047619, 0.6309523809523809, 0.5952380952380952, 0.5476190476190477, 0.5714285714285714, 0.6428571428571429, 0.5357142857142857, 0.5595238095238095, 0.6190476190476191, 0.5833333333333334, 0.5238095238095238, 0.7023809523809523, 0.5476190476190477, 0.5238095238095238]
 mean: 0.5817460317460318, std: 0.052501064789019766
F1 Score: [0.6309000708717222, 0.5033886085075703, 0.6304810557684121, 0.595008508224617, 0.5411155836687751, 0.5398660986001217, 0.6111111111111112, 0.5276135544340302, 0.5450153711023277, 0.5909920876445527, 0.5731087556265427, 0.4951923076923077, 0.701322713696487, 0.5411155836687751, 0.4951923076923077]
 mean: 0.5680949145539774, std: 0.05653957037234353
Accuracy Intime: [0.6764705882352942, 0.5, 0.6176470588235294, 0.6764705882352942, 0.65625, 0.38235294117647056, 0.7647058823529411, 0.5294117647058824, 0.6176470588235294, 0.75, 0.4411764705882353, 0.5294117647058824, 0.5588235294117647, 0.5294117647058824, 0.625]
 mean: 0.5903186274509803, std: 0.10442485304140096
F1 (Intime): [0.6621499548328816, 0.48894783377541995, 0.6091954022988506, 0.6739319965126417, 0.6559139784946236, 0.35501355013550134, 0.7638888888888888, 0.5018315018315018, 0.6091954022988506, 0.7490196078431373, 0.4164408310749774, 0.5142857142857142, 0.5255813953488373, 0.5018315018315018, 0.5844155844155844]
 mean: 0.5741095429245942, std: 0.11257077123492604
--------------------------------------------------
Subject Number: 8
Accuracy Cross: [0.8214285714285714, 0.8214285714285714, 0.8214285714285714, 0.7976190476190477, 0.7738095238095238, 0.8452380952380952, 0.8333333333333334, 0.8095238095238095, 0.8690476190476191, 0.8571428571428571, 0.7380952380952381, 0.6547619047619048, 0.7857142857142857, 0.8809523809523809, 0.7857142857142857]
 mean: 0.8063492063492065, std: 0.05454869929345898
F1 Score: [0.8214032600992204, 0.8214032600992204, 0.8214032600992204, 0.7973605789697744, 0.7730052624093302, 0.8441558441558441, 0.8309373202990225, 0.8077803203661327, 0.8681318681318682, 0.8550891316848763, 0.71880706025563, 0.6080450522928399, 0.7776470588235294, 0.879862700228833, 0.7795918367346939]
 mean: 0.8003082543100022, std: 0.06505684834955715
Accuracy Intime: [0.8235294117647058, 0.9705882352941176, 0.9705882352941176, 0.8235294117647058, 0.90625, 0.8823529411764706, 0.8235294117647058, 0.8529411764705882, 0.7941176470588235, 0.90625, 0.5882352941176471, 0.7352941176470589, 0.8235294117647058, 0.8823529411764706, 0.8125]
 mean: 0.8397058823529413, std: 0.09126290574074727
F1 (Intime): [0.8229166666666667, 0.9705627705627706, 0.9705627705627706, 0.8131868131868132, 0.9054187192118226, 0.8819444444444444, 0.8229166666666667, 0.8496905393457117, 0.793939393939394, 0.906158357771261, 0.5296442687747036, 0.7235772357723578, 0.8131868131868132, 0.8819444444444444, 0.8056680161943319]
 mean: 0.8327545280487315, std: 0.10352832677837061
--------------------------------------------------
Subject Number: 9
Accuracy Cross: [0.8452380952380952, 0.8095238095238095, 0.7261904761904762, 0.7619047619047619, 0.7738095238095238, 0.6309523809523809, 0.7023809523809523, 0.6904761904761905, 0.6666666666666666, 0.7023809523809523, 0.6904761904761905, 0.6904761904761905, 0.6071428571428571, 0.7023809523809523, 0.6309523809523809]
 mean: 0.7087301587301588, std: 0.06401569787325646
F1 Score: [0.8452161587526577, 0.8090909090909091, 0.7214131218457102, 0.7597254004576659, 0.7730052624093302, 0.6110530246452577, 0.6971881759192502, 0.6876430205949657, 0.6597222222222223, 0.6925779534475187, 0.662962962962963, 0.662962962962963, 0.5859596713965647, 0.6782595373065727, 0.5810136765888978]
 mean: 0.6951862707068965, std: 0.07399325125854413
Accuracy Intime: [0.8529411764705882, 0.7647058823529411, 0.7941176470588235, 0.6764705882352942, 0.71875, 0.7941176470588235, 0.7352941176470589, 0.7058823529411765, 0.8823529411764706, 0.875, 0.8529411764705882, 0.7352941176470589, 0.7647058823529411, 0.9117647058823529, 0.90625]
 mean: 0.7980392156862748, std: 0.07456037854020348
F1 (Intime): [0.85178727114211, 0.7571428571428571, 0.7895667550839964, 0.6761904761904762, 0.716256157635468, 0.7895667550839964, 0.7350649350649351, 0.6886446886446886, 0.880701754385965, 0.875, 0.8528138528138528, 0.7294429708222812, 0.7647058823529411, 0.9098143236074271, 0.9054187192118226]
 mean: 0.794807826612188, std: 0.07642587522971597
--------------------------------------------------
Subject Number: 10
Accuracy Cross: [0.5952380952380952, 0.5714285714285714, 0.5119047619047619, 0.6666666666666666, 0.5595238095238095, 0.5833333333333334, 0.6309523809523809, 0.5714285714285714, 0.6309523809523809, 0.6785714285714286, 0.5595238095238095, 0.5714285714285714, 0.6904761904761905, 0.5119047619047619, 0.6547619047619048]
 mean: 0.5992063492063492, std: 0.05492843324761359
F1 Score: [0.5943181818181817, 0.5711854792966535, 0.5118355776045358, 0.6597222222222223, 0.5564435564435564, 0.5804195804195804, 0.6296401649836438, 0.5675057208237986, 0.6304810557684121, 0.6781609195402298, 0.5579576162708006, 0.5625, 0.6888888888888889, 0.5118355776045358, 0.6547129695251594]
 mean: 0.5970405007473466, std: 0.05487294938019793
Accuracy Intime: [0.7941176470588235, 0.6470588235294118, 0.5588235294117647, 0.6176470588235294, 0.46875, 0.8529411764705882, 0.5588235294117647, 0.6764705882352942, 0.6176470588235294, 0.5625, 0.6764705882352942, 0.5882352941176471, 0.6470588235294118, 0.5588235294117647, 0.59375]
 mean: 0.6279411764705883, std: 0.09330753912186349
F1 (Intime): [0.7925021795989537, 0.6357142857142857, 0.5584415584415584, 0.6091954022988506, 0.464039408866995, 0.8528138528138528, 0.5553618134263296, 0.6693191865605659, 0.6173160173160173, 0.5555555555555556, 0.6693191865605659, 0.575, 0.6421052631578947, 0.5255813953488373, 0.5933528836754643]
 mean: 0.6210411992890486, std: 0.09583374160630924
--------------------------------------------------
Subject Number: 11
Accuracy Cross: [0.6190476190476191, 0.5833333333333334, 0.5714285714285714, 0.5714285714285714, 0.5833333333333334, 0.6547619047619048, 0.5833333333333334, 0.6785714285714286, 0.6428571428571429, 0.6190476190476191, 0.5595238095238095, 0.6547619047619048, 0.6785714285714286, 0.6785714285714286, 0.6666666666666666]
 mean: 0.623015873015873, std: 0.04295990032610908
F1 Score: [0.5961538461538461, 0.5555555555555556, 0.5508021390374331, 0.5652673950546291, 0.5655386434165804, 0.6212097651998134, 0.5555555555555556, 0.6612397311426438, 0.6294117647058823, 0.6007130124777184, 0.5301587301587302, 0.6433904259991217, 0.6729632299927901, 0.6729632299927901, 0.6597222222222223]
 mean: 0.6053763497776875, std: 0.04787933613243583
Accuracy Intime: [0.6470588235294118, 0.7352941176470589, 0.7058823529411765, 0.7647058823529411, 0.46875, 0.5294117647058824, 0.5882352941176471, 0.6764705882352942, 0.7647058823529411, 0.71875, 0.5, 0.6470588235294118, 0.8235294117647058, 0.7941176470588235, 0.78125]
 mean: 0.6763480392156863, std: 0.10756732778910773
F1 (Intime): [0.6263736263736264, 0.7235772357723578, 0.7058823529411765, 0.7647058823529411, 0.4420512820512821, 0.43333333333333335, 0.5882352941176471, 0.6210739614994933, 0.7571428571428571, 0.7046153846153846, 0.47786811201445345, 0.6357142857142857, 0.8178571428571428, 0.7925021795989537, 0.7810361681329423]
 mean: 0.6581312732345252, std: 0.12275946827493596
--------------------------------------------------
Subject Number: 12
Accuracy Cross: [0.6547619047619048, 0.6428571428571429, 0.8452380952380952, 0.8214285714285714, 0.6785714285714286, 0.6904761904761905, 0.7380952380952381, 0.6904761904761905, 0.7976190476190477, 0.7619047619047619, 0.5952380952380952, 0.75, 0.7738095238095238, 0.75, 0.7380952380952381]
 mean: 0.7285714285714284, std: 0.06694951336178774
F1 Score: [0.654320987654321, 0.641025641025641, 0.8441558441558441, 0.8212005108556832, 0.6763236763236764, 0.6816326530612244, 0.7326388888888888, 0.671875, 0.7962037962037962, 0.7551020408163265, 0.5523510971786834, 0.7365197908887229, 0.7663592446201142, 0.7496807151979565, 0.7223557692307692]
 mean: 0.7201163770734432, std: 0.07326483086093927
Accuracy Intime: [0.7058823529411765, 0.5588235294117647, 0.7058823529411765, 0.6764705882352942, 0.71875, 0.8235294117647058, 0.7941176470588235, 0.8823529411764706, 0.7647058823529411, 0.8125, 0.8529411764705882, 0.8529411764705882, 0.8823529411764706, 0.7352941176470589, 0.84375]
 mean: 0.7740196078431372, std: 0.08751355829486468
F1 (Intime): [0.7017543859649122, 0.5392953929539295, 0.7017543859649122, 0.6761904761904762, 0.716256157635468, 0.8229166666666667, 0.7895667550839964, 0.880701754385965, 0.7571428571428571, 0.8125, 0.85178727114211, 0.85178727114211, 0.880701754385965, 0.7294429708222812, 0.8435972629521017]
 mean: 0.7703596908289168, std: 0.0910422318587254
--------------------------------------------------
Subject Number: 13
Accuracy Cross: [0.6547619047619048, 0.7023809523809523, 0.6309523809523809, 0.7619047619047619, 0.6547619047619048, 0.7142857142857143, 0.7380952380952381, 0.4166666666666667, 0.7261904761904762, 0.7261904761904762, 0.6666666666666666, 0.6785714285714286, 0.6785714285714286, 0.6785714285714286, 0.6309523809523809]
 mean: 0.6706349206349207, std: 0.07759940674019247
F1 Score: [0.6547129695251594, 0.702338766832034, 0.6110530246452577, 0.7597254004576659, 0.654320987654321, 0.7141236528644356, 0.7375, 0.4165839829907867, 0.7242757242757243, 0.7261516654854713, 0.6571428571428571, 0.6774285307922059, 0.6763236763236764, 0.6706838971976187, 0.6218963264120807]
 mean: 0.6669507641732862, std: 0.07844651841722779
Accuracy Intime: [0.9117647058823529, 0.8235294117647058, 0.6470588235294118, 0.7941176470588235, 0.71875, 0.8235294117647058, 0.8235294117647058, 0.5882352941176471, 0.7647058823529411, 0.71875, 0.7647058823529411, 0.7941176470588235, 0.7647058823529411, 0.7352941176470589, 0.59375]
 mean: 0.7511029411764706, std: 0.0857356304436278
F1 (Intime): [0.9098143236074271, 0.8229166666666667, 0.6136363636363636, 0.793939393939394, 0.716256157635468, 0.8235294117647058, 0.8210526315789474, 0.5868055555555556, 0.7571428571428571, 0.7117117117117118, 0.7638888888888888, 0.793939393939394, 0.7614035087719297, 0.7294429708222812, 0.5933528836754643]
 mean: 0.7465888479558037, std: 0.08875670511985402
--------------------------------------------------
Subject Number: 14
Accuracy Cross: [0.75, 0.6547619047619048, 0.6547619047619048, 0.75, 0.7142857142857143, 0.7261904761904762, 0.6785714285714286, 0.6190476190476191, 0.7738095238095238, 0.7380952380952381, 0.7619047619047619, 0.6547619047619048, 0.7023809523809523, 0.7380952380952381, 0.6666666666666666]
 mean: 0.7055555555555556, std: 0.04610011343319875
F1 Score: [0.7417654808959157, 0.6400177331165953, 0.6267810632756243, 0.7482517482517483, 0.7005347593582887, 0.7114264376400299, 0.6571428571428571, 0.5633528265107213, 0.7711827956989248, 0.7223557692307692, 0.7606837606837606, 0.6361463778939507, 0.6925779534475187, 0.7356979405034325, 0.6506238859180036]
 mean: 0.6905694259712093, std: 0.0574058504359394
Accuracy Intime: [0.7352941176470589, 0.6764705882352942, 0.7058823529411765, 0.7941176470588235, 0.71875, 0.8529411764705882, 0.6470588235294118, 0.7058823529411765, 0.7647058823529411, 0.75, 0.7352941176470589, 0.7058823529411765, 0.6470588235294118, 0.7352941176470589, 0.65625]
 mean: 0.7220588235294116, std: 0.054100360890135514
F1 (Intime): [0.7294429708222812, 0.6693191865605659, 0.6640316205533596, 0.7850045167118338, 0.716256157635468, 0.85178727114211, 0.6357142857142857, 0.6964285714285714, 0.7509157509157509, 0.7408906882591093, 0.7350649350649351, 0.7017543859649122, 0.6136363636363636, 0.7153488372093023, 0.6267232237539766]
 mean: 0.708821251024855, std: 0.06064671605921495
--------------------------------------------------
**************************************************
accuracy_cross_list: [0.711111111111111, 0.6896825396825397, 0.6738095238095239, 0.6158730158730158, 0.6619047619047618, 0.6031746031746031, 0.5817460317460318, 0.8063492063492065, 0.7087301587301588, 0.5992063492063492, 0.623015873015873, 0.7285714285714284, 0.6706349206349207, 0.7055555555555556]
f1_score_list: [0.6992887747838807, 0.6538480577621608, 0.6521234879899757, 0.5797681461047328, 0.6293155568030735, 0.5961576127410297, 0.5680949145539774, 0.8003082543100022, 0.6951862707068965, 0.5970405007473466, 0.6053763497776875, 0.7201163770734432, 0.6669507641732862, 0.6905694259712093]
accuracy_intime_list: [0.7866421568627452, 0.7283088235294118, 0.6910539215686274, 0.6767156862745097, 0.6966911764705882, 0.6319852941176471, 0.5903186274509803, 0.8397058823529413, 0.7980392156862748, 0.6279411764705883, 0.6763480392156863, 0.7740196078431372, 0.7511029411764706, 0.7220588235294116]
f1_score_intime_list: [0.7826885083908711, 0.7091167565272734, 0.6855169302956472, 0.6567685457725727, 0.6787251967734103, 0.6251224629622796, 0.5741095429245942, 0.8327545280487315, 0.794807826612188, 0.6210411992890486, 0.6581312732345252, 0.7703596908289168, 0.7465888479558037, 0.708821251024855]
**************************************************
ACC: 67.00±5.94
F1: 65.39±6.18
Intime: 71.36±6.89
F1 (Intime): 70.32±7.20
