1e-06
Subject Number: 1
Accuracy Cross: [0.319047619047619, 0.26666666666666666, 0.2523809523809524, 0.2761904761904762, 0.2714285714285714, 0.319047619047619, 0.3047619047619048, 0.3904761904761905, 0.3, 0.3142857142857143, 0.3142857142857143, 0.3, 0.3380952380952381, 0.3047619047619048, 0.2571428571428571]
 mean: 0.3019047619047619, std: 0.03402013542760334
F1 Score: [0.28972573362909637, 0.22822384578285376, 0.2324816727798987, 0.25997500779037624, 0.24289623420058204, 0.3285131201163218, 0.3110673693225977, 0.3898324380103729, 0.3117566100154091, 0.32830020972735446, 0.32113829288772183, 0.2901338020595641, 0.3311332211571827, 0.2989601695852936, 0.25553467286370696]
 mean: 0.29464482666188885, std: 0.042961174631058155
Accuracy Intime: [0.42857142857142855, 0.38095238095238093, 0.30952380952380953, 0.34523809523809523, 0.36904761904761907, 0.19047619047619047, 0.27380952380952384, 0.35714285714285715, 0.23809523809523808, 0.25, 0.2619047619047619, 0.35714285714285715, 0.3333333333333333, 0.35714285714285715, 0.3333333333333333]
 mean: 0.319047619047619, std: 0.0616600780938255
F1 (Intime): [0.4142360216965669, 0.385994066299669, 0.3156208743305518, 0.34836990595611284, 0.37597125459194425, 0.1872376272376272, 0.2676751946607342, 0.3551657683917212, 0.2398008276748833, 0.25356815349342304, 0.2466276534269797, 0.3100011816140848, 0.3107714507714508, 0.3607944592664457, 0.3118292682926829]
 mean: 0.3122442471803252, std: 0.06112022731197108
--------------------------------------------------
Subject Number: 2
Accuracy Cross: [0.319047619047619, 0.2619047619047619, 0.2714285714285714, 0.3, 0.2571428571428571, 0.22380952380952382, 0.29523809523809524, 0.2571428571428571, 0.2857142857142857, 0.2761904761904762, 0.28095238095238095, 0.28095238095238095, 0.2523809523809524, 0.2619047619047619, 0.22380952380952382]
 mean: 0.26984126984126977, std: 0.02517762547161695
F1 Score: [0.26482392527389703, 0.22253394989967878, 0.2399457808909454, 0.2720399350351967, 0.2302698239601184, 0.21039567675833193, 0.290840147294873, 0.24578153790201335, 0.2838810710347756, 0.2792395384799183, 0.26750475255820083, 0.26266002197036675, 0.24101125858935046, 0.2539317047318251, 0.22102017446698694]
 mean: 0.2523919532564319, std: 0.023838775984061204
Accuracy Intime: [0.4642857142857143, 0.27380952380952384, 0.2619047619047619, 0.2857142857142857, 0.27380952380952384, 0.25, 0.2261904761904762, 0.2619047619047619, 0.3333333333333333, 0.2857142857142857, 0.2857142857142857, 0.2976190476190476, 0.34523809523809523, 0.36904761904761907, 0.2857142857142857]
 mean: 0.29999999999999993, std: 0.056544486128751986
F1 (Intime): [0.4583954451345756, 0.25780794757025655, 0.25854031535094657, 0.26605664488017433, 0.26358380043427765, 0.22504928989139517, 0.19457142857142856, 0.24626373626373627, 0.3006603862982097, 0.2738076416337286, 0.2435528565002249, 0.29156591556591555, 0.3241943241943242, 0.34821986524114185, 0.2339258808824026]
 mean: 0.2790796985608492, std: 0.06074107653642814
--------------------------------------------------
Subject Number: 3
Accuracy Cross: [0.2571428571428571, 0.23809523809523808, 0.2523809523809524, 0.2857142857142857, 0.2571428571428571, 0.32857142857142857, 0.2714285714285714, 0.3, 0.30952380952380953, 0.32857142857142857, 0.32857142857142857, 0.2523809523809524, 0.2571428571428571, 0.2714285714285714, 0.3333333333333333]
 mean: 0.28476190476190477, std: 0.032539295390650834
F1 Score: [0.19419686339594805, 0.16378445929592145, 0.19752473405842114, 0.23429919979994995, 0.17819140088503888, 0.31296352042045816, 0.26018404620814256, 0.2670012085255987, 0.2972094508301405, 0.30325606741101535, 0.3347764673218757, 0.2526563859374596, 0.2644551676661768, 0.28617567999011295, 0.3338114892770065]
 mean: 0.25869907606821774, std: 0.05337093416221975
Accuracy Intime: [0.2976190476190476, 0.36904761904761907, 0.27380952380952384, 0.34523809523809523, 0.2976190476190476, 0.30952380952380953, 0.2857142857142857, 0.2976190476190476, 0.2619047619047619, 0.2976190476190476, 0.30952380952380953, 0.2857142857142857, 0.38095238095238093, 0.35714285714285715, 0.34523809523809523]
 mean: 0.31428571428571417, std: 0.034992710611188256
F1 (Intime): [0.2950441201570234, 0.3657435873904465, 0.2782051282051282, 0.32954822954822954, 0.2759892402283707, 0.29320611497859267, 0.26044444444444437, 0.27434023341000086, 0.2324438970990695, 0.2628862255089464, 0.2985730350149289, 0.26426290822842546, 0.3873944906104822, 0.3270326797385621, 0.31012691012691007]
 mean: 0.2970160829793041, std: 0.040082106816349064
--------------------------------------------------
Subject Number: 4
Accuracy Cross: [0.28095238095238095, 0.21904761904761905, 0.21428571428571427, 0.22857142857142856, 0.3047619047619048, 0.29523809523809524, 0.2904761904761905, 0.3333333333333333, 0.3, 0.34285714285714286, 0.2714285714285714, 0.23809523809523808, 0.23333333333333334, 0.24285714285714285, 0.23809523809523808]
 mean: 0.2688888888888889, std: 0.040100654411779374
F1 Score: [0.2702521814831277, 0.2016300920231969, 0.19254829074738794, 0.2116773924160197, 0.2659598363538506, 0.28242805558974904, 0.26805500186269626, 0.3337479812828688, 0.2914009986267597, 0.3434395333206184, 0.26242992947992916, 0.19946343143157064, 0.1848504399211013, 0.1854793048079583, 0.22563330469210205]
 mean: 0.24793305160259577, std: 0.05050121886529237
Accuracy Intime: [0.35714285714285715, 0.32142857142857145, 0.21428571428571427, 0.30952380952380953, 0.30952380952380953, 0.25, 0.30952380952380953, 0.32142857142857145, 0.39285714285714285, 0.3333333333333333, 0.30952380952380953, 0.2857142857142857, 0.27380952380952384, 0.2857142857142857, 0.3333333333333333]
 mean: 0.3071428571428571, std: 0.04128510096393635
F1 (Intime): [0.34108416795637897, 0.3269196025293586, 0.19350075541379888, 0.2799649698960044, 0.2856938044034818, 0.24233839342188487, 0.3094444444444444, 0.307973238689908, 0.37412751212751216, 0.30920472844385893, 0.3062793836987385, 0.2630530709600477, 0.2577963849016481, 0.2715865215865216, 0.3236116604409287]
 mean: 0.2928385759276344, std: 0.04258260703854529
--------------------------------------------------
Subject Number: 5
Accuracy Cross: [0.2904761904761905, 0.2619047619047619, 0.3, 0.2904761904761905, 0.3, 0.28095238095238095, 0.26666666666666666, 0.34285714285714286, 0.3047619047619048, 0.2571428571428571, 0.3380952380952381, 0.2904761904761905, 0.2904761904761905, 0.23809523809523808, 0.3476190476190476]
 mean: 0.2933333333333332, std: 0.030406666731298236
F1 Score: [0.2736824407239711, 0.24913632188885543, 0.27636848420808624, 0.2751268054391568, 0.2670383196204947, 0.2555122553287691, 0.2113308280523757, 0.34257267625489146, 0.2713508515450263, 0.23906886382542245, 0.3511737368857471, 0.29201671110089783, 0.2862185494920924, 0.23400949472577381, 0.36209764760492635]
 mean: 0.2791135991130992, std: 0.04184906755145156
Accuracy Intime: [0.36904761904761907, 0.27380952380952384, 0.2976190476190476, 0.30952380952380953, 0.35714285714285715, 0.32142857142857145, 0.27380952380952384, 0.35714285714285715, 0.36904761904761907, 0.16666666666666666, 0.36904761904761907, 0.27380952380952384, 0.42857142857142855, 0.38095238095238093, 0.3333333333333333]
 mean: 0.32539682539682535, std: 0.060961474189433394
F1 (Intime): [0.3620473022912047, 0.261070749070749, 0.3013069019193666, 0.29453189703257526, 0.3492508940335027, 0.3186608007601922, 0.25277263877475964, 0.3729507874788893, 0.36138183969239873, 0.1410520157888579, 0.35141724941724944, 0.2583437372222979, 0.43178777176537536, 0.374989010989011, 0.31888149790588816]
 mean: 0.31669633960948784, std: 0.06747869411960099
--------------------------------------------------
Subject Number: 6
Accuracy Cross: [0.20952380952380953, 0.21428571428571427, 0.1761904761904762, 0.20952380952380953, 0.2714285714285714, 0.2, 0.28095238095238095, 0.22857142857142856, 0.29523809523809524, 0.24761904761904763, 0.2619047619047619, 0.2571428571428571, 0.2571428571428571, 0.2857142857142857, 0.24285714285714285]
 mean: 0.2425396825396825, std: 0.033827031758660274
F1 Score: [0.20948841864387205, 0.21047214908576897, 0.1728017121292708, 0.20850702976382687, 0.2665856622230312, 0.1912994268408197, 0.27513301252438815, 0.22010069137144644, 0.28386583280960126, 0.24602529812240131, 0.26427703487944454, 0.24924464473191427, 0.2434703861800979, 0.28063317518991765, 0.2404306207483473]
 mean: 0.2374890063496099, std: 0.03288685953023418
Accuracy Intime: [0.2857142857142857, 0.23809523809523808, 0.20238095238095238, 0.2976190476190476, 0.2857142857142857, 0.27380952380952384, 0.21428571428571427, 0.2261904761904762, 0.2976190476190476, 0.23809523809523808, 0.23809523809523808, 0.2857142857142857, 0.2619047619047619, 0.32142857142857145, 0.30952380952380953]
 mean: 0.2650793650793651, std: 0.03543986279645414
F1 (Intime): [0.29859356329944564, 0.21697491039426522, 0.2009878017942534, 0.30097637994189713, 0.2716678541068785, 0.2711571533582918, 0.1860267521525128, 0.22579697900665643, 0.28800001200914493, 0.23021456804065502, 0.23759775171065495, 0.28347084720599147, 0.2709398034398035, 0.31464548523372055, 0.29451612903225804]
 mean: 0.2594377327150953, std: 0.03866176149181664
--------------------------------------------------
Subject Number: 7
Accuracy Cross: [0.20476190476190476, 0.20952380952380953, 0.22380952380952382, 0.21904761904761905, 0.21904761904761905, 0.2, 0.21428571428571427, 0.21428571428571427, 0.21904761904761905, 0.21904761904761905, 0.24285714285714285, 0.2, 0.2523809523809524, 0.17142857142857143, 0.23333333333333334]
 mean: 0.21619047619047618, std: 0.018467351837776487
F1 Score: [0.20269624129425606, 0.20500878833094163, 0.2152087135789494, 0.21130283516151688, 0.2136517120164537, 0.1846825117791251, 0.21197407174026783, 0.21597538950692505, 0.20817081236288554, 0.19783391099654124, 0.2359396347122606, 0.1981699301388554, 0.25454341843302053, 0.1672878102289867, 0.21418688438587452]
 mean: 0.20910884431112403, std: 0.019285983454083454
Accuracy Intime: [0.23809523809523808, 0.25, 0.2857142857142857, 0.32142857142857145, 0.30952380952380953, 0.2976190476190476, 0.20238095238095238, 0.23809523809523808, 0.25, 0.2261904761904762, 0.2261904761904762, 0.21428571428571427, 0.20238095238095238, 0.2261904761904762, 0.23809523809523808]
 mean: 0.24841269841269847, std: 0.03659410121713811
F1 (Intime): [0.22050997510417192, 0.24780368682807702, 0.2740897046779399, 0.3000681997277742, 0.2898808086284367, 0.30114695236646455, 0.2093078850973588, 0.22747252747252747, 0.22303789200340923, 0.20364980774918662, 0.23783543285982311, 0.21121336180159708, 0.18354325985904932, 0.22066683798545422, 0.22198079091384101]
 mean: 0.23814714153834074, std: 0.03541541969644656
--------------------------------------------------
Subject Number: 8
Accuracy Cross: [0.3904761904761905, 0.3333333333333333, 0.3904761904761905, 0.2714285714285714, 0.35714285714285715, 0.34285714285714286, 0.3333333333333333, 0.29523809523809524, 0.2904761904761905, 0.3, 0.2523809523809524, 0.26666666666666666, 0.2904761904761905, 0.2619047619047619, 0.2761904761904762]
 mean: 0.31015873015873013, std: 0.04363895943476719
F1 Score: [0.37983687943262406, 0.34215698047428916, 0.3738293858418163, 0.2777107015883481, 0.3579997103149103, 0.3597881550275148, 0.35168824122161074, 0.31178405181137425, 0.30049170187283664, 0.3141496954564105, 0.26552416655509437, 0.2870757570803545, 0.2905931356880841, 0.25165718826777705, 0.293097106312992]
 mean: 0.31715885712973585, std: 0.03954803240469176
Accuracy Intime: [0.36904761904761907, 0.2976190476190476, 0.38095238095238093, 0.25, 0.39285714285714285, 0.4166666666666667, 0.3333333333333333, 0.2261904761904762, 0.2857142857142857, 0.2857142857142857, 0.32142857142857145, 0.5595238095238095, 0.20238095238095238, 0.2976190476190476, 0.36904761904761907]
 mean: 0.3325396825396826, std: 0.08534606386520677
F1 (Intime): [0.3634075132527145, 0.2960300483829895, 0.39697182593734315, 0.23536027096398615, 0.41423788765724245, 0.4166943093026684, 0.3429740084912499, 0.23227862709249103, 0.26382382382382386, 0.28941166185855405, 0.32671504965622616, 0.5591006842619747, 0.21100480603853916, 0.26784216416094975, 0.3822206243258875]
 mean: 0.333204887013776, std: 0.08913010366412118
--------------------------------------------------
Subject Number: 9
Accuracy Cross: [0.3, 0.24761904761904763, 0.3238095238095238, 0.2714285714285714, 0.2571428571428571, 0.24285714285714285, 0.24285714285714285, 0.22380952380952382, 0.23333333333333334, 0.28095238095238095, 0.21904761904761905, 0.24761904761904763, 0.23333333333333334, 0.2, 0.24285714285714285]
 mean: 0.2511111111111111, std: 0.0308345334897475
F1 Score: [0.2671068898954071, 0.21731943953972027, 0.28925270195328234, 0.2565716240274226, 0.2398042101183339, 0.24309059721070617, 0.25189666140438377, 0.21989321608686407, 0.23152372925801287, 0.28145707163971584, 0.21288996582759928, 0.24877018848776622, 0.2362193204229329, 0.19936974789915968, 0.2471789369770534]
 mean: 0.24282295338322407, std: 0.02408950020011839
Accuracy Intime: [0.36904761904761907, 0.2976190476190476, 0.23809523809523808, 0.23809523809523808, 0.32142857142857145, 0.30952380952380953, 0.34523809523809523, 0.23809523809523808, 0.40476190476190477, 0.36904761904761907, 0.39285714285714285, 0.36904761904761907, 0.34523809523809523, 0.34523809523809523, 0.2857142857142857]
 mean: 0.3246031746031745, std: 0.05367567752035213
F1 (Intime): [0.3814814814814815, 0.3072262696652941, 0.23444870864678405, 0.23078486492987177, 0.32159247064959284, 0.3068562068562068, 0.34405299037177595, 0.23619047619047615, 0.42444186346625373, 0.36030357153037207, 0.39785714285714285, 0.37985632962862564, 0.3582298782298783, 0.35374272139463436, 0.3088285048285048]
 mean: 0.3297262320484596, std: 0.05801280394506515
--------------------------------------------------
Subject Number: 10
Accuracy Cross: [0.2619047619047619, 0.2619047619047619, 0.2619047619047619, 0.20952380952380953, 0.2523809523809524, 0.19047619047619047, 0.21428571428571427, 0.2857142857142857, 0.3047619047619048, 0.18571428571428572, 0.21904761904761905, 0.28095238095238095, 0.24761904761904763, 0.2, 0.21428571428571427]
 mean: 0.2393650793650794, std: 0.03586599172698058
F1 Score: [0.2648743803819083, 0.2543689616985527, 0.2606157719205082, 0.20664489208623213, 0.2538355085606453, 0.18951535265710906, 0.20293943899296263, 0.2838979029214403, 0.3107163766915217, 0.18801818969335643, 0.21843246288535703, 0.2722764758113595, 0.23926803548379366, 0.19531697201526424, 0.2102593943676338]
 mean: 0.2367320077445097, std: 0.03681907746511711
Accuracy Intime: [0.4880952380952381, 0.32142857142857145, 0.30952380952380953, 0.2261904761904762, 0.32142857142857145, 0.3333333333333333, 0.27380952380952384, 0.2619047619047619, 0.2261904761904762, 0.30952380952380953, 0.2976190476190476, 0.27380952380952384, 0.2976190476190476, 0.19047619047619047, 0.21428571428571427]
 mean: 0.2896825396825397, std: 0.06785598253904461
F1 (Intime): [0.4887774793048626, 0.31285919725817424, 0.3091774891774892, 0.22956656346749224, 0.3149407455289808, 0.3236953632751291, 0.26948006379585326, 0.26374648204435436, 0.22041266491394368, 0.31170546229369755, 0.2892982207027623, 0.2755160318753854, 0.28590063405377886, 0.18280673787130028, 0.21392137928158342]
 mean: 0.28612030098965247, std: 0.06807638686887159
--------------------------------------------------
Subject Number: 11
Accuracy Cross: [0.18571428571428572, 0.22857142857142856, 0.2, 0.19523809523809524, 0.2619047619047619, 0.23809523809523808, 0.2523809523809524, 0.24285714285714285, 0.2857142857142857, 0.22857142857142856, 0.2714285714285714, 0.2857142857142857, 0.24761904761904763, 0.24285714285714285, 0.2714285714285714]
 mean: 0.24253968253968253, std: 0.03009014758367691
F1 Score: [0.1685086347607546, 0.22218839181838973, 0.1846489721428421, 0.18511191650726533, 0.25747788005549144, 0.23150198710168723, 0.2526672592113769, 0.2263505566195792, 0.28517473606475674, 0.210736270265682, 0.273935185406036, 0.2762903762903763, 0.21101917992816804, 0.23898781328086144, 0.2731917543006764]
 mean: 0.2331860609169296, std: 0.035441064088206936
Accuracy Intime: [0.2857142857142857, 0.3333333333333333, 0.23809523809523808, 0.34523809523809523, 0.30952380952380953, 0.2619047619047619, 0.19047619047619047, 0.25, 0.2976190476190476, 0.27380952380952384, 0.25, 0.3333333333333333, 0.2619047619047619, 0.23809523809523808, 0.25]
 mean: 0.27460317460317457, std: 0.04134608342105112
F1 (Intime): [0.2540095773791426, 0.3198707773707773, 0.2333193903437806, 0.34803836686189626, 0.2952925339132236, 0.24169165620620342, 0.17500685403124427, 0.2154913353060181, 0.24615770194717562, 0.25451203825487473, 0.25136410032961753, 0.3021532455389398, 0.24063492063492062, 0.22715229215229216, 0.25132449219405745]
 mean: 0.25706795216427764, std: 0.041906331665006895
--------------------------------------------------
Subject Number: 12
Accuracy Cross: [0.2571428571428571, 0.24285714285714285, 0.3380952380952381, 0.30952380952380953, 0.30952380952380953, 0.2857142857142857, 0.3, 0.2761904761904762, 0.30952380952380953, 0.29523809523809524, 0.21904761904761905, 0.24761904761904763, 0.22380952380952382, 0.26666666666666666, 0.23809523809523808]
 mean: 0.27460317460317457, std: 0.03463083210995466
F1 Score: [0.2549807815190974, 0.24786665014806558, 0.32326516692760776, 0.30658441706239586, 0.31535276789058114, 0.2445358126721763, 0.24962173889080153, 0.2554811157628059, 0.28706397153455976, 0.27395867828423837, 0.22405411598991684, 0.24689624541419736, 0.2398516540572615, 0.2754551565961676, 0.25181544161609404]
 mean: 0.2664522476243978, std: 0.028582802573257852
Accuracy Intime: [0.32142857142857145, 0.2261904761904762, 0.2976190476190476, 0.27380952380952384, 0.34523809523809523, 0.30952380952380953, 0.35714285714285715, 0.32142857142857145, 0.23809523809523808, 0.2976190476190476, 0.2857142857142857, 0.34523809523809523, 0.32142857142857145, 0.30952380952380953, 0.36904761904761907]
 mean: 0.3079365079365079, std: 0.0390908265270627
F1 (Intime): [0.3204787369493252, 0.22119603792573755, 0.2968309826374343, 0.26739704922313623, 0.355816824782342, 0.32301675407659186, 0.36780696780696776, 0.30605013266303593, 0.24545319703214438, 0.30836606871389477, 0.2834429731488555, 0.3399967416096449, 0.30158991319341377, 0.29607893607893604, 0.3694749694749695]
 mean: 0.3068664190210953, std: 0.040856491655490414
--------------------------------------------------
Subject Number: 13
Accuracy Cross: [0.28095238095238095, 0.22857142857142856, 0.23333333333333334, 0.23333333333333334, 0.23333333333333334, 0.20952380952380953, 0.22380952380952382, 0.23809523809523808, 0.28095238095238095, 0.3238095238095238, 0.29523809523809524, 0.23333333333333334, 0.24285714285714285, 0.2523809523809524, 0.29523809523809524]
 mean: 0.2536507936507936, std: 0.031989542256915846
F1 Score: [0.2713222241989365, 0.21598293974909835, 0.2134592699274745, 0.22817947219953655, 0.21459996127420075, 0.20930003766974242, 0.2094292029734272, 0.2174985934153562, 0.2644684313507766, 0.3021674159174159, 0.28537874221418524, 0.21367837294716036, 0.2224870676161644, 0.24342559059673627, 0.27697781048341447]
 mean: 0.23922367550224174, std: 0.0309007858581309
Accuracy Intime: [0.2857142857142857, 0.36904761904761907, 0.2857142857142857, 0.34523809523809523, 0.27380952380952384, 0.2619047619047619, 0.39285714285714285, 0.2976190476190476, 0.2976190476190476, 0.32142857142857145, 0.3333333333333333, 0.2976190476190476, 0.2619047619047619, 0.30952380952380953, 0.21428571428571427]
 mean: 0.30317460317460315, std: 0.04344105455048892
F1 (Intime): [0.25880949345184967, 0.3344414267367425, 0.26390910489582214, 0.33110673110673106, 0.26721291977810063, 0.26408602150537636, 0.3842684634829542, 0.26073511808805927, 0.2793058876406539, 0.28764568764568765, 0.3271502285124576, 0.2805611389412512, 0.2438827838827839, 0.308580794030752, 0.21205882352941177]
 mean: 0.2869169748819089, std: 0.04182948031316737
--------------------------------------------------
Subject Number: 14
Accuracy Cross: [0.2761904761904762, 0.2714285714285714, 0.3238095238095238, 0.2761904761904762, 0.26666666666666666, 0.3333333333333333, 0.2619047619047619, 0.3047619047619048, 0.319047619047619, 0.2714285714285714, 0.28095238095238095, 0.2571428571428571, 0.2619047619047619, 0.2857142857142857, 0.23809523809523808]
 mean: 0.2819047619047618, std: 0.026035617211190697
F1 Score: [0.26365730851388464, 0.23500995736289854, 0.3200322355484998, 0.2731994212824356, 0.2606591879842942, 0.27555841459010477, 0.20776985415659124, 0.266705419772837, 0.27686944634313054, 0.24235335793264748, 0.26623082248297625, 0.20834894592236677, 0.2325200978625636, 0.27094545627194194, 0.21767178165028903]
 mean: 0.2545021138451641, std: 0.029379452342428475
Accuracy Intime: [0.20238095238095238, 0.2619047619047619, 0.32142857142857145, 0.32142857142857145, 0.38095238095238093, 0.3333333333333333, 0.3333333333333333, 0.23809523809523808, 0.2976190476190476, 0.23809523809523808, 0.36904761904761907, 0.30952380952380953, 0.34523809523809523, 0.30952380952380953, 0.36904761904761907]
 mean: 0.30873015873015874, std: 0.050966966215880385
F1 (Intime): [0.17822955541224067, 0.23651472951012123, 0.2873015873015873, 0.2998680351906159, 0.34063304241493836, 0.32267028404653264, 0.31563092722644526, 0.22220090934924697, 0.27091954022988507, 0.20763980569363433, 0.3687863860277653, 0.30102875053639055, 0.32253672253672255, 0.28611646763968746, 0.3321179307386204]
 mean: 0.2861463115902956, std: 0.05192542703020612
--------------------------------------------------
**************************************************
accuracy_cross_list: [0.3019047619047619, 0.26984126984126977, 0.28476190476190477, 0.2688888888888889, 0.2933333333333332, 0.2425396825396825, 0.21619047619047618, 0.31015873015873013, 0.2511111111111111, 0.2393650793650794, 0.24253968253968253, 0.27460317460317457, 0.2536507936507936, 0.2819047619047618]
f1_score_list: [0.29464482666188885, 0.2523919532564319, 0.25869907606821774, 0.24793305160259577, 0.2791135991130992, 0.2374890063496099, 0.20910884431112403, 0.31715885712973585, 0.24282295338322407, 0.2367320077445097, 0.2331860609169296, 0.2664522476243978, 0.23922367550224174, 0.2545021138451641]
accuracy_intime_list: [0.319047619047619, 0.29999999999999993, 0.31428571428571417, 0.3071428571428571, 0.32539682539682535, 0.2650793650793651, 0.24841269841269847, 0.3325396825396826, 0.3246031746031745, 0.2896825396825397, 0.27460317460317457, 0.3079365079365079, 0.30317460317460315, 0.30873015873015874]
f1_score_intime_list: [0.3122442471803252, 0.2790796985608492, 0.2970160829793041, 0.2928385759276344, 0.31669633960948784, 0.2594377327150953, 0.23814714153834074, 0.333204887013776, 0.3297262320484596, 0.28612030098965247, 0.25706795216427764, 0.3068664190210953, 0.2869169748819089, 0.2861463115902956]
**************************************************
ACC: 26.65±2.58
F1: 25.50±2.65
Intime: 30.15±2.34
F1 (Intime): 29.15±2.65
