1e-06
Subject Number: 1
Accuracy Cross: [0.6904761904761905, 0.6904761904761905, 0.6428571428571429, 0.6904761904761905, 0.6785714285714286, 0.7142857142857143, 0.7142857142857143, 0.7619047619047619, 0.7857142857142857, 0.7738095238095238, 0.6428571428571429, 0.6666666666666666, 0.6666666666666666, 0.6785714285714286, 0.6309523809523809]
 mean: 0.6952380952380952, std: 0.045757254937776416
F1 Score: [0.6816326530612244, 0.6816326530612244, 0.6326530612244898, 0.6840277777777777, 0.6748387096774193, 0.7083333333333333, 0.7116704805491991, 0.7597254004576659, 0.7846153846153847, 0.7730052624093302, 0.6050156739811913, 0.6370370370370371, 0.6370370370370371, 0.6473332296687918, 0.5727645611156686]
 mean: 0.6794214836671184, std: 0.05883425210098726
Accuracy Intime: [0.8235294117647058, 0.8235294117647058, 0.7941176470588235, 0.8235294117647058, 0.65625, 0.6176470588235294, 0.7941176470588235, 0.7647058823529411, 0.7058823529411765, 0.9375, 0.7647058823529411, 0.7352941176470589, 0.7647058823529411, 0.7352941176470589, 0.875]
 mean: 0.7743872549019609, std: 0.07801994570688045
F1 (Intime): [0.8235294117647058, 0.8229166666666667, 0.7895667550839964, 0.8131868131868132, 0.6532019704433498, 0.6146469049694856, 0.7925021795989537, 0.7647058823529411, 0.7017543859649122, 0.9372549019607843, 0.7638888888888888, 0.7235772357723578, 0.7647058823529411, 0.7350649350649351, 0.875]
 mean: 0.7717001876047823, std: 0.07885788125599479
--------------------------------------------------
Subject Number: 2
Accuracy Cross: [0.7142857142857143, 0.6190476190476191, 0.7023809523809523, 0.6071428571428571, 0.6666666666666666, 0.6428571428571429, 0.6309523809523809, 0.6428571428571429, 0.6071428571428571, 0.5357142857142857, 0.7380952380952381, 0.8333333333333334, 0.7619047619047619, 0.7976190476190477, 0.8095238095238095]
 mean: 0.6873015873015873, std: 0.08389455763159828
F1 Score: [0.6971153846153846, 0.5633528265107213, 0.6825396825396826, 0.5452009844134537, 0.6370370370370371, 0.5906432748538011, 0.5810136765888978, 0.5906432748538011, 0.5354449472096531, 0.42394935818533497, 0.7223557692307692, 0.8309373202990225, 0.750445632798574, 0.7909530083443127, 0.8055555555555556]
 mean: 0.6498125155357334, std: 0.11257363603010882
Accuracy Intime: [0.7941176470588235, 0.7058823529411765, 0.7352941176470589, 0.7058823529411765, 0.5625, 0.7352941176470589, 0.7352941176470589, 0.7647058823529411, 0.6764705882352942, 0.53125, 0.6176470588235294, 0.9117647058823529, 0.7647058823529411, 0.8529411764705882, 0.625]
 mean: 0.7145833333333335, std: 0.09880172227686644
F1 (Intime): [0.7895667550839964, 0.6886446886446886, 0.7235772357723578, 0.678030303030303, 0.5333333333333333, 0.7350649350649351, 0.7235772357723578, 0.7509157509157509, 0.6210739614994933, 0.5195195195195195, 0.5888372093023255, 0.9116883116883117, 0.7424242424242424, 0.8464317976513098, 0.5636363636363637]
 mean: 0.694421442889286, std: 0.10914433343028923
--------------------------------------------------
Subject Number: 3
Accuracy Cross: [0.6428571428571429, 0.6666666666666666, 0.6547619047619048, 0.5714285714285714, 0.5833333333333334, 0.7380952380952381, 0.6904761904761905, 0.6547619047619048, 0.6190476190476191, 0.6666666666666666, 0.6904761904761905, 0.7142857142857143, 0.7261904761904762, 0.7142857142857143, 0.7261904761904762]
 mean: 0.6706349206349206, std: 0.04949989247464341
F1 Score: [0.5982142857142857, 0.6506238859180036, 0.6212097651998134, 0.5087719298245614, 0.5176374077112387, 0.7367521367521368, 0.6897727272727273, 0.6523476523476524, 0.6081632653061224, 0.6636155606407322, 0.662962962962963, 0.6971153846153846, 0.7171717171717171, 0.7083333333333333, 0.7039987743220468]
 mean: 0.649112719272848, std: 0.0659454496600213
Accuracy Intime: [0.7647058823529411, 0.7941176470588235, 0.7647058823529411, 0.7352941176470589, 0.6875, 0.5294117647058824, 0.6470588235294118, 0.6176470588235294, 0.5294117647058824, 0.75, 0.7647058823529411, 0.6764705882352942, 0.7647058823529411, 0.6176470588235294, 0.625]
 mean: 0.6845588235294116, std: 0.08433153596654992
F1 (Intime): [0.7571428571428571, 0.7925021795989537, 0.7647058823529411, 0.7294429708222812, 0.6825396825396826, 0.5228070175438597, 0.6421052631578947, 0.6146469049694856, 0.5277777777777778, 0.7490196078431373, 0.7614035087719297, 0.6693191865605659, 0.7638888888888888, 0.6146469049694856, 0.5636363636363637]
 mean: 0.6770389997717405, std: 0.0887107112982546
--------------------------------------------------
Subject Number: 4
Accuracy Cross: [0.6904761904761905, 0.6309523809523809, 0.5952380952380952, 0.6071428571428571, 0.5952380952380952, 0.7142857142857143, 0.7261904761904762, 0.7142857142857143, 0.6547619047619048, 0.6785714285714286, 0.5952380952380952, 0.6190476190476191, 0.5595238095238095, 0.5833333333333334, 0.5714285714285714]
 mean: 0.6357142857142858, std: 0.054433105395181744
F1 Score: [0.6860264519838988, 0.6304810557684121, 0.5894192064404831, 0.6070871722182849, 0.5931623931623932, 0.703529411764706, 0.7171717171717171, 0.7128205128205127, 0.6317460317460317, 0.6774285307922059, 0.5159322033898305, 0.5543766578249337, 0.4534904167399332, 0.5072900955253896, 0.4874576271186441]
 mean: 0.6044946322978252, std: 0.08338241771350352
Accuracy Intime: [0.7058823529411765, 0.7058823529411765, 0.7352941176470589, 0.6470588235294118, 0.625, 0.6470588235294118, 0.6470588235294118, 0.7058823529411765, 0.6764705882352942, 0.71875, 0.6764705882352942, 0.6176470588235294, 0.5882352941176471, 0.7647058823529411, 0.65625]
 mean: 0.6745098039215686, std: 0.04652571552293617
F1 (Intime): [0.6886446886446886, 0.7017543859649122, 0.7294429708222812, 0.6263736263736264, 0.611336032388664, 0.6263736263736264, 0.6421052631578947, 0.6964285714285714, 0.6386473429951691, 0.716256157635468, 0.6621499548328816, 0.5729468599033817, 0.5296442687747036, 0.7509157509157509, 0.6389743589743591]
 mean: 0.6554662572790652, std: 0.05788424754438452
--------------------------------------------------
Subject Number: 5
Accuracy Cross: [0.7261904761904762, 0.6904761904761905, 0.7380952380952381, 0.7380952380952381, 0.7380952380952381, 0.6190476190476191, 0.5833333333333334, 0.6547619047619048, 0.75, 0.5595238095238095, 0.6785714285714286, 0.5952380952380952, 0.75, 0.75, 0.8095238095238095]
 mean: 0.692063492063492, std: 0.0716750597134961
F1 Score: [0.7171717171717171, 0.6576802507836991, 0.7254901960784313, 0.7356979405034325, 0.7282352941176471, 0.5633528265107213, 0.5072900955253896, 0.6400177331165953, 0.7393231860499483, 0.5167159073238998, 0.6415362731152205, 0.5265251989389921, 0.7417654808959157, 0.7417654808959157, 0.8055555555555556]
 mean: 0.6658748757722055, std: 0.09310506383437245
Accuracy Intime: [0.5882352941176471, 0.5882352941176471, 0.6470588235294118, 0.5882352941176471, 0.71875, 0.6176470588235294, 0.7058823529411765, 0.8823529411764706, 0.7647058823529411, 0.59375, 0.7058823529411765, 0.5294117647058824, 0.7352941176470589, 0.7058823529411765, 0.84375]
 mean: 0.6810049019607843, std: 0.09724216442916173
F1 (Intime): [0.5824561403508772, 0.575, 0.6136363636363636, 0.5641025641025641, 0.694591728525981, 0.5729468599033817, 0.6964285714285714, 0.8785714285714286, 0.7424242424242424, 0.5588547189819725, 0.6886446886446886, 0.5142857142857142, 0.7153488372093023, 0.678030303030303, 0.8435972629521017]
 mean: 0.6612612949364994, std: 0.10282972161224015
--------------------------------------------------
Subject Number: 6
Accuracy Cross: [0.6071428571428571, 0.6190476190476191, 0.5833333333333334, 0.5952380952380952, 0.5952380952380952, 0.5714285714285714, 0.5595238095238095, 0.6904761904761905, 0.6071428571428571, 0.5595238095238095, 0.4880952380952381, 0.6309523809523809, 0.6071428571428571, 0.5714285714285714, 0.6071428571428571]
 mean: 0.5928571428571429, std: 0.04219058368254607
F1 Score: [0.5975025410193118, 0.6188315371525808, 0.5804195804195804, 0.595008508224617, 0.5943181818181817, 0.5652673950546291, 0.5407122801832422, 0.6888888888888889, 0.5903650066499188, 0.5589612601106854, 0.48627506755795763, 0.6110530246452577, 0.6002883922134102, 0.5711854792966535, 0.6002883922134102]
 mean: 0.5866243690298883, std: 0.04195509375048434
Accuracy Intime: [0.6176470588235294, 0.6176470588235294, 0.7058823529411765, 0.5588235294117647, 0.75, 0.5, 0.5294117647058824, 0.5882352941176471, 0.7352941176470589, 0.6875, 0.47058823529411764, 0.4411764705882353, 0.7058823529411765, 0.6470588235294118, 0.78125]
 mean: 0.6224264705882353, std: 0.10257243129639201
F1 (Intime): [0.6091954022988506, 0.6146469049694856, 0.7017543859649122, 0.5490716180371353, 0.7490196078431373, 0.48894783377541995, 0.5294117647058824, 0.575, 0.7235772357723578, 0.6825396825396826, 0.46875, 0.4406926406926407, 0.7017543859649122, 0.6470588235294118, 0.7793103448275862]
 mean: 0.6173820420614275, std: 0.10272035015391935
--------------------------------------------------
Subject Number: 7
Accuracy Cross: [0.6785714285714286, 0.5476190476190477, 0.6071428571428571, 0.6190476190476191, 0.5952380952380952, 0.5238095238095238, 0.5238095238095238, 0.6071428571428571, 0.5595238095238095, 0.5952380952380952, 0.5476190476190477, 0.47619047619047616, 0.5833333333333334, 0.6190476190476191, 0.5714285714285714]
 mean: 0.5769841269841269, std: 0.04779069592801459
F1 Score: [0.6781609195402298, 0.5411155836687751, 0.6002883922134102, 0.6190476190476191, 0.5868055555555556, 0.5102040816326531, 0.47335423197492166, 0.6025806451612903, 0.5487149702337738, 0.5523510971786834, 0.4910714285714286, 0.4509803921568627, 0.5655386434165804, 0.6181818181818182, 0.5591836734693878]
 mean: 0.559838603466866, std: 0.05898334700668978
Accuracy Intime: [0.6470588235294118, 0.47058823529411764, 0.5588235294117647, 0.6470588235294118, 0.65625, 0.5588235294117647, 0.7352941176470589, 0.6176470588235294, 0.5294117647058824, 0.75, 0.5294117647058824, 0.5294117647058824, 0.5, 0.5588235294117647, 0.5625]
 mean: 0.5900735294117647, std: 0.07975766623311337
F1 (Intime): [0.6357142857142857, 0.47058823529411764, 0.5072463768115942, 0.6458333333333333, 0.6267232237539766, 0.5584415584415584, 0.7332170880557978, 0.6146469049694856, 0.48484848484848486, 0.7408906882591093, 0.5228070175438597, 0.5228070175438597, 0.414387031408308, 0.5072463768115942, 0.5333333333333333]
 mean: 0.5679153970748465, std: 0.0917298572953756
--------------------------------------------------
Subject Number: 8
Accuracy Cross: [0.7857142857142857, 0.8095238095238095, 0.8095238095238095, 0.7857142857142857, 0.8333333333333334, 0.8452380952380952, 0.8214285714285714, 0.8095238095238095, 0.8214285714285714, 0.8452380952380952, 0.7857142857142857, 0.5833333333333334, 0.6666666666666666, 0.7380952380952381, 0.6904761904761905]
 mean: 0.7753968253968253, std: 0.07233115803215522
F1 Score: [0.7852272727272727, 0.8095238095238095, 0.8095238095238095, 0.7852272727272727, 0.8332387975042541, 0.8441558441558441, 0.8155467720685112, 0.8067855089131685, 0.8183129055515501, 0.8425378514780101, 0.7754010695187166, 0.4957983193277311, 0.6313479623824452, 0.71880706025563, 0.671875]
 mean: 0.762887283710535, std: 0.0931093582021907
Accuracy Intime: [0.8235294117647058, 0.8235294117647058, 0.8235294117647058, 0.8529411764705882, 0.84375, 0.8529411764705882, 0.7941176470588235, 0.7647058823529411, 0.6764705882352942, 0.9375, 0.7647058823529411, 0.6176470588235294, 0.6764705882352942, 0.6764705882352942, 0.71875]
 mean: 0.7764705882352939, std: 0.08482959630611181
F1 (Intime): [0.8229166666666667, 0.8229166666666667, 0.8210526315789474, 0.8464317976513098, 0.8398398398398399, 0.85178727114211, 0.7895667550839964, 0.7509157509157509, 0.652093023255814, 0.9375, 0.7571428571428571, 0.5729468599033817, 0.6210739614994933, 0.6621499548328816, 0.718475073313783]
 mean: 0.7644539406329002, std: 0.09774795836597182
--------------------------------------------------
Subject Number: 9
Accuracy Cross: [0.75, 0.7619047619047619, 0.7261904761904762, 0.7380952380952381, 0.75, 0.6547619047619048, 0.7023809523809523, 0.5833333333333334, 0.7380952380952381, 0.6428571428571429, 0.5952380952380952, 0.6309523809523809, 0.6190476190476191, 0.7261904761904762, 0.7023809523809523]
 mean: 0.6880952380952381, std: 0.058997674730304116
F1 Score: [0.7499645641389086, 0.7597254004576659, 0.7242757242757243, 0.7379466817923993, 0.7499645641389086, 0.6462901118048496, 0.7002997002997002, 0.5760634462869503, 0.7356979405034325, 0.6326530612244898, 0.5592592592592593, 0.5884305357989568, 0.5961538461538461, 0.71449682281661, 0.6782595373065727]
 mean: 0.6766320797505517, std: 0.06839883033863382
Accuracy Intime: [0.8235294117647058, 0.7352941176470589, 0.7647058823529411, 0.6764705882352942, 0.71875, 0.7941176470588235, 0.7647058823529411, 0.6470588235294118, 0.8823529411764706, 0.6875, 0.7647058823529411, 0.6764705882352942, 0.8235294117647058, 0.7647058823529411, 0.875]
 mean: 0.7599264705882353, std: 0.06918475569799985
F1 (Intime): [0.8210526315789474, 0.7235772357723578, 0.7571428571428571, 0.6739319965126417, 0.718475073313783, 0.7925021795989537, 0.7638888888888888, 0.6470588235294118, 0.880701754385965, 0.6825396825396826, 0.7638888888888888, 0.652093023255814, 0.8178571428571428, 0.7509157509157509, 0.873015873015873]
 mean: 0.7545761201464638, std: 0.07118557273538324
--------------------------------------------------
Subject Number: 10
Accuracy Cross: [0.5952380952380952, 0.5952380952380952, 0.5952380952380952, 0.5476190476190477, 0.6071428571428571, 0.6071428571428571, 0.5714285714285714, 0.6071428571428571, 0.5595238095238095, 0.5952380952380952, 0.5952380952380952, 0.6309523809523809, 0.5833333333333334, 0.5595238095238095, 0.6190476190476191]
 mean: 0.5912698412698412, std: 0.02244783432338245
F1 Score: [0.595008508224617, 0.5943181818181817, 0.5943181818181817, 0.5473624503686898, 0.6043956043956044, 0.6025806451612903, 0.5711854792966535, 0.6043956043956044, 0.5487149702337738, 0.5931623931623932, 0.595008508224617, 0.6245133381398702, 0.5832742735648476, 0.5518385003604902, 0.6181818181818182]
 mean: 0.5885505638231088, std: 0.023096915062868102
Accuracy Intime: [0.7941176470588235, 0.6176470588235294, 0.6764705882352942, 0.5, 0.53125, 0.8235294117647058, 0.5588235294117647, 0.5588235294117647, 0.5, 0.6875, 0.7941176470588235, 0.6470588235294118, 0.5, 0.4117647058823529, 0.53125]
 mean: 0.6088235294117648, std: 0.12068347207685876
F1 (Intime): [0.7925021795989537, 0.6173160173160173, 0.6693191865605659, 0.49956709956709955, 0.4909862142099682, 0.8229166666666667, 0.5553618134263296, 0.5490716180371353, 0.4415458937198068, 0.6875, 0.7925021795989537, 0.6421052631578947, 0.48894783377541995, 0.4117647058823529, 0.5270935960591133]
 mean: 0.5992333511717518, std: 0.12729925306608436
--------------------------------------------------
Subject Number: 11
Accuracy Cross: [0.5595238095238095, 0.5833333333333334, 0.5714285714285714, 0.6190476190476191, 0.6785714285714286, 0.6428571428571429, 0.6547619047619048, 0.6071428571428571, 0.6547619047619048, 0.6309523809523809, 0.6071428571428571, 0.5714285714285714, 0.6428571428571429, 0.6666666666666666, 0.6190476190476191]
 mean: 0.6206349206349205, std: 0.03581115610374121
F1 Score: [0.5238241152137275, 0.5495633522292017, 0.5625, 0.6188315371525808, 0.6748387096774193, 0.6213942307692308, 0.6267810632756243, 0.5753025892446759, 0.6400177331165953, 0.6010418262601501, 0.5753025892446759, 0.5456730769230769, 0.6326530612244898, 0.6618746405980449, 0.6047058823529412]
 mean: 0.6009536271521623, std: 0.04286436711785368
Accuracy Intime: [0.6176470588235294, 0.6176470588235294, 0.7058823529411765, 0.7352941176470589, 0.6875, 0.7058823529411765, 0.6176470588235294, 0.7647058823529411, 0.6176470588235294, 0.6875, 0.5588235294117647, 0.5882352941176471, 0.7647058823529411, 0.7352941176470589, 0.5]
 mean: 0.6602941176470587, std: 0.07622273180810733
F1 (Intime): [0.6007226738934056, 0.5888372093023255, 0.678030303030303, 0.7332170880557978, 0.6862745098039216, 0.6964285714285714, 0.6146469049694856, 0.7571428571428571, 0.6007226738934056, 0.6666666666666667, 0.5255813953488373, 0.5492424242424242, 0.7614035087719297, 0.7332170880557978, 0.4817813765182186]
 mean: 0.644927683408263, std: 0.08393105293554967
--------------------------------------------------
Subject Number: 12
Accuracy Cross: [0.6666666666666666, 0.6904761904761905, 0.6666666666666666, 0.7976190476190477, 0.7142857142857143, 0.7261904761904762, 0.7142857142857143, 0.7142857142857143, 0.7976190476190477, 0.6904761904761905, 0.6190476190476191, 0.7142857142857143, 0.6785714285714286, 0.7380952380952381, 0.7023809523809523]
 mean: 0.7087301587301587, std: 0.0449377386250542
F1 Score: [0.6664775950085082, 0.6840277777777777, 0.6666666666666666, 0.7968994453136111, 0.7141236528644356, 0.7242757242757243, 0.703529411764706, 0.703529411764706, 0.7962037962037962, 0.6840277777777777, 0.5851851851851853, 0.6932440657334145, 0.6571428571428571, 0.7367521367521368, 0.6825396825396826]
 mean: 0.6996416791180656, std: 0.05093913796530012
Accuracy Intime: [0.6470588235294118, 0.6176470588235294, 0.5882352941176471, 0.7352941176470589, 0.71875, 0.8235294117647058, 0.8235294117647058, 0.8823529411764706, 0.7058823529411765, 0.59375, 0.7058823529411765, 0.9411764705882353, 0.7352941176470589, 0.7941176470588235, 0.84375]
 mean: 0.7437500000000001, std: 0.10296480821185365
F1 (Intime): [0.6357142857142857, 0.6091954022988506, 0.5868055555555556, 0.7332170880557978, 0.718475073313783, 0.8229166666666667, 0.8229166666666667, 0.880701754385965, 0.6964285714285714, 0.5933528836754643, 0.7048611111111112, 0.9409722222222222, 0.7332170880557978, 0.793939393939394, 0.8435972629521017]
 mean: 0.7410874017361488, std: 0.10462921713133692
--------------------------------------------------
Subject Number: 13
Accuracy Cross: [0.6071428571428571, 0.7023809523809523, 0.7261904761904762, 0.6547619047619048, 0.5714285714285714, 0.6785714285714286, 0.7261904761904762, 0.6904761904761905, 0.7738095238095238, 0.7261904761904762, 0.7142857142857143, 0.7619047619047619, 0.7380952380952381, 0.7142857142857143, 0.7142857142857143]
 mean: 0.6999999999999997, std: 0.05238095238095239
F1 Score: [0.5942028985507246, 0.702338766832034, 0.723010752688172, 0.650752688172043, 0.5625, 0.6763236763236764, 0.725216896600768, 0.690300623936472, 0.7737774627923459, 0.7261516654854713, 0.7101782633697526, 0.7613636363636364, 0.7379466817923993, 0.7061224489795919, 0.7061224489795919]
 mean: 0.6964205940577786, std: 0.05517785231730466
Accuracy Intime: [0.8235294117647058, 0.6764705882352942, 0.7352941176470589, 0.8823529411764706, 0.75, 0.7352941176470589, 0.7058823529411765, 0.7352941176470589, 0.6764705882352942, 0.6875, 0.8235294117647058, 0.6470588235294118, 0.6764705882352942, 0.7647058823529411, 0.5625]
 mean: 0.7254901960784313, std: 0.07659852922197413
F1 (Intime): [0.8131868131868132, 0.6739319965126417, 0.7294429708222812, 0.8819444444444444, 0.7490196078431373, 0.7332170880557978, 0.7048611111111112, 0.7350649350649351, 0.6761904761904762, 0.6536796536796536, 0.8210526315789474, 0.6470588235294118, 0.6761904761904762, 0.7638888888888888, 0.5625]
 mean: 0.7214153278066011, std: 0.07705651912791837
--------------------------------------------------
Subject Number: 14
Accuracy Cross: [0.6547619047619048, 0.6666666666666666, 0.6309523809523809, 0.7261904761904762, 0.7380952380952381, 0.5952380952380952, 0.6309523809523809, 0.7380952380952381, 0.75, 0.6785714285714286, 0.6904761904761905, 0.7261904761904762, 0.6428571428571429, 0.7380952380952381, 0.6785714285714286]
 mean: 0.6857142857142857, std: 0.04697983678396427
F1 Score: [0.6212097651998134, 0.6506238859180036, 0.595086300730835, 0.725216896600768, 0.7343300747556067, 0.5446428571428571, 0.595086300730835, 0.7223557692307692, 0.7456380677721701, 0.6525203002910984, 0.6816326530612244, 0.7214131218457102, 0.6050156739811913, 0.7254901960784313, 0.6679841897233202]
 mean: 0.6658830702041756, std: 0.06081671137647041
Accuracy Intime: [0.5882352941176471, 0.7352941176470589, 0.5588235294117647, 0.7058823529411765, 0.8125, 0.7352941176470589, 0.6764705882352942, 0.7058823529411765, 0.7941176470588235, 0.8125, 0.5882352941176471, 0.8235294117647058, 0.6176470588235294, 0.7058823529411765, 0.75]
 mean: 0.7073529411764705, std: 0.08404897443637387
F1 (Intime): [0.5824561403508772, 0.7235772357723578, 0.4522019334049409, 0.7048611111111112, 0.8117647058823529, 0.7332170880557978, 0.6693191865605659, 0.678030303030303, 0.7895667550839964, 0.8095238095238095, 0.5641025641025641, 0.8229166666666667, 0.5729468599033817, 0.6964285714285714, 0.7408906882591093]
 mean: 0.6901202412757603, std: 0.1035297411125026
--------------------------------------------------
**************************************************
accuracy_cross_list: [0.6952380952380952, 0.6873015873015873, 0.6706349206349206, 0.6357142857142858, 0.692063492063492, 0.5928571428571429, 0.5769841269841269, 0.7753968253968253, 0.6880952380952381, 0.5912698412698412, 0.6206349206349205, 0.7087301587301587, 0.6999999999999997, 0.6857142857142857]
f1_score_list: [0.6794214836671184, 0.6498125155357334, 0.649112719272848, 0.6044946322978252, 0.6658748757722055, 0.5866243690298883, 0.559838603466866, 0.762887283710535, 0.6766320797505517, 0.5885505638231088, 0.6009536271521623, 0.6996416791180656, 0.6964205940577786, 0.6658830702041756]
accuracy_intime_list: [0.7743872549019609, 0.7145833333333335, 0.6845588235294116, 0.6745098039215686, 0.6810049019607843, 0.6224264705882353, 0.5900735294117647, 0.7764705882352939, 0.7599264705882353, 0.6088235294117648, 0.6602941176470587, 0.7437500000000001, 0.7254901960784313, 0.7073529411764705]
f1_score_intime_list: [0.7717001876047823, 0.694421442889286, 0.6770389997717405, 0.6554662572790652, 0.6612612949364994, 0.6173820420614275, 0.5679153970748465, 0.7644539406329002, 0.7545761201464638, 0.5992333511717518, 0.644927683408263, 0.7410874017361488, 0.7214153278066011, 0.6901202412757603]
**************************************************
ACC: 66.58±5.32
F1: 64.90±5.33
Intime: 69.45±5.77
F1 (Intime): 68.29±6.09
