1e-06
Subject Number: 1
Accuracy Cross: [0.875, 0.75, 0.6875, 0.71875, 0.75, 0.7272727272727273, 0.7272727272727273, 0.7272727272727273, 0.7272727272727273, 0.7575757575757576, 0.8125, 0.75, 0.96875, 0.8125, 0.8125]
 mean: 0.7736111111111111, std: 0.07016141593345422
F1 Score: [0.873015873015873, 0.7408906882591093, 0.6825396825396826, 0.681063122923588, 0.722943722943723, 0.6996966632962589, 0.6996966632962589, 0.7272727272727273, 0.6857142857142857, 0.7555555555555555, 0.8095238095238095, 0.7490196078431373, 0.9684729064039409, 0.7922077922077921, 0.8125]
 mean: 0.7600075400530495, std: 0.0776539127422329
Accuracy Intime: [0.9285714285714286, 0.7857142857142857, 0.75, 0.5833333333333334, 0.6666666666666666, 1.0, 0.8571428571428571, 0.8333333333333334, 0.75, 1.0, 0.7857142857142857, 0.8571428571428571, 0.8333333333333334, 0.75, 0.8333333333333334]
 mean: 0.8142857142857145, std: 0.1083093467252824
F1 (Intime): [0.9251336898395721, 0.7543859649122806, 0.7482517482517483, 0.4957983193277311, 0.625, 1.0, 0.8541666666666667, 0.8285714285714285, 0.7333333333333334, 1.0, 0.7543859649122806, 0.8541666666666667, 0.8285714285714285, 0.7333333333333334, 0.8333333333333334]
 mean: 0.7978954585146536, std: 0.12730423847447606
--------------------------------------------------
Subject Number: 2
Accuracy Cross: [0.6060606060606061, 0.6363636363636364, 0.6666666666666666, 0.5454545454545454, 0.6060606060606061, 0.6875, 0.75, 0.53125, 0.59375, 0.5, 0.5454545454545454, 0.6060606060606061, 0.5757575757575758, 0.6363636363636364, 0.5151515151515151]
 mean: 0.6001262626262627, std: 0.06626123803285268
F1 Score: [0.6001863932898416, 0.6071428571428572, 0.6616961789375583, 0.47619047619047616, 0.5662285136501517, 0.6761133603238867, 0.75, 0.5270935960591133, 0.5733333333333333, 0.5, 0.543778801843318, 0.6001863932898416, 0.5657894736842105, 0.6278195488721805, 0.5147058823529411]
 mean: 0.586017653931314, std: 0.07028234740205247
Accuracy Intime: [0.6428571428571429, 0.7142857142857143, 0.6666666666666666, 0.75, 0.5833333333333334, 0.5, 0.7857142857142857, 0.5, 0.5833333333333334, 0.75, 0.5, 0.5714285714285714, 0.5833333333333334, 0.6666666666666666, 0.4166666666666667]
 mean: 0.6142857142857141, std: 0.10503211904815608
F1 (Intime): [0.641025641025641, 0.7083333333333333, 0.5555555555555556, 0.7482517482517483, 0.4957983193277311, 0.49743589743589745, 0.7846153846153847, 0.49743589743589745, 0.5804195804195804, 0.7333333333333334, 0.4269005847953216, 0.5714285714285714, 0.5804195804195804, 0.6571428571428571, 0.4125874125874126]
 mean: 0.5927122464738565, std: 0.11262596973500887
--------------------------------------------------
Subject Number: 3
Accuracy Cross: [0.59375, 0.5, 0.40625, 0.5625, 0.65625, 0.6666666666666666, 0.5151515151515151, 0.45454545454545453, 0.5151515151515151, 0.6363636363636364, 0.45454545454545453, 0.48484848484848486, 0.42424242424242425, 0.5757575757575758, 0.45454545454545453]
 mean: 0.5267045454545455, std: 0.08162505264603141
F1 Score: [0.5901477832512315, 0.4980392156862745, 0.4056695992179863, 0.5465587044534412, 0.6389743589743591, 0.6552706552706553, 0.49230769230769234, 0.4540441176470588, 0.4260869565217391, 0.5695652173913044, 0.45, 0.48294930875576036, 0.41565703634669154, 0.5557692307692308, 0.4540441176470588]
 mean: 0.5090055996160323, std: 0.07702939934280967
Accuracy Intime: [0.5, 0.35714285714285715, 0.6428571428571429, 0.6666666666666666, 0.5833333333333334, 0.42857142857142855, 0.7142857142857143, 0.5833333333333334, 0.5833333333333334, 0.4166666666666667, 0.5, 0.7857142857142857, 0.8333333333333334, 0.5833333333333334, 0.6666666666666666]
 mean: 0.5896825396825397, std: 0.13018292458059066
F1 (Intime): [0.49743589743589745, 0.35384615384615387, 0.641025641025641, 0.6571428571428571, 0.5555555555555556, 0.42857142857142855, 0.65, 0.5555555555555556, 0.5555555555555556, 0.4125874125874126, 0.4269005847953216, 0.7846153846153847, 0.8125, 0.5804195804195804, 0.6666666666666666]
 mean: 0.5718918849182005, std: 0.12940273630756421
--------------------------------------------------
Subject Number: 4
Accuracy Cross: [0.7878787878787878, 0.7878787878787878, 0.8484848484848485, 0.8181818181818182, 0.7272727272727273, 0.7272727272727273, 0.6666666666666666, 0.7878787878787878, 0.696969696969697, 0.6363636363636364, 0.6060606060606061, 0.6060606060606061, 0.7575757575757576, 0.6666666666666666, 0.6363636363636364]
 mean: 0.7171717171717172, std: 0.07639462788359207
F1 Score: [0.7746341463414634, 0.7746341463414634, 0.8390243902439025, 0.8035714285714286, 0.6857142857142857, 0.7102439024390244, 0.6458536585365854, 0.7847157502329916, 0.6590909090909091, 0.6278195488721805, 0.5814634146341464, 0.5925925925925926, 0.7555555555555555, 0.6654377880184332, 0.6278195488721805]
 mean: 0.7018780710704762, std: 0.07896068992086008
Accuracy Intime: [0.7142857142857143, 0.7142857142857143, 0.6428571428571429, 0.5, 0.6666666666666666, 0.7857142857142857, 0.7142857142857143, 0.8571428571428571, 0.5, 0.6666666666666666, 0.8571428571428571, 0.9285714285714286, 0.9285714285714286, 0.8333333333333334, 0.5833333333333334]
 mean: 0.7261904761904763, std: 0.13377195428070343
F1 (Intime): [0.6888888888888889, 0.7083333333333333, 0.641025641025641, 0.4857142857142857, 0.625, 0.7846153846153847, 0.7083333333333333, 0.8541666666666667, 0.3333333333333333, 0.6571428571428571, 0.8541666666666667, 0.9251336898395721, 0.9251336898395721, 0.8333333333333334, 0.5804195804195804]
 mean: 0.70698271227683, std: 0.15894980125431526
--------------------------------------------------
Subject Number: 5
Accuracy Cross: [0.59375, 0.65625, 0.59375, 0.625, 0.625, 0.65625, 0.59375, 0.5625, 0.78125, 0.5, 0.4375, 0.53125, 0.5, 0.71875, 0.53125]
 mean: 0.59375, std: 0.08615030470056388
F1 Score: [0.5901477832512315, 0.6559139784946236, 0.5901477832512315, 0.625, 0.625, 0.6532019704433498, 0.5901477832512315, 0.5555555555555556, 0.7810361681329423, 0.4980392156862745, 0.4, 0.4909862142099682, 0.4817813765182186, 0.718475073313783, 0.5195195195195195]
 mean: 0.5849968281085288, std: 0.09509297106518183
Accuracy Intime: [0.7857142857142857, 0.8571428571428571, 0.5, 0.5, 0.5833333333333334, 0.9285714285714286, 0.7857142857142857, 1.0, 0.8333333333333334, 0.8333333333333334, 0.7857142857142857, 0.9285714285714286, 0.9166666666666666, 0.75, 0.5]
 mean: 0.7658730158730158, std: 0.16222346472359878
F1 (Intime): [0.7846153846153847, 0.8571428571428571, 0.5, 0.4857142857142857, 0.5555555555555556, 0.9282051282051282, 0.7846153846153847, 1.0, 0.8285714285714285, 0.8285714285714285, 0.7846153846153847, 0.9282051282051282, 0.9111111111111111, 0.7482517482517483, 0.4375]
 mean: 0.7575116550116551, std: 0.17250326440368394
--------------------------------------------------
Subject Number: 6
Accuracy Cross: [0.6875, 0.53125, 0.6875, 0.71875, 0.625, 0.5454545454545454, 0.5151515151515151, 0.48484848484848486, 0.5151515151515151, 0.696969696969697, 0.5151515151515151, 0.6060606060606061, 0.6363636363636364, 0.6363636363636364, 0.6060606060606061]
 mean: 0.6005050505050505, std: 0.0751513518075503
F1 Score: [0.6862745098039216, 0.530791788856305, 0.6761133603238867, 0.7117117117117118, 0.6, 0.44568868980963045, 0.38888888888888884, 0.40634920634920635, 0.49230769230769234, 0.6726190476190477, 0.5147058823529411, 0.5925925925925926, 0.6333333333333333, 0.6192307692307693, 0.6060606060606061]
 mean: 0.5717778719493688, std: 0.10005258001778161
Accuracy Intime: [0.7142857142857143, 0.5714285714285714, 0.5714285714285714, 0.6666666666666666, 0.4166666666666667, 0.8571428571428571, 0.7857142857142857, 0.9166666666666666, 0.5, 0.5833333333333334, 0.42857142857142855, 0.7857142857142857, 0.5, 0.5833333333333334, 0.4166666666666667]
 mean: 0.6198412698412699, std: 0.15615772659625832
F1 (Intime): [0.7142857142857143, 0.5625, 0.5625, 0.6666666666666666, 0.4125874125874126, 0.8571428571428571, 0.7754010695187166, 0.9111111111111111, 0.4857142857142857, 0.5555555555555556, 0.42857142857142855, 0.7846153846153847, 0.4375, 0.5804195804195804, 0.4125874125874126]
 mean: 0.6098105652517418, std: 0.16085113114167748
--------------------------------------------------
Subject Number: 7
Accuracy Cross: [0.59375, 0.625, 0.59375, 0.5625, 0.625, 0.34375, 0.59375, 0.4375, 0.46875, 0.53125, 0.59375, 0.625, 0.53125, 0.5625, 0.75]
 mean: 0.5625, std: 0.09128709291752768
F1 Score: [0.5733333333333333, 0.611336032388664, 0.5933528836754643, 0.5465587044534412, 0.6, 0.343108504398827, 0.5733333333333333, 0.43529411764705883, 0.4420512820512821, 0.5270935960591133, 0.5933528836754643, 0.611336032388664, 0.530791788856305, 0.5465587044534412, 0.7490196078431373]
 mean: 0.5517680536371686, std: 0.09054124865733473
Accuracy Intime: [0.6428571428571429, 0.5714285714285714, 0.4166666666666667, 0.5833333333333334, 0.5833333333333334, 0.6428571428571429, 0.5, 0.75, 0.4166666666666667, 0.5, 0.5714285714285714, 0.8571428571428571, 0.5833333333333334, 0.5833333333333334, 0.6666666666666666]
 mean: 0.5912698412698413, std: 0.11122443200860221
F1 (Intime): [0.625668449197861, 0.5714285714285714, 0.4125874125874126, 0.5804195804195804, 0.5804195804195804, 0.5906432748538011, 0.3333333333333333, 0.7482517482517483, 0.4125874125874126, 0.5, 0.5714285714285714, 0.8541666666666667, 0.5804195804195804, 0.5804195804195804, 0.6666666666666666]
 mean: 0.573896028578691, std: 0.125452027701504
--------------------------------------------------
Subject Number: 8
Accuracy Cross: [0.5625, 0.71875, 0.65625, 0.5, 0.65625, 0.65625, 0.53125, 0.71875, 0.5625, 0.5625, 0.65625, 0.53125, 0.375, 0.78125, 0.75]
 mean: 0.6145833333333334, std: 0.10561493213030479
F1 Score: [0.5151515151515151, 0.7046153846153846, 0.6532019704433498, 0.3816425120772947, 0.6267232237539766, 0.6101882613510521, 0.5195195195195195, 0.7046153846153846, 0.5465587044534412, 0.5607843137254902, 0.6389743589743591, 0.5270935960591133, 0.36507936507936506, 0.751937984496124, 0.746031746031746]
 mean: 0.5901411893564744, std: 0.11438586015778035
Accuracy Intime: [0.7857142857142857, 0.7857142857142857, 0.8333333333333334, 0.5833333333333334, 0.4166666666666667, 0.42857142857142855, 0.6428571428571429, 0.5, 0.4166666666666667, 0.5833333333333334, 0.6428571428571429, 0.6428571428571429, 0.6666666666666666, 0.8333333333333334, 0.75]
 mean: 0.6341269841269842, std: 0.14142581010255703
F1 (Intime): [0.7846153846153847, 0.7846153846153847, 0.8125, 0.5804195804195804, 0.37777777777777777, 0.41666666666666663, 0.5906432748538011, 0.4375, 0.4125874125874126, 0.5555555555555556, 0.5906432748538011, 0.641025641025641, 0.625, 0.8285714285714285, 0.7333333333333334]
 mean: 0.6114303143250512, std: 0.14849248719792194
--------------------------------------------------
Subject Number: 9
Accuracy Cross: [0.78125, 0.71875, 0.875, 0.84375, 0.8125, 0.78125, 0.78125, 0.6875, 0.6875, 0.6875, 0.65625, 0.78125, 0.71875, 0.6875, 0.84375]
 mean: 0.75625, std: 0.0667317390751957
F1 Score: [0.7624602332979851, 0.681063122923588, 0.873015873015873, 0.8303287380699894, 0.8, 0.7757757757757757, 0.7757757757757757, 0.6761133603238867, 0.6363636363636364, 0.6761133603238867, 0.5883040935672514, 0.7793103448275862, 0.7117117117117118, 0.6666666666666667, 0.8358974358974359]
 mean: 0.7379266752360698, std: 0.07948191781553689
Accuracy Intime: [0.9285714285714286, 0.9285714285714286, 0.9166666666666666, 0.6666666666666666, 0.5833333333333334, 1.0, 0.9285714285714286, 1.0, 0.75, 0.5833333333333334, 1.0, 0.9285714285714286, 0.75, 0.4166666666666667, 0.5833333333333334]
 mean: 0.7976190476190477, std: 0.18442777839082936
F1 (Intime): [0.9251336898395721, 0.9251336898395721, 0.9111111111111111, 0.625, 0.5555555555555556, 1.0, 0.9251336898395721, 1.0, 0.7482517482517483, 0.5804195804195804, 1.0, 0.9282051282051282, 0.6974789915966386, 0.37777777777777777, 0.5555555555555556]
 mean: 0.7836504345327875, std: 0.1969017873134508
--------------------------------------------------
Subject Number: 10
Accuracy Cross: [0.71875, 0.625, 0.78125, 0.625, 0.65625, 0.53125, 0.625, 0.53125, 0.4375, 0.5625, 0.5757575757575758, 0.5757575757575758, 0.5757575757575758, 0.696969696969697, 0.36363636363636365]
 mean: 0.592108585858586, std: 0.10177022235330448
F1 Score: [0.694591728525981, 0.625, 0.7810361681329423, 0.611336032388664, 0.6389743589743591, 0.5270935960591133, 0.6190476190476191, 0.5195195195195195, 0.34545454545454546, 0.5555555555555556, 0.5753676470588236, 0.5557692307692308, 0.5657894736842105, 0.6826923076923077, 0.3418803418803419]
 mean: 0.5759405416495477, std: 0.11296977247303544
Accuracy Intime: [0.5714285714285714, 0.5, 0.5833333333333334, 0.6666666666666666, 0.6666666666666666, 0.7857142857142857, 0.7857142857142857, 0.6666666666666666, 0.5833333333333334, 0.6666666666666666, 0.6428571428571429, 1.0, 0.75, 0.6666666666666666, 0.5833333333333334]
 mean: 0.6746031746031746, std: 0.11653431646335016
F1 (Intime): [0.5333333333333333, 0.49743589743589745, 0.5804195804195804, 0.6571428571428571, 0.625, 0.7846153846153847, 0.7846153846153847, 0.625, 0.4957983193277311, 0.625, 0.5238095238095237, 1.0, 0.6974789915966386, 0.625, 0.5804195804195804]
 mean: 0.642337923514394, std: 0.12882526875423958
--------------------------------------------------
Subject Number: 11
Accuracy Cross: [0.3939393939393939, 0.42424242424242425, 0.45454545454545453, 0.42424242424242425, 0.45454545454545453, 0.5454545454545454, 0.5151515151515151, 0.6363636363636364, 0.42424242424242425, 0.5757575757575758, 0.5151515151515151, 0.48484848484848486, 0.45454545454545453, 0.6363636363636364, 0.5757575757575758]
 mean: 0.501010101010101, std: 0.07575084145152595
F1 Score: [0.37969924812030076, 0.4221198156682028, 0.4540441176470588, 0.3660262891809909, 0.44172932330827064, 0.4994944388270981, 0.45454545454545453, 0.6333333333333333, 0.3660262891809909, 0.5557692307692308, 0.5111111111111111, 0.4327603640040445, 0.38636363636363635, 0.5695652173913044, 0.5416666666666666]
 mean: 0.46761696907451306, std: 0.07886724890007138
Accuracy Intime: [0.6428571428571429, 0.5714285714285714, 0.8571428571428571, 0.75, 0.5833333333333334, 0.6428571428571429, 0.7142857142857143, 0.6428571428571429, 0.5833333333333334, 0.4166666666666667, 0.2857142857142857, 0.8571428571428571, 0.5, 0.5833333333333334, 0.5833333333333334]
 mean: 0.6142857142857143, std: 0.1448146311663598
F1 (Intime): [0.641025641025641, 0.5625, 0.8444444444444444, 0.7333333333333334, 0.4957983193277311, 0.641025641025641, 0.6888888888888889, 0.641025641025641, 0.5804195804195804, 0.37777777777777777, 0.2708333333333333, 0.8541666666666667, 0.47593582887700536, 0.5555555555555556, 0.5804195804195804]
 mean: 0.5962100154747214, std: 0.15121690971208596
--------------------------------------------------
Subject Number: 12
Accuracy Cross: [0.65625, 0.78125, 0.8125, 0.6875, 0.65625, 0.6363636363636364, 0.696969696969697, 0.8787878787878788, 0.6060606060606061, 0.696969696969697, 0.75, 0.6875, 0.6875, 0.65625, 0.6875]
 mean: 0.7051767676767677, std: 0.06956085284662725
F1 Score: [0.6101882613510521, 0.7702564102564102, 0.7922077922077921, 0.6363636363636364, 0.5594493116395495, 0.5416666666666666, 0.6590909090909091, 0.8730769230769231, 0.4849939975990396, 0.6590909090909091, 0.7408906882591093, 0.6825396825396826, 0.6862745098039216, 0.5883040935672514, 0.6761133603238867]
 mean: 0.6640338101224492, std: 0.09856184879242204
Accuracy Intime: [0.6428571428571429, 0.7857142857142857, 0.75, 0.6666666666666666, 0.5833333333333334, 0.5714285714285714, 0.7142857142857143, 0.6666666666666666, 0.5833333333333334, 0.5833333333333334, 1.0, 0.9285714285714286, 0.8333333333333334, 0.75, 0.75]
 mean: 0.7206349206349205, std: 0.1242412091655811
F1 (Intime): [0.5238095238095237, 0.7846153846153847, 0.6974789915966386, 0.6571428571428571, 0.4957983193277311, 0.36363636363636365, 0.6888888888888889, 0.625, 0.5555555555555556, 0.5804195804195804, 1.0, 0.9251336898395721, 0.7777777777777777, 0.7333333333333334, 0.7333333333333334]
 mean: 0.6761282399517694, std: 0.15836787553842185
--------------------------------------------------
Subject Number: 13
Accuracy Cross: [0.75, 0.75, 0.71875, 0.75, 0.59375, 0.6666666666666666, 0.5151515151515151, 0.696969696969697, 0.6666666666666666, 0.6060606060606061, 0.625, 0.71875, 0.75, 0.625, 0.5625]
 mean: 0.6663510101010102, std: 0.07320728412065018
F1 Score: [0.7333333333333334, 0.7333333333333334, 0.694591728525981, 0.722943722943723, 0.4793491864831039, 0.6654377880184332, 0.5037593984962406, 0.6966911764705883, 0.6329625884732053, 0.6046082949308755, 0.611336032388664, 0.694591728525981, 0.7408906882591093, 0.5636363636363637, 0.5333333333333333]
 mean: 0.6407199131434846, std: 0.08485187625240188
Accuracy Intime: [0.6428571428571429, 0.42857142857142855, 0.6666666666666666, 0.5833333333333334, 0.5, 0.5714285714285714, 0.7857142857142857, 0.5833333333333334, 0.8333333333333334, 0.75, 0.7142857142857143, 0.7857142857142857, 0.9166666666666666, 0.75, 0.8333333333333334]
 mean: 0.6896825396825397, std: 0.1323137509762492
F1 (Intime): [0.5906432748538011, 0.41666666666666663, 0.625, 0.5555555555555556, 0.4375, 0.5333333333333333, 0.7754010695187166, 0.5804195804195804, 0.8333333333333334, 0.7333333333333334, 0.6888888888888889, 0.7543859649122806, 0.9111111111111111, 0.7333333333333334, 0.8333333333333334]
 mean: 0.6668159185728846, std: 0.14243218609387512
--------------------------------------------------
Subject Number: 14
Accuracy Cross: [0.40625, 0.71875, 0.53125, 0.6875, 0.6875, 0.71875, 0.6875, 0.6875, 0.71875, 0.65625, 0.6875, 0.53125, 0.53125, 0.65625, 0.8125]
 mean: 0.6479166666666667, std: 0.09978275012356705
F1 Score: [0.4009852216748768, 0.718475073313783, 0.5270935960591133, 0.6666666666666667, 0.6536796536796536, 0.694591728525981, 0.6666666666666667, 0.6825396825396826, 0.694591728525981, 0.6532019704433498, 0.6666666666666667, 0.5270935960591133, 0.530791788856305, 0.6559139784946236, 0.8]
 mean: 0.635930534544831, std: 0.09542127291357667
Accuracy Intime: [0.7142857142857143, 0.7142857142857143, 0.5833333333333334, 0.8333333333333334, 0.75, 0.8571428571428571, 0.7857142857142857, 0.8333333333333334, 0.8333333333333334, 0.6666666666666666, 0.7142857142857143, 0.42857142857142855, 0.75, 0.6666666666666666, 0.8333333333333334]
 mean: 0.7309523809523809, std: 0.11072495254981135
F1 (Intime): [0.65, 0.6888888888888889, 0.5804195804195804, 0.8333333333333334, 0.7482517482517483, 0.8541666666666667, 0.7543859649122806, 0.8125, 0.8285714285714285, 0.6571428571428571, 0.65, 0.41666666666666663, 0.7333333333333334, 0.6666666666666666, 0.8333333333333334]
 mean: 0.7138440312124523, std: 0.11392414245985923
--------------------------------------------------
Subject Number: 15
Accuracy Cross: [0.8125, 0.5625, 0.5625, 0.65625, 0.78125, 0.71875, 0.78125, 0.6875, 0.71875, 0.71875, 0.59375, 0.6875, 0.53125, 0.75, 0.59375]
 mean: 0.6770833333333334, std: 0.08665264309618925
F1 Score: [0.8056680161943319, 0.5555555555555556, 0.5607843137254902, 0.6476476476476476, 0.7624602332979851, 0.716256157635468, 0.7793103448275862, 0.6875, 0.681063122923588, 0.718475073313783, 0.5933528836754643, 0.6862745098039216, 0.530791788856305, 0.7333333333333334, 0.5933528836754643]
 mean: 0.6701217242977283, std: 0.08356674956584084
Accuracy Intime: [0.7142857142857143, 1.0, 0.6666666666666666, 0.6666666666666666, 0.5833333333333334, 0.6428571428571429, 0.5714285714285714, 0.8333333333333334, 0.8333333333333334, 0.6666666666666666, 0.8571428571428571, 0.8571428571428571, 0.9166666666666666, 0.6666666666666666, 0.8333333333333334]
 mean: 0.7539682539682541, std: 0.12490863377942689
F1 (Intime): [0.7083333333333333, 1.0, 0.6666666666666666, 0.6666666666666666, 0.5555555555555556, 0.641025641025641, 0.5625, 0.8285714285714285, 0.8285714285714285, 0.6666666666666666, 0.8444444444444444, 0.8444444444444444, 0.9111111111111111, 0.625, 0.8285714285714285]
 mean: 0.7452085877085877, std: 0.12845416492975037
--------------------------------------------------
Subject Number: 16
Accuracy Cross: [0.59375, 0.5, 0.5, 0.6875, 0.71875, 0.625, 0.59375, 0.625, 0.625, 0.53125, 0.4375, 0.625, 0.65625, 0.625, 0.53125]
 mean: 0.5916666666666667, std: 0.07436070123989479
F1 Score: [0.5835835835835836, 0.5, 0.4817813765182186, 0.6875, 0.718475073313783, 0.6235294117647059, 0.5733333333333333, 0.625, 0.611336032388664, 0.5270935960591133, 0.4, 0.611336032388664, 0.6267232237539766, 0.6, 0.530791788856305]
 mean: 0.5800322301306898, std: 0.07870750225238153
Accuracy Intime: [0.7142857142857143, 0.6428571428571429, 0.3333333333333333, 0.75, 0.5833333333333334, 0.5714285714285714, 0.5714285714285714, 0.6666666666666666, 0.6666666666666666, 0.5, 0.8571428571428571, 0.7857142857142857, 0.75, 0.75, 0.5]
 mean: 0.6428571428571428, std: 0.13098845102081114
F1 (Intime): [0.7142857142857143, 0.625668449197861, 0.3333333333333333, 0.7333333333333334, 0.5555555555555556, 0.5625, 0.5625, 0.6571428571428571, 0.6571428571428571, 0.4375, 0.8541666666666667, 0.7754010695187166, 0.7333333333333334, 0.7482517482517483, 0.5]
 mean: 0.6300076611841319, std: 0.134647526496377
--------------------------------------------------
Subject Number: 17
Accuracy Cross: [0.6363636363636364, 0.5757575757575758, 0.6363636363636364, 0.5757575757575758, 0.45454545454545453, 0.5757575757575758, 0.6060606060606061, 0.5454545454545454, 0.5454545454545454, 0.2727272727272727, 0.5, 0.46875, 0.4375, 0.5625, 0.59375]
 mean: 0.5324494949494949, std: 0.09139342955553122
F1 Score: [0.6278195488721805, 0.5557692307692308, 0.6278195488721805, 0.5227272727272727, 0.4288461538461539, 0.5657894736842105, 0.6060606060606061, 0.5386766076421249, 0.4994944388270981, 0.2556390977443609, 0.4920634920634921, 0.4420512820512821, 0.43529411764705883, 0.5151515151515151, 0.5733333333333333]
 mean: 0.5124357146194733, std: 0.09275282839279951
Accuracy Intime: [0.7857142857142857, 0.7142857142857143, 0.8333333333333334, 0.4166666666666667, 0.6666666666666666, 0.7142857142857143, 0.6428571428571429, 0.4166666666666667, 0.5, 0.9166666666666666, 0.8571428571428571, 0.7857142857142857, 0.5714285714285714, 0.6666666666666666, 0.8333333333333334]
 mean: 0.6880952380952381, std: 0.15116078948641312
F1 (Intime): [0.7846153846153847, 0.6888888888888889, 0.7777777777777777, 0.4125874125874126, 0.625, 0.6888888888888889, 0.641025641025641, 0.4125874125874126, 0.4375, 0.916083916083916, 0.8571428571428571, 0.7846153846153847, 0.5714285714285714, 0.6571428571428571, 0.8333333333333334]
 mean: 0.672574555074555, std: 0.15493783148168463
--------------------------------------------------
Subject Number: 18
Accuracy Cross: [0.696969696969697, 0.7878787878787878, 0.7575757575757576, 0.8484848484848485, 0.8787878787878788, 0.8125, 0.59375, 0.53125, 0.65625, 0.71875, 0.59375, 0.90625, 0.84375, 0.78125, 0.8125]
 mean: 0.747979797979798, std: 0.10922950534668648
F1 Score: [0.6944444444444444, 0.7878787878787878, 0.7573529411764706, 0.847926267281106, 0.8730769230769231, 0.8117647058823529, 0.5933528836754643, 0.5270935960591133, 0.6476476476476476, 0.716256157635468, 0.5933528836754643, 0.9015384615384616, 0.8398398398398399, 0.7757757757757757, 0.8117647058823529]
 mean: 0.7452710680979782, std: 0.10914367699966523
Accuracy Intime: [0.6428571428571429, 0.9285714285714286, 0.6666666666666666, 0.8333333333333334, 0.3333333333333333, 1.0, 0.7857142857142857, 0.75, 0.6666666666666666, 0.5, 1.0, 0.7142857142857143, 0.9166666666666666, 0.6666666666666666, 0.5833333333333334]
 mean: 0.7325396825396825, std: 0.17996108310857234
F1 (Intime): [0.641025641025641, 0.9251336898395721, 0.6666666666666666, 0.8285714285714285, 0.25, 1.0, 0.7846153846153847, 0.7482517482517483, 0.6571428571428571, 0.5, 1.0, 0.6888888888888889, 0.9111111111111111, 0.6571428571428571, 0.5804195804195804]
 mean: 0.722597990245049, std: 0.19301073163754937
--------------------------------------------------
Subject Number: 19
Accuracy Cross: [0.71875, 0.6875, 0.65625, 0.59375, 0.65625, 0.625, 0.5625, 0.53125, 0.625, 0.53125, 0.625, 0.625, 0.6875, 0.5625, 0.65625]
 mean: 0.6229166666666667, std: 0.05527707983925667
F1 Score: [0.7117117117117118, 0.6536796536796536, 0.6476476476476476, 0.5134502923976608, 0.5594493116395495, 0.536231884057971, 0.45893719806763283, 0.4684385382059801, 0.536231884057971, 0.5076923076923077, 0.625, 0.6235294117647059, 0.6862745098039216, 0.49090909090909085, 0.6559139784946236]
 mean: 0.5783398280086952, std: 0.08051450628206792
Accuracy Intime: [0.7857142857142857, 0.7142857142857143, 0.75, 0.9166666666666666, 0.4166666666666667, 0.7142857142857143, 0.7857142857142857, 0.5833333333333334, 0.8333333333333334, 0.4166666666666667, 0.7857142857142857, 0.7857142857142857, 0.8333333333333334, 0.75, 0.6666666666666666]
 mean: 0.7158730158730158, std: 0.1387550375425578
F1 (Intime): [0.7754010695187166, 0.6888888888888889, 0.6974789915966386, 0.916083916083916, 0.4125874125874126, 0.7083333333333333, 0.7543859649122806, 0.5555555555555556, 0.8285714285714285, 0.37777777777777777, 0.7754010695187166, 0.7543859649122806, 0.8285714285714285, 0.7333333333333334, 0.625]
 mean: 0.6954504090107806, std: 0.14398195067261488
--------------------------------------------------
Subject Number: 20
Accuracy Cross: [0.75, 0.65625, 0.65625, 0.71875, 0.6875, 0.65625, 0.6875, 0.65625, 0.53125, 0.53125, 0.696969696969697, 0.7272727272727273, 0.6060606060606061, 0.6060606060606061, 0.6363636363636364]
 mean: 0.6535984848484849, std: 0.06214430465095708
F1 Score: [0.746031746031746, 0.6267232237539766, 0.6532019704433498, 0.7046153846153846, 0.6536796536796536, 0.6559139784946236, 0.6536796536796536, 0.6559139784946236, 0.5076923076923077, 0.530791788856305, 0.6966911764705883, 0.6996966632962589, 0.6046082949308755, 0.5662285136501517, 0.6360294117647058]
 mean: 0.6394331830569472, std: 0.0630155062598454
Accuracy Intime: [0.7857142857142857, 0.7857142857142857, 0.75, 0.5, 0.5, 0.5714285714285714, 0.7142857142857143, 0.8333333333333334, 0.4166666666666667, 0.5833333333333334, 1.0, 1.0, 0.75, 0.75, 0.75]
 mean: 0.7126984126984126, std: 0.16546429480290706
F1 (Intime): [0.7754010695187166, 0.7543859649122806, 0.7333333333333334, 0.4857142857142857, 0.4857142857142857, 0.5625, 0.7083333333333333, 0.8285714285714285, 0.37777777777777777, 0.5804195804195804, 1.0, 1.0, 0.7482517482517483, 0.7333333333333334, 0.7333333333333334]
 mean: 0.7004712982808958, std: 0.17122520566001612
--------------------------------------------------
Subject Number: 21
Accuracy Cross: [0.59375, 0.46875, 0.4375, 0.4375, 0.46875, 0.46875, 0.5625, 0.5, 0.625, 0.46875, 0.375, 0.25, 0.3125, 0.5625, 0.5625]
 mean: 0.47291666666666665, std: 0.10004339336285807
F1 Score: [0.5733333333333333, 0.464039408866995, 0.4, 0.4, 0.45545545545545546, 0.464039408866995, 0.5151515151515151, 0.4980392156862745, 0.6, 0.4682306940371457, 0.375, 0.23809523809523808, 0.3125, 0.5465587044534412, 0.5333333333333333]
 mean: 0.45625175381864846, std: 0.09491630245092213
Accuracy Intime: [0.6428571428571429, 0.42857142857142855, 0.8333333333333334, 0.5833333333333334, 0.5833333333333334, 0.35714285714285715, 0.5714285714285714, 0.5833333333333334, 0.5833333333333334, 0.6666666666666666, 0.7142857142857143, 0.42857142857142855, 0.5, 0.75, 0.5833333333333334]
 mean: 0.5873015873015873, std: 0.12215520735441224
F1 (Intime): [0.641025641025641, 0.37777777777777777, 0.7777777777777777, 0.5555555555555556, 0.5555555555555556, 0.35384615384615387, 0.475, 0.4957983193277311, 0.5804195804195804, 0.6666666666666666, 0.7083333333333333, 0.42857142857142855, 0.4857142857142857, 0.7482517482517483, 0.5555555555555556]
 mean: 0.5603899586252528, std: 0.12466717500933826
--------------------------------------------------
Subject Number: 22
Accuracy Cross: [0.875, 0.75, 0.71875, 0.625, 0.78125, 0.6363636363636364, 0.5757575757575758, 0.7575757575757576, 0.6666666666666666, 0.7272727272727273, 0.625, 0.65625, 0.6875, 0.78125, 0.625]
 mean: 0.6992424242424242, std: 0.0775766453547686
F1 Score: [0.8666666666666667, 0.746031746031746, 0.7117117117117118, 0.5844155844155844, 0.7624602332979851, 0.5416666666666666, 0.49782608695652175, 0.7461538461538462, 0.6158730158730159, 0.7262672811059908, 0.6190476190476191, 0.6389743589743591, 0.6825396825396826, 0.7624602332979851, 0.6190476190476191]
 mean: 0.6747428234524666, std: 0.09472912534146086
Accuracy Intime: [0.8571428571428571, 0.6428571428571429, 0.75, 0.5, 0.5833333333333334, 0.5714285714285714, 0.5714285714285714, 0.6666666666666666, 0.4166666666666667, 0.6666666666666666, 0.7857142857142857, 0.7142857142857143, 0.8333333333333334, 0.5, 0.5]
 mean: 0.6373015873015874, std: 0.1280609108033648
F1 (Intime): [0.8444444444444444, 0.625668449197861, 0.6974789915966386, 0.4857142857142857, 0.5555555555555556, 0.475, 0.475, 0.625, 0.29411764705882354, 0.6666666666666666, 0.7754010695187166, 0.6888888888888889, 0.8125, 0.3333333333333333, 0.5]
 mean: 0.5903179554650143, std: 0.15882109473563435
--------------------------------------------------
Subject Number: 23
Accuracy Cross: [0.7272727272727273, 0.7878787878787878, 0.8484848484848485, 0.7575757575757576, 0.7575757575757576, 0.53125, 0.6875, 0.78125, 0.59375, 0.6875, 0.8484848484848485, 0.7878787878787878, 0.7575757575757576, 0.8181818181818182, 0.8484848484848485]
 mean: 0.7480429292929291, std: 0.08880769578665815
F1 Score: [0.7102439024390244, 0.7664307381193125, 0.8390243902439025, 0.7380952380952381, 0.7461538461538462, 0.530791788856305, 0.6825396825396826, 0.7757757757757757, 0.5835835835835836, 0.6862745098039216, 0.8390243902439025, 0.7806267806267806, 0.7518796992481203, 0.8035714285714286, 0.8433048433048433]
 mean: 0.7384880398403778, std: 0.08695207483012604
Accuracy Intime: [0.8571428571428571, 0.8571428571428571, 0.8333333333333334, 0.6666666666666666, 0.6666666666666666, 0.7857142857142857, 0.8571428571428571, 0.9285714285714286, 0.6666666666666666, 0.5833333333333334, 0.9285714285714286, 0.7857142857142857, 0.9166666666666666, 0.5833333333333334, 0.75]
 mean: 0.7777777777777779, std: 0.1155572998298495
F1 (Intime): [0.8541666666666667, 0.8571428571428571, 0.8285714285714285, 0.625, 0.6571428571428571, 0.7754010695187166, 0.8444444444444444, 0.9251336898395721, 0.625, 0.5555555555555556, 0.9282051282051282, 0.7846153846153847, 0.9111111111111111, 0.5555555555555556, 0.7482517482517483]
 mean: 0.7650198331080684, std: 0.12642823355945906
--------------------------------------------------
Subject Number: 24
Accuracy Cross: [0.4375, 0.40625, 0.5625, 0.46875, 0.59375, 0.53125, 0.46875, 0.59375, 0.59375, 0.71875, 0.4375, 0.5, 0.53125, 0.5, 0.5]
 mean: 0.5229166666666667, std: 0.07778397792747695
F1 Score: [0.43529411764705883, 0.4056695992179863, 0.5607843137254902, 0.464039408866995, 0.5835835835835836, 0.4909862142099682, 0.45545545545545546, 0.5835835835835836, 0.5901477832512315, 0.718475073313783, 0.43529411764705883, 0.5, 0.530791788856305, 0.4817813765182186, 0.4920634920634921]
 mean: 0.5151966605293474, std: 0.07833035311743501
Accuracy Intime: [0.6428571428571429, 0.42857142857142855, 0.4166666666666667, 0.5, 0.4166666666666667, 0.5714285714285714, 0.42857142857142855, 0.5, 0.4166666666666667, 0.5, 0.5, 0.6428571428571429, 0.5, 0.6666666666666666, 0.5833333333333334]
 mean: 0.5142857142857143, std: 0.08509476288050928
F1 (Intime): [0.641025641025641, 0.42857142857142855, 0.37777777777777777, 0.5, 0.37777777777777777, 0.5714285714285714, 0.37777777777777777, 0.4375, 0.4125874125874126, 0.4857142857142857, 0.49743589743589745, 0.641025641025641, 0.4375, 0.625, 0.5555555555555556]
 mean: 0.49111185111185107, std: 0.09237095787704674
--------------------------------------------------
Subject Number: 25
Accuracy Cross: [0.5151515151515151, 0.42424242424242425, 0.3939393939393939, 0.42424242424242425, 0.48484848484848486, 0.40625, 0.71875, 0.65625, 0.53125, 0.65625, 0.46875, 0.59375, 0.625, 0.5, 0.5625]
 mean: 0.5307449494949494, std: 0.09823435185254392
F1 Score: [0.5037593984962406, 0.4221198156682028, 0.39338235294117646, 0.3365079365079365, 0.4771668219944082, 0.4009852216748768, 0.7117117117117118, 0.6559139784946236, 0.4684385382059801, 0.6559139784946236, 0.4682306940371457, 0.5933528836754643, 0.536231884057971, 0.4458874458874459, 0.5465587044534412]
 mean: 0.5077440910867499, std: 0.10461712496363008
Accuracy Intime: [0.8571428571428571, 0.42857142857142855, 0.3333333333333333, 0.8333333333333334, 0.6666666666666666, 0.7142857142857143, 0.6428571428571429, 0.6666666666666666, 0.5833333333333334, 0.5, 0.5714285714285714, 0.7142857142857143, 0.5833333333333334, 0.5, 0.5]
 mean: 0.6063492063492063, std: 0.13872779773516727
F1 (Intime): [0.8444444444444444, 0.41666666666666663, 0.3142857142857143, 0.8285714285714285, 0.625, 0.6888888888888889, 0.641025641025641, 0.625, 0.5555555555555556, 0.4857142857142857, 0.5625, 0.7142857142857143, 0.5804195804195804, 0.4375, 0.4375]
 mean: 0.5838238613238613, std: 0.14533890849922826
--------------------------------------------------
Subject Number: 26
Accuracy Cross: [0.696969696969697, 0.7575757575757576, 0.8181818181818182, 0.7575757575757576, 0.8787878787878788, 0.65625, 0.65625, 0.65625, 0.59375, 0.6875, 0.875, 0.78125, 0.8125, 0.71875, 0.84375]
 mean: 0.7460227272727273, std: 0.08520005176963698
F1 Score: [0.6898496240601504, 0.7380952380952381, 0.8139097744360901, 0.7380952380952381, 0.8730769230769231, 0.6559139784946236, 0.6559139784946236, 0.6476476476476476, 0.5901477832512315, 0.6875, 0.8704453441295547, 0.7702564102564102, 0.8, 0.6631578947368422, 0.8398398398398399]
 mean: 0.7355899783076276, std: 0.08590252890634534
Accuracy Intime: [0.7142857142857143, 0.7857142857142857, 0.8333333333333334, 0.5833333333333334, 0.6666666666666666, 1.0, 0.9285714285714286, 0.8333333333333334, 0.6666666666666666, 0.9166666666666666, 0.7857142857142857, 0.9285714285714286, 0.5, 0.5833333333333334, 0.5833333333333334]
 mean: 0.7539682539682542, std: 0.1486056804907688
F1 (Intime): [0.7083333333333333, 0.7754010695187166, 0.8285714285714285, 0.5555555555555556, 0.625, 1.0, 0.9251336898395721, 0.7777777777777777, 0.625, 0.916083916083916, 0.7846153846153847, 0.9282051282051282, 0.5, 0.5555555555555556, 0.5555555555555556]
 mean: 0.7373858929741283, std: 0.15659428668252365
--------------------------------------------------
Subject Number: 27
Accuracy Cross: [0.6363636363636364, 0.5757575757575758, 0.6363636363636364, 0.5757575757575758, 0.45454545454545453, 0.5757575757575758, 0.6060606060606061, 0.5454545454545454, 0.5454545454545454, 0.2727272727272727, 0.5, 0.46875, 0.4375, 0.5625, 0.59375]
 mean: 0.5324494949494949, std: 0.09139342955553122
F1 Score: [0.6278195488721805, 0.5557692307692308, 0.6278195488721805, 0.5227272727272727, 0.4288461538461539, 0.5657894736842105, 0.6060606060606061, 0.5386766076421249, 0.4994944388270981, 0.2556390977443609, 0.4920634920634921, 0.4420512820512821, 0.43529411764705883, 0.5151515151515151, 0.5733333333333333]
 mean: 0.5124357146194733, std: 0.09275282839279951
Accuracy Intime: [0.7857142857142857, 0.7142857142857143, 0.8333333333333334, 0.4166666666666667, 0.6666666666666666, 0.7142857142857143, 0.6428571428571429, 0.4166666666666667, 0.5, 0.9166666666666666, 0.8571428571428571, 0.7857142857142857, 0.5714285714285714, 0.6666666666666666, 0.8333333333333334]
 mean: 0.6880952380952381, std: 0.15116078948641312
F1 (Intime): [0.7846153846153847, 0.6888888888888889, 0.7777777777777777, 0.4125874125874126, 0.625, 0.6888888888888889, 0.641025641025641, 0.4125874125874126, 0.4375, 0.916083916083916, 0.8571428571428571, 0.7846153846153847, 0.5714285714285714, 0.6571428571428571, 0.8333333333333334]
 mean: 0.672574555074555, std: 0.15493783148168463
--------------------------------------------------
Subject Number: 28
Accuracy Cross: [0.625, 0.625, 0.5625, 0.5, 0.4375, 0.5, 0.46875, 0.5, 0.65625, 0.5, 0.5, 0.5, 0.46875, 0.5, 0.5]
 mean: 0.5229166666666667, std: 0.061941953113827095
F1 Score: [0.6190476190476191, 0.6, 0.5465587044534412, 0.4181818181818182, 0.4, 0.4817813765182186, 0.464039408866995, 0.4920634920634921, 0.6267232237539766, 0.4920634920634921, 0.4666666666666667, 0.5, 0.4682306940371457, 0.4458874458874459, 0.4920634920634921]
 mean: 0.5008871622402535, std: 0.06630427250147958
Accuracy Intime: [0.6428571428571429, 0.7142857142857143, 0.5833333333333334, 0.6666666666666666, 0.5, 0.6428571428571429, 0.6428571428571429, 0.6666666666666666, 0.75, 0.6666666666666666, 0.8571428571428571, 0.8571428571428571, 0.8333333333333334, 0.75, 0.5833333333333334]
 mean: 0.6904761904761906, std: 0.10045249099870947
F1 (Intime): [0.641025641025641, 0.7083333333333333, 0.5804195804195804, 0.6571428571428571, 0.4375, 0.625668449197861, 0.625668449197861, 0.6571428571428571, 0.7333333333333334, 0.6571428571428571, 0.8571428571428571, 0.8541666666666667, 0.7777777777777777, 0.7333333333333334, 0.5555555555555556]
 mean: 0.6734235698941581, std: 0.10655707414418861
--------------------------------------------------
Subject Number: 29
Accuracy Cross: [0.84375, 0.8125, 0.84375, 0.84375, 0.90625, 0.75, 0.84375, 0.96875, 0.96875, 0.90625, 0.8484848484848485, 1.0, 0.7878787878787878, 0.9393939393939394, 0.9393939393939394]
 mean: 0.8801767676767676, std: 0.0706059883527325
F1 Score: [0.8398398398398399, 0.8, 0.8358974358974359, 0.8358974358974359, 0.9015384615384616, 0.7490196078431373, 0.8398398398398399, 0.9684729064039409, 0.967967967967968, 0.9015384615384616, 0.847926267281106, 1.0, 0.7870967741935484, 0.9379699248120301, 0.9379699248120301]
 mean: 0.8767316565243491, std: 0.07201192892408777
Accuracy Intime: [0.8571428571428571, 1.0, 1.0, 1.0, 1.0, 0.5714285714285714, 0.9285714285714286, 1.0, 0.8333333333333334, 0.6666666666666666, 1.0, 1.0, 0.6666666666666666, 0.8333333333333334, 0.6666666666666666]
 mean: 0.8682539682539683, std: 0.15004828315043142
F1 (Intime): [0.8541666666666667, 1.0, 1.0, 1.0, 1.0, 0.5714285714285714, 0.9282051282051282, 1.0, 0.8285714285714285, 0.625, 1.0, 1.0, 0.6666666666666666, 0.8285714285714285, 0.6666666666666666]
 mean: 0.8646184371184371, std: 0.15422830544734512
--------------------------------------------------
**************************************************
accuracy_cross_list: [0.7736111111111111, 0.6001262626262627, 0.5267045454545455, 0.7171717171717172, 0.59375, 0.6005050505050505, 0.5625, 0.6145833333333334, 0.75625, 0.592108585858586, 0.501010101010101, 0.7051767676767677, 0.6663510101010102, 0.6479166666666667, 0.6770833333333334, 0.5916666666666667, 0.5324494949494949, 0.747979797979798, 0.6229166666666667, 0.6535984848484849, 0.47291666666666665, 0.6992424242424242, 0.7480429292929291, 0.5229166666666667, 0.5307449494949494, 0.7460227272727273, 0.5324494949494949, 0.5229166666666667, 0.8801767676767676]
f1_score_list: [0.7600075400530495, 0.586017653931314, 0.5090055996160323, 0.7018780710704762, 0.5849968281085288, 0.5717778719493688, 0.5517680536371686, 0.5901411893564744, 0.7379266752360698, 0.5759405416495477, 0.46761696907451306, 0.6640338101224492, 0.6407199131434846, 0.635930534544831, 0.6701217242977283, 0.5800322301306898, 0.5124357146194733, 0.7452710680979782, 0.5783398280086952, 0.6394331830569472, 0.45625175381864846, 0.6747428234524666, 0.7384880398403778, 0.5151966605293474, 0.5077440910867499, 0.7355899783076276, 0.5124357146194733, 0.5008871622402535, 0.8767316565243491]
accuracy_intime_list: [0.8142857142857145, 0.6142857142857141, 0.5896825396825397, 0.7261904761904763, 0.7658730158730158, 0.6198412698412699, 0.5912698412698413, 0.6341269841269842, 0.7976190476190477, 0.6746031746031746, 0.6142857142857143, 0.7206349206349205, 0.6896825396825397, 0.7309523809523809, 0.7539682539682541, 0.6428571428571428, 0.6880952380952381, 0.7325396825396825, 0.7158730158730158, 0.7126984126984126, 0.5873015873015873, 0.6373015873015874, 0.7777777777777779, 0.5142857142857143, 0.6063492063492063, 0.7539682539682542, 0.6880952380952381, 0.6904761904761906, 0.8682539682539683]
f1_score_intime_list: [0.7978954585146536, 0.5927122464738565, 0.5718918849182005, 0.70698271227683, 0.7575116550116551, 0.6098105652517418, 0.573896028578691, 0.6114303143250512, 0.7836504345327875, 0.642337923514394, 0.5962100154747214, 0.6761282399517694, 0.6668159185728846, 0.7138440312124523, 0.7452085877085877, 0.6300076611841319, 0.672574555074555, 0.722597990245049, 0.6954504090107806, 0.7004712982808958, 0.5603899586252528, 0.5903179554650143, 0.7650198331080684, 0.49111185111185107, 0.5838238613238613, 0.7373858929741283, 0.672574555074555, 0.6734235698941581, 0.8646184371184371]
**************************************************
ACC: 63.24±9.78
F1: 61.45±10.10
Intime: 68.80±7.88
F1 (Intime): 66.92±8.29
