1e-06
Subject Number: 1
Accuracy Cross: [0.29411764705882354, 0.39705882352941174, 0.3088235294117647, 0.36764705882352944, 0.3235294117647059, 0.2753623188405797, 0.37681159420289856, 0.42028985507246375, 0.42028985507246375, 0.3188405797101449, 0.38235294117647056, 0.36764705882352944, 0.27941176470588236, 0.4264705882352941, 0.36764705882352944]
 mean: 0.3550866723500995, std: 0.04986565359214354
F1 Score: [0.3167335115864528, 0.42144144144144147, 0.3008781191708021, 0.3951215451215451, 0.3220015278838808, 0.30040106025432245, 0.36759736152525524, 0.4194049484997761, 0.44012058570198104, 0.33952510351966875, 0.38717244406105045, 0.38123065015479873, 0.26459881204067254, 0.4153531438415159, 0.35360882704336216]
 mean: 0.36167927212310175, std: 0.05108819929512688
Accuracy Intime: [0.42857142857142855, 0.2857142857142857, 0.21428571428571427, 0.38461538461538464, 0.2692307692307692, 0.6428571428571429, 0.5357142857142857, 0.6071428571428571, 0.5384615384615384, 0.46153846153846156, 0.5714285714285714, 0.39285714285714285, 0.25, 0.34615384615384615, 0.34615384615384615]
 mean: 0.41831501831501827, std: 0.132079602517063
F1 (Intime): [0.4423076923076923, 0.32512531328320804, 0.2049062049062049, 0.287828947368421, 0.28194444444444444, 0.6548644338118023, 0.5459817959817961, 0.5995475113122172, 0.5930438842203548, 0.4598290598290598, 0.53125, 0.40327380952380953, 0.24285714285714283, 0.31136363636363634, 0.3467948717948718]
 mean: 0.4153945832003107, std: 0.13855730212507505
--------------------------------------------------
Subject Number: 2
Accuracy Cross: [0.2753623188405797, 0.30434782608695654, 0.2608695652173913, 0.14492753623188406, 0.2898550724637681, 0.25, 0.22058823529411764, 0.20588235294117646, 0.3088235294117647, 0.35294117647058826, 0.2753623188405797, 0.2318840579710145, 0.34782608695652173, 0.2898550724637681, 0.36231884057971014]
 mean: 0.2747229326513214, std: 0.05703169764748665
F1 Score: [0.2654912094036581, 0.3055870517352542, 0.2621484266221108, 0.14315445476436187, 0.29431872063451014, 0.2528966466466467, 0.2195387007652339, 0.1923449612403101, 0.32503955838457943, 0.365473848699329, 0.26461375168271717, 0.2426549218745226, 0.34807692307692306, 0.28584298584298584, 0.374199973876698]
 mean: 0.2760921423499894, std: 0.06135583703147605
Accuracy Intime: [0.35714285714285715, 0.5, 0.32142857142857145, 0.3076923076923077, 0.34615384615384615, 0.25, 0.32142857142857145, 0.25, 0.4642857142857143, 0.38461538461538464, 0.39285714285714285, 0.4642857142857143, 0.2857142857142857, 0.3076923076923077, 0.2692307692307692]
 mean: 0.3481684981684981, std: 0.07639448595591919
F1 (Intime): [0.34119389382547277, 0.46554621848739497, 0.3049173049173049, 0.27692307692307694, 0.31052036199095023, 0.2391968325791855, 0.3215274921157274, 0.23317307692307693, 0.46785714285714286, 0.37430555555555556, 0.39015151515151514, 0.46725496725496724, 0.2857142857142857, 0.30303030303030304, 0.2659673659673659]
 mean: 0.3364852928862216, std: 0.07728685817715654
--------------------------------------------------
Subject Number: 3
Accuracy Cross: [0.27941176470588236, 0.35294117647058826, 0.17647058823529413, 0.22058823529411764, 0.22058823529411764, 0.30434782608695654, 0.2608695652173913, 0.21739130434782608, 0.2753623188405797, 0.2753623188405797, 0.3333333333333333, 0.2753623188405797, 0.21739130434782608, 0.2318840579710145, 0.3188405797101449]
 mean: 0.2640096618357488, std: 0.048162532549776614
F1 Score: [0.21961435119329856, 0.3421824796824797, 0.15643210955710957, 0.21041055718475074, 0.22053670966714445, 0.266966966966967, 0.20765398550724637, 0.21310249231444883, 0.26437525005923734, 0.2366983791402396, 0.3032388663967611, 0.2655608974358974, 0.20929677924769088, 0.19406706565745468, 0.30258575578772623]
 mean: 0.24084817638656347, std: 0.047474915509877494
Accuracy Intime: [0.32142857142857145, 0.21428571428571427, 0.4642857142857143, 0.42857142857142855, 0.38461538461538464, 0.42857142857142855, 0.2857142857142857, 0.25, 0.38461538461538464, 0.34615384615384615, 0.42857142857142855, 0.2857142857142857, 0.17857142857142858, 0.5384615384615384, 0.5384615384615384]
 mean: 0.3652014652014652, std: 0.10597165191791053
F1 (Intime): [0.28728070175438597, 0.2089160839160839, 0.4153846153846154, 0.3964646464646465, 0.37569444444444444, 0.4006944444444444, 0.25037593984962403, 0.2424089068825911, 0.36664438502673796, 0.29188948306595364, 0.40714285714285714, 0.24299719887955185, 0.17083333333333334, 0.5416666666666666, 0.5125816993464052]
 mean: 0.3407316937734894, std: 0.105626160338111
--------------------------------------------------
Subject Number: 4
Accuracy Cross: [0.4782608695652174, 0.42028985507246375, 0.463768115942029, 0.42028985507246375, 0.391304347826087, 0.4782608695652174, 0.4492753623188406, 0.4057971014492754, 0.37681159420289856, 0.4782608695652174, 0.34782608695652173, 0.34782608695652173, 0.4492753623188406, 0.3333333333333333, 0.463768115942029]
 mean: 0.42028985507246375, std: 0.049360540191091026
F1 Score: [0.49362571700978586, 0.4189046029980401, 0.4751420817369093, 0.43803739048811013, 0.40535353535353535, 0.48733707111366686, 0.45177316209502666, 0.4107263760796369, 0.38639873639873645, 0.4781941031941032, 0.3297190690369101, 0.3400856389986825, 0.4492652979066022, 0.34156785243741766, 0.44207547169811323]
 mean: 0.4232137404363518, std: 0.052297412847589264
Accuracy Intime: [0.5357142857142857, 0.4642857142857143, 0.39285714285714285, 0.39285714285714285, 0.4230769230769231, 0.4642857142857143, 0.5714285714285714, 0.42857142857142855, 0.32142857142857145, 0.2692307692307692, 0.5357142857142857, 0.42857142857142855, 0.6428571428571429, 0.5, 0.38461538461538464]
 mean: 0.45036630036630043, std: 0.09352215791521973
F1 (Intime): [0.5012626262626263, 0.4510571300044984, 0.40277777777777773, 0.37291021671826624, 0.4264957264957265, 0.5022727272727272, 0.5772727272727273, 0.41666666666666663, 0.3206140350877193, 0.20234113712374582, 0.5616071428571429, 0.3963675213675214, 0.6307692307692307, 0.5151218062982769, 0.37997835497835497]
 mean: 0.44383432179686716, std: 0.10521580781869766
--------------------------------------------------
Subject Number: 5
Accuracy Cross: [0.47058823529411764, 0.45588235294117646, 0.39705882352941174, 0.4411764705882353, 0.38235294117647056, 0.4852941176470588, 0.45588235294117646, 0.4852941176470588, 0.45588235294117646, 0.4411764705882353, 0.4264705882352941, 0.4411764705882353, 0.39705882352941174, 0.38235294117647056, 0.4264705882352941]
 mean: 0.4362745098039217, std: 0.032956345713669837
F1 Score: [0.43537876451845, 0.40628151260504203, 0.3873106060606061, 0.4337639311043566, 0.3630901454460605, 0.46824074074074074, 0.45012787723785164, 0.4636795643923769, 0.43182282427565444, 0.45330672591617294, 0.4252580342481821, 0.4464974023797553, 0.3613485351857445, 0.37156638046043855, 0.4217942732648615]
 mean: 0.4212978211890863, std: 0.03445468529599199
Accuracy Intime: [0.6428571428571429, 0.8214285714285714, 0.5357142857142857, 0.6153846153846154, 0.5384615384615384, 0.5714285714285714, 0.5, 0.6071428571428571, 0.5384615384615384, 0.34615384615384615, 0.5714285714285714, 0.6428571428571429, 0.6785714285714286, 0.6538461538461539, 0.4230769230769231]
 mean: 0.5791208791208791, std: 0.10789022704049955
F1 (Intime): [0.6280303030303029, 0.8285714285714285, 0.48601398601398604, 0.6027501909854851, 0.4607843137254902, 0.5932539682539683, 0.5172605172605172, 0.614258658008658, 0.4444816053511706, 0.275, 0.5600624865330748, 0.6474358974358974, 0.6799679487179487, 0.6404061624649859, 0.363095238095238]
 mean: 0.5560915136298769, std: 0.13200879469585391
--------------------------------------------------
Subject Number: 6
Accuracy Cross: [0.4411764705882353, 0.36764705882352944, 0.3382352941176471, 0.39705882352941174, 0.3235294117647059, 0.4492753623188406, 0.34782608695652173, 0.3333333333333333, 0.37681159420289856, 0.37681159420289856, 0.3188405797101449, 0.30434782608695654, 0.2463768115942029, 0.3333333333333333, 0.36231884057971014]
 mean: 0.35446149474282457, std: 0.04978472209473572
F1 Score: [0.4468531031031031, 0.3715075930346344, 0.32989461823966065, 0.4060090863359115, 0.30512646793134596, 0.4048823016564952, 0.3050707850707851, 0.2896174863387978, 0.35177070828331336, 0.35165118679050567, 0.3317993531809321, 0.29098674145843956, 0.2481732215774769, 0.3453190953190953, 0.3675699681582034]
 mean: 0.3430821144319134, std: 0.05024995382351443
Accuracy Intime: [0.39285714285714285, 0.21428571428571427, 0.39285714285714285, 0.39285714285714285, 0.38461538461538464, 0.5, 0.39285714285714285, 0.32142857142857145, 0.3076923076923077, 0.34615384615384615, 0.6071428571428571, 0.39285714285714285, 0.32142857142857145, 0.5, 0.23076923076923078]
 mean: 0.3798534798534799, std: 0.09805019934637343
F1 (Intime): [0.37424242424242427, 0.18823529411764706, 0.3916666666666667, 0.38368983957219255, 0.3158119658119658, 0.5171536796536796, 0.3342670401493931, 0.32728937728937724, 0.24069264069264068, 0.32753716871363925, 0.6024509803921569, 0.375, 0.3028656126482213, 0.3851540616246498, 0.1970588235294118]
 mean: 0.3508743716736044, std: 0.1042897481374326
--------------------------------------------------
Subject Number: 7
Accuracy Cross: [0.4411764705882353, 0.4852941176470588, 0.39705882352941174, 0.47058823529411764, 0.4264705882352941, 0.35294117647058826, 0.29411764705882354, 0.39705882352941174, 0.36764705882352944, 0.38235294117647056, 0.4411764705882353, 0.35294117647058826, 0.3088235294117647, 0.3382352941176471, 0.35294117647058826]
 mean: 0.3872549019607842, std: 0.054936963631850584
F1 Score: [0.4092985842985843, 0.4737625286491294, 0.38958500400962315, 0.4571789912215444, 0.4127195312038937, 0.330092372011247, 0.289961376153351, 0.4083444326862259, 0.3400942385949882, 0.3691643293185943, 0.4207756570578519, 0.31865318913314955, 0.28178840767076063, 0.31822166851236616, 0.3808908712765775]
 mean: 0.3733687454531925, std: 0.05663286689014575
Accuracy Intime: [0.32142857142857145, 0.32142857142857145, 0.35714285714285715, 0.46153846153846156, 0.5384615384615384, 0.4642857142857143, 0.39285714285714285, 0.6785714285714286, 0.46153846153846156, 0.46153846153846156, 0.5714285714285714, 0.5714285714285714, 0.7142857142857143, 0.34615384615384615, 0.5384615384615384]
 mean: 0.48003663003663, std: 0.11833174447144136
F1 (Intime): [0.33217517776341304, 0.3117063492063492, 0.32291666666666663, 0.4041666666666666, 0.4997373949579832, 0.40816250742721333, 0.3695701357466063, 0.6696078431372549, 0.4676470588235294, 0.38176406926406925, 0.5756944444444444, 0.5589635854341737, 0.7077138547726782, 0.2935234699940582, 0.5338383838383838]
 mean: 0.455812507209566, std: 0.12655501869286487
--------------------------------------------------
Subject Number: 8
Accuracy Cross: [0.22058823529411764, 0.23529411764705882, 0.2647058823529412, 0.3382352941176471, 0.27941176470588236, 0.25, 0.35294117647058826, 0.35294117647058826, 0.27941176470588236, 0.29411764705882354, 0.2647058823529412, 0.35294117647058826, 0.3235294117647059, 0.35294117647058826, 0.22058823529411764]
 mean: 0.292156862745098, std: 0.04828866806284217
F1 Score: [0.2094988344988345, 0.25036740812950486, 0.2888355923252948, 0.33623639873639877, 0.2874902874902875, 0.2518781597728966, 0.355267199017199, 0.3639299123904881, 0.26750645994832045, 0.3119383825417201, 0.25044471657374884, 0.35145299145299147, 0.32628651835968914, 0.364144536019536, 0.23103148293697073]
 mean: 0.29642059201292537, std: 0.049917762478903845
Accuracy Intime: [0.25, 0.5714285714285714, 0.32142857142857145, 0.2692307692307692, 0.3076923076923077, 0.39285714285714285, 0.2857142857142857, 0.4642857142857143, 0.19230769230769232, 0.46153846153846156, 0.2857142857142857, 0.32142857142857145, 0.35714285714285715, 0.34615384615384615, 0.34615384615384615]
 mean: 0.34487179487179476, std: 0.09278432384723129
F1 (Intime): [0.22633053221288518, 0.5665106951871658, 0.3036758563074352, 0.2303921568627451, 0.29759615384615384, 0.37247083841511086, 0.2630133024869867, 0.4926739926739927, 0.15854978354978355, 0.4602564102564103, 0.26724941724941725, 0.3118131868131868, 0.3432900432900433, 0.2883201357466063, 0.32796451914098973]
 mean: 0.3273404682692609, std: 0.10441754806772202
--------------------------------------------------
Subject Number: 9
Accuracy Cross: [0.5, 0.4117647058823529, 0.3235294117647059, 0.39705882352941174, 0.36764705882352944, 0.38235294117647056, 0.27941176470588236, 0.3088235294117647, 0.39705882352941174, 0.3088235294117647, 0.3235294117647059, 0.36764705882352944, 0.38235294117647056, 0.38235294117647056, 0.38235294117647056]
 mean: 0.3676470588235295, std: 0.05206242371510491
F1 Score: [0.5313486396095092, 0.41837548416495784, 0.3629618079127196, 0.42670309230411535, 0.38910328577511244, 0.4008971291866028, 0.2734500047076547, 0.318515704154002, 0.4020474137931035, 0.3336913712853562, 0.30932539682539684, 0.35158730158730156, 0.4089914340978171, 0.37275214433599524, 0.38187711275321606]
 mean: 0.37877515483285723, std: 0.0587708319450615
Accuracy Intime: [0.5357142857142857, 0.25, 0.5, 0.3076923076923077, 0.38461538461538464, 0.6071428571428571, 0.35714285714285715, 0.5714285714285714, 0.38461538461538464, 0.34615384615384615, 0.4642857142857143, 0.5357142857142857, 0.5357142857142857, 0.4230769230769231, 0.5]
 mean: 0.4468864468864469, std: 0.1018074522949048
F1 (Intime): [0.5606060606060607, 0.25798872180451127, 0.5127095127095127, 0.3020833333333333, 0.3340213278293773, 0.6238095238095238, 0.3458333333333333, 0.59055330634278, 0.37152777777777773, 0.29375, 0.4926739926739927, 0.5101648351648351, 0.509090909090909, 0.4045055821371611, 0.43333333333333335]
 mean: 0.43617676999642946, std: 0.11200191767706572
--------------------------------------------------
Subject Number: 10
Accuracy Cross: [0.2647058823529412, 0.29411764705882354, 0.2647058823529412, 0.3088235294117647, 0.22058823529411764, 0.25, 0.3235294117647059, 0.14705882352941177, 0.27941176470588236, 0.2647058823529412, 0.2753623188405797, 0.2753623188405797, 0.391304347826087, 0.36231884057971014, 0.21739130434782608]
 mean: 0.2759590792838874, std: 0.05692865857453372
F1 Score: [0.2627708978328173, 0.2800699990140984, 0.25281165978096926, 0.31001642036124794, 0.20599792338922773, 0.24630658145132223, 0.3029830061046032, 0.1484607346676312, 0.2542674253200569, 0.2671100828995565, 0.2739809721609519, 0.2824753890997085, 0.3889230139230139, 0.3532365951019527, 0.2011469534050179]
 mean: 0.268703843634145, std: 0.057027267190485384
Accuracy Intime: [0.17857142857142858, 0.4642857142857143, 0.25, 0.19230769230769232, 0.2692307692307692, 0.4642857142857143, 0.2857142857142857, 0.32142857142857145, 0.38461538461538464, 0.3076923076923077, 0.2857142857142857, 0.35714285714285715, 0.35714285714285715, 0.34615384615384615, 0.34615384615384615]
 mean: 0.32069597069597067, std: 0.08009214259127544
F1 (Intime): [0.1769230769230769, 0.44545454545454544, 0.23317307692307693, 0.16346153846153846, 0.2357142857142857, 0.4642671054435761, 0.23506069094304388, 0.2424242424242424, 0.3944444444444445, 0.3048687423687424, 0.20707070707070707, 0.35824175824175825, 0.34145658263305323, 0.3270487682252389, 0.3636846405228758]
 mean: 0.29955294705294705, std: 0.09148274626165866
--------------------------------------------------
Subject Number: 11
Accuracy Cross: [0.42028985507246375, 0.2608695652173913, 0.30434782608695654, 0.30434782608695654, 0.3188405797101449, 0.43478260869565216, 0.391304347826087, 0.4492753623188406, 0.36231884057971014, 0.30434782608695654, 0.2753623188405797, 0.4492753623188406, 0.391304347826087, 0.36231884057971014, 0.3333333333333333]
 mean: 0.35748792270531393, std: 0.06095385621483093
F1 Score: [0.42199017199017197, 0.23202223473121306, 0.29052325581395344, 0.296994904706043, 0.31692999390367815, 0.4202150957041804, 0.37241164758586365, 0.4451974482501772, 0.3398373983739837, 0.29401154401154406, 0.24283502514434718, 0.4391405342624855, 0.38986803927381175, 0.3491784951680004, 0.3259424603174603]
 mean: 0.3451398832824609, std: 0.06609080835727893
Accuracy Intime: [0.10714285714285714, 0.2857142857142857, 0.2857142857142857, 0.5, 0.46153846153846156, 0.25, 0.42857142857142855, 0.42857142857142855, 0.32142857142857145, 0.4230769230769231, 0.39285714285714285, 0.2857142857142857, 0.32142857142857145, 0.42857142857142855, 0.46153846153846156]
 mean: 0.3587912087912088, std: 0.10163003497973762
F1 (Intime): [0.09166666666666667, 0.27809266756635176, 0.28585164835164834, 0.4550585284280937, 0.4415106951871658, 0.23823529411764707, 0.3994360902255639, 0.4358974358974359, 0.267219708396179, 0.40148809523809526, 0.40192307692307694, 0.28198529411764706, 0.3089285714285714, 0.39945593622064207, 0.3894230769230769]
 mean: 0.3384115190458574, std: 0.09600176337804758
--------------------------------------------------
Subject Number: 12
Accuracy Cross: [0.45588235294117646, 0.4117647058823529, 0.39705882352941174, 0.4852941176470588, 0.39705882352941174, 0.3333333333333333, 0.391304347826087, 0.4492753623188406, 0.34782608695652173, 0.2463768115942029, 0.36764705882352944, 0.4117647058823529, 0.3235294117647059, 0.4852941176470588, 0.39705882352941174]
 mean: 0.3933645922136971, std: 0.061903222333054425
F1 Score: [0.44474823422191845, 0.3999927037011436, 0.37114988368228646, 0.5054292708515474, 0.38896342675412443, 0.34214799978346777, 0.3765909653418935, 0.41936849700007595, 0.36129041156349995, 0.22602874421759872, 0.3673015080395486, 0.42219437482595373, 0.3325303564433999, 0.4927482057416268, 0.40635580635580637]
 mean: 0.39045602590159284, std: 0.06506229076155948
Accuracy Intime: [0.5, 0.35714285714285715, 0.32142857142857145, 0.38461538461538464, 0.34615384615384615, 0.4642857142857143, 0.4642857142857143, 0.42857142857142855, 0.2692307692307692, 0.38461538461538464, 0.7142857142857143, 0.35714285714285715, 0.5, 0.46153846153846156, 0.46153846153846156]
 mean: 0.42765567765567764, std: 0.10141626145473856
F1 (Intime): [0.5423076923076924, 0.36898926237161533, 0.329004329004329, 0.30869565217391304, 0.3025210084033613, 0.4571428571428572, 0.4344030365769496, 0.42499999999999993, 0.15384615384615385, 0.3905448717948718, 0.7237179487179487, 0.3253851540616246, 0.4923076923076923, 0.44494047619047616, 0.41002747252747257]
 mean: 0.40725557382846383, std: 0.12384374579670557
--------------------------------------------------
Subject Number: 13
Accuracy Cross: [0.22058823529411764, 0.38235294117647056, 0.3382352941176471, 0.29411764705882354, 0.27941176470588236, 0.36231884057971014, 0.2608695652173913, 0.30434782608695654, 0.2898550724637681, 0.2898550724637681, 0.25, 0.3235294117647059, 0.19117647058823528, 0.27941176470588236, 0.2647058823529412]
 mean: 0.2887183859050867, std: 0.04851449524520698
F1 Score: [0.19803346558564777, 0.3822039072039072, 0.34972330536846663, 0.3096456309430605, 0.29402899139741245, 0.3568813131313131, 0.2560167714884696, 0.2892357427055703, 0.3005641302670165, 0.26511278720581044, 0.24712584006645022, 0.32038198485566904, 0.18884376493072144, 0.25632617912029676, 0.27953667953667954]
 mean: 0.2862440329204327, std: 0.05248087229687427
Accuracy Intime: [0.25, 0.32142857142857145, 0.42857142857142855, 0.4230769230769231, 0.34615384615384615, 0.39285714285714285, 0.2857142857142857, 0.4642857142857143, 0.2692307692307692, 0.3076923076923077, 0.42857142857142855, 0.21428571428571427, 0.32142857142857145, 0.38461538461538464, 0.34615384615384615]
 mean: 0.34560439560439554, std: 0.07119007803679073
F1 (Intime): [0.25036630036630036, 0.30277777777777776, 0.3543233082706767, 0.45833333333333337, 0.3358516483516484, 0.3873949579831933, 0.243656015037594, 0.45906279178338, 0.25917546505781797, 0.26074660633484165, 0.4037698412698413, 0.16387959866220736, 0.31212121212121213, 0.39646464646464646, 0.27976190476190477]
 mean: 0.32451236050509175, std: 0.0821559624203234
--------------------------------------------------
Subject Number: 14
Accuracy Cross: [0.3382352941176471, 0.29411764705882354, 0.3382352941176471, 0.29411764705882354, 0.22058823529411764, 0.29411764705882354, 0.38235294117647056, 0.4117647058823529, 0.29411764705882354, 0.27941176470588236, 0.29411764705882354, 0.3088235294117647, 0.27941176470588236, 0.35294117647058826, 0.35294117647058826]
 mean: 0.3156862745098038, std: 0.045837920500239056
F1 Score: [0.3403190083235095, 0.28959732988802755, 0.34110885733603785, 0.30977535977535975, 0.19735042735042735, 0.29072041806644267, 0.3581060606060606, 0.3841781393408427, 0.2532407407407407, 0.2420585161964472, 0.3005363406476874, 0.29827612863327146, 0.2515177323549965, 0.3293862999745353, 0.3102527262010021]
 mean: 0.29976160569569255, std: 0.0472369253166768
Accuracy Intime: [0.25, 0.35714285714285715, 0.35714285714285715, 0.4230769230769231, 0.4230769230769231, 0.2857142857142857, 0.4642857142857143, 0.32142857142857145, 0.5384615384615384, 0.34615384615384615, 0.2857142857142857, 0.21428571428571427, 0.25, 0.38461538461538464, 0.38461538461538464]
 mean: 0.3523809523809524, std: 0.08531811013227235
F1 (Intime): [0.25577200577200576, 0.33571428571428574, 0.30000000000000004, 0.28289473684210525, 0.3538011695906432, 0.25361197110423117, 0.4791666666666667, 0.3118131868131868, 0.566033966033966, 0.3569221628045157, 0.24705882352941178, 0.22142857142857142, 0.22294372294372294, 0.3916666666666667, 0.375]
 mean: 0.330255195727332, std: 0.0931078630573207
--------------------------------------------------
Subject Number: 15
Accuracy Cross: [0.36764705882352944, 0.35294117647058826, 0.3382352941176471, 0.3088235294117647, 0.4264705882352941, 0.45588235294117646, 0.38235294117647056, 0.5441176470588235, 0.4411764705882353, 0.4264705882352941, 0.3382352941176471, 0.4411764705882353, 0.4117647058823529, 0.4264705882352941, 0.4411764705882353]
 mean: 0.40686274509803927, std: 0.05775167245107112
F1 Score: [0.3893344244408074, 0.3541269841269841, 0.3472498806321257, 0.3458240946045824, 0.440197628458498, 0.42893518518518514, 0.39809523809523806, 0.5389947089947089, 0.4644134846921224, 0.42519230769230765, 0.34785563273935366, 0.4590686274509804, 0.4084994462901439, 0.43531438415159346, 0.4580242810778706]
 mean: 0.41607508724216674, std: 0.05260790032752441
Accuracy Intime: [0.4642857142857143, 0.5357142857142857, 0.5357142857142857, 0.6153846153846154, 0.38461538461538464, 0.42857142857142855, 0.39285714285714285, 0.42857142857142855, 0.5, 0.3076923076923077, 0.5, 0.5714285714285714, 0.4642857142857143, 0.6538461538461539, 0.5769230769230769]
 mean: 0.49065934065934064, std: 0.09083842895326348
F1 (Intime): [0.5020833333333333, 0.5426573426573427, 0.5193236714975845, 0.6174242424242424, 0.346969696969697, 0.4270833333333333, 0.354796918767507, 0.3982905982905983, 0.5105042016806722, 0.31319444444444444, 0.4915032679738562, 0.568411980176686, 0.5022727272727272, 0.6547619047619048, 0.5736322501028384]
 mean: 0.4881939942457845, std: 0.09770572781790259
--------------------------------------------------
Subject Number: 16
Accuracy Cross: [0.39705882352941174, 0.35294117647058826, 0.4264705882352941, 0.36764705882352944, 0.5, 0.38235294117647056, 0.23529411764705882, 0.35294117647058826, 0.27941176470588236, 0.35294117647058826, 0.47058823529411764, 0.5, 0.5441176470588235, 0.3088235294117647, 0.4117647058823529]
 mean: 0.39215686274509803, std: 0.08313124284588265
F1 Score: [0.3352316363185928, 0.3213969404186795, 0.41963718820861684, 0.36693774813365687, 0.4711932684973303, 0.3260973084886128, 0.2288375227944413, 0.3420255090513711, 0.25312650312650314, 0.33796588244805564, 0.3785612535612536, 0.421375128998968, 0.5231625258799172, 0.2840251146702759, 0.3649645390070922]
 mean: 0.35830253797355777, std: 0.07534051593537068
Accuracy Intime: [0.5, 0.39285714285714285, 0.42857142857142855, 0.38461538461538464, 0.5384615384615384, 0.5, 0.35714285714285715, 0.5, 0.5384615384615384, 0.4230769230769231, 0.6428571428571429, 0.5, 0.6785714285714286, 0.5769230769230769, 0.5769230769230769]
 mean: 0.5025641025641026, std: 0.09063140132624344
F1 (Intime): [0.4782106782106782, 0.3760989010989011, 0.4111111111111111, 0.3126984126984127, 0.541798418972332, 0.43067226890756305, 0.32053209947946787, 0.47205882352941175, 0.47946859903381644, 0.4317057211794054, 0.622549019607843, 0.5058379120879121, 0.6735576923076924, 0.5599747474747474, 0.5702380952380952]
 mean: 0.47910083339582604, std: 0.10019688971495892
--------------------------------------------------
Subject Number: 17
Accuracy Cross: [0.37681159420289856, 0.3333333333333333, 0.30434782608695654, 0.3188405797101449, 0.4057971014492754, 0.391304347826087, 0.36231884057971014, 0.4057971014492754, 0.42028985507246375, 0.3333333333333333, 0.3235294117647059, 0.36764705882352944, 0.35294117647058826, 0.4117647058823529, 0.3382352941176471]
 mean: 0.3630861040068201, std: 0.03629499877002894
F1 Score: [0.33831975772765244, 0.3148141460831046, 0.2456791664066887, 0.31052146777953227, 0.35772153167602244, 0.34038220551378445, 0.29714382574794473, 0.36876403166725746, 0.35849476050041407, 0.29047619047619044, 0.29135654174574777, 0.33813131313131317, 0.35018892501496435, 0.4057918555201164, 0.30508373205741623]
 mean: 0.32752463006987664, std: 0.038176887602444996
Accuracy Intime: [0.32142857142857145, 0.21428571428571427, 0.35714285714285715, 0.4230769230769231, 0.46153846153846156, 0.6071428571428571, 0.39285714285714285, 0.4642857142857143, 0.5, 0.46153846153846156, 0.39285714285714285, 0.6071428571428571, 0.32142857142857145, 0.4642857142857143, 0.38461538461538464]
 mean: 0.42490842490842495, std: 0.10062931768033123
F1 (Intime): [0.24808612440191385, 0.1836996336996337, 0.35374800637958537, 0.42803030303030304, 0.44707498383968974, 0.6282822440717177, 0.35726773226773223, 0.4365954715219421, 0.5145148968678381, 0.43907563025210083, 0.3935751748251748, 0.5896825396825396, 0.2950404858299595, 0.49349845201238396, 0.3435897435897436]
 mean: 0.41011742815148383, std: 0.11614622501401752
--------------------------------------------------
Subject Number: 18
Accuracy Cross: [0.3333333333333333, 0.2608695652173913, 0.4057971014492754, 0.42028985507246375, 0.3333333333333333, 0.27941176470588236, 0.3088235294117647, 0.22058823529411764, 0.20588235294117646, 0.3235294117647059, 0.36764705882352944, 0.3235294117647059, 0.29411764705882354, 0.3088235294117647, 0.25]
 mean: 0.30906507530548455, std: 0.058960660850419136
F1 Score: [0.3373052386210281, 0.268764400921659, 0.41336129148629147, 0.42495630065151757, 0.3470110316040549, 0.3046606619187264, 0.3117868973132131, 0.22749830814346944, 0.2115800865800866, 0.33049149892515145, 0.3825394144144144, 0.32203630511442977, 0.2980968218773097, 0.32589285714285715, 0.2579366187351668]
 mean: 0.3175945155632917, std: 0.05905107386791484
Accuracy Intime: [0.39285714285714285, 0.32142857142857145, 0.5714285714285714, 0.3076923076923077, 0.19230769230769232, 0.5714285714285714, 0.4642857142857143, 0.32142857142857145, 0.2692307692307692, 0.3076923076923077, 0.39285714285714285, 0.4642857142857143, 0.42857142857142855, 0.23076923076923078, 0.19230769230769232]
 mean: 0.361904761904762, std: 0.11764088558089436
F1 (Intime): [0.41478696741854637, 0.317173023055376, 0.5534722222222223, 0.29621848739495793, 0.20564892623716152, 0.5553921568627451, 0.45588235294117646, 0.2811085972850679, 0.29126984126984123, 0.2833333333333333, 0.37857142857142856, 0.48968253968253966, 0.4418432444748234, 0.23258053221288516, 0.1723901098901099]
 mean: 0.3579569175234809, std: 0.11820545359862018
--------------------------------------------------
Subject Number: 19
Accuracy Cross: [0.23529411764705882, 0.23529411764705882, 0.2647058823529412, 0.29411764705882354, 0.29411764705882354, 0.35294117647058826, 0.29411764705882354, 0.36764705882352944, 0.3382352941176471, 0.4117647058823529, 0.3235294117647059, 0.3382352941176471, 0.3382352941176471, 0.27941176470588236, 0.27941176470588236]
 mean: 0.30980392156862746, std: 0.04756670380669884
F1 Score: [0.20838266190889082, 0.19617224880382775, 0.22584541062801933, 0.30706854345165235, 0.237627772002772, 0.3515019379844961, 0.27351190476190473, 0.36741066579776255, 0.3117560807314128, 0.38598200045568465, 0.29133454106280193, 0.3136672159447583, 0.3099773242630386, 0.2925784360566969, 0.2965724815724816]
 mean: 0.2912926150284134, std: 0.05374846136556149
Accuracy Intime: [0.39285714285714285, 0.42857142857142855, 0.39285714285714285, 0.6538461538461539, 0.3076923076923077, 0.39285714285714285, 0.21428571428571427, 0.39285714285714285, 0.5384615384615384, 0.2692307692307692, 0.4642857142857143, 0.5357142857142857, 0.35714285714285715, 0.38461538461538464, 0.34615384615384615]
 mean: 0.4047619047619047, std: 0.10705907622572289
F1 (Intime): [0.4139371657754011, 0.4336385836385836, 0.31785714285714284, 0.6798871063576946, 0.3303571428571428, 0.3891414141414141, 0.15555555555555556, 0.37286324786324787, 0.4522860180754918, 0.275, 0.48074229691876746, 0.49990079365079365, 0.35556318681318677, 0.42573529411764705, 0.35614385614385613]
 mean: 0.39590725365106155, std: 0.11285238725029499
--------------------------------------------------
Subject Number: 20
Accuracy Cross: [0.5588235294117647, 0.4264705882352941, 0.3382352941176471, 0.4411764705882353, 0.4264705882352941, 0.35294117647058826, 0.38235294117647056, 0.39705882352941174, 0.35294117647058826, 0.3235294117647059, 0.391304347826087, 0.3188405797101449, 0.36231884057971014, 0.463768115942029, 0.36231884057971014]
 mean: 0.3932367149758454, std: 0.06089116612388434
F1 Score: [0.574223602484472, 0.41891395154553046, 0.3250813368825791, 0.4359111347483441, 0.44374057315233784, 0.32328101182383717, 0.38061688311688313, 0.4046376811594203, 0.32561376476630716, 0.3236646122239343, 0.3719522814350401, 0.3433399209486166, 0.37029774489076817, 0.446638198757764, 0.33418543127845457]
 mean: 0.3881398752809526, std: 0.0665565815516931
Accuracy Intime: [0.6428571428571429, 0.35714285714285715, 0.35714285714285715, 0.2692307692307692, 0.4230769230769231, 0.5357142857142857, 0.5357142857142857, 0.5, 0.4230769230769231, 0.4230769230769231, 0.5357142857142857, 0.4642857142857143, 0.39285714285714285, 0.4230769230769231, 0.34615384615384615]
 mean: 0.441941391941392, std: 0.09231677669118976
F1 (Intime): [0.6356060606060606, 0.34187030075187963, 0.36703296703296706, 0.2597402597402597, 0.40625, 0.527999777999778, 0.5165501165501165, 0.48627980206927574, 0.3472222222222222, 0.4214285714285714, 0.539587605377079, 0.46062271062271065, 0.40880230880230883, 0.46190476190476193, 0.35795454545454547]
 mean: 0.43592346737083587, std: 0.0930321074484912
--------------------------------------------------
Subject Number: 21
Accuracy Cross: [0.36764705882352944, 0.38235294117647056, 0.29411764705882354, 0.3235294117647059, 0.29411764705882354, 0.36764705882352944, 0.3235294117647059, 0.3235294117647059, 0.3382352941176471, 0.4117647058823529, 0.3088235294117647, 0.35294117647058826, 0.2647058823529412, 0.39705882352941174, 0.4117647058823529]
 mean: 0.34411764705882353, std: 0.04355854880690795
F1 Score: [0.32619636077082886, 0.3347165991902834, 0.26408101702219355, 0.3118670014408001, 0.27487116641528403, 0.38268832616658705, 0.30480072463768115, 0.2995403498310475, 0.3303228134266933, 0.3661387033456759, 0.27786261940673707, 0.35618729096989965, 0.23781798515841068, 0.36507256184675535, 0.389411715498672]
 mean: 0.3214383490085033, std: 0.04393699795233966
Accuracy Intime: [0.4642857142857143, 0.39285714285714285, 0.32142857142857145, 0.5, 0.38461538461538464, 0.42857142857142855, 0.21428571428571427, 0.4642857142857143, 0.5, 0.4230769230769231, 0.35714285714285715, 0.4642857142857143, 0.35714285714285715, 0.4230769230769231, 0.46153846153846156]
 mean: 0.4104395604395605, std: 0.07351010446653246
F1 (Intime): [0.4581232492997198, 0.33525641025641023, 0.2805631868131868, 0.4888082505729565, 0.3825396825396825, 0.37976827094474147, 0.20577200577200577, 0.45624999999999993, 0.4895833333333333, 0.4257177033492823, 0.3051242236024845, 0.4453671328671329, 0.2906162464985994, 0.38181818181818183, 0.4464285714285714]
 mean: 0.3847824299397526, std: 0.08248167768333546
--------------------------------------------------
Subject Number: 22
Accuracy Cross: [0.3235294117647059, 0.23529411764705882, 0.23529411764705882, 0.4117647058823529, 0.20588235294117646, 0.2463768115942029, 0.391304347826087, 0.3333333333333333, 0.3333333333333333, 0.3333333333333333, 0.20588235294117646, 0.35294117647058826, 0.38235294117647056, 0.29411764705882354, 0.2647058823529412]
 mean: 0.3032963910201762, std: 0.06551451274016343
F1 Score: [0.3235368126747437, 0.21386483886483884, 0.24786967418546363, 0.4275707384403037, 0.22121718860849293, 0.2352368980275957, 0.3217147435897436, 0.33761960068580277, 0.3189126130714547, 0.32189770362527836, 0.20961630266141543, 0.3665711855802857, 0.37998765939942414, 0.2851196808510638, 0.2877314573621003]
 mean: 0.29989780650853387, std: 0.0629607331567644
Accuracy Intime: [0.5, 0.32142857142857145, 0.25, 0.23076923076923078, 0.2692307692307692, 0.2857142857142857, 0.5357142857142857, 0.42857142857142855, 0.5, 0.2692307692307692, 0.5, 0.39285714285714285, 0.32142857142857145, 0.4230769230769231, 0.23076923076923078]
 mean: 0.3639194139194139, std: 0.10635744183076497
F1 (Intime): [0.5144273618538324, 0.29010627530364375, 0.23198529411764707, 0.23680555555555555, 0.2380952380952381, 0.27893772893772895, 0.5635049161364951, 0.40127591706539073, 0.5158119658119659, 0.2222222222222222, 0.47527472527472525, 0.39583333333333337, 0.3095619658119658, 0.37915273132664434, 0.2363636363636364]
 mean: 0.3526239244806683, std: 0.11548750124813877
--------------------------------------------------
Subject Number: 23
Accuracy Cross: [0.43478260869565216, 0.34782608695652173, 0.36231884057971014, 0.42028985507246375, 0.3333333333333333, 0.4117647058823529, 0.45588235294117646, 0.4117647058823529, 0.4411764705882353, 0.4411764705882353, 0.3333333333333333, 0.34782608695652173, 0.391304347826087, 0.463768115942029, 0.30434782608695654]
 mean: 0.393393009377664, std: 0.04953227841197979
F1 Score: [0.4362053121643914, 0.3298906048906049, 0.3560754604872252, 0.426510989010989, 0.31414948763477346, 0.41213283732465317, 0.46834012361962674, 0.427031302031302, 0.4535300606729178, 0.44540043290043285, 0.3347130746538933, 0.3472988505747126, 0.3737210986089351, 0.47328520613642755, 0.32078357658853013]
 mean: 0.3946045611532944, std: 0.055162349796935975
Accuracy Intime: [0.5, 0.5, 0.35714285714285715, 0.4230769230769231, 0.23076923076923078, 0.4642857142857143, 0.5357142857142857, 0.5714285714285714, 0.35714285714285715, 0.3076923076923077, 0.6785714285714286, 0.6428571428571429, 0.5357142857142857, 0.5769230769230769, 0.38461538461538464]
 mean: 0.4710622710622711, std: 0.12222801604673486
F1 (Intime): [0.5159722222222223, 0.4364661654135339, 0.3626984126984127, 0.41217948717948716, 0.16666666666666666, 0.4696969696969697, 0.5208333333333333, 0.5951298701298702, 0.38262220870916525, 0.26360645933014354, 0.686740890688259, 0.6563828328534211, 0.5526140526140526, 0.5480462519936204, 0.34455128205128205]
 mean: 0.4609471403720294, std: 0.13849674672861725
--------------------------------------------------
Subject Number: 24
Accuracy Cross: [0.23529411764705882, 0.36764705882352944, 0.25, 0.22058823529411764, 0.3088235294117647, 0.3088235294117647, 0.22058823529411764, 0.22058823529411764, 0.29411764705882354, 0.2647058823529412, 0.25, 0.1323529411764706, 0.20588235294117646, 0.3088235294117647, 0.29411764705882354]
 mean: 0.25882352941176473, std: 0.05523359223922853
F1 Score: [0.22036327642945291, 0.3291642238290665, 0.2493135993135993, 0.20804716117216115, 0.3125036075036075, 0.310000122831512, 0.21325009678668214, 0.20947293447293447, 0.28198336977406746, 0.23437743493844476, 0.24888410648812373, 0.12299584933856034, 0.21769381533101045, 0.30330330330330335, 0.30061998811998814]
 mean: 0.25079819264216757, std: 0.05369146045557988
Accuracy Intime: [0.25, 0.42857142857142855, 0.35714285714285715, 0.15384615384615385, 0.3076923076923077, 0.39285714285714285, 0.2857142857142857, 0.35714285714285715, 0.34615384615384615, 0.2692307692307692, 0.2857142857142857, 0.32142857142857145, 0.2857142857142857, 0.19230769230769232, 0.34615384615384615]
 mean: 0.3053113553113553, std: 0.0697886316831857
F1 (Intime): [0.23704481792717086, 0.4051470588235294, 0.34264705882352936, 0.15833333333333333, 0.304656862745098, 0.3763888888888889, 0.28455988455988457, 0.35490196078431374, 0.3333333333333333, 0.23846153846153845, 0.27952317290552586, 0.30090497737556565, 0.2928321678321678, 0.17976190476190476, 0.3529761904761905]
 mean: 0.29609821006879833, std: 0.06753860803138094
--------------------------------------------------
Subject Number: 25
Accuracy Cross: [0.4057971014492754, 0.30434782608695654, 0.2898550724637681, 0.36231884057971014, 0.4057971014492754, 0.3088235294117647, 0.36764705882352944, 0.4117647058823529, 0.3235294117647059, 0.29411764705882354, 0.36764705882352944, 0.3235294117647059, 0.38235294117647056, 0.3235294117647059, 0.4852941176470588]
 mean: 0.3570900824097755, std: 0.05293721042689954
F1 Score: [0.39325529542920845, 0.28088924963924966, 0.21957949007129335, 0.33779537456008046, 0.3854945054945055, 0.27585807050092764, 0.3015824915824916, 0.3703463203463203, 0.30454766126308674, 0.23691239316239315, 0.3367966619846319, 0.30064496314496314, 0.35724896019013663, 0.3000382901698691, 0.4616853192890059]
 mean: 0.32417833645521094, std: 0.06099552863525856
Accuracy Intime: [0.5, 0.32142857142857145, 0.35714285714285715, 0.5, 0.3076923076923077, 0.4642857142857143, 0.21428571428571427, 0.32142857142857145, 0.6153846153846154, 0.46153846153846156, 0.2857142857142857, 0.4642857142857143, 0.42857142857142855, 0.4230769230769231, 0.23076923076923078]
 mean: 0.3930402930402931, std: 0.10892186379888551
F1 (Intime): [0.4546016483516483, 0.33125000000000004, 0.34226190476190477, 0.492007992007992, 0.2847222222222222, 0.46207713854772675, 0.16374269005847952, 0.3190045248868778, 0.49444444444444446, 0.4273504273504274, 0.25, 0.44005994005994004, 0.4028846153846154, 0.4014957264957265, 0.22788461538461538]
 mean: 0.36625252599710806, std: 0.09843808983946924
--------------------------------------------------
Subject Number: 26
Accuracy Cross: [0.43478260869565216, 0.37681159420289856, 0.43478260869565216, 0.5362318840579711, 0.37681159420289856, 0.4264705882352941, 0.39705882352941174, 0.4411764705882353, 0.4411764705882353, 0.38235294117647056, 0.5, 0.4264705882352941, 0.4264705882352941, 0.4411764705882353, 0.47058823529411764]
 mean: 0.4341574310883774, std: 0.04246142429607248
F1 Score: [0.4488880684532859, 0.3757372958257713, 0.45772226443768993, 0.5339371304077187, 0.3717647058823529, 0.45993589743589747, 0.40916955989258547, 0.42672971332031046, 0.44591508286361226, 0.3947204968944099, 0.5284344319775596, 0.4273809523809524, 0.4354113188043759, 0.4569654882154882, 0.497359496124031]
 mean: 0.44467146019440273, std: 0.046807290140883404
Accuracy Intime: [0.35714285714285715, 0.5357142857142857, 0.32142857142857145, 0.5769230769230769, 0.38461538461538464, 0.6071428571428571, 0.5357142857142857, 0.4642857142857143, 0.5, 0.38461538461538464, 0.5357142857142857, 0.32142857142857145, 0.35714285714285715, 0.5, 0.34615384615384615]
 mean: 0.4485347985347985, std: 0.095797175571248
F1 (Intime): [0.3642628205128205, 0.5508201357466064, 0.32840624287992704, 0.5511363636363636, 0.37628968253968254, 0.6361111111111111, 0.5272727272727272, 0.48498803827751197, 0.47840802987861814, 0.36121553884711777, 0.5231873389768127, 0.31456105169340465, 0.3270768833849329, 0.48289473684210527, 0.319047619047619]
 mean: 0.44171188804315736, std: 0.1014872884385884
--------------------------------------------------
Subject Number: 27
Accuracy Cross: [0.37681159420289856, 0.3333333333333333, 0.30434782608695654, 0.3188405797101449, 0.4057971014492754, 0.391304347826087, 0.36231884057971014, 0.4057971014492754, 0.42028985507246375, 0.3333333333333333, 0.3235294117647059, 0.36764705882352944, 0.35294117647058826, 0.4117647058823529, 0.3382352941176471]
 mean: 0.3630861040068201, std: 0.03629499877002894
F1 Score: [0.33831975772765244, 0.3148141460831046, 0.2456791664066887, 0.31052146777953227, 0.35772153167602244, 0.34038220551378445, 0.29714382574794473, 0.36876403166725746, 0.35849476050041407, 0.29047619047619044, 0.29135654174574777, 0.33813131313131317, 0.35018892501496435, 0.4057918555201164, 0.30508373205741623]
 mean: 0.32752463006987664, std: 0.038176887602444996
Accuracy Intime: [0.32142857142857145, 0.21428571428571427, 0.35714285714285715, 0.4230769230769231, 0.46153846153846156, 0.6071428571428571, 0.39285714285714285, 0.4642857142857143, 0.5, 0.46153846153846156, 0.39285714285714285, 0.6071428571428571, 0.32142857142857145, 0.4642857142857143, 0.38461538461538464]
 mean: 0.42490842490842495, std: 0.10062931768033123
F1 (Intime): [0.24808612440191385, 0.1836996336996337, 0.35374800637958537, 0.42803030303030304, 0.44707498383968974, 0.6282822440717177, 0.35726773226773223, 0.4365954715219421, 0.5145148968678381, 0.43907563025210083, 0.3935751748251748, 0.5896825396825396, 0.2950404858299595, 0.49349845201238396, 0.3435897435897436]
 mean: 0.41011742815148383, std: 0.11614622501401752
--------------------------------------------------
Subject Number: 28
Accuracy Cross: [0.3088235294117647, 0.20588235294117646, 0.20588235294117646, 0.23529411764705882, 0.22058823529411764, 0.20588235294117646, 0.27941176470588236, 0.2647058823529412, 0.25, 0.22058823529411764, 0.25, 0.3088235294117647, 0.3088235294117647, 0.35294117647058826, 0.38235294117647056]
 mean: 0.26666666666666666, std: 0.05366247915060396
F1 Score: [0.29643335758318334, 0.1820469507969508, 0.18642416759534672, 0.21913919413919414, 0.2181116612739811, 0.15378787878787878, 0.18601437258153675, 0.21482359985261607, 0.2089668396120009, 0.12950450450450451, 0.2231746031746032, 0.27974419652918636, 0.2998098392835235, 0.3263311114354758, 0.3477047956795713]
 mean: 0.23146780485530352, std: 0.062119445796627364
Accuracy Intime: [0.42857142857142855, 0.39285714285714285, 0.2857142857142857, 0.5384615384615384, 0.38461538461538464, 0.42857142857142855, 0.39285714285714285, 0.39285714285714285, 0.46153846153846156, 0.46153846153846156, 0.35714285714285715, 0.35714285714285715, 0.35714285714285715, 0.34615384615384615, 0.23076923076923078]
 mean: 0.38772893772893763, std: 0.07146988567567467
F1 (Intime): [0.39369658119658124, 0.35526315789473684, 0.2718253968253968, 0.5177350427350428, 0.32748538011695905, 0.40705128205128205, 0.32748538011695905, 0.3840659340659341, 0.45952380952380956, 0.38011695906432746, 0.36955128205128207, 0.3414141414141414, 0.3550157444894287, 0.33658694246929544, 0.25499847374847373]
 mean: 0.3654543671842434, std: 0.06357086310525258
--------------------------------------------------
Subject Number: 29
Accuracy Cross: [0.4117647058823529, 0.47058823529411764, 0.4411764705882353, 0.4411764705882353, 0.4411764705882353, 0.5735294117647058, 0.47058823529411764, 0.47058823529411764, 0.5294117647058824, 0.5, 0.4782608695652174, 0.5362318840579711, 0.463768115942029, 0.5652173913043478, 0.5072463768115942]
 mean: 0.4867149758454107, std: 0.04603578369976919
F1 Score: [0.45180757680757677, 0.467670011148272, 0.4761768665216941, 0.4694805194805194, 0.4630868897348561, 0.5961538461538463, 0.48954116059379216, 0.4830870279146141, 0.5583877995642701, 0.5293162358533884, 0.49538740538267456, 0.5528138528138529, 0.4836692975460404, 0.5789215686274509, 0.5321428571428573]
 mean: 0.5085095276857136, std: 0.04426566621366579
Accuracy Intime: [0.42857142857142855, 0.5714285714285714, 0.5357142857142857, 0.46153846153846156, 0.34615384615384615, 0.5357142857142857, 0.6071428571428571, 0.42857142857142855, 0.5, 0.6153846153846154, 0.5, 0.5714285714285714, 0.4642857142857143, 0.6538461538461539, 0.5384615384615384]
 mean: 0.5172161172161172, std: 0.07953105590058125
F1 (Intime): [0.4405448717948718, 0.5826923076923077, 0.5233100233100233, 0.5107142857142857, 0.35116550116550116, 0.5390002154708037, 0.6237179487179487, 0.3739412761151891, 0.524975024975025, 0.6260683760683761, 0.48076923076923084, 0.5853174603174603, 0.4772727272727273, 0.6934294871794872, 0.5191176470588236]
 mean: 0.5234690922414708, std: 0.0894805844943853
--------------------------------------------------
**************************************************
accuracy_cross_list: [0.3550866723500995, 0.2747229326513214, 0.2640096618357488, 0.42028985507246375, 0.4362745098039217, 0.35446149474282457, 0.3872549019607842, 0.292156862745098, 0.3676470588235295, 0.2759590792838874, 0.35748792270531393, 0.3933645922136971, 0.2887183859050867, 0.3156862745098038, 0.40686274509803927, 0.39215686274509803, 0.3630861040068201, 0.30906507530548455, 0.30980392156862746, 0.3932367149758454, 0.34411764705882353, 0.3032963910201762, 0.393393009377664, 0.25882352941176473, 0.3570900824097755, 0.4341574310883774, 0.3630861040068201, 0.26666666666666666, 0.4867149758454107]
f1_score_list: [0.36167927212310175, 0.2760921423499894, 0.24084817638656347, 0.4232137404363518, 0.4212978211890863, 0.3430821144319134, 0.3733687454531925, 0.29642059201292537, 0.37877515483285723, 0.268703843634145, 0.3451398832824609, 0.39045602590159284, 0.2862440329204327, 0.29976160569569255, 0.41607508724216674, 0.35830253797355777, 0.32752463006987664, 0.3175945155632917, 0.2912926150284134, 0.3881398752809526, 0.3214383490085033, 0.29989780650853387, 0.3946045611532944, 0.25079819264216757, 0.32417833645521094, 0.44467146019440273, 0.32752463006987664, 0.23146780485530352, 0.5085095276857136]
accuracy_intime_list: [0.41831501831501827, 0.3481684981684981, 0.3652014652014652, 0.45036630036630043, 0.5791208791208791, 0.3798534798534799, 0.48003663003663, 0.34487179487179476, 0.4468864468864469, 0.32069597069597067, 0.3587912087912088, 0.42765567765567764, 0.34560439560439554, 0.3523809523809524, 0.49065934065934064, 0.5025641025641026, 0.42490842490842495, 0.361904761904762, 0.4047619047619047, 0.441941391941392, 0.4104395604395605, 0.3639194139194139, 0.4710622710622711, 0.3053113553113553, 0.3930402930402931, 0.4485347985347985, 0.42490842490842495, 0.38772893772893763, 0.5172161172161172]
f1_score_intime_list: [0.4153945832003107, 0.3364852928862216, 0.3407316937734894, 0.44383432179686716, 0.5560915136298769, 0.3508743716736044, 0.455812507209566, 0.3273404682692609, 0.43617676999642946, 0.29955294705294705, 0.3384115190458574, 0.40725557382846383, 0.32451236050509175, 0.330255195727332, 0.4881939942457845, 0.47910083339582604, 0.41011742815148383, 0.3579569175234809, 0.39590725365106155, 0.43592346737083587, 0.3847824299397526, 0.3526239244806683, 0.4609471403720294, 0.29609821006879833, 0.36625252599710806, 0.44171188804315736, 0.41011742815148383, 0.3654543671842434, 0.5234690922414708]
**************************************************
ACC: 35.05±5.83
F1: 34.16±6.44
Intime: 41.26±6.30
F1 (Intime): 39.76±6.54
