1e-05
Subject Number: 1
Accuracy Cross: [0.84375, 0.84375, 0.875, 0.875, 0.90625, 0.7575757575757576, 0.8484848484848485, 0.8484848484848485, 0.7272727272727273, 0.8181818181818182, 0.90625, 0.9375, 0.96875, 0.875, 0.875]
 mean: 0.8604166666666667, std: 0.05980951454662568
F1 Score: [0.8303287380699894, 0.8358974358974359, 0.873015873015873, 0.8666666666666667, 0.9015384615384616, 0.7272727272727273, 0.8390243902439025, 0.8462255358807083, 0.6857142857142857, 0.8035714285714286, 0.9039039039039038, 0.9365079365079365, 0.9684729064039409, 0.8666666666666667, 0.8666666666666667]
 mean: 0.8500982415347063, std: 0.06993909662983053
Accuracy Intime: [1.0, 0.8571428571428571, 0.8333333333333334, 0.6666666666666666, 0.8333333333333334, 0.9285714285714286, 1.0, 0.9166666666666666, 0.8333333333333334, 0.9166666666666666, 0.7142857142857143, 0.8571428571428571, 0.9166666666666666, 0.75, 0.9166666666666666]
 mean: 0.8626984126984125, std: 0.09291478335814113
F1 (Intime): [1.0, 0.8444444444444444, 0.8285714285714285, 0.625, 0.8285714285714285, 0.9282051282051282, 1.0, 0.9111111111111111, 0.8285714285714285, 0.916083916083916, 0.65, 0.8444444444444444, 0.9111111111111111, 0.7333333333333334, 0.916083916083916]
 mean: 0.8510354460354461, std: 0.10738673229942265
--------------------------------------------------
Subject Number: 2
Accuracy Cross: [0.7272727272727273, 0.7878787878787878, 0.7575757575757576, 0.7272727272727273, 0.7878787878787878, 0.59375, 0.625, 0.625, 0.6875, 0.6875, 0.6666666666666666, 0.6060606060606061, 0.7575757575757576, 0.7272727272727273, 0.6363636363636364]
 mean: 0.6933712121212121, std: 0.06350037327352455
F1 Score: [0.7102439024390244, 0.7847157502329916, 0.7518796992481203, 0.6996966632962589, 0.7746341463414634, 0.539313399778516, 0.6, 0.611336032388664, 0.6363636363636364, 0.6536796536796536, 0.6654377880184332, 0.5814634146341464, 0.7573529411764706, 0.717948717948718, 0.6333333333333333]
 mean: 0.6744932719252953, std: 0.0725546793706321
Accuracy Intime: [0.8571428571428571, 0.8571428571428571, 0.5833333333333334, 0.5, 0.5, 0.7857142857142857, 0.7857142857142857, 0.5714285714285714, 0.5, 0.4166666666666667, 0.9285714285714286, 0.5714285714285714, 0.5, 0.6666666666666666, 0.5]
 mean: 0.6349206349206349, std: 0.15934405097462148
F1 (Intime): [0.8541666666666667, 0.8541666666666667, 0.4957983193277311, 0.4375, 0.4857142857142857, 0.7543859649122806, 0.7754010695187166, 0.5714285714285714, 0.5, 0.37777777777777777, 0.9251336898395721, 0.5625, 0.4857142857142857, 0.625, 0.3333333333333333]
 mean: 0.6025347087266593, std: 0.180026958760529
--------------------------------------------------
Subject Number: 3
Accuracy Cross: [0.65625, 0.65625, 0.6875, 0.6875, 0.625, 0.6666666666666666, 0.5757575757575758, 0.6060606060606061, 0.6060606060606061, 0.6666666666666666, 0.5757575757575758, 0.5757575757575758, 0.5757575757575758, 0.5454545454545454, 0.5151515151515151]
 mean: 0.6147727272727274, std: 0.051948516975732426
F1 Score: [0.6559139784946236, 0.6532019704433498, 0.6761133603238867, 0.6761133603238867, 0.611336032388664, 0.6654377880184332, 0.5722222222222222, 0.6001863932898416, 0.5195968645016797, 0.6458536585365854, 0.5753676470588236, 0.5557692307692308, 0.5557692307692308, 0.4994944388270981, 0.5147058823529411]
 mean: 0.5984721372213665, std: 0.0595279738539836
Accuracy Intime: [0.5714285714285714, 0.42857142857142855, 0.8571428571428571, 0.6666666666666666, 1.0, 0.35714285714285715, 0.5, 0.6666666666666666, 0.25, 0.6666666666666666, 0.7142857142857143, 0.7857142857142857, 0.6666666666666666, 0.75, 0.8333333333333334]
 mean: 0.6476190476190476, std: 0.1925384393893313
F1 (Intime): [0.5714285714285714, 0.41666666666666663, 0.8444444444444444, 0.625, 1.0, 0.35384615384615387, 0.49743589743589745, 0.4, 0.2, 0.6666666666666666, 0.7142857142857143, 0.7754010695187166, 0.625, 0.7482517482517483, 0.8285714285714285]
 mean: 0.6177998907410672, std: 0.20724925033368424
--------------------------------------------------
Subject Number: 4
Accuracy Cross: [0.8181818181818182, 0.8484848484848485, 0.8484848484848485, 0.8484848484848485, 0.8484848484848485, 0.7575757575757576, 0.7878787878787878, 0.7575757575757576, 0.6666666666666666, 0.8181818181818182, 0.6363636363636364, 0.6666666666666666, 0.7272727272727273, 0.6666666666666666, 0.8181818181818182]
 mean: 0.7676767676767676, std: 0.074774769791199
F1 Score: [0.8096153846153846, 0.8390243902439025, 0.8390243902439025, 0.8390243902439025, 0.8390243902439025, 0.7518796992481203, 0.7806267806267806, 0.7461538461538462, 0.6329625884732053, 0.8139097744360901, 0.6192307692307693, 0.6666666666666666, 0.7262672811059908, 0.6654377880184332, 0.8180147058823529]
 mean: 0.75912418969555, std: 0.07708445005128128
Accuracy Intime: [0.7142857142857143, 1.0, 0.7857142857142857, 0.9166666666666666, 0.75, 1.0, 0.9285714285714286, 0.7857142857142857, 0.6666666666666666, 0.5833333333333334, 1.0, 1.0, 0.9285714285714286, 0.9166666666666666, 0.75]
 mean: 0.8484126984126984, std: 0.1323137509762492
F1 (Intime): [0.7142857142857143, 1.0, 0.7543859649122806, 0.916083916083916, 0.7333333333333334, 1.0, 0.9282051282051282, 0.7754010695187166, 0.625, 0.5555555555555556, 1.0, 1.0, 0.9251336898395721, 0.916083916083916, 0.7333333333333334]
 mean: 0.8384534414100978, std: 0.1428672112360464
--------------------------------------------------
Subject Number: 5
Accuracy Cross: [0.5625, 0.5625, 0.5625, 0.59375, 0.625, 0.5, 0.4375, 0.46875, 0.5625, 0.5, 0.4375, 0.5625, 0.46875, 0.65625, 0.6875]
 mean: 0.5458333333333333, std: 0.07383352144445562
F1 Score: [0.5465587044534412, 0.5607843137254902, 0.5465587044534412, 0.5901477832512315, 0.6235294117647059, 0.4666666666666667, 0.34545454545454546, 0.4231177094379639, 0.5607843137254902, 0.4920634920634921, 0.41700404858299595, 0.5465587044534412, 0.4231177094379639, 0.6559139784946236, 0.6862745098039216]
 mean: 0.525635639717961, std: 0.09316537702729528
Accuracy Intime: [0.9285714285714286, 0.9285714285714286, 0.5833333333333334, 0.5, 0.9166666666666666, 0.7857142857142857, 0.7142857142857143, 0.8333333333333334, 0.4166666666666667, 0.6666666666666666, 0.8571428571428571, 0.7857142857142857, 0.6666666666666666, 0.5833333333333334, 0.75]
 mean: 0.7277777777777779, std: 0.15263289357658824
F1 (Intime): [0.9282051282051282, 0.9282051282051282, 0.5804195804195804, 0.4857142857142857, 0.916083916083916, 0.7846153846153847, 0.7083333333333333, 0.8285714285714285, 0.4125874125874126, 0.625, 0.8571428571428571, 0.7846153846153847, 0.6666666666666666, 0.5804195804195804, 0.7482517482517483]
 mean: 0.7223221223221223, std: 0.15602871148737985
--------------------------------------------------
Subject Number: 6
Accuracy Cross: [0.71875, 0.65625, 0.75, 0.75, 0.78125, 0.5151515151515151, 0.48484848484848486, 0.5151515151515151, 0.5454545454545454, 0.5454545454545454, 0.5151515151515151, 0.7272727272727273, 0.7272727272727273, 0.696969696969697, 0.6363636363636364]
 mean: 0.6376893939393941, std: 0.10254756375138195
F1 Score: [0.7046153846153846, 0.6559139784946236, 0.7333333333333334, 0.7408906882591093, 0.7624602332979851, 0.38888888888888884, 0.32653061224489793, 0.34, 0.35294117647058826, 0.35294117647058826, 0.45454545454545453, 0.7102439024390244, 0.6996966632962589, 0.6590909090909091, 0.5909090909090909]
 mean: 0.5648667661570758, std: 0.16641934194513971
Accuracy Intime: [0.7142857142857143, 0.7857142857142857, 0.7857142857142857, 0.6666666666666666, 0.6666666666666666, 1.0, 0.9285714285714286, 0.9166666666666666, 0.75, 0.6666666666666666, 0.7857142857142857, 0.7857142857142857, 0.9166666666666666, 0.5, 0.4166666666666667]
 mean: 0.7523809523809525, std: 0.15290089864764117
F1 (Intime): [0.6888888888888889, 0.7543859649122806, 0.7543859649122806, 0.625, 0.625, 1.0, 0.9251336898395721, 0.8991596638655461, 0.7482517482517483, 0.6571428571428571, 0.7754010695187166, 0.7846153846153847, 0.8991596638655461, 0.5, 0.4125874125874126]
 mean: 0.7366074872266825, std: 0.15423312851236695
--------------------------------------------------
Subject Number: 7
Accuracy Cross: [0.75, 0.59375, 0.59375, 0.6875, 0.65625, 0.4375, 0.4375, 0.46875, 0.46875, 0.53125, 0.625, 0.53125, 0.5625, 0.75, 0.625]
 mean: 0.58125, std: 0.1
F1 Score: [0.7490196078431373, 0.5588547189819725, 0.5835835835835836, 0.6536796536796536, 0.6389743589743591, 0.43529411764705883, 0.4375, 0.464039408866995, 0.4420512820512821, 0.5076923076923077, 0.6190476190476191, 0.530791788856305, 0.5555555555555556, 0.7408906882591093, 0.611336032388664]
 mean: 0.5685540482285069, std: 0.09876967152905429
Accuracy Intime: [0.7142857142857143, 0.6428571428571429, 0.5, 0.5833333333333334, 0.75, 0.7857142857142857, 0.6428571428571429, 0.6666666666666666, 0.5, 0.4166666666666667, 0.7142857142857143, 0.7142857142857143, 0.75, 0.4166666666666667, 0.5833333333333334]
 mean: 0.6253968253968254, std: 0.11687434274872019
F1 (Intime): [0.65, 0.5906432748538011, 0.4375, 0.4957983193277311, 0.7482517482517483, 0.7846153846153847, 0.625668449197861, 0.6666666666666666, 0.3333333333333333, 0.37777777777777777, 0.7083333333333333, 0.7083333333333333, 0.7482517482517483, 0.37777777777777777, 0.5804195804195804]
 mean: 0.5888913818093384, std: 0.14488529751418217
--------------------------------------------------
Subject Number: 8
Accuracy Cross: [0.625, 0.65625, 0.875, 0.75, 0.71875, 0.84375, 0.71875, 0.71875, 0.75, 0.71875, 0.71875, 0.75, 0.75, 0.75, 0.8125]
 mean: 0.74375, std: 0.061661035778953086
F1 Score: [0.5636363636363637, 0.5883040935672514, 0.8666666666666667, 0.7090909090909091, 0.6631578947368422, 0.8303287380699894, 0.681063122923588, 0.694591728525981, 0.7333333333333334, 0.6631578947368422, 0.7046153846153846, 0.7333333333333334, 0.7490196078431373, 0.722943722943723, 0.8]
 mean: 0.7135495196015565, std: 0.07807627617256359
Accuracy Intime: [0.7142857142857143, 0.8571428571428571, 0.75, 0.5, 0.75, 0.7142857142857143, 0.7142857142857143, 0.75, 0.5, 0.6666666666666666, 0.7142857142857143, 1.0, 0.75, 0.75, 0.6666666666666666]
 mean: 0.7198412698412698, std: 0.11671254901684554
F1 (Intime): [0.6888888888888889, 0.8541666666666667, 0.6974789915966386, 0.3333333333333333, 0.7333333333333334, 0.6888888888888889, 0.6888888888888889, 0.6974789915966386, 0.4857142857142857, 0.6571428571428571, 0.6888888888888889, 1.0, 0.6974789915966386, 0.7333333333333334, 0.6571428571428571]
 mean: 0.6868106131341424, std: 0.1409324564545291
--------------------------------------------------
Subject Number: 9
Accuracy Cross: [0.875, 0.8125, 0.90625, 0.875, 0.84375, 0.84375, 0.75, 0.75, 0.8125, 0.78125, 0.78125, 0.78125, 0.71875, 0.75, 0.84375]
 mean: 0.8083333333333333, std: 0.05335936864527374
F1 Score: [0.8666666666666667, 0.8, 0.9015384615384616, 0.8666666666666667, 0.8303287380699894, 0.8423645320197044, 0.7490196078431373, 0.746031746031746, 0.8, 0.751937984496124, 0.7624602332979851, 0.7702564102564102, 0.7046153846153846, 0.722943722943723, 0.8358974358974359]
 mean: 0.7967151726895625, std: 0.05668136001052339
Accuracy Intime: [1.0, 0.9285714285714286, 0.9166666666666666, 0.6666666666666666, 0.5833333333333334, 1.0, 1.0, 1.0, 0.5833333333333334, 0.75, 1.0, 1.0, 0.8333333333333334, 0.6666666666666666, 0.75]
 mean: 0.8452380952380951, std: 0.15811388300841897
F1 (Intime): [1.0, 0.9251336898395721, 0.8991596638655461, 0.625, 0.5555555555555556, 1.0, 1.0, 1.0, 0.4957983193277311, 0.7333333333333334, 1.0, 1.0, 0.8125, 0.625, 0.7333333333333334]
 mean: 0.8269875930170048, std: 0.17835414478886236
--------------------------------------------------
Subject Number: 10
Accuracy Cross: [0.6875, 0.71875, 0.65625, 0.65625, 0.6875, 0.5625, 0.6875, 0.71875, 0.59375, 0.46875, 0.5757575757575758, 0.5151515151515151, 0.6363636363636364, 0.6666666666666666, 0.5454545454545454]
 mean: 0.6251262626262626, std: 0.07448975970622893
F1 Score: [0.6536796536796536, 0.7117117117117118, 0.6476476476476476, 0.6267232237539766, 0.6862745098039216, 0.5607843137254902, 0.6862745098039216, 0.718475073313783, 0.5733333333333333, 0.4682306940371457, 0.5753676470588236, 0.49230769230769234, 0.6192307692307693, 0.6552706552706553, 0.5299145299145299]
 mean: 0.6136817309728703, std: 0.07510600395445156
Accuracy Intime: [0.5714285714285714, 1.0, 0.6666666666666666, 0.6666666666666666, 0.5833333333333334, 0.7857142857142857, 0.7857142857142857, 0.8333333333333334, 0.8333333333333334, 0.75, 0.7142857142857143, 0.8571428571428571, 0.8333333333333334, 0.75, 0.9166666666666666]
 mean: 0.7698412698412699, std: 0.11374430842759767
F1 (Intime): [0.475, 1.0, 0.6571428571428571, 0.625, 0.5804195804195804, 0.7846153846153847, 0.7846153846153847, 0.8125, 0.8285714285714285, 0.7333333333333334, 0.65, 0.8571428571428571, 0.8285714285714285, 0.7333333333333334, 0.916083916083916]
 mean: 0.7510886335886338, std: 0.13149926334192147
--------------------------------------------------
Subject Number: 11
Accuracy Cross: [0.5151515151515151, 0.48484848484848486, 0.45454545454545453, 0.45454545454545453, 0.48484848484848486, 0.6060606060606061, 0.6060606060606061, 0.6060606060606061, 0.5757575757575758, 0.6060606060606061, 0.6666666666666666, 0.6363636363636364, 0.6363636363636364, 0.6060606060606061, 0.5757575757575758]
 mean: 0.5676767676767678, std: 0.06772951359288974
F1 Score: [0.49230769230769234, 0.4672364672364672, 0.44172932330827064, 0.44172932330827064, 0.4327603640040445, 0.5195968645016797, 0.4849939975990396, 0.5460317460317461, 0.4652777777777778, 0.4849939975990396, 0.6458536585365854, 0.5909090909090909, 0.5416666666666666, 0.5195968645016797, 0.49782608695652175]
 mean: 0.5048339947496382, std: 0.05651890454837573
Accuracy Intime: [0.7857142857142857, 0.7142857142857143, 0.7142857142857143, 0.8333333333333334, 0.6666666666666666, 0.5, 0.7142857142857143, 0.6428571428571429, 0.5, 0.5, 0.5, 0.5, 0.5, 0.5833333333333334, 0.5833333333333334]
 mean: 0.6158730158730159, std: 0.11289386137208758
F1 (Intime): [0.7543859649122806, 0.7083333333333333, 0.6888888888888889, 0.8285714285714285, 0.625, 0.4269005847953216, 0.7142857142857143, 0.641025641025641, 0.4375, 0.4375, 0.49743589743589745, 0.49743589743589745, 0.4269005847953216, 0.4957983193277311, 0.4957983193277311]
 mean: 0.5783840382756792, std: 0.13154769385036916
--------------------------------------------------
Subject Number: 12
Accuracy Cross: [0.84375, 0.84375, 0.84375, 0.8125, 0.75, 0.7575757575757576, 0.7272727272727273, 0.7575757575757576, 0.6666666666666666, 0.7575757575757576, 0.75, 0.71875, 0.78125, 0.75, 0.78125]
 mean: 0.7694444444444445, std: 0.048418301210945654
F1 Score: [0.8303287380699894, 0.8303287380699894, 0.8303287380699894, 0.7922077922077921, 0.7090909090909091, 0.7272727272727273, 0.6857142857142857, 0.7272727272727273, 0.593505039193729, 0.7272727272727273, 0.722943722943723, 0.716256157635468, 0.7757757757757757, 0.7090909090909091, 0.7624602332979851]
 mean: 0.7426566147319151, std: 0.06139549043433221
Accuracy Intime: [0.8571428571428571, 0.9285714285714286, 0.75, 0.5833333333333334, 0.6666666666666666, 0.8571428571428571, 0.8571428571428571, 0.8333333333333334, 0.6666666666666666, 0.5833333333333334, 1.0, 0.7857142857142857, 0.9166666666666666, 0.5833333333333334, 0.5833333333333334]
 mean: 0.7634920634920637, std: 0.13834587727369896
F1 (Intime): [0.8444444444444444, 0.9251336898395721, 0.6974789915966386, 0.4957983193277311, 0.625, 0.8541666666666667, 0.8444444444444444, 0.7777777777777777, 0.625, 0.4957983193277311, 1.0, 0.7754010695187166, 0.8991596638655461, 0.4957983193277311, 0.4957983193277311]
 mean: 0.723413335030982, std: 0.16880108754923448
--------------------------------------------------
Subject Number: 13
Accuracy Cross: [0.875, 0.84375, 0.90625, 0.875, 0.84375, 0.8181818181818182, 0.9393939393939394, 0.8484848484848485, 0.6666666666666666, 0.7878787878787878, 0.71875, 0.78125, 0.75, 0.75, 0.90625]
 mean: 0.8207070707070707, std: 0.0744823756722835
F1 Score: [0.8666666666666667, 0.8358974358974359, 0.9015384615384616, 0.8704453441295547, 0.8303287380699894, 0.8139097744360901, 0.9379699248120301, 0.8484848484848485, 0.6458536585365854, 0.7847157502329916, 0.716256157635468, 0.7793103448275862, 0.746031746031746, 0.7333333333333334, 0.9039039039039038]
 mean: 0.8143097392357794, std: 0.07746946723605963
Accuracy Intime: [0.7142857142857143, 0.5714285714285714, 0.8333333333333334, 0.6666666666666666, 0.75, 0.8571428571428571, 0.7142857142857143, 0.9166666666666666, 0.8333333333333334, 0.6666666666666666, 0.8571428571428571, 0.7857142857142857, 0.9166666666666666, 0.8333333333333334, 0.9166666666666666]
 mean: 0.788888888888889, std: 0.10133898221912614
F1 (Intime): [0.6888888888888889, 0.5333333333333333, 0.7777777777777777, 0.6571428571428571, 0.7333333333333334, 0.8444444444444444, 0.7083333333333333, 0.8991596638655461, 0.8333333333333334, 0.6571428571428571, 0.8444444444444444, 0.7543859649122806, 0.8991596638655461, 0.8285714285714285, 0.916083916083916]
 mean: 0.7717023493648882, std: 0.10542051006538017
--------------------------------------------------
Subject Number: 14
Accuracy Cross: [0.78125, 0.75, 0.78125, 0.84375, 0.9375, 0.8125, 0.78125, 0.8125, 0.8125, 0.75, 0.71875, 0.8125, 0.71875, 0.71875, 0.75]
 mean: 0.7854166666666667, std: 0.055746200667748554
F1 Score: [0.7757757757757757, 0.746031746031746, 0.7810361681329423, 0.8358974358974359, 0.9365079365079365, 0.7922077922077921, 0.7702564102564102, 0.8, 0.7922077922077921, 0.7090909090909091, 0.681063122923588, 0.8056680161943319, 0.694591728525981, 0.7046153846153846, 0.7090909090909091]
 mean: 0.768936075163929, std: 0.06389043907282874
Accuracy Intime: [0.9285714285714286, 0.7142857142857143, 0.75, 0.75, 0.9166666666666666, 0.9285714285714286, 0.7142857142857143, 0.8333333333333334, 0.9166666666666666, 0.75, 0.7857142857142857, 0.7857142857142857, 0.75, 0.6666666666666666, 0.8333333333333334]
 mean: 0.8015873015873017, std: 0.08380441302358284
F1 (Intime): [0.9251336898395721, 0.6888888888888889, 0.7333333333333334, 0.7333333333333334, 0.916083916083916, 0.9251336898395721, 0.65, 0.8125, 0.916083916083916, 0.7333333333333334, 0.7543859649122806, 0.7754010695187166, 0.6210526315789473, 0.6666666666666666, 0.8333333333333334]
 mean: 0.7789775844497207, std: 0.1011832535406767
--------------------------------------------------
Subject Number: 15
Accuracy Cross: [0.8125, 0.78125, 0.71875, 0.8125, 0.875, 0.8125, 0.6875, 0.8125, 0.78125, 0.71875, 0.5625, 0.65625, 0.53125, 0.59375, 0.71875]
 mean: 0.725, std: 0.09895285072531597
F1 Score: [0.7922077922077921, 0.7624602332979851, 0.716256157635468, 0.8056680161943319, 0.8666666666666667, 0.8117647058823529, 0.6666666666666667, 0.8095238095238095, 0.7624602332979851, 0.7046153846153846, 0.5607843137254902, 0.6559139784946236, 0.4909862142099682, 0.5835835835835836, 0.7117117117117118]
 mean: 0.7134179645142548, std: 0.10234989093316099
Accuracy Intime: [0.7857142857142857, 0.8571428571428571, 0.8333333333333334, 0.8333333333333334, 0.6666666666666666, 0.8571428571428571, 0.5714285714285714, 1.0, 0.6666666666666666, 0.8333333333333334, 0.7857142857142857, 0.9285714285714286, 1.0, 0.75, 0.8333333333333334]
 mean: 0.8134920634920635, std: 0.11415888023720208
F1 (Intime): [0.7754010695187166, 0.8444444444444444, 0.8285714285714285, 0.8285714285714285, 0.6571428571428571, 0.8541666666666667, 0.5333333333333333, 1.0, 0.6571428571428571, 0.8333333333333334, 0.7543859649122806, 0.9251336898395721, 1.0, 0.7333333333333334, 0.8285714285714285]
 mean: 0.8035687890254456, std: 0.1219274246680977
--------------------------------------------------
Subject Number: 16
Accuracy Cross: [0.5625, 0.59375, 0.4375, 0.5625, 0.5625, 0.71875, 0.75, 0.75, 0.59375, 0.6875, 0.5625, 0.59375, 0.59375, 0.5625, 0.59375]
 mean: 0.6083333333333333, std: 0.08138343743593586
F1 Score: [0.5555555555555556, 0.5901477832512315, 0.4, 0.5151515151515151, 0.5333333333333333, 0.7046153846153846, 0.7408906882591093, 0.7408906882591093, 0.539313399778516, 0.6761133603238867, 0.5465587044534412, 0.539313399778516, 0.539313399778516, 0.5151515151515151, 0.5588547189819725]
 mean: 0.5796802297781068, std: 0.09192658122970997
Accuracy Intime: [0.7142857142857143, 0.5, 0.75, 0.8333333333333334, 0.5833333333333334, 0.7857142857142857, 0.5714285714285714, 0.8333333333333334, 0.5833333333333334, 0.5833333333333334, 0.7142857142857143, 0.7857142857142857, 0.8333333333333334, 0.8333333333333334, 0.75]
 mean: 0.7103174603174603, std: 0.11164836099547346
F1 (Intime): [0.7083333333333333, 0.4269005847953216, 0.7333333333333334, 0.8333333333333334, 0.5804195804195804, 0.7543859649122806, 0.5625, 0.8285714285714285, 0.4957983193277311, 0.5555555555555556, 0.7142857142857143, 0.7543859649122806, 0.8125, 0.8333333333333334, 0.7482517482517483]
 mean: 0.6894592129576651, std: 0.12729385189060885
--------------------------------------------------
Subject Number: 17
Accuracy Cross: [0.6666666666666666, 0.6363636363636364, 0.6666666666666666, 0.696969696969697, 0.696969696969697, 0.42424242424242425, 0.5454545454545454, 0.45454545454545453, 0.6363636363636364, 0.45454545454545453, 0.5625, 0.59375, 0.53125, 0.625, 0.625]
 mean: 0.5877525252525253, std: 0.0862908292995375
F1 Score: [0.6458536585365854, 0.6192307692307693, 0.6458536585365854, 0.6590909090909091, 0.6898496240601504, 0.41565703634669154, 0.5386766076421249, 0.44172932330827064, 0.6071428571428572, 0.44172932330827064, 0.5607843137254902, 0.5733333333333333, 0.5195195195195195, 0.611336032388664, 0.6190476190476191]
 mean: 0.5725889723478559, std: 0.08245390229024176
Accuracy Intime: [0.7857142857142857, 0.9285714285714286, 0.8333333333333334, 0.5833333333333334, 0.75, 0.8571428571428571, 0.7857142857142857, 0.5, 0.6666666666666666, 0.9166666666666666, 0.8571428571428571, 0.9285714285714286, 0.6428571428571429, 0.8333333333333334, 0.75]
 mean: 0.7746031746031747, std: 0.1239823783185937
F1 (Intime): [0.7754010695187166, 0.9251336898395721, 0.8125, 0.5555555555555556, 0.7482517482517483, 0.8444444444444444, 0.7543859649122806, 0.4857142857142857, 0.6571428571428571, 0.916083916083916, 0.8541666666666667, 0.9251336898395721, 0.625668449197861, 0.8285714285714285, 0.7482517482517483]
 mean: 0.7637603675993768, std: 0.12867125165358895
--------------------------------------------------
Subject Number: 18
Accuracy Cross: [0.7575757575757576, 0.7878787878787878, 0.8181818181818182, 0.9090909090909091, 0.8181818181818182, 0.875, 0.75, 0.78125, 0.875, 0.8125, 0.78125, 0.8125, 0.9375, 0.84375, 0.875]
 mean: 0.8289772727272726, std: 0.053618669683218566
F1 Score: [0.7573529411764706, 0.7878787878787878, 0.8166666666666667, 0.907735321528425, 0.8166666666666667, 0.8704453441295547, 0.746031746031746, 0.7810361681329423, 0.8666666666666667, 0.8056680161943319, 0.7793103448275862, 0.8095238095238095, 0.9352226720647774, 0.8423645320197044, 0.8704453441295547]
 mean: 0.8262010018425128, std: 0.05298006897305177
Accuracy Intime: [1.0, 1.0, 0.8333333333333334, 0.8333333333333334, 0.6666666666666666, 1.0, 0.9285714285714286, 0.9166666666666666, 0.8333333333333334, 0.75, 1.0, 0.8571428571428571, 1.0, 0.9166666666666666, 0.6666666666666666]
 mean: 0.8801587301587301, std: 0.11314465642664595
F1 (Intime): [1.0, 1.0, 0.8285714285714285, 0.8285714285714285, 0.6571428571428571, 1.0, 0.9282051282051282, 0.8991596638655461, 0.8333333333333334, 0.7482517482517483, 1.0, 0.8444444444444444, 1.0, 0.916083916083916, 0.6571428571428571]
 mean: 0.8760604537075126, std: 0.11581020710352863
--------------------------------------------------
Subject Number: 19
Accuracy Cross: [0.59375, 0.65625, 0.59375, 0.65625, 0.625, 0.65625, 0.5625, 0.65625, 0.65625, 0.65625, 0.46875, 0.625, 0.6875, 0.71875, 0.65625]
 mean: 0.63125, std: 0.057282196186948
F1 Score: [0.5134502923976608, 0.5594493116395495, 0.5134502923976608, 0.5594493116395495, 0.5, 0.6101882613510521, 0.45893719806763283, 0.5594493116395495, 0.5594493116395495, 0.5594493116395495, 0.45545545545545546, 0.6190476190476191, 0.6862745098039216, 0.681063122923588, 0.6532019704433498]
 mean: 0.5658876853390458, std: 0.07016749852466876
Accuracy Intime: [0.7142857142857143, 0.7142857142857143, 0.8333333333333334, 0.6666666666666666, 0.6666666666666666, 1.0, 0.8571428571428571, 0.75, 0.8333333333333334, 0.75, 0.8571428571428571, 0.8571428571428571, 0.9166666666666666, 0.5, 0.6666666666666666]
 mean: 0.7722222222222221, std: 0.12030028775553281
F1 (Intime): [0.7142857142857143, 0.65, 0.7777777777777777, 0.6571428571428571, 0.625, 1.0, 0.8444444444444444, 0.7333333333333334, 0.8285714285714285, 0.7333333333333334, 0.8541666666666667, 0.8444444444444444, 0.8991596638655461, 0.3333333333333333, 0.625]
 mean: 0.7413328664799254, std: 0.15156334606720526
--------------------------------------------------
Subject Number: 20
Accuracy Cross: [0.8125, 0.84375, 0.78125, 0.78125, 0.78125, 0.65625, 0.6875, 0.625, 0.6875, 0.71875, 0.5757575757575758, 0.696969696969697, 0.6666666666666666, 0.696969696969697, 0.7575757575757576]
 mean: 0.717929292929293, std: 0.0713614537650465
F1 Score: [0.8056680161943319, 0.8358974358974359, 0.7702564102564102, 0.751937984496124, 0.7624602332979851, 0.6476476476476476, 0.6761133603238867, 0.611336032388664, 0.6536796536796536, 0.7117117117117118, 0.5657894736842105, 0.6726190476190477, 0.6616961789375583, 0.6726190476190477, 0.7461538461538462]
 mean: 0.7030390719938374, std: 0.07192344930209102
Accuracy Intime: [0.7857142857142857, 0.8571428571428571, 0.8333333333333334, 0.5, 0.6666666666666666, 0.8571428571428571, 0.8571428571428571, 1.0, 0.5, 0.6666666666666666, 0.8571428571428571, 0.9285714285714286, 0.8333333333333334, 0.6666666666666666, 0.75]
 mean: 0.7706349206349207, std: 0.14021812903024614
F1 (Intime): [0.7846153846153847, 0.8444444444444444, 0.8125, 0.4857142857142857, 0.625, 0.8541666666666667, 0.8541666666666667, 1.0, 0.4857142857142857, 0.6571428571428571, 0.8541666666666667, 0.9251336898395721, 0.8285714285714285, 0.625, 0.7482517482517483]
 mean: 0.7589725416196006, std: 0.14703364135336697
--------------------------------------------------
Subject Number: 21
Accuracy Cross: [0.46875, 0.375, 0.40625, 0.4375, 0.5625, 0.40625, 0.46875, 0.40625, 0.5625, 0.5625, 0.34375, 0.40625, 0.25, 0.34375, 0.4375]
 mean: 0.42916666666666664, std: 0.08498365855987974
F1 Score: [0.4420512820512821, 0.375, 0.3552492046659597, 0.34545454545454546, 0.5333333333333333, 0.3764102564102564, 0.45545545545545546, 0.3913913913913914, 0.45893719806763283, 0.5465587044534412, 0.32732732732732733, 0.3913913913913914, 0.23809523809523808, 0.2873806998939554, 0.37662337662337664]
 mean: 0.3933772936409724, std: 0.08080763757358121
Accuracy Intime: [0.35714285714285715, 0.8571428571428571, 0.6666666666666666, 0.5, 0.5, 0.6428571428571429, 0.6428571428571429, 0.6666666666666666, 0.6666666666666666, 0.5833333333333334, 0.5714285714285714, 0.7142857142857143, 0.75, 0.5833333333333334, 0.6666666666666666]
 mean: 0.6246031746031746, std: 0.11384394334629273
F1 (Intime): [0.3262032085561497, 0.8571428571428571, 0.5555555555555556, 0.4375, 0.4375, 0.625668449197861, 0.641025641025641, 0.4, 0.625, 0.5804195804195804, 0.5714285714285714, 0.6888888888888889, 0.6210526315789473, 0.5555555555555556, 0.6571428571428571]
 mean: 0.572005586432831, std: 0.126983302644623
--------------------------------------------------
Subject Number: 22
Accuracy Cross: [0.75, 0.78125, 0.75, 0.6875, 0.71875, 0.6666666666666666, 0.6666666666666666, 0.7575757575757576, 0.6363636363636364, 0.7272727272727273, 0.6875, 0.8125, 0.8125, 0.78125, 0.875]
 mean: 0.740719696969697, std: 0.06338446717865898
F1 Score: [0.722943722943723, 0.7624602332979851, 0.7333333333333334, 0.6363636363636364, 0.681063122923588, 0.593505039193729, 0.593505039193729, 0.7380952380952381, 0.5416666666666666, 0.6996966632962589, 0.6825396825396826, 0.8095238095238095, 0.8, 0.7624602332979851, 0.873015873015873]
 mean: 0.7086781529123493, std: 0.08723782851984983
Accuracy Intime: [0.8571428571428571, 0.9285714285714286, 0.75, 0.8333333333333334, 0.5833333333333334, 0.8571428571428571, 1.0, 0.75, 0.5833333333333334, 0.5833333333333334, 0.7857142857142857, 0.8571428571428571, 0.8333333333333334, 0.75, 0.5833333333333334]
 mean: 0.7690476190476192, std: 0.1290115922299435
F1 (Intime): [0.8444444444444444, 0.9251336898395721, 0.6210526315789473, 0.8285714285714285, 0.4957983193277311, 0.8444444444444444, 1.0, 0.6210526315789473, 0.5555555555555556, 0.5555555555555556, 0.7754010695187166, 0.8541666666666667, 0.7777777777777777, 0.7333333333333334, 0.4957983193277311]
 mean: 0.7285390578347234, std: 0.15511944135634007
--------------------------------------------------
Subject Number: 23
Accuracy Cross: [0.8181818181818182, 0.8484848484848485, 0.8181818181818182, 0.7575757575757576, 0.8484848484848485, 0.6875, 0.8125, 0.84375, 0.8125, 0.78125, 0.8181818181818182, 0.8484848484848485, 0.8484848484848485, 0.8181818181818182, 0.8181818181818182]
 mean: 0.8119949494949493, std: 0.04157885988243977
F1 Score: [0.8096153846153846, 0.8390243902439025, 0.8035714285714286, 0.7272727272727273, 0.8390243902439025, 0.6875, 0.8056680161943319, 0.8423645320197044, 0.8117647058823529, 0.7810361681329423, 0.8035714285714286, 0.8390243902439025, 0.8433048433048433, 0.8035714285714286, 0.8035714285714286]
 mean: 0.8026590174959806, std: 0.042230999969961616
Accuracy Intime: [0.9285714285714286, 0.9285714285714286, 0.9166666666666666, 0.5, 0.75, 0.9285714285714286, 0.8571428571428571, 1.0, 0.9166666666666666, 0.75, 1.0, 0.8571428571428571, 0.9166666666666666, 0.5833333333333334, 0.5833333333333334]
 mean: 0.8277777777777778, std: 0.15368161831694768
F1 (Intime): [0.9251336898395721, 0.9282051282051282, 0.8991596638655461, 0.3333333333333333, 0.7482517482517483, 0.9251336898395721, 0.8444444444444444, 1.0, 0.916083916083916, 0.7333333333333334, 1.0, 0.8571428571428571, 0.9111111111111111, 0.5555555555555556, 0.4957983193277311]
 mean: 0.8048457860222568, std: 0.1906982733611936
--------------------------------------------------
Subject Number: 24
Accuracy Cross: [0.625, 0.5, 0.46875, 0.5, 0.5, 0.53125, 0.5625, 0.59375, 0.5625, 0.5625, 0.53125, 0.46875, 0.5, 0.46875, 0.53125]
 mean: 0.5270833333333333, std: 0.04545296714431547
F1 Score: [0.6190476190476191, 0.4980392156862745, 0.464039408866995, 0.4666666666666667, 0.5, 0.5076923076923077, 0.5607843137254902, 0.5901477832512315, 0.5151515151515151, 0.5465587044534412, 0.5076923076923077, 0.464039408866995, 0.5, 0.464039408866995, 0.5195195195195195]
 mean: 0.5148945452991573, std: 0.045134660270142256
Accuracy Intime: [0.5714285714285714, 0.7142857142857143, 0.5, 0.4166666666666667, 0.3333333333333333, 0.21428571428571427, 0.42857142857142855, 0.5833333333333334, 0.75, 0.4166666666666667, 0.5714285714285714, 0.8571428571428571, 0.8333333333333334, 0.75, 0.5]
 mean: 0.5626984126984127, std: 0.1818724866793621
F1 (Intime): [0.5333333333333333, 0.7083333333333333, 0.5, 0.37777777777777777, 0.3142857142857143, 0.17647058823529413, 0.41666666666666663, 0.5804195804195804, 0.7482517482517483, 0.4125874125874126, 0.5333333333333333, 0.8571428571428571, 0.8125, 0.7482517482517483, 0.4857142857142857]
 mean: 0.5470045586222056, std: 0.1890863729779737
--------------------------------------------------
Subject Number: 25
Accuracy Cross: [0.42424242424242425, 0.5454545454545454, 0.48484848484848486, 0.45454545454545453, 0.45454545454545453, 0.53125, 0.71875, 0.625, 0.625, 0.6875, 0.71875, 0.65625, 0.625, 0.625, 0.625]
 mean: 0.5867424242424242, std: 0.09440282599996634
F1 Score: [0.3882926829268293, 0.5386766076421249, 0.4672364672364672, 0.35434782608695653, 0.4107142857142857, 0.5076923076923077, 0.694591728525981, 0.6235294117647059, 0.536231884057971, 0.6761133603238867, 0.694591728525981, 0.6267232237539766, 0.5844155844155844, 0.536231884057971, 0.5636363636363637]
 mean: 0.5468683564240927, std: 0.10431076716723806
Accuracy Intime: [0.8571428571428571, 0.7857142857142857, 0.8333333333333334, 0.5833333333333334, 0.6666666666666666, 0.5714285714285714, 0.7857142857142857, 0.3333333333333333, 0.5833333333333334, 0.5833333333333334, 0.7142857142857143, 0.6428571428571429, 0.75, 0.5, 0.5833333333333334]
 mean: 0.6515873015873016, std: 0.1352796344283044
F1 (Intime): [0.8541666666666667, 0.7754010695187166, 0.7777777777777777, 0.5555555555555556, 0.625, 0.475, 0.7754010695187166, 0.25, 0.4957983193277311, 0.5555555555555556, 0.7083333333333333, 0.5906432748538011, 0.6974789915966386, 0.3333333333333333, 0.5555555555555556]
 mean: 0.601666700172892, std: 0.16445179136794802
--------------------------------------------------
Subject Number: 26
Accuracy Cross: [0.8181818181818182, 0.8181818181818182, 0.8181818181818182, 0.8181818181818182, 0.9696969696969697, 0.71875, 0.71875, 0.6875, 0.8125, 0.78125, 0.9375, 0.875, 0.84375, 0.84375, 0.875]
 mean: 0.8224116161616162, std: 0.07435802130650816
F1 Score: [0.8096153846153846, 0.8035714285714286, 0.8096153846153846, 0.8035714285714286, 0.9692451071761417, 0.718475073313783, 0.716256157635468, 0.6862745098039216, 0.8095238095238095, 0.7793103448275862, 0.9352226720647774, 0.8666666666666667, 0.8303287380699894, 0.8303287380699894, 0.8666666666666667]
 mean: 0.8156448073461617, std: 0.07362438415626558
Accuracy Intime: [0.8571428571428571, 0.8571428571428571, 0.75, 0.5, 0.8333333333333334, 1.0, 0.9285714285714286, 1.0, 0.8333333333333334, 0.8333333333333334, 0.9285714285714286, 0.7857142857142857, 0.75, 0.75, 0.6666666666666666]
 mean: 0.8182539682539682, std: 0.12474211240881589
F1 (Intime): [0.8541666666666667, 0.8444444444444444, 0.6974789915966386, 0.4375, 0.8285714285714285, 1.0, 0.9251336898395721, 1.0, 0.8285714285714285, 0.8285714285714285, 0.9282051282051282, 0.7754010695187166, 0.7333333333333334, 0.7333333333333334, 0.6571428571428571]
 mean: 0.8047902533196651, std: 0.13926666986722777
--------------------------------------------------
Subject Number: 27
Accuracy Cross: [0.6666666666666666, 0.6363636363636364, 0.6666666666666666, 0.696969696969697, 0.696969696969697, 0.42424242424242425, 0.5454545454545454, 0.45454545454545453, 0.6363636363636364, 0.45454545454545453, 0.5625, 0.59375, 0.53125, 0.625, 0.625]
 mean: 0.5877525252525253, std: 0.0862908292995375
F1 Score: [0.6458536585365854, 0.6192307692307693, 0.6458536585365854, 0.6590909090909091, 0.6898496240601504, 0.41565703634669154, 0.5386766076421249, 0.44172932330827064, 0.6071428571428572, 0.44172932330827064, 0.5607843137254902, 0.5733333333333333, 0.5195195195195195, 0.611336032388664, 0.6190476190476191]
 mean: 0.5725889723478559, std: 0.08245390229024176
Accuracy Intime: [0.7857142857142857, 0.9285714285714286, 0.8333333333333334, 0.5833333333333334, 0.75, 0.8571428571428571, 0.7857142857142857, 0.5, 0.6666666666666666, 0.9166666666666666, 0.8571428571428571, 0.9285714285714286, 0.6428571428571429, 0.8333333333333334, 0.75]
 mean: 0.7746031746031747, std: 0.1239823783185937
F1 (Intime): [0.7754010695187166, 0.9251336898395721, 0.8125, 0.5555555555555556, 0.7482517482517483, 0.8444444444444444, 0.7543859649122806, 0.4857142857142857, 0.6571428571428571, 0.916083916083916, 0.8541666666666667, 0.9251336898395721, 0.625668449197861, 0.8285714285714285, 0.7482517482517483]
 mean: 0.7637603675993768, std: 0.12867125165358895
--------------------------------------------------
Subject Number: 28
Accuracy Cross: [0.75, 0.65625, 0.53125, 0.5625, 0.5625, 0.53125, 0.5, 0.46875, 0.625, 0.59375, 0.40625, 0.53125, 0.46875, 0.53125, 0.5]
 mean: 0.5479166666666667, std: 0.08138343743593587
F1 Score: [0.7408906882591093, 0.6532019704433498, 0.5195195195195195, 0.5151515151515151, 0.5625, 0.5270935960591133, 0.5, 0.4682306940371457, 0.5636363636363637, 0.5835835835835836, 0.3552492046659597, 0.530791788856305, 0.4231177094379639, 0.5270935960591133, 0.4666666666666667]
 mean: 0.5291151264250472, std: 0.08783954323342204
Accuracy Intime: [0.8571428571428571, 0.7142857142857143, 0.75, 0.75, 0.5833333333333334, 0.6428571428571429, 0.6428571428571429, 0.6666666666666666, 0.75, 0.4166666666666667, 0.9285714285714286, 0.7142857142857143, 0.9166666666666666, 0.5833333333333334, 0.75]
 mean: 0.711111111111111, std: 0.1284734096286366
F1 (Intime): [0.8541666666666667, 0.65, 0.6210526315789473, 0.7333333333333334, 0.4957983193277311, 0.5906432748538011, 0.641025641025641, 0.5555555555555556, 0.7482517482517483, 0.37777777777777777, 0.9282051282051282, 0.65, 0.8991596638655461, 0.4957983193277311, 0.7482517482517483]
 mean: 0.6659346538680905, std: 0.1502504433537494
--------------------------------------------------
Subject Number: 29
Accuracy Cross: [0.90625, 0.90625, 0.875, 0.84375, 0.875, 0.96875, 0.9375, 0.9375, 0.875, 0.9375, 0.9696969696969697, 0.9393939393939394, 1.0, 0.9393939393939394, 0.9393939393939394]
 mean: 0.9233585858585858, std: 0.04114321488667483
F1 Score: [0.9015384615384616, 0.9015384615384616, 0.8666666666666667, 0.8303287380699894, 0.8666666666666667, 0.967967967967968, 0.9352226720647774, 0.9365079365079365, 0.8666666666666667, 0.9352226720647774, 0.9692451071761417, 0.9388888888888889, 1.0, 0.9379699248120301, 0.9379699248120301]
 mean: 0.9194933836960975, std: 0.04480824326025513
Accuracy Intime: [1.0, 0.9285714285714286, 1.0, 0.8333333333333334, 0.8333333333333334, 0.9285714285714286, 1.0, 1.0, 0.8333333333333334, 0.6666666666666666, 1.0, 1.0, 1.0, 0.8333333333333334, 0.8333333333333334]
 mean: 0.9126984126984128, std: 0.09861729883815279
F1 (Intime): [1.0, 0.9282051282051282, 1.0, 0.8285714285714285, 0.8333333333333334, 0.9251336898395721, 1.0, 1.0, 0.8285714285714285, 0.625, 1.0, 1.0, 1.0, 0.8285714285714285, 0.8285714285714285]
 mean: 0.90839719104425, std: 0.10672305188985357
--------------------------------------------------
**************************************************
accuracy_cross_list: [0.8604166666666667, 0.6933712121212121, 0.6147727272727274, 0.7676767676767676, 0.5458333333333333, 0.6376893939393941, 0.58125, 0.74375, 0.8083333333333333, 0.6251262626262626, 0.5676767676767678, 0.7694444444444445, 0.8207070707070707, 0.7854166666666667, 0.725, 0.6083333333333333, 0.5877525252525253, 0.8289772727272726, 0.63125, 0.717929292929293, 0.42916666666666664, 0.740719696969697, 0.8119949494949493, 0.5270833333333333, 0.5867424242424242, 0.8224116161616162, 0.5877525252525253, 0.5479166666666667, 0.9233585858585858]
f1_score_list: [0.8500982415347063, 0.6744932719252953, 0.5984721372213665, 0.75912418969555, 0.525635639717961, 0.5648667661570758, 0.5685540482285069, 0.7135495196015565, 0.7967151726895625, 0.6136817309728703, 0.5048339947496382, 0.7426566147319151, 0.8143097392357794, 0.768936075163929, 0.7134179645142548, 0.5796802297781068, 0.5725889723478559, 0.8262010018425128, 0.5658876853390458, 0.7030390719938374, 0.3933772936409724, 0.7086781529123493, 0.8026590174959806, 0.5148945452991573, 0.5468683564240927, 0.8156448073461617, 0.5725889723478559, 0.5291151264250472, 0.9194933836960975]
accuracy_intime_list: [0.8626984126984125, 0.6349206349206349, 0.6476190476190476, 0.8484126984126984, 0.7277777777777779, 0.7523809523809525, 0.6253968253968254, 0.7198412698412698, 0.8452380952380951, 0.7698412698412699, 0.6158730158730159, 0.7634920634920637, 0.788888888888889, 0.8015873015873017, 0.8134920634920635, 0.7103174603174603, 0.7746031746031747, 0.8801587301587301, 0.7722222222222221, 0.7706349206349207, 0.6246031746031746, 0.7690476190476192, 0.8277777777777778, 0.5626984126984127, 0.6515873015873016, 0.8182539682539682, 0.7746031746031747, 0.711111111111111, 0.9126984126984128]
f1_score_intime_list: [0.8510354460354461, 0.6025347087266593, 0.6177998907410672, 0.8384534414100978, 0.7223221223221223, 0.7366074872266825, 0.5888913818093384, 0.6868106131341424, 0.8269875930170048, 0.7510886335886338, 0.5783840382756792, 0.723413335030982, 0.7717023493648882, 0.7789775844497207, 0.8035687890254456, 0.6894592129576651, 0.7637603675993768, 0.8760604537075126, 0.7413328664799254, 0.7589725416196006, 0.572005586432831, 0.7285390578347234, 0.8048457860222568, 0.5470045586222056, 0.601666700172892, 0.8047902533196651, 0.7637603675993768, 0.6659346538680905, 0.90839719104425]
**************************************************
ACC: 68.61±11.91
F1: 66.41±12.79
Intime: 75.10±8.69
F1 (Intime): 72.78±9.61
