1e-05
Subject Number: 1
Accuracy Cross: [0.7380952380952381, 0.7261904761904762, 0.7261904761904762, 0.7380952380952381, 0.7142857142857143, 0.8690476190476191, 0.8452380952380952, 0.8690476190476191, 0.7976190476190477, 0.8452380952380952, 0.6904761904761905, 0.7261904761904762, 0.7142857142857143, 0.7261904761904762, 0.7261904761904762]
 mean: 0.7634920634920633, std: 0.060681856678143735
F1 Score: [0.7223557692307692, 0.7039987743220468, 0.7039987743220468, 0.71880706025563, 0.6932440657334145, 0.8675268817204301, 0.8425378514780101, 0.8685819940264543, 0.7968994453136111, 0.8446878111221732, 0.6576802507836991, 0.7039987743220468, 0.6888888888888889, 0.7039987743220468, 0.7039987743220468]
 mean: 0.748080259344221, std: 0.07087269175481332
Accuracy Intime: [0.8823529411764706, 0.9117647058823529, 0.8235294117647058, 0.8823529411764706, 0.875, 0.6470588235294118, 0.8235294117647058, 0.8529411764705882, 0.8529411764705882, 1.0, 0.8235294117647058, 0.7352941176470589, 0.8823529411764706, 0.9411764705882353, 0.9375]
 mean: 0.8580882352941176, std: 0.08227193144429967
F1 (Intime): [0.8823529411764706, 0.9116883116883117, 0.8178571428571428, 0.8785714285714286, 0.8745098039215686, 0.6458333333333333, 0.8210526315789474, 0.85178727114211, 0.8496905393457117, 1.0, 0.8178571428571428, 0.7153488372093023, 0.8819444444444444, 0.9403508771929825, 0.9372549019607843]
 mean: 0.8550733071519787, std: 0.08481462829297726
--------------------------------------------------
Subject Number: 2
Accuracy Cross: [0.8333333333333334, 0.8690476190476191, 0.9285714285714286, 0.8928571428571429, 0.8214285714285714, 0.7976190476190477, 0.7857142857142857, 0.8333333333333334, 0.7619047619047619, 0.8095238095238095, 0.8571428571428571, 0.8809523809523809, 0.8690476190476191, 0.8809523809523809, 0.8214285714285714]
 mean: 0.842857142857143, std: 0.04351349257737397
F1 Score: [0.8333333333333334, 0.869029057406095, 0.9285309132161089, 0.8924761769307352, 0.8193548387096774, 0.7889759125166248, 0.7754010695187166, 0.8285714285714285, 0.7475961538461539, 0.8023529411764705, 0.8558352402745995, 0.879862700228833, 0.8681318681318682, 0.879862700228833, 0.8207936282178923]
 mean: 0.8393405308204912, std: 0.04715243099725361
Accuracy Intime: [0.8823529411764706, 0.8529411764705882, 0.9117647058823529, 0.8529411764705882, 0.78125, 0.8529411764705882, 0.7941176470588235, 0.8823529411764706, 0.9117647058823529, 0.71875, 0.8235294117647058, 0.9411764705882353, 0.7941176470588235, 0.9117647058823529, 0.90625]
 mean: 0.8545343137254904, std: 0.059795382707667974
F1 (Intime): [0.8819444444444444, 0.85178727114211, 0.9110723626852659, 0.8496905393457117, 0.7793103448275862, 0.85178727114211, 0.7925021795989537, 0.880701754385965, 0.9098143236074271, 0.7117117117117118, 0.8210526315789474, 0.9409722222222222, 0.7895667550839964, 0.9098143236074271, 0.906158357771261]
 mean: 0.8525257662103426, std: 0.061158639805303804
--------------------------------------------------
Subject Number: 3
Accuracy Cross: [0.6190476190476191, 0.5595238095238095, 0.6190476190476191, 0.5595238095238095, 0.5833333333333334, 0.75, 0.7738095238095238, 0.6666666666666666, 0.7142857142857143, 0.75, 0.7261904761904762, 0.6547619047619048, 0.7023809523809523, 0.7023809523809523, 0.6547619047619048]
 mean: 0.6690476190476191, std: 0.06751165180360867
F1 Score: [0.5633528265107213, 0.4669867947178872, 0.5633528265107213, 0.4669867947178872, 0.4957983193277311, 0.7499645641389086, 0.7735206470838655, 0.6664775950085082, 0.7116704805491991, 0.7499645641389086, 0.7039987743220468, 0.6080450522928399, 0.6734566941377702, 0.6734566941377702, 0.6080450522928399]
 mean: 0.6316718453258402, std: 0.09919581480151467
Accuracy Intime: [0.7941176470588235, 0.8823529411764706, 0.7941176470588235, 0.7941176470588235, 0.71875, 0.7352941176470589, 0.7647058823529411, 0.6764705882352942, 0.7941176470588235, 0.84375, 0.7352941176470589, 0.7352941176470589, 0.7941176470588235, 0.7058823529411765, 0.65625]
 mean: 0.7616421568627452, std: 0.058872018413634715
F1 (Intime): [0.7925021795989537, 0.880701754385965, 0.7895667550839964, 0.7925021795989537, 0.7046153846153846, 0.7350649350649351, 0.7638888888888888, 0.6693191865605659, 0.7925021795989537, 0.8423645320197044, 0.7332170880557978, 0.7350649350649351, 0.7925021795989537, 0.7017543859649122, 0.6267232237539766]
 mean: 0.7568193191903252, std: 0.06362521374174229
--------------------------------------------------
Subject Number: 4
Accuracy Cross: [0.7380952380952381, 0.75, 0.7261904761904762, 0.7023809523809523, 0.7976190476190477, 0.7380952380952381, 0.75, 0.8333333333333334, 0.8452380952380952, 0.7738095238095238, 0.7619047619047619, 0.7857142857142857, 0.7857142857142857, 0.7619047619047619, 0.7738095238095238]
 mean: 0.7682539682539685, std: 0.036851386559504457
F1 Score: [0.7379466817923993, 0.7482517482517483, 0.7242757242757243, 0.702338766832034, 0.7962037962037962, 0.7367521367521368, 0.7438652533759256, 0.8332387975042541, 0.8450404427415921, 0.7722277722277722, 0.7529411764705882, 0.7776470588235294, 0.7776470588235294, 0.750445632798574, 0.7663592446201142]
 mean: 0.7643454194329143, std: 0.037061558712023
Accuracy Intime: [0.9411764705882353, 0.9411764705882353, 0.8235294117647058, 0.7647058823529411, 0.84375, 0.8529411764705882, 0.9117647058823529, 0.8235294117647058, 0.8529411764705882, 0.90625, 0.7941176470588235, 0.8235294117647058, 0.7352941176470589, 0.8235294117647058, 0.75]
 mean: 0.8392156862745099, std: 0.062329881896563244
F1 (Intime): [0.9411764705882353, 0.9409722222222222, 0.8210526315789474, 0.7571428571428571, 0.8423645320197044, 0.8528138528138528, 0.9116883116883117, 0.8229166666666667, 0.85178727114211, 0.906158357771261, 0.793939393939394, 0.8229166666666667, 0.7153488372093023, 0.8210526315789474, 0.7408906882591093]
 mean: 0.8361480927525058, std: 0.06617326633392025
--------------------------------------------------
Subject Number: 5
Accuracy Cross: [0.8333333333333334, 0.8452380952380952, 0.9166666666666666, 0.8095238095238095, 0.8571428571428571, 0.8333333333333334, 0.7857142857142857, 0.7619047619047619, 0.8452380952380952, 0.8214285714285714, 0.7857142857142857, 0.8333333333333334, 0.7976190476190477, 0.8333333333333334, 0.9285714285714286]
 mean: 0.8325396825396827, std: 0.043571356289875574
F1 Score: [0.8332387975042541, 0.8450404427415921, 0.9165602383993188, 0.8090909090909091, 0.8568181818181818, 0.8285714285714285, 0.78125, 0.7569444444444444, 0.8425378514780101, 0.8193548387096774, 0.78125, 0.8318077803203661, 0.7952688172043011, 0.8309373202990225, 0.9285309132161089]
 mean: 0.830480130919841, std: 0.044843332035815364
Accuracy Intime: [0.7941176470588235, 0.8235294117647058, 0.8823529411764706, 0.8235294117647058, 0.9375, 0.7941176470588235, 0.8235294117647058, 0.8823529411764706, 0.9411764705882353, 0.78125, 0.7352941176470589, 0.8823529411764706, 0.8529411764705882, 0.8529411764705882, 0.9375]
 mean: 0.8496323529411766, std: 0.05944903339910295
F1 (Intime): [0.7925021795989537, 0.8229166666666667, 0.8819444444444444, 0.8131868131868132, 0.9375, 0.7895667550839964, 0.8229166666666667, 0.880701754385965, 0.9403508771929825, 0.7793103448275862, 0.7235772357723578, 0.8819444444444444, 0.8464317976513098, 0.8496905393457117, 0.9372549019607843]
 mean: 0.8466530280819122, std: 0.061655699896525175
--------------------------------------------------
Subject Number: 6
Accuracy Cross: [0.6785714285714286, 0.7023809523809523, 0.6428571428571429, 0.6666666666666666, 0.6785714285714286, 0.6190476190476191, 0.6666666666666666, 0.7142857142857143, 0.6190476190476191, 0.7738095238095238, 0.6547619047619048, 0.7142857142857143, 0.7619047619047619, 0.6904761904761905, 0.6309523809523809]
 mean: 0.6809523809523809, std: 0.04521720486744163
F1 Score: [0.6781609195402298, 0.701322713696487, 0.6426545660805445, 0.6659090909090909, 0.6785258681785967, 0.6190476190476191, 0.664957264957265, 0.7142857142857143, 0.6155606407322655, 0.7711827956989248, 0.6547129695251594, 0.7136363636363636, 0.761769710720363, 0.6876430205949657, 0.6304810557684121]
 mean: 0.6799900208914668, std: 0.0451699259850322
Accuracy Intime: [0.7941176470588235, 0.8529411764705882, 0.6470588235294118, 0.8235294117647058, 0.8125, 0.7647058823529411, 0.6764705882352942, 0.7647058823529411, 0.7941176470588235, 0.875, 0.6176470588235294, 0.6470588235294118, 0.7058823529411765, 0.6764705882352942, 0.71875]
 mean: 0.7447303921568627, std: 0.07826901854338476
F1 (Intime): [0.793939393939394, 0.85178727114211, 0.6357142857142857, 0.8229166666666667, 0.8117647058823529, 0.7614035087719297, 0.6739319965126417, 0.7614035087719297, 0.7925021795989537, 0.875, 0.6173160173160173, 0.6458333333333333, 0.7048611111111112, 0.6739319965126417, 0.716256157635468]
 mean: 0.7425708088605891, std: 0.07939457028000564
--------------------------------------------------
Subject Number: 7
Accuracy Cross: [0.6071428571428571, 0.5238095238095238, 0.6190476190476191, 0.6428571428571429, 0.5833333333333334, 0.6309523809523809, 0.6071428571428571, 0.6309523809523809, 0.5476190476190477, 0.6309523809523809, 0.5952380952380952, 0.5595238095238095, 0.6428571428571429, 0.6190476190476191, 0.5833333333333334]
 mean: 0.6015873015873016, std: 0.03473979147339569
F1 Score: [0.5975025410193118, 0.5213675213675214, 0.6155606407322655, 0.6354166666666667, 0.578494623655914, 0.6010418262601501, 0.5753025892446759, 0.6110530246452577, 0.5434782608695652, 0.6010418262601501, 0.5931623931623932, 0.5594613749114103, 0.6426545660805445, 0.6170940170940171, 0.5655386434165804]
 mean: 0.5905447010257616, std: 0.03237855629193205
Accuracy Intime: [0.7352941176470589, 0.7058823529411765, 0.6764705882352942, 0.7941176470588235, 0.75, 0.47058823529411764, 0.6764705882352942, 0.6470588235294118, 0.5882352941176471, 0.6875, 0.5, 0.6764705882352942, 0.7058823529411765, 0.7058823529411765, 0.65625]
 mean: 0.6650735294117648, std: 0.08408916887328183
F1 (Intime): [0.7350649350649351, 0.6886446886446886, 0.652093023255814, 0.793939393939394, 0.7490196078431373, 0.4631578947368421, 0.6739319965126417, 0.6263736263736264, 0.5824561403508772, 0.6666666666666667, 0.49607672188317353, 0.652093023255814, 0.7048611111111112, 0.7058823529411765, 0.6101882613510521]
 mean: 0.6533632962620632, std: 0.08617144541502872
--------------------------------------------------
Subject Number: 8
Accuracy Cross: [0.8452380952380952, 0.8333333333333334, 0.8690476190476191, 0.8214285714285714, 0.8333333333333334, 0.9166666666666666, 0.8809523809523809, 0.8928571428571429, 0.8809523809523809, 0.9047619047619048, 0.8809523809523809, 0.8690476190476191, 0.8809523809523809, 0.9166666666666666, 0.8571428571428571]
 mean: 0.8722222222222222, std: 0.02865947632582188
F1 Score: [0.8450404427415921, 0.8329545454545455, 0.8685819940264543, 0.8212005108556832, 0.8332387975042541, 0.9165602383993188, 0.8792409430707303, 0.8928419560595322, 0.8803418803418803, 0.9042735042735043, 0.879862700228833, 0.86676279740447, 0.879862700228833, 0.916083916083916, 0.8558352402745995]
 mean: 0.8715121444632099, std: 0.02861451808655463
Accuracy Intime: [0.9411764705882353, 1.0, 1.0, 0.9411764705882353, 0.9375, 0.9411764705882353, 0.9705882352941176, 0.8823529411764706, 0.7941176470588235, 0.9375, 0.8823529411764706, 0.9705882352941176, 0.8823529411764706, 0.8529411764705882, 0.9375]
 mean: 0.9247549019607845, std: 0.054429426562942786
F1 (Intime): [0.9409722222222222, 1.0, 1.0, 0.9403508771929825, 0.9372549019607843, 0.9409722222222222, 0.9705627705627706, 0.8819444444444444, 0.793939393939394, 0.9375, 0.8819444444444444, 0.9705627705627706, 0.8819444444444444, 0.85178727114211, 0.9372549019607843]
 mean: 0.9244660443399583, std: 0.0545884436204562
--------------------------------------------------
Subject Number: 9
Accuracy Cross: [0.8452380952380952, 0.8571428571428571, 0.8214285714285714, 0.75, 0.7738095238095238, 0.8214285714285714, 0.7619047619047619, 0.7619047619047619, 0.8571428571428571, 0.7976190476190477, 0.6904761904761905, 0.7380952380952381, 0.7261904761904762, 0.7023809523809523, 0.7261904761904762]
 mean: 0.7753968253968253, std: 0.05339329584620368
F1 Score: [0.8450404427415921, 0.8564102564102565, 0.8193548387096774, 0.7438652533759256, 0.7682590387686947, 0.8193548387096774, 0.7584818861414606, 0.7613636363636364, 0.8558352402745995, 0.7962037962037962, 0.6576802507836991, 0.71880706025563, 0.7079365079365079, 0.6782595373065727, 0.7039987743220468]
 mean: 0.7660567572202515, std: 0.062473885077350924
Accuracy Intime: [0.8823529411764706, 0.7941176470588235, 0.8823529411764706, 0.7352941176470589, 0.84375, 0.9411764705882353, 0.7647058823529411, 0.8235294117647058, 0.9117647058823529, 0.875, 0.8823529411764706, 0.9117647058823529, 0.8823529411764706, 0.9705882352941176, 0.96875]
 mean: 0.8713235294117647, std: 0.06676953748605347
F1 (Intime): [0.8819444444444444, 0.7895667550839964, 0.880701754385965, 0.7350649350649351, 0.8435972629521017, 0.9411764705882353, 0.7614035087719297, 0.8178571428571428, 0.9116883116883117, 0.875, 0.8823529411764706, 0.9116883116883117, 0.880701754385965, 0.970357454228422, 0.9687194525904204]
 mean: 0.8701213666604436, std: 0.06772214174616632
--------------------------------------------------
Subject Number: 10
Accuracy Cross: [0.7023809523809523, 0.6666666666666666, 0.6904761904761905, 0.6904761904761905, 0.6785714285714286, 0.6904761904761905, 0.6666666666666666, 0.6190476190476191, 0.6666666666666666, 0.6904761904761905, 0.6666666666666666, 0.7142857142857143, 0.8095238095238095, 0.7023809523809523, 0.7142857142857143]
 mean: 0.6912698412698414, std: 0.03923557807716913
F1 Score: [0.702338766832034, 0.6664775950085082, 0.6840277777777777, 0.6860264519838988, 0.6763236763236764, 0.6888888888888889, 0.6618746405980449, 0.6170940170940171, 0.6636155606407322, 0.690300623936472, 0.6664775950085082, 0.7128205128205127, 0.8094157685762904, 0.6971881759192502, 0.7141236528644356]
 mean: 0.689132913618203, std: 0.03975288406155114
Accuracy Intime: [0.8529411764705882, 0.7647058823529411, 0.6176470588235294, 0.7352941176470589, 0.65625, 0.9117647058823529, 0.7647058823529411, 0.7352941176470589, 0.6764705882352942, 0.65625, 0.7941176470588235, 0.7352941176470589, 0.6470588235294118, 0.5294117647058824, 0.53125]
 mean: 0.7072303921568628, std: 0.10326774763150531
F1 (Intime): [0.8528138528138528, 0.7614035087719297, 0.6146469049694856, 0.7294429708222812, 0.6476476476476476, 0.9116883116883117, 0.7571428571428571, 0.7332170880557978, 0.6761904761904762, 0.6559139784946236, 0.7895667550839964, 0.7332170880557978, 0.6357142857142857, 0.5228070175438597, 0.5195195195195195]
 mean: 0.7027288175009815, std: 0.10545882531476601
--------------------------------------------------
Subject Number: 11
Accuracy Cross: [0.7023809523809523, 0.6547619047619048, 0.7142857142857143, 0.6547619047619048, 0.7023809523809523, 0.7976190476190477, 0.7738095238095238, 0.8333333333333334, 0.7619047619047619, 0.7261904761904762, 0.7857142857142857, 0.6785714285714286, 0.7857142857142857, 0.7857142857142857, 0.7380952380952381]
 mean: 0.7396825396825399, std: 0.05285976446141814
F1 Score: [0.702338766832034, 0.6547129695251594, 0.7142857142857143, 0.6547129695251594, 0.701322713696487, 0.79408795962509, 0.7722277722277722, 0.8324786324786324, 0.7613636363636364, 0.7261516654854713, 0.7826336975273145, 0.6706838971976187, 0.7837528604118993, 0.78125, 0.7367521367521368]
 mean: 0.7379170261289417, std: 0.052581107212765495
Accuracy Intime: [0.8529411764705882, 0.7647058823529411, 0.8529411764705882, 0.8823529411764706, 0.6875, 0.7941176470588235, 0.7058823529411765, 0.7352941176470589, 0.8235294117647058, 0.78125, 0.6176470588235294, 0.7647058823529411, 0.8823529411764706, 0.7941176470588235, 0.8125]
 mean: 0.7834558823529412, std: 0.07194431177334168
F1 (Intime): [0.85178727114211, 0.7614035087719297, 0.8496905393457117, 0.8823529411764706, 0.6862745098039216, 0.7925021795989537, 0.6886446886446886, 0.7294429708222812, 0.8210526315789474, 0.7793103448275862, 0.6146469049694856, 0.7614035087719297, 0.8819444444444444, 0.793939393939394, 0.8095238095238095]
 mean: 0.7802613098241108, std: 0.07371367715425148
--------------------------------------------------
Subject Number: 12
Accuracy Cross: [0.8214285714285714, 0.8571428571428571, 0.8452380952380952, 0.9047619047619048, 0.8452380952380952, 0.7380952380952381, 0.7261904761904762, 0.7380952380952381, 0.7619047619047619, 0.75, 0.7738095238095238, 0.8214285714285714, 0.8452380952380952, 0.8214285714285714, 0.75]
 mean: 0.8, std: 0.05291931135926872
F1 Score: [0.8207936282178923, 0.8568181818181818, 0.8441558441558441, 0.9047619047619048, 0.8450404427415921, 0.7254901960784313, 0.7114264376400299, 0.7282352941176471, 0.750445632798574, 0.7438652533759256, 0.7641495492832866, 0.8170466095542326, 0.8425378514780101, 0.8183129055515501, 0.7365197908887229]
 mean: 0.793973301497455, std: 0.05771979209354312
Accuracy Intime: [0.7352941176470589, 0.7647058823529411, 0.7352941176470589, 0.7058823529411765, 0.875, 0.9117647058823529, 0.8823529411764706, 0.9117647058823529, 0.8823529411764706, 0.90625, 0.8823529411764706, 0.9411764705882353, 0.8529411764705882, 0.7647058823529411, 0.9375]
 mean: 0.8459558823529413, std: 0.07828436744138516
F1 (Intime): [0.7332170880557978, 0.7647058823529411, 0.7332170880557978, 0.7048611111111112, 0.8745098039215686, 0.9116883116883117, 0.8819444444444444, 0.9116883116883117, 0.8819444444444444, 0.906158357771261, 0.8819444444444444, 0.9403508771929825, 0.8528138528138528, 0.7638888888888888, 0.9372549019607843]
 mean: 0.8453458539223295, std: 0.07870554171859276
--------------------------------------------------
Subject Number: 13
Accuracy Cross: [0.6785714285714286, 0.7261904761904762, 0.7023809523809523, 0.7857142857142857, 0.7857142857142857, 0.6904761904761905, 0.7023809523809523, 0.7261904761904762, 0.7857142857142857, 0.75, 0.7738095238095238, 0.75, 0.8214285714285714, 0.8214285714285714, 0.7738095238095238]
 mean: 0.7515873015873016, std: 0.04430249440302496
F1 Score: [0.6774285307922059, 0.7261516654854713, 0.6971881759192502, 0.7837528604118993, 0.7855927396483267, 0.6860264519838988, 0.6971881759192502, 0.7214131218457102, 0.7846153846153847, 0.7482517482517483, 0.7711827956989248, 0.7470967741935484, 0.8201798201798203, 0.8207936282178923, 0.7722277722277722]
 mean: 0.7492726430260735, std: 0.04532178707860495
Accuracy Intime: [1.0, 0.8235294117647058, 0.7352941176470589, 0.8823529411764706, 0.84375, 0.9117647058823529, 0.9117647058823529, 0.7941176470588235, 0.8823529411764706, 0.78125, 0.8823529411764706, 0.7647058823529411, 0.7352941176470589, 0.7941176470588235, 0.6875]
 mean: 0.8286764705882353, std: 0.08089404995634165
F1 (Intime): [1.0, 0.8229166666666667, 0.7294429708222812, 0.880701754385965, 0.8398398398398399, 0.9116883116883117, 0.9116883116883117, 0.793939393939394, 0.8819444444444444, 0.7757757757757757, 0.8823529411764706, 0.7647058823529411, 0.7294429708222812, 0.7925021795989537, 0.6875]
 mean: 0.8269627628801092, std: 0.08193657403911753
--------------------------------------------------
Subject Number: 14
Accuracy Cross: [0.8690476190476191, 0.8333333333333334, 0.9047619047619048, 0.8571428571428571, 0.8928571428571429, 0.8571428571428571, 0.7619047619047619, 0.8214285714285714, 0.8095238095238095, 0.8571428571428571, 0.8214285714285714, 0.9047619047619048, 0.8214285714285714, 0.8809523809523809, 0.8333333333333334]
 mean: 0.8484126984126984, std: 0.038012476237549365
F1 Score: [0.8681318681318682, 0.8329545454545455, 0.9047078842881452, 0.8570618264322178, 0.8928419560595322, 0.8550891316848763, 0.7569444444444444, 0.8170466095542326, 0.8067855089131685, 0.8550891316848763, 0.8193548387096774, 0.9045454545454545, 0.8212005108556832, 0.8808848553601816, 0.8333333333333334]
 mean: 0.8470647932968158, std: 0.039164851649736585
Accuracy Intime: [0.8235294117647058, 0.8823529411764706, 0.9705882352941176, 0.8529411764705882, 0.875, 0.9411764705882353, 0.7058823529411765, 0.8823529411764706, 0.8529411764705882, 0.90625, 0.8529411764705882, 0.9117647058823529, 0.8235294117647058, 0.8823529411764706, 0.90625]
 mean: 0.8713235294117647, std: 0.058957415036396676
F1 (Intime): [0.8229166666666667, 0.8823529411764706, 0.9705627705627706, 0.8464317976513098, 0.8745098039215686, 0.9411764705882353, 0.7048611111111112, 0.880701754385965, 0.8464317976513098, 0.906158357771261, 0.85178727114211, 0.9116883116883117, 0.8131868131868132, 0.8819444444444444, 0.9054187192118226]
 mean: 0.869341935410678, std: 0.060033589816003485
--------------------------------------------------
**************************************************
accuracy_cross_list: [0.7634920634920633, 0.842857142857143, 0.6690476190476191, 0.7682539682539685, 0.8325396825396827, 0.6809523809523809, 0.6015873015873016, 0.8722222222222222, 0.7753968253968253, 0.6912698412698414, 0.7396825396825399, 0.8, 0.7515873015873016, 0.8484126984126984]
f1_score_list: [0.748080259344221, 0.8393405308204912, 0.6316718453258402, 0.7643454194329143, 0.830480130919841, 0.6799900208914668, 0.5905447010257616, 0.8715121444632099, 0.7660567572202515, 0.689132913618203, 0.7379170261289417, 0.793973301497455, 0.7492726430260735, 0.8470647932968158]
accuracy_intime_list: [0.8580882352941176, 0.8545343137254904, 0.7616421568627452, 0.8392156862745099, 0.8496323529411766, 0.7447303921568627, 0.6650735294117648, 0.9247549019607845, 0.8713235294117647, 0.7072303921568628, 0.7834558823529412, 0.8459558823529413, 0.8286764705882353, 0.8713235294117647]
f1_score_intime_list: [0.8550733071519787, 0.8525257662103426, 0.7568193191903252, 0.8361480927525058, 0.8466530280819122, 0.7425708088605891, 0.6533632962620632, 0.9244660443399583, 0.8701213666604436, 0.7027288175009815, 0.7802613098241108, 0.8453458539223295, 0.8269627628801092, 0.869341935410678]
**************************************************
ACC: 75.98±7.53
F1: 75.28±7.98
Intime: 81.47±6.95
F1 (Intime): 81.16±7.17
