1e-05
Subject Number: 1
Accuracy Cross: [0.4411764705882353, 0.45588235294117646, 0.39705882352941174, 0.5, 0.45588235294117646, 0.391304347826087, 0.36231884057971014, 0.4492753623188406, 0.4057971014492754, 0.4057971014492754, 0.47058823529411764, 0.6029411764705882, 0.5441176470588235, 0.5, 0.5147058823529411]
 mean: 0.4597897129866439, std: 0.062403842968014614
F1 Score: [0.47994698121027907, 0.4873011646410661, 0.4344270406770407, 0.5292510993245387, 0.4910928103879517, 0.39080287929125135, 0.36193145881289934, 0.4503458498023715, 0.40233661182093944, 0.40217391304347827, 0.4470238095238095, 0.5803030303030303, 0.5406018518518518, 0.48369047619047617, 0.5037024285745514]
 mean: 0.46566209369703576, std: 0.05879660170191289
Accuracy Intime: [0.5357142857142857, 0.6428571428571429, 0.35714285714285715, 0.4230769230769231, 0.46153846153846156, 0.6785714285714286, 0.5714285714285714, 0.5357142857142857, 0.6153846153846154, 0.6153846153846154, 0.7142857142857143, 0.5714285714285714, 0.35714285714285715, 0.38461538461538464, 0.5]
 mean: 0.530952380952381, std: 0.11098115278217392
F1 (Intime): [0.5577651515151515, 0.6409090909090909, 0.3745517640254482, 0.44087938205585264, 0.4901556776556777, 0.6919191919191919, 0.588284632034632, 0.5384615384615385, 0.6608097784568373, 0.6343240093240093, 0.7142156862745098, 0.5892816742081448, 0.3876114081996435, 0.37516869095816463, 0.5282467532467533]
 mean: 0.5475056286163098, std: 0.11001530382404141
--------------------------------------------------
Subject Number: 2
Accuracy Cross: [0.2463768115942029, 0.2753623188405797, 0.2318840579710145, 0.2463768115942029, 0.2753623188405797, 0.36764705882352944, 0.3235294117647059, 0.39705882352941174, 0.3088235294117647, 0.35294117647058826, 0.36231884057971014, 0.2753623188405797, 0.463768115942029, 0.4492753623188406, 0.34782608695652173]
 mean: 0.3282608695652174, std: 0.0697311345695047
F1 Score: [0.27478704091607314, 0.3070148953301127, 0.2551888295105841, 0.2713519070053448, 0.29479758828596037, 0.3646836007130125, 0.3614692337791333, 0.425966499960308, 0.3324108683151236, 0.375, 0.3464320625610948, 0.267003367003367, 0.4601425438596491, 0.4375, 0.34802442528735633]
 mean: 0.3414515241684747, std: 0.06238359343343251
Accuracy Intime: [0.5714285714285714, 0.4642857142857143, 0.4642857142857143, 0.5, 0.34615384615384615, 0.39285714285714285, 0.5357142857142857, 0.35714285714285715, 0.42857142857142855, 0.38461538461538464, 0.6071428571428571, 0.5, 0.39285714285714285, 0.46153846153846156, 0.2692307692307692]
 mean: 0.4450549450549451, std: 0.08767711271403444
F1 (Intime): [0.569327731092437, 0.43452380952380953, 0.43878968253968254, 0.42352941176470593, 0.34047619047619043, 0.36803327391562685, 0.525, 0.31279761904761905, 0.41479573058520425, 0.35004084967320265, 0.6094098883572567, 0.506578947368421, 0.3786199095022625, 0.37170868347338937, 0.21666666666666667]
 mean: 0.41735322626576493, std: 0.09932917064120671
--------------------------------------------------
Subject Number: 3
Accuracy Cross: [0.35294117647058826, 0.3235294117647059, 0.2647058823529412, 0.27941176470588236, 0.29411764705882354, 0.3333333333333333, 0.2753623188405797, 0.2318840579710145, 0.4057971014492754, 0.3333333333333333, 0.2753623188405797, 0.34782608695652173, 0.3333333333333333, 0.36231884057971014, 0.3333333333333333]
 mean: 0.3164393293549303, std: 0.04371806355670945
F1 Score: [0.3459967320261438, 0.31568759296615523, 0.2825695260477869, 0.2809233449477352, 0.260562558356676, 0.31361868954657923, 0.2537989544568492, 0.22339491886831703, 0.39516250944822373, 0.3331786002558679, 0.26003138489882927, 0.3051790281329923, 0.3230968218773097, 0.34472194472194473, 0.3093918276845106]
 mean: 0.3031542956157281, std: 0.04244738639257343
Accuracy Intime: [0.42857142857142855, 0.32142857142857145, 0.5, 0.5, 0.34615384615384615, 0.42857142857142855, 0.35714285714285715, 0.42857142857142855, 0.34615384615384615, 0.46153846153846156, 0.42857142857142855, 0.4642857142857143, 0.39285714285714285, 0.46153846153846156, 0.5]
 mean: 0.4243589743589744, std: 0.0576955054640253
F1 (Intime): [0.41281937876365116, 0.31074660633484164, 0.46933147262094627, 0.4791666666666667, 0.34502719502719503, 0.3653846153846154, 0.3962121212121212, 0.3776515151515151, 0.34744503862150916, 0.46344696969696964, 0.4455266955266955, 0.4013092885375494, 0.38541666666666663, 0.4313725490196078, 0.4731768231768232]
 mean: 0.406935573493825, std: 0.05074834464835445
--------------------------------------------------
Subject Number: 4
Accuracy Cross: [0.5217391304347826, 0.5942028985507246, 0.4927536231884058, 0.5797101449275363, 0.5362318840579711, 0.4927536231884058, 0.6086956521739131, 0.6231884057971014, 0.5507246376811594, 0.5362318840579711, 0.463768115942029, 0.4782608695652174, 0.463768115942029, 0.4492753623188406, 0.5507246376811594]
 mean: 0.5294685990338165, std: 0.05367321512012038
F1 Score: [0.5492063492063493, 0.6190781440781441, 0.5181708494208495, 0.5964141763243176, 0.5386707184042387, 0.5030819451551158, 0.6231550699635806, 0.6416159759031432, 0.5650793650793651, 0.562755131047814, 0.43587289903079374, 0.4795647969052224, 0.46697324414715724, 0.45661322950869665, 0.558695652173913]
 mean: 0.5409965030899133, std: 0.06157109332199576
Accuracy Intime: [0.6071428571428571, 0.6071428571428571, 0.4642857142857143, 0.5, 0.5, 0.5714285714285714, 0.7142857142857143, 0.5, 0.4642857142857143, 0.5384615384615384, 0.7142857142857143, 0.6785714285714286, 0.7142857142857143, 0.7142857142857143, 0.5769230769230769]
 mean: 0.591025641025641, std: 0.09283853698041714
F1 (Intime): [0.6169467787114846, 0.6065656565656565, 0.47058982683982686, 0.4465909090909091, 0.5058608058608058, 0.5987659399424106, 0.7341269841269841, 0.5012626262626263, 0.44047619047619047, 0.5393503555268262, 0.7261904761904763, 0.6717914438502673, 0.7078282828282828, 0.7280112044817928, 0.5766941391941391]
 mean: 0.591403441329912, std: 0.10160944891155237
--------------------------------------------------
Subject Number: 5
Accuracy Cross: [0.5, 0.4852941176470588, 0.4411764705882353, 0.4411764705882353, 0.47058823529411764, 0.5, 0.5735294117647058, 0.5, 0.5294117647058824, 0.4852941176470588, 0.45588235294117646, 0.4264705882352941, 0.39705882352941174, 0.36764705882352944, 0.4117647058823529]
 mean: 0.465686274509804, std: 0.0516918679469179
F1 Score: [0.4652777777777778, 0.45526755852842804, 0.4265357075560581, 0.42783419145690316, 0.44241140215716485, 0.4715042756914678, 0.561046511627907, 0.5020396172570085, 0.5116246498599439, 0.4581843065395407, 0.45985855360855366, 0.41548279048279046, 0.4018640350877193, 0.37655895691609975, 0.3951612903225806]
 mean: 0.4513767749913295, std: 0.0466942127005632
Accuracy Intime: [0.7142857142857143, 0.9285714285714286, 0.5714285714285714, 0.7307692307692307, 0.5, 0.6428571428571429, 0.8214285714285714, 0.6428571428571429, 0.6923076923076923, 0.5, 0.6428571428571429, 0.6785714285714286, 0.7142857142857143, 0.5769230769230769, 0.6153846153846154]
 mean: 0.6648351648351647, std: 0.10922417267689816
F1 (Intime): [0.7120192307692308, 0.9328525641025641, 0.5488116458704694, 0.6859959893048129, 0.45, 0.6581196581196581, 0.8139880952380952, 0.6520833333333333, 0.6200980392156863, 0.5053418803418803, 0.6461538461538461, 0.6985576923076923, 0.7133012820512822, 0.4714285714285714, 0.5839743589743589]
 mean: 0.6461817458140987, std: 0.12290304164933752
--------------------------------------------------
Subject Number: 6
Accuracy Cross: [0.4264705882352941, 0.4117647058823529, 0.4264705882352941, 0.47058823529411764, 0.45588235294117646, 0.4782608695652174, 0.5217391304347826, 0.4057971014492754, 0.42028985507246375, 0.4492753623188406, 0.36231884057971014, 0.4782608695652174, 0.4492753623188406, 0.43478260869565216, 0.5072463768115942]
 mean: 0.44656152315998876, std: 0.03968923672215024
F1 Score: [0.4505516840882694, 0.42950513538748825, 0.4292500024765471, 0.49444249444249444, 0.47383251256995873, 0.4103805660195113, 0.46013331475288, 0.3297690090528965, 0.33207547169811324, 0.3803086932447397, 0.38302042160737815, 0.5054633867276888, 0.467579091551785, 0.44907407407407407, 0.5283853341780171]
 mean: 0.43491807945812283, std: 0.05709034144956451
Accuracy Intime: [0.75, 0.5714285714285714, 0.7142857142857143, 0.6071428571428571, 0.4230769230769231, 0.6428571428571429, 0.6785714285714286, 0.5, 0.46153846153846156, 0.46153846153846156, 0.6071428571428571, 0.5357142857142857, 0.42857142857142855, 0.6538461538461539, 0.4230769230769231]
 mean: 0.5639194139194139, std: 0.10718495775963087
F1 (Intime): [0.7511459129106188, 0.5387254901960784, 0.7133928571428572, 0.6073452862926547, 0.376984126984127, 0.6588558500323206, 0.6957601222307105, 0.46486928104575165, 0.38869047619047614, 0.3784722222222222, 0.6048878881696219, 0.5464285714285715, 0.4317460317460317, 0.5940144478844169, 0.3086080586080586]
 mean: 0.5373284415389679, std: 0.13443725522935
--------------------------------------------------
Subject Number: 7
Accuracy Cross: [0.5588235294117647, 0.5441176470588235, 0.47058823529411764, 0.6323529411764706, 0.5735294117647058, 0.38235294117647056, 0.4264705882352941, 0.4117647058823529, 0.5147058823529411, 0.47058823529411764, 0.5441176470588235, 0.5294117647058824, 0.5147058823529411, 0.5294117647058824, 0.4852941176470588]
 mean: 0.5058823529411764, std: 0.06371794827165458
F1 Score: [0.5528677462887989, 0.5193004413411502, 0.455, 0.6257180525473209, 0.5601136851136851, 0.36772660818713454, 0.4121909444837698, 0.4204703832752613, 0.4936675089932614, 0.4225274725274726, 0.5446413608178314, 0.5170934892402284, 0.5131244416958702, 0.5288156288156288, 0.494435122483903]
 mean: 0.4951795257207544, std: 0.06590648222720047
Accuracy Intime: [0.6785714285714286, 0.5, 0.5357142857142857, 0.4230769230769231, 0.4230769230769231, 0.6428571428571429, 0.5357142857142857, 0.75, 0.6153846153846154, 0.5, 0.7857142857142857, 0.7142857142857143, 0.6428571428571429, 0.5, 0.5]
 mean: 0.5831501831501832, std: 0.11157800173702921
F1 (Intime): [0.6688041125541125, 0.501984126984127, 0.49845513963161026, 0.40033577533577536, 0.4017857142857143, 0.6316239316239316, 0.5097222222222222, 0.7452380952380951, 0.4861111111111111, 0.42715979672501414, 0.7963203463203463, 0.7080128205128206, 0.6409527972027973, 0.44285714285714284, 0.46249999999999997]
 mean: 0.554790875506988, std: 0.12694449807435046
--------------------------------------------------
Subject Number: 8
Accuracy Cross: [0.3088235294117647, 0.2647058823529412, 0.23529411764705882, 0.3235294117647059, 0.3235294117647059, 0.38235294117647056, 0.3382352941176471, 0.4117647058823529, 0.3382352941176471, 0.36764705882352944, 0.3088235294117647, 0.38235294117647056, 0.36764705882352944, 0.45588235294117646, 0.36764705882352944]
 mean: 0.3450980392156862, std: 0.05366247915060395
F1 Score: [0.32814187486500107, 0.24924265122008055, 0.2637334741720049, 0.3254901960784313, 0.3384508348794063, 0.4022445411628869, 0.3489346489346489, 0.4255392445483447, 0.32938402593575006, 0.39052660376189785, 0.3053977272727273, 0.4112612612612613, 0.3832850707850708, 0.4839404622013318, 0.38334620334620334]
 mean: 0.3579279213616698, std: 0.06014954425207765
Accuracy Intime: [0.42857142857142855, 0.4642857142857143, 0.39285714285714285, 0.34615384615384615, 0.4230769230769231, 0.5, 0.35714285714285715, 0.42857142857142855, 0.23076923076923078, 0.46153846153846156, 0.4642857142857143, 0.42857142857142855, 0.35714285714285715, 0.5, 0.5]
 mean: 0.4188644688644689, std: 0.0706912257133358
F1 (Intime): [0.4298611111111111, 0.48039215686274506, 0.37848621966269025, 0.3630952380952381, 0.3934837092731829, 0.5083333333333333, 0.32596153846153847, 0.44166666666666665, 0.24374999999999997, 0.4668803418803419, 0.4611111111111111, 0.46834733893557423, 0.3410714285714286, 0.5107142857142857, 0.4714285714285714]
 mean: 0.4189722034071879, std: 0.07344015215973353
--------------------------------------------------
Subject Number: 9
Accuracy Cross: [0.5735294117647058, 0.5, 0.4852941176470588, 0.5, 0.6176470588235294, 0.3235294117647059, 0.3382352941176471, 0.38235294117647056, 0.4411764705882353, 0.3235294117647059, 0.36764705882352944, 0.39705882352941174, 0.4411764705882353, 0.38235294117647056, 0.39705882352941174]
 mean: 0.4313725490196078, std: 0.08586130998357379
F1 Score: [0.5929679969153654, 0.5256322840721622, 0.514288580354328, 0.5281338152182142, 0.62513705949549, 0.33875338753387535, 0.3594819611470861, 0.3951752756100582, 0.4531941133252365, 0.34807737482156087, 0.39668174962292607, 0.4092567166709043, 0.461970408523961, 0.4135740420570142, 0.42459571736469587]
 mean: 0.4524613655155253, std: 0.08468450784923963
Accuracy Intime: [0.6428571428571429, 0.42857142857142855, 0.6071428571428571, 0.5384615384615384, 0.3076923076923077, 0.7142857142857143, 0.7142857142857143, 0.6428571428571429, 0.5384615384615384, 0.34615384615384615, 0.5357142857142857, 0.6785714285714286, 0.75, 0.5, 0.5]
 mean: 0.563003663003663, std: 0.12883206209664524
F1 (Intime): [0.6593137254901961, 0.45122279681103217, 0.6128326330532213, 0.5559483408748115, 0.24805194805194808, 0.7321428571428571, 0.7141414141414142, 0.6325757575757576, 0.5103174603174604, 0.3042735042735043, 0.5385964912280702, 0.6578947368421053, 0.7584629186602871, 0.44920634920634916, 0.4292207792207792]
 mean: 0.5502801141926529, std: 0.147361160794922
--------------------------------------------------
Subject Number: 10
Accuracy Cross: [0.29411764705882354, 0.36764705882352944, 0.3382352941176471, 0.36764705882352944, 0.36764705882352944, 0.3235294117647059, 0.23529411764705882, 0.27941176470588236, 0.27941176470588236, 0.3088235294117647, 0.30434782608695654, 0.2898550724637681, 0.34782608695652173, 0.37681159420289856, 0.3333333333333333]
 mean: 0.320929241261722, std: 0.039783410460818576
F1 Score: [0.26992521367521366, 0.35902225755166933, 0.33035714285714285, 0.3749654934437543, 0.3841467272669753, 0.3057472476227165, 0.22252192351926398, 0.2657789657789658, 0.2789011437908496, 0.30202334430275607, 0.31381917631917633, 0.3114396568343937, 0.3653611173772464, 0.3808401963889769, 0.33735119047619044]
 mean: 0.3201467198136861, std: 0.04626171618689037
Accuracy Intime: [0.39285714285714285, 0.5357142857142857, 0.35714285714285715, 0.3076923076923077, 0.23076923076923078, 0.42857142857142855, 0.39285714285714285, 0.32142857142857145, 0.3076923076923077, 0.38461538461538464, 0.35714285714285715, 0.39285714285714285, 0.39285714285714285, 0.5, 0.38461538461538464]
 mean: 0.3791208791208792, std: 0.07252608501281282
F1 (Intime): [0.4171626984126984, 0.521631000578369, 0.3385964912280702, 0.24404761904761904, 0.24269847799259567, 0.4327485380116959, 0.4127705627705628, 0.31785714285714284, 0.3068452380952381, 0.4058704453441295, 0.2972222222222222, 0.4133928571428571, 0.35132575757575757, 0.5246983408748115, 0.39732142857142855]
 mean: 0.37494592138167987, std: 0.08321550672048497
--------------------------------------------------
Subject Number: 11
Accuracy Cross: [0.391304347826087, 0.391304347826087, 0.3188405797101449, 0.34782608695652173, 0.37681159420289856, 0.5072463768115942, 0.4782608695652174, 0.463768115942029, 0.4492753623188406, 0.391304347826087, 0.4492753623188406, 0.36231884057971014, 0.4782608695652174, 0.42028985507246375, 0.391304347826087]
 mean: 0.4144927536231885, std: 0.052601575222478075
F1 Score: [0.3627899877899878, 0.36371991978609625, 0.3143667861409797, 0.3503224464322862, 0.37359999747676254, 0.4804630850362558, 0.4432398606366066, 0.41694301912867804, 0.41805365686944634, 0.3505257534862798, 0.42739007480386787, 0.3239030416119422, 0.42261904761904756, 0.39831200751825346, 0.36109373914251963]
 mean: 0.3871561615652673, std: 0.045238670297976256
Accuracy Intime: [0.35714285714285715, 0.5357142857142857, 0.4642857142857143, 0.5714285714285714, 0.5, 0.32142857142857145, 0.39285714285714285, 0.4642857142857143, 0.5, 0.46153846153846156, 0.2857142857142857, 0.32142857142857145, 0.5, 0.5, 0.6538461538461539]
 mean: 0.4553113553113553, std: 0.09855692386098386
F1 (Intime): [0.2928571428571428, 0.49495798319327733, 0.43907563025210083, 0.5732793522267207, 0.500801282051282, 0.3098901098901099, 0.32196969696969696, 0.4520833333333333, 0.4535678137651822, 0.40341880341880343, 0.2714285714285714, 0.32440476190476186, 0.4625, 0.4178571428571428, 0.6578947368421052]
 mean: 0.42506575739934876, std: 0.10506132585155403
--------------------------------------------------
Subject Number: 12
Accuracy Cross: [0.5147058823529411, 0.5735294117647058, 0.5735294117647058, 0.5441176470588235, 0.5588235294117647, 0.42028985507246375, 0.5507246376811594, 0.4927536231884058, 0.4492753623188406, 0.5507246376811594, 0.47058823529411764, 0.45588235294117646, 0.4852941176470588, 0.5, 0.4264705882352941]
 mean: 0.5044472861608412, std: 0.050792880529004505
F1 Score: [0.4954933954933955, 0.5706585081585082, 0.5423628159665395, 0.5597515719682989, 0.565711739241151, 0.4337121212121212, 0.54888931158821, 0.5032387955182072, 0.46428327144811415, 0.566126685691903, 0.4731972789115646, 0.45952380952380956, 0.5035117056856188, 0.5138981173864895, 0.43661834619281426]
 mean: 0.5091318315991163, std: 0.04652423210250319
Accuracy Intime: [0.5714285714285714, 0.6071428571428571, 0.6071428571428571, 0.5, 0.5769230769230769, 0.5, 0.5714285714285714, 0.39285714285714285, 0.46153846153846156, 0.34615384615384615, 0.6785714285714286, 0.75, 0.6785714285714286, 0.5769230769230769, 0.5]
 mean: 0.5545787545787545, std: 0.10431299346905605
F1 (Intime): [0.5761689291101055, 0.6272727272727273, 0.5669934640522876, 0.4145833333333333, 0.48749999999999993, 0.5169956140350876, 0.5784907902554961, 0.4254901960784313, 0.46904761904761905, 0.2638888888888889, 0.6990864527629234, 0.7627176744823804, 0.6875, 0.44999999999999996, 0.47681704260651625]
 mean: 0.5335035154617198, std: 0.12454201837028914
--------------------------------------------------
Subject Number: 13
Accuracy Cross: [0.38235294117647056, 0.3382352941176471, 0.4852941176470588, 0.35294117647058826, 0.4411764705882353, 0.43478260869565216, 0.391304347826087, 0.30434782608695654, 0.4057971014492754, 0.4927536231884058, 0.3382352941176471, 0.3088235294117647, 0.3382352941176471, 0.36764705882352944, 0.3235294117647059]
 mean: 0.38036373969877796, std: 0.05855861550990943
F1 Score: [0.4121847025223798, 0.34955686317242385, 0.510663082437276, 0.39169246646026834, 0.4596893302775656, 0.42000000000000004, 0.39262406128941507, 0.3122446557229166, 0.40936337025432834, 0.5070202020202019, 0.35329690634568683, 0.32862345754155664, 0.35569589624467673, 0.3643813915553046, 0.3257681343047196]
 mean: 0.3928536346765813, std: 0.05973227371165904
Accuracy Intime: [0.42857142857142855, 0.42857142857142855, 0.5, 0.4230769230769231, 0.46153846153846156, 0.4642857142857143, 0.5357142857142857, 0.5, 0.38461538461538464, 0.38461538461538464, 0.5, 0.4642857142857143, 0.6071428571428571, 0.5, 0.3076923076923077]
 mean: 0.4593406593406594, std: 0.06914641060754649
F1 (Intime): [0.45395658263305316, 0.36160714285714285, 0.5234912146676852, 0.4081232492997198, 0.47298534798534797, 0.456845238095238, 0.5237179487179487, 0.5247899159663865, 0.4303321678321678, 0.3826043237807944, 0.513630229419703, 0.4351503759398496, 0.5833333333333333, 0.5293803418803419, 0.3273809523809524]
 mean: 0.46182189098597765, std: 0.0696673201939508
--------------------------------------------------
Subject Number: 14
Accuracy Cross: [0.39705882352941174, 0.38235294117647056, 0.36764705882352944, 0.29411764705882354, 0.3382352941176471, 0.4117647058823529, 0.45588235294117646, 0.35294117647058826, 0.38235294117647056, 0.29411764705882354, 0.35294117647058826, 0.4411764705882353, 0.3382352941176471, 0.4264705882352941, 0.3235294117647059]
 mean: 0.3705882352941176, std: 0.04808920968012047
F1 Score: [0.4292706476530006, 0.40264705882352947, 0.4040247678018576, 0.3315591573093502, 0.36149613899613897, 0.40546124373710585, 0.4772222222222222, 0.3322506509378819, 0.3959207459207459, 0.2859416295401344, 0.37364393238583804, 0.42887205387205385, 0.33400127677684777, 0.42548312428419643, 0.3093105423987777]
 mean: 0.37980701284397866, std: 0.0511842304321345
Accuracy Intime: [0.5714285714285714, 0.5714285714285714, 0.6428571428571429, 0.5384615384615384, 0.38461538461538464, 0.4642857142857143, 0.5, 0.4642857142857143, 0.5, 0.34615384615384615, 0.39285714285714285, 0.35714285714285715, 0.39285714285714285, 0.5769230769230769, 0.34615384615384615]
 mean: 0.4699633699633699, std: 0.09346834129395318
F1 (Intime): [0.6052631578947367, 0.5637254901960784, 0.6388694638694639, 0.4982456140350877, 0.34989434370239325, 0.4766233766233766, 0.5017482517482517, 0.484313725490196, 0.5423611111111111, 0.36783625730994146, 0.3834076140577688, 0.30000000000000004, 0.37335164835164836, 0.6110119047619047, 0.36025641025641025]
 mean: 0.47046055796055797, std: 0.10501266873605777
--------------------------------------------------
Subject Number: 15
Accuracy Cross: [0.4264705882352941, 0.38235294117647056, 0.4411764705882353, 0.45588235294117646, 0.45588235294117646, 0.5294117647058824, 0.5294117647058824, 0.5882352941176471, 0.5882352941176471, 0.5735294117647058, 0.45588235294117646, 0.4411764705882353, 0.45588235294117646, 0.47058823529411764, 0.45588235294117646]
 mean: 0.48333333333333334, std: 0.06072102967530205
F1 Score: [0.46047607916471867, 0.4047368947579032, 0.4717904205791841, 0.48656126482213435, 0.48769262874419594, 0.5308660130718954, 0.5407407407407407, 0.6022079772079771, 0.6000370871329465, 0.5778347996089932, 0.44409709261333, 0.44951436562420544, 0.45996031746031746, 0.46857560677637494, 0.46980676328502413]
 mean: 0.4969932034393294, std: 0.057694793073100825
Accuracy Intime: [0.6785714285714286, 0.6428571428571429, 0.6071428571428571, 0.7307692307692307, 0.34615384615384615, 0.42857142857142855, 0.2857142857142857, 0.5357142857142857, 0.5384615384615384, 0.6153846153846154, 0.6428571428571429, 0.5357142857142857, 0.5714285714285714, 0.7307692307692307, 0.6153846153846154]
 mean: 0.567032967032967, std: 0.12483052150472904
F1 (Intime): [0.6773310023310024, 0.6659982174688057, 0.6207264957264957, 0.7637254901960784, 0.316505132294606, 0.4146065922381712, 0.2625396825396825, 0.5473627249943039, 0.5078947368421053, 0.6181818181818182, 0.6431372549019607, 0.5465686274509803, 0.5648544266191325, 0.7494047619047619, 0.6360916860916861]
 mean: 0.5689952433187727, std: 0.13974537534142548
--------------------------------------------------
Subject Number: 16
Accuracy Cross: [0.5147058823529411, 0.5147058823529411, 0.5294117647058824, 0.5294117647058824, 0.5882352941176471, 0.4264705882352941, 0.4264705882352941, 0.38235294117647056, 0.5147058823529411, 0.4852941176470588, 0.5441176470588235, 0.5735294117647058, 0.5294117647058824, 0.5147058823529411, 0.5882352941176471]
 mean: 0.51078431372549, std: 0.05745131499601416
F1 Score: [0.4552838164251207, 0.49630779848171147, 0.4813077182339063, 0.5166731416731417, 0.5353505291005292, 0.40304341226472373, 0.4041807348560079, 0.3493270807923624, 0.504655302621642, 0.464789827308568, 0.4827902502045732, 0.4976084637268848, 0.48437883331061743, 0.49092824496050297, 0.5363751051303616]
 mean: 0.47353335060604357, std: 0.05025269504629404
Accuracy Intime: [0.6428571428571429, 0.5357142857142857, 0.7857142857142857, 0.7307692307692307, 0.6153846153846154, 0.6071428571428571, 0.42857142857142855, 0.6428571428571429, 0.6153846153846154, 0.38461538461538464, 0.6071428571428571, 0.5714285714285714, 0.8571428571428571, 0.6923076923076923, 0.5384615384615384]
 mean: 0.617032967032967, std: 0.11850312222492666
F1 (Intime): [0.5913461538461539, 0.479004329004329, 0.7812229437229439, 0.7077138547726782, 0.6205128205128205, 0.6176470588235294, 0.34446693657219973, 0.6200854700854701, 0.5788006111535523, 0.38636363636363635, 0.5912280701754385, 0.5637254901960784, 0.8506787330316743, 0.70269069166128, 0.517361111111111]
 mean: 0.5968565274021931, std: 0.12990778913609768
--------------------------------------------------
Subject Number: 17
Accuracy Cross: [0.43478260869565216, 0.4927536231884058, 0.4927536231884058, 0.42028985507246375, 0.4492753623188406, 0.3333333333333333, 0.36231884057971014, 0.42028985507246375, 0.391304347826087, 0.42028985507246375, 0.45588235294117646, 0.47058823529411764, 0.45588235294117646, 0.4264705882352941, 0.4264705882352941]
 mean: 0.4301790281329924, std: 0.042416565452022464
F1 Score: [0.418530701754386, 0.5016984359726295, 0.4634295415959253, 0.41119805122905434, 0.4547161172161172, 0.265206508135169, 0.3135964912280702, 0.36156648451730417, 0.3525132275132275, 0.3773281596452328, 0.44907407407407407, 0.4595201238390093, 0.4577884104199894, 0.42768569484816626, 0.43314677649716016]
 mean: 0.4097999198990344, std: 0.061873283664882386
Accuracy Intime: [0.35714285714285715, 0.5357142857142857, 0.42857142857142855, 0.34615384615384615, 0.46153846153846156, 0.5714285714285714, 0.5357142857142857, 0.5357142857142857, 0.6153846153846154, 0.5769230769230769, 0.5357142857142857, 0.75, 0.4642857142857143, 0.5357142857142857, 0.46153846153846156]
 mean: 0.514102564102564, std: 0.09785705887470952
F1 (Intime): [0.36220760233918126, 0.5458874458874459, 0.39460539460539457, 0.24999999999999997, 0.3570261437908497, 0.5968253968253968, 0.554945054945055, 0.4876893939393939, 0.5047348484848485, 0.5125, 0.530952380952381, 0.7627176744823804, 0.4311688311688312, 0.5376068376068376, 0.43178104575163395]
 mean: 0.4840432033853086, std: 0.11685645069886925
--------------------------------------------------
Subject Number: 18
Accuracy Cross: [0.4057971014492754, 0.37681159420289856, 0.4492753623188406, 0.4492753623188406, 0.391304347826087, 0.3235294117647059, 0.39705882352941174, 0.35294117647058826, 0.39705882352941174, 0.39705882352941174, 0.4411764705882353, 0.36764705882352944, 0.35294117647058826, 0.3382352941176471, 0.39705882352941174]
 mean: 0.38914464336459226, std: 0.03706208860291803
F1 Score: [0.42586206896551726, 0.39212337108756545, 0.43921009098428454, 0.47458230806395435, 0.4115411076711386, 0.35076421873097063, 0.4313664596273292, 0.363766559255281, 0.4278138528138528, 0.42330921111408915, 0.46892830330330326, 0.3647847847847848, 0.3711374832064487, 0.36249999999999993, 0.43744164332399627]
 mean: 0.4096754308621677, std: 0.0384967793904155
Accuracy Intime: [0.42857142857142855, 0.5, 0.5357142857142857, 0.4230769230769231, 0.23076923076923078, 0.42857142857142855, 0.5357142857142857, 0.5, 0.3076923076923077, 0.34615384615384615, 0.5357142857142857, 0.5714285714285714, 0.5714285714285714, 0.3076923076923077, 0.34615384615384615]
 mean: 0.4379120879120878, std: 0.10523472287473712
F1 (Intime): [0.4385336885336885, 0.5102564102564103, 0.55325311942959, 0.42857142857142855, 0.21606858054226474, 0.44267399267399266, 0.5391025641025642, 0.5106394830659536, 0.3345029239766082, 0.37916666666666665, 0.5509803921568628, 0.5949197860962567, 0.56875, 0.3270833333333333, 0.33452380952380956]
 mean: 0.4486017452619619, std: 0.1075012892326119
--------------------------------------------------
Subject Number: 19
Accuracy Cross: [0.25, 0.23529411764705882, 0.23529411764705882, 0.25, 0.23529411764705882, 0.4117647058823529, 0.45588235294117646, 0.4852941176470588, 0.5735294117647058, 0.5294117647058824, 0.35294117647058826, 0.2647058823529412, 0.36764705882352944, 0.35294117647058826, 0.3382352941176471]
 mean: 0.35588235294117637, std: 0.11020584703055997
F1 Score: [0.22982076888726505, 0.26189245724129445, 0.2500156847982935, 0.26663711583924354, 0.22863384484228477, 0.3696398839255982, 0.4411764705882353, 0.48099031279178334, 0.567519305019305, 0.5417439703153989, 0.3531707317073171, 0.26108735197915023, 0.34770787533945424, 0.3688764865235453, 0.3205073696145125]
 mean: 0.3526279752941787, std: 0.10735082910910765
Accuracy Intime: [0.6428571428571429, 0.5714285714285714, 0.5, 0.6153846153846154, 0.4230769230769231, 0.6071428571428571, 0.35714285714285715, 0.5, 0.4230769230769231, 0.4230769230769231, 0.6428571428571429, 0.5357142857142857, 0.5357142857142857, 0.5, 0.6153846153846154]
 mean: 0.5261904761904763, std: 0.08734862160169307
F1 (Intime): [0.6241455912508544, 0.5531045751633987, 0.49682539682539684, 0.5800420168067227, 0.4199862637362637, 0.6017231134878194, 0.34056956115779646, 0.502262443438914, 0.32619047619047614, 0.4471611721611721, 0.6618055555555555, 0.49859943977591037, 0.5343137254901961, 0.3983516483516483, 0.6297348484848485]
 mean: 0.5076543885251316, std: 0.10114965689711679
--------------------------------------------------
Subject Number: 20
Accuracy Cross: [0.5735294117647058, 0.5735294117647058, 0.5735294117647058, 0.5294117647058824, 0.6029411764705882, 0.4117647058823529, 0.5, 0.4411764705882353, 0.38235294117647056, 0.45588235294117646, 0.43478260869565216, 0.42028985507246375, 0.37681159420289856, 0.463768115942029, 0.4927536231884058]
 mean: 0.4821682296106849, std: 0.07169035751003242
F1 Score: [0.5901622776622777, 0.5879162452863407, 0.5890890269151139, 0.533225950408613, 0.6120557491289198, 0.41494107744107744, 0.5177911044477761, 0.4525793650793651, 0.38551826897691555, 0.4596022727272727, 0.44580978844627095, 0.43082497212932, 0.4112599164634317, 0.4761551391173736, 0.5078249509064057]
 mean: 0.4943170736757649, std: 0.0719889129169107
Accuracy Intime: [0.4642857142857143, 0.5714285714285714, 0.5, 0.38461538461538464, 0.5384615384615384, 0.7857142857142857, 0.6785714285714286, 0.6428571428571429, 0.6153846153846154, 0.46153846153846156, 0.6785714285714286, 0.6071428571428571, 0.5357142857142857, 0.5, 0.46153846153846156]
 mean: 0.5617216117216117, std: 0.10291443308125192
F1 (Intime): [0.4642156862745098, 0.5802968960863698, 0.5144273618538324, 0.35833333333333334, 0.5518207282913165, 0.7933441558441559, 0.6760765550239234, 0.6348484848484848, 0.6201388888888889, 0.478030303030303, 0.6847123464770524, 0.6245614035087719, 0.5364468864468864, 0.47291666666666665, 0.40601503759398494]
 mean: 0.5597456489445654, std: 0.111902064949372
--------------------------------------------------
Subject Number: 21
Accuracy Cross: [0.47058823529411764, 0.39705882352941174, 0.4411764705882353, 0.4264705882352941, 0.39705882352941174, 0.4117647058823529, 0.35294117647058826, 0.39705882352941174, 0.4117647058823529, 0.45588235294117646, 0.4117647058823529, 0.4117647058823529, 0.4411764705882353, 0.4852941176470588, 0.4411764705882353]
 mean: 0.42352941176470593, std: 0.032308347163302116
F1 Score: [0.4352874134481027, 0.3686947278911565, 0.4152865087040619, 0.40021645021645025, 0.37939162286988376, 0.4006238859180036, 0.3181126709943697, 0.3623972645711776, 0.3801627116844508, 0.40921296296296295, 0.3739658715268471, 0.3945653445653446, 0.3853685618391501, 0.4520148462354189, 0.4123336196506929]
 mean: 0.3925089642052048, std: 0.031004575747329576
Accuracy Intime: [0.5714285714285714, 0.75, 0.5, 0.4230769230769231, 0.46153846153846156, 0.4642857142857143, 0.5357142857142857, 0.42857142857142855, 0.5769230769230769, 0.46153846153846156, 0.5714285714285714, 0.5357142857142857, 0.35714285714285715, 0.4230769230769231, 0.46153846153846156]
 mean: 0.5014652014652015, std: 0.09099375920320112
F1 (Intime): [0.5297903850535429, 0.7490842490842491, 0.4172794117647059, 0.3958333333333333, 0.42380952380952375, 0.444707923655292, 0.5395876053770791, 0.35241228070175434, 0.532051282051282, 0.4217032967032967, 0.5317460317460317, 0.5300671550671551, 0.32102881638485353, 0.3944444444444445, 0.4300976800976801]
 mean: 0.46757622795161496, std: 0.10138846685520504
--------------------------------------------------
Subject Number: 22
Accuracy Cross: [0.45588235294117646, 0.38235294117647056, 0.35294117647058826, 0.39705882352941174, 0.35294117647058826, 0.36231884057971014, 0.36231884057971014, 0.34782608695652173, 0.36231884057971014, 0.4057971014492754, 0.4411764705882353, 0.36764705882352944, 0.38235294117647056, 0.38235294117647056, 0.4117647058823529]
 mean: 0.38447001989201485, std: 0.03138265041588937
F1 Score: [0.47373936408419165, 0.37777785065855063, 0.3678098861922392, 0.41665339491426445, 0.3878986866791745, 0.29879466938290467, 0.3352389448196763, 0.309331797235023, 0.36850044365572315, 0.39278656126482214, 0.46294005544005545, 0.3979282212040833, 0.40164146664146666, 0.427794884261135, 0.4487390350877193]
 mean: 0.39117168410140196, std: 0.04969251414555996
Accuracy Intime: [0.5714285714285714, 0.5357142857142857, 0.4642857142857143, 0.5384615384615384, 0.3076923076923077, 0.42857142857142855, 0.75, 0.4642857142857143, 0.6153846153846154, 0.4230769230769231, 0.6071428571428571, 0.6071428571428571, 0.42857142857142855, 0.4230769230769231, 0.4230769230769231]
 mean: 0.5058608058608058, std: 0.10758042829237355
F1 (Intime): [0.5804222093695779, 0.5407239819004526, 0.47577276524644946, 0.48717948717948717, 0.3130952380952381, 0.44603174603174606, 0.7604166666666666, 0.46622474747474746, 0.6166101055806938, 0.38203463203463195, 0.6053921568627451, 0.619327731092437, 0.4453781512605042, 0.4398692810457516, 0.34047619047619043]
 mean: 0.5012636726878213, std: 0.11563291651596083
--------------------------------------------------
Subject Number: 23
Accuracy Cross: [0.42028985507246375, 0.4492753623188406, 0.43478260869565216, 0.5507246376811594, 0.4492753623188406, 0.45588235294117646, 0.5588235294117647, 0.5441176470588235, 0.5441176470588235, 0.5441176470588235, 0.43478260869565216, 0.43478260869565216, 0.4057971014492754, 0.5362318840579711, 0.463768115942029]
 mean: 0.4817845978971299, std: 0.05452885766132838
F1 Score: [0.4332017439434319, 0.4641774891774892, 0.44027777777777777, 0.5665601023017903, 0.4648814229249012, 0.4354507701965329, 0.5679712844822808, 0.5221100806207188, 0.5522899159663865, 0.5314344460570876, 0.43211031336726546, 0.4342616273562565, 0.39544826832113006, 0.539373853125117, 0.45837284408712975]
 mean: 0.48252812931368627, std: 0.05570111487779502
Accuracy Intime: [0.5, 0.75, 0.5, 0.46153846153846156, 0.3076923076923077, 0.5, 0.75, 0.6428571428571429, 0.42857142857142855, 0.34615384615384615, 0.7142857142857143, 0.75, 0.6071428571428571, 0.6923076923076923, 0.34615384615384615]
 mean: 0.5531135531135531, std: 0.15294301454874623
F1 (Intime): [0.4632867132867133, 0.7550505050505051, 0.497488038277512, 0.4458646616541353, 0.2846638655462185, 0.5217171717171717, 0.7401515151515152, 0.643411490470314, 0.41428571428571426, 0.3380952380952381, 0.7251718869365928, 0.7402777777777778, 0.6314935064935064, 0.6954405243878928, 0.29617604617604615]
 mean: 0.5461716436871237, std: 0.16359844684713112
--------------------------------------------------
Subject Number: 24
Accuracy Cross: [0.3382352941176471, 0.3235294117647059, 0.3088235294117647, 0.27941176470588236, 0.29411764705882354, 0.29411764705882354, 0.3382352941176471, 0.4411764705882353, 0.4117647058823529, 0.3235294117647059, 0.23529411764705882, 0.25, 0.23529411764705882, 0.29411764705882354, 0.3382352941176471]
 mean: 0.31372549019607837, std: 0.05571871466032479
F1 Score: [0.3320325203252033, 0.3122499122499123, 0.3112463924963925, 0.28414977477477477, 0.2885814960233565, 0.28285546279732326, 0.32650414102027003, 0.4316327419043887, 0.4083877657762857, 0.315117235705471, 0.24451447245564895, 0.2539426523297491, 0.23625228937728937, 0.30559138524077545, 0.3348294723294723]
 mean: 0.31119251432042094, std: 0.052034105244915724
Accuracy Intime: [0.42857142857142855, 0.25, 0.42857142857142855, 0.34615384615384615, 0.3076923076923077, 0.4642857142857143, 0.32142857142857145, 0.42857142857142855, 0.5769230769230769, 0.34615384615384615, 0.5, 0.39285714285714285, 0.4642857142857143, 0.5384615384615384, 0.4230769230769231]
 mean: 0.4144688644688645, std: 0.08626470839298875
F1 (Intime): [0.4145658263305322, 0.22045454545454546, 0.41625216888374783, 0.3432234432234432, 0.31666666666666665, 0.466238038277512, 0.33395026026604974, 0.4261675824175824, 0.5682692307692307, 0.27207792207792203, 0.47817460317460314, 0.37896825396825395, 0.45539215686274503, 0.4902146464646465, 0.40375816993464053]
 mean: 0.39895823431814137, std: 0.08746530349624064
--------------------------------------------------
Subject Number: 25
Accuracy Cross: [0.4927536231884058, 0.4492753623188406, 0.463768115942029, 0.463768115942029, 0.4057971014492754, 0.4264705882352941, 0.47058823529411764, 0.5147058823529411, 0.5, 0.5441176470588235, 0.45588235294117646, 0.45588235294117646, 0.45588235294117646, 0.3235294117647059, 0.4411764705882353]
 mean: 0.4575731741972151, std: 0.048989851394870804
F1 Score: [0.448739422623804, 0.4002798069588687, 0.4107729468599034, 0.4168840579710145, 0.38534527286091746, 0.3631806789701526, 0.4073380171740828, 0.47599637681159424, 0.4257142857142857, 0.5144393592677345, 0.45555708769994485, 0.43036891480730227, 0.43039569218814505, 0.22756410256410253, 0.38342105263157894]
 mean: 0.4117331383402288, std: 0.06154175240403128
Accuracy Intime: [0.6428571428571429, 0.5357142857142857, 0.4642857142857143, 0.5769230769230769, 0.46153846153846156, 0.5, 0.5714285714285714, 0.42857142857142855, 0.7307692307692307, 0.5384615384615384, 0.42857142857142855, 0.42857142857142855, 0.42857142857142855, 0.6153846153846154, 0.46153846153846156]
 mean: 0.5208791208791209, std: 0.0890143806164318
F1 (Intime): [0.6190058479532163, 0.5364468864468864, 0.46071428571428574, 0.5507575757575758, 0.4154761904761905, 0.419047619047619, 0.5773809523809523, 0.42539682539682544, 0.5962301587301587, 0.42380952380952375, 0.42180042180042177, 0.3978846153846154, 0.37104072398190047, 0.4916666666666667, 0.3680555555555556]
 mean: 0.47164758994015965, std: 0.08104353576623101
--------------------------------------------------
Subject Number: 26
Accuracy Cross: [0.4782608695652174, 0.463768115942029, 0.4927536231884058, 0.5362318840579711, 0.5797101449275363, 0.4264705882352941, 0.4411764705882353, 0.38235294117647056, 0.36764705882352944, 0.35294117647058826, 0.6029411764705882, 0.5, 0.4852941176470588, 0.5441176470588235, 0.5147058823529411]
 mean: 0.4778914464336459, std: 0.07164703916912751
F1 Score: [0.49581552706552706, 0.4706998520575223, 0.5018939393939394, 0.5478345510105945, 0.5943658108404652, 0.44500513970656946, 0.45258937597647275, 0.39218379659556135, 0.388274974481871, 0.38710963455149505, 0.6226906748645878, 0.5232894489187395, 0.5117295446353478, 0.5628315870176335, 0.5404228177150192]
 mean: 0.4957824449887564, std: 0.07082554902074505
Accuracy Intime: [0.6071428571428571, 0.5357142857142857, 0.5357142857142857, 0.5, 0.3076923076923077, 0.5714285714285714, 0.6428571428571429, 0.5714285714285714, 0.6153846153846154, 0.46153846153846156, 0.5714285714285714, 0.4642857142857143, 0.35714285714285715, 0.6923076923076923, 0.4230769230769231]
 mean: 0.5238095238095238, std: 0.10250194348760577
F1 (Intime): [0.6162734324499031, 0.5511904761904762, 0.5216189039718451, 0.47505411255411256, 0.2676767676767677, 0.6083333333333333, 0.625, 0.5848214285714286, 0.6315836940836941, 0.4723214285714286, 0.5795454545454546, 0.4890756302521008, 0.3717948717948718, 0.7142857142857143, 0.44463118580765637]
 mean: 0.5302137622725859, std: 0.11015572910421659
--------------------------------------------------
Subject Number: 27
Accuracy Cross: [0.43478260869565216, 0.4927536231884058, 0.4927536231884058, 0.42028985507246375, 0.4492753623188406, 0.3333333333333333, 0.36231884057971014, 0.42028985507246375, 0.391304347826087, 0.42028985507246375, 0.45588235294117646, 0.47058823529411764, 0.45588235294117646, 0.4264705882352941, 0.4264705882352941]
 mean: 0.4301790281329924, std: 0.042416565452022464
F1 Score: [0.418530701754386, 0.5016984359726295, 0.4634295415959253, 0.41119805122905434, 0.4547161172161172, 0.265206508135169, 0.3135964912280702, 0.36156648451730417, 0.3525132275132275, 0.3773281596452328, 0.44907407407407407, 0.4595201238390093, 0.4577884104199894, 0.42768569484816626, 0.43314677649716016]
 mean: 0.4097999198990344, std: 0.061873283664882386
Accuracy Intime: [0.35714285714285715, 0.5357142857142857, 0.42857142857142855, 0.34615384615384615, 0.46153846153846156, 0.5714285714285714, 0.5357142857142857, 0.5357142857142857, 0.6153846153846154, 0.5769230769230769, 0.5357142857142857, 0.75, 0.4642857142857143, 0.5357142857142857, 0.46153846153846156]
 mean: 0.514102564102564, std: 0.09785705887470952
F1 (Intime): [0.36220760233918126, 0.5458874458874459, 0.39460539460539457, 0.24999999999999997, 0.3570261437908497, 0.5968253968253968, 0.554945054945055, 0.4876893939393939, 0.5047348484848485, 0.5125, 0.530952380952381, 0.7627176744823804, 0.4311688311688312, 0.5376068376068376, 0.43178104575163395]
 mean: 0.4840432033853086, std: 0.11685645069886925
--------------------------------------------------
Subject Number: 28
Accuracy Cross: [0.38235294117647056, 0.3088235294117647, 0.3235294117647059, 0.2647058823529412, 0.3088235294117647, 0.22058823529411764, 0.27941176470588236, 0.27941176470588236, 0.27941176470588236, 0.22058823529411764, 0.36764705882352944, 0.3382352941176471, 0.4411764705882353, 0.47058823529411764, 0.47058823529411764]
 mean: 0.3303921568627451, std: 0.07871273063399625
F1 Score: [0.3902012083288381, 0.28545096577651025, 0.3248868778280543, 0.2644878706199461, 0.30914075365688265, 0.18983446519524616, 0.24149425287356324, 0.21708463949843262, 0.26435206190764265, 0.1586894586894587, 0.32416666666666666, 0.2857164462881341, 0.39703282828282827, 0.44754632622279683, 0.4414127238706228]
 mean: 0.30276650304704156, std: 0.08400071987172664
Accuracy Intime: [0.42857142857142855, 0.42857142857142855, 0.4642857142857143, 0.7692307692307693, 0.4230769230769231, 0.4642857142857143, 0.5, 0.4642857142857143, 0.6538461538461539, 0.5, 0.4642857142857143, 0.2857142857142857, 0.5357142857142857, 0.34615384615384615, 0.4230769230769231]
 mean: 0.47673992673992677, std: 0.11136766125848448
F1 (Intime): [0.4017316017316017, 0.40753968253968254, 0.4600611376927166, 0.694818376068376, 0.382260101010101, 0.3951791242812915, 0.48713450292397653, 0.37694235588972436, 0.674908424908425, 0.4191176470588236, 0.45075757575757575, 0.23861123396727113, 0.5583333333333333, 0.28198529411764706, 0.39541047188106015]
 mean: 0.4416527242107738, std: 0.1201675527792066
--------------------------------------------------
Subject Number: 29
Accuracy Cross: [0.5294117647058824, 0.5294117647058824, 0.6029411764705882, 0.5, 0.5294117647058824, 0.6323529411764706, 0.5735294117647058, 0.5588235294117647, 0.6176470588235294, 0.5588235294117647, 0.5797101449275363, 0.5797101449275363, 0.5072463768115942, 0.6376811594202898, 0.6086956521739131]
 mean: 0.569693094629156, std: 0.042857144010764556
F1 Score: [0.5359722222222222, 0.5380745341614908, 0.5933116883116883, 0.51106097894449, 0.524826758726726, 0.6547766749379653, 0.5938445222878508, 0.5782428970284758, 0.637305178481649, 0.5869366764103607, 0.6035142505277973, 0.5998170714141676, 0.530116756542819, 0.6470585565413152, 0.6234338155069863]
 mean: 0.5838861721364004, std: 0.0450030828644656
Accuracy Intime: [0.5357142857142857, 0.6071428571428571, 0.7142857142857143, 0.6538461538461539, 0.4230769230769231, 0.5, 0.6071428571428571, 0.7142857142857143, 0.5384615384615384, 0.5, 0.6428571428571429, 0.6785714285714286, 0.4642857142857143, 0.6153846153846154, 0.6923076923076923]
 mean: 0.5924908424908425, std: 0.09043799523004026
F1 (Intime): [0.559097764980118, 0.6176470588235294, 0.7341269841269841, 0.6764705882352942, 0.43392857142857144, 0.478030303030303, 0.5916666666666666, 0.7287608225108225, 0.5701070858965596, 0.5074754901960784, 0.6416666666666666, 0.6764705882352942, 0.4501829439909935, 0.6547619047619048, 0.6806372549019608]
 mean: 0.6000687129634498, std: 0.09448522855281444
--------------------------------------------------
**************************************************
accuracy_cross_list: [0.4597897129866439, 0.3282608695652174, 0.3164393293549303, 0.5294685990338165, 0.465686274509804, 0.44656152315998876, 0.5058823529411764, 0.3450980392156862, 0.4313725490196078, 0.320929241261722, 0.4144927536231885, 0.5044472861608412, 0.38036373969877796, 0.3705882352941176, 0.48333333333333334, 0.51078431372549, 0.4301790281329924, 0.38914464336459226, 0.35588235294117637, 0.4821682296106849, 0.42352941176470593, 0.38447001989201485, 0.4817845978971299, 0.31372549019607837, 0.4575731741972151, 0.4778914464336459, 0.4301790281329924, 0.3303921568627451, 0.569693094629156]
f1_score_list: [0.46566209369703576, 0.3414515241684747, 0.3031542956157281, 0.5409965030899133, 0.4513767749913295, 0.43491807945812283, 0.4951795257207544, 0.3579279213616698, 0.4524613655155253, 0.3201467198136861, 0.3871561615652673, 0.5091318315991163, 0.3928536346765813, 0.37980701284397866, 0.4969932034393294, 0.47353335060604357, 0.4097999198990344, 0.4096754308621677, 0.3526279752941787, 0.4943170736757649, 0.3925089642052048, 0.39117168410140196, 0.48252812931368627, 0.31119251432042094, 0.4117331383402288, 0.4957824449887564, 0.4097999198990344, 0.30276650304704156, 0.5838861721364004]
accuracy_intime_list: [0.530952380952381, 0.4450549450549451, 0.4243589743589744, 0.591025641025641, 0.6648351648351647, 0.5639194139194139, 0.5831501831501832, 0.4188644688644689, 0.563003663003663, 0.3791208791208792, 0.4553113553113553, 0.5545787545787545, 0.4593406593406594, 0.4699633699633699, 0.567032967032967, 0.617032967032967, 0.514102564102564, 0.4379120879120878, 0.5261904761904763, 0.5617216117216117, 0.5014652014652015, 0.5058608058608058, 0.5531135531135531, 0.4144688644688645, 0.5208791208791209, 0.5238095238095238, 0.514102564102564, 0.47673992673992677, 0.5924908424908425]
f1_score_intime_list: [0.5475056286163098, 0.41735322626576493, 0.406935573493825, 0.591403441329912, 0.6461817458140987, 0.5373284415389679, 0.554790875506988, 0.4189722034071879, 0.5502801141926529, 0.37494592138167987, 0.42506575739934876, 0.5335035154617198, 0.46182189098597765, 0.47046055796055797, 0.5689952433187727, 0.5968565274021931, 0.4840432033853086, 0.4486017452619619, 0.5076543885251316, 0.5597456489445654, 0.46757622795161496, 0.5012636726878213, 0.5461716436871237, 0.39895823431814137, 0.47164758994015965, 0.5302137622725859, 0.4840432033853086, 0.4416527242107738, 0.6000687129634498]
**************************************************
ACC: 42.55±6.99
F1: 42.24±7.25
Intime: 51.48±6.69
F1 (Intime): 50.15±6.82
