1e-05
Subject Number: 1
Accuracy Cross: [0.3142857142857143, 0.319047619047619, 0.34285714285714286, 0.2857142857142857, 0.30952380952380953, 0.32857142857142857, 0.34285714285714286, 0.38571428571428573, 0.3952380952380952, 0.3761904761904762, 0.35714285714285715, 0.3380952380952381, 0.3333333333333333, 0.3238095238095238, 0.2761904761904762]
 mean: 0.33523809523809517, std: 0.032567158357415006
F1 Score: [0.2523385750042129, 0.25575679004151824, 0.2971043550906251, 0.23163913966166733, 0.2635551059042949, 0.3301117390489557, 0.3438653374447917, 0.38101109506731995, 0.396021021021021, 0.37676994610327946, 0.36164384492128454, 0.3343748262440923, 0.3246974016375347, 0.32795749891377335, 0.28183728648496265]
 mean: 0.31724559750595555, std: 0.04965758685705335
Accuracy Intime: [0.4642857142857143, 0.4642857142857143, 0.38095238095238093, 0.38095238095238093, 0.42857142857142855, 0.30952380952380953, 0.39285714285714285, 0.44047619047619047, 0.4166666666666667, 0.30952380952380953, 0.36904761904761907, 0.35714285714285715, 0.3333333333333333, 0.38095238095238093, 0.35714285714285715]
 mean: 0.38571428571428573, std: 0.0479748611419283
F1 (Intime): [0.4569053934571176, 0.45831832786226556, 0.3868597824743542, 0.3644322344322345, 0.43810983397190295, 0.2663145318493366, 0.3552129705292857, 0.43285543608124255, 0.4301412343681532, 0.28757923944798247, 0.3288515406162465, 0.3112770071458596, 0.30125749224420945, 0.3766601884982473, 0.321038961038961]
 mean: 0.3677209449344933, std: 0.06211168031968214
--------------------------------------------------
Subject Number: 2
Accuracy Cross: [0.34285714285714286, 0.35714285714285715, 0.37142857142857144, 0.35714285714285715, 0.35714285714285715, 0.34285714285714286, 0.2904761904761905, 0.3238095238095238, 0.3333333333333333, 0.3380952380952381, 0.2857142857142857, 0.3238095238095238, 0.29523809523809524, 0.3238095238095238, 0.23333333333333334]
 mean: 0.325079365079365, std: 0.03479631550449465
F1 Score: [0.2703569725048244, 0.3075470174560559, 0.2886777180648147, 0.26955286794940536, 0.27175799351998864, 0.3559655628739037, 0.3006763094568098, 0.334706102617495, 0.3457278377615273, 0.3530082711540666, 0.2825529542920847, 0.331982182028611, 0.3104973989106665, 0.3285014005602241, 0.2435529347910607]
 mean: 0.30633756826276926, std: 0.03352621931724037
Accuracy Intime: [0.5476190476190477, 0.3333333333333333, 0.35714285714285715, 0.34523809523809523, 0.39285714285714285, 0.39285714285714285, 0.23809523809523808, 0.35714285714285715, 0.42857142857142855, 0.30952380952380953, 0.36904761904761907, 0.40476190476190477, 0.39285714285714285, 0.4642857142857143, 0.30952380952380953]
 mean: 0.37619047619047624, std: 0.06979616147911319
F1 (Intime): [0.5429824561403509, 0.35058446455505277, 0.3650384333010872, 0.3513675225529071, 0.36922850958565245, 0.3896536796536797, 0.18356098296396803, 0.359046439628483, 0.4101413625607174, 0.28765666769789705, 0.349954264609437, 0.39714197904867277, 0.3845779122374867, 0.460332226934661, 0.2919455711315101]
 mean: 0.3662141648401042, std: 0.07733831895493072
--------------------------------------------------
Subject Number: 3
Accuracy Cross: [0.24285714285714285, 0.21904761904761905, 0.2904761904761905, 0.2714285714285714, 0.23333333333333334, 0.3333333333333333, 0.26666666666666666, 0.3333333333333333, 0.3047619047619048, 0.319047619047619, 0.3, 0.2619047619047619, 0.3, 0.3047619047619048, 0.3047619047619048]
 mean: 0.28571428571428564, std: 0.033984568104311455
F1 Score: [0.1661265497864286, 0.12313212992458275, 0.22183744020996027, 0.2006655086642025, 0.1281455190771961, 0.3226718261631715, 0.2654743005401215, 0.3259572484518067, 0.29226753264774497, 0.305085981754457, 0.3025036075036075, 0.2696501432058448, 0.30434245631746937, 0.31443517775995716, 0.3081842160870294]
 mean: 0.256698642539572, std: 0.06844802771541202
Accuracy Intime: [0.30952380952380953, 0.38095238095238093, 0.34523809523809523, 0.35714285714285715, 0.30952380952380953, 0.38095238095238093, 0.2976190476190476, 0.2619047619047619, 0.30952380952380953, 0.35714285714285715, 0.3333333333333333, 0.38095238095238093, 0.4523809523809524, 0.40476190476190477, 0.35714285714285715]
 mean: 0.3492063492063492, std: 0.04634540101795692
F1 (Intime): [0.30854399015689343, 0.36244306418219463, 0.34661566032533775, 0.33961597542242705, 0.24861387488074144, 0.35820547573868255, 0.29360205470262396, 0.24830619116333402, 0.26823207686622325, 0.32777272727272727, 0.31615359266423093, 0.37453777349736994, 0.4583847335460239, 0.3909035476718404, 0.3164777680906713]
 mean: 0.33056056707875475, std: 0.053953678563504956
--------------------------------------------------
Subject Number: 4
Accuracy Cross: [0.30952380952380953, 0.29523809523809524, 0.30952380952380953, 0.29523809523809524, 0.3238095238095238, 0.2857142857142857, 0.2619047619047619, 0.29523809523809524, 0.3238095238095238, 0.3333333333333333, 0.3761904761904762, 0.3904761904761905, 0.3523809523809524, 0.3142857142857143, 0.3238095238095238]
 mean: 0.31936507936507935, std: 0.032690706442808894
F1 Score: [0.2893744241754192, 0.2825093975093975, 0.298796877701543, 0.2775490394337715, 0.30101321888075566, 0.2779971171895951, 0.2380291405205593, 0.3046328595508923, 0.32839058119796266, 0.3262177815028026, 0.34323156838769975, 0.3698217037200088, 0.31356466302367936, 0.2875932150638033, 0.30770105170450296]
 mean: 0.30309484263749287, std: 0.03029006576333879
Accuracy Intime: [0.39285714285714285, 0.39285714285714285, 0.30952380952380953, 0.38095238095238093, 0.3333333333333333, 0.2976190476190476, 0.30952380952380953, 0.36904761904761907, 0.38095238095238093, 0.35714285714285715, 0.32142857142857145, 0.32142857142857145, 0.38095238095238093, 0.4166666666666667, 0.40476190476190477]
 mean: 0.35793650793650794, std: 0.0377631023916518
F1 (Intime): [0.38043600977654685, 0.4028674661841949, 0.3065897065897066, 0.38110235868856557, 0.31739403625813367, 0.2906725190151219, 0.30292655620241826, 0.3691791384366468, 0.36184263080814805, 0.34519841269841267, 0.3151082788179562, 0.3235546387450863, 0.3838941911158241, 0.42212560386473424, 0.41122918321221613]
 mean: 0.35427471536091415, std: 0.04134868293698566
--------------------------------------------------
Subject Number: 5
Accuracy Cross: [0.3761904761904762, 0.3761904761904762, 0.3904761904761905, 0.38571428571428573, 0.38095238095238093, 0.3761904761904762, 0.3476190476190476, 0.4142857142857143, 0.3904761904761905, 0.37142857142857144, 0.3523809523809524, 0.37142857142857144, 0.3380952380952381, 0.2904761904761905, 0.38571428571428573]
 mean: 0.3698412698412698, std: 0.027911243987724783
F1 Score: [0.3368994170936076, 0.3184536838414783, 0.341364921254543, 0.3329091858053431, 0.33610326200987206, 0.3819647373884961, 0.3516876988638628, 0.4232297659373495, 0.3904256682640839, 0.3737375694235819, 0.3636586246111836, 0.3917545704554012, 0.3595914322719918, 0.308407396863169, 0.4030198056345089]
 mean: 0.36088051598123155, std: 0.031726677707269425
Accuracy Intime: [0.4166666666666667, 0.40476190476190477, 0.4880952380952381, 0.40476190476190477, 0.47619047619047616, 0.47619047619047616, 0.4166666666666667, 0.39285714285714285, 0.44047619047619047, 0.2976190476190476, 0.36904761904761907, 0.4880952380952381, 0.42857142857142855, 0.4166666666666667, 0.44047619047619047]
 mean: 0.4238095238095239, std: 0.048367139635532026
F1 (Intime): [0.4259726836471023, 0.3677484522645813, 0.4996824226033151, 0.41080765639589173, 0.4719504588790876, 0.4773980428173977, 0.416691447192089, 0.3953149001536098, 0.4397747747747747, 0.3038943458198116, 0.3512410738152519, 0.4867482273045042, 0.4327149858282642, 0.4017046239057624, 0.4370012698098583]
 mean: 0.42124302434742017, std: 0.0514005898982563
--------------------------------------------------
Subject Number: 6
Accuracy Cross: [0.23809523809523808, 0.26666666666666666, 0.24761904761904763, 0.2761904761904762, 0.34285714285714286, 0.2571428571428571, 0.2761904761904762, 0.2857142857142857, 0.28095238095238095, 0.3238095238095238, 0.2714285714285714, 0.23809523809523808, 0.29523809523809524, 0.26666666666666666, 0.2904761904761905]
 mean: 0.2771428571428571, std: 0.027885957150473338
F1 Score: [0.23630524055543645, 0.2680685658427594, 0.2459246167735941, 0.2561324393589973, 0.32957874617367683, 0.25644160437263885, 0.27019009085115525, 0.28129365801641804, 0.2642925490932962, 0.32053080201472295, 0.26565806933004, 0.23723868082332222, 0.28535255679792804, 0.2508578650346943, 0.29053195042996754]
 mean: 0.27055982903124315, std: 0.026418574320480472
Accuracy Intime: [0.35714285714285715, 0.27380952380952384, 0.27380952380952384, 0.38095238095238093, 0.2619047619047619, 0.30952380952380953, 0.2857142857142857, 0.27380952380952384, 0.27380952380952384, 0.25, 0.2619047619047619, 0.34523809523809523, 0.2857142857142857, 0.38095238095238093, 0.2857142857142857]
 mean: 0.29999999999999993, std: 0.04263611434464537
F1 (Intime): [0.3708243727598566, 0.2873640248640249, 0.2787898502509508, 0.36134234843362634, 0.23735286935286934, 0.3057977763860117, 0.28050576874106287, 0.2816714766714767, 0.25647329414771275, 0.24152845613667334, 0.2577585704241052, 0.34650888585099116, 0.28850439882697954, 0.3559259259259259, 0.25535353535353533]
 mean: 0.2937134369417202, std: 0.04319260193851664
--------------------------------------------------
Subject Number: 7
Accuracy Cross: [0.23809523809523808, 0.24761904761904763, 0.2619047619047619, 0.24285714285714285, 0.22857142857142856, 0.22380952380952382, 0.21904761904761905, 0.22857142857142856, 0.19523809523809524, 0.20476190476190476, 0.23809523809523808, 0.2714285714285714, 0.2523809523809524, 0.24285714285714285, 0.2523809523809524]
 mean: 0.23650793650793653, std: 0.019799956989857363
F1 Score: [0.227069668540072, 0.23779297818907347, 0.24835455414969046, 0.22571404948847396, 0.2136654450976702, 0.2202400299428157, 0.21322547947418274, 0.2360415445351463, 0.1921910968937786, 0.2044480540939017, 0.2401779202465187, 0.2590622746716139, 0.25003531380828237, 0.2490373350029297, 0.25492886902219813]
 mean: 0.23146564087708985, std: 0.019128020858940404
Accuracy Intime: [0.2619047619047619, 0.20238095238095238, 0.2619047619047619, 0.39285714285714285, 0.3333333333333333, 0.25, 0.23809523809523808, 0.27380952380952384, 0.2857142857142857, 0.21428571428571427, 0.27380952380952384, 0.2976190476190476, 0.23809523809523808, 0.27380952380952384, 0.2857142857142857]
 mean: 0.2722222222222222, std: 0.04514750048675521
F1 (Intime): [0.2657408226448474, 0.20277978513272635, 0.24577986241400876, 0.37780026990553306, 0.3291053574797208, 0.2472673722673723, 0.23607903702021354, 0.2732249732249732, 0.28276779422128256, 0.21433414080472907, 0.2713246409674981, 0.28025747672806495, 0.23651488901055767, 0.2708985132514544, 0.2785140672358718]
 mean: 0.2674926001539236, std: 0.04193993914318178
--------------------------------------------------
Subject Number: 8
Accuracy Cross: [0.4142857142857143, 0.4, 0.4, 0.37142857142857144, 0.40476190476190477, 0.3761904761904762, 0.3476190476190476, 0.40476190476190477, 0.3476190476190476, 0.35714285714285715, 0.3761904761904762, 0.3380952380952381, 0.38571428571428573, 0.3523809523809524, 0.3238095238095238]
 mean: 0.3733333333333333, std: 0.0270382277458636
F1 Score: [0.3831791738122155, 0.3735647402595562, 0.375205440896946, 0.3480024072052958, 0.3743636065054298, 0.38767644658200673, 0.36044174622941744, 0.4082738295505732, 0.35646587055874984, 0.37115210355987055, 0.39016459271468124, 0.3522669550129504, 0.3884701753860681, 0.3582634820268946, 0.33818238887794577]
 mean: 0.3710448639452401, std: 0.01819447160536997
Accuracy Intime: [0.40476190476190477, 0.44047619047619047, 0.42857142857142855, 0.2976190476190476, 0.4642857142857143, 0.4166666666666667, 0.38095238095238093, 0.38095238095238093, 0.34523809523809523, 0.4523809523809524, 0.4642857142857143, 0.5714285714285714, 0.38095238095238093, 0.44047619047619047, 0.4166666666666667]
 mean: 0.4190476190476191, std: 0.06010824199606822
F1 (Intime): [0.39603818103818106, 0.41368612253522735, 0.43649205417194104, 0.31986361699376165, 0.47115275142314994, 0.4155725900116144, 0.3744808402872919, 0.36619242181328543, 0.30360874049286013, 0.4614452214452215, 0.4697316456086762, 0.5733798562745932, 0.3874183006535947, 0.40095238095238095, 0.42253968253968255]
 mean: 0.4141702937494308, std: 0.06361397515234402
--------------------------------------------------
Subject Number: 9
Accuracy Cross: [0.3476190476190476, 0.2857142857142857, 0.3476190476190476, 0.3, 0.30952380952380953, 0.34285714285714286, 0.3333333333333333, 0.32857142857142857, 0.3619047619047619, 0.3333333333333333, 0.20476190476190476, 0.26666666666666666, 0.2904761904761905, 0.24761904761904763, 0.2619047619047619]
 mean: 0.30412698412698413, std: 0.043010894106514146
F1 Score: [0.30665754075407536, 0.24874159421373743, 0.3062865294790854, 0.2446867116457377, 0.2622004555458881, 0.3341458326397905, 0.32216263037019, 0.31388180676673005, 0.3457148741315673, 0.3087764390896921, 0.2086258849084753, 0.27376070275109804, 0.2963061898688054, 0.25496213983462435, 0.26868515274312377]
 mean: 0.28637296564950804, std: 0.03696060471818424
Accuracy Intime: [0.35714285714285715, 0.34523809523809523, 0.36904761904761907, 0.3333333333333333, 0.44047619047619047, 0.38095238095238093, 0.39285714285714285, 0.27380952380952384, 0.4880952380952381, 0.38095238095238093, 0.36904761904761907, 0.42857142857142855, 0.38095238095238093, 0.3333333333333333, 0.3333333333333333]
 mean: 0.37380952380952387, std: 0.04971574528052643
F1 (Intime): [0.3629998414080571, 0.35850649350649355, 0.35823318854923814, 0.3041256038647343, 0.41643097643097643, 0.38351396053687214, 0.38693216306486294, 0.27881104788999533, 0.4924201694362985, 0.37470866298452504, 0.36442352803190237, 0.4200746965452848, 0.3953238953238953, 0.34422844707474687, 0.33688172043010756]
 mean: 0.3718409596718661, std: 0.04864735717287845
--------------------------------------------------
Subject Number: 10
Accuracy Cross: [0.2904761904761905, 0.2714285714285714, 0.2523809523809524, 0.2904761904761905, 0.3, 0.26666666666666666, 0.29523809523809524, 0.3238095238095238, 0.2857142857142857, 0.23333333333333334, 0.2761904761904762, 0.2904761904761905, 0.3238095238095238, 0.2523809523809524, 0.24761904761904763]
 mean: 0.27999999999999997, std: 0.025625950565854688
F1 Score: [0.27994299557620417, 0.26761982136461265, 0.2540191416468979, 0.28468177326250715, 0.29826538019537335, 0.25861865993960936, 0.2889326371826372, 0.31871393295673645, 0.28376538942655866, 0.23182096633424254, 0.27161161473843826, 0.28875974942823374, 0.3214163225704551, 0.24974590626764542, 0.25126116503465623]
 mean: 0.2766116970616539, std: 0.0244763447822202
Accuracy Intime: [0.4880952380952381, 0.38095238095238093, 0.2976190476190476, 0.2619047619047619, 0.32142857142857145, 0.40476190476190477, 0.3333333333333333, 0.38095238095238093, 0.2976190476190476, 0.34523809523809523, 0.4523809523809524, 0.32142857142857145, 0.32142857142857145, 0.2857142857142857, 0.25]
 mean: 0.3428571428571428, std: 0.06523403996201434
F1 (Intime): [0.4875567296619928, 0.382595898724931, 0.29802118933697874, 0.2622476869535693, 0.3129270676870991, 0.37539479905437356, 0.3372222222222222, 0.3737264169522234, 0.3049414932173553, 0.3339719320207125, 0.42402930402930394, 0.30985725934250297, 0.3192466225530741, 0.28506516969931606, 0.24084504950322044]
 mean: 0.33650992273059177, std: 0.06156754698391189
--------------------------------------------------
Subject Number: 11
Accuracy Cross: [0.24761904761904763, 0.24761904761904763, 0.2571428571428571, 0.21428571428571427, 0.3238095238095238, 0.2761904761904762, 0.2857142857142857, 0.3142857142857143, 0.32857142857142857, 0.3047619047619048, 0.30952380952380953, 0.3619047619047619, 0.30952380952380953, 0.28095238095238095, 0.3523809523809524]
 mean: 0.2942857142857143, std: 0.039734569065688626
F1 Score: [0.2399881524737292, 0.24533885089727708, 0.24507289081021089, 0.20223285786910417, 0.30010134203986155, 0.28268473231989427, 0.2952485369261272, 0.3187395390203357, 0.3372423915042817, 0.3099585662848975, 0.30961701879983705, 0.3528362445847124, 0.30925081665119614, 0.2823988711199145, 0.35660936752910277]
 mean: 0.2924880119220321, std: 0.04239662949134554
Accuracy Intime: [0.39285714285714285, 0.38095238095238093, 0.3333333333333333, 0.34523809523809523, 0.36904761904761907, 0.25, 0.2619047619047619, 0.40476190476190477, 0.34523809523809523, 0.32142857142857145, 0.2261904761904762, 0.38095238095238093, 0.2261904761904762, 0.27380952380952384, 0.44047619047619047]
 mean: 0.3301587301587302, std: 0.06570546678037842
F1 (Intime): [0.386109178878071, 0.3783622828784119, 0.3292780337941628, 0.3248305224187577, 0.36078607887265934, 0.23158578263841423, 0.2582683175786624, 0.3862845223195661, 0.34001924001924, 0.3278681318681319, 0.21079543479922985, 0.3627432155657962, 0.20919433719433717, 0.2633387908085284, 0.43554001554001553]
 mean: 0.3203335923449323, std: 0.0676375253368929
--------------------------------------------------
Subject Number: 12
Accuracy Cross: [0.319047619047619, 0.34285714285714286, 0.38095238095238093, 0.3619047619047619, 0.2761904761904762, 0.3, 0.3047619047619048, 0.3, 0.3047619047619048, 0.30952380952380953, 0.24285714285714285, 0.21904761904761905, 0.26666666666666666, 0.2857142857142857, 0.2619047619047619]
 mean: 0.29841269841269835, std: 0.041501183098059675
F1 Score: [0.3190594043079378, 0.3468003715717179, 0.3792355411802729, 0.3599786810973353, 0.2865169993463004, 0.24000442282176024, 0.2510367083088366, 0.2449853125869434, 0.24783166423685027, 0.2572806491054841, 0.2624309780676636, 0.2353573919390155, 0.2880549598342481, 0.3043648701743677, 0.2824220503793965]
 mean: 0.28702400033054204, std: 0.044509307982983554
Accuracy Intime: [0.2976190476190476, 0.30952380952380953, 0.32142857142857145, 0.2976190476190476, 0.38095238095238093, 0.40476190476190477, 0.4166666666666667, 0.30952380952380953, 0.34523809523809523, 0.44047619047619047, 0.2857142857142857, 0.38095238095238093, 0.34523809523809523, 0.34523809523809523, 0.4166666666666667]
 mean: 0.3531746031746031, std: 0.048730417247646825
F1 (Intime): [0.30460889685027615, 0.295019912927324, 0.30642886525239466, 0.2873577235772357, 0.3772085161249744, 0.4036225633948594, 0.42625638625638623, 0.3285644240816654, 0.3504761904761905, 0.4362872915198497, 0.2919098415303349, 0.3360972161464772, 0.30239965270820807, 0.3398412698412699, 0.4120053981106612]
 mean: 0.3465389432532071, std: 0.05022835832908276
--------------------------------------------------
Subject Number: 13
Accuracy Cross: [0.2904761904761905, 0.2523809523809524, 0.24285714285714285, 0.2619047619047619, 0.26666666666666666, 0.2619047619047619, 0.3, 0.2571428571428571, 0.30952380952380953, 0.2904761904761905, 0.2714285714285714, 0.32857142857142857, 0.3, 0.319047619047619, 0.2714285714285714]
 mean: 0.2815873015873016, std: 0.02500894271902366
F1 Score: [0.28081798202757235, 0.2452223894173704, 0.22899862116052225, 0.2543092697525134, 0.2548347148706681, 0.2589050648794139, 0.2721764486565557, 0.24356180962599394, 0.3005168188399597, 0.2713443251818167, 0.2598327913717758, 0.31456962358223295, 0.2799351812189143, 0.29681166148722243, 0.25214487214487213]
 mean: 0.2675987716144936, std: 0.022785764800140187
Accuracy Intime: [0.35714285714285715, 0.39285714285714285, 0.32142857142857145, 0.35714285714285715, 0.2619047619047619, 0.30952380952380953, 0.4166666666666667, 0.35714285714285715, 0.40476190476190477, 0.27380952380952384, 0.2976190476190476, 0.34523809523809523, 0.2976190476190476, 0.2976190476190476, 0.27380952380952384]
 mean: 0.3309523809523809, std: 0.04765871363810295
F1 (Intime): [0.3384291786644728, 0.3709054834054834, 0.31273651859017715, 0.35266165192646814, 0.26987800356312797, 0.3079792862771586, 0.3979995194040611, 0.356266874161611, 0.3875124875124875, 0.23033214429936738, 0.3077899877899878, 0.3302672647416129, 0.28869210892466707, 0.28891449052739376, 0.2646588564692013]
 mean: 0.3203349237504851, std: 0.04616396989751648
--------------------------------------------------
Subject Number: 14
Accuracy Cross: [0.30952380952380953, 0.3380952380952381, 0.3904761904761905, 0.3523809523809524, 0.26666666666666666, 0.40476190476190477, 0.38095238095238093, 0.4095238095238095, 0.41904761904761906, 0.3761904761904762, 0.38095238095238093, 0.36666666666666664, 0.3380952380952381, 0.3523809523809524, 0.3619047619047619]
 mean: 0.3631746031746031, std: 0.03850834216407854
F1 Score: [0.32350556617223286, 0.35837542269228007, 0.4128244686589707, 0.35902802608481343, 0.274842969812482, 0.3571682589234904, 0.33172924195201753, 0.3657432041642568, 0.38507076717988137, 0.3341505403036457, 0.35429676183744896, 0.3108370473161592, 0.29797870864731757, 0.30574390921111416, 0.31342024327098955]
 mean: 0.3389810090818067, std: 0.034925768586056644
Accuracy Intime: [0.36904761904761907, 0.4642857142857143, 0.39285714285714285, 0.38095238095238093, 0.44047619047619047, 0.42857142857142855, 0.4166666666666667, 0.36904761904761907, 0.2976190476190476, 0.2976190476190476, 0.40476190476190477, 0.4880952380952381, 0.4642857142857143, 0.40476190476190477, 0.44047619047619047]
 mean: 0.40396825396825403, std: 0.05385141413869007
F1 (Intime): [0.37151515151515146, 0.47507969507969505, 0.36241099774801616, 0.3451344605475041, 0.44224355354790135, 0.4241197792389938, 0.38986973180076634, 0.3532000386361441, 0.27743970315398886, 0.3235653235653236, 0.4046772671772672, 0.4808136704892335, 0.45755526871145535, 0.3955605656896905, 0.4246755368814192]
 mean: 0.39519071625217, std: 0.055702137477051605
--------------------------------------------------
**************************************************
accuracy_cross_list: [0.33523809523809517, 0.325079365079365, 0.28571428571428564, 0.31936507936507935, 0.3698412698412698, 0.2771428571428571, 0.23650793650793653, 0.3733333333333333, 0.30412698412698413, 0.27999999999999997, 0.2942857142857143, 0.29841269841269835, 0.2815873015873016, 0.3631746031746031]
f1_score_list: [0.31724559750595555, 0.30633756826276926, 0.256698642539572, 0.30309484263749287, 0.36088051598123155, 0.27055982903124315, 0.23146564087708985, 0.3710448639452401, 0.28637296564950804, 0.2766116970616539, 0.2924880119220321, 0.28702400033054204, 0.2675987716144936, 0.3389810090818067]
accuracy_intime_list: [0.38571428571428573, 0.37619047619047624, 0.3492063492063492, 0.35793650793650794, 0.4238095238095239, 0.29999999999999993, 0.2722222222222222, 0.4190476190476191, 0.37380952380952387, 0.3428571428571428, 0.3301587301587302, 0.3531746031746031, 0.3309523809523809, 0.40396825396825403]
f1_score_intime_list: [0.3677209449344933, 0.3662141648401042, 0.33056056707875475, 0.35427471536091415, 0.42124302434742017, 0.2937134369417202, 0.2674926001539236, 0.4141702937494308, 0.3718409596718661, 0.33650992273059177, 0.3203335923449323, 0.3465389432532071, 0.3203349237504851, 0.39519071625217]
**************************************************
ACC: 31.03±3.83
F1: 29.76±3.78
Intime: 35.85±4.15
F1 (Intime): 35.04±4.19
