1e-06
Subject Number: 1
Accuracy Cross: [0.2571428571428571, 0.29523809523809524, 0.26666666666666666, 0.2714285714285714, 0.2714285714285714, 0.319047619047619, 0.2571428571428571, 0.35714285714285715, 0.32857142857142857, 0.3, 0.3047619047619048, 0.2857142857142857, 0.3142857142857143, 0.2714285714285714, 0.28095238095238095]
 mean: 0.292063492063492, std: 0.02774828366147576
F1 Score: [0.22723892862930298, 0.26442366904770864, 0.2519662509448657, 0.25902965944233447, 0.2512571502608293, 0.32576331239203615, 0.2617687439348887, 0.35510393987437655, 0.344188038002471, 0.31402430295617845, 0.29795198454376887, 0.25631546362687924, 0.29953683247047347, 0.24690878513913597, 0.2840090342578315]
 mean: 0.28263240636820547, std: 0.03714408460642789
Accuracy Intime: [0.44047619047619047, 0.36904761904761907, 0.38095238095238093, 0.36904761904761907, 0.2976190476190476, 0.23809523809523808, 0.2976190476190476, 0.36904761904761907, 0.36904761904761907, 0.2857142857142857, 0.2976190476190476, 0.30952380952380953, 0.30952380952380953, 0.35714285714285715, 0.34523809523809523]
 mean: 0.33571428571428563, std: 0.048833714485444955
F1 (Intime): [0.4227129063673291, 0.37630825315035843, 0.3859057365398829, 0.3695164781455104, 0.31098794616236475, 0.23123552890994753, 0.2855462184873949, 0.36502466657265425, 0.37254018724606963, 0.2860321240506999, 0.2913282148288268, 0.2791951418831527, 0.29875258223422846, 0.3648051815585475, 0.32778719141146795]
 mean: 0.3311785571698957, std: 0.05081812748111851
--------------------------------------------------
Subject Number: 2
Accuracy Cross: [0.2857142857142857, 0.22380952380952382, 0.21428571428571427, 0.26666666666666666, 0.2714285714285714, 0.20952380952380953, 0.21904761904761905, 0.2523809523809524, 0.24761904761904763, 0.19523809523809524, 0.19047619047619047, 0.24761904761904763, 0.2523809523809524, 0.18571428571428572, 0.21904761904761905]
 mean: 0.23206349206349206, std: 0.029888513767466204
F1 Score: [0.2604990191280179, 0.17187887310938993, 0.1843397740622193, 0.25278348617254653, 0.25054643352109873, 0.1718770439158334, 0.19728742005890573, 0.23839577197999437, 0.21982987707871143, 0.1794119352897755, 0.18260838508207594, 0.23946796734467965, 0.22400390430865508, 0.17452549798469535, 0.21326729637117622]
 mean: 0.21071484569385168, std: 0.031268754779679685
Accuracy Intime: [0.32142857142857145, 0.23809523809523808, 0.2857142857142857, 0.2976190476190476, 0.2857142857142857, 0.2976190476190476, 0.25, 0.23809523809523808, 0.2619047619047619, 0.30952380952380953, 0.2976190476190476, 0.2261904761904762, 0.32142857142857145, 0.2857142857142857, 0.2976190476190476]
 mean: 0.28095238095238095, std: 0.029738085706659048
F1 (Intime): [0.2909133559379865, 0.20988795518207284, 0.2651956441491325, 0.2811689987648176, 0.2566364980774919, 0.28536805794223596, 0.2508802987063857, 0.23145591250854408, 0.26835122242098985, 0.2734798534798535, 0.26731642312287474, 0.2001987961105109, 0.2665660377358491, 0.2800837830659992, 0.25916447213876836]
 mean: 0.2591111539562342, std: 0.02557504150576368
--------------------------------------------------
Subject Number: 3
Accuracy Cross: [0.2571428571428571, 0.2523809523809524, 0.29523809523809524, 0.2761904761904762, 0.24761904761904763, 0.319047619047619, 0.2761904761904762, 0.28095238095238095, 0.22857142857142856, 0.2761904761904762, 0.28095238095238095, 0.23809523809523808, 0.30952380952380953, 0.2904761904761905, 0.2761904761904762]
 mean: 0.27365079365079364, std: 0.02439698546900426
F1 Score: [0.21209546549629815, 0.20041676842912864, 0.24480478740113626, 0.22208509780197622, 0.19940319839447468, 0.30474228201072096, 0.2574923825430079, 0.25484107384786503, 0.2162178879729993, 0.2559814308498519, 0.2875169435522626, 0.23091063101700587, 0.31419249422256945, 0.3001717279136634, 0.2795600416711099]
 mean: 0.2520288142082714, std: 0.03718124542966591
Accuracy Intime: [0.27380952380952384, 0.38095238095238093, 0.2619047619047619, 0.3333333333333333, 0.23809523809523808, 0.2619047619047619, 0.23809523809523808, 0.2261904761904762, 0.30952380952380953, 0.23809523809523808, 0.27380952380952384, 0.32142857142857145, 0.3333333333333333, 0.30952380952380953, 0.2976190476190476]
 mean: 0.2865079365079365, std: 0.04313548648159108
F1 (Intime): [0.26864969701454683, 0.38057794057794053, 0.25897181322043633, 0.31639473684210523, 0.23875576036866358, 0.23324237815259585, 0.24325386639068508, 0.2044976734631907, 0.3044245619245619, 0.21005133796737993, 0.26560518944419875, 0.31359580770107087, 0.3106985723264793, 0.2823805823805824, 0.2709818308874913]
 mean: 0.27347211657746195, std: 0.04484433560685845
--------------------------------------------------
Subject Number: 4
Accuracy Cross: [0.19523809523809524, 0.20476190476190476, 0.20476190476190476, 0.20952380952380953, 0.24285714285714285, 0.2761904761904762, 0.23333333333333334, 0.2523809523809524, 0.23333333333333334, 0.2619047619047619, 0.21428571428571427, 0.22380952380952382, 0.21904761904761905, 0.22857142857142856, 0.23333333333333334]
 mean: 0.2288888888888889, std: 0.021819479717383603
F1 Score: [0.1870897852147852, 0.20037210322950888, 0.19052203937319473, 0.18913283106410042, 0.21211086143102276, 0.2700238860910763, 0.22364945728234215, 0.24616319960298813, 0.232530714407218, 0.26644225417974293, 0.20033880263483567, 0.18637461463267918, 0.19458541188930287, 0.2087490241998439, 0.2160656407464539]
 mean: 0.21494337506527303, std: 0.02681800661305038
Accuracy Intime: [0.35714285714285715, 0.30952380952380953, 0.27380952380952384, 0.23809523809523808, 0.2976190476190476, 0.25, 0.2261904761904762, 0.32142857142857145, 0.30952380952380953, 0.25, 0.2619047619047619, 0.27380952380952384, 0.30952380952380953, 0.32142857142857145, 0.2857142857142857]
 mean: 0.2857142857142857, std: 0.03531523089093173
F1 (Intime): [0.3418516966904064, 0.3007914614121511, 0.27431046709984097, 0.22272425325798642, 0.2977208105903758, 0.2326068376068376, 0.19828414550446122, 0.30814409484724126, 0.29574679009659005, 0.23736583223539745, 0.24585325101371316, 0.2607359307359307, 0.29988263588263586, 0.3063447390503619, 0.2517626809363994]
 mean: 0.27160837513068864, std: 0.03832637713564659
--------------------------------------------------
Subject Number: 5
Accuracy Cross: [0.23809523809523808, 0.21428571428571427, 0.23809523809523808, 0.26666666666666666, 0.20952380952380953, 0.2714285714285714, 0.2619047619047619, 0.2714285714285714, 0.2571428571428571, 0.2571428571428571, 0.26666666666666666, 0.2619047619047619, 0.23809523809523808, 0.23809523809523808, 0.23809523809523808]
 mean: 0.24857142857142858, std: 0.019063485455241176
F1 Score: [0.23519231591125167, 0.17945120710165394, 0.21463297864883435, 0.2499202305594154, 0.21023909356797016, 0.25528882239905076, 0.23045371752171867, 0.251076180723512, 0.2294655438019924, 0.22609914774461998, 0.24166450054263242, 0.2517689753633511, 0.22491333823409296, 0.22399743514174428, 0.23213750686657728]
 mean: 0.23042006627522787, std: 0.01893640043209507
Accuracy Intime: [0.2619047619047619, 0.25, 0.34523809523809523, 0.21428571428571427, 0.32142857142857145, 0.2976190476190476, 0.2857142857142857, 0.3333333333333333, 0.30952380952380953, 0.20238095238095238, 0.39285714285714285, 0.25, 0.27380952380952384, 0.39285714285714285, 0.25]
 mean: 0.292063492063492, std: 0.05581571737307061
F1 (Intime): [0.24607587735211106, 0.21379097093382807, 0.3356417965113617, 0.19758251261005, 0.3240383838006928, 0.2649490829692944, 0.25476190476190474, 0.32715132948430936, 0.31291967291967293, 0.173249791144528, 0.3759786333137906, 0.24359943521233843, 0.2508582205562302, 0.38491965024223085, 0.2457346589254042]
 mean: 0.27675012804918314, std: 0.061285413203961275
--------------------------------------------------
Subject Number: 6
Accuracy Cross: [0.21904761904761905, 0.23809523809523808, 0.2, 0.21428571428571427, 0.22380952380952382, 0.2, 0.22380952380952382, 0.22380952380952382, 0.19523809523809524, 0.26666666666666666, 0.23333333333333334, 0.19523809523809524, 0.28095238095238095, 0.19523809523809524, 0.19523809523809524]
 mean: 0.22031746031746036, std: 0.025464196355752984
F1 Score: [0.21854026557444567, 0.23182937616934002, 0.19467288675014333, 0.20169015843609084, 0.22192089884037447, 0.19785834831433263, 0.22101639055429825, 0.21721454721987285, 0.19191349291337917, 0.2652930943185809, 0.23119306061619405, 0.18999235815730658, 0.27575167270535267, 0.1938499622710149, 0.18456778659698506]
 mean: 0.2158202866291808, std: 0.02617000437786312
Accuracy Intime: [0.27380952380952384, 0.2619047619047619, 0.16666666666666666, 0.2857142857142857, 0.25, 0.27380952380952384, 0.32142857142857145, 0.2261904761904762, 0.19047619047619047, 0.2261904761904762, 0.2261904761904762, 0.16666666666666666, 0.2857142857142857, 0.2976190476190476, 0.2857142857142857]
 mean: 0.24920634920634918, std: 0.04589470569778083
F1 (Intime): [0.2701098901098901, 0.2561158750112239, 0.1572079772079772, 0.2683010595542565, 0.24782103532103533, 0.2654743837722561, 0.3128768744148151, 0.237468532691192, 0.18428726416342514, 0.22866597932959493, 0.20111957008508732, 0.16984224043047574, 0.27967373128663453, 0.2925852641981674, 0.2865219767555697]
 mean: 0.24387144362210672, std: 0.045309463368089165
--------------------------------------------------
Subject Number: 7
Accuracy Cross: [0.21904761904761905, 0.18571428571428572, 0.23333333333333334, 0.22857142857142856, 0.19047619047619047, 0.24285714285714285, 0.21904761904761905, 0.18095238095238095, 0.1619047619047619, 0.18095238095238095, 0.22380952380952382, 0.20952380952380953, 0.20952380952380953, 0.22857142857142856, 0.24761904761904763]
 mean: 0.21079365079365084, std: 0.024557561404207895
F1 Score: [0.21405494655833604, 0.17385619369459654, 0.22793921022090036, 0.21462632415254018, 0.18520754264569547, 0.22343779677113007, 0.20227324142806644, 0.17764226907843927, 0.15411510602518358, 0.17359513502370646, 0.19838309261720907, 0.2112830734666178, 0.2068742636341824, 0.22055356651629943, 0.21880575610604405]
 mean: 0.20017650119592986, std: 0.02145414975090471
Accuracy Intime: [0.27380952380952384, 0.2619047619047619, 0.23809523809523808, 0.3333333333333333, 0.2857142857142857, 0.25, 0.2261904761904762, 0.23809523809523808, 0.2857142857142857, 0.25, 0.2261904761904762, 0.17857142857142858, 0.16666666666666666, 0.23809523809523808, 0.27380952380952384]
 mean: 0.2484126984126984, std: 0.04028119854110959
F1 (Intime): [0.2535957446808511, 0.24382358382358382, 0.21911111111111112, 0.32817390442822203, 0.268606509591273, 0.25839031339031343, 0.21642786842786843, 0.20506053086698248, 0.27639589169000933, 0.24620985517537242, 0.22160039422311512, 0.1785161768056505, 0.15688635688635688, 0.2319529206625981, 0.26671087533156496]
 mean: 0.23809746913965818, std: 0.040379230617935524
--------------------------------------------------
Subject Number: 8
Accuracy Cross: [0.2857142857142857, 0.28095238095238095, 0.2857142857142857, 0.2857142857142857, 0.30952380952380953, 0.28095238095238095, 0.29523809523809524, 0.26666666666666666, 0.2619047619047619, 0.3238095238095238, 0.20476190476190476, 0.21428571428571427, 0.21904761904761905, 0.21904761904761905, 0.21428571428571427]
 mean: 0.2631746031746032, std: 0.03751408570596178
F1 Score: [0.293619438340171, 0.28966132877023965, 0.29913704738704094, 0.29757246410410965, 0.3079890410158084, 0.29718042788230614, 0.30782441921062376, 0.2751526251526252, 0.2679343790983093, 0.34015009069199476, 0.20493446088794925, 0.2222104761663129, 0.20601934838841643, 0.21327646209999154, 0.2061452260576829]
 mean: 0.26858714901690545, std: 0.043965191994520376
Accuracy Intime: [0.34523809523809523, 0.25, 0.34523809523809523, 0.23809523809523808, 0.30952380952380953, 0.2857142857142857, 0.2976190476190476, 0.27380952380952384, 0.23809523809523808, 0.2976190476190476, 0.2857142857142857, 0.38095238095238093, 0.23809523809523808, 0.27380952380952384, 0.30952380952380953]
 mean: 0.29126984126984123, std: 0.04120874598649895
F1 (Intime): [0.35126889378865833, 0.2507774501920843, 0.3499222999222999, 0.2418212944844603, 0.302064604754065, 0.29266622898201844, 0.3035494261500453, 0.2728829993535876, 0.23603543743078625, 0.3067095067095067, 0.2909404289199685, 0.3698571214700247, 0.23431266670397105, 0.24341285192349024, 0.29535524889031317]
 mean: 0.28943843064501873, std: 0.04218863449281266
--------------------------------------------------
Subject Number: 9
Accuracy Cross: [0.26666666666666666, 0.2619047619047619, 0.29523809523809524, 0.20476190476190476, 0.23809523809523808, 0.21904761904761905, 0.2, 0.24761904761904763, 0.20952380952380953, 0.22857142857142856, 0.19047619047619047, 0.2523809523809524, 0.24285714285714285, 0.22380952380952382, 0.28095238095238095]
 mean: 0.23746031746031745, std: 0.02955281047044325
F1 Score: [0.2651297753062978, 0.24875098184076033, 0.2781738465307143, 0.19388130108428703, 0.2291168798906968, 0.20800593529402117, 0.2018295019157088, 0.24390676423684673, 0.20513462002942276, 0.22343048033697918, 0.1847094660922403, 0.2487644183773216, 0.2406714547681889, 0.22549726677816562, 0.27033844771580623]
 mean: 0.23115607601316382, std: 0.02767496218711541
Accuracy Intime: [0.23809523809523808, 0.2857142857142857, 0.30952380952380953, 0.2619047619047619, 0.34523809523809523, 0.25, 0.23809523809523808, 0.2261904761904762, 0.25, 0.3333333333333333, 0.27380952380952384, 0.39285714285714285, 0.27380952380952384, 0.2976190476190476, 0.25]
 mean: 0.28174603174603174, std: 0.04510562615359626
F1 (Intime): [0.23549749162652392, 0.3005860805860806, 0.30611667014106037, 0.24970823214725651, 0.3301272852062145, 0.2511566583329402, 0.23207336574476534, 0.2185531914893617, 0.2630394871445134, 0.3268430635570595, 0.27802280966367654, 0.39976048861373636, 0.2867914242620125, 0.2987932058925974, 0.2570282770817783]
 mean: 0.2822731820993052, std: 0.04553328489412618
--------------------------------------------------
Subject Number: 10
Accuracy Cross: [0.22380952380952382, 0.24761904761904763, 0.2571428571428571, 0.22380952380952382, 0.2714285714285714, 0.21904761904761905, 0.24761904761904763, 0.19047619047619047, 0.2571428571428571, 0.2571428571428571, 0.16666666666666666, 0.23809523809523808, 0.2571428571428571, 0.2523809523809524, 0.2]
 mean: 0.23396825396825396, std: 0.028617247212030312
F1 Score: [0.21637194337194338, 0.2486703432626713, 0.25846972393105905, 0.22677515539091536, 0.27231264057234533, 0.21740649775728588, 0.23127744713953394, 0.18955729984301412, 0.24994453822040028, 0.2585299933619816, 0.16399800717137622, 0.23683318547266072, 0.2592393288569297, 0.25095627464048514, 0.19879915437367868]
 mean: 0.23194276889108537, std: 0.029174317559399372
Accuracy Intime: [0.34523809523809523, 0.2857142857142857, 0.2619047619047619, 0.16666666666666666, 0.2857142857142857, 0.30952380952380953, 0.2619047619047619, 0.23809523809523808, 0.25, 0.23809523809523808, 0.32142857142857145, 0.23809523809523808, 0.2857142857142857, 0.20238095238095238, 0.27380952380952384]
 mean: 0.26428571428571435, std: 0.04394561333303851
F1 (Intime): [0.3455945623861666, 0.2814918414918415, 0.25916047760264915, 0.1697956697956698, 0.2896124084765058, 0.294017094017094, 0.2636370081531372, 0.23331452113550427, 0.24024562654073475, 0.23739143209731445, 0.31372831423895253, 0.2500286788797833, 0.27745705906996226, 0.19960640891675374, 0.27384369342293613]
 mean: 0.2619283197483337, std: 0.042159065718832135
--------------------------------------------------
Subject Number: 11
Accuracy Cross: [0.19523809523809524, 0.1761904761904762, 0.20952380952380953, 0.18571428571428572, 0.22380952380952382, 0.22380952380952382, 0.22380952380952382, 0.20952380952380953, 0.23333333333333334, 0.2619047619047619, 0.21904761904761905, 0.21904761904761905, 0.24761904761904763, 0.19523809523809524, 0.24285714285714285]
 mean: 0.2177777777777778, std: 0.022702297369880792
F1 Score: [0.18759436473727337, 0.16726626432842523, 0.1847363627510214, 0.17161429386316945, 0.20135150182929204, 0.21601499536943317, 0.21555882846691699, 0.19241810239453602, 0.22905817868334907, 0.25164945538859185, 0.20937201450670617, 0.20646999518478393, 0.24394033860408282, 0.18520007477219327, 0.24854019434973282]
 mean: 0.20738566434863387, std: 0.026014680019122324
Accuracy Intime: [0.27380952380952384, 0.2261904761904762, 0.19047619047619047, 0.34523809523809523, 0.27380952380952384, 0.2976190476190476, 0.23809523809523808, 0.17857142857142858, 0.32142857142857145, 0.27380952380952384, 0.2261904761904762, 0.2261904761904762, 0.2976190476190476, 0.2261904761904762, 0.2857142857142857]
 mean: 0.25873015873015875, std: 0.04589470569778083
F1 (Intime): [0.25966232660083693, 0.2101961040944092, 0.1548218029350105, 0.34700285157382194, 0.24535862785862786, 0.28661375661375665, 0.22140738034344176, 0.17973556552503922, 0.2947433261266741, 0.26077478722827563, 0.22615203761755484, 0.20545977011494249, 0.27965712295036993, 0.22875669554986441, 0.28283679283679286]
 mean: 0.2455452631979612, std: 0.04764096109075762
--------------------------------------------------
Subject Number: 12
Accuracy Cross: [0.26666666666666666, 0.24761904761904763, 0.24285714285714285, 0.3333333333333333, 0.2571428571428571, 0.3047619047619048, 0.23809523809523808, 0.28095238095238095, 0.23809523809523808, 0.3142857142857143, 0.2, 0.21428571428571427, 0.2523809523809524, 0.22857142857142856, 0.24761904761904763]
 mean: 0.25777777777777783, std: 0.035629175483424
F1 Score: [0.25894525812799196, 0.2515144444964311, 0.2479384793260988, 0.33621576886811433, 0.2682627918735235, 0.28852673452673455, 0.24299032691456796, 0.26945260546721983, 0.23776153733171532, 0.2884012539184953, 0.2015557344026097, 0.2193363198938112, 0.2602422451268319, 0.226410278885487, 0.2555447344587971]
 mean: 0.25687323424122865, std: 0.03126248535894249
Accuracy Intime: [0.2619047619047619, 0.30952380952380953, 0.17857142857142858, 0.2857142857142857, 0.2619047619047619, 0.30952380952380953, 0.23809523809523808, 0.27380952380952384, 0.23809523809523808, 0.35714285714285715, 0.27380952380952384, 0.32142857142857145, 0.27380952380952384, 0.23809523809523808, 0.34523809523809523]
 mean: 0.27777777777777773, std: 0.04468472463574365
F1 (Intime): [0.2725125575170947, 0.29892059553349876, 0.17456233421750664, 0.26291284942447735, 0.2728880650881774, 0.3117846904843809, 0.2370552947664331, 0.28559766301701783, 0.23670010920010923, 0.3602177673577268, 0.24817460317460313, 0.3293044733044733, 0.26731610700960545, 0.2291386826203289, 0.35539571401640363]
 mean: 0.2761654337821225, std: 0.048114320944229017
--------------------------------------------------
Subject Number: 13
Accuracy Cross: [0.22380952380952382, 0.24285714285714285, 0.2523809523809524, 0.2523809523809524, 0.26666666666666666, 0.28095238095238095, 0.22380952380952382, 0.2571428571428571, 0.2857142857142857, 0.20476190476190476, 0.2523809523809524, 0.22380952380952382, 0.24761904761904763, 0.21904761904761905, 0.2571428571428571]
 mean: 0.24603174603174605, std: 0.022380389500970873
F1 Score: [0.215162492108142, 0.23195009148184503, 0.23686632039034783, 0.23053259944731205, 0.24549377945809994, 0.2755407491059665, 0.22528832307542396, 0.2401246105919003, 0.26136455567791944, 0.1995635533679012, 0.24136347026711116, 0.20548536574852366, 0.22439641855039566, 0.20436453576864536, 0.25047927969738404]
 mean: 0.23253174298246126, std: 0.020594740074547004
Accuracy Intime: [0.2857142857142857, 0.2619047619047619, 0.2976190476190476, 0.2619047619047619, 0.27380952380952384, 0.2619047619047619, 0.2976190476190476, 0.36904761904761907, 0.2857142857142857, 0.23809523809523808, 0.2261904761904762, 0.16666666666666666, 0.21428571428571427, 0.23809523809523808, 0.21428571428571427]
 mean: 0.25952380952380955, std: 0.045633195274492236
F1 (Intime): [0.24825071225071227, 0.23476190476190478, 0.27246376811594203, 0.21572002938622856, 0.2584623323013416, 0.23727106227106223, 0.30233660130718953, 0.3598752294404468, 0.28004884004884, 0.23626274386668852, 0.22372892608186726, 0.1571494052166321, 0.19721367521367522, 0.22234310211539815, 0.2076762201762202]
 mean: 0.24357097017027662, std: 0.04625003275542154
--------------------------------------------------
Subject Number: 14
Accuracy Cross: [0.2857142857142857, 0.2857142857142857, 0.2571428571428571, 0.29523809523809524, 0.2619047619047619, 0.2857142857142857, 0.2619047619047619, 0.3, 0.3047619047619048, 0.22380952380952382, 0.23809523809523808, 0.23333333333333334, 0.22380952380952382, 0.2619047619047619, 0.26666666666666666]
 mean: 0.26571428571428574, std: 0.026093615984805734
F1 Score: [0.2678846240179574, 0.28575594286449346, 0.23057542259765165, 0.29812628927680745, 0.2435404657807811, 0.24644079623041754, 0.24290887664858835, 0.2663468347349095, 0.28272412376256545, 0.21415630620101417, 0.21212223913056155, 0.19533752021341458, 0.1782594856124268, 0.2457139364862059, 0.2399786003530421]
 mean: 0.2433247642607225, std: 0.032699812886954796
Accuracy Intime: [0.2857142857142857, 0.3333333333333333, 0.3333333333333333, 0.3333333333333333, 0.3333333333333333, 0.2976190476190476, 0.27380952380952384, 0.25, 0.21428571428571427, 0.23809523809523808, 0.30952380952380953, 0.35714285714285715, 0.25, 0.3333333333333333, 0.34523809523809523]
 mean: 0.2992063492063492, std: 0.04322301207679397
F1 (Intime): [0.26070105820105816, 0.3325319841448874, 0.2803090614236125, 0.30481728832553423, 0.30182578837986807, 0.28887690925426773, 0.27855906525983254, 0.23912698525274587, 0.20117906517445688, 0.25434782608695655, 0.30655876423318285, 0.33309554746436304, 0.18641686182669787, 0.3355211295225022, 0.30396877912395154]
 mean: 0.2805224075782612, std: 0.04380409663340851
--------------------------------------------------
**************************************************
accuracy_cross_list: [0.292063492063492, 0.23206349206349206, 0.27365079365079364, 0.2288888888888889, 0.24857142857142858, 0.22031746031746036, 0.21079365079365084, 0.2631746031746032, 0.23746031746031745, 0.23396825396825396, 0.2177777777777778, 0.25777777777777783, 0.24603174603174605, 0.26571428571428574]
f1_score_list: [0.28263240636820547, 0.21071484569385168, 0.2520288142082714, 0.21494337506527303, 0.23042006627522787, 0.2158202866291808, 0.20017650119592986, 0.26858714901690545, 0.23115607601316382, 0.23194276889108537, 0.20738566434863387, 0.25687323424122865, 0.23253174298246126, 0.2433247642607225]
accuracy_intime_list: [0.33571428571428563, 0.28095238095238095, 0.2865079365079365, 0.2857142857142857, 0.292063492063492, 0.24920634920634918, 0.2484126984126984, 0.29126984126984123, 0.28174603174603174, 0.26428571428571435, 0.25873015873015875, 0.27777777777777773, 0.25952380952380955, 0.2992063492063492]
f1_score_intime_list: [0.3311785571698957, 0.2591111539562342, 0.27347211657746195, 0.27160837513068864, 0.27675012804918314, 0.24387144362210672, 0.23809746913965818, 0.28943843064501873, 0.2822731820993052, 0.2619283197483337, 0.2455452631979612, 0.2761654337821225, 0.24357097017027662, 0.2805224075782612]
**************************************************
ACC: 24.49±2.25
F1: 23.42±2.33
Intime: 27.94±2.22
F1 (Intime): 26.95±2.34
