1e-06
Subject Number: 1
Accuracy Cross: [0.5714285714285714, 0.6666666666666666, 0.6666666666666666, 0.7261904761904762, 0.5714285714285714, 0.7142857142857143, 0.7023809523809523, 0.7023809523809523, 0.6547619047619048, 0.7261904761904762, 0.6785714285714286, 0.6785714285714286, 0.7619047619047619, 0.7619047619047619, 0.6428571428571429]
 mean: 0.6817460317460319, std: 0.055237182988270836
F1 Score: [0.5675057208237986, 0.664957264957265, 0.6597222222222223, 0.7242757242757243, 0.5714285714285714, 0.7101782633697526, 0.6863330843913369, 0.701322713696487, 0.653534347887925, 0.723010752688172, 0.6612397311426438, 0.6525203002910984, 0.7475961538461539, 0.7529411764705882, 0.5982142857142857]
 mean: 0.6716520208804017, std: 0.056354052003651234
Accuracy Intime: [0.7647058823529411, 0.8235294117647058, 0.7352941176470589, 0.8529411764705882, 0.65625, 0.6176470588235294, 0.7058823529411765, 0.7352941176470589, 0.6764705882352942, 0.96875, 0.6764705882352942, 0.7941176470588235, 0.7941176470588235, 0.7058823529411765, 0.84375]
 mean: 0.7567401960784316, std: 0.08851229667578392
F1 (Intime): [0.7647058823529411, 0.8235294117647058, 0.7235772357723578, 0.8464317976513098, 0.6532019704433498, 0.6091954022988506, 0.6886446886446886, 0.7350649350649351, 0.6761904761904762, 0.9687194525904204, 0.6621499548328816, 0.7895667550839964, 0.793939393939394, 0.7058823529411765, 0.8435972629521017]
 mean: 0.7522931315015724, std: 0.09089599417528929
--------------------------------------------------
Subject Number: 2
Accuracy Cross: [0.7142857142857143, 0.5833333333333334, 0.6190476190476191, 0.6190476190476191, 0.6309523809523809, 0.5952380952380952, 0.6071428571428571, 0.6190476190476191, 0.7023809523809523, 0.6071428571428571, 0.7142857142857143, 0.7619047619047619, 0.7380952380952381, 0.7857142857142857, 0.7023809523809523]
 mean: 0.6666666666666667, std: 0.06462286662165805
F1 Score: [0.7005347593582887, 0.5176374077112387, 0.5714285714285714, 0.5786833855799374, 0.6063492063492064, 0.5265251989389921, 0.5354449472096531, 0.5543766578249337, 0.6734566941377702, 0.5452009844134537, 0.7061224489795919, 0.7551020408163265, 0.7306122448979592, 0.7795918367346939, 0.6950776825903877]
 mean: 0.6317429377980669, std: 0.08824399426727066
Accuracy Intime: [0.8823529411764706, 0.6764705882352942, 0.7352941176470589, 0.7058823529411765, 0.46875, 0.6764705882352942, 0.5588235294117647, 0.6470588235294118, 0.7647058823529411, 0.59375, 0.5882352941176471, 0.7352941176470589, 0.7352941176470589, 0.8529411764705882, 0.65625]
 mean: 0.6851715686274511, std: 0.10466317655565634
F1 (Intime): [0.8823529411764706, 0.6693191865605659, 0.7153488372093023, 0.678030303030303, 0.4231177094379639, 0.652093023255814, 0.48328267477203646, 0.575, 0.7509157509157509, 0.5588547189819725, 0.575, 0.7235772357723578, 0.7235772357723578, 0.8464317976513098, 0.6389743589743591]
 mean: 0.6597250515673709, std: 0.12015238836709749
--------------------------------------------------
Subject Number: 3
Accuracy Cross: [0.6071428571428571, 0.6428571428571429, 0.5833333333333334, 0.6071428571428571, 0.6071428571428571, 0.75, 0.5714285714285714, 0.6190476190476191, 0.7261904761904762, 0.7023809523809523, 0.6309523809523809, 0.6428571428571429, 0.7142857142857143, 0.5952380952380952, 0.7261904761904762]
 mean: 0.6484126984126984, std: 0.057153879007583584
F1 Score: [0.5539823008849558, 0.6111111111111112, 0.5176374077112387, 0.561877667140825, 0.561877667140825, 0.7491110795050491, 0.5714285714285714, 0.6170940170940171, 0.7194714679831566, 0.702338766832034, 0.6187966622749231, 0.641025641025641, 0.7116704805491991, 0.5952380952380952, 0.7079365079365079]
 mean: 0.6293731629237432, std: 0.06988492748193377
Accuracy Intime: [0.7647058823529411, 0.8235294117647058, 0.8529411764705882, 0.6764705882352942, 0.71875, 0.7352941176470589, 0.6764705882352942, 0.5294117647058824, 0.6470588235294118, 0.71875, 0.6764705882352942, 0.6470588235294118, 0.7058823529411765, 0.6176470588235294, 0.5625]
 mean: 0.6901960784313724, std: 0.08383875707344511
F1 (Intime): [0.7571428571428571, 0.8235294117647058, 0.8496905393457117, 0.6739319965126417, 0.716256157635468, 0.7235772357723578, 0.6761904761904762, 0.5228070175438597, 0.6421052631578947, 0.718475073313783, 0.6739319965126417, 0.6263736263736264, 0.7017543859649122, 0.6146469049694856, 0.49090909090909085]
 mean: 0.6807548022073008, std: 0.09296633807068724
--------------------------------------------------
Subject Number: 4
Accuracy Cross: [0.5952380952380952, 0.5595238095238095, 0.5357142857142857, 0.5595238095238095, 0.5595238095238095, 0.5357142857142857, 0.5714285714285714, 0.6666666666666666, 0.6428571428571429, 0.6190476190476191, 0.5238095238095238, 0.5476190476190477, 0.5238095238095238, 0.5238095238095238, 0.6071428571428571]
 mean: 0.5714285714285715, std: 0.04368685379213613
F1 Score: [0.583673469387755, 0.5518385003604902, 0.5351213282247764, 0.5564435564435564, 0.5594613749114103, 0.5047619047619047, 0.5333333333333333, 0.6618746405980449, 0.6395881006864989, 0.6081632653061224, 0.41666666666666663, 0.4708222811671088, 0.4012829650748396, 0.3841642228739003, 0.5354449472096531]
 mean: 0.5295093704670707, std: 0.07971528396621297
Accuracy Intime: [0.6764705882352942, 0.7058823529411765, 0.7058823529411765, 0.6470588235294118, 0.6875, 0.6176470588235294, 0.6470588235294118, 0.6176470588235294, 0.7647058823529411, 0.625, 0.6176470588235294, 0.6470588235294118, 0.5882352941176471, 0.6470588235294118, 0.59375]
 mean: 0.6525735294117647, std: 0.046324502012821143
F1 (Intime): [0.6739319965126417, 0.7048611111111112, 0.7017543859649122, 0.6136363636363636, 0.6862745098039216, 0.5888372093023255, 0.6458333333333333, 0.6091954022988506, 0.7509157509157509, 0.611336032388664, 0.5729468599033817, 0.6263736263736264, 0.5041666666666667, 0.575, 0.539313399778516]
 mean: 0.6269584431993376, std: 0.06515462808032223
--------------------------------------------------
Subject Number: 5
Accuracy Cross: [0.6547619047619048, 0.5952380952380952, 0.6785714285714286, 0.7142857142857143, 0.5952380952380952, 0.5238095238095238, 0.5952380952380952, 0.6547619047619048, 0.6428571428571429, 0.5714285714285714, 0.6666666666666666, 0.6785714285714286, 0.6904761904761905, 0.6547619047619048, 0.6785714285714286]
 mean: 0.6396825396825397, std: 0.050407760343493396
F1 Score: [0.650752688172043, 0.5159322033898305, 0.6648440963499335, 0.7128205128205127, 0.5360623781676412, 0.4541910331384016, 0.5159322033898305, 0.6361463778939507, 0.5982142857142857, 0.5087719298245614, 0.6421180766889836, 0.6415362731152205, 0.6788235294117647, 0.6149834044570887, 0.6648440963499335]
 mean: 0.6023982059255988, std: 0.07424273934374997
Accuracy Intime: [0.5882352941176471, 0.5882352941176471, 0.7941176470588235, 0.6176470588235294, 0.625, 0.6470588235294118, 0.6176470588235294, 0.7647058823529411, 0.7352941176470589, 0.59375, 0.6176470588235294, 0.6470588235294118, 0.7647058823529411, 0.6470588235294118, 0.625]
 mean: 0.6582107843137255, std: 0.06760597466539117
F1 (Intime): [0.5868055555555556, 0.575, 0.793939393939394, 0.5521783181357649, 0.5844155844155844, 0.6136363636363636, 0.5729468599033817, 0.7571428571428571, 0.7043478260869566, 0.5733333333333333, 0.5729468599033817, 0.6458333333333333, 0.7424242424242424, 0.6136363636363636, 0.6]
 mean: 0.6325724594297674, std: 0.07551660073654488
--------------------------------------------------
Subject Number: 6
Accuracy Cross: [0.5, 0.5595238095238095, 0.4642857142857143, 0.5952380952380952, 0.5833333333333334, 0.5476190476190477, 0.5119047619047619, 0.5357142857142857, 0.5714285714285714, 0.6309523809523809, 0.5238095238095238, 0.6785714285714286, 0.5952380952380952, 0.5595238095238095, 0.5476190476190477]
 mean: 0.5603174603174603, std: 0.05133638612316264
F1 Score: [0.47593582887700536, 0.5544086021505377, 0.45113982866269786, 0.5931623931623932, 0.5818517991750818, 0.5381944444444444, 0.4910595537165657, 0.5047619047619047, 0.5652673950546291, 0.6187966622749231, 0.5169637722829212, 0.6781609195402298, 0.5952380952380952, 0.5594613749114103, 0.5434782608695652]
 mean: 0.5511920556748269, std: 0.05683633892520899
Accuracy Intime: [0.6470588235294118, 0.7058823529411765, 0.5294117647058824, 0.6764705882352942, 0.75, 0.4411764705882353, 0.5, 0.5294117647058824, 0.7058823529411765, 0.59375, 0.5294117647058824, 0.6470588235294118, 0.7352941176470589, 0.6470588235294118, 0.53125]
 mean: 0.6112745098039216, std: 0.09264624831059515
F1 (Intime): [0.6458333333333333, 0.7048611111111112, 0.5294117647058824, 0.6739319965126417, 0.7490196078431373, 0.43679163034001744, 0.49607672188317353, 0.5142857142857142, 0.7048611111111112, 0.5733333333333333, 0.5277777777777778, 0.6470588235294118, 0.7350649350649351, 0.6470588235294118, 0.5195195195195195]
 mean: 0.6069924135920342, std: 0.0951750330227052
--------------------------------------------------
Subject Number: 7
Accuracy Cross: [0.5952380952380952, 0.5357142857142857, 0.5595238095238095, 0.5238095238095238, 0.5595238095238095, 0.4880952380952381, 0.5119047619047619, 0.5238095238095238, 0.4880952380952381, 0.6190476190476191, 0.4523809523809524, 0.5119047619047619, 0.5357142857142857, 0.5714285714285714, 0.5595238095238095]
 mean: 0.5357142857142858, std: 0.041920992527759555
F1 Score: [0.5800000000000001, 0.4980848781982534, 0.5450153711023277, 0.5213675213675214, 0.5357729648991785, 0.4662331904832274, 0.45566619250829776, 0.5008912655971479, 0.4755336140554668, 0.5851851851851853, 0.4120511259890444, 0.4958278436539306, 0.5243211848410048, 0.5692307692307692, 0.5167159073238998]
 mean: 0.512126467629017, std: 0.046431605231298266
Accuracy Intime: [0.5294117647058824, 0.5588235294117647, 0.7058823529411765, 0.7058823529411765, 0.75, 0.4411764705882353, 0.6176470588235294, 0.6764705882352942, 0.6470588235294118, 0.71875, 0.47058823529411764, 0.6764705882352942, 0.6176470588235294, 0.6764705882352942, 0.625]
 mean: 0.6278186274509804, std: 0.08834466941035936
F1 (Intime): [0.5294117647058824, 0.5255813953488373, 0.678030303030303, 0.7058823529411765, 0.7333333333333334, 0.43679163034001744, 0.6007226738934056, 0.6693191865605659, 0.6421052631578947, 0.7046153846153846, 0.4535714285714286, 0.6693191865605659, 0.5729468599033817, 0.6739319965126417, 0.5844155844155844]
 mean: 0.6119985562593602, std: 0.08954922831794908
--------------------------------------------------
Subject Number: 8
Accuracy Cross: [0.7738095238095238, 0.6190476190476191, 0.8095238095238095, 0.7857142857142857, 0.7738095238095238, 0.7619047619047619, 0.6904761904761905, 0.6904761904761905, 0.7619047619047619, 0.8333333333333334, 0.5595238095238095, 0.6071428571428571, 0.6190476190476191, 0.75, 0.6428571428571429]
 mean: 0.7119047619047619, std: 0.0820421512885751
F1 Score: [0.7722277722277722, 0.5851851851851853, 0.8067855089131685, 0.7855927396483267, 0.7682590387686947, 0.7569444444444444, 0.6576802507836991, 0.6755793226381461, 0.7584818861414606, 0.8309373202990225, 0.4534904167399332, 0.5354449472096531, 0.5633528265107213, 0.7333333333333334, 0.616555082166768]
 mean: 0.6866566716673552, std: 0.10951525121559205
Accuracy Intime: [0.7058823529411765, 0.6764705882352942, 0.8235294117647058, 0.8823529411764706, 0.75, 0.7941176470588235, 0.7058823529411765, 0.6470588235294118, 0.6470588235294118, 0.90625, 0.6470588235294118, 0.6764705882352942, 0.5588235294117647, 0.7352941176470589, 0.71875]
 mean: 0.725, std: 0.09097512952790021
F1 (Intime): [0.7017543859649122, 0.6693191865605659, 0.8210526315789474, 0.8785714285714286, 0.7333333333333334, 0.7925021795989537, 0.6886446886446886, 0.6421052631578947, 0.6421052631578947, 0.906158357771261, 0.6357142857142857, 0.6621499548328816, 0.5255813953488373, 0.7294429708222812, 0.7117117117117118]
 mean: 0.7160098024513252, std: 0.09648279178354664
--------------------------------------------------
Subject Number: 9
Accuracy Cross: [0.7738095238095238, 0.7142857142857143, 0.7738095238095238, 0.6666666666666666, 0.75, 0.6190476190476191, 0.6190476190476191, 0.5833333333333334, 0.6309523809523809, 0.6666666666666666, 0.6547619047619048, 0.6547619047619048, 0.6190476190476191, 0.6785714285714286, 0.6785714285714286]
 mean: 0.6722222222222223, std: 0.05615324746447215
F1 Score: [0.7730052624093302, 0.7061224489795919, 0.7711827956989248, 0.6618746405980449, 0.7496807151979565, 0.6047058823529412, 0.6111111111111112, 0.5760634462869503, 0.6218963264120807, 0.6618746405980449, 0.6267810632756243, 0.6433904259991217, 0.5909920876445527, 0.6571428571428571, 0.6415362731152205]
 mean: 0.6598239984548236, std: 0.06096098004396503
Accuracy Intime: [0.7941176470588235, 0.6764705882352942, 0.8529411764705882, 0.7352941176470589, 0.65625, 0.7352941176470589, 0.7352941176470589, 0.6470588235294118, 0.7941176470588235, 0.75, 0.7647058823529411, 0.7647058823529411, 0.6764705882352942, 0.7647058823529411, 0.90625]
 mean: 0.7502450980392157, std: 0.06850764226866839
F1 (Intime): [0.7895667550839964, 0.652093023255814, 0.8496905393457117, 0.7332170880557978, 0.6389743589743591, 0.7294429708222812, 0.7350649350649351, 0.5968379446640316, 0.7925021795989537, 0.746031746031746, 0.7638888888888888, 0.7638888888888888, 0.652093023255814, 0.7638888888888888, 0.9054187192118226]
 mean: 0.7408399966687954, std: 0.07860669404051494
--------------------------------------------------
Subject Number: 10
Accuracy Cross: [0.6071428571428571, 0.5476190476190477, 0.5357142857142857, 0.5833333333333334, 0.5595238095238095, 0.6071428571428571, 0.5357142857142857, 0.5595238095238095, 0.6190476190476191, 0.5476190476190477, 0.5952380952380952, 0.5952380952380952, 0.6428571428571429, 0.6190476190476191, 0.6309523809523809]
 mean: 0.5857142857142857, std: 0.034558001677900387
F1 Score: [0.6066411238825031, 0.5473624503686898, 0.5340634333665197, 0.5832742735648476, 0.5594613749114103, 0.6002883922134102, 0.5340634333665197, 0.5564435564435564, 0.6190476190476191, 0.5346938775510204, 0.5943181818181817, 0.583673469387755, 0.6395881006864989, 0.6135710178263369, 0.6296401649836438]
 mean: 0.5824086979612342, std: 0.0348760814702684
Accuracy Intime: [0.6764705882352942, 0.5294117647058824, 0.7647058823529411, 0.5294117647058824, 0.53125, 0.8235294117647058, 0.5588235294117647, 0.6176470588235294, 0.6470588235294118, 0.5625, 0.6764705882352942, 0.5882352941176471, 0.7058823529411765, 0.6470588235294118, 0.46875]
 mean: 0.621813725490196, std: 0.09407854452215936
F1 (Intime): [0.6761904761904762, 0.5142857142857142, 0.7614035087719297, 0.5294117647058824, 0.5270935960591133, 0.8235294117647058, 0.5584415584415584, 0.6173160173160173, 0.6458333333333333, 0.5607843137254902, 0.6761904761904762, 0.5641025641025641, 0.6886446886446886, 0.6470588235294118, 0.464039408866995]
 mean: 0.616955043728557, std: 0.09538384968275021
--------------------------------------------------
Subject Number: 11
Accuracy Cross: [0.5595238095238095, 0.5476190476190477, 0.5357142857142857, 0.5476190476190477, 0.6785714285714286, 0.6071428571428571, 0.5595238095238095, 0.5595238095238095, 0.6428571428571429, 0.6904761904761905, 0.5357142857142857, 0.6071428571428571, 0.5952380952380952, 0.5952380952380952, 0.5357142857142857]
 mean: 0.5865079365079365, std: 0.04927031173069446
F1 Score: [0.5301587301587302, 0.5258467023172906, 0.5204216073781291, 0.5381944444444444, 0.6679841897233202, 0.561877667140825, 0.5087719298245614, 0.5518385003604902, 0.625668449197861, 0.6755793226381461, 0.5158859169499039, 0.5903650066499188, 0.5709134615384616, 0.5757575757575757, 0.5158859169499039]
 mean: 0.5650099614019708, std: 0.05223657027612252
Accuracy Intime: [0.6764705882352942, 0.6176470588235294, 0.6470588235294118, 0.7647058823529411, 0.5625, 0.6470588235294118, 0.5588235294117647, 0.6176470588235294, 0.7058823529411765, 0.65625, 0.4411764705882353, 0.7058823529411765, 0.7058823529411765, 0.6470588235294118, 0.59375]
 mean: 0.6365196078431372, std: 0.07545417876460614
F1 (Intime): [0.652093023255814, 0.5888372093023255, 0.6263736263736264, 0.7638888888888888, 0.5555555555555556, 0.6263736263736264, 0.5072463768115942, 0.6091954022988506, 0.7017543859649122, 0.6389743589743591, 0.3758454106280193, 0.6964285714285714, 0.6886446886446886, 0.6357142857142857, 0.5835835835835836]
 mean: 0.6167005995865801, std: 0.08883994532829806
--------------------------------------------------
Subject Number: 12
Accuracy Cross: [0.4880952380952381, 0.6190476190476191, 0.6309523809523809, 0.8452380952380952, 0.7261904761904762, 0.7142857142857143, 0.7857142857142857, 0.6904761904761905, 0.6309523809523809, 0.6785714285714286, 0.6547619047619048, 0.6309523809523809, 0.7023809523809523, 0.7142857142857143, 0.7023809523809523]
 mean: 0.680952380952381, std: 0.07851128048899192
F1 Score: [0.4880226789510985, 0.6047058823529412, 0.6283716283716283, 0.8446878111221732, 0.7242757242757243, 0.7136363636363636, 0.7846153846153847, 0.6816326530612244, 0.6187966622749231, 0.6729632299927901, 0.6317460317460317, 0.6110530246452577, 0.6950776825903877, 0.7128205128205127, 0.6896704595832718]
 mean: 0.6734717153359809, std: 0.08082372061390229
Accuracy Intime: [0.6470588235294118, 0.5588235294117647, 0.6470588235294118, 0.7058823529411765, 0.65625, 0.7058823529411765, 0.7941176470588235, 0.8529411764705882, 0.6176470588235294, 0.71875, 0.7058823529411765, 0.7058823529411765, 0.7352941176470589, 0.6764705882352942, 0.75]
 mean: 0.6985294117647058, std: 0.06891462150857483
F1 (Intime): [0.6421052631578947, 0.5255813953488373, 0.6458333333333333, 0.7048611111111112, 0.6559139784946236, 0.7017543859649122, 0.7895667550839964, 0.85178727114211, 0.6146469049694856, 0.7117117117117118, 0.7048611111111112, 0.7048611111111112, 0.7294429708222812, 0.6693191865605659, 0.75]
 mean: 0.6934830993282056, std: 0.07343036138385399
--------------------------------------------------
Subject Number: 13
Accuracy Cross: [0.6785714285714286, 0.7023809523809523, 0.7142857142857143, 0.6428571428571429, 0.6904761904761905, 0.6904761904761905, 0.6904761904761905, 0.6785714285714286, 0.6785714285714286, 0.6309523809523809, 0.6666666666666666, 0.6904761904761905, 0.7142857142857143, 0.7261904761904762, 0.7023809523809523]
 mean: 0.6865079365079365, std: 0.024845199749997656
F1 Score: [0.6774285307922059, 0.702338766832034, 0.7083333333333333, 0.6294117647058823, 0.690300623936472, 0.6876430205949657, 0.690300623936472, 0.6763236763236764, 0.6774285307922059, 0.6296401649836438, 0.6597222222222223, 0.6840277777777777, 0.7101782633697526, 0.7171717171717171, 0.6989247311827957]
 mean: 0.6826115831970104, std: 0.02539049415310371
Accuracy Intime: [0.8823529411764706, 0.7941176470588235, 0.7058823529411765, 0.7941176470588235, 0.59375, 0.7941176470588235, 0.7352941176470589, 0.7352941176470589, 0.7647058823529411, 0.8125, 0.8235294117647058, 0.7647058823529411, 0.6470588235294118, 0.8529411764705882, 0.75]
 mean: 0.7633578431372549, std: 0.07230122128556922
F1 (Intime): [0.8819444444444444, 0.793939393939394, 0.6964285714285714, 0.793939393939394, 0.5901477832512315, 0.7925021795989537, 0.7350649350649351, 0.7294429708222812, 0.7614035087719297, 0.8125, 0.8229166666666667, 0.7614035087719297, 0.6458333333333333, 0.8528138528138528, 0.7490196078431373]
 mean: 0.7612866767126704, std: 0.07354820066670764
--------------------------------------------------
Subject Number: 14
Accuracy Cross: [0.6309523809523809, 0.7142857142857143, 0.5952380952380952, 0.7261904761904762, 0.5714285714285714, 0.5833333333333334, 0.5833333333333334, 0.5833333333333334, 0.6666666666666666, 0.6071428571428571, 0.6785714285714286, 0.6547619047619048, 0.5952380952380952, 0.5833333333333334, 0.5952380952380952]
 mean: 0.6246031746031747, std: 0.04934695732288829
F1 Score: [0.6110530246452577, 0.7083333333333333, 0.5523510971786834, 0.725216896600768, 0.5552941176470588, 0.5269509251810136, 0.5269509251810136, 0.5269509251810136, 0.6506238859180036, 0.5539823008849558, 0.6706838971976187, 0.6267810632756243, 0.5446428571428571, 0.5608663181478716, 0.5654290931223371]
 mean: 0.5937407107091607, std: 0.06501910387420144
Accuracy Intime: [0.7058823529411765, 0.8235294117647058, 0.6176470588235294, 0.7058823529411765, 0.625, 0.6470588235294118, 0.5588235294117647, 0.6470588235294118, 0.6470588235294118, 0.78125, 0.6176470588235294, 0.7058823529411765, 0.6176470588235294, 0.8235294117647058, 0.6875]
 mean: 0.6807598039215687, std: 0.07577950197798053
F1 (Intime): [0.7017543859649122, 0.8229166666666667, 0.5521783181357649, 0.7048611111111112, 0.611336032388664, 0.6263736263736264, 0.5072463768115942, 0.6263736263736264, 0.6357142857142857, 0.7702564102564102, 0.6146469049694856, 0.6964285714285714, 0.5729468599033817, 0.8235294117647058, 0.6761133603238867]
 mean: 0.6628450632124462, std: 0.08961963283130618
--------------------------------------------------
**************************************************
accuracy_cross_list: [0.6817460317460319, 0.6666666666666667, 0.6484126984126984, 0.5714285714285715, 0.6396825396825397, 0.5603174603174603, 0.5357142857142858, 0.7119047619047619, 0.6722222222222223, 0.5857142857142857, 0.5865079365079365, 0.680952380952381, 0.6865079365079365, 0.6246031746031747]
f1_score_list: [0.6716520208804017, 0.6317429377980669, 0.6293731629237432, 0.5295093704670707, 0.6023982059255988, 0.5511920556748269, 0.512126467629017, 0.6866566716673552, 0.6598239984548236, 0.5824086979612342, 0.5650099614019708, 0.6734717153359809, 0.6826115831970104, 0.5937407107091607]
accuracy_intime_list: [0.7567401960784316, 0.6851715686274511, 0.6901960784313724, 0.6525735294117647, 0.6582107843137255, 0.6112745098039216, 0.6278186274509804, 0.725, 0.7502450980392157, 0.621813725490196, 0.6365196078431372, 0.6985294117647058, 0.7633578431372549, 0.6807598039215687]
f1_score_intime_list: [0.7522931315015724, 0.6597250515673709, 0.6807548022073008, 0.6269584431993376, 0.6325724594297674, 0.6069924135920342, 0.6119985562593602, 0.7160098024513252, 0.7408399966687954, 0.616955043728557, 0.6167005995865801, 0.6934830993282056, 0.7612866767126704, 0.6628450632124462]
**************************************************
ACC: 63.23±5.33
F1: 61.23±5.66
Intime: 68.27±4.94
F1 (Intime): 67.00±5.30
