1e-06
Subject Number: 1
Accuracy Cross: [0.29411764705882354, 0.4264705882352941, 0.35294117647058826, 0.38235294117647056, 0.36764705882352944, 0.3333333333333333, 0.36231884057971014, 0.42028985507246375, 0.34782608695652173, 0.3333333333333333, 0.36764705882352944, 0.3235294117647059, 0.4264705882352941, 0.36764705882352944, 0.3088235294117647]
 mean: 0.3609832338732595, std: 0.03919811208653351
F1 Score: [0.3062239303473525, 0.44345238095238093, 0.3590784215784216, 0.3946192870611476, 0.38021587794199774, 0.32677345537757435, 0.3682745825602968, 0.4232070555159011, 0.36502228163992867, 0.3285151667504609, 0.3395158018713603, 0.28937324929971986, 0.43855477855477853, 0.3546641530512498, 0.2824829931972789]
 mean: 0.3599982277133233, std: 0.048486606114424326
Accuracy Intime: [0.32142857142857145, 0.4642857142857143, 0.2857142857142857, 0.38461538461538464, 0.4230769230769231, 0.39285714285714285, 0.5357142857142857, 0.5, 0.5769230769230769, 0.3076923076923077, 0.32142857142857145, 0.39285714285714285, 0.21428571428571427, 0.38461538461538464, 0.34615384615384615]
 mean: 0.3901098901098901, std: 0.09480211564252282
F1 (Intime): [0.3082934609250399, 0.46743697478991597, 0.2657444005270092, 0.3533525298231181, 0.39138347033083876, 0.36456043956043954, 0.5670814479638009, 0.5094017094017094, 0.6208646616541353, 0.30212148962148966, 0.30949883449883453, 0.3663742690058479, 0.22142857142857142, 0.37549019607843137, 0.34475524475524477]
 mean: 0.3845191800242952, std: 0.10770382930738051
--------------------------------------------------
Subject Number: 2
Accuracy Cross: [0.2318840579710145, 0.2318840579710145, 0.2463768115942029, 0.18840579710144928, 0.21739130434782608, 0.25, 0.25, 0.19117647058823528, 0.27941176470588236, 0.23529411764705882, 0.30434782608695654, 0.2753623188405797, 0.21739130434782608, 0.2318840579710145, 0.2753623188405797]
 mean: 0.241744813867576, std: 0.03128116697572963
F1 Score: [0.22399267399267397, 0.25663322185061316, 0.24543233082706767, 0.19305104617604618, 0.1928769657724329, 0.2567264326750251, 0.21164282577326055, 0.1620995995995996, 0.28345891989070404, 0.22520422143808086, 0.29118814192343606, 0.27231479953803006, 0.20892320892320893, 0.22556163594470044, 0.26964224286205707]
 mean: 0.23458321781246247, std: 0.036078069518858245
Accuracy Intime: [0.2857142857142857, 0.4642857142857143, 0.2857142857142857, 0.38461538461538464, 0.2692307692307692, 0.4642857142857143, 0.25, 0.21428571428571427, 0.5357142857142857, 0.46153846153846156, 0.42857142857142855, 0.17857142857142858, 0.39285714285714285, 0.15384615384615385, 0.23076923076923078]
 mean: 0.3333333333333334, std: 0.11644232920782503
F1 (Intime): [0.26790052053209945, 0.4531746031746031, 0.24789915966386553, 0.30730380730380735, 0.26587301587301587, 0.4281983925946775, 0.22729901677270098, 0.19435160427807485, 0.5242424242424243, 0.4333333333333333, 0.37905369484316853, 0.18823529411764706, 0.3857100415923945, 0.14583333333333331, 0.23674242424242423]
 mean: 0.3123433777265046, std: 0.10983022097106869
--------------------------------------------------
Subject Number: 3
Accuracy Cross: [0.25, 0.3382352941176471, 0.29411764705882354, 0.25, 0.29411764705882354, 0.2463768115942029, 0.3188405797101449, 0.2318840579710145, 0.2318840579710145, 0.2753623188405797, 0.2608695652173913, 0.2028985507246377, 0.2608695652173913, 0.2463768115942029, 0.2608695652173913]
 mean: 0.26418016481955103, std: 0.03396069863506434
F1 Score: [0.2522727272727273, 0.34356691185959476, 0.29175576675576675, 0.2506127450980392, 0.2681547619047619, 0.23152268595667322, 0.2888686872103643, 0.21005847953216372, 0.21473214285714284, 0.262667835192863, 0.25227272727272726, 0.18172403863193337, 0.2541222424285646, 0.23523900971353806, 0.24968820861678004]
 mean: 0.252483931353576, std: 0.03696345439037986
Accuracy Intime: [0.39285714285714285, 0.39285714285714285, 0.35714285714285715, 0.42857142857142855, 0.2692307692307692, 0.2857142857142857, 0.39285714285714285, 0.17857142857142858, 0.2692307692307692, 0.5, 0.42857142857142855, 0.32142857142857145, 0.21428571428571427, 0.3076923076923077, 0.5]
 mean: 0.34926739926739925, std: 0.09327110765759859
F1 (Intime): [0.35874125874125873, 0.3691308691308691, 0.27083333333333337, 0.42454767454767456, 0.22976827094474156, 0.27708333333333335, 0.37814962814962816, 0.16875, 0.22777777777777775, 0.4831699346405229, 0.43452380952380953, 0.2759502923976608, 0.1898989898989899, 0.23295454545454547, 0.4987179487179487]
 mean: 0.3213331777728063, std: 0.10331373771847711
--------------------------------------------------
Subject Number: 4
Accuracy Cross: [0.37681159420289856, 0.34782608695652173, 0.37681159420289856, 0.36231884057971014, 0.43478260869565216, 0.5072463768115942, 0.36231884057971014, 0.37681159420289856, 0.43478260869565216, 0.36231884057971014, 0.2608695652173913, 0.3188405797101449, 0.43478260869565216, 0.36231884057971014, 0.391304347826087]
 mean: 0.38067632850241545, std: 0.055114823949571644
F1 Score: [0.3916871416871417, 0.3682088744588744, 0.3697100180022381, 0.3854046191190119, 0.4497354497354497, 0.48613997113997115, 0.32954759139428125, 0.3809847198641766, 0.444949494949495, 0.36307026307026313, 0.19890704584040747, 0.2672548719770804, 0.44106280193236713, 0.322898458604799, 0.37185897435897436]
 mean: 0.37142801974230205, std: 0.07073442134313182
Accuracy Intime: [0.35714285714285715, 0.39285714285714285, 0.25, 0.35714285714285715, 0.4230769230769231, 0.5, 0.5357142857142857, 0.5, 0.39285714285714285, 0.5, 0.39285714285714285, 0.39285714285714285, 0.6071428571428571, 0.35714285714285715, 0.34615384615384615]
 mean: 0.4203296703296703, std: 0.08823201858492426
F1 (Intime): [0.3660130718954248, 0.3466810966810967, 0.22549019607843138, 0.35549450549450545, 0.3902777777777777, 0.4797619047619047, 0.5466346153846154, 0.5354449472096531, 0.39870129870129867, 0.49626517273576093, 0.3973699095022625, 0.4162087912087912, 0.6120766488413547, 0.3157342657342658, 0.3464646464646465]
 mean: 0.41524125656478594, std: 0.0978887400921418
--------------------------------------------------
Subject Number: 5
Accuracy Cross: [0.39705882352941174, 0.4117647058823529, 0.38235294117647056, 0.5, 0.39705882352941174, 0.45588235294117646, 0.3382352941176471, 0.5147058823529411, 0.4411764705882353, 0.4117647058823529, 0.4411764705882353, 0.4264705882352941, 0.39705882352941174, 0.3235294117647059, 0.45588235294117646]
 mean: 0.41960784313725497, std: 0.05033528491369974
F1 Score: [0.39356884057971014, 0.37097305006033565, 0.38095238095238093, 0.478806907378336, 0.3678004535147392, 0.4766231550944034, 0.3357877443243297, 0.5270794246404003, 0.4121038638780574, 0.4204194931097105, 0.4492630385487528, 0.42761262779462983, 0.4146982146982147, 0.2994582622489599, 0.4269807060755337]
 mean: 0.41214187752656617, std: 0.05611393131275743
Accuracy Intime: [0.6428571428571429, 0.7142857142857143, 0.5357142857142857, 0.5769230769230769, 0.5, 0.5357142857142857, 0.5714285714285714, 0.4642857142857143, 0.38461538461538464, 0.38461538461538464, 0.4642857142857143, 0.5, 0.5357142857142857, 0.6153846153846154, 0.5769230769230769]
 mean: 0.5335164835164836, std: 0.08669138764156949
F1 (Intime): [0.6134898190045248, 0.6908039329091961, 0.4880952380952381, 0.5416666666666666, 0.41622807017543856, 0.5591346153846154, 0.5839285714285714, 0.4517628205128205, 0.2970992822966507, 0.3298611111111111, 0.4591346153846153, 0.502642524314351, 0.5363636363636364, 0.5142543859649122, 0.5350564468211527]
 mean: 0.5013014490955667, std: 0.09851271954635146
--------------------------------------------------
Subject Number: 6
Accuracy Cross: [0.3382352941176471, 0.3235294117647059, 0.39705882352941174, 0.35294117647058826, 0.3382352941176471, 0.2753623188405797, 0.2898550724637681, 0.34782608695652173, 0.3333333333333333, 0.30434782608695654, 0.2898550724637681, 0.30434782608695654, 0.3188405797101449, 0.2898550724637681, 0.3333333333333333]
 mean: 0.3224637681159421, std: 0.030495337689614006
F1 Score: [0.3295847268673356, 0.3060990338164251, 0.4160501648306526, 0.34817073170731705, 0.31211722613911397, 0.24883449883449885, 0.24731182795698925, 0.3325716845878136, 0.30570818070818073, 0.2797017965671542, 0.3076923076923077, 0.280787446101647, 0.3382867132867133, 0.2959173126614987, 0.3270583301071106]
 mean: 0.31172613212431716, std: 0.04027179640944499
Accuracy Intime: [0.42857142857142855, 0.25, 0.21428571428571427, 0.42857142857142855, 0.3076923076923077, 0.35714285714285715, 0.39285714285714285, 0.21428571428571427, 0.38461538461538464, 0.34615384615384615, 0.4642857142857143, 0.39285714285714285, 0.32142857142857145, 0.46153846153846156, 0.38461538461538464]
 mean: 0.3565934065934066, std: 0.07864503839507579
F1 (Intime): [0.4237012987012987, 0.24864433811802233, 0.18198529411764708, 0.4159090909090909, 0.2773809523809524, 0.31906565656565655, 0.40625, 0.22156862745098038, 0.3307692307692308, 0.319017094017094, 0.45941558441558444, 0.3736111111111111, 0.30101010101010106, 0.3592105263157895, 0.2725]
 mean: 0.3273359270588373, std: 0.0769467995919699
--------------------------------------------------
Subject Number: 7
Accuracy Cross: [0.5441176470588235, 0.47058823529411764, 0.35294117647058826, 0.45588235294117646, 0.39705882352941174, 0.38235294117647056, 0.36764705882352944, 0.36764705882352944, 0.4852941176470588, 0.47058823529411764, 0.39705882352941174, 0.27941176470588236, 0.4264705882352941, 0.39705882352941174, 0.27941176470588236]
 mean: 0.4049019607843138, std: 0.07080576504026583
F1 Score: [0.5385375494071146, 0.4125472805530195, 0.3365171650055371, 0.4510103383458646, 0.37264206381853443, 0.33397525676937445, 0.352046783625731, 0.3584535432361519, 0.48768181726482274, 0.46304258804258813, 0.36567632850241544, 0.2506152867651126, 0.4067240263243069, 0.3677803955165274, 0.2618168868168868]
 mean: 0.3839378206662659, std: 0.07597364206103825
Accuracy Intime: [0.5357142857142857, 0.39285714285714285, 0.4642857142857143, 0.34615384615384615, 0.38461538461538464, 0.4642857142857143, 0.35714285714285715, 0.42857142857142855, 0.46153846153846156, 0.2692307692307692, 0.42857142857142855, 0.2857142857142857, 0.5714285714285714, 0.4230769230769231, 0.5]
 mean: 0.42087912087912094, std: 0.08192281282278954
F1 (Intime): [0.5149122807017543, 0.3724089635854341, 0.42045454545454547, 0.2914862914862915, 0.37254901960784315, 0.4066126855600539, 0.3390756302521008, 0.3745614035087719, 0.4374397532292269, 0.18055555555555555, 0.3993872549019608, 0.24358974358974358, 0.5653846153846154, 0.39541047188106015, 0.4825821237585944]
 mean: 0.38642735589717014, std: 0.09548742705123772
--------------------------------------------------
Subject Number: 8
Accuracy Cross: [0.20588235294117646, 0.17647058823529413, 0.23529411764705882, 0.22058823529411764, 0.3235294117647059, 0.22058823529411764, 0.3088235294117647, 0.3088235294117647, 0.16176470588235295, 0.3382352941176471, 0.3235294117647059, 0.29411764705882354, 0.3235294117647059, 0.38235294117647056, 0.27941176470588236]
 mean: 0.2735294117647059, std: 0.06326378747020267
F1 Score: [0.2214912280701754, 0.1685278503587574, 0.23626990491465227, 0.2197886119257087, 0.2958418832649339, 0.202366196287821, 0.31369222303741745, 0.30521096159237454, 0.15918114143920598, 0.32631917631917634, 0.31068910256410254, 0.31065503124326654, 0.32682682682682684, 0.39060355893940063, 0.2652122183372183]
 mean: 0.27017839434140256, std: 0.06390493629722017
Accuracy Intime: [0.39285714285714285, 0.35714285714285715, 0.25, 0.34615384615384615, 0.2692307692307692, 0.39285714285714285, 0.35714285714285715, 0.21428571428571427, 0.23076923076923078, 0.19230769230769232, 0.32142857142857145, 0.25, 0.4642857142857143, 0.2692307692307692, 0.34615384615384615]
 mean: 0.31025641025641026, std: 0.07507236420034404
F1 (Intime): [0.3778846153846154, 0.3377525252525253, 0.24417249417249418, 0.3339285714285714, 0.2714285714285714, 0.33730158730158727, 0.35178571428571426, 0.20170454545454547, 0.18311403508771928, 0.18958333333333333, 0.3170426065162907, 0.2431184012066365, 0.4305555555555556, 0.22619047619047616, 0.34759615384615383]
 mean: 0.29287727909631933, std: 0.07288701193059269
--------------------------------------------------
Subject Number: 9
Accuracy Cross: [0.35294117647058826, 0.29411764705882354, 0.4117647058823529, 0.39705882352941174, 0.25, 0.45588235294117646, 0.29411764705882354, 0.3382352941176471, 0.45588235294117646, 0.3235294117647059, 0.36764705882352944, 0.35294117647058826, 0.29411764705882354, 0.36764705882352944, 0.3382352941176471]
 mean: 0.35294117647058815, std: 0.057334084381229194
F1 Score: [0.3735190248348143, 0.28506912742924223, 0.43428079242032736, 0.42124964818463273, 0.26894746648965284, 0.4735950648980174, 0.2845238095238095, 0.3435938330675173, 0.4702927103855896, 0.3418040293040293, 0.37541278166278164, 0.334468085106383, 0.30849004538677605, 0.3738622304701308, 0.34586007412094366]
 mean: 0.3623312482189765, std: 0.0624903389388706
Accuracy Intime: [0.39285714285714285, 0.42857142857142855, 0.42857142857142855, 0.3076923076923077, 0.34615384615384615, 0.5, 0.32142857142857145, 0.42857142857142855, 0.3076923076923077, 0.4230769230769231, 0.4642857142857143, 0.35714285714285715, 0.5, 0.4230769230769231, 0.46153846153846156]
 mean: 0.40604395604395604, std: 0.06265663863801509
F1 (Intime): [0.3714646464646465, 0.42965102707749764, 0.43700396825396826, 0.24583333333333335, 0.32816876750700275, 0.5271708683473388, 0.31049498746867166, 0.43727106227106227, 0.2557422969187675, 0.4111111111111111, 0.4892037786774629, 0.37192982456140344, 0.4596861471861472, 0.38041795665634676, 0.40816993464052287]
 mean: 0.39088798069835223, std: 0.07746342672752915
--------------------------------------------------
Subject Number: 10
Accuracy Cross: [0.20588235294117646, 0.39705882352941174, 0.35294117647058826, 0.19117647058823528, 0.19117647058823528, 0.3235294117647059, 0.25, 0.19117647058823528, 0.27941176470588236, 0.19117647058823528, 0.2898550724637681, 0.2753623188405797, 0.2898550724637681, 0.2753623188405797, 0.21739130434782608]
 mean: 0.26142369991474845, std: 0.062102693550035774
F1 Score: [0.20406832171538053, 0.36254084967320266, 0.3386243386243386, 0.19191176470588234, 0.18845101258894362, 0.3047109140859141, 0.23926767676767674, 0.1838759213759214, 0.2694774841486556, 0.1758950543780265, 0.28969759232917125, 0.29602272727272727, 0.2839182323053291, 0.26777534965034966, 0.20694342619745845]
 mean: 0.2535453777212652, std: 0.05771738909153846
Accuracy Intime: [0.32142857142857145, 0.35714285714285715, 0.32142857142857145, 0.2692307692307692, 0.38461538461538464, 0.5, 0.35714285714285715, 0.35714285714285715, 0.38461538461538464, 0.38461538461538464, 0.25, 0.35714285714285715, 0.39285714285714285, 0.38461538461538464, 0.34615384615384615]
 mean: 0.3578754578754579, std: 0.055722220453052654
F1 (Intime): [0.2517482517482518, 0.28937728937728935, 0.31313131313131315, 0.26582792207792205, 0.3133116883116883, 0.4678694843168527, 0.3158492822966507, 0.3326950826950827, 0.37569444444444444, 0.3691724941724942, 0.23214285714285712, 0.31465201465201464, 0.37884615384615383, 0.36955128205128207, 0.3678894634776988]
 mean: 0.3305172682494664, std: 0.05801496695279251
--------------------------------------------------
Subject Number: 11
Accuracy Cross: [0.34782608695652173, 0.3333333333333333, 0.2753623188405797, 0.2898550724637681, 0.2028985507246377, 0.3333333333333333, 0.36231884057971014, 0.4057971014492754, 0.37681159420289856, 0.3188405797101449, 0.2898550724637681, 0.3188405797101449, 0.3333333333333333, 0.3333333333333333, 0.2608695652173913]
 mean: 0.3188405797101449, std: 0.04821246357439478
F1 Score: [0.3200626499972094, 0.3288656690746474, 0.26786782296650713, 0.26367389060887514, 0.17478658129918634, 0.28588219594317155, 0.3387805358550039, 0.3900266971777269, 0.3709057486631016, 0.28597566097566096, 0.2526683842473316, 0.3090149359886202, 0.3366943866943867, 0.3199110671936759, 0.23681614306614307]
 mean: 0.29879549131674993, std: 0.05312467885448132
Accuracy Intime: [0.17857142857142858, 0.42857142857142855, 0.39285714285714285, 0.4642857142857143, 0.46153846153846156, 0.25, 0.42857142857142855, 0.32142857142857145, 0.39285714285714285, 0.4230769230769231, 0.42857142857142855, 0.35714285714285715, 0.39285714285714285, 0.42857142857142855, 0.4230769230769231]
 mean: 0.3847985347985349, std: 0.0768017532684164
F1 (Intime): [0.15694444444444444, 0.365546218487395, 0.37196969696969695, 0.4626068376068376, 0.4095238095238095, 0.2264957264957265, 0.4194444444444444, 0.2648809523809524, 0.33939393939393936, 0.4183823529411764, 0.4166267942583732, 0.2918233082706767, 0.4076797385620915, 0.4361111111111111, 0.40714285714285714]
 mean: 0.3596381488022355, std: 0.08436647735942619
--------------------------------------------------
Subject Number: 12
Accuracy Cross: [0.4117647058823529, 0.4117647058823529, 0.35294117647058826, 0.38235294117647056, 0.4411764705882353, 0.2608695652173913, 0.4057971014492754, 0.3188405797101449, 0.3188405797101449, 0.36231884057971014, 0.36764705882352944, 0.3235294117647059, 0.3382352941176471, 0.23529411764705882, 0.39705882352941174]
 mean: 0.3552287581699346, std: 0.055534845685200465
F1 Score: [0.37673478482302014, 0.4143559928443649, 0.36907114624505927, 0.4045974952224952, 0.4395762132604238, 0.24071455505279032, 0.40888473956509896, 0.29423076923076924, 0.29759903961584633, 0.34215686274509804, 0.33408401119887815, 0.2648578811369509, 0.3447089947089947, 0.20595238095238094, 0.4067112299465241]
 mean: 0.34294907310324635, std: 0.06748030806478687
Accuracy Intime: [0.42857142857142855, 0.21428571428571427, 0.4642857142857143, 0.5, 0.34615384615384615, 0.2857142857142857, 0.32142857142857145, 0.2857142857142857, 0.34615384615384615, 0.3076923076923077, 0.39285714285714285, 0.42857142857142855, 0.5714285714285714, 0.5, 0.5]
 mean: 0.39285714285714285, std: 0.09850347419359966
F1 (Intime): [0.41101190476190474, 0.1719187675070028, 0.4674679487179487, 0.4666666666666667, 0.3080357142857143, 0.28858543417366944, 0.30773809523809526, 0.25400641025641024, 0.3576388888888889, 0.2760683760683761, 0.37712418300653594, 0.44128094128094125, 0.5619047619047619, 0.5105042016806722, 0.5131598793363499]
 mean: 0.38087414491826255, std: 0.10861526778259263
--------------------------------------------------
Subject Number: 13
Accuracy Cross: [0.22058823529411764, 0.2647058823529412, 0.3382352941176471, 0.29411764705882354, 0.17647058823529413, 0.2608695652173913, 0.2028985507246377, 0.2753623188405797, 0.2318840579710145, 0.2318840579710145, 0.3382352941176471, 0.25, 0.2647058823529412, 0.29411764705882354, 0.3382352941176471]
 mean: 0.2654873543620347, std: 0.04760373299103362
F1 Score: [0.23793004381239674, 0.25981182795698926, 0.34785353535353536, 0.312720273138692, 0.19411494708042334, 0.2606042416966787, 0.1832482993197279, 0.23619874090732412, 0.22385643252516318, 0.20425320233801766, 0.3520161424253496, 0.2492965367965368, 0.24423352830813377, 0.299720315280956, 0.36003960616963715]
 mean: 0.26439317820730407, std: 0.055571949287555836
Accuracy Intime: [0.32142857142857145, 0.2857142857142857, 0.21428571428571427, 0.3076923076923077, 0.2692307692307692, 0.2857142857142857, 0.35714285714285715, 0.32142857142857145, 0.34615384615384615, 0.2692307692307692, 0.2857142857142857, 0.5, 0.35714285714285715, 0.34615384615384615, 0.38461538461538464]
 mean: 0.3234432234432234, std: 0.06352803761556067
F1 (Intime): [0.34978991596638653, 0.2527568922305764, 0.2039072039072039, 0.2469298245614035, 0.2403846153846154, 0.2272853957636566, 0.29542483660130714, 0.3104166666666667, 0.3456043956043956, 0.22916666666666666, 0.2687908496732026, 0.4716810966810967, 0.3645249766573296, 0.34514652014652014, 0.3813852813852813]
 mean: 0.30221300919308725, std: 0.07119427812608912
--------------------------------------------------
Subject Number: 14
Accuracy Cross: [0.19117647058823528, 0.25, 0.23529411764705882, 0.27941176470588236, 0.25, 0.35294117647058826, 0.3235294117647059, 0.2647058823529412, 0.35294117647058826, 0.29411764705882354, 0.27941176470588236, 0.3382352941176471, 0.3088235294117647, 0.38235294117647056, 0.3235294117647059]
 mean: 0.2950980392156863, std: 0.05022058225437529
F1 Score: [0.17577360322197616, 0.24464129217586056, 0.22438174851967954, 0.28999746450304265, 0.2112177967441125, 0.3013565891472868, 0.27795160617438464, 0.23111420499471583, 0.3432501708817498, 0.2885869565217391, 0.2842690804391932, 0.27520215633423184, 0.28113338116607156, 0.348492384901206, 0.31481617647058824]
 mean: 0.27281230747972257, std: 0.04628398526072243
Accuracy Intime: [0.42857142857142855, 0.2857142857142857, 0.35714285714285715, 0.5, 0.3076923076923077, 0.39285714285714285, 0.35714285714285715, 0.42857142857142855, 0.5384615384615384, 0.38461538461538464, 0.2857142857142857, 0.21428571428571427, 0.35714285714285715, 0.38461538461538464, 0.46153846153846156]
 mean: 0.378937728937729, std: 0.08290737652600214
F1 (Intime): [0.3611111111111111, 0.2877039627039627, 0.350581983805668, 0.4555555555555555, 0.24642857142857144, 0.3196428571428571, 0.3232323232323232, 0.4019904931669638, 0.502450980392157, 0.3272058823529412, 0.2714285714285714, 0.2082521645021645, 0.32894736842105265, 0.3516865079365079, 0.45411010558069387]
 mean: 0.3460218959174067, std: 0.07801242097287686
--------------------------------------------------
Subject Number: 15
Accuracy Cross: [0.35294117647058826, 0.3088235294117647, 0.3088235294117647, 0.36764705882352944, 0.4117647058823529, 0.38235294117647056, 0.38235294117647056, 0.47058823529411764, 0.4852941176470588, 0.4264705882352941, 0.45588235294117646, 0.3382352941176471, 0.45588235294117646, 0.38235294117647056, 0.4264705882352941]
 mean: 0.3970588235294118, std: 0.05449781219485214
F1 Score: [0.3848096348096348, 0.3114998959850218, 0.3119582348305753, 0.38809523809523805, 0.43756097560975615, 0.3944186046511628, 0.3740769034886682, 0.46577668785115595, 0.4817396960976334, 0.42126148705096067, 0.4654924242424242, 0.36078406357075166, 0.4609302325581396, 0.4076975655923024, 0.4450432900432901]
 mean: 0.40740966229844766, std: 0.05185513358801684
Accuracy Intime: [0.5, 0.4642857142857143, 0.6071428571428571, 0.5, 0.19230769230769232, 0.4642857142857143, 0.2857142857142857, 0.6071428571428571, 0.4230769230769231, 0.5384615384615384, 0.5357142857142857, 0.42857142857142855, 0.4642857142857143, 0.34615384615384615, 0.6153846153846154]
 mean: 0.46483516483516485, std: 0.1153505967643516
F1 (Intime): [0.49116161616161613, 0.4648586707410237, 0.6053921568627451, 0.4788011695906432, 0.1338235294117647, 0.4714285714285714, 0.2484848484848485, 0.6167557932263815, 0.4051587301587301, 0.46620475113122173, 0.5232793522267206, 0.41895604395604397, 0.47500000000000003, 0.25, 0.6305555555555555]
 mean: 0.4453240525957244, std: 0.1359505177401443
--------------------------------------------------
Subject Number: 16
Accuracy Cross: [0.3382352941176471, 0.39705882352941174, 0.39705882352941174, 0.35294117647058826, 0.3235294117647059, 0.3088235294117647, 0.25, 0.22058823529411764, 0.27941176470588236, 0.2647058823529412, 0.4264705882352941, 0.38235294117647056, 0.2647058823529412, 0.3088235294117647, 0.39705882352941174]
 mean: 0.32745098039215687, std: 0.061335263998498236
F1 Score: [0.3305984891350745, 0.3837585034013606, 0.3617009867009867, 0.3324898785425101, 0.302811004784689, 0.2521303258145363, 0.2361554587969682, 0.21809899246181108, 0.22450657894736842, 0.24696139109932214, 0.39068162870747813, 0.330449767949768, 0.2519642193555237, 0.2788690476190476, 0.3600518689804404]
 mean: 0.30008187615312565, std: 0.05768907633246677
Accuracy Intime: [0.17857142857142858, 0.42857142857142855, 0.6785714285714286, 0.46153846153846156, 0.4230769230769231, 0.4642857142857143, 0.35714285714285715, 0.39285714285714285, 0.46153846153846156, 0.38461538461538464, 0.39285714285714285, 0.42857142857142855, 0.6071428571428571, 0.5, 0.4230769230769231]
 mean: 0.4388278388278389, std: 0.10755049095922176
F1 (Intime): [0.1680161943319838, 0.41359649122807013, 0.6652243589743589, 0.4160714285714286, 0.37081939799331104, 0.45272435897435903, 0.3325396825396826, 0.35614385614385613, 0.3938908313908314, 0.35555555555555557, 0.3761904761904762, 0.39420426065162906, 0.5879329004329004, 0.4935897435897436, 0.36904761904761907]
 mean: 0.4097031437077204, std: 0.10983197412884015
--------------------------------------------------
Subject Number: 17
Accuracy Cross: [0.4927536231884058, 0.3188405797101449, 0.42028985507246375, 0.36231884057971014, 0.2898550724637681, 0.30434782608695654, 0.3333333333333333, 0.34782608695652173, 0.36231884057971014, 0.36231884057971014, 0.35294117647058826, 0.3382352941176471, 0.36764705882352944, 0.36764705882352944, 0.39705882352941174]
 mean: 0.36118215402102866, std: 0.04749616766050895
F1 Score: [0.4362145390070922, 0.32008212019410226, 0.413961038961039, 0.34494147157190636, 0.2704014998314796, 0.2644544997486174, 0.26602018186894016, 0.2992424242424242, 0.2964510299069123, 0.3479232944503358, 0.31043491392328604, 0.3125, 0.3569776714513557, 0.36914772727272727, 0.36769323671497584]
 mean: 0.33176304327634626, std: 0.04987354057462801
Accuracy Intime: [0.25, 0.35714285714285715, 0.25, 0.34615384615384615, 0.46153846153846156, 0.5714285714285714, 0.4642857142857143, 0.32142857142857145, 0.38461538461538464, 0.38461538461538464, 0.4642857142857143, 0.39285714285714285, 0.5357142857142857, 0.4642857142857143, 0.38461538461538464]
 mean: 0.40219780219780227, std: 0.08966206957574313
F1 (Intime): [0.2417494270435447, 0.36067441330599226, 0.23898547273160275, 0.3075091575091575, 0.39425837320574164, 0.5208333333333333, 0.4120670995670995, 0.3057109557109557, 0.4155545112781955, 0.37164502164502167, 0.49444444444444446, 0.33660130718954245, 0.5351540616246498, 0.42208462332301344, 0.3764957264957265]
 mean: 0.3822511952272014, std: 0.08691232162729151
--------------------------------------------------
Subject Number: 18
Accuracy Cross: [0.37681159420289856, 0.4057971014492754, 0.4057971014492754, 0.391304347826087, 0.2898550724637681, 0.23529411764705882, 0.3382352941176471, 0.3235294117647059, 0.29411764705882354, 0.23529411764705882, 0.3088235294117647, 0.3088235294117647, 0.22058823529411764, 0.36764705882352944, 0.29411764705882354]
 mean: 0.3197357203751065, std: 0.05909288606496914
F1 Score: [0.37301587301587297, 0.4205714861202666, 0.40192177666822704, 0.3728120978120978, 0.30460603624219185, 0.23799613661532265, 0.36198412698412696, 0.3273301393728223, 0.31347319347319347, 0.2452651515151515, 0.32955520594965676, 0.2997596765979119, 0.21749270377319158, 0.36063218390804597, 0.29534632034632036]
 mean: 0.32411747389296, std: 0.057645292959616755
Accuracy Intime: [0.25, 0.39285714285714285, 0.32142857142857145, 0.3076923076923077, 0.11538461538461539, 0.32142857142857145, 0.5, 0.5, 0.19230769230769232, 0.3076923076923077, 0.32142857142857145, 0.35714285714285715, 0.35714285714285715, 0.38461538461538464, 0.38461538461538464]
 mean: 0.3342490842490843, std: 0.09714386543048792
F1 (Intime): [0.26052807486631013, 0.40490196078431373, 0.27907268170426064, 0.3048687423687424, 0.10304487179487179, 0.2849206349206349, 0.4976190476190476, 0.49862637362637363, 0.1625, 0.30952380952380953, 0.3415926179084074, 0.31666666666666665, 0.35214589332236396, 0.34407894736842104, 0.3749601275917065]
 mean: 0.32233669667106196, std: 0.10143979181442535
--------------------------------------------------
Subject Number: 19
Accuracy Cross: [0.29411764705882354, 0.27941176470588236, 0.22058823529411764, 0.29411764705882354, 0.2647058823529412, 0.36764705882352944, 0.35294117647058826, 0.38235294117647056, 0.36764705882352944, 0.27941176470588236, 0.38235294117647056, 0.3235294117647059, 0.3235294117647059, 0.29411764705882354, 0.3088235294117647]
 mean: 0.3156862745098039, std: 0.045837920500239056
F1 Score: [0.30012671735360813, 0.26867413632119513, 0.16967982845312038, 0.27729072398190047, 0.1742109634551495, 0.35234962406015036, 0.2765350733022155, 0.3687435500515996, 0.3578667043740573, 0.27358168147641826, 0.3841786162943899, 0.31597109199410994, 0.293842827828806, 0.3100242355489094, 0.2984106686152722]
 mean: 0.2947657628740601, std: 0.059686731720075076
Accuracy Intime: [0.4642857142857143, 0.39285714285714285, 0.42857142857142855, 0.5, 0.34615384615384615, 0.35714285714285715, 0.39285714285714285, 0.32142857142857145, 0.4230769230769231, 0.4230769230769231, 0.39285714285714285, 0.25, 0.6071428571428571, 0.4230769230769231, 0.3076923076923077]
 mean: 0.40201465201465203, std: 0.08225054297752006
F1 (Intime): [0.4638888888888889, 0.325, 0.41923076923076924, 0.46974206349206343, 0.3755952380952381, 0.35793650793650794, 0.4006944444444444, 0.3009615384615385, 0.33636363636363636, 0.41964285714285715, 0.4023109243697479, 0.2506016042780749, 0.6109943977591037, 0.39983660130718957, 0.3036199095022625]
 mean: 0.3890946254181548, std: 0.08402345825262866
--------------------------------------------------
Subject Number: 20
Accuracy Cross: [0.4117647058823529, 0.47058823529411764, 0.3382352941176471, 0.38235294117647056, 0.38235294117647056, 0.3088235294117647, 0.3235294117647059, 0.39705882352941174, 0.2647058823529412, 0.38235294117647056, 0.3188405797101449, 0.36231884057971014, 0.2753623188405797, 0.43478260869565216, 0.30434782608695654]
 mean: 0.3571611253196931, std: 0.05698958617333506
F1 Score: [0.3989518061482079, 0.5056419457735247, 0.3237522986637791, 0.39587167218746167, 0.3682450272839289, 0.27988437001594896, 0.315, 0.3996721130679697, 0.2875892031188053, 0.35964903057576647, 0.30342004322514066, 0.3630914407230197, 0.27949731427992297, 0.4290153511284225, 0.3214886964886965]
 mean: 0.3553846875120397, std: 0.06125170127850026
Accuracy Intime: [0.39285714285714285, 0.5357142857142857, 0.39285714285714285, 0.38461538461538464, 0.3076923076923077, 0.5714285714285714, 0.5, 0.4642857142857143, 0.46153846153846156, 0.46153846153846156, 0.5714285714285714, 0.4642857142857143, 0.39285714285714285, 0.38461538461538464, 0.4230769230769231]
 mean: 0.44725274725274733, std: 0.07267301414324086
F1 (Intime): [0.40957507404875826, 0.5652432126696834, 0.3724089635854342, 0.34090909090909094, 0.28846153846153844, 0.559018759018759, 0.4791666666666667, 0.42708333333333326, 0.4, 0.4408793820558526, 0.5718557758031442, 0.4833333333333333, 0.41084373143196673, 0.37505411255411253, 0.40217560217560216]
 mean: 0.4350672384031517, std: 0.08034408889219963
--------------------------------------------------
Subject Number: 21
Accuracy Cross: [0.29411764705882354, 0.2647058823529412, 0.3088235294117647, 0.4411764705882353, 0.29411764705882354, 0.3382352941176471, 0.2647058823529412, 0.3235294117647059, 0.4264705882352941, 0.23529411764705882, 0.3382352941176471, 0.2647058823529412, 0.29411764705882354, 0.35294117647058826, 0.38235294117647056]
 mean: 0.3215686274509803, std: 0.057801580286210484
F1 Score: [0.24677033492822967, 0.248846897783068, 0.26842582315945246, 0.4328784641284641, 0.23681159420289855, 0.30925352597179223, 0.24370924080226405, 0.30937783147085474, 0.41752620626365244, 0.19855200945626475, 0.32007987184404685, 0.22998891352549888, 0.2647638146167558, 0.3346428571428572, 0.36003344481605354]
 mean: 0.29477738867414355, std: 0.06657532117597417
Accuracy Intime: [0.32142857142857145, 0.5714285714285714, 0.42857142857142855, 0.38461538461538464, 0.34615384615384615, 0.4642857142857143, 0.35714285714285715, 0.25, 0.46153846153846156, 0.34615384615384615, 0.35714285714285715, 0.4642857142857143, 0.39285714285714285, 0.4230769230769231, 0.3076923076923077]
 mean: 0.3917582417582418, std: 0.07690868520525365
F1 (Intime): [0.2662337662337662, 0.4862745098039216, 0.4245476745476745, 0.3018181818181818, 0.28125, 0.46571356275303644, 0.3393290919606709, 0.25106837606837606, 0.4145021645021645, 0.32884615384615384, 0.3560876623376623, 0.44107142857142856, 0.3788650075414781, 0.3222222222222222, 0.30833333333333335]
 mean: 0.35774420903600473, std: 0.07158411611327313
--------------------------------------------------
Subject Number: 22
Accuracy Cross: [0.23529411764705882, 0.2647058823529412, 0.29411764705882354, 0.3235294117647059, 0.23529411764705882, 0.2608695652173913, 0.36231884057971014, 0.3188405797101449, 0.30434782608695654, 0.3333333333333333, 0.29411764705882354, 0.35294117647058826, 0.3235294117647059, 0.25, 0.29411764705882354]
 mean: 0.296490480250071, std: 0.03902843239147211
F1 Score: [0.23289832356548998, 0.25924466338259444, 0.29965231706717776, 0.3356967106967107, 0.21798161270777905, 0.24835164835164836, 0.32499999999999996, 0.3103805916305916, 0.2926383399209486, 0.29253968253968254, 0.31745084082805597, 0.3160130718954249, 0.3084851551956815, 0.25792120387174833, 0.3046431046431046]
 mean: 0.28792648441977586, std: 0.03455794035588549
Accuracy Intime: [0.39285714285714285, 0.17857142857142858, 0.25, 0.46153846153846156, 0.3076923076923077, 0.32142857142857145, 0.6428571428571429, 0.32142857142857145, 0.2692307692307692, 0.19230769230769232, 0.5, 0.25, 0.35714285714285715, 0.38461538461538464, 0.11538461538461539]
 mean: 0.3296703296703296, std: 0.1308530835905935
F1 (Intime): [0.37814962814962816, 0.14855072463768115, 0.24166666666666667, 0.3744588744588744, 0.2536075036075036, 0.31906565656565655, 0.654598033545402, 0.29375, 0.2375, 0.2034722222222222, 0.5182152406417113, 0.21929824561403508, 0.29433878814683767, 0.34305555555555556, 0.10989010989010989]
 mean: 0.3059744833134589, std: 0.1344451437223215
--------------------------------------------------
Subject Number: 23
Accuracy Cross: [0.391304347826087, 0.34782608695652173, 0.34782608695652173, 0.2753623188405797, 0.391304347826087, 0.36764705882352944, 0.4852941176470588, 0.39705882352941174, 0.4411764705882353, 0.47058823529411764, 0.2608695652173913, 0.3188405797101449, 0.34782608695652173, 0.37681159420289856, 0.3333333333333333]
 mean: 0.3702046035805626, std: 0.061357191211060924
F1 Score: [0.39776097554766365, 0.3308939737511166, 0.3332320835310869, 0.24503694581280788, 0.39112921961759173, 0.3766087417602755, 0.5004119061124166, 0.395462191299029, 0.4519468460017241, 0.45268454371715244, 0.26283964484381683, 0.3166905558209906, 0.3066448100228324, 0.378874269005848, 0.35457062502183556]
 mean: 0.3663191554577459, std: 0.06802844134782624
Accuracy Intime: [0.5357142857142857, 0.5, 0.32142857142857145, 0.2692307692307692, 0.4230769230769231, 0.5, 0.6428571428571429, 0.42857142857142855, 0.32142857142857145, 0.38461538461538464, 0.39285714285714285, 0.5714285714285714, 0.39285714285714285, 0.5769230769230769, 0.38461538461538464]
 mean: 0.44304029304029313, std: 0.10381788608164376
F1 (Intime): [0.5097787081339713, 0.4814022578728461, 0.30234113712374583, 0.23214285714285712, 0.3276143790849673, 0.5181547619047618, 0.6524612642259702, 0.4552631578947368, 0.3130952380952381, 0.3704545454545455, 0.415018315018315, 0.5621155160628845, 0.40088383838383834, 0.5857456140350877, 0.3375]
 mean: 0.43093143936225103, std: 0.11586527110758243
--------------------------------------------------
Subject Number: 24
Accuracy Cross: [0.3088235294117647, 0.3088235294117647, 0.23529411764705882, 0.29411764705882354, 0.27941176470588236, 0.22058823529411764, 0.2647058823529412, 0.25, 0.23529411764705882, 0.23529411764705882, 0.23529411764705882, 0.23529411764705882, 0.11764705882352941, 0.23529411764705882, 0.23529411764705882]
 mean: 0.24607843137254903, std: 0.044432428210292786
F1 Score: [0.30263850677424375, 0.2480808198893305, 0.23182009043927648, 0.28833369659982566, 0.28501863143631434, 0.20540771281026154, 0.2535527392367265, 0.2415752764649199, 0.23542144130379425, 0.23648005212510023, 0.2378056628056628, 0.21643187079644077, 0.1191648629148629, 0.24101226802839706, 0.2343300110741971]
 mean: 0.23847157617995687, std: 0.040820165573733774
Accuracy Intime: [0.21428571428571427, 0.39285714285714285, 0.17857142857142858, 0.3076923076923077, 0.34615384615384615, 0.25, 0.21428571428571427, 0.2857142857142857, 0.38461538461538464, 0.34615384615384615, 0.2857142857142857, 0.42857142857142855, 0.2857142857142857, 0.3076923076923077, 0.34615384615384615]
 mean: 0.3049450549450549, std: 0.06880209161537815
F1 (Intime): [0.19917582417582416, 0.31785714285714284, 0.17878787878787877, 0.3068452380952381, 0.325036075036075, 0.18561872909698995, 0.20557074504442924, 0.2808704453441295, 0.34269005847953216, 0.34581105169340465, 0.24503968253968253, 0.3746345029239766, 0.24805194805194802, 0.2916666666666667, 0.34561403508771926]
 mean: 0.2795513349253758, std: 0.06287810275936874
--------------------------------------------------
Subject Number: 25
Accuracy Cross: [0.37681159420289856, 0.34782608695652173, 0.3188405797101449, 0.36231884057971014, 0.3333333333333333, 0.23529411764705882, 0.35294117647058826, 0.39705882352941174, 0.38235294117647056, 0.4117647058823529, 0.3088235294117647, 0.3235294117647059, 0.3382352941176471, 0.27941176470588236, 0.38235294117647056]
 mean: 0.34339300937766404, std: 0.044926215110909225
F1 Score: [0.3576094610454094, 0.3370367377720319, 0.29734372381431207, 0.33061742601549904, 0.30456606885178317, 0.19250645994832044, 0.33637726591249834, 0.32460960092539043, 0.3625707625707626, 0.3876145995502508, 0.2888379736205823, 0.27134552538964307, 0.305549687787814, 0.2341550402212167, 0.3580588826465888]
 mean: 0.31258661440480684, std: 0.049690802241986805
Accuracy Intime: [0.5, 0.39285714285714285, 0.21428571428571427, 0.5, 0.38461538461538464, 0.5, 0.35714285714285715, 0.32142857142857145, 0.38461538461538464, 0.46153846153846156, 0.39285714285714285, 0.32142857142857145, 0.32142857142857145, 0.38461538461538464, 0.3076923076923077]
 mean: 0.382967032967033, std: 0.07899995847337919
F1 (Intime): [0.4608516483516483, 0.3754023754023754, 0.19545454545454544, 0.4585561497326203, 0.36408730158730157, 0.46397058823529413, 0.2765469824293354, 0.28104575163398693, 0.31461675579322634, 0.4463438735177866, 0.38554720133667497, 0.3346638655462185, 0.30396825396825394, 0.3275, 0.29276315789473684]
 mean: 0.3520878967256003, std: 0.07737727466303704
--------------------------------------------------
Subject Number: 26
Accuracy Cross: [0.43478260869565216, 0.37681159420289856, 0.391304347826087, 0.43478260869565216, 0.2463768115942029, 0.45588235294117646, 0.39705882352941174, 0.4411764705882353, 0.39705882352941174, 0.35294117647058826, 0.39705882352941174, 0.4117647058823529, 0.45588235294117646, 0.45588235294117646, 0.45588235294117646]
 mean: 0.4069764137539075, std: 0.05320949100370756
F1 Score: [0.43871293800539085, 0.37928501136787807, 0.4033266525673815, 0.43679271708683476, 0.23033715700289392, 0.4776424761790615, 0.39542005613434184, 0.41666666666666663, 0.40555555555555556, 0.3764041514041514, 0.39971385683459987, 0.41241726697626796, 0.47848045674132633, 0.4827834471729821, 0.4579453812316716]
 mean: 0.41276558606180025, std: 0.05948254943591204
Accuracy Intime: [0.4642857142857143, 0.5, 0.39285714285714285, 0.23076923076923078, 0.3076923076923077, 0.4642857142857143, 0.32142857142857145, 0.42857142857142855, 0.46153846153846156, 0.3076923076923077, 0.4642857142857143, 0.21428571428571427, 0.35714285714285715, 0.46153846153846156, 0.2692307692307692]
 mean: 0.3763736263736264, std: 0.09228479569508467
F1 (Intime): [0.4599116161616162, 0.5290278349101879, 0.34922600619195043, 0.20682503770739066, 0.28431372549019607, 0.4642156862745098, 0.3361589068825911, 0.452104757987111, 0.4305555555555555, 0.2623144399460189, 0.4336622807017544, 0.15476190476190477, 0.35721153846153847, 0.45833333333333337, 0.2780885780885781]
 mean: 0.36378074683028244, std: 0.10520267623810489
--------------------------------------------------
Subject Number: 27
Accuracy Cross: [0.4927536231884058, 0.3188405797101449, 0.42028985507246375, 0.36231884057971014, 0.2898550724637681, 0.30434782608695654, 0.3333333333333333, 0.34782608695652173, 0.36231884057971014, 0.36231884057971014, 0.35294117647058826, 0.3382352941176471, 0.36764705882352944, 0.36764705882352944, 0.39705882352941174]
 mean: 0.36118215402102866, std: 0.04749616766050895
F1 Score: [0.4362145390070922, 0.32008212019410226, 0.413961038961039, 0.34494147157190636, 0.2704014998314796, 0.2644544997486174, 0.26602018186894016, 0.2992424242424242, 0.2964510299069123, 0.3479232944503358, 0.31043491392328604, 0.3125, 0.3569776714513557, 0.36914772727272727, 0.36769323671497584]
 mean: 0.33176304327634626, std: 0.04987354057462801
Accuracy Intime: [0.25, 0.35714285714285715, 0.25, 0.34615384615384615, 0.46153846153846156, 0.5714285714285714, 0.4642857142857143, 0.32142857142857145, 0.38461538461538464, 0.38461538461538464, 0.4642857142857143, 0.39285714285714285, 0.5357142857142857, 0.4642857142857143, 0.38461538461538464]
 mean: 0.40219780219780227, std: 0.08966206957574313
F1 (Intime): [0.2417494270435447, 0.36067441330599226, 0.23898547273160275, 0.3075091575091575, 0.39425837320574164, 0.5208333333333333, 0.4120670995670995, 0.3057109557109557, 0.4155545112781955, 0.37164502164502167, 0.49444444444444446, 0.33660130718954245, 0.5351540616246498, 0.42208462332301344, 0.3764957264957265]
 mean: 0.3822511952272014, std: 0.08691232162729151
--------------------------------------------------
Subject Number: 28
Accuracy Cross: [0.3235294117647059, 0.2647058823529412, 0.29411764705882354, 0.3235294117647059, 0.16176470588235295, 0.20588235294117646, 0.27941176470588236, 0.27941176470588236, 0.2647058823529412, 0.25, 0.22058823529411764, 0.36764705882352944, 0.3088235294117647, 0.35294117647058826, 0.3382352941176471]
 mean: 0.28235294117647064, std: 0.055076752569365256
F1 Score: [0.3183441558441559, 0.25612097986047566, 0.29216959511077156, 0.3232668257066435, 0.1412878787878788, 0.18867941913607547, 0.22225259704756697, 0.21588110931476184, 0.2399659863945578, 0.20429445415541078, 0.1975, 0.28803854875283447, 0.28547156190377976, 0.3205496453900709, 0.30362811791383215]
 mean: 0.253163391687921, std: 0.054602479539387634
Accuracy Intime: [0.2857142857142857, 0.4642857142857143, 0.39285714285714285, 0.5384615384615384, 0.4230769230769231, 0.39285714285714285, 0.32142857142857145, 0.25, 0.4230769230769231, 0.3076923076923077, 0.32142857142857145, 0.2857142857142857, 0.2857142857142857, 0.34615384615384615, 0.3076923076923077]
 mean: 0.3564102564102563, std: 0.07743463252836959
F1 (Intime): [0.2664557664557664, 0.46743697478991597, 0.3974358974358974, 0.48960190136660725, 0.4015873015873016, 0.33829483210288164, 0.3179971988795518, 0.2603613777526821, 0.34404761904761905, 0.2750484809308339, 0.29567099567099564, 0.24735449735449735, 0.2812324929971989, 0.3429971988795518, 0.2700404858299595]
 mean: 0.3330375347387507, std: 0.07319563532669376
--------------------------------------------------
Subject Number: 29
Accuracy Cross: [0.39705882352941174, 0.4852941176470588, 0.5147058823529411, 0.47058823529411764, 0.4411764705882353, 0.47058823529411764, 0.4411764705882353, 0.4117647058823529, 0.4411764705882353, 0.5294117647058824, 0.5217391304347826, 0.4057971014492754, 0.42028985507246375, 0.5072463768115942, 0.463768115942029]
 mean: 0.46145211707871553, std: 0.042085081097560664
F1 Score: [0.4318181818181818, 0.49266294050776815, 0.5294859241126071, 0.4800925925925926, 0.47638022638022637, 0.5048102981029811, 0.4509775733179988, 0.40881426460294, 0.45731182795698927, 0.5589856050382367, 0.5379533604125255, 0.4226677577741408, 0.4329558453443148, 0.5280874600293838, 0.4756410256410256]
 mean: 0.4792429922421276, std: 0.04427496262607826
Accuracy Intime: [0.39285714285714285, 0.4642857142857143, 0.5714285714285714, 0.5384615384615384, 0.46153846153846156, 0.39285714285714285, 0.5357142857142857, 0.39285714285714285, 0.4230769230769231, 0.38461538461538464, 0.42857142857142855, 0.5, 0.6071428571428571, 0.5384615384615384, 0.46153846153846156]
 mean: 0.47289377289377293, std: 0.06966595780954642
F1 (Intime): [0.3958333333333333, 0.46726190476190477, 0.5852941176470589, 0.5835561497326203, 0.46875, 0.4237012987012987, 0.5410256410256411, 0.39285714285714285, 0.4604166666666667, 0.38803418803418804, 0.4043831168831169, 0.5043706293706294, 0.5848040848040847, 0.5510683760683761, 0.45202020202020204]
 mean: 0.4802251234604177, std: 0.07101216052965931
--------------------------------------------------
**************************************************
accuracy_cross_list: [0.3609832338732595, 0.241744813867576, 0.26418016481955103, 0.38067632850241545, 0.41960784313725497, 0.3224637681159421, 0.4049019607843138, 0.2735294117647059, 0.35294117647058815, 0.26142369991474845, 0.3188405797101449, 0.3552287581699346, 0.2654873543620347, 0.2950980392156863, 0.3970588235294118, 0.32745098039215687, 0.36118215402102866, 0.3197357203751065, 0.3156862745098039, 0.3571611253196931, 0.3215686274509803, 0.296490480250071, 0.3702046035805626, 0.24607843137254903, 0.34339300937766404, 0.4069764137539075, 0.36118215402102866, 0.28235294117647064, 0.46145211707871553]
f1_score_list: [0.3599982277133233, 0.23458321781246247, 0.252483931353576, 0.37142801974230205, 0.41214187752656617, 0.31172613212431716, 0.3839378206662659, 0.27017839434140256, 0.3623312482189765, 0.2535453777212652, 0.29879549131674993, 0.34294907310324635, 0.26439317820730407, 0.27281230747972257, 0.40740966229844766, 0.30008187615312565, 0.33176304327634626, 0.32411747389296, 0.2947657628740601, 0.3553846875120397, 0.29477738867414355, 0.28792648441977586, 0.3663191554577459, 0.23847157617995687, 0.31258661440480684, 0.41276558606180025, 0.33176304327634626, 0.253163391687921, 0.4792429922421276]
accuracy_intime_list: [0.3901098901098901, 0.3333333333333334, 0.34926739926739925, 0.4203296703296703, 0.5335164835164836, 0.3565934065934066, 0.42087912087912094, 0.31025641025641026, 0.40604395604395604, 0.3578754578754579, 0.3847985347985349, 0.39285714285714285, 0.3234432234432234, 0.378937728937729, 0.46483516483516485, 0.4388278388278389, 0.40219780219780227, 0.3342490842490843, 0.40201465201465203, 0.44725274725274733, 0.3917582417582418, 0.3296703296703296, 0.44304029304029313, 0.3049450549450549, 0.382967032967033, 0.3763736263736264, 0.40219780219780227, 0.3564102564102563, 0.47289377289377293]
f1_score_intime_list: [0.3845191800242952, 0.3123433777265046, 0.3213331777728063, 0.41524125656478594, 0.5013014490955667, 0.3273359270588373, 0.38642735589717014, 0.29287727909631933, 0.39088798069835223, 0.3305172682494664, 0.3596381488022355, 0.38087414491826255, 0.30221300919308725, 0.3460218959174067, 0.4453240525957244, 0.4097031437077204, 0.3822511952272014, 0.32233669667106196, 0.3890946254181548, 0.4350672384031517, 0.35774420903600473, 0.3059744833134589, 0.43093143936225103, 0.2795513349253758, 0.3520878967256003, 0.36378074683028244, 0.3822511952272014, 0.3330375347387507, 0.4802251234604177]
**************************************************
ACC: 33.40±5.46
F1: 32.35±5.95
Intime: 38.99±5.17
F1 (Intime): 36.97±5.42
