1e-05
Subject Number: 1
Accuracy Cross: [0.38235294117647056, 0.4411764705882353, 0.4117647058823529, 0.4117647058823529, 0.4411764705882353, 0.36231884057971014, 0.3188405797101449, 0.43478260869565216, 0.4057971014492754, 0.34782608695652173, 0.45588235294117646, 0.5588235294117647, 0.5441176470588235, 0.4852941176470588, 0.5]
 mean: 0.433461210571185, std: 0.06610570215304198
F1 Score: [0.42157738095238095, 0.47897842522588974, 0.44528985507246377, 0.4447045707915273, 0.4715262997871693, 0.3583395004625347, 0.32172949002217294, 0.42965250329380766, 0.4072793148880105, 0.3582961903960979, 0.437016317016317, 0.5730513674614306, 0.5601398601398602, 0.4786701509872242, 0.48518189053794647]
 mean: 0.44476220780232223, std: 0.06671035402032217
Accuracy Intime: [0.5714285714285714, 0.5, 0.32142857142857145, 0.4230769230769231, 0.5769230769230769, 0.5, 0.5714285714285714, 0.5, 0.5769230769230769, 0.5769230769230769, 0.5, 0.5357142857142857, 0.25, 0.38461538461538464, 0.46153846153846156]
 mean: 0.48333333333333334, std: 0.09666513288449192
F1 (Intime): [0.5830940988835726, 0.49140800719748085, 0.33966165413533833, 0.3993055555555555, 0.586038961038961, 0.4982456140350877, 0.5899159663865546, 0.5011459129106188, 0.6208646616541353, 0.6022727272727273, 0.48831168831168836, 0.5494123931623932, 0.25757575757575757, 0.36388888888888893, 0.4922348484848485]
 mean: 0.4908917823662406, std: 0.10394742650759531
--------------------------------------------------
Subject Number: 2
Accuracy Cross: [0.2753623188405797, 0.2753623188405797, 0.2898550724637681, 0.21739130434782608, 0.2753623188405797, 0.27941176470588236, 0.2647058823529412, 0.35294117647058826, 0.35294117647058826, 0.29411764705882354, 0.37681159420289856, 0.36231884057971014, 0.391304347826087, 0.36231884057971014, 0.36231884057971014]
 mean: 0.31550156294401815, std: 0.05055742117371691
F1 Score: [0.29594824298377126, 0.3020885335463341, 0.30735930735930733, 0.2401039501039501, 0.2971138211382114, 0.29845677968331286, 0.2740069615069615, 0.37637085137085136, 0.3792326254826255, 0.3331280328480776, 0.3639039855072464, 0.35542732665925103, 0.3764988866264185, 0.3360615079365079, 0.38030545843045843]
 mean: 0.327733751412219, std: 0.04225050611919737
Accuracy Intime: [0.5, 0.4642857142857143, 0.4642857142857143, 0.5, 0.2692307692307692, 0.5357142857142857, 0.42857142857142855, 0.2857142857142857, 0.4642857142857143, 0.34615384615384615, 0.5714285714285714, 0.39285714285714285, 0.5, 0.4230769230769231, 0.23076923076923078]
 mean: 0.42509157509157514, std: 0.09793210014621297
F1 (Intime): [0.4666666666666667, 0.4409223817118554, 0.45208333333333334, 0.4063852813852814, 0.29895510835913314, 0.5239400584795322, 0.41258169934640526, 0.2533738191632928, 0.45996401259559155, 0.3346999405822936, 0.563888888888889, 0.3864809081527347, 0.48928167420814483, 0.44574175824175827, 0.2]
 mean: 0.4089977020743275, std: 0.09655828497373425
--------------------------------------------------
Subject Number: 3
Accuracy Cross: [0.3235294117647059, 0.27941176470588236, 0.25, 0.29411764705882354, 0.3235294117647059, 0.391304347826087, 0.2753623188405797, 0.2898550724637681, 0.391304347826087, 0.3188405797101449, 0.2753623188405797, 0.30434782608695654, 0.30434782608695654, 0.30434782608695654, 0.30434782608695654]
 mean: 0.30866723500994603, std: 0.03773542049485445
F1 Score: [0.3319444444444445, 0.2765873015873016, 0.25923330610830614, 0.29313533313533313, 0.3274833699979049, 0.3672459761034857, 0.25925156884459205, 0.2863636363636364, 0.3789340682651546, 0.3104437229437229, 0.25844155844155847, 0.2911688767053423, 0.28070051049347705, 0.2798085971742381, 0.28177863010561865]
 mean: 0.2988347267142744, std: 0.03618282803129481
Accuracy Intime: [0.42857142857142855, 0.35714285714285715, 0.42857142857142855, 0.5357142857142857, 0.3076923076923077, 0.35714285714285715, 0.39285714285714285, 0.39285714285714285, 0.3076923076923077, 0.5, 0.4642857142857143, 0.42857142857142855, 0.17857142857142858, 0.5384615384615384, 0.5]
 mean: 0.4078754578754579, std: 0.09419440806093081
F1 (Intime): [0.42207792207792205, 0.3398109243697479, 0.3899122807017544, 0.5163770053475936, 0.2929971988795518, 0.31473102061337355, 0.3901785714285714, 0.33055555555555555, 0.2653186274509804, 0.4984551396316102, 0.47619047619047616, 0.35946483856700573, 0.17466743782533256, 0.4971804511278195, 0.5055944055944056]
 mean: 0.38490079035744673, std: 0.09819188130680716
--------------------------------------------------
Subject Number: 4
Accuracy Cross: [0.463768115942029, 0.5072463768115942, 0.4927536231884058, 0.5942028985507246, 0.5072463768115942, 0.5072463768115942, 0.5652173913043478, 0.5797101449275363, 0.5217391304347826, 0.4927536231884058, 0.4057971014492754, 0.43478260869565216, 0.42028985507246375, 0.42028985507246375, 0.5072463768115942]
 mean: 0.4946859903381643, std: 0.055971974330281116
F1 Score: [0.48875291375291374, 0.5361624379481522, 0.5142857142857142, 0.6058331203680041, 0.5198477992595639, 0.5249999999999999, 0.5892857142857143, 0.6000148822630759, 0.523262578734535, 0.5212606837606838, 0.3907828282828283, 0.44997526283240563, 0.4379204860819107, 0.424929158891423, 0.5039027361319341]
 mean: 0.5087477544585906, std: 0.06088990616034337
Accuracy Intime: [0.5357142857142857, 0.6071428571428571, 0.5, 0.39285714285714285, 0.5, 0.5714285714285714, 0.5714285714285714, 0.5, 0.4642857142857143, 0.4230769230769231, 0.6785714285714286, 0.5, 0.75, 0.6071428571428571, 0.5]
 mean: 0.5401098901098902, std: 0.09068875091835184
F1 (Intime): [0.5509803921568627, 0.6350871350871351, 0.48888888888888893, 0.3036758563074352, 0.50625, 0.593939393939394, 0.5802968960863698, 0.5251765778081567, 0.44749694749694746, 0.4392628205128205, 0.6998917748917749, 0.4933226495726495, 0.7461982461982462, 0.6174603174603175, 0.5166666666666666]
 mean: 0.5429729708715778, std: 0.10611135837358543
--------------------------------------------------
Subject Number: 5
Accuracy Cross: [0.4411764705882353, 0.45588235294117646, 0.45588235294117646, 0.45588235294117646, 0.39705882352941174, 0.4411764705882353, 0.4852941176470588, 0.4264705882352941, 0.5, 0.45588235294117646, 0.4264705882352941, 0.38235294117647056, 0.36764705882352944, 0.38235294117647056, 0.39705882352941174]
 mean: 0.4313725490196079, std: 0.0378436452267035
F1 Score: [0.40986559139784945, 0.4098585322723254, 0.45029644268774704, 0.43875, 0.3821224414530703, 0.4140002154708037, 0.4877420033670034, 0.4423667730119343, 0.46990116801437554, 0.4376994680851064, 0.42795698924731185, 0.3718412384716733, 0.3759170946441673, 0.3966127401415571, 0.3789442654532169]
 mean: 0.41959166424787614, std: 0.03405316179312326
Accuracy Intime: [0.75, 0.8571428571428571, 0.5714285714285714, 0.6538461538461539, 0.5769230769230769, 0.5357142857142857, 0.6428571428571429, 0.5357142857142857, 0.5769230769230769, 0.5, 0.6071428571428571, 0.7142857142857143, 0.5, 0.6923076923076923, 0.6153846153846154]
 mean: 0.6219780219780219, std: 0.09596160793588854
F1 (Intime): [0.748085248085248, 0.8593406593406594, 0.5643939393939394, 0.549066742081448, 0.5, 0.5591346153846154, 0.6567460317460317, 0.5352118469765529, 0.4606811145510836, 0.4732905982905983, 0.6211538461538462, 0.7123709623709624, 0.49333133971291865, 0.6226574960127592, 0.575036075036075]
 mean: 0.5953667010091159, std: 0.10735265770278235
--------------------------------------------------
Subject Number: 6
Accuracy Cross: [0.5, 0.5, 0.4264705882352941, 0.39705882352941174, 0.47058823529411764, 0.42028985507246375, 0.42028985507246375, 0.43478260869565216, 0.42028985507246375, 0.36231884057971014, 0.3188405797101449, 0.36231884057971014, 0.391304347826087, 0.4492753623188406, 0.5072463768115942]
 mean: 0.4254049445865302, std: 0.05284429328696269
F1 Score: [0.514250700280112, 0.5080250783699061, 0.4159834368530021, 0.39666862565843886, 0.49354463140253174, 0.35779886148007595, 0.34139631610219845, 0.3661001388254411, 0.36774064171122994, 0.30134936766034326, 0.34545454545454546, 0.369172203765227, 0.42067099567099564, 0.4865448319796146, 0.5241089500316256]
 mean: 0.4139206216830192, std: 0.0708124668133306
Accuracy Intime: [0.6785714285714286, 0.5357142857142857, 0.5, 0.6071428571428571, 0.34615384615384615, 0.6428571428571429, 0.5714285714285714, 0.5357142857142857, 0.4230769230769231, 0.46153846153846156, 0.6071428571428571, 0.39285714285714285, 0.5357142857142857, 0.6923076923076923, 0.46153846153846156]
 mean: 0.5327838827838829, std: 0.09968889873643466
F1 (Intime): [0.6835357624831309, 0.4758771929824561, 0.5142857142857142, 0.5985576923076923, 0.29625374625374623, 0.6376262626262627, 0.5639553429027113, 0.5181372549019608, 0.32384615384615384, 0.37777777777777777, 0.606737998843262, 0.386096256684492, 0.5511904761904762, 0.6334429824561403, 0.3457653457653458]
 mean: 0.5008723973538216, std: 0.12209222616335177
--------------------------------------------------
Subject Number: 7
Accuracy Cross: [0.5882352941176471, 0.5735294117647058, 0.4117647058823529, 0.5882352941176471, 0.5147058823529411, 0.39705882352941174, 0.39705882352941174, 0.4411764705882353, 0.45588235294117646, 0.5, 0.5147058823529411, 0.5, 0.5441176470588235, 0.47058823529411764, 0.4264705882352941]
 mean: 0.48823529411764705, std: 0.06425870434578015
F1 Score: [0.5841269841269842, 0.5487817136423947, 0.3907423594923595, 0.583066933066933, 0.49184149184149184, 0.3719024219024219, 0.39230928954766164, 0.4477138428751332, 0.43314551273878066, 0.48255633255633257, 0.5237955346650999, 0.5029464285714286, 0.5399768240193772, 0.4760614772224679, 0.43473727422003283]
 mean: 0.48024696136592665, std: 0.0658419481930008
Accuracy Intime: [0.5, 0.6785714285714286, 0.42857142857142855, 0.34615384615384615, 0.4230769230769231, 0.4642857142857143, 0.5357142857142857, 0.6071428571428571, 0.5384615384615384, 0.5384615384615384, 0.6071428571428571, 0.6071428571428571, 0.6071428571428571, 0.5, 0.46153846153846156]
 mean: 0.5228937728937728, std: 0.08626354183657113
F1 (Intime): [0.4822733918128655, 0.6804029304029303, 0.3787878787878788, 0.2746031746031746, 0.3602941176470588, 0.4053921568627451, 0.5200191964897848, 0.6076815341521224, 0.4307440925087984, 0.4451995373048005, 0.6076815341521223, 0.6076923076923076, 0.5888257575757575, 0.4562324929971988, 0.4201982228298018]
 mean: 0.48440188838795645, std: 0.11025329937112159
--------------------------------------------------
Subject Number: 8
Accuracy Cross: [0.2647058823529412, 0.27941176470588236, 0.22058823529411764, 0.29411764705882354, 0.3235294117647059, 0.3382352941176471, 0.2647058823529412, 0.38235294117647056, 0.23529411764705882, 0.3088235294117647, 0.3088235294117647, 0.3235294117647059, 0.4411764705882353, 0.4411764705882353, 0.3088235294117647]
 mean: 0.3156862745098039, std: 0.06282164448470899
F1 Score: [0.270389153959939, 0.28425206560611666, 0.244340703579834, 0.2880311544907818, 0.32265512265512264, 0.35119047619047616, 0.26280418788907756, 0.39278093883357046, 0.2287988755430616, 0.31502310069455064, 0.29464285714285715, 0.3489626878810336, 0.4475267875055786, 0.4638254289570079, 0.30602240896358546]
 mean: 0.32141639665950617, std: 0.0668192392728407
Accuracy Intime: [0.32142857142857145, 0.39285714285714285, 0.25, 0.4230769230769231, 0.38461538461538464, 0.39285714285714285, 0.42857142857142855, 0.2857142857142857, 0.2692307692307692, 0.34615384615384615, 0.35714285714285715, 0.5, 0.42857142857142855, 0.4230769230769231, 0.46153846153846156]
 mean: 0.37765567765567776, std: 0.06971649672304948
F1 (Intime): [0.321675465057818, 0.4047008547008547, 0.2057533539731682, 0.39779411764705885, 0.3680555555555556, 0.325036075036075, 0.4308823529411765, 0.274975024975025, 0.21420454545454545, 0.34652777777777777, 0.33488612836438925, 0.5303571428571429, 0.39745196324143683, 0.3970588235294117, 0.44469696969696965]
 mean: 0.35960374338722706, std: 0.08297211870520448
--------------------------------------------------
Subject Number: 9
Accuracy Cross: [0.5882352941176471, 0.4411764705882353, 0.47058823529411764, 0.5294117647058824, 0.5735294117647058, 0.35294117647058826, 0.35294117647058826, 0.35294117647058826, 0.4264705882352941, 0.3235294117647059, 0.38235294117647056, 0.38235294117647056, 0.36764705882352944, 0.39705882352941174, 0.39705882352941174]
 mean: 0.42254901960784313, std: 0.08009269908039254
F1 Score: [0.6037477162477163, 0.46463815789473684, 0.501939553729835, 0.5556999306999307, 0.5886033017325923, 0.38284881541460486, 0.3838871371978333, 0.37111042692939245, 0.4418723439032363, 0.3640984015984016, 0.41117046249207945, 0.3883583959899749, 0.4008971704623878, 0.42728214767688455, 0.4163848631239936]
 mean: 0.44683592167290676, std: 0.07689690920697004
Accuracy Intime: [0.6071428571428571, 0.35714285714285715, 0.5714285714285714, 0.46153846153846156, 0.34615384615384615, 0.6785714285714286, 0.6071428571428571, 0.6071428571428571, 0.4230769230769231, 0.38461538461538464, 0.6071428571428571, 0.6428571428571429, 0.6785714285714286, 0.5, 0.4230769230769231]
 mean: 0.5263736263736265, std: 0.1141562030332971
F1 (Intime): [0.6105365223012282, 0.375, 0.5815826330532213, 0.488095238095238, 0.2757936507936508, 0.6854395604395604, 0.6132867132867132, 0.6102564102564103, 0.34791666666666665, 0.3825396825396825, 0.6020704785410669, 0.623282599753188, 0.6859461487944459, 0.5035353535353535, 0.38529411764705884]
 mean: 0.5180383850468989, std: 0.12902089029504274
--------------------------------------------------
Subject Number: 10
Accuracy Cross: [0.3235294117647059, 0.4117647058823529, 0.29411764705882354, 0.38235294117647056, 0.3235294117647059, 0.29411764705882354, 0.22058823529411764, 0.29411764705882354, 0.29411764705882354, 0.25, 0.2608695652173913, 0.2463768115942029, 0.2608695652173913, 0.3333333333333333, 0.2753623188405797]
 mean: 0.297669792554703, std: 0.04959822990516168
F1 Score: [0.30675747863247865, 0.36683188265635075, 0.3058267251391726, 0.39077281182544343, 0.32333351258748244, 0.26070638473015384, 0.20232250019484063, 0.2952009416407528, 0.2946866858631565, 0.24547441826853594, 0.26308098183863177, 0.25805860805860803, 0.25199332278408204, 0.327921491177116, 0.2702787142524994]
 mean: 0.29088309730995365, std: 0.04710441278201725
Accuracy Intime: [0.25, 0.42857142857142855, 0.2857142857142857, 0.3076923076923077, 0.3076923076923077, 0.5357142857142857, 0.2857142857142857, 0.32142857142857145, 0.3076923076923077, 0.34615384615384615, 0.32142857142857145, 0.39285714285714285, 0.35714285714285715, 0.4230769230769231, 0.34615384615384615]
 mean: 0.3478021978021978, std: 0.06981698434466166
F1 (Intime): [0.21666666666666667, 0.36645962732919257, 0.28566919191919193, 0.26139705882352937, 0.3221590909090909, 0.5360576923076923, 0.2795576563958917, 0.32394957983193284, 0.3091346153846154, 0.3404817404817405, 0.26524064171122996, 0.35382250599641907, 0.31060606060606055, 0.39560439560439553, 0.3415750915750916]
 mean: 0.32722544103618273, std: 0.07115837364984469
--------------------------------------------------
Subject Number: 11
Accuracy Cross: [0.3333333333333333, 0.36231884057971014, 0.3333333333333333, 0.2898550724637681, 0.30434782608695654, 0.463768115942029, 0.43478260869565216, 0.4492753623188406, 0.43478260869565216, 0.34782608695652173, 0.34782608695652173, 0.3188405797101449, 0.463768115942029, 0.34782608695652173, 0.36231884057971014]
 mean: 0.37294685990338156, std: 0.05759945337502949
F1 Score: [0.31228408859987805, 0.3463079319693566, 0.3404291310541311, 0.28698752228163993, 0.30090060339962665, 0.41352874055056343, 0.42429708672086724, 0.4382034632034632, 0.39864025516199425, 0.30889526542324247, 0.31522469628152583, 0.28742846749818124, 0.42760512282542185, 0.33779020207591637, 0.3321276619442217]
 mean: 0.3513766825993353, std: 0.05220949646095612
Accuracy Intime: [0.39285714285714285, 0.5714285714285714, 0.4642857142857143, 0.6071428571428571, 0.5384615384615384, 0.32142857142857145, 0.4642857142857143, 0.42857142857142855, 0.35714285714285715, 0.38461538461538464, 0.2857142857142857, 0.25, 0.42857142857142855, 0.5, 0.6538461538461539]
 mean: 0.44322344322344326, std: 0.11303052381706834
F1 (Intime): [0.32532894736842105, 0.5793650793650793, 0.45705128205128204, 0.625, 0.5371794871794872, 0.26838235294117646, 0.4371345029239766, 0.3974089635854342, 0.3023809523809524, 0.30490196078431375, 0.22014652014652014, 0.16919191919191917, 0.43258212375859434, 0.5, 0.6553342490842491]
 mean: 0.4140925560507604, std: 0.14297446846284567
--------------------------------------------------
Subject Number: 12
Accuracy Cross: [0.4117647058823529, 0.5735294117647058, 0.5588235294117647, 0.5441176470588235, 0.45588235294117646, 0.42028985507246375, 0.4492753623188406, 0.43478260869565216, 0.43478260869565216, 0.4492753623188406, 0.47058823529411764, 0.4117647058823529, 0.4117647058823529, 0.4411764705882353, 0.4852941176470588]
 mean: 0.4635407786302928, std: 0.05210541769676447
F1 Score: [0.3843045112781955, 0.5737007168458781, 0.5297979797979797, 0.5653708133971291, 0.45935672514619885, 0.4426063067367415, 0.4577404076419563, 0.4407131222640741, 0.43525794650785654, 0.4431493446181329, 0.4663414634146341, 0.408433014354067, 0.4204855428259684, 0.4493506493506494, 0.5078942377931851]
 mean: 0.4656335187981765, std: 0.05316675845235373
Accuracy Intime: [0.42857142857142855, 0.6428571428571429, 0.5714285714285714, 0.4230769230769231, 0.46153846153846156, 0.4642857142857143, 0.42857142857142855, 0.5357142857142857, 0.38461538461538464, 0.38461538461538464, 0.6428571428571429, 0.6428571428571429, 0.6785714285714286, 0.4230769230769231, 0.5]
 mean: 0.5075091575091576, std: 0.10002146584942284
F1 (Intime): [0.3576388888888889, 0.6362745098039215, 0.5205200501253132, 0.33495670995670995, 0.39383753501400565, 0.488034188034188, 0.4494019138755981, 0.5499999999999999, 0.39722222222222225, 0.3162393162393162, 0.6569368131868132, 0.6518507807981493, 0.6895833333333334, 0.32867132867132864, 0.4713064713064713]
 mean: 0.48283160409708387, std: 0.12561529966608365
--------------------------------------------------
Subject Number: 13
Accuracy Cross: [0.36764705882352944, 0.3382352941176471, 0.39705882352941174, 0.3382352941176471, 0.35294117647058826, 0.30434782608695654, 0.3188405797101449, 0.3333333333333333, 0.34782608695652173, 0.37681159420289856, 0.4117647058823529, 0.3235294117647059, 0.3088235294117647, 0.3382352941176471, 0.3382352941176471]
 mean: 0.3463910201761864, std: 0.029620187533879645
F1 Score: [0.38897849462365586, 0.33574597836217024, 0.4152020759163616, 0.36453005115089515, 0.37107853386923156, 0.29908026755852846, 0.3117132228385425, 0.32687515101308207, 0.35770620799690567, 0.3738095238095238, 0.4159798534798535, 0.3319157806962685, 0.32893328110719416, 0.34364461126080315, 0.3559180168615342]
 mean: 0.3547407367029701, std: 0.033378090458938386
Accuracy Intime: [0.4642857142857143, 0.39285714285714285, 0.42857142857142855, 0.4230769230769231, 0.23076923076923078, 0.39285714285714285, 0.39285714285714285, 0.4642857142857143, 0.3076923076923077, 0.34615384615384615, 0.5, 0.42857142857142855, 0.5714285714285714, 0.5, 0.38461538461538464]
 mean: 0.4152014652014652, std: 0.08033301924405996
F1 (Intime): [0.48968253968253966, 0.33303167420814483, 0.46074660633484166, 0.3475274725274725, 0.1945378151260504, 0.3874883286647992, 0.33571428571428574, 0.47857142857142854, 0.2720588235294118, 0.29166666666666663, 0.513630229419703, 0.36576735957540907, 0.5745614035087719, 0.53125, 0.32240896358543414]
 mean: 0.39324290647433063, std: 0.10547388412142872
--------------------------------------------------
Subject Number: 14
Accuracy Cross: [0.29411764705882354, 0.3382352941176471, 0.29411764705882354, 0.20588235294117646, 0.36764705882352944, 0.39705882352941174, 0.36764705882352944, 0.3382352941176471, 0.39705882352941174, 0.3088235294117647, 0.3235294117647059, 0.35294117647058826, 0.38235294117647056, 0.36764705882352944, 0.3088235294117647]
 mean: 0.3362745098039215, std: 0.04828866806284216
F1 Score: [0.3281385281385281, 0.3698554568454948, 0.31702342164298686, 0.23636363636363633, 0.3934222684222684, 0.3819058835345914, 0.3622875816993464, 0.32872736871369884, 0.397769233849974, 0.3004683936135549, 0.3208893280632411, 0.3076312576312576, 0.3818565171948631, 0.3637739318332808, 0.30806075290528107]
 mean: 0.33987823736346695, std: 0.04257100634481181
Accuracy Intime: [0.39285714285714285, 0.5357142857142857, 0.5357142857142857, 0.4230769230769231, 0.38461538461538464, 0.42857142857142855, 0.4642857142857143, 0.39285714285714285, 0.46153846153846156, 0.4230769230769231, 0.42857142857142855, 0.35714285714285715, 0.39285714285714285, 0.5769230769230769, 0.46153846153846156]
 mean: 0.443956043956044, std: 0.0609848858453788
F1 (Intime): [0.32219251336898397, 0.5287581699346406, 0.5248366013071895, 0.3631578947368421, 0.4139371657754011, 0.4192424242424242, 0.47, 0.30861244019138756, 0.43082137161084527, 0.36169258373205737, 0.4403846153846154, 0.3456709956709957, 0.3724089635854342, 0.6109203296703297, 0.46967418546365913]
 mean: 0.42548735031165363, std: 0.08195504095358565
--------------------------------------------------
Subject Number: 15
Accuracy Cross: [0.4117647058823529, 0.36764705882352944, 0.36764705882352944, 0.38235294117647056, 0.4411764705882353, 0.5588235294117647, 0.5147058823529411, 0.6029411764705882, 0.5588235294117647, 0.5147058823529411, 0.45588235294117646, 0.5147058823529411, 0.45588235294117646, 0.4411764705882353, 0.4264705882352941]
 mean: 0.46764705882352947, std: 0.0708736061644228
F1 Score: [0.42530345471521935, 0.38337679899546023, 0.3909085373279747, 0.42015561165177534, 0.46748537611603325, 0.5582109850402533, 0.5284626629735325, 0.606555944055944, 0.5686813186813187, 0.5208373871767982, 0.4494990303813834, 0.5226190476190476, 0.46466794075489726, 0.4438451333612624, 0.43275844525844526]
 mean: 0.4788911782739564, std: 0.06558421289768962
Accuracy Intime: [0.6071428571428571, 0.6071428571428571, 0.5714285714285714, 0.6923076923076923, 0.38461538461538464, 0.4642857142857143, 0.32142857142857145, 0.5714285714285714, 0.5384615384615384, 0.5384615384615384, 0.5714285714285714, 0.5, 0.6071428571428571, 0.5769230769230769, 0.6538461538461539]
 mean: 0.547069597069597, std: 0.09399120364065398
F1 (Intime): [0.6036713286713287, 0.6067266067266066, 0.5714646464646465, 0.7142156862745097, 0.363095238095238, 0.45202020202020204, 0.2909090909090909, 0.5756944444444445, 0.5833333333333334, 0.5284945317840055, 0.5637254901960784, 0.5245973389355743, 0.6186868686868687, 0.5633116883116882, 0.6707767722473605]
 mean: 0.5487148844733983, std: 0.10573942815186561
--------------------------------------------------
Subject Number: 16
Accuracy Cross: [0.47058823529411764, 0.4852941176470588, 0.5441176470588235, 0.5, 0.5294117647058824, 0.35294117647058826, 0.3235294117647059, 0.4411764705882353, 0.4264705882352941, 0.38235294117647056, 0.45588235294117646, 0.5294117647058824, 0.47058823529411764, 0.4852941176470588, 0.4852941176470588]
 mean: 0.4588235294117647, std: 0.0622066356047659
F1 Score: [0.3752173913043478, 0.4653673971639517, 0.5106709518994655, 0.47000467789361133, 0.48588566827697266, 0.3227875572703159, 0.29790062878298174, 0.43204822251481234, 0.39180107526881724, 0.37856616283888417, 0.40070658894188305, 0.4824392061234167, 0.4354360144391958, 0.4580638069181161, 0.4141782831988261]
 mean: 0.4214049088557065, std: 0.058937373938335355
Accuracy Intime: [0.5, 0.4642857142857143, 0.75, 0.6538461538461539, 0.5384615384615384, 0.5, 0.39285714285714285, 0.5714285714285714, 0.5384615384615384, 0.46153846153846156, 0.5357142857142857, 0.4642857142857143, 0.7142857142857143, 0.6153846153846154, 0.5]
 mean: 0.5467032967032968, std: 0.09575269538803168
F1 (Intime): [0.4784722222222222, 0.4632352941176471, 0.7512820512820513, 0.6047619047619047, 0.5391414141414141, 0.4820261437908497, 0.3746204453441295, 0.526336898395722, 0.473015873015873, 0.4700854700854701, 0.5145833333333333, 0.475328947368421, 0.71722150398621, 0.6175716440422323, 0.4722222222222222]
 mean: 0.5306603578739802, std: 0.09809008147283226
--------------------------------------------------
Subject Number: 17
Accuracy Cross: [0.5072463768115942, 0.37681159420289856, 0.42028985507246375, 0.4492753623188406, 0.4492753623188406, 0.3333333333333333, 0.3188405797101449, 0.42028985507246375, 0.42028985507246375, 0.391304347826087, 0.4264705882352941, 0.4264705882352941, 0.39705882352941174, 0.4264705882352941, 0.38235294117647056]
 mean: 0.40971867007672647, std: 0.044902050616344634
F1 Score: [0.48109243697478987, 0.3387558311525771, 0.4078927435237085, 0.4531385281385281, 0.44632034632034634, 0.2829380764163373, 0.2704365079365079, 0.36648399551625355, 0.37900377542321273, 0.34177489177489173, 0.4094367099995502, 0.42266797529955424, 0.39672190952678754, 0.43585526315789475, 0.378127450467876]
 mean: 0.387376429441921, std: 0.05818948877581143
Accuracy Intime: [0.32142857142857145, 0.39285714285714285, 0.39285714285714285, 0.46153846153846156, 0.38461538461538464, 0.5714285714285714, 0.5714285714285714, 0.5, 0.46153846153846156, 0.5384615384615384, 0.42857142857142855, 0.6428571428571429, 0.4642857142857143, 0.5357142857142857, 0.38461538461538464]
 mean: 0.4701465201465202, std: 0.0859491631779793
F1 (Intime): [0.32360368389780153, 0.35714285714285715, 0.35570950788342093, 0.3585561497326203, 0.30939648586707413, 0.5382988721804511, 0.5839598997493733, 0.473015873015873, 0.4214285714285714, 0.519828984225269, 0.4552631578947368, 0.6550420168067228, 0.4616421568627451, 0.5494652406417113, 0.35]
 mean: 0.4474902304886152, std: 0.1018459324498154
--------------------------------------------------
Subject Number: 18
Accuracy Cross: [0.4057971014492754, 0.34782608695652173, 0.36231884057971014, 0.43478260869565216, 0.463768115942029, 0.3235294117647059, 0.35294117647058826, 0.35294117647058826, 0.3382352941176471, 0.3235294117647059, 0.39705882352941174, 0.3088235294117647, 0.35294117647058826, 0.38235294117647056, 0.4117647058823529]
 mean: 0.37057402671213413, std: 0.04273100577525182
F1 Score: [0.41811444405348347, 0.37005839682572694, 0.36369283824640963, 0.43678325346303315, 0.47481543780955054, 0.3555154522896459, 0.37605815237394186, 0.37819491751819945, 0.36354166666666665, 0.36377788877788875, 0.4115571146058951, 0.3220238095238095, 0.3546928148828811, 0.4031178742612499, 0.4328553391053391]
 mean: 0.38831996002691477, std: 0.03870524415602322
Accuracy Intime: [0.39285714285714285, 0.39285714285714285, 0.5, 0.3076923076923077, 0.23076923076923078, 0.42857142857142855, 0.5, 0.6071428571428571, 0.23076923076923078, 0.23076923076923078, 0.4642857142857143, 0.35714285714285715, 0.5357142857142857, 0.4230769230769231, 0.38461538461538464]
 mean: 0.3990842490842491, std: 0.11057691359709952
F1 (Intime): [0.419315333789018, 0.40490196078431373, 0.5010989010989011, 0.3108076563958917, 0.22117180205415501, 0.42649572649572653, 0.49404761904761907, 0.6099213286713286, 0.23531746031746031, 0.22670454545454544, 0.47743983957219255, 0.3621031746031746, 0.5398351648351648, 0.4022727272727273, 0.39460539460539457]
 mean: 0.40173590899984096, std: 0.11204003193307303
--------------------------------------------------
Subject Number: 19
Accuracy Cross: [0.35294117647058826, 0.25, 0.27941176470588236, 0.3088235294117647, 0.3235294117647059, 0.38235294117647056, 0.4264705882352941, 0.5, 0.47058823529411764, 0.39705882352941174, 0.36764705882352944, 0.29411764705882354, 0.35294117647058826, 0.36764705882352944, 0.36764705882352944]
 mean: 0.36274509803921556, std: 0.06591269142733965
F1 Score: [0.33114954577218725, 0.2713390313390313, 0.2533700980392157, 0.29822736787022497, 0.2978551846476375, 0.3699997593145278, 0.38151315789473683, 0.5182836316908898, 0.4743335611756664, 0.3862794612794613, 0.35597560975609754, 0.2872079772079772, 0.33046723391550975, 0.38549659560297855, 0.3788344988344988]
 mean: 0.35468884762270936, std: 0.07018495989823562
Accuracy Intime: [0.5, 0.5357142857142857, 0.4642857142857143, 0.5, 0.38461538461538464, 0.6071428571428571, 0.35714285714285715, 0.4642857142857143, 0.5, 0.4230769230769231, 0.4642857142857143, 0.42857142857142855, 0.5714285714285714, 0.5384615384615384, 0.5769230769230769]
 mean: 0.4877289377289377, std: 0.06907117678985318
F1 (Intime): [0.4708333333333333, 0.5431372549019607, 0.48083133971291864, 0.4748792270531401, 0.36250000000000004, 0.6205316742081448, 0.32380952380952377, 0.4523809523809524, 0.46230158730158727, 0.39761904761904765, 0.45845902463549526, 0.3459289248762933, 0.575, 0.5103174603174604, 0.5422932330827067]
 mean: 0.468054838882171, std: 0.08166359710548728
--------------------------------------------------
Subject Number: 20
Accuracy Cross: [0.47058823529411764, 0.5294117647058824, 0.5, 0.45588235294117646, 0.5294117647058824, 0.39705882352941174, 0.47058823529411764, 0.4852941176470588, 0.38235294117647056, 0.45588235294117646, 0.391304347826087, 0.43478260869565216, 0.34782608695652173, 0.4492753623188406, 0.43478260869565216]
 mean: 0.4489627735152032, std: 0.050981168316525376
F1 Score: [0.4902056277056277, 0.5492402870981874, 0.5192716141929036, 0.4658809370988447, 0.5453416149068323, 0.38802785265049416, 0.4892283364958887, 0.4954545454545455, 0.3825776397515528, 0.47170231729055256, 0.4070367132867133, 0.4322963857847578, 0.36562457150692446, 0.4625951990745204, 0.4595819074542479]
 mean: 0.46160436998350624, std: 0.05512241378788143
Accuracy Intime: [0.5, 0.5714285714285714, 0.5, 0.34615384615384615, 0.46153846153846156, 0.75, 0.6785714285714286, 0.6785714285714286, 0.5769230769230769, 0.5, 0.6071428571428571, 0.5357142857142857, 0.42857142857142855, 0.38461538461538464, 0.46153846153846156]
 mean: 0.532051282051282, std: 0.10944813439136944
F1 (Intime): [0.515644881434355, 0.5789488289488289, 0.4980392156862745, 0.29107142857142854, 0.47467948717948716, 0.7535714285714287, 0.6791666666666667, 0.6910714285714286, 0.5899122807017544, 0.4732997265892002, 0.6137254901960785, 0.546218487394958, 0.44488844488844487, 0.3477124183006536, 0.4729102167182663]
 mean: 0.5313906953612836, std: 0.12103168322230354
--------------------------------------------------
Subject Number: 21
Accuracy Cross: [0.47058823529411764, 0.35294117647058826, 0.4117647058823529, 0.4117647058823529, 0.36764705882352944, 0.3235294117647059, 0.38235294117647056, 0.4264705882352941, 0.4411764705882353, 0.4264705882352941, 0.35294117647058826, 0.35294117647058826, 0.35294117647058826, 0.4411764705882353, 0.4411764705882353]
 mean: 0.39705882352941174, std: 0.042958631961189486
F1 Score: [0.44998315764444796, 0.322129483419806, 0.3878992628992629, 0.38166905558209907, 0.3506944444444445, 0.3017312188033108, 0.3703028678638435, 0.3941770186335404, 0.4252140974967062, 0.4139456581317047, 0.3405993622745541, 0.31540360046457605, 0.29851822434776243, 0.41843640662238224, 0.4112975528251523]
 mean: 0.3721334274302395, std: 0.04667713212014008
Accuracy Intime: [0.5714285714285714, 0.7142857142857143, 0.5357142857142857, 0.4230769230769231, 0.34615384615384615, 0.4642857142857143, 0.39285714285714285, 0.39285714285714285, 0.5384615384615384, 0.4230769230769231, 0.42857142857142855, 0.6428571428571429, 0.42857142857142855, 0.5, 0.5]
 mean: 0.4868131868131869, std: 0.0971310884091558
F1 (Intime): [0.5318181818181819, 0.7140163757810817, 0.44046052631578947, 0.3885281385281385, 0.2807486631016043, 0.43700396825396826, 0.3973699095022625, 0.31971153846153844, 0.5125541125541125, 0.3637254901960784, 0.3964646464646465, 0.6416666666666667, 0.4097234035314531, 0.4861111111111111, 0.49007936507936506]
 mean: 0.45399880649106644, std: 0.11077898202840358
--------------------------------------------------
Subject Number: 22
Accuracy Cross: [0.35294117647058826, 0.4264705882352941, 0.3382352941176471, 0.36764705882352944, 0.35294117647058826, 0.37681159420289856, 0.37681159420289856, 0.42028985507246375, 0.43478260869565216, 0.30434782608695654, 0.36764705882352944, 0.36764705882352944, 0.3235294117647059, 0.27941176470588236, 0.38235294117647056]
 mean: 0.36479113384484224, std: 0.04166273640933039
F1 Score: [0.3912679332937954, 0.42975609756097566, 0.34799003213325463, 0.4004079500973911, 0.39427239427239424, 0.36842856391728573, 0.33141843881642385, 0.3926194797338173, 0.453680454605524, 0.2910340755735492, 0.38723488865323435, 0.388085827216262, 0.3343401128567369, 0.32419175027870684, 0.4170141705316722]
 mean: 0.37678281130273483, std: 0.04225038570407225
Accuracy Intime: [0.5, 0.5, 0.42857142857142855, 0.5384615384615384, 0.2692307692307692, 0.5, 0.6785714285714286, 0.2857142857142857, 0.4230769230769231, 0.3076923076923077, 0.5357142857142857, 0.42857142857142855, 0.4642857142857143, 0.34615384615384615, 0.38461538461538464]
 mean: 0.4393772893772894, std: 0.10647375684693602
F1 (Intime): [0.5173076923076922, 0.4940711462450593, 0.3921016483516483, 0.4909090909090909, 0.23235645933014354, 0.5258928571428572, 0.6904761904761905, 0.30109890109890114, 0.39225023342670395, 0.24820261437908495, 0.54553998632946, 0.4380252100840336, 0.4854166666666666, 0.32357855422870896, 0.3194444444444444]
 mean: 0.42644477969471234, std: 0.12217866437938914
--------------------------------------------------
Subject Number: 23
Accuracy Cross: [0.391304347826087, 0.42028985507246375, 0.37681159420289856, 0.5072463768115942, 0.42028985507246375, 0.45588235294117646, 0.5294117647058824, 0.4852941176470588, 0.5147058823529411, 0.5, 0.30434782608695654, 0.43478260869565216, 0.43478260869565216, 0.4927536231884058, 0.3333333333333333]
 mean: 0.44008240977550445, std: 0.06519657968567502
F1 Score: [0.4113011071833522, 0.44202323991797676, 0.3801205264714581, 0.5220397400885206, 0.4394906471183013, 0.42793289459488615, 0.5316666666666666, 0.4664860934078504, 0.5069551282051282, 0.47083011328294344, 0.3135887877267188, 0.4345954941116231, 0.43076923076923074, 0.5031385281385281, 0.3468267374517374]
 mean: 0.4418509956756615, std: 0.06029814199068345
Accuracy Intime: [0.6071428571428571, 0.6428571428571429, 0.39285714285714285, 0.3076923076923077, 0.38461538461538464, 0.5357142857142857, 0.6428571428571429, 0.5357142857142857, 0.5357142857142857, 0.3076923076923077, 0.5714285714285714, 0.6071428571428571, 0.5357142857142857, 0.6153846153846154, 0.2692307692307692]
 mean: 0.49945054945054934, std: 0.12630671902978316
F1 (Intime): [0.5921717171717171, 0.6333333333333333, 0.38506493506493505, 0.32291666666666663, 0.3515756302521008, 0.5497607655502392, 0.6439393939393939, 0.5469842657342657, 0.5362103174603174, 0.25874125874125875, 0.5955862977602109, 0.5979166666666667, 0.575, 0.6597985347985348, 0.22675120772946858]
 mean: 0.4983833993912739, std: 0.14196281942601557
--------------------------------------------------
Subject Number: 24
Accuracy Cross: [0.3235294117647059, 0.3235294117647059, 0.27941176470588236, 0.38235294117647056, 0.25, 0.27941176470588236, 0.3382352941176471, 0.2647058823529412, 0.35294117647058826, 0.3088235294117647, 0.20588235294117646, 0.19117647058823528, 0.23529411764705882, 0.3235294117647059, 0.2647058823529412]
 mean: 0.2882352941176471, std: 0.05255853001443219
F1 Score: [0.3078049529955156, 0.3107142857142857, 0.27859098487281847, 0.3718814968814969, 0.24695409695409695, 0.274465811965812, 0.346378767431399, 0.24812030075187969, 0.3424559755378721, 0.30798745173745173, 0.20992459851155504, 0.19342297269126535, 0.23549783549783548, 0.32245717679419855, 0.2614588424487994]
 mean: 0.2838743700524188, std: 0.05013159366643321
Accuracy Intime: [0.39285714285714285, 0.35714285714285715, 0.5, 0.3076923076923077, 0.23076923076923078, 0.2857142857142857, 0.32142857142857145, 0.35714285714285715, 0.5769230769230769, 0.38461538461538464, 0.35714285714285715, 0.35714285714285715, 0.32142857142857145, 0.5, 0.4230769230769231]
 mean: 0.37820512820512814, std: 0.08752586099030972
F1 (Intime): [0.37365196078431373, 0.2804347826086957, 0.47692307692307695, 0.3020833333333333, 0.17915417915417914, 0.23919172932330826, 0.33584836216415165, 0.34833916083916083, 0.5676470588235294, 0.38110859728506785, 0.3031135531135531, 0.3187908496732026, 0.28406593406593406, 0.4523469994058229, 0.41025641025641024]
 mean: 0.35019706585024934, std: 0.0950216826156922
--------------------------------------------------
Subject Number: 25
Accuracy Cross: [0.463768115942029, 0.4057971014492754, 0.4492753623188406, 0.463768115942029, 0.36231884057971014, 0.4117647058823529, 0.4411764705882353, 0.4852941176470588, 0.5, 0.4852941176470588, 0.39705882352941174, 0.39705882352941174, 0.4264705882352941, 0.3235294117647059, 0.4264705882352941]
 mean: 0.4292696788860473, std: 0.04677185066075017
F1 Score: [0.4240726664639708, 0.38140728783508426, 0.4135437494835991, 0.43719010592742846, 0.34852202061504384, 0.356578947368421, 0.39504608294930876, 0.4573753948753949, 0.4348484848484848, 0.3957264957264957, 0.3988468607772202, 0.3511735419630156, 0.4147246272246272, 0.2546761414685943, 0.3716153127917834]
 mean: 0.3890231813545648, std: 0.04781615485649732
Accuracy Intime: [0.6071428571428571, 0.5, 0.39285714285714285, 0.5769230769230769, 0.5, 0.6071428571428571, 0.35714285714285715, 0.39285714285714285, 0.7692307692307693, 0.6153846153846154, 0.39285714285714285, 0.39285714285714285, 0.32142857142857145, 0.5, 0.46153846153846156]
 mean: 0.4924908424908426, std: 0.11930993922343168
F1 (Intime): [0.6161172161172161, 0.5033951555690686, 0.388034188034188, 0.5699826489300173, 0.41666666666666663, 0.5586080586080586, 0.2704545454545455, 0.3926008202323992, 0.625, 0.5387896825396825, 0.38400488400488403, 0.36661573720397245, 0.27669172932330827, 0.4751686909581646, 0.3730519480519481]
 mean: 0.45034546477960796, std: 0.11061192164783512
--------------------------------------------------
Subject Number: 26
Accuracy Cross: [0.4057971014492754, 0.43478260869565216, 0.4927536231884058, 0.5362318840579711, 0.5362318840579711, 0.4264705882352941, 0.38235294117647056, 0.35294117647058826, 0.4117647058823529, 0.3382352941176471, 0.5147058823529411, 0.5441176470588235, 0.5, 0.5735294117647058, 0.5588235294117647]
 mean: 0.4672492185279909, std: 0.07553043498010246
F1 Score: [0.4305465191932336, 0.43397165935366266, 0.5070306038047974, 0.5384964877889407, 0.5622414776779346, 0.455419041332354, 0.40604575163398693, 0.3529856386999244, 0.417775974025974, 0.37141635724057065, 0.5418142043142042, 0.5730598410472184, 0.5157717569786535, 0.6019040697674418, 0.5858088568614884]
 mean: 0.48628588264802564, std: 0.07855907649550418
Accuracy Intime: [0.6071428571428571, 0.5, 0.42857142857142855, 0.5384615384615384, 0.4230769230769231, 0.5714285714285714, 0.6428571428571429, 0.5357142857142857, 0.5384615384615384, 0.2692307692307692, 0.4642857142857143, 0.32142857142857145, 0.39285714285714285, 0.6923076923076923, 0.3076923076923077]
 mean: 0.48223443223443224, std: 0.12093266657313922
F1 (Intime): [0.614010989010989, 0.5270833333333333, 0.43754578754578755, 0.5417915417915418, 0.42658730158730157, 0.5855057932263815, 0.653357100415924, 0.5464646464646464, 0.5537401195295932, 0.28083028083028083, 0.4738095238095238, 0.3424459527400704, 0.4008675534991324, 0.7121848739495799, 0.2988970588235294]
 mean: 0.4930081237705076, std: 0.12349047156059484
--------------------------------------------------
Subject Number: 27
Accuracy Cross: [0.5072463768115942, 0.37681159420289856, 0.42028985507246375, 0.4492753623188406, 0.4492753623188406, 0.3333333333333333, 0.3188405797101449, 0.42028985507246375, 0.42028985507246375, 0.391304347826087, 0.4264705882352941, 0.4264705882352941, 0.39705882352941174, 0.4264705882352941, 0.38235294117647056]
 mean: 0.40971867007672647, std: 0.044902050616344634
F1 Score: [0.48109243697478987, 0.3387558311525771, 0.4078927435237085, 0.4531385281385281, 0.44632034632034634, 0.2829380764163373, 0.2704365079365079, 0.36648399551625355, 0.37900377542321273, 0.34177489177489173, 0.4094367099995502, 0.42266797529955424, 0.39672190952678754, 0.43585526315789475, 0.378127450467876]
 mean: 0.387376429441921, std: 0.05818948877581143
Accuracy Intime: [0.32142857142857145, 0.39285714285714285, 0.39285714285714285, 0.46153846153846156, 0.38461538461538464, 0.5714285714285714, 0.5714285714285714, 0.5, 0.46153846153846156, 0.5384615384615384, 0.42857142857142855, 0.6428571428571429, 0.4642857142857143, 0.5357142857142857, 0.38461538461538464]
 mean: 0.4701465201465202, std: 0.0859491631779793
F1 (Intime): [0.32360368389780153, 0.35714285714285715, 0.35570950788342093, 0.3585561497326203, 0.30939648586707413, 0.5382988721804511, 0.5839598997493733, 0.473015873015873, 0.4214285714285714, 0.519828984225269, 0.4552631578947368, 0.6550420168067228, 0.4616421568627451, 0.5494652406417113, 0.35]
 mean: 0.4474902304886152, std: 0.1018459324498154
--------------------------------------------------
Subject Number: 28
Accuracy Cross: [0.3382352941176471, 0.3088235294117647, 0.35294117647058826, 0.27941176470588236, 0.23529411764705882, 0.22058823529411764, 0.2647058823529412, 0.23529411764705882, 0.27941176470588236, 0.25, 0.38235294117647056, 0.4117647058823529, 0.4264705882352941, 0.5, 0.5147058823529411]
 mean: 0.33333333333333326, std: 0.09249001109859414
F1 Score: [0.33320725516730376, 0.28991228070175434, 0.33992687812721767, 0.26784199059740854, 0.24521531100478466, 0.19433053359683794, 0.2296002652268637, 0.2022480953932567, 0.27032463928967815, 0.19655172413793104, 0.33041413373860185, 0.32146827878535195, 0.40449116657887274, 0.49547101449275366, 0.48536688018395335]
 mean: 0.3070913631348379, std: 0.09245312411171129
Accuracy Intime: [0.42857142857142855, 0.39285714285714285, 0.5, 0.7307692307692307, 0.5, 0.4642857142857143, 0.5357142857142857, 0.35714285714285715, 0.46153846153846156, 0.46153846153846156, 0.2857142857142857, 0.2857142857142857, 0.4642857142857143, 0.4230769230769231, 0.38461538461538464]
 mean: 0.4450549450549451, std: 0.104183319926308
F1 (Intime): [0.41857484620642516, 0.33005307386112337, 0.49463383838383834, 0.6909854851031321, 0.4899122807017544, 0.39150326797385615, 0.5399159663865546, 0.34448529411764706, 0.48095238095238096, 0.40025252525252525, 0.22916666666666669, 0.2344298245614035, 0.4904761904761904, 0.34375, 0.3995726495726496]
 mean: 0.4185776193477432, std: 0.11518235275031534
--------------------------------------------------
Subject Number: 29
Accuracy Cross: [0.5, 0.47058823529411764, 0.5735294117647058, 0.5, 0.5, 0.5588235294117647, 0.5735294117647058, 0.5, 0.6617647058823529, 0.5735294117647058, 0.5217391304347826, 0.5072463768115942, 0.5217391304347826, 0.6521739130434783, 0.5507246376811594]
 mean: 0.5443591929525432, std: 0.05411365263160928
F1 Score: [0.5127421415793509, 0.47765873015873017, 0.586694701429773, 0.49927849927849927, 0.5183080808080808, 0.5801812180844439, 0.5908412966580434, 0.5205845496093173, 0.6772610732214391, 0.6005111531427321, 0.544736700986701, 0.5266233111514418, 0.5436997213313003, 0.6674196801997125, 0.5718559218559218]
 mean: 0.5612264519663659, std: 0.05581178490069099
Accuracy Intime: [0.5357142857142857, 0.5714285714285714, 0.6071428571428571, 0.6153846153846154, 0.5, 0.39285714285714285, 0.5714285714285714, 0.6428571428571429, 0.5, 0.5769230769230769, 0.5357142857142857, 0.5714285714285714, 0.5357142857142857, 0.5, 0.5384615384615384]
 mean: 0.5463369963369964, std: 0.058311405818859297
F1 (Intime): [0.5636585636585637, 0.59375, 0.5915032679738562, 0.6442179144385027, 0.5181818181818182, 0.4339271839271839, 0.5802968960863698, 0.6597132034632035, 0.5476190476190477, 0.5923076923076923, 0.5410256410256411, 0.5811247575953459, 0.5372103386809268, 0.5529761904761905, 0.5459401709401709]
 mean: 0.5655635124249674, std: 0.05134251698619372
--------------------------------------------------
**************************************************
accuracy_cross_list: [0.433461210571185, 0.31550156294401815, 0.30866723500994603, 0.4946859903381643, 0.4313725490196079, 0.4254049445865302, 0.48823529411764705, 0.3156862745098039, 0.42254901960784313, 0.297669792554703, 0.37294685990338156, 0.4635407786302928, 0.3463910201761864, 0.3362745098039215, 0.46764705882352947, 0.4588235294117647, 0.40971867007672647, 0.37057402671213413, 0.36274509803921556, 0.4489627735152032, 0.39705882352941174, 0.36479113384484224, 0.44008240977550445, 0.2882352941176471, 0.4292696788860473, 0.4672492185279909, 0.40971867007672647, 0.33333333333333326, 0.5443591929525432]
f1_score_list: [0.44476220780232223, 0.327733751412219, 0.2988347267142744, 0.5087477544585906, 0.41959166424787614, 0.4139206216830192, 0.48024696136592665, 0.32141639665950617, 0.44683592167290676, 0.29088309730995365, 0.3513766825993353, 0.4656335187981765, 0.3547407367029701, 0.33987823736346695, 0.4788911782739564, 0.4214049088557065, 0.387376429441921, 0.38831996002691477, 0.35468884762270936, 0.46160436998350624, 0.3721334274302395, 0.37678281130273483, 0.4418509956756615, 0.2838743700524188, 0.3890231813545648, 0.48628588264802564, 0.387376429441921, 0.3070913631348379, 0.5612264519663659]
accuracy_intime_list: [0.48333333333333334, 0.42509157509157514, 0.4078754578754579, 0.5401098901098902, 0.6219780219780219, 0.5327838827838829, 0.5228937728937728, 0.37765567765567776, 0.5263736263736265, 0.3478021978021978, 0.44322344322344326, 0.5075091575091576, 0.4152014652014652, 0.443956043956044, 0.547069597069597, 0.5467032967032968, 0.4701465201465202, 0.3990842490842491, 0.4877289377289377, 0.532051282051282, 0.4868131868131869, 0.4393772893772894, 0.49945054945054934, 0.37820512820512814, 0.4924908424908426, 0.48223443223443224, 0.4701465201465202, 0.4450549450549451, 0.5463369963369964]
f1_score_intime_list: [0.4908917823662406, 0.4089977020743275, 0.38490079035744673, 0.5429729708715778, 0.5953667010091159, 0.5008723973538216, 0.48440188838795645, 0.35960374338722706, 0.5180383850468989, 0.32722544103618273, 0.4140925560507604, 0.48283160409708387, 0.39324290647433063, 0.42548735031165363, 0.5487148844733983, 0.5306603578739802, 0.4474902304886152, 0.40173590899984096, 0.468054838882171, 0.5313906953612836, 0.45399880649106644, 0.42644477969471234, 0.4983833993912739, 0.35019706585024934, 0.45034546477960796, 0.4930081237705076, 0.4474902304886152, 0.4185776193477432, 0.5655635124249674]
**************************************************
ACC: 40.16±6.53
F1: 39.87±6.96
Intime: 47.65±6.18
F1 (Intime): 46.07±6.60
