1e-05
Subject Number: 1
Accuracy Cross: [0.84375, 0.78125, 0.84375, 0.78125, 0.90625, 0.8181818181818182, 0.8484848484848485, 0.8787878787878788, 0.7272727272727273, 0.7878787878787878, 0.90625, 0.90625, 1.0, 0.90625, 0.84375]
 mean: 0.8519570707070707, std: 0.06604724239695414
F1 Score: [0.8358974358974359, 0.7757757757757757, 0.8423645320197044, 0.751937984496124, 0.9015384615384616, 0.8035714285714286, 0.8390243902439025, 0.8730769230769231, 0.6857142857142857, 0.7664307381193125, 0.9039039039039038, 0.9039039039039038, 1.0, 0.9015384615384616, 0.8398398398398399]
 mean: 0.841634537642631, std: 0.07520727682435935
Accuracy Intime: [1.0, 0.7142857142857143, 0.8333333333333334, 0.6666666666666666, 0.9166666666666666, 0.9285714285714286, 0.9285714285714286, 0.9166666666666666, 0.8333333333333334, 1.0, 0.9285714285714286, 0.7857142857142857, 0.9166666666666666, 0.6666666666666666, 0.9166666666666666]
 mean: 0.8634920634920634, std: 0.10611203119592552
F1 (Intime): [1.0, 0.65, 0.8285714285714285, 0.625, 0.916083916083916, 0.9251336898395721, 0.9251336898395721, 0.9111111111111111, 0.8285714285714285, 1.0, 0.9251336898395721, 0.7543859649122806, 0.9111111111111111, 0.625, 0.916083916083916]
 mean: 0.8494213297309272, std: 0.1236780513922224
--------------------------------------------------
Subject Number: 2
Accuracy Cross: [0.6363636363636364, 0.7272727272727273, 0.8181818181818182, 0.7575757575757576, 0.696969696969697, 0.5625, 0.59375, 0.6875, 0.71875, 0.75, 0.6666666666666666, 0.696969696969697, 0.7575757575757576, 0.6363636363636364, 0.696969696969697]
 mean: 0.6935606060606061, std: 0.0648894703744214
F1 Score: [0.6192307692307693, 0.7102439024390244, 0.8139097744360901, 0.7461538461538462, 0.6826923076923077, 0.5151515151515151, 0.5588547189819725, 0.6825396825396826, 0.681063122923588, 0.7090909090909091, 0.6654377880184332, 0.6898496240601504, 0.7573529411764706, 0.6278195488721805, 0.6966911764705883]
 mean: 0.6770721084825019, std: 0.0724768565979732
Accuracy Intime: [0.7857142857142857, 0.7857142857142857, 0.75, 0.4166666666666667, 0.8333333333333334, 0.7142857142857143, 0.7857142857142857, 0.5714285714285714, 0.5833333333333334, 0.3333333333333333, 0.8571428571428571, 0.6428571428571429, 0.6666666666666666, 0.75, 0.4166666666666667]
 mean: 0.6595238095238094, std: 0.15804215976453417
F1 (Intime): [0.7846153846153847, 0.7754010695187166, 0.6210526315789473, 0.37777777777777777, 0.8285714285714285, 0.65, 0.7754010695187166, 0.5714285714285714, 0.5804195804195804, 0.3142857142857143, 0.8541666666666667, 0.625668449197861, 0.6571428571428571, 0.7482517482517483, 0.29411764705882354]
 mean: 0.6305533730688531, std: 0.17379718942960157
--------------------------------------------------
Subject Number: 3
Accuracy Cross: [0.625, 0.65625, 0.5625, 0.625, 0.59375, 0.6666666666666666, 0.45454545454545453, 0.6060606060606061, 0.5454545454545454, 0.5757575757575758, 0.48484848484848486, 0.5757575757575758, 0.5151515151515151, 0.5454545454545454, 0.42424242424242425]
 mean: 0.5637626262626262, std: 0.06844756246028351
F1 Score: [0.625, 0.6532019704433498, 0.5607843137254902, 0.611336032388664, 0.5933528836754643, 0.6616961789375583, 0.4540441176470588, 0.6001863932898416, 0.44568868980963045, 0.5557692307692308, 0.48294930875576036, 0.5722222222222222, 0.49230769230769234, 0.47619047619047616, 0.41565703634669154]
 mean: 0.546692436433942, std: 0.07694140955076789
Accuracy Intime: [0.5, 0.5714285714285714, 0.7857142857142857, 0.75, 0.5833333333333334, 0.5, 0.42857142857142855, 0.8333333333333334, 0.5, 0.5, 0.7142857142857143, 0.7142857142857143, 0.8333333333333334, 0.6666666666666666, 0.75]
 mean: 0.6420634920634921, std: 0.1323851394412257
F1 (Intime): [0.49743589743589745, 0.5333333333333333, 0.7754010695187166, 0.7333333333333334, 0.5555555555555556, 0.47593582887700536, 0.42857142857142855, 0.7777777777777777, 0.4375, 0.4857142857142857, 0.7142857142857143, 0.6888888888888889, 0.8285714285714285, 0.6571428571428571, 0.7482517482517483]
 mean: 0.6225132764838647, std: 0.13470537661519175
--------------------------------------------------
Subject Number: 4
Accuracy Cross: [0.696969696969697, 0.8484848484848485, 0.8181818181818182, 0.8484848484848485, 0.7878787878787878, 0.7272727272727273, 0.8181818181818182, 0.7878787878787878, 0.6060606060606061, 0.7575757575757576, 0.696969696969697, 0.6060606060606061, 0.7878787878787878, 0.7272727272727273, 0.7575757575757576]
 mean: 0.7515151515151515, std: 0.07356420790316413
F1 Score: [0.6726190476190477, 0.8390243902439025, 0.8035714285714286, 0.8390243902439025, 0.7664307381193125, 0.6996966632962589, 0.8139097744360901, 0.7806267806267806, 0.5460317460317461, 0.7461538461538462, 0.6966911764705883, 0.6046082949308755, 0.7878787878787878, 0.7262672811059908, 0.7573529411764706]
 mean: 0.7386591524603351, std: 0.0809331228766814
Accuracy Intime: [0.7857142857142857, 0.8571428571428571, 0.6428571428571429, 0.5, 0.5833333333333334, 1.0, 0.8571428571428571, 0.6428571428571429, 0.5, 0.4166666666666667, 1.0, 1.0, 0.9285714285714286, 0.9166666666666666, 0.75]
 mean: 0.7587301587301586, std: 0.19271828563093873
F1 (Intime): [0.7754010695187166, 0.8541666666666667, 0.5906432748538011, 0.4375, 0.5555555555555556, 1.0, 0.8571428571428571, 0.5906432748538011, 0.4375, 0.37777777777777777, 1.0, 1.0, 0.9251336898395721, 0.916083916083916, 0.7333333333333334]
 mean: 0.7367254277083999, std: 0.21429347435038257
--------------------------------------------------
Subject Number: 5
Accuracy Cross: [0.46875, 0.59375, 0.5625, 0.59375, 0.53125, 0.53125, 0.53125, 0.53125, 0.53125, 0.46875, 0.53125, 0.5, 0.5, 0.625, 0.59375]
 mean: 0.5395833333333333, std: 0.044876373392787536
F1 Score: [0.45545545545545546, 0.5835835835835836, 0.5465587044534412, 0.5933528836754643, 0.530791788856305, 0.4909862142099682, 0.4684385382059801, 0.4909862142099682, 0.5195195195195195, 0.464039408866995, 0.5076923076923077, 0.4458874458874459, 0.4817813765182186, 0.6235294117647059, 0.5835835835835836]
 mean: 0.5190790957655296, std: 0.05399916619121509
Accuracy Intime: [0.7857142857142857, 0.8571428571428571, 0.5833333333333334, 0.5833333333333334, 0.6666666666666666, 0.8571428571428571, 0.5714285714285714, 0.75, 0.5833333333333334, 0.5, 0.7857142857142857, 0.7142857142857143, 0.8333333333333334, 0.5, 0.6666666666666666]
 mean: 0.6825396825396824, std: 0.12098945396926668
F1 (Intime): [0.7846153846153847, 0.8571428571428571, 0.5804195804195804, 0.5804195804195804, 0.6666666666666666, 0.8571428571428571, 0.5333333333333333, 0.7482517482517483, 0.5804195804195804, 0.4375, 0.7846153846153847, 0.7083333333333333, 0.8285714285714285, 0.4857142857142857, 0.6666666666666666]
 mean: 0.6733208458208458, std: 0.13157556971825543
--------------------------------------------------
Subject Number: 6
Accuracy Cross: [0.65625, 0.625, 0.71875, 0.6875, 0.75, 0.5151515151515151, 0.3939393939393939, 0.5151515151515151, 0.5151515151515151, 0.5454545454545454, 0.5151515151515151, 0.696969696969697, 0.6666666666666666, 0.7272727272727273, 0.6666666666666666]
 mean: 0.6130050505050505, std: 0.10140134928527228
F1 Score: [0.6476476476476476, 0.6235294117647059, 0.694591728525981, 0.6761133603238867, 0.722943722943723, 0.34, 0.2826086956521739, 0.34, 0.34, 0.35294117647058826, 0.47619047619047616, 0.6726190476190477, 0.6458536585365854, 0.6857142857142857, 0.6552706552706553]
 mean: 0.5437349244439836, std: 0.15976556097486747
Accuracy Intime: [0.8571428571428571, 0.7142857142857143, 0.8571428571428571, 0.75, 0.5833333333333334, 0.9285714285714286, 0.9285714285714286, 0.9166666666666666, 0.5, 0.5, 0.7142857142857143, 0.8571428571428571, 0.6666666666666666, 0.6666666666666666, 0.5]
 mean: 0.7293650793650793, std: 0.153040898961193
F1 (Intime): [0.8541666666666667, 0.6888888888888889, 0.8444444444444444, 0.7482517482517483, 0.5804195804195804, 0.9282051282051282, 0.9251336898395721, 0.8991596638655461, 0.4375, 0.4857142857142857, 0.6888888888888889, 0.8541666666666667, 0.625, 0.625, 0.5]
 mean: 0.7123293101234277, std: 0.16155397671073563
--------------------------------------------------
Subject Number: 7
Accuracy Cross: [0.71875, 0.59375, 0.53125, 0.59375, 0.65625, 0.40625, 0.46875, 0.5, 0.53125, 0.4375, 0.53125, 0.5, 0.5625, 0.71875, 0.75]
 mean: 0.5666666666666667, std: 0.10133655422512758
F1 Score: [0.7046153846153846, 0.5588547189819725, 0.5195195195195195, 0.5588547189819725, 0.6389743589743591, 0.4056695992179863, 0.4682306940371457, 0.4817813765182186, 0.5076923076923077, 0.41700404858299595, 0.530791788856305, 0.4980392156862745, 0.5555555555555556, 0.7117117117117118, 0.746031746031746]
 mean: 0.5535551163308969, std: 0.10067990102463471
Accuracy Intime: [0.7142857142857143, 0.7142857142857143, 0.3333333333333333, 0.4166666666666667, 0.6666666666666666, 0.6428571428571429, 0.5714285714285714, 0.6666666666666666, 0.5, 0.5, 0.7857142857142857, 0.7142857142857143, 0.5833333333333334, 0.4166666666666667, 0.4166666666666667]
 mean: 0.5761904761904761, std: 0.13389902672357548
F1 (Intime): [0.7083333333333333, 0.6888888888888889, 0.25, 0.37777777777777777, 0.6571428571428571, 0.625668449197861, 0.5333333333333333, 0.6666666666666666, 0.3333333333333333, 0.4375, 0.7846153846153847, 0.6888888888888889, 0.5804195804195804, 0.4125874125874126, 0.4125874125874126]
 mean: 0.5438495545848487, std: 0.15645485457625644
--------------------------------------------------
Subject Number: 8
Accuracy Cross: [0.65625, 0.65625, 0.78125, 0.75, 0.6875, 0.78125, 0.6875, 0.6875, 0.6875, 0.71875, 0.5625, 0.75, 0.71875, 0.6875, 0.75]
 mean: 0.7041666666666667, std: 0.054565836890453315
F1 Score: [0.5883040935672514, 0.5883040935672514, 0.7624602332979851, 0.7090909090909091, 0.6536796536796536, 0.751937984496124, 0.6536796536796536, 0.6666666666666667, 0.6536796536796536, 0.6631578947368422, 0.5555555555555556, 0.7333333333333334, 0.7117117117117118, 0.6536796536796536, 0.722943722943723]
 mean: 0.6712123209123979, std: 0.059381316166032434
Accuracy Intime: [0.6428571428571429, 0.7857142857142857, 0.8333333333333334, 0.5, 0.6666666666666666, 0.7857142857142857, 0.6428571428571429, 0.6666666666666666, 0.5833333333333334, 0.5, 0.7142857142857143, 1.0, 0.5833333333333334, 0.6666666666666666, 0.8333333333333334]
 mean: 0.6936507936507936, std: 0.13087780464252666
F1 (Intime): [0.5238095238095237, 0.7846153846153847, 0.8125, 0.4375, 0.6571428571428571, 0.7754010695187166, 0.5906432748538011, 0.625, 0.5804195804195804, 0.4857142857142857, 0.6888888888888889, 1.0, 0.4957983193277311, 0.625, 0.8285714285714285]
 mean: 0.6607336408574798, std: 0.14965267157448486
--------------------------------------------------
Subject Number: 9
Accuracy Cross: [0.84375, 0.8125, 0.90625, 0.84375, 0.8125, 0.90625, 0.90625, 0.8125, 0.84375, 0.78125, 0.59375, 0.8125, 0.71875, 0.75, 0.875]
 mean: 0.8145833333333333, std: 0.07944031652057341
F1 Score: [0.8303287380699894, 0.8, 0.9015384615384616, 0.8303287380699894, 0.7922077922077921, 0.9039039039039038, 0.9039039039039038, 0.8056680161943319, 0.8303287380699894, 0.751937984496124, 0.5588547189819725, 0.8056680161943319, 0.7117117117117118, 0.722943722943723, 0.8704453441295547]
 mean: 0.8013179860277188, std: 0.08714606734937644
Accuracy Intime: [1.0, 0.9285714285714286, 0.9166666666666666, 0.75, 0.5, 1.0, 0.9285714285714286, 1.0, 0.75, 0.6666666666666666, 1.0, 0.9285714285714286, 0.8333333333333334, 1.0, 0.6666666666666666]
 mean: 0.8579365079365079, std: 0.15155197793371444
F1 (Intime): [1.0, 0.9251336898395721, 0.8991596638655461, 0.7333333333333334, 0.3333333333333333, 1.0, 0.9251336898395721, 1.0, 0.7333333333333334, 0.6571428571428571, 1.0, 0.9282051282051282, 0.7777777777777777, 1.0, 0.6571428571428571]
 mean: 0.8379797109208874, std: 0.1832895738505992
--------------------------------------------------
Subject Number: 10
Accuracy Cross: [0.59375, 0.71875, 0.625, 0.65625, 0.53125, 0.53125, 0.65625, 0.59375, 0.5625, 0.40625, 0.5454545454545454, 0.5757575757575758, 0.6060606060606061, 0.5757575757575758, 0.5151515151515151]
 mean: 0.5795454545454546, std: 0.07054172134677654
F1 Score: [0.5733333333333333, 0.716256157635468, 0.6190476190476191, 0.6267232237539766, 0.5270935960591133, 0.530791788856305, 0.6559139784946236, 0.5901477832512315, 0.5555555555555556, 0.4056695992179863, 0.5454545454545454, 0.5722222222222222, 0.5925925925925926, 0.5657894736842105, 0.5037593984962406]
 mean: 0.5720233911770015, std: 0.06873410390008895
Accuracy Intime: [0.5714285714285714, 0.9285714285714286, 0.6666666666666666, 0.6666666666666666, 0.6666666666666666, 0.7142857142857143, 0.7142857142857143, 0.6666666666666666, 0.8333333333333334, 0.6666666666666666, 0.7142857142857143, 0.7857142857142857, 0.75, 0.75, 0.8333333333333334]
 mean: 0.7285714285714285, std: 0.08586846803085074
F1 (Intime): [0.475, 0.9282051282051282, 0.6571428571428571, 0.625, 0.6571428571428571, 0.7142857142857143, 0.7083333333333333, 0.625, 0.8285714285714285, 0.6571428571428571, 0.65, 0.7846153846153847, 0.7482517482517483, 0.7482517482517483, 0.8333333333333334]
 mean: 0.7093517593517595, std: 0.10553012063173758
--------------------------------------------------
Subject Number: 11
Accuracy Cross: [0.48484848484848486, 0.48484848484848486, 0.48484848484848486, 0.5151515151515151, 0.45454545454545453, 0.6060606060606061, 0.6060606060606061, 0.6363636363636364, 0.5454545454545454, 0.5454545454545454, 0.6363636363636364, 0.6666666666666666, 0.5757575757575758, 0.6060606060606061, 0.5757575757575758]
 mean: 0.5616161616161617, std: 0.06343563017417204
F1 Score: [0.4672364672364672, 0.45268292682926825, 0.4672364672364672, 0.49230769230769234, 0.4107142857142857, 0.5195968645016797, 0.4849939975990396, 0.6071428571428572, 0.47619047619047616, 0.35294117647058826, 0.6360294117647058, 0.6329625884732053, 0.49782608695652175, 0.4849939975990396, 0.49782608695652175]
 mean: 0.4987120921985877, std: 0.0744274662987323
Accuracy Intime: [0.5714285714285714, 0.7142857142857143, 0.7142857142857143, 0.75, 0.6666666666666666, 0.5714285714285714, 0.42857142857142855, 0.6428571428571429, 0.4166666666666667, 0.5833333333333334, 0.21428571428571427, 0.7142857142857143, 0.5, 0.6666666666666666, 0.5833333333333334]
 mean: 0.5825396825396826, std: 0.13947495397595988
F1 (Intime): [0.5625, 0.6888888888888889, 0.6888888888888889, 0.7333333333333334, 0.625, 0.5333333333333333, 0.3, 0.641025641025641, 0.37777777777777777, 0.5555555555555556, 0.21025641025641026, 0.6888888888888889, 0.4269005847953216, 0.6571428571428571, 0.5555555555555556]
 mean: 0.5496698476961636, std: 0.1505778931162171
--------------------------------------------------
Subject Number: 12
Accuracy Cross: [0.71875, 0.8125, 0.8125, 0.84375, 0.75, 0.7272727272727273, 0.7575757575757576, 0.696969696969697, 0.696969696969697, 0.7272727272727273, 0.75, 0.71875, 0.71875, 0.71875, 0.71875]
 mean: 0.744570707070707, std: 0.043017122720591765
F1 Score: [0.681063122923588, 0.8, 0.7922077922077921, 0.8303287380699894, 0.7090909090909091, 0.6857142857142857, 0.7272727272727273, 0.6413043478260869, 0.6413043478260869, 0.6857142857142857, 0.7333333333333334, 0.716256157635468, 0.716256157635468, 0.6631578947368422, 0.681063122923588]
 mean: 0.7136044815273636, std: 0.0544981862946838
Accuracy Intime: [0.7857142857142857, 0.9285714285714286, 0.75, 0.5, 0.5, 0.7142857142857143, 0.7142857142857143, 0.8333333333333334, 0.5833333333333334, 0.6666666666666666, 1.0, 0.7857142857142857, 0.9166666666666666, 0.6666666666666666, 0.5833333333333334]
 mean: 0.7285714285714285, std: 0.14646244284980664
F1 (Intime): [0.7754010695187166, 0.9251336898395721, 0.6974789915966386, 0.3333333333333333, 0.4375, 0.6888888888888889, 0.6888888888888889, 0.7777777777777777, 0.4957983193277311, 0.625, 1.0, 0.7754010695187166, 0.8991596638655461, 0.625, 0.4957983193277311]
 mean: 0.6827040007922361, std: 0.18102175150238992
--------------------------------------------------
Subject Number: 13
Accuracy Cross: [0.875, 0.84375, 0.9375, 0.875, 0.875, 0.7575757575757576, 0.8484848484848485, 0.8181818181818182, 0.696969696969697, 0.7575757575757576, 0.6875, 0.78125, 0.84375, 0.71875, 0.875]
 mean: 0.8127525252525253, std: 0.07270973413663806
F1 Score: [0.8666666666666667, 0.8358974358974359, 0.9352226720647774, 0.8666666666666667, 0.8666666666666667, 0.7518796992481203, 0.8484848484848485, 0.8180147058823529, 0.6826923076923077, 0.7461538461538462, 0.6875, 0.7757757757757757, 0.8398398398398399, 0.681063122923588, 0.8704453441295547]
 mean: 0.8048646398728299, std: 0.07665608870833655
Accuracy Intime: [0.7857142857142857, 0.5714285714285714, 0.9166666666666666, 0.75, 0.5833333333333334, 0.7857142857142857, 0.5714285714285714, 0.9166666666666666, 0.75, 0.6666666666666666, 0.8571428571428571, 0.7142857142857143, 0.9166666666666666, 0.75, 0.8333333333333334]
 mean: 0.7579365079365079, std: 0.11637204998900935
F1 (Intime): [0.7543859649122806, 0.5333333333333333, 0.8991596638655461, 0.7482517482517483, 0.5555555555555556, 0.7754010695187166, 0.5714285714285714, 0.8991596638655461, 0.7482517482517483, 0.6571428571428571, 0.8541666666666667, 0.6888888888888889, 0.8991596638655461, 0.7333333333333334, 0.8285714285714285]
 mean: 0.743079343830118, std: 0.119163122804548
--------------------------------------------------
Subject Number: 14
Accuracy Cross: [0.75, 0.75, 0.75, 0.6875, 0.84375, 0.8125, 0.78125, 0.78125, 0.71875, 0.6875, 0.75, 0.6875, 0.6875, 0.59375, 0.78125]
 mean: 0.7375, std: 0.06016470449247354
F1 Score: [0.746031746031746, 0.746031746031746, 0.75, 0.6761133603238867, 0.8423645320197044, 0.8056680161943319, 0.7702564102564102, 0.7702564102564102, 0.681063122923588, 0.6536796536796536, 0.722943722943723, 0.6761133603238867, 0.6666666666666667, 0.5733333333333333, 0.751937984496124]
 mean: 0.7221640043654141, std: 0.06567564746487109
Accuracy Intime: [0.7857142857142857, 0.8571428571428571, 0.6666666666666666, 0.5833333333333334, 0.9166666666666666, 0.9285714285714286, 0.7857142857142857, 0.8333333333333334, 0.8333333333333334, 0.8333333333333334, 0.9285714285714286, 0.5714285714285714, 0.75, 0.75, 0.8333333333333334]
 mean: 0.7904761904761906, std: 0.10813473860476888
F1 (Intime): [0.7754010695187166, 0.8541666666666667, 0.625, 0.5804195804195804, 0.916083916083916, 0.9251336898395721, 0.7846153846153847, 0.8285714285714285, 0.8333333333333334, 0.8333333333333334, 0.9251336898395721, 0.5625, 0.7333333333333334, 0.7482517482517483, 0.8285714285714285]
 mean: 0.783589906825201, std: 0.11276903309217602
--------------------------------------------------
Subject Number: 15
Accuracy Cross: [0.78125, 0.65625, 0.75, 0.78125, 0.75, 0.8125, 0.625, 0.8125, 0.75, 0.5625, 0.625, 0.625, 0.59375, 0.65625, 0.75]
 mean: 0.7020833333333333, std: 0.08138343743593587
F1 Score: [0.7624602332979851, 0.6476476476476476, 0.7408906882591093, 0.7702564102564102, 0.7333333333333334, 0.8117647058823529, 0.6190476190476191, 0.8117647058823529, 0.722943722943723, 0.5555555555555556, 0.6235294117647059, 0.6190476190476191, 0.5901477832512315, 0.6389743589743591, 0.746031746031746]
 mean: 0.6928930360783833, std: 0.08034995787233033
Accuracy Intime: [0.7857142857142857, 0.7142857142857143, 0.8333333333333334, 0.8333333333333334, 0.6666666666666666, 0.6428571428571429, 0.7142857142857143, 0.8333333333333334, 0.6666666666666666, 0.75, 0.8571428571428571, 0.8571428571428571, 1.0, 0.75, 0.9166666666666666]
 mean: 0.7880952380952381, std: 0.09712418121129114
F1 (Intime): [0.7754010695187166, 0.6888888888888889, 0.8285714285714285, 0.8333333333333334, 0.6571428571428571, 0.625668449197861, 0.7083333333333333, 0.8285714285714285, 0.625, 0.7482517482517483, 0.8444444444444444, 0.8444444444444444, 1.0, 0.7333333333333334, 0.916083916083916]
 mean: 0.7771645783410489, std: 0.10400274125852285
--------------------------------------------------
Subject Number: 16
Accuracy Cross: [0.5, 0.65625, 0.5625, 0.53125, 0.53125, 0.71875, 0.78125, 0.71875, 0.65625, 0.71875, 0.53125, 0.5625, 0.53125, 0.625, 0.40625]
 mean: 0.6020833333333333, std: 0.1004330899432829
F1 Score: [0.4980392156862745, 0.6559139784946236, 0.5333333333333333, 0.5270935960591133, 0.5076923076923077, 0.716256157635468, 0.7757757757757757, 0.716256157635468, 0.6267232237539766, 0.7046153846153846, 0.5270935960591133, 0.5151515151515151, 0.4684385382059801, 0.5844155844155844, 0.3913913913913914]
 mean: 0.5832126503936872, std: 0.1066913680415993
Accuracy Intime: [0.7142857142857143, 0.5, 0.6666666666666666, 0.8333333333333334, 0.5833333333333334, 0.5714285714285714, 0.6428571428571429, 0.9166666666666666, 0.5833333333333334, 0.4166666666666667, 0.7142857142857143, 0.7857142857142857, 0.8333333333333334, 0.8333333333333334, 0.75]
 mean: 0.6896825396825398, std: 0.13597626250833061
F1 (Intime): [0.7083333333333333, 0.4269005847953216, 0.6571428571428571, 0.8333333333333334, 0.5804195804195804, 0.5333333333333333, 0.625668449197861, 0.9111111111111111, 0.5804195804195804, 0.4125874125874126, 0.7083333333333333, 0.7754010695187166, 0.8125, 0.8285714285714285, 0.7333333333333334]
 mean: 0.6751592493620358, std: 0.14379148110061954
--------------------------------------------------
Subject Number: 17
Accuracy Cross: [0.6363636363636364, 0.6363636363636364, 0.6363636363636364, 0.6363636363636364, 0.6666666666666666, 0.5454545454545454, 0.45454545454545453, 0.5454545454545454, 0.5757575757575758, 0.6060606060606061, 0.5625, 0.625, 0.53125, 0.53125, 0.53125]
 mean: 0.5813762626262627, std: 0.05684707458424626
F1 Score: [0.6192307692307693, 0.6278195488721805, 0.6278195488721805, 0.5909090909090909, 0.6552706552706553, 0.543778801843318, 0.45, 0.543778801843318, 0.49782608695652175, 0.6046082949308755, 0.5555555555555556, 0.6, 0.5195195195195195, 0.4909862142099682, 0.5195195195195195]
 mean: 0.5631081605022316, std: 0.05815838745325317
Accuracy Intime: [0.7857142857142857, 0.7857142857142857, 0.6666666666666666, 0.5, 0.75, 0.9285714285714286, 0.7142857142857143, 0.5, 0.6666666666666666, 0.8333333333333334, 0.9285714285714286, 1.0, 0.6428571428571429, 0.8333333333333334, 0.5833333333333334]
 mean: 0.7412698412698414, std: 0.14628601052659598
F1 (Intime): [0.7754010695187166, 0.7543859649122806, 0.625, 0.3333333333333333, 0.7482517482517483, 0.9251336898395721, 0.65, 0.4857142857142857, 0.6571428571428571, 0.8333333333333334, 0.9282051282051282, 1.0, 0.625668449197861, 0.8333333333333334, 0.5555555555555556]
 mean: 0.7153639165558671, std: 0.1736784144236224
--------------------------------------------------
Subject Number: 18
Accuracy Cross: [0.7878787878787878, 0.7272727272727273, 0.7878787878787878, 0.8787878787878788, 0.7878787878787878, 0.75, 0.71875, 0.78125, 0.75, 0.875, 0.84375, 0.84375, 0.90625, 0.78125, 0.8125]
 mean: 0.8021464646464646, std: 0.054815796223914026
F1 Score: [0.7870967741935484, 0.717948717948718, 0.7870967741935484, 0.8759398496240601, 0.7847157502329916, 0.7408906882591093, 0.718475073313783, 0.7793103448275862, 0.7333333333333334, 0.8704453441295547, 0.8398398398398399, 0.8398398398398399, 0.9039039039039038, 0.7702564102564102, 0.8095238095238095]
 mean: 0.7972410968946692, std: 0.056493541464645566
Accuracy Intime: [0.9285714285714286, 0.8571428571428571, 0.8333333333333334, 0.75, 0.5833333333333334, 0.9285714285714286, 0.9285714285714286, 0.8333333333333334, 0.75, 0.8333333333333334, 1.0, 0.7142857142857143, 1.0, 0.9166666666666666, 0.6666666666666666]
 mean: 0.8349206349206348, std: 0.11792059111973496
F1 (Intime): [0.9282051282051282, 0.8541666666666667, 0.8285714285714285, 0.7333333333333334, 0.5555555555555556, 0.9282051282051282, 0.9282051282051282, 0.8125, 0.7482517482517483, 0.8285714285714285, 1.0, 0.65, 1.0, 0.916083916083916, 0.6571428571428571]
 mean: 0.8245861545861547, std: 0.1286401860060714
--------------------------------------------------
Subject Number: 19
Accuracy Cross: [0.5625, 0.6875, 0.5625, 0.625, 0.59375, 0.53125, 0.59375, 0.625, 0.65625, 0.59375, 0.53125, 0.5625, 0.65625, 0.78125, 0.53125]
 mean: 0.60625, std: 0.06634034720037774
F1 Score: [0.45893719806763283, 0.6135265700483092, 0.45893719806763283, 0.5, 0.4793491864831039, 0.43859649122807015, 0.4793491864831039, 0.536231884057971, 0.5594493116395495, 0.5134502923976608, 0.5076923076923077, 0.5607843137254902, 0.6559139784946236, 0.7624602332979851, 0.530791788856305]
 mean: 0.5370313293693164, std: 0.0829612616929838
Accuracy Intime: [0.7142857142857143, 0.7857142857142857, 0.75, 0.75, 0.8333333333333334, 1.0, 0.7857142857142857, 0.8333333333333334, 0.6666666666666666, 0.5833333333333334, 0.8571428571428571, 0.8571428571428571, 1.0, 0.6666666666666666, 0.75]
 mean: 0.788888888888889, std: 0.11095226741143678
F1 (Intime): [0.7142857142857143, 0.7543859649122806, 0.7482517482517483, 0.7333333333333334, 0.8333333333333334, 1.0, 0.7754010695187166, 0.8125, 0.625, 0.4957983193277311, 0.8541666666666667, 0.8444444444444444, 1.0, 0.625, 0.7333333333333334]
 mean: 0.7699489284938202, std: 0.12858688719457634
--------------------------------------------------
Subject Number: 20
Accuracy Cross: [0.71875, 0.75, 0.8125, 0.6875, 0.71875, 0.625, 0.625, 0.6875, 0.6875, 0.71875, 0.5151515151515151, 0.6363636363636364, 0.6363636363636364, 0.6060606060606061, 0.7272727272727273]
 mean: 0.6768308080808081, std: 0.06914432393106829
F1 Score: [0.694591728525981, 0.7408906882591093, 0.8056680161943319, 0.6536796536796536, 0.7046153846153846, 0.6235294117647059, 0.611336032388664, 0.6825396825396826, 0.6536796536796536, 0.7117117117117118, 0.5037593984962406, 0.6071428571428572, 0.6278195488721805, 0.5814634146341464, 0.7102439024390244]
 mean: 0.660844738996222, std: 0.07063155003056736
Accuracy Intime: [0.8571428571428571, 0.8571428571428571, 0.75, 0.4166666666666667, 0.6666666666666666, 0.8571428571428571, 0.7857142857142857, 1.0, 0.5, 0.5833333333333334, 0.9285714285714286, 0.8571428571428571, 0.75, 0.75, 0.8333333333333334]
 mean: 0.7595238095238095, std: 0.15394779769197783
F1 (Intime): [0.8444444444444444, 0.8444444444444444, 0.6974789915966386, 0.4125874125874126, 0.6571428571428571, 0.8541666666666667, 0.7846153846153847, 1.0, 0.4857142857142857, 0.5804195804195804, 0.9251336898395721, 0.8444444444444444, 0.7333333333333334, 0.7333333333333334, 0.8285714285714285]
 mean: 0.748388686476922, std: 0.15545689322664338
--------------------------------------------------
Subject Number: 21
Accuracy Cross: [0.375, 0.34375, 0.40625, 0.46875, 0.5625, 0.375, 0.4375, 0.5, 0.5625, 0.5, 0.46875, 0.40625, 0.34375, 0.40625, 0.375]
 mean: 0.4354166666666667, std: 0.06984606089266754
F1 Score: [0.36507936507936506, 0.33793103448275863, 0.3552492046659597, 0.39756367663344405, 0.5333333333333333, 0.3522267206477733, 0.4285714285714286, 0.4666666666666667, 0.49090909090909085, 0.4920634920634921, 0.4420512820512821, 0.4009852216748768, 0.3107692307692308, 0.3764102564102564, 0.36507936507936506]
 mean: 0.40765929126922157, std: 0.06312364992513617
Accuracy Intime: [0.42857142857142855, 0.7142857142857143, 0.75, 0.5833333333333334, 0.5833333333333334, 0.5, 0.6428571428571429, 0.6666666666666666, 0.5833333333333334, 0.75, 0.35714285714285715, 0.5714285714285714, 0.5833333333333334, 0.6666666666666666, 0.75]
 mean: 0.6087301587301587, std: 0.11267605412013525
F1 (Intime): [0.41666666666666663, 0.7083333333333333, 0.6210526315789473, 0.4957983193277311, 0.5804195804195804, 0.49743589743589745, 0.625668449197861, 0.625, 0.4957983193277311, 0.7482517482517483, 0.35384615384615387, 0.5625, 0.5555555555555556, 0.6571428571428571, 0.7333333333333334]
 mean: 0.5784535230278264, std: 0.10946057208205684
--------------------------------------------------
Subject Number: 22
Accuracy Cross: [0.78125, 0.84375, 0.75, 0.65625, 0.71875, 0.6666666666666666, 0.6666666666666666, 0.7272727272727273, 0.6363636363636364, 0.6666666666666666, 0.71875, 0.8125, 0.75, 0.75, 0.84375]
 mean: 0.7325757575757575, std: 0.06476220453246247
F1 Score: [0.751937984496124, 0.8358974358974359, 0.722943722943723, 0.5883040935672514, 0.681063122923588, 0.6158730158730159, 0.593505039193729, 0.6857142857142857, 0.5416666666666666, 0.6158730158730159, 0.7117117117117118, 0.8117647058823529, 0.7408906882591093, 0.7090909090909091, 0.8398398398398399]
 mean: 0.6964050825288505, std: 0.0890844544075126
Accuracy Intime: [0.7857142857142857, 0.7857142857142857, 0.8333333333333334, 0.6666666666666666, 0.75, 0.8571428571428571, 1.0, 0.75, 0.75, 0.3333333333333333, 0.9285714285714286, 0.8571428571428571, 0.8333333333333334, 0.6666666666666666, 0.5]
 mean: 0.7531746031746032, std: 0.15992408125791424
F1 (Intime): [0.7543859649122806, 0.7543859649122806, 0.7777777777777777, 0.625, 0.7333333333333334, 0.8444444444444444, 1.0, 0.6210526315789473, 0.7333333333333334, 0.3142857142857143, 0.9251336898395721, 0.8571428571428571, 0.7777777777777777, 0.625, 0.3333333333333333]
 mean: 0.7117591215114436, std: 0.1835044767744896
--------------------------------------------------
Subject Number: 23
Accuracy Cross: [0.7878787878787878, 0.7878787878787878, 0.8181818181818182, 0.7272727272727273, 0.8484848484848485, 0.65625, 0.6875, 0.75, 0.75, 0.6875, 0.8181818181818182, 0.8484848484848485, 0.8484848484848485, 0.7575757575757576, 0.7272727272727273]
 mean: 0.7667297979797978, std: 0.0604199979555079
F1 Score: [0.7746341463414634, 0.7664307381193125, 0.8035714285714286, 0.6857142857142857, 0.8390243902439025, 0.6559139784946236, 0.6825396825396826, 0.746031746031746, 0.7490196078431373, 0.6862745098039216, 0.8035714285714286, 0.8390243902439025, 0.8390243902439025, 0.7272727272727273, 0.6857142857142857]
 mean: 0.7522507823833168, std: 0.06141617448523892
Accuracy Intime: [0.8571428571428571, 0.9285714285714286, 0.9166666666666666, 0.5, 0.75, 0.8571428571428571, 0.9285714285714286, 1.0, 0.8333333333333334, 0.75, 0.8571428571428571, 0.7857142857142857, 0.9166666666666666, 0.5, 0.6666666666666666]
 mean: 0.8031746031746031, std: 0.14468843861234248
F1 (Intime): [0.8541666666666667, 0.9251336898395721, 0.8991596638655461, 0.4375, 0.7333333333333334, 0.8541666666666667, 0.9251336898395721, 1.0, 0.8285714285714285, 0.7482517482517483, 0.8444444444444444, 0.7754010695187166, 0.8991596638655461, 0.3333333333333333, 0.625]
 mean: 0.7788503598797718, std: 0.17897275421574646
--------------------------------------------------
Subject Number: 24
Accuracy Cross: [0.5625, 0.4375, 0.46875, 0.53125, 0.46875, 0.53125, 0.5625, 0.5625, 0.65625, 0.6875, 0.5, 0.5, 0.46875, 0.5, 0.59375]
 mean: 0.5354166666666667, std: 0.06833841444523636
F1 Score: [0.5465587044534412, 0.4375, 0.464039408866995, 0.5195195195195195, 0.4682306940371457, 0.5270935960591133, 0.5625, 0.5555555555555556, 0.6389743589743591, 0.6875, 0.4817813765182186, 0.4817813765182186, 0.4682306940371457, 0.4920634920634921, 0.5901477832512315]
 mean: 0.5280984373236292, std: 0.06781061187300953
Accuracy Intime: [0.5, 0.5714285714285714, 0.5833333333333334, 0.5833333333333334, 0.4166666666666667, 0.35714285714285715, 0.5, 0.5, 0.75, 0.4166666666666667, 0.7142857142857143, 0.8571428571428571, 0.5833333333333334, 0.5833333333333334, 0.4166666666666667]
 mean: 0.5555555555555555, std: 0.13261332428066933
F1 (Intime): [0.4269005847953216, 0.5714285714285714, 0.5804195804195804, 0.5804195804195804, 0.4125874125874126, 0.35384615384615387, 0.47593582887700536, 0.5, 0.7482517482517483, 0.4125874125874126, 0.6888888888888889, 0.8571428571428571, 0.5555555555555556, 0.5804195804195804, 0.4125874125874126]
 mean: 0.5437980778538055, std: 0.13512505642742534
--------------------------------------------------
Subject Number: 25
Accuracy Cross: [0.3939393939393939, 0.5454545454545454, 0.5454545454545454, 0.3939393939393939, 0.48484848484848486, 0.5, 0.6875, 0.65625, 0.625, 0.65625, 0.65625, 0.65625, 0.59375, 0.59375, 0.6875]
 mean: 0.5784090909090909, std: 0.0951530682897755
F1 Score: [0.3653846153846154, 0.5454545454545454, 0.5386766076421249, 0.2826086956521739, 0.45268292682926825, 0.4817813765182186, 0.6761133603238867, 0.6476476476476476, 0.5, 0.6101882613510521, 0.6267232237539766, 0.6267232237539766, 0.539313399778516, 0.4793491864831039, 0.6363636363636364]
 mean: 0.5339340471291162, std: 0.10704581423532984
Accuracy Intime: [0.7857142857142857, 0.7142857142857143, 0.6666666666666666, 0.6666666666666666, 0.5833333333333334, 0.6428571428571429, 0.8571428571428571, 0.4166666666666667, 0.5833333333333334, 0.5, 0.7142857142857143, 0.7142857142857143, 0.5833333333333334, 0.6666666666666666, 0.5]
 mean: 0.6396825396825396, std: 0.11129236916163873
F1 (Intime): [0.7754010695187166, 0.7083333333333333, 0.625, 0.6571428571428571, 0.5555555555555556, 0.5906432748538011, 0.8541666666666667, 0.37777777777777777, 0.4957983193277311, 0.4375, 0.6888888888888889, 0.7083333333333333, 0.4957983193277311, 0.6571428571428571, 0.4375]
 mean: 0.6043321501912833, std: 0.13155172348934302
--------------------------------------------------
Subject Number: 26
Accuracy Cross: [0.7575757575757576, 0.7575757575757576, 0.8181818181818182, 0.7878787878787878, 0.8787878787878788, 0.75, 0.71875, 0.71875, 0.78125, 0.65625, 0.90625, 0.84375, 0.8125, 0.875, 0.90625]
 mean: 0.7979166666666667, std: 0.07174573072708587
F1 Score: [0.7461538461538462, 0.7461538461538462, 0.8096153846153846, 0.7664307381193125, 0.8730769230769231, 0.7490196078431373, 0.718475073313783, 0.718475073313783, 0.7757757757757757, 0.6532019704433498, 0.9015384615384616, 0.8303287380699894, 0.7922077922077921, 0.8666666666666667, 0.9015384615384616]
 mean: 0.7899105572553675, std: 0.0706657235563629
Accuracy Intime: [0.7857142857142857, 0.7857142857142857, 0.5833333333333334, 0.6666666666666666, 1.0, 0.9285714285714286, 0.9285714285714286, 0.9166666666666666, 0.75, 0.8333333333333334, 0.8571428571428571, 0.7142857142857143, 0.4166666666666667, 0.6666666666666666, 0.9166666666666666]
 mean: 0.7833333333333332, std: 0.1505971986822624
F1 (Intime): [0.7846153846153847, 0.7754010695187166, 0.4957983193277311, 0.6571428571428571, 1.0, 0.9251336898395721, 0.9251336898395721, 0.8991596638655461, 0.7333333333333334, 0.8333333333333334, 0.8571428571428571, 0.6888888888888889, 0.37777777777777777, 0.6571428571428571, 0.916083916083916]
 mean: 0.7684058425234895, std: 0.16598936950533968
--------------------------------------------------
Subject Number: 27
Accuracy Cross: [0.6363636363636364, 0.6363636363636364, 0.6363636363636364, 0.6363636363636364, 0.6666666666666666, 0.5454545454545454, 0.45454545454545453, 0.5454545454545454, 0.5757575757575758, 0.6060606060606061, 0.5625, 0.625, 0.53125, 0.53125, 0.53125]
 mean: 0.5813762626262627, std: 0.05684707458424626
F1 Score: [0.6192307692307693, 0.6278195488721805, 0.6278195488721805, 0.5909090909090909, 0.6552706552706553, 0.543778801843318, 0.45, 0.543778801843318, 0.49782608695652175, 0.6046082949308755, 0.5555555555555556, 0.6, 0.5195195195195195, 0.4909862142099682, 0.5195195195195195]
 mean: 0.5631081605022316, std: 0.05815838745325317
Accuracy Intime: [0.7857142857142857, 0.7857142857142857, 0.6666666666666666, 0.5, 0.75, 0.9285714285714286, 0.7142857142857143, 0.5, 0.6666666666666666, 0.8333333333333334, 0.9285714285714286, 1.0, 0.6428571428571429, 0.8333333333333334, 0.5833333333333334]
 mean: 0.7412698412698414, std: 0.14628601052659598
F1 (Intime): [0.7754010695187166, 0.7543859649122806, 0.625, 0.3333333333333333, 0.7482517482517483, 0.9251336898395721, 0.65, 0.4857142857142857, 0.6571428571428571, 0.8333333333333334, 0.9282051282051282, 1.0, 0.625668449197861, 0.8333333333333334, 0.5555555555555556]
 mean: 0.7153639165558671, std: 0.1736784144236224
--------------------------------------------------
Subject Number: 28
Accuracy Cross: [0.71875, 0.71875, 0.40625, 0.59375, 0.5, 0.59375, 0.53125, 0.4375, 0.59375, 0.625, 0.4375, 0.40625, 0.40625, 0.625, 0.46875]
 mean: 0.5375, std: 0.10594318445909266
F1 Score: [0.7117117117117118, 0.7117117117117118, 0.4009852216748768, 0.5134502923976608, 0.4920634920634921, 0.5733333333333333, 0.530791788856305, 0.4285714285714286, 0.539313399778516, 0.611336032388664, 0.37662337662337664, 0.3913913913913914, 0.3764102564102564, 0.6235294117647059, 0.39756367663344405]
 mean: 0.5119191016873916, std: 0.1128345449137005
Accuracy Intime: [0.5714285714285714, 0.9285714285714286, 0.5833333333333334, 0.6666666666666666, 0.5, 0.6428571428571429, 0.9285714285714286, 0.6666666666666666, 0.5833333333333334, 0.3333333333333333, 0.9285714285714286, 0.7857142857142857, 0.8333333333333334, 0.5, 0.75]
 mean: 0.6801587301587302, std: 0.17168558041826804
F1 (Intime): [0.5625, 0.9282051282051282, 0.4957983193277311, 0.625, 0.4857142857142857, 0.5238095238095237, 0.9282051282051282, 0.4, 0.5804195804195804, 0.25, 0.9282051282051282, 0.7754010695187166, 0.7777777777777777, 0.4375, 0.7482517482517483]
 mean: 0.6297858459623166, std: 0.2025244050812122
--------------------------------------------------
Subject Number: 29
Accuracy Cross: [0.875, 0.84375, 0.84375, 0.84375, 0.84375, 0.84375, 0.96875, 0.9375, 0.90625, 0.90625, 0.9090909090909091, 0.9393939393939394, 1.0, 0.9090909090909091, 0.9393939393939394]
 mean: 0.9006313131313131, std: 0.048934872251526706
F1 Score: [0.8666666666666667, 0.8303287380699894, 0.8303287380699894, 0.8303287380699894, 0.8303287380699894, 0.8398398398398399, 0.967967967967968, 0.9365079365079365, 0.9015384615384616, 0.9015384615384616, 0.905982905982906, 0.9388888888888889, 1.0, 0.905982905982906, 0.9379699248120301]
 mean: 0.8949465941337348, std: 0.05338320603421192
Accuracy Intime: [1.0, 1.0, 1.0, 1.0, 0.8333333333333334, 0.7142857142857143, 1.0, 1.0, 0.8333333333333334, 0.8333333333333334, 0.8571428571428571, 1.0, 1.0, 0.75, 0.8333333333333334]
 mean: 0.9103174603174604, std: 0.10165548307198753
F1 (Intime): [1.0, 1.0, 1.0, 1.0, 0.8285714285714285, 0.7142857142857143, 1.0, 1.0, 0.8285714285714285, 0.8285714285714285, 0.8541666666666667, 1.0, 1.0, 0.7333333333333334, 0.8285714285714285]
 mean: 0.9077380952380953, std: 0.10452376432728532
--------------------------------------------------
**************************************************
accuracy_cross_list: [0.8519570707070707, 0.6935606060606061, 0.5637626262626262, 0.7515151515151515, 0.5395833333333333, 0.6130050505050505, 0.5666666666666667, 0.7041666666666667, 0.8145833333333333, 0.5795454545454546, 0.5616161616161617, 0.744570707070707, 0.8127525252525253, 0.7375, 0.7020833333333333, 0.6020833333333333, 0.5813762626262627, 0.8021464646464646, 0.60625, 0.6768308080808081, 0.4354166666666667, 0.7325757575757575, 0.7667297979797978, 0.5354166666666667, 0.5784090909090909, 0.7979166666666667, 0.5813762626262627, 0.5375, 0.9006313131313131]
f1_score_list: [0.841634537642631, 0.6770721084825019, 0.546692436433942, 0.7386591524603351, 0.5190790957655296, 0.5437349244439836, 0.5535551163308969, 0.6712123209123979, 0.8013179860277188, 0.5720233911770015, 0.4987120921985877, 0.7136044815273636, 0.8048646398728299, 0.7221640043654141, 0.6928930360783833, 0.5832126503936872, 0.5631081605022316, 0.7972410968946692, 0.5370313293693164, 0.660844738996222, 0.40765929126922157, 0.6964050825288505, 0.7522507823833168, 0.5280984373236292, 0.5339340471291162, 0.7899105572553675, 0.5631081605022316, 0.5119191016873916, 0.8949465941337348]
accuracy_intime_list: [0.8634920634920634, 0.6595238095238094, 0.6420634920634921, 0.7587301587301586, 0.6825396825396824, 0.7293650793650793, 0.5761904761904761, 0.6936507936507936, 0.8579365079365079, 0.7285714285714285, 0.5825396825396826, 0.7285714285714285, 0.7579365079365079, 0.7904761904761906, 0.7880952380952381, 0.6896825396825398, 0.7412698412698414, 0.8349206349206348, 0.788888888888889, 0.7595238095238095, 0.6087301587301587, 0.7531746031746032, 0.8031746031746031, 0.5555555555555555, 0.6396825396825396, 0.7833333333333332, 0.7412698412698414, 0.6801587301587302, 0.9103174603174604]
f1_score_intime_list: [0.8494213297309272, 0.6305533730688531, 0.6225132764838647, 0.7367254277083999, 0.6733208458208458, 0.7123293101234277, 0.5438495545848487, 0.6607336408574798, 0.8379797109208874, 0.7093517593517595, 0.5496698476961636, 0.6827040007922361, 0.743079343830118, 0.783589906825201, 0.7771645783410489, 0.6751592493620358, 0.7153639165558671, 0.8245861545861547, 0.7699489284938202, 0.748388686476922, 0.5784535230278264, 0.7117591215114436, 0.7788503598797718, 0.5437980778538055, 0.6043321501912833, 0.7684058425234895, 0.7153639165558671, 0.6297858459623166, 0.9077380952380953]
**************************************************
ACC: 66.80±11.44
F1: 64.54±12.22
Intime: 72.86±8.68
F1 (Intime): 70.64±9.25
