1e-05
Subject Number: 1
Accuracy Cross: [0.7261904761904762, 0.7261904761904762, 0.7380952380952381, 0.7619047619047619, 0.7142857142857143, 0.8095238095238095, 0.8333333333333334, 0.8214285714285714, 0.8095238095238095, 0.8333333333333334, 0.7142857142857143, 0.75, 0.7261904761904762, 0.7380952380952381, 0.7023809523809523]
 mean: 0.7603174603174604, std: 0.04577101858824196
F1 Score: [0.7114264376400299, 0.7039987743220468, 0.71880706025563, 0.7475961538461539, 0.6971153846153846, 0.8077803203661327, 0.8318077803203661, 0.8207936282178923, 0.8085470085470086, 0.8329545454545455, 0.6888888888888889, 0.7333333333333334, 0.7039987743220468, 0.71880706025563, 0.6734566941377702]
 mean: 0.7466207896348571, std: 0.05508821266086258
Accuracy Intime: [0.8529411764705882, 0.9411764705882353, 0.8823529411764706, 0.8529411764705882, 0.84375, 0.6470588235294118, 0.7647058823529411, 0.7647058823529411, 0.8235294117647058, 0.96875, 0.8235294117647058, 0.7941176470588235, 0.8529411764705882, 0.9411764705882353, 0.875]
 mean: 0.8419117647058824, std: 0.07820605656684797
F1 (Intime): [0.8528138528138528, 0.9409722222222222, 0.8785714285714286, 0.8464317976513098, 0.8423645320197044, 0.6421052631578947, 0.7638888888888888, 0.7638888888888888, 0.8229166666666667, 0.9687194525904204, 0.8178571428571428, 0.7895667550839964, 0.8528138528138528, 0.9403508771929825, 0.875]
 mean: 0.8398841080946168, std: 0.07916062823550743
--------------------------------------------------
Subject Number: 2
Accuracy Cross: [0.7738095238095238, 0.8214285714285714, 0.8333333333333334, 0.8571428571428571, 0.7619047619047619, 0.7976190476190477, 0.7142857142857143, 0.8095238095238095, 0.7857142857142857, 0.7261904761904762, 0.8333333333333334, 0.8452380952380952, 0.8214285714285714, 0.8690476190476191, 0.8095238095238095]
 mean: 0.8039682539682539, std: 0.04344105455048892
F1 Score: [0.7722277722277722, 0.8214032600992204, 0.8332387975042541, 0.8550891316848763, 0.7613636363636364, 0.7909530083443127, 0.6888888888888889, 0.8023529411764705, 0.7754010695187166, 0.7039987743220468, 0.8324786324786324, 0.8441558441558441, 0.8193548387096774, 0.8685819940264543, 0.8090909090909091]
 mean: 0.7985719665727807, std: 0.049833694251103504
Accuracy Intime: [0.9411764705882353, 0.8529411764705882, 0.7647058823529411, 0.8823529411764706, 0.75, 0.7058823529411765, 0.7647058823529411, 0.7941176470588235, 0.9117647058823529, 0.625, 0.7941176470588235, 0.8529411764705882, 0.7647058823529411, 0.8823529411764706, 0.875]
 mean: 0.8107843137254903, std: 0.08216306308205037
F1 (Intime): [0.9411764705882353, 0.85178727114211, 0.7571428571428571, 0.880701754385965, 0.7490196078431373, 0.6886446886446886, 0.7614035087719297, 0.7850045167118338, 0.9098143236074271, 0.6, 0.7895667550839964, 0.8528138528138528, 0.7571428571428571, 0.8785714285714286, 0.875]
 mean: 0.8051859928300211, std: 0.08788815321594144
--------------------------------------------------
Subject Number: 3
Accuracy Cross: [0.5833333333333334, 0.5714285714285714, 0.6071428571428571, 0.5714285714285714, 0.5714285714285714, 0.7976190476190477, 0.7619047619047619, 0.6785714285714286, 0.7380952380952381, 0.7142857142857143, 0.6428571428571429, 0.6428571428571429, 0.6904761904761905, 0.6666666666666666, 0.6904761904761905]
 mean: 0.6619047619047618, std: 0.06993139927590696
F1 Score: [0.4957983193277311, 0.4874576271186441, 0.5452009844134537, 0.4874576271186441, 0.475, 0.7973605789697744, 0.7613636363636364, 0.6781609195402298, 0.7375, 0.7136363636363636, 0.5906432748538011, 0.5906432748538011, 0.6576802507836991, 0.625, 0.6576802507836991]
 mean: 0.6200388738508984, std: 0.10301012565149228
Accuracy Intime: [0.8235294117647058, 0.9411764705882353, 0.8529411764705882, 0.8529411764705882, 0.75, 0.7647058823529411, 0.7352941176470589, 0.6764705882352942, 0.7647058823529411, 0.875, 0.7058823529411765, 0.7058823529411765, 0.8823529411764706, 0.6764705882352942, 0.65625]
 mean: 0.7775735294117646, std: 0.08525660517221051
F1 (Intime): [0.8210526315789474, 0.9409722222222222, 0.8464317976513098, 0.8528138528138528, 0.7333333333333334, 0.7647058823529411, 0.7294429708222812, 0.6761904761904762, 0.7638888888888888, 0.8745098039215686, 0.7017543859649122, 0.7048611111111112, 0.8819444444444444, 0.6693191865605659, 0.6389743589743591]
 mean: 0.7733463564554144, std: 0.08789520759311306
--------------------------------------------------
Subject Number: 4
Accuracy Cross: [0.7023809523809523, 0.7142857142857143, 0.6904761904761905, 0.7261904761904762, 0.7380952380952381, 0.7142857142857143, 0.7023809523809523, 0.7738095238095238, 0.8095238095238095, 0.7142857142857143, 0.7976190476190477, 0.7619047619047619, 0.75, 0.6547619047619048, 0.7738095238095238]
 mean: 0.7349206349206349, std: 0.04111693284758293
F1 Score: [0.702338766832034, 0.7128205128205127, 0.6897727272727273, 0.725216896600768, 0.7367521367521368, 0.7083333333333333, 0.6925779534475187, 0.7722277722277722, 0.8077803203661327, 0.7083333333333333, 0.7909530083443127, 0.7551020408163265, 0.7456380677721701, 0.6361463778939507, 0.7682590387686947]
 mean: 0.7301501524387817, std: 0.04303571542127005
Accuracy Intime: [0.7941176470588235, 0.8529411764705882, 0.7647058823529411, 0.8529411764705882, 0.78125, 0.8235294117647058, 0.9117647058823529, 0.7647058823529411, 0.8823529411764706, 0.90625, 0.7647058823529411, 0.7941176470588235, 0.7647058823529411, 0.7352941176470589, 0.75]
 mean: 0.8095588235294116, std: 0.05623838467797599
F1 (Intime): [0.7895667550839964, 0.8528138528138528, 0.7638888888888888, 0.8496905393457117, 0.7810361681329423, 0.8235294117647058, 0.9116883116883117, 0.7614035087719297, 0.8819444444444444, 0.9054187192118226, 0.7638888888888888, 0.7925021795989537, 0.7509157509157509, 0.7043478260869566, 0.7408906882591093]
 mean: 0.8049017289264178, std: 0.0607886405762227
--------------------------------------------------
Subject Number: 5
Accuracy Cross: [0.8095238095238095, 0.8214285714285714, 0.8690476190476191, 0.8095238095238095, 0.8690476190476191, 0.8095238095238095, 0.7619047619047619, 0.7738095238095238, 0.8452380952380952, 0.8214285714285714, 0.7857142857142857, 0.8214285714285714, 0.8095238095238095, 0.7857142857142857, 0.8095238095238095]
 mean: 0.8134920634920636, std: 0.02969569354582494
F1 Score: [0.8090909090909091, 0.8201798201798203, 0.8688803746275011, 0.8094157685762904, 0.8688803746275011, 0.8023529411764705, 0.7529411764705882, 0.7711827956989248, 0.8425378514780101, 0.8183129055515501, 0.78125, 0.8183129055515501, 0.8077803203661327, 0.78125, 0.8077803203661327]
 mean: 0.8106765642507588, std: 0.03131835371241505
Accuracy Intime: [0.8235294117647058, 0.8823529411764706, 0.8823529411764706, 0.8529411764705882, 0.875, 0.7352941176470589, 0.6764705882352942, 0.8529411764705882, 0.9705882352941176, 0.78125, 0.7352941176470589, 0.8823529411764706, 0.9705882352941176, 0.7941176470588235, 0.84375]
 mean: 0.8372549019607843, std: 0.07976858680814586
F1 (Intime): [0.8229166666666667, 0.8819444444444444, 0.8819444444444444, 0.8496905393457117, 0.8745098039215686, 0.7235772357723578, 0.6693191865605659, 0.8528138528138528, 0.970357454228422, 0.7793103448275862, 0.7235772357723578, 0.8823529411764706, 0.970357454228422, 0.7895667550839964, 0.8435972629521017]
 mean: 0.834389041482598, std: 0.08288439679304768
--------------------------------------------------
Subject Number: 6
Accuracy Cross: [0.5952380952380952, 0.6547619047619048, 0.6071428571428571, 0.6190476190476191, 0.6785714285714286, 0.6428571428571429, 0.6428571428571429, 0.6785714285714286, 0.5952380952380952, 0.6785714285714286, 0.6904761904761905, 0.7261904761904762, 0.7023809523809523, 0.5952380952380952, 0.6190476190476191]
 mean: 0.6484126984126984, std: 0.04120874598649895
F1 Score: [0.5952380952380952, 0.6547129695251594, 0.6070871722182849, 0.6181818181818182, 0.6781609195402298, 0.6426545660805445, 0.6395881006864989, 0.6785258681785967, 0.5915331807780321, 0.6781609195402298, 0.6888888888888889, 0.7261516654854713, 0.7020008514261388, 0.5943181818181817, 0.6188315371525808]
 mean: 0.64760231564925, std: 0.041518455888899596
Accuracy Intime: [0.7352941176470589, 0.7647058823529411, 0.6176470588235294, 0.7941176470588235, 0.8125, 0.6764705882352942, 0.7352941176470589, 0.7058823529411765, 0.8235294117647058, 0.71875, 0.7058823529411765, 0.5588235294117647, 0.6470588235294118, 0.6764705882352942, 0.75]
 mean: 0.7148284313725489, std: 0.07009396841326669
F1 (Intime): [0.7332170880557978, 0.7647058823529411, 0.6173160173160173, 0.793939393939394, 0.8125, 0.6761904761904762, 0.7332170880557978, 0.6964285714285714, 0.8229166666666667, 0.718475073313783, 0.7048611111111112, 0.5553618134263296, 0.6263736263736264, 0.6739319965126417, 0.7490196078431373]
 mean: 0.711896960839086, std: 0.07214090912017415
--------------------------------------------------
Subject Number: 7
Accuracy Cross: [0.6666666666666666, 0.5714285714285714, 0.5833333333333334, 0.5595238095238095, 0.5952380952380952, 0.5952380952380952, 0.5952380952380952, 0.5952380952380952, 0.5595238095238095, 0.6309523809523809, 0.6428571428571429, 0.5833333333333334, 0.5952380952380952, 0.5952380952380952, 0.6190476190476191]
 mean: 0.5992063492063492, std: 0.028725335033101356
F1 Score: [0.6659090909090909, 0.5704545454545455, 0.5832742735648476, 0.5518385003604902, 0.5943181818181817, 0.5654290931223371, 0.5523510971786834, 0.5709134615384616, 0.5579576162708006, 0.6110530246452577, 0.6377228292121909, 0.5828011919965943, 0.595008508224617, 0.5943181818181817, 0.6007130124777184]
 mean: 0.5889375072394666, std: 0.030540317514833916
Accuracy Intime: [0.6764705882352942, 0.6764705882352942, 0.6764705882352942, 0.8529411764705882, 0.71875, 0.47058823529411764, 0.6176470588235294, 0.7058823529411765, 0.6470588235294118, 0.65625, 0.5588235294117647, 0.6176470588235294, 0.6176470588235294, 0.6470588235294118, 0.65625]
 mean: 0.653063725490196, std: 0.07947036992660009
F1 (Intime): [0.6693191865605659, 0.6693191865605659, 0.6739319965126417, 0.85178727114211, 0.694591728525981, 0.4535714285714286, 0.6146469049694856, 0.7048611111111112, 0.6421052631578947, 0.6476476476476476, 0.5553618134263296, 0.6146469049694856, 0.5729468599033817, 0.6263736263736264, 0.6267232237539766]
 mean: 0.6411889435457488, std: 0.08287189373953248
--------------------------------------------------
Subject Number: 8
Accuracy Cross: [0.8571428571428571, 0.8452380952380952, 0.8809523809523809, 0.8095238095238095, 0.8571428571428571, 0.8690476190476191, 0.8571428571428571, 0.9166666666666666, 0.8809523809523809, 0.8928571428571429, 0.8928571428571429, 0.8690476190476191, 0.8809523809523809, 0.9285714285714286, 0.8333333333333334]
 mean: 0.8714285714285714, std: 0.02954684201426395
F1 Score: [0.8568181818181818, 0.8446878111221732, 0.8806818181818181, 0.8094157685762904, 0.8570618264322178, 0.8685819940264543, 0.8550891316848763, 0.9166548547129695, 0.8803418803418803, 0.8924761769307352, 0.8921078921078921, 0.86676279740447, 0.879862700228833, 0.9282051282051282, 0.8309373202990225]
 mean: 0.8706456854715297, std: 0.02975853335190996
Accuracy Intime: [0.9411764705882353, 1.0, 1.0, 0.9411764705882353, 0.9375, 0.9411764705882353, 0.9411764705882353, 0.8529411764705882, 0.7941176470588235, 0.9375, 0.8823529411764706, 0.9117647058823529, 0.8529411764705882, 0.8235294117647058, 0.90625]
 mean: 0.9109068627450981, std: 0.057611856915791744
F1 (Intime): [0.9411764705882353, 1.0, 1.0, 0.9403508771929825, 0.9372549019607843, 0.9409722222222222, 0.9411764705882353, 0.8528138528138528, 0.7925021795989537, 0.9375, 0.8819444444444444, 0.9116883116883117, 0.85178727114211, 0.8229166666666667, 0.906158357771261]
 mean: 0.910549468445204, std: 0.057949342626799204
--------------------------------------------------
Subject Number: 9
Accuracy Cross: [0.7976190476190477, 0.7857142857142857, 0.7857142857142857, 0.7738095238095238, 0.7738095238095238, 0.8333333333333334, 0.7619047619047619, 0.7857142857142857, 0.8095238095238095, 0.8214285714285714, 0.7023809523809523, 0.7261904761904762, 0.7142857142857143, 0.7023809523809523, 0.6904761904761905]
 mean: 0.7642857142857141, std: 0.044585942556152836
F1 Score: [0.79408795962509, 0.7837528604118993, 0.78125, 0.7682590387686947, 0.7682590387686947, 0.8324786324786324, 0.7606837606837606, 0.7852272727272727, 0.8090909090909091, 0.8214032600992204, 0.6734566941377702, 0.7039987743220468, 0.6932440657334145, 0.6782595373065727, 0.6576802507836991]
 mean: 0.7540754703291784, std: 0.05543227421669154
Accuracy Intime: [0.8529411764705882, 0.7941176470588235, 0.8235294117647058, 0.7352941176470589, 0.78125, 0.9411764705882353, 0.7941176470588235, 0.8235294117647058, 0.9117647058823529, 0.8125, 0.9117647058823529, 0.9705882352941176, 0.8823529411764706, 0.9117647058823529, 0.9375]
 mean: 0.8589460784313726, std: 0.06769921085737458
F1 (Intime): [0.85178727114211, 0.7895667550839964, 0.8229166666666667, 0.7350649350649351, 0.7793103448275862, 0.9411764705882353, 0.793939393939394, 0.8178571428571428, 0.9116883116883117, 0.8117647058823529, 0.9116883116883117, 0.9705627705627706, 0.880701754385965, 0.9110723626852659, 0.9372549019607843]
 mean: 0.8577568066015886, std: 0.06835038250682765
--------------------------------------------------
Subject Number: 10
Accuracy Cross: [0.6666666666666666, 0.6785714285714286, 0.6071428571428571, 0.6785714285714286, 0.6666666666666666, 0.6666666666666666, 0.6547619047619048, 0.6309523809523809, 0.6547619047619048, 0.6904761904761905, 0.7142857142857143, 0.6904761904761905, 0.75, 0.6666666666666666, 0.75]
 mean: 0.6777777777777777, std: 0.03725934791843018
F1 Score: [0.6666666666666666, 0.6774285307922059, 0.6066411238825031, 0.6748387096774193, 0.6659090909090909, 0.6659090909090909, 0.654320987654321, 0.6304810557684121, 0.650752688172043, 0.690300623936472, 0.7142857142857143, 0.6876430205949657, 0.7496807151979565, 0.6636155606407322, 0.7491110795050491]
 mean: 0.6765056439061762, std: 0.03742874852517308
Accuracy Intime: [0.7647058823529411, 0.7647058823529411, 0.6470588235294118, 0.7058823529411765, 0.625, 0.9117647058823529, 0.7058823529411765, 0.6764705882352942, 0.6470588235294118, 0.625, 0.7647058823529411, 0.5882352941176471, 0.5882352941176471, 0.5588235294117647, 0.59375]
 mean: 0.6778186274509803, std: 0.09081320608090437
F1 (Intime): [0.7638888888888888, 0.7571428571428571, 0.6458333333333333, 0.7017543859649122, 0.611336032388664, 0.9116883116883117, 0.7017543859649122, 0.6761904761904762, 0.6458333333333333, 0.6235294117647059, 0.7571428571428571, 0.5868055555555556, 0.5492424242424242, 0.5553618134263296, 0.5901477832512315]
 mean: 0.6718434566852528, std: 0.093883324000611
--------------------------------------------------
Subject Number: 11
Accuracy Cross: [0.6428571428571429, 0.6190476190476191, 0.6785714285714286, 0.6428571428571429, 0.6428571428571429, 0.8690476190476191, 0.8095238095238095, 0.8095238095238095, 0.7738095238095238, 0.7976190476190477, 0.7857142857142857, 0.6785714285714286, 0.7976190476190477, 0.7142857142857143, 0.75]
 mean: 0.7341269841269841, std: 0.07612430989385269
F1 Score: [0.6426545660805445, 0.6188315371525808, 0.6748387096774193, 0.6420454545454546, 0.6426545660805445, 0.8688803746275011, 0.8094157685762904, 0.8094157685762904, 0.7737774627923459, 0.7975903614457831, 0.7837528604118993, 0.6748387096774193, 0.7962037962037962, 0.7136363636363636, 0.7499645641389086]
 mean: 0.7332333909082094, std: 0.07642280105353151
Accuracy Intime: [0.9117647058823529, 0.6470588235294118, 0.7941176470588235, 0.8529411764705882, 0.71875, 0.7352941176470589, 0.7647058823529411, 0.7058823529411765, 0.8235294117647058, 0.75, 0.6176470588235294, 0.7941176470588235, 0.8529411764705882, 0.7058823529411765, 0.8125]
 mean: 0.7658088235294118, std: 0.07756046028744283
F1 (Intime): [0.9116883116883117, 0.6263736263736264, 0.7850045167118338, 0.8528138528138528, 0.718475073313783, 0.7294429708222812, 0.7571428571428571, 0.6964285714285714, 0.8178571428571428, 0.75, 0.6146469049694856, 0.7925021795989537, 0.8528138528138528, 0.7017543859649122, 0.8125]
 mean: 0.7612962830999643, std: 0.08049095212071268
--------------------------------------------------
Subject Number: 12
Accuracy Cross: [0.7380952380952381, 0.8571428571428571, 0.8809523809523809, 0.9047619047619048, 0.7976190476190477, 0.7380952380952381, 0.7261904761904762, 0.75, 0.75, 0.7261904761904762, 0.7738095238095238, 0.7857142857142857, 0.7857142857142857, 0.8095238095238095, 0.7619047619047619]
 mean: 0.7857142857142859, std: 0.054119768638832756
F1 Score: [0.7375, 0.8568181818181818, 0.8806818181818181, 0.9047619047619048, 0.7952688172043011, 0.7282352941176471, 0.7114264376400299, 0.7393231860499483, 0.7365197908887229, 0.7171717171717171, 0.7641495492832866, 0.7776470588235294, 0.7776470588235294, 0.8055555555555556, 0.7529411764705882]
 mean: 0.7790431697860505, std: 0.05782217988586683
Accuracy Intime: [0.6764705882352942, 0.7058823529411765, 0.7647058823529411, 0.7941176470588235, 0.84375, 0.9117647058823529, 0.9117647058823529, 0.9117647058823529, 0.8235294117647058, 0.9375, 0.8823529411764706, 0.8529411764705882, 0.8823529411764706, 0.7058823529411765, 0.90625]
 mean: 0.8340686274509804, std: 0.08300595295328178
F1 (Intime): [0.6693191865605659, 0.7048611111111112, 0.7614035087719297, 0.7925021795989537, 0.8435972629521017, 0.9116883116883117, 0.9116883116883117, 0.9116883116883117, 0.8210526315789474, 0.9375, 0.8819444444444444, 0.8464317976513098, 0.8819444444444444, 0.7048611111111112, 0.9054187192118226]
 mean: 0.8323934221667784, std: 0.08420531039891138
--------------------------------------------------
Subject Number: 13
Accuracy Cross: [0.7023809523809523, 0.7023809523809523, 0.7142857142857143, 0.7619047619047619, 0.7738095238095238, 0.7142857142857143, 0.7023809523809523, 0.75, 0.7619047619047619, 0.7857142857142857, 0.7976190476190477, 0.7619047619047619, 0.8214285714285714, 0.8333333333333334, 0.7619047619047619]
 mean: 0.7563492063492063, std: 0.04120874598649897
F1 Score: [0.701322713696487, 0.701322713696487, 0.7101782633697526, 0.7597254004576659, 0.7735206470838655, 0.7101782633697526, 0.6971881759192502, 0.7470967741935484, 0.7597254004576659, 0.7837528604118993, 0.7962037962037962, 0.7597254004576659, 0.8212005108556832, 0.8309373202990225, 0.7597254004576659]
 mean: 0.7541202427286806, std: 0.04185636767910954
Accuracy Intime: [0.9705882352941176, 0.7941176470588235, 0.7647058823529411, 0.9411764705882353, 0.8125, 0.9117647058823529, 0.8529411764705882, 0.8529411764705882, 0.7647058823529411, 0.84375, 0.8529411764705882, 0.7941176470588235, 0.6764705882352942, 0.8235294117647058, 0.6875]
 mean: 0.8229166666666666, std: 0.07964649253764182
F1 (Intime): [0.9705627705627706, 0.793939393939394, 0.7638888888888888, 0.9403508771929825, 0.8095238095238095, 0.9116883116883117, 0.8528138528138528, 0.8528138528138528, 0.7614035087719297, 0.8398398398398399, 0.8528138528138528, 0.793939393939394, 0.6693191865605659, 0.8229166666666667, 0.6875]
 mean: 0.821554280401074, std: 0.08060909306140586
--------------------------------------------------
Subject Number: 14
Accuracy Cross: [0.8452380952380952, 0.7857142857142857, 0.8214285714285714, 0.8571428571428571, 0.7857142857142857, 0.8333333333333334, 0.75, 0.8214285714285714, 0.8452380952380952, 0.8333333333333334, 0.7619047619047619, 0.8452380952380952, 0.8095238095238095, 0.7976190476190477, 0.7857142857142857]
 mean: 0.8119047619047619, std: 0.031706324373711396
F1 Score: [0.8450404427415921, 0.7852272727272727, 0.8201798201798203, 0.8570618264322178, 0.7852272727272727, 0.8309373202990225, 0.7438652533759256, 0.8183129055515501, 0.8450404427415921, 0.8298611111111112, 0.7597254004576659, 0.8450404427415921, 0.8094157685762904, 0.7973605789697744, 0.7857142857142857]
 mean: 0.8105340096231325, std: 0.03243271235543972
Accuracy Intime: [0.8235294117647058, 0.8823529411764706, 0.8823529411764706, 0.8823529411764706, 0.84375, 0.9411764705882353, 0.6764705882352942, 0.7352941176470589, 0.8235294117647058, 0.96875, 0.8235294117647058, 0.9117647058823529, 0.7941176470588235, 0.7941176470588235, 0.9375]
 mean: 0.8480392156862747, std: 0.07686569153266176
F1 (Intime): [0.8229166666666667, 0.8823529411764706, 0.880701754385965, 0.880701754385965, 0.8423645320197044, 0.9411764705882353, 0.6761904761904762, 0.7235772357723578, 0.8131868131868132, 0.9687194525904204, 0.8229166666666667, 0.9116883116883117, 0.7850045167118338, 0.7895667550839964, 0.9372549019607843]
 mean: 0.8452212832716445, std: 0.07889455831496879
--------------------------------------------------
**************************************************
accuracy_cross_list: [0.7603174603174604, 0.8039682539682539, 0.6619047619047618, 0.7349206349206349, 0.8134920634920636, 0.6484126984126984, 0.5992063492063492, 0.8714285714285714, 0.7642857142857141, 0.6777777777777777, 0.7341269841269841, 0.7857142857142859, 0.7563492063492063, 0.8119047619047619]
f1_score_list: [0.7466207896348571, 0.7985719665727807, 0.6200388738508984, 0.7301501524387817, 0.8106765642507588, 0.64760231564925, 0.5889375072394666, 0.8706456854715297, 0.7540754703291784, 0.6765056439061762, 0.7332333909082094, 0.7790431697860505, 0.7541202427286806, 0.8105340096231325]
accuracy_intime_list: [0.8419117647058824, 0.8107843137254903, 0.7775735294117646, 0.8095588235294116, 0.8372549019607843, 0.7148284313725489, 0.653063725490196, 0.9109068627450981, 0.8589460784313726, 0.6778186274509803, 0.7658088235294118, 0.8340686274509804, 0.8229166666666666, 0.8480392156862747]
f1_score_intime_list: [0.8398841080946168, 0.8051859928300211, 0.7733463564554144, 0.8049017289264178, 0.834389041482598, 0.711896960839086, 0.6411889435457488, 0.910549468445204, 0.8577568066015886, 0.6718434566852528, 0.7612962830999643, 0.8323934221667784, 0.821554280401074, 0.8452212832716445]
**************************************************
ACC: 74.46±7.23
F1: 73.72±7.66
Intime: 79.74±6.99
F1 (Intime): 79.37±7.22
