1e-05
Subject Number: 1
Accuracy Cross: [0.625, 0.59375, 0.5625, 0.65625, 0.71875, 0.6666666666666666, 0.8181818181818182, 0.5757575757575758, 0.6666666666666666, 0.7575757575757576, 0.84375, 0.78125, 0.8125, 0.78125, 0.8125]
 mean: 0.711489898989899, std: 0.09317570160045957
F1 Score: [0.6, 0.5733333333333333, 0.5465587044534412, 0.5594493116395495, 0.694591728525981, 0.6329625884732053, 0.8035714285714286, 0.5657894736842105, 0.593505039193729, 0.7461538461538462, 0.8398398398398399, 0.7757757757757757, 0.8117647058823529, 0.751937984496124, 0.8056680161943319]
 mean: 0.6867267850811433, std: 0.10490834246978363
Accuracy Intime: [0.8571428571428571, 0.7142857142857143, 0.5, 0.6666666666666666, 0.6666666666666666, 0.7142857142857143, 0.9285714285714286, 0.6666666666666666, 0.5833333333333334, 0.9166666666666666, 0.8571428571428571, 0.7142857142857143, 0.5, 0.6666666666666666, 0.6666666666666666]
 mean: 0.7079365079365078, std: 0.12842927669782592
F1 (Intime): [0.8571428571428571, 0.65, 0.4375, 0.625, 0.6666666666666666, 0.65, 0.9251336898395721, 0.6571428571428571, 0.4957983193277311, 0.916083916083916, 0.8541666666666667, 0.6888888888888889, 0.5, 0.625, 0.6666666666666666]
 mean: 0.6810127018950548, std: 0.14409901769472838
--------------------------------------------------
Subject Number: 2
Accuracy Cross: [0.6666666666666666, 0.6363636363636364, 0.6363636363636364, 0.7272727272727273, 0.6666666666666666, 0.59375, 0.53125, 0.59375, 0.65625, 0.625, 0.6363636363636364, 0.6060606060606061, 0.6363636363636364, 0.6363636363636364, 0.5454545454545454]
 mean: 0.6262626262626263, std: 0.0468747342950671
F1 Score: [0.6329625884732053, 0.6333333333333333, 0.6192307692307693, 0.6996966632962589, 0.6458536585365854, 0.5134502923976608, 0.5076923076923077, 0.5901477832512315, 0.6101882613510521, 0.611336032388664, 0.6360294117647058, 0.6060606060606061, 0.6333333333333333, 0.6360294117647058, 0.5386766076421249]
 mean: 0.6076014040344364, std: 0.0500588322613446
Accuracy Intime: [0.6428571428571429, 0.8571428571428571, 0.75, 0.4166666666666667, 0.6666666666666666, 0.7857142857142857, 0.7857142857142857, 0.5714285714285714, 0.5, 0.4166666666666667, 0.7857142857142857, 0.5, 0.4166666666666667, 0.5833333333333334, 0.25]
 mean: 0.5952380952380952, std: 0.17174793884455933
F1 (Intime): [0.641025641025641, 0.8541666666666667, 0.7333333333333334, 0.4125874125874126, 0.6571428571428571, 0.7543859649122806, 0.7754010695187166, 0.5625, 0.4857142857142857, 0.4125874125874126, 0.7754010695187166, 0.49743589743589745, 0.4125874125874126, 0.5804195804195804, 0.24475524475524477]
 mean: 0.5866295898803638, std: 0.16871099400053163
--------------------------------------------------
Subject Number: 3
Accuracy Cross: [0.59375, 0.53125, 0.53125, 0.59375, 0.46875, 0.5757575757575758, 0.48484848484848486, 0.5757575757575758, 0.5757575757575758, 0.36363636363636365, 0.48484848484848486, 0.48484848484848486, 0.45454545454545453, 0.48484848484848486, 0.48484848484848486]
 mean: 0.5125631313131312, std: 0.061734354784488334
F1 Score: [0.5933528836754643, 0.530791788856305, 0.530791788856305, 0.5835835835835836, 0.45545545545545546, 0.5722222222222222, 0.4771668219944082, 0.5722222222222222, 0.4652777777777778, 0.36363636363636365, 0.4771668219944082, 0.48294930875576036, 0.45, 0.4327603640040445, 0.4771668219944082]
 mean: 0.49763628166858187, std: 0.0625067374601296
Accuracy Intime: [0.35714285714285715, 0.35714285714285715, 0.7142857142857143, 0.8333333333333334, 0.6666666666666666, 0.5, 0.5, 0.75, 0.5833333333333334, 0.5833333333333334, 0.5714285714285714, 0.7142857142857143, 0.6666666666666666, 0.6666666666666666, 0.5833333333333334]
 mean: 0.6031746031746031, std: 0.13060319003634419
F1 (Intime): [0.35384615384615387, 0.35384615384615387, 0.7142857142857143, 0.8285714285714285, 0.625, 0.47593582887700536, 0.4269005847953216, 0.7333333333333334, 0.5555555555555556, 0.5555555555555556, 0.5625, 0.7142857142857143, 0.6666666666666666, 0.6571428571428571, 0.4957983193277311]
 mean: 0.5812815910726127, std: 0.13710769693542119
--------------------------------------------------
Subject Number: 4
Accuracy Cross: [0.6363636363636364, 0.6060606060606061, 0.5757575757575758, 0.696969696969697, 0.6363636363636364, 0.6363636363636364, 0.6363636363636364, 0.6363636363636364, 0.5151515151515151, 0.5757575757575758, 0.6060606060606061, 0.5757575757575758, 0.5757575757575758, 0.6060606060606061, 0.6363636363636364]
 mean: 0.6101010101010103, std: 0.04120419808963866
F1 Score: [0.6192307692307693, 0.5814634146341464, 0.49782608695652175, 0.6413043478260869, 0.5909090909090909, 0.6278195488721805, 0.6360294117647058, 0.6192307692307693, 0.4260869565217391, 0.5657894736842105, 0.5925925925925926, 0.5753676470588236, 0.5753676470588236, 0.6001863932898416, 0.6278195488721805]
 mean: 0.5851349132334989, std: 0.055092274199046234
Accuracy Intime: [0.7142857142857143, 0.6428571428571429, 0.6428571428571429, 0.5, 0.75, 0.7857142857142857, 0.5714285714285714, 0.6428571428571429, 0.4166666666666667, 0.4166666666666667, 0.6428571428571429, 0.7857142857142857, 1.0, 0.75, 0.5833333333333334]
 mean: 0.6563492063492065, std: 0.1472131302544877
F1 (Intime): [0.65, 0.625668449197861, 0.5906432748538011, 0.4375, 0.7482517482517483, 0.7846153846153847, 0.5333333333333333, 0.625668449197861, 0.29411764705882354, 0.4125874125874126, 0.641025641025641, 0.7543859649122806, 1.0, 0.7482517482517483, 0.5804195804195804]
 mean: 0.6284312422470317, std: 0.1663850883171755
--------------------------------------------------
Subject Number: 5
Accuracy Cross: [0.46875, 0.5625, 0.5625, 0.59375, 0.5625, 0.46875, 0.4375, 0.5625, 0.65625, 0.5, 0.5625, 0.4375, 0.40625, 0.5, 0.46875]
 mean: 0.5166666666666667, std: 0.06737900678665094
F1 Score: [0.45545545545545546, 0.5465587044534412, 0.5465587044534412, 0.5901477832512315, 0.5607843137254902, 0.4231177094379639, 0.34545454545454546, 0.5465587044534412, 0.6559139784946236, 0.4817813765182186, 0.5555555555555556, 0.34545454545454546, 0.3552492046659597, 0.4817813765182186, 0.4420512820512821]
 mean: 0.4888282159962276, std: 0.09109933509233768
Accuracy Intime: [0.7142857142857143, 0.8571428571428571, 0.5, 0.4166666666666667, 0.75, 0.7142857142857143, 0.5, 0.6666666666666666, 0.5833333333333334, 0.6666666666666666, 0.7857142857142857, 0.7142857142857143, 0.6666666666666666, 0.5, 0.75]
 mean: 0.6523809523809523, std: 0.12134295145153265
F1 (Intime): [0.7083333333333333, 0.8571428571428571, 0.4857142857142857, 0.37777777777777777, 0.7482517482517483, 0.7142857142857143, 0.4269005847953216, 0.6666666666666666, 0.5804195804195804, 0.6571428571428571, 0.7846153846153847, 0.7142857142857143, 0.6666666666666666, 0.5, 0.7482517482517483]
 mean: 0.6424303279566438, std: 0.13415437773809172
--------------------------------------------------
Subject Number: 6
Accuracy Cross: [0.625, 0.5625, 0.6875, 0.65625, 0.6875, 0.42424242424242425, 0.42424242424242425, 0.48484848484848486, 0.5151515151515151, 0.5151515151515151, 0.5757575757575758, 0.5757575757575758, 0.5454545454545454, 0.6666666666666666, 0.45454545454545453]
 mean: 0.5600378787878789, std: 0.08784272488007006
F1 Score: [0.6, 0.5555555555555556, 0.6536796536796536, 0.5883040935672514, 0.6536796536796536, 0.3660262891809909, 0.2978723404255319, 0.32653061224489793, 0.34, 0.38888888888888884, 0.5657894736842105, 0.5416666666666666, 0.5299145299145299, 0.6329625884732053, 0.44172932330827064]
 mean: 0.49883997795128715, std: 0.12192192585072038
Accuracy Intime: [0.42857142857142855, 0.5714285714285714, 0.7857142857142857, 0.6666666666666666, 0.5, 0.9285714285714286, 0.8571428571428571, 0.8333333333333334, 0.6666666666666666, 0.75, 0.6428571428571429, 0.5714285714285714, 0.6666666666666666, 0.5, 0.3333333333333333]
 mean: 0.6468253968253969, std: 0.16123031011560704
F1 (Intime): [0.42857142857142855, 0.475, 0.7543859649122806, 0.625, 0.4857142857142857, 0.9251336898395721, 0.8541666666666667, 0.7777777777777777, 0.625, 0.7333333333333334, 0.625668449197861, 0.5714285714285714, 0.6571428571428571, 0.5, 0.3142857142857143]
 mean: 0.6235072492580234, std: 0.161439075401957
--------------------------------------------------
Subject Number: 7
Accuracy Cross: [0.5, 0.53125, 0.40625, 0.59375, 0.53125, 0.28125, 0.46875, 0.46875, 0.5, 0.5, 0.5, 0.5625, 0.5625, 0.59375, 0.5625]
 mean: 0.5041666666666667, std: 0.07728015412913088
F1 Score: [0.4817813765182186, 0.4909862142099682, 0.4056695992179863, 0.539313399778516, 0.5270935960591133, 0.2748768472906404, 0.4682306940371457, 0.45545545545545546, 0.4666666666666667, 0.5, 0.5, 0.5465587044534412, 0.5555555555555556, 0.5835835835835836, 0.5625]
 mean: 0.4905514461884194, std: 0.07356789077907924
Accuracy Intime: [0.5714285714285714, 0.6428571428571429, 0.6666666666666666, 0.3333333333333333, 0.75, 0.5, 0.5714285714285714, 0.75, 0.5, 0.5833333333333334, 0.7857142857142857, 0.6428571428571429, 0.25, 0.6666666666666666, 0.75]
 mean: 0.5976190476190476, std: 0.1483214217235706
F1 (Intime): [0.5333333333333333, 0.625668449197861, 0.625, 0.3142857142857143, 0.7482517482517483, 0.4269005847953216, 0.5625, 0.7482517482517483, 0.3333333333333333, 0.5804195804195804, 0.7846153846153847, 0.625668449197861, 0.24475524475524477, 0.6571428571428571, 0.7482517482517483]
 mean: 0.5705585450554492, std: 0.16479577939351356
--------------------------------------------------
Subject Number: 8
Accuracy Cross: [0.46875, 0.40625, 0.625, 0.6875, 0.5, 0.65625, 0.65625, 0.59375, 0.65625, 0.6875, 0.375, 0.46875, 0.53125, 0.5625, 0.53125]
 mean: 0.5604166666666667, std: 0.0984691858174706
F1 Score: [0.4420512820512821, 0.3764102564102564, 0.6235294117647059, 0.6363636363636364, 0.4920634920634921, 0.6267232237539766, 0.6267232237539766, 0.5733333333333333, 0.6389743589743591, 0.6536796536796536, 0.37254901960784315, 0.4682306940371457, 0.530791788856305, 0.5465587044534412, 0.530791788856305]
 mean: 0.5425849245306474, std: 0.09204764942635557
Accuracy Intime: [0.5714285714285714, 0.6428571428571429, 0.75, 0.5, 0.6666666666666666, 0.5, 0.5714285714285714, 0.8333333333333334, 0.25, 0.5, 0.7142857142857143, 0.7142857142857143, 0.5833333333333334, 0.6666666666666666, 0.5833333333333334]
 mean: 0.6031746031746031, std: 0.13374840909803745
F1 (Intime): [0.5333333333333333, 0.641025641025641, 0.7333333333333334, 0.4857142857142857, 0.6666666666666666, 0.47593582887700536, 0.5625, 0.8125, 0.2, 0.4857142857142857, 0.7083333333333333, 0.7083333333333333, 0.4957983193277311, 0.625, 0.5555555555555556]
 mean: 0.579316261080967, std: 0.14304775489519134
--------------------------------------------------
Subject Number: 9
Accuracy Cross: [0.78125, 0.6875, 0.78125, 0.71875, 0.71875, 0.65625, 0.75, 0.6875, 0.6875, 0.6875, 0.40625, 0.625, 0.5625, 0.46875, 0.75]
 mean: 0.6645833333333333, std: 0.10549157417643468
F1 Score: [0.751937984496124, 0.6666666666666667, 0.7757757757757757, 0.6631578947368422, 0.7046153846153846, 0.6267232237539766, 0.7090909090909091, 0.6761133603238867, 0.6363636363636364, 0.6536796536796536, 0.3764102564102564, 0.625, 0.5555555555555556, 0.4420512820512821, 0.7490196078431373]
 mean: 0.6408107460908726, std: 0.10668852030456932
Accuracy Intime: [0.7857142857142857, 0.8571428571428571, 0.75, 0.5833333333333334, 0.5833333333333334, 0.9285714285714286, 0.8571428571428571, 0.8333333333333334, 0.5833333333333334, 0.6666666666666666, 0.7857142857142857, 0.5714285714285714, 0.5833333333333334, 0.5, 0.6666666666666666]
 mean: 0.7023809523809524, std: 0.12902623849124173
F1 (Intime): [0.7543859649122806, 0.8444444444444444, 0.6974789915966386, 0.4957983193277311, 0.5555555555555556, 0.9282051282051282, 0.8541666666666667, 0.8285714285714285, 0.4957983193277311, 0.6666666666666666, 0.7543859649122806, 0.5625, 0.3684210526315789, 0.4857142857142857, 0.6666666666666666]
 mean: 0.6639172970132722, std: 0.15934964484063538
--------------------------------------------------
Subject Number: 10
Accuracy Cross: [0.65625, 0.65625, 0.53125, 0.65625, 0.5625, 0.5, 0.46875, 0.59375, 0.53125, 0.40625, 0.42424242424242425, 0.5151515151515151, 0.5151515151515151, 0.5454545454545454, 0.5151515151515151]
 mean: 0.538510101010101, std: 0.0747907583525225
F1 Score: [0.6532019704433498, 0.6559139784946236, 0.5270935960591133, 0.6267232237539766, 0.5607843137254902, 0.5, 0.45545545545545546, 0.5933528836754643, 0.4909862142099682, 0.3913913913913914, 0.4221198156682028, 0.49230769230769234, 0.47619047619047616, 0.5386766076421249, 0.49230769230769234]
 mean: 0.5251003540883348, std: 0.0773044467178856
Accuracy Intime: [0.5714285714285714, 0.8571428571428571, 0.75, 0.5, 0.5833333333333334, 0.6428571428571429, 0.5714285714285714, 0.75, 0.75, 0.5833333333333334, 0.7142857142857143, 0.6428571428571429, 0.75, 0.75, 0.75]
 mean: 0.6777777777777778, std: 0.09636894753435263
F1 (Intime): [0.5625, 0.8571428571428571, 0.7482517482517483, 0.4857142857142857, 0.5555555555555556, 0.5906432748538011, 0.5333333333333333, 0.7333333333333334, 0.7482517482517483, 0.5555555555555556, 0.65, 0.625668449197861, 0.7333333333333334, 0.7333333333333334, 0.7333333333333334]
 mean: 0.6563966760793387, std: 0.10314743478019235
--------------------------------------------------
Subject Number: 11
Accuracy Cross: [0.45454545454545453, 0.5454545454545454, 0.48484848484848486, 0.5454545454545454, 0.48484848484848486, 0.5151515151515151, 0.45454545454545453, 0.5151515151515151, 0.3939393939393939, 0.6060606060606061, 0.48484848484848486, 0.5151515151515151, 0.5757575757575758, 0.6060606060606061, 0.5151515151515151]
 mean: 0.5131313131313131, std: 0.055839494792263654
F1 Score: [0.44172932330827064, 0.5299145299145299, 0.4672364672364672, 0.4994944388270981, 0.4672364672364672, 0.45454545454545453, 0.38636363636363635, 0.5037593984962406, 0.34523809523809523, 0.5460317460317461, 0.45268292682926825, 0.49230769230769234, 0.5416666666666666, 0.5460317460317461, 0.47619047619047616]
 mean: 0.47669527101492365, std: 0.055422313577201086
Accuracy Intime: [0.5, 0.5714285714285714, 0.6428571428571429, 0.75, 0.6666666666666666, 0.6428571428571429, 0.42857142857142855, 0.5714285714285714, 0.4166666666666667, 0.5, 0.42857142857142855, 0.42857142857142855, 0.5714285714285714, 0.5833333333333334, 0.5]
 mean: 0.5468253968253969, std: 0.09753835870309345
F1 (Intime): [0.47593582887700536, 0.5714285714285714, 0.5906432748538011, 0.7333333333333334, 0.6571428571428571, 0.641025641025641, 0.42857142857142855, 0.5714285714285714, 0.4125874125874126, 0.4857142857142857, 0.37777777777777777, 0.41666666666666663, 0.5333333333333333, 0.5555555555555556, 0.5]
 mean: 0.5300763025530827, std: 0.0978040533702034
--------------------------------------------------
Subject Number: 12
Accuracy Cross: [0.6875, 0.65625, 0.65625, 0.71875, 0.625, 0.6363636363636364, 0.6363636363636364, 0.6060606060606061, 0.5454545454545454, 0.696969696969697, 0.53125, 0.5, 0.5, 0.65625, 0.625]
 mean: 0.6184974747474747, std: 0.06690984068454034
F1 Score: [0.6536796536796536, 0.6476476476476476, 0.5883040935672514, 0.681063122923588, 0.5844155844155844, 0.6192307692307693, 0.6192307692307693, 0.5195968645016797, 0.4057623049219688, 0.6726190476190477, 0.5270935960591133, 0.4980392156862745, 0.5, 0.6101882613510521, 0.611336032388664]
 mean: 0.5825471308815376, std: 0.07469200362416337
Accuracy Intime: [0.6428571428571429, 0.7142857142857143, 0.75, 0.5, 0.5, 0.6428571428571429, 0.5, 0.6666666666666666, 0.5833333333333334, 0.5833333333333334, 0.9285714285714286, 0.7142857142857143, 0.6666666666666666, 0.75, 0.4166666666666667]
 mean: 0.6373015873015873, std: 0.12515045115595944
F1 (Intime): [0.625668449197861, 0.6888888888888889, 0.7333333333333334, 0.3333333333333333, 0.4857142857142857, 0.5906432748538011, 0.49743589743589745, 0.5555555555555556, 0.5555555555555556, 0.4957983193277311, 0.9282051282051282, 0.7083333333333333, 0.625, 0.7333333333333334, 0.37777777777777777]
 mean: 0.5956384310563878, std: 0.14671528665493463
--------------------------------------------------
Subject Number: 13
Accuracy Cross: [0.59375, 0.71875, 0.6875, 0.71875, 0.6875, 0.6060606060606061, 0.6666666666666666, 0.6363636363636364, 0.48484848484848486, 0.48484848484848486, 0.65625, 0.625, 0.53125, 0.6875, 0.625]
 mean: 0.6273358585858586, std: 0.073695796964658
F1 Score: [0.5901477832512315, 0.7117117117117118, 0.6825396825396826, 0.718475073313783, 0.6825396825396826, 0.6060606060606061, 0.6458536585365854, 0.6333333333333333, 0.48294930875576036, 0.48484848484848486, 0.6559139784946236, 0.6235294117647059, 0.530791788856305, 0.6761133603238867, 0.6190476190476191]
 mean: 0.6229236988918668, std: 0.07173704224917761
Accuracy Intime: [0.42857142857142855, 0.35714285714285715, 0.6666666666666666, 0.5, 0.5833333333333334, 0.5714285714285714, 0.5714285714285714, 0.8333333333333334, 0.75, 0.5, 0.7142857142857143, 0.5714285714285714, 0.5833333333333334, 0.6666666666666666, 0.5833333333333334]
 mean: 0.592063492063492, std: 0.1182086842026087
F1 (Intime): [0.42857142857142855, 0.2631578947368421, 0.625, 0.4857142857142857, 0.5555555555555556, 0.5625, 0.5714285714285714, 0.8125, 0.7482517482517483, 0.4857142857142857, 0.7083333333333333, 0.5714285714285714, 0.5555555555555556, 0.6571428571428571, 0.5804195804195804]
 mean: 0.5740849111901744, std: 0.12884954839108853
--------------------------------------------------
Subject Number: 14
Accuracy Cross: [0.5, 0.625, 0.5625, 0.53125, 0.625, 0.46875, 0.65625, 0.625, 0.65625, 0.625, 0.5625, 0.5, 0.40625, 0.46875, 0.5625]
 mean: 0.5583333333333333, std: 0.07471008782100462
F1 Score: [0.4980392156862745, 0.6235294117647059, 0.5607843137254902, 0.5195195195195195, 0.611336032388664, 0.4682306940371457, 0.6532019704433498, 0.625, 0.6389743589743591, 0.611336032388664, 0.5465587044534412, 0.4980392156862745, 0.4009852216748768, 0.464039408866995, 0.5607843137254902]
 mean: 0.55202389422235, std: 0.07299115527333973
Accuracy Intime: [0.8571428571428571, 0.5, 0.5833333333333334, 0.4166666666666667, 0.6666666666666666, 0.8571428571428571, 0.7142857142857143, 0.75, 0.75, 0.75, 1.0, 0.5714285714285714, 0.75, 0.6666666666666666, 0.6666666666666666]
 mean: 0.6999999999999998, std: 0.14220751766387363
F1 (Intime): [0.8541666666666667, 0.49743589743589745, 0.5555555555555556, 0.37777777777777777, 0.625, 0.8541666666666667, 0.7142857142857143, 0.7482517482517483, 0.7482517482517483, 0.7482517482517483, 1.0, 0.5714285714285714, 0.7333333333333334, 0.6571428571428571, 0.6571428571428571]
 mean: 0.6894794094794093, std: 0.14960548597905812
--------------------------------------------------
Subject Number: 15
Accuracy Cross: [0.71875, 0.5625, 0.5625, 0.625, 0.65625, 0.78125, 0.59375, 0.59375, 0.65625, 0.53125, 0.59375, 0.65625, 0.5625, 0.65625, 0.6875]
 mean: 0.6291666666666667, std: 0.06541799361711494
F1 Score: [0.7117117117117118, 0.5607843137254902, 0.5607843137254902, 0.611336032388664, 0.6476476476476476, 0.7793103448275862, 0.5901477832512315, 0.5901477832512315, 0.6267232237539766, 0.5270935960591133, 0.5933528836754643, 0.6476476476476476, 0.5607843137254902, 0.6267232237539766, 0.6666666666666667]
 mean: 0.6200574323874259, std: 0.0628788654901267
Accuracy Intime: [0.7142857142857143, 0.7142857142857143, 0.75, 0.75, 0.75, 0.6428571428571429, 0.6428571428571429, 0.9166666666666666, 0.6666666666666666, 0.75, 0.7142857142857143, 0.7142857142857143, 0.75, 0.75, 0.8333333333333334]
 mean: 0.7373015873015873, std: 0.06698713601907678
F1 (Intime): [0.7083333333333333, 0.6888888888888889, 0.6974789915966386, 0.7482517482517483, 0.7482517482517483, 0.625668449197861, 0.5906432748538011, 0.9111111111111111, 0.625, 0.7482517482517483, 0.7083333333333333, 0.6888888888888889, 0.7482517482517483, 0.7482517482517483, 0.8285714285714285]
 mean: 0.7209450960689351, std: 0.07731340742631919
--------------------------------------------------
Subject Number: 16
Accuracy Cross: [0.59375, 0.625, 0.46875, 0.625, 0.53125, 0.75, 0.75, 0.71875, 0.65625, 0.71875, 0.5, 0.625, 0.65625, 0.59375, 0.40625]
 mean: 0.6145833333333334, std: 0.09925941041309662
F1 Score: [0.5835835835835836, 0.611336032388664, 0.39756367663344405, 0.6190476190476191, 0.4909862142099682, 0.7408906882591093, 0.7408906882591093, 0.716256157635468, 0.6389743589743591, 0.716256157635468, 0.4980392156862745, 0.611336032388664, 0.6267232237539766, 0.5733333333333333, 0.3764102564102564]
 mean: 0.5961084825466197, std: 0.11063170478496681
Accuracy Intime: [0.7142857142857143, 0.7142857142857143, 0.6666666666666666, 0.8333333333333334, 0.6666666666666666, 0.5714285714285714, 0.7142857142857143, 0.6666666666666666, 0.5, 0.4166666666666667, 0.6428571428571429, 0.7857142857142857, 0.6666666666666666, 0.9166666666666666, 0.75]
 mean: 0.6817460317460318, std: 0.11963874403943665
F1 (Intime): [0.7142857142857143, 0.6888888888888889, 0.6571428571428571, 0.8333333333333334, 0.625, 0.5625, 0.7142857142857143, 0.6666666666666666, 0.4857142857142857, 0.4125874125874126, 0.641025641025641, 0.7846153846153847, 0.6571428571428571, 0.916083916083916, 0.7333333333333334]
 mean: 0.6728404003404004, std: 0.12207266729520377
--------------------------------------------------
Subject Number: 17
Accuracy Cross: [0.5454545454545454, 0.5757575757575758, 0.5454545454545454, 0.5454545454545454, 0.42424242424242425, 0.42424242424242425, 0.5757575757575758, 0.5454545454545454, 0.3939393939393939, 0.48484848484848486, 0.4375, 0.53125, 0.5, 0.5, 0.4375]
 mean: 0.49779040404040403, std: 0.058546592444728096
F1 Score: [0.5386766076421249, 0.5657894736842105, 0.5299145299145299, 0.47619047619047616, 0.4221198156682028, 0.4221198156682028, 0.5753676470588236, 0.5386766076421249, 0.34523809523809523, 0.48294930875576036, 0.43529411764705883, 0.5076923076923077, 0.4920634920634921, 0.4666666666666667, 0.4285714285714286]
 mean: 0.48182202600690033, std: 0.061318986091742377
Accuracy Intime: [0.5714285714285714, 0.7142857142857143, 0.5833333333333334, 0.5, 0.6666666666666666, 0.8571428571428571, 0.7142857142857143, 0.5, 0.6666666666666666, 0.8333333333333334, 0.7142857142857143, 0.7857142857142857, 0.5, 0.6666666666666666, 0.6666666666666666]
 mean: 0.6626984126984127, std: 0.11079888103359528
F1 (Intime): [0.5625, 0.6888888888888889, 0.4957983193277311, 0.4375, 0.6666666666666666, 0.8444444444444444, 0.65, 0.5, 0.6571428571428571, 0.8333333333333334, 0.7083333333333333, 0.7543859649122806, 0.49743589743589745, 0.6571428571428571, 0.6571428571428571]
 mean: 0.6407143613180765, std: 0.117964758195974
--------------------------------------------------
Subject Number: 18
Accuracy Cross: [0.5454545454545454, 0.5454545454545454, 0.5454545454545454, 0.6666666666666666, 0.696969696969697, 0.65625, 0.625, 0.5, 0.625, 0.625, 0.59375, 0.625, 0.65625, 0.59375, 0.5]
 mean: 0.6, std: 0.05869664181737036
F1 Score: [0.543778801843318, 0.5170731707317073, 0.5386766076421249, 0.6552706552706553, 0.6944444444444444, 0.6559139784946236, 0.6235294117647059, 0.5, 0.6190476190476191, 0.625, 0.5901477832512315, 0.611336032388664, 0.6389743589743591, 0.5588547189819725, 0.5]
 mean: 0.5914698388556949, std: 0.05932212003480845
Accuracy Intime: [0.6428571428571429, 0.42857142857142855, 0.6666666666666666, 0.8333333333333334, 0.5, 0.8571428571428571, 0.7142857142857143, 0.8333333333333334, 0.75, 0.5, 0.8571428571428571, 0.6428571428571429, 0.8333333333333334, 0.75, 0.5]
 mean: 0.6873015873015873, std: 0.14302018914262962
F1 (Intime): [0.641025641025641, 0.41666666666666663, 0.6571428571428571, 0.8285714285714285, 0.4857142857142857, 0.8444444444444444, 0.7083333333333333, 0.8125, 0.7482517482517483, 0.4857142857142857, 0.8571428571428571, 0.5238095238095237, 0.8125, 0.7333333333333334, 0.4375]
 mean: 0.6661766936766937, std: 0.1529985379917689
--------------------------------------------------
Subject Number: 19
Accuracy Cross: [0.46875, 0.5625, 0.5625, 0.5, 0.5, 0.5, 0.53125, 0.5625, 0.4375, 0.53125, 0.46875, 0.5625, 0.6875, 0.71875, 0.6875]
 mean: 0.5520833333333334, std: 0.0820209153542897
F1 Score: [0.4231177094379639, 0.5333333333333333, 0.5333333333333333, 0.3816425120772947, 0.3816425120772947, 0.4666666666666667, 0.43859649122807015, 0.5333333333333333, 0.34545454545454546, 0.4684385382059801, 0.4420512820512821, 0.5607843137254902, 0.6862745098039216, 0.694591728525981, 0.6862745098039216]
 mean: 0.5050356879372274, std: 0.10983559728068458
Accuracy Intime: [0.7142857142857143, 0.7142857142857143, 0.6666666666666666, 0.75, 0.8333333333333334, 0.7857142857142857, 0.7142857142857143, 0.75, 0.6666666666666666, 0.6666666666666666, 0.6428571428571429, 0.7142857142857143, 0.9166666666666666, 0.6666666666666666, 0.75]
 mean: 0.7301587301587301, std: 0.07045187625768934
F1 (Intime): [0.7142857142857143, 0.65, 0.6666666666666666, 0.7333333333333334, 0.8285714285714285, 0.7754010695187166, 0.6888888888888889, 0.7333333333333334, 0.625, 0.625, 0.641025641025641, 0.7083333333333333, 0.9111111111111111, 0.625, 0.7333333333333334]
 mean: 0.7106189235601, std: 0.07864977814272818
--------------------------------------------------
Subject Number: 20
Accuracy Cross: [0.59375, 0.71875, 0.625, 0.65625, 0.59375, 0.6875, 0.59375, 0.625, 0.5625, 0.5625, 0.5454545454545454, 0.5151515151515151, 0.6060606060606061, 0.6060606060606061, 0.6363636363636364]
 mean: 0.6085227272727274, std: 0.051369418419525935
F1 Score: [0.5733333333333333, 0.694591728525981, 0.5844155844155844, 0.5883040935672514, 0.539313399778516, 0.6825396825396826, 0.5733333333333333, 0.611336032388664, 0.5151515151515151, 0.5555555555555556, 0.543778801843318, 0.5111111111111111, 0.6001863932898416, 0.5814634146341464, 0.6278195488721805]
 mean: 0.5854822352226675, std: 0.05135910836114439
Accuracy Intime: [0.7142857142857143, 0.7142857142857143, 0.75, 0.3333333333333333, 0.75, 0.8571428571428571, 0.7857142857142857, 0.9166666666666666, 0.6666666666666666, 0.5833333333333334, 0.8571428571428571, 0.7857142857142857, 0.75, 0.6666666666666666, 0.8333333333333334]
 mean: 0.7309523809523809, std: 0.1348132158751625
F1 (Intime): [0.6888888888888889, 0.6888888888888889, 0.7333333333333334, 0.3142857142857143, 0.7333333333333334, 0.8541666666666667, 0.7754010695187166, 0.9111111111111111, 0.6571428571428571, 0.5804195804195804, 0.8541666666666667, 0.7754010695187166, 0.7333333333333334, 0.625, 0.8285714285714285]
 mean: 0.7168962627786157, std: 0.13900565729281883
--------------------------------------------------
Subject Number: 21
Accuracy Cross: [0.40625, 0.375, 0.34375, 0.4375, 0.5, 0.34375, 0.40625, 0.4375, 0.53125, 0.4375, 0.3125, 0.375, 0.28125, 0.40625, 0.46875]
 mean: 0.4041666666666667, std: 0.06601241465731192
F1 Score: [0.3913913913913914, 0.375, 0.32732732732732733, 0.34545454545454546, 0.4817813765182186, 0.32732732732732733, 0.4056695992179863, 0.4, 0.43859649122807015, 0.4375, 0.30980392156862746, 0.37254901960784315, 0.2748768472906404, 0.3913913913913914, 0.4420512820512821]
 mean: 0.3813813680249768, std: 0.054796919222393006
Accuracy Intime: [0.42857142857142855, 0.7857142857142857, 0.5833333333333334, 0.5833333333333334, 0.5833333333333334, 0.42857142857142855, 0.5714285714285714, 0.5833333333333334, 0.6666666666666666, 0.5833333333333334, 0.5, 0.5, 0.5, 0.5, 0.75]
 mean: 0.5698412698412698, std: 0.09958973538626294
F1 (Intime): [0.37777777777777777, 0.7846153846153847, 0.5804195804195804, 0.4957983193277311, 0.5804195804195804, 0.41666666666666663, 0.5625, 0.3684210526315789, 0.6666666666666666, 0.5804195804195804, 0.49743589743589745, 0.49743589743589745, 0.4375, 0.5, 0.7333333333333334]
 mean: 0.5386273158099784, std: 0.11755511105595459
--------------------------------------------------
Subject Number: 22
Accuracy Cross: [0.65625, 0.625, 0.625, 0.625, 0.65625, 0.5454545454545454, 0.5757575757575758, 0.5757575757575758, 0.5757575757575758, 0.6060606060606061, 0.5625, 0.625, 0.46875, 0.5625, 0.5625]
 mean: 0.5898358585858586, std: 0.04725731964224602
F1 Score: [0.6532019704433498, 0.6, 0.6, 0.5844155844155844, 0.6559139784946236, 0.44568868980963045, 0.5416666666666666, 0.5416666666666666, 0.4225, 0.5814634146341464, 0.5555555555555556, 0.6190476190476191, 0.464039408866995, 0.45893719806763283, 0.5555555555555556]
 mean: 0.5519768205482685, std: 0.07154072346120618
Accuracy Intime: [0.6428571428571429, 0.6428571428571429, 0.75, 0.6666666666666666, 0.5833333333333334, 0.7857142857142857, 0.7142857142857143, 0.6666666666666666, 0.5, 0.3333333333333333, 0.7142857142857143, 0.5714285714285714, 0.5833333333333334, 0.6666666666666666, 0.3333333333333333]
 mean: 0.6103174603174604, std: 0.12964474590623976
F1 (Intime): [0.625668449197861, 0.625668449197861, 0.6210526315789473, 0.625, 0.5804195804195804, 0.7754010695187166, 0.7083333333333333, 0.625, 0.4375, 0.3333333333333333, 0.7083333333333333, 0.5625, 0.5804195804195804, 0.625, 0.3142857142857143]
 mean: 0.5831943649745508, std: 0.12515598762623495
--------------------------------------------------
Subject Number: 23
Accuracy Cross: [0.5757575757575758, 0.6363636363636364, 0.6060606060606061, 0.5757575757575758, 0.696969696969697, 0.5625, 0.65625, 0.65625, 0.6875, 0.5625, 0.5454545454545454, 0.6666666666666666, 0.696969696969697, 0.6363636363636364, 0.6666666666666666]
 mean: 0.6285353535353535, std: 0.05106203289576931
F1 Score: [0.49782608695652175, 0.5695652173913044, 0.5814634146341464, 0.4652777777777778, 0.6826923076923077, 0.5607843137254902, 0.6389743589743591, 0.6476476476476476, 0.6825396825396826, 0.5625, 0.5299145299145299, 0.6329625884732053, 0.6726190476190477, 0.5416666666666666, 0.6158730158730159]
 mean: 0.5921537770590468, std: 0.06544566003576345
Accuracy Intime: [0.7142857142857143, 0.7857142857142857, 0.6666666666666666, 0.5833333333333334, 0.6666666666666666, 0.7142857142857143, 0.6428571428571429, 0.7857142857142857, 0.6666666666666666, 0.6666666666666666, 0.5, 0.5714285714285714, 0.75, 0.5, 0.75]
 mean: 0.6642857142857144, std: 0.08900219535794404
F1 (Intime): [0.7083333333333333, 0.7543859649122806, 0.625, 0.4957983193277311, 0.625, 0.7083333333333333, 0.5238095238095237, 0.7754010695187166, 0.6571428571428571, 0.6571428571428571, 0.49743589743589745, 0.5625, 0.6974789915966386, 0.4375, 0.7482517482517483]
 mean: 0.6315675930536612, std: 0.10243089070638033
--------------------------------------------------
Subject Number: 24
Accuracy Cross: [0.65625, 0.40625, 0.4375, 0.5625, 0.53125, 0.46875, 0.5625, 0.625, 0.625, 0.625, 0.5, 0.4375, 0.40625, 0.5625, 0.53125]
 mean: 0.5291666666666667, std: 0.08106281857643216
F1 Score: [0.6559139784946236, 0.4009852216748768, 0.41700404858299595, 0.5465587044534412, 0.530791788856305, 0.4682306940371457, 0.5607843137254902, 0.6190476190476191, 0.611336032388664, 0.6190476190476191, 0.4980392156862745, 0.4375, 0.4056695992179863, 0.5607843137254902, 0.530791788856305]
 mean: 0.5241656625196557, std: 0.08093337698944278
Accuracy Intime: [0.5714285714285714, 0.5714285714285714, 0.5, 0.5833333333333334, 0.5833333333333334, 0.42857142857142855, 0.42857142857142855, 0.5, 0.5833333333333334, 0.5, 0.5, 0.7857142857142857, 0.5, 0.5833333333333334, 0.5]
 mean: 0.5412698412698412, std: 0.08337489515345331
F1 (Intime): [0.5333333333333333, 0.5625, 0.5, 0.5555555555555556, 0.5804195804195804, 0.41666666666666663, 0.41666666666666663, 0.4857142857142857, 0.5804195804195804, 0.4857142857142857, 0.49743589743589745, 0.7846153846153847, 0.5, 0.5804195804195804, 0.5]
 mean: 0.5319640544640545, std: 0.08465212731250316
--------------------------------------------------
Subject Number: 25
Accuracy Cross: [0.45454545454545453, 0.48484848484848486, 0.48484848484848486, 0.36363636363636365, 0.5151515151515151, 0.5625, 0.6875, 0.5, 0.53125, 0.625, 0.78125, 0.59375, 0.5625, 0.5625, 0.625]
 mean: 0.5556186868686869, std: 0.09727640166864644
F1 Score: [0.44172932330827064, 0.48484848484848486, 0.4771668219944082, 0.26666666666666666, 0.5147058823529411, 0.5465587044534412, 0.6862745098039216, 0.4980392156862745, 0.3992490613266583, 0.6235294117647059, 0.7624602332979851, 0.5733333333333333, 0.49090909090909085, 0.49090909090909085, 0.6]
 mean: 0.5237586553770182, std: 0.11461484923609729
Accuracy Intime: [0.6428571428571429, 0.7142857142857143, 0.5, 0.75, 0.4166666666666667, 0.5714285714285714, 0.6428571428571429, 0.4166666666666667, 0.5833333333333334, 0.6666666666666666, 0.6428571428571429, 0.7142857142857143, 0.5833333333333334, 0.5833333333333334, 0.5]
 mean: 0.5952380952380952, std: 0.09903159210993057
F1 (Intime): [0.625668449197861, 0.7142857142857143, 0.5, 0.7333333333333334, 0.4125874125874126, 0.475, 0.625668449197861, 0.4125874125874126, 0.4957983193277311, 0.6571428571428571, 0.625668449197861, 0.7142857142857143, 0.3684210526315789, 0.4957983193277311, 0.4857142857142857]
 mean: 0.5561306512544902, std: 0.11677679964999757
--------------------------------------------------
Subject Number: 26
Accuracy Cross: [0.6363636363636364, 0.6060606060606061, 0.6666666666666666, 0.6363636363636364, 0.6363636363636364, 0.625, 0.59375, 0.65625, 0.71875, 0.71875, 0.90625, 0.75, 0.6875, 0.75, 0.78125]
 mean: 0.6912878787878788, std: 0.07948756310902559
F1 Score: [0.6278195488721805, 0.5662285136501517, 0.6458536585365854, 0.5909090909090909, 0.6192307692307693, 0.625, 0.5901477832512315, 0.6532019704433498, 0.7046153846153846, 0.718475073313783, 0.9015384615384616, 0.722943722943723, 0.6666666666666667, 0.722943722943723, 0.7757757757757757]
 mean: 0.6754233428460584, std: 0.0833345959152995
Accuracy Intime: [0.5714285714285714, 0.7142857142857143, 0.5, 0.6666666666666666, 0.8333333333333334, 0.7142857142857143, 0.7857142857142857, 0.6666666666666666, 0.6666666666666666, 0.75, 0.8571428571428571, 0.6428571428571429, 0.25, 0.6666666666666666, 0.6666666666666666]
 mean: 0.6634920634920634, std: 0.14155936089888327
F1 (Intime): [0.5714285714285714, 0.6888888888888889, 0.4375, 0.625, 0.8333333333333334, 0.6888888888888889, 0.7754010695187166, 0.6571428571428571, 0.625, 0.7482517482517483, 0.8541666666666667, 0.5906432748538011, 0.24475524475524477, 0.625, 0.6571428571428571]
 mean: 0.6415028933914383, std: 0.14689428055229883
--------------------------------------------------
Subject Number: 27
Accuracy Cross: [0.5454545454545454, 0.5757575757575758, 0.5454545454545454, 0.5454545454545454, 0.42424242424242425, 0.42424242424242425, 0.5757575757575758, 0.5454545454545454, 0.3939393939393939, 0.48484848484848486, 0.4375, 0.53125, 0.5, 0.5, 0.4375]
 mean: 0.49779040404040403, std: 0.058546592444728096
F1 Score: [0.5386766076421249, 0.5657894736842105, 0.5299145299145299, 0.47619047619047616, 0.4221198156682028, 0.4221198156682028, 0.5753676470588236, 0.5386766076421249, 0.34523809523809523, 0.48294930875576036, 0.43529411764705883, 0.5076923076923077, 0.4920634920634921, 0.4666666666666667, 0.4285714285714286]
 mean: 0.48182202600690033, std: 0.061318986091742377
Accuracy Intime: [0.5714285714285714, 0.7142857142857143, 0.5833333333333334, 0.5, 0.6666666666666666, 0.8571428571428571, 0.7142857142857143, 0.5, 0.6666666666666666, 0.8333333333333334, 0.7142857142857143, 0.7857142857142857, 0.5, 0.6666666666666666, 0.6666666666666666]
 mean: 0.6626984126984127, std: 0.11079888103359528
F1 (Intime): [0.5625, 0.6888888888888889, 0.4957983193277311, 0.4375, 0.6666666666666666, 0.8444444444444444, 0.65, 0.5, 0.6571428571428571, 0.8333333333333334, 0.7083333333333333, 0.7543859649122806, 0.49743589743589745, 0.6571428571428571, 0.6571428571428571]
 mean: 0.6407143613180765, std: 0.117964758195974
--------------------------------------------------
Subject Number: 28
Accuracy Cross: [0.625, 0.625, 0.46875, 0.53125, 0.4375, 0.46875, 0.59375, 0.59375, 0.5625, 0.5625, 0.46875, 0.46875, 0.4375, 0.59375, 0.46875]
 mean: 0.5270833333333333, std: 0.06737900678665096
F1 Score: [0.6235294117647059, 0.625, 0.4682306940371457, 0.4684385382059801, 0.43529411764705883, 0.45545545545545546, 0.5835835835835836, 0.5835835835835836, 0.5151515151515151, 0.5465587044534412, 0.4231177094379639, 0.464039408866995, 0.37662337662337664, 0.5835835835835836, 0.4231177094379639]
 mean: 0.5050204927888234, std: 0.07762111993753568
Accuracy Intime: [0.5714285714285714, 0.6428571428571429, 0.5, 0.5833333333333334, 0.5833333333333334, 0.7142857142857143, 0.7142857142857143, 0.75, 0.5833333333333334, 0.6666666666666666, 0.7142857142857143, 0.6428571428571429, 0.75, 0.5, 0.6666666666666666]
 mean: 0.638888888888889, std: 0.07987928660372146
F1 (Intime): [0.5625, 0.641025641025641, 0.4857142857142857, 0.5555555555555556, 0.5555555555555556, 0.6888888888888889, 0.7142857142857143, 0.7333333333333334, 0.5804195804195804, 0.6571428571428571, 0.7083333333333333, 0.625668449197861, 0.7333333333333334, 0.5, 0.6571428571428571]
 mean: 0.6265932923285864, std: 0.07971622466668321
--------------------------------------------------
Subject Number: 29
Accuracy Cross: [0.75, 0.6875, 0.75, 0.75, 0.8125, 0.65625, 0.78125, 0.78125, 0.78125, 0.84375, 0.8484848484848485, 0.7272727272727273, 0.7272727272727273, 0.9090909090909091, 0.7878787878787878]
 mean: 0.7729166666666665, std: 0.062139494414955705
F1 Score: [0.746031746031746, 0.6761133603238867, 0.722943722943723, 0.7090909090909091, 0.8, 0.6559139784946236, 0.7757757757757757, 0.7757757757757757, 0.751937984496124, 0.8303287380699894, 0.8462255358807083, 0.717948717948718, 0.7262672811059908, 0.905982905982906, 0.7870967741935484]
 mean: 0.7618288804076283, std: 0.06401868625710834
Accuracy Intime: [0.6428571428571429, 0.8571428571428571, 1.0, 0.8333333333333334, 0.5833333333333334, 0.5, 0.8571428571428571, 0.5833333333333334, 0.8333333333333334, 0.9166666666666666, 0.7857142857142857, 0.8571428571428571, 0.75, 0.6666666666666666, 0.5833333333333334]
 mean: 0.7500000000000001, std: 0.14239342728170773
F1 (Intime): [0.641025641025641, 0.8571428571428571, 1.0, 0.8285714285714285, 0.5555555555555556, 0.49743589743589745, 0.8571428571428571, 0.5804195804195804, 0.8285714285714285, 0.916083916083916, 0.7846153846153847, 0.8541666666666667, 0.7333333333333334, 0.625, 0.5804195804195804]
 mean: 0.742632275132275, std: 0.146859377719522
--------------------------------------------------
**************************************************
accuracy_cross_list: [0.711489898989899, 0.6262626262626263, 0.5125631313131312, 0.6101010101010103, 0.5166666666666667, 0.5600378787878789, 0.5041666666666667, 0.5604166666666667, 0.6645833333333333, 0.538510101010101, 0.5131313131313131, 0.6184974747474747, 0.6273358585858586, 0.5583333333333333, 0.6291666666666667, 0.6145833333333334, 0.49779040404040403, 0.6, 0.5520833333333334, 0.6085227272727274, 0.4041666666666667, 0.5898358585858586, 0.6285353535353535, 0.5291666666666667, 0.5556186868686869, 0.6912878787878788, 0.49779040404040403, 0.5270833333333333, 0.7729166666666665]
f1_score_list: [0.6867267850811433, 0.6076014040344364, 0.49763628166858187, 0.5851349132334989, 0.4888282159962276, 0.49883997795128715, 0.4905514461884194, 0.5425849245306474, 0.6408107460908726, 0.5251003540883348, 0.47669527101492365, 0.5825471308815376, 0.6229236988918668, 0.55202389422235, 0.6200574323874259, 0.5961084825466197, 0.48182202600690033, 0.5914698388556949, 0.5050356879372274, 0.5854822352226675, 0.3813813680249768, 0.5519768205482685, 0.5921537770590468, 0.5241656625196557, 0.5237586553770182, 0.6754233428460584, 0.48182202600690033, 0.5050204927888234, 0.7618288804076283]
accuracy_intime_list: [0.7079365079365078, 0.5952380952380952, 0.6031746031746031, 0.6563492063492065, 0.6523809523809523, 0.6468253968253969, 0.5976190476190476, 0.6031746031746031, 0.7023809523809524, 0.6777777777777778, 0.5468253968253969, 0.6373015873015873, 0.592063492063492, 0.6999999999999998, 0.7373015873015873, 0.6817460317460318, 0.6626984126984127, 0.6873015873015873, 0.7301587301587301, 0.7309523809523809, 0.5698412698412698, 0.6103174603174604, 0.6642857142857144, 0.5412698412698412, 0.5952380952380952, 0.6634920634920634, 0.6626984126984127, 0.638888888888889, 0.7500000000000001]
f1_score_intime_list: [0.6810127018950548, 0.5866295898803638, 0.5812815910726127, 0.6284312422470317, 0.6424303279566438, 0.6235072492580234, 0.5705585450554492, 0.579316261080967, 0.6639172970132722, 0.6563966760793387, 0.5300763025530827, 0.5956384310563878, 0.5740849111901744, 0.6894794094794093, 0.7209450960689351, 0.6728404003404004, 0.6407143613180765, 0.6661766936766937, 0.7106189235601, 0.7168962627786157, 0.5386273158099784, 0.5831943649745508, 0.6315675930536612, 0.5319640544640545, 0.5561306512544902, 0.6415028933914383, 0.6407143613180765, 0.6265932923285864, 0.742632275132275]
**************************************************
ACC: 58.00±7.45
F1: 55.78±7.66
Intime: 64.98±5.58
F1 (Intime): 62.84±5.78
