1e-05
Subject Number: 1
Accuracy Cross: [0.24285714285714285, 0.2904761904761905, 0.2619047619047619, 0.2761904761904762, 0.2714285714285714, 0.2761904761904762, 0.24761904761904763, 0.2857142857142857, 0.2904761904761905, 0.21904761904761905, 0.2714285714285714, 0.3, 0.2857142857142857, 0.2761904761904762, 0.2714285714285714]
 mean: 0.2711111111111111, std: 0.020386786486352153
F1 Score: [0.23497354497354497, 0.28688241014165483, 0.25286246706070264, 0.2688593610229133, 0.26561090277584143, 0.26866329780588616, 0.24036659823453, 0.28923307404206283, 0.2920143873587088, 0.2270648412488611, 0.2704289091523134, 0.28026075314296833, 0.2712999023180913, 0.2652933698831895, 0.26506937895908916]
 mean: 0.2652588798746905, std: 0.018655603203188986
Accuracy Intime: [0.30952380952380953, 0.35714285714285715, 0.32142857142857145, 0.35714285714285715, 0.23809523809523808, 0.21428571428571427, 0.2261904761904762, 0.44047619047619047, 0.30952380952380953, 0.27380952380952384, 0.3333333333333333, 0.35714285714285715, 0.30952380952380953, 0.3333333333333333, 0.32142857142857145]
 mean: 0.31349206349206343, std: 0.05628769278253062
F1 (Intime): [0.3043542207390928, 0.3747167561121049, 0.3185087719298245, 0.3586700759114552, 0.23805328367941797, 0.20758090167162724, 0.2136018826135105, 0.43649467649467655, 0.30415683189089954, 0.28302205356651816, 0.3254761080997962, 0.3160043988269795, 0.31085868830290736, 0.34200772200772195, 0.3149255838911011]
 mean: 0.30989546371584226, std: 0.05756599386811772
--------------------------------------------------
Subject Number: 2
Accuracy Cross: [0.2523809523809524, 0.24285714285714285, 0.20476190476190476, 0.18095238095238095, 0.21904761904761905, 0.22857142857142856, 0.1761904761904762, 0.22380952380952382, 0.20952380952380953, 0.22380952380952382, 0.20476190476190476, 0.20952380952380953, 0.22857142857142856, 0.2, 0.2]
 mean: 0.2136507936507937, std: 0.020118069228895058
F1 Score: [0.2457768790822356, 0.22637013290589728, 0.1963437822592752, 0.17826535728974752, 0.2070034292688014, 0.21839229460041074, 0.18084134216538397, 0.21631695972193823, 0.20365510550569974, 0.2192398905879102, 0.19966384778012686, 0.2102819701001332, 0.22656896187735417, 0.20023089298387572, 0.19653060055130217]
 mean: 0.20836542977867276, std: 0.01723359064702949
Accuracy Intime: [0.40476190476190477, 0.2261904761904762, 0.23809523809523808, 0.2976190476190476, 0.2619047619047619, 0.23809523809523808, 0.27380952380952384, 0.2619047619047619, 0.3333333333333333, 0.23809523809523808, 0.2619047619047619, 0.25, 0.2976190476190476, 0.34523809523809523, 0.2261904761904762]
 mean: 0.276984126984127, std: 0.049078174075366056
F1 (Intime): [0.403542399758363, 0.20575396825396827, 0.22341077920025293, 0.29349973857100636, 0.2487012987012987, 0.23203933077266123, 0.2658395289359424, 0.260932425998149, 0.29939209726443766, 0.23005053369772596, 0.23314414617640425, 0.243030303030303, 0.2742226952753269, 0.33676028970146615, 0.2019090661067815]
 mean: 0.2634819067629392, std: 0.05144416339891887
--------------------------------------------------
Subject Number: 3
Accuracy Cross: [0.2571428571428571, 0.2571428571428571, 0.3238095238095238, 0.26666666666666666, 0.2571428571428571, 0.2523809523809524, 0.22380952380952382, 0.2904761904761905, 0.23333333333333334, 0.22380952380952382, 0.2619047619047619, 0.24761904761904763, 0.24761904761904763, 0.26666666666666666, 0.2714285714285714]
 mean: 0.25873015873015875, std: 0.02438458967577336
F1 Score: [0.22877053680299117, 0.2315096814809232, 0.3073430116650456, 0.22569077608058946, 0.23569223985890647, 0.2508075621808229, 0.2091777052726484, 0.280965885114003, 0.2319131904893006, 0.21761711718697757, 0.2679132340897047, 0.24856286325111404, 0.24696835451772725, 0.2672756808040024, 0.2777188328912467]
 mean: 0.24852844477906685, std: 0.02613385540842865
Accuracy Intime: [0.32142857142857145, 0.2976190476190476, 0.2261904761904762, 0.23809523809523808, 0.27380952380952384, 0.23809523809523808, 0.2261904761904762, 0.25, 0.20238095238095238, 0.2619047619047619, 0.27380952380952384, 0.25, 0.23809523809523808, 0.36904761904761907, 0.2857142857142857]
 mean: 0.2634920634920635, std: 0.04097882743944631
F1 (Intime): [0.30593937402448035, 0.2857754010695187, 0.23897971218854072, 0.22630206677265502, 0.27426540710751235, 0.22115763546798028, 0.21143908167653577, 0.2236231884057971, 0.19392320323354806, 0.2548749495453563, 0.2627255516385951, 0.22957554640481467, 0.23761826342471498, 0.36213768661586504, 0.25479472858522956]
 mean: 0.2522087864107429, std: 0.04092346597852349
--------------------------------------------------
Subject Number: 4
Accuracy Cross: [0.21904761904761905, 0.18571428571428572, 0.19047619047619047, 0.17142857142857143, 0.16666666666666666, 0.23809523809523808, 0.23809523809523808, 0.23333333333333334, 0.19047619047619047, 0.2571428571428571, 0.22380952380952382, 0.24761904761904763, 0.22380952380952382, 0.20952380952380953, 0.23333333333333334]
 mean: 0.21523809523809526, std: 0.027172081176546865
F1 Score: [0.2165197191621564, 0.18311487274335572, 0.18666244688714834, 0.17124841141891364, 0.15837901965750975, 0.2405201778260984, 0.23545737002170455, 0.2303699914748508, 0.1837358574183558, 0.258999894531456, 0.22497473029265228, 0.2499458142127505, 0.220757187393343, 0.20589399647150408, 0.23476648560416793]
 mean: 0.21342306500773114, std: 0.029384536670094462
Accuracy Intime: [0.2857142857142857, 0.38095238095238093, 0.2619047619047619, 0.30952380952380953, 0.27380952380952384, 0.2619047619047619, 0.23809523809523808, 0.27380952380952384, 0.2857142857142857, 0.25, 0.2261904761904762, 0.2261904761904762, 0.27380952380952384, 0.2976190476190476, 0.2261904761904762]
 mean: 0.2714285714285714, std: 0.03868589716493314
F1 (Intime): [0.2876190476190476, 0.38477586929199836, 0.2570775085430258, 0.30732002419842713, 0.2701864865052721, 0.2512232479198576, 0.23645830704654233, 0.26733450124754476, 0.2804860451201915, 0.2501218196218197, 0.21839238550026724, 0.23166109253065778, 0.27004301075268816, 0.29892431948950027, 0.2064459984459984]
 mean: 0.26787131092218924, std: 0.041612925563483075
--------------------------------------------------
Subject Number: 5
Accuracy Cross: [0.28095238095238095, 0.22857142857142856, 0.2714285714285714, 0.22857142857142856, 0.22857142857142856, 0.2523809523809524, 0.21428571428571427, 0.2714285714285714, 0.2904761904761905, 0.2619047619047619, 0.24285714285714285, 0.23809523809523808, 0.21428571428571427, 0.22857142857142856, 0.2]
 mean: 0.2434920634920635, std: 0.025958083932393183
F1 Score: [0.28880614335503085, 0.2291974469607727, 0.2713710115591677, 0.22704208643889306, 0.22505658219400618, 0.24168772404066519, 0.20277807966209455, 0.2594058818543944, 0.2763688789081903, 0.2494923714470641, 0.23591383088003762, 0.240877222925893, 0.21002231005950125, 0.21470323972021146, 0.19983035934255447]
 mean: 0.23817021128989843, std: 0.026040006778278498
Accuracy Intime: [0.2261904761904762, 0.25, 0.3333333333333333, 0.23809523809523808, 0.23809523809523808, 0.2976190476190476, 0.2976190476190476, 0.35714285714285715, 0.2857142857142857, 0.20238095238095238, 0.3333333333333333, 0.35714285714285715, 0.35714285714285715, 0.27380952380952384, 0.27380952380952384]
 mean: 0.2880952380952381, std: 0.049410737829439305
F1 (Intime): [0.22898630171671647, 0.22765176852133373, 0.32424212928414614, 0.2011411677753141, 0.24360946854563878, 0.2825081971423435, 0.2859220464326847, 0.3563842529259766, 0.29019537480063795, 0.2073873873873874, 0.32164803286233545, 0.3551083339318633, 0.3498378522062732, 0.27263716319977666, 0.2829878665318503]
 mean: 0.2820164895509519, std: 0.0505640394237837
--------------------------------------------------
Subject Number: 6
Accuracy Cross: [0.22380952380952382, 0.22857142857142856, 0.18095238095238095, 0.21428571428571427, 0.22380952380952382, 0.22857142857142856, 0.2, 0.20952380952380953, 0.20476190476190476, 0.24285714285714285, 0.22857142857142856, 0.18095238095238095, 0.21904761904761905, 0.16666666666666666, 0.23333333333333334]
 mean: 0.21238095238095236, std: 0.021210530906019133
F1 Score: [0.21573917256844086, 0.2224439613088947, 0.18153429730741705, 0.21003313035506194, 0.21792858011952515, 0.2292377188029362, 0.2032944565656969, 0.2094847705428456, 0.20479609684249284, 0.2447746092110739, 0.2265413107706021, 0.1751406808879863, 0.2173792650032161, 0.16492332061343512, 0.2267288365454104]
 mean: 0.2099986804963357, std: 0.020924666865047112
Accuracy Intime: [0.23809523809523808, 0.23809523809523808, 0.25, 0.27380952380952384, 0.19047619047619047, 0.27380952380952384, 0.3333333333333333, 0.2857142857142857, 0.25, 0.23809523809523808, 0.25, 0.30952380952380953, 0.23809523809523808, 0.2857142857142857, 0.2619047619047619]
 mean: 0.2611111111111111, std: 0.03323871681170147
F1 (Intime): [0.22354904354904354, 0.23494969376439742, 0.24980528558114767, 0.25380277091357034, 0.18438076085134908, 0.2651717171717171, 0.31793526664494404, 0.2913048433048433, 0.22551027516544758, 0.2332465401156103, 0.23309851803499715, 0.3030655051907424, 0.22455080509280964, 0.2755101982757605, 0.2483225108225108]
 mean: 0.25094691563192606, std: 0.033732129907830304
--------------------------------------------------
Subject Number: 7
Accuracy Cross: [0.18571428571428572, 0.18571428571428572, 0.22857142857142856, 0.19523809523809524, 0.19523809523809524, 0.19523809523809524, 0.19047619047619047, 0.19523809523809524, 0.21428571428571427, 0.20952380952380953, 0.28095238095238095, 0.22380952380952382, 0.21428571428571427, 0.22857142857142856, 0.22380952380952382]
 mean: 0.21111111111111114, std: 0.02388348301435432
F1 Score: [0.17572100736202176, 0.17296661994336412, 0.21718135351124923, 0.1918965319371338, 0.18975448883472973, 0.19111307224221435, 0.18687700582874428, 0.19264178350385247, 0.20872290227968646, 0.2013284556947832, 0.2753774722736575, 0.22503980860164213, 0.21338343317643704, 0.22510575370041958, 0.22583778270682858]
 mean: 0.20619649810645094, std: 0.02500547810614887
Accuracy Intime: [0.2976190476190476, 0.19047619047619047, 0.17857142857142858, 0.30952380952380953, 0.30952380952380953, 0.25, 0.20238095238095238, 0.21428571428571427, 0.2857142857142857, 0.23809523809523808, 0.21428571428571427, 0.19047619047619047, 0.21428571428571427, 0.25, 0.20238095238095238]
 mean: 0.23650793650793656, std: 0.04365800806182561
F1 (Intime): [0.2726107226107226, 0.16173635670203174, 0.1599120879120879, 0.2962835595776772, 0.303597551873414, 0.23772945878209034, 0.19711001642036124, 0.1926161901074793, 0.28435204435204436, 0.22737441757405455, 0.21646264994429623, 0.1921853205501704, 0.18792609351432882, 0.2320664764143025, 0.19204980150800127]
 mean: 0.22360084985620415, std: 0.04539587477678627
--------------------------------------------------
Subject Number: 8
Accuracy Cross: [0.3047619047619048, 0.3333333333333333, 0.2904761904761905, 0.2761904761904762, 0.2904761904761905, 0.2619047619047619, 0.2714285714285714, 0.28095238095238095, 0.2714285714285714, 0.26666666666666666, 0.24285714285714285, 0.21428571428571427, 0.21904761904761905, 0.22857142857142856, 0.21904761904761905]
 mean: 0.26476190476190475, std: 0.03330157217001487
F1 Score: [0.3075869868110141, 0.3401217037921157, 0.2930952380952381, 0.2779231853496453, 0.28832711251127174, 0.2586599782380171, 0.2855425211489039, 0.28813518389812065, 0.2826779160554328, 0.2749528340422543, 0.24344411793095685, 0.22045873590307302, 0.20308813619547328, 0.22512211211524727, 0.21508624321009712]
 mean: 0.2669481336864574, std: 0.03712392073333905
Accuracy Intime: [0.3333333333333333, 0.27380952380952384, 0.3333333333333333, 0.25, 0.2857142857142857, 0.30952380952380953, 0.2857142857142857, 0.30952380952380953, 0.23809523809523808, 0.2857142857142857, 0.30952380952380953, 0.4523809523809524, 0.2261904761904762, 0.30952380952380953, 0.2976190476190476]
 mean: 0.3, std: 0.05091750772173156
F1 (Intime): [0.333049853372434, 0.277688436887547, 0.3343575255062273, 0.25666008827773534, 0.30025154518802427, 0.30487012987012985, 0.2893084061505114, 0.32591146493585516, 0.24333964116572812, 0.2888555700100691, 0.30112554112554113, 0.45402599636345764, 0.2018464564509189, 0.3127106227106227, 0.28932679738562095]
 mean: 0.3008885383600282, std: 0.0531764381205908
--------------------------------------------------
Subject Number: 9
Accuracy Cross: [0.23809523809523808, 0.22857142857142856, 0.3047619047619048, 0.24285714285714285, 0.22857142857142856, 0.19047619047619047, 0.20952380952380953, 0.21904761904761905, 0.20476190476190476, 0.2, 0.19047619047619047, 0.21904761904761905, 0.21904761904761905, 0.20952380952380953, 0.2714285714285714]
 mean: 0.2250793650793651, std: 0.029481109247603554
F1 Score: [0.23494947414197592, 0.22997162654237044, 0.3081334286441547, 0.24078880291101612, 0.2303377976742973, 0.19098447758241574, 0.20870682730923695, 0.21150373345819268, 0.20234914924109376, 0.2019992739087094, 0.18486382285039432, 0.21520636130699025, 0.21162121586008537, 0.20814188700682207, 0.2609403164240896]
 mean: 0.22269987965745633, std: 0.029823687781529697
Accuracy Intime: [0.2619047619047619, 0.21428571428571427, 0.2857142857142857, 0.30952380952380953, 0.21428571428571427, 0.32142857142857145, 0.25, 0.21428571428571427, 0.32142857142857145, 0.27380952380952384, 0.32142857142857145, 0.2976190476190476, 0.2857142857142857, 0.2857142857142857, 0.2619047619047619]
 mean: 0.27460317460317457, std: 0.037004899132935774
F1 (Intime): [0.26745703338806787, 0.21138042905484764, 0.2839804494774487, 0.30707037864932596, 0.21040120663650072, 0.3129556338664498, 0.25486772486772485, 0.20912698412698413, 0.32914547251261245, 0.2780498656360725, 0.3112258833939254, 0.2867905432932085, 0.29383427383427385, 0.3001132201132201, 0.25474246282756924]
 mean: 0.2740761041118821, std: 0.037724469465477854
--------------------------------------------------
Subject Number: 10
Accuracy Cross: [0.22380952380952382, 0.2619047619047619, 0.23333333333333334, 0.21428571428571427, 0.23809523809523808, 0.22380952380952382, 0.23809523809523808, 0.21428571428571427, 0.24761904761904763, 0.21904761904761905, 0.2, 0.21428571428571427, 0.21904761904761905, 0.20476190476190476, 0.19047619047619047]
 mean: 0.2228571428571429, std: 0.018003107147628986
F1 Score: [0.21475087564871354, 0.25311425981143754, 0.22983652430044182, 0.21234122430566615, 0.23389519095065175, 0.2253524031178416, 0.23215254090960308, 0.21144346484800408, 0.24866272877917375, 0.2193971902109996, 0.20110435737570462, 0.2138466170494892, 0.21923253255088943, 0.1973153141455088, 0.1891961914923601]
 mean: 0.2201094276997657, std: 0.017132519708259204
Accuracy Intime: [0.36904761904761907, 0.27380952380952384, 0.2976190476190476, 0.2261904761904762, 0.32142857142857145, 0.2261904761904762, 0.27380952380952384, 0.2976190476190476, 0.17857142857142858, 0.27380952380952384, 0.3333333333333333, 0.2619047619047619, 0.32142857142857145, 0.20238095238095238, 0.2857142857142857]
 mean: 0.2761904761904762, std: 0.04979170521066071
F1 (Intime): [0.3694566870129587, 0.2669647558180036, 0.29488673403700943, 0.22774309024309022, 0.3183638583638584, 0.23592449592449594, 0.2637975585850486, 0.296942942942943, 0.1676754776754777, 0.27217360565525195, 0.3332855997250544, 0.2544647595276207, 0.3224290524290524, 0.20195670995670997, 0.2834362934362934]
 mean: 0.27396677475552456, std: 0.05073794047182478
--------------------------------------------------
Subject Number: 11
Accuracy Cross: [0.19523809523809524, 0.15714285714285714, 0.18095238095238095, 0.18571428571428572, 0.15714285714285714, 0.24285714285714285, 0.22857142857142856, 0.23333333333333334, 0.24285714285714285, 0.2523809523809524, 0.20476190476190476, 0.23333333333333334, 0.22857142857142856, 0.21904761904761905, 0.20476190476190476]
 mean: 0.21111111111111117, std: 0.029542578093033248
F1 Score: [0.19050898433025326, 0.15804481533739237, 0.17999057417603784, 0.18433101324637594, 0.15693590277110875, 0.24237570420368953, 0.22576830618804528, 0.2300836005169796, 0.24088700667330976, 0.24837416502567664, 0.20057694914176202, 0.23077012627795018, 0.2264645579999251, 0.2159173300539703, 0.20371699637553675]
 mean: 0.20898306882120085, std: 0.028788324799724388
Accuracy Intime: [0.23809523809523808, 0.2976190476190476, 0.2261904761904762, 0.2976190476190476, 0.30952380952380953, 0.25, 0.19047619047619047, 0.23809523809523808, 0.27380952380952384, 0.27380952380952384, 0.17857142857142858, 0.3333333333333333, 0.23809523809523808, 0.19047619047619047, 0.21428571428571427]
 mean: 0.25, std: 0.04517539514526256
F1 (Intime): [0.22705510388437214, 0.29560305631497974, 0.21742870500233752, 0.2941627695681908, 0.29861935361935366, 0.2333325983580652, 0.17218797462699903, 0.22251301302534698, 0.2671428571428572, 0.262658119660318, 0.17044198020428922, 0.3342488928695825, 0.21899385560675882, 0.18942874392789505, 0.20664408055712405]
 mean: 0.240697406957898, std: 0.04772324122659232
--------------------------------------------------
Subject Number: 12
Accuracy Cross: [0.17142857142857143, 0.21428571428571427, 0.23333333333333334, 0.2571428571428571, 0.22857142857142856, 0.2857142857142857, 0.20476190476190476, 0.24761904761904763, 0.26666666666666666, 0.2714285714285714, 0.19047619047619047, 0.18095238095238095, 0.20476190476190476, 0.18095238095238095, 0.22380952380952382]
 mean: 0.2241269841269841, std: 0.03470931732976916
F1 Score: [0.17425922714301478, 0.21037640901771337, 0.23307428078202178, 0.2563371129786627, 0.22596764291813795, 0.26937079216433213, 0.19981388197161362, 0.24330364938012922, 0.259140364994685, 0.25654265774420815, 0.18409619653232326, 0.17913657119136567, 0.20409441814273582, 0.17952154530918846, 0.2259903463261672]
 mean: 0.22006833977308657, std: 0.03146778846793884
Accuracy Intime: [0.2261904761904762, 0.21428571428571427, 0.23809523809523808, 0.2857142857142857, 0.25, 0.2976190476190476, 0.2261904761904762, 0.21428571428571427, 0.25, 0.32142857142857145, 0.25, 0.2619047619047619, 0.25, 0.2857142857142857, 0.3333333333333333]
 mean: 0.26031746031746034, std: 0.0358111561037412
F1 (Intime): [0.2269042789529605, 0.20564209529726774, 0.23208285891212718, 0.2604909983633388, 0.24969938359412044, 0.28919927885445124, 0.23919944789510011, 0.21583773369487655, 0.25839162211213024, 0.32323438116307385, 0.2349139863845746, 0.23631156120504873, 0.23424537984955257, 0.2941979949874686, 0.3297433221012612]
 mean: 0.25533962155782347, std: 0.03627134512717276
--------------------------------------------------
Subject Number: 13
Accuracy Cross: [0.21904761904761905, 0.20952380952380953, 0.23333333333333334, 0.24761904761904763, 0.18571428571428572, 0.20952380952380953, 0.23333333333333334, 0.24285714285714285, 0.2, 0.21904761904761905, 0.18571428571428572, 0.2523809523809524, 0.20952380952380953, 0.18571428571428572, 0.22857142857142856]
 mean: 0.21746031746031752, std: 0.021484348337382386
F1 Score: [0.2204659525866078, 0.20146111148844753, 0.22944166414085446, 0.22808926187297351, 0.18491379989213547, 0.20927165421191832, 0.23319647010222036, 0.23683238113909927, 0.19890319347843843, 0.22458411485211593, 0.18319330440106413, 0.24734134783581457, 0.21395518372367142, 0.18297457444516269, 0.22608246031877383]
 mean: 0.21471376496595315, std: 0.019825453247267477
Accuracy Intime: [0.23809523809523808, 0.2261904761904762, 0.20238095238095238, 0.3333333333333333, 0.15476190476190477, 0.2261904761904762, 0.30952380952380953, 0.32142857142857145, 0.35714285714285715, 0.23809523809523808, 0.2619047619047619, 0.27380952380952384, 0.21428571428571427, 0.2857142857142857, 0.21428571428571427]
 mean: 0.2571428571428572, std: 0.05390986570711649
F1 (Intime): [0.23768433748149773, 0.20859685149857315, 0.1940908765908766, 0.33109440267335, 0.14421919543870762, 0.2395861448493027, 0.29202969636431, 0.31366074182433445, 0.35215767866930653, 0.2210243902439024, 0.24873329568981745, 0.2707716773506247, 0.21394781144781144, 0.23390412257746424, 0.20980003772873043]
 mean: 0.24742008402857393, std: 0.05383253063875502
--------------------------------------------------
Subject Number: 14
Accuracy Cross: [0.22857142857142856, 0.21904761904761905, 0.2714285714285714, 0.22857142857142856, 0.20476190476190476, 0.2714285714285714, 0.24761904761904763, 0.23809523809523808, 0.26666666666666666, 0.20476190476190476, 0.2571428571428571, 0.20476190476190476, 0.20476190476190476, 0.21428571428571427, 0.18571428571428572]
 mean: 0.22984126984126985, std: 0.026794854407630717
F1 Score: [0.22618686868686871, 0.21645416535028525, 0.26700582067631995, 0.2244179608736571, 0.19297407116340642, 0.26681068903265104, 0.2348860193043889, 0.23098250175489127, 0.26962288748067625, 0.20304154749360231, 0.24752830709748688, 0.19223607346097307, 0.1770644925676488, 0.1968323465816074, 0.17708803545009227]
 mean: 0.22154211913163704, std: 0.030559659980104698
Accuracy Intime: [0.19047619047619047, 0.38095238095238093, 0.2976190476190476, 0.25, 0.2976190476190476, 0.34523809523809523, 0.2857142857142857, 0.20238095238095238, 0.2261904761904762, 0.2857142857142857, 0.32142857142857145, 0.3333333333333333, 0.27380952380952384, 0.27380952380952384, 0.3333333333333333]
 mean: 0.2865079365079365, std: 0.051520102752753906
F1 (Intime): [0.14610346464167062, 0.37430064994493306, 0.2825148219934698, 0.24147266717518434, 0.262111801242236, 0.3430178895514649, 0.26727498955928086, 0.18686918888733772, 0.21449735449735446, 0.2763074291300098, 0.30788461538461537, 0.3089240228370663, 0.229251155624037, 0.26771854207148327, 0.31125688165226384]
 mean: 0.26796703161282714, std: 0.057089321858739786
--------------------------------------------------
**************************************************
accuracy_cross_list: [0.2711111111111111, 0.2136507936507937, 0.25873015873015875, 0.21523809523809526, 0.2434920634920635, 0.21238095238095236, 0.21111111111111114, 0.26476190476190475, 0.2250793650793651, 0.2228571428571429, 0.21111111111111117, 0.2241269841269841, 0.21746031746031752, 0.22984126984126985]
f1_score_list: [0.2652588798746905, 0.20836542977867276, 0.24852844477906685, 0.21342306500773114, 0.23817021128989843, 0.2099986804963357, 0.20619649810645094, 0.2669481336864574, 0.22269987965745633, 0.2201094276997657, 0.20898306882120085, 0.22006833977308657, 0.21471376496595315, 0.22154211913163704]
accuracy_intime_list: [0.31349206349206343, 0.276984126984127, 0.2634920634920635, 0.2714285714285714, 0.2880952380952381, 0.2611111111111111, 0.23650793650793656, 0.3, 0.27460317460317457, 0.2761904761904762, 0.25, 0.26031746031746034, 0.2571428571428572, 0.2865079365079365]
f1_score_intime_list: [0.30989546371584226, 0.2634819067629392, 0.2522087864107429, 0.26787131092218924, 0.2820164895509519, 0.25094691563192606, 0.22360084985620415, 0.3008885383600282, 0.2740761041118821, 0.27396677475552456, 0.240697406957898, 0.25533962155782347, 0.24742008402857393, 0.26796703161282714]
**************************************************
ACC: 23.01±2.01
F1: 22.61±1.98
Intime: 27.26±1.95
F1 (Intime): 26.50±2.21
