1e-05
Subject Number: 1
Accuracy Cross: [0.36764705882352944, 0.36764705882352944, 0.23529411764705882, 0.2647058823529412, 0.3382352941176471, 0.2753623188405797, 0.2898550724637681, 0.34782608695652173, 0.36231884057971014, 0.2753623188405797, 0.3088235294117647, 0.36764705882352944, 0.3235294117647059, 0.36764705882352944, 0.35294117647058826]
 mean: 0.3229894856493322, std: 0.04335388790107206
F1 Score: [0.34748146053293116, 0.38288553551711446, 0.23768748453097926, 0.2596631205673759, 0.33495670995670995, 0.2759043272481407, 0.29009826152683293, 0.34310897435897436, 0.37455982768482765, 0.28808961393666493, 0.3040775675473951, 0.3590847996089932, 0.3300487221379391, 0.3459908218606591, 0.3496031746031746]
 mean: 0.3215493601079142, std: 0.04172530283095855
Accuracy Intime: [0.35714285714285715, 0.42857142857142855, 0.25, 0.4230769230769231, 0.5, 0.5, 0.5, 0.39285714285714285, 0.5, 0.4230769230769231, 0.2857142857142857, 0.39285714285714285, 0.25, 0.34615384615384615, 0.34615384615384615]
 mean: 0.39304029304029303, std: 0.08444077571157241
F1 (Intime): [0.3435897435897436, 0.415051247771836, 0.25528817587641117, 0.34659090909090906, 0.5068181818181818, 0.5209401709401709, 0.5071428571428571, 0.4282212885154061, 0.5, 0.40576923076923077, 0.2791666666666667, 0.4057871952608794, 0.26887089518668467, 0.32521645021645024, 0.3307783719548425]
 mean: 0.389282092320018, std: 0.08795408050227124
--------------------------------------------------
Subject Number: 2
Accuracy Cross: [0.2463768115942029, 0.2318840579710145, 0.2608695652173913, 0.2463768115942029, 0.2608695652173913, 0.27941176470588236, 0.19117647058823528, 0.29411764705882354, 0.2647058823529412, 0.25, 0.34782608695652173, 0.3188405797101449, 0.3333333333333333, 0.17391304347826086, 0.2753623188405797]
 mean: 0.26500426257459503, std: 0.04574392010641527
F1 Score: [0.26096491228070173, 0.24855367166914882, 0.2426470588235294, 0.2609279609279609, 0.28806636946171826, 0.2887912087912088, 0.19012693383402765, 0.3043064226914756, 0.2619858371467861, 0.26330019187162046, 0.3231658254699729, 0.2961276820466681, 0.30649916943521593, 0.13822751322751323, 0.2698080369451337]
 mean: 0.2628999196415121, std: 0.04558261806007201
Accuracy Intime: [0.5, 0.39285714285714285, 0.39285714285714285, 0.38461538461538464, 0.23076923076923078, 0.42857142857142855, 0.39285714285714285, 0.2857142857142857, 0.42857142857142855, 0.23076923076923078, 0.42857142857142855, 0.5357142857142857, 0.2857142857142857, 0.2692307692307692, 0.3076923076923077]
 mean: 0.3663003663003662, std: 0.09064361427961379
F1 (Intime): [0.5071428571428571, 0.36997549019607845, 0.39345760233918126, 0.3409090909090909, 0.20717517776341304, 0.4231577246283129, 0.3569444444444444, 0.2547008547008547, 0.42658730158730157, 0.20297619047619048, 0.43214285714285716, 0.5330898268398269, 0.28214285714285714, 0.26142093200916733, 0.26450216450216446]
 mean: 0.35042169145497315, std: 0.09981791594613047
--------------------------------------------------
Subject Number: 3
Accuracy Cross: [0.2647058823529412, 0.22058823529411764, 0.2647058823529412, 0.22058823529411764, 0.19117647058823528, 0.2753623188405797, 0.17391304347826086, 0.2898550724637681, 0.3188405797101449, 0.2318840579710145, 0.2753623188405797, 0.2898550724637681, 0.2318840579710145, 0.21739130434782608, 0.2898550724637681]
 mean: 0.2503978402955385, std: 0.03993343642016554
F1 Score: [0.260266049739734, 0.2191169738546601, 0.2626868153183943, 0.21640810170221936, 0.18670020639834883, 0.25575389522757946, 0.16764767490573942, 0.2714246068455134, 0.30889350365303175, 0.23024037862747537, 0.2581533366821082, 0.27621646573259473, 0.20313744226787706, 0.21474687435949985, 0.26882426516572855]
 mean: 0.2400144393653669, std: 0.03700418499958129
Accuracy Intime: [0.25, 0.2857142857142857, 0.42857142857142855, 0.35714285714285715, 0.5, 0.35714285714285715, 0.21428571428571427, 0.32142857142857145, 0.3076923076923077, 0.5, 0.35714285714285715, 0.32142857142857145, 0.10714285714285714, 0.34615384615384615, 0.34615384615384615]
 mean: 0.33333333333333326, std: 0.09734565762577518
F1 (Intime): [0.23182503770739066, 0.26623931623931624, 0.43148926237161533, 0.3028846153846154, 0.48129370629370627, 0.34090909090909094, 0.21404428904428904, 0.3057422969187675, 0.304452614379085, 0.4574765512265513, 0.35490196078431374, 0.28361344537815125, 0.09791666666666667, 0.32976190476190476, 0.29084967320261434]
 mean: 0.31289336208453855, std: 0.09397258535247902
--------------------------------------------------
Subject Number: 4
Accuracy Cross: [0.36231884057971014, 0.30434782608695654, 0.30434782608695654, 0.391304347826087, 0.3188405797101449, 0.391304347826087, 0.43478260869565216, 0.42028985507246375, 0.42028985507246375, 0.42028985507246375, 0.2463768115942029, 0.34782608695652173, 0.34782608695652173, 0.34782608695652173, 0.42028985507246375]
 mean: 0.36521739130434777, std: 0.05349900753587295
F1 Score: [0.36841878994583127, 0.31390260891590677, 0.29198529411764707, 0.3838178294573643, 0.3085037126798329, 0.3840686274509804, 0.4333245243128964, 0.42015850436903074, 0.40836990356551095, 0.426441284490065, 0.20441176470588235, 0.3192672001736611, 0.3420945797673908, 0.3281906417499638, 0.4095026785919573]
 mean: 0.35616386295292807, std: 0.06099125608115953
Accuracy Intime: [0.39285714285714285, 0.39285714285714285, 0.42857142857142855, 0.32142857142857145, 0.4230769230769231, 0.35714285714285715, 0.39285714285714285, 0.2857142857142857, 0.25, 0.34615384615384615, 0.39285714285714285, 0.4642857142857143, 0.6071428571428571, 0.42857142857142855, 0.38461538461538464]
 mean: 0.39120879120879126, std: 0.07956479052316703
F1 (Intime): [0.3829468325791855, 0.3729102167182663, 0.444331983805668, 0.28035714285714286, 0.40681818181818186, 0.3738095238095238, 0.4270833333333333, 0.23257575757575757, 0.2376114081996435, 0.3333714896214896, 0.42253711201079625, 0.4770833333333333, 0.6010822510822511, 0.4015984015984016, 0.33369565217391306]
 mean: 0.3818541747011258, std: 0.09090442629584013
--------------------------------------------------
Subject Number: 5
Accuracy Cross: [0.3235294117647059, 0.3235294117647059, 0.36764705882352944, 0.4117647058823529, 0.27941176470588236, 0.36764705882352944, 0.45588235294117646, 0.4411764705882353, 0.4264705882352941, 0.4117647058823529, 0.3382352941176471, 0.38235294117647056, 0.39705882352941174, 0.38235294117647056, 0.4117647058823529]
 mean: 0.3813725490196079, std: 0.047262630561544894
F1 Score: [0.31507936507936507, 0.3054341736694678, 0.3702465834818776, 0.4183982683982683, 0.28223859473859475, 0.34860347985347984, 0.45422636903985547, 0.41988575486112434, 0.4026513776604521, 0.4087682094781486, 0.3380745341614907, 0.35816363826232245, 0.37545658065276305, 0.3494148647601333, 0.37808297427862647]
 mean: 0.368314984558398, std: 0.04580735683640623
Accuracy Intime: [0.6428571428571429, 0.6785714285714286, 0.4642857142857143, 0.5, 0.5, 0.4642857142857143, 0.4642857142857143, 0.35714285714285715, 0.34615384615384615, 0.34615384615384615, 0.4642857142857143, 0.5357142857142857, 0.6071428571428571, 0.46153846153846156, 0.5]
 mean: 0.48882783882783876, std: 0.0957446377117389
F1 (Intime): [0.6395604395604395, 0.6708333333333333, 0.45196078431372544, 0.49999999999999994, 0.44914215686274517, 0.48809523809523814, 0.4536647992530345, 0.3420814479638009, 0.2893217893217893, 0.3190045248868778, 0.4653846153846154, 0.5246975246975247, 0.6009211376858435, 0.3504081058260625, 0.4162280701754386]
 mean: 0.46408693115736455, std: 0.10953524735036516
--------------------------------------------------
Subject Number: 6
Accuracy Cross: [0.3382352941176471, 0.3088235294117647, 0.39705882352941174, 0.38235294117647056, 0.4117647058823529, 0.2318840579710145, 0.2898550724637681, 0.3333333333333333, 0.2463768115942029, 0.30434782608695654, 0.30434782608695654, 0.2608695652173913, 0.2608695652173913, 0.2753623188405797, 0.3333333333333333]
 mean: 0.31192100028417163, std: 0.05269375948900712
F1 Score: [0.3285297820181541, 0.3089883800410116, 0.377415458937198, 0.37878203280680056, 0.41944444444444445, 0.20594458094458093, 0.21359649122807017, 0.31077374327675233, 0.23282898282898282, 0.27498301117487167, 0.3124734105604323, 0.26018884497145367, 0.24193362193362195, 0.2780311355311355, 0.32188809066870533]
 mean: 0.297720134091081, std: 0.06051077298789197
Accuracy Intime: [0.42857142857142855, 0.35714285714285715, 0.39285714285714285, 0.39285714285714285, 0.34615384615384615, 0.5, 0.5, 0.42857142857142855, 0.3076923076923077, 0.34615384615384615, 0.5357142857142857, 0.2857142857142857, 0.32142857142857145, 0.5769230769230769, 0.34615384615384615]
 mean: 0.40439560439560435, std: 0.08542262767559505
F1 (Intime): [0.4083916083916084, 0.3377164502164502, 0.39127539127539124, 0.38095238095238093, 0.28417634996582364, 0.5160443722943723, 0.46121794871794874, 0.3925324675324675, 0.30629370629370634, 0.28968253968253965, 0.5374434389140271, 0.26050420168067223, 0.3008675534991324, 0.5190058479532164, 0.22552447552447552]
 mean: 0.3741085821929475, std: 0.09617686959118449
--------------------------------------------------
Subject Number: 7
Accuracy Cross: [0.4117647058823529, 0.4117647058823529, 0.3088235294117647, 0.4411764705882353, 0.38235294117647056, 0.27941176470588236, 0.4264705882352941, 0.35294117647058826, 0.36764705882352944, 0.36764705882352944, 0.36764705882352944, 0.3382352941176471, 0.3088235294117647, 0.3235294117647059, 0.3235294117647059]
 mean: 0.3607843137254901, std: 0.04615138155270516
F1 Score: [0.390219421101774, 0.39505789909015715, 0.3031386804252658, 0.4308506308506308, 0.34181818181818185, 0.25482804232804235, 0.42321778300039165, 0.36437952291610826, 0.3727191267513848, 0.3651589872520105, 0.334560470324748, 0.3170602981923737, 0.2956695156695157, 0.31185897435897436, 0.3096661403113016]
 mean: 0.34734691162605735, std: 0.04835288000234297
Accuracy Intime: [0.35714285714285715, 0.39285714285714285, 0.42857142857142855, 0.34615384615384615, 0.34615384615384615, 0.32142857142857145, 0.2857142857142857, 0.39285714285714285, 0.34615384615384615, 0.3076923076923077, 0.5, 0.4642857142857143, 0.42857142857142855, 0.4230769230769231, 0.34615384615384615]
 mean: 0.37912087912087916, std: 0.05833843658852166
F1 (Intime): [0.3357142857142857, 0.403030303030303, 0.34545454545454546, 0.31610275689223055, 0.2990131578947368, 0.27146073740500987, 0.26587301587301587, 0.3842823842823843, 0.31283422459893045, 0.2875408496732026, 0.48525432900432897, 0.4581232492997198, 0.3885432378079437, 0.4273809523809524, 0.32094017094017097]
 mean: 0.35343654668345065, std: 0.065632417702136
--------------------------------------------------
Subject Number: 8
Accuracy Cross: [0.2647058823529412, 0.23529411764705882, 0.17647058823529413, 0.3088235294117647, 0.29411764705882354, 0.29411764705882354, 0.27941176470588236, 0.3088235294117647, 0.25, 0.25, 0.27941176470588236, 0.3088235294117647, 0.23529411764705882, 0.3382352941176471, 0.23529411764705882]
 mean: 0.27058823529411763, std: 0.0397512449661045
F1 Score: [0.2632486306904912, 0.2305454011843464, 0.17737211533606018, 0.3147630740136345, 0.3097060723514212, 0.29085791925465837, 0.28522409556892314, 0.29006417024617226, 0.24528186274509806, 0.2439814814814815, 0.2583213601532567, 0.299175219941349, 0.2120714651202456, 0.3303888303888304, 0.21365832235397453]
 mean: 0.26431066805532955, std: 0.042268025756596446
Accuracy Intime: [0.32142857142857145, 0.39285714285714285, 0.21428571428571427, 0.4230769230769231, 0.34615384615384615, 0.39285714285714285, 0.32142857142857145, 0.25, 0.2692307692307692, 0.34615384615384615, 0.32142857142857145, 0.39285714285714285, 0.21428571428571427, 0.4230769230769231, 0.4230769230769231]
 mean: 0.33681318681318684, std: 0.0705981596710234
F1 (Intime): [0.28825757575757577, 0.38492063492063494, 0.1875, 0.46397058823529413, 0.3360576923076923, 0.3680332739156269, 0.31212121212121213, 0.2571428571428571, 0.23253968253968255, 0.3176470588235294, 0.2964349376114082, 0.38919413919413914, 0.24707602339181284, 0.39636437908496736, 0.44375]
 mean: 0.3280673370030955, std: 0.07684158340083069
--------------------------------------------------
Subject Number: 9
Accuracy Cross: [0.3382352941176471, 0.36764705882352944, 0.3235294117647059, 0.36764705882352944, 0.35294117647058826, 0.2647058823529412, 0.3088235294117647, 0.3382352941176471, 0.4117647058823529, 0.2647058823529412, 0.27941176470588236, 0.3088235294117647, 0.25, 0.2647058823529412, 0.3382352941176471]
 mean: 0.3186274509803921, std: 0.0454589141936064
F1 Score: [0.3562861669966654, 0.38374125874125875, 0.35403894351262766, 0.3893233082706766, 0.3675393234216764, 0.2803473329789119, 0.3321548292478525, 0.3614289346554792, 0.42446831397135654, 0.28318660240015736, 0.26893500643500645, 0.3029860003544214, 0.2518796992481203, 0.26462082068699716, 0.3139787250932762]
 mean: 0.32899435106763225, std: 0.05081757994983856
Accuracy Intime: [0.5, 0.35714285714285715, 0.39285714285714285, 0.38461538461538464, 0.3076923076923077, 0.5357142857142857, 0.39285714285714285, 0.2857142857142857, 0.38461538461538464, 0.2692307692307692, 0.32142857142857145, 0.35714285714285715, 0.42857142857142855, 0.34615384615384615, 0.3076923076923077]
 mean: 0.37142857142857133, std: 0.07188638855833941
F1 (Intime): [0.5042016806722689, 0.35243983957219255, 0.3945290004113534, 0.4121212121212121, 0.2565993788819876, 0.5397249809014515, 0.39962121212121215, 0.28104575163398693, 0.34806892453951277, 0.24444444444444444, 0.3232655502392344, 0.35086755349913246, 0.37950937950937946, 0.32813428401663697, 0.25747863247863245]
 mean: 0.35813678833617596, std: 0.0825991847764382
--------------------------------------------------
Subject Number: 10
Accuracy Cross: [0.20588235294117646, 0.2647058823529412, 0.2647058823529412, 0.25, 0.29411764705882354, 0.27941176470588236, 0.19117647058823528, 0.25, 0.20588235294117646, 0.22058823529411764, 0.21739130434782608, 0.2753623188405797, 0.2318840579710145, 0.2318840579710145, 0.2028985507246377]
 mean: 0.23905939187269115, std: 0.0308198849310797
F1 Score: [0.20122053872053874, 0.2526284348864994, 0.26390853926932023, 0.24261046761046764, 0.270343137254902, 0.25263888888888886, 0.17236312399355877, 0.23428220715454756, 0.169512599469496, 0.20357142857142854, 0.20142523287581054, 0.2731459915562055, 0.22772129186602869, 0.2030612244897959, 0.1995923913043478]
 mean: 0.22453503319412244, std: 0.033037720823355
Accuracy Intime: [0.25, 0.42857142857142855, 0.25, 0.23076923076923078, 0.15384615384615385, 0.35714285714285715, 0.17857142857142858, 0.2857142857142857, 0.38461538461538464, 0.3076923076923077, 0.2857142857142857, 0.25, 0.2857142857142857, 0.34615384615384615, 0.34615384615384615]
 mean: 0.28937728937728935, std: 0.07238488221747069
F1 (Intime): [0.2296703296703297, 0.3885281385281385, 0.24843073593073595, 0.23055555555555557, 0.10835913312693499, 0.36607142857142855, 0.18312243312243315, 0.26920383538030596, 0.39166666666666666, 0.26666666666666666, 0.24318181818181817, 0.23712121212121212, 0.2502164502164502, 0.3230519480519481, 0.3170687134502924]
 mean: 0.2701943376827278, std: 0.07422364752918557
--------------------------------------------------
Subject Number: 11
Accuracy Cross: [0.3333333333333333, 0.2898550724637681, 0.2318840579710145, 0.37681159420289856, 0.34782608695652173, 0.34782608695652173, 0.3333333333333333, 0.4057971014492754, 0.37681159420289856, 0.36231884057971014, 0.2753623188405797, 0.30434782608695654, 0.3188405797101449, 0.30434782608695654, 0.30434782608695654]
 mean: 0.32753623188405795, std: 0.0432522305035737
F1 Score: [0.3063353740824858, 0.28787878787878785, 0.2265685703185703, 0.3657427937915743, 0.3407828282828283, 0.3277277294619036, 0.31376646792468293, 0.4031058564077432, 0.3702242652546912, 0.34084249084249085, 0.23868076810196634, 0.27369080879719176, 0.2967251461988304, 0.29681412745928876, 0.2926927457680374]
 mean: 0.3121052507047382, std: 0.046246976192745134
Accuracy Intime: [0.21428571428571427, 0.39285714285714285, 0.42857142857142855, 0.4642857142857143, 0.46153846153846156, 0.32142857142857145, 0.35714285714285715, 0.32142857142857145, 0.39285714285714285, 0.3076923076923077, 0.2857142857142857, 0.21428571428571427, 0.32142857142857145, 0.35714285714285715, 0.4230769230769231]
 mean: 0.3509157509157509, std: 0.07571305407023535
F1 (Intime): [0.21704260651629073, 0.37657563025210083, 0.42533936651583715, 0.4178846153846154, 0.4451825951825952, 0.3041267942583732, 0.32638888888888884, 0.27324561403508774, 0.39090909090909093, 0.21671826625386997, 0.25874125874125875, 0.19166666666666665, 0.3104166666666666, 0.3632177033492823, 0.42094017094017094]
 mean: 0.32922639563738637, std: 0.08141136871102274
--------------------------------------------------
Subject Number: 12
Accuracy Cross: [0.3235294117647059, 0.29411764705882354, 0.3235294117647059, 0.35294117647058826, 0.3088235294117647, 0.2753623188405797, 0.2608695652173913, 0.3333333333333333, 0.3333333333333333, 0.2318840579710145, 0.3088235294117647, 0.3088235294117647, 0.29411764705882354, 0.3382352941176471, 0.4117647058823529]
 mean: 0.3132992327365729, std: 0.040425450840266886
F1 Score: [0.27323224387177875, 0.2871382746382746, 0.2910838244660695, 0.3458792329661363, 0.2958921694480102, 0.2800221557027365, 0.24105057668887453, 0.2858968946430247, 0.3084359325125399, 0.24285966432399475, 0.30917601367996983, 0.28387254901960784, 0.29741030294569315, 0.34469430264624773, 0.3962129380053908]
 mean: 0.2988571383705566, std: 0.038365228236695
Accuracy Intime: [0.35714285714285715, 0.2857142857142857, 0.25, 0.3076923076923077, 0.2692307692307692, 0.32142857142857145, 0.42857142857142855, 0.2857142857142857, 0.23076923076923078, 0.46153846153846156, 0.39285714285714285, 0.4642857142857143, 0.39285714285714285, 0.34615384615384615, 0.5384615384615384]
 mean: 0.35549450549450545, std: 0.08644494627486907
F1 (Intime): [0.34817447045707917, 0.2590909090909091, 0.21691176470588236, 0.30933414411675286, 0.24401709401709404, 0.35443376068376065, 0.4247899159663866, 0.27582013574660635, 0.16323529411764706, 0.46244343891402717, 0.41305916305916307, 0.46111111111111114, 0.38247863247863245, 0.2916666666666667, 0.46515151515151515]
 mean: 0.3381145344188823, std: 0.09288970870298996
--------------------------------------------------
Subject Number: 13
Accuracy Cross: [0.29411764705882354, 0.29411764705882354, 0.27941176470588236, 0.3088235294117647, 0.27941176470588236, 0.2753623188405797, 0.2463768115942029, 0.2318840579710145, 0.2463768115942029, 0.2608695652173913, 0.23529411764705882, 0.3235294117647059, 0.35294117647058826, 0.25, 0.3088235294117647]
 mean: 0.27915601023017905, std: 0.03379124028447202
F1 Score: [0.29801587301587296, 0.2887959387959388, 0.28715728715728717, 0.30567073170731707, 0.29122208436724567, 0.2313515977110447, 0.2215079365079365, 0.2077072927072927, 0.2403481607311977, 0.2331360728573272, 0.19177489177489176, 0.3325187969924812, 0.36712454212454215, 0.2534888357256778, 0.311937933067964]
 mean: 0.2707838650162679, std: 0.04802929977345129
Accuracy Intime: [0.32142857142857145, 0.2857142857142857, 0.25, 0.3076923076923077, 0.3076923076923077, 0.39285714285714285, 0.32142857142857145, 0.35714285714285715, 0.23076923076923078, 0.46153846153846156, 0.2857142857142857, 0.2857142857142857, 0.32142857142857145, 0.38461538461538464, 0.3076923076923077]
 mean: 0.3214285714285714, std: 0.05640014656563301
F1 (Intime): [0.35617690058479534, 0.2702898550724638, 0.27941176470588236, 0.3208333333333333, 0.2750484809308339, 0.37896825396825395, 0.25827577994760653, 0.3484126984126984, 0.24136321195144722, 0.4553571428571428, 0.28104575163398693, 0.26785714285714285, 0.3117063492063492, 0.3653846153846154, 0.2648411371237458]
 mean: 0.31166482786468647, std: 0.056811708895891634
--------------------------------------------------
Subject Number: 14
Accuracy Cross: [0.20588235294117646, 0.27941176470588236, 0.29411764705882354, 0.16176470588235295, 0.20588235294117646, 0.27941176470588236, 0.25, 0.3235294117647059, 0.29411764705882354, 0.23529411764705882, 0.25, 0.3235294117647059, 0.29411764705882354, 0.2647058823529412, 0.3088235294117647]
 mean: 0.2647058823529412, std: 0.045246983369467954
F1 Score: [0.2191974691974692, 0.293668540761564, 0.30651532058181674, 0.17566850493679761, 0.19116926932716408, 0.2621219715956558, 0.24659304511278196, 0.3233441537149977, 0.275094982536843, 0.22154571210635282, 0.25532070620282327, 0.29646089204912734, 0.2882635882635882, 0.2650360545097387, 0.31362497151970836]
 mean: 0.2622416788277619, std: 0.04296559083356068
Accuracy Intime: [0.42857142857142855, 0.35714285714285715, 0.42857142857142855, 0.3076923076923077, 0.3076923076923077, 0.4642857142857143, 0.4642857142857143, 0.39285714285714285, 0.5, 0.23076923076923078, 0.21428571428571427, 0.2857142857142857, 0.32142857142857145, 0.3076923076923077, 0.23076923076923078]
 mean: 0.3494505494505494, std: 0.08945081945041196
F1 (Intime): [0.40705128205128205, 0.35757575757575755, 0.4309337721102427, 0.23529411764705882, 0.3111111111111111, 0.4595238095238095, 0.4523219814241486, 0.3937908496732026, 0.5208938120702827, 0.25416666666666665, 0.17613636363636365, 0.27952317290552586, 0.275, 0.3005729564553094, 0.2039072039072039]
 mean: 0.3371868571171977, std: 0.09981581403248733
--------------------------------------------------
Subject Number: 15
Accuracy Cross: [0.3088235294117647, 0.3088235294117647, 0.35294117647058826, 0.36764705882352944, 0.3235294117647059, 0.4411764705882353, 0.4411764705882353, 0.4852941176470588, 0.36764705882352944, 0.3382352941176471, 0.4117647058823529, 0.39705882352941174, 0.35294117647058826, 0.38235294117647056, 0.4117647058823529]
 mean: 0.3794117647058824, std: 0.050143968049193806
F1 Score: [0.33812919107036754, 0.30795113806733, 0.3762481962481963, 0.3994520264681555, 0.3417899671831696, 0.44091404058736183, 0.4511904761904762, 0.4863871635610766, 0.3771595552155824, 0.35158730158730156, 0.4148459383753501, 0.402991452991453, 0.348373069425701, 0.3760631525337408, 0.42585526315789474]
 mean: 0.38926252884421053, std: 0.04710502158383417
Accuracy Intime: [0.5357142857142857, 0.5, 0.5714285714285714, 0.5384615384615384, 0.38461538461538464, 0.35714285714285715, 0.32142857142857145, 0.5, 0.5769230769230769, 0.34615384615384615, 0.5357142857142857, 0.5, 0.4642857142857143, 0.46153846153846156, 0.5]
 mean: 0.4728937728937729, std: 0.08002552290470975
F1 (Intime): [0.5482683982683982, 0.5081232492997199, 0.5798923298923299, 0.5570488721804511, 0.30657894736842106, 0.36217948717948717, 0.30662393162393164, 0.5047137073452863, 0.5788048552754435, 0.3551184110007639, 0.5482456140350878, 0.5107142857142858, 0.4538461538461539, 0.46848739495798314, 0.523517126148705]
 mean: 0.4741441842757632, std: 0.0927892407577737
--------------------------------------------------
Subject Number: 16
Accuracy Cross: [0.29411764705882354, 0.38235294117647056, 0.3382352941176471, 0.25, 0.38235294117647056, 0.3088235294117647, 0.3235294117647059, 0.27941176470588236, 0.3088235294117647, 0.2647058823529412, 0.3382352941176471, 0.47058823529411764, 0.3088235294117647, 0.27941176470588236, 0.3235294117647059]
 mean: 0.32352941176470584, std: 0.053698289951486865
F1 Score: [0.23714137829044662, 0.3810029674189511, 0.3155661474075796, 0.2529673283705542, 0.3281610281610282, 0.30867424242424246, 0.3287970894353873, 0.29079034391534386, 0.3153232161468263, 0.27485047553681735, 0.3205602536997886, 0.45825374246426875, 0.2872586985859297, 0.28226461038961037, 0.3113942361188383]
 mean: 0.3128670505577075, std: 0.05112534234976422
Accuracy Intime: [0.42857142857142855, 0.35714285714285715, 0.39285714285714285, 0.34615384615384615, 0.5, 0.42857142857142855, 0.39285714285714285, 0.39285714285714285, 0.5384615384615384, 0.19230769230769232, 0.39285714285714285, 0.35714285714285715, 0.42857142857142855, 0.5384615384615384, 0.5]
 mean: 0.4124542124542125, std: 0.08500141870160248
F1 (Intime): [0.4429971988795518, 0.35037185037185037, 0.34243697478991597, 0.37286324786324787, 0.49801587301587297, 0.39545454545454545, 0.38055555555555554, 0.3912087912087912, 0.4818181818181818, 0.18253968253968253, 0.38156565656565655, 0.33350202429149794, 0.41083916083916083, 0.5455128205128206, 0.4154704944178628]
 mean: 0.3950101372082796, std: 0.08097205103923409
--------------------------------------------------
Subject Number: 17
Accuracy Cross: [0.391304347826087, 0.37681159420289856, 0.42028985507246375, 0.36231884057971014, 0.36231884057971014, 0.3333333333333333, 0.36231884057971014, 0.36231884057971014, 0.36231884057971014, 0.37681159420289856, 0.38235294117647056, 0.3382352941176471, 0.3382352941176471, 0.3235294117647059, 0.35294117647058826]
 mean: 0.3630292696788859, std: 0.023954716910048888
F1 Score: [0.3168197278911565, 0.35293475293475296, 0.375, 0.3589825336906136, 0.2918650793650793, 0.26488095238095233, 0.30952380952380953, 0.3454803261254874, 0.3167391304347826, 0.34411604573384147, 0.3700963718820862, 0.32222222222222224, 0.32032770097286223, 0.2768640350877193, 0.33855908584169453]
 mean: 0.3269607849391374, std: 0.03142547063505026
Accuracy Intime: [0.21428571428571427, 0.4642857142857143, 0.35714285714285715, 0.2692307692307692, 0.5384615384615384, 0.42857142857142855, 0.39285714285714285, 0.35714285714285715, 0.5, 0.4230769230769231, 0.35714285714285715, 0.4642857142857143, 0.35714285714285715, 0.42857142857142855, 0.38461538461538464]
 mean: 0.3957875457875458, std: 0.08106004475970355
F1 (Intime): [0.22664141414141414, 0.4340659340659341, 0.3320833755616365, 0.22474747474747475, 0.4888888888888889, 0.45158730158730154, 0.3666666666666667, 0.3509341535657325, 0.4798701298701299, 0.4183823529411765, 0.3642037786774629, 0.4587662337662338, 0.34545454545454546, 0.4297619047619047, 0.32936507936507936]
 mean: 0.3800946156041054, std: 0.07957375957990731
--------------------------------------------------
Subject Number: 18
Accuracy Cross: [0.2608695652173913, 0.30434782608695654, 0.3333333333333333, 0.30434782608695654, 0.2898550724637681, 0.27941176470588236, 0.27941176470588236, 0.27941176470588236, 0.25, 0.22058823529411764, 0.27941176470588236, 0.2647058823529412, 0.25, 0.3235294117647059, 0.2647058823529412]
 mean: 0.27892867291844275, std: 0.028483596687176503
F1 Score: [0.26415256738146764, 0.3288509735878157, 0.3127740621368893, 0.3077922077922078, 0.2921961550993809, 0.3097560975609756, 0.27719508002000504, 0.2873405079287432, 0.24806217462170974, 0.2280237047678908, 0.256262510193491, 0.2502880184331797, 0.23796056884292177, 0.31664164164164166, 0.2417164931965257]
 mean: 0.2772675175469897, std: 0.03184484339934736
Accuracy Intime: [0.17857142857142858, 0.32142857142857145, 0.32142857142857145, 0.19230769230769232, 0.2692307692307692, 0.39285714285714285, 0.2857142857142857, 0.4642857142857143, 0.3076923076923077, 0.38461538461538464, 0.25, 0.25, 0.42857142857142855, 0.19230769230769232, 0.34615384615384615]
 mean: 0.30567765567765565, std: 0.08407052267078216
F1 (Intime): [0.15284062342885874, 0.3023809523809524, 0.3240821678321678, 0.17243867243867245, 0.26805555555555555, 0.38541666666666663, 0.2720238095238095, 0.4647166558931265, 0.2999084249084249, 0.41428571428571426, 0.24158549783549782, 0.24404761904761904, 0.42879342879342874, 0.13257575757575757, 0.30000000000000004]
 mean: 0.2935434364110835, std: 0.09603525897829736
--------------------------------------------------
Subject Number: 19
Accuracy Cross: [0.3382352941176471, 0.3088235294117647, 0.3088235294117647, 0.29411764705882354, 0.3382352941176471, 0.35294117647058826, 0.35294117647058826, 0.38235294117647056, 0.38235294117647056, 0.29411764705882354, 0.35294117647058826, 0.20588235294117646, 0.3235294117647059, 0.3088235294117647, 0.39705882352941174]
 mean: 0.32941176470588235, std: 0.04550118190538154
F1 Score: [0.30865546218487394, 0.26815983846112973, 0.30005851803086825, 0.2863881784597897, 0.2846320346320346, 0.3520885547201336, 0.3139359776168532, 0.37128879892037786, 0.3520736107510154, 0.2522233201581028, 0.35134896935008914, 0.21987734487734487, 0.3101675285498815, 0.31786030061892134, 0.3976369159295988]
 mean: 0.31242635688406767, std: 0.04559930114608732
Accuracy Intime: [0.35714285714285715, 0.42857142857142855, 0.39285714285714285, 0.5, 0.4230769230769231, 0.35714285714285715, 0.32142857142857145, 0.39285714285714285, 0.46153846153846156, 0.38461538461538464, 0.4642857142857143, 0.35714285714285715, 0.5, 0.46153846153846156, 0.5384615384615384]
 mean: 0.4227106227106227, std: 0.06138018193651515
F1 (Intime): [0.3325757575757576, 0.40489718614718617, 0.39567307692307696, 0.4185520361990951, 0.44334893048128343, 0.33713549522373054, 0.26666666666666666, 0.39395604395604394, 0.46855921855921856, 0.34444444444444444, 0.45084301663249027, 0.29963235294117646, 0.4745160884866767, 0.44696275946275943, 0.49375]
 mean: 0.3981008715799738, std: 0.06608926671984061
--------------------------------------------------
Subject Number: 20
Accuracy Cross: [0.3235294117647059, 0.39705882352941174, 0.38235294117647056, 0.29411764705882354, 0.3088235294117647, 0.29411764705882354, 0.3382352941176471, 0.36764705882352944, 0.25, 0.3382352941176471, 0.3333333333333333, 0.3188405797101449, 0.2463768115942029, 0.34782608695652173, 0.3188405797101449]
 mean: 0.32395566922421143, std: 0.041051861341697936
F1 Score: [0.31050859705282496, 0.41208133971291866, 0.37275458570524983, 0.2882599423284873, 0.2893257105213627, 0.28672052585096064, 0.3406310444874275, 0.38492668408826947, 0.24783354783354783, 0.33863095747411653, 0.3337719298245614, 0.3164383144562173, 0.23975442834138488, 0.3542562724014337, 0.34104398928355373]
 mean: 0.3237958579574877, std: 0.046651983598396465
Accuracy Intime: [0.42857142857142855, 0.4642857142857143, 0.39285714285714285, 0.34615384615384615, 0.3076923076923077, 0.5, 0.5714285714285714, 0.5, 0.5, 0.34615384615384615, 0.5714285714285714, 0.42857142857142855, 0.25, 0.38461538461538464, 0.3076923076923077]
 mean: 0.41996336996336997, std: 0.09458354955882523
F1 (Intime): [0.4297271356094885, 0.49067982456140347, 0.374212715389186, 0.33783577533577536, 0.19583333333333336, 0.48124999999999996, 0.5699786324786325, 0.5105042016806722, 0.46964285714285714, 0.33882783882783885, 0.5668449197860963, 0.44375, 0.25206043956043955, 0.4095238095238095, 0.29418498168498164]
 mean: 0.41099043099430094, std: 0.10730972432422585
--------------------------------------------------
Subject Number: 21
Accuracy Cross: [0.29411764705882354, 0.29411764705882354, 0.27941176470588236, 0.29411764705882354, 0.27941176470588236, 0.17647058823529413, 0.3382352941176471, 0.29411764705882354, 0.2647058823529412, 0.27941176470588236, 0.20588235294117646, 0.29411764705882354, 0.23529411764705882, 0.3088235294117647, 0.3235294117647059]
 mean: 0.2774509803921568, std: 0.04119980664598175
F1 Score: [0.2684057971014493, 0.2911627906976744, 0.2711022693781314, 0.2735075002516863, 0.27166461412151066, 0.18032834903987435, 0.3220116930171278, 0.2824561403508772, 0.258455522971652, 0.2787519510618506, 0.1929278416347382, 0.2834393757503001, 0.2233543417366947, 0.2833720330237358, 0.31997300944669366]
 mean: 0.26672754863893305, std: 0.038635020932845
Accuracy Intime: [0.39285714285714285, 0.5, 0.42857142857142855, 0.2692307692307692, 0.2692307692307692, 0.32142857142857145, 0.35714285714285715, 0.32142857142857145, 0.38461538461538464, 0.3076923076923077, 0.32142857142857145, 0.2857142857142857, 0.2857142857142857, 0.23076923076923078, 0.34615384615384615]
 mean: 0.3347985347985348, std: 0.06736740766342944
F1 (Intime): [0.3333333333333333, 0.4968253968253968, 0.41785714285714287, 0.20833333333333331, 0.22240896358543416, 0.3254901960784314, 0.3476190476190476, 0.2618310482087572, 0.3706709956709957, 0.31473102061337355, 0.3165204678362573, 0.24159663865546216, 0.24561403508771928, 0.20511841100076394, 0.3284798534798535]
 mean: 0.3090953256123535, std: 0.07872519353967411
--------------------------------------------------
Subject Number: 22
Accuracy Cross: [0.2647058823529412, 0.3235294117647059, 0.2647058823529412, 0.3088235294117647, 0.20588235294117646, 0.2753623188405797, 0.3188405797101449, 0.2608695652173913, 0.2608695652173913, 0.3188405797101449, 0.27941176470588236, 0.2647058823529412, 0.3088235294117647, 0.29411764705882354, 0.3382352941176471]
 mean: 0.28584825234441597, std: 0.03326676634149431
F1 Score: [0.24437229437229435, 0.3285002273912435, 0.26687100893997445, 0.3275979031760715, 0.20818713450292398, 0.24164721444133208, 0.3102505480000943, 0.2338603425559947, 0.25571290411715947, 0.28887985252656695, 0.30978781956978385, 0.25379367394862307, 0.2986895737656541, 0.3039136302294197, 0.31760582010582006]
 mean: 0.2793113298428638, std: 0.036790007542961696
Accuracy Intime: [0.32142857142857145, 0.35714285714285715, 0.32142857142857145, 0.46153846153846156, 0.3076923076923077, 0.42857142857142855, 0.42857142857142855, 0.25, 0.23076923076923078, 0.3076923076923077, 0.32142857142857145, 0.32142857142857145, 0.21428571428571427, 0.34615384615384615, 0.38461538461538464]
 mean: 0.33351648351648355, std: 0.06901967934830262
F1 (Intime): [0.30916305916305914, 0.3737585943468296, 0.26288515406162466, 0.42051282051282046, 0.2548611111111111, 0.44901315789473684, 0.4657605552342395, 0.26378968253968255, 0.19642857142857142, 0.28253968253968254, 0.3052631578947368, 0.3214285714285714, 0.18382352941176472, 0.31794258373205736, 0.3055555555555556]
 mean: 0.3141817191236696, std: 0.08033557798061994
--------------------------------------------------
Subject Number: 23
Accuracy Cross: [0.30434782608695654, 0.36231884057971014, 0.2463768115942029, 0.30434782608695654, 0.2753623188405797, 0.3382352941176471, 0.39705882352941174, 0.3235294117647059, 0.27941176470588236, 0.3088235294117647, 0.21739130434782608, 0.30434782608695654, 0.42028985507246375, 0.3188405797101449, 0.18840579710144928]
 mean: 0.3059391872691105, std: 0.0594045434910837
F1 Score: [0.28530590835862274, 0.35038857567927334, 0.22525987525987526, 0.29125964615095046, 0.260375816993464, 0.3058651026392962, 0.4050628233555063, 0.32665569724393256, 0.2815703428773418, 0.2930305691576183, 0.17547084623323012, 0.295608566007048, 0.40393531906689806, 0.30566499895768184, 0.16310087253292122]
 mean: 0.29123699736757735, std: 0.0663876414050429
Accuracy Intime: [0.42857142857142855, 0.39285714285714285, 0.2857142857142857, 0.23076923076923078, 0.38461538461538464, 0.42857142857142855, 0.5357142857142857, 0.39285714285714285, 0.42857142857142855, 0.3076923076923077, 0.39285714285714285, 0.5357142857142857, 0.32142857142857145, 0.4230769230769231, 0.3076923076923077]
 mean: 0.38644688644688646, std: 0.08261068140178689
F1 (Intime): [0.4087412587412588, 0.37976190476190474, 0.2782536091359621, 0.1969187675070028, 0.37615016562384984, 0.4418432444748234, 0.5561934389140272, 0.41764705882352937, 0.4434984520123839, 0.2848776223776224, 0.3995726495726496, 0.5098290598290598, 0.3114260008996851, 0.4266806722689076, 0.23593073593073594]
 mean: 0.3778216427248935, std: 0.09622309692718191
--------------------------------------------------
Subject Number: 24
Accuracy Cross: [0.3382352941176471, 0.22058823529411764, 0.25, 0.22058823529411764, 0.19117647058823528, 0.3088235294117647, 0.2647058823529412, 0.29411764705882354, 0.3235294117647059, 0.25, 0.20588235294117646, 0.17647058823529413, 0.17647058823529413, 0.3235294117647059, 0.2647058823529412]
 mean: 0.25392156862745097, std: 0.05301374837096383
F1 Score: [0.2944444444444444, 0.21504914004914005, 0.24957107843137255, 0.20539061328535013, 0.18801501271789894, 0.2922765065622208, 0.2651891400565844, 0.29886363636363633, 0.311237772444669, 0.24567669172932333, 0.2013250517598344, 0.17707373271889398, 0.16834733893557424, 0.32058724821882717, 0.24725661934964258]
 mean: 0.2453536018044941, std: 0.049142319561665405
Accuracy Intime: [0.39285714285714285, 0.21428571428571427, 0.35714285714285715, 0.2692307692307692, 0.23076923076923078, 0.17857142857142858, 0.25, 0.39285714285714285, 0.46153846153846156, 0.3076923076923077, 0.32142857142857145, 0.2857142857142857, 0.2857142857142857, 0.46153846153846156, 0.3076923076923077]
 mean: 0.3144688644688644, std: 0.08200670885073286
F1 (Intime): [0.3590277777777778, 0.18846153846153846, 0.3422459893048128, 0.26190476190476186, 0.225, 0.15610859728506787, 0.2316849816849817, 0.3956730769230769, 0.4653846153846154, 0.29444444444444445, 0.32380952380952377, 0.2637085137085137, 0.2891233766233766, 0.43174603174603177, 0.25869963369963367]
 mean: 0.2991348575172104, std: 0.08475368408340732
--------------------------------------------------
Subject Number: 25
Accuracy Cross: [0.2898550724637681, 0.2753623188405797, 0.30434782608695654, 0.3188405797101449, 0.2463768115942029, 0.2647058823529412, 0.3235294117647059, 0.3382352941176471, 0.3382352941176471, 0.29411764705882354, 0.3088235294117647, 0.3382352941176471, 0.3088235294117647, 0.2647058823529412, 0.3088235294117647]
 mean: 0.30153452685421994, std: 0.027836298371790788
F1 Score: [0.2846560846560846, 0.2764114724480578, 0.28934772296015177, 0.3173800201397084, 0.2422542735042735, 0.26156535216843774, 0.3177437641723356, 0.3260374919198449, 0.3181382793451759, 0.2906993531993532, 0.31830867428693516, 0.32606065818140123, 0.29802300597421655, 0.24930418529002, 0.28928341162383714]
 mean: 0.2936809166579889, std: 0.026497415679576062
Accuracy Intime: [0.4642857142857143, 0.25, 0.2857142857142857, 0.34615384615384615, 0.23076923076923078, 0.32142857142857145, 0.32142857142857145, 0.32142857142857145, 0.46153846153846156, 0.34615384615384615, 0.25, 0.42857142857142855, 0.32142857142857145, 0.3076923076923077, 0.23076923076923078]
 mean: 0.32582417582417583, std: 0.07328387891609209
F1 (Intime): [0.43922152194211017, 0.2398989898989899, 0.28455988455988457, 0.3398410799726589, 0.20476190476190476, 0.2882352941176471, 0.29097985347985345, 0.31114718614718617, 0.38744343891402716, 0.2732793522267206, 0.2341269841269841, 0.4145021645021645, 0.32580128205128206, 0.27060439560439564, 0.1875]
 mean: 0.29946022215372065, std: 0.07034525974572352
--------------------------------------------------
Subject Number: 26
Accuracy Cross: [0.3333333333333333, 0.42028985507246375, 0.4492753623188406, 0.4057971014492754, 0.43478260869565216, 0.4117647058823529, 0.35294117647058826, 0.38235294117647056, 0.4117647058823529, 0.3088235294117647, 0.45588235294117646, 0.4117647058823529, 0.4411764705882353, 0.5147058823529411, 0.4264705882352941]
 mean: 0.4107416879795397, std: 0.049482426635356215
F1 Score: [0.3233139409609998, 0.42589430894308944, 0.46487561593552373, 0.39540204678362567, 0.41810791754800714, 0.42177754677754675, 0.36589635854341734, 0.36041255211762124, 0.41759046572788705, 0.3136363636363636, 0.4593496577770398, 0.41864485260071, 0.4504709382758163, 0.5238132094943241, 0.45451534985195574]
 mean: 0.4142467416649284, std: 0.05400997185508589
Accuracy Intime: [0.39285714285714285, 0.42857142857142855, 0.35714285714285715, 0.46153846153846156, 0.2692307692307692, 0.4642857142857143, 0.5714285714285714, 0.42857142857142855, 0.46153846153846156, 0.2692307692307692, 0.39285714285714285, 0.2857142857142857, 0.4642857142857143, 0.46153846153846156, 0.34615384615384615]
 mean: 0.4036630036630037, std: 0.08268252084921983
F1 (Intime): [0.39537815126050424, 0.4409274935590725, 0.34337965955613015, 0.43481781376518225, 0.25148809523809523, 0.48035714285714287, 0.5978767942583731, 0.4375, 0.41640406162464993, 0.26666666666666666, 0.39069264069264065, 0.2686868686868687, 0.4551282051282052, 0.4658119658119658, 0.3220551378446115]
 mean: 0.39781137979667397, std: 0.09089907121109893
--------------------------------------------------
Subject Number: 27
Accuracy Cross: [0.391304347826087, 0.37681159420289856, 0.42028985507246375, 0.36231884057971014, 0.36231884057971014, 0.3333333333333333, 0.36231884057971014, 0.36231884057971014, 0.36231884057971014, 0.37681159420289856, 0.38235294117647056, 0.3382352941176471, 0.3382352941176471, 0.3235294117647059, 0.35294117647058826]
 mean: 0.3630292696788859, std: 0.023954716910048888
F1 Score: [0.3168197278911565, 0.35293475293475296, 0.375, 0.3589825336906136, 0.2918650793650793, 0.26488095238095233, 0.30952380952380953, 0.3454803261254874, 0.3167391304347826, 0.34411604573384147, 0.3700963718820862, 0.32222222222222224, 0.32032770097286223, 0.2768640350877193, 0.33855908584169453]
 mean: 0.3269607849391374, std: 0.03142547063505026
Accuracy Intime: [0.21428571428571427, 0.4642857142857143, 0.35714285714285715, 0.2692307692307692, 0.5384615384615384, 0.42857142857142855, 0.39285714285714285, 0.35714285714285715, 0.5, 0.4230769230769231, 0.35714285714285715, 0.4642857142857143, 0.35714285714285715, 0.42857142857142855, 0.38461538461538464]
 mean: 0.3957875457875458, std: 0.08106004475970355
F1 (Intime): [0.22664141414141414, 0.4340659340659341, 0.3320833755616365, 0.22474747474747475, 0.4888888888888889, 0.45158730158730154, 0.3666666666666667, 0.3509341535657325, 0.4798701298701299, 0.4183823529411765, 0.3642037786774629, 0.4587662337662338, 0.34545454545454546, 0.4297619047619047, 0.32936507936507936]
 mean: 0.3800946156041054, std: 0.07957375957990731
--------------------------------------------------
Subject Number: 28
Accuracy Cross: [0.25, 0.20588235294117646, 0.20588235294117646, 0.22058823529411764, 0.22058823529411764, 0.27941176470588236, 0.23529411764705882, 0.27941176470588236, 0.29411764705882354, 0.3088235294117647, 0.2647058823529412, 0.27941176470588236, 0.35294117647058826, 0.38235294117647056, 0.38235294117647056]
 mean: 0.2774509803921569, std: 0.056795091599844076
F1 Score: [0.24631459045252152, 0.19287098698863403, 0.20105749662399908, 0.2244594485973796, 0.2401379415657131, 0.26759983062992637, 0.2180842731829574, 0.25821531602412795, 0.30109082410872695, 0.3010648197032892, 0.23767006802721088, 0.2290100250626566, 0.3256864988558352, 0.3668073796122576, 0.3422312909958259]
 mean: 0.2634867193620708, std: 0.05084568518332801
Accuracy Intime: [0.39285714285714285, 0.39285714285714285, 0.35714285714285715, 0.5, 0.38461538461538464, 0.35714285714285715, 0.2857142857142857, 0.32142857142857145, 0.4230769230769231, 0.4230769230769231, 0.32142857142857145, 0.2857142857142857, 0.39285714285714285, 0.3076923076923077, 0.3076923076923077]
 mean: 0.3635531135531135, std: 0.05814549604714918
F1 (Intime): [0.3821428571428572, 0.3302631578947368, 0.34844877344877345, 0.3967836257309942, 0.3141186299081036, 0.329469507101086, 0.2708961789844143, 0.31039915966386555, 0.4182539682539682, 0.41298076923076926, 0.279020979020979, 0.3021947415329768, 0.3912353347135956, 0.25053418803418803, 0.3048687423687424]
 mean: 0.3361073742020034, std: 0.05153156696454926
--------------------------------------------------
Subject Number: 29
Accuracy Cross: [0.38235294117647056, 0.3088235294117647, 0.36764705882352944, 0.38235294117647056, 0.36764705882352944, 0.4117647058823529, 0.38235294117647056, 0.36764705882352944, 0.5, 0.39705882352941174, 0.4782608695652174, 0.37681159420289856, 0.391304347826087, 0.4782608695652174, 0.4492753623188406]
 mean: 0.402770673486786, std: 0.05014004246412945
F1 Score: [0.40506282335550625, 0.31419906258615937, 0.37440891655662456, 0.4101592851592851, 0.3960694743013484, 0.4228709179897635, 0.37660714285714286, 0.3747334477557601, 0.5090105297001849, 0.4115603599299252, 0.46849229036729034, 0.3875970909810518, 0.39646464646464646, 0.49245410137371276, 0.46103091864920254]
 mean: 0.4133814005351735, std: 0.04921433932587435
Accuracy Intime: [0.35714285714285715, 0.42857142857142855, 0.5357142857142857, 0.5384615384615384, 0.38461538461538464, 0.39285714285714285, 0.5357142857142857, 0.42857142857142855, 0.4230769230769231, 0.5, 0.39285714285714285, 0.4642857142857143, 0.35714285714285715, 0.46153846153846156, 0.46153846153846156]
 mean: 0.44413919413919417, std: 0.06037014550860626
F1 (Intime): [0.358974358974359, 0.382051282051282, 0.5103174603174603, 0.5767291531997415, 0.36764705882352944, 0.40714285714285714, 0.5353330879646669, 0.43755411255411253, 0.4589285714285714, 0.5055361305361306, 0.34532563025210083, 0.4565122377622378, 0.35890151515151514, 0.5017628205128205, 0.46030440148087204]
 mean: 0.4442013785434839, std: 0.06995227214685448
--------------------------------------------------
**************************************************
accuracy_cross_list: [0.3229894856493322, 0.26500426257459503, 0.2503978402955385, 0.36521739130434777, 0.3813725490196079, 0.31192100028417163, 0.3607843137254901, 0.27058823529411763, 0.3186274509803921, 0.23905939187269115, 0.32753623188405795, 0.3132992327365729, 0.27915601023017905, 0.2647058823529412, 0.3794117647058824, 0.32352941176470584, 0.3630292696788859, 0.27892867291844275, 0.32941176470588235, 0.32395566922421143, 0.2774509803921568, 0.28584825234441597, 0.3059391872691105, 0.25392156862745097, 0.30153452685421994, 0.4107416879795397, 0.3630292696788859, 0.2774509803921569, 0.402770673486786]
f1_score_list: [0.3215493601079142, 0.2628999196415121, 0.2400144393653669, 0.35616386295292807, 0.368314984558398, 0.297720134091081, 0.34734691162605735, 0.26431066805532955, 0.32899435106763225, 0.22453503319412244, 0.3121052507047382, 0.2988571383705566, 0.2707838650162679, 0.2622416788277619, 0.38926252884421053, 0.3128670505577075, 0.3269607849391374, 0.2772675175469897, 0.31242635688406767, 0.3237958579574877, 0.26672754863893305, 0.2793113298428638, 0.29123699736757735, 0.2453536018044941, 0.2936809166579889, 0.4142467416649284, 0.3269607849391374, 0.2634867193620708, 0.4133814005351735]
accuracy_intime_list: [0.39304029304029303, 0.3663003663003662, 0.33333333333333326, 0.39120879120879126, 0.48882783882783876, 0.40439560439560435, 0.37912087912087916, 0.33681318681318684, 0.37142857142857133, 0.28937728937728935, 0.3509157509157509, 0.35549450549450545, 0.3214285714285714, 0.3494505494505494, 0.4728937728937729, 0.4124542124542125, 0.3957875457875458, 0.30567765567765565, 0.4227106227106227, 0.41996336996336997, 0.3347985347985348, 0.33351648351648355, 0.38644688644688646, 0.3144688644688644, 0.32582417582417583, 0.4036630036630037, 0.3957875457875458, 0.3635531135531135, 0.44413919413919417]
f1_score_intime_list: [0.389282092320018, 0.35042169145497315, 0.31289336208453855, 0.3818541747011258, 0.46408693115736455, 0.3741085821929475, 0.35343654668345065, 0.3280673370030955, 0.35813678833617596, 0.2701943376827278, 0.32922639563738637, 0.3381145344188823, 0.31166482786468647, 0.3371868571171977, 0.4741441842757632, 0.3950101372082796, 0.3800946156041054, 0.2935434364110835, 0.3981008715799738, 0.41099043099430094, 0.3090953256123535, 0.3141817191236696, 0.3778216427248935, 0.2991348575172104, 0.29946022215372065, 0.39781137979667397, 0.3800946156041054, 0.3361073742020034, 0.4442013785434839]
**************************************************
ACC: 31.54±4.64
F1: 30.66±4.81
Intime: 37.46±4.76
F1 (Intime): 35.89±5.02
