1e-05
Subject Number: 1
Accuracy Cross: [0.6428571428571429, 0.6666666666666666, 0.6666666666666666, 0.6666666666666666, 0.6666666666666666, 0.6666666666666666, 0.6547619047619048, 0.7023809523809523, 0.7261904761904762, 0.6666666666666666, 0.6190476190476191, 0.6071428571428571, 0.6785714285714286, 0.6785714285714286, 0.6309523809523809]
 mean: 0.6626984126984128, std: 0.029052389234481148
F1 Score: [0.6426545660805445, 0.6659090909090909, 0.6636155606407322, 0.6636155606407322, 0.664957264957265, 0.664957264957265, 0.6487382840663303, 0.7002997002997002, 0.7258407833120477, 0.6664775950085082, 0.5851851851851853, 0.5753025892446759, 0.6473332296687918, 0.6473332296687918, 0.5727645611156686]
 mean: 0.6489989643836886, std: 0.041170715393539364
Accuracy Intime: [0.6176470588235294, 0.7647058823529411, 0.7058823529411765, 0.8529411764705882, 0.71875, 0.6176470588235294, 0.7352941176470589, 0.6470588235294118, 0.7058823529411765, 0.84375, 0.6470588235294118, 0.7647058823529411, 0.7647058823529411, 0.8823529411764706, 0.8125]
 mean: 0.7387254901960785, std: 0.08200223673818512
F1 (Intime): [0.6146469049694856, 0.7647058823529411, 0.7017543859649122, 0.8496905393457117, 0.7117117117117118, 0.6091954022988506, 0.7350649350649351, 0.6421052631578947, 0.7048611111111112, 0.8423645320197044, 0.6458333333333333, 0.7638888888888888, 0.7638888888888888, 0.880701754385965, 0.8125]
 mean: 0.7361942355662889, std: 0.08322429892763929
--------------------------------------------------
Subject Number: 2
Accuracy Cross: [0.6309523809523809, 0.6071428571428571, 0.6547619047619048, 0.6785714285714286, 0.6309523809523809, 0.6428571428571429, 0.6071428571428571, 0.6547619047619048, 0.7142857142857143, 0.6190476190476191, 0.5952380952380952, 0.6190476190476191, 0.5833333333333334, 0.6666666666666666, 0.6547619047619048]
 mean: 0.6373015873015874, std: 0.03335222442769952
F1 Score: [0.6245133381398702, 0.5942028985507246, 0.653534347887925, 0.6781609195402298, 0.6304810557684121, 0.6294117647058823, 0.5942028985507246, 0.6433904259991217, 0.6932440657334145, 0.5851851851851853, 0.5931623931623932, 0.6135710178263369, 0.5804195804195804, 0.6597222222222223, 0.654320987654321]
 mean: 0.6285015400897562, std: 0.03384350993098685
Accuracy Intime: [0.6470588235294118, 0.6176470588235294, 0.7352941176470589, 0.7941176470588235, 0.5625, 0.6764705882352942, 0.7058823529411765, 0.5882352941176471, 0.7941176470588235, 0.4375, 0.6470588235294118, 0.7352941176470589, 0.7058823529411765, 0.7647058823529411, 0.6875]
 mean: 0.6732843137254901, std: 0.09207208240462318
F1 (Intime): [0.6357142857142857, 0.6146469049694856, 0.7350649350649351, 0.7925021795989537, 0.5465587044534412, 0.6739319965126417, 0.7017543859649122, 0.5641025641025641, 0.7895667550839964, 0.4285714285714286, 0.6421052631578947, 0.7350649350649351, 0.7017543859649122, 0.7647058823529411, 0.6862745098039216]
 mean: 0.6674879410920832, std: 0.0961591741186111
--------------------------------------------------
Subject Number: 3
Accuracy Cross: [0.6309523809523809, 0.6071428571428571, 0.6428571428571429, 0.6190476190476191, 0.6666666666666666, 0.6547619047619048, 0.5952380952380952, 0.6428571428571429, 0.6190476190476191, 0.6190476190476191, 0.6547619047619048, 0.6428571428571429, 0.5952380952380952, 0.6309523809523809, 0.6785714285714286]
 mean: 0.6333333333333334, std: 0.023888757052845103
F1 Score: [0.6266666666666667, 0.5942028985507246, 0.6294117647058823, 0.5961538461538461, 0.6506238859180036, 0.653534347887925, 0.5943181818181817, 0.6426545660805445, 0.6188315371525808, 0.6188315371525808, 0.6212097651998134, 0.6111111111111112, 0.5654290931223371, 0.6218963264120807, 0.6525203002910984]
 mean: 0.6198263885482249, std: 0.02411668788596033
Accuracy Intime: [0.7352941176470589, 0.6764705882352942, 0.6764705882352942, 0.5882352941176471, 0.6875, 0.6470588235294118, 0.5882352941176471, 0.6470588235294118, 0.5, 0.625, 0.7058823529411765, 0.6470588235294118, 0.7647058823529411, 0.6470588235294118, 0.59375]
 mean: 0.6486519607843136, std: 0.06339777158046411
F1 (Intime): [0.7294429708222812, 0.6693191865605659, 0.6693191865605659, 0.5868055555555556, 0.6761133603238867, 0.6458333333333333, 0.5868055555555556, 0.6470588235294118, 0.49956709956709955, 0.6190476190476191, 0.7058823529411765, 0.6470588235294118, 0.7638888888888888, 0.6357142857142857, 0.5733333333333333]
 mean: 0.6436793583508648, std: 0.06373147754712707
--------------------------------------------------
Subject Number: 4
Accuracy Cross: [0.5357142857142857, 0.40476190476190477, 0.47619047619047616, 0.4642857142857143, 0.5476190476190477, 0.5119047619047619, 0.5357142857142857, 0.5476190476190477, 0.6666666666666666, 0.5238095238095238, 0.5357142857142857, 0.5714285714285714, 0.5833333333333334, 0.5595238095238095, 0.5595238095238095]
 mean: 0.5349206349206349, std: 0.05692197167314637
F1 Score: [0.5303225806451612, 0.40476190476190477, 0.47619047619047616, 0.45806451612903226, 0.5452991452991452, 0.4999273994482358, 0.5158859169499039, 0.5434782608695652, 0.6664775950085082, 0.5169637722829212, 0.5243211848410048, 0.5675057208237986, 0.5818517991750818, 0.5518385003604902, 0.5564435564435564]
 mean: 0.5292888219485856, std: 0.05736803331997148
Accuracy Intime: [0.7647058823529411, 0.7058823529411765, 0.6470588235294118, 0.6764705882352942, 0.5625, 0.6764705882352942, 0.6764705882352942, 0.6176470588235294, 0.6764705882352942, 0.59375, 0.6176470588235294, 0.6764705882352942, 0.5588235294117647, 0.5882352941176471, 0.59375]
 mean: 0.6421568627450982, std: 0.05602112327831432
F1 (Intime): [0.7614035087719297, 0.7058823529411765, 0.6458333333333333, 0.6693191865605659, 0.5625, 0.6693191865605659, 0.6621499548328816, 0.5888372093023255, 0.6739319965126417, 0.5933528836754643, 0.5888372093023255, 0.6693191865605659, 0.5490716180371353, 0.5492424242424242, 0.5933528836754643]
 mean: 0.6321568622872533, std: 0.0602825427631857
--------------------------------------------------
Subject Number: 5
Accuracy Cross: [0.6190476190476191, 0.6785714285714286, 0.6785714285714286, 0.6190476190476191, 0.6190476190476191, 0.5595238095238095, 0.5238095238095238, 0.5714285714285714, 0.6071428571428571, 0.6071428571428571, 0.6190476190476191, 0.6547619047619048, 0.6785714285714286, 0.5952380952380952, 0.5833333333333334]
 mean: 0.6142857142857142, std: 0.043643578047198484
F1 Score: [0.6181818181818182, 0.6679841897233202, 0.6763236763236764, 0.6135710178263369, 0.5851851851851853, 0.5357729648991785, 0.5058823529411764, 0.5692307692307692, 0.6002883922134102, 0.5975025410193118, 0.6081632653061224, 0.6361463778939507, 0.6785258681785967, 0.5894192064404831, 0.5832742735648476]
 mean: 0.6043634599285457, std: 0.046735647238376914
Accuracy Intime: [0.5588235294117647, 0.7352941176470589, 0.6470588235294118, 0.6764705882352942, 0.59375, 0.6470588235294118, 0.6470588235294118, 0.7058823529411765, 0.7647058823529411, 0.5625, 0.6470588235294118, 0.7058823529411765, 0.6764705882352942, 0.7058823529411765, 0.625]
 mean: 0.6599264705882353, std: 0.057455758768693285
F1 (Intime): [0.5584415584415584, 0.7235772357723578, 0.6458333333333333, 0.6621499548328816, 0.5733333333333333, 0.6136363636363636, 0.6357142857142857, 0.7048611111111112, 0.7638888888888888, 0.49090909090909085, 0.6357142857142857, 0.6964285714285714, 0.6739319965126417, 0.6886446886446886, 0.611336032388664]
 mean: 0.6452267153774703, std: 0.06744629305027672
--------------------------------------------------
Subject Number: 6
Accuracy Cross: [0.5357142857142857, 0.5595238095238095, 0.5476190476190477, 0.5714285714285714, 0.5238095238095238, 0.5595238095238095, 0.5476190476190477, 0.5595238095238095, 0.5714285714285714, 0.5952380952380952, 0.6071428571428571, 0.5833333333333334, 0.6547619047619048, 0.5119047619047619, 0.5119047619047619]
 mean: 0.5626984126984127, std: 0.03649067915102428
F1 Score: [0.5324675324675324, 0.5564435564435564, 0.5452991452991452, 0.5704545454545455, 0.5238095238095238, 0.5564435564435564, 0.5411155836687751, 0.5564435564435564, 0.5692307692307692, 0.5943181818181817, 0.6057459820793628, 0.5760634462869503, 0.6523476523476524, 0.5118355776045358, 0.5062365591397849]
 mean: 0.559883677902495, std: 0.03664209329337016
Accuracy Intime: [0.5588235294117647, 0.6764705882352942, 0.5294117647058824, 0.6176470588235294, 0.78125, 0.6470588235294118, 0.5882352941176471, 0.6176470588235294, 0.6764705882352942, 0.65625, 0.5882352941176471, 0.5294117647058824, 0.6470588235294118, 0.5294117647058824, 0.65625]
 mean: 0.6199754901960783, std: 0.06676436396791319
F1 (Intime): [0.5584415584415584, 0.6761904761904762, 0.5228070175438597, 0.6146469049694856, 0.7793103448275862, 0.6458333333333333, 0.5824561403508772, 0.5888372093023255, 0.6761904761904762, 0.6476476476476476, 0.5882352941176471, 0.5228070175438597, 0.6263736263736264, 0.5228070175438597, 0.6532019704433498]
 mean: 0.6137190689879979, std: 0.06793364586092261
--------------------------------------------------
Subject Number: 7
Accuracy Cross: [0.5833333333333334, 0.5595238095238095, 0.5595238095238095, 0.6071428571428571, 0.5952380952380952, 0.5238095238095238, 0.5357142857142857, 0.44047619047619047, 0.5238095238095238, 0.5714285714285714, 0.5476190476190477, 0.4880952380952381, 0.5833333333333334, 0.5, 0.47619047619047616]
 mean: 0.5396825396825397, std: 0.04614108524999566
F1 Score: [0.578494623655914, 0.5238241152137275, 0.5518385003604902, 0.6057459820793628, 0.5757575757575757, 0.5227272727272727, 0.5047619047619047, 0.43071377072819034, 0.5227272727272727, 0.5333333333333333, 0.5305882352941176, 0.4755336140554668, 0.5655386434165804, 0.49886363636363634, 0.4376141205112599]
 mean: 0.5238708400657403, std: 0.04794487526702097
Accuracy Intime: [0.5588235294117647, 0.4411764705882353, 0.5294117647058824, 0.6176470588235294, 0.71875, 0.4411764705882353, 0.6176470588235294, 0.6764705882352942, 0.5588235294117647, 0.6875, 0.4411764705882353, 0.4411764705882353, 0.5882352941176471, 0.6470588235294118, 0.4375]
 mean: 0.560171568627451, std: 0.09745644809492464
F1 (Intime): [0.5584415584415584, 0.4164408310749774, 0.5018315018315018, 0.6146469049694856, 0.7117117117117118, 0.4288240495137047, 0.6173160173160173, 0.6761904761904762, 0.5392953929539295, 0.6666666666666667, 0.4164408310749774, 0.43679163034001744, 0.5492424242424242, 0.6458333333333333, 0.4]
 mean: 0.5453115553107187, std: 0.10374111190302553
--------------------------------------------------
Subject Number: 8
Accuracy Cross: [0.6904761904761905, 0.7738095238095238, 0.7261904761904762, 0.7738095238095238, 0.6785714285714286, 0.6785714285714286, 0.6547619047619048, 0.6666666666666666, 0.6666666666666666, 0.7023809523809523, 0.7261904761904762, 0.6904761904761905, 0.6904761904761905, 0.6904761904761905, 0.6904761904761905]
 mean: 0.6999999999999998, std: 0.03455800167790039
F1 Score: [0.6904761904761905, 0.7737774627923459, 0.7258407833120477, 0.7737774627923459, 0.6774285307922059, 0.6774285307922059, 0.6487382840663303, 0.664957264957265, 0.6664775950085082, 0.701322713696487, 0.7242757242757243, 0.6788235294117647, 0.6876430205949657, 0.6788235294117647, 0.6876430205949657]
 mean: 0.6971622428650078, std: 0.0358846959145404
Accuracy Intime: [0.7058823529411765, 0.7647058823529411, 0.6764705882352942, 0.7941176470588235, 0.78125, 0.7647058823529411, 0.7352941176470589, 0.6176470588235294, 0.7058823529411765, 0.6875, 0.8529411764705882, 0.7058823529411765, 0.5882352941176471, 0.5588235294117647, 0.6875]
 mean: 0.7084558823529411, std: 0.07640752018430585
F1 (Intime): [0.7048611111111112, 0.7638888888888888, 0.6739319965126417, 0.7925021795989537, 0.7793103448275862, 0.7638888888888888, 0.7294429708222812, 0.6146469049694856, 0.7048611111111112, 0.6862745098039216, 0.85178727114211, 0.7058823529411765, 0.5824561403508772, 0.5255813953488373, 0.6825396825396826]
 mean: 0.7041237165905034, std: 0.08142062301418772
--------------------------------------------------
Subject Number: 9
Accuracy Cross: [0.6309523809523809, 0.6428571428571429, 0.6785714285714286, 0.7023809523809523, 0.7142857142857143, 0.6428571428571429, 0.6190476190476191, 0.5714285714285714, 0.6785714285714286, 0.5357142857142857, 0.6547619047619048, 0.6071428571428571, 0.5476190476190477, 0.5833333333333334, 0.6785714285714286]
 mean: 0.6325396825396826, std: 0.05303820459239245
F1 Score: [0.6283716283716283, 0.6354166666666667, 0.6774285307922059, 0.702338766832034, 0.7128205128205127, 0.6354166666666667, 0.6170940170940171, 0.5652673950546291, 0.6785258681785967, 0.5324675324675324, 0.6317460317460317, 0.5975025410193118, 0.5411155836687751, 0.5828011919965943, 0.6473332296687918]
 mean: 0.625709744202933, std: 0.05281337942600527
Accuracy Intime: [0.7352941176470589, 0.6470588235294118, 0.7647058823529411, 0.6470588235294118, 0.59375, 0.8529411764705882, 0.6764705882352942, 0.6176470588235294, 0.8529411764705882, 0.6875, 0.7941176470588235, 0.6764705882352942, 0.6470588235294118, 0.6470588235294118, 0.84375]
 mean: 0.7122549019607842, std: 0.08564642278951147
F1 (Intime): [0.7332170880557978, 0.6458333333333333, 0.7647058823529411, 0.6458333333333333, 0.5733333333333333, 0.8528138528138528, 0.6739319965126417, 0.5888372093023255, 0.8528138528138528, 0.6761133603238867, 0.793939393939394, 0.6693191865605659, 0.6263736263736264, 0.6470588235294118, 0.8398398398398399]
 mean: 0.7055976074945423, std: 0.09113684492311164
--------------------------------------------------
Subject Number: 10
Accuracy Cross: [0.5595238095238095, 0.5595238095238095, 0.5357142857142857, 0.5714285714285714, 0.5833333333333334, 0.5833333333333334, 0.6071428571428571, 0.5238095238095238, 0.6309523809523809, 0.6309523809523809, 0.5952380952380952, 0.6309523809523809, 0.6547619047619048, 0.6547619047619048, 0.6309523809523809]
 mean: 0.5968253968253969, std: 0.040281198541109585
F1 Score: [0.5589612601106854, 0.5594613749114103, 0.5351213282247764, 0.5692307692307692, 0.5832742735648476, 0.578494623655914, 0.6066411238825031, 0.5138888888888888, 0.6304810557684121, 0.6309000708717222, 0.595008508224617, 0.6309000708717222, 0.6523476523476524, 0.6433904259991217, 0.6309000708717222]
 mean: 0.5946000998283176, std: 0.040570169555300656
Accuracy Intime: [0.7352941176470589, 0.5882352941176471, 0.5294117647058824, 0.6764705882352942, 0.625, 0.7647058823529411, 0.5588235294117647, 0.6764705882352942, 0.5, 0.65625, 0.5882352941176471, 0.6176470588235294, 0.6176470588235294, 0.4411764705882353, 0.53125]
 mean: 0.6071078431372549, std: 0.08473039570181551
F1 (Intime): [0.7332170880557978, 0.5641025641025641, 0.5228070175438597, 0.6739319965126417, 0.6190476190476191, 0.7638888888888888, 0.5490716180371353, 0.6739319965126417, 0.49956709956709955, 0.6532019704433498, 0.575, 0.6173160173160173, 0.6091954022988506, 0.4288240495137047, 0.5195195195195195]
 mean: 0.600174856490646, std: 0.08772935926743927
--------------------------------------------------
Subject Number: 11
Accuracy Cross: [0.5595238095238095, 0.4880952380952381, 0.5, 0.5119047619047619, 0.5714285714285714, 0.5833333333333334, 0.5714285714285714, 0.6190476190476191, 0.6071428571428571, 0.6666666666666666, 0.5, 0.5357142857142857, 0.4642857142857143, 0.5119047619047619, 0.5952380952380952]
 mean: 0.5523809523809523, std: 0.05477915532297586
F1 Score: [0.5564435564435564, 0.4712340799297321, 0.49971639251276234, 0.5118355776045358, 0.5711854792966535, 0.5818517991750818, 0.5692307692307692, 0.6170940170940171, 0.6070871722182849, 0.6664775950085082, 0.4954233409610984, 0.5340634333665197, 0.46420978029766125, 0.5101692504622386, 0.5952380952380952]
 mean: 0.5500840225893009, std: 0.05634224949332246
Accuracy Intime: [0.6470588235294118, 0.5, 0.6176470588235294, 0.7352941176470589, 0.65625, 0.5294117647058824, 0.5588235294117647, 0.5, 0.6764705882352942, 0.65625, 0.6176470588235294, 0.7058823529411765, 0.6764705882352942, 0.7058823529411765, 0.6875]
 mean: 0.6313725490196078, std: 0.07355657178125345
F1 (Intime): [0.6470588235294118, 0.48894783377541995, 0.6173160173160173, 0.7350649350649351, 0.6559139784946236, 0.5018315018315018, 0.5392953929539295, 0.47786811201445345, 0.6761904761904762, 0.6559139784946236, 0.6091954022988506, 0.7017543859649122, 0.6761904761904762, 0.7017543859649122, 0.6862745098039216]
 mean: 0.624704680659231, std: 0.08094090858891824
--------------------------------------------------
Subject Number: 12
Accuracy Cross: [0.5238095238095238, 0.5714285714285714, 0.5952380952380952, 0.6904761904761905, 0.6547619047619048, 0.6666666666666666, 0.5952380952380952, 0.6666666666666666, 0.7023809523809523, 0.6904761904761905, 0.5833333333333334, 0.5476190476190477, 0.6309523809523809, 0.6428571428571429, 0.6309523809523809]
 mean: 0.6261904761904762, std: 0.05284784703043329
F1 Score: [0.5235394214407261, 0.5704545454545455, 0.5943181818181817, 0.6904761904761905, 0.654320987654321, 0.6597222222222223, 0.583673469387755, 0.6466346153846154, 0.6971881759192502, 0.6840277777777777, 0.5555555555555556, 0.5258467023172906, 0.615191369883257, 0.6395881006864989, 0.615191369883257]
 mean: 0.6170485790574297, std: 0.05510319177161935
Accuracy Intime: [0.6470588235294118, 0.6470588235294118, 0.6764705882352942, 0.6764705882352942, 0.625, 0.6764705882352942, 0.6176470588235294, 0.7058823529411765, 0.7647058823529411, 0.71875, 0.5588235294117647, 0.5588235294117647, 0.6470588235294118, 0.6764705882352942, 0.71875]
 mean: 0.6610294117647058, std: 0.05479380321549979
F1 (Intime): [0.6470588235294118, 0.6357142857142857, 0.652093023255814, 0.6761904761904762, 0.6235294117647059, 0.6761904761904762, 0.6173160173160173, 0.7048611111111112, 0.7638888888888888, 0.7117117117117118, 0.5584415584415584, 0.5553618134263296, 0.6421052631578947, 0.6739319965126417, 0.718475073313783]
 mean: 0.6571246620350071, std: 0.05480177069582942
--------------------------------------------------
Subject Number: 13
Accuracy Cross: [0.6547619047619048, 0.6428571428571429, 0.7380952380952381, 0.6547619047619048, 0.6309523809523809, 0.5476190476190477, 0.5833333333333334, 0.6785714285714286, 0.7023809523809523, 0.7023809523809523, 0.6309523809523809, 0.6547619047619048, 0.6547619047619048, 0.6428571428571429, 0.7023809523809523]
 mean: 0.6547619047619049, std: 0.046413306403852196
F1 Score: [0.6523476523476524, 0.625668449197861, 0.7375, 0.654320987654321, 0.6296401649836438, 0.5305882352941176, 0.5696091348265262, 0.6774285307922059, 0.7020008514261388, 0.701322713696487, 0.6309000708717222, 0.653534347887925, 0.653534347887925, 0.6354166666666667, 0.7020008514261388]
 mean: 0.6503875336639554, std: 0.050861625445952956
Accuracy Intime: [0.6764705882352942, 0.6470588235294118, 0.6764705882352942, 0.7058823529411765, 0.53125, 0.7647058823529411, 0.7941176470588235, 0.7352941176470589, 0.7647058823529411, 0.78125, 0.7058823529411765, 0.5882352941176471, 0.6470588235294118, 0.7647058823529411, 0.6875]
 mean: 0.6980392156862744, std: 0.07170049796949411
F1 (Intime): [0.6739319965126417, 0.6458333333333333, 0.6739319965126417, 0.6964285714285714, 0.5270935960591133, 0.7614035087719297, 0.793939393939394, 0.7350649350649351, 0.7571428571428571, 0.7810361681329423, 0.7058823529411765, 0.5882352941176471, 0.6458333333333333, 0.7638888888888888, 0.6862745098039216]
 mean: 0.6957280490655552, std: 0.07179397423429085
--------------------------------------------------
Subject Number: 14
Accuracy Cross: [0.6785714285714286, 0.6547619047619048, 0.6785714285714286, 0.6547619047619048, 0.6428571428571429, 0.6190476190476191, 0.5595238095238095, 0.6428571428571429, 0.6666666666666666, 0.6428571428571429, 0.6071428571428571, 0.6428571428571429, 0.5833333333333334, 0.6428571428571429, 0.5714285714285714]
 mean: 0.6325396825396826, std: 0.03581115610374121
F1 Score: [0.6785258681785967, 0.6547129695251594, 0.6781609195402298, 0.654320987654321, 0.6426545660805445, 0.6007130124777184, 0.5487149702337738, 0.6294117647058823, 0.6636155606407322, 0.6294117647058823, 0.6043956043956044, 0.6420454545454546, 0.5818517991750818, 0.6377228292121909, 0.5704545454545455]
 mean: 0.6277808411017144, std: 0.03766754182518801
Accuracy Intime: [0.6764705882352942, 0.7352941176470589, 0.7058823529411765, 0.6176470588235294, 0.625, 0.7352941176470589, 0.5882352941176471, 0.5588235294117647, 0.6764705882352942, 0.78125, 0.6470588235294118, 0.8529411764705882, 0.5882352941176471, 0.6470588235294118, 0.6875]
 mean: 0.6748774509803922, std: 0.07626311252365368
F1 (Intime): [0.6761904761904762, 0.7350649350649351, 0.6886446886446886, 0.6173160173160173, 0.6190476190476191, 0.7350649350649351, 0.5882352941176471, 0.5255813953488373, 0.6693191865605659, 0.7810361681329423, 0.6470588235294118, 0.8528138528138528, 0.5492424242424242, 0.6458333333333333, 0.6761133603238867]
 mean: 0.6671041673154383, std: 0.08291420765418331
--------------------------------------------------
**************************************************
accuracy_cross_list: [0.6626984126984128, 0.6373015873015874, 0.6333333333333334, 0.5349206349206349, 0.6142857142857142, 0.5626984126984127, 0.5396825396825397, 0.6999999999999998, 0.6325396825396826, 0.5968253968253969, 0.5523809523809523, 0.6261904761904762, 0.6547619047619049, 0.6325396825396826]
f1_score_list: [0.6489989643836886, 0.6285015400897562, 0.6198263885482249, 0.5292888219485856, 0.6043634599285457, 0.559883677902495, 0.5238708400657403, 0.6971622428650078, 0.625709744202933, 0.5946000998283176, 0.5500840225893009, 0.6170485790574297, 0.6503875336639554, 0.6277808411017144]
accuracy_intime_list: [0.7387254901960785, 0.6732843137254901, 0.6486519607843136, 0.6421568627450982, 0.6599264705882353, 0.6199754901960783, 0.560171568627451, 0.7084558823529411, 0.7122549019607842, 0.6071078431372549, 0.6313725490196078, 0.6610294117647058, 0.6980392156862744, 0.6748774509803922]
f1_score_intime_list: [0.7361942355662889, 0.6674879410920832, 0.6436793583508648, 0.6321568622872533, 0.6452267153774703, 0.6137190689879979, 0.5453115553107187, 0.7041237165905034, 0.7055976074945423, 0.600174856490646, 0.624704680659231, 0.6571246620350071, 0.6957280490655552, 0.6671041673154383]
**************************************************
ACC: 61.29±4.76
F1: 60.55±4.77
Intime: 65.97±4.53
F1 (Intime): 65.27±4.77
