1e-03
Subject Number: 1
Accuracy Cross: [0.7023809523809523, 0.7380952380952381, 0.7023809523809523, 0.6785714285714286, 0.7261904761904762, 0.7619047619047619, 0.8214285714285714, 0.7142857142857143, 0.8095238095238095, 0.8690476190476191, 0.8571428571428571, 0.6309523809523809, 0.9166666666666666, 0.7857142857142857, 0.7738095238095238]
 mean: 0.7658730158730159, std: 0.07575104761263497
F1 Score: [0.6734566941377702, 0.71880706025563, 0.6734566941377702, 0.6706838971976187, 0.7079365079365079, 0.7529411764705882, 0.8201798201798203, 0.7101782633697526, 0.8077803203661327, 0.86676279740447, 0.8558352402745995, 0.5727645611156686, 0.9165602383993188, 0.7754010695187166, 0.7641495492832866]
 mean: 0.7524595926698435, std: 0.08769392721740861
Accuracy Intime: [0.9117647058823529, 0.9117647058823529, 0.9411764705882353, 0.9117647058823529, 0.90625, 0.7647058823529411, 0.8823529411764706, 0.7941176470588235, 0.8529411764705882, 0.875, 0.7941176470588235, 0.8235294117647058, 0.8823529411764706, 0.9705882352941176, 0.9375]
 mean: 0.877328431372549, std: 0.05823258105847643
F1 (Intime): [0.9116883116883117, 0.9110723626852659, 0.9411764705882353, 0.9098143236074271, 0.906158357771261, 0.7614035087719297, 0.8785714285714286, 0.7925021795989537, 0.8528138528138528, 0.873015873015873, 0.7925021795989537, 0.8229166666666667, 0.880701754385965, 0.9705627705627706, 0.9375]
 mean: 0.8761600026884596, std: 0.05887716388059146
--------------------------------------------------
Subject Number: 2
Accuracy Cross: [0.7023809523809523, 0.7142857142857143, 0.7976190476190477, 0.8928571428571429, 0.5714285714285714, 0.9523809523809523, 0.8571428571428571, 0.9523809523809523, 0.9285714285714286, 0.9285714285714286, 0.9404761904761905, 0.9285714285714286, 0.8809523809523809, 0.9166666666666666, 0.8809523809523809]
 mean: 0.8563492063492063, std: 0.10828026492503064
F1 Score: [0.6782595373065727, 0.6888888888888889, 0.7889759125166248, 0.8916129032258064, 0.475, 0.9522727272727273, 0.8541666666666667, 0.9523539421440725, 0.9282051282051282, 0.928409090909091, 0.9404001702852277, 0.9285714285714286, 0.8808848553601816, 0.9166548547129695, 0.8803418803418803]
 mean: 0.8456665324271511, std: 0.13041751627425166
Accuracy Intime: [0.9705882352941176, 1.0, 1.0, 0.9117647058823529, 0.875, 0.9411764705882353, 0.9411764705882353, 0.9705882352941176, 0.9411764705882353, 0.96875, 0.9411764705882353, 0.9705882352941176, 0.8529411764705882, 0.9411764705882353, 0.96875]
 mean: 0.9463235294117648, std: 0.039722899403545835
F1 (Intime): [0.9705627705627706, 1.0, 1.0, 0.9098143236074271, 0.8745098039215686, 0.9411764705882353, 0.9409722222222222, 0.9705627705627706, 0.9411764705882353, 0.9687194525904204, 0.9409722222222222, 0.9705627705627706, 0.85178727114211, 0.9409722222222222, 0.9687194525904204]
 mean: 0.9460338815588929, std: 0.04007740596734067
--------------------------------------------------
Subject Number: 3
Accuracy Cross: [0.5476190476190477, 0.5476190476190477, 0.5714285714285714, 0.7023809523809523, 0.5119047619047619, 0.7738095238095238, 0.7261904761904762, 0.6785714285714286, 0.6785714285714286, 0.6904761904761905, 0.6547619047619048, 0.5952380952380952, 0.5714285714285714, 0.6666666666666666, 0.6309523809523809]
 mean: 0.6365079365079365, std: 0.07323982219085286
F1 Score: [0.44583333333333336, 0.43121881682109764, 0.4874576271186441, 0.6863330843913369, 0.3592558139534884, 0.7737774627923459, 0.7261516654854713, 0.6781609195402298, 0.6706838971976187, 0.6676810712111991, 0.6149834044570887, 0.5159322033898305, 0.475, 0.6313479623824452, 0.5727645611156686]
 mean: 0.5824387882126534, std: 0.1189245522290076
Accuracy Intime: [0.8823529411764706, 0.9117647058823529, 0.8235294117647058, 0.9117647058823529, 0.78125, 0.7647058823529411, 0.7352941176470589, 0.7058823529411765, 0.8823529411764706, 0.84375, 0.7058823529411765, 0.7352941176470589, 0.8529411764705882, 0.7647058823529411, 0.78125]
 mean: 0.8055147058823529, std: 0.06959187541239328
F1 (Intime): [0.8819444444444444, 0.9116883116883117, 0.8178571428571428, 0.9116883116883117, 0.7702564102564102, 0.7638888888888888, 0.7350649350649351, 0.6964285714285714, 0.8823529411764706, 0.8423645320197044, 0.7058823529411765, 0.7235772357723578, 0.8496905393457117, 0.7638888888888888, 0.7810361681329423]
 mean: 0.8025073116396179, std: 0.07138087749388942
--------------------------------------------------
Subject Number: 4
Accuracy Cross: [0.8214285714285714, 0.8452380952380952, 0.7261904761904762, 0.7380952380952381, 0.7023809523809523, 0.7380952380952381, 0.8452380952380952, 0.8095238095238095, 0.7976190476190477, 0.8095238095238095, 0.9166666666666666, 0.8452380952380952, 0.8809523809523809, 0.7380952380952381, 0.9047619047619048]
 mean: 0.8079365079365081, std: 0.06504063888427897
F1 Score: [0.8212005108556832, 0.8441558441558441, 0.7079365079365079, 0.7367521367521368, 0.6825396825396826, 0.7380952380952381, 0.8446878111221732, 0.8055555555555556, 0.7975903614457831, 0.8090909090909091, 0.9166548547129695, 0.8434408602150538, 0.8806818181818181, 0.7326388888888888, 0.9047619047619048]
 mean: 0.8043855256206768, std: 0.06920969252218102
Accuracy Intime: [0.9411764705882353, 0.9411764705882353, 0.7647058823529411, 0.9411764705882353, 0.8125, 0.8529411764705882, 0.9117647058823529, 0.8823529411764706, 0.9705882352941176, 0.90625, 0.8823529411764706, 0.9117647058823529, 0.8823529411764706, 0.9117647058823529, 0.90625]
 mean: 0.8946078431372549, std: 0.05114421500586294
F1 (Intime): [0.9411764705882353, 0.9403508771929825, 0.7509157509157509, 0.9409722222222222, 0.8125, 0.85178727114211, 0.9116883116883117, 0.8785714285714286, 0.970357454228422, 0.906158357771261, 0.8819444444444444, 0.9116883116883117, 0.8823529411764706, 0.9116883116883117, 0.906158357771261]
 mean: 0.8932207007393017, std: 0.05357383847108163
--------------------------------------------------
Subject Number: 5
Accuracy Cross: [0.7261904761904762, 0.8333333333333334, 0.8809523809523809, 0.8452380952380952, 0.7738095238095238, 0.8452380952380952, 0.7738095238095238, 0.8214285714285714, 0.8214285714285714, 0.8571428571428571, 0.8690476190476191, 0.8809523809523809, 0.8690476190476191, 0.9047619047619048, 0.8095238095238095]
 mean: 0.8341269841269842, std: 0.04650820737772575
F1 Score: [0.7079365079365079, 0.8298611111111112, 0.8808848553601816, 0.8441558441558441, 0.7663592446201142, 0.8450404427415921, 0.7663592446201142, 0.8212005108556832, 0.8170466095542326, 0.8568181818181818, 0.8688803746275011, 0.8803418803418803, 0.8685819940264543, 0.9045454545454545, 0.8094157685762904]
 mean: 0.8311618683260763, std: 0.05064593399185231
Accuracy Intime: [0.9117647058823529, 0.9411764705882353, 0.8823529411764706, 0.9411764705882353, 0.9375, 0.9411764705882353, 0.7647058823529411, 0.8823529411764706, 0.9411764705882353, 0.90625, 0.9117647058823529, 1.0, 0.9117647058823529, 0.9705882352941176, 0.96875]
 mean: 0.9208333333333333, std: 0.05213362623702
F1 (Intime): [0.9098143236074271, 0.9403508771929825, 0.8819444444444444, 0.9411764705882353, 0.9375, 0.9409722222222222, 0.7614035087719297, 0.880701754385965, 0.9411764705882353, 0.9054187192118226, 0.9110723626852659, 1.0, 0.9116883116883117, 0.9705627705627706, 0.9687194525904204]
 mean: 0.9201667792360022, std: 0.05291342790448781
--------------------------------------------------
Subject Number: 6
Accuracy Cross: [0.6785714285714286, 0.7023809523809523, 0.6428571428571429, 0.6428571428571429, 0.6428571428571429, 0.6785714285714286, 0.7261904761904762, 0.75, 0.6190476190476191, 0.7023809523809523, 0.6309523809523809, 0.7619047619047619, 0.7261904761904762, 0.5, 0.7142857142857143]
 mean: 0.6746031746031746, std: 0.06339277951655826
F1 Score: [0.6763236763236764, 0.6989247311827957, 0.6377228292121909, 0.6377228292121909, 0.6428571428571429, 0.6612397311426438, 0.723010752688172, 0.7491110795050491, 0.6188315371525808, 0.7002997002997002, 0.5884305357989568, 0.7569444444444444, 0.7242757242757243, 0.49743589743589745, 0.7101782633697526]
 mean: 0.6682205916600611, std: 0.06576861449260718
Accuracy Intime: [0.8529411764705882, 0.7647058823529411, 0.8235294117647058, 0.8823529411764706, 0.875, 0.8529411764705882, 0.7941176470588235, 0.7058823529411765, 0.8235294117647058, 0.8125, 0.7647058823529411, 0.6764705882352942, 0.6470588235294118, 0.6764705882352942, 0.75]
 mean: 0.7801470588235293, std: 0.07355636760802066
F1 (Intime): [0.8464317976513098, 0.7614035087719297, 0.8210526315789474, 0.8819444444444444, 0.8745098039215686, 0.8496905393457117, 0.7850045167118338, 0.7017543859649122, 0.8229166666666667, 0.8056680161943319, 0.7614035087719297, 0.6693191865605659, 0.6263736263736264, 0.6693191865605659, 0.75]
 mean: 0.7751194546345561, std: 0.07670900239504418
--------------------------------------------------
Subject Number: 7
Accuracy Cross: [0.6547619047619048, 0.6309523809523809, 0.6547619047619048, 0.6904761904761905, 0.5833333333333334, 0.6547619047619048, 0.6904761904761905, 0.5952380952380952, 0.6666666666666666, 0.5833333333333334, 0.5952380952380952, 0.6666666666666666, 0.6309523809523809, 0.6666666666666666, 0.5714285714285714]
 mean: 0.6357142857142857, std: 0.03907470992092434
F1 Score: [0.6080450522928399, 0.6110530246452577, 0.6462901118048496, 0.6788235294117647, 0.5608663181478716, 0.6317460317460317, 0.6888888888888889, 0.595008508224617, 0.664957264957265, 0.5608663181478716, 0.583673469387755, 0.6506238859180036, 0.5884305357989568, 0.664957264957265, 0.5552941176470588]
 mean: 0.6193016214650863, std: 0.0434757182652328
Accuracy Intime: [0.8529411764705882, 0.8235294117647058, 0.8235294117647058, 0.8235294117647058, 0.78125, 0.5294117647058824, 0.7647058823529411, 0.6764705882352942, 0.6470588235294118, 0.71875, 0.6176470588235294, 0.6470588235294118, 0.6470588235294118, 0.7352941176470589, 0.8125]
 mean: 0.7267156862745097, std: 0.09250218858140109
F1 (Intime): [0.85178727114211, 0.8131868131868132, 0.8235294117647058, 0.8210526315789474, 0.7793103448275862, 0.5018315018315018, 0.7571428571428571, 0.6621499548328816, 0.6263736263736264, 0.716256157635468, 0.6007226738934056, 0.575, 0.6458333333333333, 0.7350649350649351, 0.8095238095238095]
 mean: 0.7145843548087988, std: 0.10333030736587158
--------------------------------------------------
Subject Number: 8
Accuracy Cross: [0.8214285714285714, 0.7976190476190477, 0.8333333333333334, 0.8214285714285714, 0.8928571428571429, 0.8214285714285714, 0.9047619047619048, 0.8452380952380952, 0.8452380952380952, 0.9047619047619048, 0.9761904761904762, 0.7023809523809523, 0.9642857142857143, 0.9047619047619048, 0.9285714285714286]
 mean: 0.8642857142857142, std: 0.06842908506285673
F1 Score: [0.8183129055515501, 0.7926528241614637, 0.8309373202990225, 0.8214032600992204, 0.8921078921078921, 0.8155467720685112, 0.9045454545454545, 0.8414403949470016, 0.8446878111221732, 0.9038901601830663, 0.9761769710720363, 0.6734566941377702, 0.9642401021711366, 0.9047078842881452, 0.9285309132161089]
 mean: 0.8608424906647035, std: 0.07391459133084487
Accuracy Intime: [0.9705882352941176, 0.9411764705882353, 1.0, 0.9705882352941176, 0.9375, 0.8235294117647058, 0.8823529411764706, 0.8235294117647058, 0.7647058823529411, 0.96875, 0.9705882352941176, 1.0, 0.9411764705882353, 0.8529411764705882, 0.96875]
 mean: 0.9210784313725491, std: 0.07073892038861651
F1 (Intime): [0.9705627705627706, 0.9409722222222222, 1.0, 0.9705627705627706, 0.9375, 0.8131868131868132, 0.8785714285714286, 0.8235294117647058, 0.7571428571428571, 0.9687194525904204, 0.970357454228422, 1.0, 0.9411764705882353, 0.85178727114211, 0.9687194525904204]
 mean: 0.9195192250102118, std: 0.07302724325186317
--------------------------------------------------
Subject Number: 9
Accuracy Cross: [0.8214285714285714, 0.8214285714285714, 0.6785714285714286, 0.6190476190476191, 0.6666666666666666, 0.75, 0.8333333333333334, 0.7857142857142857, 0.8095238095238095, 0.8333333333333334, 0.6428571428571429, 0.7261904761904762, 0.6666666666666666, 0.7142857142857143, 0.6190476190476191]
 mean: 0.7325396825396824, std: 0.07786681007245101
F1 Score: [0.8212005108556832, 0.8170466095542326, 0.6525203002910984, 0.5543766578249337, 0.6313479623824452, 0.7456380677721701, 0.8332387975042541, 0.7837528604118993, 0.8040816326530613, 0.8309373202990225, 0.5906432748538011, 0.7039987743220468, 0.625, 0.6888888888888889, 0.5543766578249337]
 mean: 0.7091365543625646, std: 0.09968882365398557
Accuracy Intime: [0.9117647058823529, 0.8823529411764706, 0.8235294117647058, 0.8235294117647058, 0.84375, 0.8235294117647058, 0.7941176470588235, 0.8529411764705882, 0.9705882352941176, 0.84375, 0.9705882352941176, 0.9705882352941176, 0.9705882352941176, 0.9705882352941176, 0.96875]
 mean: 0.8947303921568628, std: 0.06681832878708709
F1 (Intime): [0.9110723626852659, 0.8819444444444444, 0.8229166666666667, 0.8229166666666667, 0.8398398398398399, 0.8229166666666667, 0.793939393939394, 0.8528138528138528, 0.970357454228422, 0.8398398398398399, 0.9705627705627706, 0.9705627705627706, 0.970357454228422, 0.9705627705627706, 0.9687194525904204]
 mean: 0.8939548270865475, std: 0.06732996036976444
--------------------------------------------------
Subject Number: 10
Accuracy Cross: [0.6785714285714286, 0.7142857142857143, 0.7261904761904762, 0.5714285714285714, 0.7023809523809523, 0.6904761904761905, 0.6666666666666666, 0.6547619047619048, 0.6666666666666666, 0.6547619047619048, 0.5357142857142857, 0.7857142857142857, 0.7857142857142857, 0.6666666666666666, 0.75]
 mean: 0.6833333333333335, std: 0.06604013988163404
F1 Score: [0.6781609195402298, 0.7141236528644356, 0.7171717171717171, 0.5398660986001217, 0.6896704595832718, 0.6897727272727273, 0.6664775950085082, 0.6149834044570887, 0.6597222222222223, 0.6433904259991217, 0.5158859169499039, 0.7837528604118993, 0.7837528604118993, 0.6421180766889836, 0.7393231860499483]
 mean: 0.6718781415488053, std: 0.07346885742480039
Accuracy Intime: [0.8529411764705882, 0.7941176470588235, 0.7647058823529411, 0.7058823529411765, 0.71875, 0.9411764705882353, 0.8235294117647058, 0.7647058823529411, 0.7941176470588235, 0.6875, 0.7352941176470589, 0.6764705882352942, 0.7647058823529411, 0.6470588235294118, 0.625]
 mean: 0.7530637254901961, std: 0.0798442366372364
F1 (Intime): [0.8528138528138528, 0.7786046511627907, 0.7614035087719297, 0.6964285714285714, 0.718475073313783, 0.9411764705882353, 0.8229166666666667, 0.7571428571428571, 0.7925021795989537, 0.6761133603238867, 0.7153488372093023, 0.6386473429951691, 0.7614035087719297, 0.6136363636363636, 0.5844155844155844]
 mean: 0.7407352552559916, std: 0.09056140187913447
--------------------------------------------------
Subject Number: 11
Accuracy Cross: [0.6428571428571429, 0.6666666666666666, 0.6904761904761905, 0.5357142857142857, 0.7380952380952381, 0.8095238095238095, 0.7619047619047619, 0.8214285714285714, 0.8095238095238095, 0.8690476190476191, 0.7857142857142857, 0.7738095238095238, 0.7857142857142857, 0.8333333333333334, 0.7380952380952381]
 mean: 0.7507936507936509, std: 0.08355601389366259
F1 Score: [0.6426545660805445, 0.6618746405980449, 0.6876430205949657, 0.408130081300813, 0.7326388888888888, 0.8095238095238095, 0.7597254004576659, 0.8201798201798203, 0.8085470085470086, 0.869029057406095, 0.7857142857142857, 0.7722277722277722, 0.7776470588235294, 0.8318077803203661, 0.7306122448979592]
 mean: 0.7398636957041045, std: 0.10788069911916238
Accuracy Intime: [0.9117647058823529, 0.8823529411764706, 0.9117647058823529, 0.9117647058823529, 0.84375, 0.8235294117647058, 0.7941176470588235, 0.9117647058823529, 0.8823529411764706, 0.8125, 0.9117647058823529, 0.7647058823529411, 0.8529411764705882, 0.9117647058823529, 0.90625]
 mean: 0.868872549019608, std: 0.048550141641030164
F1 (Intime): [0.9098143236074271, 0.8823529411764706, 0.9110723626852659, 0.9110723626852659, 0.8423645320197044, 0.8235294117647058, 0.7786046511627907, 0.9116883116883117, 0.880701754385965, 0.8117647058823529, 0.9098143236074271, 0.7647058823529411, 0.85178727114211, 0.9116883116883117, 0.906158357771261]
 mean: 0.867141300241354, std: 0.05003884161614164
--------------------------------------------------
Subject Number: 12
Accuracy Cross: [0.75, 0.8809523809523809, 0.8928571428571429, 0.8809523809523809, 0.8333333333333334, 0.7619047619047619, 0.7023809523809523, 0.7261904761904762, 0.7142857142857143, 0.8214285714285714, 0.7976190476190477, 0.6666666666666666, 0.7976190476190477, 0.8452380952380952, 0.7619047619047619]
 mean: 0.7888888888888889, std: 0.06782812894990953
F1 Score: [0.7333333333333334, 0.879862700228833, 0.8921078921078921, 0.879862700228833, 0.8329545454545455, 0.7529411764705882, 0.6782595373065727, 0.71449682281661, 0.6932440657334145, 0.8183129055515501, 0.7926528241614637, 0.625, 0.7889759125166248, 0.8452161587526577, 0.7529411764705882]
 mean: 0.7786774500755672, std: 0.07792665306798449
Accuracy Intime: [0.8823529411764706, 0.8823529411764706, 0.7941176470588235, 0.7941176470588235, 0.875, 0.9411764705882353, 0.9705882352941176, 0.9705882352941176, 0.8823529411764706, 0.90625, 0.9411764705882353, 0.8529411764705882, 0.8235294117647058, 0.7941176470588235, 0.875]
 mean: 0.8790441176470589, std: 0.05813087911009978
F1 (Intime): [0.8819444444444444, 0.880701754385965, 0.7925021795989537, 0.7895667550839964, 0.875, 0.9403508771929825, 0.970357454228422, 0.970357454228422, 0.8819444444444444, 0.906158357771261, 0.9409722222222222, 0.8464317976513098, 0.8210526315789474, 0.7925021795989537, 0.8745098039215686]
 mean: 0.8776234904234594, std: 0.05912869798100182
--------------------------------------------------
Subject Number: 13
Accuracy Cross: [0.6547619047619048, 0.7023809523809523, 0.7261904761904762, 0.6428571428571429, 0.7023809523809523, 0.6428571428571429, 0.7261904761904762, 0.75, 0.7023809523809523, 0.6666666666666666, 0.6428571428571429, 0.7619047619047619, 0.7380952380952381, 0.7976190476190477, 0.7380952380952381]
 mean: 0.7063492063492063, std: 0.046548819995603744
F1 Score: [0.6212097651998134, 0.6950776825903877, 0.725216896600768, 0.616555082166768, 0.6896704595832718, 0.616555082166768, 0.7258407833120477, 0.7491110795050491, 0.7020008514261388, 0.6636155606407322, 0.5982142857142857, 0.7569444444444444, 0.7306122448979592, 0.7962037962037962, 0.7254901960784313]
 mean: 0.6941545473687107, std: 0.05729502417905872
Accuracy Intime: [0.9411764705882353, 0.7647058823529411, 0.8235294117647058, 0.8823529411764706, 0.90625, 0.9117647058823529, 0.9411764705882353, 0.8823529411764706, 0.8235294117647058, 0.84375, 0.9117647058823529, 0.7647058823529411, 0.7941176470588235, 0.6470588235294118, 0.6875]
 mean: 0.835049019607843, std: 0.08674306670448942
F1 (Intime): [0.9409722222222222, 0.7571428571428571, 0.8210526315789474, 0.880701754385965, 0.9054187192118226, 0.9116883116883117, 0.9409722222222222, 0.8823529411764706, 0.8210526315789474, 0.8398398398398399, 0.9110723626852659, 0.7509157509157509, 0.7925021795989537, 0.6136363636363636, 0.6862745098039216]
 mean: 0.8303730198458574, std: 0.09294030774039808
--------------------------------------------------
Subject Number: 14
Accuracy Cross: [0.8095238095238095, 0.9047619047619048, 0.9166666666666666, 0.9285714285714286, 0.9285714285714286, 0.9166666666666666, 0.8928571428571429, 0.8809523809523809, 0.9523809523809523, 0.8928571428571429, 0.7261904761904762, 0.9166666666666666, 0.9166666666666666, 0.6666666666666666, 0.8452380952380952]
 mean: 0.8730158730158729, std: 0.07784253863643956
F1 Score: [0.8055555555555556, 0.9047619047619048, 0.9166548547129695, 0.928409090909091, 0.928409090909091, 0.9166548547129695, 0.8916129032258064, 0.879862700228833, 0.9523539421440725, 0.8921078921078921, 0.7039987743220468, 0.916083916083916, 0.9165602383993188, 0.625, 0.8414403949470016]
 mean: 0.8679644075346981, std: 0.08831756293473325
Accuracy Intime: [0.8529411764705882, 0.8823529411764706, 0.9411764705882353, 0.9705882352941176, 0.90625, 1.0, 0.9411764705882353, 0.9411764705882353, 0.9411764705882353, 0.90625, 1.0, 1.0, 1.0, 0.9117647058823529, 1.0]
 mean: 0.9463235294117648, std: 0.046417776829217196
F1 (Intime): [0.85178727114211, 0.880701754385965, 0.9409722222222222, 0.9705627705627706, 0.9054187192118226, 1.0, 0.9409722222222222, 0.9409722222222222, 0.9411764705882353, 0.906158357771261, 1.0, 1.0, 1.0, 0.9116883116883117, 1.0]
 mean: 0.9460273548011429, std: 0.04678590135029125
--------------------------------------------------
**************************************************
accuracy_cross_list: [0.7658730158730159, 0.8563492063492063, 0.6365079365079365, 0.8079365079365081, 0.8341269841269842, 0.6746031746031746, 0.6357142857142857, 0.8642857142857142, 0.7325396825396824, 0.6833333333333335, 0.7507936507936509, 0.7888888888888889, 0.7063492063492063, 0.8730158730158729]
f1_score_list: [0.7524595926698435, 0.8456665324271511, 0.5824387882126534, 0.8043855256206768, 0.8311618683260763, 0.6682205916600611, 0.6193016214650863, 0.8608424906647035, 0.7091365543625646, 0.6718781415488053, 0.7398636957041045, 0.7786774500755672, 0.6941545473687107, 0.8679644075346981]
accuracy_intime_list: [0.877328431372549, 0.9463235294117648, 0.8055147058823529, 0.8946078431372549, 0.9208333333333333, 0.7801470588235293, 0.7267156862745097, 0.9210784313725491, 0.8947303921568628, 0.7530637254901961, 0.868872549019608, 0.8790441176470589, 0.835049019607843, 0.9463235294117648]
f1_score_intime_list: [0.8761600026884596, 0.9460338815588929, 0.8025073116396179, 0.8932207007393017, 0.9201667792360022, 0.7751194546345561, 0.7145843548087988, 0.9195192250102118, 0.8939548270865475, 0.7407352552559916, 0.867141300241354, 0.8776234904234594, 0.8303730198458574, 0.9460273548011429]
**************************************************
ACC: 75.79±7.98
F1: 74.47±8.79
Intime: 86.07±6.80
F1 (Intime): 85.74±7.15
