1e-03
Subject Number: 1
Accuracy Cross: [0.96875, 0.875, 0.8125, 0.9375, 0.875, 0.9696969696969697, 0.9696969696969697, 0.8484848484848485, 0.8484848484848485, 0.9393939393939394, 0.96875, 0.90625, 1.0, 0.90625, 0.90625]
 mean: 0.9154671717171717, std: 0.053459736118680865
F1 Score: [0.967967967967968, 0.873015873015873, 0.8125, 0.9372549019607843, 0.875, 0.9695852534562213, 0.9692451071761417, 0.8390243902439025, 0.8390243902439025, 0.9388888888888889, 0.9684729064039409, 0.906158357771261, 1.0, 0.9015384615384616, 0.9054187192118226]
 mean: 0.9135396811919444, std: 0.055142665076761896
Accuracy Intime: [1.0, 1.0, 1.0, 1.0, 0.9166666666666666, 1.0, 1.0, 1.0, 0.8333333333333334, 1.0, 1.0, 1.0, 1.0, 0.9166666666666666, 1.0]
 mean: 0.9777777777777777, std: 0.0477906959280146
F1 (Intime): [1.0, 1.0, 1.0, 1.0, 0.916083916083916, 1.0, 1.0, 1.0, 0.8285714285714285, 1.0, 1.0, 1.0, 1.0, 0.916083916083916, 1.0]
 mean: 0.9773826173826173, std: 0.048852419547549604
--------------------------------------------------
Subject Number: 2
Accuracy Cross: [0.6363636363636364, 0.8787878787878788, 0.5454545454545454, 0.8181818181818182, 0.7575757575757576, 0.75, 0.59375, 0.5625, 0.71875, 0.65625, 0.7878787878787878, 0.7272727272727273, 0.8787878787878788, 0.7272727272727273, 0.7575757575757576]
 mean: 0.719760101010101, std: 0.10025809083093278
F1 Score: [0.5416666666666666, 0.8777777777777778, 0.4994944388270981, 0.8035714285714286, 0.7518796992481203, 0.722943722943723, 0.5588547189819725, 0.5333333333333333, 0.7117117117117118, 0.6476476476476476, 0.7664307381193125, 0.6857142857142857, 0.8759398496240601, 0.6996966632962589, 0.7461538461538462]
 mean: 0.6948544352411495, std: 0.11509549501546136
Accuracy Intime: [0.9285714285714286, 1.0, 0.9166666666666666, 0.6666666666666666, 0.75, 0.9285714285714286, 0.9285714285714286, 0.6428571428571429, 0.75, 0.5833333333333334, 0.9285714285714286, 0.7857142857142857, 0.9166666666666666, 0.75, 0.75]
 mean: 0.8150793650793651, std: 0.12370773186284897
F1 (Intime): [0.9282051282051282, 1.0, 0.9111111111111111, 0.625, 0.7482517482517483, 0.9251336898395721, 0.9251336898395721, 0.641025641025641, 0.7482517482517483, 0.4957983193277311, 0.9251336898395721, 0.7846153846153847, 0.8991596638655461, 0.7333333333333334, 0.7333333333333334]
 mean: 0.8015657653892949, std: 0.13867738754887543
--------------------------------------------------
Subject Number: 3
Accuracy Cross: [0.625, 0.65625, 0.625, 0.71875, 0.625, 0.6060606060606061, 0.7272727272727273, 0.6363636363636364, 0.5454545454545454, 0.5151515151515151, 0.48484848484848486, 0.48484848484848486, 0.48484848484848486, 0.5757575757575758, 0.5454545454545454]
 mean: 0.5904040404040404, std: 0.07695616438673814
F1 Score: [0.6235294117647059, 0.5883040935672514, 0.5636363636363637, 0.718475073313783, 0.625, 0.6001863932898416, 0.717948717948718, 0.6333333333333333, 0.35294117647058826, 0.5037593984962406, 0.40634920634920635, 0.48294930875576036, 0.48294930875576036, 0.4652777777777778, 0.5386766076421249]
 mean: 0.5535544114067636, std: 0.10212820364937009
Accuracy Intime: [0.6428571428571429, 0.7142857142857143, 0.8571428571428571, 0.6666666666666666, 0.6666666666666666, 0.5714285714285714, 0.5714285714285714, 0.75, 0.5833333333333334, 0.5833333333333334, 0.7857142857142857, 0.7857142857142857, 0.75, 0.6666666666666666, 0.6666666666666666]
 mean: 0.6841269841269839, std: 0.08516875190664325
F1 (Intime): [0.5906432748538011, 0.7083333333333333, 0.8444444444444444, 0.6666666666666666, 0.625, 0.36363636363636365, 0.5714285714285714, 0.6974789915966386, 0.4957983193277311, 0.5804195804195804, 0.7846153846153847, 0.7543859649122806, 0.7482517482517483, 0.6571428571428571, 0.625]
 mean: 0.64754970004196, std: 0.11660359230158604
--------------------------------------------------
Subject Number: 4
Accuracy Cross: [0.8787878787878788, 0.8484848484848485, 0.8181818181818182, 0.8484848484848485, 0.8484848484848485, 0.7575757575757576, 0.8787878787878788, 0.7575757575757576, 0.7272727272727273, 0.8787878787878788, 0.45454545454545453, 0.7575757575757576, 0.7575757575757576, 0.8787878787878788, 0.8181818181818182]
 mean: 0.7939393939393941, std: 0.10450518914244496
F1 Score: [0.8759398496240601, 0.8390243902439025, 0.8035714285714286, 0.8433048433048433, 0.8390243902439025, 0.7272727272727273, 0.8730769230769231, 0.7272727272727273, 0.6857142857142857, 0.8730769230769231, 0.3125, 0.7555555555555555, 0.7573529411764706, 0.8730769230769231, 0.8180147058823529]
 mean: 0.7735852409395351, std: 0.13703282959034926
Accuracy Intime: [0.9285714285714286, 1.0, 1.0, 1.0, 0.9166666666666666, 1.0, 1.0, 0.8571428571428571, 0.8333333333333334, 0.8333333333333334, 1.0, 1.0, 1.0, 1.0, 0.8333333333333334]
 mean: 0.9468253968253969, std: 0.06994040583132788
F1 (Intime): [0.9251336898395721, 1.0, 1.0, 1.0, 0.916083916083916, 1.0, 1.0, 0.8444444444444444, 0.8333333333333334, 0.8285714285714285, 1.0, 1.0, 1.0, 1.0, 0.8285714285714285]
 mean: 0.9450758827229416, std: 0.07217931952341312
--------------------------------------------------
Subject Number: 5
Accuracy Cross: [0.65625, 0.71875, 0.59375, 0.5625, 0.6875, 0.78125, 0.53125, 0.5, 0.84375, 0.5, 0.6875, 0.53125, 0.65625, 0.65625, 0.5]
 mean: 0.6270833333333333, std: 0.1036235842953824
F1 Score: [0.5883040935672514, 0.694591728525981, 0.5901477832512315, 0.5607843137254902, 0.6761133603238867, 0.7757757757757757, 0.4684385382059801, 0.4181818181818182, 0.8303287380699894, 0.4181818181818182, 0.6862745098039216, 0.5076923076923077, 0.6267232237539766, 0.6476476476476476, 0.5]
 mean: 0.5992790437804717, std: 0.11911500724477568
Accuracy Intime: [1.0, 1.0, 0.9166666666666666, 0.5, 0.75, 0.8571428571428571, 1.0, 0.9166666666666666, 0.5833333333333334, 0.6666666666666666, 1.0, 1.0, 0.9166666666666666, 0.75, 0.6666666666666666]
 mean: 0.8349206349206348, std: 0.1639729405129351
F1 (Intime): [1.0, 1.0, 0.8991596638655461, 0.3333333333333333, 0.7482517482517483, 0.8541666666666667, 1.0, 0.9111111111111111, 0.5804195804195804, 0.6571428571428571, 1.0, 1.0, 0.9111111111111111, 0.7482517482517483, 0.6571428571428571]
 mean: 0.8200060451531039, std: 0.19037153589579872
--------------------------------------------------
Subject Number: 6
Accuracy Cross: [0.75, 0.71875, 0.78125, 0.78125, 0.75, 0.45454545454545453, 0.5454545454545454, 0.5454545454545454, 0.5454545454545454, 0.7878787878787878, 0.7878787878787878, 0.7575757575757576, 0.7878787878787878, 0.7878787878787878, 0.8484848484848485]
 mean: 0.7086489898989897, std: 0.11707173928219097
F1 Score: [0.7408906882591093, 0.6631578947368422, 0.751937984496124, 0.7757757757757757, 0.7333333333333334, 0.45, 0.35294117647058826, 0.35294117647058826, 0.4057623049219688, 0.7746341463414634, 0.7664307381193125, 0.7380952380952381, 0.7664307381193125, 0.7664307381193125, 0.8433048433048433]
 mean: 0.6588044517709208, std: 0.16691241413842162
Accuracy Intime: [1.0, 1.0, 0.9285714285714286, 0.8333333333333334, 0.8333333333333334, 1.0, 0.9285714285714286, 1.0, 0.8333333333333334, 0.75, 1.0, 1.0, 0.9166666666666666, 0.6666666666666666, 0.5]
 mean: 0.8793650793650793, std: 0.14278216727417045
F1 (Intime): [1.0, 1.0, 0.9251336898395721, 0.8285714285714285, 0.8333333333333334, 1.0, 0.9251336898395721, 1.0, 0.8285714285714285, 0.7482517482517483, 1.0, 1.0, 0.8991596638655461, 0.6571428571428571, 0.3333333333333333]
 mean: 0.8652420781832547, std: 0.17529198021073902
--------------------------------------------------
Subject Number: 7
Accuracy Cross: [0.71875, 0.75, 0.46875, 0.84375, 0.65625, 0.65625, 0.625, 0.46875, 0.625, 0.71875, 0.625, 0.6875, 0.6875, 0.78125, 0.5625]
 mean: 0.6583333333333333, std: 0.10043308994328291
F1 Score: [0.6631578947368422, 0.7333333333333334, 0.45545545545545546, 0.8435972629521017, 0.6101882613510521, 0.5883040935672514, 0.5, 0.4231177094379639, 0.6235294117647059, 0.716256157635468, 0.6, 0.6135265700483092, 0.6135265700483092, 0.7624602332979851, 0.5555555555555556]
 mean: 0.6201339006122889, std: 0.10962070341857695
Accuracy Intime: [0.8571428571428571, 0.8571428571428571, 0.6666666666666666, 0.6666666666666666, 0.5, 0.8571428571428571, 0.9285714285714286, 1.0, 0.75, 0.6666666666666666, 0.7857142857142857, 0.7857142857142857, 0.75, 0.6666666666666666, 0.6666666666666666]
 mean: 0.7603174603174604, std: 0.12301843315308342
F1 (Intime): [0.8444444444444444, 0.8444444444444444, 0.4, 0.6571428571428571, 0.3333333333333333, 0.8571428571428571, 0.9282051282051282, 1.0, 0.7333333333333334, 0.6666666666666666, 0.7543859649122806, 0.7543859649122806, 0.6210526315789473, 0.6666666666666666, 0.625]
 mean: 0.7124136195188827, std: 0.17389196832509132
--------------------------------------------------
Subject Number: 8
Accuracy Cross: [0.9375, 0.75, 0.90625, 0.875, 0.78125, 0.9375, 0.96875, 0.84375, 0.875, 0.84375, 0.90625, 0.90625, 1.0, 0.875, 0.9375]
 mean: 0.8895833333333333, std: 0.06441510347391795
F1 Score: [0.9352226720647774, 0.746031746031746, 0.9015384615384616, 0.8666666666666667, 0.751937984496124, 0.9352226720647774, 0.967967967967968, 0.8303287380699894, 0.8666666666666667, 0.8358974358974359, 0.9015384615384616, 0.9054187192118226, 1.0, 0.8666666666666667, 0.9352226720647774]
 mean: 0.8830885020630893, std: 0.069287232985776
Accuracy Intime: [1.0, 1.0, 1.0, 1.0, 1.0, 1.0, 1.0, 1.0, 0.9166666666666666, 0.9166666666666666, 1.0, 1.0, 0.9166666666666666, 1.0, 0.9166666666666666]
 mean: 0.9777777777777776, std: 0.03685138655950446
F1 (Intime): [1.0, 1.0, 1.0, 1.0, 1.0, 1.0, 1.0, 1.0, 0.916083916083916, 0.916083916083916, 1.0, 1.0, 0.8991596638655461, 1.0, 0.916083916083916]
 mean: 0.9764940941411531, std: 0.03916340694872249
--------------------------------------------------
Subject Number: 9
Accuracy Cross: [0.90625, 0.90625, 0.84375, 0.8125, 0.96875, 0.875, 0.78125, 0.6875, 0.4375, 0.53125, 0.90625, 0.90625, 0.75, 0.8125, 0.90625]
 mean: 0.8020833333333334, std: 0.14418713727498564
F1 Score: [0.9015384615384616, 0.9015384615384616, 0.8303287380699894, 0.7922077922077921, 0.967967967967968, 0.8666666666666667, 0.7624602332979851, 0.6862745098039216, 0.4, 0.4909862142099682, 0.9015384615384616, 0.9015384615384616, 0.746031746031746, 0.7922077922077921, 0.9039039039039038]
 mean: 0.789679294034772, std: 0.1542470461895043
Accuracy Intime: [1.0, 1.0, 0.9166666666666666, 0.8333333333333334, 0.6666666666666666, 1.0, 1.0, 1.0, 1.0, 1.0, 1.0, 1.0, 1.0, 0.8333333333333334, 1.0]
 mean: 0.95, std: 0.09525793444156803
F1 (Intime): [1.0, 1.0, 0.8991596638655461, 0.8285714285714285, 0.6666666666666666, 1.0, 1.0, 1.0, 1.0, 1.0, 1.0, 1.0, 1.0, 0.8285714285714285, 1.0]
 mean: 0.9481979458450047, std: 0.09654139094597246
--------------------------------------------------
Subject Number: 10
Accuracy Cross: [0.875, 0.78125, 0.90625, 0.6875, 0.78125, 0.71875, 0.78125, 0.71875, 0.78125, 0.6875, 0.6666666666666666, 0.696969696969697, 0.7575757575757576, 0.696969696969697, 0.7272727272727273]
 mean: 0.7509469696969696, std: 0.06675341578165507
F1 Score: [0.8666666666666667, 0.7793103448275862, 0.906158357771261, 0.6135265700483092, 0.751937984496124, 0.716256157635468, 0.7702564102564102, 0.694591728525981, 0.751937984496124, 0.6536796536796536, 0.6458536585365854, 0.6898496240601504, 0.7272727272727273, 0.6590909090909091, 0.6996966632962589]
 mean: 0.7284056960440142, std: 0.07753108607918774
Accuracy Intime: [0.7857142857142857, 1.0, 0.9166666666666666, 0.8333333333333334, 0.8333333333333334, 0.9285714285714286, 1.0, 0.8333333333333334, 0.9166666666666666, 0.75, 0.9285714285714286, 1.0, 0.9166666666666666, 0.6666666666666666, 0.9166666666666666]
 mean: 0.8817460317460316, std: 0.09348249607445452
F1 (Intime): [0.7846153846153847, 1.0, 0.9111111111111111, 0.8333333333333334, 0.8285714285714285, 0.9282051282051282, 1.0, 0.8125, 0.916083916083916, 0.7333333333333334, 0.9282051282051282, 1.0, 0.8991596638655461, 0.625, 0.916083916083916]
 mean: 0.8744134895605484, std: 0.102088747646757
--------------------------------------------------
Subject Number: 11
Accuracy Cross: [0.42424242424242425, 0.36363636363636365, 0.48484848484848486, 0.45454545454545453, 0.45454545454545453, 0.5454545454545454, 0.5757575757575758, 0.6060606060606061, 0.5454545454545454, 0.6363636363636364, 0.696969696969697, 0.6060606060606061, 0.6363636363636364, 0.5757575757575758, 0.5454545454545454]
 mean: 0.5434343434343436, std: 0.0881512090071573
F1 Score: [0.3660262891809909, 0.3418803418803419, 0.45268292682926825, 0.4288461538461539, 0.44172932330827064, 0.4057623049219688, 0.5557692307692308, 0.4849939975990396, 0.35294117647058826, 0.5416666666666666, 0.6826923076923077, 0.4849939975990396, 0.5416666666666666, 0.4652777777777778, 0.35294117647058826]
 mean: 0.4599913558452599, std: 0.09069578977375382
Accuracy Intime: [0.8571428571428571, 1.0, 0.8571428571428571, 0.9166666666666666, 0.6666666666666666, 0.7142857142857143, 0.5714285714285714, 0.6428571428571429, 0.5833333333333334, 0.5, 0.6428571428571429, 0.7857142857142857, 0.5714285714285714, 0.6666666666666666, 0.5833333333333334]
 mean: 0.703968253968254, std: 0.14205240712273257
F1 (Intime): [0.8571428571428571, 1.0, 0.8444444444444444, 0.916083916083916, 0.625, 0.7142857142857143, 0.36363636363636365, 0.5238095238095237, 0.5804195804195804, 0.3333333333333333, 0.641025641025641, 0.7754010695187166, 0.36363636363636365, 0.625, 0.5555555555555556]
 mean: 0.6479182908594673, std: 0.19817708238825488
--------------------------------------------------
Subject Number: 12
Accuracy Cross: [0.75, 0.90625, 0.84375, 0.875, 0.875, 0.7575757575757576, 0.7575757575757576, 0.8787878787878788, 0.6666666666666666, 0.7878787878787878, 0.875, 0.65625, 0.75, 0.75, 0.78125]
 mean: 0.7940656565656565, std: 0.07562952140337326
F1 Score: [0.722943722943723, 0.9015384615384616, 0.8358974358974359, 0.8666666666666667, 0.8666666666666667, 0.7461538461538462, 0.7461538461538462, 0.8730769230769231, 0.593505039193729, 0.7664307381193125, 0.8704453441295547, 0.5594493116395495, 0.746031746031746, 0.7090909090909091, 0.7757757757757757]
 mean: 0.7719884288718765, std: 0.09803151464167022
Accuracy Intime: [1.0, 0.9285714285714286, 1.0, 0.6666666666666666, 0.75, 1.0, 0.8571428571428571, 0.9166666666666666, 0.5833333333333334, 0.9166666666666666, 1.0, 0.7857142857142857, 1.0, 0.75, 0.6666666666666666]
 mean: 0.8547619047619047, std: 0.1389818283145782
F1 (Intime): [1.0, 0.9282051282051282, 1.0, 0.6571428571428571, 0.7333333333333334, 1.0, 0.8444444444444444, 0.8991596638655461, 0.4957983193277311, 0.916083916083916, 1.0, 0.7543859649122806, 1.0, 0.7333333333333334, 0.625]
 mean: 0.8391257973765713, std: 0.15775485467883354
--------------------------------------------------
Subject Number: 13
Accuracy Cross: [0.71875, 0.90625, 0.96875, 0.8125, 0.96875, 0.696969696969697, 0.8787878787878788, 0.8484848484848485, 0.6363636363636364, 0.8787878787878788, 0.78125, 0.75, 0.75, 0.96875, 0.75]
 mean: 0.820959595959596, std: 0.10227300006198811
F1 Score: [0.6631578947368422, 0.9054187192118226, 0.967967967967968, 0.8125, 0.967967967967968, 0.6413043478260869, 0.8759398496240601, 0.847926267281106, 0.6278195488721805, 0.8786764705882353, 0.7793103448275862, 0.7408906882591093, 0.7490196078431373, 0.9684729064039409, 0.75]
 mean: 0.8117581720940027, std: 0.11279363495257794
Accuracy Intime: [1.0, 0.7857142857142857, 1.0, 0.9166666666666666, 1.0, 0.9285714285714286, 0.9285714285714286, 1.0, 0.9166666666666666, 1.0, 0.9285714285714286, 1.0, 1.0, 1.0, 1.0]
 mean: 0.9603174603174603, std: 0.0585905676993389
F1 (Intime): [1.0, 0.7846153846153847, 1.0, 0.916083916083916, 1.0, 0.9282051282051282, 0.9282051282051282, 1.0, 0.916083916083916, 1.0, 0.9251336898395721, 1.0, 1.0, 1.0, 1.0]
 mean: 0.9598884775355364, std: 0.05902220426069334
--------------------------------------------------
Subject Number: 14
Accuracy Cross: [0.65625, 0.90625, 0.71875, 0.84375, 0.90625, 0.75, 0.8125, 0.875, 0.96875, 0.875, 0.9375, 0.9375, 0.84375, 0.75, 0.875]
 mean: 0.84375, std: 0.08690272339422588
F1 Score: [0.6476476476476476, 0.9039039039039038, 0.7117117117117118, 0.8435972629521017, 0.9054187192118226, 0.7090909090909091, 0.7922077922077921, 0.8666666666666667, 0.967967967967968, 0.873015873015873, 0.9365079365079365, 0.9372549019607843, 0.8398398398398399, 0.746031746031746, 0.8704453441295547]
 mean: 0.8367538815230838, std: 0.09230494075368496
Accuracy Intime: [1.0, 1.0, 0.8333333333333334, 1.0, 1.0, 0.8571428571428571, 0.9285714285714286, 1.0, 1.0, 1.0, 1.0, 0.9285714285714286, 0.75, 1.0, 1.0]
 mean: 0.9531746031746031, std: 0.07659449756472879
F1 (Intime): [1.0, 1.0, 0.8285714285714285, 1.0, 1.0, 0.8571428571428571, 0.9282051282051282, 1.0, 1.0, 1.0, 1.0, 0.9251336898395721, 0.7482517482517483, 1.0, 1.0]
 mean: 0.952486990134049, std: 0.07748990344593207
--------------------------------------------------
Subject Number: 15
Accuracy Cross: [0.8125, 0.84375, 0.8125, 0.875, 0.71875, 0.96875, 0.75, 0.875, 0.84375, 0.96875, 0.46875, 0.5, 0.4375, 0.625, 0.625]
 mean: 0.7416666666666667, std: 0.16788616348254817
F1 Score: [0.8, 0.8303287380699894, 0.8117647058823529, 0.8666666666666667, 0.718475073313783, 0.9684729064039409, 0.7090909090909091, 0.8745098039215686, 0.8423645320197044, 0.967967967967968, 0.4231177094379639, 0.4458874458874459, 0.30434782608695654, 0.625, 0.536231884057971]
 mean: 0.7149484112538147, std: 0.19818431685010016
Accuracy Intime: [0.7857142857142857, 1.0, 0.9166666666666666, 1.0, 0.75, 0.9285714285714286, 0.7857142857142857, 1.0, 0.75, 0.8333333333333334, 0.9285714285714286, 1.0, 1.0, 1.0, 1.0]
 mean: 0.9119047619047619, std: 0.09843829672199146
F1 (Intime): [0.7543859649122806, 1.0, 0.9111111111111111, 1.0, 0.7482517482517483, 0.9251336898395721, 0.7846153846153847, 1.0, 0.7482517482517483, 0.8333333333333334, 0.9282051282051282, 1.0, 1.0, 1.0, 1.0]
 mean: 0.9088858739013539, std: 0.10177847579621496
--------------------------------------------------
Subject Number: 16
Accuracy Cross: [0.46875, 0.625, 0.5, 0.71875, 0.5625, 0.625, 0.71875, 0.625, 0.71875, 0.71875, 0.5, 0.5, 0.5625, 0.59375, 0.46875]
 mean: 0.59375, std: 0.09128709291752768
F1 Score: [0.4231177094379639, 0.6235294117647059, 0.4666666666666667, 0.718475073313783, 0.5625, 0.6190476190476191, 0.716256157635468, 0.6, 0.681063122923588, 0.716256157635468, 0.4666666666666667, 0.4181818181818182, 0.36, 0.5901477832512315, 0.4682306940371457]
 mean: 0.5620092587041416, std: 0.11641098962895638
Accuracy Intime: [0.7142857142857143, 0.6428571428571429, 0.8333333333333334, 0.8333333333333334, 0.6666666666666666, 0.7857142857142857, 0.8571428571428571, 0.9166666666666666, 0.9166666666666666, 0.8333333333333334, 0.9285714285714286, 0.7142857142857143, 0.9166666666666666, 0.75, 0.75]
 mean: 0.8039682539682539, std: 0.09168641991525127
F1 (Intime): [0.6888888888888889, 0.625668449197861, 0.7777777777777777, 0.8285714285714285, 0.6571428571428571, 0.7754010695187166, 0.8444444444444444, 0.8991596638655461, 0.916083916083916, 0.8285714285714285, 0.9282051282051282, 0.7083333333333333, 0.8991596638655461, 0.7333333333333334, 0.7333333333333334]
 mean: 0.7896049810755694, std: 0.09419849852471181
--------------------------------------------------
Subject Number: 17
Accuracy Cross: [0.6060606060606061, 0.6363636363636364, 0.6666666666666666, 0.7878787878787878, 0.45454545454545453, 0.5757575757575758, 0.45454545454545453, 0.6666666666666666, 0.696969696969697, 0.5151515151515151, 0.71875, 0.65625, 0.59375, 0.5625, 0.71875]
 mean: 0.6207070707070707, std: 0.09360600528865323
F1 Score: [0.5925925925925926, 0.5416666666666666, 0.6158730158730159, 0.7806267806267806, 0.4540441176470588, 0.5227272727272727, 0.4288461538461539, 0.593505039193729, 0.6413043478260869, 0.45454545454545453, 0.7046153846153846, 0.6476476476476476, 0.5901477832512315, 0.5465587044534412, 0.694591728525981]
 mean: 0.5872861793358999, std: 0.09609003323158696
Accuracy Intime: [1.0, 1.0, 1.0, 0.5833333333333334, 0.8333333333333334, 1.0, 1.0, 0.8333333333333334, 0.6666666666666666, 0.8333333333333334, 0.9285714285714286, 1.0, 0.8571428571428571, 0.9166666666666666, 0.8333333333333334]
 mean: 0.8857142857142858, std: 0.12446408170297475
F1 (Intime): [1.0, 1.0, 1.0, 0.4957983193277311, 0.8285714285714285, 1.0, 1.0, 0.7777777777777777, 0.625, 0.8285714285714285, 0.9282051282051282, 1.0, 0.8571428571428571, 0.916083916083916, 0.8333333333333334]
 mean: 0.8726989459342402, std: 0.1461281490909809
--------------------------------------------------
Subject Number: 18
Accuracy Cross: [0.6666666666666666, 0.7272727272727273, 0.6666666666666666, 0.7575757575757576, 0.9090909090909091, 0.8125, 0.9375, 0.75, 0.75, 0.78125, 0.875, 0.90625, 0.875, 0.90625, 0.875]
 mean: 0.8130681818181817, std: 0.08788286954993321
F1 Score: [0.6458536585365854, 0.717948717948718, 0.6654377880184332, 0.7272727272727273, 0.905982905982906, 0.7922077922077921, 0.9372549019607843, 0.7090909090909091, 0.722943722943723, 0.751937984496124, 0.8666666666666667, 0.9054187192118226, 0.8666666666666667, 0.9015384615384616, 0.8666666666666667]
 mean: 0.7988592192805991, std: 0.09496343986787352
Accuracy Intime: [1.0, 1.0, 1.0, 1.0, 1.0, 1.0, 1.0, 1.0, 0.9166666666666666, 0.9166666666666666, 1.0, 1.0, 1.0, 0.8333333333333334, 0.9166666666666666]
 mean: 0.9722222222222221, std: 0.04969039949999533
F1 (Intime): [1.0, 1.0, 1.0, 1.0, 1.0, 1.0, 1.0, 1.0, 0.916083916083916, 0.916083916083916, 1.0, 1.0, 1.0, 0.8285714285714285, 0.916083916083916]
 mean: 0.971788211788212, std: 0.05071154215092305
--------------------------------------------------
Subject Number: 19
Accuracy Cross: [0.625, 0.90625, 0.65625, 0.5625, 0.75, 0.5625, 0.71875, 0.78125, 0.71875, 0.65625, 0.4375, 0.46875, 0.8125, 0.46875, 0.5625]
 mean: 0.6458333333333334, std: 0.13241873818392255
F1 Score: [0.5, 0.9015384615384616, 0.6101882613510521, 0.5607843137254902, 0.7090909090909091, 0.36, 0.6631578947368422, 0.7793103448275862, 0.7117117117117118, 0.5594493116395495, 0.30434782608695654, 0.39756367663344405, 0.7922077922077921, 0.39756367663344405, 0.5465587044534412]
 mean: 0.5862315256424454, std: 0.1690483771747723
Accuracy Intime: [0.9285714285714286, 0.7142857142857143, 0.9166666666666666, 0.75, 0.75, 1.0, 0.9285714285714286, 0.9166666666666666, 0.5833333333333334, 0.6666666666666666, 1.0, 0.8571428571428571, 1.0, 0.9166666666666666, 1.0]
 mean: 0.861904761904762, std: 0.13082966833406756
F1 (Intime): [0.9282051282051282, 0.65, 0.8991596638655461, 0.7333333333333334, 0.7333333333333334, 1.0, 0.9251336898395721, 0.8991596638655461, 0.4957983193277311, 0.6666666666666666, 1.0, 0.8571428571428571, 1.0, 0.916083916083916, 1.0]
 mean: 0.8469344381109088, std: 0.1499252617765135
--------------------------------------------------
Subject Number: 20
Accuracy Cross: [0.75, 0.78125, 0.78125, 0.71875, 0.78125, 0.59375, 0.78125, 0.65625, 0.75, 0.84375, 0.7272727272727273, 0.5454545454545454, 0.6666666666666666, 0.6060606060606061, 0.8181818181818182]
 mean: 0.7200757575757575, std: 0.08489610180823656
F1 Score: [0.7490196078431373, 0.7757757757757757, 0.7757757757757757, 0.7117117117117118, 0.7624602332979851, 0.5733333333333333, 0.7810361681329423, 0.6267232237539766, 0.7090909090909091, 0.8303287380699894, 0.717948717948718, 0.543778801843318, 0.6329625884732053, 0.5662285136501517, 0.8035714285714286]
 mean: 0.7039830351514905, std: 0.0896584018795643
Accuracy Intime: [1.0, 0.9285714285714286, 0.9166666666666666, 0.5833333333333334, 0.75, 0.8571428571428571, 0.9285714285714286, 1.0, 0.6666666666666666, 0.6666666666666666, 1.0, 0.8571428571428571, 1.0, 0.6666666666666666, 0.75]
 mean: 0.8380952380952381, std: 0.14064423631764167
F1 (Intime): [1.0, 0.9251336898395721, 0.8991596638655461, 0.4957983193277311, 0.7333333333333334, 0.8444444444444444, 0.9251336898395721, 1.0, 0.6571428571428571, 0.625, 1.0, 0.8444444444444444, 1.0, 0.625, 0.7333333333333334]
 mean: 0.8205282517047223, std: 0.15955452877618417
--------------------------------------------------
Subject Number: 21
Accuracy Cross: [0.40625, 0.40625, 0.53125, 0.53125, 0.53125, 0.375, 0.5, 0.34375, 0.40625, 0.4375, 0.59375, 0.3125, 0.4375, 0.4375, 0.46875]
 mean: 0.4479166666666667, std: 0.07540400446189108
F1 Score: [0.3266888150609081, 0.4009852216748768, 0.3992490613266583, 0.3992490613266583, 0.530791788856305, 0.36507936507936506, 0.4666666666666667, 0.33793103448275863, 0.3266888150609081, 0.43529411764705883, 0.539313399778516, 0.30980392156862746, 0.34545454545454546, 0.37662337662337664, 0.4420512820512821]
 mean: 0.40012469817723406, std: 0.06901839500047087
Accuracy Intime: [0.7142857142857143, 0.8571428571428571, 0.8333333333333334, 0.6666666666666666, 0.5833333333333334, 0.6428571428571429, 0.7142857142857143, 0.75, 0.5, 0.6666666666666666, 0.6428571428571429, 0.6428571428571429, 0.8333333333333334, 0.5833333333333334, 0.6666666666666666]
 mean: 0.6865079365079366, std: 0.09687742552169606
F1 (Intime): [0.6888888888888889, 0.8571428571428571, 0.8125, 0.6571428571428571, 0.5804195804195804, 0.5906432748538011, 0.6888888888888889, 0.6210526315789473, 0.3333333333333333, 0.6666666666666666, 0.641025641025641, 0.5238095238095237, 0.7777777777777777, 0.5804195804195804, 0.6666666666666666]
 mean: 0.645758544574334, std: 0.12092129275785847
--------------------------------------------------
Subject Number: 22
Accuracy Cross: [0.875, 0.8125, 0.78125, 0.65625, 0.9375, 0.7272727272727273, 0.7575757575757576, 0.7272727272727273, 0.7575757575757576, 0.8484848484848485, 0.9375, 0.78125, 0.8125, 0.4375, 0.46875]
 mean: 0.7545454545454545, std: 0.13947214538696598
F1 Score: [0.8704453441295547, 0.8117647058823529, 0.751937984496124, 0.5594493116395495, 0.9352226720647774, 0.6857142857142857, 0.7272727272727273, 0.6857142857142857, 0.7461538461538462, 0.8484848484848485, 0.9352226720647774, 0.7810361681329423, 0.8, 0.34545454545454546, 0.36374269005847953]
 mean: 0.7231744058175399, std: 0.1726782828878327
Accuracy Intime: [1.0, 1.0, 0.9166666666666666, 0.9166666666666666, 0.75, 1.0, 1.0, 0.8333333333333334, 1.0, 0.75, 1.0, 1.0, 0.8333333333333334, 0.9166666666666666, 0.8333333333333334]
 mean: 0.9166666666666666, std: 0.09128709291752768
F1 (Intime): [1.0, 1.0, 0.8991596638655461, 0.916083916083916, 0.7482517482517483, 1.0, 1.0, 0.7777777777777777, 1.0, 0.7482517482517483, 1.0, 1.0, 0.7777777777777777, 0.916083916083916, 0.8285714285714285]
 mean: 0.9074638651109239, std: 0.10023841561849808
--------------------------------------------------
Subject Number: 23
Accuracy Cross: [0.7878787878787878, 0.9393939393939394, 0.9393939393939394, 0.7878787878787878, 0.7575757575757576, 0.625, 0.65625, 0.84375, 0.46875, 0.625, 0.8181818181818182, 0.9393939393939394, 0.9393939393939394, 0.8484848484848485, 0.8181818181818182]
 mean: 0.7863005050505051, std: 0.13504760343429875
F1 Score: [0.7664307381193125, 0.9379699248120301, 0.9379699248120301, 0.7664307381193125, 0.7272727272727273, 0.6, 0.6476476476476476, 0.8398398398398399, 0.36374269005847953, 0.6, 0.8035714285714286, 0.9379699248120301, 0.9379699248120301, 0.8390243902439025, 0.8096153846153846]
 mean: 0.7676970189157437, std: 0.15594456601237067
Accuracy Intime: [1.0, 1.0, 0.9166666666666666, 0.5833333333333334, 0.8333333333333334, 1.0, 1.0, 1.0, 1.0, 0.9166666666666666, 1.0, 1.0, 1.0, 0.75, 0.8333333333333334]
 mean: 0.9222222222222223, std: 0.11967032904743342
F1 (Intime): [1.0, 1.0, 0.8991596638655461, 0.4957983193277311, 0.8333333333333334, 1.0, 1.0, 1.0, 1.0, 0.916083916083916, 1.0, 1.0, 1.0, 0.7482517482517483, 0.8333333333333334]
 mean: 0.9150640209463741, std: 0.13714978358742141
--------------------------------------------------
Subject Number: 24
Accuracy Cross: [0.5625, 0.65625, 0.46875, 0.46875, 0.5, 0.71875, 0.6875, 0.5625, 0.65625, 0.5625, 0.65625, 0.5625, 0.53125, 0.59375, 0.65625]
 mean: 0.5895833333333333, std: 0.07643306803268393
F1 Score: [0.5607843137254902, 0.6101882613510521, 0.36374269005847953, 0.45545545545545546, 0.4666666666666667, 0.718475073313783, 0.6761133603238867, 0.5151515151515151, 0.6532019704433498, 0.5465587044534412, 0.6101882613510521, 0.5151515151515151, 0.5195195195195195, 0.5901477832512315, 0.6476476476476476]
 mean: 0.5632661825242724, std: 0.09119660160947908
Accuracy Intime: [0.6428571428571429, 0.7857142857142857, 0.9166666666666666, 0.8333333333333334, 0.8333333333333334, 0.5714285714285714, 0.5714285714285714, 0.75, 0.8333333333333334, 0.75, 0.7142857142857143, 0.7142857142857143, 0.8333333333333334, 0.5833333333333334, 0.75]
 mean: 0.7388888888888889, std: 0.10346114057446648
F1 (Intime): [0.625668449197861, 0.7754010695187166, 0.8991596638655461, 0.8285714285714285, 0.8285714285714285, 0.36363636363636365, 0.36363636363636365, 0.7333333333333334, 0.8285714285714285, 0.7482517482517483, 0.65, 0.7083333333333333, 0.8285714285714285, 0.5804195804195804, 0.7482517482517483]
 mean: 0.700691824515354, std: 0.15618532337349922
--------------------------------------------------
Subject Number: 25
Accuracy Cross: [0.5151515151515151, 0.45454545454545453, 0.696969696969697, 0.6666666666666666, 0.6666666666666666, 0.75, 0.75, 0.53125, 0.6875, 0.59375, 0.65625, 0.6875, 0.6875, 0.75, 0.78125]
 mean: 0.6583333333333333, std: 0.09196254111578585
F1 Score: [0.38888888888888884, 0.45, 0.6826923076923077, 0.6552706552706553, 0.6666666666666666, 0.7333333333333334, 0.722943722943723, 0.4684385382059801, 0.6862745098039216, 0.4340136054421769, 0.6267232237539766, 0.6536796536796536, 0.6135265700483092, 0.722943722943723, 0.7810361681329423]
 mean: 0.6190954377870839, std: 0.11910769889102665
Accuracy Intime: [0.8571428571428571, 0.8571428571428571, 1.0, 0.75, 0.6666666666666666, 0.9285714285714286, 0.7857142857142857, 0.75, 0.75, 0.6666666666666666, 0.9285714285714286, 0.8571428571428571, 0.8333333333333334, 0.75, 0.8333333333333334]
 mean: 0.8142857142857144, std: 0.09229582069908972
F1 (Intime): [0.8541666666666667, 0.8444444444444444, 1.0, 0.7333333333333334, 0.625, 0.9251336898395721, 0.7846153846153847, 0.6974789915966386, 0.7333333333333334, 0.625, 0.9251336898395721, 0.8541666666666667, 0.7777777777777777, 0.7333333333333334, 0.8285714285714285]
 mean: 0.7960992493345435, std: 0.10506275508982445
--------------------------------------------------
Subject Number: 26
Accuracy Cross: [0.9393939393939394, 0.9090909090909091, 0.9393939393939394, 0.6666666666666666, 0.9090909090909091, 0.59375, 0.8125, 0.90625, 0.4375, 0.84375, 0.9375, 0.90625, 0.96875, 0.90625, 0.96875]
 mean: 0.8429924242424243, std: 0.15021267827456142
F1 Score: [0.9388888888888889, 0.905982905982906, 0.9379699248120301, 0.593505039193729, 0.905982905982906, 0.5835835835835836, 0.8056680161943319, 0.906158357771261, 0.30434782608695654, 0.8423645320197044, 0.9352226720647774, 0.9015384615384616, 0.967967967967968, 0.9015384615384616, 0.967967967967968]
 mean: 0.8265791674395956, std: 0.18143306362717201
Accuracy Intime: [1.0, 1.0, 1.0, 1.0, 0.75, 1.0, 1.0, 1.0, 1.0, 0.75, 1.0, 1.0, 1.0, 1.0, 1.0]
 mean: 0.9666666666666667, std: 0.08498365855987974
F1 (Intime): [1.0, 1.0, 1.0, 1.0, 0.7482517482517483, 1.0, 1.0, 1.0, 1.0, 0.7333333333333334, 1.0, 1.0, 1.0, 1.0, 1.0]
 mean: 0.9654390054390054, std: 0.08815567979195886
--------------------------------------------------
Subject Number: 27
Accuracy Cross: [0.6060606060606061, 0.6363636363636364, 0.6666666666666666, 0.7878787878787878, 0.45454545454545453, 0.5757575757575758, 0.45454545454545453, 0.6666666666666666, 0.696969696969697, 0.5151515151515151, 0.71875, 0.65625, 0.59375, 0.5625, 0.71875]
 mean: 0.6207070707070707, std: 0.09360600528865323
F1 Score: [0.5925925925925926, 0.5416666666666666, 0.6158730158730159, 0.7806267806267806, 0.4540441176470588, 0.5227272727272727, 0.4288461538461539, 0.593505039193729, 0.6413043478260869, 0.45454545454545453, 0.7046153846153846, 0.6476476476476476, 0.5901477832512315, 0.5465587044534412, 0.694591728525981]
 mean: 0.5872861793358999, std: 0.09609003323158696
Accuracy Intime: [1.0, 1.0, 1.0, 0.5833333333333334, 0.8333333333333334, 1.0, 1.0, 0.8333333333333334, 0.6666666666666666, 0.8333333333333334, 0.9285714285714286, 1.0, 0.8571428571428571, 0.9166666666666666, 0.8333333333333334]
 mean: 0.8857142857142858, std: 0.12446408170297475
F1 (Intime): [1.0, 1.0, 1.0, 0.4957983193277311, 0.8285714285714285, 1.0, 1.0, 0.7777777777777777, 0.625, 0.8285714285714285, 0.9282051282051282, 1.0, 0.8571428571428571, 0.916083916083916, 0.8333333333333334]
 mean: 0.8726989459342402, std: 0.1461281490909809
--------------------------------------------------
Subject Number: 28
Accuracy Cross: [0.90625, 0.625, 0.53125, 0.46875, 0.375, 0.59375, 0.375, 0.59375, 0.53125, 0.5625, 0.4375, 0.34375, 0.3125, 0.40625, 0.59375]
 mean: 0.5104166666666666, std: 0.14508737788733458
F1 Score: [0.906158357771261, 0.6235294117647059, 0.530791788856305, 0.36374269005847953, 0.3073593073593074, 0.5733333333333333, 0.3522267206477733, 0.539313399778516, 0.5195195195195195, 0.5151515151515151, 0.34545454545454546, 0.343108504398827, 0.26666666666666666, 0.3266888150609081, 0.5134502923976608]
 mean: 0.46843299121462156, std: 0.1600903527407452
Accuracy Intime: [0.6428571428571429, 0.7857142857142857, 0.6666666666666666, 0.6666666666666666, 0.5, 0.8571428571428571, 0.7142857142857143, 0.6666666666666666, 0.75, 0.8333333333333334, 0.8571428571428571, 1.0, 1.0, 0.6666666666666666, 1.0]
 mean: 0.7738095238095237, std: 0.14450112266692955
F1 (Intime): [0.641025641025641, 0.7543859649122806, 0.4, 0.625, 0.3333333333333333, 0.8444444444444444, 0.7142857142857143, 0.4, 0.7333333333333334, 0.8333333333333334, 0.8571428571428571, 1.0, 1.0, 0.625, 1.0]
 mean: 0.7174189747873958, std: 0.21011583916244686
--------------------------------------------------
Subject Number: 29
Accuracy Cross: [0.8125, 0.9375, 0.90625, 0.8125, 0.8125, 0.9375, 0.90625, 1.0, 0.9375, 0.84375, 1.0, 1.0, 0.9696969696969697, 0.9090909090909091, 0.9393939393939394]
 mean: 0.9149621212121211, std: 0.06509680284341658
F1 Score: [0.7922077922077921, 0.9352226720647774, 0.9015384615384616, 0.7922077922077921, 0.7922077922077921, 0.9352226720647774, 0.9015384615384616, 1.0, 0.9352226720647774, 0.8303287380699894, 1.0, 1.0, 0.9692451071761417, 0.907735321528425, 0.9379699248120301]
 mean: 0.9087098271654145, std: 0.0723863373155822
Accuracy Intime: [1.0, 1.0, 1.0, 1.0, 1.0, 1.0, 1.0, 1.0, 1.0, 0.8333333333333334, 1.0, 1.0, 1.0, 1.0, 0.8333333333333334]
 mean: 0.9777777777777779, std: 0.05665577237325316
F1 (Intime): [1.0, 1.0, 1.0, 1.0, 1.0, 1.0, 1.0, 1.0, 1.0, 0.8285714285714285, 1.0, 1.0, 1.0, 1.0, 0.8333333333333334]
 mean: 0.9774603174603176, std: 0.057471716838211555
--------------------------------------------------
**************************************************
accuracy_cross_list: [0.9154671717171717, 0.719760101010101, 0.5904040404040404, 0.7939393939393941, 0.6270833333333333, 0.7086489898989897, 0.6583333333333333, 0.8895833333333333, 0.8020833333333334, 0.7509469696969696, 0.5434343434343436, 0.7940656565656565, 0.820959595959596, 0.84375, 0.7416666666666667, 0.59375, 0.6207070707070707, 0.8130681818181817, 0.6458333333333334, 0.7200757575757575, 0.4479166666666667, 0.7545454545454545, 0.7863005050505051, 0.5895833333333333, 0.6583333333333333, 0.8429924242424243, 0.6207070707070707, 0.5104166666666666, 0.9149621212121211]
f1_score_list: [0.9135396811919444, 0.6948544352411495, 0.5535544114067636, 0.7735852409395351, 0.5992790437804717, 0.6588044517709208, 0.6201339006122889, 0.8830885020630893, 0.789679294034772, 0.7284056960440142, 0.4599913558452599, 0.7719884288718765, 0.8117581720940027, 0.8367538815230838, 0.7149484112538147, 0.5620092587041416, 0.5872861793358999, 0.7988592192805991, 0.5862315256424454, 0.7039830351514905, 0.40012469817723406, 0.7231744058175399, 0.7676970189157437, 0.5632661825242724, 0.6190954377870839, 0.8265791674395956, 0.5872861793358999, 0.46843299121462156, 0.9087098271654145]
accuracy_intime_list: [0.9777777777777777, 0.8150793650793651, 0.6841269841269839, 0.9468253968253969, 0.8349206349206348, 0.8793650793650793, 0.7603174603174604, 0.9777777777777776, 0.95, 0.8817460317460316, 0.703968253968254, 0.8547619047619047, 0.9603174603174603, 0.9531746031746031, 0.9119047619047619, 0.8039682539682539, 0.8857142857142858, 0.9722222222222221, 0.861904761904762, 0.8380952380952381, 0.6865079365079366, 0.9166666666666666, 0.9222222222222223, 0.7388888888888889, 0.8142857142857144, 0.9666666666666667, 0.8857142857142858, 0.7738095238095237, 0.9777777777777779]
f1_score_intime_list: [0.9773826173826173, 0.8015657653892949, 0.64754970004196, 0.9450758827229416, 0.8200060451531039, 0.8652420781832547, 0.7124136195188827, 0.9764940941411531, 0.9481979458450047, 0.8744134895605484, 0.6479182908594673, 0.8391257973765713, 0.9598884775355364, 0.952486990134049, 0.9088858739013539, 0.7896049810755694, 0.8726989459342402, 0.971788211788212, 0.8469344381109088, 0.8205282517047223, 0.645758544574334, 0.9074638651109239, 0.9150640209463741, 0.700691824515354, 0.7960992493345435, 0.9654390054390054, 0.8726989459342402, 0.7174189747873958, 0.9774603174603176]
**************************************************
ACC: 71.45±12.01
F1: 68.67±13.43
Intime: 86.68±9.03
F1 (Intime): 85.09±10.57
