1e-03
Subject Number: 1
Accuracy Cross: [0.2761904761904762, 0.3047619047619048, 0.2714285714285714, 0.3047619047619048, 0.23809523809523808, 0.2714285714285714, 0.2714285714285714, 0.2571428571428571, 0.30952380952380953, 0.32857142857142857, 0.29523809523809524, 0.2904761904761905, 0.3238095238095238, 0.30952380952380953, 0.30952380952380953]
 mean: 0.29079365079365077, std: 0.024802571409047132
F1 Score: [0.19708656334342015, 0.24327046198334834, 0.19550947171899502, 0.24331409168081491, 0.1578751662141082, 0.26859787809444563, 0.26112660337418897, 0.25976725046387966, 0.31227335024239544, 0.32865671807599944, 0.2891967488719526, 0.297272856130404, 0.2975132220084277, 0.3054118189974047, 0.3182300230135887]
 mean: 0.26500681494755823, std: 0.04854709474482697
Accuracy Intime: [0.4166666666666667, 0.42857142857142855, 0.42857142857142855, 0.40476190476190477, 0.40476190476190477, 0.35714285714285715, 0.34523809523809523, 0.35714285714285715, 0.38095238095238093, 0.30952380952380953, 0.40476190476190477, 0.4166666666666667, 0.4166666666666667, 0.2976190476190476, 0.4166666666666667]
 mean: 0.3857142857142858, std: 0.04119345800749518
F1 (Intime): [0.36202343804174464, 0.3718949343339587, 0.4091170483152432, 0.38198381212950294, 0.3757832674571805, 0.3317887848585523, 0.28258553352393784, 0.32426809249618666, 0.38095238095238093, 0.2872178228275789, 0.3214436954455103, 0.38886006096239684, 0.3917094017094017, 0.284726696323567, 0.3697036297036297]
 mean: 0.3509372399387181, std: 0.040780355626287484
--------------------------------------------------
Subject Number: 2
Accuracy Cross: [0.34285714285714286, 0.3476190476190476, 0.38095238095238093, 0.32857142857142857, 0.3619047619047619, 0.3142857142857143, 0.3952380952380952, 0.35714285714285715, 0.36666666666666664, 0.3952380952380952, 0.37142857142857144, 0.30952380952380953, 0.3333333333333333, 0.3238095238095238, 0.2761904761904762]
 mean: 0.34698412698412695, std: 0.032337350039991976
F1 Score: [0.32032233727277426, 0.3178463724341694, 0.3333269826149083, 0.2747546993542806, 0.3220445068445068, 0.3087726017636056, 0.4135352476767369, 0.3491839075055118, 0.3708611614010486, 0.4053824319835734, 0.3675450481902095, 0.30569113222277783, 0.2758047599838645, 0.3259742811762002, 0.2896278505136472]
 mean: 0.33204488806252097, std: 0.04085563751572924
Accuracy Intime: [0.5, 0.4166666666666667, 0.38095238095238093, 0.40476190476190477, 0.4166666666666667, 0.4523809523809524, 0.42857142857142855, 0.40476190476190477, 0.47619047619047616, 0.44047619047619047, 0.38095238095238093, 0.4166666666666667, 0.40476190476190477, 0.4880952380952381, 0.38095238095238093]
 mean: 0.4261904761904763, std: 0.036936750089587606
F1 (Intime): [0.46056347482694643, 0.3725937571200729, 0.3698139619484157, 0.3602490559086303, 0.3369211514392991, 0.41586693592165547, 0.3758615240968182, 0.39418611728115516, 0.4448335893497184, 0.42263113792525553, 0.3421329350741115, 0.3602565801095213, 0.371017871017871, 0.4974024756189047, 0.33299870022450667]
 mean: 0.3904886178575255, std: 0.04666710423415851
--------------------------------------------------
Subject Number: 3
Accuracy Cross: [0.2714285714285714, 0.2761904761904762, 0.2714285714285714, 0.22380952380952382, 0.21904761904761905, 0.22380952380952382, 0.3, 0.2857142857142857, 0.24285714285714285, 0.2571428571428571, 0.24761904761904763, 0.2523809523809524, 0.2619047619047619, 0.24285714285714285, 0.24285714285714285]
 mean: 0.2546031746031746, std: 0.02272891723132539
F1 Score: [0.2395079622420299, 0.21843898815848325, 0.20994103506929473, 0.1568965492415243, 0.1119298245614035, 0.19522494245658087, 0.3098989898989899, 0.293123415845946, 0.23758398964999589, 0.25156728576083415, 0.22090522603776877, 0.2502993023710191, 0.26367904396073405, 0.22482687052461356, 0.22750028875462602]
 mean: 0.22742158096892287, std: 0.04731020013953148
Accuracy Intime: [0.2976190476190476, 0.44047619047619047, 0.3333333333333333, 0.35714285714285715, 0.3333333333333333, 0.34523809523809523, 0.34523809523809523, 0.32142857142857145, 0.40476190476190477, 0.35714285714285715, 0.36904761904761907, 0.32142857142857145, 0.38095238095238093, 0.3333333333333333, 0.32142857142857145]
 mean: 0.35079365079365077, std: 0.03527954090617916
F1 (Intime): [0.2134532134532135, 0.4381153449464644, 0.3261161016659255, 0.3129877369007804, 0.2545469955080939, 0.3144444444444444, 0.3335307781649245, 0.31911303511303507, 0.40010455078924717, 0.35024892077305153, 0.3386770092652446, 0.3116621887963351, 0.3281442229760524, 0.2495600703887378, 0.24088631116616926]
 mean: 0.31543939495678136, std: 0.056929223134518064
--------------------------------------------------
Subject Number: 4
Accuracy Cross: [0.2761904761904762, 0.3476190476190476, 0.2761904761904762, 0.319047619047619, 0.319047619047619, 0.2571428571428571, 0.26666666666666666, 0.22857142857142856, 0.36666666666666664, 0.2714285714285714, 0.3333333333333333, 0.3476190476190476, 0.30952380952380953, 0.319047619047619, 0.37142857142857144]
 mean: 0.3073015873015873, std: 0.04128937266765488
F1 Score: [0.25465223755284605, 0.31620995778992605, 0.2743044034133143, 0.3021738360191365, 0.30071574284548575, 0.2516039159597602, 0.20454251630722217, 0.201334312368778, 0.34678647204138646, 0.22044067821416288, 0.32077228623239595, 0.34246604667295333, 0.2718857265665776, 0.29448617476458416, 0.3587324744221296]
 mean: 0.2840737854113773, std: 0.048575082812225945
Accuracy Intime: [0.44047619047619047, 0.35714285714285715, 0.38095238095238093, 0.44047619047619047, 0.39285714285714285, 0.39285714285714285, 0.36904761904761907, 0.36904761904761907, 0.44047619047619047, 0.36904761904761907, 0.32142857142857145, 0.3333333333333333, 0.36904761904761907, 0.34523809523809523, 0.38095238095238093]
 mean: 0.3801587301587302, std: 0.03570546628318092
F1 (Intime): [0.40963324979114457, 0.2916167890080933, 0.3615668202764977, 0.38413229282794503, 0.3253031206519578, 0.37400715226802184, 0.3386567944250871, 0.3478380746237889, 0.4232014652014652, 0.3433491239942853, 0.2821034585569469, 0.3279695762454383, 0.3500454235748353, 0.31500643500643505, 0.37752380952380954]
 mean: 0.35013023906505014, std: 0.03835185860489612
--------------------------------------------------
Subject Number: 5
Accuracy Cross: [0.29523809523809524, 0.38095238095238093, 0.36666666666666664, 0.38095238095238093, 0.3904761904761905, 0.38095238095238093, 0.30952380952380953, 0.36666666666666664, 0.32857142857142857, 0.3, 0.3380952380952381, 0.319047619047619, 0.3142857142857143, 0.2904761904761905, 0.3142857142857143]
 mean: 0.3384126984126984, std: 0.03449086185534239
F1 Score: [0.2451035631035631, 0.307634001627316, 0.30925567743377835, 0.29568283788685873, 0.32815913908904026, 0.3693695062122531, 0.30383948594100396, 0.37758330918574323, 0.3222782276624113, 0.29668630758359277, 0.3363089687467797, 0.32485546711353164, 0.26813956728850347, 0.30305187379989934, 0.3283003856628365]
 mean: 0.31441655455580736, std: 0.03262552368848195
Accuracy Intime: [0.44047619047619047, 0.5, 0.4642857142857143, 0.42857142857142855, 0.47619047619047616, 0.5119047619047619, 0.39285714285714285, 0.40476190476190477, 0.39285714285714285, 0.39285714285714285, 0.4642857142857143, 0.4523809523809524, 0.39285714285714285, 0.36904761904761907, 0.40476190476190477]
 mean: 0.4325396825396826, std: 0.04251776265390118
F1 (Intime): [0.40992063492063496, 0.461139197842939, 0.44709501850806194, 0.4190127077223852, 0.45382580382580384, 0.49661512652599243, 0.333772696306389, 0.4018389726337581, 0.3880366692131398, 0.34055806938159877, 0.4383819740456569, 0.41516038658895804, 0.3579121447028424, 0.29487565066512433, 0.35751021106953307]
 mean: 0.4010436842635212, std: 0.0535587022427841
--------------------------------------------------
Subject Number: 6
Accuracy Cross: [0.23333333333333334, 0.2619047619047619, 0.29523809523809524, 0.2904761904761905, 0.28095238095238095, 0.23333333333333334, 0.24761904761904763, 0.2857142857142857, 0.22380952380952382, 0.2523809523809524, 0.3, 0.2619047619047619, 0.3380952380952381, 0.2619047619047619, 0.23333333333333334]
 mean: 0.26666666666666666, std: 0.030515847214470898
F1 Score: [0.22911260420002355, 0.25361754399429637, 0.29612530203448106, 0.28222720618742325, 0.28216083948397613, 0.20802354095971115, 0.2419693939024837, 0.2773041419392811, 0.21224642710247954, 0.23007033120427084, 0.2847120740013994, 0.25178304523702694, 0.3229881646352234, 0.24460831582614614, 0.22777369111321022]
 mean: 0.2563148414547622, std: 0.03215035504719806
Accuracy Intime: [0.36904761904761907, 0.40476190476190477, 0.2857142857142857, 0.38095238095238093, 0.2857142857142857, 0.30952380952380953, 0.3333333333333333, 0.2857142857142857, 0.2857142857142857, 0.3333333333333333, 0.25, 0.34523809523809523, 0.27380952380952384, 0.2976190476190476, 0.30952380952380953]
 mean: 0.31666666666666665, std: 0.042100911777380456
F1 (Intime): [0.37874477956557306, 0.36855593870135833, 0.2509760992519613, 0.3642858555033658, 0.20007223942208457, 0.2709258984539756, 0.23462450592885378, 0.2586491453522917, 0.24096945603922348, 0.2740579710144927, 0.21722818244557374, 0.31355751391465675, 0.2243087036539131, 0.2691637297234216, 0.25159827326155926]
 mean: 0.274514552815487, std: 0.05460409567107628
--------------------------------------------------
Subject Number: 7
Accuracy Cross: [0.24285714285714285, 0.2714285714285714, 0.21904761904761905, 0.23809523809523808, 0.24761904761904763, 0.23333333333333334, 0.2619047619047619, 0.2619047619047619, 0.23333333333333334, 0.20952380952380953, 0.2571428571428571, 0.23809523809523808, 0.19523809523809524, 0.22380952380952382, 0.24761904761904763]
 mean: 0.23873015873015874, std: 0.020118069228895058
F1 Score: [0.2082256532429254, 0.24431943581331783, 0.17118236309256502, 0.23890781818800394, 0.18618863708412747, 0.2236898885094995, 0.2392175634482377, 0.2537225076290139, 0.21711422435831884, 0.19084423306471854, 0.22817586433602327, 0.22145529204327036, 0.19587128529466244, 0.21568514976436023, 0.24164362845665988]
 mean: 0.2184162362883803, std: 0.02322795326363288
Accuracy Intime: [0.32142857142857145, 0.2976190476190476, 0.23809523809523808, 0.34523809523809523, 0.32142857142857145, 0.2857142857142857, 0.25, 0.30952380952380953, 0.25, 0.2619047619047619, 0.2976190476190476, 0.23809523809523808, 0.2976190476190476, 0.30952380952380953, 0.30952380952380953]
 mean: 0.28888888888888886, std: 0.03237472707043038
F1 (Intime): [0.262914979757085, 0.2714672861014324, 0.14600414078674948, 0.31037483819438705, 0.3138766090568747, 0.27616391024622394, 0.22765303394814218, 0.26475862068965517, 0.24111832611832612, 0.2578087765184539, 0.3003508771929825, 0.1791745134965474, 0.25532073171824726, 0.30420550345742164, 0.3126548822363012]
 mean: 0.261589801967922, std: 0.04700250061720678
--------------------------------------------------
Subject Number: 8
Accuracy Cross: [0.3476190476190476, 0.3761904761904762, 0.35714285714285715, 0.3761904761904762, 0.3619047619047619, 0.3761904761904762, 0.2571428571428571, 0.2619047619047619, 0.3952380952380952, 0.35714285714285715, 0.28095238095238095, 0.2761904761904762, 0.3238095238095238, 0.32857142857142857, 0.2619047619047619]
 mean: 0.32920634920634917, std: 0.04716823644789398
F1 Score: [0.3293905194404732, 0.3372957266161202, 0.30685517977579074, 0.3607114573190523, 0.34072808923685605, 0.37519395050680593, 0.26626660637960076, 0.27981255931994714, 0.4062260874658281, 0.37413789541106224, 0.2712300665544383, 0.28656394152295794, 0.32646953345976065, 0.3214719358533792, 0.27586692683081915]
 mean: 0.3238813650461928, std: 0.04149214213557923
Accuracy Intime: [0.38095238095238093, 0.39285714285714285, 0.44047619047619047, 0.36904761904761907, 0.42857142857142855, 0.42857142857142855, 0.39285714285714285, 0.39285714285714285, 0.36904761904761907, 0.39285714285714285, 0.47619047619047616, 0.42857142857142855, 0.39285714285714285, 0.4166666666666667, 0.44047619047619047]
 mean: 0.4095238095238096, std: 0.02941865554420735
F1 (Intime): [0.3638094421263439, 0.3536579683131407, 0.42811692126909523, 0.3284848484848485, 0.40078044625352627, 0.39263930948723574, 0.3762996680891418, 0.3906247792833911, 0.34628571428571425, 0.336857928162276, 0.4464111833168437, 0.43181401780312845, 0.4060933944055541, 0.3873015873015873, 0.4472126978622568]
 mean: 0.38909266042960566, std: 0.03719126279027383
--------------------------------------------------
Subject Number: 9
Accuracy Cross: [0.3333333333333333, 0.3476190476190476, 0.36666666666666664, 0.38571428571428573, 0.3523809523809524, 0.2619047619047619, 0.3380952380952381, 0.2619047619047619, 0.30952380952380953, 0.40476190476190477, 0.22380952380952382, 0.26666666666666666, 0.24761904761904763, 0.3047619047619048, 0.34285714285714286]
 mean: 0.31650793650793646, std: 0.05213119871599579
F1 Score: [0.31634444383657656, 0.30221590470382176, 0.3503044815441205, 0.3646505992519044, 0.31740318282266583, 0.2567816127364989, 0.3057028414623351, 0.24562059681396678, 0.294668419647948, 0.35816138542418985, 0.20821739859775742, 0.2573569017764446, 0.24185158898175457, 0.3133821070234114, 0.35495533538779567]
 mean: 0.2991744533340795, std: 0.04645174579202189
Accuracy Intime: [0.39285714285714285, 0.40476190476190477, 0.40476190476190477, 0.39285714285714285, 0.35714285714285715, 0.4166666666666667, 0.36904761904761907, 0.3333333333333333, 0.4880952380952381, 0.44047619047619047, 0.40476190476190477, 0.4642857142857143, 0.4880952380952381, 0.38095238095238093, 0.38095238095238093]
 mean: 0.40793650793650804, std: 0.043787664203599114
F1 (Intime): [0.37772211235625874, 0.39730134932533734, 0.345733235527844, 0.37224728487886377, 0.3131426353717376, 0.40121241830065363, 0.31547534845017683, 0.3315130379139338, 0.47185314685314683, 0.42198837260906225, 0.38566188217366726, 0.44537815126050423, 0.4962767951003245, 0.35151515151515156, 0.34061310561840785]
 mean: 0.38450893515033796, std: 0.05357708746361185
--------------------------------------------------
Subject Number: 10
Accuracy Cross: [0.30952380952380953, 0.3142857142857143, 0.2714285714285714, 0.2857142857142857, 0.319047619047619, 0.2714285714285714, 0.2619047619047619, 0.2571428571428571, 0.30952380952380953, 0.26666666666666666, 0.30952380952380953, 0.22380952380952382, 0.3047619047619048, 0.2904761904761905, 0.2523809523809524]
 mean: 0.28317460317460313, std: 0.02709779978777562
F1 Score: [0.2943073741028391, 0.315880394307956, 0.2677567123216454, 0.2709812688585932, 0.309463652878287, 0.2535707905101723, 0.25230137372273687, 0.25493466914181484, 0.29867850281166886, 0.25871521642430056, 0.29516225902889126, 0.22506579712897415, 0.293562128343242, 0.29146056066743375, 0.255207279350643]
 mean: 0.2758031986399466, std: 0.025034350786218455
Accuracy Intime: [0.4166666666666667, 0.34523809523809523, 0.3333333333333333, 0.27380952380952384, 0.32142857142857145, 0.38095238095238093, 0.35714285714285715, 0.35714285714285715, 0.2976190476190476, 0.39285714285714285, 0.39285714285714285, 0.2976190476190476, 0.44047619047619047, 0.34523809523809523, 0.2261904761904762]
 mean: 0.3452380952380952, std: 0.05464099834304287
F1 (Intime): [0.38269882322513904, 0.29824352505229734, 0.29354515050167224, 0.28086961686961687, 0.29847745750184773, 0.35553574771145124, 0.296724294722976, 0.3068888888888889, 0.25983538842823484, 0.36977313201703443, 0.36922388071986206, 0.2321266968325792, 0.42799337916984975, 0.30087295533519787, 0.17028689370485034]
 mean: 0.30953972204543323, std: 0.062245867990306916
--------------------------------------------------
Subject Number: 11
Accuracy Cross: [0.21904761904761905, 0.28095238095238095, 0.2571428571428571, 0.2761904761904762, 0.2904761904761905, 0.2619047619047619, 0.29523809523809524, 0.23809523809523808, 0.28095238095238095, 0.3, 0.2761904761904762, 0.2857142857142857, 0.3476190476190476, 0.26666666666666666, 0.34285714285714286]
 mean: 0.2812698412698412, std: 0.03245866802189526
F1 Score: [0.21491552726492133, 0.28367440180952885, 0.23954276529177224, 0.2275542782575309, 0.23852660146777796, 0.2512743906339966, 0.2916771267096184, 0.2424996474770686, 0.25901115306077044, 0.26800022004155244, 0.29100770332663217, 0.2806790024655532, 0.33584668840213683, 0.28020191806844996, 0.3400103199174407]
 mean: 0.26962811627965, std: 0.035154246611286175
Accuracy Intime: [0.38095238095238093, 0.38095238095238093, 0.30952380952380953, 0.3333333333333333, 0.36904761904761907, 0.40476190476190477, 0.35714285714285715, 0.38095238095238093, 0.34523809523809523, 0.3333333333333333, 0.2857142857142857, 0.39285714285714285, 0.3333333333333333, 0.3333333333333333, 0.34523809523809523]
 mean: 0.3523809523809523, std: 0.031586902765289526
F1 (Intime): [0.3844930954838076, 0.34201465201465203, 0.30708651276602594, 0.3041469560463071, 0.3517335517335517, 0.33281501107588063, 0.35029357116313636, 0.3822862824976284, 0.32879542000884837, 0.32482416504304334, 0.22554545454545458, 0.3914981164879745, 0.3326043680630147, 0.3235449097518063, 0.3388814616755793]
 mean: 0.3347042352237807, std: 0.03868643823595619
--------------------------------------------------
Subject Number: 12
Accuracy Cross: [0.3333333333333333, 0.319047619047619, 0.3380952380952381, 0.34285714285714286, 0.3142857142857143, 0.30952380952380953, 0.29523809523809524, 0.3142857142857143, 0.3142857142857143, 0.2904761904761905, 0.2, 0.3047619047619048, 0.21904761904761905, 0.2857142857142857, 0.3142857142857143]
 mean: 0.2996825396825396, std: 0.03878216648654083
F1 Score: [0.3235022507612869, 0.29509055915048943, 0.32260764028947564, 0.3374204762882135, 0.31801711154707407, 0.24469889605022271, 0.23458774498905582, 0.266636946001331, 0.23917387136961582, 0.22241489763401878, 0.19195775680832652, 0.3176475919995166, 0.20163834921217308, 0.2970119274727961, 0.3307619935673578]
 mean: 0.27621120087606355, std: 0.048379065235045884
Accuracy Intime: [0.27380952380952384, 0.27380952380952384, 0.30952380952380953, 0.35714285714285715, 0.4166666666666667, 0.4166666666666667, 0.44047619047619047, 0.34523809523809523, 0.38095238095238093, 0.39285714285714285, 0.3333333333333333, 0.39285714285714285, 0.35714285714285715, 0.35714285714285715, 0.4166666666666667]
 mean: 0.36428571428571427, std: 0.04952533575181808
F1 (Intime): [0.2810735302205357, 0.216996996996997, 0.2786548608710031, 0.33861432772723093, 0.3837975977510862, 0.3849049309068942, 0.41687484395088414, 0.3196016316270823, 0.3126851851851852, 0.33859233449477355, 0.32168582375478927, 0.38396132396132393, 0.3385669932984511, 0.3053492979584805, 0.4029668054512775]
 mean: 0.33495509894373293, std: 0.051916340882563285
--------------------------------------------------
Subject Number: 13
Accuracy Cross: [0.2571428571428571, 0.2571428571428571, 0.28095238095238095, 0.2714285714285714, 0.2904761904761905, 0.2761904761904762, 0.22857142857142856, 0.23333333333333334, 0.2857142857142857, 0.319047619047619, 0.2761904761904762, 0.2571428571428571, 0.2714285714285714, 0.20952380952380953, 0.2571428571428571]
 mean: 0.2647619047619047, std: 0.026128353452129844
F1 Score: [0.23060551131121043, 0.24889233623928778, 0.2610340128508838, 0.25618708328932166, 0.2647359043810855, 0.2609775037866092, 0.23031568907707878, 0.23456062474332554, 0.2635909964022464, 0.31392450239634795, 0.2575650665124349, 0.2523538159346925, 0.24739096939520885, 0.1784334023464458, 0.23762170196952806]
 mean: 0.24921260804238046, std: 0.027211807123131107
Accuracy Intime: [0.38095238095238093, 0.36904761904761907, 0.3333333333333333, 0.40476190476190477, 0.2976190476190476, 0.38095238095238093, 0.38095238095238093, 0.32142857142857145, 0.35714285714285715, 0.30952380952380953, 0.2976190476190476, 0.34523809523809523, 0.2976190476190476, 0.2976190476190476, 0.2976190476190476]
 mean: 0.338095238095238, std: 0.03708990935094578
F1 (Intime): [0.33145850149060035, 0.3157330324880234, 0.25697569248162805, 0.3855989314687109, 0.2553498370432009, 0.34196617336152224, 0.3406746031746032, 0.2778384588193708, 0.33829409300377045, 0.305025641025641, 0.262373378034395, 0.3284757411073201, 0.2826791826791827, 0.2285054883197298, 0.24067112158069323]
 mean: 0.29944132507189275, std: 0.043939976364879535
--------------------------------------------------
Subject Number: 14
Accuracy Cross: [0.4095238095238095, 0.2857142857142857, 0.3142857142857143, 0.3476190476190476, 0.28095238095238095, 0.37142857142857144, 0.32857142857142857, 0.3238095238095238, 0.34285714285714286, 0.36666666666666664, 0.2904761904761905, 0.32857142857142857, 0.29523809523809524, 0.34285714285714286, 0.3142857142857143]
 mean: 0.32952380952380955, std: 0.03434738721234028
F1 Score: [0.40902674258980093, 0.3060613442523633, 0.33146815767620075, 0.3536656247345262, 0.2712503840245776, 0.34549203313084087, 0.31648774030661053, 0.2874082861928441, 0.3136196710998379, 0.3389239119089866, 0.27923251266584026, 0.29248503763688405, 0.28168535791901694, 0.32632108687332567, 0.3149338866466601]
 mean: 0.317870785177221, std: 0.034418385453831676
Accuracy Intime: [0.4166666666666667, 0.4166666666666667, 0.4523809523809524, 0.4523809523809524, 0.42857142857142855, 0.42857142857142855, 0.44047619047619047, 0.32142857142857145, 0.35714285714285715, 0.36904761904761907, 0.39285714285714285, 0.4642857142857143, 0.40476190476190477, 0.40476190476190477, 0.44047619047619047]
 mean: 0.41269841269841284, std: 0.03806215494692634
F1 (Intime): [0.3539866962305987, 0.3945655320289466, 0.4069301388266906, 0.41189154431465, 0.42915173237753884, 0.4077712609970675, 0.3975669820375703, 0.25567765567765566, 0.30686953201238915, 0.2829977486088101, 0.3286361590397599, 0.4540532426216414, 0.40262977988130116, 0.3921146953405018, 0.4027424483306836]
 mean: 0.37517234322172033, std: 0.05494788820467446
--------------------------------------------------
**************************************************
accuracy_cross_list: [0.29079365079365077, 0.34698412698412695, 0.2546031746031746, 0.3073015873015873, 0.3384126984126984, 0.26666666666666666, 0.23873015873015874, 0.32920634920634917, 0.31650793650793646, 0.28317460317460313, 0.2812698412698412, 0.2996825396825396, 0.2647619047619047, 0.32952380952380955]
f1_score_list: [0.26500681494755823, 0.33204488806252097, 0.22742158096892287, 0.2840737854113773, 0.31441655455580736, 0.2563148414547622, 0.2184162362883803, 0.3238813650461928, 0.2991744533340795, 0.2758031986399466, 0.26962811627965, 0.27621120087606355, 0.24921260804238046, 0.317870785177221]
accuracy_intime_list: [0.3857142857142858, 0.4261904761904763, 0.35079365079365077, 0.3801587301587302, 0.4325396825396826, 0.31666666666666665, 0.28888888888888886, 0.4095238095238096, 0.40793650793650804, 0.3452380952380952, 0.3523809523809523, 0.36428571428571427, 0.338095238095238, 0.41269841269841284]
f1_score_intime_list: [0.3509372399387181, 0.3904886178575255, 0.31543939495678136, 0.35013023906505014, 0.4010436842635212, 0.274514552815487, 0.261589801967922, 0.38909266042960566, 0.38450893515033796, 0.30953972204543323, 0.3347042352237807, 0.33495509894373293, 0.29944132507189275, 0.37517234322172033]
**************************************************
ACC: 29.63±3.21
F1: 27.92±3.39
Intime: 37.22±4.14
F1 (Intime): 34.08±4.29
