1e-03
Subject Number: 1
Accuracy Cross: [0.47058823529411764, 0.45588235294117646, 0.5294117647058824, 0.4411764705882353, 0.6176470588235294, 0.5507246376811594, 0.4492753623188406, 0.5797101449275363, 0.42028985507246375, 0.4927536231884058, 0.6323529411764706, 0.6029411764705882, 0.45588235294117646, 0.6029411764705882, 0.6176470588235294]
 mean: 0.52794828076158, std: 0.07378576407645508
F1 Score: [0.47807215098486444, 0.47308266058266063, 0.562984496124031, 0.4596096096096096, 0.6407975099835564, 0.4990881458966565, 0.4132867132867133, 0.5626768346595933, 0.37978056426332285, 0.44108521118566496, 0.5657051282051282, 0.5647996605443414, 0.3868186874304783, 0.5372023809523809, 0.5745454545454546]
 mean: 0.5026356805502971, std: 0.07490564212353663
Accuracy Intime: [0.6785714285714286, 0.6785714285714286, 0.6785714285714286, 0.46153846153846156, 0.6923076923076923, 0.6428571428571429, 0.75, 0.7142857142857143, 0.6153846153846154, 0.6538461538461539, 0.6071428571428571, 0.8214285714285714, 0.6071428571428571, 0.5, 0.6153846153846154]
 mean: 0.6478021978021978, std: 0.086348270565485
F1 (Intime): [0.6212068160597572, 0.6644522144522145, 0.6503267973856208, 0.49148110661268557, 0.7146464646464646, 0.6381944444444444, 0.7564102564102564, 0.6308823529411764, 0.5779534475186648, 0.636523199023199, 0.5661838161838162, 0.8236263736263736, 0.612987012987013, 0.5270833333333333, 0.6057692307692308]
 mean: 0.6345151244262834, std: 0.08146783931338074
--------------------------------------------------
Subject Number: 2
Accuracy Cross: [0.34782608695652173, 0.391304347826087, 0.4057971014492754, 0.43478260869565216, 0.3333333333333333, 0.4852941176470588, 0.36764705882352944, 0.39705882352941174, 0.39705882352941174, 0.5147058823529411, 0.5797101449275363, 0.42028985507246375, 0.42028985507246375, 0.43478260869565216, 0.4492753623188406]
 mean: 0.42527706734867865, std: 0.061727996824456004
F1 Score: [0.358695652173913, 0.3750977736230612, 0.39214221014492756, 0.4048221343873518, 0.29177445752600184, 0.4907568821246665, 0.3468933027756557, 0.3801658401322455, 0.37601851851851853, 0.5124358361230671, 0.5421876120151982, 0.3791304347826087, 0.39512928827444954, 0.4248447150316436, 0.4285670242939944]
 mean: 0.40657744546182023, std: 0.06337842112170994
Accuracy Intime: [0.75, 0.7857142857142857, 0.75, 0.6538461538461539, 0.5769230769230769, 0.6785714285714286, 0.7142857142857143, 0.6071428571428571, 0.6071428571428571, 0.46153846153846156, 0.6071428571428571, 0.75, 0.7142857142857143, 0.5, 0.5384615384615384]
 mean: 0.6463369963369963, std: 0.09613273795870673
F1 (Intime): [0.6357399910031489, 0.7791424262012497, 0.7461038961038962, 0.5375816993464052, 0.5540501165501166, 0.6944816053511706, 0.709851551956815, 0.5995614035087719, 0.6228632478632479, 0.37767495662232503, 0.6218781218781219, 0.7541666666666667, 0.7036713286713286, 0.385940146809712, 0.5043578643578643]
 mean: 0.6151376681927228, std: 0.12060795565909076
--------------------------------------------------
Subject Number: 3
Accuracy Cross: [0.39705882352941174, 0.4264705882352941, 0.35294117647058826, 0.4411764705882353, 0.4117647058823529, 0.37681159420289856, 0.2753623188405797, 0.4492753623188406, 0.42028985507246375, 0.34782608695652173, 0.34782608695652173, 0.3188405797101449, 0.3333333333333333, 0.3333333333333333, 0.3188405797101449]
 mean: 0.3700767263427109, std: 0.0501634464840102
F1 Score: [0.3423929320155735, 0.38866632860040573, 0.34365079365079365, 0.4424242424242424, 0.4040750915750916, 0.3657092147203709, 0.18157140342495032, 0.4193132102339263, 0.40749890206411943, 0.3306425883103646, 0.34170478170478175, 0.27704119341750005, 0.32025612503921735, 0.32856643356643356, 0.2980666722192146]
 mean: 0.34610532753113243, std: 0.06291008620818386
Accuracy Intime: [0.5714285714285714, 0.4642857142857143, 0.6071428571428571, 0.4642857142857143, 0.5384615384615384, 0.5714285714285714, 0.6071428571428571, 0.5714285714285714, 0.5, 0.5, 0.6071428571428571, 0.6428571428571429, 0.6071428571428571, 0.6153846153846154, 0.5384615384615384]
 mean: 0.5604395604395603, std: 0.05517351769740684
F1 (Intime): [0.5460317460317461, 0.3760302197802198, 0.6071428571428571, 0.46249999999999997, 0.5351731601731602, 0.5269455690508322, 0.5503342245989304, 0.5201465201465202, 0.37996031746031744, 0.5102564102564102, 0.5952380952380952, 0.6095238095238096, 0.5596400503521246, 0.5428571428571429, 0.5047619047619047]
 mean: 0.5217694684916047, std: 0.06790389279402585
--------------------------------------------------
Subject Number: 4
Accuracy Cross: [0.5652173913043478, 0.5942028985507246, 0.4057971014492754, 0.4927536231884058, 0.5942028985507246, 0.6086956521739131, 0.4782608695652174, 0.5942028985507246, 0.5797101449275363, 0.5072463768115942, 0.5942028985507246, 0.391304347826087, 0.4927536231884058, 0.4492753623188406, 0.43478260869565216]
 mean: 0.518840579710145, std: 0.07336635944567972
F1 Score: [0.5686813186813187, 0.6110105179070696, 0.3672184332670266, 0.4818840579710144, 0.578421052631579, 0.6038011695906433, 0.468947345963475, 0.5686178846233566, 0.5749267347324636, 0.5289206917113893, 0.5619617224880382, 0.3775062656641604, 0.5017857142857143, 0.44050339021176776, 0.41516211870305036]
 mean: 0.5099565612288044, std: 0.07837717054209127
Accuracy Intime: [0.7857142857142857, 0.75, 0.6428571428571429, 0.6071428571428571, 0.6923076923076923, 0.6785714285714286, 0.6428571428571429, 0.6428571428571429, 0.42857142857142855, 0.5769230769230769, 0.6785714285714286, 0.7857142857142857, 0.75, 0.6785714285714286, 0.5]
 mean: 0.656043956043956, std: 0.09639791107482686
F1 (Intime): [0.7306547619047619, 0.750801282051282, 0.6369047619047619, 0.570788770053476, 0.6848484848484848, 0.6678571428571429, 0.6428571428571428, 0.643840579710145, 0.4125, 0.5236928104575164, 0.688301282051282, 0.7875631313131313, 0.6885408708938121, 0.7029914529914529, 0.49523809523809526]
 mean: 0.6418253712754992, std: 0.09822660118385468
--------------------------------------------------
Subject Number: 5
Accuracy Cross: [0.5294117647058824, 0.4264705882352941, 0.45588235294117646, 0.5441176470588235, 0.5294117647058824, 0.5735294117647058, 0.6764705882352942, 0.4411764705882353, 0.6323529411764706, 0.5588235294117647, 0.5441176470588235, 0.5147058823529411, 0.5441176470588235, 0.35294117647058826, 0.36764705882352944]
 mean: 0.5127450980392155, std: 0.08673008060626067
F1 Score: [0.4965078453884424, 0.39387324780232835, 0.42952380952380953, 0.49776773835498755, 0.48682280883367834, 0.5204948646125117, 0.6702892466899258, 0.4384920634920635, 0.6461038961038961, 0.5539911477411478, 0.5090768926520568, 0.46520982318944964, 0.5240550397877984, 0.33089878671775225, 0.3770545800125273]
 mean: 0.4893441193934917, std: 0.0886049864270765
Accuracy Intime: [0.8214285714285714, 0.8571428571428571, 0.7857142857142857, 0.7692307692307693, 0.6538461538461539, 0.8214285714285714, 0.7857142857142857, 0.7142857142857143, 0.7692307692307693, 0.5, 0.7857142857142857, 0.7142857142857143, 0.6785714285714286, 0.7692307692307693, 0.6153846153846154]
 mean: 0.7360805860805861, std: 0.08990118479351632
F1 (Intime): [0.830952380952381, 0.8397598273759265, 0.7814054366685945, 0.7954545454545454, 0.6286616161616162, 0.79375, 0.7758928571428572, 0.6865887380593263, 0.6145667198298777, 0.4928571428571429, 0.7793803418803418, 0.7281746031746031, 0.6696969696969697, 0.7449014693596737, 0.6083333333333333]
 mean: 0.7180250654631458, std: 0.09522019049898511
--------------------------------------------------
Subject Number: 6
Accuracy Cross: [0.29411764705882354, 0.35294117647058826, 0.4411764705882353, 0.5, 0.4264705882352941, 0.4927536231884058, 0.4492753623188406, 0.5797101449275363, 0.42028985507246375, 0.4492753623188406, 0.5652173913043478, 0.5507246376811594, 0.5362318840579711, 0.4927536231884058, 0.5507246376811594]
 mean: 0.4734441602728048, std: 0.0778772028551472
F1 Score: [0.2883156686607549, 0.28109391124870997, 0.4485056925996205, 0.5062709467951403, 0.4456664131169709, 0.43889790764790765, 0.4360569985569986, 0.5523878205128205, 0.35, 0.448992673992674, 0.575290261031949, 0.5553303303303303, 0.5379983388704319, 0.5002678772840063, 0.5424302143052143]
 mean: 0.46050033699690196, std: 0.09041115341526879
Accuracy Intime: [0.8928571428571429, 0.7142857142857143, 0.6785714285714286, 0.6428571428571429, 0.6153846153846154, 0.7857142857142857, 0.8214285714285714, 0.6428571428571429, 0.5769230769230769, 0.5769230769230769, 0.7857142857142857, 0.6785714285714286, 0.7142857142857143, 0.6538461538461539, 0.46153846153846156]
 mean: 0.6827838827838826, std: 0.10535450620971491
F1 (Intime): [0.8911764705882352, 0.698076923076923, 0.6557486631016043, 0.588095238095238, 0.569327731092437, 0.73125, 0.8270387700534759, 0.6242424242424243, 0.4294685990338164, 0.5863636363636364, 0.7991071428571428, 0.6587301587301587, 0.7181372549019609, 0.6133040935672515, 0.44348739495798317]
 mean: 0.6555703000441524, std: 0.12453182517519532
--------------------------------------------------
Subject Number: 7
Accuracy Cross: [0.6470588235294118, 0.7058823529411765, 0.5441176470588235, 0.6911764705882353, 0.6617647058823529, 0.4411764705882353, 0.4852941176470588, 0.36764705882352944, 0.4852941176470588, 0.47058823529411764, 0.5735294117647058, 0.4852941176470588, 0.5735294117647058, 0.6470588235294118, 0.6617647058823529]
 mean: 0.5627450980392157, std: 0.10024000418526478
F1 Score: [0.64, 0.7006718883707219, 0.4980237154150198, 0.6678056426332288, 0.6052631578947368, 0.3764102564102564, 0.4268593644354293, 0.364414996767938, 0.48062865497076024, 0.4418147641831852, 0.5777972027972027, 0.4330989043925989, 0.5512125902992776, 0.6424272319858058, 0.6585090176421445]
 mean: 0.5376624925465537, std: 0.10929006826944257
Accuracy Intime: [0.75, 0.8928571428571429, 0.7142857142857143, 0.6923076923076923, 0.5769230769230769, 0.6785714285714286, 0.75, 0.8928571428571429, 0.7692307692307693, 0.6538461538461539, 0.75, 0.8571428571428571, 0.8214285714285714, 0.7692307692307693, 0.7307692307692307]
 mean: 0.7532967032967033, std: 0.08455827957455225
F1 (Intime): [0.729895104895105, 0.8813374125874127, 0.6765873015873015, 0.6495540691192866, 0.514935064935065, 0.6607142857142857, 0.7474358974358976, 0.8863247863247863, 0.7383040935672514, 0.5980733082706766, 0.7449229691876751, 0.8559523809523809, 0.8208791208791208, 0.6395833333333334, 0.7261072261072261]
 mean: 0.7247070903264538, std: 0.102505869488179
--------------------------------------------------
Subject Number: 8
Accuracy Cross: [0.38235294117647056, 0.27941176470588236, 0.36764705882352944, 0.35294117647058826, 0.25, 0.4411764705882353, 0.47058823529411764, 0.3235294117647059, 0.4411764705882353, 0.47058823529411764, 0.3235294117647059, 0.36764705882352944, 0.4117647058823529, 0.4117647058823529, 0.38235294117647056]
 mean: 0.3784313725490197, std: 0.0634155357992009
F1 Score: [0.38226744186046513, 0.29722744360902253, 0.38031888666159763, 0.31967741935483873, 0.2629517168990853, 0.4642798854849981, 0.47377873563218387, 0.28759358288770054, 0.4376717032967033, 0.46543910062512606, 0.3575772337920675, 0.40623424369747896, 0.398905784612125, 0.37706413210445466, 0.4120771670190275]
 mean: 0.38153763183579165, std: 0.06419167075133683
Accuracy Intime: [0.6071428571428571, 0.4642857142857143, 0.5, 0.5, 0.46153846153846156, 0.6428571428571429, 0.6428571428571429, 0.5357142857142857, 0.4230769230769231, 0.4230769230769231, 0.5714285714285714, 0.5714285714285714, 0.5714285714285714, 0.5769230769230769, 0.5]
 mean: 0.5327838827838828, std: 0.06988661574266733
F1 (Intime): [0.6197552447552448, 0.4524617539323421, 0.48831168831168836, 0.5138888888888888, 0.42817982456140347, 0.5742857142857143, 0.617453560371517, 0.5204248366013072, 0.4617071524966262, 0.40422077922077926, 0.5886890886890888, 0.5656751336898396, 0.5353896103896104, 0.5944444444444444, 0.43497474747474746]
 mean: 0.5199908312075494, std: 0.0697828436997876
--------------------------------------------------
Subject Number: 9
Accuracy Cross: [0.5735294117647058, 0.5441176470588235, 0.6323529411764706, 0.47058823529411764, 0.6323529411764706, 0.4117647058823529, 0.45588235294117646, 0.4117647058823529, 0.36764705882352944, 0.4117647058823529, 0.47058823529411764, 0.39705882352941174, 0.38235294117647056, 0.4264705882352941, 0.47058823529411764]
 mean: 0.4705882352941177, std: 0.08353493491819917
F1 Score: [0.5801796808687935, 0.5587581699346406, 0.625197628458498, 0.43001443001443, 0.6487630336415503, 0.34436674436674436, 0.4303663570691434, 0.4066845625770111, 0.40685915256188265, 0.399537037037037, 0.4883843329253366, 0.4121158976846583, 0.40249363838073515, 0.456390977443609, 0.4551515151515152]
 mean: 0.4696842105410391, std: 0.08817557358389827
Accuracy Intime: [0.6785714285714286, 0.6071428571428571, 0.7142857142857143, 0.46153846153846156, 0.46153846153846156, 0.6071428571428571, 0.7142857142857143, 0.6785714285714286, 0.5384615384615384, 0.5, 0.5714285714285714, 0.6428571428571429, 0.6428571428571429, 0.5384615384615384, 0.6923076923076923]
 mean: 0.6032967032967033, std: 0.08459159553323789
F1 (Intime): [0.6952380952380952, 0.5651515151515152, 0.6962297570850202, 0.47649572649572647, 0.37745098039215685, 0.6034798534798534, 0.7058823529411764, 0.678030303030303, 0.5276375798114928, 0.4883449883449884, 0.5179545454545454, 0.6203282828282829, 0.6069900687547747, 0.5074786324786325, 0.683974358974359]
 mean: 0.5833778026973948, std: 0.09591743420661328
--------------------------------------------------
Subject Number: 10
Accuracy Cross: [0.45588235294117646, 0.4411764705882353, 0.4117647058823529, 0.36764705882352944, 0.35294117647058826, 0.35294117647058826, 0.3382352941176471, 0.5, 0.4264705882352941, 0.36764705882352944, 0.43478260869565216, 0.4057971014492754, 0.30434782608695654, 0.36231884057971014, 0.3333333333333333]
 mean: 0.3903523728331912, std: 0.052189237642906165
F1 Score: [0.4657318376068377, 0.45210084033613446, 0.41723337049424003, 0.39459298871063575, 0.3215327079107505, 0.3180570953436807, 0.2908438026362554, 0.5195739934338377, 0.37450549450549453, 0.3247131874410977, 0.42626811594202896, 0.4253812636165577, 0.32848630028508075, 0.36168768405950313, 0.30081836494879977]
 mean: 0.381435136484729, std: 0.06600388439736267
Accuracy Intime: [0.5, 0.6428571428571429, 0.5, 0.34615384615384615, 0.4230769230769231, 0.6428571428571429, 0.5357142857142857, 0.6428571428571429, 0.5769230769230769, 0.5384615384615384, 0.5357142857142857, 0.6785714285714286, 0.6428571428571429, 0.5, 0.46153846153846156]
 mean: 0.5445054945054946, std: 0.09122203002027089
F1 (Intime): [0.41209641751437415, 0.638663967611336, 0.44952380952380955, 0.27344877344877344, 0.410064935064935, 0.650305576776165, 0.4926900584795322, 0.5606060606060606, 0.5499999999999999, 0.5396825396825397, 0.5314022578728461, 0.5965909090909091, 0.6236471861471862, 0.512747668997669, 0.4484162895927602]
 mean: 0.5126590966939264, std: 0.09843220318250882
--------------------------------------------------
Subject Number: 11
Accuracy Cross: [0.42028985507246375, 0.463768115942029, 0.463768115942029, 0.391304347826087, 0.34782608695652173, 0.5072463768115942, 0.5217391304347826, 0.36231884057971014, 0.42028985507246375, 0.463768115942029, 0.34782608695652173, 0.4057971014492754, 0.4927536231884058, 0.37681159420289856, 0.391304347826087]
 mean: 0.4251207729468599, std: 0.05541886144811589
F1 Score: [0.4246114996114996, 0.4144461859979101, 0.4279554631217035, 0.35411255411255405, 0.3332086894586894, 0.5012443009118541, 0.44602134146341466, 0.3089160192378838, 0.35659636062861866, 0.37916666666666665, 0.30913051538746755, 0.29743982048143613, 0.4629720853858785, 0.3316532258064516, 0.3317077659182922]
 mean: 0.3786121662793548, std: 0.06129713808245556
Accuracy Intime: [0.4642857142857143, 0.7142857142857143, 0.6785714285714286, 0.75, 0.6153846153846154, 0.6071428571428571, 0.5714285714285714, 0.7857142857142857, 0.5, 0.6923076923076923, 0.5357142857142857, 0.5357142857142857, 0.5357142857142857, 0.5, 0.6153846153846154]
 mean: 0.6067765567765568, std: 0.09529372846777637
F1 (Intime): [0.3465608465608465, 0.7103896103896103, 0.6724213286713286, 0.7590277777777779, 0.6201194638694639, 0.5151515151515151, 0.553030303030303, 0.775, 0.5095884507649213, 0.6735576923076924, 0.44886363636363635, 0.48901098901098905, 0.46867132867132866, 0.47748538011695907, 0.5952380952380952]
 mean: 0.5742744278616313, std: 0.12068845823962196
--------------------------------------------------
Subject Number: 12
Accuracy Cross: [0.5294117647058824, 0.6029411764705882, 0.5441176470588235, 0.47058823529411764, 0.5441176470588235, 0.5507246376811594, 0.42028985507246375, 0.5507246376811594, 0.5507246376811594, 0.5507246376811594, 0.4117647058823529, 0.5147058823529411, 0.4264705882352941, 0.4852941176470588, 0.5294117647058824]
 mean: 0.5121341290139244, std: 0.054861309337008245
F1 Score: [0.5097117091860573, 0.5848515519568152, 0.49910572337042924, 0.4551049108975938, 0.5181537212787213, 0.5436153544849197, 0.4008242999096657, 0.5326007326007326, 0.5714869281045751, 0.561019019801182, 0.4091014867485455, 0.5276473465394962, 0.43611830707037375, 0.46708112407211033, 0.5439942002442002]
 mean: 0.5040277610843612, std: 0.05607033851434211
Accuracy Intime: [0.6428571428571429, 0.75, 0.5357142857142857, 0.5, 0.5384615384615384, 0.6785714285714286, 0.5714285714285714, 0.6071428571428571, 0.5384615384615384, 0.46153846153846156, 0.6785714285714286, 0.75, 0.6785714285714286, 0.5384615384615384, 0.6538461538461539]
 mean: 0.6082417582417583, std: 0.08670647681925917
F1 (Intime): [0.6371275783040489, 0.6572463768115941, 0.5354707792207791, 0.4111111111111111, 0.49789915966386555, 0.6830495356037152, 0.5616421568627451, 0.5646008403361344, 0.4803571428571428, 0.39285714285714285, 0.6720467032967034, 0.7075163398692811, 0.6569816053511706, 0.40217391304347827, 0.6110576923076924]
 mean: 0.5647425384997737, std: 0.104043562686386
--------------------------------------------------
Subject Number: 13
Accuracy Cross: [0.38235294117647056, 0.47058823529411764, 0.45588235294117646, 0.4264705882352941, 0.5441176470588235, 0.30434782608695654, 0.42028985507246375, 0.34782608695652173, 0.463768115942029, 0.4782608695652174, 0.4117647058823529, 0.38235294117647056, 0.45588235294117646, 0.38235294117647056, 0.35294117647058826]
 mean: 0.4186132423984086, std: 0.05958950544748774
F1 Score: [0.40634505268785437, 0.4625447227191413, 0.4667232277526395, 0.40525132275132275, 0.510050818746471, 0.2984099234099234, 0.4422492401215805, 0.3267753751624719, 0.4420539138281074, 0.48646141778605745, 0.41472149869765573, 0.3539712320200125, 0.43943850267379675, 0.3742762304083059, 0.349480021893815]
 mean: 0.4119168333772771, std: 0.05900786872057374
Accuracy Intime: [0.5714285714285714, 0.5714285714285714, 0.6071428571428571, 0.46153846153846156, 0.5769230769230769, 0.5357142857142857, 0.6428571428571429, 0.6428571428571429, 0.5, 0.5384615384615384, 0.6785714285714286, 0.6785714285714286, 0.5357142857142857, 0.6153846153846154, 0.5769230769230769]
 mean: 0.5822344322344323, std: 0.060825165742584515
F1 (Intime): [0.5665584415584416, 0.5656252931794727, 0.5968614718614719, 0.43127705627705626, 0.513663967611336, 0.5368601986249044, 0.6363636363636364, 0.6405653170359052, 0.4355921855921856, 0.5416666666666666, 0.6621933621933621, 0.6720467032967034, 0.5534188034188035, 0.5736208236208236, 0.5723443223443223]
 mean: 0.5665772166430062, std: 0.06906584394162762
--------------------------------------------------
Subject Number: 14
Accuracy Cross: [0.5294117647058824, 0.4411764705882353, 0.38235294117647056, 0.4264705882352941, 0.47058823529411764, 0.35294117647058826, 0.5294117647058824, 0.4852941176470588, 0.6029411764705882, 0.6029411764705882, 0.4264705882352941, 0.5588235294117647, 0.4117647058823529, 0.4411764705882353, 0.6029411764705882]
 mean: 0.484313725490196, std: 0.07973186514253906
F1 Score: [0.5044058109073589, 0.44366110080395793, 0.3256373256373256, 0.3986607142857143, 0.46255060728744934, 0.34206349206349207, 0.5459305944600062, 0.5089159286725706, 0.5951720951720951, 0.6126208350473057, 0.42529682792840684, 0.5462548615877374, 0.38164160401002506, 0.43408119658119654, 0.5786343619160956]
 mean: 0.47370182375738246, std: 0.08794911151948394
Accuracy Intime: [0.6428571428571429, 0.7142857142857143, 0.7142857142857143, 0.5384615384615384, 0.6538461538461539, 0.5357142857142857, 0.6428571428571429, 0.4642857142857143, 0.6538461538461539, 0.4230769230769231, 0.5714285714285714, 0.6071428571428571, 0.5, 0.5769230769230769, 0.6923076923076923]
 mean: 0.5954212454212454, std: 0.08673355337440661
F1 (Intime): [0.641238038277512, 0.7217341482047364, 0.7000541125541125, 0.521780303030303, 0.5672353961827645, 0.5057422969187675, 0.5404411764705883, 0.5137254901960784, 0.6553758741258742, 0.39938186813186816, 0.5992063492063492, 0.6164529914529915, 0.49264705882352944, 0.5786713286713288, 0.6937229437229437]
 mean: 0.5831606250646498, std: 0.08706053245272333
--------------------------------------------------
Subject Number: 15
Accuracy Cross: [0.4264705882352941, 0.39705882352941174, 0.39705882352941174, 0.5147058823529411, 0.45588235294117646, 0.5735294117647058, 0.5, 0.5147058823529411, 0.5588235294117647, 0.6029411764705882, 0.47058823529411764, 0.47058823529411764, 0.4264705882352941, 0.5588235294117647, 0.45588235294117646]
 mean: 0.48823529411764705, std: 0.06266845809606622
F1 Score: [0.44607290120402443, 0.3753546767106089, 0.3892609126984127, 0.5191236450086152, 0.40528273809523807, 0.5759523809523809, 0.49667866246813613, 0.500513468013468, 0.5790674040461334, 0.6109238161667829, 0.4435729578392622, 0.4364035087719298, 0.3722988077496274, 0.5504680674017058, 0.4006390977443609]
 mean: 0.4734408696580459, std: 0.07735439525652622
Accuracy Intime: [0.6428571428571429, 0.6428571428571429, 0.6071428571428571, 0.6923076923076923, 0.5769230769230769, 0.6428571428571429, 0.5, 0.7142857142857143, 0.5769230769230769, 0.6538461538461539, 0.7857142857142857, 0.7142857142857143, 0.7142857142857143, 0.8846153846153846, 0.6153846153846154]
 mean: 0.6642857142857143, std: 0.0898044945460494
F1 (Intime): [0.6236471861471862, 0.6249999999999999, 0.5871212121212122, 0.7124183006535948, 0.5395299145299146, 0.6348039215686274, 0.508008658008658, 0.7157738095238095, 0.5927350427350427, 0.6547619047619048, 0.793939393939394, 0.6791666666666667, 0.7285714285714285, 0.8948412698412698, 0.553030303030303]
 mean: 0.6562232674732673, std: 0.09862577436193426
--------------------------------------------------
Subject Number: 16
Accuracy Cross: [0.4852941176470588, 0.5735294117647058, 0.6029411764705882, 0.5441176470588235, 0.47058823529411764, 0.38235294117647056, 0.5735294117647058, 0.45588235294117646, 0.5441176470588235, 0.3382352941176471, 0.6764705882352942, 0.5588235294117647, 0.6029411764705882, 0.4852941176470588, 0.6617647058823529]
 mean: 0.5303921568627451, std: 0.09167584100047811
F1 Score: [0.4407467532467533, 0.5433390702153379, 0.5506258023106547, 0.5056818181818181, 0.3754281949934124, 0.2877374491180461, 0.5401287309182046, 0.4032466893122631, 0.4924608934042896, 0.24338415207980424, 0.6282227951635846, 0.5340996168582376, 0.510317626460625, 0.493930818105854, 0.6156370353432776]
 mean: 0.4776658297141443, std: 0.10616807616630147
Accuracy Intime: [0.75, 0.8571428571428571, 0.8571428571428571, 0.7692307692307693, 0.6538461538461539, 0.75, 0.7142857142857143, 0.7142857142857143, 0.8076923076923077, 0.6538461538461539, 0.7142857142857143, 0.75, 0.8214285714285714, 0.8846153846153846, 0.5769230769230769]
 mean: 0.7516483516483515, std: 0.08250788703473164
F1 (Intime): [0.7402930402930402, 0.8459429824561403, 0.8606060606060606, 0.6240079365079365, 0.5535714285714286, 0.7465255332902392, 0.6883244206773619, 0.6943181818181818, 0.765079365079365, 0.635672514619883, 0.7202380952380952, 0.7392628205128206, 0.8252136752136752, 0.8781746031746033, 0.5811965811965811]
 mean: 0.7265618159503607, std: 0.09645274882411412
--------------------------------------------------
Subject Number: 17
Accuracy Cross: [0.463768115942029, 0.391304347826087, 0.5217391304347826, 0.463768115942029, 0.36231884057971014, 0.3188405797101449, 0.391304347826087, 0.36231884057971014, 0.37681159420289856, 0.4927536231884058, 0.5147058823529411, 0.5294117647058824, 0.4852941176470588, 0.6029411764705882, 0.4852941176470588]
 mean: 0.45083830633702754, std: 0.07683057343028614
F1 Score: [0.4083686440677966, 0.418763139885448, 0.5179563492063493, 0.4662494651262302, 0.37739784260587705, 0.2863195555974014, 0.3747763864042934, 0.32642089093702, 0.3798185941043084, 0.44465677042945234, 0.4964592213697073, 0.5279359055450137, 0.48437554988039355, 0.5883950152242835, 0.4903508771929824]
 mean: 0.43921628050510375, std: 0.07915762268787778
Accuracy Intime: [0.6785714285714286, 0.6428571428571429, 0.6428571428571429, 0.6153846153846154, 0.5384615384615384, 0.75, 0.7857142857142857, 0.7142857142857143, 0.8076923076923077, 0.6538461538461539, 0.6071428571428571, 0.7142857142857143, 0.6071428571428571, 0.5714285714285714, 0.5384615384615384]
 mean: 0.6578754578754579, std: 0.08061438064520646
F1 (Intime): [0.613095238095238, 0.5928030303030303, 0.6241455912508544, 0.6021374458874458, 0.5416666666666666, 0.7277777777777779, 0.7830796654326067, 0.6609962406015037, 0.7908182503770739, 0.6392857142857142, 0.6132204396910279, 0.7078947368421054, 0.5856643356643356, 0.5366071428571428, 0.5106998264893001]
 mean: 0.6353261401481215, std: 0.0820691471213591
--------------------------------------------------
Subject Number: 18
Accuracy Cross: [0.391304347826087, 0.42028985507246375, 0.391304347826087, 0.5362318840579711, 0.4927536231884058, 0.45588235294117646, 0.3088235294117647, 0.3088235294117647, 0.35294117647058826, 0.3235294117647059, 0.4117647058823529, 0.35294117647058826, 0.4117647058823529, 0.4117647058823529, 0.4117647058823529]
 mean: 0.39879227053140104, std: 0.062334032127417546
F1 Score: [0.3816941391941392, 0.42870772781504884, 0.4243881118881119, 0.5290484633569741, 0.49953452093397743, 0.3963530103173567, 0.3278177327376412, 0.31765873015873014, 0.34259259259259256, 0.34097300548913456, 0.39421009098428456, 0.3472593582887701, 0.3986622741339722, 0.4336013251454428, 0.37634661422708615]
 mean: 0.3959231798175508, std: 0.05851166209068163
Accuracy Intime: [0.6785714285714286, 0.6428571428571429, 0.5, 0.5, 0.38461538461538464, 0.6428571428571429, 0.6428571428571429, 0.5357142857142857, 0.5, 0.6538461538461539, 0.6071428571428571, 0.4642857142857143, 0.7142857142857143, 0.46153846153846156, 0.5769230769230769]
 mean: 0.567032967032967, std: 0.09310876889459457
F1 (Intime): [0.6745614035087719, 0.6428571428571428, 0.5023809523809524, 0.47178093645484953, 0.29292929292929293, 0.6617965367965367, 0.6325757575757576, 0.5148358585858586, 0.4513888888888889, 0.6505553270259152, 0.5972222222222222, 0.4857142857142857, 0.7054112554112555, 0.42410714285714285, 0.5766941391941391]
 mean: 0.5523207428268676, std: 0.11135362589004415
--------------------------------------------------
Subject Number: 19
Accuracy Cross: [0.23529411764705882, 0.19117647058823528, 0.22058823529411764, 0.19117647058823528, 0.17647058823529413, 0.35294117647058826, 0.3382352941176471, 0.5588235294117647, 0.3088235294117647, 0.4117647058823529, 0.3382352941176471, 0.25, 0.3088235294117647, 0.20588235294117646, 0.4117647058823529]
 mean: 0.3, std: 0.10284309052504594
F1 Score: [0.21473750790638835, 0.17264085253246952, 0.22161677806839097, 0.2011904761904762, 0.21700365779313147, 0.3203136486155354, 0.3076441102756892, 0.5354984301412873, 0.3057539682539683, 0.3938983488132095, 0.24721549636803875, 0.23191425722831505, 0.29601347117794485, 0.2401903801508192, 0.3829985591999322]
 mean: 0.2859086628477065, std: 0.09164842752530249
Accuracy Intime: [0.6428571428571429, 0.5357142857142857, 0.6428571428571429, 0.5384615384615384, 0.5, 0.6785714285714286, 0.5357142857142857, 0.6428571428571429, 0.5384615384615384, 0.5384615384615384, 0.5714285714285714, 0.6785714285714286, 0.5714285714285714, 0.5, 0.6153846153846154]
 mean: 0.582051282051282, std: 0.06028841128933022
F1 (Intime): [0.6601648351648353, 0.4562324929971989, 0.5625, 0.4295293522267206, 0.5014430014430014, 0.6818181818181818, 0.5057773109243697, 0.641025641025641, 0.4375, 0.5, 0.5452380952380952, 0.6875, 0.5284304511278195, 0.4822677322677323, 0.6239073426573427]
 mean: 0.5495556291260626, std: 0.08570126663999227
--------------------------------------------------
Subject Number: 20
Accuracy Cross: [0.6029411764705882, 0.5441176470588235, 0.6176470588235294, 0.5147058823529411, 0.6470588235294118, 0.5147058823529411, 0.5588235294117647, 0.5441176470588235, 0.45588235294117646, 0.4117647058823529, 0.5942028985507246, 0.4057971014492754, 0.4927536231884058, 0.5652173913043478, 0.5362318840579711]
 mean: 0.5337311736288719, std: 0.0682550967482638
F1 Score: [0.5957294721407624, 0.5402668906308323, 0.6465052718029005, 0.5067241379310345, 0.6527600170502983, 0.5158827178514086, 0.5362573658225832, 0.5692802692802693, 0.44815302144249514, 0.43295431777198956, 0.6078230610608317, 0.36172499326569096, 0.4756409409277124, 0.5715038010769717, 0.5310422608244749]
 mean: 0.5328165692586837, std: 0.07764950848890415
Accuracy Intime: [0.7142857142857143, 0.6428571428571429, 0.6785714285714286, 0.5384615384615384, 0.5769230769230769, 0.8214285714285714, 0.75, 0.6428571428571429, 0.5769230769230769, 0.5, 0.8214285714285714, 0.7142857142857143, 0.5, 0.46153846153846156, 0.4230769230769231]
 mean: 0.6241758241758242, std: 0.12195326944180292
F1 (Intime): [0.7067179144385027, 0.6513888888888889, 0.6681372549019607, 0.43125, 0.5221861471861472, 0.8207070707070707, 0.7271929824561403, 0.6603174603174603, 0.5766666666666667, 0.41666666666666663, 0.8196271929824561, 0.7142857142857143, 0.48636363636363633, 0.43823529411764706, 0.3958333333333333]
 mean: 0.6023717482208195, std: 0.1409172839670656
--------------------------------------------------
Subject Number: 21
Accuracy Cross: [0.5147058823529411, 0.38235294117647056, 0.45588235294117646, 0.5441176470588235, 0.3382352941176471, 0.39705882352941174, 0.5294117647058824, 0.4264705882352941, 0.5, 0.5441176470588235, 0.4264705882352941, 0.4411764705882353, 0.4411764705882353, 0.4264705882352941, 0.5]
 mean: 0.457843137254902, std: 0.06000448528666414
F1 Score: [0.43198836187966627, 0.37428683848121186, 0.45013456937799046, 0.4985468991628006, 0.33116250221513377, 0.35616246498599435, 0.5288732755525924, 0.40469257677392306, 0.5004479025751372, 0.5316086085502003, 0.3952645770138186, 0.4363407728682871, 0.35339527493782813, 0.4303208981477233, 0.47658730158730156]
 mean: 0.43332085494064054, std: 0.06231988701068204
Accuracy Intime: [0.6428571428571429, 0.6428571428571429, 0.5714285714285714, 0.7307692307692307, 0.5769230769230769, 0.6071428571428571, 0.6071428571428571, 0.75, 0.6538461538461539, 0.7692307692307693, 0.6428571428571429, 0.6428571428571429, 0.6785714285714286, 0.6923076923076923, 0.6538461538461539]
 mean: 0.6575091575091574, std: 0.056521938823397976
F1 (Intime): [0.6087301587301588, 0.5262626262626263, 0.5180631868131867, 0.7162719633307869, 0.5334224598930482, 0.5676169590643275, 0.5912280701754385, 0.7343783667313079, 0.6446886446886446, 0.7664335664335664, 0.5747389865036924, 0.6107142857142858, 0.5869047619047618, 0.5793650793650793, 0.6258771929824561]
 mean: 0.6123130872395578, std: 0.07248209132465305
--------------------------------------------------
Subject Number: 22
Accuracy Cross: [0.47058823529411764, 0.4852941176470588, 0.4411764705882353, 0.38235294117647056, 0.5147058823529411, 0.37681159420289856, 0.36231884057971014, 0.36231884057971014, 0.4782608695652174, 0.37681159420289856, 0.38235294117647056, 0.3382352941176471, 0.5147058823529411, 0.4264705882352941, 0.4852941176470588]
 mean: 0.4265132139812447, std: 0.0589787027933901
F1 Score: [0.4790584415584416, 0.47977054651647894, 0.39319510898458265, 0.37388888888888894, 0.5182775364170713, 0.366294524189261, 0.3800865800865801, 0.3612012987012987, 0.4614648408741928, 0.402336003051106, 0.35477011494252875, 0.34092584402181925, 0.4956108706108706, 0.4596096096096096, 0.47495557074504446]
 mean: 0.42276305194651825, std: 0.05786697841803305
Accuracy Intime: [0.5714285714285714, 0.5357142857142857, 0.6785714285714286, 0.5769230769230769, 0.5, 0.7142857142857143, 0.6071428571428571, 0.6428571428571429, 0.7692307692307693, 0.6153846153846154, 0.6785714285714286, 0.6071428571428571, 0.6428571428571429, 0.38461538461538464, 0.5769230769230769]
 mean: 0.6067765567765568, std: 0.08935889740508277
F1 (Intime): [0.543409090909091, 0.5175585284280937, 0.6735294117647059, 0.5564888010540184, 0.4426470588235294, 0.719551282051282, 0.6258893280632412, 0.6152874902874903, 0.7796451914098973, 0.5621345029239766, 0.6837995337995337, 0.6075757575757577, 0.6238888888888889, 0.28055555555555556, 0.56734360410831]
 mean: 0.5866202683762246, std: 0.11519198655827292
--------------------------------------------------
Subject Number: 23
Accuracy Cross: [0.43478260869565216, 0.5072463768115942, 0.5507246376811594, 0.463768115942029, 0.42028985507246375, 0.5588235294117647, 0.5, 0.4852941176470588, 0.4852941176470588, 0.5, 0.391304347826087, 0.42028985507246375, 0.5362318840579711, 0.5362318840579711, 0.4927536231884058]
 mean: 0.4855356635407786, std: 0.04908917229802087
F1 Score: [0.42343516022761307, 0.4938487523155715, 0.5773959794296399, 0.46613558854938164, 0.44917299465933297, 0.5311771561771561, 0.40618251480320444, 0.43277652524424404, 0.4372863247863248, 0.47394275564777455, 0.3343427230046948, 0.41930125388489975, 0.500421282571384, 0.5397671568627451, 0.4854052197802198]
 mean: 0.4647060925296124, std: 0.05864547924155644
Accuracy Intime: [0.75, 0.7857142857142857, 0.6785714285714286, 0.46153846153846156, 0.5384615384615384, 0.6428571428571429, 0.7142857142857143, 0.7142857142857143, 0.6428571428571429, 0.5769230769230769, 0.6428571428571429, 0.8214285714285714, 0.7142857142857143, 0.6923076923076923, 0.5384615384615384]
 mean: 0.660989010989011, std: 0.09553068608177605
F1 (Intime): [0.7619047619047619, 0.7828560328560329, 0.5777777777777778, 0.3373015873015873, 0.5029310966810967, 0.6504329004329004, 0.708974358974359, 0.6208621100261966, 0.6544466403162056, 0.5833333333333334, 0.6458333333333334, 0.8031045751633987, 0.7147435897435896, 0.6862745098039216, 0.5239400584795322]
 mean: 0.6369811110752016, std: 0.11716230556068298
--------------------------------------------------
Subject Number: 24
Accuracy Cross: [0.38235294117647056, 0.4117647058823529, 0.3088235294117647, 0.3382352941176471, 0.4411764705882353, 0.3382352941176471, 0.35294117647058826, 0.36764705882352944, 0.4264705882352941, 0.4264705882352941, 0.4117647058823529, 0.3235294117647059, 0.27941176470588236, 0.35294117647058826, 0.4411764705882353]
 mean: 0.37352941176470583, std: 0.049449098874190155
F1 Score: [0.37466623876765087, 0.3812978977373524, 0.3043231420726884, 0.33700446176727017, 0.4359340958605665, 0.2711038961038961, 0.27313988095238095, 0.3395128072636008, 0.39286608260325406, 0.41376811594202895, 0.40625, 0.3306021891387745, 0.27760902427198314, 0.32833800186741363, 0.4281682369917664]
 mean: 0.3529722714227085, std: 0.054529275508729394
Accuracy Intime: [0.6071428571428571, 0.5, 0.5714285714285714, 0.5769230769230769, 0.6153846153846154, 0.6071428571428571, 0.5, 0.5357142857142857, 0.6153846153846154, 0.5, 0.5714285714285714, 0.6071428571428571, 0.5714285714285714, 0.4230769230769231, 0.5]
 mean: 0.5534798534798535, std: 0.055725832251242814
F1 (Intime): [0.6137254901960784, 0.49656385281385285, 0.5537247474747474, 0.5642857142857143, 0.5222787081339713, 0.5888082505729564, 0.43414918414918413, 0.4764354066985646, 0.5119047619047619, 0.4818181818181818, 0.5217086834733893, 0.5423076923076923, 0.567251461988304, 0.3270833333333333, 0.4399585921325051]
 mean: 0.5094669374188824, std: 0.06959704566279977
--------------------------------------------------
Subject Number: 25
Accuracy Cross: [0.5507246376811594, 0.391304347826087, 0.5362318840579711, 0.4782608695652174, 0.5217391304347826, 0.4264705882352941, 0.5, 0.5588235294117647, 0.5441176470588235, 0.5294117647058824, 0.5588235294117647, 0.5294117647058824, 0.6323529411764706, 0.5294117647058824, 0.5294117647058824]
 mean: 0.5210997442455242, std: 0.05490509364313023
F1 Score: [0.5459821428571429, 0.34104239986592927, 0.49666666666666665, 0.3844444444444444, 0.48745791245791237, 0.3497340425531915, 0.44521889400921655, 0.502371916508539, 0.5101704190118824, 0.47593582887700536, 0.556704260651629, 0.5182370340265077, 0.6209899749373433, 0.531316920635806, 0.5126262626262625]
 mean: 0.48525994134196526, std: 0.07449385727936025
Accuracy Intime: [0.7142857142857143, 0.6428571428571429, 0.6071428571428571, 0.6538461538461539, 0.6153846153846154, 0.7857142857142857, 0.7857142857142857, 0.6785714285714286, 0.8461538461538461, 0.7307692307692307, 0.5714285714285714, 0.75, 0.6071428571428571, 0.6153846153846154, 0.5769230769230769]
 mean: 0.6787545787545787, std: 0.08247535622597799
F1 (Intime): [0.7082417582417583, 0.6387254901960784, 0.5707799145299145, 0.6104166666666666, 0.5791666666666666, 0.7850948071536308, 0.7891599821746881, 0.6887254901960784, 0.6875, 0.6786858974358974, 0.5430555555555555, 0.742929292929293, 0.5907738095238095, 0.6027332144979203, 0.46944444444444444]
 mean: 0.6456955326808269, std: 0.08788681454267983
--------------------------------------------------
Subject Number: 26
Accuracy Cross: [0.5942028985507246, 0.36231884057971014, 0.5507246376811594, 0.463768115942029, 0.5652173913043478, 0.38235294117647056, 0.4852941176470588, 0.39705882352941174, 0.3382352941176471, 0.39705882352941174, 0.5441176470588235, 0.5, 0.45588235294117646, 0.4852941176470588, 0.5735294117647058]
 mean: 0.47300369423131566, std: 0.07998815843673855
F1 Score: [0.6036918254660191, 0.35108565438754114, 0.5570847298256838, 0.4664957264957265, 0.586438598882377, 0.3843064054252923, 0.43205329153605015, 0.40775510204081633, 0.32147983595352014, 0.39524537962037964, 0.5251851851851852, 0.5030816039943828, 0.47271551724137933, 0.5044119157678479, 0.5987132161965611]
 mean: 0.47398293253458423, std: 0.08761006588686067
Accuracy Intime: [0.6428571428571429, 0.5, 0.6071428571428571, 0.5384615384615384, 0.4230769230769231, 0.7142857142857143, 0.7857142857142857, 0.75, 0.6153846153846154, 0.46153846153846156, 0.6785714285714286, 0.6785714285714286, 0.6071428571428571, 0.5769230769230769, 0.5384615384615384]
 mean: 0.6078754578754579, std: 0.10073826157920109
F1 (Intime): [0.5641025641025641, 0.43497474747474746, 0.6137254901960785, 0.4137254901960784, 0.3596014492753623, 0.6431888544891641, 0.6722222222222223, 0.7321428571428571, 0.6815789473684211, 0.3612040133779264, 0.6930465367965368, 0.5880681818181819, 0.5585470085470086, 0.6238095238095238, 0.5077075098814229]
 mean: 0.563176359779873, std: 0.11795060577047825
--------------------------------------------------
Subject Number: 27
Accuracy Cross: [0.463768115942029, 0.391304347826087, 0.5217391304347826, 0.463768115942029, 0.36231884057971014, 0.3188405797101449, 0.391304347826087, 0.36231884057971014, 0.37681159420289856, 0.4927536231884058, 0.5147058823529411, 0.5294117647058824, 0.4852941176470588, 0.6029411764705882, 0.4852941176470588]
 mean: 0.45083830633702754, std: 0.07683057343028614
F1 Score: [0.4083686440677966, 0.418763139885448, 0.5179563492063493, 0.4662494651262302, 0.37739784260587705, 0.2863195555974014, 0.3747763864042934, 0.32642089093702, 0.3798185941043084, 0.44465677042945234, 0.4964592213697073, 0.5279359055450137, 0.48437554988039355, 0.5883950152242835, 0.4903508771929824]
 mean: 0.43921628050510375, std: 0.07915762268787778
Accuracy Intime: [0.6785714285714286, 0.6428571428571429, 0.6428571428571429, 0.6153846153846154, 0.5384615384615384, 0.75, 0.7857142857142857, 0.7142857142857143, 0.8076923076923077, 0.6538461538461539, 0.6071428571428571, 0.7142857142857143, 0.6071428571428571, 0.5714285714285714, 0.5384615384615384]
 mean: 0.6578754578754579, std: 0.08061438064520646
F1 (Intime): [0.613095238095238, 0.5928030303030303, 0.6241455912508544, 0.6021374458874458, 0.5416666666666666, 0.7277777777777779, 0.7830796654326067, 0.6609962406015037, 0.7908182503770739, 0.6392857142857142, 0.6132204396910279, 0.7078947368421054, 0.5856643356643356, 0.5366071428571428, 0.5106998264893001]
 mean: 0.6353261401481215, std: 0.0820691471213591
--------------------------------------------------
Subject Number: 28
Accuracy Cross: [0.4264705882352941, 0.3382352941176471, 0.4411764705882353, 0.2647058823529412, 0.4264705882352941, 0.27941176470588236, 0.39705882352941174, 0.3382352941176471, 0.27941176470588236, 0.2647058823529412, 0.5, 0.5147058823529411, 0.39705882352941174, 0.4411764705882353, 0.39705882352941174]
 mean: 0.3803921568627452, std: 0.07980416245085772
F1 Score: [0.38559969442322384, 0.29504047489942375, 0.4148920971501617, 0.23792270531400966, 0.3920698924731183, 0.20344605689433276, 0.35236927063421264, 0.3222222222222222, 0.22854057531476885, 0.25210084033613445, 0.48366946778711484, 0.4444444444444444, 0.3646524064171123, 0.37914634146341464, 0.3485867074102368]
 mean: 0.34031354647892875, std: 0.07994500204890934
Accuracy Intime: [0.42857142857142855, 0.6071428571428571, 0.5357142857142857, 0.7307692307692307, 0.5384615384615384, 0.5357142857142857, 0.6071428571428571, 0.7142857142857143, 0.7307692307692307, 0.6538461538461539, 0.5714285714285714, 0.5714285714285714, 0.6785714285714286, 0.46153846153846156, 0.38461538461538464]
 mean: 0.5833333333333334, std: 0.10357138808729528
F1 (Intime): [0.42627960275019094, 0.6027097902097902, 0.537268613739202, 0.7039682539682539, 0.5059523809523809, 0.4861111111111111, 0.6068627450980393, 0.7058823529411764, 0.7295100732600732, 0.6225490196078431, 0.5833333333333333, 0.4974747474747474, 0.700189393939394, 0.44692982456140345, 0.32555555555555554]
 mean: 0.565371786566833, std: 0.11456483435107931
--------------------------------------------------
Subject Number: 29
Accuracy Cross: [0.5294117647058824, 0.6323529411764706, 0.5588235294117647, 0.5735294117647058, 0.45588235294117646, 0.6176470588235294, 0.5735294117647058, 0.6470588235294118, 0.6911764705882353, 0.5147058823529411, 0.5942028985507246, 0.43478260869565216, 0.5652173913043478, 0.6376811594202898, 0.6376811594202898]
 mean: 0.5775788576300085, std: 0.0692096951002399
F1 Score: [0.5489227128978682, 0.6377289377289378, 0.5650596016449675, 0.5575411342954315, 0.45896330680813446, 0.6197660973434851, 0.5776988138731796, 0.6633573323228495, 0.6966783216783217, 0.5240947301816867, 0.6089491352096394, 0.3951569968800984, 0.5449615638960954, 0.6198093328034455, 0.6362433862433863]
 mean: 0.5769954269205017, std: 0.0756287457897862
Accuracy Intime: [0.7857142857142857, 0.6071428571428571, 0.7142857142857143, 0.6923076923076923, 0.6538461538461539, 0.6428571428571429, 0.7142857142857143, 0.6785714285714286, 0.6538461538461539, 0.6153846153846154, 0.7142857142857143, 0.7142857142857143, 0.8214285714285714, 0.7307692307692307, 0.5769230769230769]
 mean: 0.6877289377289377, std: 0.06354545984251664
F1 (Intime): [0.7946428571428571, 0.551948051948052, 0.6994949494949495, 0.7391025641025641, 0.6586134453781513, 0.6551573426573427, 0.618421052631579, 0.6639895192526771, 0.6875, 0.587576166523535, 0.6278409090909091, 0.6723057644110275, 0.8208556149732621, 0.7561409179056238, 0.5557422969187675]
 mean: 0.6726220968287532, std: 0.0775352403510811
--------------------------------------------------
**************************************************
accuracy_cross_list: [0.52794828076158, 0.42527706734867865, 0.3700767263427109, 0.518840579710145, 0.5127450980392155, 0.4734441602728048, 0.5627450980392157, 0.3784313725490197, 0.4705882352941177, 0.3903523728331912, 0.4251207729468599, 0.5121341290139244, 0.4186132423984086, 0.484313725490196, 0.48823529411764705, 0.5303921568627451, 0.45083830633702754, 0.39879227053140104, 0.3, 0.5337311736288719, 0.457843137254902, 0.4265132139812447, 0.4855356635407786, 0.37352941176470583, 0.5210997442455242, 0.47300369423131566, 0.45083830633702754, 0.3803921568627452, 0.5775788576300085]
f1_score_list: [0.5026356805502971, 0.40657744546182023, 0.34610532753113243, 0.5099565612288044, 0.4893441193934917, 0.46050033699690196, 0.5376624925465537, 0.38153763183579165, 0.4696842105410391, 0.381435136484729, 0.3786121662793548, 0.5040277610843612, 0.4119168333772771, 0.47370182375738246, 0.4734408696580459, 0.4776658297141443, 0.43921628050510375, 0.3959231798175508, 0.2859086628477065, 0.5328165692586837, 0.43332085494064054, 0.42276305194651825, 0.4647060925296124, 0.3529722714227085, 0.48525994134196526, 0.47398293253458423, 0.43921628050510375, 0.34031354647892875, 0.5769954269205017]
accuracy_intime_list: [0.6478021978021978, 0.6463369963369963, 0.5604395604395603, 0.656043956043956, 0.7360805860805861, 0.6827838827838826, 0.7532967032967033, 0.5327838827838828, 0.6032967032967033, 0.5445054945054946, 0.6067765567765568, 0.6082417582417583, 0.5822344322344323, 0.5954212454212454, 0.6642857142857143, 0.7516483516483515, 0.6578754578754579, 0.567032967032967, 0.582051282051282, 0.6241758241758242, 0.6575091575091574, 0.6067765567765568, 0.660989010989011, 0.5534798534798535, 0.6787545787545787, 0.6078754578754579, 0.6578754578754579, 0.5833333333333334, 0.6877289377289377]
f1_score_intime_list: [0.6345151244262834, 0.6151376681927228, 0.5217694684916047, 0.6418253712754992, 0.7180250654631458, 0.6555703000441524, 0.7247070903264538, 0.5199908312075494, 0.5833778026973948, 0.5126590966939264, 0.5742744278616313, 0.5647425384997737, 0.5665772166430062, 0.5831606250646498, 0.6562232674732673, 0.7265618159503607, 0.6353261401481215, 0.5523207428268676, 0.5495556291260626, 0.6023717482208195, 0.6123130872395578, 0.5866202683762246, 0.6369811110752016, 0.5094669374188824, 0.6456955326808269, 0.563176359779873, 0.6353261401481215, 0.565371786566833, 0.6726220968287532]
**************************************************
ACC: 45.93±6.51
F1: 44.30±6.58
Intime: 63.09±5.80
F1 (Intime): 60.57±6.01
