1e-04
Subject Number: 1
Accuracy Cross: [0.29523809523809524, 0.32857142857142857, 0.3047619047619048, 0.2761904761904762, 0.2761904761904762, 0.3333333333333333, 0.35714285714285715, 0.34285714285714286, 0.35714285714285715, 0.3476190476190476, 0.3142857142857143, 0.2904761904761905, 0.2761904761904762, 0.3, 0.29523809523809524]
 mean: 0.31301587301587297, std: 0.02838386406000902
F1 Score: [0.22742609633599625, 0.27068523474411077, 0.250625524444664, 0.2033847156427801, 0.227713234296193, 0.3330265592457728, 0.3524928427454085, 0.3373625501965002, 0.3630701887562197, 0.3519236393082363, 0.3137581992628856, 0.2953461842355994, 0.26272328403851763, 0.3066254953262221, 0.3034334770920137]
 mean: 0.29330648171140805, std: 0.04900633873820981
Accuracy Intime: [0.4166666666666667, 0.4523809523809524, 0.39285714285714285, 0.39285714285714285, 0.38095238095238093, 0.30952380952380953, 0.4166666666666667, 0.42857142857142855, 0.30952380952380953, 0.35714285714285715, 0.3333333333333333, 0.36904761904761907, 0.3333333333333333, 0.3333333333333333, 0.36904761904761907]
 mean: 0.37301587301587297, std: 0.04251776265390119
F1 (Intime): [0.41949876143424536, 0.4227465826856071, 0.3657207207207207, 0.3896982786014545, 0.38231032920567803, 0.29675019633040617, 0.3979157753629389, 0.40630110630110633, 0.32709080393290924, 0.36054872546808026, 0.3133061319268216, 0.3256090576090576, 0.3178693770428132, 0.3344736543265955, 0.3604096262160778]
 mean: 0.3613499418109675, std: 0.03942708413599878
--------------------------------------------------
Subject Number: 2
Accuracy Cross: [0.2857142857142857, 0.3238095238095238, 0.3, 0.30952380952380953, 0.2714285714285714, 0.3761904761904762, 0.3238095238095238, 0.3761904761904762, 0.30952380952380953, 0.2904761904761905, 0.28095238095238095, 0.29523809523809524, 0.2761904761904762, 0.26666666666666666, 0.30952380952380953]
 mean: 0.30634920634920626, std: 0.032234339734207015
F1 Score: [0.2253951638357544, 0.2762028410999922, 0.24385964912280703, 0.25452234339022317, 0.1888271679805943, 0.38693243074923317, 0.3362543034671404, 0.3827933470038733, 0.31730339105339106, 0.3085557044291537, 0.2927562010618797, 0.3038504583850593, 0.2911099339225472, 0.27739858136470874, 0.3204895637916544]
 mean: 0.29375007204386755, std: 0.05183407066533178
Accuracy Intime: [0.5238095238095238, 0.32142857142857145, 0.3333333333333333, 0.38095238095238093, 0.3333333333333333, 0.39285714285714285, 0.2619047619047619, 0.3333333333333333, 0.34523809523809523, 0.32142857142857145, 0.34523809523809523, 0.4166666666666667, 0.42857142857142855, 0.47619047619047616, 0.34523809523809523]
 mean: 0.3706349206349207, std: 0.06504063888427898
F1 (Intime): [0.5282775962092849, 0.33688958551027515, 0.34365279631596213, 0.38193028024606973, 0.30380174574366947, 0.38957813428401666, 0.23297453297453297, 0.33796387520525456, 0.3420885878727925, 0.29111179382147123, 0.34520562770562774, 0.41433476345615566, 0.43356321839080464, 0.459517606027278, 0.34461011462826346]
 mean: 0.3657000172260973, std: 0.07002671824564279
--------------------------------------------------
Subject Number: 3
Accuracy Cross: [0.2523809523809524, 0.24761904761904763, 0.26666666666666666, 0.2571428571428571, 0.22380952380952382, 0.28095238095238095, 0.29523809523809524, 0.32857142857142857, 0.319047619047619, 0.2857142857142857, 0.26666666666666666, 0.22857142857142856, 0.2761904761904762, 0.2571428571428571, 0.24285714285714285]
 mean: 0.26857142857142857, std: 0.028981188675624645
F1 Score: [0.18859479276108498, 0.16124250846436766, 0.20272925426071317, 0.20290670114199524, 0.11215941243754139, 0.2846602014112115, 0.2949072005982575, 0.32452341952341957, 0.3126210007415073, 0.2811651171451034, 0.2653199886227974, 0.22120545418615373, 0.2624768608189013, 0.24728929573334896, 0.23136435262328542]
 mean: 0.23954437069797924, std: 0.056979256219554554
Accuracy Intime: [0.27380952380952384, 0.4166666666666667, 0.35714285714285715, 0.2976190476190476, 0.25, 0.3333333333333333, 0.2976190476190476, 0.2619047619047619, 0.34523809523809523, 0.4166666666666667, 0.25, 0.32142857142857145, 0.36904761904761907, 0.35714285714285715, 0.2976190476190476]
 mean: 0.323015873015873, std: 0.05250106478901977
F1 (Intime): [0.28066840698419643, 0.4184187119670991, 0.3606451612903226, 0.2891849475990093, 0.19502472331227444, 0.3404761904761905, 0.30368964790217157, 0.24820128785646026, 0.33906621788500346, 0.39740259740259737, 0.23073778400161724, 0.3183838383838384, 0.3769506915848379, 0.3465027433448486, 0.28007518796992475]
 mean: 0.31502854253069285, std: 0.06043622802047637
--------------------------------------------------
Subject Number: 4
Accuracy Cross: [0.28095238095238095, 0.2523809523809524, 0.2523809523809524, 0.3142857142857143, 0.29523809523809524, 0.2714285714285714, 0.3047619047619048, 0.24285714285714285, 0.29523809523809524, 0.2761904761904762, 0.2761904761904762, 0.3238095238095238, 0.319047619047619, 0.3238095238095238, 0.3238095238095238]
 mean: 0.2901587301587301, std: 0.027075475632025902
F1 Score: [0.2721913221404184, 0.2522589938256715, 0.25078665023721414, 0.31042968999587595, 0.2914613294828894, 0.2652776916969617, 0.30703764865496525, 0.23071711930015137, 0.2851658204213506, 0.2677769113002613, 0.2683857290059969, 0.3115711131021365, 0.2849429743065829, 0.3051981421152792, 0.3089814425713715]
 mean: 0.2808121718771418, std: 0.024378945861349085
Accuracy Intime: [0.32142857142857145, 0.32142857142857145, 0.32142857142857145, 0.35714285714285715, 0.32142857142857145, 0.27380952380952384, 0.30952380952380953, 0.32142857142857145, 0.36904761904761907, 0.32142857142857145, 0.2619047619047619, 0.2619047619047619, 0.35714285714285715, 0.36904761904761907, 0.34523809523809523]
 mean: 0.32222222222222224, std: 0.033802443554042626
F1 (Intime): [0.3198271889400922, 0.3161938444697066, 0.3073247579129932, 0.34907780507780506, 0.32527254579992915, 0.27186556575550885, 0.30800557905821063, 0.32315786084548764, 0.36776928953399535, 0.3178978978978979, 0.26563950313950313, 0.25899385560675886, 0.3622974242446599, 0.3693989612199388, 0.3465721647466069]
 mean: 0.32061961628327296, std: 0.034070560685977073
--------------------------------------------------
Subject Number: 5
Accuracy Cross: [0.35714285714285715, 0.32857142857142857, 0.4095238095238095, 0.3333333333333333, 0.34285714285714286, 0.319047619047619, 0.2857142857142857, 0.3380952380952381, 0.3380952380952381, 0.319047619047619, 0.29523809523809524, 0.3380952380952381, 0.3380952380952381, 0.32857142857142857, 0.3238095238095238]
 mean: 0.33301587301587293, std: 0.026851213274654603
F1 Score: [0.3074625610989334, 0.2761802110801724, 0.3603632797598315, 0.28415054437806253, 0.28230729180183217, 0.32883719152275825, 0.29813429155217364, 0.3448790572784062, 0.35275424978395276, 0.32068445171745824, 0.3075867420463363, 0.34930988717619516, 0.3548639455782313, 0.3436816707678726, 0.34000044819996783]
 mean: 0.3234130549161456, std: 0.027899486032475218
Accuracy Intime: [0.40476190476190477, 0.44047619047619047, 0.47619047619047616, 0.38095238095238093, 0.44047619047619047, 0.40476190476190477, 0.35714285714285715, 0.4166666666666667, 0.36904761904761907, 0.30952380952380953, 0.30952380952380953, 0.42857142857142855, 0.4523809523809524, 0.3333333333333333, 0.36904761904761907]
 mean: 0.39285714285714285, std: 0.04975373974176976
F1 (Intime): [0.40848039215686277, 0.4392965367965368, 0.4855338096717407, 0.3859651817716333, 0.44494358883838603, 0.38721698373311275, 0.3543271221532091, 0.4123605513260685, 0.376992975154843, 0.3067376311844078, 0.29543531685092483, 0.4336873652663126, 0.4590296285396104, 0.31996031746031744, 0.34823198844755293]
 mean: 0.3905466259567679, std: 0.055424035136435755
--------------------------------------------------
Subject Number: 6
Accuracy Cross: [0.2, 0.21904761904761905, 0.20952380952380953, 0.2619047619047619, 0.2619047619047619, 0.24285714285714285, 0.22857142857142856, 0.21904761904761905, 0.23333333333333334, 0.2619047619047619, 0.29523809523809524, 0.22857142857142856, 0.29523809523809524, 0.2571428571428571, 0.2761904761904762]
 mean: 0.246031746031746, std: 0.02865947632582189
F1 Score: [0.19611626767304302, 0.2231153195267978, 0.2141638993917475, 0.2614746102802872, 0.2534059998570443, 0.23979396928869515, 0.22931666035114312, 0.2153331939641044, 0.23287013998223016, 0.251995956069969, 0.2931089995763482, 0.22565250023454358, 0.291192320554475, 0.2481133335878154, 0.2746515114331206]
 mean: 0.2433536454514243, std: 0.02730267779335885
Accuracy Intime: [0.27380952380952384, 0.27380952380952384, 0.2857142857142857, 0.32142857142857145, 0.27380952380952384, 0.25, 0.34523809523809523, 0.30952380952380953, 0.2619047619047619, 0.2619047619047619, 0.2619047619047619, 0.36904761904761907, 0.25, 0.34523809523809523, 0.30952380952380953]
 mean: 0.2928571428571428, std: 0.03683429011388029
F1 (Intime): [0.27970912088559147, 0.25550541955912803, 0.28391503923687084, 0.3132363422018595, 0.25852899019139425, 0.24355124695681973, 0.3416931510224194, 0.30327151211361736, 0.2605254154447703, 0.25, 0.26234604105571846, 0.36634824870118987, 0.24170168067226894, 0.3362650738512808, 0.3012375767003716]
 mean: 0.28652232390622, std: 0.037726702008151765
--------------------------------------------------
Subject Number: 7
Accuracy Cross: [0.24761904761904763, 0.23333333333333334, 0.24761904761904763, 0.22857142857142856, 0.20476190476190476, 0.20952380952380953, 0.24285714285714285, 0.24285714285714285, 0.22857142857142856, 0.21428571428571427, 0.2619047619047619, 0.24761904761904763, 0.2619047619047619, 0.24285714285714285, 0.22380952380952382]
 mean: 0.23587301587301587, std: 0.016935845928062403
F1 Score: [0.24645010674510023, 0.2279929041767704, 0.2300450469922673, 0.2137216879671758, 0.18032351091408322, 0.20902221372705024, 0.24597644313089478, 0.24686866273822794, 0.2293457931151905, 0.2133275891925681, 0.25732421669892697, 0.24210816669587282, 0.2551742078538005, 0.23789834499844612, 0.220995610995611]
 mean: 0.23043830039613236, std: 0.019888320383640908
Accuracy Intime: [0.27380952380952384, 0.27380952380952384, 0.20238095238095238, 0.34523809523809523, 0.30952380952380953, 0.2619047619047619, 0.30952380952380953, 0.2619047619047619, 0.2857142857142857, 0.20238095238095238, 0.21428571428571427, 0.27380952380952384, 0.23809523809523808, 0.2857142857142857, 0.30952380952380953]
 mean: 0.2698412698412698, std: 0.040234259859163735
F1 (Intime): [0.2750615160482333, 0.2574100994082492, 0.20700104493207944, 0.33804966018237537, 0.305510760615891, 0.24596320346320347, 0.3039203885545349, 0.26089734655588315, 0.28479763700351934, 0.19764829299146883, 0.2047061347061347, 0.26617275197920354, 0.21766256351729574, 0.2766906656561829, 0.2923594923594923]
 mean: 0.26225677053158314, std: 0.03997683767993681
--------------------------------------------------
Subject Number: 8
Accuracy Cross: [0.35714285714285715, 0.38095238095238093, 0.34285714285714286, 0.3380952380952381, 0.37142857142857144, 0.34285714285714286, 0.3142857142857143, 0.3523809523809524, 0.3238095238095238, 0.3761904761904762, 0.3380952380952381, 0.3047619047619048, 0.36666666666666664, 0.37142857142857144, 0.32857142857142857]
 mean: 0.34730158730158733, std: 0.02256872709482694
F1 Score: [0.337066575700722, 0.3591218442848406, 0.3197495241161552, 0.32036652049260084, 0.3471029810298103, 0.3531919176297741, 0.3261494694352909, 0.3615762736703386, 0.32923930523960193, 0.38966715242104943, 0.34411638462157657, 0.3094534203722233, 0.36696005115529823, 0.3582176996608079, 0.3350912660677111]
 mean: 0.3438046923931868, std: 0.02073644631454481
Accuracy Intime: [0.35714285714285715, 0.42857142857142855, 0.40476190476190477, 0.35714285714285715, 0.39285714285714285, 0.4166666666666667, 0.4166666666666667, 0.35714285714285715, 0.32142857142857145, 0.44047619047619047, 0.4166666666666667, 0.5, 0.35714285714285715, 0.4166666666666667, 0.39285714285714285]
 mean: 0.3984126984126985, std: 0.04256218310410134
F1 (Intime): [0.3306542346542346, 0.4273107285784771, 0.4131118877730967, 0.3538799762329174, 0.4067125031830914, 0.40413095084147715, 0.42179079223587407, 0.33312169312169304, 0.289724455744478, 0.4499164054336468, 0.41783253842077367, 0.5064837655492304, 0.35817855979146296, 0.3672020905286626, 0.4065097730673701]
 mean: 0.3924373570104323, std: 0.0523970117168662
--------------------------------------------------
Subject Number: 9
Accuracy Cross: [0.20952380952380953, 0.26666666666666666, 0.2619047619047619, 0.2523809523809524, 0.22380952380952382, 0.30952380952380953, 0.30952380952380953, 0.2714285714285714, 0.3, 0.30952380952380953, 0.23333333333333334, 0.2761904761904762, 0.28095238095238095, 0.2714285714285714, 0.2523809523809524]
 mean: 0.26857142857142857, std: 0.030056635882018092
F1 Score: [0.1986401846082263, 0.25861403023162255, 0.22683017632543506, 0.22366553309402354, 0.20061764591176354, 0.2935141762108054, 0.29835816761907874, 0.2664295492703087, 0.29021616526831384, 0.2981467675564772, 0.23817548550520687, 0.2805056144875333, 0.29182782697345805, 0.28558664165209324, 0.2621969648345014]
 mean: 0.26088832863658984, std: 0.033936400685165874
Accuracy Intime: [0.3333333333333333, 0.35714285714285715, 0.44047619047619047, 0.30952380952380953, 0.2976190476190476, 0.4166666666666667, 0.3333333333333333, 0.25, 0.35714285714285715, 0.38095238095238093, 0.2976190476190476, 0.40476190476190477, 0.34523809523809523, 0.32142857142857145, 0.36904761904761907]
 mean: 0.34761904761904755, std: 0.04863985220966529
F1 (Intime): [0.34737274220032843, 0.3444535941466888, 0.43806397306397304, 0.2908001628001628, 0.29061989223957807, 0.41879921879921883, 0.3265817541679611, 0.24796536796536794, 0.3594229823590879, 0.3600345188580482, 0.2901740237691002, 0.40721500721500725, 0.35976783879222907, 0.3351449275362319, 0.36936274509803924]
 mean: 0.34571858326740146, std: 0.05031539838169436
--------------------------------------------------
Subject Number: 10
Accuracy Cross: [0.2714285714285714, 0.28095238095238095, 0.2619047619047619, 0.2571428571428571, 0.2904761904761905, 0.26666666666666666, 0.2714285714285714, 0.2761904761904762, 0.2571428571428571, 0.29523809523809524, 0.2761904761904762, 0.26666666666666666, 0.2761904761904762, 0.2571428571428571, 0.26666666666666666]
 mean: 0.2714285714285714, std: 0.011133763756666793
F1 Score: [0.26581749404930954, 0.2728675097520679, 0.25283919406857935, 0.2519475040799713, 0.2822062494516986, 0.25546223740316565, 0.26574283068005383, 0.26712855535040536, 0.2553582012675047, 0.28282810818902204, 0.2704559950205267, 0.26642943084519943, 0.2715632077082862, 0.25586963929228845, 0.26591980975480545]
 mean: 0.2654957311275256, std: 0.009448602041610674
Accuracy Intime: [0.42857142857142855, 0.35714285714285715, 0.2976190476190476, 0.20238095238095238, 0.2857142857142857, 0.32142857142857145, 0.3333333333333333, 0.32142857142857145, 0.2857142857142857, 0.32142857142857145, 0.36904761904761907, 0.2976190476190476, 0.4642857142857143, 0.2619047619047619, 0.23809523809523808]
 mean: 0.319047619047619, std: 0.06523403996201434
F1 (Intime): [0.4280253459200828, 0.3439091626188401, 0.29128789716226045, 0.20332492098683902, 0.27544434231341247, 0.3057359125315391, 0.32988580047403576, 0.3300205254515599, 0.28405267092174113, 0.30527621818622663, 0.355, 0.2815150569511624, 0.45845692978045915, 0.2544288139704099, 0.2245074224021592]
 mean: 0.3113914013113819, std: 0.06570519961274254
--------------------------------------------------
Subject Number: 11
Accuracy Cross: [0.23809523809523808, 0.21428571428571427, 0.20476190476190476, 0.23809523809523808, 0.2619047619047619, 0.3, 0.3142857142857143, 0.2857142857142857, 0.29523809523809524, 0.2714285714285714, 0.2904761904761905, 0.3380952380952381, 0.3238095238095238, 0.3, 0.30952380952380953]
 mean: 0.279047619047619, std: 0.03863897671447771
F1 Score: [0.23009814217506816, 0.20822973160895564, 0.19459957540875003, 0.2263867670445959, 0.25106874158029246, 0.30430639612410176, 0.31867891553876176, 0.2898963082303024, 0.30050190902561386, 0.2748108045733073, 0.29690778709885024, 0.33658494351177276, 0.32785638393038985, 0.30429684745474217, 0.3146531383610729]
 mean: 0.2785917594444385, std: 0.04383091786466265
Accuracy Intime: [0.38095238095238093, 0.3333333333333333, 0.23809523809523808, 0.38095238095238093, 0.38095238095238093, 0.19047619047619047, 0.25, 0.34523809523809523, 0.2857142857142857, 0.32142857142857145, 0.21428571428571427, 0.35714285714285715, 0.27380952380952384, 0.2619047619047619, 0.27380952380952384]
 mean: 0.2992063492063492, std: 0.060681856678143735
F1 (Intime): [0.3909313292071913, 0.33137764196587727, 0.23363122975191936, 0.36828197945845004, 0.37937055565139055, 0.18810199942045785, 0.24852527725232743, 0.34702541610436344, 0.2668768549603464, 0.31672932330827064, 0.20855639816902372, 0.35238817488817487, 0.27458646616541355, 0.2550650449236954, 0.2731016731016731]
 mean: 0.2956366242885717, std: 0.06196159469370306
--------------------------------------------------
Subject Number: 12
Accuracy Cross: [0.28095238095238095, 0.319047619047619, 0.36666666666666664, 0.37142857142857144, 0.2571428571428571, 0.2857142857142857, 0.2761904761904762, 0.3, 0.319047619047619, 0.3238095238095238, 0.23809523809523808, 0.23809523809523808, 0.2619047619047619, 0.2523809523809524, 0.24761904761904763]
 mean: 0.2892063492063492, std: 0.0417843387524391
F1 Score: [0.30161315808374634, 0.32851241143375975, 0.3635942198925594, 0.3789910046317472, 0.26681206638872734, 0.22860821382007823, 0.21234300747498258, 0.23757553806061268, 0.2598767707949318, 0.26819811988499065, 0.2515622520787859, 0.25642736493514057, 0.27935862819060225, 0.26599632797904815, 0.2626295565515797]
 mean: 0.2774732426800862, std: 0.04554208197903105
Accuracy Intime: [0.2857142857142857, 0.27380952380952384, 0.30952380952380953, 0.32142857142857145, 0.38095238095238093, 0.4166666666666667, 0.38095238095238093, 0.35714285714285715, 0.34523809523809523, 0.38095238095238093, 0.2976190476190476, 0.34523809523809523, 0.2857142857142857, 0.3333333333333333, 0.39285714285714285]
 mean: 0.34047619047619043, std: 0.04276886852478565
F1 (Intime): [0.29376392010270924, 0.2626455320726733, 0.2951303230207895, 0.29757575757575755, 0.38566137566137565, 0.41541064536687466, 0.3862932886241305, 0.36172161172161177, 0.3535051234741637, 0.3661246877375909, 0.3065703634669152, 0.3121981328323126, 0.2659409826994406, 0.3262573287573288, 0.41092527026529896]
 mean: 0.3359816228919315, std: 0.048674683005641275
--------------------------------------------------
Subject Number: 13
Accuracy Cross: [0.2714285714285714, 0.2571428571428571, 0.2904761904761905, 0.2571428571428571, 0.28095238095238095, 0.28095238095238095, 0.2523809523809524, 0.22857142857142856, 0.26666666666666666, 0.3047619047619048, 0.2761904761904762, 0.3047619047619048, 0.3047619047619048, 0.24285714285714285, 0.23809523809523808]
 mean: 0.2704761904761904, std: 0.023726840560069594
F1 Score: [0.26341363216963964, 0.24810792908854723, 0.2706555020342895, 0.24780198664607583, 0.27494629919960645, 0.2807407274563537, 0.24771013604439035, 0.22273000698525233, 0.26976193469320614, 0.2926834456175932, 0.26132079951904874, 0.28955593303691274, 0.2884171296700473, 0.2194529527114725, 0.21699095903399188]
 mean: 0.25961929159376185, std: 0.024422760912028385
Accuracy Intime: [0.32142857142857145, 0.32142857142857145, 0.3333333333333333, 0.39285714285714285, 0.32142857142857145, 0.30952380952380953, 0.4166666666666667, 0.36904761904761907, 0.42857142857142855, 0.30952380952380953, 0.32142857142857145, 0.39285714285714285, 0.32142857142857145, 0.34523809523809523, 0.30952380952380953]
 mean: 0.34761904761904755, std: 0.039888355152790676
F1 (Intime): [0.28517316017316013, 0.29358567358567356, 0.3167755991285403, 0.39260978847185746, 0.3284978116896623, 0.32130363813290647, 0.4034531538367855, 0.356240819038965, 0.42353366838847784, 0.27597834416125266, 0.3237935748462064, 0.3845820626308431, 0.3139296439296439, 0.33904519735628946, 0.30220375968904145]
 mean: 0.33738039300395367, std: 0.043644324867644066
--------------------------------------------------
Subject Number: 14
Accuracy Cross: [0.2714285714285714, 0.28095238095238095, 0.32857142857142857, 0.319047619047619, 0.24761904761904763, 0.37142857142857144, 0.3476190476190476, 0.3523809523809524, 0.38571428571428573, 0.32857142857142857, 0.35714285714285715, 0.36666666666666664, 0.3142857142857143, 0.3523809523809524, 0.3142857142857143]
 mean: 0.32920634920634917, std: 0.03781110974510284
F1 Score: [0.2844277219952712, 0.2891332003498562, 0.34997954952274346, 0.32699568126024386, 0.2473168038432203, 0.35110543485174084, 0.3255078089355591, 0.33013501554982794, 0.37363755391581643, 0.3223908066371418, 0.3334515755221807, 0.3206981934683857, 0.28271445934289974, 0.31575658432535886, 0.27515337116613825]
 mean: 0.31522691737909236, std: 0.03234310620494438
Accuracy Intime: [0.3333333333333333, 0.42857142857142855, 0.39285714285714285, 0.35714285714285715, 0.3333333333333333, 0.39285714285714285, 0.38095238095238093, 0.32142857142857145, 0.25, 0.27380952380952384, 0.4166666666666667, 0.42857142857142855, 0.4166666666666667, 0.38095238095238093, 0.44047619047619047]
 mean: 0.3698412698412699, std: 0.05557822666670347
F1 (Intime): [0.31015034301561817, 0.4311340396533094, 0.39274277648143346, 0.34044115772026007, 0.3202093944538766, 0.38890828511796255, 0.36971709354356735, 0.32232764073371284, 0.2523218856158965, 0.2690222761330756, 0.42529203723929887, 0.4288017574224471, 0.4205989297069295, 0.38577918577918574, 0.41460367930956166]
 mean: 0.36480336546174236, std: 0.057022110113606285
--------------------------------------------------
**************************************************
accuracy_cross_list: [0.31301587301587297, 0.30634920634920626, 0.26857142857142857, 0.2901587301587301, 0.33301587301587293, 0.246031746031746, 0.23587301587301587, 0.34730158730158733, 0.26857142857142857, 0.2714285714285714, 0.279047619047619, 0.2892063492063492, 0.2704761904761904, 0.32920634920634917]
f1_score_list: [0.29330648171140805, 0.29375007204386755, 0.23954437069797924, 0.2808121718771418, 0.3234130549161456, 0.2433536454514243, 0.23043830039613236, 0.3438046923931868, 0.26088832863658984, 0.2654957311275256, 0.2785917594444385, 0.2774732426800862, 0.25961929159376185, 0.31522691737909236]
accuracy_intime_list: [0.37301587301587297, 0.3706349206349207, 0.323015873015873, 0.32222222222222224, 0.39285714285714285, 0.2928571428571428, 0.2698412698412698, 0.3984126984126985, 0.34761904761904755, 0.319047619047619, 0.2992063492063492, 0.34047619047619043, 0.34761904761904755, 0.3698412698412699]
f1_score_intime_list: [0.3613499418109675, 0.3657000172260973, 0.31502854253069285, 0.32061961628327296, 0.3905466259567679, 0.28652232390622, 0.26225677053158314, 0.3924373570104323, 0.34571858326740146, 0.3113914013113819, 0.2956366242885717, 0.3359816228919315, 0.33738039300395367, 0.36480336546174236]
**************************************************
ACC: 28.92±3.17
F1: 27.90±3.16
Intime: 34.05±3.69
F1 (Intime): 33.47±3.72
