1e-04
Subject Number: 1
Accuracy Cross: [0.4117647058823529, 0.4117647058823529, 0.35294117647058826, 0.4411764705882353, 0.4264705882352941, 0.43478260869565216, 0.4057971014492754, 0.4057971014492754, 0.43478260869565216, 0.2898550724637681, 0.35294117647058826, 0.4264705882352941, 0.5, 0.4411764705882353, 0.4852941176470588]
 mean: 0.41473429951690827, std: 0.05042197948997541
F1 Score: [0.4398098633392751, 0.42011956297670583, 0.34838201014671605, 0.47365491651205943, 0.44807900432900427, 0.41551383399209485, 0.39489064856711914, 0.3848603271095672, 0.41524329329207377, 0.29077246798835216, 0.334191403834261, 0.42562724014336917, 0.5145864661654136, 0.43057187622405013, 0.46546173125120494]
 mean: 0.41345097639141776, std: 0.055180439545653694
Accuracy Intime: [0.5357142857142857, 0.5714285714285714, 0.35714285714285715, 0.34615384615384615, 0.46153846153846156, 0.6428571428571429, 0.6428571428571429, 0.4642857142857143, 0.6153846153846154, 0.5, 0.5, 0.5, 0.32142857142857145, 0.38461538461538464, 0.5]
 mean: 0.48956043956043954, std: 0.10030144157118731
F1 (Intime): [0.48818277310924374, 0.5638888888888889, 0.33733766233766227, 0.3425595238095238, 0.4670814479638009, 0.6046052631578946, 0.6595238095238094, 0.48887631975867274, 0.6459899749373433, 0.5166666666666666, 0.4980392156862745, 0.503968253968254, 0.3507422402159244, 0.3780448717948718, 0.5004662004662004]
 mean: 0.48973154081900205, std: 0.10008177449361091
--------------------------------------------------
Subject Number: 2
Accuracy Cross: [0.2318840579710145, 0.2608695652173913, 0.2463768115942029, 0.18840579710144928, 0.2463768115942029, 0.27941176470588236, 0.25, 0.39705882352941174, 0.39705882352941174, 0.3382352941176471, 0.3333333333333333, 0.3333333333333333, 0.3333333333333333, 0.34782608695652173, 0.391304347826087]
 mean: 0.3049872122762149, std: 0.06386748908904587
F1 Score: [0.2538448115923009, 0.2737821565407772, 0.27337164750957854, 0.2246207384967792, 0.276996151996152, 0.26117605059159527, 0.23154477101845525, 0.4128010509414684, 0.37198835647111506, 0.3548488913438018, 0.29753334900393724, 0.27616534474698134, 0.31705113192818113, 0.29855019493177387, 0.36017856456387193]
 mean: 0.29896354744511794, std: 0.052483990676062416
Accuracy Intime: [0.6428571428571429, 0.5357142857142857, 0.4642857142857143, 0.5769230769230769, 0.46153846153846156, 0.5357142857142857, 0.39285714285714285, 0.2857142857142857, 0.42857142857142855, 0.34615384615384615, 0.5357142857142857, 0.39285714285714285, 0.42857142857142855, 0.5, 0.3076923076923077]
 mean: 0.4556776556776557, std: 0.09769753354763659
F1 (Intime): [0.6470722260195944, 0.5446549773755657, 0.4353174603174603, 0.506359649122807, 0.4496753246753247, 0.532051282051282, 0.3516447368421053, 0.2863636363636364, 0.41269841269841273, 0.33636363636363636, 0.4600000000000001, 0.40277777777777773, 0.3789335664335664, 0.5238095238095238, 0.27125506072874495]
 mean: 0.4359318180386291, std: 0.10016188576437961
--------------------------------------------------
Subject Number: 3
Accuracy Cross: [0.3382352941176471, 0.3088235294117647, 0.27941176470588236, 0.2647058823529412, 0.27941176470588236, 0.36231884057971014, 0.2463768115942029, 0.21739130434782608, 0.2898550724637681, 0.30434782608695654, 0.2753623188405797, 0.2463768115942029, 0.30434782608695654, 0.30434782608695654, 0.3333333333333333]
 mean: 0.2903097470872407, std: 0.03702358428743138
F1 Score: [0.33432449852229135, 0.30519083992714824, 0.28249898249898253, 0.25789473684210523, 0.2794440853264383, 0.3247198879551821, 0.24696228620647226, 0.20267321331151117, 0.2456060606060606, 0.31419703187829046, 0.2649740610266926, 0.2220267417311752, 0.2937798425603303, 0.28254358058454726, 0.30756734535804303]
 mean: 0.27762687962235133, std: 0.036480690309513335
Accuracy Intime: [0.5357142857142857, 0.35714285714285715, 0.42857142857142855, 0.4642857142857143, 0.4230769230769231, 0.42857142857142855, 0.21428571428571427, 0.39285714285714285, 0.3076923076923077, 0.6153846153846154, 0.42857142857142855, 0.39285714285714285, 0.39285714285714285, 0.38461538461538464, 0.4230769230769231]
 mean: 0.4126373626373628, std: 0.08767252156815948
F1 (Intime): [0.5391414141414141, 0.3329580636082184, 0.4165064102564103, 0.4375, 0.4341346153846154, 0.3744360902255639, 0.21235380116959063, 0.3403846153846154, 0.26666666666666666, 0.606060606060606, 0.4104166666666666, 0.31961313540260905, 0.4044642857142857, 0.39888583638583636, 0.4159090909090909]
 mean: 0.39396208653174597, std: 0.09404047777424483
--------------------------------------------------
Subject Number: 4
Accuracy Cross: [0.5072463768115942, 0.4492753623188406, 0.4782608695652174, 0.5507246376811594, 0.42028985507246375, 0.4927536231884058, 0.463768115942029, 0.4927536231884058, 0.4782608695652174, 0.391304347826087, 0.4057971014492754, 0.463768115942029, 0.37681159420289856, 0.4057971014492754, 0.4927536231884058]
 mean: 0.4579710144927537, std: 0.04727393168202925
F1 Score: [0.5236713678606454, 0.4480114078299196, 0.48687600644122386, 0.5427442123094297, 0.40442840973401245, 0.4853535353535353, 0.47049062049062046, 0.4952726017943409, 0.46510048028311424, 0.39628149628149634, 0.3881003256003256, 0.45549407114624507, 0.37954798824364044, 0.4097587486744433, 0.49653209109730845]
 mean: 0.4565108908760201, std: 0.04917759038264907
Accuracy Intime: [0.5357142857142857, 0.42857142857142855, 0.4642857142857143, 0.2857142857142857, 0.46153846153846156, 0.4642857142857143, 0.5714285714285714, 0.42857142857142855, 0.42857142857142855, 0.5, 0.5357142857142857, 0.4642857142857143, 0.75, 0.5, 0.4230769230769231]
 mean: 0.4827838827838828, std: 0.0959703464468092
F1 (Intime): [0.5156485671191553, 0.4313852813852814, 0.4788838612368024, 0.24100976422957848, 0.4214285714285714, 0.4935897435897436, 0.5951298701298702, 0.4281440781440781, 0.3883928571428571, 0.4714285714285714, 0.5363970588235294, 0.45997807017543857, 0.7436507936507937, 0.501082251082251, 0.4513305322128851]
 mean: 0.4771653247852938, std: 0.10424824878701767
--------------------------------------------------
Subject Number: 5
Accuracy Cross: [0.4117647058823529, 0.38235294117647056, 0.39705882352941174, 0.45588235294117646, 0.38235294117647056, 0.5441176470588235, 0.5294117647058824, 0.4411764705882353, 0.5882352941176471, 0.5147058823529411, 0.4264705882352941, 0.36764705882352944, 0.4264705882352941, 0.36764705882352944, 0.39705882352941174]
 mean: 0.44215686274509813, std: 0.06759731049387528
F1 Score: [0.3702107279693487, 0.34886499402628435, 0.40554893402719494, 0.46793206495095424, 0.40186754049445866, 0.5457036868801575, 0.5198810561713787, 0.4494930450812804, 0.600139553429027, 0.5150339422443081, 0.4213921582873196, 0.3685607684369294, 0.4105461149977232, 0.36707779886148006, 0.40177032019704434]
 mean: 0.4396015137369926, std: 0.07239270353706223
Accuracy Intime: [0.6428571428571429, 0.7142857142857143, 0.5357142857142857, 0.6153846153846154, 0.46153846153846156, 0.6071428571428571, 0.5357142857142857, 0.5, 0.5, 0.46153846153846156, 0.6071428571428571, 0.6428571428571429, 0.5714285714285714, 0.5384615384615384, 0.5769230769230769]
 mean: 0.5673992673992674, std: 0.06970206077268945
F1 (Intime): [0.6354038118744001, 0.7048076923076922, 0.5392816742081448, 0.568411980176686, 0.40883458646616544, 0.5820512820512821, 0.5575576384399914, 0.5071428571428571, 0.4068627450980392, 0.37944664031620556, 0.6234162895927602, 0.64019069166128, 0.5978767942583731, 0.494815233785822, 0.5388888888888889]
 mean: 0.5456659204179058, std: 0.09049574615698354
--------------------------------------------------
Subject Number: 6
Accuracy Cross: [0.5, 0.45588235294117646, 0.5147058823529411, 0.4411764705882353, 0.5147058823529411, 0.42028985507246375, 0.43478260869565216, 0.37681159420289856, 0.391304347826087, 0.34782608695652173, 0.34782608695652173, 0.391304347826087, 0.42028985507246375, 0.43478260869565216, 0.4927536231884058]
 mean: 0.43229610684853653, std: 0.053831252582216084
F1 Score: [0.49002187168610817, 0.4530116610817285, 0.5035152178444862, 0.4197210987529491, 0.49942084942084936, 0.33917763773632, 0.3537021154945683, 0.3167503942987324, 0.3398536385729234, 0.2701388888888889, 0.3474820772862388, 0.37072927072927075, 0.43019626769626773, 0.4250992063492064, 0.4895600960178965]
 mean: 0.403225352790429, std: 0.07219395379374367
Accuracy Intime: [0.6785714285714286, 0.5714285714285714, 0.5, 0.6071428571428571, 0.38461538461538464, 0.5714285714285714, 0.5357142857142857, 0.5357142857142857, 0.4230769230769231, 0.5, 0.5, 0.5, 0.5, 0.6538461538461539, 0.46153846153846156]
 mean: 0.5282051282051283, std: 0.07684105167961032
F1 (Intime): [0.6835357624831309, 0.5151515151515151, 0.46449456975772757, 0.5931372549019608, 0.256578947368421, 0.573015873015873, 0.557034632034632, 0.5325396825396825, 0.42386363636363633, 0.4201388888888889, 0.5137254901960784, 0.5006718771424654, 0.4307720057720058, 0.6333176691729323, 0.3989285714285714]
 mean: 0.49979375841450147, std: 0.1025967284372736
--------------------------------------------------
Subject Number: 7
Accuracy Cross: [0.5588235294117647, 0.45588235294117646, 0.5147058823529411, 0.5294117647058824, 0.4852941176470588, 0.35294117647058826, 0.39705882352941174, 0.3382352941176471, 0.4264705882352941, 0.39705882352941174, 0.47058823529411764, 0.38235294117647056, 0.36764705882352944, 0.45588235294117646, 0.38235294117647056]
 mean: 0.43431372549019603, std: 0.06551778214354362
F1 Score: [0.5339008859357697, 0.44747060348640366, 0.4744062244062244, 0.5094711416221713, 0.46707459207459207, 0.32414827719705763, 0.3707871137744911, 0.34018234672304437, 0.398656045751634, 0.35185185185185186, 0.46628919860627177, 0.3809984520123839, 0.37405638397017704, 0.4559343434343434, 0.38283668730650156]
 mean: 0.4185376098768611, std: 0.062398811580555824
Accuracy Intime: [0.4642857142857143, 0.5714285714285714, 0.42857142857142855, 0.4230769230769231, 0.38461538461538464, 0.5, 0.42857142857142855, 0.6785714285714286, 0.5384615384615384, 0.38461538461538464, 0.5714285714285714, 0.5357142857142857, 0.4642857142857143, 0.5, 0.38461538461538464]
 mean: 0.48388278388278394, std: 0.08147116351019132
F1 (Intime): [0.44157509157509156, 0.569327731092437, 0.37003968253968256, 0.39166666666666666, 0.3678571428571429, 0.4773391812865497, 0.42708333333333337, 0.6684294871794871, 0.43205128205128207, 0.3832167832167832, 0.5348484848484849, 0.5427350427350427, 0.4617898441427853, 0.4789758852258852, 0.3914820473644003]
 mean: 0.4625611790743369, std: 0.08264600164379372
--------------------------------------------------
Subject Number: 8
Accuracy Cross: [0.27941176470588236, 0.25, 0.27941176470588236, 0.3235294117647059, 0.2647058823529412, 0.3235294117647059, 0.3088235294117647, 0.29411764705882354, 0.27941176470588236, 0.29411764705882354, 0.20588235294117646, 0.25, 0.3088235294117647, 0.3382352941176471, 0.3235294117647059]
 mean: 0.28823529411764703, std: 0.03429971702850178
F1 Score: [0.2789563734214764, 0.2426725235548765, 0.3077975276131958, 0.3018903318903319, 0.2675438596491228, 0.3415090344438171, 0.28217033476349385, 0.29153665413533836, 0.27607709750566894, 0.29567797793604245, 0.18531468531468528, 0.23987010266080033, 0.31392045454545453, 0.3319241042645298, 0.30399698340874814]
 mean: 0.2840572030071721, std: 0.03806590562094893
Accuracy Intime: [0.39285714285714285, 0.42857142857142855, 0.35714285714285715, 0.2692307692307692, 0.34615384615384615, 0.32142857142857145, 0.39285714285714285, 0.35714285714285715, 0.19230769230769232, 0.38461538461538464, 0.25, 0.5, 0.35714285714285715, 0.38461538461538464, 0.4230769230769231]
 mean: 0.35714285714285715, std: 0.07379838852914643
F1 (Intime): [0.39652777777777776, 0.40782563025210083, 0.3761904761904762, 0.21875, 0.3577922077922078, 0.27647058823529413, 0.390909090909091, 0.36158694246929546, 0.1456140350877193, 0.3961385836385836, 0.17692307692307693, 0.544881221719457, 0.31240601503759396, 0.3659987071751778, 0.41858974358974355]
 mean: 0.34310693978650636, std: 0.09939619493833324
--------------------------------------------------
Subject Number: 9
Accuracy Cross: [0.4117647058823529, 0.5, 0.4117647058823529, 0.5588235294117647, 0.47058823529411764, 0.25, 0.36764705882352944, 0.38235294117647056, 0.3235294117647059, 0.2647058823529412, 0.38235294117647056, 0.4852941176470588, 0.36764705882352944, 0.36764705882352944, 0.4264705882352941]
 mean: 0.3980392156862746, std: 0.0811655766110557
F1 Score: [0.4224473443223443, 0.5298926862023362, 0.44803312629399583, 0.574983303279236, 0.4787334784010316, 0.24271346469622332, 0.36921799131101457, 0.37133753501400557, 0.33167013167013165, 0.2812452658688077, 0.39991249668669027, 0.4991337591947348, 0.39775290839120625, 0.3818530552353003, 0.4445372645372645]
 mean: 0.41156425407362157, std: 0.08637921495274502
Accuracy Intime: [0.5357142857142857, 0.35714285714285715, 0.5357142857142857, 0.46153846153846156, 0.34615384615384615, 0.6071428571428571, 0.6071428571428571, 0.5, 0.4230769230769231, 0.38461538461538464, 0.5, 0.5714285714285714, 0.5714285714285714, 0.46153846153846156, 0.5384615384615384]
 mean: 0.4934065934065934, std: 0.08278793467992424
F1 (Intime): [0.5180345969819654, 0.3653846153846154, 0.5499084249084248, 0.4843985671191553, 0.3284798534798534, 0.5859943977591037, 0.6059466848940533, 0.5, 0.4335057099762982, 0.3765664160401002, 0.4623376623376624, 0.5509898190045249, 0.5732142857142857, 0.45582137161084535, 0.5092032967032967]
 mean: 0.4866523801276124, std: 0.08067211576792363
--------------------------------------------------
Subject Number: 10
Accuracy Cross: [0.20588235294117646, 0.3382352941176471, 0.27941176470588236, 0.3382352941176471, 0.36764705882352944, 0.2647058823529412, 0.25, 0.3235294117647059, 0.27941176470588236, 0.25, 0.21739130434782608, 0.2608695652173913, 0.2898550724637681, 0.2898550724637681, 0.2898550724637681]
 mean: 0.28299232736572894, std: 0.04345911685916345
F1 Score: [0.1778846153846154, 0.3368403223505919, 0.2504637320044297, 0.3300505050505051, 0.36332240111309877, 0.25507659007659006, 0.25659428291007236, 0.32506651270831644, 0.27579365079365076, 0.2464035464035464, 0.20644421708251495, 0.25727443609022554, 0.28412339615387, 0.27893687707641196, 0.282032279314888]
 mean: 0.2750871576342218, std: 0.047547854672877476
Accuracy Intime: [0.2857142857142857, 0.42857142857142855, 0.32142857142857145, 0.3076923076923077, 0.23076923076923078, 0.4642857142857143, 0.42857142857142855, 0.35714285714285715, 0.34615384615384615, 0.38461538461538464, 0.39285714285714285, 0.35714285714285715, 0.35714285714285715, 0.3076923076923077, 0.4230769230769231]
 mean: 0.35952380952380947, std: 0.06073741679495357
F1 (Intime): [0.26418067226890757, 0.4242424242424242, 0.2688422688422688, 0.265158371040724, 0.2503156565656566, 0.44545454545454544, 0.4178571428571428, 0.32596153846153847, 0.3436563436563437, 0.37094017094017095, 0.33039215686274515, 0.3659663865546219, 0.3325757575757575, 0.3020833333333333, 0.45485625485625486]
 mean: 0.344165534900829, std: 0.06587589761436868
--------------------------------------------------
Subject Number: 11
Accuracy Cross: [0.36231884057971014, 0.3333333333333333, 0.30434782608695654, 0.2898550724637681, 0.2608695652173913, 0.43478260869565216, 0.4492753623188406, 0.4492753623188406, 0.43478260869565216, 0.43478260869565216, 0.36231884057971014, 0.37681159420289856, 0.43478260869565216, 0.36231884057971014, 0.391304347826087]
 mean: 0.37874396135265703, std: 0.05937117486275252
F1 Score: [0.3467941611234294, 0.3312961822660099, 0.30833333333333335, 0.29406021456102943, 0.26655138563769537, 0.3803776683087028, 0.4083887915406941, 0.4039015376032914, 0.39702322711606985, 0.3599057109182471, 0.29672695951765715, 0.3468633705475811, 0.380144783377542, 0.3398486638051066, 0.3472222222222222]
 mean: 0.3471625474585741, std: 0.041216865869797455
Accuracy Intime: [0.42857142857142855, 0.5357142857142857, 0.5357142857142857, 0.5714285714285714, 0.4230769230769231, 0.32142857142857145, 0.42857142857142855, 0.5357142857142857, 0.5, 0.46153846153846156, 0.2857142857142857, 0.32142857142857145, 0.4642857142857143, 0.4642857142857143, 0.46153846153846156]
 mean: 0.4492673992673993, std: 0.08231902939538599
F1 (Intime): [0.35, 0.526098901098901, 0.5075757575757576, 0.5682650682650683, 0.4083333333333333, 0.3472222222222222, 0.35574229691876746, 0.5242424242424243, 0.4934294871794872, 0.4547979797979798, 0.24523809523809526, 0.26517857142857143, 0.43646825396825395, 0.4853767942583732, 0.4287438052143935]
 mean: 0.42644753271610863, std: 0.09357694934259055
--------------------------------------------------
Subject Number: 12
Accuracy Cross: [0.5147058823529411, 0.5294117647058824, 0.47058823529411764, 0.5294117647058824, 0.47058823529411764, 0.391304347826087, 0.463768115942029, 0.42028985507246375, 0.4492753623188406, 0.391304347826087, 0.4264705882352941, 0.4117647058823529, 0.35294117647058826, 0.4117647058823529, 0.4264705882352941]
 mean: 0.4440039784029554, std: 0.05067706239071802
F1 Score: [0.4993614197427884, 0.5350786326396082, 0.43106866537717603, 0.5253796546702725, 0.4549710688873251, 0.39802371809715753, 0.43026710921447764, 0.4238915078226413, 0.4446211683053788, 0.39812312312312315, 0.4075276087446472, 0.4018925518925519, 0.3502136752136752, 0.4135373670257391, 0.4334578345948483]
 mean: 0.43649434035676077, std: 0.048425547385551736
Accuracy Intime: [0.5, 0.6071428571428571, 0.5714285714285714, 0.46153846153846156, 0.4230769230769231, 0.5, 0.39285714285714285, 0.5357142857142857, 0.38461538461538464, 0.34615384615384615, 0.5714285714285714, 0.6071428571428571, 0.42857142857142855, 0.5384615384615384, 0.5]
 mean: 0.4912087912087912, std: 0.07988287928744445
F1 (Intime): [0.49855455002513827, 0.5815656565656566, 0.5498473748473749, 0.4220588235294117, 0.3359477124183006, 0.5017482517482518, 0.37374847374847375, 0.5324754901960784, 0.3055555555555556, 0.3386904761904762, 0.5983314479638009, 0.6117408906882591, 0.4008467023172906, 0.4242424242424242, 0.4232492997198879]
 mean: 0.45990687531709207, std: 0.09745386258431467
--------------------------------------------------
Subject Number: 13
Accuracy Cross: [0.38235294117647056, 0.39705882352941174, 0.45588235294117646, 0.35294117647058826, 0.47058823529411764, 0.37681159420289856, 0.391304347826087, 0.30434782608695654, 0.391304347826087, 0.4492753623188406, 0.39705882352941174, 0.3382352941176471, 0.3382352941176471, 0.3382352941176471, 0.36764705882352944]
 mean: 0.3834185848252344, std: 0.045667142873295555
F1 Score: [0.38530133109736925, 0.39484393757503, 0.4677574370709382, 0.369710987583328, 0.4739010989010989, 0.37586209356408096, 0.40285060975609754, 0.3085339541221894, 0.4096995201671192, 0.46177944862155385, 0.40667495081288185, 0.36047922922922926, 0.3594528777455607, 0.36000631313131315, 0.3709386305685717]
 mean: 0.39385282799642407, std: 0.0441269710226001
Accuracy Intime: [0.42857142857142855, 0.42857142857142855, 0.5, 0.38461538461538464, 0.34615384615384615, 0.39285714285714285, 0.5714285714285714, 0.4642857142857143, 0.34615384615384615, 0.38461538461538464, 0.5357142857142857, 0.4642857142857143, 0.5, 0.5384615384615384, 0.38461538461538464]
 mean: 0.4446886446886447, std: 0.06999021405500364
F1 (Intime): [0.4463383838383838, 0.4128028404344194, 0.5159987071751777, 0.3941940412528648, 0.2985527544351074, 0.33035714285714285, 0.5817460317460318, 0.47619047619047616, 0.3778846153846154, 0.40625, 0.5261655011655012, 0.475, 0.5036360698125404, 0.5487179487179487, 0.37884615384615383]
 mean: 0.44484537779042416, std: 0.07957724293298049
--------------------------------------------------
Subject Number: 14
Accuracy Cross: [0.3088235294117647, 0.25, 0.3235294117647059, 0.35294117647058826, 0.35294117647058826, 0.3235294117647059, 0.4264705882352941, 0.36764705882352944, 0.36764705882352944, 0.3235294117647059, 0.45588235294117646, 0.35294117647058826, 0.38235294117647056, 0.29411764705882354, 0.3088235294117647]
 mean: 0.34607843137254896, std: 0.049759127609605956
F1 Score: [0.344168226891339, 0.26050844580256344, 0.34429519298457967, 0.3545660688517831, 0.366781405717283, 0.33657876191535924, 0.43678398895790205, 0.38060582713245883, 0.3833391833391833, 0.311954709372213, 0.4567688223938224, 0.3332847707847708, 0.3832469477630768, 0.2967168417668974, 0.3264921353156647]
 mean: 0.3544060885992597, std: 0.04862774229254144
Accuracy Intime: [0.35714285714285715, 0.5, 0.5357142857142857, 0.5, 0.46153846153846156, 0.4642857142857143, 0.5, 0.39285714285714285, 0.46153846153846156, 0.3076923076923077, 0.4642857142857143, 0.39285714285714285, 0.35714285714285715, 0.5384615384615384, 0.5]
 mean: 0.4489010989010989, std: 0.06824255454225645
F1 (Intime): [0.3599567099567099, 0.4764705882352941, 0.550239956122309, 0.5236291486291487, 0.44328808446455503, 0.45952380952380956, 0.4984848484848485, 0.4027777777777778, 0.46825396825396826, 0.32156862745098036, 0.4481045270518954, 0.38354978354978353, 0.3036199095022625, 0.5487179487179487, 0.5055361305361306]
 mean: 0.4462481212171614, std: 0.074960782673225
--------------------------------------------------
Subject Number: 15
Accuracy Cross: [0.39705882352941174, 0.3382352941176471, 0.38235294117647056, 0.4264705882352941, 0.39705882352941174, 0.5294117647058824, 0.5, 0.5, 0.47058823529411764, 0.5147058823529411, 0.45588235294117646, 0.3088235294117647, 0.4117647058823529, 0.38235294117647056, 0.36764705882352944]
 mean: 0.4254901960784314, std: 0.06476527280358331
F1 Score: [0.4209980375665825, 0.34503671314248, 0.4080589173468431, 0.45324285040854806, 0.41770833333333335, 0.5383696351438287, 0.504648351082986, 0.5141248391248391, 0.4887362637362638, 0.5187908496732025, 0.4545482982982983, 0.332815734989648, 0.4137505999389153, 0.39950828157349894, 0.3767638410616853]
 mean: 0.4391401030947302, std: 0.06165591760476281
Accuracy Intime: [0.6071428571428571, 0.6071428571428571, 0.5357142857142857, 0.6153846153846154, 0.2692307692307692, 0.42857142857142855, 0.32142857142857145, 0.5357142857142857, 0.5384615384615384, 0.5384615384615384, 0.6428571428571429, 0.5, 0.5357142857142857, 0.6153846153846154, 0.5]
 mean: 0.5194139194139193, std: 0.1037209095443556
F1 (Intime): [0.6175324675324675, 0.6098484848484849, 0.541025641025641, 0.6409090909090909, 0.20833333333333331, 0.4206730769230769, 0.32616550116550114, 0.5390782828282829, 0.5446053946053946, 0.5411027568922305, 0.6243872549019608, 0.4944444444444444, 0.5506944444444444, 0.6166666666666666, 0.5318250377073906]
 mean: 0.5204861252152273, std: 0.1156453135478318
--------------------------------------------------
Subject Number: 16
Accuracy Cross: [0.4411764705882353, 0.47058823529411764, 0.4411764705882353, 0.4411764705882353, 0.47058823529411764, 0.4117647058823529, 0.4264705882352941, 0.39705882352941174, 0.38235294117647056, 0.35294117647058826, 0.45588235294117646, 0.5147058823529411, 0.47058823529411764, 0.4117647058823529, 0.4852941176470588]
 mean: 0.4382352941176471, std: 0.04096584787407093
F1 Score: [0.38896126623629157, 0.4060121936045788, 0.4207152496626181, 0.4396442791407386, 0.431068931068931, 0.4037662337662338, 0.430952380952381, 0.3844787675606641, 0.36862189044352234, 0.36120528407762453, 0.4068713450292397, 0.46372549019607845, 0.43796992481203006, 0.39561429222851935, 0.4470300751879699]
 mean: 0.4124425069311615, std: 0.028618780814930037
Accuracy Intime: [0.6071428571428571, 0.5357142857142857, 0.6071428571428571, 0.6153846153846154, 0.6538461538461539, 0.5714285714285714, 0.5, 0.5714285714285714, 0.6153846153846154, 0.38461538461538464, 0.6071428571428571, 0.5357142857142857, 0.75, 0.6538461538461539, 0.46153846153846156]
 mean: 0.578021978021978, std: 0.08451423477095213
F1 (Intime): [0.6063391265597148, 0.44432773109243695, 0.6131760396466278, 0.6017628205128205, 0.6580086580086579, 0.5541666666666667, 0.486236802413273, 0.5524175579322638, 0.5688596491228071, 0.3875, 0.5840463458110517, 0.5362135284735904, 0.7556830424477484, 0.6696428571428572, 0.40538847117794485]
 mean: 0.5615846198005641, std: 0.09674594754985058
--------------------------------------------------
Subject Number: 17
Accuracy Cross: [0.5217391304347826, 0.43478260869565216, 0.42028985507246375, 0.36231884057971014, 0.4057971014492754, 0.36231884057971014, 0.34782608695652173, 0.4492753623188406, 0.42028985507246375, 0.37681159420289856, 0.4411764705882353, 0.39705882352941174, 0.4117647058823529, 0.47058823529411764, 0.4117647058823529]
 mean: 0.41558681443591944, std: 0.043767769628382774
F1 Score: [0.510351966873706, 0.4397831978319783, 0.40633754929960564, 0.36357292623277276, 0.4079706016578327, 0.32543059777102334, 0.3077999827719873, 0.40277557808045616, 0.38051671732522796, 0.338768115942029, 0.44182019530856737, 0.3924107142857143, 0.4068317099567099, 0.4821179154012737, 0.4033155806182122]
 mean: 0.4006535566238064, std: 0.0529087939452968
Accuracy Intime: [0.32142857142857145, 0.42857142857142855, 0.42857142857142855, 0.5384615384615384, 0.34615384615384615, 0.4642857142857143, 0.5, 0.4642857142857143, 0.6153846153846154, 0.6538461538461539, 0.42857142857142855, 0.5357142857142857, 0.42857142857142855, 0.5357142857142857, 0.5]
 mean: 0.4793040293040294, std: 0.08683443581618958
F1 (Intime): [0.3093137254901961, 0.40962301587301586, 0.37976190476190474, 0.41666666666666663, 0.25232198142414863, 0.4799019607843137, 0.5149572649572649, 0.4074754901960784, 0.5805555555555556, 0.652591706539075, 0.42708333333333326, 0.5220588235294117, 0.40261437908496733, 0.5415064102564103, 0.4869281045751634]
 mean: 0.452224021535167, std: 0.09972630800700681
--------------------------------------------------
Subject Number: 18
Accuracy Cross: [0.30434782608695654, 0.42028985507246375, 0.43478260869565216, 0.42028985507246375, 0.43478260869565216, 0.39705882352941174, 0.36764705882352944, 0.3382352941176471, 0.3235294117647059, 0.35294117647058826, 0.3235294117647059, 0.29411764705882354, 0.25, 0.36764705882352944, 0.36764705882352944]
 mean: 0.3597897129866439, std: 0.05336923077855635
F1 Score: [0.3014138542430912, 0.4278208440999139, 0.4339373680506685, 0.4387392244737679, 0.45887639839252736, 0.43287021902582545, 0.3840067159647055, 0.34945263465187565, 0.35517598343685297, 0.3838567462452157, 0.34210084033613447, 0.3181818181818182, 0.2773737373737374, 0.38101673101673095, 0.38846033064548807]
 mean: 0.3782188964092235, std: 0.052430404123807534
Accuracy Intime: [0.42857142857142855, 0.25, 0.6428571428571429, 0.5, 0.2692307692307692, 0.4642857142857143, 0.39285714285714285, 0.5357142857142857, 0.34615384615384615, 0.2692307692307692, 0.32142857142857145, 0.5, 0.6071428571428571, 0.34615384615384615, 0.38461538461538464]
 mean: 0.41721611721611723, std: 0.11825688361846874
F1 (Intime): [0.4396825396825397, 0.281328320802005, 0.666543982333456, 0.5208333333333333, 0.27289377289377287, 0.4892156862745098, 0.40625, 0.5145299145299145, 0.3761904761904762, 0.29642857142857143, 0.31666666666666665, 0.4745670995670996, 0.5946969696969697, 0.3469967532467533, 0.358470695970696]
 mean: 0.4236863188411176, std: 0.11442598732179937
--------------------------------------------------
Subject Number: 19
Accuracy Cross: [0.25, 0.22058823529411764, 0.22058823529411764, 0.23529411764705882, 0.3235294117647059, 0.3088235294117647, 0.38235294117647056, 0.35294117647058826, 0.3235294117647059, 0.4264705882352941, 0.36764705882352944, 0.29411764705882354, 0.35294117647058826, 0.35294117647058826, 0.4264705882352941]
 mean: 0.3225490196078431, std: 0.06564968252071846
F1 Score: [0.21774903814953878, 0.23423423423423423, 0.22798684691267812, 0.21384032634032632, 0.33923210432498363, 0.27902467142260357, 0.3444626295690125, 0.3097983596804352, 0.3113586616635397, 0.43435672514619883, 0.3505268316589072, 0.30602240896358546, 0.31343700159489635, 0.3657849810433896, 0.4331501831501831]
 mean: 0.31206433359030084, std: 0.067614466257414
Accuracy Intime: [0.42857142857142855, 0.5, 0.35714285714285715, 0.6153846153846154, 0.38461538461538464, 0.5357142857142857, 0.42857142857142855, 0.42857142857142855, 0.46153846153846156, 0.4230769230769231, 0.5, 0.5357142857142857, 0.6071428571428571, 0.5, 0.5384615384615384]
 mean: 0.48296703296703297, std: 0.07343751405100493
F1 (Intime): [0.41912393162393163, 0.46664915966386555, 0.3788992869875223, 0.580392156862745, 0.42904040404040406, 0.531578947368421, 0.4413650075414781, 0.40128968253968256, 0.4635964912280702, 0.42814009661835745, 0.4895833333333333, 0.5100250626566416, 0.6039682539682539, 0.47083333333333327, 0.49467418546365904]
 mean: 0.4739439555486466, std: 0.06120922949776471
--------------------------------------------------
Subject Number: 20
Accuracy Cross: [0.47058823529411764, 0.47058823529411764, 0.5147058823529411, 0.4117647058823529, 0.4852941176470588, 0.39705882352941174, 0.4411764705882353, 0.4117647058823529, 0.4411764705882353, 0.38235294117647056, 0.4057971014492754, 0.42028985507246375, 0.4057971014492754, 0.42028985507246375, 0.42028985507246375]
 mean: 0.43326229042341574, std: 0.03567666007595183
F1 Score: [0.46834519780604505, 0.4789008029399179, 0.5093073593073593, 0.42054429310526875, 0.49691045345730844, 0.41300916776460256, 0.45951215247420873, 0.42907268170426066, 0.42670459933617827, 0.4029464687359424, 0.41769935884592263, 0.4227065826330533, 0.4007034094670639, 0.41424349881796685, 0.4309341950646298]
 mean: 0.4394360147639819, std: 0.03326393658543482
Accuracy Intime: [0.6071428571428571, 0.5357142857142857, 0.5, 0.3076923076923077, 0.4230769230769231, 0.6428571428571429, 0.6428571428571429, 0.5714285714285714, 0.5, 0.5384615384615384, 0.5714285714285714, 0.5714285714285714, 0.4642857142857143, 0.4230769230769231, 0.4230769230769231]
 mean: 0.5148351648351649, std: 0.09057771883514232
F1 (Intime): [0.5970238095238095, 0.5498366013071895, 0.4926900584795321, 0.24126984126984125, 0.4177350427350427, 0.6481052036199095, 0.6404061624649859, 0.5716093117408907, 0.40824175824175823, 0.5114285714285715, 0.5659090909090909, 0.583908371040724, 0.4873440285204991, 0.3895797185270869, 0.3526785714285714]
 mean: 0.49718440941583364, std: 0.11144768807284126
--------------------------------------------------
Subject Number: 21
Accuracy Cross: [0.4117647058823529, 0.4117647058823529, 0.5, 0.35294117647058826, 0.38235294117647056, 0.38235294117647056, 0.4117647058823529, 0.4411764705882353, 0.4411764705882353, 0.45588235294117646, 0.3382352941176471, 0.4264705882352941, 0.39705882352941174, 0.3382352941176471, 0.36764705882352944]
 mean: 0.403921568627451, std: 0.04391018760109547
F1 Score: [0.3890068556968978, 0.3873038528174243, 0.46678653154625693, 0.3297481933152665, 0.3491466866466866, 0.34881383058533244, 0.40893558134937447, 0.430215819534705, 0.4220328282828283, 0.43732219061166433, 0.3214285714285714, 0.41100045787545786, 0.3537928479788945, 0.3139771274940236, 0.32593582887700534]
 mean: 0.3796964802693593, std: 0.04682352430549528
Accuracy Intime: [0.5, 0.6785714285714286, 0.5, 0.5, 0.38461538461538464, 0.4642857142857143, 0.5, 0.5357142857142857, 0.38461538461538464, 0.38461538461538464, 0.42857142857142855, 0.6071428571428571, 0.39285714285714285, 0.5, 0.46153846153846156]
 mean: 0.4815018315018316, std: 0.08115310007485677
F1 (Intime): [0.4665404040404041, 0.6737637362637363, 0.40705128205128205, 0.45807072829131656, 0.38422619047619044, 0.446524064171123, 0.49416208791208793, 0.44705882352941173, 0.3516917293233083, 0.37884615384615383, 0.4146270396270396, 0.6013257575757576, 0.36087092731829573, 0.4582055371529056, 0.46255411255411255]
 mean: 0.4537012382755417, std: 0.0838221522760819
--------------------------------------------------
Subject Number: 22
Accuracy Cross: [0.36764705882352944, 0.4264705882352941, 0.27941176470588236, 0.35294117647058826, 0.3088235294117647, 0.2898550724637681, 0.3188405797101449, 0.36231884057971014, 0.391304347826087, 0.2608695652173913, 0.36764705882352944, 0.35294117647058826, 0.36764705882352944, 0.35294117647058826, 0.45588235294117646]
 mean: 0.3503694231315714, std: 0.05104608630143281
F1 Score: [0.387149672033393, 0.4375173142815485, 0.2916159501436292, 0.3746031746031746, 0.31976744186046513, 0.2672301354213985, 0.30353704266747744, 0.35275362318840575, 0.4021100899414791, 0.2566298525961666, 0.3915255129571866, 0.37926414670600717, 0.3860053056178677, 0.37935897435897437, 0.48427996422182473]
 mean: 0.36088988003993333, std: 0.06077797907526907
Accuracy Intime: [0.5357142857142857, 0.39285714285714285, 0.39285714285714285, 0.4230769230769231, 0.2692307692307692, 0.5, 0.5357142857142857, 0.35714285714285715, 0.4230769230769231, 0.38461538461538464, 0.5357142857142857, 0.5, 0.39285714285714285, 0.4230769230769231, 0.38461538461538464]
 mean: 0.4300366300366301, std: 0.0743341592329121
F1 (Intime): [0.5490790255496139, 0.4029034690799397, 0.3683982683982684, 0.40906593406593406, 0.2303921568627451, 0.48096179183135707, 0.5422077922077921, 0.3515442890442891, 0.3447802197802198, 0.35574229691876746, 0.5175585284280937, 0.4977272727272727, 0.40476190476190477, 0.43098262032085566, 0.3243464052287582]
 mean: 0.4140301316803875, std: 0.0869246734047784
--------------------------------------------------
Subject Number: 23
Accuracy Cross: [0.3188405797101449, 0.4057971014492754, 0.37681159420289856, 0.5072463768115942, 0.43478260869565216, 0.4117647058823529, 0.4264705882352941, 0.45588235294117646, 0.5147058823529411, 0.4852941176470588, 0.3333333333333333, 0.36231884057971014, 0.36231884057971014, 0.3333333333333333, 0.34782608695652173]
 mean: 0.40511508951406644, std: 0.06235517752132386
F1 Score: [0.3253678664448235, 0.404580857947731, 0.3734967320261438, 0.502198761280235, 0.4522639522639522, 0.37598730900893373, 0.42107371794871795, 0.4471453833522799, 0.5161667161667162, 0.4475245928076117, 0.28672485906528455, 0.3443380430031111, 0.3546313874386964, 0.2978229317851959, 0.30805634446904784]
 mean: 0.39049196366723204, std: 0.0702337673079729
Accuracy Intime: [0.42857142857142855, 0.5357142857142857, 0.5714285714285714, 0.38461538461538464, 0.46153846153846156, 0.42857142857142855, 0.6071428571428571, 0.5357142857142857, 0.5, 0.4230769230769231, 0.5714285714285714, 0.5714285714285714, 0.42857142857142855, 0.6153846153846154, 0.46153846153846156]
 mean: 0.5016483516483515, std: 0.07307761160820253
F1 (Intime): [0.4442163100057837, 0.5471014492753623, 0.5575757575757575, 0.3073863636363636, 0.39400584795321636, 0.4620448179271709, 0.6259469696969696, 0.5348178137651821, 0.5119047619047619, 0.39369658119658124, 0.6093567251461988, 0.5394815023297995, 0.4616013071895425, 0.623249299719888, 0.43353174603174605]
 mean: 0.49639448355695487, std: 0.08994195440129918
--------------------------------------------------
Subject Number: 24
Accuracy Cross: [0.35294117647058826, 0.35294117647058826, 0.3088235294117647, 0.3382352941176471, 0.3382352941176471, 0.3088235294117647, 0.3382352941176471, 0.38235294117647056, 0.38235294117647056, 0.3235294117647059, 0.29411764705882354, 0.27941176470588236, 0.25, 0.35294117647058826, 0.3088235294117647]
 mean: 0.3274509803921568, std: 0.03540288252013291
F1 Score: [0.35513998289733584, 0.3536672140120416, 0.31170576735092864, 0.32289174641148327, 0.3341581076875194, 0.3088795172336568, 0.335632183908046, 0.38066638370118844, 0.37993990534313116, 0.319036580284458, 0.30769475248880285, 0.2803280948442239, 0.25209460869998723, 0.3556547619047619, 0.30495798319327727]
 mean: 0.3268298393307228, std: 0.034080604586590194
Accuracy Intime: [0.39285714285714285, 0.25, 0.5357142857142857, 0.3076923076923077, 0.23076923076923078, 0.32142857142857145, 0.2857142857142857, 0.4642857142857143, 0.5769230769230769, 0.4230769230769231, 0.32142857142857145, 0.35714285714285715, 0.25, 0.4230769230769231, 0.46153846153846156]
 mean: 0.3734432234432234, std: 0.10249605277819808
F1 (Intime): [0.37327317290552586, 0.22973137973137972, 0.548202614379085, 0.3019230769230769, 0.19433198380566802, 0.30829346092503984, 0.28948412698412695, 0.4498376623376623, 0.5645824763471823, 0.43139083139083134, 0.29485645933014354, 0.38257575757575757, 0.23979207067442362, 0.41111111111111104, 0.4590409590409591]
 mean: 0.3652284762307982, std: 0.10870980652282468
--------------------------------------------------
Subject Number: 25
Accuracy Cross: [0.4057971014492754, 0.34782608695652173, 0.4057971014492754, 0.4492753623188406, 0.36231884057971014, 0.45588235294117646, 0.39705882352941174, 0.39705882352941174, 0.45588235294117646, 0.47058823529411764, 0.39705882352941174, 0.39705882352941174, 0.4852941176470588, 0.38235294117647056, 0.38235294117647056]
 mean: 0.41277351520318284, std: 0.039455223882180895
F1 Score: [0.3551968270442583, 0.315847414234511, 0.37548725637181407, 0.4087978190800771, 0.33339985486211904, 0.3866715939886672, 0.34916413373860183, 0.3607692307692308, 0.38555555555555554, 0.38771558918437743, 0.3902597402597402, 0.36569499517736576, 0.45783184445226777, 0.3236128515733779, 0.29392857142857143]
 mean: 0.36599555184803567, std: 0.0393456532760753
Accuracy Intime: [0.5357142857142857, 0.5357142857142857, 0.5, 0.5384615384615384, 0.46153846153846156, 0.4642857142857143, 0.5357142857142857, 0.42857142857142855, 0.6923076923076923, 0.46153846153846156, 0.35714285714285715, 0.5, 0.4642857142857143, 0.46153846153846156, 0.34615384615384615]
 mean: 0.48553113553113547, std: 0.07971431567543494
F1 (Intime): [0.5006598793363499, 0.5194444444444444, 0.5061934389140271, 0.5562499999999999, 0.40422077922077915, 0.3888888888888889, 0.5239400584795322, 0.4448125404007757, 0.560515873015873, 0.40236928104575165, 0.3443452380952381, 0.47316919191919193, 0.38796791443850265, 0.38123249299719886, 0.30089285714285713]
 mean: 0.4463268585559607, std: 0.07743804413395407
--------------------------------------------------
Subject Number: 26
Accuracy Cross: [0.36231884057971014, 0.391304347826087, 0.43478260869565216, 0.36231884057971014, 0.5507246376811594, 0.35294117647058826, 0.3235294117647059, 0.3382352941176471, 0.35294117647058826, 0.27941176470588236, 0.5294117647058824, 0.4411764705882353, 0.4411764705882353, 0.45588235294117646, 0.4852941176470588]
 mean: 0.40676328502415465, std: 0.07542171216887834
F1 Score: [0.38113903529725035, 0.4004305977710233, 0.4484011627906977, 0.3855654463749034, 0.5558574879227053, 0.38160708150103695, 0.3471708530679581, 0.3520908004778972, 0.3661385523454489, 0.3242424242424242, 0.5478822055137844, 0.4541666666666666, 0.4509040458288578, 0.46803305634827375, 0.4813414477624711]
 mean: 0.4229980575940932, std: 0.06841758488938532
Accuracy Intime: [0.5, 0.39285714285714285, 0.42857142857142855, 0.4230769230769231, 0.4230769230769231, 0.4642857142857143, 0.6071428571428571, 0.5, 0.5, 0.4230769230769231, 0.5357142857142857, 0.2857142857142857, 0.35714285714285715, 0.46153846153846156, 0.3076923076923077]
 mean: 0.44065934065934065, std: 0.0817851190608335
F1 (Intime): [0.5123397435897437, 0.3787581699346405, 0.4145021645021645, 0.44166666666666665, 0.4453781512605042, 0.46105769230769234, 0.6191176470588236, 0.48457040035987403, 0.5297619047619047, 0.43657078215901746, 0.5137254901960784, 0.2892909356725146, 0.38407557354925775, 0.4624272786037492, 0.29409888357256775]
 mean: 0.4444894322796799, std: 0.08367057815646406
--------------------------------------------------
Subject Number: 27
Accuracy Cross: [0.5217391304347826, 0.43478260869565216, 0.42028985507246375, 0.36231884057971014, 0.4057971014492754, 0.36231884057971014, 0.34782608695652173, 0.4492753623188406, 0.42028985507246375, 0.37681159420289856, 0.4411764705882353, 0.39705882352941174, 0.4117647058823529, 0.47058823529411764, 0.4117647058823529]
 mean: 0.41558681443591944, std: 0.043767769628382774
F1 Score: [0.510351966873706, 0.4397831978319783, 0.40633754929960564, 0.36357292623277276, 0.4079706016578327, 0.32543059777102334, 0.3077999827719873, 0.40277557808045616, 0.38051671732522796, 0.338768115942029, 0.44182019530856737, 0.3924107142857143, 0.4068317099567099, 0.4821179154012737, 0.4033155806182122]
 mean: 0.4006535566238064, std: 0.0529087939452968
Accuracy Intime: [0.32142857142857145, 0.42857142857142855, 0.42857142857142855, 0.5384615384615384, 0.34615384615384615, 0.4642857142857143, 0.5, 0.4642857142857143, 0.6153846153846154, 0.6538461538461539, 0.42857142857142855, 0.5357142857142857, 0.42857142857142855, 0.5357142857142857, 0.5]
 mean: 0.4793040293040294, std: 0.08683443581618958
F1 (Intime): [0.3093137254901961, 0.40962301587301586, 0.37976190476190474, 0.41666666666666663, 0.25232198142414863, 0.4799019607843137, 0.5149572649572649, 0.4074754901960784, 0.5805555555555556, 0.652591706539075, 0.42708333333333326, 0.5220588235294117, 0.40261437908496733, 0.5415064102564103, 0.4869281045751634]
 mean: 0.452224021535167, std: 0.09972630800700681
--------------------------------------------------
Subject Number: 28
Accuracy Cross: [0.27941176470588236, 0.3088235294117647, 0.3088235294117647, 0.2647058823529412, 0.2647058823529412, 0.22058823529411764, 0.29411764705882354, 0.19117647058823528, 0.2647058823529412, 0.3088235294117647, 0.36764705882352944, 0.39705882352941174, 0.38235294117647056, 0.39705882352941174, 0.35294117647058826]
 mean: 0.3068627450980392, std: 0.060483124765439926
F1 Score: [0.27014872014872016, 0.3023065301326171, 0.29851812771067426, 0.2454407294832827, 0.2841269841269841, 0.21929837571407032, 0.2960151222651223, 0.1857982968648566, 0.24277360066833753, 0.3037716969168582, 0.3489010989010989, 0.37622100122100116, 0.386116680032077, 0.39566012448321297, 0.3415425971877584]
 mean: 0.29977597905711145, std: 0.05971039192348959
Accuracy Intime: [0.39285714285714285, 0.5, 0.39285714285714285, 0.6923076923076923, 0.46153846153846156, 0.35714285714285715, 0.32142857142857145, 0.39285714285714285, 0.34615384615384615, 0.6153846153846154, 0.42857142857142855, 0.35714285714285715, 0.4642857142857143, 0.34615384615384615, 0.38461538461538464]
 mean: 0.43021978021978025, std: 0.1009644351830839
F1 (Intime): [0.3868778280542986, 0.4607793522267206, 0.3683213716108453, 0.640703781512605, 0.47315592903828196, 0.27836134453781514, 0.3098039215686274, 0.3375841750841751, 0.3798103856927386, 0.6125541125541125, 0.42788461538461536, 0.35396825396825393, 0.4976190476190476, 0.33035714285714285, 0.3775974025974026]
 mean: 0.41569191095377883, std: 0.10154088610057083
--------------------------------------------------
Subject Number: 29
Accuracy Cross: [0.5294117647058824, 0.5147058823529411, 0.4852941176470588, 0.5, 0.5294117647058824, 0.5294117647058824, 0.5441176470588235, 0.45588235294117646, 0.5882352941176471, 0.5147058823529411, 0.5362318840579711, 0.5217391304347826, 0.4927536231884058, 0.5652173913043478, 0.5072463768115942]
 mean: 0.520957658425689, std: 0.0310670896879514
F1 Score: [0.5329272579272579, 0.518893653516295, 0.49481834775952416, 0.5043767507002801, 0.525, 0.5521900678150677, 0.5580357142857143, 0.4749448137683675, 0.611617183985605, 0.5421390013495277, 0.5603146853146853, 0.539033189033189, 0.51839447102605, 0.5816063742322387, 0.528216575091575]
 mean: 0.5361672057203586, std: 0.03306615827330797
Accuracy Intime: [0.5357142857142857, 0.5357142857142857, 0.6428571428571429, 0.6153846153846154, 0.5384615384615384, 0.5, 0.5357142857142857, 0.6785714285714286, 0.46153846153846156, 0.5384615384615384, 0.4642857142857143, 0.5357142857142857, 0.4642857142857143, 0.46153846153846156, 0.46153846153846156]
 mean: 0.5313186813186813, std: 0.0663054255046637
F1 (Intime): [0.5581640581640581, 0.5348039215686275, 0.6456851971557853, 0.6428571428571428, 0.5582417582417583, 0.5010683760683761, 0.506021756021756, 0.6847285067873303, 0.5201465201465201, 0.5523809523809523, 0.47900641025641033, 0.5592055003819709, 0.4893290919606709, 0.5178571428571428, 0.4624272786037492]
 mean: 0.5474615742301501, std: 0.06268011140113783
--------------------------------------------------
**************************************************
accuracy_cross_list: [0.41473429951690827, 0.3049872122762149, 0.2903097470872407, 0.4579710144927537, 0.44215686274509813, 0.43229610684853653, 0.43431372549019603, 0.28823529411764703, 0.3980392156862746, 0.28299232736572894, 0.37874396135265703, 0.4440039784029554, 0.3834185848252344, 0.34607843137254896, 0.4254901960784314, 0.4382352941176471, 0.41558681443591944, 0.3597897129866439, 0.3225490196078431, 0.43326229042341574, 0.403921568627451, 0.3503694231315714, 0.40511508951406644, 0.3274509803921568, 0.41277351520318284, 0.40676328502415465, 0.41558681443591944, 0.3068627450980392, 0.520957658425689]
f1_score_list: [0.41345097639141776, 0.29896354744511794, 0.27762687962235133, 0.4565108908760201, 0.4396015137369926, 0.403225352790429, 0.4185376098768611, 0.2840572030071721, 0.41156425407362157, 0.2750871576342218, 0.3471625474585741, 0.43649434035676077, 0.39385282799642407, 0.3544060885992597, 0.4391401030947302, 0.4124425069311615, 0.4006535566238064, 0.3782188964092235, 0.31206433359030084, 0.4394360147639819, 0.3796964802693593, 0.36088988003993333, 0.39049196366723204, 0.3268298393307228, 0.36599555184803567, 0.4229980575940932, 0.4006535566238064, 0.29977597905711145, 0.5361672057203586]
accuracy_intime_list: [0.48956043956043954, 0.4556776556776557, 0.4126373626373628, 0.4827838827838828, 0.5673992673992674, 0.5282051282051283, 0.48388278388278394, 0.35714285714285715, 0.4934065934065934, 0.35952380952380947, 0.4492673992673993, 0.4912087912087912, 0.4446886446886447, 0.4489010989010989, 0.5194139194139193, 0.578021978021978, 0.4793040293040294, 0.41721611721611723, 0.48296703296703297, 0.5148351648351649, 0.4815018315018316, 0.4300366300366301, 0.5016483516483515, 0.3734432234432234, 0.48553113553113547, 0.44065934065934065, 0.4793040293040294, 0.43021978021978025, 0.5313186813186813]
f1_score_intime_list: [0.48973154081900205, 0.4359318180386291, 0.39396208653174597, 0.4771653247852938, 0.5456659204179058, 0.49979375841450147, 0.4625611790743369, 0.34310693978650636, 0.4866523801276124, 0.344165534900829, 0.42644753271610863, 0.45990687531709207, 0.44484537779042416, 0.4462481212171614, 0.5204861252152273, 0.5615846198005641, 0.452224021535167, 0.4236863188411176, 0.4739439555486466, 0.49718440941583364, 0.4537012382755417, 0.4140301316803875, 0.49639448355695487, 0.3652284762307982, 0.4463268585559607, 0.4444894322796799, 0.452224021535167, 0.41569191095377883, 0.5474615742301501]
**************************************************
ACC: 38.77±5.83
F1: 38.19±6.03
Intime: 46.93±5.33
F1 (Intime): 45.59±5.36
