1e-04
Subject Number: 1
Accuracy Cross: [0.7261904761904762, 0.7142857142857143, 0.7023809523809523, 0.75, 0.7023809523809523, 0.75, 0.8452380952380952, 0.7738095238095238, 0.7857142857142857, 0.8095238095238095, 0.7023809523809523, 0.75, 0.7738095238095238, 0.75, 0.7023809523809523]
 mean: 0.7492063492063491, std: 0.041573970964154924
F1 Score: [0.7039987743220468, 0.6888888888888889, 0.6734566941377702, 0.7333333333333334, 0.6734566941377702, 0.7470967741935484, 0.8446878111221732, 0.7730052624093302, 0.7855927396483267, 0.8090909090909091, 0.6734566941377702, 0.7333333333333334, 0.761613144137416, 0.7333333333333334, 0.6734566941377702]
 mean: 0.7338534053575814, std: 0.05202930781322667
Accuracy Intime: [0.8529411764705882, 0.9411764705882353, 0.9411764705882353, 0.9117647058823529, 0.90625, 0.6470588235294118, 0.7941176470588235, 0.7941176470588235, 0.7647058823529411, 0.875, 0.7352941176470589, 0.7647058823529411, 0.8529411764705882, 0.9705882352941176, 0.875]
 mean: 0.8417892156862746, std: 0.0870023816221144
F1 (Intime): [0.85178727114211, 0.9409722222222222, 0.9409722222222222, 0.9098143236074271, 0.906158357771261, 0.6357142857142857, 0.7925021795989537, 0.793939393939394, 0.7614035087719297, 0.8745098039215686, 0.7294429708222812, 0.7571428571428571, 0.8528138528138528, 0.9705627705627706, 0.8745098039215686]
 mean: 0.8394830549449803, std: 0.08972001277619256
--------------------------------------------------
Subject Number: 2
Accuracy Cross: [0.6904761904761905, 0.6547619047619048, 0.6666666666666666, 0.8214285714285714, 0.6904761904761905, 0.7380952380952381, 0.7976190476190477, 0.8095238095238095, 0.75, 0.7857142857142857, 0.7142857142857143, 0.75, 0.7857142857142857, 0.8333333333333334, 0.7142857142857143]
 mean: 0.7468253968253968, std: 0.05540796722446687
F1 Score: [0.671875, 0.6487382840663303, 0.664957264957265, 0.8183129055515501, 0.6755793226381461, 0.7343300747556067, 0.79408795962509, 0.8085470085470086, 0.7470967741935484, 0.7846153846153847, 0.7141236528644356, 0.7491110795050491, 0.7852272727272727, 0.8324786324786324, 0.7128205128205127]
 mean: 0.7427934086230555, std: 0.058053645438162986
Accuracy Intime: [0.9117647058823529, 0.7941176470588235, 0.7058823529411765, 0.8529411764705882, 0.71875, 0.8823529411764706, 0.8823529411764706, 0.8529411764705882, 0.8235294117647058, 0.5625, 0.7941176470588235, 0.8235294117647058, 0.7058823529411765, 0.7941176470588235, 0.8125]
 mean: 0.7944852941176471, std: 0.08690842616593043
F1 (Intime): [0.9110723626852659, 0.793939393939394, 0.7048611111111112, 0.8496905393457117, 0.7117117117117118, 0.8823529411764706, 0.8823529411764706, 0.8528138528138528, 0.8235294117647058, 0.5555555555555556, 0.793939393939394, 0.8229166666666667, 0.7048611111111112, 0.7895667550839964, 0.8117647058823529]
 mean: 0.7927285635975847, std: 0.08847473604891974
--------------------------------------------------
Subject Number: 3
Accuracy Cross: [0.5833333333333334, 0.6190476190476191, 0.5595238095238095, 0.5595238095238095, 0.5595238095238095, 0.7142857142857143, 0.6666666666666666, 0.6666666666666666, 0.6904761904761905, 0.6904761904761905, 0.6547619047619048, 0.6309523809523809, 0.6666666666666666, 0.6071428571428571, 0.7142857142857143]
 mean: 0.638888888888889, std: 0.053357893060227334
F1 Score: [0.5269509251810136, 0.5543766578249337, 0.4669867947178872, 0.4999195494770716, 0.4534904167399332, 0.7141236528644356, 0.664957264957265, 0.6666666666666666, 0.690300623936472, 0.690300623936472, 0.6080450522928399, 0.5727645611156686, 0.6313479623824452, 0.5452009844134537, 0.6888888888888889]
 mean: 0.5982880416930297, std: 0.08455263435794462
Accuracy Intime: [0.8529411764705882, 0.9117647058823529, 0.7352941176470589, 0.8235294117647058, 0.78125, 0.7647058823529411, 0.6176470588235294, 0.6764705882352942, 0.8235294117647058, 0.84375, 0.6470588235294118, 0.6764705882352942, 0.8235294117647058, 0.7352941176470589, 0.5625]
 mean: 0.7517156862745097, std: 0.09572121845663054
F1 (Intime): [0.8528138528138528, 0.9116883116883117, 0.7235772357723578, 0.8229166666666667, 0.7810361681329423, 0.7638888888888888, 0.6173160173160173, 0.652093023255814, 0.8235294117647058, 0.8398398398398399, 0.6470588235294118, 0.6739319965126417, 0.8178571428571428, 0.7332170880557978, 0.5465587044534412]
 mean: 0.7471548781031887, std: 0.09902523504861041
--------------------------------------------------
Subject Number: 4
Accuracy Cross: [0.7142857142857143, 0.6309523809523809, 0.6190476190476191, 0.6547619047619048, 0.6547619047619048, 0.6428571428571429, 0.7380952380952381, 0.7976190476190477, 0.7023809523809523, 0.7142857142857143, 0.75, 0.7380952380952381, 0.7857142857142857, 0.7023809523809523, 0.7023809523809523]
 mean: 0.7031746031746032, std: 0.05242903036480555
F1 Score: [0.7142857142857143, 0.6309000708717222, 0.6170940170940171, 0.6523476523476524, 0.654320987654321, 0.641025641025641, 0.7326388888888888, 0.7973605789697744, 0.6971881759192502, 0.7101782633697526, 0.7491110795050491, 0.7356979405034325, 0.7846153846153847, 0.7002997002997002, 0.702338766832034]
 mean: 0.7012935241454891, std: 0.05238951933786621
Accuracy Intime: [0.8529411764705882, 0.8529411764705882, 0.7058823529411765, 0.8235294117647058, 0.78125, 0.7941176470588235, 0.8529411764705882, 0.7352941176470589, 0.9117647058823529, 0.8125, 0.6764705882352942, 0.8235294117647058, 0.6764705882352942, 0.7647058823529411, 0.625]
 mean: 0.7792892156862744, std: 0.07812382255937021
F1 (Intime): [0.85178727114211, 0.8528138528138528, 0.7048611111111112, 0.8229166666666667, 0.7810361681329423, 0.793939393939394, 0.8528138528138528, 0.7350649350649351, 0.9116883116883117, 0.8117647058823529, 0.6761904761904762, 0.8229166666666667, 0.6761904761904762, 0.7571428571428571, 0.611336032388664]
 mean: 0.7774975185223113, std: 0.08003369681901965
--------------------------------------------------
Subject Number: 5
Accuracy Cross: [0.8095238095238095, 0.7619047619047619, 0.7976190476190477, 0.7261904761904762, 0.7738095238095238, 0.8571428571428571, 0.7857142857142857, 0.7857142857142857, 0.8452380952380952, 0.7619047619047619, 0.7619047619047619, 0.7738095238095238, 0.8452380952380952, 0.7738095238095238, 0.7380952380952381]
 mean: 0.7865079365079365, std: 0.037259347918430163
F1 Score: [0.8090909090909091, 0.7619047619047619, 0.7973605789697744, 0.7194714679831566, 0.7737774627923459, 0.8550891316848763, 0.7826336975273145, 0.7837528604118993, 0.8425378514780101, 0.761769710720363, 0.7597254004576659, 0.7735206470838655, 0.8452161587526577, 0.7698630136986302, 0.7367521367521368]
 mean: 0.7848310526205577, std: 0.037779619477152186
Accuracy Intime: [0.8529411764705882, 0.8529411764705882, 0.8823529411764706, 0.8529411764705882, 0.9375, 0.7647058823529411, 0.7941176470588235, 0.8235294117647058, 0.8529411764705882, 0.625, 0.7058823529411765, 0.8823529411764706, 0.9411764705882353, 0.7647058823529411, 0.75]
 mean: 0.8188725490196077, std: 0.08299889638561644
F1 (Intime): [0.8528138528138528, 0.85178727114211, 0.8819444444444444, 0.85178727114211, 0.9372549019607843, 0.7571428571428571, 0.7925021795989537, 0.8229166666666667, 0.8496905393457117, 0.625, 0.7048611111111112, 0.8823529411764706, 0.9409722222222222, 0.7614035087719297, 0.75]
 mean: 0.8174953178359482, std: 0.0833963231953851
--------------------------------------------------
Subject Number: 6
Accuracy Cross: [0.5714285714285714, 0.5952380952380952, 0.5952380952380952, 0.5952380952380952, 0.5952380952380952, 0.6547619047619048, 0.6190476190476191, 0.6547619047619048, 0.5714285714285714, 0.6547619047619048, 0.6190476190476191, 0.6547619047619048, 0.6190476190476191, 0.5714285714285714, 0.5714285714285714]
 mean: 0.6095238095238095, std: 0.03170632437371141
F1 Score: [0.5692307692307692, 0.595008508224617, 0.5931623931623932, 0.5943181818181817, 0.5915331807780321, 0.6462901118048496, 0.6188315371525808, 0.650752688172043, 0.5675057208237986, 0.6523476523476524, 0.6188315371525808, 0.6523476523476524, 0.6181818181818182, 0.5704545454545455, 0.5714285714285714]
 mean: 0.6073483245386725, std: 0.030872370940161997
Accuracy Intime: [0.7352941176470589, 0.6764705882352942, 0.6176470588235294, 0.7058823529411765, 0.71875, 0.6470588235294118, 0.7352941176470589, 0.7352941176470589, 0.7647058823529411, 0.71875, 0.6764705882352942, 0.7058823529411765, 0.6176470588235294, 0.5882352941176471, 0.6875]
 mean: 0.6887254901960784, std: 0.0496058692353164
F1 (Intime): [0.7294429708222812, 0.6761904761904762, 0.6173160173160173, 0.7048611111111112, 0.716256157635468, 0.6458333333333333, 0.7235772357723578, 0.7350649350649351, 0.7647058823529411, 0.716256157635468, 0.6739319965126417, 0.6886446886446886, 0.6091954022988506, 0.575, 0.6825396825396826]
 mean: 0.6839210698153501, std: 0.050882043322697496
--------------------------------------------------
Subject Number: 7
Accuracy Cross: [0.6666666666666666, 0.6071428571428571, 0.7261904761904762, 0.6428571428571429, 0.7023809523809523, 0.6309523809523809, 0.6309523809523809, 0.6071428571428571, 0.5714285714285714, 0.6428571428571429, 0.5952380952380952, 0.6428571428571429, 0.6071428571428571, 0.6309523809523809, 0.5238095238095238]
 mean: 0.6285714285714286, std: 0.04746005202452715
F1 Score: [0.6571428571428571, 0.6066411238825031, 0.71449682281661, 0.6354166666666667, 0.6896704595832718, 0.6110530246452577, 0.6187966622749231, 0.5809523809523809, 0.5692307692307692, 0.6294117647058823, 0.595008508224617, 0.6420454545454546, 0.6070871722182849, 0.6266666666666667, 0.4951923076923077]
 mean: 0.6185875094165636, std: 0.04947757198177664
Accuracy Intime: [0.6176470588235294, 0.6176470588235294, 0.6176470588235294, 0.8235294117647058, 0.8125, 0.5882352941176471, 0.7058823529411765, 0.5882352941176471, 0.6176470588235294, 0.6875, 0.5588235294117647, 0.6176470588235294, 0.5882352941176471, 0.6764705882352942, 0.59375]
 mean: 0.6474264705882352, std: 0.07737551392856361
F1 (Intime): [0.6007226738934056, 0.5888372093023255, 0.6173160173160173, 0.8235294117647058, 0.8125, 0.5868055555555556, 0.7048611111111112, 0.5868055555555556, 0.6007226738934056, 0.6862745098039216, 0.5553618134263296, 0.6007226738934056, 0.5824561403508772, 0.6739319965126417, 0.5733333333333333]
 mean: 0.639612045047506, std: 0.08135342307114767
--------------------------------------------------
Subject Number: 8
Accuracy Cross: [0.8452380952380952, 0.7857142857142857, 0.8333333333333334, 0.8333333333333334, 0.8452380952380952, 0.8690476190476191, 0.7857142857142857, 0.7738095238095238, 0.8333333333333334, 0.8333333333333334, 0.8333333333333334, 0.9047619047619048, 0.8928571428571429, 0.8928571428571429, 0.7976190476190477]
 mean: 0.8373015873015872, std: 0.03904245674999633
F1 Score: [0.8450404427415921, 0.7855927396483267, 0.8332387975042541, 0.8324786324786324, 0.8446878111221732, 0.869029057406095, 0.7852272727272727, 0.7730052624093302, 0.8332387975042541, 0.8318077803203661, 0.8332387975042541, 0.9045454545454545, 0.8921078921078921, 0.8928419560595322, 0.7973605789697744]
 mean: 0.836896084869947, std: 0.039112330236861795
Accuracy Intime: [0.9411764705882353, 0.9117647058823529, 0.9705882352941176, 0.9705882352941176, 0.96875, 0.9705882352941176, 0.8529411764705882, 0.7352941176470589, 0.7352941176470589, 0.84375, 0.9117647058823529, 0.9117647058823529, 0.9117647058823529, 0.7941176470588235, 0.84375]
 mean: 0.8849264705882355, std: 0.07853891218143778
F1 (Intime): [0.9411764705882353, 0.9098143236074271, 0.9705627705627706, 0.970357454228422, 0.9687194525904204, 0.9705627705627706, 0.85178727114211, 0.7294429708222812, 0.7350649350649351, 0.8435972629521017, 0.9116883116883117, 0.9116883116883117, 0.9110723626852659, 0.7925021795989537, 0.8435972629521017]
 mean: 0.884108940715628, std: 0.07940049216461066
--------------------------------------------------
Subject Number: 9
Accuracy Cross: [0.7380952380952381, 0.6547619047619048, 0.6785714285714286, 0.6904761904761905, 0.7261904761904762, 0.75, 0.7738095238095238, 0.6428571428571429, 0.7976190476190477, 0.7976190476190477, 0.6904761904761905, 0.7261904761904762, 0.7619047619047619, 0.7261904761904762, 0.7261904761904762]
 mean: 0.7253968253968253, std: 0.045688374490870653
F1 Score: [0.7306122448979592, 0.6523476523476524, 0.6648440963499335, 0.6788235294117647, 0.7214131218457102, 0.7499645641389086, 0.7735206470838655, 0.6420454545454546, 0.7975903614457831, 0.7968994453136111, 0.6576802507836991, 0.7039987743220468, 0.750445632798574, 0.7079365079365079, 0.7039987743220468]
 mean: 0.7154747371695678, std: 0.04923636255892074
Accuracy Intime: [0.8529411764705882, 0.7647058823529411, 0.8823529411764706, 0.7058823529411765, 0.8125, 0.7352941176470589, 0.7647058823529411, 0.7058823529411765, 0.8823529411764706, 0.78125, 0.8823529411764706, 0.9117647058823529, 0.9117647058823529, 0.9705882352941176, 0.9375]
 mean: 0.8334558823529413, std: 0.08336702750194348
F1 (Intime): [0.8528138528138528, 0.7638888888888888, 0.8823529411764706, 0.7017543859649122, 0.8125, 0.7332170880557978, 0.7614035087719297, 0.6964285714285714, 0.8823529411764706, 0.7810361681329423, 0.8823529411764706, 0.9110723626852659, 0.9110723626852659, 0.970357454228422, 0.9372549019607843]
 mean: 0.8319905579430696, std: 0.08503641333654974
--------------------------------------------------
Subject Number: 10
Accuracy Cross: [0.6190476190476191, 0.6904761904761905, 0.6666666666666666, 0.6190476190476191, 0.6309523809523809, 0.6547619047619048, 0.6071428571428571, 0.6666666666666666, 0.6190476190476191, 0.6666666666666666, 0.6785714285714286, 0.6785714285714286, 0.75, 0.7023809523809523, 0.6666666666666666]
 mean: 0.6611111111111111, std: 0.03685138655950444
F1 Score: [0.6181818181818182, 0.6816326530612244, 0.6618746405980449, 0.6135710178263369, 0.615191369883257, 0.6547129695251594, 0.6043956043956044, 0.6618746405980449, 0.6155606407322655, 0.6666666666666666, 0.6748387096774193, 0.6785258681785967, 0.7456380677721701, 0.6925779534475187, 0.6664775950085082]
 mean: 0.6567813477035092, std: 0.036852396645721514
Accuracy Intime: [0.8235294117647058, 0.6470588235294118, 0.6176470588235294, 0.6470588235294118, 0.5625, 0.8823529411764706, 0.7352941176470589, 0.7058823529411765, 0.6176470588235294, 0.6875, 0.7058823529411765, 0.5588235294117647, 0.6176470588235294, 0.5882352941176471, 0.53125]
 mean: 0.6618872549019608, std: 0.09449904213197112
F1 (Intime): [0.8229166666666667, 0.5968379446640316, 0.6146469049694856, 0.6357142857142857, 0.5333333333333333, 0.880701754385965, 0.7235772357723578, 0.6964285714285714, 0.6007226738934056, 0.6761133603238867, 0.6886446886446886, 0.5553618134263296, 0.6146469049694856, 0.5824561403508772, 0.5195195195195195]
 mean: 0.6494414532041927, std: 0.09831120126189204
--------------------------------------------------
Subject Number: 11
Accuracy Cross: [0.5833333333333334, 0.6428571428571429, 0.6190476190476191, 0.5238095238095238, 0.6547619047619048, 0.6904761904761905, 0.7142857142857143, 0.75, 0.7619047619047619, 0.6785714285714286, 0.7023809523809523, 0.75, 0.6547619047619048, 0.75, 0.7380952380952381]
 mean: 0.680952380952381, std: 0.06666666666666665
F1 Score: [0.5804195804195804, 0.6377228292121909, 0.6170940170940171, 0.5169637722829212, 0.6523476523476524, 0.690300623936472, 0.7142857142857143, 0.7456380677721701, 0.7613636363636364, 0.6781609195402298, 0.702338766832034, 0.7491110795050491, 0.654320987654321, 0.7499645641389086, 0.7375]
 mean: 0.6791688140923265, std: 0.06799281281111533
Accuracy Intime: [0.8235294117647058, 0.6470588235294118, 0.8235294117647058, 0.7352941176470589, 0.65625, 0.6470588235294118, 0.6470588235294118, 0.6764705882352942, 0.7352941176470589, 0.59375, 0.5, 0.7352941176470589, 0.6764705882352942, 0.7058823529411765, 0.71875]
 mean: 0.6881127450980391, std: 0.0796832535468357
F1 (Intime): [0.8229166666666667, 0.6470588235294118, 0.8210526315789474, 0.7350649350649351, 0.6559139784946236, 0.6421052631578947, 0.6458333333333333, 0.6739319965126417, 0.7350649350649351, 0.5901477832512315, 0.49956709956709955, 0.7332170880557978, 0.6739319965126417, 0.7058823529411765, 0.716256157635468]
 mean: 0.6865296694244536, std: 0.07980557665977404
--------------------------------------------------
Subject Number: 12
Accuracy Cross: [0.7261904761904762, 0.7976190476190477, 0.8571428571428571, 0.8333333333333334, 0.8095238095238095, 0.7142857142857143, 0.75, 0.7261904761904762, 0.75, 0.75, 0.7738095238095238, 0.7619047619047619, 0.75, 0.7619047619047619, 0.7380952380952381]
 mean: 0.7666666666666667, std: 0.03955535172818131
F1 Score: [0.725216896600768, 0.7973605789697744, 0.8570618264322178, 0.8309373202990225, 0.8094157685762904, 0.7005347593582887, 0.7365197908887229, 0.7079365079365079, 0.7365197908887229, 0.7393231860499483, 0.7711827956989248, 0.7569444444444444, 0.7393231860499483, 0.7619047619047619, 0.7326388888888888]
 mean: 0.7601880335324822, std: 0.04365870677462015
Accuracy Intime: [0.7647058823529411, 0.7352941176470589, 0.7941176470588235, 0.7647058823529411, 0.9375, 0.9117647058823529, 0.9117647058823529, 0.9411764705882353, 0.7058823529411765, 0.8125, 0.8823529411764706, 0.7647058823529411, 0.7941176470588235, 0.6470588235294118, 0.875]
 mean: 0.8161764705882353, std: 0.08667950286451623
F1 (Intime): [0.7638888888888888, 0.7350649350649351, 0.7925021795989537, 0.7638888888888888, 0.9375, 0.9110723626852659, 0.9116883116883117, 0.9411764705882353, 0.7048611111111112, 0.8095238095238095, 0.8819444444444444, 0.7571428571428571, 0.793939393939394, 0.6470588235294118, 0.875]
 mean: 0.8150834984729671, std: 0.0871255770091205
--------------------------------------------------
Subject Number: 13
Accuracy Cross: [0.6904761904761905, 0.7380952380952381, 0.7142857142857143, 0.7857142857142857, 0.7380952380952381, 0.6666666666666666, 0.7023809523809523, 0.75, 0.7857142857142857, 0.7857142857142857, 0.7023809523809523, 0.7976190476190477, 0.7738095238095238, 0.7738095238095238, 0.75]
 mean: 0.7436507936507936, std: 0.0393317831535361
F1 Score: [0.6876430205949657, 0.7356979405034325, 0.7083333333333333, 0.7837528604118993, 0.7367521367521368, 0.6636155606407322, 0.6971881759192502, 0.7491110795050491, 0.7846153846153847, 0.7846153846153847, 0.6971881759192502, 0.7952688172043011, 0.7698630136986302, 0.7698630136986302, 0.7456380677721701]
 mean: 0.7406097310123033, std: 0.04009673033392306
Accuracy Intime: [0.8529411764705882, 0.7941176470588235, 0.7647058823529411, 0.8823529411764706, 0.8125, 0.9411764705882353, 0.8235294117647058, 0.8235294117647058, 0.7647058823529411, 0.84375, 0.8529411764705882, 0.6764705882352942, 0.8235294117647058, 0.7352941176470589, 0.75]
 mean: 0.8094362745098038, std: 0.0628151894815577
F1 (Intime): [0.85178727114211, 0.793939393939394, 0.7614035087719297, 0.880701754385965, 0.8095238095238095, 0.9409722222222222, 0.8229166666666667, 0.8235294117647058, 0.7638888888888888, 0.8423645320197044, 0.8528138528138528, 0.6621499548328816, 0.8235294117647058, 0.7350649350649351, 0.746031746031746]
 mean: 0.8073744906555679, std: 0.06507509377946308
--------------------------------------------------
Subject Number: 14
Accuracy Cross: [0.7857142857142857, 0.7738095238095238, 0.8214285714285714, 0.7023809523809523, 0.7142857142857143, 0.7142857142857143, 0.7619047619047619, 0.7738095238095238, 0.7619047619047619, 0.8214285714285714, 0.7142857142857143, 0.75, 0.7380952380952381, 0.7380952380952381, 0.7380952380952381]
 mean: 0.7539682539682537, std: 0.03575835024148828
F1 Score: [0.7855927396483267, 0.7737774627923459, 0.8212005108556832, 0.7002997002997002, 0.7083333333333333, 0.7128205128205127, 0.7569444444444444, 0.7730052624093302, 0.7597254004576659, 0.8193548387096774, 0.7101782633697526, 0.7417654808959157, 0.7343300747556067, 0.7356979405034325, 0.7326388888888888]
 mean: 0.7510443236123078, std: 0.03684303255585204
Accuracy Intime: [0.8529411764705882, 0.8529411764705882, 0.8823529411764706, 0.7058823529411765, 0.8125, 0.8235294117647058, 0.7352941176470589, 0.7941176470588235, 0.6470588235294118, 0.9375, 0.8235294117647058, 0.8823529411764706, 0.9117647058823529, 0.7941176470588235, 0.8125]
 mean: 0.8178921568627452, std: 0.07469500975896042
F1 (Intime): [0.8528138528138528, 0.8528138528138528, 0.880701754385965, 0.7017543859649122, 0.8125, 0.8229166666666667, 0.7350649350649351, 0.793939393939394, 0.6458333333333333, 0.9372549019607843, 0.8210526315789474, 0.880701754385965, 0.9098143236074271, 0.7850045167118338, 0.8117647058823529]
 mean: 0.816262067274015, std: 0.0751426150039704
--------------------------------------------------
**************************************************
accuracy_cross_list: [0.7492063492063491, 0.7468253968253968, 0.638888888888889, 0.7031746031746032, 0.7865079365079365, 0.6095238095238095, 0.6285714285714286, 0.8373015873015872, 0.7253968253968253, 0.6611111111111111, 0.680952380952381, 0.7666666666666667, 0.7436507936507936, 0.7539682539682537]
f1_score_list: [0.7338534053575814, 0.7427934086230555, 0.5982880416930297, 0.7012935241454891, 0.7848310526205577, 0.6073483245386725, 0.6185875094165636, 0.836896084869947, 0.7154747371695678, 0.6567813477035092, 0.6791688140923265, 0.7601880335324822, 0.7406097310123033, 0.7510443236123078]
accuracy_intime_list: [0.8417892156862746, 0.7944852941176471, 0.7517156862745097, 0.7792892156862744, 0.8188725490196077, 0.6887254901960784, 0.6474264705882352, 0.8849264705882355, 0.8334558823529413, 0.6618872549019608, 0.6881127450980391, 0.8161764705882353, 0.8094362745098038, 0.8178921568627452]
f1_score_intime_list: [0.8394830549449803, 0.7927285635975847, 0.7471548781031887, 0.7774975185223113, 0.8174953178359482, 0.6839210698153501, 0.639612045047506, 0.884108940715628, 0.8319905579430696, 0.6494414532041927, 0.6865296694244536, 0.8150834984729671, 0.8073744906555679, 0.816262067274015]
**************************************************
ACC: 71.66±6.32
F1: 70.91±6.75
Intime: 77.39±7.15
F1 (Intime): 77.06±7.39
