1e-04
Subject Number: 1
Accuracy Cross: [0.71875, 0.75, 0.75, 0.8125, 0.8125, 0.7575757575757576, 0.8181818181818182, 0.7575757575757576, 0.7575757575757576, 0.7575757575757576, 0.90625, 0.84375, 0.9375, 0.84375, 0.8125]
 mean: 0.8023989898989898, std: 0.059742372793770884
F1 Score: [0.694591728525981, 0.7408906882591093, 0.746031746031746, 0.7922077922077921, 0.7922077922077921, 0.7272727272727273, 0.8035714285714286, 0.7461538461538462, 0.7272727272727273, 0.7380952380952381, 0.9039039039039038, 0.8358974358974359, 0.9365079365079365, 0.8303287380699894, 0.8056680161943319]
 mean: 0.7880401163447991, std: 0.06556784760065827
Accuracy Intime: [1.0, 0.7857142857142857, 0.75, 0.75, 0.75, 0.9285714285714286, 0.9285714285714286, 0.75, 0.75, 1.0, 0.7857142857142857, 0.7857142857142857, 0.9166666666666666, 0.75, 0.8333333333333334]
 mean: 0.830952380952381, std: 0.09274515020947012
F1 (Intime): [1.0, 0.7543859649122806, 0.7482517482517483, 0.7482517482517483, 0.7482517482517483, 0.9251336898395721, 0.9251336898395721, 0.7333333333333334, 0.7333333333333334, 1.0, 0.7543859649122806, 0.7543859649122806, 0.9111111111111111, 0.7333333333333334, 0.8333333333333334]
 mean: 0.8201749975743786, std: 0.09875124015544728
--------------------------------------------------
Subject Number: 2
Accuracy Cross: [0.6060606060606061, 0.7272727272727273, 0.7575757575757576, 0.6666666666666666, 0.696969696969697, 0.59375, 0.5625, 0.59375, 0.65625, 0.71875, 0.696969696969697, 0.6363636363636364, 0.696969696969697, 0.696969696969697, 0.696969696969697]
 mean: 0.666919191919192, std: 0.055030229794222923
F1 Score: [0.5925925925925926, 0.723205964585275, 0.7380952380952381, 0.6329625884732053, 0.6726190476190477, 0.539313399778516, 0.49090909090909085, 0.5733333333333333, 0.5883040935672514, 0.6631578947368422, 0.6898496240601504, 0.6278195488721805, 0.6944444444444444, 0.6944444444444444, 0.6898496240601504]
 mean: 0.6407267286381175, std: 0.0687821655031187
Accuracy Intime: [0.7142857142857143, 0.7857142857142857, 0.6666666666666666, 0.4166666666666667, 0.5, 0.7857142857142857, 0.7142857142857143, 0.5, 0.5, 0.5833333333333334, 0.9285714285714286, 0.6428571428571429, 0.6666666666666666, 0.6666666666666666, 0.4166666666666667]
 mean: 0.6325396825396825, std: 0.14138572026440224
F1 (Intime): [0.6888888888888889, 0.7846153846153847, 0.5555555555555556, 0.37777777777777777, 0.4375, 0.7754010695187166, 0.6888888888888889, 0.49743589743589745, 0.5, 0.4957983193277311, 0.9251336898395721, 0.625668449197861, 0.625, 0.6571428571428571, 0.29411764705882354]
 mean: 0.5952616283498637, std: 0.16192196220600366
--------------------------------------------------
Subject Number: 3
Accuracy Cross: [0.59375, 0.59375, 0.6875, 0.59375, 0.5625, 0.5757575757575758, 0.42424242424242425, 0.5454545454545454, 0.45454545454545453, 0.5151515151515151, 0.5151515151515151, 0.48484848484848486, 0.45454545454545453, 0.48484848484848486, 0.36363636363636365]
 mean: 0.5232954545454545, std: 0.07936397045991672
F1 Score: [0.5901477832512315, 0.5835835835835836, 0.6761133603238867, 0.5835835835835836, 0.5555555555555556, 0.5753676470588236, 0.4221198156682028, 0.5299145299145299, 0.38636363636363635, 0.5037593984962406, 0.47619047619047616, 0.4672364672364672, 0.35434782608695653, 0.40634920634920635, 0.2992922143579373]
 mean: 0.4939950056013546, std: 0.10104035994790642
Accuracy Intime: [0.5, 0.5, 0.7142857142857143, 0.6666666666666666, 0.75, 0.42857142857142855, 0.21428571428571427, 0.6666666666666666, 0.4166666666666667, 0.5, 0.7142857142857143, 0.7142857142857143, 0.5833333333333334, 0.75, 0.6666666666666666]
 mean: 0.5857142857142856, std: 0.14977937920108506
F1 (Intime): [0.4269005847953216, 0.49743589743589745, 0.7083333333333333, 0.6571428571428571, 0.7482517482517483, 0.41666666666666663, 0.21025641025641026, 0.5555555555555556, 0.4125874125874126, 0.4857142857142857, 0.7083333333333333, 0.7142857142857143, 0.5555555555555556, 0.7482517482517483, 0.625]
 mean: 0.564684740211056, std: 0.1513941214568115
--------------------------------------------------
Subject Number: 4
Accuracy Cross: [0.696969696969697, 0.7575757575757576, 0.7272727272727273, 0.7575757575757576, 0.696969696969697, 0.6666666666666666, 0.6666666666666666, 0.6666666666666666, 0.6666666666666666, 0.6363636363636364, 0.7878787878787878, 0.696969696969697, 0.8181818181818182, 0.7272727272727273, 0.8181818181818182]
 mean: 0.7191919191919193, std: 0.05583949479226367
F1 Score: [0.6590909090909091, 0.7272727272727273, 0.6857142857142857, 0.7380952380952381, 0.6413043478260869, 0.593505039193729, 0.593505039193729, 0.6329625884732053, 0.6329625884732053, 0.5909090909090909, 0.7746341463414634, 0.6726190476190477, 0.8166666666666667, 0.723205964585275, 0.8035714285714286]
 mean: 0.6857346072017393, std: 0.072678833342783
Accuracy Intime: [0.7142857142857143, 0.7857142857142857, 0.6428571428571429, 0.5833333333333334, 0.5833333333333334, 0.9285714285714286, 0.8571428571428571, 0.7142857142857143, 0.4166666666666667, 0.5833333333333334, 0.8571428571428571, 0.8571428571428571, 0.9285714285714286, 0.9166666666666666, 0.6666666666666666]
 mean: 0.7357142857142857, std: 0.15047166961261865
F1 (Intime): [0.65, 0.7754010695187166, 0.5238095238095237, 0.5555555555555556, 0.4957983193277311, 0.9251336898395721, 0.8444444444444444, 0.6888888888888889, 0.29411764705882354, 0.4957983193277311, 0.8571428571428571, 0.8444444444444444, 0.9251336898395721, 0.916083916083916, 0.6571428571428571]
 mean: 0.6965930148283089, std: 0.18699388692192617
--------------------------------------------------
Subject Number: 5
Accuracy Cross: [0.34375, 0.5, 0.5, 0.5625, 0.53125, 0.59375, 0.5625, 0.46875, 0.71875, 0.6875, 0.5625, 0.53125, 0.5625, 0.5, 0.65625]
 mean: 0.5520833333333334, std: 0.08887803753208977
F1 Score: [0.343108504398827, 0.4920634920634921, 0.4980392156862745, 0.5607843137254902, 0.530791788856305, 0.5933528836754643, 0.5607843137254902, 0.4231177094379639, 0.7046153846153846, 0.6761133603238867, 0.5607843137254902, 0.5270935960591133, 0.5555555555555556, 0.4980392156862745, 0.6559139784946236]
 mean: 0.5453438417353088, std: 0.09000580054859103
Accuracy Intime: [0.7857142857142857, 0.9285714285714286, 0.5833333333333334, 0.5, 0.8333333333333334, 0.9285714285714286, 0.6428571428571429, 1.0, 0.4166666666666667, 0.5, 0.8571428571428571, 0.7857142857142857, 0.9166666666666666, 0.5833333333333334, 0.6666666666666666]
 mean: 0.7285714285714285, std: 0.17855555485002547
F1 (Intime): [0.7846153846153847, 0.9282051282051282, 0.5804195804195804, 0.4857142857142857, 0.8285714285714285, 0.9282051282051282, 0.641025641025641, 1.0, 0.4125874125874126, 0.4375, 0.8571428571428571, 0.7846153846153847, 0.9111111111111111, 0.5804195804195804, 0.6666666666666666]
 mean: 0.7217866392866392, std: 0.18578946262487445
--------------------------------------------------
Subject Number: 6
Accuracy Cross: [0.6875, 0.78125, 0.625, 0.59375, 0.71875, 0.48484848484848486, 0.48484848484848486, 0.48484848484848486, 0.5151515151515151, 0.5151515151515151, 0.6363636363636364, 0.6363636363636364, 0.6666666666666666, 0.696969696969697, 0.6363636363636364]
 mean: 0.6109217171717173, std: 0.09146104187800431
F1 Score: [0.6536796536796536, 0.7757757757757757, 0.5844155844155844, 0.5835835835835836, 0.681063122923588, 0.40634920634920635, 0.32653061224489793, 0.32653061224489793, 0.34, 0.38888888888888884, 0.6071428571428572, 0.5695652173913044, 0.6158730158730159, 0.6590909090909091, 0.5416666666666666]
 mean: 0.5373437137513887, std: 0.13888565648279158
Accuracy Intime: [0.6428571428571429, 0.6428571428571429, 0.7857142857142857, 0.5833333333333334, 0.6666666666666666, 0.9285714285714286, 0.8571428571428571, 0.8333333333333334, 0.5, 0.75, 0.5714285714285714, 0.8571428571428571, 0.8333333333333334, 0.6666666666666666, 0.5]
 mean: 0.7079365079365079, std: 0.13291222237301972
F1 (Intime): [0.641025641025641, 0.5906432748538011, 0.7543859649122806, 0.5555555555555556, 0.6571428571428571, 0.9251336898395721, 0.8541666666666667, 0.7777777777777777, 0.4375, 0.7333333333333334, 0.5333333333333333, 0.8444444444444444, 0.7777777777777777, 0.625, 0.4857142857142857]
 mean: 0.6795289734918217, std: 0.13941872147635548
--------------------------------------------------
Subject Number: 7
Accuracy Cross: [0.625, 0.53125, 0.5, 0.53125, 0.5, 0.3125, 0.4375, 0.375, 0.4375, 0.5, 0.5625, 0.53125, 0.53125, 0.65625, 0.625]
 mean: 0.5104166666666666, std: 0.08960755486502736
F1 Score: [0.5636363636363637, 0.4909862142099682, 0.4666666666666667, 0.5195195195195195, 0.4458874458874459, 0.30980392156862746, 0.43529411764705883, 0.37254901960784315, 0.41700404858299595, 0.4920634920634921, 0.5607843137254902, 0.530791788856305, 0.5195195195195195, 0.6559139784946236, 0.6190476190476191]
 mean: 0.4932978686022359, std: 0.087536353919105
Accuracy Intime: [0.7142857142857143, 0.6428571428571429, 0.5, 0.4166666666666667, 0.6666666666666666, 0.5714285714285714, 0.6428571428571429, 0.5833333333333334, 0.5833333333333334, 0.5833333333333334, 0.7857142857142857, 0.6428571428571429, 0.4166666666666667, 0.5833333333333334, 0.5833333333333334]
 mean: 0.5944444444444446, std: 0.0953834869052293
F1 (Intime): [0.6888888888888889, 0.641025641025641, 0.3333333333333333, 0.37777777777777777, 0.6666666666666666, 0.5625, 0.5906432748538011, 0.5804195804195804, 0.4957983193277311, 0.5804195804195804, 0.7846153846153847, 0.641025641025641, 0.4125874125874126, 0.5804195804195804, 0.5804195804195804]
 mean: 0.5677693774520399, std: 0.1165376034334178
--------------------------------------------------
Subject Number: 8
Accuracy Cross: [0.5625, 0.6875, 0.625, 0.71875, 0.6875, 0.78125, 0.6875, 0.59375, 0.53125, 0.71875, 0.4375, 0.5625, 0.75, 0.625, 0.75]
 mean: 0.6479166666666667, std: 0.09302963984069211
F1 Score: [0.49090909090909085, 0.6135265700483092, 0.6235294117647059, 0.6631578947368422, 0.6363636363636364, 0.751937984496124, 0.6536796536796536, 0.5588547189819725, 0.4909862142099682, 0.6631578947368422, 0.4285714285714286, 0.5555555555555556, 0.7333333333333334, 0.5636363636363637, 0.7333333333333334]
 mean: 0.6107022056238106, std: 0.09237750534680894
Accuracy Intime: [0.6428571428571429, 0.7142857142857143, 0.75, 0.75, 0.6666666666666666, 0.5714285714285714, 0.6428571428571429, 0.5, 0.3333333333333333, 0.5, 0.5714285714285714, 0.7142857142857143, 0.6666666666666666, 0.75, 0.8333333333333334]
 mean: 0.6404761904761905, std: 0.12350389627890103
F1 (Intime): [0.5906432748538011, 0.7083333333333333, 0.7333333333333334, 0.7333333333333334, 0.6571428571428571, 0.5333333333333333, 0.625668449197861, 0.4375, 0.3333333333333333, 0.4857142857142857, 0.475, 0.7083333333333333, 0.625, 0.7482517482517483, 0.8333333333333334]
 mean: 0.6152169298995924, std: 0.1334821417533373
--------------------------------------------------
Subject Number: 9
Accuracy Cross: [0.8125, 0.71875, 0.84375, 0.78125, 0.84375, 0.75, 0.625, 0.75, 0.625, 0.71875, 0.5625, 0.65625, 0.75, 0.6875, 0.78125]
 mean: 0.7270833333333333, std: 0.08025566785107592
F1 Score: [0.7922077922077921, 0.694591728525981, 0.8358974358974359, 0.7624602332979851, 0.8303287380699894, 0.746031746031746, 0.611336032388664, 0.7408906882591093, 0.625, 0.681063122923588, 0.5465587044534412, 0.6532019704433498, 0.746031746031746, 0.6666666666666667, 0.7757757757757757]
 mean: 0.7138694920648848, std: 0.08055773092585479
Accuracy Intime: [0.9285714285714286, 0.7857142857142857, 0.8333333333333334, 0.5833333333333334, 0.5833333333333334, 1.0, 0.8571428571428571, 1.0, 0.6666666666666666, 0.5833333333333334, 0.8571428571428571, 0.8571428571428571, 0.9166666666666666, 0.5833333333333334, 0.6666666666666666]
 mean: 0.7801587301587302, std: 0.15026222145896423
F1 (Intime): [0.9251336898395721, 0.7543859649122806, 0.8125, 0.4957983193277311, 0.5555555555555556, 1.0, 0.8444444444444444, 1.0, 0.6666666666666666, 0.5555555555555556, 0.8541666666666667, 0.8444444444444444, 0.8991596638655461, 0.4957983193277311, 0.6571428571428571]
 mean: 0.7573834765166034, std: 0.1693398028329625
--------------------------------------------------
Subject Number: 10
Accuracy Cross: [0.5625, 0.5625, 0.5, 0.5, 0.46875, 0.46875, 0.5625, 0.53125, 0.40625, 0.46875, 0.5454545454545454, 0.5151515151515151, 0.5757575757575758, 0.5757575757575758, 0.5454545454545454]
 mean: 0.5192550505050505, std: 0.04809222275059607
F1 Score: [0.5151515151515151, 0.5465587044534412, 0.4920634920634921, 0.4458874458874459, 0.4682306940371457, 0.45545545545545546, 0.5465587044534412, 0.5270935960591133, 0.3913913913913914, 0.464039408866995, 0.5299145299145299, 0.5147058823529411, 0.5753676470588236, 0.5753676470588236, 0.5386766076421249]
 mean: 0.5057641814564453, std: 0.05022742468802322
Accuracy Intime: [0.7142857142857143, 0.9285714285714286, 0.75, 0.5833333333333334, 0.5833333333333334, 0.7857142857142857, 0.7857142857142857, 0.75, 0.75, 0.6666666666666666, 0.7142857142857143, 0.6428571428571429, 0.8333333333333334, 0.8333333333333334, 0.8333333333333334]
 mean: 0.7436507936507938, std: 0.09352291511334297
F1 (Intime): [0.65, 0.9251336898395721, 0.7333333333333334, 0.5555555555555556, 0.5555555555555556, 0.7754010695187166, 0.7846153846153847, 0.6210526315789473, 0.7482517482517483, 0.625, 0.65, 0.641025641025641, 0.8285714285714285, 0.8333333333333334, 0.8333333333333334]
 mean: 0.7173441803008368, std: 0.10850730274165164
--------------------------------------------------
Subject Number: 11
Accuracy Cross: [0.5151515151515151, 0.48484848484848486, 0.45454545454545453, 0.5454545454545454, 0.5454545454545454, 0.5757575757575758, 0.5757575757575758, 0.6060606060606061, 0.5454545454545454, 0.6060606060606061, 0.5454545454545454, 0.6060606060606061, 0.5757575757575758, 0.5757575757575758, 0.6060606060606061]
 mean: 0.5575757575757577, std: 0.04398291122641868
F1 Score: [0.47619047619047616, 0.45268292682926825, 0.44172932330827064, 0.5299145299145299, 0.4994944388270981, 0.4652777777777778, 0.4225, 0.5195968645016797, 0.47619047619047616, 0.4849939975990396, 0.4057623049219688, 0.5460317460317461, 0.49782608695652175, 0.4652777777777778, 0.4849939975990396]
 mean: 0.4778975149617113, std: 0.03705113988665057
Accuracy Intime: [0.5714285714285714, 0.7142857142857143, 0.6428571428571429, 0.8333333333333334, 0.6666666666666666, 0.6428571428571429, 0.5714285714285714, 0.5714285714285714, 0.5, 0.4166666666666667, 0.42857142857142855, 0.5714285714285714, 0.5, 0.6666666666666666, 0.5833333333333334]
 mean: 0.5920634920634921, std: 0.10509207231466743
F1 (Intime): [0.475, 0.65, 0.5906432748538011, 0.8285714285714285, 0.625, 0.5906432748538011, 0.475, 0.5625, 0.4857142857142857, 0.29411764705882354, 0.3, 0.5625, 0.4269005847953216, 0.6571428571428571, 0.5555555555555556]
 mean: 0.538619260569725, std: 0.13289665850182217
--------------------------------------------------
Subject Number: 12
Accuracy Cross: [0.71875, 0.65625, 0.71875, 0.78125, 0.53125, 0.6666666666666666, 0.6060606060606061, 0.6060606060606061, 0.6666666666666666, 0.7272727272727273, 0.6875, 0.59375, 0.625, 0.71875, 0.59375]
 mean: 0.6598484848484849, std: 0.06472471491276513
F1 Score: [0.694591728525981, 0.6101882613510521, 0.681063122923588, 0.751937984496124, 0.43859649122807015, 0.6158730158730159, 0.5195968645016797, 0.4849939975990396, 0.593505039193729, 0.6857142857142857, 0.6536796536796536, 0.5733333333333333, 0.611336032388664, 0.681063122923588, 0.539313399778516]
 mean: 0.6089857555673547, std: 0.08360823261639959
Accuracy Intime: [0.7142857142857143, 0.7857142857142857, 0.75, 0.5, 0.5, 0.7142857142857143, 0.5, 0.75, 0.5833333333333334, 0.5833333333333334, 0.9285714285714286, 0.6428571428571429, 1.0, 0.6666666666666666, 0.5]
 mean: 0.6746031746031745, std: 0.14987186935339794
F1 (Intime): [0.65, 0.7543859649122806, 0.6974789915966386, 0.3333333333333333, 0.4375, 0.6888888888888889, 0.4269005847953216, 0.6210526315789473, 0.4957983193277311, 0.4957983193277311, 0.9251336898395721, 0.641025641025641, 1.0, 0.625, 0.3333333333333333]
 mean: 0.6083753131972947, std: 0.18822988064742122
--------------------------------------------------
Subject Number: 13
Accuracy Cross: [0.84375, 0.84375, 0.90625, 0.78125, 0.875, 0.6666666666666666, 0.8181818181818182, 0.8181818181818182, 0.5454545454545454, 0.7272727272727273, 0.6875, 0.8125, 0.8125, 0.8125, 0.84375]
 mean: 0.786300505050505, std: 0.09012556037832323
F1 Score: [0.8358974358974359, 0.8358974358974359, 0.9015384615384616, 0.7810361681329423, 0.8704453441295547, 0.6458536585365854, 0.8180147058823529, 0.8166666666666667, 0.5454545454545454, 0.723205964585275, 0.6875, 0.8056680161943319, 0.8056680161943319, 0.8095238095238095, 0.8435972629521017]
 mean: 0.781731166105722, std: 0.0905425393310391
Accuracy Intime: [0.6428571428571429, 0.5, 0.9166666666666666, 0.5833333333333334, 0.8333333333333334, 0.7857142857142857, 0.5, 0.9166666666666666, 0.6666666666666666, 0.6666666666666666, 0.7142857142857143, 0.7142857142857143, 0.8333333333333334, 0.75, 0.75]
 mean: 0.7182539682539684, std: 0.12551230366934546
F1 (Intime): [0.625668449197861, 0.47593582887700536, 0.8991596638655461, 0.5804195804195804, 0.8285714285714285, 0.7754010695187166, 0.49743589743589745, 0.8991596638655461, 0.6571428571428571, 0.625, 0.6888888888888889, 0.6888888888888889, 0.8125, 0.7482517482517483, 0.7482517482517483]
 mean: 0.7033783808783809, std: 0.1258191454441089
--------------------------------------------------
Subject Number: 14
Accuracy Cross: [0.6875, 0.71875, 0.59375, 0.71875, 0.75, 0.625, 0.59375, 0.65625, 0.65625, 0.59375, 0.75, 0.625, 0.625, 0.5625, 0.75]
 mean: 0.6604166666666667, std: 0.062360956446232366
F1 Score: [0.6825396825396826, 0.694591728525981, 0.5901477832512315, 0.718475073313783, 0.75, 0.5844155844155844, 0.539313399778516, 0.6476476476476476, 0.6267232237539766, 0.539313399778516, 0.7090909090909091, 0.5844155844155844, 0.6, 0.5465587044534412, 0.7090909090909091]
 mean: 0.6348215753370509, std: 0.06913715871322403
Accuracy Intime: [0.7857142857142857, 0.7142857142857143, 0.5833333333333334, 0.5, 0.9166666666666666, 0.9285714285714286, 0.6428571428571429, 0.75, 0.75, 0.75, 0.7857142857142857, 0.5714285714285714, 0.5, 0.75, 0.8333333333333334]
 mean: 0.7174603174603175, std: 0.12927984337766693
F1 (Intime): [0.7754010695187166, 0.6888888888888889, 0.4957983193277311, 0.4857142857142857, 0.916083916083916, 0.9251336898395721, 0.5906432748538011, 0.7482517482517483, 0.7482517482517483, 0.7333333333333334, 0.7543859649122806, 0.5714285714285714, 0.4375, 0.7482517482517483, 0.8333333333333334]
 mean: 0.6968266594659784, std: 0.14534534250667838
--------------------------------------------------
Subject Number: 15
Accuracy Cross: [0.78125, 0.5625, 0.65625, 0.6875, 0.71875, 0.75, 0.5625, 0.625, 0.625, 0.59375, 0.65625, 0.5625, 0.46875, 0.625, 0.5625]
 mean: 0.6291666666666667, std: 0.07976745716281937
F1 Score: [0.7624602332979851, 0.5625, 0.6532019704433498, 0.6825396825396826, 0.7046153846153846, 0.746031746031746, 0.5607843137254902, 0.625, 0.611336032388664, 0.5835835835835836, 0.6559139784946236, 0.5555555555555556, 0.464039408866995, 0.6190476190476191, 0.5555555555555556]
 mean: 0.6228110042764157, std: 0.07762873431824492
Accuracy Intime: [0.7857142857142857, 0.6428571428571429, 0.75, 0.75, 0.5833333333333334, 0.7142857142857143, 0.5714285714285714, 0.9166666666666666, 0.6666666666666666, 0.6666666666666666, 0.8571428571428571, 0.7857142857142857, 0.8333333333333334, 0.8333333333333334, 0.9166666666666666]
 mean: 0.7515873015873017, std: 0.1063788160628266
F1 (Intime): [0.7754010695187166, 0.5906432748538011, 0.7482517482517483, 0.7482517482517483, 0.5555555555555556, 0.7083333333333333, 0.5625, 0.9111111111111111, 0.625, 0.6666666666666666, 0.8444444444444444, 0.7754010695187166, 0.8285714285714285, 0.8285714285714285, 0.916083916083916]
 mean: 0.7389857863155078, std: 0.11458598239888576
--------------------------------------------------
Subject Number: 16
Accuracy Cross: [0.59375, 0.5625, 0.59375, 0.59375, 0.59375, 0.78125, 0.71875, 0.75, 0.6875, 0.71875, 0.5625, 0.5625, 0.625, 0.5625, 0.46875]
 mean: 0.625, std: 0.08385254915624211
F1 Score: [0.5933528836754643, 0.5607843137254902, 0.5901477832512315, 0.5901477832512315, 0.5901477832512315, 0.7757757757757757, 0.7046153846153846, 0.746031746031746, 0.6761133603238867, 0.7117117117117118, 0.5333333333333333, 0.45893719806763283, 0.5844155844155844, 0.5465587044534412, 0.39756367663344405]
 mean: 0.603975801501106, std: 0.10049813943452725
Accuracy Intime: [0.7142857142857143, 0.5714285714285714, 0.6666666666666666, 0.8333333333333334, 0.6666666666666666, 0.6428571428571429, 0.6428571428571429, 0.8333333333333334, 0.6666666666666666, 0.5, 0.7142857142857143, 0.8571428571428571, 0.75, 0.8333333333333334, 0.75]
 mean: 0.7095238095238096, std: 0.09948848769417229
F1 (Intime): [0.7083333333333333, 0.5333333333333333, 0.6571428571428571, 0.8333333333333334, 0.6666666666666666, 0.641025641025641, 0.625668449197861, 0.8285714285714285, 0.6571428571428571, 0.5, 0.7142857142857143, 0.8541666666666667, 0.7333333333333334, 0.8333333333333334, 0.7333333333333334]
 mean: 0.7013113520466462, std: 0.103243723065299
--------------------------------------------------
Subject Number: 17
Accuracy Cross: [0.6363636363636364, 0.5757575757575758, 0.5151515151515151, 0.6060606060606061, 0.5757575757575758, 0.45454545454545453, 0.5151515151515151, 0.5757575757575758, 0.5454545454545454, 0.5151515151515151, 0.46875, 0.59375, 0.53125, 0.65625, 0.53125]
 mean: 0.5530934343434344, std: 0.055215687334706776
F1 Score: [0.6071428571428572, 0.5416666666666666, 0.5111111111111111, 0.5662285136501517, 0.5416666666666666, 0.45, 0.5037593984962406, 0.5722222222222222, 0.4994944388270981, 0.47619047619047616, 0.4682306940371457, 0.5588547189819725, 0.5076923076923077, 0.6389743589743591, 0.5195195195195195]
 mean: 0.530850263345253, std: 0.050139777660902246
Accuracy Intime: [0.7142857142857143, 0.7857142857142857, 0.5833333333333334, 0.5, 0.6666666666666666, 0.7857142857142857, 0.7857142857142857, 0.5, 0.6666666666666666, 0.9166666666666666, 0.7857142857142857, 0.7142857142857143, 0.6428571428571429, 0.6666666666666666, 0.6666666666666666]
 mean: 0.6920634920634919, std: 0.10866351798599873
F1 (Intime): [0.7083333333333333, 0.7543859649122806, 0.5555555555555556, 0.3333333333333333, 0.6571428571428571, 0.7754010695187166, 0.7543859649122806, 0.4857142857142857, 0.625, 0.916083916083916, 0.7846153846153847, 0.6888888888888889, 0.625668449197861, 0.6571428571428571, 0.6571428571428571]
 mean: 0.6652529811662936, std: 0.13302204681000973
--------------------------------------------------
Subject Number: 18
Accuracy Cross: [0.696969696969697, 0.7575757575757576, 0.6666666666666666, 0.7878787878787878, 0.8484848484848485, 0.6875, 0.6875, 0.6875, 0.75, 0.75, 0.84375, 0.8125, 0.8125, 0.6875, 0.78125]
 mean: 0.7505050505050506, std: 0.0600818421814982
F1 Score: [0.6966911764705883, 0.7518796992481203, 0.6616961789375583, 0.7806267806267806, 0.8462255358807083, 0.6825396825396826, 0.6825396825396826, 0.6875, 0.7408906882591093, 0.7408906882591093, 0.8398398398398399, 0.8056680161943319, 0.8, 0.6666666666666667, 0.7702564102564102]
 mean: 0.7435940697145725, std: 0.06023489159903095
Accuracy Intime: [0.8571428571428571, 0.8571428571428571, 0.8333333333333334, 0.8333333333333334, 0.5, 0.8571428571428571, 0.9285714285714286, 0.75, 0.75, 0.8333333333333334, 1.0, 0.6428571428571429, 0.9166666666666666, 0.75, 0.75]
 mean: 0.8039682539682539, std: 0.11767997479445721
F1 (Intime): [0.8444444444444444, 0.8444444444444444, 0.8285714285714285, 0.8285714285714285, 0.4857142857142857, 0.8541666666666667, 0.9282051282051282, 0.7333333333333334, 0.7333333333333334, 0.8285714285714285, 1.0, 0.5238095238095237, 0.8991596638655461, 0.7333333333333334, 0.7482517482517483]
 mean: 0.7875940127410715, std: 0.1327559402126809
--------------------------------------------------
Subject Number: 19
Accuracy Cross: [0.5, 0.59375, 0.53125, 0.46875, 0.59375, 0.53125, 0.53125, 0.46875, 0.5625, 0.5, 0.53125, 0.46875, 0.53125, 0.625, 0.65625]
 mean: 0.5395833333333333, std: 0.055277079839256664
F1 Score: [0.3333333333333333, 0.4340136054421769, 0.4684385382059801, 0.36374269005847953, 0.4793491864831039, 0.43859649122807015, 0.43859649122807015, 0.39756367663344405, 0.45893719806763283, 0.4666666666666667, 0.5195195195195195, 0.4682306940371457, 0.5270935960591133, 0.6235294117647059, 0.6559139784946236]
 mean: 0.471568338481471, std: 0.08267185029398237
Accuracy Intime: [0.6428571428571429, 0.7142857142857143, 0.75, 0.75, 0.75, 0.7857142857142857, 0.7857142857142857, 0.75, 0.6666666666666666, 0.5833333333333334, 0.7142857142857143, 0.7857142857142857, 0.8333333333333334, 0.6666666666666666, 0.6666666666666666]
 mean: 0.723015873015873, std: 0.06454484321062685
F1 (Intime): [0.641025641025641, 0.65, 0.7482517482517483, 0.7333333333333334, 0.7333333333333334, 0.7754010695187166, 0.7543859649122806, 0.7333333333333334, 0.625, 0.5804195804195804, 0.7142857142857143, 0.7846153846153847, 0.7777777777777777, 0.625, 0.6571428571428571]
 mean: 0.7022203825299801, std: 0.06377469803804285
--------------------------------------------------
Subject Number: 20
Accuracy Cross: [0.625, 0.65625, 0.65625, 0.59375, 0.5625, 0.71875, 0.65625, 0.6875, 0.65625, 0.6875, 0.48484848484848486, 0.6060606060606061, 0.5757575757575758, 0.5757575757575758, 0.7272727272727273]
 mean: 0.6313131313131313, std: 0.06329996412413294
F1 Score: [0.5844155844155844, 0.6101882613510521, 0.5883040935672514, 0.5134502923976608, 0.49090909090909085, 0.7117117117117118, 0.6389743589743591, 0.6761133603238867, 0.6267232237539766, 0.6536796536796536, 0.4672364672364672, 0.5814634146341464, 0.5557692307692308, 0.5416666666666666, 0.6996966632962589]
 mean: 0.5960201382457997, std: 0.07131772500014351
Accuracy Intime: [0.8571428571428571, 0.7857142857142857, 0.75, 0.5833333333333334, 0.6666666666666666, 0.7857142857142857, 0.8571428571428571, 1.0, 0.5833333333333334, 0.5833333333333334, 0.8571428571428571, 0.8571428571428571, 0.8333333333333334, 0.75, 0.75]
 mean: 0.7666666666666667, std: 0.11662616724979505
F1 (Intime): [0.8444444444444444, 0.7543859649122806, 0.6974789915966386, 0.4957983193277311, 0.6571428571428571, 0.7846153846153847, 0.8444444444444444, 1.0, 0.5804195804195804, 0.5555555555555556, 0.8541666666666667, 0.8444444444444444, 0.8125, 0.7333333333333334, 0.7333333333333334]
 mean: 0.7461375546824464, std: 0.12861596686320595
--------------------------------------------------
Subject Number: 21
Accuracy Cross: [0.375, 0.4375, 0.34375, 0.40625, 0.5, 0.46875, 0.4375, 0.28125, 0.5625, 0.5, 0.375, 0.4375, 0.375, 0.34375, 0.5]
 mean: 0.42291666666666666, std: 0.07294642250004832
F1 Score: [0.36507936507936506, 0.43529411764705883, 0.3107692307692308, 0.3552492046659597, 0.4817813765182186, 0.36374269005847953, 0.43529411764705883, 0.2748768472906404, 0.49090909090909085, 0.5, 0.36507936507936506, 0.41700404858299595, 0.3333333333333333, 0.2873806998939554, 0.4181818181818182]
 mean: 0.3889316870437713, std: 0.06963127705146331
Accuracy Intime: [0.35714285714285715, 0.7857142857142857, 0.6666666666666666, 0.5833333333333334, 0.5, 0.5, 0.5714285714285714, 0.5833333333333334, 0.5833333333333334, 0.5, 0.5, 0.5714285714285714, 0.5833333333333334, 0.5, 0.75]
 mean: 0.569047619047619, std: 0.10288726778131567
F1 (Intime): [0.3262032085561497, 0.7846153846153847, 0.4, 0.4957983193277311, 0.4857142857142857, 0.47593582887700536, 0.5625, 0.3684210526315789, 0.4957983193277311, 0.5, 0.49743589743589745, 0.5625, 0.4957983193277311, 0.5, 0.7333333333333334]
 mean: 0.5122702632764552, std: 0.1152867492373482
--------------------------------------------------
Subject Number: 22
Accuracy Cross: [0.625, 0.65625, 0.625, 0.59375, 0.78125, 0.6060606060606061, 0.6363636363636364, 0.696969696969697, 0.6060606060606061, 0.6060606060606061, 0.6875, 0.65625, 0.625, 0.78125, 0.71875]
 mean: 0.6601010101010102, std: 0.059080048967493484
F1 Score: [0.6, 0.5883040935672514, 0.6, 0.4340136054421769, 0.7624602332979851, 0.4849939975990396, 0.5416666666666666, 0.6413043478260869, 0.4849939975990396, 0.5195968645016797, 0.6666666666666667, 0.6476476476476476, 0.536231884057971, 0.7702564102564102, 0.7046153846153846]
 mean: 0.5988501199829339, std: 0.09757074802856834
Accuracy Intime: [0.7142857142857143, 0.7142857142857143, 0.6666666666666666, 0.5833333333333334, 0.6666666666666666, 0.8571428571428571, 0.8571428571428571, 0.75, 0.5833333333333334, 0.5, 0.7857142857142857, 0.6428571428571429, 0.8333333333333334, 0.6666666666666666, 0.5833333333333334]
 mean: 0.6936507936507936, std: 0.10464158554825084
F1 (Intime): [0.6888888888888889, 0.6888888888888889, 0.5555555555555556, 0.4957983193277311, 0.625, 0.8444444444444444, 0.8541666666666667, 0.6210526315789473, 0.4957983193277311, 0.4375, 0.7754010695187166, 0.641025641025641, 0.7777777777777777, 0.625, 0.4957983193277311]
 mean: 0.6414731014885813, std: 0.12676968543475406
--------------------------------------------------
Subject Number: 23
Accuracy Cross: [0.7272727272727273, 0.696969696969697, 0.6666666666666666, 0.6363636363636364, 0.7575757575757576, 0.46875, 0.625, 0.71875, 0.6875, 0.65625, 0.696969696969697, 0.6666666666666666, 0.696969696969697, 0.6060606060606061, 0.6060606060606061]
 mean: 0.6609217171717172, std: 0.06664538036356078
F1 Score: [0.6996966632962589, 0.6413043478260869, 0.6158730158730159, 0.5416666666666666, 0.7272727272727273, 0.4682306940371457, 0.625, 0.716256157635468, 0.6862745098039216, 0.6532019704433498, 0.6590909090909091, 0.6158730158730159, 0.6413043478260869, 0.5195968645016797, 0.4849939975990396]
 mean: 0.6197090591830248, std: 0.07856632574683581
Accuracy Intime: [0.8571428571428571, 0.7857142857142857, 0.75, 0.5, 0.8333333333333334, 0.7857142857142857, 0.7857142857142857, 0.8571428571428571, 0.8333333333333334, 0.6666666666666666, 0.5714285714285714, 0.7142857142857143, 0.8333333333333334, 0.5833333333333334, 0.75]
 mean: 0.7404761904761905, std: 0.10851850561991878
F1 (Intime): [0.8444444444444444, 0.7846153846153847, 0.6974789915966386, 0.3333333333333333, 0.8333333333333334, 0.7846153846153847, 0.7543859649122806, 0.8444444444444444, 0.8333333333333334, 0.6666666666666666, 0.5625, 0.6888888888888889, 0.8125, 0.4957983193277311, 0.7333333333333334]
 mean: 0.7113114548563464, std: 0.14205618151256788
--------------------------------------------------
Subject Number: 24
Accuracy Cross: [0.59375, 0.4375, 0.46875, 0.5, 0.625, 0.5625, 0.625, 0.5, 0.625, 0.71875, 0.59375, 0.4375, 0.5, 0.59375, 0.59375]
 mean: 0.5583333333333333, std: 0.07811805524688614
F1 Score: [0.5835835835835836, 0.4375, 0.45545545545545546, 0.4666666666666667, 0.6235294117647059, 0.5607843137254902, 0.6235294117647059, 0.5, 0.6190476190476191, 0.716256157635468, 0.5733333333333333, 0.43529411764705883, 0.5, 0.5835835835835836, 0.5733333333333333]
 mean: 0.5501264658360668, std: 0.07890048661052437
Accuracy Intime: [0.5714285714285714, 0.6428571428571429, 0.5833333333333334, 0.3333333333333333, 0.5, 0.42857142857142855, 0.5, 0.5, 0.8333333333333334, 0.5, 0.7142857142857143, 0.7142857142857143, 0.6666666666666666, 0.6666666666666666, 0.5]
 mean: 0.576984126984127, std: 0.12515045115595946
F1 (Intime): [0.5333333333333333, 0.641025641025641, 0.5804195804195804, 0.3142857142857143, 0.5, 0.41666666666666663, 0.49743589743589745, 0.5, 0.8333333333333334, 0.4857142857142857, 0.6888888888888889, 0.7083333333333333, 0.625, 0.6571428571428571, 0.5]
 mean: 0.5654386354386354, std: 0.12527040132838466
--------------------------------------------------
Subject Number: 25
Accuracy Cross: [0.42424242424242425, 0.45454545454545453, 0.5454545454545454, 0.45454545454545453, 0.48484848484848486, 0.5625, 0.6875, 0.5625, 0.65625, 0.625, 0.65625, 0.75, 0.65625, 0.5625, 0.65625]
 mean: 0.5825757575757575, std: 0.09400072330052756
F1 Score: [0.2978723404255319, 0.4288461538461539, 0.5170731707317073, 0.3125, 0.3717805151175812, 0.5151515151515151, 0.6536796536796536, 0.5333333333333333, 0.5883040935672514, 0.536231884057971, 0.6101882613510521, 0.7090909090909091, 0.5883040935672514, 0.49090909090909085, 0.6101882613510521]
 mean: 0.517563551745337, std: 0.11637007471979748
Accuracy Intime: [0.9285714285714286, 0.7857142857142857, 0.75, 0.75, 0.5833333333333334, 0.6428571428571429, 0.5714285714285714, 0.5, 0.5833333333333334, 0.5833333333333334, 0.7142857142857143, 0.6428571428571429, 0.4166666666666667, 0.5833333333333334, 0.5]
 mean: 0.6357142857142857, std: 0.12664637622424568
F1 (Intime): [0.9282051282051282, 0.7846153846153847, 0.7333333333333334, 0.7333333333333334, 0.4957983193277311, 0.5238095238095237, 0.5333333333333333, 0.4375, 0.4957983193277311, 0.4957983193277311, 0.6888888888888889, 0.5906432748538011, 0.29411764705882354, 0.4957983193277311, 0.4857142857142857]
 mean: 0.5811124940304507, std: 0.1563559185696547
--------------------------------------------------
Subject Number: 26
Accuracy Cross: [0.6666666666666666, 0.696969696969697, 0.7272727272727273, 0.7575757575757576, 0.696969696969697, 0.65625, 0.625, 0.6875, 0.75, 0.6875, 0.875, 0.75, 0.8125, 0.8125, 0.8125]
 mean: 0.7342803030303031, std: 0.06782648005982911
F1 Score: [0.6458536585365854, 0.6590909090909091, 0.6996966632962589, 0.7380952380952381, 0.6413043478260869, 0.6559139784946236, 0.625, 0.6862745098039216, 0.7333333333333334, 0.6761133603238867, 0.8666666666666667, 0.7090909090909091, 0.7922077922077921, 0.7922077922077921, 0.7922077922077921]
 mean: 0.7142037967454531, std: 0.06796154963051011
Accuracy Intime: [0.5714285714285714, 0.7142857142857143, 0.5833333333333334, 0.5, 0.8333333333333334, 0.8571428571428571, 0.8571428571428571, 0.6666666666666666, 0.75, 0.8333333333333334, 0.7857142857142857, 0.7142857142857143, 0.5833333333333334, 0.6666666666666666, 0.6666666666666666]
 mean: 0.7055555555555555, std: 0.1100974167229196
F1 (Intime): [0.5714285714285714, 0.6888888888888889, 0.4957983193277311, 0.3333333333333333, 0.8285714285714285, 0.8541666666666667, 0.8541666666666667, 0.625, 0.7333333333333334, 0.8333333333333334, 0.7846153846153847, 0.65, 0.4957983193277311, 0.625, 0.6666666666666666]
 mean: 0.669340060810649, std: 0.14727973066527375
--------------------------------------------------
Subject Number: 27
Accuracy Cross: [0.6363636363636364, 0.5757575757575758, 0.5151515151515151, 0.6060606060606061, 0.5757575757575758, 0.45454545454545453, 0.5151515151515151, 0.5757575757575758, 0.5454545454545454, 0.5151515151515151, 0.46875, 0.59375, 0.53125, 0.65625, 0.53125]
 mean: 0.5530934343434344, std: 0.055215687334706776
F1 Score: [0.6071428571428572, 0.5416666666666666, 0.5111111111111111, 0.5662285136501517, 0.5416666666666666, 0.45, 0.5037593984962406, 0.5722222222222222, 0.4994944388270981, 0.47619047619047616, 0.4682306940371457, 0.5588547189819725, 0.5076923076923077, 0.6389743589743591, 0.5195195195195195]
 mean: 0.530850263345253, std: 0.050139777660902246
Accuracy Intime: [0.7142857142857143, 0.7857142857142857, 0.5833333333333334, 0.5, 0.6666666666666666, 0.7857142857142857, 0.7857142857142857, 0.5, 0.6666666666666666, 0.9166666666666666, 0.7857142857142857, 0.7142857142857143, 0.6428571428571429, 0.6666666666666666, 0.6666666666666666]
 mean: 0.6920634920634919, std: 0.10866351798599873
F1 (Intime): [0.7083333333333333, 0.7543859649122806, 0.5555555555555556, 0.3333333333333333, 0.6571428571428571, 0.7754010695187166, 0.7543859649122806, 0.4857142857142857, 0.625, 0.916083916083916, 0.7846153846153847, 0.6888888888888889, 0.625668449197861, 0.6571428571428571, 0.6571428571428571]
 mean: 0.6652529811662936, std: 0.13302204681000973
--------------------------------------------------
Subject Number: 28
Accuracy Cross: [0.625, 0.53125, 0.5, 0.53125, 0.46875, 0.4375, 0.59375, 0.5, 0.53125, 0.5625, 0.46875, 0.4375, 0.5625, 0.5625, 0.40625]
 mean: 0.5145833333333333, std: 0.060236801228337335
F1 Score: [0.6, 0.5195195195195195, 0.4458874458874459, 0.43859649122807015, 0.45545545545545546, 0.34545454545454546, 0.5588547189819725, 0.4458874458874459, 0.5076923076923077, 0.5555555555555556, 0.4682306940371457, 0.43529411764705883, 0.5555555555555556, 0.5555555555555556, 0.3764102564102564]
 mean: 0.48426331099119274, std: 0.07090579494335703
Accuracy Intime: [0.7857142857142857, 0.6428571428571429, 0.75, 0.5833333333333334, 0.5833333333333334, 0.5714285714285714, 0.7142857142857143, 0.75, 0.6666666666666666, 0.6666666666666666, 0.8571428571428571, 0.7142857142857143, 0.8333333333333334, 0.5833333333333334, 0.75]
 mean: 0.6968253968253969, std: 0.08960173350732821
F1 (Intime): [0.7846153846153847, 0.641025641025641, 0.6974789915966386, 0.4957983193277311, 0.5804195804195804, 0.36363636363636365, 0.6888888888888889, 0.6210526315789473, 0.6666666666666666, 0.625, 0.8571428571428571, 0.7083333333333333, 0.8125, 0.5555555555555556, 0.7333333333333334]
 mean: 0.655429836474728, std: 0.12178451904541203
--------------------------------------------------
Subject Number: 29
Accuracy Cross: [0.75, 0.8125, 0.78125, 0.75, 0.6875, 0.90625, 0.9375, 0.9375, 0.90625, 0.90625, 0.9393939393939394, 0.8181818181818182, 0.9393939393939394, 0.9393939393939394, 0.9393939393939394]
 mean: 0.8633838383838384, std: 0.08470904924009537
F1 Score: [0.7090909090909091, 0.7922077922077921, 0.7624602332979851, 0.7090909090909091, 0.6135265700483092, 0.9039039039039038, 0.9352226720647774, 0.9365079365079365, 0.9015384615384616, 0.9015384615384616, 0.9379699248120301, 0.8096153846153846, 0.9379699248120301, 0.9379699248120301, 0.9379699248120301]
 mean: 0.8484388622101967, std: 0.10397030066076116
Accuracy Intime: [1.0, 0.8571428571428571, 1.0, 1.0, 0.75, 0.7857142857142857, 0.9285714285714286, 0.75, 0.8333333333333334, 0.75, 0.8571428571428571, 0.9285714285714286, 0.9166666666666666, 0.75, 0.6666666666666666]
 mean: 0.8515873015873016, std: 0.10404395644516755
F1 (Intime): [1.0, 0.8571428571428571, 1.0, 1.0, 0.7333333333333334, 0.7846153846153847, 0.9282051282051282, 0.7333333333333334, 0.8285714285714285, 0.7333333333333334, 0.8541666666666667, 0.9251336898395721, 0.8991596638655461, 0.7333333333333334, 0.6666666666666666]
 mean: 0.8451329879271056, std: 0.10775921849425564
--------------------------------------------------
**************************************************
accuracy_cross_list: [0.8023989898989898, 0.666919191919192, 0.5232954545454545, 0.7191919191919193, 0.5520833333333334, 0.6109217171717173, 0.5104166666666666, 0.6479166666666667, 0.7270833333333333, 0.5192550505050505, 0.5575757575757577, 0.6598484848484849, 0.786300505050505, 0.6604166666666667, 0.6291666666666667, 0.625, 0.5530934343434344, 0.7505050505050506, 0.5395833333333333, 0.6313131313131313, 0.42291666666666666, 0.6601010101010102, 0.6609217171717172, 0.5583333333333333, 0.5825757575757575, 0.7342803030303031, 0.5530934343434344, 0.5145833333333333, 0.8633838383838384]
f1_score_list: [0.7880401163447991, 0.6407267286381175, 0.4939950056013546, 0.6857346072017393, 0.5453438417353088, 0.5373437137513887, 0.4932978686022359, 0.6107022056238106, 0.7138694920648848, 0.5057641814564453, 0.4778975149617113, 0.6089857555673547, 0.781731166105722, 0.6348215753370509, 0.6228110042764157, 0.603975801501106, 0.530850263345253, 0.7435940697145725, 0.471568338481471, 0.5960201382457997, 0.3889316870437713, 0.5988501199829339, 0.6197090591830248, 0.5501264658360668, 0.517563551745337, 0.7142037967454531, 0.530850263345253, 0.48426331099119274, 0.8484388622101967]
accuracy_intime_list: [0.830952380952381, 0.6325396825396825, 0.5857142857142856, 0.7357142857142857, 0.7285714285714285, 0.7079365079365079, 0.5944444444444446, 0.6404761904761905, 0.7801587301587302, 0.7436507936507938, 0.5920634920634921, 0.6746031746031745, 0.7182539682539684, 0.7174603174603175, 0.7515873015873017, 0.7095238095238096, 0.6920634920634919, 0.8039682539682539, 0.723015873015873, 0.7666666666666667, 0.569047619047619, 0.6936507936507936, 0.7404761904761905, 0.576984126984127, 0.6357142857142857, 0.7055555555555555, 0.6920634920634919, 0.6968253968253969, 0.8515873015873016]
f1_score_intime_list: [0.8201749975743786, 0.5952616283498637, 0.564684740211056, 0.6965930148283089, 0.7217866392866392, 0.6795289734918217, 0.5677693774520399, 0.6152169298995924, 0.7573834765166034, 0.7173441803008368, 0.538619260569725, 0.6083753131972947, 0.7033783808783809, 0.6968266594659784, 0.7389857863155078, 0.7013113520466462, 0.6652529811662936, 0.7875940127410715, 0.7022203825299801, 0.7461375546824464, 0.5122702632764552, 0.6414731014885813, 0.7113114548563464, 0.5654386354386354, 0.5811124940304507, 0.669340060810649, 0.6652529811662936, 0.655429836474728, 0.8451329879271056]
**************************************************
ACC: 62.84±10.00
F1: 59.79±10.74
Intime: 69.97±7.25
F1 (Intime): 67.14±8.15
