1e-03
Subject Number: 1
Accuracy Cross: [0.75, 0.625, 0.625, 0.65625, 0.84375, 0.7272727272727273, 0.9393939393939394, 0.6666666666666666, 0.8181818181818182, 0.8181818181818182, 0.625, 0.875, 0.84375, 0.90625, 0.78125]
 mean: 0.7667297979797979, std: 0.10414351594593035
F1 Score: [0.722943722943723, 0.6190476190476191, 0.611336032388664, 0.6267232237539766, 0.8303287380699894, 0.6857142857142857, 0.9379699248120301, 0.593505039193729, 0.8096153846153846, 0.8139097744360901, 0.6190476190476191, 0.8704453441295547, 0.8303287380699894, 0.9015384615384616, 0.751937984496124]
 mean: 0.7482927928171493, std: 0.11295570269446281
Accuracy Intime: [0.9285714285714286, 0.7142857142857143, 0.6666666666666666, 0.6666666666666666, 0.9166666666666666, 0.8571428571428571, 0.8571428571428571, 1.0, 0.75, 0.9166666666666666, 0.7857142857142857, 0.7857142857142857, 0.75, 0.9166666666666666, 0.75]
 mean: 0.8174603174603176, std: 0.10004408199464711
F1 (Intime): [0.9251336898395721, 0.6888888888888889, 0.6666666666666666, 0.6571428571428571, 0.916083916083916, 0.8444444444444444, 0.8541666666666667, 1.0, 0.7482517482517483, 0.916083916083916, 0.7543859649122806, 0.7543859649122806, 0.6974789915966386, 0.916083916083916, 0.7333333333333334]
 mean: 0.8048353976604752, std: 0.10738381970967889
--------------------------------------------------
Subject Number: 2
Accuracy Cross: [0.6363636363636364, 0.6666666666666666, 0.7575757575757576, 0.6666666666666666, 0.6666666666666666, 0.53125, 0.65625, 0.59375, 0.65625, 0.65625, 0.6666666666666666, 0.6363636363636364, 0.7272727272727273, 0.696969696969697, 0.6363636363636364]
 mean: 0.6567550505050507, std: 0.05040971114939555
F1 Score: [0.6278195488721805, 0.593505039193729, 0.7380952380952381, 0.6616961789375583, 0.593505039193729, 0.5076923076923077, 0.6101882613510521, 0.5733333333333333, 0.5883040935672514, 0.6101882613510521, 0.6666666666666666, 0.6333333333333333, 0.7102439024390244, 0.6944444444444444, 0.6278195488721805]
 mean: 0.6291223464895387, std: 0.05656413135437168
Accuracy Intime: [0.7857142857142857, 0.7142857142857143, 0.5833333333333334, 0.5833333333333334, 0.6666666666666666, 0.7857142857142857, 0.6428571428571429, 0.7142857142857143, 0.5833333333333334, 0.5833333333333334, 0.8571428571428571, 0.6428571428571429, 0.8333333333333334, 0.6666666666666666, 0.4166666666666667]
 mean: 0.6706349206349206, std: 0.11198634873433039
F1 (Intime): [0.7754010695187166, 0.6888888888888889, 0.5555555555555556, 0.5804195804195804, 0.625, 0.7543859649122806, 0.625668449197861, 0.7083333333333333, 0.5804195804195804, 0.5555555555555556, 0.8444444444444444, 0.625668449197861, 0.7777777777777777, 0.6666666666666666, 0.29411764705882354]
 mean: 0.6438868641964618, std: 0.12685258604252897
--------------------------------------------------
Subject Number: 3
Accuracy Cross: [0.4375, 0.5625, 0.53125, 0.46875, 0.53125, 0.5151515151515151, 0.5151515151515151, 0.5454545454545454, 0.5454545454545454, 0.48484848484848486, 0.5454545454545454, 0.5454545454545454, 0.45454545454545453, 0.45454545454545453, 0.3939393939393939]
 mean: 0.5020833333333331, std: 0.04831241037270666
F1 Score: [0.41700404858299595, 0.5151515151515151, 0.4684385382059801, 0.464039408866995, 0.4684385382059801, 0.47619047619047616, 0.47619047619047616, 0.4994944388270981, 0.44568868980963045, 0.40634920634920635, 0.5386766076421249, 0.5386766076421249, 0.35434782608695653, 0.38636363636363635, 0.34523809523809523]
 mean: 0.4533525406235528, std: 0.05870181613309018
Accuracy Intime: [0.42857142857142855, 0.42857142857142855, 0.7142857142857143, 0.6666666666666666, 0.6666666666666666, 0.5714285714285714, 0.5, 0.6666666666666666, 0.5, 0.4166666666666667, 0.7142857142857143, 0.7142857142857143, 0.8333333333333334, 0.75, 0.6666666666666666]
 mean: 0.6158730158730158, std: 0.1273654987411792
F1 (Intime): [0.37777777777777777, 0.3, 0.7083333333333333, 0.6571428571428571, 0.6571428571428571, 0.475, 0.47593582887700536, 0.4, 0.4857142857142857, 0.4125874125874126, 0.7083333333333333, 0.7142857142857143, 0.7777777777777777, 0.7482517482517483, 0.6666666666666666]
 mean: 0.5709966395260513, std: 0.1521092668154997
--------------------------------------------------
Subject Number: 4
Accuracy Cross: [0.7272727272727273, 0.7272727272727273, 0.7272727272727273, 0.7575757575757576, 0.7575757575757576, 0.7272727272727273, 0.5757575757575758, 0.7575757575757576, 0.696969696969697, 0.6363636363636364, 0.7272727272727273, 0.7878787878787878, 0.6666666666666666, 0.5757575757575758, 0.7575757575757576]
 mean: 0.7070707070707072, std: 0.06324232663635768
F1 Score: [0.7102439024390244, 0.6857142857142857, 0.7272727272727273, 0.7573529411764706, 0.7272727272727273, 0.6996966632962589, 0.5557692307692308, 0.7272727272727273, 0.6898496240601504, 0.6333333333333333, 0.6996966632962589, 0.7664307381193125, 0.6616961789375583, 0.5227272727272727, 0.7573529411764706]
 mean: 0.6881121304575873, std: 0.06814462127122473
Accuracy Intime: [0.6428571428571429, 0.8571428571428571, 0.7857142857142857, 0.6666666666666666, 0.5833333333333334, 0.9285714285714286, 0.7857142857142857, 0.7857142857142857, 0.5, 0.5833333333333334, 0.7857142857142857, 0.8571428571428571, 1.0, 1.0, 0.75]
 mean: 0.7674603174603174, std: 0.1453399764096457
F1 (Intime): [0.5906432748538011, 0.8444444444444444, 0.7754010695187166, 0.6571428571428571, 0.4957983193277311, 0.9251336898395721, 0.7543859649122806, 0.7543859649122806, 0.4857142857142857, 0.5804195804195804, 0.7543859649122806, 0.8444444444444444, 1.0, 1.0, 0.7333333333333334]
 mean: 0.7463755462517073, std: 0.15738168772261243
--------------------------------------------------
Subject Number: 5
Accuracy Cross: [0.3125, 0.53125, 0.46875, 0.6875, 0.5625, 0.625, 0.59375, 0.4375, 0.6875, 0.6875, 0.5625, 0.59375, 0.4375, 0.46875, 0.625]
 mean: 0.5520833333333334, std: 0.10561493213030479
F1 Score: [0.30980392156862746, 0.5270935960591133, 0.45545545545545546, 0.6862745098039216, 0.5465587044534412, 0.6190476190476191, 0.5901477832512315, 0.41700404858299595, 0.6666666666666667, 0.6666666666666667, 0.5555555555555556, 0.5901477832512315, 0.43529411764705883, 0.4682306940371457, 0.6190476190476191]
 mean: 0.5435329827396234, std: 0.10413333918313357
Accuracy Intime: [0.7142857142857143, 0.8571428571428571, 0.6666666666666666, 0.5833333333333334, 0.8333333333333334, 0.7857142857142857, 0.8571428571428571, 0.8333333333333334, 0.5, 0.5833333333333334, 1.0, 0.7142857142857143, 0.9166666666666666, 0.3333333333333333, 0.6666666666666666]
 mean: 0.7230158730158729, std: 0.1684410460411405
F1 (Intime): [0.7083333333333333, 0.8571428571428571, 0.625, 0.5555555555555556, 0.8285714285714285, 0.7846153846153847, 0.8541666666666667, 0.8285714285714285, 0.4375, 0.5555555555555556, 1.0, 0.7142857142857143, 0.9111111111111111, 0.25, 0.6571428571428571]
 mean: 0.7045034595034595, std: 0.19040585010626096
--------------------------------------------------
Subject Number: 6
Accuracy Cross: [0.5625, 0.59375, 0.5, 0.40625, 0.6875, 0.42424242424242425, 0.48484848484848486, 0.5151515151515151, 0.42424242424242425, 0.5454545454545454, 0.5757575757575758, 0.6666666666666666, 0.696969696969697, 0.6666666666666666, 0.7575757575757576]
 mean: 0.5671717171717172, std: 0.10627034786584161
F1 Score: [0.5465587044534412, 0.5835835835835836, 0.4980392156862745, 0.3764102564102564, 0.6666666666666667, 0.42424242424242425, 0.32653061224489793, 0.4260869565217391, 0.3660262891809909, 0.4994944388270981, 0.5557692307692308, 0.6552706552706553, 0.6826923076923077, 0.6654377880184332, 0.7272727272727273]
 mean: 0.5333387904560485, std: 0.1250064680831381
Accuracy Intime: [0.5714285714285714, 0.7857142857142857, 0.7142857142857143, 0.75, 0.5, 0.9285714285714286, 0.7857142857142857, 0.9166666666666666, 0.5, 0.75, 0.7857142857142857, 0.7857142857142857, 0.8333333333333334, 0.5, 0.5]
 mean: 0.7071428571428572, std: 0.14772141867685692
F1 (Intime): [0.5333333333333333, 0.7543859649122806, 0.7083333333333333, 0.7482517482517483, 0.4857142857142857, 0.9251336898395721, 0.7846153846153847, 0.8991596638655461, 0.4857142857142857, 0.7333333333333334, 0.7846153846153847, 0.7846153846153847, 0.8125, 0.4857142857142857, 0.4857142857142857]
 mean: 0.6940756242381629, std: 0.15096946349952434
--------------------------------------------------
Subject Number: 7
Accuracy Cross: [0.59375, 0.5625, 0.5625, 0.625, 0.65625, 0.4375, 0.65625, 0.625, 0.46875, 0.53125, 0.53125, 0.5, 0.46875, 0.65625, 0.625]
 mean: 0.5666666666666667, std: 0.07204840194079411
F1 Score: [0.5134502923976608, 0.5333333333333333, 0.5333333333333333, 0.5636363636363637, 0.6101882613510521, 0.41700404858299595, 0.6101882613510521, 0.6190476190476191, 0.4420512820512821, 0.530791788856305, 0.5195195195195195, 0.4817813765182186, 0.45545545545545546, 0.6532019704433498, 0.6235294117647059]
 mean: 0.5404341545094832, std: 0.0697644464642388
Accuracy Intime: [0.7142857142857143, 0.5714285714285714, 0.3333333333333333, 0.3333333333333333, 0.8333333333333334, 0.5714285714285714, 0.6428571428571429, 0.6666666666666666, 0.6666666666666666, 0.9166666666666666, 0.6428571428571429, 0.6428571428571429, 0.3333333333333333, 0.5833333333333334, 0.6666666666666666]
 mean: 0.6079365079365079, std: 0.16348821077291292
F1 (Intime): [0.7083333333333333, 0.5625, 0.25, 0.3142857142857143, 0.8285714285714285, 0.5333333333333333, 0.625668449197861, 0.6571428571428571, 0.6571428571428571, 0.916083916083916, 0.641025641025641, 0.5906432748538011, 0.25, 0.5555555555555556, 0.6571428571428571]
 mean: 0.5831619478446104, std: 0.18372467560594852
--------------------------------------------------
Subject Number: 8
Accuracy Cross: [0.5, 0.59375, 0.53125, 0.75, 0.65625, 0.78125, 0.6875, 0.71875, 0.53125, 0.6875, 0.5625, 0.625, 0.65625, 0.78125, 0.625]
 mean: 0.6458333333333334, std: 0.08740073734751264
F1 Score: [0.4920634920634921, 0.539313399778516, 0.5270935960591133, 0.722943722943723, 0.6267232237539766, 0.7702564102564102, 0.6536796536796536, 0.681063122923588, 0.5270935960591133, 0.6761133603238867, 0.5555555555555556, 0.5, 0.6476476476476476, 0.7624602332979851, 0.6190476190476191]
 mean: 0.6200703088926853, std: 0.08980936885423417
Accuracy Intime: [0.6428571428571429, 0.7857142857142857, 0.8333333333333334, 0.5, 0.5833333333333334, 0.5, 0.7857142857142857, 0.6666666666666666, 0.4166666666666667, 0.4166666666666667, 0.7142857142857143, 1.0, 0.6666666666666666, 0.8333333333333334, 0.75]
 mean: 0.6730158730158731, std: 0.16159322657300842
F1 (Intime): [0.625668449197861, 0.7754010695187166, 0.8285714285714285, 0.3333333333333333, 0.5555555555555556, 0.4269005847953216, 0.7846153846153847, 0.4, 0.4125874125874126, 0.4125874125874126, 0.6888888888888889, 1.0, 0.625, 0.8333333333333334, 0.7482517482517483]
 mean: 0.6300463067490931, std: 0.19364167551437006
--------------------------------------------------
Subject Number: 9
Accuracy Cross: [0.84375, 0.8125, 0.9375, 0.84375, 0.875, 0.6875, 0.6875, 0.71875, 0.71875, 0.71875, 0.78125, 0.6875, 0.78125, 0.9375, 0.84375]
 mean: 0.7916666666666666, std: 0.08436856971381912
F1 Score: [0.8358974358974359, 0.7922077922077921, 0.9352226720647774, 0.8358974358974359, 0.8666666666666667, 0.6825396825396826, 0.6825396825396826, 0.694591728525981, 0.718475073313783, 0.716256157635468, 0.7810361681329423, 0.6825396825396826, 0.751937984496124, 0.9365079365079365, 0.8358974358974359]
 mean: 0.7832142356575217, std: 0.08559392947619963
Accuracy Intime: [1.0, 0.8571428571428571, 1.0, 0.6666666666666666, 0.4166666666666667, 1.0, 1.0, 1.0, 0.9166666666666666, 0.6666666666666666, 0.9285714285714286, 0.8571428571428571, 0.9166666666666666, 1.0, 0.75]
 mean: 0.8650793650793651, std: 0.16568113759568787
F1 (Intime): [1.0, 0.8444444444444444, 1.0, 0.6666666666666666, 0.37777777777777777, 1.0, 1.0, 1.0, 0.916083916083916, 0.6571428571428571, 0.9282051282051282, 0.8444444444444444, 0.8991596638655461, 1.0, 0.7482517482517483]
 mean: 0.8588117764588354, std: 0.17338749252854538
--------------------------------------------------
Subject Number: 10
Accuracy Cross: [0.375, 0.78125, 0.5, 0.53125, 0.59375, 0.53125, 0.59375, 0.53125, 0.5625, 0.46875, 0.6060606060606061, 0.5151515151515151, 0.5757575757575758, 0.6060606060606061, 0.6363636363636364]
 mean: 0.5605429292929293, std: 0.08648584374478947
F1 Score: [0.36507936507936506, 0.7624602332979851, 0.4181818181818182, 0.4909862142099682, 0.5134502923976608, 0.5270935960591133, 0.539313399778516, 0.530791788856305, 0.49090909090909085, 0.464039408866995, 0.6060606060606061, 0.5111111111111111, 0.5557692307692308, 0.5814634146341464, 0.6278195488721805]
 mean: 0.5323019412722728, std: 0.08961186105139209
Accuracy Intime: [0.7142857142857143, 0.7857142857142857, 0.75, 0.6666666666666666, 0.75, 0.7857142857142857, 0.7142857142857143, 0.6666666666666666, 0.8333333333333334, 0.5833333333333334, 0.7857142857142857, 0.6428571428571429, 0.75, 0.75, 0.8333333333333334]
 mean: 0.7341269841269841, std: 0.06813389216296747
F1 (Intime): [0.6888888888888889, 0.7846153846153847, 0.7333333333333334, 0.625, 0.7482517482517483, 0.7754010695187166, 0.6888888888888889, 0.4, 0.8333333333333334, 0.5804195804195804, 0.7543859649122806, 0.641025641025641, 0.7482517482517483, 0.7482517482517483, 0.8333333333333334]
 mean: 0.7055587108683085, std: 0.10728160899187505
--------------------------------------------------
Subject Number: 11
Accuracy Cross: [0.48484848484848486, 0.3939393939393939, 0.42424242424242425, 0.45454545454545453, 0.45454545454545453, 0.5757575757575758, 0.5151515151515151, 0.5454545454545454, 0.5454545454545454, 0.5454545454545454, 0.5757575757575758, 0.5757575757575758, 0.5757575757575758, 0.6060606060606061, 0.6060606060606061]
 mean: 0.5252525252525254, std: 0.0651495575620085
F1 Score: [0.4672364672364672, 0.39338235294117646, 0.3882926829268293, 0.44172932330827064, 0.4107142857142857, 0.49782608695652175, 0.34, 0.4994944388270981, 0.44568868980963045, 0.35294117647058826, 0.5657894736842105, 0.4652777777777778, 0.5227272727272727, 0.6001863932898416, 0.5195968645016797]
 mean: 0.46072555241144336, std: 0.07293935286182572
Accuracy Intime: [0.6428571428571429, 0.6428571428571429, 0.6428571428571429, 0.8333333333333334, 0.6666666666666666, 0.5714285714285714, 0.5, 0.7142857142857143, 0.5, 0.4166666666666667, 0.5714285714285714, 0.5, 0.5714285714285714, 0.5, 0.5]
 mean: 0.584920634920635, std: 0.10331492289607012
F1 (Intime): [0.5238095238095237, 0.5238095238095237, 0.5906432748538011, 0.8285714285714285, 0.625, 0.5333333333333333, 0.3333333333333333, 0.7083333333333333, 0.4857142857142857, 0.4125874125874126, 0.5333333333333333, 0.49743589743589745, 0.5333333333333333, 0.4857142857142857, 0.3333333333333333]
 mean: 0.5298857088330772, std: 0.12379666255679832
--------------------------------------------------
Subject Number: 12
Accuracy Cross: [0.6875, 0.6875, 0.6875, 0.6875, 0.71875, 0.696969696969697, 0.7575757575757576, 0.7878787878787878, 0.8484848484848485, 0.8484848484848485, 0.78125, 0.71875, 0.75, 0.5, 0.625]
 mean: 0.7188762626262626, std: 0.08400488896646635
F1 Score: [0.6536796536796536, 0.6536796536796536, 0.6666666666666667, 0.6135265700483092, 0.6631578947368422, 0.6726190476190477, 0.7272727272727273, 0.7664307381193125, 0.8390243902439025, 0.8433048433048433, 0.7810361681329423, 0.7117117117117118, 0.722943722943723, 0.4980392156862745, 0.6]
 mean: 0.694206200256374, std: 0.08851476377191614
Accuracy Intime: [0.6428571428571429, 0.9285714285714286, 0.75, 0.6666666666666666, 0.6666666666666666, 0.6428571428571429, 0.5, 0.9166666666666666, 0.75, 0.75, 1.0, 0.5714285714285714, 0.8333333333333334, 0.6666666666666666, 0.5833333333333334]
 mean: 0.7246031746031747, std: 0.13793550331159168
F1 (Intime): [0.5238095238095237, 0.9251336898395721, 0.6974789915966386, 0.625, 0.6571428571428571, 0.5906432748538011, 0.49743589743589745, 0.8991596638655461, 0.7333333333333334, 0.7482517482517483, 1.0, 0.5333333333333333, 0.7777777777777777, 0.6571428571428571, 0.5555555555555556]
 mean: 0.6947465669292294, std: 0.14863949446567867
--------------------------------------------------
Subject Number: 13
Accuracy Cross: [0.875, 0.84375, 0.9375, 0.8125, 0.9375, 0.7272727272727273, 0.7878787878787878, 0.9090909090909091, 0.8181818181818182, 0.7878787878787878, 0.90625, 0.625, 0.8125, 0.71875, 0.9375]
 mean: 0.8291035353535353, std: 0.0887675652748917
F1 Score: [0.8666666666666667, 0.8358974358974359, 0.9352226720647774, 0.8, 0.9352226720647774, 0.6857142857142857, 0.7746341463414634, 0.9087557603686636, 0.8139097744360901, 0.7746341463414634, 0.9015384615384616, 0.611336032388664, 0.8125, 0.6631578947368422, 0.9365079365079365]
 mean: 0.8170465256711685, std: 0.09924199615347627
Accuracy Intime: [0.7857142857142857, 0.5714285714285714, 1.0, 0.6666666666666666, 0.8333333333333334, 0.9285714285714286, 0.9285714285714286, 1.0, 0.9166666666666666, 0.5833333333333334, 0.7142857142857143, 1.0, 0.75, 0.8333333333333334, 0.9166666666666666]
 mean: 0.8285714285714286, std: 0.1407785285628046
F1 (Intime): [0.7754010695187166, 0.5333333333333333, 1.0, 0.6571428571428571, 0.8285714285714285, 0.9282051282051282, 0.9251336898395721, 1.0, 0.916083916083916, 0.5804195804195804, 0.7083333333333333, 1.0, 0.7333333333333334, 0.8285714285714285, 0.916083916083916]
 mean: 0.8220408676291029, std: 0.14755310149092324
--------------------------------------------------
Subject Number: 14
Accuracy Cross: [0.6875, 0.8125, 0.71875, 0.84375, 0.65625, 0.65625, 0.625, 0.5625, 0.65625, 0.59375, 0.625, 0.75, 0.5, 0.5, 0.78125]
 mean: 0.6645833333333333, std: 0.10043308994328291
F1 Score: [0.6536796536796536, 0.8117647058823529, 0.7046153846153846, 0.8358974358974359, 0.6559139784946236, 0.5883040935672514, 0.5, 0.4166666666666667, 0.5883040935672514, 0.4340136054421769, 0.5, 0.7408906882591093, 0.4980392156862745, 0.5, 0.751937984496124]
 mean: 0.612001833750287, std: 0.13166903181363357
Accuracy Intime: [0.7857142857142857, 0.7857142857142857, 0.75, 0.75, 1.0, 0.7142857142857143, 0.7857142857142857, 0.8333333333333334, 0.8333333333333334, 0.75, 0.7142857142857143, 0.5, 0.4166666666666667, 0.75, 0.75]
 mean: 0.7412698412698412, std: 0.13044393839209284
F1 (Intime): [0.7754010695187166, 0.7543859649122806, 0.6210526315789473, 0.7482517482517483, 1.0, 0.65, 0.7543859649122806, 0.8285714285714285, 0.8285714285714285, 0.7333333333333334, 0.65, 0.4269005847953216, 0.29411764705882354, 0.7482517482517483, 0.7333333333333334]
 mean: 0.7031037922059594, std: 0.16164835412670928
--------------------------------------------------
Subject Number: 15
Accuracy Cross: [0.71875, 0.59375, 0.71875, 0.59375, 0.71875, 0.6875, 0.53125, 0.625, 0.625, 0.625, 0.625, 0.6875, 0.5625, 0.4375, 0.53125]
 mean: 0.61875, std: 0.07839536550927824
F1 Score: [0.681063122923588, 0.5933528836754643, 0.718475073313783, 0.5933528836754643, 0.7117117117117118, 0.6862745098039216, 0.5270935960591133, 0.6235294117647059, 0.6, 0.625, 0.6, 0.6536796536796536, 0.5607843137254902, 0.37662337662337664, 0.530791788856305]
 mean: 0.6054488217208385, std: 0.08397366193935073
Accuracy Intime: [0.7857142857142857, 0.6428571428571429, 0.8333333333333334, 0.8333333333333334, 0.5, 0.6428571428571429, 0.6428571428571429, 0.8333333333333334, 0.6666666666666666, 0.6666666666666666, 0.7857142857142857, 0.7857142857142857, 0.9166666666666666, 1.0, 0.8333333333333334]
 mean: 0.757936507936508, std: 0.12430203221548702
F1 (Intime): [0.7754010695187166, 0.5906432748538011, 0.8285714285714285, 0.8333333333333334, 0.4375, 0.5906432748538011, 0.625668449197861, 0.8285714285714285, 0.625, 0.6571428571428571, 0.7543859649122806, 0.7543859649122806, 0.8991596638655461, 1.0, 0.8285714285714285]
 mean: 0.7352652092203176, std: 0.14042592352188027
--------------------------------------------------
Subject Number: 16
Accuracy Cross: [0.5, 0.46875, 0.4375, 0.53125, 0.625, 0.6875, 0.6875, 0.65625, 0.625, 0.65625, 0.5, 0.46875, 0.5625, 0.40625, 0.5]
 mean: 0.5541666666666667, std: 0.09161930594706676
F1 Score: [0.4666666666666667, 0.36374269005847953, 0.37662337662337664, 0.4909862142099682, 0.625, 0.6862745098039216, 0.6666666666666667, 0.6476476476476476, 0.5636363636363637, 0.6389743589743591, 0.4181818181818182, 0.464039408866995, 0.5151515151515151, 0.4056695992179863, 0.3816425120772947]
 mean: 0.5140602231855371, std: 0.11147579161413165
Accuracy Intime: [0.7142857142857143, 0.7142857142857143, 0.75, 1.0, 0.6666666666666666, 0.5714285714285714, 0.6428571428571429, 0.9166666666666666, 0.5, 0.5, 0.7857142857142857, 0.7142857142857143, 0.75, 0.8333333333333334, 0.5833333333333334]
 mean: 0.7095238095238096, std: 0.13683055269628774
F1 (Intime): [0.7083333333333333, 0.65, 0.6974789915966386, 1.0, 0.6666666666666666, 0.5625, 0.5906432748538011, 0.9111111111111111, 0.3333333333333333, 0.4857142857142857, 0.7846153846153847, 0.65, 0.7333333333333334, 0.8333333333333334, 0.5555555555555556]
 mean: 0.6775079068964518, std: 0.16151515993867988
--------------------------------------------------
Subject Number: 17
Accuracy Cross: [0.6060606060606061, 0.5454545454545454, 0.6666666666666666, 0.6363636363636364, 0.5454545454545454, 0.5151515151515151, 0.6060606060606061, 0.42424242424242425, 0.42424242424242425, 0.6060606060606061, 0.46875, 0.46875, 0.625, 0.59375, 0.6875]
 mean: 0.561300505050505, std: 0.08210430547699311
F1 Score: [0.4849939975990396, 0.5386766076421249, 0.593505039193729, 0.6192307692307693, 0.44568868980963045, 0.5147058823529411, 0.5814634146341464, 0.3660262891809909, 0.4045584045584045, 0.5925925925925926, 0.4420512820512821, 0.45545545545545546, 0.5, 0.539313399778516, 0.6536796536796536]
 mean: 0.5154627651839517, std: 0.08042915422152795
Accuracy Intime: [0.7142857142857143, 0.6428571428571429, 0.75, 0.5, 0.5833333333333334, 0.7142857142857143, 0.7857142857142857, 0.5, 0.6666666666666666, 0.75, 0.7857142857142857, 0.6428571428571429, 0.6428571428571429, 0.75, 0.6666666666666666]
 mean: 0.6730158730158728, std: 0.08843421128370868
F1 (Intime): [0.6888888888888889, 0.5906432748538011, 0.7333333333333334, 0.4857142857142857, 0.5555555555555556, 0.7083333333333333, 0.7543859649122806, 0.4857142857142857, 0.6571428571428571, 0.7482517482517483, 0.7846153846153847, 0.5238095238095237, 0.5238095238095237, 0.7482517482517483, 0.625]
 mean: 0.6408966472124367, std: 0.10259555047214447
--------------------------------------------------
Subject Number: 18
Accuracy Cross: [0.7575757575757576, 0.696969696969697, 0.8484848484848485, 0.6666666666666666, 0.7272727272727273, 0.71875, 0.65625, 0.8125, 0.75, 0.78125, 0.90625, 0.6875, 0.6875, 0.875, 0.78125]
 mean: 0.7568813131313131, std: 0.07429496139816057
F1 Score: [0.7555555555555555, 0.6726190476190477, 0.8462255358807083, 0.6552706552706553, 0.723205964585275, 0.718475073313783, 0.6476476476476476, 0.8095238095238095, 0.7408906882591093, 0.7624602332979851, 0.9039039039039038, 0.6536796536796536, 0.6363636363636364, 0.8666666666666667, 0.7810361681329423]
 mean: 0.7449016159800252, std: 0.08176488271545475
Accuracy Intime: [0.8571428571428571, 0.8571428571428571, 1.0, 0.75, 0.6666666666666666, 0.9285714285714286, 1.0, 1.0, 0.75, 0.6666666666666666, 0.9285714285714286, 0.7142857142857143, 0.8333333333333334, 0.75, 0.6666666666666666]
 mean: 0.8246031746031746, std: 0.12105191088849283
F1 (Intime): [0.8444444444444444, 0.8541666666666667, 1.0, 0.7482517482517483, 0.6571428571428571, 0.9251336898395721, 1.0, 1.0, 0.7482517482517483, 0.625, 0.9251336898395721, 0.65, 0.7777777777777777, 0.7482517482517483, 0.6571428571428571]
 mean: 0.8107131485072662, std: 0.13088759609922598
--------------------------------------------------
Subject Number: 19
Accuracy Cross: [0.375, 0.5, 0.65625, 0.5, 0.5625, 0.59375, 0.34375, 0.59375, 0.5625, 0.59375, 0.59375, 0.65625, 0.40625, 0.71875, 0.46875]
 mean: 0.5416666666666666, std: 0.10437479208229457
F1 Score: [0.2727272727272727, 0.4980392156862745, 0.6101882613510521, 0.3816425120772947, 0.5555555555555556, 0.5588547189819725, 0.2558139534883721, 0.4793491864831039, 0.4166666666666667, 0.4340136054421769, 0.5835835835835836, 0.6476476476476476, 0.3552492046659597, 0.716256157635468, 0.4231177094379639]
 mean: 0.47924701676202425, std: 0.12952864975575556
Accuracy Intime: [0.7142857142857143, 0.7142857142857143, 0.75, 0.75, 0.9166666666666666, 0.8571428571428571, 0.6428571428571429, 0.75, 0.8333333333333334, 0.5833333333333334, 0.7142857142857143, 0.6428571428571429, 1.0, 0.75, 0.9166666666666666]
 mean: 0.7690476190476189, std: 0.11123575774886969
F1 (Intime): [0.7083333333333333, 0.65, 0.6974789915966386, 0.7333333333333334, 0.916083916083916, 0.8571428571428571, 0.625668449197861, 0.7333333333333334, 0.8285714285714285, 0.5555555555555556, 0.65, 0.641025641025641, 1.0, 0.7333333333333334, 0.916083916083916]
 mean: 0.7497296059060765, std: 0.12268930599302023
--------------------------------------------------
Subject Number: 20
Accuracy Cross: [0.6875, 0.53125, 0.4375, 0.625, 0.59375, 0.5625, 0.65625, 0.65625, 0.6875, 0.8125, 0.5454545454545454, 0.5151515151515151, 0.42424242424242425, 0.3939393939393939, 0.6363636363636364]
 mean: 0.5843434343434344, std: 0.10990042891214744
F1 Score: [0.6761133603238867, 0.530791788856305, 0.41700404858299595, 0.611336032388664, 0.5901477832512315, 0.5333333333333333, 0.6532019704433498, 0.6559139784946236, 0.6536796536796536, 0.8095238095238095, 0.5386766076421249, 0.49230769230769234, 0.4221198156682028, 0.39338235294117646, 0.6192307692307693]
 mean: 0.5731175331111878, std: 0.10975710454029278
Accuracy Intime: [0.7857142857142857, 0.7857142857142857, 0.8333333333333334, 0.75, 0.5, 0.7142857142857143, 0.8571428571428571, 0.8333333333333334, 0.5, 0.5833333333333334, 0.9285714285714286, 0.8571428571428571, 0.75, 0.6666666666666666, 0.6666666666666666]
 mean: 0.7341269841269841, std: 0.12528626832172135
F1 (Intime): [0.7846153846153847, 0.7543859649122806, 0.7777777777777777, 0.7333333333333334, 0.4857142857142857, 0.6888888888888889, 0.8444444444444444, 0.8285714285714285, 0.4857142857142857, 0.4957983193277311, 0.9282051282051282, 0.8444444444444444, 0.7333333333333334, 0.6571428571428571, 0.6571428571428571]
 mean: 0.7133008489045641, std: 0.13251517845501598
--------------------------------------------------
Subject Number: 21
Accuracy Cross: [0.4375, 0.28125, 0.4375, 0.46875, 0.5, 0.5, 0.375, 0.40625, 0.53125, 0.5625, 0.5, 0.46875, 0.40625, 0.40625, 0.5]
 mean: 0.45208333333333334, std: 0.06833841444523635
F1 Score: [0.43529411764705883, 0.26326326326326327, 0.4285714285714286, 0.4420512820512821, 0.4817813765182186, 0.4666666666666667, 0.36507936507936506, 0.4056695992179863, 0.3469387755102041, 0.4166666666666667, 0.4920634920634921, 0.36374269005847953, 0.3552492046659597, 0.3764102564102564, 0.3816425120772947]
 mean: 0.4014060464311749, std: 0.05811567936574041
Accuracy Intime: [0.5, 0.5714285714285714, 0.6666666666666666, 0.6666666666666666, 0.5833333333333334, 0.42857142857142855, 0.5, 0.5833333333333334, 0.5, 0.5, 0.5714285714285714, 0.5, 0.5833333333333334, 0.6666666666666666, 0.6666666666666666]
 mean: 0.5658730158730159, std: 0.07400979826587152
F1 (Intime): [0.49743589743589745, 0.5625, 0.4, 0.6666666666666666, 0.5804195804195804, 0.42857142857142855, 0.4269005847953216, 0.3684210526315789, 0.4375, 0.4375, 0.5714285714285714, 0.4269005847953216, 0.4957983193277311, 0.6666666666666666, 0.625]
 mean: 0.506113956849251, std: 0.09558043252231668
--------------------------------------------------
Subject Number: 22
Accuracy Cross: [0.65625, 0.65625, 0.625, 0.625, 0.625, 0.6060606060606061, 0.696969696969697, 0.6666666666666666, 0.6060606060606061, 0.5454545454545454, 0.625, 0.46875, 0.46875, 0.625, 0.59375]
 mean: 0.6059974747474748, std: 0.06340452246112749
F1 Score: [0.5883040935672514, 0.6559139784946236, 0.625, 0.5636363636363637, 0.5, 0.4849939975990396, 0.6413043478260869, 0.593505039193729, 0.4849939975990396, 0.4057623049219688, 0.6235294117647059, 0.464039408866995, 0.4231177094379639, 0.6235294117647059, 0.5134502923976608]
 mean: 0.5460720238046757, std: 0.07995294634087385
Accuracy Intime: [0.7142857142857143, 0.7142857142857143, 0.75, 0.6666666666666666, 0.5833333333333334, 0.7857142857142857, 0.7857142857142857, 0.75, 0.5, 0.5, 0.8571428571428571, 0.8571428571428571, 0.5833333333333334, 0.9166666666666666, 0.5833333333333334]
 mean: 0.7031746031746031, std: 0.12602314952090168
F1 (Intime): [0.65, 0.65, 0.6974789915966386, 0.625, 0.4957983193277311, 0.7543859649122806, 0.7754010695187166, 0.6210526315789473, 0.4375, 0.4857142857142857, 0.8444444444444444, 0.8444444444444444, 0.4957983193277311, 0.916083916083916, 0.4957983193277311]
 mean: 0.6525933804184578, std: 0.1460905275488947
--------------------------------------------------
Subject Number: 23
Accuracy Cross: [0.7272727272727273, 0.7878787878787878, 0.7272727272727273, 0.8181818181818182, 0.7272727272727273, 0.625, 0.71875, 0.46875, 0.625, 0.78125, 0.6666666666666666, 0.7272727272727273, 0.7272727272727273, 0.7272727272727273, 0.8484848484848485]
 mean: 0.7135732323232322, std: 0.08877968714007112
F1 Score: [0.7102439024390244, 0.7806267806267806, 0.6857142857142857, 0.8035714285714286, 0.6857142857142857, 0.6190476190476191, 0.7046153846153846, 0.4420512820512821, 0.611336032388664, 0.7810361681329423, 0.6158730158730159, 0.6996966632962589, 0.6857142857142857, 0.6996966632962589, 0.8390243902439025]
 mean: 0.6909308125150279, std: 0.09332979291919341
Accuracy Intime: [0.8571428571428571, 0.6428571428571429, 0.9166666666666666, 0.5, 0.75, 0.7142857142857143, 0.8571428571428571, 0.8571428571428571, 0.9166666666666666, 0.6666666666666666, 0.7857142857142857, 0.7142857142857143, 0.8333333333333334, 0.5833333333333334, 0.75]
 mean: 0.7563492063492064, std: 0.11800068752975801
F1 (Intime): [0.8444444444444444, 0.5238095238095237, 0.9111111111111111, 0.3333333333333333, 0.7333333333333334, 0.6888888888888889, 0.8444444444444444, 0.8541666666666667, 0.916083916083916, 0.625, 0.7543859649122806, 0.7083333333333333, 0.8125, 0.5555555555555556, 0.7333333333333334]
 mean: 0.722581589950011, std: 0.1547283481114083
--------------------------------------------------
Subject Number: 24
Accuracy Cross: [0.59375, 0.4375, 0.53125, 0.59375, 0.53125, 0.59375, 0.59375, 0.53125, 0.5625, 0.5625, 0.65625, 0.5, 0.4375, 0.4375, 0.5]
 mean: 0.5375, std: 0.0637377439199098
F1 Score: [0.5588547189819725, 0.4375, 0.43859649122807015, 0.5901477832512315, 0.5076923076923077, 0.5134502923976608, 0.5835835835835836, 0.4684385382059801, 0.5333333333333333, 0.5555555555555556, 0.6101882613510521, 0.4666666666666667, 0.43529411764705883, 0.43529411764705883, 0.4666666666666667]
 mean: 0.5067508289472132, std: 0.059855864661447225
Accuracy Intime: [0.5, 0.5714285714285714, 0.6666666666666666, 0.5833333333333334, 0.5833333333333334, 0.42857142857142855, 0.6428571428571429, 0.5, 0.8333333333333334, 0.6666666666666666, 0.6428571428571429, 0.7857142857142857, 0.5833333333333334, 0.5833333333333334, 0.75]
 mean: 0.6214285714285714, std: 0.10596352714690062
F1 (Intime): [0.4269005847953216, 0.5333333333333333, 0.625, 0.5804195804195804, 0.5555555555555556, 0.37777777777777777, 0.641025641025641, 0.4375, 0.8333333333333334, 0.6571428571428571, 0.5906432748538011, 0.7846153846153847, 0.5804195804195804, 0.5804195804195804, 0.7482517482517483]
 mean: 0.596822548796233, std: 0.12364941984521159
--------------------------------------------------
Subject Number: 25
Accuracy Cross: [0.5454545454545454, 0.5454545454545454, 0.5454545454545454, 0.5151515151515151, 0.48484848484848486, 0.65625, 0.5625, 0.53125, 0.59375, 0.625, 0.59375, 0.53125, 0.71875, 0.59375, 0.65625]
 mean: 0.5799242424242425, std: 0.0607565996546192
F1 Score: [0.5170731707317073, 0.47619047619047616, 0.5299145299145299, 0.38888888888888884, 0.4327603640040445, 0.6389743589743591, 0.5555555555555556, 0.5270935960591133, 0.4340136054421769, 0.6190476190476191, 0.5733333333333333, 0.5195195195195195, 0.7046153846153846, 0.5733333333333333, 0.6267232237539766]
 mean: 0.5411357972909344, std: 0.08325122595329243
Accuracy Intime: [0.7857142857142857, 0.7142857142857143, 0.8333333333333334, 0.9166666666666666, 0.5833333333333334, 0.6428571428571429, 0.7142857142857143, 0.6666666666666666, 0.6666666666666666, 0.6666666666666666, 0.7857142857142857, 0.5714285714285714, 0.5833333333333334, 0.5, 0.4166666666666667]
 mean: 0.6698412698412699, std: 0.1256477296962749
F1 (Intime): [0.7846153846153847, 0.7083333333333333, 0.8125, 0.916083916083916, 0.4957983193277311, 0.5238095238095237, 0.6888888888888889, 0.6571428571428571, 0.625, 0.6571428571428571, 0.7846153846153847, 0.5625, 0.3684210526315789, 0.4375, 0.29411764705882354]
 mean: 0.6210979443100187, std: 0.1683281286089268
--------------------------------------------------
Subject Number: 26
Accuracy Cross: [0.6666666666666666, 0.6363636363636364, 0.696969696969697, 0.9393939393939394, 0.6363636363636364, 0.8125, 0.75, 0.5625, 0.6875, 0.84375, 0.78125, 0.875, 0.84375, 0.78125, 0.6875]
 mean: 0.7467171717171718, std: 0.1011015211296906
F1 Score: [0.6654377880184332, 0.6192307692307693, 0.6590909090909091, 0.9379699248120301, 0.6192307692307693, 0.8095238095238095, 0.7490196078431373, 0.5555555555555556, 0.6363636363636364, 0.8423645320197044, 0.751937984496124, 0.8666666666666667, 0.8398398398398399, 0.751937984496124, 0.6135265700483092]
 mean: 0.7278464231490546, std: 0.10975710321910793
Accuracy Intime: [0.6428571428571429, 0.7142857142857143, 0.75, 0.6666666666666666, 0.8333333333333334, 0.9285714285714286, 1.0, 0.9166666666666666, 0.6666666666666666, 0.8333333333333334, 0.8571428571428571, 0.7142857142857143, 0.5, 0.8333333333333334, 0.5833333333333334]
 mean: 0.7626984126984128, std: 0.13422791356136599
F1 (Intime): [0.641025641025641, 0.6888888888888889, 0.6210526315789473, 0.625, 0.8333333333333334, 0.9251336898395721, 1.0, 0.8991596638655461, 0.625, 0.8285714285714285, 0.8541666666666667, 0.65, 0.4857142857142857, 0.8285714285714285, 0.4957983193277311]
 mean: 0.7334277318255646, std: 0.1526206030409967
--------------------------------------------------
Subject Number: 27
Accuracy Cross: [0.6060606060606061, 0.5454545454545454, 0.6666666666666666, 0.6363636363636364, 0.5454545454545454, 0.5151515151515151, 0.6060606060606061, 0.42424242424242425, 0.42424242424242425, 0.6060606060606061, 0.46875, 0.46875, 0.625, 0.59375, 0.6875]
 mean: 0.561300505050505, std: 0.08210430547699311
F1 Score: [0.4849939975990396, 0.5386766076421249, 0.593505039193729, 0.6192307692307693, 0.44568868980963045, 0.5147058823529411, 0.5814634146341464, 0.3660262891809909, 0.4045584045584045, 0.5925925925925926, 0.4420512820512821, 0.45545545545545546, 0.5, 0.539313399778516, 0.6536796536796536]
 mean: 0.5154627651839517, std: 0.08042915422152795
Accuracy Intime: [0.7142857142857143, 0.6428571428571429, 0.75, 0.5, 0.5833333333333334, 0.7142857142857143, 0.7857142857142857, 0.5, 0.6666666666666666, 0.75, 0.7857142857142857, 0.6428571428571429, 0.6428571428571429, 0.75, 0.6666666666666666]
 mean: 0.6730158730158728, std: 0.08843421128370868
F1 (Intime): [0.6888888888888889, 0.5906432748538011, 0.7333333333333334, 0.4857142857142857, 0.5555555555555556, 0.7083333333333333, 0.7543859649122806, 0.4857142857142857, 0.6571428571428571, 0.7482517482517483, 0.7846153846153847, 0.5238095238095237, 0.5238095238095237, 0.7482517482517483, 0.625]
 mean: 0.6408966472124367, std: 0.10259555047214447
--------------------------------------------------
Subject Number: 28
Accuracy Cross: [0.625, 0.53125, 0.5625, 0.46875, 0.5625, 0.375, 0.40625, 0.53125, 0.46875, 0.53125, 0.46875, 0.34375, 0.53125, 0.625, 0.46875]
 mean: 0.5, std: 0.07987620630283672
F1 Score: [0.6, 0.530791788856305, 0.5607843137254902, 0.4231177094379639, 0.5151515151515151, 0.37254901960784315, 0.3913913913913914, 0.5270935960591133, 0.464039408866995, 0.5195195195195195, 0.464039408866995, 0.32732732732732733, 0.4684385382059801, 0.6190476190476191, 0.39756367663344405]
 mean: 0.4787236555131668, std: 0.08214279369435785
Accuracy Intime: [0.6428571428571429, 0.6428571428571429, 0.9166666666666666, 0.5833333333333334, 0.6666666666666666, 0.5, 0.5714285714285714, 0.6666666666666666, 0.5833333333333334, 0.8333333333333334, 0.8571428571428571, 0.7142857142857143, 0.8333333333333334, 0.6666666666666666, 0.75]
 mean: 0.6952380952380951, std: 0.11638287479252926
F1 (Intime): [0.641025641025641, 0.641025641025641, 0.8991596638655461, 0.5804195804195804, 0.6571428571428571, 0.47593582887700536, 0.475, 0.5555555555555556, 0.5804195804195804, 0.8333333333333334, 0.8541666666666667, 0.7083333333333333, 0.7777777777777777, 0.6666666666666666, 0.7482517482517483]
 mean: 0.6729475916240621, std: 0.12619455261077675
--------------------------------------------------
Subject Number: 29
Accuracy Cross: [0.96875, 0.8125, 0.84375, 0.875, 0.875, 0.75, 0.9375, 0.84375, 0.90625, 0.96875, 0.9696969696969697, 0.8181818181818182, 0.9696969696969697, 0.9393939393939394, 0.9090909090909091]
 mean: 0.8924873737373737, std: 0.06624716161696173
F1 Score: [0.967967967967968, 0.8, 0.8435972629521017, 0.8666666666666667, 0.8666666666666667, 0.7333333333333334, 0.9352226720647774, 0.8435972629521017, 0.9015384615384616, 0.967967967967968, 0.9692451071761417, 0.8166666666666667, 0.9692451071761417, 0.9379699248120301, 0.905982905982906]
 mean: 0.8883778649282623, std: 0.06968043460619686
Accuracy Intime: [1.0, 0.9285714285714286, 0.9166666666666666, 1.0, 0.9166666666666666, 0.8571428571428571, 1.0, 1.0, 0.8333333333333334, 0.6666666666666666, 0.9285714285714286, 1.0, 1.0, 1.0, 0.6666666666666666]
 mean: 0.9142857142857143, std: 0.11084435097745399
F1 (Intime): [1.0, 0.9282051282051282, 0.9111111111111111, 1.0, 0.916083916083916, 0.8571428571428571, 1.0, 1.0, 0.8285714285714285, 0.6571428571428571, 0.9251336898395721, 1.0, 1.0, 1.0, 0.625]
 mean: 0.9098927325397914, std: 0.11885137939435636
--------------------------------------------------
**************************************************
accuracy_cross_list: [0.7667297979797979, 0.6567550505050507, 0.5020833333333331, 0.7070707070707072, 0.5520833333333334, 0.5671717171717172, 0.5666666666666667, 0.6458333333333334, 0.7916666666666666, 0.5605429292929293, 0.5252525252525254, 0.7188762626262626, 0.8291035353535353, 0.6645833333333333, 0.61875, 0.5541666666666667, 0.561300505050505, 0.7568813131313131, 0.5416666666666666, 0.5843434343434344, 0.45208333333333334, 0.6059974747474748, 0.7135732323232322, 0.5375, 0.5799242424242425, 0.7467171717171718, 0.561300505050505, 0.5, 0.8924873737373737]
f1_score_list: [0.7482927928171493, 0.6291223464895387, 0.4533525406235528, 0.6881121304575873, 0.5435329827396234, 0.5333387904560485, 0.5404341545094832, 0.6200703088926853, 0.7832142356575217, 0.5323019412722728, 0.46072555241144336, 0.694206200256374, 0.8170465256711685, 0.612001833750287, 0.6054488217208385, 0.5140602231855371, 0.5154627651839517, 0.7449016159800252, 0.47924701676202425, 0.5731175331111878, 0.4014060464311749, 0.5460720238046757, 0.6909308125150279, 0.5067508289472132, 0.5411357972909344, 0.7278464231490546, 0.5154627651839517, 0.4787236555131668, 0.8883778649282623]
accuracy_intime_list: [0.8174603174603176, 0.6706349206349206, 0.6158730158730158, 0.7674603174603174, 0.7230158730158729, 0.7071428571428572, 0.6079365079365079, 0.6730158730158731, 0.8650793650793651, 0.7341269841269841, 0.584920634920635, 0.7246031746031747, 0.8285714285714286, 0.7412698412698412, 0.757936507936508, 0.7095238095238096, 0.6730158730158728, 0.8246031746031746, 0.7690476190476189, 0.7341269841269841, 0.5658730158730159, 0.7031746031746031, 0.7563492063492064, 0.6214285714285714, 0.6698412698412699, 0.7626984126984128, 0.6730158730158728, 0.6952380952380951, 0.9142857142857143]
f1_score_intime_list: [0.8048353976604752, 0.6438868641964618, 0.5709966395260513, 0.7463755462517073, 0.7045034595034595, 0.6940756242381629, 0.5831619478446104, 0.6300463067490931, 0.8588117764588354, 0.7055587108683085, 0.5298857088330772, 0.6947465669292294, 0.8220408676291029, 0.7031037922059594, 0.7352652092203176, 0.6775079068964518, 0.6408966472124367, 0.8107131485072662, 0.7497296059060765, 0.7133008489045641, 0.506113956849251, 0.6525933804184578, 0.722581589950011, 0.596822548796233, 0.6210979443100187, 0.7334277318255646, 0.6408966472124367, 0.6729475916240621, 0.9098927325397914]
**************************************************
ACC: 62.97±10.79
F1: 59.95±11.92
Intime: 72.04±8.07
F1 (Intime): 69.23±9.20
