1e-03
Subject Number: 1
Accuracy Cross: [0.6904761904761905, 0.7142857142857143, 0.7023809523809523, 0.7261904761904762, 0.7023809523809523, 0.7142857142857143, 0.7738095238095238, 0.7023809523809523, 0.6785714285714286, 0.75, 0.6904761904761905, 0.7738095238095238, 0.7023809523809523, 0.7142857142857143, 0.7261904761904762]
 mean: 0.7174603174603175, std: 0.027652779984419607
F1 Score: [0.6755793226381461, 0.6932440657334145, 0.6734566941377702, 0.7039987743220468, 0.6734566941377702, 0.7061224489795919, 0.7730052624093302, 0.6950776825903877, 0.6763236763236764, 0.7491110795050491, 0.662962962962963, 0.7682590387686947, 0.6734566941377702, 0.6888888888888889, 0.7039987743220468]
 mean: 0.7011294706571697, std: 0.033947942363216126
Accuracy Intime: [0.8823529411764706, 0.9117647058823529, 0.8823529411764706, 0.8529411764705882, 0.9375, 0.6470588235294118, 0.7647058823529411, 0.7647058823529411, 0.8235294117647058, 0.875, 0.8529411764705882, 0.8235294117647058, 0.7941176470588235, 0.8529411764705882, 0.875]
 mean: 0.8360294117647059, std: 0.06936491024127184
F1 (Intime): [0.880701754385965, 0.9110723626852659, 0.8819444444444444, 0.8528138528138528, 0.9372549019607843, 0.6357142857142857, 0.7571428571428571, 0.7571428571428571, 0.8235294117647058, 0.873015873015873, 0.85178727114211, 0.8131868131868132, 0.793939393939394, 0.8464317976513098, 0.8745098039215686]
 mean: 0.8326791787274724, std: 0.07225990063914453
--------------------------------------------------
Subject Number: 2
Accuracy Cross: [0.7142857142857143, 0.8095238095238095, 0.7619047619047619, 0.7261904761904762, 0.7380952380952381, 0.7976190476190477, 0.7619047619047619, 0.7857142857142857, 0.7261904761904762, 0.8452380952380952, 0.7857142857142857, 0.8571428571428571, 0.7619047619047619, 0.8333333333333334, 0.7738095238095238]
 mean: 0.7785714285714287, std: 0.04254738144025464
F1 Score: [0.7101782633697526, 0.8094157685762904, 0.750445632798574, 0.7079365079365079, 0.7343300747556067, 0.7952688172043011, 0.7597254004576659, 0.7826336975273145, 0.7171717171717171, 0.8414403949470016, 0.7855927396483267, 0.8558352402745995, 0.7551020408163265, 0.8332387975042541, 0.7698630136986302]
 mean: 0.7738785404457913, std: 0.04549239828881721
Accuracy Intime: [0.8823529411764706, 0.9705882352941176, 0.8823529411764706, 0.8235294117647058, 0.78125, 0.7941176470588235, 0.8235294117647058, 0.8823529411764706, 0.9411764705882353, 0.75, 0.8235294117647058, 0.9411764705882353, 0.7352941176470589, 0.8529411764705882, 0.84375]
 mean: 0.8485294117647059, std: 0.06704831466504804
F1 (Intime): [0.8785714285714286, 0.970357454228422, 0.8823529411764706, 0.8229166666666667, 0.7810361681329423, 0.7895667550839964, 0.8210526315789474, 0.8819444444444444, 0.9409722222222222, 0.7408906882591093, 0.8229166666666667, 0.9411764705882353, 0.7235772357723578, 0.8528138528138528, 0.8435972629521017]
 mean: 0.8462495259438576, std: 0.06947283789608281
--------------------------------------------------
Subject Number: 3
Accuracy Cross: [0.5714285714285714, 0.5238095238095238, 0.5595238095238095, 0.5357142857142857, 0.6309523809523809, 0.7261904761904762, 0.6547619047619048, 0.5833333333333334, 0.7380952380952381, 0.75, 0.5952380952380952, 0.5595238095238095, 0.6785714285714286, 0.6428571428571429, 0.6904761904761905]
 mean: 0.6293650793650793, std: 0.0725919369985976
F1 Score: [0.4874576271186441, 0.3841642228739003, 0.4999195494770716, 0.4625102543068088, 0.5727645611156686, 0.723010752688172, 0.653534347887925, 0.5818517991750818, 0.7326388888888888, 0.7491110795050491, 0.5159322033898305, 0.4534904167399332, 0.6525203002910984, 0.6111111111111112, 0.6576802507836991]
 mean: 0.5825131576901922, std: 0.10869551958832865
Accuracy Intime: [0.9117647058823529, 0.9117647058823529, 0.8823529411764706, 0.8823529411764706, 0.78125, 0.7647058823529411, 0.6176470588235294, 0.5882352941176471, 0.7647058823529411, 0.75, 0.7058823529411765, 0.7352941176470589, 0.7647058823529411, 0.7058823529411765, 0.5625]
 mean: 0.7552696078431373, std: 0.10693594025914782
F1 (Intime): [0.9110723626852659, 0.9116883116883117, 0.8819444444444444, 0.8823529411764706, 0.7793103448275862, 0.7647058823529411, 0.6007226738934056, 0.5492424242424242, 0.7647058823529411, 0.7408906882591093, 0.7058823529411765, 0.7043478260869566, 0.7647058823529411, 0.7048611111111112, 0.45893719806763283]
 mean: 0.7416913550988479, std: 0.12673918119590205
--------------------------------------------------
Subject Number: 4
Accuracy Cross: [0.6666666666666666, 0.6547619047619048, 0.7261904761904762, 0.6666666666666666, 0.7142857142857143, 0.75, 0.7023809523809523, 0.6904761904761905, 0.6666666666666666, 0.7857142857142857, 0.5952380952380952, 0.8095238095238095, 0.7142857142857143, 0.75, 0.7857142857142857]
 mean: 0.7119047619047619, std: 0.056040963313999145
F1 Score: [0.6664775950085082, 0.653534347887925, 0.725216896600768, 0.6541176470588235, 0.7128205128205127, 0.7482517482517483, 0.6950776825903877, 0.6888888888888889, 0.664957264957265, 0.7857142857142857, 0.5931623931623932, 0.8085470085470086, 0.7141236528644356, 0.7496807151979565, 0.7852272727272727]
 mean: 0.7097198608185453, std: 0.057125613866160455
Accuracy Intime: [0.8235294117647058, 0.7647058823529411, 0.7941176470588235, 0.7647058823529411, 0.8125, 0.8823529411764706, 0.7647058823529411, 0.6764705882352942, 0.8235294117647058, 0.875, 0.6176470588235294, 0.7352941176470589, 0.7352941176470589, 0.7647058823529411, 0.65625]
 mean: 0.7660539215686273, std: 0.07255005464285519
F1 (Intime): [0.8229166666666667, 0.7638888888888888, 0.7895667550839964, 0.7614035087719297, 0.8095238095238095, 0.8819444444444444, 0.7571428571428571, 0.6761904761904762, 0.8229166666666667, 0.873015873015873, 0.6173160173160173, 0.7332170880557978, 0.7153488372093023, 0.7571428571428571, 0.6476476476476476]
 mean: 0.7619454929178154, std: 0.0737474755991636
--------------------------------------------------
Subject Number: 5
Accuracy Cross: [0.8690476190476191, 0.8333333333333334, 0.8214285714285714, 0.8214285714285714, 0.7976190476190477, 0.9047619047619048, 0.8452380952380952, 0.7857142857142857, 0.7261904761904762, 0.8095238095238095, 0.8333333333333334, 0.7738095238095238, 0.8571428571428571, 0.7142857142857143, 0.7380952380952381]
 mean: 0.8087301587301589, std: 0.05206736338684674
F1 Score: [0.8688803746275011, 0.8309373202990225, 0.8183129055515501, 0.8170466095542326, 0.7975903614457831, 0.9045454545454545, 0.8425378514780101, 0.7846153846153847, 0.7039987743220468, 0.8090909090909091, 0.8318077803203661, 0.7698630136986302, 0.8568181818181818, 0.7005347593582887, 0.7379466817923993]
 mean: 0.8049684241678509, std: 0.05605361434618421
Accuracy Intime: [0.8823529411764706, 0.8235294117647058, 0.8235294117647058, 0.7941176470588235, 0.96875, 0.8235294117647058, 0.7647058823529411, 0.8529411764705882, 0.8235294117647058, 0.6875, 0.7647058823529411, 0.7941176470588235, 0.9705882352941176, 0.7647058823529411, 0.875]
 mean: 0.8275735294117648, std: 0.07305669122429029
F1 (Intime): [0.8819444444444444, 0.8178571428571428, 0.8210526315789474, 0.7895667550839964, 0.9687194525904204, 0.8210526315789474, 0.7571428571428571, 0.8528138528138528, 0.8229166666666667, 0.6825396825396826, 0.7614035087719297, 0.7895667550839964, 0.970357454228422, 0.7614035087719297, 0.873015873015873]
 mean: 0.8247568811446071, std: 0.0746954274664681
--------------------------------------------------
Subject Number: 6
Accuracy Cross: [0.5833333333333334, 0.5952380952380952, 0.6309523809523809, 0.5952380952380952, 0.7023809523809523, 0.5952380952380952, 0.6428571428571429, 0.6071428571428571, 0.5833333333333334, 0.5952380952380952, 0.7142857142857143, 0.7142857142857143, 0.6547619047619048, 0.5714285714285714, 0.6071428571428571]
 mean: 0.6261904761904762, std: 0.04738035414793428
F1 Score: [0.5760634462869503, 0.595008508224617, 0.6283716283716283, 0.5894192064404831, 0.701322713696487, 0.5931623931623932, 0.6395881006864989, 0.6025806451612903, 0.5760634462869503, 0.5931623931623932, 0.7101782633697526, 0.7136363636363636, 0.6547129695251594, 0.5625, 0.6043956043956044]
 mean: 0.6226777121604381, std: 0.04883904447365138
Accuracy Intime: [0.7352941176470589, 0.7352941176470589, 0.7058823529411765, 0.7352941176470589, 0.75, 0.7941176470588235, 0.6764705882352942, 0.6764705882352942, 0.7352941176470589, 0.8125, 0.6470588235294118, 0.5882352941176471, 0.6176470588235294, 0.5882352941176471, 0.78125]
 mean: 0.7052696078431372, std: 0.06874661398113792
F1 (Intime): [0.7235772357723578, 0.7350649350649351, 0.7058823529411765, 0.7294429708222812, 0.7490196078431373, 0.793939393939394, 0.6739319965126417, 0.6761904761904762, 0.7332170880557978, 0.8095238095238095, 0.6263736263736264, 0.5882352941176471, 0.6091954022988506, 0.5868055555555556, 0.7810361681329423]
 mean: 0.7014290608763084, std: 0.07012684172024464
--------------------------------------------------
Subject Number: 7
Accuracy Cross: [0.6666666666666666, 0.5714285714285714, 0.6666666666666666, 0.5714285714285714, 0.6785714285714286, 0.6071428571428571, 0.6428571428571429, 0.5833333333333334, 0.5476190476190477, 0.6547619047619048, 0.5595238095238095, 0.5595238095238095, 0.5714285714285714, 0.5833333333333334, 0.5952380952380952]
 mean: 0.6039682539682539, std: 0.043787664203599114
F1 Score: [0.6506238859180036, 0.5704545454545455, 0.6541176470588235, 0.5552941176470588, 0.6648440963499335, 0.6057459820793628, 0.6213942307692308, 0.5804195804195804, 0.5346938775510204, 0.6547129695251594, 0.5450153711023277, 0.5407122801832422, 0.5625, 0.5696091348265262, 0.5943181818181817]
 mean: 0.5936303933801999, std: 0.04396379392838981
Accuracy Intime: [0.7058823529411765, 0.6764705882352942, 0.7941176470588235, 0.8235294117647058, 0.6875, 0.6176470588235294, 0.6764705882352942, 0.7352941176470589, 0.7352941176470589, 0.6875, 0.6470588235294118, 0.6764705882352942, 0.5882352941176471, 0.7352941176470589, 0.6875]
 mean: 0.69828431372549, std: 0.05890721171863795
F1 (Intime): [0.6886446886446886, 0.6761904761904762, 0.793939393939394, 0.8235294117647058, 0.6875, 0.6173160173160173, 0.6693191865605659, 0.7350649350649351, 0.7294429708222812, 0.6862745098039216, 0.6458333333333333, 0.6210739614994933, 0.5868055555555556, 0.7350649350649351, 0.6862745098039216]
 mean: 0.6921515923576149, std: 0.0618973872427439
--------------------------------------------------
Subject Number: 8
Accuracy Cross: [0.8452380952380952, 0.7857142857142857, 0.8571428571428571, 0.8214285714285714, 0.7976190476190477, 0.8095238095238095, 0.7976190476190477, 0.8333333333333334, 0.75, 0.7857142857142857, 0.8571428571428571, 0.8690476190476191, 0.8333333333333334, 0.8690476190476191, 0.7261904761904762]
 mean: 0.815873015873016, std: 0.04120874598649895
F1 Score: [0.8446878111221732, 0.7855927396483267, 0.8568181818181818, 0.8207936282178923, 0.7968994453136111, 0.8094157685762904, 0.7962037962037962, 0.8318077803203661, 0.7496807151979565, 0.7826336975273145, 0.8570618264322178, 0.8685819940264543, 0.8318077803203661, 0.869029057406095, 0.7214131218457102]
 mean: 0.8148284895984502, std: 0.041981907932245564
Accuracy Intime: [0.8823529411764706, 0.8823529411764706, 0.9117647058823529, 0.9411764705882353, 0.9375, 0.9411764705882353, 0.8235294117647058, 0.8235294117647058, 0.7941176470588235, 0.875, 0.8235294117647058, 0.8823529411764706, 0.9411764705882353, 0.8529411764705882, 0.84375]
 mean: 0.8770833333333334, std: 0.047920584314046256
F1 (Intime): [0.8823529411764706, 0.8823529411764706, 0.9098143236074271, 0.9409722222222222, 0.9375, 0.9403508771929825, 0.8229166666666667, 0.8229166666666667, 0.7925021795989537, 0.875, 0.8210526315789474, 0.880701754385965, 0.9411764705882353, 0.8528138528138528, 0.8435972629521017]
 mean: 0.8764013860417975, std: 0.048202199164734415
--------------------------------------------------
Subject Number: 9
Accuracy Cross: [0.6785714285714286, 0.75, 0.6904761904761905, 0.6547619047619048, 0.6785714285714286, 0.8333333333333334, 0.7976190476190477, 0.6309523809523809, 0.6666666666666666, 0.7619047619047619, 0.6190476190476191, 0.7619047619047619, 0.7976190476190477, 0.7976190476190477, 0.6547619047619048]
 mean: 0.7182539682539684, std: 0.06785598253904462
F1 Score: [0.6706838971976187, 0.7417654808959157, 0.662962962962963, 0.6267810632756243, 0.6525203002910984, 0.8329545454545455, 0.7973605789697744, 0.6304810557684121, 0.6664775950085082, 0.761769710720363, 0.5543766578249337, 0.7569444444444444, 0.7909530083443127, 0.7909530083443127, 0.6080450522928399]
 mean: 0.7030019574530442, std: 0.08076024394999794
Accuracy Intime: [0.8235294117647058, 0.9411764705882353, 0.8529411764705882, 0.6764705882352942, 0.78125, 0.7352941176470589, 0.8235294117647058, 0.6176470588235294, 0.8235294117647058, 0.75, 0.9117647058823529, 0.8823529411764706, 1.0, 0.9705882352941176, 0.9375]
 mean: 0.835171568627451, std: 0.10604066890646223
F1 (Intime): [0.8210526315789474, 0.9409722222222222, 0.8528138528138528, 0.6739319965126417, 0.7810361681329423, 0.7332170880557978, 0.8229166666666667, 0.6091954022988506, 0.8235294117647058, 0.7490196078431373, 0.9116883116883117, 0.8819444444444444, 1.0, 0.970357454228422, 0.9372549019607843]
 mean: 0.8339286773474485, std: 0.10760576977084431
--------------------------------------------------
Subject Number: 10
Accuracy Cross: [0.6190476190476191, 0.6428571428571429, 0.5714285714285714, 0.6190476190476191, 0.6547619047619048, 0.5714285714285714, 0.5476190476190477, 0.5238095238095238, 0.6428571428571429, 0.5476190476190477, 0.6190476190476191, 0.5238095238095238, 0.7261904761904762, 0.6071428571428571, 0.6071428571428571]
 mean: 0.6015873015873017, std: 0.05321604639441336
F1 Score: [0.6190476190476191, 0.6395881006864989, 0.5704545454545455, 0.6007130124777184, 0.6487382840663303, 0.5711854792966535, 0.5346938775510204, 0.5194508009153318, 0.641025641025641, 0.5381944444444444, 0.6170940170940171, 0.5194508009153318, 0.7214131218457102, 0.6002883922134102, 0.6070871722182849]
 mean: 0.5965616872835038, std: 0.05395045137415012
Accuracy Intime: [0.8235294117647058, 0.7941176470588235, 0.6470588235294118, 0.7352941176470589, 0.625, 0.7058823529411765, 0.6764705882352942, 0.7647058823529411, 0.6470588235294118, 0.625, 0.5882352941176471, 0.5882352941176471, 0.6176470588235294, 0.5882352941176471, 0.59375]
 mean: 0.6680147058823529, std: 0.07624223540930322
F1 (Intime): [0.8229166666666667, 0.7895667550839964, 0.6421052631578947, 0.7294429708222812, 0.625, 0.7017543859649122, 0.6621499548328816, 0.7571428571428571, 0.6458333333333333, 0.5636363636363637, 0.5824561403508772, 0.5824561403508772, 0.6173160173160173, 0.5868055555555556, 0.5933528836754643]
 mean: 0.6601290191926652, std: 0.07916876511505451
--------------------------------------------------
Subject Number: 11
Accuracy Cross: [0.5595238095238095, 0.6785714285714286, 0.5952380952380952, 0.6547619047619048, 0.6309523809523809, 0.7619047619047619, 0.6904761904761905, 0.6904761904761905, 0.7261904761904762, 0.7023809523809523, 0.75, 0.6666666666666666, 0.7142857142857143, 0.7023809523809523, 0.7619047619047619]
 mean: 0.6857142857142856, std: 0.05614202915500759
F1 Score: [0.5579576162708006, 0.6785258681785967, 0.583673469387755, 0.6487382840663303, 0.6309000708717222, 0.7619047619047619, 0.690300623936472, 0.690300623936472, 0.725216896600768, 0.6989247311827957, 0.7470967741935484, 0.6659090909090909, 0.7116704805491991, 0.6925779534475187, 0.7613636363636364]
 mean: 0.6830040587866312, std: 0.05729057787232277
Accuracy Intime: [0.6764705882352942, 0.6470588235294118, 0.7941176470588235, 0.7647058823529411, 0.6875, 0.8235294117647058, 0.6764705882352942, 0.7352941176470589, 0.7352941176470589, 0.71875, 0.6764705882352942, 0.7058823529411765, 0.7352941176470589, 0.6764705882352942, 0.71875]
 mean: 0.7181372549019607, std: 0.046917232352911155
F1 (Intime): [0.6693191865605659, 0.6458333333333333, 0.793939393939394, 0.7647058823529411, 0.6666666666666667, 0.8235294117647058, 0.6739319965126417, 0.7235772357723578, 0.7235772357723578, 0.716256157635468, 0.6761904761904762, 0.7048611111111112, 0.7332170880557978, 0.652093023255814, 0.7117117117117118]
 mean: 0.7119606607090228, std: 0.04986199861306328
--------------------------------------------------
Subject Number: 12
Accuracy Cross: [0.7261904761904762, 0.8214285714285714, 0.7738095238095238, 0.8571428571428571, 0.7142857142857143, 0.7380952380952381, 0.7142857142857143, 0.7142857142857143, 0.7261904761904762, 0.7142857142857143, 0.7738095238095238, 0.6428571428571429, 0.7380952380952381, 0.7738095238095238, 0.75]
 mean: 0.7452380952380953, std: 0.04894966331780721
F1 Score: [0.723010752688172, 0.8214032600992204, 0.7735206470838655, 0.8541666666666667, 0.7136363636363636, 0.7254901960784313, 0.7061224489795919, 0.6932440657334145, 0.7079365079365079, 0.6932440657334145, 0.7711827956989248, 0.6050156739811913, 0.71880706025563, 0.7730052624093302, 0.7365197908887229]
 mean: 0.7344203705246297, std: 0.05703981315647265
Accuracy Intime: [0.7352941176470589, 0.7352941176470589, 0.7647058823529411, 0.7647058823529411, 0.84375, 0.8823529411764706, 0.9411764705882353, 0.9117647058823529, 0.7352941176470589, 0.84375, 0.7647058823529411, 0.8529411764705882, 0.8529411764705882, 0.6470588235294118, 0.8125]
 mean: 0.8058823529411765, std: 0.07657833190240576
F1 (Intime): [0.7294429708222812, 0.7294429708222812, 0.7614035087719297, 0.7614035087719297, 0.8398398398398399, 0.880701754385965, 0.9411764705882353, 0.9110723626852659, 0.7332170880557978, 0.8423645320197044, 0.7638888888888888, 0.8464317976513098, 0.85178727114211, 0.6263736263736264, 0.8117647058823529]
 mean: 0.8020207531134346, std: 0.07996818092666505
--------------------------------------------------
Subject Number: 13
Accuracy Cross: [0.7142857142857143, 0.6547619047619048, 0.7380952380952381, 0.7738095238095238, 0.6547619047619048, 0.6666666666666666, 0.6904761904761905, 0.6904761904761905, 0.7261904761904762, 0.75, 0.7261904761904762, 0.6904761904761905, 0.7738095238095238, 0.7380952380952381, 0.6785714285714286]
 mean: 0.711111111111111, std: 0.03826022474029826
F1 Score: [0.7061224489795919, 0.6487382840663303, 0.7306122448979592, 0.7730052624093302, 0.6523476523476524, 0.6506238859180036, 0.6904761904761905, 0.6897727272727273, 0.7214131218457102, 0.7470967741935484, 0.725216896600768, 0.6897727272727273, 0.7698630136986302, 0.7254901960784313, 0.6748387096774193]
 mean: 0.7063593423823347, std: 0.03899602748835146
Accuracy Intime: [0.8823529411764706, 0.8235294117647058, 0.7352941176470589, 0.8823529411764706, 0.8125, 0.8529411764705882, 0.8235294117647058, 0.7941176470588235, 0.8529411764705882, 0.84375, 0.8235294117647058, 0.7058823529411765, 0.7352941176470589, 0.7058823529411765, 0.75]
 mean: 0.8015931372549018, std: 0.05858740393995036
F1 (Intime): [0.8819444444444444, 0.8210526315789474, 0.7350649350649351, 0.880701754385965, 0.8095238095238095, 0.85178727114211, 0.8210526315789474, 0.7850045167118338, 0.85178727114211, 0.8435972629521017, 0.8235294117647058, 0.6964285714285714, 0.7332170880557978, 0.6964285714285714, 0.7490196078431373]
 mean: 0.7986759852697325, std: 0.06052611746646809
--------------------------------------------------
Subject Number: 14
Accuracy Cross: [0.75, 0.7023809523809523, 0.7857142857142857, 0.8095238095238095, 0.7857142857142857, 0.8571428571428571, 0.7380952380952381, 0.8095238095238095, 0.7738095238095238, 0.7261904761904762, 0.7023809523809523, 0.75, 0.6190476190476191, 0.7261904761904762, 0.7142857142857143]
 mean: 0.7499999999999999, std: 0.055328333517248814
F1 Score: [0.7482517482517483, 0.7020008514261388, 0.7852272727272727, 0.8090909090909091, 0.7846153846153847, 0.8570618264322178, 0.7306122448979592, 0.8094157685762904, 0.7735206470838655, 0.723010752688172, 0.6971881759192502, 0.7417654808959157, 0.6081632653061224, 0.723010752688172, 0.703529411764706]
 mean: 0.7464309661576082, std: 0.058057046515917386
Accuracy Intime: [0.8823529411764706, 0.7647058823529411, 0.8529411764705882, 0.8235294117647058, 0.8125, 0.8823529411764706, 0.8235294117647058, 0.7058823529411765, 0.7647058823529411, 0.65625, 0.8235294117647058, 0.9117647058823529, 0.8235294117647058, 0.8235294117647058, 0.84375]
 mean: 0.8129901960784314, std: 0.06489939683046439
F1 (Intime): [0.880701754385965, 0.7638888888888888, 0.8528138528138528, 0.8178571428571428, 0.8095238095238095, 0.880701754385965, 0.8235294117647058, 0.7017543859649122, 0.7614035087719297, 0.6267232237539766, 0.8229166666666667, 0.9098143236074271, 0.8131868131868132, 0.8210526315789474, 0.8435972629521017]
 mean: 0.808631028740207, std: 0.06987301459604292
--------------------------------------------------
**************************************************
accuracy_cross_list: [0.7174603174603175, 0.7785714285714287, 0.6293650793650793, 0.7119047619047619, 0.8087301587301589, 0.6261904761904762, 0.6039682539682539, 0.815873015873016, 0.7182539682539684, 0.6015873015873017, 0.6857142857142856, 0.7452380952380953, 0.711111111111111, 0.7499999999999999]
f1_score_list: [0.7011294706571697, 0.7738785404457913, 0.5825131576901922, 0.7097198608185453, 0.8049684241678509, 0.6226777121604381, 0.5936303933801999, 0.8148284895984502, 0.7030019574530442, 0.5965616872835038, 0.6830040587866312, 0.7344203705246297, 0.7063593423823347, 0.7464309661576082]
accuracy_intime_list: [0.8360294117647059, 0.8485294117647059, 0.7552696078431373, 0.7660539215686273, 0.8275735294117648, 0.7052696078431372, 0.69828431372549, 0.8770833333333334, 0.835171568627451, 0.6680147058823529, 0.7181372549019607, 0.8058823529411765, 0.8015931372549018, 0.8129901960784314]
f1_score_intime_list: [0.8326791787274724, 0.8462495259438576, 0.7416913550988479, 0.7619454929178154, 0.8247568811446071, 0.7014290608763084, 0.6921515923576149, 0.8764013860417975, 0.8339286773474485, 0.6601290191926652, 0.7119606607090228, 0.8020207531134346, 0.7986759852697325, 0.808631028740207]
**************************************************
ACC: 70.74±6.85
F1: 69.81±7.33
Intime: 78.26±6.22
F1 (Intime): 77.80±6.42
