1e-03
Subject Number: 1
Accuracy Cross: [0.2571428571428571, 0.3142857142857143, 0.3, 0.2619047619047619, 0.2714285714285714, 0.2714285714285714, 0.319047619047619, 0.3333333333333333, 0.2714285714285714, 0.3142857142857143, 0.28095238095238095, 0.2904761904761905, 0.2714285714285714, 0.24761904761904763, 0.3380952380952381]
 mean: 0.28952380952380946, std: 0.027613573622835095
F1 Score: [0.17381063501085126, 0.263140994258083, 0.2387933725206694, 0.20072377432141533, 0.20723879236407092, 0.2713704613704614, 0.3231022230738982, 0.3278900311158376, 0.28056541090108705, 0.3131574577668503, 0.28623187727536914, 0.29248905547151166, 0.2760820403067594, 0.246542483863574, 0.3382196176421142]
 mean: 0.26929054848417017, std: 0.04701877376627907
Accuracy Intime: [0.4166666666666667, 0.42857142857142855, 0.4166666666666667, 0.39285714285714285, 0.40476190476190477, 0.30952380952380953, 0.35714285714285715, 0.39285714285714285, 0.3333333333333333, 0.3333333333333333, 0.3333333333333333, 0.44047619047619047, 0.38095238095238093, 0.34523809523809523, 0.35714285714285715]
 mean: 0.37619047619047624, std: 0.03931576532222487
F1 (Intime): [0.3959919925036204, 0.4066675542537611, 0.4282156897259872, 0.3843911643911644, 0.39127523108847384, 0.28974759678984036, 0.3267582014463893, 0.3673639873639874, 0.3494974984544956, 0.31856357535517954, 0.3231072631072631, 0.39817964321006916, 0.3861688162021866, 0.34487733044372204, 0.33787832634551207]
 mean: 0.3632455913787768, std: 0.038022169563168944
--------------------------------------------------
Subject Number: 2
Accuracy Cross: [0.3476190476190476, 0.3476190476190476, 0.3142857142857143, 0.3523809523809524, 0.2904761904761905, 0.319047619047619, 0.3, 0.3238095238095238, 0.3047619047619048, 0.3047619047619048, 0.28095238095238095, 0.30952380952380953, 0.3, 0.22380952380952382, 0.24761904761904763]
 mean: 0.3044444444444444, std: 0.033916293146379235
F1 Score: [0.31831841520002196, 0.3144575170044736, 0.26155285661580624, 0.30396865786178767, 0.25259598548564216, 0.3245977924118672, 0.31348550381166806, 0.328900760714738, 0.31603344495693014, 0.30224327668058776, 0.29124960536565864, 0.3153242851064418, 0.31207220780802586, 0.23060356857495762, 0.2567014242075694]
 mean: 0.296140353453745, std: 0.02954572189777476
Accuracy Intime: [0.5238095238095238, 0.36904761904761907, 0.35714285714285715, 0.38095238095238093, 0.32142857142857145, 0.35714285714285715, 0.3333333333333333, 0.36904761904761907, 0.39285714285714285, 0.39285714285714285, 0.44047619047619047, 0.39285714285714285, 0.35714285714285715, 0.4166666666666667, 0.38095238095238093]
 mean: 0.3857142857142858, std: 0.04697983678396426
F1 (Intime): [0.5296996976516857, 0.3658460592159535, 0.3626708511258596, 0.37655180812954864, 0.2938181818181818, 0.32843816859221225, 0.27918541646764644, 0.3642439431913116, 0.3865994336582572, 0.3827309727309728, 0.42135949879122886, 0.37532467532467534, 0.36631873114799945, 0.4253946770075802, 0.37960228062856355]
 mean: 0.37585229303211176, std: 0.056091426681154306
--------------------------------------------------
Subject Number: 3
Accuracy Cross: [0.21428571428571427, 0.2571428571428571, 0.2571428571428571, 0.29523809523809524, 0.22857142857142856, 0.2761904761904762, 0.24761904761904763, 0.3142857142857143, 0.3, 0.2714285714285714, 0.2523809523809524, 0.24761904761904763, 0.3, 0.24761904761904763, 0.2761904761904762]
 mean: 0.2657142857142857, std: 0.02728312406332114
F1 Score: [0.16558814394766583, 0.1975503672874844, 0.20326248058738622, 0.24276863895500086, 0.12120029715717047, 0.2713000113699764, 0.24757893812592272, 0.31763630701373147, 0.2841184902054467, 0.2663788622053948, 0.24217763029208372, 0.23718527657935534, 0.29016222722097573, 0.24921457054897828, 0.26796125224365386]
 mean: 0.2402722329160151, std: 0.048929289467330314
Accuracy Intime: [0.2976190476190476, 0.35714285714285715, 0.32142857142857145, 0.3333333333333333, 0.2976190476190476, 0.30952380952380953, 0.2857142857142857, 0.32142857142857145, 0.32142857142857145, 0.32142857142857145, 0.32142857142857145, 0.30952380952380953, 0.38095238095238093, 0.3333333333333333, 0.35714285714285715]
 mean: 0.32460317460317456, std: 0.02438458967577336
F1 (Intime): [0.28920292753159493, 0.3525249941873983, 0.31348788393270566, 0.34488037727168164, 0.26786531986531986, 0.28396243133085236, 0.29015873015873017, 0.30949225209002135, 0.30941954103244423, 0.2793410104189018, 0.30668042655658756, 0.31334528076463564, 0.386862162660035, 0.3286014586014586, 0.3412375767003716]
 mean: 0.3144708248735159, std: 0.030777923782236576
--------------------------------------------------
Subject Number: 4
Accuracy Cross: [0.2857142857142857, 0.26666666666666666, 0.2761904761904762, 0.2857142857142857, 0.24761904761904763, 0.2857142857142857, 0.2523809523809524, 0.20952380952380953, 0.28095238095238095, 0.2857142857142857, 0.29523809523809524, 0.3333333333333333, 0.28095238095238095, 0.3238095238095238, 0.32857142857142857]
 mean: 0.28253968253968254, std: 0.030942204269234802
F1 Score: [0.27563156472813793, 0.2668965846846437, 0.2727705514810731, 0.28758326397607525, 0.25364264813965504, 0.27016635906466413, 0.23640653657184005, 0.20157734806846764, 0.2574466339269674, 0.2817162431647897, 0.29329899336046267, 0.3246838817438427, 0.26521432673340617, 0.3056640372015516, 0.29314061795157287]
 mean: 0.2723893060531434, std: 0.028294491321401875
Accuracy Intime: [0.2857142857142857, 0.35714285714285715, 0.3333333333333333, 0.38095238095238093, 0.38095238095238093, 0.2619047619047619, 0.35714285714285715, 0.34523809523809523, 0.3333333333333333, 0.40476190476190477, 0.30952380952380953, 0.3333333333333333, 0.34523809523809523, 0.2976190476190476, 0.34523809523809523]
 mean: 0.338095238095238, std: 0.036576884513660035
F1 (Intime): [0.2901788487995384, 0.3316380802517703, 0.3215315315315316, 0.36595771063811433, 0.35890909090909096, 0.24931601731601732, 0.35214930169323944, 0.3436644532083909, 0.3348918437153731, 0.3719833707997003, 0.284400735021996, 0.3298418459942961, 0.3554515860398214, 0.28254047150598877, 0.3451545331230489]
 mean: 0.32784062803652786, std: 0.03454638131363665
--------------------------------------------------
Subject Number: 5
Accuracy Cross: [0.34285714285714286, 0.319047619047619, 0.35714285714285715, 0.30952380952380953, 0.2619047619047619, 0.3142857142857143, 0.3047619047619048, 0.3238095238095238, 0.3238095238095238, 0.319047619047619, 0.3047619047619048, 0.2761904761904762, 0.319047619047619, 0.30952380952380953, 0.319047619047619]
 mean: 0.3136507936507936, std: 0.02212222398753567
F1 Score: [0.2886127292527625, 0.25385316279298287, 0.30834939170487824, 0.25515337958088063, 0.21738434019187558, 0.31580014534052026, 0.3033970418077421, 0.3307867448711743, 0.3298482104933718, 0.3329280600265478, 0.3200707642495818, 0.28148070567425404, 0.3269491827890354, 0.32691798869686894, 0.3333372289789032]
 mean: 0.301657938430092, std: 0.03426994433301362
Accuracy Intime: [0.42857142857142855, 0.4642857142857143, 0.4166666666666667, 0.36904761904761907, 0.4642857142857143, 0.39285714285714285, 0.34523809523809523, 0.40476190476190477, 0.3333333333333333, 0.30952380952380953, 0.3333333333333333, 0.4166666666666667, 0.4523809523809524, 0.35714285714285715, 0.4166666666666667]
 mean: 0.3936507936507937, std: 0.04830198112604108
F1 (Intime): [0.39321835711028597, 0.45708936918591203, 0.42585922209174054, 0.36771284271284277, 0.43487417731320177, 0.36306289482760074, 0.3388724955703966, 0.40081050132663043, 0.32113997113997106, 0.29198603683897806, 0.3302586924006802, 0.4187720249390079, 0.45642480184200335, 0.3397686772763174, 0.3975824175824176]
 mean: 0.3824954988105324, std: 0.0494352063554124
--------------------------------------------------
Subject Number: 6
Accuracy Cross: [0.22380952380952382, 0.2619047619047619, 0.24285714285714285, 0.23333333333333334, 0.2571428571428571, 0.21428571428571427, 0.24761904761904763, 0.21428571428571427, 0.24761904761904763, 0.2904761904761905, 0.23809523809523808, 0.24285714285714285, 0.2619047619047619, 0.2571428571428571, 0.26666666666666666]
 mean: 0.24666666666666665, std: 0.01984063491047587
F1 Score: [0.22404845119971323, 0.25998172917213047, 0.2416603489425789, 0.22899405689974722, 0.2607986583502347, 0.20541075433342454, 0.24579682745180645, 0.2061870563312997, 0.23656747596597222, 0.27463927053316606, 0.23366629720574283, 0.24316526381419998, 0.25611195995164326, 0.2537296493265685, 0.26170639462564926]
 mean: 0.24216427960692513, std: 0.01948388717871288
Accuracy Intime: [0.2976190476190476, 0.34523809523809523, 0.2857142857142857, 0.38095238095238093, 0.3333333333333333, 0.3333333333333333, 0.2619047619047619, 0.23809523809523808, 0.27380952380952384, 0.2619047619047619, 0.2619047619047619, 0.38095238095238093, 0.2976190476190476, 0.2619047619047619, 0.2857142857142857]
 mean: 0.29999999999999993, std: 0.043295814911066204
F1 (Intime): [0.2804298625351257, 0.34044928044928047, 0.2781678857540927, 0.3353717710860568, 0.32968944099378883, 0.32813925205229555, 0.23615916247495194, 0.22725947887238213, 0.25698659960728926, 0.23363509471585245, 0.2609353749771207, 0.3638724755003825, 0.301589960755115, 0.25608788970133506, 0.2612907092907093]
 mean: 0.2860042825843852, std: 0.04253489129248323
--------------------------------------------------
Subject Number: 7
Accuracy Cross: [0.20952380952380953, 0.23809523809523808, 0.24761904761904763, 0.20952380952380953, 0.21904761904761905, 0.23333333333333334, 0.2571428571428571, 0.20952380952380953, 0.22857142857142856, 0.19523809523809524, 0.23809523809523808, 0.22380952380952382, 0.17142857142857143, 0.24761904761904763, 0.2619047619047619]
 mean: 0.22603174603174606, std: 0.02357770746365351
F1 Score: [0.1906564939067122, 0.23895036066614925, 0.22683849007378418, 0.18080495356037152, 0.19885915278874952, 0.23920350337776916, 0.26063430315028935, 0.21042572004408572, 0.22997885870116014, 0.1902081978793883, 0.23150706870999552, 0.22189111971179734, 0.17404657751300218, 0.24560708687399843, 0.2665612206653981]
 mean: 0.2204115405081767, std: 0.027589445209074994
Accuracy Intime: [0.32142857142857145, 0.2619047619047619, 0.25, 0.35714285714285715, 0.3333333333333333, 0.25, 0.27380952380952384, 0.23809523809523808, 0.2619047619047619, 0.20238095238095238, 0.27380952380952384, 0.2857142857142857, 0.25, 0.2619047619047619, 0.27380952380952384]
 mean: 0.273015873015873, std: 0.03776310239165181
F1 (Intime): [0.32158652158652157, 0.26357186113504505, 0.2216030316030316, 0.3222302470027445, 0.3389165890027959, 0.24248558459084774, 0.27133509980568804, 0.19844927536231885, 0.24997863534357484, 0.1912380952380952, 0.20518162393162392, 0.254210305823209, 0.25106998264893, 0.2503933747412008, 0.27578648356670443]
 mean: 0.2572024474254887, std: 0.04303115215804285
--------------------------------------------------
Subject Number: 8
Accuracy Cross: [0.38095238095238093, 0.37142857142857144, 0.3619047619047619, 0.30952380952380953, 0.319047619047619, 0.2904761904761905, 0.32857142857142857, 0.319047619047619, 0.2761904761904762, 0.319047619047619, 0.3047619047619048, 0.30952380952380953, 0.30952380952380953, 0.3380952380952381, 0.34285714285714286]
 mean: 0.3253968253968253, std: 0.028234343103948133
F1 Score: [0.36606236711552087, 0.34415520135133953, 0.3384285091853511, 0.30890447621759093, 0.31098996772360726, 0.30877854206611927, 0.346042187537677, 0.3277143044748679, 0.2907471429713099, 0.3266831900988357, 0.31868895527906915, 0.3203079383927755, 0.31746130746130746, 0.34159879359541756, 0.3430075177325046]
 mean: 0.32730469341355295, std: 0.018649169253755805
Accuracy Intime: [0.38095238095238093, 0.42857142857142855, 0.4166666666666667, 0.3333333333333333, 0.3333333333333333, 0.44047619047619047, 0.38095238095238093, 0.39285714285714285, 0.3333333333333333, 0.35714285714285715, 0.42857142857142855, 0.4642857142857143, 0.30952380952380953, 0.38095238095238093, 0.4523809523809524]
 mean: 0.38888888888888895, std: 0.04695301415158426
F1 (Intime): [0.37458925090504036, 0.37925242971682604, 0.38752913752913754, 0.3437896808419612, 0.34703300283945443, 0.4455652173913044, 0.37391263069913105, 0.36144036270634733, 0.3034649122807017, 0.3392252510760402, 0.43686964057653715, 0.4717407062234648, 0.3089349311360696, 0.358777070882334, 0.4568248272195641]
 mean: 0.37926327013492755, std: 0.05015318485995782
--------------------------------------------------
Subject Number: 9
Accuracy Cross: [0.22857142857142856, 0.2619047619047619, 0.2571428571428571, 0.2714285714285714, 0.2714285714285714, 0.28095238095238095, 0.22857142857142856, 0.19047619047619047, 0.3, 0.2619047619047619, 0.2523809523809524, 0.29523809523809524, 0.319047619047619, 0.29523809523809524, 0.3333333333333333]
 mean: 0.26984126984126977, std: 0.035663102653926644
F1 Score: [0.20148238916426192, 0.252562973752141, 0.23775812215709916, 0.23842188935419634, 0.2493608452609965, 0.2759618920120333, 0.23092962766622271, 0.18806651308026484, 0.2958585322723254, 0.25366182836771073, 0.2522980048226863, 0.2959763234887334, 0.32367614955850244, 0.2983918588729585, 0.3389154790288621]
 mean: 0.2622214952572663, std: 0.04097906801073014
Accuracy Intime: [0.34523809523809523, 0.39285714285714285, 0.35714285714285715, 0.34523809523809523, 0.35714285714285715, 0.2976190476190476, 0.2976190476190476, 0.2619047619047619, 0.42857142857142855, 0.34523809523809523, 0.32142857142857145, 0.44047619047619047, 0.35714285714285715, 0.3333333333333333, 0.36904761904761907]
 mean: 0.35, std: 0.04555030111835473
F1 (Intime): [0.308855600539811, 0.39887125524021877, 0.3495983041865395, 0.327374222665918, 0.32274558052886226, 0.2563812679221886, 0.294102422472974, 0.25297070079678774, 0.42631146984088153, 0.3265449050120282, 0.32189280018227384, 0.43060606060606055, 0.35547934403422266, 0.3480354080166345, 0.3505430242272347]
 mean: 0.33802082441817566, std: 0.05045291164437167
--------------------------------------------------
Subject Number: 10
Accuracy Cross: [0.21904761904761905, 0.24285714285714285, 0.28095238095238095, 0.2619047619047619, 0.26666666666666666, 0.2857142857142857, 0.24761904761904763, 0.26666666666666666, 0.23809523809523808, 0.2904761904761905, 0.23333333333333334, 0.23333333333333334, 0.2857142857142857, 0.21428571428571427, 0.23809523809523808]
 mean: 0.2536507936507936, std: 0.024185392958401157
F1 Score: [0.21636843817959583, 0.23645857681385532, 0.25848590844315683, 0.24151466958837262, 0.26231924010944285, 0.2827152657437515, 0.23881267651157492, 0.26151116276019626, 0.23060071190538203, 0.2830085120307908, 0.22995469034008584, 0.2319871784009715, 0.28868395696352683, 0.2104583153582455, 0.2373556405516255]
 mean: 0.24734899624670492, std: 0.023444694098494655
Accuracy Intime: [0.40476190476190477, 0.2857142857142857, 0.2619047619047619, 0.2619047619047619, 0.30952380952380953, 0.30952380952380953, 0.3333333333333333, 0.30952380952380953, 0.23809523809523808, 0.2857142857142857, 0.34523809523809523, 0.23809523809523808, 0.34523809523809523, 0.30952380952380953, 0.23809523809523808]
 mean: 0.2984126984126984, std: 0.045688374490870653
F1 (Intime): [0.38230665358647353, 0.2588857653973933, 0.2615968972000085, 0.2587443682520083, 0.3038149648518322, 0.2451494703144416, 0.28814542383804265, 0.3003929074021953, 0.21823391369670858, 0.27199765281606714, 0.32450018922950197, 0.22838624338624341, 0.3263329589337099, 0.3059116047351341, 0.22165060745705906]
 mean: 0.27973664140645466, std: 0.043750785284371874
--------------------------------------------------
Subject Number: 11
Accuracy Cross: [0.21428571428571427, 0.21428571428571427, 0.23809523809523808, 0.23333333333333334, 0.2761904761904762, 0.2523809523809524, 0.3, 0.2571428571428571, 0.2714285714285714, 0.2904761904761905, 0.2857142857142857, 0.319047619047619, 0.3047619047619048, 0.28095238095238095, 0.30952380952380953]
 mean: 0.26984126984126977, std: 0.032607362832022445
F1 Score: [0.20759760396151253, 0.2123179362979286, 0.22652225453017358, 0.20939548030181818, 0.26446088492112924, 0.255561615730018, 0.30299446252106144, 0.2678347721154739, 0.27622877077683, 0.2973422851772991, 0.28750740720122225, 0.31750696112398236, 0.3098163493400763, 0.27987037364362, 0.31340768160811233]
 mean: 0.2685576559500172, std: 0.03741887171147005
Accuracy Intime: [0.38095238095238093, 0.32142857142857145, 0.2857142857142857, 0.34523809523809523, 0.36904761904761907, 0.20238095238095238, 0.2976190476190476, 0.34523809523809523, 0.32142857142857145, 0.2857142857142857, 0.21428571428571427, 0.32142857142857145, 0.30952380952380953, 0.23809523809523808, 0.32142857142857145]
 mean: 0.30396825396825394, std: 0.050482679027902384
F1 (Intime): [0.3847027770575865, 0.3189555542496719, 0.27502165134043693, 0.3266123694909302, 0.3564425770308123, 0.18052187941117162, 0.29420034360736447, 0.3383330431538366, 0.2889947490932713, 0.27977439227439227, 0.21681958907965102, 0.29299827543729984, 0.3095930845456462, 0.2421631598375784, 0.32526610644257703]
 mean: 0.29535997013681503, std: 0.051042860809896395
--------------------------------------------------
Subject Number: 12
Accuracy Cross: [0.24761904761904763, 0.24761904761904763, 0.32857142857142857, 0.32857142857142857, 0.2619047619047619, 0.29523809523809524, 0.3047619047619048, 0.3, 0.3, 0.32857142857142857, 0.24761904761904763, 0.21428571428571427, 0.23809523809523808, 0.2571428571428571, 0.24761904761904763]
 mean: 0.2765079365079365, std: 0.036201613435297604
F1 Score: [0.26113966525353727, 0.25623780863801815, 0.32230479674236057, 0.33594834511159694, 0.2715418739885126, 0.22917820939096586, 0.2649529734283962, 0.24421175782491603, 0.23281377979670198, 0.27300814953373004, 0.2539303144460786, 0.2224856920788739, 0.25081876319839813, 0.26877014216227896, 0.2501611321822502]
 mean: 0.262500226918441, std: 0.030043527998665245
Accuracy Intime: [0.27380952380952384, 0.2857142857142857, 0.2976190476190476, 0.3333333333333333, 0.39285714285714285, 0.38095238095238093, 0.38095238095238093, 0.30952380952380953, 0.38095238095238093, 0.40476190476190477, 0.2619047619047619, 0.4166666666666667, 0.34523809523809523, 0.35714285714285715, 0.39285714285714285]
 mean: 0.34761904761904755, std: 0.049219148360995724
F1 (Intime): [0.2747409948542024, 0.2709112541337605, 0.2863494173022226, 0.3083204468898718, 0.38943520141962173, 0.32090132090132084, 0.358404782884587, 0.29895895108326265, 0.3466421912383467, 0.37530534914891517, 0.2448596113978793, 0.3875633062589584, 0.32620379620379614, 0.35888996138996143, 0.37487095682444516]
 mean: 0.3281571694620768, std: 0.04472850104851737
--------------------------------------------------
Subject Number: 13
Accuracy Cross: [0.3142857142857143, 0.21428571428571427, 0.2761904761904762, 0.26666666666666666, 0.32857142857142857, 0.22380952380952382, 0.24285714285714285, 0.24285714285714285, 0.23809523809523808, 0.28095238095238095, 0.22857142857142856, 0.2571428571428571, 0.22380952380952382, 0.24761904761904763, 0.2571428571428571]
 mean: 0.25619047619047625, std: 0.03173968190463489
F1 Score: [0.30396940418679547, 0.2091290300211675, 0.25653617953758207, 0.24059939422923637, 0.3100658797190577, 0.2221530270213375, 0.23628219974036804, 0.2437865865247919, 0.2368910561500109, 0.26687917759893764, 0.21757577010488335, 0.23974296235165804, 0.21864525455849754, 0.23205517224208813, 0.2521800451683343]
 mean: 0.24576607594364974, std: 0.028259111247681747
Accuracy Intime: [0.35714285714285715, 0.35714285714285715, 0.35714285714285715, 0.39285714285714285, 0.2857142857142857, 0.36904761904761907, 0.36904761904761907, 0.30952380952380953, 0.39285714285714285, 0.2619047619047619, 0.2976190476190476, 0.3333333333333333, 0.3333333333333333, 0.30952380952380953, 0.25]
 mean: 0.3317460317460317, std: 0.04322301207679398
F1 (Intime): [0.3241440689751077, 0.33276119591909065, 0.3400793650793651, 0.3856014372143405, 0.2770982247726434, 0.3807004791724656, 0.3586672151378034, 0.29287974194720817, 0.39642848064261926, 0.2554573725283107, 0.29264528264528267, 0.2906666666666667, 0.327074347507784, 0.2942035963088595, 0.22032323232323234]
 mean: 0.317915380456052, std: 0.04819687818348947
--------------------------------------------------
Subject Number: 14
Accuracy Cross: [0.3238095238095238, 0.2523809523809524, 0.3619047619047619, 0.3047619047619048, 0.2571428571428571, 0.34285714285714286, 0.3619047619047619, 0.3476190476190476, 0.32857142857142857, 0.29523809523809524, 0.3, 0.3333333333333333, 0.3380952380952381, 0.3142857142857143, 0.23809523809523808]
 mean: 0.3133333333333333, std: 0.037624070390024654
F1 Score: [0.34496258932324503, 0.26200345950345955, 0.3793565014965081, 0.3135487768045907, 0.25112123648709017, 0.3323518374367652, 0.348632055183281, 0.3391155832119688, 0.31825615560909676, 0.2762675668348359, 0.27486497369802476, 0.3118236316916185, 0.2862203537838573, 0.2801632690856829, 0.23532165868675697]
 mean: 0.30360064325578534, std: 0.039595919045630985
Accuracy Intime: [0.40476190476190477, 0.44047619047619047, 0.40476190476190477, 0.40476190476190477, 0.35714285714285715, 0.40476190476190477, 0.34523809523809523, 0.32142857142857145, 0.30952380952380953, 0.32142857142857145, 0.34523809523809523, 0.47619047619047616, 0.42857142857142855, 0.35714285714285715, 0.36904761904761907]
 mean: 0.3793650793650793, std: 0.04699324235900781
F1 (Intime): [0.39016167870657037, 0.4394393770856507, 0.4029083461341526, 0.36802693602693604, 0.3477757202675875, 0.41162261406163847, 0.33926893963899846, 0.3033239364217712, 0.3157752968279284, 0.3144376440928165, 0.32963595474031904, 0.47452991452991455, 0.40373211213095406, 0.35241043614558043, 0.3428479853479854]
 mean: 0.369059792810587, std: 0.04808749106387907
--------------------------------------------------
**************************************************
accuracy_cross_list: [0.28952380952380946, 0.3044444444444444, 0.2657142857142857, 0.28253968253968254, 0.3136507936507936, 0.24666666666666665, 0.22603174603174606, 0.3253968253968253, 0.26984126984126977, 0.2536507936507936, 0.26984126984126977, 0.2765079365079365, 0.25619047619047625, 0.3133333333333333]
f1_score_list: [0.26929054848417017, 0.296140353453745, 0.2402722329160151, 0.2723893060531434, 0.301657938430092, 0.24216427960692513, 0.2204115405081767, 0.32730469341355295, 0.2622214952572663, 0.24734899624670492, 0.2685576559500172, 0.262500226918441, 0.24576607594364974, 0.30360064325578534]
accuracy_intime_list: [0.37619047619047624, 0.3857142857142858, 0.32460317460317456, 0.338095238095238, 0.3936507936507937, 0.29999999999999993, 0.273015873015873, 0.38888888888888895, 0.35, 0.2984126984126984, 0.30396825396825394, 0.34761904761904755, 0.3317460317460317, 0.3793650793650793]
f1_score_intime_list: [0.3632455913787768, 0.37585229303211176, 0.3144708248735159, 0.32784062803652786, 0.3824954988105324, 0.2860042825843852, 0.2572024474254887, 0.37926327013492755, 0.33802082441817566, 0.27973664140645466, 0.29535997013681503, 0.3281571694620768, 0.317915380456052, 0.369059792810587]
**************************************************
ACC: 27.81±2.76
F1: 26.85±2.86
Intime: 34.22±3.75
F1 (Intime): 32.96±3.90
