1e-03
Subject Number: 1
Accuracy Cross: [0.38235294117647056, 0.45588235294117646, 0.38235294117647056, 0.5735294117647058, 0.47058823529411764, 0.37681159420289856, 0.3333333333333333, 0.30434782608695654, 0.4057971014492754, 0.34782608695652173, 0.3382352941176471, 0.45588235294117646, 0.4411764705882353, 0.45588235294117646, 0.45588235294117646]
 mean: 0.4119920431940892, std: 0.06755234772800804
F1 Score: [0.4098026331268465, 0.4834644322845417, 0.3734774436090226, 0.5827692187986306, 0.5015159087123104, 0.3422224327396741, 0.3052574163650509, 0.26342813401636933, 0.41382004966161934, 0.32812792570123206, 0.318769966495247, 0.4671922280617933, 0.4500786500786501, 0.46155830753353966, 0.4207801332287115]
 mean: 0.4081509920275493, std: 0.0835242192924528
Accuracy Intime: [0.5714285714285714, 0.5714285714285714, 0.42857142857142855, 0.5384615384615384, 0.5769230769230769, 0.6071428571428571, 0.42857142857142855, 0.5714285714285714, 0.5384615384615384, 0.46153846153846156, 0.4642857142857143, 0.4642857142857143, 0.2857142857142857, 0.5, 0.6153846153846154]
 mean: 0.5082417582417583, std: 0.08489559236418577
F1 (Intime): [0.5494711042311662, 0.5869047619047619, 0.44276556776556775, 0.543997668997669, 0.5510261797026503, 0.5714285714285714, 0.42348484848484846, 0.5554029304029304, 0.5518207282913165, 0.46200466200466195, 0.45982905982905986, 0.4614400584795321, 0.2946969696969697, 0.5298494397759104, 0.6000000000000001]
 mean: 0.5056081700663744, std: 0.07816193647142082
--------------------------------------------------
Subject Number: 2
Accuracy Cross: [0.2753623188405797, 0.2318840579710145, 0.30434782608695654, 0.18840579710144928, 0.2753623188405797, 0.36764705882352944, 0.22058823529411764, 0.35294117647058826, 0.4117647058823529, 0.4117647058823529, 0.3188405797101449, 0.3333333333333333, 0.34782608695652173, 0.30434782608695654, 0.34782608695652173]
 mean: 0.31281614094913324, std: 0.06355556692485967
F1 Score: [0.2690635451505017, 0.23917383413556378, 0.3005357142857143, 0.17223252937538652, 0.281990978972111, 0.37106971975393027, 0.20141606774354232, 0.3485007496251874, 0.3987131333123416, 0.4054197901049475, 0.2646571786609381, 0.28728414442700156, 0.3253551679179967, 0.26878005825374246, 0.3383176523297491]
 mean: 0.298167350936577, std: 0.06518276875112727
Accuracy Intime: [0.5357142857142857, 0.42857142857142855, 0.42857142857142855, 0.4230769230769231, 0.4230769230769231, 0.5, 0.35714285714285715, 0.5, 0.39285714285714285, 0.2692307692307692, 0.5, 0.42857142857142855, 0.4642857142857143, 0.34615384615384615, 0.3076923076923077]
 mean: 0.42032967032967034, std: 0.07315468610322134
F1 (Intime): [0.5270122034827918, 0.4097222222222222, 0.4053454715219421, 0.3983516483516484, 0.3476284584980237, 0.45202020202020204, 0.340158371040724, 0.44616596638655465, 0.3310457516339869, 0.2747326203208556, 0.49169580419580416, 0.4054179566563468, 0.4047381711855396, 0.33348873348873354, 0.26495726495726496]
 mean: 0.3888320563975094, std: 0.07170080592620945
--------------------------------------------------
Subject Number: 3
Accuracy Cross: [0.3088235294117647, 0.22058823529411764, 0.3235294117647059, 0.3088235294117647, 0.3088235294117647, 0.30434782608695654, 0.21739130434782608, 0.2463768115942029, 0.30434782608695654, 0.15942028985507245, 0.34782608695652173, 0.2318840579710145, 0.3333333333333333, 0.30434782608695654, 0.2753623188405797]
 mean: 0.27968172776356925, std: 0.0510327959996707
F1 Score: [0.2824311528446303, 0.21852371262534603, 0.2902597402597402, 0.2826797385620915, 0.24658653846153847, 0.2603744939271255, 0.22613052356261185, 0.24297619047619048, 0.28516474354698856, 0.12941176470588237, 0.33500797448165864, 0.20139786683904332, 0.33553202031462903, 0.2770745798319328, 0.25]
 mean: 0.2575700693626273, std: 0.05034910847454992
Accuracy Intime: [0.5714285714285714, 0.4642857142857143, 0.5, 0.42857142857142855, 0.46153846153846156, 0.35714285714285715, 0.2857142857142857, 0.35714285714285715, 0.4230769230769231, 0.46153846153846156, 0.4642857142857143, 0.2857142857142857, 0.32142857142857145, 0.34615384615384615, 0.5]
 mean: 0.41520146520146517, std: 0.08245339067452878
F1 (Intime): [0.5764957264957266, 0.44318181818181823, 0.4815576580282463, 0.38244047619047616, 0.3964932126696833, 0.3265435222672065, 0.27598039215686276, 0.29720279720279724, 0.34071356275303644, 0.4376068376068376, 0.4110576923076923, 0.25, 0.31994047619047616, 0.33628724216959516, 0.49686783804430856]
 mean: 0.3848246168176509, std: 0.08766639211152188
--------------------------------------------------
Subject Number: 4
Accuracy Cross: [0.4057971014492754, 0.4782608695652174, 0.4782608695652174, 0.42028985507246375, 0.5072463768115942, 0.391304347826087, 0.42028985507246375, 0.4492753623188406, 0.463768115942029, 0.43478260869565216, 0.3188405797101449, 0.2753623188405797, 0.4057971014492754, 0.36231884057971014, 0.4492753623188406]
 mean: 0.4173913043478261, std: 0.05991896322208176
F1 Score: [0.4168462643678161, 0.47431457431457436, 0.4925891181988743, 0.4390573620752649, 0.4855449055949612, 0.38999632110908883, 0.41595616607501157, 0.4598311103882021, 0.441454378954379, 0.44166666666666665, 0.2927663734115347, 0.22425505936144235, 0.37403486706494776, 0.3700937125422251, 0.4417207792207792]
 mean: 0.41067517728971786, std: 0.07052033195782541
Accuracy Intime: [0.5357142857142857, 0.42857142857142855, 0.5357142857142857, 0.35714285714285715, 0.6153846153846154, 0.35714285714285715, 0.5714285714285714, 0.39285714285714285, 0.35714285714285715, 0.46153846153846156, 0.4642857142857143, 0.5357142857142857, 0.7142857142857143, 0.5714285714285714, 0.5]
 mean: 0.4932234432234432, std: 0.10103949255183786
F1 (Intime): [0.5362529627235509, 0.4100250626566416, 0.4793233082706767, 0.35218253968253965, 0.6101270053475936, 0.375, 0.5167464114832536, 0.3874777183600713, 0.2857142857142857, 0.4296016483516484, 0.44313725490196076, 0.5238095238095237, 0.7030303030303031, 0.5791666666666666, 0.5097402597402597]
 mean: 0.4760889967159317, std: 0.10521850733788866
--------------------------------------------------
Subject Number: 5
Accuracy Cross: [0.3235294117647059, 0.45588235294117646, 0.45588235294117646, 0.35294117647058826, 0.3235294117647059, 0.39705882352941174, 0.6029411764705882, 0.39705882352941174, 0.5147058823529411, 0.4117647058823529, 0.35294117647058826, 0.4264705882352941, 0.3382352941176471, 0.35294117647058826, 0.5441176470588235]
 mean: 0.41666666666666663, std: 0.08173201961045619
F1 Score: [0.3324848218857436, 0.4142857142857143, 0.4195073293433949, 0.3463383838383839, 0.3037037037037037, 0.35238095238095235, 0.6081645909232116, 0.39884135472370763, 0.4756728714150803, 0.3912793603198401, 0.321496037439366, 0.432722364308042, 0.3457351388807937, 0.36717391304347824, 0.5406688367046423]
 mean: 0.40336369154640367, std: 0.08147521763835093
Accuracy Intime: [0.7142857142857143, 0.6785714285714286, 0.6071428571428571, 0.5384615384615384, 0.5, 0.6071428571428571, 0.5714285714285714, 0.5714285714285714, 0.46153846153846156, 0.5, 0.5714285714285714, 0.5714285714285714, 0.6428571428571429, 0.5384615384615384, 0.5384615384615384]
 mean: 0.5741758241758242, std: 0.06581185254644895
F1 (Intime): [0.7202380952380952, 0.6679292929292928, 0.5734848484848485, 0.4523809523809524, 0.4638009049773756, 0.5885375494071146, 0.5701357466063348, 0.5520676691729323, 0.37046783625730995, 0.3943452380952381, 0.5609903381642511, 0.5574197860962566, 0.6457070707070707, 0.4340659340659341, 0.49633699633699635]
 mean: 0.5365272172613337, std: 0.09718987202405739
--------------------------------------------------
Subject Number: 6
Accuracy Cross: [0.3088235294117647, 0.47058823529411764, 0.4264705882352941, 0.45588235294117646, 0.35294117647058826, 0.21739130434782608, 0.34782608695652173, 0.36231884057971014, 0.36231884057971014, 0.3333333333333333, 0.4492753623188406, 0.3188405797101449, 0.36231884057971014, 0.3333333333333333, 0.4782608695652174]
 mean: 0.37199488491048593, std: 0.06924634317671366
F1 Score: [0.30057770714569976, 0.4604732962627699, 0.4055059523809524, 0.4665852827617533, 0.3194334165154265, 0.1937878787878788, 0.31126184445069893, 0.29490165116351075, 0.34631829536644765, 0.34319358178053827, 0.417454954954955, 0.2665734265734266, 0.36727155727155725, 0.333041958041958, 0.4716921417854464]
 mean: 0.35320486301620135, std: 0.07659582457253936
Accuracy Intime: [0.5714285714285714, 0.6071428571428571, 0.4642857142857143, 0.5357142857142857, 0.5384615384615384, 0.6071428571428571, 0.6071428571428571, 0.6071428571428571, 0.34615384615384615, 0.34615384615384615, 0.5714285714285714, 0.42857142857142855, 0.5714285714285714, 0.5769230769230769, 0.4230769230769231]
 mean: 0.5201465201465201, std: 0.09071574816761806
F1 (Intime): [0.5562499999999999, 0.5902257872846108, 0.44191919191919193, 0.49789915966386555, 0.4874932429111995, 0.6119047619047618, 0.6148148148148147, 0.5864832535885167, 0.28809523809523807, 0.3, 0.5856052036199095, 0.42967032967032964, 0.5621794871794872, 0.5958333333333333, 0.36900584795321634]
 mean: 0.501158643462565, std: 0.1081330130096135
--------------------------------------------------
Subject Number: 7
Accuracy Cross: [0.45588235294117646, 0.39705882352941174, 0.4264705882352941, 0.6617647058823529, 0.4411764705882353, 0.36764705882352944, 0.27941176470588236, 0.36764705882352944, 0.38235294117647056, 0.35294117647058826, 0.4852941176470588, 0.47058823529411764, 0.35294117647058826, 0.4852941176470588, 0.45588235294117646]
 mean: 0.42549019607843136, std: 0.08498365855987974
F1 Score: [0.4030269472129937, 0.3953846153846154, 0.4217554385147398, 0.6438279857397504, 0.44573634251053607, 0.34902874902874903, 0.2541278166278166, 0.3819490586932447, 0.35536585365853657, 0.3431301884517673, 0.44555272590077344, 0.42993659420289854, 0.3530092592592592, 0.4718789275240888, 0.44512987012987015]
 mean: 0.40925602485597606, std: 0.08269389332674071
Accuracy Intime: [0.5357142857142857, 0.5, 0.42857142857142855, 0.5, 0.4230769230769231, 0.6428571428571429, 0.4642857142857143, 0.4642857142857143, 0.7307692307692307, 0.5, 0.6071428571428571, 0.6785714285714286, 0.4642857142857143, 0.5, 0.3076923076923077]
 mean: 0.5164835164835165, std: 0.10521655232761476
F1 (Intime): [0.504953560371517, 0.4539907460960092, 0.36926406926406924, 0.4602368220015279, 0.42067099567099564, 0.6324969148498559, 0.4461038961038961, 0.43452380952380953, 0.6688150858429496, 0.4816017316017316, 0.5963636363636364, 0.6696969696969697, 0.38796791443850265, 0.4931318681318681, 0.27736006683375103]
 mean: 0.486478539119406, std: 0.10899520483445779
--------------------------------------------------
Subject Number: 8
Accuracy Cross: [0.2647058823529412, 0.3382352941176471, 0.25, 0.27941176470588236, 0.36764705882352944, 0.3382352941176471, 0.36764705882352944, 0.29411764705882354, 0.25, 0.17647058823529413, 0.22058823529411764, 0.25, 0.3088235294117647, 0.35294117647058826, 0.3235294117647059]
 mean: 0.292156862745098, std: 0.05498942612698102
F1 Score: [0.2783097616096814, 0.3250633586768041, 0.2632993277048155, 0.28267763731473405, 0.36102834200660283, 0.32568829020441925, 0.3685441744265273, 0.29760165320436965, 0.2375574712643678, 0.15651162790697676, 0.21641325151761584, 0.26115586029379134, 0.3022706155632985, 0.3517075030232925, 0.291222954699121]
 mean: 0.28793678862776123, std: 0.055009502678198006
Accuracy Intime: [0.32142857142857145, 0.35714285714285715, 0.5, 0.34615384615384615, 0.38461538461538464, 0.32142857142857145, 0.35714285714285715, 0.39285714285714285, 0.2692307692307692, 0.34615384615384615, 0.21428571428571427, 0.35714285714285715, 0.4642857142857143, 0.3076923076923077, 0.4230769230769231]
 mean: 0.3575091575091575, std: 0.06910759047726485
F1 (Intime): [0.31323529411764706, 0.29550883898709984, 0.47467532467532464, 0.3268317853457172, 0.36408730158730157, 0.29005847953216374, 0.31773190045248867, 0.41358543417366944, 0.2977591036414566, 0.32702020202020204, 0.21071428571428572, 0.35119047619047616, 0.3967086834733894, 0.2909722222222222, 0.3738095238095238]
 mean: 0.33625925706286447, std: 0.060738385036829254
--------------------------------------------------
Subject Number: 9
Accuracy Cross: [0.39705882352941174, 0.5, 0.39705882352941174, 0.5294117647058824, 0.5441176470588235, 0.3235294117647059, 0.36764705882352944, 0.3382352941176471, 0.39705882352941174, 0.25, 0.3088235294117647, 0.4264705882352941, 0.4264705882352941, 0.38235294117647056, 0.38235294117647056]
 mean: 0.39803921568627465, std: 0.07790262951105462
F1 Score: [0.42171009263435455, 0.5020925366193908, 0.38958849141979, 0.5567674801125451, 0.5663184641445511, 0.34320672713529854, 0.34880268199233716, 0.35099764307035675, 0.3887713340299547, 0.26334776334776333, 0.30827435119649477, 0.43962622743110547, 0.43793424260756386, 0.4011579818031431, 0.41564171122994653]
 mean: 0.40894918191830637, std: 0.08195763231930095
Accuracy Intime: [0.5, 0.4642857142857143, 0.5714285714285714, 0.4230769230769231, 0.3076923076923077, 0.6785714285714286, 0.5, 0.6428571428571429, 0.34615384615384615, 0.38461538461538464, 0.5, 0.6071428571428571, 0.5357142857142857, 0.5769230769230769, 0.46153846153846156]
 mean: 0.49999999999999994, std: 0.10286129104687444
F1 (Intime): [0.49930555555555556, 0.47023809523809523, 0.5771708683473389, 0.39468055164649585, 0.2522893772893773, 0.6766025641025641, 0.4770833333333333, 0.5909090909090908, 0.3236156000861883, 0.3302631578947368, 0.4728487886382623, 0.6100781571369807, 0.4642857142857143, 0.5899122807017543, 0.4337662337662338]
 mean: 0.4775366245954481, std: 0.11495693969987938
--------------------------------------------------
Subject Number: 10
Accuracy Cross: [0.29411764705882354, 0.27941176470588236, 0.3235294117647059, 0.35294117647058826, 0.39705882352941174, 0.27941176470588236, 0.3088235294117647, 0.27941176470588236, 0.22058823529411764, 0.2647058823529412, 0.2753623188405797, 0.30434782608695654, 0.2608695652173913, 0.2608695652173913, 0.2463768115942029]
 mean: 0.2898550724637681, std: 0.04221591845057693
F1 Score: [0.2755385820603212, 0.28501343728380607, 0.3080872913992298, 0.35413436692506456, 0.4246694026447788, 0.27658250355618774, 0.2850369458128079, 0.2690921440921441, 0.21688080354142059, 0.25925884460367216, 0.26799748638458315, 0.29534998612959634, 0.26709298584298585, 0.24522543059777102, 0.21608709273182955]
 mean: 0.2830698202404133, std: 0.05001891771889647
Accuracy Intime: [0.25, 0.35714285714285715, 0.35714285714285715, 0.38461538461538464, 0.3076923076923077, 0.39285714285714285, 0.42857142857142855, 0.32142857142857145, 0.38461538461538464, 0.3076923076923077, 0.35714285714285715, 0.42857142857142855, 0.32142857142857145, 0.4230769230769231, 0.4230769230769231]
 mean: 0.363003663003663, std: 0.05169768770853446
F1 (Intime): [0.20955882352941177, 0.3398109243697479, 0.35517668605903896, 0.3725274725274725, 0.2982142857142857, 0.39871794871794874, 0.42878787878787883, 0.3205128205128205, 0.38431372549019605, 0.3013257575757576, 0.2863636363636363, 0.4228418640183346, 0.2872405372405372, 0.3923976608187134, 0.43262987012987014]
 mean: 0.3486946594570433, std: 0.06214747773782093
--------------------------------------------------
Subject Number: 11
Accuracy Cross: [0.36231884057971014, 0.2753623188405797, 0.37681159420289856, 0.2463768115942029, 0.2318840579710145, 0.3188405797101449, 0.42028985507246375, 0.391304347826087, 0.4057971014492754, 0.5072463768115942, 0.391304347826087, 0.5362318840579711, 0.37681159420289856, 0.391304347826087, 0.4492753623188406]
 mean: 0.37874396135265703, std: 0.08281044381532801
F1 Score: [0.29687134502923973, 0.25257404287699725, 0.3625906394199077, 0.2341730358547825, 0.22181061419783224, 0.28794524189261034, 0.39385317670071884, 0.37241477677934676, 0.3535760002925902, 0.4301529224129843, 0.3356083535108959, 0.5105082730766726, 0.3200200534759358, 0.30687830687830686, 0.39460784313725483]
 mean: 0.33823897503573847, std: 0.07468972776626599
Accuracy Intime: [0.42857142857142855, 0.5714285714285714, 0.6428571428571429, 0.6428571428571429, 0.46153846153846156, 0.32142857142857145, 0.42857142857142855, 0.5357142857142857, 0.5357142857142857, 0.6153846153846154, 0.2857142857142857, 0.42857142857142855, 0.4642857142857143, 0.39285714285714285, 0.5769230769230769]
 mean: 0.48882783882783887, std: 0.10744751775839961
F1 (Intime): [0.3471014492753623, 0.5220588235294118, 0.6166666666666667, 0.6220238095238095, 0.4368131868131868, 0.3173992673992674, 0.3681860902255639, 0.5091093117408907, 0.5216346153846154, 0.6006944444444444, 0.3065998329156224, 0.42936507936507934, 0.3989285714285714, 0.4111111111111111, 0.532051282051282]
 mean: 0.4626495694583257, std: 0.10275454389057871
--------------------------------------------------
Subject Number: 12
Accuracy Cross: [0.47058823529411764, 0.3088235294117647, 0.4117647058823529, 0.4852941176470588, 0.39705882352941174, 0.43478260869565216, 0.30434782608695654, 0.4057971014492754, 0.4782608695652174, 0.43478260869565216, 0.4117647058823529, 0.3382352941176471, 0.29411764705882354, 0.39705882352941174, 0.35294117647058826]
 mean: 0.3950412048877522, std: 0.060807927003891586
F1 Score: [0.4983908635224425, 0.3094463675859025, 0.34184562713974476, 0.48460111317254173, 0.40221093162269633, 0.4217178362573099, 0.2856482597861908, 0.3997095581763774, 0.4409672115554468, 0.4231851481851482, 0.41730745589771956, 0.3003533231474408, 0.27803942089656375, 0.40027908599337175, 0.3191964285714286]
 mean: 0.38152657543402163, std: 0.0686549331589669
Accuracy Intime: [0.42857142857142855, 0.6428571428571429, 0.6428571428571429, 0.46153846153846156, 0.4230769230769231, 0.4642857142857143, 0.42857142857142855, 0.5, 0.34615384615384615, 0.34615384615384615, 0.75, 0.6428571428571429, 0.4642857142857143, 0.5384615384615384, 0.46153846153846156]
 mean: 0.5027472527472527, std: 0.11374201468357625
F1 (Intime): [0.3926470588235294, 0.6376623376623376, 0.576336898395722, 0.43452380952380953, 0.3680555555555556, 0.41597985347985345, 0.3983516483516484, 0.5049019607843137, 0.27669172932330827, 0.3125, 0.7318376068376069, 0.6399159663865546, 0.4464285714285714, 0.4041666666666667, 0.461988011988012]
 mean: 0.466799178347166, std: 0.12402353829257619
--------------------------------------------------
Subject Number: 13
Accuracy Cross: [0.5147058823529411, 0.36764705882352944, 0.35294117647058826, 0.3382352941176471, 0.4411764705882353, 0.36231884057971014, 0.43478260869565216, 0.2608695652173913, 0.42028985507246375, 0.3333333333333333, 0.35294117647058826, 0.36764705882352944, 0.35294117647058826, 0.3088235294117647, 0.36764705882352944]
 mean: 0.37175333901676616, std: 0.05867407049163633
F1 Score: [0.5109751575824991, 0.3661455573220279, 0.3577935222672065, 0.3631009911497717, 0.4364801864801865, 0.36210097490585297, 0.4445918324279021, 0.24894354293441517, 0.4354164071906007, 0.33723776223776225, 0.3318947144075021, 0.397068511198946, 0.3633893280632411, 0.3314057564057564, 0.38211650268336317]
 mean: 0.37791071648380226, std: 0.05947816721632298
Accuracy Intime: [0.5357142857142857, 0.2857142857142857, 0.5, 0.46153846153846156, 0.34615384615384615, 0.32142857142857145, 0.5357142857142857, 0.5, 0.46153846153846156, 0.38461538461538464, 0.5714285714285714, 0.42857142857142855, 0.5, 0.5384615384615384, 0.34615384615384615]
 mean: 0.4478021978021978, std: 0.08747602474279542
F1 (Intime): [0.5502525252525252, 0.2724386724386724, 0.5103535353535353, 0.4586385836385836, 0.3101503759398496, 0.28282563025210083, 0.5178571428571428, 0.5159090909090909, 0.45629370629370636, 0.40073260073260075, 0.5653846153846154, 0.4048451548451548, 0.4732456140350877, 0.5369047619047619, 0.3523300229182582]
 mean: 0.44054413551704574, std: 0.09517003467170704
--------------------------------------------------
Subject Number: 14
Accuracy Cross: [0.23529411764705882, 0.23529411764705882, 0.29411764705882354, 0.3235294117647059, 0.3088235294117647, 0.2647058823529412, 0.38235294117647056, 0.4117647058823529, 0.29411764705882354, 0.29411764705882354, 0.36764705882352944, 0.3235294117647059, 0.25, 0.3235294117647059, 0.38235294117647056]
 mean: 0.3127450980392157, std: 0.053013748370963815
F1 Score: [0.24911630491322645, 0.23757501678697332, 0.2810018013592074, 0.30217206992611734, 0.31001755140979603, 0.22767857142857142, 0.3559027777777778, 0.41744257323525613, 0.24952732085460388, 0.27401403743315506, 0.36797235023041475, 0.32297037420377084, 0.2419501133786848, 0.31161182721491276, 0.3962454212454212]
 mean: 0.30301320742652593, std: 0.05779420449824975
Accuracy Intime: [0.39285714285714285, 0.6071428571428571, 0.6785714285714286, 0.4230769230769231, 0.5, 0.42857142857142855, 0.5, 0.39285714285714285, 0.5, 0.34615384615384615, 0.39285714285714285, 0.39285714285714285, 0.35714285714285715, 0.4230769230769231, 0.5769230769230769]
 mean: 0.46080586080586083, std: 0.09422431692615195
F1 (Intime): [0.4000992063492063, 0.5843137254901961, 0.6740896358543418, 0.375, 0.48268398268398266, 0.45016095016095015, 0.4823313940961, 0.38504632622279683, 0.5009803921568627, 0.33263403263403263, 0.35023610720205145, 0.3784138655462185, 0.28095238095238095, 0.4571428571428571, 0.5718954248366013]
 mean: 0.4470653520885719, std: 0.10247360900468616
--------------------------------------------------
Subject Number: 15
Accuracy Cross: [0.3382352941176471, 0.4264705882352941, 0.4411764705882353, 0.38235294117647056, 0.3088235294117647, 0.45588235294117646, 0.4264705882352941, 0.5, 0.5294117647058824, 0.5, 0.4264705882352941, 0.3235294117647059, 0.4117647058823529, 0.35294117647058826, 0.29411764705882354]
 mean: 0.40784313725490196, std: 0.07052011964060566
F1 Score: [0.30059750826341214, 0.4366606866606867, 0.42572709857192614, 0.3926264304171281, 0.30159627953745605, 0.4562045234052874, 0.40862409479921, 0.5158102766798419, 0.509165891316921, 0.48767984330484326, 0.40714446698219514, 0.32645750988142297, 0.3553521949748365, 0.3522654167815458, 0.2926564292086148]
 mean: 0.3979045767190218, std: 0.07260075088467743
Accuracy Intime: [0.5714285714285714, 0.4642857142857143, 0.5, 0.5384615384615384, 0.46153846153846156, 0.4642857142857143, 0.35714285714285715, 0.5357142857142857, 0.34615384615384615, 0.46153846153846156, 0.5357142857142857, 0.5, 0.5357142857142857, 0.6538461538461539, 0.4230769230769231]
 mean: 0.4899267399267399, std: 0.07661940757919213
F1 (Intime): [0.5950854700854701, 0.4446969696969697, 0.4877622377622378, 0.5097402597402597, 0.43189102564102566, 0.4472222222222222, 0.3198067632850241, 0.5542929292929293, 0.3558704453441296, 0.4666666666666667, 0.5725490196078431, 0.4923611111111111, 0.5227877385772123, 0.6674603174603175, 0.42976827094474146]
 mean: 0.486530763162544, std: 0.08685832921930058
--------------------------------------------------
Subject Number: 16
Accuracy Cross: [0.45588235294117646, 0.45588235294117646, 0.4411764705882353, 0.35294117647058826, 0.35294117647058826, 0.4852941176470588, 0.3382352941176471, 0.36764705882352944, 0.4852941176470588, 0.35294117647058826, 0.5, 0.45588235294117646, 0.47058823529411764, 0.39705882352941174, 0.47058823529411764]
 mean: 0.4254901960784314, std: 0.05618254424272314
F1 Score: [0.3968592730661696, 0.4062881562881563, 0.43808962264150947, 0.3545421728348558, 0.3487268518518518, 0.4702320583405776, 0.3356256332320162, 0.30402445507708664, 0.48230963883137795, 0.3085185185185185, 0.36478260869565216, 0.43022458617533854, 0.419712671136959, 0.3161086569014958, 0.4588829787234042]
 mean: 0.3889951921543313, std: 0.05822827148081252
Accuracy Intime: [0.5357142857142857, 0.42857142857142855, 0.5357142857142857, 0.5, 0.6923076923076923, 0.5714285714285714, 0.42857142857142855, 0.6428571428571429, 0.5384615384615384, 0.3076923076923077, 0.6071428571428571, 0.32142857142857145, 0.7857142857142857, 0.6538461538461539, 0.5]
 mean: 0.5366300366300365, std: 0.12708300132988795
F1 (Intime): [0.4595588235294118, 0.3551587301587301, 0.5370734528629265, 0.47698412698412695, 0.6638888888888889, 0.5341202270381836, 0.38140225787284615, 0.6363038277511961, 0.47649572649572647, 0.2994609557109557, 0.5306020733652312, 0.33721001221001223, 0.7671197223828803, 0.6482905982905982, 0.4311965811965812]
 mean: 0.5023244003158864, std: 0.1294573059360297
--------------------------------------------------
Subject Number: 17
Accuracy Cross: [0.2898550724637681, 0.37681159420289856, 0.34782608695652173, 0.30434782608695654, 0.2898550724637681, 0.42028985507246375, 0.34782608695652173, 0.3333333333333333, 0.30434782608695654, 0.3188405797101449, 0.45588235294117646, 0.36764705882352944, 0.4411764705882353, 0.3088235294117647, 0.4117647058823529]
 mean: 0.3545751633986928, std: 0.053760437683147
F1 Score: [0.22138937664618086, 0.37240143369175627, 0.28921214950626717, 0.2936204146730462, 0.2842064432899829, 0.36228443449048153, 0.3111111111111111, 0.28578419857489623, 0.2981686429512517, 0.294781438074121, 0.45760703490882515, 0.35905269365810843, 0.44398954703832755, 0.29386699507389163, 0.4071734716896007]
 mean: 0.33164329235852313, std: 0.06409788350859309
Accuracy Intime: [0.32142857142857145, 0.39285714285714285, 0.35714285714285715, 0.46153846153846156, 0.34615384615384615, 0.6071428571428571, 0.5357142857142857, 0.39285714285714285, 0.6538461538461539, 0.46153846153846156, 0.5357142857142857, 0.4642857142857143, 0.5, 0.4642857142857143, 0.34615384615384615]
 mean: 0.45604395604395603, std: 0.09550540114964272
F1 (Intime): [0.26666666666666666, 0.3033910533910534, 0.3464285714285714, 0.3854251012145749, 0.32750582750582746, 0.6026610644257703, 0.5308441558441559, 0.4027777777777778, 0.601943346508564, 0.45681818181818185, 0.5509803921568628, 0.4580746738641475, 0.48358585858585856, 0.45991161616161613, 0.2992424242424242]
 mean: 0.43175044743947016, std: 0.10628016549314581
--------------------------------------------------
Subject Number: 18
Accuracy Cross: [0.43478260869565216, 0.36231884057971014, 0.30434782608695654, 0.4057971014492754, 0.42028985507246375, 0.29411764705882354, 0.3382352941176471, 0.3382352941176471, 0.3382352941176471, 0.4117647058823529, 0.35294117647058826, 0.23529411764705882, 0.3088235294117647, 0.3382352941176471, 0.3382352941176471]
 mean: 0.348110258596192, std: 0.05158535221815957
F1 Score: [0.4422427035330261, 0.3261997046880768, 0.3152380952380952, 0.3918610201854883, 0.4082691874274025, 0.2758782201405152, 0.3453456072351421, 0.34289367921081476, 0.33507633507633505, 0.42691747105574346, 0.3597494553376906, 0.22578428830697433, 0.3128638004715591, 0.35373039286808206, 0.3768093465674111]
 mean: 0.3492572871561571, std: 0.05462874272711599
Accuracy Intime: [0.39285714285714285, 0.2857142857142857, 0.5357142857142857, 0.34615384615384615, 0.2692307692307692, 0.5, 0.2857142857142857, 0.5, 0.38461538461538464, 0.38461538461538464, 0.5357142857142857, 0.25, 0.42857142857142855, 0.34615384615384615, 0.46153846153846156]
 mean: 0.39377289377289376, std: 0.09412921655766589
F1 (Intime): [0.4119047619047619, 0.32370448179271705, 0.552104757987111, 0.3041125541125541, 0.28674242424242424, 0.4796772068511199, 0.3097744360902256, 0.48621794871794866, 0.41504329004329, 0.38453017570664627, 0.4980519480519481, 0.2408668730650155, 0.42781279178338, 0.34273504273504274, 0.4585561497326204]
 mean: 0.39478898952112035, std: 0.08775739077603965
--------------------------------------------------
Subject Number: 19
Accuracy Cross: [0.1323529411764706, 0.20588235294117646, 0.2647058823529412, 0.27941176470588236, 0.3088235294117647, 0.3235294117647059, 0.4411764705882353, 0.25, 0.4117647058823529, 0.25, 0.36764705882352944, 0.25, 0.3088235294117647, 0.23529411764705882, 0.2647058823529412]
 mean: 0.28627450980392155, std: 0.07591553208865075
F1 Score: [0.11420014094432698, 0.15839178048480373, 0.22698209718670076, 0.25534559643255295, 0.2822128851540616, 0.28853387962430516, 0.36509221772379663, 0.23145581791867403, 0.3864705882352941, 0.22603844169246645, 0.34963235294117645, 0.23564485828636772, 0.23333333333333334, 0.24073593946552202, 0.26838819716868495]
 mean: 0.2574972084394711, std: 0.06961530479363251
Accuracy Intime: [0.39285714285714285, 0.42857142857142855, 0.39285714285714285, 0.5769230769230769, 0.38461538461538464, 0.4642857142857143, 0.39285714285714285, 0.4642857142857143, 0.38461538461538464, 0.4230769230769231, 0.35714285714285715, 0.5, 0.5714285714285714, 0.4230769230769231, 0.5]
 mean: 0.44377289377289375, std: 0.0656040785932624
F1 (Intime): [0.3719298245614035, 0.38509615384615387, 0.4198412698412698, 0.5399159663865546, 0.3674603174603175, 0.46212121212121215, 0.3932973459289249, 0.4353174603174603, 0.3972013366750209, 0.3814935064935065, 0.3395334928229665, 0.46343623481781376, 0.5460317460317461, 0.4082767722473605, 0.4383541295306001]
 mean: 0.42328711793882073, std: 0.0577070081567643
--------------------------------------------------
Subject Number: 20
Accuracy Cross: [0.5, 0.38235294117647056, 0.38235294117647056, 0.47058823529411764, 0.5, 0.3088235294117647, 0.36764705882352944, 0.35294117647058826, 0.35294117647058826, 0.4117647058823529, 0.391304347826087, 0.37681159420289856, 0.391304347826087, 0.43478260869565216, 0.4057971014492754]
 mean: 0.4019607843137255, std: 0.05254050437215242
F1 Score: [0.486674009261496, 0.39917230706704393, 0.3806601883390103, 0.4673738967657275, 0.483890128878969, 0.3324158334269558, 0.3598026598026598, 0.37094504987603066, 0.3396011396011396, 0.4130041314184536, 0.3863095238095238, 0.35137162489078866, 0.37752849986892545, 0.4329861319685556, 0.4108644358644359]
 mean: 0.3995066373893144, std: 0.04800572513110927
Accuracy Intime: [0.4642857142857143, 0.42857142857142855, 0.5357142857142857, 0.3076923076923077, 0.5, 0.5357142857142857, 0.5, 0.4642857142857143, 0.5769230769230769, 0.5769230769230769, 0.5357142857142857, 0.5714285714285714, 0.6071428571428571, 0.5384615384615384, 0.4230769230769231]
 mean: 0.5043956043956043, std: 0.07482620849730631
F1 (Intime): [0.44630124777183605, 0.42324561403508776, 0.5334224598930482, 0.2569444444444444, 0.4786255411255411, 0.5038461538461538, 0.5102941176470588, 0.4368055555555556, 0.5299504417151476, 0.5663153271848924, 0.5477182539682539, 0.5911199095022626, 0.6174603174603175, 0.4825396825396825, 0.4385964912280701]
 mean: 0.49087903719449016, std: 0.0840785126293867
--------------------------------------------------
Subject Number: 21
Accuracy Cross: [0.4264705882352941, 0.4117647058823529, 0.47058823529411764, 0.4411764705882353, 0.39705882352941174, 0.45588235294117646, 0.4852941176470588, 0.36764705882352944, 0.39705882352941174, 0.4117647058823529, 0.3235294117647059, 0.29411764705882354, 0.4117647058823529, 0.4411764705882353, 0.35294117647058826]
 mean: 0.40588235294117647, std: 0.05144957554275264
F1 Score: [0.4118226600985222, 0.3984926526283897, 0.4273136773136773, 0.4102644087938206, 0.3431932773109244, 0.3669678397674859, 0.3962145390070922, 0.339089154041434, 0.3677785290361355, 0.37956296576986237, 0.291984508285126, 0.2562752373676743, 0.35693815987933636, 0.4136386660767756, 0.31407563025210083]
 mean: 0.3649074603752238, std: 0.047446192410550266
Accuracy Intime: [0.5357142857142857, 0.6428571428571429, 0.6071428571428571, 0.3076923076923077, 0.4230769230769231, 0.5, 0.5357142857142857, 0.6071428571428571, 0.4230769230769231, 0.4230769230769231, 0.5, 0.39285714285714285, 0.4642857142857143, 0.46153846153846156, 0.5]
 mean: 0.4882783882783883, std: 0.0867277519670803
F1 (Intime): [0.49870129870129876, 0.640232683982684, 0.49999999999999994, 0.23636363636363636, 0.39914529914529917, 0.4749943039416723, 0.4984126984126984, 0.5162337662337663, 0.38965201465201466, 0.3787774725274725, 0.47424242424242424, 0.3680555555555556, 0.4154456654456654, 0.42900641025641023, 0.4773391812865497]
 mean: 0.4464401607164766, std: 0.08750298856299532
--------------------------------------------------
Subject Number: 22
Accuracy Cross: [0.3235294117647059, 0.3088235294117647, 0.3235294117647059, 0.39705882352941174, 0.36764705882352944, 0.2608695652173913, 0.34782608695652173, 0.4492753623188406, 0.2318840579710145, 0.30434782608695654, 0.38235294117647056, 0.3088235294117647, 0.3088235294117647, 0.3382352941176471, 0.3235294117647059]
 mean: 0.3317703893151463, std: 0.05148134160631711
F1 Score: [0.3253352490421456, 0.3152080652080652, 0.3171130952380952, 0.3878083892708277, 0.39035202678381087, 0.18901515151515152, 0.3228118083815235, 0.43094541910331385, 0.1866255936336799, 0.3160278745644599, 0.3894247388305113, 0.3083778966131907, 0.2794886901073094, 0.3593726379440665, 0.3408664346164346]
 mean: 0.32391820472350574, std: 0.06594787922195543
Accuracy Intime: [0.5, 0.42857142857142855, 0.39285714285714285, 0.4230769230769231, 0.34615384615384615, 0.5, 0.5, 0.42857142857142855, 0.4230769230769231, 0.38461538461538464, 0.4642857142857143, 0.42857142857142855, 0.39285714285714285, 0.38461538461538464, 0.5]
 mean: 0.4331501831501832, std: 0.04805380571020549
F1 (Intime): [0.49120160884866765, 0.4166267942583732, 0.3891414141414141, 0.4201770451770452, 0.275, 0.5170995670995671, 0.475, 0.3864809081527347, 0.2803030303030303, 0.3812645687645687, 0.458502024291498, 0.4317588843904634, 0.37628384687208216, 0.36904761904761907, 0.3991877687529861]
 mean: 0.4044716720066699, std: 0.06562265997434331
--------------------------------------------------
Subject Number: 23
Accuracy Cross: [0.30434782608695654, 0.463768115942029, 0.4927536231884058, 0.5942028985507246, 0.391304347826087, 0.4852941176470588, 0.4264705882352941, 0.4264705882352941, 0.39705882352941174, 0.4117647058823529, 0.3333333333333333, 0.3333333333333333, 0.30434782608695654, 0.3188405797101449, 0.36231884057971014]
 mean: 0.4030406365444728, std: 0.07930494800239989
F1 Score: [0.30873998722295937, 0.46430507162214485, 0.49714886511225187, 0.5976871101871102, 0.41563655083811435, 0.46289466873706003, 0.3960774626055956, 0.3905996050732893, 0.40417179802955666, 0.3836268987881891, 0.30462826462826464, 0.2785714285714286, 0.2451448669984139, 0.28833333333333333, 0.3670923087088674]
 mean: 0.3869772146971053, std: 0.09106786826613733
Accuracy Intime: [0.42857142857142855, 0.5714285714285714, 0.35714285714285715, 0.5384615384615384, 0.3076923076923077, 0.4642857142857143, 0.75, 0.5, 0.5, 0.4230769230769231, 0.5714285714285714, 0.5714285714285714, 0.4642857142857143, 0.6153846153846154, 0.5]
 mean: 0.5042124542124543, std: 0.1043371084749502
F1 (Intime): [0.4699346405228758, 0.5431623931623932, 0.3663632119514472, 0.5361111111111111, 0.2909090909090909, 0.48317307692307687, 0.7302489177489178, 0.5348214285714286, 0.51993006993007, 0.4080357142857143, 0.555672268907563, 0.5331699346405229, 0.48334998334998336, 0.6147718702865762, 0.4520917678812415]
 mean: 0.5014496986788008, std: 0.09964160252448688
--------------------------------------------------
Subject Number: 24
Accuracy Cross: [0.23529411764705882, 0.3088235294117647, 0.3382352941176471, 0.27941176470588236, 0.3235294117647059, 0.22058823529411764, 0.3235294117647059, 0.36764705882352944, 0.45588235294117646, 0.39705882352941174, 0.25, 0.3088235294117647, 0.25, 0.3382352941176471, 0.3235294117647059]
 mean: 0.31470588235294117, std: 0.060942236344784524
F1 Score: [0.1752115480338477, 0.29206149469307363, 0.3347222222222222, 0.26761904761904765, 0.3170995670995671, 0.2203219249934435, 0.29923423423423423, 0.3387383293398331, 0.4419642857142857, 0.38842775041050903, 0.25012218963831867, 0.29577269577269577, 0.22932900432900433, 0.32731702330652857, 0.30795508427087376]
 mean: 0.2990597601118323, std: 0.06444697836868137
Accuracy Intime: [0.32142857142857145, 0.35714285714285715, 0.4642857142857143, 0.3076923076923077, 0.4230769230769231, 0.2857142857142857, 0.32142857142857145, 0.42857142857142855, 0.5, 0.46153846153846156, 0.42857142857142855, 0.39285714285714285, 0.2857142857142857, 0.4230769230769231, 0.34615384615384615]
 mean: 0.38315018315018323, std: 0.06739727660700577
F1 (Intime): [0.2765231092436975, 0.34063159063159065, 0.43525641025641026, 0.261236802413273, 0.39213089542036905, 0.2501256913021619, 0.32142857142857145, 0.3967032967032967, 0.48730158730158724, 0.4705128205128205, 0.4126984126984127, 0.36405757984705356, 0.2608437314319667, 0.3952380952380952, 0.2826388888888889]
 mean: 0.3564884988878798, std: 0.07606431640107636
--------------------------------------------------
Subject Number: 25
Accuracy Cross: [0.37681159420289856, 0.391304347826087, 0.42028985507246375, 0.42028985507246375, 0.36231884057971014, 0.39705882352941174, 0.4852941176470588, 0.35294117647058826, 0.4264705882352941, 0.4411764705882353, 0.36764705882352944, 0.45588235294117646, 0.5441176470588235, 0.38235294117647056, 0.4117647058823529]
 mean: 0.415714691673771, std: 0.04928556702275514
F1 Score: [0.2866600790513834, 0.37664840738486505, 0.4103007426178158, 0.3962820715869496, 0.35080171635049684, 0.37539184952978055, 0.4475394171046345, 0.30367090017825316, 0.3479391756702681, 0.4110051925908703, 0.3548353607177136, 0.41342004059395365, 0.5484075406676026, 0.3507644316467846, 0.36006310570205097]
 mean: 0.3822486687595615, std: 0.0602467819003463
Accuracy Intime: [0.42857142857142855, 0.42857142857142855, 0.42857142857142855, 0.5384615384615384, 0.5, 0.4642857142857143, 0.5, 0.42857142857142855, 0.5, 0.46153846153846156, 0.5, 0.4642857142857143, 0.4642857142857143, 0.5384615384615384, 0.34615384615384615]
 mean: 0.4661172161172161, std: 0.04838770994001065
F1 (Intime): [0.33623984710941235, 0.41479573058520425, 0.42638888888888893, 0.47045454545454546, 0.4678921568627451, 0.3931623931623932, 0.4878565062388592, 0.4288461538461538, 0.40148448043184887, 0.4327922077922078, 0.40277777777777773, 0.48731443994601886, 0.42424242424242425, 0.5070018796992481, 0.3416666666666667]
 mean: 0.428194406580293, std: 0.04856371626603555
--------------------------------------------------
Subject Number: 26
Accuracy Cross: [0.5072463768115942, 0.36231884057971014, 0.4782608695652174, 0.43478260869565216, 0.4782608695652174, 0.3088235294117647, 0.3235294117647059, 0.29411764705882354, 0.47058823529411764, 0.38235294117647056, 0.35294117647058826, 0.4117647058823529, 0.45588235294117646, 0.5147058823529411, 0.4852941176470588]
 mean: 0.4173913043478262, std: 0.07230423908837878
F1 Score: [0.5151759093619559, 0.3630252849002849, 0.4891480730223124, 0.440434752934753, 0.4690806878306878, 0.31692459990100647, 0.3281085964012793, 0.3001501501501501, 0.4395081835686778, 0.35571745327842885, 0.36585291270448694, 0.4319709188660801, 0.43544197031039134, 0.5199579090976036, 0.48157756222272347]
 mean: 0.41680499763672146, std: 0.0706171906398148
Accuracy Intime: [0.6071428571428571, 0.42857142857142855, 0.42857142857142855, 0.5384615384615384, 0.3076923076923077, 0.42857142857142855, 0.75, 0.6428571428571429, 0.5384615384615384, 0.38461538461538464, 0.42857142857142855, 0.2857142857142857, 0.39285714285714285, 0.5, 0.3076923076923077]
 mean: 0.46465201465201467, std: 0.12745936945268274
F1 (Intime): [0.6103174603174604, 0.37422600619195046, 0.4115802675585284, 0.5543727106227107, 0.30540293040293043, 0.4274853801169591, 0.7411616161616161, 0.6221226142278774, 0.569078947368421, 0.38541666666666663, 0.42470760233918126, 0.24894957983193278, 0.38888888888888884, 0.4882783882783883, 0.2708333333333333]
 mean: 0.45485482615378975, std: 0.1356437400602554
--------------------------------------------------
Subject Number: 27
Accuracy Cross: [0.2898550724637681, 0.37681159420289856, 0.34782608695652173, 0.30434782608695654, 0.2898550724637681, 0.42028985507246375, 0.34782608695652173, 0.3333333333333333, 0.30434782608695654, 0.3188405797101449, 0.45588235294117646, 0.36764705882352944, 0.4411764705882353, 0.3088235294117647, 0.4117647058823529]
 mean: 0.3545751633986928, std: 0.053760437683147
F1 Score: [0.22138937664618086, 0.37240143369175627, 0.28921214950626717, 0.2936204146730462, 0.2842064432899829, 0.36228443449048153, 0.3111111111111111, 0.28578419857489623, 0.2981686429512517, 0.294781438074121, 0.45760703490882515, 0.35905269365810843, 0.44398954703832755, 0.29386699507389163, 0.4071734716896007]
 mean: 0.33164329235852313, std: 0.06409788350859309
Accuracy Intime: [0.32142857142857145, 0.39285714285714285, 0.35714285714285715, 0.46153846153846156, 0.34615384615384615, 0.6071428571428571, 0.5357142857142857, 0.39285714285714285, 0.6538461538461539, 0.46153846153846156, 0.5357142857142857, 0.4642857142857143, 0.5, 0.4642857142857143, 0.34615384615384615]
 mean: 0.45604395604395603, std: 0.09550540114964272
F1 (Intime): [0.26666666666666666, 0.3033910533910534, 0.3464285714285714, 0.3854251012145749, 0.32750582750582746, 0.6026610644257703, 0.5308441558441559, 0.4027777777777778, 0.601943346508564, 0.45681818181818185, 0.5509803921568628, 0.4580746738641475, 0.48358585858585856, 0.45991161616161613, 0.2992424242424242]
 mean: 0.43175044743947016, std: 0.10628016549314581
--------------------------------------------------
Subject Number: 28
Accuracy Cross: [0.4117647058823529, 0.3088235294117647, 0.2647058823529412, 0.3088235294117647, 0.29411764705882354, 0.22058823529411764, 0.2647058823529412, 0.22058823529411764, 0.3088235294117647, 0.29411764705882354, 0.39705882352941174, 0.3235294117647059, 0.3235294117647059, 0.3235294117647059, 0.36764705882352944]
 mean: 0.3088235294117647, std: 0.05315859494794494
F1 Score: [0.40674428104575167, 0.2824137931034483, 0.2543501228344853, 0.2940150939486046, 0.2961073318216175, 0.22204922313617964, 0.26345630389748037, 0.2241609810068228, 0.29502927781392324, 0.266265664160401, 0.38657446889154207, 0.3124364765669113, 0.2999983850129199, 0.32263410931174086, 0.34957990048127907]
 mean: 0.2983876942022071, std: 0.05082375835262467
Accuracy Intime: [0.42857142857142855, 0.5357142857142857, 0.39285714285714285, 0.5384615384615384, 0.38461538461538464, 0.35714285714285715, 0.42857142857142855, 0.42857142857142855, 0.46153846153846156, 0.5, 0.39285714285714285, 0.32142857142857145, 0.42857142857142855, 0.46153846153846156, 0.2692307692307692]
 mean: 0.42197802197802203, std: 0.07147645619504699
F1 (Intime): [0.38116883116883116, 0.5186934389140272, 0.39636752136752135, 0.47525252525252526, 0.37638403263403264, 0.275, 0.41489099136157964, 0.39880952380952384, 0.44134615384615383, 0.46780058177117, 0.35319255907491204, 0.21395881006864986, 0.40574229691876745, 0.4369047619047619, 0.267982017982018]
 mean: 0.3882329364049649, std: 0.08015824599316793
--------------------------------------------------
Subject Number: 29
Accuracy Cross: [0.47058823529411764, 0.45588235294117646, 0.4411764705882353, 0.5147058823529411, 0.5735294117647058, 0.5, 0.47058823529411764, 0.5, 0.5735294117647058, 0.5294117647058824, 0.5797101449275363, 0.4782608695652174, 0.43478260869565216, 0.5652173913043478, 0.6231884057971014]
 mean: 0.5140380789997159, std: 0.055727565599577186
F1 Score: [0.47708971926239474, 0.4666305916305916, 0.4484060214474806, 0.5326680672268908, 0.5803226683160894, 0.5263499844382197, 0.44282555282555286, 0.4851825366235901, 0.5796564220420184, 0.5445565801736401, 0.5728546071924681, 0.4983305966064587, 0.45460789210789215, 0.581335522714833, 0.6322944297082228]
 mean: 0.5215407461544228, std: 0.0570734922431178
Accuracy Intime: [0.6785714285714286, 0.5714285714285714, 0.6428571428571429, 0.6153846153846154, 0.5384615384615384, 0.6428571428571429, 0.5714285714285714, 0.6071428571428571, 0.6538461538461539, 0.5, 0.5357142857142857, 0.5714285714285714, 0.5357142857142857, 0.5384615384615384, 0.5769230769230769]
 mean: 0.5853479853479853, std: 0.050750780255290846
F1 (Intime): [0.6578282828282829, 0.5651709401709402, 0.6461538461538461, 0.6580478345184229, 0.5514132925897632, 0.6489980607627667, 0.5287490287490287, 0.6259803921568627, 0.6779761904761904, 0.5004058441558441, 0.5162280701754386, 0.5833333333333333, 0.5308080808080808, 0.555952380952381, 0.5554388422035481]
 mean: 0.586832294668982, std: 0.05772200187377537
--------------------------------------------------
**************************************************
accuracy_cross_list: [0.4119920431940892, 0.31281614094913324, 0.27968172776356925, 0.4173913043478261, 0.41666666666666663, 0.37199488491048593, 0.42549019607843136, 0.292156862745098, 0.39803921568627465, 0.2898550724637681, 0.37874396135265703, 0.3950412048877522, 0.37175333901676616, 0.3127450980392157, 0.40784313725490196, 0.4254901960784314, 0.3545751633986928, 0.348110258596192, 0.28627450980392155, 0.4019607843137255, 0.40588235294117647, 0.3317703893151463, 0.4030406365444728, 0.31470588235294117, 0.415714691673771, 0.4173913043478262, 0.3545751633986928, 0.3088235294117647, 0.5140380789997159]
f1_score_list: [0.4081509920275493, 0.298167350936577, 0.2575700693626273, 0.41067517728971786, 0.40336369154640367, 0.35320486301620135, 0.40925602485597606, 0.28793678862776123, 0.40894918191830637, 0.2830698202404133, 0.33823897503573847, 0.38152657543402163, 0.37791071648380226, 0.30301320742652593, 0.3979045767190218, 0.3889951921543313, 0.33164329235852313, 0.3492572871561571, 0.2574972084394711, 0.3995066373893144, 0.3649074603752238, 0.32391820472350574, 0.3869772146971053, 0.2990597601118323, 0.3822486687595615, 0.41680499763672146, 0.33164329235852313, 0.2983876942022071, 0.5215407461544228]
accuracy_intime_list: [0.5082417582417583, 0.42032967032967034, 0.41520146520146517, 0.4932234432234432, 0.5741758241758242, 0.5201465201465201, 0.5164835164835165, 0.3575091575091575, 0.49999999999999994, 0.363003663003663, 0.48882783882783887, 0.5027472527472527, 0.4478021978021978, 0.46080586080586083, 0.4899267399267399, 0.5366300366300365, 0.45604395604395603, 0.39377289377289376, 0.44377289377289375, 0.5043956043956043, 0.4882783882783883, 0.4331501831501832, 0.5042124542124543, 0.38315018315018323, 0.4661172161172161, 0.46465201465201467, 0.45604395604395603, 0.42197802197802203, 0.5853479853479853]
f1_score_intime_list: [0.5056081700663744, 0.3888320563975094, 0.3848246168176509, 0.4760889967159317, 0.5365272172613337, 0.501158643462565, 0.486478539119406, 0.33625925706286447, 0.4775366245954481, 0.3486946594570433, 0.4626495694583257, 0.466799178347166, 0.44054413551704574, 0.4470653520885719, 0.486530763162544, 0.5023244003158864, 0.43175044743947016, 0.39478898952112035, 0.42328711793882073, 0.49087903719449016, 0.4464401607164766, 0.4044716720066699, 0.5014496986788008, 0.3564884988878798, 0.428194406580293, 0.45485482615378975, 0.43175044743947016, 0.3882329364049649, 0.586832294668982]
**************************************************
ACC: 37.12±5.48
F1: 35.76±5.78
Intime: 46.88±5.54
F1 (Intime): 44.78±5.70
