1e-06
Subject Number: 1
Accuracy Cross: [0.3088235294117647, 0.3088235294117647, 0.29411764705882354, 0.27941176470588236, 0.3235294117647059, 0.2898550724637681, 0.2318840579710145, 0.2608695652173913, 0.2463768115942029, 0.2463768115942029, 0.3088235294117647, 0.39705882352941174, 0.39705882352941174, 0.39705882352941174, 0.4264705882352941]
 mean: 0.3144359192952544, std: 0.06022213232381956
F1 Score: [0.31536900536900536, 0.3141879548529165, 0.3095149868247694, 0.28861531986531985, 0.30379948914431676, 0.29356725146198825, 0.23236668345363998, 0.26090909090909087, 0.23831816649814624, 0.22395958711748185, 0.25231118088260945, 0.41707310659186536, 0.3900537634408602, 0.3979764752791069, 0.41007326007326006]
 mean: 0.3098730214509585, std: 0.06363751744636974
Accuracy Intime: [0.5, 0.35714285714285715, 0.25, 0.38461538461538464, 0.38461538461538464, 0.39285714285714285, 0.5357142857142857, 0.35714285714285715, 0.5, 0.23076923076923078, 0.25, 0.4642857142857143, 0.21428571428571427, 0.4230769230769231, 0.3076923076923077]
 mean: 0.3701465201465201, std: 0.10018733542898185
F1 (Intime): [0.4458874458874459, 0.34985859728506785, 0.2536401098901099, 0.3603668261562998, 0.37950558213716107, 0.3966200466200466, 0.5088245088245089, 0.35528442146089206, 0.48080808080808074, 0.18253968253968253, 0.21666666666666667, 0.47619047619047616, 0.19166666666666665, 0.42124542124542125, 0.31634615384615383]
 mean: 0.35569671241497863, std: 0.10215379042536026
--------------------------------------------------
Subject Number: 2
Accuracy Cross: [0.2898550724637681, 0.34782608695652173, 0.2028985507246377, 0.2608695652173913, 0.2463768115942029, 0.27941176470588236, 0.29411764705882354, 0.19117647058823528, 0.20588235294117646, 0.2647058823529412, 0.2753623188405797, 0.37681159420289856, 0.3188405797101449, 0.2028985507246377, 0.2608695652173913]
 mean: 0.26786018755328217, std: 0.05225437790151693
F1 Score: [0.293859649122807, 0.35418412232928365, 0.18184168316155894, 0.2654210511183946, 0.22339398952302175, 0.26590501792114696, 0.283187134502924, 0.17927950602369205, 0.197037037037037, 0.24072120158887786, 0.2704140866873065, 0.32780987128813216, 0.30381988606449245, 0.1796974319857615, 0.24195652173913046]
 mean: 0.2539018793395711, std: 0.05276528533990549
Accuracy Intime: [0.32142857142857145, 0.42857142857142855, 0.5, 0.46153846153846156, 0.5, 0.35714285714285715, 0.42857142857142855, 0.32142857142857145, 0.35714285714285715, 0.19230769230769232, 0.35714285714285715, 0.10714285714285714, 0.32142857142857145, 0.3076923076923077, 0.2692307692307692]
 mean: 0.34871794871794864, std: 0.10472988060446176
F1 (Intime): [0.31456105169340465, 0.3829895594601477, 0.4217032967032967, 0.45308857808857805, 0.4817460317460317, 0.2876875446534889, 0.43205128205128207, 0.3130952380952381, 0.3271833429728167, 0.1464285714285714, 0.3420763447079237, 0.08333333333333333, 0.30456385719543616, 0.27884615384615385, 0.22692307692307692]
 mean: 0.3197518175265853, std: 0.10618658315396177
--------------------------------------------------
Subject Number: 3
Accuracy Cross: [0.17647058823529413, 0.25, 0.2647058823529412, 0.25, 0.17647058823529413, 0.30434782608695654, 0.21739130434782608, 0.18840579710144928, 0.2028985507246377, 0.2898550724637681, 0.18840579710144928, 0.2318840579710145, 0.2608695652173913, 0.2028985507246377, 0.30434782608695654]
 mean: 0.2339300937766411, std: 0.04334822504708008
F1 Score: [0.17738095238095236, 0.24592056650246302, 0.2627708978328173, 0.2330583179300631, 0.1601393188854489, 0.29088655433049027, 0.19110938021586737, 0.170199146514936, 0.20597041847041847, 0.2496650175221604, 0.1922835836707788, 0.21777003484320556, 0.24251379038613083, 0.17942942942942944, 0.28385658914728684]
 mean: 0.22019693320416328, std: 0.0404071487870364
Accuracy Intime: [0.35714285714285715, 0.5, 0.17857142857142858, 0.5, 0.23076923076923078, 0.2857142857142857, 0.25, 0.32142857142857145, 0.19230769230769232, 0.4230769230769231, 0.4642857142857143, 0.39285714285714285, 0.2857142857142857, 0.38461538461538464, 0.5384615384615384]
 mean: 0.3536630036630037, std: 0.11235543501580122
F1 (Intime): [0.3422619047619047, 0.5, 0.175, 0.46875, 0.22457264957264955, 0.28733766233766234, 0.23846153846153845, 0.32142857142857145, 0.19771241830065361, 0.3839285714285714, 0.46190476190476193, 0.3913690476190476, 0.30233002291825817, 0.3541168261562998, 0.485024154589372]
 mean: 0.3422798752986194, std: 0.10276374396267424
--------------------------------------------------
Subject Number: 4
Accuracy Cross: [0.4057971014492754, 0.391304347826087, 0.4057971014492754, 0.43478260869565216, 0.4057971014492754, 0.391304347826087, 0.42028985507246375, 0.4057971014492754, 0.391304347826087, 0.4927536231884058, 0.36231884057971014, 0.34782608695652173, 0.37681159420289856, 0.3333333333333333, 0.3188405797101449]
 mean: 0.3922705314009661, std: 0.04115080084839973
F1 Score: [0.3800679113510502, 0.40303951367781155, 0.42179507672634275, 0.4143901420217209, 0.39012502185696796, 0.38704004329004327, 0.4143538631910725, 0.4233185513673319, 0.38854293854293853, 0.5114796284426927, 0.3467816091954023, 0.31092706728299946, 0.38140155531990105, 0.3345673076923077, 0.30985645933014355]
 mean: 0.3878457792859151, std: 0.048966906925383344
Accuracy Intime: [0.5714285714285714, 0.5357142857142857, 0.39285714285714285, 0.39285714285714285, 0.34615384615384615, 0.42857142857142855, 0.42857142857142855, 0.42857142857142855, 0.42857142857142855, 0.46153846153846156, 0.5, 0.35714285714285715, 0.75, 0.4642857142857143, 0.34615384615384615]
 mean: 0.45549450549450543, std: 0.10100628820630582
F1 (Intime): [0.5604166666666667, 0.5287247474747474, 0.37628968253968254, 0.40080128205128207, 0.3446969696969697, 0.4343137254901961, 0.43205128205128207, 0.41773190045248865, 0.3792607392607393, 0.46875, 0.5040939452704158, 0.3309178743961353, 0.7608861726508785, 0.46029411764705885, 0.33509301156359983]
 mean: 0.4489548078141429, std: 0.10687907461919244
--------------------------------------------------
Subject Number: 5
Accuracy Cross: [0.4411764705882353, 0.39705882352941174, 0.39705882352941174, 0.4117647058823529, 0.29411764705882354, 0.39705882352941174, 0.45588235294117646, 0.4852941176470588, 0.4411764705882353, 0.5, 0.4264705882352941, 0.5147058823529411, 0.3382352941176471, 0.45588235294117646, 0.47058823529411764]
 mean: 0.42843137254901964, std: 0.05704837853323982
F1 Score: [0.4126180836707153, 0.3810606060606061, 0.3791106719367589, 0.4161603878921366, 0.28171191553544495, 0.39326292553076375, 0.4582352941176471, 0.5089715316760224, 0.39968913741704765, 0.5187638580931264, 0.3968903706806932, 0.5141880341880342, 0.3292998120300752, 0.4300650738150738, 0.46156913262176424]
 mean: 0.4187731223510607, std: 0.06433210769160458
Accuracy Intime: [0.6785714285714286, 0.75, 0.5357142857142857, 0.46153846153846156, 0.34615384615384615, 0.4642857142857143, 0.42857142857142855, 0.5, 0.2692307692307692, 0.38461538461538464, 0.42857142857142855, 0.4642857142857143, 0.5, 0.5, 0.5384615384615384]
 mean: 0.4833333333333334, std: 0.11473068957416799
F1 (Intime): [0.6871794871794872, 0.7476190476190476, 0.5075757575757576, 0.3978767942583732, 0.32598039215686275, 0.47888222888222887, 0.4213516746411483, 0.5097216508981215, 0.1825, 0.33035714285714285, 0.44919786096256686, 0.4444444444444444, 0.4764957264957265, 0.4004524886877828, 0.5149572649572649]
 mean: 0.45830613077439714, std: 0.13259189792290854
--------------------------------------------------
Subject Number: 6
Accuracy Cross: [0.38235294117647056, 0.22058823529411764, 0.36764705882352944, 0.39705882352941174, 0.3235294117647059, 0.2898550724637681, 0.2753623188405797, 0.3333333333333333, 0.2608695652173913, 0.43478260869565216, 0.30434782608695654, 0.2463768115942029, 0.2608695652173913, 0.2753623188405797, 0.391304347826087]
 mean: 0.31757601591361184, std: 0.062124762600758276
F1 Score: [0.3861230242625591, 0.21825396825396826, 0.37222222222222223, 0.40554298642533937, 0.3347577154028767, 0.28158081355012304, 0.2354596622889306, 0.28868558917820003, 0.22767048554282596, 0.3633583162994928, 0.297351114358787, 0.19716981132075473, 0.24364832889677612, 0.2716861302191649, 0.3973209444805899]
 mean: 0.30138874084684075, std: 0.0680893134810015
Accuracy Intime: [0.35714285714285715, 0.42857142857142855, 0.25, 0.35714285714285715, 0.23076923076923078, 0.42857142857142855, 0.4642857142857143, 0.42857142857142855, 0.23076923076923078, 0.5384615384615384, 0.4642857142857143, 0.35714285714285715, 0.25, 0.46153846153846156, 0.38461538461538464]
 mean: 0.3754578754578754, std: 0.09404365100716658
F1 (Intime): [0.35141329258976317, 0.41623803827751193, 0.23985042735042736, 0.3646270396270397, 0.221171802054155, 0.4416208791208791, 0.4659090909090909, 0.41623803827751193, 0.21025641025641023, 0.5145917678812415, 0.4137254901960784, 0.3787878787878788, 0.25441919191919193, 0.4274122807017544, 0.34960474308300393]
 mean: 0.3643910914021293, std: 0.09058336695156867
--------------------------------------------------
Subject Number: 7
Accuracy Cross: [0.4264705882352941, 0.36764705882352944, 0.39705882352941174, 0.4411764705882353, 0.38235294117647056, 0.35294117647058826, 0.38235294117647056, 0.4117647058823529, 0.29411764705882354, 0.36764705882352944, 0.4264705882352941, 0.3088235294117647, 0.3382352941176471, 0.3382352941176471, 0.3088235294117647]
 mean: 0.3696078431372548, std: 0.04456203206809219
F1 Score: [0.4115031887817511, 0.34159617794486213, 0.3415383956211103, 0.4387318781089638, 0.36525641025641026, 0.3222588776039736, 0.3644224196855776, 0.418609401124791, 0.2759975694758303, 0.335391363022942, 0.4407386312874118, 0.28018343815513624, 0.3251997172145634, 0.3147165053836718, 0.31362531828815904]
 mean: 0.35265128613034363, std: 0.051375140333604755
Accuracy Intime: [0.32142857142857145, 0.25, 0.5, 0.34615384615384615, 0.2692307692307692, 0.4642857142857143, 0.25, 0.42857142857142855, 0.5384615384615384, 0.38461538461538464, 0.39285714285714285, 0.42857142857142855, 0.42857142857142855, 0.46153846153846156, 0.4230769230769231]
 mean: 0.39249084249084254, std: 0.0859023171602129
F1 (Intime): [0.2751196172248804, 0.2202380952380952, 0.483753948150233, 0.324780701754386, 0.26052807486631013, 0.4379058441558441, 0.2057533539731682, 0.40917634996582364, 0.5166666666666666, 0.32135627530364375, 0.3658730158730159, 0.42246642246642246, 0.43440934065934067, 0.40789473684210525, 0.3775917065390749]
 mean: 0.3642342766452673, std: 0.09066912348800463
--------------------------------------------------
Subject Number: 8
Accuracy Cross: [0.17647058823529413, 0.2647058823529412, 0.25, 0.2647058823529412, 0.2647058823529412, 0.27941176470588236, 0.29411764705882354, 0.3088235294117647, 0.20588235294117646, 0.2647058823529412, 0.2647058823529412, 0.27941176470588236, 0.27941176470588236, 0.27941176470588236, 0.3235294117647059]
 mean: 0.26666666666666666, std: 0.035157688386355114
F1 Score: [0.17434159264453794, 0.26125, 0.25643328445747804, 0.2366698595146871, 0.2534836784836785, 0.28728070175438597, 0.2811615025820423, 0.3095077016007249, 0.19060093673096767, 0.21830286168521462, 0.25737889983579637, 0.2625123249186218, 0.28663967611336033, 0.28116363989556425, 0.32709669667807434]
 mean: 0.2589215571263423, std: 0.039825970919027405
Accuracy Intime: [0.32142857142857145, 0.35714285714285715, 0.21428571428571427, 0.23076923076923078, 0.38461538461538464, 0.32142857142857145, 0.21428571428571427, 0.2857142857142857, 0.2692307692307692, 0.34615384615384615, 0.2857142857142857, 0.2857142857142857, 0.21428571428571427, 0.34615384615384615, 0.34615384615384615]
 mean: 0.2948717948717948, std: 0.0552160593817449
F1 (Intime): [0.2648809523809524, 0.3214285714285714, 0.20476190476190476, 0.2718253968253968, 0.3813852813852814, 0.32273412861648154, 0.19791666666666666, 0.27491883116883115, 0.24002468120115178, 0.276268115942029, 0.26607142857142857, 0.2692030192030192, 0.21359890109890112, 0.33392857142857146, 0.3059587471352177]
 mean: 0.27632701318762704, std: 0.0491613696257932
--------------------------------------------------
Subject Number: 9
Accuracy Cross: [0.4264705882352941, 0.3088235294117647, 0.36764705882352944, 0.39705882352941174, 0.38235294117647056, 0.2647058823529412, 0.3382352941176471, 0.27941176470588236, 0.3088235294117647, 0.23529411764705882, 0.36764705882352944, 0.29411764705882354, 0.4411764705882353, 0.2647058823529412, 0.36764705882352944]
 mean: 0.3362745098039215, std: 0.060483124765439926
F1 Score: [0.4468253968253968, 0.30839122118191886, 0.40546683046683046, 0.4150299735826052, 0.4035743668096609, 0.28511466011466013, 0.37496498599439776, 0.2931532563885505, 0.30010161337149016, 0.2384839103105357, 0.35521870286576174, 0.2896875095750222, 0.4485046113306983, 0.2540322580645161, 0.38708220415537486]
 mean: 0.3470421000691613, std: 0.06737673902595424
Accuracy Intime: [0.5357142857142857, 0.39285714285714285, 0.39285714285714285, 0.46153846153846156, 0.3076923076923077, 0.5357142857142857, 0.42857142857142855, 0.5, 0.3076923076923077, 0.46153846153846156, 0.5357142857142857, 0.39285714285714285, 0.35714285714285715, 0.38461538461538464, 0.2692307692307692]
 mean: 0.4175824175824176, std: 0.08381597544265326
F1 (Intime): [0.5154761904761904, 0.3817460317460317, 0.3968253968253968, 0.4380952380952381, 0.21978021978021978, 0.5139419404125286, 0.4403374403374404, 0.5091346153846154, 0.2437908496732026, 0.39522946859903385, 0.530011655011655, 0.39924242424242423, 0.3472222222222222, 0.34806892453951277, 0.25]
 mean: 0.3952601744897141, std: 0.0976735016073147
--------------------------------------------------
Subject Number: 10
Accuracy Cross: [0.23529411764705882, 0.25, 0.4117647058823529, 0.19117647058823528, 0.2647058823529412, 0.3382352941176471, 0.20588235294117646, 0.2647058823529412, 0.23529411764705882, 0.27941176470588236, 0.2463768115942029, 0.2318840579710145, 0.2898550724637681, 0.21739130434782608, 0.21739130434782608]
 mean: 0.2586246092639955, std: 0.054179087502320075
F1 Score: [0.19804753820033957, 0.24365079365079362, 0.41398273273273273, 0.18417113171331806, 0.2465813796398504, 0.31395604395604393, 0.18161514463981848, 0.24912981162981165, 0.21577380952380953, 0.26180555555555557, 0.24463846963846964, 0.21726122707147374, 0.2824777460893613, 0.21525368462240774, 0.20501253132832079]
 mean: 0.24489050666614046, std: 0.05718287091015169
Accuracy Intime: [0.32142857142857145, 0.42857142857142855, 0.17857142857142858, 0.3076923076923077, 0.3076923076923077, 0.35714285714285715, 0.32142857142857145, 0.32142857142857145, 0.19230769230769232, 0.3076923076923077, 0.32142857142857145, 0.42857142857142855, 0.21428571428571427, 0.3076923076923077, 0.2692307692307692]
 mean: 0.3056776556776557, std: 0.06954740854010473
F1 (Intime): [0.31025641025641026, 0.42430069930069936, 0.16150210084033612, 0.2987179487179487, 0.29924242424242425, 0.3800505050505051, 0.27692307692307694, 0.2945085530224849, 0.15512820512820513, 0.2839285714285714, 0.2625, 0.40763403263403264, 0.2079831932773109, 0.2728487886382623, 0.262797619047619]
 mean: 0.2865548085671925, std: 0.07475501788141728
--------------------------------------------------
Subject Number: 11
Accuracy Cross: [0.3333333333333333, 0.2753623188405797, 0.2463768115942029, 0.2608695652173913, 0.3188405797101449, 0.3333333333333333, 0.43478260869565216, 0.2608695652173913, 0.391304347826087, 0.34782608695652173, 0.2608695652173913, 0.2463768115942029, 0.30434782608695654, 0.30434782608695654, 0.3188405797101449]
 mean: 0.3091787439613526, std: 0.05256606959897756
F1 Score: [0.3288098294516779, 0.26576612903225805, 0.23645008939126588, 0.2407813010787839, 0.3149492660362226, 0.324232327292968, 0.4173308741189645, 0.24396258503401358, 0.37875219964805634, 0.3295002658160553, 0.22691753329684364, 0.2033596096096096, 0.27535977535977535, 0.3041311919504644, 0.3092532467532467]
 mean: 0.29330374825801375, std: 0.05718661940356007
Accuracy Intime: [0.2857142857142857, 0.5357142857142857, 0.35714285714285715, 0.4642857142857143, 0.4230769230769231, 0.21428571428571427, 0.42857142857142855, 0.39285714285714285, 0.5714285714285714, 0.34615384615384615, 0.2857142857142857, 0.39285714285714285, 0.35714285714285715, 0.42857142857142855, 0.6153846153846154]
 mean: 0.4065934065934066, std: 0.10555553790082271
F1 (Intime): [0.2333333333333333, 0.5426470588235294, 0.34741075917546504, 0.4400560224089636, 0.3977564102564103, 0.175, 0.42857142857142855, 0.3808302808302808, 0.5070261437908496, 0.28998778998778996, 0.25476190476190474, 0.37909312909312914, 0.34914799253034545, 0.39636752136752135, 0.6240842490842491]
 mean: 0.38307160160101333, std: 0.11486592423115478
--------------------------------------------------
Subject Number: 12
Accuracy Cross: [0.3088235294117647, 0.36764705882352944, 0.25, 0.3382352941176471, 0.2647058823529412, 0.37681159420289856, 0.3333333333333333, 0.30434782608695654, 0.36231884057971014, 0.3188405797101449, 0.38235294117647056, 0.25, 0.3382352941176471, 0.27941176470588236, 0.35294117647058826]
 mean: 0.3218670076726342, std: 0.04314960842175983
F1 Score: [0.2887985171379953, 0.37638931117191987, 0.2496119733924612, 0.34838709677419355, 0.2644686907020873, 0.38579803520380773, 0.2996664582030436, 0.2590821340821341, 0.37596525096525096, 0.317016317016317, 0.3516644707949056, 0.2591798645550045, 0.3506588717115033, 0.2759120721459315, 0.3417581020555849]
 mean: 0.31629047772747604, std: 0.04650777232179143
Accuracy Intime: [0.5357142857142857, 0.35714285714285715, 0.32142857142857145, 0.3076923076923077, 0.38461538461538464, 0.2857142857142857, 0.42857142857142855, 0.39285714285714285, 0.34615384615384615, 0.34615384615384615, 0.32142857142857145, 0.32142857142857145, 0.5, 0.38461538461538464, 0.2692307692307692]
 mean: 0.3668498168498168, std: 0.07216349636464552
F1 (Intime): [0.5001196172248804, 0.37916666666666665, 0.28361344537815125, 0.27380952380952384, 0.37976190476190474, 0.27702020202020206, 0.41688948306595364, 0.31666666666666665, 0.2878787878787879, 0.3132867132867133, 0.32965686274509803, 0.30636205899363794, 0.4886339151045033, 0.3961309523809524, 0.26666666666666666]
 mean: 0.34771089777668723, std: 0.07354553623471967
--------------------------------------------------
Subject Number: 13
Accuracy Cross: [0.23529411764705882, 0.25, 0.3235294117647059, 0.38235294117647056, 0.23529411764705882, 0.30434782608695654, 0.2463768115942029, 0.2463768115942029, 0.3188405797101449, 0.2898550724637681, 0.20588235294117646, 0.2647058823529412, 0.2647058823529412, 0.20588235294117646, 0.3088235294117647]
 mean: 0.27215117931230465, std: 0.046967464442930804
F1 Score: [0.23900375939849625, 0.24582373271889402, 0.29033972563384325, 0.36896788393723523, 0.2246618980612883, 0.263851880877743, 0.22525756352592932, 0.2385731170560892, 0.33302058075405316, 0.2772795831619361, 0.18521805273833672, 0.25585119487558516, 0.2563529367877194, 0.20382687487950643, 0.31588915470494416]
 mean: 0.26159452927410665, std: 0.04751168013448742
Accuracy Intime: [0.17857142857142858, 0.39285714285714285, 0.39285714285714285, 0.34615384615384615, 0.38461538461538464, 0.32142857142857145, 0.32142857142857145, 0.32142857142857145, 0.3076923076923077, 0.23076923076923078, 0.2857142857142857, 0.32142857142857145, 0.42857142857142855, 0.34615384615384615, 0.5]
 mean: 0.3386446886446886, std: 0.07502543321311533
F1 (Intime): [0.1388888888888889, 0.39633699633699637, 0.36511752136752135, 0.3225787284610814, 0.3380952380952381, 0.274906015037594, 0.32767857142857143, 0.30396825396825394, 0.29464285714285715, 0.26825396825396824, 0.2986372180451128, 0.26732555370326266, 0.4619047619047619, 0.3583333333333333, 0.4874434389140272]
 mean: 0.3269407563254313, std: 0.08116665838892817
--------------------------------------------------
Subject Number: 14
Accuracy Cross: [0.3382352941176471, 0.3235294117647059, 0.25, 0.27941176470588236, 0.19117647058823528, 0.2647058823529412, 0.38235294117647056, 0.36764705882352944, 0.29411764705882354, 0.3088235294117647, 0.25, 0.3088235294117647, 0.3382352941176471, 0.29411764705882354, 0.3382352941176471]
 mean: 0.30196078431372547, std: 0.04828866806284216
F1 Score: [0.3042582417582418, 0.32288397302577676, 0.21954511695442824, 0.30999790893407914, 0.1679500168861871, 0.26381175734834267, 0.3919530672579453, 0.3209059961777353, 0.2723809523809524, 0.2636207636207636, 0.22329424961003908, 0.2868779090583602, 0.3018985053344537, 0.2804423545802856, 0.2893734913320167]
 mean: 0.2812796202839738, std: 0.050423824217851104
Accuracy Intime: [0.39285714285714285, 0.35714285714285715, 0.42857142857142855, 0.4230769230769231, 0.38461538461538464, 0.42857142857142855, 0.39285714285714285, 0.32142857142857145, 0.5, 0.34615384615384615, 0.39285714285714285, 0.35714285714285715, 0.32142857142857145, 0.46153846153846156, 0.34615384615384615]
 mean: 0.3902930402930403, std: 0.049495976963446445
F1 (Intime): [0.37312030075187963, 0.3293040293040293, 0.38484848484848483, 0.40446024563671623, 0.375, 0.4314685314685315, 0.38921568627450975, 0.25869963369963367, 0.4708646616541353, 0.28157894736842104, 0.35314009661835744, 0.34518259518259514, 0.32927807486631017, 0.40007215007215, 0.3403846153846154]
 mean: 0.36444120354202464, std: 0.05260074677058352
--------------------------------------------------
Subject Number: 15
Accuracy Cross: [0.38235294117647056, 0.3382352941176471, 0.3382352941176471, 0.39705882352941174, 0.36764705882352944, 0.39705882352941174, 0.47058823529411764, 0.38235294117647056, 0.4264705882352941, 0.3382352941176471, 0.39705882352941174, 0.36764705882352944, 0.4264705882352941, 0.39705882352941174, 0.45588235294117646]
 mean: 0.39215686274509814, std: 0.03896981747912115
F1 Score: [0.41565656565656567, 0.34960883650399777, 0.3719564748976514, 0.43482947232947233, 0.3885026737967915, 0.4141306824065445, 0.46191186834141684, 0.36739810109375326, 0.4261999843395192, 0.35674321738151527, 0.39430919949671833, 0.3623499727223132, 0.42495778453225264, 0.40154098774788427, 0.4653573376977632]
 mean: 0.4023635439296106, std: 0.03543285399086744
Accuracy Intime: [0.4642857142857143, 0.5, 0.6428571428571429, 0.6153846153846154, 0.3076923076923077, 0.35714285714285715, 0.32142857142857145, 0.39285714285714285, 0.5384615384615384, 0.38461538461538464, 0.42857142857142855, 0.5357142857142857, 0.42857142857142855, 0.5384615384615384, 0.5384615384615384]
 mean: 0.46630036630036636, std: 0.09931469616525987
F1 (Intime): [0.4585858585858586, 0.5182948179271709, 0.6549145299145299, 0.641660970608339, 0.23157894736842105, 0.3606227106227107, 0.3426470588235294, 0.4125, 0.548611111111111, 0.3264957264957265, 0.42320261437908496, 0.553475935828877, 0.42380952380952386, 0.5634803921568627, 0.5522727272727272]
 mean: 0.4674768616602982, std: 0.11773796277753681
--------------------------------------------------
Subject Number: 16
Accuracy Cross: [0.3235294117647059, 0.23529411764705882, 0.3088235294117647, 0.3382352941176471, 0.36764705882352944, 0.23529411764705882, 0.3088235294117647, 0.2647058823529412, 0.2647058823529412, 0.20588235294117646, 0.4117647058823529, 0.45588235294117646, 0.27941176470588236, 0.3382352941176471, 0.3088235294117647]
 mean: 0.30980392156862746, std: 0.06520897705221917
F1 Score: [0.3107993197278911, 0.19682983682983682, 0.273768115942029, 0.3285823195343258, 0.325089605734767, 0.22158302526966123, 0.30608974358974356, 0.26472868217054263, 0.24485930735930736, 0.1981780954263004, 0.3381752305665349, 0.39580874639391556, 0.2770670855161018, 0.33622071175950485, 0.28638655462184875]
 mean: 0.2869444253628208, std: 0.05405981503383057
Accuracy Intime: [0.5357142857142857, 0.2857142857142857, 0.5357142857142857, 0.5769230769230769, 0.5384615384615384, 0.39285714285714285, 0.39285714285714285, 0.4642857142857143, 0.4230769230769231, 0.38461538461538464, 0.32142857142857145, 0.32142857142857145, 0.32142857142857145, 0.3076923076923077, 0.38461538461538464]
 mean: 0.4124542124542125, std: 0.09321174822473463
F1 (Intime): [0.5200191964897848, 0.2857142857142857, 0.5512626262626263, 0.5569444444444445, 0.5376984126984127, 0.35637254901960785, 0.3570400359874044, 0.428738038277512, 0.36666666666666664, 0.39945887445887446, 0.34983766233766234, 0.26515837104072404, 0.32589285714285715, 0.307942057942058, 0.34017453135100195]
 mean: 0.3965947073222615, std: 0.09581058471263548
--------------------------------------------------
Subject Number: 17
Accuracy Cross: [0.2608695652173913, 0.2898550724637681, 0.391304347826087, 0.43478260869565216, 0.37681159420289856, 0.34782608695652173, 0.2753623188405797, 0.3188405797101449, 0.36231884057971014, 0.3333333333333333, 0.3382352941176471, 0.36764705882352944, 0.3235294117647059, 0.35294117647058826, 0.23529411764705882]
 mean: 0.33393009377664107, std: 0.0507238138155135
F1 Score: [0.22307943772474664, 0.26490240610908133, 0.3656715063520871, 0.42738108376558875, 0.3690893665158371, 0.30232288037166083, 0.2209008097165992, 0.28140296581895047, 0.31755847953216376, 0.27834830979888747, 0.2994720220103852, 0.3543239455502796, 0.3211284839191816, 0.3508771929824561, 0.20549645390070923]
 mean: 0.3054636896045743, std: 0.060174788820284326
Accuracy Intime: [0.21428571428571427, 0.39285714285714285, 0.32142857142857145, 0.46153846153846156, 0.23076923076923078, 0.42857142857142855, 0.42857142857142855, 0.32142857142857145, 0.6153846153846154, 0.5, 0.2857142857142857, 0.5714285714285714, 0.32142857142857145, 0.4642857142857143, 0.4230769230769231]
 mean: 0.39871794871794874, std: 0.11272384184302509
F1 (Intime): [0.16233766233766234, 0.37628968253968254, 0.2473776223776224, 0.4428418803418803, 0.22916666666666669, 0.4527777777777778, 0.4156911928651059, 0.30476190476190473, 0.5815058479532164, 0.5046345811051693, 0.290018315018315, 0.5550595238095238, 0.30396825396825394, 0.4571428571428572, 0.4225274725274726]
 mean: 0.38307341607954076, std: 0.11893697456521057
--------------------------------------------------
Subject Number: 18
Accuracy Cross: [0.3188405797101449, 0.4782608695652174, 0.4492753623188406, 0.36231884057971014, 0.36231884057971014, 0.25, 0.25, 0.25, 0.23529411764705882, 0.23529411764705882, 0.3088235294117647, 0.29411764705882354, 0.3235294117647059, 0.3088235294117647, 0.23529411764705882]
 mean: 0.31081273088945716, std: 0.0735903461378644
F1 Score: [0.3266531526257245, 0.48763653887342046, 0.4428041187739464, 0.32740248554202045, 0.3495142201024554, 0.25855083412675417, 0.2569705513784461, 0.256165100901943, 0.2266161410898253, 0.2247946995147443, 0.30683760683760686, 0.29330462973641386, 0.32761708664248124, 0.3143962848297214, 0.24433004433004432]
 mean: 0.30957289968703644, std: 0.07249441364175299
Accuracy Intime: [0.32142857142857145, 0.35714285714285715, 0.42857142857142855, 0.3076923076923077, 0.2692307692307692, 0.39285714285714285, 0.39285714285714285, 0.42857142857142855, 0.34615384615384615, 0.5384615384615384, 0.4642857142857143, 0.14285714285714285, 0.2857142857142857, 0.4230769230769231, 0.3076923076923077]
 mean: 0.36043956043956044, std: 0.0917719495803758
F1 (Intime): [0.3041267942583732, 0.3311449579831933, 0.40625, 0.2539565697460434, 0.2660685805422648, 0.4017857142857143, 0.3970779220779221, 0.4293040293040293, 0.354004329004329, 0.4996345029239766, 0.4715686274509804, 0.12878787878787878, 0.28777472527472525, 0.4058608058608059, 0.31142191142191145]
 mean: 0.3499178232614765, std: 0.09226079150373215
--------------------------------------------------
Subject Number: 19
Accuracy Cross: [0.3382352941176471, 0.22058823529411764, 0.2647058823529412, 0.22058823529411764, 0.22058823529411764, 0.29411764705882354, 0.3382352941176471, 0.35294117647058826, 0.36764705882352944, 0.36764705882352944, 0.25, 0.27941176470588236, 0.3088235294117647, 0.38235294117647056, 0.3088235294117647]
 mean: 0.3009803921568627, std: 0.05472661073314848
F1 Score: [0.27711515084066707, 0.2343218137207228, 0.2508546391256199, 0.22010065176140584, 0.1954067435642333, 0.2406296387926769, 0.32297090863394673, 0.327032967032967, 0.32214948172394986, 0.3436126959144862, 0.23792540792540795, 0.2812605538669368, 0.28566458841601156, 0.3853134032249886, 0.3182438192668372]
 mean: 0.28284016425405717, std: 0.05122268556835181
Accuracy Intime: [0.5, 0.5357142857142857, 0.2857142857142857, 0.6153846153846154, 0.34615384615384615, 0.5357142857142857, 0.39285714285714285, 0.32142857142857145, 0.46153846153846156, 0.4230769230769231, 0.25, 0.5, 0.42857142857142855, 0.3076923076923077, 0.5769230769230769]
 mean: 0.43205128205128207, std: 0.10876931489961171
F1 (Intime): [0.4947770774976657, 0.5045405982905983, 0.26334776334776333, 0.6019917582417582, 0.3277777777777777, 0.5353821015585721, 0.40544309491677916, 0.28282563025210083, 0.43849206349206343, 0.4, 0.2098901098901099, 0.47047152194211017, 0.4380252100840336, 0.27827380952380953, 0.5502558479532164]
 mean: 0.4134329576512238, std: 0.11413814425282158
--------------------------------------------------
Subject Number: 20
Accuracy Cross: [0.47058823529411764, 0.36764705882352944, 0.39705882352941174, 0.3382352941176471, 0.4411764705882353, 0.27941176470588236, 0.3235294117647059, 0.35294117647058826, 0.2647058823529412, 0.29411764705882354, 0.36231884057971014, 0.4057971014492754, 0.3333333333333333, 0.36231884057971014, 0.2753623188405797]
 mean: 0.351236146632566, std: 0.0582245429840743
F1 Score: [0.47143022092591136, 0.3990228100235596, 0.36222778473091366, 0.30825104235242484, 0.43939229986798534, 0.23769474405067625, 0.32663510493699177, 0.37635281385281383, 0.27314859053989493, 0.29530116110304794, 0.3440396737115313, 0.4111420377867746, 0.3494318181818182, 0.36374749617061386, 0.2672233781256338]
 mean: 0.3483360650907061, std: 0.0635382317224327
Accuracy Intime: [0.6071428571428571, 0.5, 0.5, 0.3076923076923077, 0.2692307692307692, 0.5, 0.5357142857142857, 0.5357142857142857, 0.38461538461538464, 0.38461538461538464, 0.5357142857142857, 0.5, 0.35714285714285715, 0.5, 0.5384615384615384]
 mean: 0.46373626373626375, std: 0.09463318743565267
F1 (Intime): [0.6000000000000001, 0.5182539682539682, 0.49696356275303644, 0.30235042735042733, 0.23674242424242425, 0.5043062200956938, 0.5232793522267206, 0.5239760239760239, 0.35119047619047616, 0.3451388888888889, 0.5063636363636363, 0.4899122807017544, 0.3496821805645335, 0.44880952380952377, 0.49011437908496736]
 mean: 0.44580555630013835, std: 0.09912087600549206
--------------------------------------------------
Subject Number: 21
Accuracy Cross: [0.3382352941176471, 0.3235294117647059, 0.3088235294117647, 0.4411764705882353, 0.2647058823529412, 0.27941176470588236, 0.3235294117647059, 0.36764705882352944, 0.38235294117647056, 0.3382352941176471, 0.38235294117647056, 0.2647058823529412, 0.3088235294117647, 0.25, 0.3382352941176471]
 mean: 0.32745098039215687, std: 0.05022058225437528
F1 Score: [0.317749628587067, 0.2789606227106227, 0.2842968694032524, 0.40167727009832277, 0.22804263405767164, 0.2931216931216931, 0.30937990179363023, 0.34940476190476194, 0.3849237993974836, 0.3103213507625272, 0.31383954096218253, 0.2889650784387626, 0.2918194168194168, 0.22656895534133387, 0.31032177042815334]
 mean: 0.3059595529217921, std: 0.04601540790217422
Accuracy Intime: [0.42857142857142855, 0.5357142857142857, 0.39285714285714285, 0.3076923076923077, 0.34615384615384615, 0.39285714285714285, 0.35714285714285715, 0.32142857142857145, 0.5384615384615384, 0.23076923076923078, 0.35714285714285715, 0.35714285714285715, 0.42857142857142855, 0.46153846153846156, 0.38461538461538464]
 mean: 0.3893772893772894, std: 0.07890861501301881
F1 (Intime): [0.4266705516705517, 0.508801247771836, 0.35, 0.29775641025641025, 0.3305555555555555, 0.3568181818181818, 0.35014005602240894, 0.30086755349913247, 0.4583333333333333, 0.16919191919191917, 0.30512820512820515, 0.34561403508771926, 0.42504370629370636, 0.43849206349206343, 0.34592245989304815]
 mean: 0.3606223519342714, std: 0.0795449957922665
--------------------------------------------------
Subject Number: 22
Accuracy Cross: [0.2647058823529412, 0.23529411764705882, 0.3235294117647059, 0.3382352941176471, 0.23529411764705882, 0.37681159420289856, 0.2898550724637681, 0.2753623188405797, 0.2753623188405797, 0.3188405797101449, 0.36764705882352944, 0.29411764705882354, 0.3235294117647059, 0.23529411764705882, 0.3382352941176471]
 mean: 0.29947428246660984, std: 0.044733201592170466
F1 Score: [0.27468717750258, 0.24185463659147868, 0.31912337662337664, 0.32003053585500396, 0.2420419254658385, 0.37556213587558385, 0.26426767676767676, 0.2845505079547633, 0.2773199369444832, 0.2767729955229955, 0.3704938139296729, 0.30001006745192793, 0.29696631713547783, 0.2457010582010582, 0.3456709956709957]
 mean: 0.2956702104995275, std: 0.0417598511974752
Accuracy Intime: [0.32142857142857145, 0.35714285714285715, 0.39285714285714285, 0.19230769230769232, 0.23076923076923078, 0.6071428571428571, 0.35714285714285715, 0.32142857142857145, 0.23076923076923078, 0.2692307692307692, 0.25, 0.35714285714285715, 0.35714285714285715, 0.5, 0.3076923076923077]
 mean: 0.3368131868131868, std: 0.10369826863629923
F1 (Intime): [0.3194444444444444, 0.3492063492063492, 0.39134615384615384, 0.17777777777777776, 0.1880952380952381, 0.6023809523809524, 0.3308531746031746, 0.26666666666666666, 0.22687908496732026, 0.23168498168498167, 0.2446969696969697, 0.37286324786324787, 0.33531746031746035, 0.509222150398621, 0.31573655103066867]
 mean: 0.32414474686533506, std: 0.11165635210383136
--------------------------------------------------
Subject Number: 23
Accuracy Cross: [0.2608695652173913, 0.30434782608695654, 0.3188405797101449, 0.37681159420289856, 0.30434782608695654, 0.4264705882352941, 0.4411764705882353, 0.29411764705882354, 0.4264705882352941, 0.3382352941176471, 0.2753623188405797, 0.2608695652173913, 0.4492753623188406, 0.3188405797101449, 0.2753623188405797]
 mean: 0.33809320829781186, std: 0.06575605251218458
F1 Score: [0.22903339054454672, 0.30464165464165466, 0.3283851357976272, 0.3790084267520781, 0.29004152748939244, 0.41607477887965694, 0.45212161508704063, 0.3038345168501021, 0.411056376573618, 0.35919982243511656, 0.2733349983349983, 0.24830533451223105, 0.4267225500622085, 0.31897926634768736, 0.2725882103377566]
 mean: 0.33422184030971436, std: 0.0671608881533336
Accuracy Intime: [0.5, 0.5714285714285714, 0.39285714285714285, 0.3076923076923077, 0.5, 0.4642857142857143, 0.5357142857142857, 0.35714285714285715, 0.32142857142857145, 0.3076923076923077, 0.4642857142857143, 0.5357142857142857, 0.39285714285714285, 0.5, 0.34615384615384615]
 mean: 0.43315018315018317, std: 0.08796167710063023
F1 (Intime): [0.48289473684210527, 0.5284722222222222, 0.38872549019607844, 0.31303418803418803, 0.4736652236652236, 0.44999999999999996, 0.5157738095238095, 0.379144385026738, 0.3002297410192147, 0.26387959866220734, 0.47661913250148547, 0.5363636363636364, 0.4101492869875223, 0.5041666666666667, 0.33035714285714285]
 mean: 0.4235650173712161, std: 0.08689245978699897
--------------------------------------------------
Subject Number: 24
Accuracy Cross: [0.20588235294117646, 0.3088235294117647, 0.29411764705882354, 0.25, 0.29411764705882354, 0.23529411764705882, 0.3235294117647059, 0.3235294117647059, 0.3235294117647059, 0.22058823529411764, 0.19117647058823528, 0.22058823529411764, 0.20588235294117646, 0.29411764705882354, 0.29411764705882354]
 mean: 0.2656862745098039, std: 0.04695658829344334
F1 Score: [0.19448831542073095, 0.269909350344133, 0.2699789669099132, 0.23404354010761333, 0.2980143947885883, 0.23157894736842105, 0.32363264716205886, 0.3299411269974769, 0.3125, 0.19362745098039216, 0.19274679568797215, 0.22915319974143503, 0.20720147142048667, 0.2928767311120252, 0.2962628769080382]
 mean: 0.25839705432995236, std: 0.047706129399089935
Accuracy Intime: [0.25, 0.39285714285714285, 0.25, 0.34615384615384615, 0.2692307692307692, 0.32142857142857145, 0.39285714285714285, 0.4642857142857143, 0.5, 0.34615384615384615, 0.2857142857142857, 0.25, 0.42857142857142855, 0.4230769230769231, 0.2692307692307692]
 mean: 0.345970695970696, std: 0.08104762931184271
F1 (Intime): [0.22916666666666666, 0.36085164835164835, 0.2276315789473684, 0.3333333333333333, 0.2672619047619047, 0.30574229691876753, 0.338510101010101, 0.475801282051282, 0.4637555427029111, 0.266984126984127, 0.24643493761140817, 0.19040247678018574, 0.4047979797979798, 0.4134878193701723, 0.2606837606837607]
 mean: 0.3189896970647744, std: 0.08615797788978681
--------------------------------------------------
Subject Number: 25
Accuracy Cross: [0.3188405797101449, 0.3333333333333333, 0.3188405797101449, 0.34782608695652173, 0.2608695652173913, 0.27941176470588236, 0.3235294117647059, 0.35294117647058826, 0.29411764705882354, 0.25, 0.3088235294117647, 0.35294117647058826, 0.45588235294117646, 0.3382352941176471, 0.35294117647058826]
 mean: 0.3259022449559533, std: 0.047141766819632884
F1 Score: [0.29203463203463204, 0.3355084570601812, 0.28627399597155423, 0.3263453500522466, 0.22589285714285712, 0.24606569900687547, 0.300224385414948, 0.2898908523908524, 0.2943624778519831, 0.20201663527934716, 0.295995670995671, 0.3031898656898657, 0.4373526936026936, 0.30142857142857143, 0.2911575431736722]
 mean: 0.29518264580639675, std: 0.05096823913985313
Accuracy Intime: [0.5714285714285714, 0.4642857142857143, 0.2857142857142857, 0.6153846153846154, 0.23076923076923078, 0.39285714285714285, 0.35714285714285715, 0.42857142857142855, 0.38461538461538464, 0.38461538461538464, 0.39285714285714285, 0.35714285714285715, 0.32142857142857145, 0.2692307692307692, 0.3076923076923077]
 mean: 0.38424908424908416, std: 0.10157093709181876
F1 (Intime): [0.5195512820512821, 0.47417582417582416, 0.2876114081996435, 0.503030303030303, 0.2409090909090909, 0.4012694821518351, 0.3373397435897436, 0.3653846153846154, 0.28869047619047616, 0.2962962962962963, 0.37324561403508766, 0.3529464687359424, 0.2965277777777778, 0.21904761904761905, 0.2901893428209218]
 mean: 0.3497476896264306, std: 0.08838566531536322
--------------------------------------------------
Subject Number: 26
Accuracy Cross: [0.34782608695652173, 0.3188405797101449, 0.43478260869565216, 0.43478260869565216, 0.36231884057971014, 0.3235294117647059, 0.35294117647058826, 0.4411764705882353, 0.36764705882352944, 0.3382352941176471, 0.4117647058823529, 0.29411764705882354, 0.35294117647058826, 0.4117647058823529, 0.47058823529411764]
 mean: 0.3775504404660415, std: 0.050920366348201476
F1 Score: [0.34726012705222337, 0.31591558690509214, 0.4264550264550264, 0.4261752136752137, 0.3718458718458718, 0.3342203548085901, 0.35781512605042015, 0.4438575666673289, 0.367205710955711, 0.3450085932643434, 0.41682507583417594, 0.29217709004943043, 0.34676995798319327, 0.41644144144144146, 0.4820553221288515]
 mean: 0.3793352043411276, std: 0.05131541043281236
Accuracy Intime: [0.35714285714285715, 0.35714285714285715, 0.2857142857142857, 0.5384615384615384, 0.11538461538461539, 0.6071428571428571, 0.4642857142857143, 0.42857142857142855, 0.46153846153846156, 0.34615384615384615, 0.42857142857142855, 0.39285714285714285, 0.35714285714285715, 0.46153846153846156, 0.38461538461538464]
 mean: 0.39908424908424917, std: 0.10898651700577415
F1 (Intime): [0.29934640522875816, 0.36820887445887446, 0.3192982456140351, 0.5451574569221628, 0.11309523809523808, 0.6027097902097902, 0.43830128205128205, 0.42936507936507934, 0.4810170221934928, 0.34412593984962403, 0.38316993464052285, 0.36776556776556774, 0.3748251748251748, 0.4464285714285714, 0.31932773109243695]
 mean: 0.3888094875827074, std: 0.1104195464363269
--------------------------------------------------
Subject Number: 27
Accuracy Cross: [0.2608695652173913, 0.2898550724637681, 0.391304347826087, 0.43478260869565216, 0.37681159420289856, 0.34782608695652173, 0.2753623188405797, 0.3188405797101449, 0.36231884057971014, 0.3333333333333333, 0.3382352941176471, 0.36764705882352944, 0.3235294117647059, 0.35294117647058826, 0.23529411764705882]
 mean: 0.33393009377664107, std: 0.0507238138155135
F1 Score: [0.22307943772474664, 0.26490240610908133, 0.3656715063520871, 0.42738108376558875, 0.3690893665158371, 0.30232288037166083, 0.2209008097165992, 0.28140296581895047, 0.31755847953216376, 0.27834830979888747, 0.2994720220103852, 0.3543239455502796, 0.3211284839191816, 0.3508771929824561, 0.20549645390070923]
 mean: 0.3054636896045743, std: 0.060174788820284326
Accuracy Intime: [0.21428571428571427, 0.39285714285714285, 0.32142857142857145, 0.46153846153846156, 0.23076923076923078, 0.42857142857142855, 0.42857142857142855, 0.32142857142857145, 0.6153846153846154, 0.5, 0.2857142857142857, 0.5714285714285714, 0.32142857142857145, 0.4642857142857143, 0.4230769230769231]
 mean: 0.39871794871794874, std: 0.11272384184302509
F1 (Intime): [0.16233766233766234, 0.37628968253968254, 0.2473776223776224, 0.4428418803418803, 0.22916666666666669, 0.4527777777777778, 0.4156911928651059, 0.30476190476190473, 0.5815058479532164, 0.5046345811051693, 0.290018315018315, 0.5550595238095238, 0.30396825396825394, 0.4571428571428572, 0.4225274725274726]
 mean: 0.38307341607954076, std: 0.11893697456521057
--------------------------------------------------
Subject Number: 28
Accuracy Cross: [0.14705882352941177, 0.25, 0.14705882352941177, 0.23529411764705882, 0.22058823529411764, 0.20588235294117646, 0.2647058823529412, 0.27941176470588236, 0.25, 0.29411764705882354, 0.19117647058823528, 0.4117647058823529, 0.3088235294117647, 0.2647058823529412, 0.3088235294117647]
 mean: 0.2519607843137255, std: 0.06529735609939886
F1 Score: [0.14607835123177373, 0.24397191308956015, 0.12540115532734275, 0.22714595346174293, 0.21229406817394744, 0.1538083538083538, 0.25089672232529375, 0.23927644747572094, 0.21999000499750127, 0.24926865200463014, 0.18515052337354895, 0.3837513061650992, 0.3093449741315595, 0.2460989467849224, 0.21689895470383275]
 mean: 0.22729175513698868, std: 0.061950170310101485
Accuracy Intime: [0.42857142857142855, 0.5, 0.2857142857142857, 0.5769230769230769, 0.4230769230769231, 0.35714285714285715, 0.39285714285714285, 0.35714285714285715, 0.23076923076923078, 0.2692307692307692, 0.42857142857142855, 0.32142857142857145, 0.2857142857142857, 0.23076923076923078, 0.38461538461538464]
 mean: 0.3648351648351648, std: 0.0950628847601948
F1 (Intime): [0.41154401154401155, 0.4613095238095238, 0.2111111111111111, 0.4625, 0.3673796791443851, 0.33843623481781376, 0.3211722488038278, 0.33571428571428574, 0.1497326203208556, 0.20970575318401408, 0.41310160427807485, 0.31313131313131315, 0.2583333333333333, 0.20476190476190476, 0.31212121212121213]
 mean: 0.3180036557383779, std: 0.09320248538934577
--------------------------------------------------
Subject Number: 29
Accuracy Cross: [0.4411764705882353, 0.35294117647058826, 0.5, 0.36764705882352944, 0.47058823529411764, 0.39705882352941174, 0.4411764705882353, 0.3382352941176471, 0.4411764705882353, 0.36764705882352944, 0.4492753623188406, 0.4492753623188406, 0.37681159420289856, 0.4927536231884058, 0.5072463768115942]
 mean: 0.42620062517760726, std: 0.05379122941308603
F1 Score: [0.46521132376395535, 0.3551693404634581, 0.5250509995920032, 0.4040719002201027, 0.507259231972288, 0.41592952970661945, 0.4528138528138529, 0.3622896048882891, 0.4555884953450876, 0.38824979114452796, 0.45342615342615344, 0.4695077280443134, 0.3653592375366569, 0.4915099268547544, 0.5212509712509712]
 mean: 0.4421792058015355, std: 0.055611569447752564
Accuracy Intime: [0.42857142857142855, 0.4642857142857143, 0.6428571428571429, 0.6538461538461539, 0.38461538461538464, 0.42857142857142855, 0.42857142857142855, 0.4642857142857143, 0.4230769230769231, 0.38461538461538464, 0.5714285714285714, 0.4642857142857143, 0.5, 0.4230769230769231, 0.5]
 mean: 0.47747252747252755, std: 0.0813063053645532
F1 (Intime): [0.4425231631113984, 0.4728506787330317, 0.6370192307692307, 0.6858974358974359, 0.3764705882352941, 0.43301282051282053, 0.41528406234288584, 0.4699817726133515, 0.4301948051948052, 0.37222222222222223, 0.5726190476190476, 0.44635627530364375, 0.5071428571428571, 0.4722222222222222, 0.4738038277511961]
 mean: 0.4805067339780961, std: 0.0857739801372883
--------------------------------------------------
**************************************************
accuracy_cross_list: [0.3144359192952544, 0.26786018755328217, 0.2339300937766411, 0.3922705314009661, 0.42843137254901964, 0.31757601591361184, 0.3696078431372548, 0.26666666666666666, 0.3362745098039215, 0.2586246092639955, 0.3091787439613526, 0.3218670076726342, 0.27215117931230465, 0.30196078431372547, 0.39215686274509814, 0.30980392156862746, 0.33393009377664107, 0.31081273088945716, 0.3009803921568627, 0.351236146632566, 0.32745098039215687, 0.29947428246660984, 0.33809320829781186, 0.2656862745098039, 0.3259022449559533, 0.3775504404660415, 0.33393009377664107, 0.2519607843137255, 0.42620062517760726]
f1_score_list: [0.3098730214509585, 0.2539018793395711, 0.22019693320416328, 0.3878457792859151, 0.4187731223510607, 0.30138874084684075, 0.35265128613034363, 0.2589215571263423, 0.3470421000691613, 0.24489050666614046, 0.29330374825801375, 0.31629047772747604, 0.26159452927410665, 0.2812796202839738, 0.4023635439296106, 0.2869444253628208, 0.3054636896045743, 0.30957289968703644, 0.28284016425405717, 0.3483360650907061, 0.3059595529217921, 0.2956702104995275, 0.33422184030971436, 0.25839705432995236, 0.29518264580639675, 0.3793352043411276, 0.3054636896045743, 0.22729175513698868, 0.4421792058015355]
accuracy_intime_list: [0.3701465201465201, 0.34871794871794864, 0.3536630036630037, 0.45549450549450543, 0.4833333333333334, 0.3754578754578754, 0.39249084249084254, 0.2948717948717948, 0.4175824175824176, 0.3056776556776557, 0.4065934065934066, 0.3668498168498168, 0.3386446886446886, 0.3902930402930403, 0.46630036630036636, 0.4124542124542125, 0.39871794871794874, 0.36043956043956044, 0.43205128205128207, 0.46373626373626375, 0.3893772893772894, 0.3368131868131868, 0.43315018315018317, 0.345970695970696, 0.38424908424908416, 0.39908424908424917, 0.39871794871794874, 0.3648351648351648, 0.47747252747252755]
f1_score_intime_list: [0.35569671241497863, 0.3197518175265853, 0.3422798752986194, 0.4489548078141429, 0.45830613077439714, 0.3643910914021293, 0.3642342766452673, 0.27632701318762704, 0.3952601744897141, 0.2865548085671925, 0.38307160160101333, 0.34771089777668723, 0.3269407563254313, 0.36444120354202464, 0.4674768616602982, 0.3965947073222615, 0.38307341607954076, 0.3499178232614765, 0.4134329576512238, 0.44580555630013835, 0.3606223519342714, 0.32414474686533506, 0.4235650173712161, 0.3189896970647744, 0.3497476896264306, 0.3888094875827074, 0.38307341607954076, 0.3180036557383779, 0.4805067339780961]
**************************************************
ACC: 32.19±4.89
F1: 31.13±5.47
Intime: 39.18±4.79
F1 (Intime): 37.37±5.19
