1e-06
Subject Number: 1
Accuracy Cross: [0.2761904761904762, 0.29523809523809524, 0.3, 0.2714285714285714, 0.2761904761904762, 0.3, 0.2857142857142857, 0.319047619047619, 0.2904761904761905, 0.22380952380952382, 0.3, 0.29523809523809524, 0.2714285714285714, 0.3, 0.2761904761904762]
 mean: 0.2853968253968253, std: 0.021043572595779738
F1 Score: [0.2373570547099959, 0.2728395561976673, 0.27629361837907107, 0.25684360970027525, 0.26770772049676717, 0.3036561025648698, 0.2694289135936733, 0.3119154619908892, 0.303863822953007, 0.23636140446050616, 0.3022696893749526, 0.27540873665213367, 0.2518566778146407, 0.2899953373000497, 0.2791292790606291]
 mean: 0.27566179901660853, std: 0.022893876679222568
Accuracy Intime: [0.39285714285714285, 0.35714285714285715, 0.2976190476190476, 0.3333333333333333, 0.32142857142857145, 0.2976190476190476, 0.30952380952380953, 0.30952380952380953, 0.30952380952380953, 0.21428571428571427, 0.25, 0.35714285714285715, 0.25, 0.32142857142857145, 0.34523809523809523]
 mean: 0.31111111111111106, std: 0.04472699302731864
F1 (Intime): [0.3926158898572692, 0.36484127167185637, 0.2981919850885368, 0.33350650080820865, 0.31798198849432247, 0.2836363040199357, 0.29080854105244347, 0.27186406796601703, 0.2952977781372766, 0.21963161021984554, 0.2271255828058072, 0.34345864661654135, 0.2452198581560284, 0.3327964747319586, 0.3177791841312192]
 mean: 0.3023170455838178, std: 0.04716485225199389
--------------------------------------------------
Subject Number: 2
Accuracy Cross: [0.2571428571428571, 0.2714285714285714, 0.23809523809523808, 0.22857142857142856, 0.22380952380952382, 0.22380952380952382, 0.23333333333333334, 0.24285714285714285, 0.28095238095238095, 0.24761904761904763, 0.2523809523809524, 0.23333333333333334, 0.21428571428571427, 0.20952380952380953, 0.23333333333333334]
 mean: 0.23936507936507936, std: 0.019242390426275218
F1 Score: [0.21985420841932984, 0.23733781195860368, 0.22032408177792567, 0.2003815665232988, 0.18754316552015365, 0.19282797032577542, 0.22259732288452128, 0.21898490643066762, 0.26103938406764654, 0.2297646409992696, 0.2492204126780993, 0.22959545356604177, 0.19035823279427283, 0.19334724518990998, 0.229937061573645]
 mean: 0.21887423098061073, std: 0.021415529883967912
Accuracy Intime: [0.35714285714285715, 0.23809523809523808, 0.27380952380952384, 0.34523809523809523, 0.2619047619047619, 0.27380952380952384, 0.2619047619047619, 0.2261904761904762, 0.32142857142857145, 0.25, 0.25, 0.34523809523809523, 0.2976190476190476, 0.2857142857142857, 0.2619047619047619]
 mean: 0.2833333333333333, std: 0.039888355152790676
F1 (Intime): [0.3283985833567877, 0.1823839253257605, 0.28097451568039805, 0.35378411910669977, 0.24910489510489514, 0.2529360529360529, 0.23932414628066803, 0.16689602437886192, 0.2941547122034927, 0.22985334448749084, 0.2412399758606655, 0.3414650379766659, 0.26791962958243065, 0.26000611000611, 0.2285506790224669]
 mean: 0.2611327834206298, std: 0.05118518335635503
--------------------------------------------------
Subject Number: 3
Accuracy Cross: [0.2523809523809524, 0.23809523809523808, 0.319047619047619, 0.22857142857142856, 0.2857142857142857, 0.29523809523809524, 0.26666666666666666, 0.2714285714285714, 0.2714285714285714, 0.2761904761904762, 0.3, 0.30952380952380953, 0.2714285714285714, 0.2857142857142857, 0.2857142857142857]
 mean: 0.2771428571428571, std: 0.023917216764237925
F1 Score: [0.1937369568217468, 0.19440282617693633, 0.3051068369234518, 0.17613938917810049, 0.21836430654377578, 0.27126984126984127, 0.2578811776027159, 0.2528693229143005, 0.2456950548499844, 0.26119960554815885, 0.3073256665814805, 0.3100598068255104, 0.27674705641063735, 0.2842978414709403, 0.29509026274937533]
 mean: 0.25667906345779706, std: 0.04208357151905418
Accuracy Intime: [0.34523809523809523, 0.34523809523809523, 0.21428571428571427, 0.2976190476190476, 0.2619047619047619, 0.23809523809523808, 0.23809523809523808, 0.21428571428571427, 0.16666666666666666, 0.27380952380952384, 0.25, 0.23809523809523808, 0.23809523809523808, 0.2857142857142857, 0.3333333333333333]
 mean: 0.2626984126984127, std: 0.04965235657021287
F1 (Intime): [0.3459200206931604, 0.3364259259259259, 0.20997498354180383, 0.29913192583860243, 0.2508933387192952, 0.22184115375286853, 0.21196043344551635, 0.1840966051492367, 0.1642757242757243, 0.26280056700814064, 0.22466156812759422, 0.21268816924272213, 0.2370486782720825, 0.2739316054435835, 0.29549256773647675]
 mean: 0.2487428844781822, std: 0.051382919200382515
--------------------------------------------------
Subject Number: 4
Accuracy Cross: [0.20952380952380953, 0.18095238095238095, 0.22857142857142856, 0.18571428571428572, 0.1761904761904762, 0.2571428571428571, 0.28095238095238095, 0.22380952380952382, 0.2523809523809524, 0.2714285714285714, 0.22380952380952382, 0.2571428571428571, 0.19523809523809524, 0.2523809523809524, 0.19523809523809524]
 mean: 0.22603174603174606, std: 0.03339525616447272
F1 Score: [0.20232559060360317, 0.1678356556395235, 0.21827817561150895, 0.17230206699514672, 0.1464238135972406, 0.2494759397885679, 0.26986901871169466, 0.2149438161202867, 0.2523962141821123, 0.26838851699485944, 0.21500753126009436, 0.2433439436975524, 0.14833470086293987, 0.23493605550200983, 0.18643015752477754]
 mean: 0.2126860798061279, std: 0.03979170163725434
Accuracy Intime: [0.2976190476190476, 0.2976190476190476, 0.25, 0.2619047619047619, 0.25, 0.19047619047619047, 0.2619047619047619, 0.25, 0.20238095238095238, 0.23809523809523808, 0.23809523809523808, 0.2976190476190476, 0.15476190476190477, 0.2619047619047619, 0.23809523809523808]
 mean: 0.24603174603174602, std: 0.0385554215920353
F1 (Intime): [0.29122930723539586, 0.2867596750355371, 0.2424692954104719, 0.23695970695970697, 0.22570516761821108, 0.17291634172279333, 0.25886412336540215, 0.23917779672255376, 0.1807168361520597, 0.21473684210526311, 0.23603174603174598, 0.2743014539242007, 0.13015744425197592, 0.23894507863278194, 0.22831271727706365]
 mean: 0.23048556882967752, std: 0.04169542298300301
--------------------------------------------------
Subject Number: 5
Accuracy Cross: [0.22380952380952382, 0.20952380952380953, 0.2761904761904762, 0.22857142857142856, 0.20952380952380953, 0.2857142857142857, 0.26666666666666666, 0.24761904761904763, 0.28095238095238095, 0.24285714285714285, 0.29523809523809524, 0.23333333333333334, 0.24761904761904763, 0.24285714285714285, 0.23809523809523808]
 mean: 0.24857142857142858, std: 0.026035617211190694
F1 Score: [0.22438000621041915, 0.1850832964764853, 0.2590924470094546, 0.22859120296939478, 0.18580107807337853, 0.26824899599711294, 0.2298861349361788, 0.20474790361010395, 0.2553611530082118, 0.212098848536528, 0.29102498282135425, 0.2143000835033654, 0.22853188858541224, 0.2312925080336071, 0.2329471382001665]
 mean: 0.2300925111980782, std: 0.028164066808783854
Accuracy Intime: [0.3333333333333333, 0.19047619047619047, 0.32142857142857145, 0.34523809523809523, 0.23809523809523808, 0.2976190476190476, 0.30952380952380953, 0.23809523809523808, 0.30952380952380953, 0.2976190476190476, 0.32142857142857145, 0.2976190476190476, 0.23809523809523808, 0.30952380952380953, 0.25]
 mean: 0.2865079365079365, std: 0.04291589153839929
F1 (Intime): [0.3400690809386462, 0.16918577800678952, 0.31030303030303025, 0.33758420441347275, 0.19752886002886003, 0.29212187342622126, 0.31732523616734143, 0.22221670195017884, 0.3011965811965812, 0.26902740722774676, 0.30532781228433403, 0.3119720933577876, 0.23636991028295373, 0.2907148453780112, 0.24792314603635357]
 mean: 0.2765911040665539, std: 0.04960458739518349
--------------------------------------------------
Subject Number: 6
Accuracy Cross: [0.2714285714285714, 0.1761904761904762, 0.1619047619047619, 0.19523809523809524, 0.23333333333333334, 0.20476190476190476, 0.2523809523809524, 0.20476190476190476, 0.22380952380952382, 0.2571428571428571, 0.24285714285714285, 0.21428571428571427, 0.18571428571428572, 0.19523809523809524, 0.2571428571428571]
 mean: 0.21841269841269847, std: 0.03196117574261134
F1 Score: [0.2686527430253255, 0.1652833199049014, 0.1527611472214883, 0.19218805304167966, 0.22442651661507, 0.20234769905830804, 0.24931995460826792, 0.1837934518999172, 0.2203236122893996, 0.2569970340894, 0.24572480173287214, 0.213153687809098, 0.1733643072613661, 0.1920035422350978, 0.24858289499160388]
 mean: 0.212594851052253, std: 0.034821443987187
Accuracy Intime: [0.21428571428571427, 0.27380952380952384, 0.27380952380952384, 0.25, 0.2261904761904762, 0.20238095238095238, 0.27380952380952384, 0.19047619047619047, 0.2261904761904762, 0.2261904761904762, 0.23809523809523808, 0.2976190476190476, 0.2261904761904762, 0.2619047619047619, 0.2619047619047619]
 mean: 0.24285714285714285, std: 0.029418655544207372
F1 (Intime): [0.2148506806401543, 0.2584603309923003, 0.27749723145071986, 0.23380951903190067, 0.21875210207867407, 0.1903084903084903, 0.2655388138452655, 0.16021978021978023, 0.2217437533227007, 0.20852497096399536, 0.231978021978022, 0.2922222222222222, 0.22081723027375197, 0.257378552631069, 0.26402162014230984]
 mean: 0.2344082213400904, std: 0.03391062966114219
--------------------------------------------------
Subject Number: 7
Accuracy Cross: [0.20952380952380953, 0.20476190476190476, 0.24285714285714285, 0.20952380952380953, 0.19523809523809524, 0.22857142857142856, 0.22857142857142856, 0.23333333333333334, 0.1761904761904762, 0.1380952380952381, 0.20476190476190476, 0.23809523809523808, 0.20476190476190476, 0.21428571428571427, 0.22857142857142856]
 mean: 0.21047619047619054, std: 0.025919230319936756
F1 Score: [0.1981929089068224, 0.1984614505362438, 0.23714810241126028, 0.20505788679766623, 0.18062253443696746, 0.20967026511555278, 0.21774549241370714, 0.2119458691706778, 0.17050064778960783, 0.12841949229288235, 0.1850716547490741, 0.23096205437754733, 0.1980028808118696, 0.20090798959546458, 0.2080924293098206]
 mean: 0.19872011058101094, std: 0.025244163273459047
Accuracy Intime: [0.25, 0.20238095238095238, 0.21428571428571427, 0.2976190476190476, 0.32142857142857145, 0.19047619047619047, 0.23809523809523808, 0.21428571428571427, 0.30952380952380953, 0.19047619047619047, 0.2261904761904762, 0.20238095238095238, 0.17857142857142858, 0.2261904761904762, 0.2261904761904762]
 mean: 0.23253968253968257, std: 0.04278359356172557
F1 (Intime): [0.23856073017363338, 0.17677811550151976, 0.20954759685794172, 0.27600859640268505, 0.28960613359081394, 0.18606796253855076, 0.23309716317968382, 0.19775672603258812, 0.3066005321759798, 0.16555924695459578, 0.21832654082654085, 0.2037426900584795, 0.16676003614023965, 0.20324324324324325, 0.19661406423034328]
 mean: 0.21788462519378923, std: 0.04198980381475313
--------------------------------------------------
Subject Number: 8
Accuracy Cross: [0.32857142857142857, 0.2714285714285714, 0.2619047619047619, 0.3238095238095238, 0.3047619047619048, 0.23809523809523808, 0.2761904761904762, 0.3, 0.2523809523809524, 0.2619047619047619, 0.22857142857142856, 0.22380952380952382, 0.19047619047619047, 0.20952380952380953, 0.2]
 mean: 0.2580952380952381, std: 0.042063192571560354
F1 Score: [0.3350879013849874, 0.2732114357834551, 0.2701930358519872, 0.3281919310080892, 0.313423622048302, 0.25039403321137066, 0.2822269981082907, 0.3083679231090233, 0.2606410223341703, 0.2748999884514721, 0.2296446865669571, 0.23412692841264268, 0.16394322547146467, 0.19532030610321835, 0.18188487902174846]
 mean: 0.26010386112447864, std: 0.050114591575821106
Accuracy Intime: [0.32142857142857145, 0.21428571428571427, 0.35714285714285715, 0.30952380952380953, 0.2857142857142857, 0.2261904761904762, 0.27380952380952384, 0.2619047619047619, 0.2976190476190476, 0.32142857142857145, 0.2976190476190476, 0.39285714285714285, 0.2619047619047619, 0.2976190476190476, 0.2619047619047619]
 mean: 0.292063492063492, std: 0.04472699302731864
F1 (Intime): [0.3211140370126545, 0.19831292517006802, 0.3653097798259089, 0.30700719858614595, 0.3042626575777133, 0.21314451818696298, 0.29165716222924465, 0.2676238990894163, 0.2834843767778939, 0.3179088179088179, 0.2864322508398656, 0.37185234014502305, 0.23787964806856957, 0.26498062015503876, 0.25604575163398696]
 mean: 0.285801065547154, std: 0.047408755068656494
--------------------------------------------------
Subject Number: 9
Accuracy Cross: [0.24285714285714285, 0.22857142857142856, 0.2904761904761905, 0.2619047619047619, 0.2761904761904762, 0.19047619047619047, 0.2, 0.22857142857142856, 0.23809523809523808, 0.20476190476190476, 0.19047619047619047, 0.22380952380952382, 0.24761904761904763, 0.23809523809523808, 0.2523809523809524]
 mean: 0.2342857142857143, std: 0.028687594533542502
F1 Score: [0.24378706530376446, 0.22242487716171927, 0.28185789475559736, 0.2527937625754527, 0.28035323492692954, 0.18620394069662174, 0.2060806095550985, 0.22357994663004174, 0.2377329634836293, 0.19905350424731458, 0.1810113495397698, 0.22445672213238815, 0.23766747908292918, 0.2311330417721941, 0.24182058680880458]
 mean: 0.22999713191148363, std: 0.028485154279000446
Accuracy Intime: [0.2857142857142857, 0.16666666666666666, 0.30952380952380953, 0.27380952380952384, 0.2261904761904762, 0.2619047619047619, 0.25, 0.25, 0.2619047619047619, 0.2619047619047619, 0.2857142857142857, 0.30952380952380953, 0.20238095238095238, 0.30952380952380953, 0.25]
 mean: 0.2603174603174603, std: 0.03860440160957242
F1 (Intime): [0.28297640653357536, 0.1528253037285295, 0.2863645533210751, 0.26628476381797067, 0.2371827832608817, 0.2599159663865546, 0.23817430504890935, 0.2478244581505451, 0.267076859559328, 0.2532195732985582, 0.286023386023386, 0.30541775875936106, 0.19408813408813405, 0.28550640181074965, 0.20971907868459594]
 mean: 0.25150664883147694, std: 0.03930332295012266
--------------------------------------------------
Subject Number: 10
Accuracy Cross: [0.24761904761904763, 0.24285714285714285, 0.2761904761904762, 0.21428571428571427, 0.21428571428571427, 0.21428571428571427, 0.23809523809523808, 0.21904761904761905, 0.20476190476190476, 0.22857142857142856, 0.19047619047619047, 0.24285714285714285, 0.24761904761904763, 0.18095238095238095, 0.19523809523809524]
 mean: 0.22380952380952382, std: 0.02483505678172438
F1 Score: [0.23200417972831766, 0.23553254035003404, 0.2747850002644523, 0.20946052222168712, 0.20859672692703546, 0.20734099668325684, 0.2354956858881668, 0.20616122472085507, 0.1975821580912882, 0.2223877457646454, 0.19100943122140687, 0.23204210114051568, 0.24285714285714288, 0.17491861272825537, 0.19092591544342485]
 mean: 0.21740666560203228, std: 0.0245121443581502
Accuracy Intime: [0.39285714285714285, 0.20238095238095238, 0.20238095238095238, 0.25, 0.27380952380952384, 0.23809523809523808, 0.23809523809523808, 0.2857142857142857, 0.2261904761904762, 0.2857142857142857, 0.40476190476190477, 0.2976190476190476, 0.2976190476190476, 0.25, 0.25]
 mean: 0.273015873015873, std: 0.05741776904027277
F1 (Intime): [0.39115096908200353, 0.19264888230405472, 0.19093555093555095, 0.24729729729729727, 0.2717907033696507, 0.21563381563381565, 0.22862867808519982, 0.2534121932926176, 0.2153218411883367, 0.28247142347984366, 0.39118881118881116, 0.2897168207876012, 0.29579546589433736, 0.2504689304689305, 0.255993135993136]
 mean: 0.26483030126674584, std: 0.05855816219779786
--------------------------------------------------
Subject Number: 11
Accuracy Cross: [0.22380952380952382, 0.17142857142857143, 0.19047619047619047, 0.1761904761904762, 0.21428571428571427, 0.2571428571428571, 0.19523809523809524, 0.24285714285714285, 0.24761904761904763, 0.2714285714285714, 0.22857142857142856, 0.2, 0.22857142857142856, 0.19523809523809524, 0.22380952380952382]
 mean: 0.21777777777777782, std: 0.028543195927605104
F1 Score: [0.21027535484757878, 0.1660876788007825, 0.17845103334801377, 0.15729241102340397, 0.19414088215931535, 0.2485616783586591, 0.17857863145667974, 0.21940979506978936, 0.21309087737659166, 0.26286613991165964, 0.22558470751453208, 0.17167962077418816, 0.19022562579212826, 0.18203230133489107, 0.21876331517201125]
 mean: 0.2011360035293483, std: 0.029555969940148568
Accuracy Intime: [0.2619047619047619, 0.2619047619047619, 0.27380952380952384, 0.32142857142857145, 0.2619047619047619, 0.2976190476190476, 0.2261904761904762, 0.2976190476190476, 0.23809523809523808, 0.19047619047619047, 0.17857142857142858, 0.2857142857142857, 0.20238095238095238, 0.2261904761904762, 0.27380952380952384]
 mean: 0.2531746031746032, std: 0.04042168754998998
F1 (Intime): [0.2647484378366732, 0.2224747474747475, 0.26545211664396723, 0.30939389220271174, 0.23312805474095794, 0.3016996278416805, 0.2052798663324979, 0.23574774774774773, 0.19274891774891775, 0.19445393900162483, 0.17421770583060905, 0.2639130065336962, 0.17258636788048554, 0.2286495362357431, 0.266140417753321]
 mean: 0.23537562545369203, std: 0.041394693238847646
--------------------------------------------------
Subject Number: 12
Accuracy Cross: [0.3, 0.22380952380952382, 0.24761904761904763, 0.2904761904761905, 0.24761904761904763, 0.23333333333333334, 0.2523809523809524, 0.22857142857142856, 0.29523809523809524, 0.20476190476190476, 0.21428571428571427, 0.22380952380952382, 0.20476190476190476, 0.23809523809523808, 0.2619047619047619]
 mean: 0.24444444444444446, std: 0.029999580076006224
F1 Score: [0.29796824578899217, 0.22690488698809208, 0.24765583310949948, 0.2914440790385755, 0.24292390174743117, 0.23435561352298978, 0.24926610861269638, 0.2216316549187436, 0.28760728590479895, 0.20354196550653128, 0.22201251479790293, 0.2321744532270848, 0.20678889112639318, 0.2434843386373434, 0.2656040160343983]
 mean: 0.2448909192640982, std: 0.028393506436761546
Accuracy Intime: [0.2619047619047619, 0.21428571428571427, 0.27380952380952384, 0.32142857142857145, 0.2976190476190476, 0.2261904761904762, 0.25, 0.14285714285714285, 0.23809523809523808, 0.2619047619047619, 0.30952380952380953, 0.2619047619047619, 0.27380952380952384, 0.3333333333333333, 0.32142857142857145]
 mean: 0.26587301587301587, std: 0.047751139544416905
F1 (Intime): [0.2722128851540616, 0.21638501608141078, 0.2716493053207049, 0.3008144796380091, 0.2887438679113055, 0.22905078992035516, 0.2538303960953101, 0.14494272741782666, 0.2329567611945404, 0.2579890571871325, 0.3068179915644419, 0.2392402729116725, 0.2535559678416821, 0.33858980269223676, 0.31991536991536995]
 mean: 0.261779646056404, std: 0.04621093040215327
--------------------------------------------------
Subject Number: 13
Accuracy Cross: [0.21904761904761905, 0.2761904761904762, 0.24285714285714285, 0.2761904761904762, 0.23809523809523808, 0.22857142857142856, 0.19047619047619047, 0.23809523809523808, 0.23333333333333334, 0.22857142857142856, 0.2571428571428571, 0.23333333333333334, 0.23809523809523808, 0.21904761904761905, 0.2523809523809524]
 mean: 0.2380952380952381, std: 0.021153436506612933
F1 Score: [0.20592940340683596, 0.25904505192063054, 0.2373024111275825, 0.25948351102999584, 0.21662813411644216, 0.21975437844594, 0.18651630202860503, 0.22955662510107816, 0.2285587949271838, 0.22854502854502856, 0.25381119135271957, 0.20673826063538372, 0.23081236301584096, 0.2214932378151694, 0.25027880680200043]
 mean: 0.2289635666846958, std: 0.020167361120807487
Accuracy Intime: [0.25, 0.3333333333333333, 0.27380952380952384, 0.2857142857142857, 0.2857142857142857, 0.2619047619047619, 0.4166666666666667, 0.2857142857142857, 0.27380952380952384, 0.17857142857142858, 0.2976190476190476, 0.32142857142857145, 0.2619047619047619, 0.25, 0.21428571428571427]
 mean: 0.2793650793650793, std: 0.052139897478275694
F1 (Intime): [0.262468337241477, 0.3234570698987427, 0.27144766997708175, 0.23665301245946405, 0.2766146921345721, 0.24525865630350982, 0.40893974175035874, 0.26665750915750913, 0.26141164711761766, 0.15712121212121213, 0.29845318942517585, 0.3145424241476873, 0.257253347427766, 0.22839135654261708, 0.20717124687712923]
 mean: 0.2677227408387947, std: 0.05499831873342441
--------------------------------------------------
Subject Number: 14
Accuracy Cross: [0.22380952380952382, 0.23333333333333334, 0.21904761904761905, 0.2523809523809524, 0.24761904761904763, 0.2571428571428571, 0.26666666666666666, 0.24285714285714285, 0.2714285714285714, 0.20476190476190476, 0.22380952380952382, 0.23809523809523808, 0.21904761904761905, 0.22380952380952382, 0.24761904761904763]
 mean: 0.23809523809523814, std: 0.01856532256154088
F1 Score: [0.20858712903024051, 0.20995527757928129, 0.19377036353224913, 0.24434607434995836, 0.22429951787410526, 0.22108603614305683, 0.23214774264463817, 0.19678217938737155, 0.2506797808194053, 0.18904195915905783, 0.20941826504183653, 0.21292095247022336, 0.1707595731324545, 0.177982683982684, 0.21698273793008177]
 mean: 0.21058401820510964, std: 0.0218314426770808
Accuracy Intime: [0.21428571428571427, 0.2976190476190476, 0.27380952380952384, 0.2857142857142857, 0.2976190476190476, 0.2976190476190476, 0.23809523809523808, 0.21428571428571427, 0.27380952380952384, 0.25, 0.2976190476190476, 0.32142857142857145, 0.23809523809523808, 0.20238095238095238, 0.2619047619047619]
 mean: 0.2642857142857143, std: 0.03536869834151936
F1 (Intime): [0.17662775754979654, 0.2883783681929527, 0.24395841592656317, 0.26175311037291815, 0.2597177701306558, 0.2923195053012497, 0.2167246376811594, 0.15908816425120773, 0.2618664094526163, 0.24039215686274512, 0.29380259380259377, 0.30483026378493533, 0.2105845007916634, 0.17259001161440185, 0.21510987185571903]
 mean: 0.23984956917141184, std: 0.04521393314451029
--------------------------------------------------
**************************************************
accuracy_cross_list: [0.2853968253968253, 0.23936507936507936, 0.2771428571428571, 0.22603174603174606, 0.24857142857142858, 0.21841269841269847, 0.21047619047619054, 0.2580952380952381, 0.2342857142857143, 0.22380952380952382, 0.21777777777777782, 0.24444444444444446, 0.2380952380952381, 0.23809523809523814]
f1_score_list: [0.27566179901660853, 0.21887423098061073, 0.25667906345779706, 0.2126860798061279, 0.2300925111980782, 0.212594851052253, 0.19872011058101094, 0.26010386112447864, 0.22999713191148363, 0.21740666560203228, 0.2011360035293483, 0.2448909192640982, 0.2289635666846958, 0.21058401820510964]
accuracy_intime_list: [0.31111111111111106, 0.2833333333333333, 0.2626984126984127, 0.24603174603174602, 0.2865079365079365, 0.24285714285714285, 0.23253968253968257, 0.292063492063492, 0.2603174603174603, 0.273015873015873, 0.2531746031746032, 0.26587301587301587, 0.2793650793650793, 0.2642857142857143]
f1_score_intime_list: [0.3023170455838178, 0.2611327834206298, 0.2487428844781822, 0.23048556882967752, 0.2765911040665539, 0.2344082213400904, 0.21788462519378923, 0.285801065547154, 0.25150664883147694, 0.26483030126674584, 0.23537562545369203, 0.261779646056404, 0.2677227408387947, 0.23984956917141184]
**************************************************
ACC: 24.00±2.10
F1: 22.85±2.23
Intime: 26.81±2.05
F1 (Intime): 25.56±2.25
