1e-06
Subject Number: 1
Accuracy Cross: [0.7023809523809523, 0.7142857142857143, 0.7023809523809523, 0.6666666666666666, 0.6190476190476191, 0.7261904761904762, 0.6547619047619048, 0.6904761904761905, 0.7261904761904762, 0.6428571428571429, 0.6666666666666666, 0.7142857142857143, 0.7023809523809523, 0.6904761904761905, 0.6428571428571429]
 mean: 0.684126984126984, std: 0.03219914726206474
F1 Score: [0.702338766832034, 0.7101782633697526, 0.6989247311827957, 0.6659090909090909, 0.6155606407322655, 0.7214131218457102, 0.6487382840663303, 0.690300623936472, 0.7261516654854713, 0.6420454545454546, 0.6421180766889836, 0.7005347593582887, 0.6989247311827957, 0.6676810712111991, 0.6050156739811913]
 mean: 0.675722330355189, std: 0.03669935205445956
Accuracy Intime: [0.7352941176470589, 0.8529411764705882, 0.7941176470588235, 0.8235294117647058, 0.65625, 0.5882352941176471, 0.7058823529411765, 0.6176470588235294, 0.6176470588235294, 0.78125, 0.5588235294117647, 0.7941176470588235, 0.6764705882352942, 0.7352941176470589, 0.8125]
 mean: 0.7166666666666667, std: 0.09034664143725926
F1 (Intime): [0.7350649350649351, 0.85178727114211, 0.7895667550839964, 0.8131868131868132, 0.6532019704433498, 0.5824561403508772, 0.6964285714285714, 0.6146469049694856, 0.5729468599033817, 0.7810361681329423, 0.5584415584415584, 0.7895667550839964, 0.6693191865605659, 0.7332170880557978, 0.8117647058823529]
 mean: 0.7101754455820489, std: 0.09386522337215251
--------------------------------------------------
Subject Number: 2
Accuracy Cross: [0.5595238095238095, 0.6071428571428571, 0.6904761904761905, 0.5952380952380952, 0.6904761904761905, 0.5952380952380952, 0.5952380952380952, 0.6071428571428571, 0.6666666666666666, 0.6904761904761905, 0.7142857142857143, 0.7619047619047619, 0.7380952380952381, 0.7619047619047619, 0.7142857142857143]
 mean: 0.665873015873016, std: 0.06498250631891657
F1 Score: [0.4791352438411262, 0.5539823008849558, 0.6788235294117647, 0.5265251989389921, 0.6816326530612244, 0.5360623781676412, 0.5360623781676412, 0.5452009844134537, 0.625, 0.671875, 0.7083333333333333, 0.7569444444444444, 0.7282352941176471, 0.7597254004576659, 0.7128205128205127]
 mean: 0.6333572434706934, std: 0.0917727397941303
Accuracy Intime: [0.5588235294117647, 0.6764705882352942, 0.7941176470588235, 0.7058823529411765, 0.53125, 0.5588235294117647, 0.47058823529411764, 0.5588235294117647, 0.7647058823529411, 0.65625, 0.6176470588235294, 0.7058823529411765, 0.6764705882352942, 0.7352941176470589, 0.8125]
 mean: 0.6549019607843137, std: 0.09906585626417844
F1 (Intime): [0.5255813953488373, 0.6621499548328816, 0.7850045167118338, 0.678030303030303, 0.5076923076923077, 0.5072463768115942, 0.43956043956043955, 0.5072463768115942, 0.7571428571428571, 0.6559139784946236, 0.6173160173160173, 0.6886446886446886, 0.6621499548328816, 0.7350649350649351, 0.8117647058823529]
 mean: 0.6360339205452099, std: 0.11094591638668103
--------------------------------------------------
Subject Number: 3
Accuracy Cross: [0.5952380952380952, 0.6190476190476191, 0.5833333333333334, 0.5476190476190477, 0.6071428571428571, 0.7142857142857143, 0.5952380952380952, 0.5952380952380952, 0.6309523809523809, 0.6666666666666666, 0.5833333333333334, 0.5952380952380952, 0.6190476190476191, 0.6547619047619048, 0.6190476190476191]
 mean: 0.6150793650793651, std: 0.038799703370096236
F1 Score: [0.5523510971786834, 0.5851851851851853, 0.5269509251810136, 0.5074074074074074, 0.5859596713965647, 0.7136363636363636, 0.5931623931623932, 0.5868055555555556, 0.6266666666666667, 0.6597222222222223, 0.5804195804195804, 0.5931623931623932, 0.6190476190476191, 0.653534347887925, 0.6155606407322655]
 mean: 0.5999714712561226, std: 0.05027226709002567
Accuracy Intime: [0.7352941176470589, 0.7352941176470589, 0.6764705882352942, 0.7352941176470589, 0.5625, 0.7058823529411765, 0.7941176470588235, 0.5588235294117647, 0.6176470588235294, 0.6875, 0.6176470588235294, 0.5588235294117647, 0.6764705882352942, 0.6176470588235294, 0.5625]
 mean: 0.656127450980392, std: 0.07440491843779877
F1 (Intime): [0.7294429708222812, 0.7350649350649351, 0.6693191865605659, 0.7235772357723578, 0.5555555555555556, 0.7017543859649122, 0.793939393939394, 0.5490716180371353, 0.6007226738934056, 0.6761133603238867, 0.6146469049694856, 0.5490716180371353, 0.6739319965126417, 0.6007226738934056, 0.5607843137254902]
 mean: 0.648914588204839, std: 0.07630060316100304
--------------------------------------------------
Subject Number: 4
Accuracy Cross: [0.5595238095238095, 0.5476190476190477, 0.5476190476190477, 0.5476190476190477, 0.4880952380952381, 0.5714285714285714, 0.6071428571428571, 0.5952380952380952, 0.6904761904761905, 0.6071428571428571, 0.5952380952380952, 0.5833333333333334, 0.5714285714285714, 0.5357142857142857, 0.5714285714285714]
 mean: 0.5746031746031746, std: 0.04313548648159108
F1 Score: [0.5407122801832422, 0.5434782608695652, 0.5476190476190477, 0.5476190476190477, 0.4880226789510985, 0.5456730769230769, 0.5753025892446759, 0.5894192064404831, 0.690300623936472, 0.6002883922134102, 0.5159322033898305, 0.5072900955253896, 0.5087719298245614, 0.43817527010804325, 0.5178571428571429]
 mean: 0.5437641230470057, std: 0.055405457697921996
Accuracy Intime: [0.6764705882352942, 0.6764705882352942, 0.7352941176470589, 0.5882352941176471, 0.625, 0.6470588235294118, 0.6176470588235294, 0.5882352941176471, 0.6470588235294118, 0.625, 0.7058823529411765, 0.5, 0.6764705882352942, 0.6470588235294118, 0.59375]
 mean: 0.6366421568627451, std: 0.055039382897543544
F1 (Intime): [0.652093023255814, 0.6761904761904762, 0.7332170880557978, 0.5492424242424242, 0.6190476190476191, 0.6263736263736264, 0.5729468599033817, 0.5868055555555556, 0.6421052631578947, 0.6235294117647059, 0.6964285714285714, 0.4415458937198068, 0.6761904761904762, 0.6263736263736264, 0.5733333333333333]
 mean: 0.6196948832395405, std: 0.06778994155287242
--------------------------------------------------
Subject Number: 5
Accuracy Cross: [0.75, 0.5714285714285714, 0.7976190476190477, 0.6309523809523809, 0.6666666666666666, 0.5357142857142857, 0.5, 0.5476190476190477, 0.6785714285714286, 0.6071428571428571, 0.6666666666666666, 0.6309523809523809, 0.5595238095238095, 0.6428571428571429, 0.6666666666666666]
 mean: 0.6301587301587301, std: 0.07769675079695504
F1 Score: [0.7365197908887229, 0.475, 0.7962037962037962, 0.6296401649836438, 0.6421180766889836, 0.4728881737731295, 0.3875, 0.5305882352941176, 0.6679841897233202, 0.5689628362618566, 0.6370370370370371, 0.5884305357989568, 0.5357729648991785, 0.616555082166768, 0.6421180766889836]
 mean: 0.5951545973605664, std: 0.10147394103103716
Accuracy Intime: [0.6176470588235294, 0.5882352941176471, 0.6176470588235294, 0.6470588235294118, 0.59375, 0.5588235294117647, 0.7058823529411765, 0.7941176470588235, 0.8235294117647058, 0.75, 0.6176470588235294, 0.5, 0.5294117647058824, 0.7352941176470589, 0.75]
 mean: 0.6552696078431371, std: 0.0953401443655463
F1 (Intime): [0.6007226738934056, 0.5296442687747036, 0.6173160173160173, 0.6263736263736264, 0.5588547189819725, 0.48328267477203646, 0.7048611111111112, 0.7925021795989537, 0.8235294117647058, 0.746031746031746, 0.5729468599033817, 0.414387031408308, 0.5228070175438597, 0.7332170880557978, 0.7490196078431373]
 mean: 0.631699735558184, std: 0.11736799197301276
--------------------------------------------------
Subject Number: 6
Accuracy Cross: [0.5595238095238095, 0.5714285714285714, 0.5357142857142857, 0.6309523809523809, 0.5238095238095238, 0.5238095238095238, 0.47619047619047616, 0.6071428571428571, 0.5476190476190477, 0.6309523809523809, 0.5595238095238095, 0.6071428571428571, 0.5833333333333334, 0.5357142857142857, 0.5833333333333334]
 mean: 0.5650793650793651, std: 0.04189093085840205
F1 Score: [0.5518385003604902, 0.5675057208237986, 0.5356484762579731, 0.6304810557684121, 0.5235394214407261, 0.5008912655971479, 0.4735042735042735, 0.5903650066499188, 0.5411155836687751, 0.6245133381398702, 0.5518385003604902, 0.6002883922134102, 0.5832742735648476, 0.5303225806451612, 0.5731087556265427]
 mean: 0.5585490096414557, std: 0.04217530001049235
Accuracy Intime: [0.6470588235294118, 0.5588235294117647, 0.5588235294117647, 0.6470588235294118, 0.65625, 0.5, 0.5294117647058824, 0.6764705882352942, 0.7058823529411765, 0.65625, 0.5, 0.5588235294117647, 0.6470588235294118, 0.5882352941176471, 0.625]
 mean: 0.6036764705882354, std: 0.06359266889733112
F1 (Intime): [0.6458333333333333, 0.5392953929539295, 0.5584415584415584, 0.6421052631578947, 0.6559139784946236, 0.47786811201445345, 0.5277777777777778, 0.6761904761904762, 0.7048611111111112, 0.6389743589743591, 0.49956709956709955, 0.5584415584415584, 0.6470588235294118, 0.5641025641025641, 0.6235294117647059]
 mean: 0.5973307213236569, std: 0.06664730612686942
--------------------------------------------------
Subject Number: 7
Accuracy Cross: [0.5357142857142857, 0.47619047619047616, 0.5, 0.6190476190476191, 0.5595238095238095, 0.4166666666666667, 0.5, 0.5357142857142857, 0.5238095238095238, 0.5476190476190477, 0.5595238095238095, 0.4642857142857143, 0.5833333333333334, 0.5595238095238095, 0.5357142857142857]
 mean: 0.5277777777777777, std: 0.04873041724764683
F1 Score: [0.5204216073781291, 0.4296296296296296, 0.5, 0.6155606407322655, 0.5357729648991785, 0.4023522578771599, 0.4555555555555556, 0.5204216073781291, 0.5227272727272727, 0.5074074074074074, 0.5087719298245614, 0.4549387166546503, 0.5655386434165804, 0.5301587301587302, 0.4822190611664296]
 mean: 0.5034317349870453, std: 0.05160986154184228
Accuracy Intime: [0.47058823529411764, 0.4411764705882353, 0.47058823529411764, 0.6470588235294118, 0.625, 0.5294117647058824, 0.5, 0.5882352941176471, 0.5882352941176471, 0.71875, 0.5588235294117647, 0.5588235294117647, 0.5588235294117647, 0.5588235294117647, 0.5625]
 mean: 0.5584558823529411, std: 0.0698664847551494
F1 (Intime): [0.46875, 0.4164408310749774, 0.3952569169960475, 0.6458333333333333, 0.5844155844155844, 0.5277777777777778, 0.49956709956709955, 0.5641025641025641, 0.5868055555555556, 0.7117117117117118, 0.5392953929539295, 0.5553618134263296, 0.5072463768115942, 0.5553618134263296, 0.5151515151515151]
 mean: 0.5382052190869566, std: 0.07772714354453641
--------------------------------------------------
Subject Number: 8
Accuracy Cross: [0.6785714285714286, 0.6666666666666666, 0.8214285714285714, 0.7619047619047619, 0.7261904761904762, 0.75, 0.75, 0.75, 0.7857142857142857, 0.7976190476190477, 0.6071428571428571, 0.6071428571428571, 0.6309523809523809, 0.7023809523809523, 0.6785714285714286]
 mean: 0.7142857142857143, std: 0.06563832739090582
F1 Score: [0.6648440963499335, 0.6541176470588235, 0.8193548387096774, 0.7529411764705882, 0.71449682281661, 0.7456380677721701, 0.7333333333333334, 0.7482517482517483, 0.7846153846153847, 0.7952688172043011, 0.5452009844134537, 0.5452009844134537, 0.5884305357989568, 0.6734566941377702, 0.6648440963499335]
 mean: 0.6953330151797424, std: 0.08340451908731787
Accuracy Intime: [0.5588235294117647, 0.5882352941176471, 0.7941176470588235, 0.7647058823529411, 0.78125, 0.8235294117647058, 0.7941176470588235, 0.6176470588235294, 0.7647058823529411, 0.78125, 0.6470588235294118, 0.6176470588235294, 0.7058823529411765, 0.6764705882352942, 0.625]
 mean: 0.7026960784313725, std: 0.08541886443286173
F1 (Intime): [0.5490716180371353, 0.5824561403508772, 0.7850045167118338, 0.7424242424242424, 0.7702564102564102, 0.8210526315789474, 0.7895667550839964, 0.6173160173160173, 0.7647058823529411, 0.7793103448275862, 0.6263736263736264, 0.6173160173160173, 0.7017543859649122, 0.652093023255814, 0.6235294117647059]
 mean: 0.6948154015743376, std: 0.08584763214358074
--------------------------------------------------
Subject Number: 9
Accuracy Cross: [0.6904761904761905, 0.7142857142857143, 0.75, 0.6785714285714286, 0.6785714285714286, 0.5952380952380952, 0.6190476190476191, 0.6071428571428571, 0.6309523809523809, 0.5952380952380952, 0.6309523809523809, 0.6428571428571429, 0.6071428571428571, 0.5952380952380952, 0.6071428571428571]
 mean: 0.6428571428571428, std: 0.04681867048810359
F1 Score: [0.6816326530612244, 0.7083333333333333, 0.7491110795050491, 0.6706838971976187, 0.6785258681785967, 0.5523510971786834, 0.6135710178263369, 0.5942028985507246, 0.6266666666666667, 0.5943181818181817, 0.6063492063492064, 0.6050156739811913, 0.5689628362618566, 0.5868055555555556, 0.5354449472096531]
 mean: 0.6247983275115918, std: 0.05840895989341815
Accuracy Intime: [0.7058823529411765, 0.7352941176470589, 0.7352941176470589, 0.5588235294117647, 0.65625, 0.7058823529411765, 0.6470588235294118, 0.6176470588235294, 0.8235294117647058, 0.78125, 0.7352941176470589, 0.7058823529411765, 0.6764705882352942, 0.7647058823529411, 0.625]
 mean: 0.69828431372549, std: 0.06705861748907688
F1 (Intime): [0.6964285714285714, 0.7294429708222812, 0.7350649350649351, 0.5255813953488373, 0.6389743589743591, 0.6964285714285714, 0.6421052631578947, 0.5729468599033817, 0.8210526315789474, 0.7793103448275862, 0.7332170880557978, 0.6886446886446886, 0.652093023255814, 0.7614035087719297, 0.5844155844155844]
 mean: 0.6838073197119453, std: 0.0789221554596028
--------------------------------------------------
Subject Number: 10
Accuracy Cross: [0.5476190476190477, 0.5238095238095238, 0.47619047619047616, 0.5952380952380952, 0.5595238095238095, 0.6190476190476191, 0.5357142857142857, 0.5238095238095238, 0.5595238095238095, 0.5476190476190477, 0.5595238095238095, 0.5357142857142857, 0.6309523809523809, 0.5833333333333334, 0.5714285714285714]
 mean: 0.557936507936508, std: 0.03786304902183036
F1 Score: [0.5452991452991452, 0.5235394214407261, 0.4686601495112134, 0.595008508224617, 0.5589612601106854, 0.6007130124777184, 0.5276135544340302, 0.5058823529411764, 0.5594613749114103, 0.5452991452991452, 0.5544086021505377, 0.5204216073781291, 0.6266666666666667, 0.5731087556265427, 0.5692307692307692]
 mean: 0.5516182883801676, std: 0.038481247043804526
Accuracy Intime: [0.7941176470588235, 0.5882352941176471, 0.6176470588235294, 0.6176470588235294, 0.4375, 0.8823529411764706, 0.5588235294117647, 0.5, 0.5588235294117647, 0.65625, 0.5882352941176471, 0.5882352941176471, 0.47058823529411764, 0.4411764705882353, 0.53125]
 mean: 0.5887254901960783, std: 0.11724515194068695
F1 (Intime): [0.7925021795989537, 0.575, 0.6091954022988506, 0.6007226738934056, 0.41700404858299595, 0.8823529411764706, 0.5490716180371353, 0.49607672188317353, 0.5392953929539295, 0.6476476476476476, 0.5868055555555556, 0.575, 0.47058823529411764, 0.4288240495137047, 0.5076923076923077]
 mean: 0.5785185849418831, std: 0.1207679897774502
--------------------------------------------------
Subject Number: 11
Accuracy Cross: [0.5714285714285714, 0.5238095238095238, 0.47619047619047616, 0.5476190476190477, 0.6428571428571429, 0.6309523809523809, 0.6071428571428571, 0.6428571428571429, 0.6666666666666666, 0.6309523809523809, 0.5238095238095238, 0.5595238095238095, 0.5357142857142857, 0.5833333333333334, 0.5119047619047619]
 mean: 0.576984126984127, std: 0.05564618458081938
F1 Score: [0.5456730769230769, 0.4887401095556908, 0.475, 0.5411155836687751, 0.6294117647058823, 0.6187966622749231, 0.6002883922134102, 0.6294117647058823, 0.6571428571428571, 0.6266666666666667, 0.5058823529411764, 0.5407122801832422, 0.5204216073781291, 0.5731087556265427, 0.4910595537165657]
 mean: 0.5628954285135214, std: 0.058382804697723834
Accuracy Intime: [0.6176470588235294, 0.6176470588235294, 0.6176470588235294, 0.7647058823529411, 0.5625, 0.47058823529411764, 0.7352941176470589, 0.6176470588235294, 0.6470588235294118, 0.625, 0.47058823529411764, 0.6470588235294118, 0.5588235294117647, 0.7352941176470589, 0.71875]
 mean: 0.6270833333333333, std: 0.08553061224220672
F1 (Intime): [0.5888372093023255, 0.6007226738934056, 0.6173160173160173, 0.7571428571428571, 0.5333333333333333, 0.3952569169960475, 0.7332170880557978, 0.6007226738934056, 0.6357142857142857, 0.611336032388664, 0.4535714285714286, 0.6357142857142857, 0.5584415584415584, 0.7332170880557978, 0.7117117117117118]
 mean: 0.6110836773687279, std: 0.09779634574213572
--------------------------------------------------
Subject Number: 12
Accuracy Cross: [0.5833333333333334, 0.5833333333333334, 0.6428571428571429, 0.7261904761904762, 0.6785714285714286, 0.7142857142857143, 0.6428571428571429, 0.7380952380952381, 0.6190476190476191, 0.7738095238095238, 0.6309523809523809, 0.7023809523809523, 0.6428571428571429, 0.6904761904761905, 0.6785714285714286]
 mean: 0.6698412698412698, std: 0.05385141413869006
F1 Score: [0.5804195804195804, 0.578494623655914, 0.625668449197861, 0.7258407833120477, 0.6785258681785967, 0.7101782633697526, 0.6326530612244898, 0.7282352941176471, 0.5961538461538461, 0.7698630136986302, 0.6010418262601501, 0.6863330843913369, 0.625668449197861, 0.6897727272727273, 0.6679841897233202]
 mean: 0.6597888706782506, std: 0.05727051018753435
Accuracy Intime: [0.6470588235294118, 0.5882352941176471, 0.6470588235294118, 0.7941176470588235, 0.65625, 0.7058823529411765, 0.7058823529411765, 0.8529411764705882, 0.7647058823529411, 0.71875, 0.6764705882352942, 0.7941176470588235, 0.7058823529411765, 0.6470588235294118, 0.78125]
 mean: 0.7123774509803922, std: 0.06996207505074167
F1 (Intime): [0.6470588235294118, 0.5824561403508772, 0.6357142857142857, 0.793939393939394, 0.6532019704433498, 0.7017543859649122, 0.7048611111111112, 0.85178727114211, 0.7647058823529411, 0.718475073313783, 0.6739319965126417, 0.7925021795989537, 0.7058823529411765, 0.6458333333333333, 0.7810361681329423]
 mean: 0.7102093578920815, std: 0.07144654345600857
--------------------------------------------------
Subject Number: 13
Accuracy Cross: [0.7023809523809523, 0.6428571428571429, 0.6309523809523809, 0.6904761904761905, 0.6904761904761905, 0.5833333333333334, 0.5833333333333334, 0.6071428571428571, 0.6666666666666666, 0.6785714285714286, 0.6666666666666666, 0.7142857142857143, 0.7023809523809523, 0.6547619047619048, 0.6666666666666666]
 mean: 0.6587301587301587, std: 0.040468408838037956
F1 Score: [0.702338766832034, 0.6420454545454546, 0.615191369883257, 0.6788235294117647, 0.6860264519838988, 0.5832742735648476, 0.5818517991750818, 0.6043956043956044, 0.6636155606407322, 0.6763236763236764, 0.6636155606407322, 0.7083333333333333, 0.6989247311827957, 0.6361463778939507, 0.6636155606407322]
 mean: 0.653634803363193, std: 0.04029761224712103
Accuracy Intime: [0.8529411764705882, 0.7941176470588235, 0.6176470588235294, 0.7352941176470589, 0.625, 0.8529411764705882, 0.7941176470588235, 0.6470588235294118, 0.7941176470588235, 0.6875, 0.7941176470588235, 0.6764705882352942, 0.6764705882352942, 0.7647058823529411, 0.625]
 mean: 0.7291666666666666, std: 0.08040934177874029
F1 (Intime): [0.8528138528138528, 0.7925021795989537, 0.5888372093023255, 0.7350649350649351, 0.6190476190476191, 0.8528138528138528, 0.793939393939394, 0.6421052631578947, 0.7895667550839964, 0.6666666666666667, 0.7895667550839964, 0.6761904761904762, 0.6761904761904762, 0.7571428571428571, 0.6235294117647059]
 mean: 0.7237318469241334, std: 0.08427398500658226
--------------------------------------------------
Subject Number: 14
Accuracy Cross: [0.6547619047619048, 0.6190476190476191, 0.6428571428571429, 0.6785714285714286, 0.6428571428571429, 0.5476190476190477, 0.5833333333333334, 0.5833333333333334, 0.6666666666666666, 0.6666666666666666, 0.6547619047619048, 0.5714285714285714, 0.5952380952380952, 0.5952380952380952, 0.6071428571428571]
 mean: 0.6206349206349207, std: 0.0390908265270627
F1 Score: [0.6400177331165953, 0.6007130124777184, 0.625668449197861, 0.6748387096774193, 0.6213942307692308, 0.4708222811671088, 0.5269509251810136, 0.5269509251810136, 0.6541176470588235, 0.6421180766889836, 0.6462901118048496, 0.5456730769230769, 0.5592592592592593, 0.5894192064404831, 0.5903650066499188]
 mean: 0.5943065767728903, std: 0.055889038443224556
Accuracy Intime: [0.6470588235294118, 0.5882352941176471, 0.7941176470588235, 0.7352941176470589, 0.6875, 0.7352941176470589, 0.6176470588235294, 0.5882352941176471, 0.6764705882352942, 0.78125, 0.6470588235294118, 0.7058823529411765, 0.5588235294117647, 0.7352941176470589, 0.6875]
 mean: 0.679044117647059, std: 0.0687077174160658
F1 (Intime): [0.6458333333333333, 0.575, 0.793939393939394, 0.7235772357723578, 0.6761133603238867, 0.7294429708222812, 0.6007226738934056, 0.5641025641025641, 0.6739319965126417, 0.7793103448275862, 0.6357142857142857, 0.7048611111111112, 0.48328267477203646, 0.7294429708222812, 0.6536796536796536]
 mean: 0.6645969713084546, std: 0.08165181554680703
--------------------------------------------------
**************************************************
accuracy_cross_list: [0.684126984126984, 0.665873015873016, 0.6150793650793651, 0.5746031746031746, 0.6301587301587301, 0.5650793650793651, 0.5277777777777777, 0.7142857142857143, 0.6428571428571428, 0.557936507936508, 0.576984126984127, 0.6698412698412698, 0.6587301587301587, 0.6206349206349207]
f1_score_list: [0.675722330355189, 0.6333572434706934, 0.5999714712561226, 0.5437641230470057, 0.5951545973605664, 0.5585490096414557, 0.5034317349870453, 0.6953330151797424, 0.6247983275115918, 0.5516182883801676, 0.5628954285135214, 0.6597888706782506, 0.653634803363193, 0.5943065767728903]
accuracy_intime_list: [0.7166666666666667, 0.6549019607843137, 0.656127450980392, 0.6366421568627451, 0.6552696078431371, 0.6036764705882354, 0.5584558823529411, 0.7026960784313725, 0.69828431372549, 0.5887254901960783, 0.6270833333333333, 0.7123774509803922, 0.7291666666666666, 0.679044117647059]
f1_score_intime_list: [0.7101754455820489, 0.6360339205452099, 0.648914588204839, 0.6196948832395405, 0.631699735558184, 0.5973307213236569, 0.5382052190869566, 0.6948154015743376, 0.6838073197119453, 0.5785185849418831, 0.6110836773687279, 0.7102093578920815, 0.7237318469241334, 0.6645969713084546]
**************************************************
ACC: 62.17±5.28
F1: 60.37±5.40
Intime: 65.85±4.97
F1 (Intime): 64.63±5.29
