1e-06
Subject Number: 1
Accuracy Cross: [0.53125, 0.65625, 0.59375, 0.53125, 0.65625, 0.7272727272727273, 0.7272727272727273, 0.696969696969697, 0.6060606060606061, 0.7575757575757576, 0.71875, 0.75, 0.6875, 0.625, 0.84375]
 mean: 0.6739267676767677, std: 0.08358881483374234
F1 Score: [0.4909862142099682, 0.6532019704433498, 0.5835835835835836, 0.4684385382059801, 0.6476476476476476, 0.6996966632962589, 0.723205964585275, 0.6944444444444444, 0.5662285136501517, 0.7518796992481203, 0.7117117117117118, 0.7333333333333334, 0.6862745098039216, 0.536231884057971, 0.8358974358974359]
 mean: 0.6521841409412769, std: 0.09979188142581351
Accuracy Intime: [0.9285714285714286, 0.8571428571428571, 0.3333333333333333, 0.75, 0.6666666666666666, 0.7857142857142857, 0.7142857142857143, 0.5833333333333334, 0.6666666666666666, 0.8333333333333334, 0.8571428571428571, 0.6428571428571429, 0.8333333333333334, 0.6666666666666666, 0.75]
 mean: 0.7246031746031746, std: 0.14031243257529882
F1 (Intime): [0.9282051282051282, 0.8444444444444444, 0.3333333333333333, 0.7482517482517483, 0.6666666666666666, 0.7754010695187166, 0.7083333333333333, 0.5804195804195804, 0.6571428571428571, 0.8285714285714285, 0.8571428571428571, 0.5906432748538011, 0.8285714285714285, 0.625, 0.7482517482517483]
 mean: 0.7146919265804714, std: 0.14309576699771956
--------------------------------------------------
Subject Number: 2
Accuracy Cross: [0.48484848484848486, 0.6666666666666666, 0.696969696969697, 0.5454545454545454, 0.6060606060606061, 0.5, 0.59375, 0.5625, 0.5625, 0.53125, 0.5757575757575758, 0.6060606060606061, 0.5454545454545454, 0.5151515151515151, 0.6363636363636364]
 mean: 0.5752525252525253, std: 0.05809885259881337
F1 Score: [0.48294930875576036, 0.6654377880184332, 0.6826923076923077, 0.47619047619047616, 0.6046082949308755, 0.4980392156862745, 0.5933528836754643, 0.5607843137254902, 0.5151515151515151, 0.4684385382059801, 0.5657894736842105, 0.6046082949308755, 0.5454545454545454, 0.49230769230769234, 0.6333333333333333]
 mean: 0.559275865449549, std: 0.0676537658096164
Accuracy Intime: [0.6428571428571429, 0.7142857142857143, 0.5833333333333334, 0.5, 0.4166666666666667, 0.5, 0.5714285714285714, 0.2857142857142857, 0.4166666666666667, 0.6666666666666666, 0.5, 0.5714285714285714, 0.5, 0.6666666666666666, 0.5]
 mean: 0.5357142857142858, std: 0.10945477465434483
F1 (Intime): [0.641025641025641, 0.7083333333333333, 0.5555555555555556, 0.4857142857142857, 0.4125874125874126, 0.49743589743589745, 0.5714285714285714, 0.2708333333333333, 0.4125874125874126, 0.625, 0.49743589743589745, 0.5625, 0.4375, 0.6571428571428571, 0.5]
 mean: 0.5223386798386798, std: 0.10958774594965369
--------------------------------------------------
Subject Number: 3
Accuracy Cross: [0.53125, 0.5625, 0.53125, 0.53125, 0.5, 0.6060606060606061, 0.45454545454545453, 0.6666666666666666, 0.48484848484848486, 0.6363636363636364, 0.6060606060606061, 0.5151515151515151, 0.36363636363636365, 0.3939393939393939, 0.5454545454545454]
 mean: 0.5285984848484848, std: 0.0807769037079006
F1 Score: [0.5270935960591133, 0.5555555555555556, 0.5195195195195195, 0.5270935960591133, 0.4980392156862745, 0.6046082949308755, 0.4540441176470588, 0.6552706552706553, 0.4327603640040445, 0.6071428571428572, 0.5925925925925926, 0.5147058823529411, 0.3612903225806452, 0.37969924812030076, 0.543778801843318]
 mean: 0.5182129746243244, std: 0.08064207786778915
Accuracy Intime: [0.35714285714285715, 0.5, 0.6428571428571429, 0.75, 0.5, 0.5714285714285714, 0.35714285714285715, 0.5, 0.4166666666666667, 0.6666666666666666, 0.7142857142857143, 0.7857142857142857, 0.5, 0.5, 0.6666666666666666]
 mean: 0.5619047619047619, std: 0.13200872643456296
F1 (Intime): [0.3262032085561497, 0.47593582887700536, 0.641025641025641, 0.7482517482517483, 0.5, 0.5625, 0.35384615384615387, 0.5, 0.37777777777777777, 0.6666666666666666, 0.7083333333333333, 0.7846153846153847, 0.5, 0.5, 0.6666666666666666]
 mean: 0.5541214939744352, std: 0.13869252519584008
--------------------------------------------------
Subject Number: 4
Accuracy Cross: [0.6363636363636364, 0.8484848484848485, 0.6666666666666666, 0.7575757575757576, 0.7272727272727273, 0.6060606060606061, 0.6666666666666666, 0.7272727272727273, 0.5151515151515151, 0.6363636363636364, 0.5757575757575758, 0.5454545454545454, 0.5757575757575758, 0.696969696969697, 0.5757575757575758]
 mean: 0.6505050505050506, std: 0.08703296657995159
F1 Score: [0.6192307692307693, 0.8462255358807083, 0.6158730158730159, 0.7461538461538462, 0.6996966632962589, 0.6046082949308755, 0.6666666666666666, 0.7262672811059908, 0.4260869565217391, 0.6071428571428572, 0.5753676470588236, 0.5299145299145299, 0.5416666666666666, 0.6966911764705883, 0.5753676470588236]
 mean: 0.6317973035981441, std: 0.09898365105533574
Accuracy Intime: [0.5714285714285714, 0.7142857142857143, 0.6428571428571429, 0.4166666666666667, 0.5, 0.7142857142857143, 0.7857142857142857, 0.7857142857142857, 0.5, 0.5, 0.9285714285714286, 0.9285714285714286, 0.8571428571428571, 0.6666666666666666, 0.75]
 mean: 0.684126984126984, std: 0.15581853378174132
F1 (Intime): [0.5625, 0.7142857142857143, 0.5238095238095237, 0.4125874125874126, 0.4857142857142857, 0.7142857142857143, 0.7846153846153847, 0.7846153846153847, 0.4375, 0.4375, 0.9282051282051282, 0.9251336898395721, 0.8444444444444444, 0.6571428571428571, 0.7482517482517483]
 mean: 0.664039419186478, std: 0.17115458085800542
--------------------------------------------------
Subject Number: 5
Accuracy Cross: [0.53125, 0.625, 0.53125, 0.59375, 0.5, 0.46875, 0.5625, 0.5625, 0.625, 0.71875, 0.625, 0.46875, 0.53125, 0.625, 0.5625]
 mean: 0.56875, std: 0.06574889099191458
F1 Score: [0.5195195195195195, 0.6190476190476191, 0.5195195195195195, 0.5901477832512315, 0.4817813765182186, 0.4231177094379639, 0.5465587044534412, 0.5625, 0.6190476190476191, 0.7117117117117118, 0.6235294117647059, 0.39756367663344405, 0.4909862142099682, 0.6235294117647059, 0.5465587044534412]
 mean: 0.5516745987555407, std: 0.08065530130317072
Accuracy Intime: [0.7142857142857143, 0.8571428571428571, 0.6666666666666666, 0.4166666666666667, 0.5833333333333334, 0.9285714285714286, 0.6428571428571429, 1.0, 0.5833333333333334, 0.5, 0.7857142857142857, 0.5, 0.5833333333333334, 0.5, 0.5]
 mean: 0.6507936507936507, std: 0.16805918644528792
F1 (Intime): [0.7083333333333333, 0.8571428571428571, 0.6666666666666666, 0.4125874125874126, 0.5555555555555556, 0.9282051282051282, 0.641025641025641, 1.0, 0.5804195804195804, 0.4857142857142857, 0.7846153846153847, 0.4269005847953216, 0.5804195804195804, 0.4857142857142857, 0.5]
 mean: 0.6408866864130022, std: 0.17600438745181998
--------------------------------------------------
Subject Number: 6
Accuracy Cross: [0.53125, 0.46875, 0.625, 0.53125, 0.5, 0.48484848484848486, 0.6666666666666666, 0.5454545454545454, 0.5151515151515151, 0.5757575757575758, 0.42424242424242425, 0.5454545454545454, 0.45454545454545453, 0.5757575757575758, 0.6363636363636364]
 mean: 0.5386994949494949, std: 0.06650205898772747
F1 Score: [0.5270935960591133, 0.464039408866995, 0.5844155844155844, 0.5076923076923077, 0.5, 0.45268292682926825, 0.6458536585365854, 0.4994944388270981, 0.4260869565217391, 0.5227272727272727, 0.42424242424242425, 0.543778801843318, 0.4540441176470588, 0.5557692307692308, 0.6278195488721805]
 mean: 0.5157160182566783, std: 0.06542954980381654
Accuracy Intime: [0.5714285714285714, 0.6428571428571429, 0.42857142857142855, 0.4166666666666667, 0.75, 0.8571428571428571, 0.6428571428571429, 1.0, 0.6666666666666666, 0.4166666666666667, 0.5714285714285714, 0.35714285714285715, 0.6666666666666666, 0.5833333333333334, 0.3333333333333333]
 mean: 0.5936507936507938, std: 0.18059000194702085
F1 (Intime): [0.5625, 0.625668449197861, 0.42857142857142855, 0.37777777777777777, 0.7333333333333334, 0.8444444444444444, 0.641025641025641, 1.0, 0.6571428571428571, 0.29411764705882354, 0.5333333333333333, 0.3262032085561497, 0.6571428571428571, 0.5804195804195804, 0.3142857142857143]
 mean: 0.5717310848193201, std: 0.19486446294790732
--------------------------------------------------
Subject Number: 7
Accuracy Cross: [0.59375, 0.5625, 0.53125, 0.625, 0.40625, 0.46875, 0.375, 0.625, 0.4375, 0.53125, 0.6875, 0.5625, 0.40625, 0.5625, 0.40625]
 mean: 0.51875, std: 0.0932626220233308
F1 Score: [0.5901477832512315, 0.5465587044534412, 0.5076923076923077, 0.6, 0.4056695992179863, 0.45545545545545546, 0.36507936507936506, 0.625, 0.4, 0.530791788856305, 0.6825396825396826, 0.5625, 0.4009852216748768, 0.5555555555555556, 0.4009852216748768]
 mean: 0.5085973790300723, std: 0.0948068895342464
Accuracy Intime: [0.6428571428571429, 0.5714285714285714, 0.5833333333333334, 0.5833333333333334, 0.75, 0.42857142857142855, 0.5, 0.5833333333333334, 0.4166666666666667, 0.5833333333333334, 0.7142857142857143, 0.2857142857142857, 0.4166666666666667, 0.6666666666666666, 0.6666666666666666]
 mean: 0.5595238095238096, std: 0.12356508226049881
F1 (Intime): [0.641025641025641, 0.5625, 0.5804195804195804, 0.5804195804195804, 0.7333333333333334, 0.41666666666666663, 0.49743589743589745, 0.5804195804195804, 0.37777777777777777, 0.5804195804195804, 0.6888888888888889, 0.2708333333333333, 0.4125874125874126, 0.625, 0.6571428571428571]
 mean: 0.546991341991342, std: 0.12356668113902165
--------------------------------------------------
Subject Number: 8
Accuracy Cross: [0.625, 0.46875, 0.46875, 0.5625, 0.65625, 0.65625, 0.4375, 0.375, 0.53125, 0.59375, 0.40625, 0.59375, 0.65625, 0.625, 0.59375]
 mean: 0.55, std: 0.09256191621467943
F1 Score: [0.611336032388664, 0.45545545545545546, 0.4682306940371457, 0.5465587044534412, 0.6267232237539766, 0.6389743589743591, 0.43529411764705883, 0.36507936507936506, 0.43859649122807015, 0.5588547189819725, 0.3764102564102564, 0.5933528836754643, 0.6559139784946236, 0.5636363636363637, 0.5835835835835836]
 mean: 0.5278666818533201, std: 0.09318088256853516
Accuracy Intime: [0.5714285714285714, 0.7142857142857143, 0.75, 0.5833333333333334, 0.75, 0.5714285714285714, 0.5, 0.5, 0.5833333333333334, 0.5, 0.6428571428571429, 0.7857142857142857, 0.8333333333333334, 0.6666666666666666, 0.75]
 mean: 0.6468253968253967, std: 0.1080356687364167
F1 (Intime): [0.5333333333333333, 0.7083333333333333, 0.7333333333333334, 0.5804195804195804, 0.7482517482517483, 0.5625, 0.47593582887700536, 0.5, 0.5804195804195804, 0.4857142857142857, 0.5906432748538011, 0.7543859649122806, 0.8125, 0.625, 0.7482517482517483]
 mean: 0.6292681341133354, std: 0.10813452828493149
--------------------------------------------------
Subject Number: 9
Accuracy Cross: [0.8125, 0.75, 0.71875, 0.75, 0.84375, 0.75, 0.78125, 0.625, 0.65625, 0.75, 0.53125, 0.625, 0.625, 0.65625, 0.84375]
 mean: 0.7145833333333333, std: 0.08829008375173789
F1 Score: [0.8, 0.722943722943723, 0.7046153846153846, 0.7090909090909091, 0.8303287380699894, 0.722943722943723, 0.7702564102564102, 0.611336032388664, 0.6476476476476476, 0.722943722943723, 0.5195195195195195, 0.6190476190476191, 0.6235294117647059, 0.6389743589743591, 0.8398398398398399]
 mean: 0.6988678026697477, std: 0.08657987643701176
Accuracy Intime: [1.0, 0.9285714285714286, 0.75, 0.6666666666666666, 0.4166666666666667, 0.9285714285714286, 0.9285714285714286, 0.9166666666666666, 0.5833333333333334, 0.5833333333333334, 0.9285714285714286, 0.6428571428571429, 0.6666666666666666, 0.5833333333333334, 0.75]
 mean: 0.7515873015873015, std: 0.17080279671033363
F1 (Intime): [1.0, 0.9251336898395721, 0.6974789915966386, 0.6571428571428571, 0.37777777777777777, 0.9251336898395721, 0.9282051282051282, 0.8991596638655461, 0.5804195804195804, 0.5804195804195804, 0.9282051282051282, 0.641025641025641, 0.625, 0.5804195804195804, 0.7482517482517483]
 mean: 0.7395848704672233, std: 0.17732936342301625
--------------------------------------------------
Subject Number: 10
Accuracy Cross: [0.40625, 0.5, 0.59375, 0.59375, 0.53125, 0.375, 0.53125, 0.625, 0.375, 0.4375, 0.45454545454545453, 0.5454545454545454, 0.48484848484848486, 0.6060606060606061, 0.5757575757575758]
 mean: 0.5090277777777777, std: 0.08133425403230757
F1 Score: [0.4056695992179863, 0.4920634920634921, 0.5835835835835836, 0.5835835835835836, 0.5195195195195195, 0.375, 0.530791788856305, 0.6190476190476191, 0.36507936507936506, 0.43529411764705883, 0.4288461538461539, 0.5170731707317073, 0.45268292682926825, 0.5925925925925926, 0.5657894736842105]
 mean: 0.497774465752163, std: 0.08036216788472172
Accuracy Intime: [0.5714285714285714, 0.8571428571428571, 0.75, 0.5833333333333334, 0.6666666666666666, 0.42857142857142855, 0.7857142857142857, 0.75, 0.6666666666666666, 0.5, 0.5714285714285714, 0.6428571428571429, 0.6666666666666666, 0.75, 0.6666666666666666]
 mean: 0.657142857142857, std: 0.10955831064595171
F1 (Intime): [0.5625, 0.8541666666666667, 0.7333333333333334, 0.5555555555555556, 0.6571428571428571, 0.37777777777777777, 0.7846153846153847, 0.6210526315789473, 0.6571428571428571, 0.5, 0.36363636363636365, 0.625668449197861, 0.625, 0.7333333333333334, 0.6571428571428571]
 mean: 0.6205378711415862, std: 0.1311658167373468
--------------------------------------------------
Subject Number: 11
Accuracy Cross: [0.5454545454545454, 0.36363636363636365, 0.3939393939393939, 0.5454545454545454, 0.5151515151515151, 0.5454545454545454, 0.5454545454545454, 0.45454545454545453, 0.45454545454545453, 0.5757575757575758, 0.5454545454545454, 0.5151515151515151, 0.3939393939393939, 0.5757575757575758, 0.45454545454545453]
 mean: 0.4949494949494949, std: 0.0679100457130166
F1 Score: [0.543778801843318, 0.3612903225806452, 0.34523809523809523, 0.543778801843318, 0.5037593984962406, 0.5170731707317073, 0.543778801843318, 0.44172932330827064, 0.4107142857142857, 0.5416666666666666, 0.5454545454545454, 0.49230769230769234, 0.3653846153846154, 0.5227272727272727, 0.44172932330827064]
 mean: 0.47469407449655077, std: 0.07160226342402183
Accuracy Intime: [0.7142857142857143, 0.5, 0.5714285714285714, 0.5, 0.75, 0.5714285714285714, 0.35714285714285715, 0.5, 0.75, 0.6666666666666666, 0.42857142857142855, 0.5, 0.6428571428571429, 0.5833333333333334, 0.6666666666666666]
 mean: 0.5801587301587302, std: 0.11347818762993733
F1 (Intime): [0.7142857142857143, 0.49743589743589745, 0.5625, 0.4857142857142857, 0.7482517482517483, 0.5625, 0.35384615384615387, 0.49743589743589745, 0.7482517482517483, 0.6571428571428571, 0.41666666666666663, 0.47593582887700536, 0.5906432748538011, 0.5804195804195804, 0.625]
 mean: 0.5677353102120903, std: 0.11321711907205383
--------------------------------------------------
Subject Number: 12
Accuracy Cross: [0.71875, 0.8125, 0.65625, 0.71875, 0.625, 0.7575757575757576, 0.6666666666666666, 0.6666666666666666, 0.6666666666666666, 0.8181818181818182, 0.6875, 0.5, 0.5625, 0.65625, 0.5]
 mean: 0.6675505050505051, std: 0.09190418833595367
F1 Score: [0.7046153846153846, 0.8, 0.6267232237539766, 0.681063122923588, 0.5, 0.7555555555555555, 0.6458536585365854, 0.6158730158730159, 0.593505039193729, 0.8035714285714286, 0.6761133603238867, 0.4817813765182186, 0.5555555555555556, 0.5883040935672514, 0.4980392156862745]
 mean: 0.6351036020449634, std: 0.10001944465813199
Accuracy Intime: [0.6428571428571429, 0.8571428571428571, 0.5, 0.5, 0.4166666666666667, 0.35714285714285715, 0.5714285714285714, 0.5833333333333334, 0.6666666666666666, 0.6666666666666666, 1.0, 0.5, 0.8333333333333334, 0.5833333333333334, 0.5833333333333334]
 mean: 0.6174603174603176, std: 0.1655213862378249
F1 (Intime): [0.641025641025641, 0.8541666666666667, 0.4857142857142857, 0.4375, 0.29411764705882354, 0.35384615384615387, 0.5625, 0.4957983193277311, 0.625, 0.6571428571428571, 1.0, 0.47593582887700536, 0.8125, 0.4957983193277311, 0.5804195804195804]
 mean: 0.5847643532937651, std: 0.18337015861080735
--------------------------------------------------
Subject Number: 13
Accuracy Cross: [0.6875, 0.65625, 0.59375, 0.65625, 0.625, 0.696969696969697, 0.6060606060606061, 0.6060606060606061, 0.48484848484848486, 0.5757575757575758, 0.625, 0.53125, 0.59375, 0.6875, 0.625]
 mean: 0.616729797979798, std: 0.05624124879493406
F1 Score: [0.6862745098039216, 0.6532019704433498, 0.5588547189819725, 0.6476476476476476, 0.5636363636363637, 0.6966911764705883, 0.5925925925925926, 0.6046082949308755, 0.48484848484848486, 0.5657894736842105, 0.6235294117647059, 0.5270935960591133, 0.5901477832512315, 0.6536796536796536, 0.6]
 mean: 0.6032397118529806, std: 0.05663033392546566
Accuracy Intime: [0.5, 0.42857142857142855, 0.5833333333333334, 0.4166666666666667, 0.5833333333333334, 0.7142857142857143, 0.5, 0.8333333333333334, 0.5, 0.5833333333333334, 0.7857142857142857, 0.42857142857142855, 0.8333333333333334, 0.8333333333333334, 0.5833333333333334]
 mean: 0.6071428571428572, std: 0.14913456564354924
F1 (Intime): [0.49743589743589745, 0.42857142857142855, 0.3684210526315789, 0.4125874125874126, 0.5555555555555556, 0.7142857142857143, 0.47593582887700536, 0.8125, 0.4857142857142857, 0.5555555555555556, 0.7846153846153847, 0.37777777777777777, 0.7777777777777777, 0.8285714285714285, 0.4957983193277311]
 mean: 0.5714068946189689, std: 0.16024784335180453
--------------------------------------------------
Subject Number: 14
Accuracy Cross: [0.53125, 0.6875, 0.59375, 0.59375, 0.625, 0.59375, 0.59375, 0.6875, 0.53125, 0.625, 0.75, 0.53125, 0.75, 0.59375, 0.8125]
 mean: 0.6333333333333333, std: 0.08343743497708661
F1 Score: [0.530791788856305, 0.6875, 0.5933528836754643, 0.5901477832512315, 0.625, 0.5733333333333333, 0.5733333333333333, 0.6825396825396826, 0.5076923076923077, 0.6190476190476191, 0.7408906882591093, 0.530791788856305, 0.7490196078431373, 0.5835835835835836, 0.8056680161943319]
 mean: 0.6261794944310496, std: 0.08542675959338211
Accuracy Intime: [0.7857142857142857, 0.6428571428571429, 0.5, 0.5, 0.5833333333333334, 0.7857142857142857, 0.5, 0.6666666666666666, 0.5, 0.6666666666666666, 0.8571428571428571, 0.7857142857142857, 0.6666666666666666, 0.5833333333333334, 0.8333333333333334]
 mean: 0.6571428571428571, std: 0.12403825026315338
F1 (Intime): [0.7846153846153847, 0.641025641025641, 0.5, 0.4857142857142857, 0.5555555555555556, 0.7754010695187166, 0.49743589743589745, 0.6571428571428571, 0.5, 0.6571428571428571, 0.8444444444444444, 0.7846153846153847, 0.6571428571428571, 0.5804195804195804, 0.8285714285714285]
 mean: 0.6499484828896593, std: 0.12407652976620202
--------------------------------------------------
Subject Number: 15
Accuracy Cross: [0.8125, 0.5625, 0.4375, 0.53125, 0.75, 0.65625, 0.6875, 0.59375, 0.78125, 0.625, 0.46875, 0.5625, 0.625, 0.6875, 0.65625]
 mean: 0.6291666666666667, std: 0.10387459051931591
F1 Score: [0.8056680161943319, 0.5607843137254902, 0.41700404858299595, 0.5076923076923077, 0.7490196078431373, 0.6559139784946236, 0.6862745098039216, 0.5835835835835836, 0.7624602332979851, 0.5844155844155844, 0.45545545545545546, 0.5333333333333333, 0.6190476190476191, 0.6761133603238867, 0.6476476476476476]
 mean: 0.6162942399627938, std: 0.10810767121242147
Accuracy Intime: [0.6428571428571429, 0.7857142857142857, 0.8333333333333334, 0.5833333333333334, 0.6666666666666666, 0.7857142857142857, 0.5714285714285714, 0.75, 0.75, 0.75, 0.8571428571428571, 0.5714285714285714, 0.6666666666666666, 0.5, 0.9166666666666666]
 mean: 0.7087301587301587, std: 0.11622581646606024
F1 (Intime): [0.641025641025641, 0.7846153846153847, 0.8125, 0.5804195804195804, 0.6666666666666666, 0.7754010695187166, 0.5625, 0.7482517482517483, 0.7333333333333334, 0.7333333333333334, 0.8541666666666667, 0.5625, 0.6666666666666666, 0.4375, 0.916083916083916]
 mean: 0.6983309337721102, std: 0.12306855682521345
--------------------------------------------------
Subject Number: 16
Accuracy Cross: [0.53125, 0.5, 0.65625, 0.6875, 0.4375, 0.625, 0.65625, 0.6875, 0.6875, 0.625, 0.59375, 0.53125, 0.5625, 0.59375, 0.4375]
 mean: 0.5875, std: 0.08244316223920575
F1 Score: [0.5076923076923077, 0.4920634920634921, 0.6532019704433498, 0.6862745098039216, 0.4285714285714286, 0.625, 0.6532019704433498, 0.6666666666666667, 0.6825396825396826, 0.5844155844155844, 0.5733333333333333, 0.5195195195195195, 0.5333333333333333, 0.5901477832512315, 0.43529411764705883]
 mean: 0.575417046648284, std: 0.08349890064430854
Accuracy Intime: [0.5714285714285714, 0.5, 0.75, 0.5, 0.3333333333333333, 0.6428571428571429, 0.7857142857142857, 0.5833333333333334, 0.5, 0.6666666666666666, 0.7142857142857143, 0.7857142857142857, 0.75, 0.75, 0.5]
 mean: 0.6222222222222221, std: 0.13181294915572506
F1 (Intime): [0.5625, 0.49743589743589745, 0.7333333333333334, 0.4857142857142857, 0.3333333333333333, 0.641025641025641, 0.7846153846153847, 0.5804195804195804, 0.5, 0.6571428571428571, 0.6888888888888889, 0.7754010695187166, 0.7333333333333334, 0.7482517482517483, 0.4857142857142857]
 mean: 0.6138073092484858, std: 0.1295929851440899
--------------------------------------------------
Subject Number: 17
Accuracy Cross: [0.6363636363636364, 0.5151515151515151, 0.6363636363636364, 0.6060606060606061, 0.42424242424242425, 0.5757575757575758, 0.5454545454545454, 0.42424242424242425, 0.45454545454545453, 0.5757575757575758, 0.5625, 0.4375, 0.4375, 0.625, 0.5]
 mean: 0.5304292929292929, std: 0.07711990565992026
F1 Score: [0.6278195488721805, 0.5037593984962406, 0.6192307692307693, 0.5662285136501517, 0.4221198156682028, 0.5753676470588236, 0.5299145299145299, 0.41565703634669154, 0.4107142857142857, 0.5416666666666666, 0.5465587044534412, 0.4, 0.4375, 0.611336032388664, 0.4920634920634921]
 mean: 0.5133290960349427, std: 0.07758183788827061
Accuracy Intime: [0.8571428571428571, 0.5714285714285714, 0.75, 0.5833333333333334, 0.5833333333333334, 0.5714285714285714, 0.7857142857142857, 0.4166666666666667, 0.75, 0.5833333333333334, 0.5, 0.7857142857142857, 0.7142857142857143, 0.75, 0.6666666666666666]
 mean: 0.6579365079365078, std: 0.11995421987243857
F1 (Intime): [0.8444444444444444, 0.475, 0.6974789915966386, 0.5555555555555556, 0.5804195804195804, 0.5625, 0.7754010695187166, 0.37777777777777777, 0.7482517482517483, 0.5804195804195804, 0.47593582887700536, 0.7754010695187166, 0.7083333333333333, 0.7482517482517483, 0.6666666666666666]
 mean: 0.6381224929754341, std: 0.1300441309001881
--------------------------------------------------
Subject Number: 18
Accuracy Cross: [0.5151515151515151, 0.45454545454545453, 0.5454545454545454, 0.7575757575757576, 0.7272727272727273, 0.53125, 0.5625, 0.75, 0.75, 0.75, 0.65625, 0.71875, 0.59375, 0.5625, 0.65625]
 mean: 0.6354166666666666, std: 0.09968372371401714
F1 Score: [0.45454545454545453, 0.4107142857142857, 0.5299145299145299, 0.7555555555555555, 0.7272727272727273, 0.5195195195195195, 0.5151515151515151, 0.75, 0.7333333333333334, 0.7408906882591093, 0.6559139784946236, 0.7117117117117118, 0.5933528836754643, 0.5465587044534412, 0.6476476476476476]
 mean: 0.6194721690165946, std: 0.11289734216922045
Accuracy Intime: [0.6428571428571429, 0.7142857142857143, 0.5833333333333334, 0.75, 0.5833333333333334, 0.7142857142857143, 0.7857142857142857, 0.6666666666666666, 0.9166666666666666, 0.6666666666666666, 0.6428571428571429, 0.6428571428571429, 0.75, 0.75, 0.6666666666666666]
 mean: 0.6984126984126984, std: 0.08266931212698274
F1 (Intime): [0.641025641025641, 0.7142857142857143, 0.5804195804195804, 0.7333333333333334, 0.4957983193277311, 0.7142857142857143, 0.7846153846153847, 0.6571428571428571, 0.916083916083916, 0.6666666666666666, 0.641025641025641, 0.5906432748538011, 0.7482517482517483, 0.7482517482517483, 0.6571428571428571]
 mean: 0.6859314931141556, std: 0.09548338166465797
--------------------------------------------------
Subject Number: 19
Accuracy Cross: [0.5625, 0.53125, 0.46875, 0.5, 0.46875, 0.59375, 0.5, 0.59375, 0.6875, 0.5625, 0.625, 0.5625, 0.71875, 0.75, 0.65625]
 mean: 0.5854166666666667, std: 0.08498365855987974
F1 Score: [0.5151515151515151, 0.43859649122807015, 0.39756367663344405, 0.3816425120772947, 0.4231177094379639, 0.5933528836754643, 0.4181818181818182, 0.5588547189819725, 0.6536796536796536, 0.45893719806763283, 0.6235294117647059, 0.5625, 0.716256157635468, 0.7333333333333334, 0.6389743589743591]
 mean: 0.5409114292548464, std: 0.11348233844779014
Accuracy Intime: [0.7857142857142857, 0.6428571428571429, 0.5833333333333334, 0.8333333333333334, 0.6666666666666666, 0.7857142857142857, 0.7142857142857143, 0.75, 0.9166666666666666, 0.5, 0.7142857142857143, 0.7142857142857143, 0.75, 0.9166666666666666, 0.75]
 mean: 0.7349206349206349, std: 0.10775545038385559
F1 (Intime): [0.7846153846153847, 0.625668449197861, 0.5555555555555556, 0.8285714285714285, 0.625, 0.7754010695187166, 0.6888888888888889, 0.7333333333333334, 0.916083916083916, 0.4857142857142857, 0.7083333333333333, 0.7083333333333333, 0.6210526315789473, 0.916083916083916, 0.7333333333333334]
 mean: 0.7137312572761491, std: 0.11735473353098758
--------------------------------------------------
Subject Number: 20
Accuracy Cross: [0.65625, 0.625, 0.6875, 0.59375, 0.65625, 0.625, 0.625, 0.53125, 0.65625, 0.6875, 0.6363636363636364, 0.5454545454545454, 0.5151515151515151, 0.5757575757575758, 0.6363636363636364]
 mean: 0.6168560606060607, std: 0.052019359240991055
F1 Score: [0.6476476476476476, 0.6, 0.6666666666666667, 0.539313399778516, 0.6476476476476476, 0.6235294117647059, 0.6235294117647059, 0.5195195195195195, 0.6101882613510521, 0.6761133603238867, 0.6333333333333333, 0.543778801843318, 0.5111111111111111, 0.5557692307692308, 0.6360294117647058]
 mean: 0.6022784810190698, std: 0.052598541887793414
Accuracy Intime: [0.7857142857142857, 0.7857142857142857, 0.6666666666666666, 0.4166666666666667, 0.6666666666666666, 0.7857142857142857, 0.7857142857142857, 0.75, 0.75, 0.5, 0.9285714285714286, 0.8571428571428571, 0.4166666666666667, 0.6666666666666666, 0.75]
 mean: 0.7007936507936507, std: 0.14553486896671872
F1 (Intime): [0.7846153846153847, 0.7846153846153847, 0.6571428571428571, 0.37777777777777777, 0.6666666666666666, 0.7754010695187166, 0.7846153846153847, 0.7333333333333334, 0.7333333333333334, 0.4857142857142857, 0.9251336898395721, 0.8541666666666667, 0.4125874125874126, 0.6571428571428571, 0.7482517482517483]
 mean: 0.6920331901214254, std: 0.15107429892099866
--------------------------------------------------
Subject Number: 21
Accuracy Cross: [0.53125, 0.5, 0.53125, 0.40625, 0.5, 0.5, 0.5, 0.46875, 0.5625, 0.53125, 0.53125, 0.40625, 0.4375, 0.4375, 0.5]
 mean: 0.4895833333333333, std: 0.04658474953124562
F1 Score: [0.530791788856305, 0.4980392156862745, 0.5270935960591133, 0.3764102564102564, 0.4666666666666667, 0.4920634920634921, 0.4817813765182186, 0.4420512820512821, 0.5151515151515151, 0.5076923076923077, 0.5195195195195195, 0.4056695992179863, 0.4375, 0.41700404858299595, 0.4920634920634921]
 mean: 0.473966543769295, std: 0.04624858026648672
Accuracy Intime: [0.35714285714285715, 0.7142857142857143, 0.6666666666666666, 0.5833333333333334, 0.6666666666666666, 0.5714285714285714, 0.5, 0.75, 0.6666666666666666, 0.5833333333333334, 0.6428571428571429, 0.5714285714285714, 0.5833333333333334, 0.5833333333333334, 0.8333333333333334]
 mean: 0.6182539682539683, std: 0.10705169549187231
F1 (Intime): [0.35384615384615387, 0.7083333333333333, 0.625, 0.5555555555555556, 0.6571428571428571, 0.5333333333333333, 0.49743589743589745, 0.6974789915966386, 0.6571428571428571, 0.5555555555555556, 0.641025641025641, 0.5714285714285714, 0.5555555555555556, 0.5555555555555556, 0.8285714285714285]
 mean: 0.599530752471929, std: 0.10538554363064066
--------------------------------------------------
Subject Number: 22
Accuracy Cross: [0.59375, 0.625, 0.53125, 0.6875, 0.5625, 0.6363636363636364, 0.6666666666666666, 0.48484848484848486, 0.6666666666666666, 0.5757575757575758, 0.625, 0.625, 0.5, 0.5, 0.5625]
 mean: 0.589520202020202, std: 0.06299246093930833
F1 Score: [0.5588547189819725, 0.6190476190476191, 0.5270935960591133, 0.6536796536796536, 0.5607843137254902, 0.5909090909090909, 0.6458536585365854, 0.4672364672364672, 0.6158730158730159, 0.5227272727272727, 0.6, 0.6190476190476191, 0.5, 0.4458874458874459, 0.5465587044534412]
 mean: 0.5649035450776524, std: 0.06127419043110829
Accuracy Intime: [0.7857142857142857, 0.7857142857142857, 0.6666666666666666, 0.6666666666666666, 0.5, 0.7142857142857143, 0.8571428571428571, 0.75, 0.5833333333333334, 0.5833333333333334, 0.42857142857142855, 0.6428571428571429, 0.8333333333333334, 0.8333333333333334, 0.6666666666666666]
 mean: 0.6865079365079365, std: 0.12176786294609948
F1 (Intime): [0.7754010695187166, 0.7754010695187166, 0.4, 0.625, 0.4857142857142857, 0.6888888888888889, 0.8444444444444444, 0.6974789915966386, 0.5555555555555556, 0.5555555555555556, 0.41666666666666663, 0.641025641025641, 0.7777777777777777, 0.8333333333333334, 0.6571428571428571]
 mean: 0.6486257424492717, std: 0.1379532161472983
--------------------------------------------------
Subject Number: 23
Accuracy Cross: [0.7272727272727273, 0.696969696969697, 0.48484848484848486, 0.696969696969697, 0.5454545454545454, 0.625, 0.59375, 0.6875, 0.75, 0.5, 0.7272727272727273, 0.7272727272727273, 0.8181818181818182, 0.6666666666666666, 0.7878787878787878]
 mean: 0.6690025252525252, std: 0.09674111085171386
F1 Score: [0.717948717948718, 0.6826923076923077, 0.48294930875576036, 0.6726190476190477, 0.5386766076421249, 0.625, 0.5901477832512315, 0.6825396825396826, 0.7408906882591093, 0.4980392156862745, 0.7102439024390244, 0.6996966632962589, 0.8096153846153846, 0.6329625884732053, 0.7746341463414634]
 mean: 0.6572437363039729, std: 0.09299770925189478
Accuracy Intime: [0.5, 0.7857142857142857, 0.8333333333333334, 0.4166666666666667, 0.5833333333333334, 0.7857142857142857, 0.8571428571428571, 0.8571428571428571, 0.6666666666666666, 0.6666666666666666, 0.7142857142857143, 0.7142857142857143, 0.8333333333333334, 0.4166666666666667, 0.75]
 mean: 0.692063492063492, std: 0.14559977518055398
F1 (Intime): [0.49743589743589745, 0.7754010695187166, 0.8125, 0.4125874125874126, 0.5555555555555556, 0.7543859649122806, 0.8444444444444444, 0.8444444444444444, 0.625, 0.6571428571428571, 0.7083333333333333, 0.7083333333333333, 0.8285714285714285, 0.29411764705882354, 0.7333333333333334]
 mean: 0.6701057814447909, std: 0.16002251402637882
--------------------------------------------------
Subject Number: 24
Accuracy Cross: [0.4375, 0.53125, 0.46875, 0.46875, 0.59375, 0.6875, 0.59375, 0.625, 0.40625, 0.65625, 0.53125, 0.4375, 0.34375, 0.4375, 0.59375]
 mean: 0.5208333333333334, std: 0.09793882727952631
F1 Score: [0.4285714285714286, 0.530791788856305, 0.464039408866995, 0.464039408866995, 0.5835835835835836, 0.6825396825396826, 0.5933528836754643, 0.6190476190476191, 0.4009852216748768, 0.6389743589743591, 0.530791788856305, 0.43529411764705883, 0.33793103448275863, 0.43529411764705883, 0.5933528836754643]
 mean: 0.5159059551310637, std: 0.09711035157711671
Accuracy Intime: [0.5714285714285714, 0.5714285714285714, 0.5, 0.5, 0.5833333333333334, 0.5, 0.7857142857142857, 0.5833333333333334, 0.5833333333333334, 0.5, 0.5714285714285714, 0.5714285714285714, 0.4166666666666667, 0.4166666666666667, 0.5833333333333334]
 mean: 0.5492063492063491, std: 0.08461225717350866
F1 (Intime): [0.5625, 0.5625, 0.4857142857142857, 0.4375, 0.5804195804195804, 0.47593582887700536, 0.7846153846153847, 0.5555555555555556, 0.5804195804195804, 0.4857142857142857, 0.5625, 0.5714285714285714, 0.4125874125874126, 0.4125874125874126, 0.5555555555555556]
 mean: 0.5350355635649753, std: 0.08895587785365784
--------------------------------------------------
Subject Number: 25
Accuracy Cross: [0.5454545454545454, 0.5757575757575758, 0.5757575757575758, 0.5454545454545454, 0.45454545454545453, 0.4375, 0.59375, 0.53125, 0.5625, 0.5625, 0.5, 0.59375, 0.5, 0.6875, 0.46875]
 mean: 0.5422979797979798, std: 0.06177714315824426
F1 Score: [0.5454545454545454, 0.5753676470588236, 0.5722222222222222, 0.4994944388270981, 0.4540441176470588, 0.4285714285714286, 0.5933528836754643, 0.530791788856305, 0.5333333333333333, 0.5151515151515151, 0.4458874458874459, 0.5733333333333333, 0.4458874458874459, 0.6536796536796536, 0.4420512820512821]
 mean: 0.5205748721091304, std: 0.06482797017181921
Accuracy Intime: [0.35714285714285715, 0.42857142857142855, 0.8333333333333334, 0.5833333333333334, 0.5833333333333334, 0.7857142857142857, 0.42857142857142855, 0.5, 0.6666666666666666, 0.5833333333333334, 0.7142857142857143, 0.5714285714285714, 0.5, 0.5, 0.5833333333333334]
 mean: 0.5746031746031746, std: 0.12817890306807886
F1 (Intime): [0.35384615384615387, 0.42857142857142855, 0.8125, 0.4957983193277311, 0.5555555555555556, 0.7846153846153847, 0.41666666666666663, 0.5, 0.625, 0.5804195804195804, 0.7142857142857143, 0.5714285714285714, 0.4857142857142857, 0.4857142857142857, 0.5804195804195804]
 mean: 0.5593690351043292, std: 0.12709356851277268
--------------------------------------------------
Subject Number: 26
Accuracy Cross: [0.696969696969697, 0.6666666666666666, 0.7272727272727273, 0.6666666666666666, 0.6363636363636364, 0.625, 0.625, 0.65625, 0.8125, 0.59375, 0.90625, 0.71875, 0.71875, 0.6875, 0.78125]
 mean: 0.7012626262626263, std: 0.07920869270993079
F1 Score: [0.6826923076923077, 0.6666666666666666, 0.717948717948718, 0.6158730158730159, 0.6278195488721805, 0.6235294117647059, 0.6235294117647059, 0.6559139784946236, 0.8, 0.5901477832512315, 0.9015384615384616, 0.681063122923588, 0.718475073313783, 0.6363636363636364, 0.7757757757757757]
 mean: 0.6878224608162267, std: 0.08108087835393558
Accuracy Intime: [0.7142857142857143, 0.9285714285714286, 0.75, 0.75, 0.6666666666666666, 0.8571428571428571, 1.0, 0.8333333333333334, 0.75, 0.8333333333333334, 0.7857142857142857, 0.6428571428571429, 0.4166666666666667, 0.8333333333333334, 0.5833333333333334]
 mean: 0.7563492063492064, std: 0.1380724301544587
F1 (Intime): [0.7083333333333333, 0.9282051282051282, 0.7333333333333334, 0.7482517482517483, 0.6666666666666666, 0.8541666666666667, 1.0, 0.8285714285714285, 0.7333333333333334, 0.8285714285714285, 0.7846153846153847, 0.5906432748538011, 0.4125874125874126, 0.8285714285714285, 0.5804195804195804]
 mean: 0.7484180098653785, std: 0.14189840520145203
--------------------------------------------------
Subject Number: 27
Accuracy Cross: [0.6363636363636364, 0.5151515151515151, 0.6363636363636364, 0.6060606060606061, 0.42424242424242425, 0.5757575757575758, 0.5454545454545454, 0.42424242424242425, 0.45454545454545453, 0.5757575757575758, 0.5625, 0.4375, 0.4375, 0.625, 0.5]
 mean: 0.5304292929292929, std: 0.07711990565992026
F1 Score: [0.6278195488721805, 0.5037593984962406, 0.6192307692307693, 0.5662285136501517, 0.4221198156682028, 0.5753676470588236, 0.5299145299145299, 0.41565703634669154, 0.4107142857142857, 0.5416666666666666, 0.5465587044534412, 0.4, 0.4375, 0.611336032388664, 0.4920634920634921]
 mean: 0.5133290960349427, std: 0.07758183788827061
Accuracy Intime: [0.8571428571428571, 0.5714285714285714, 0.75, 0.5833333333333334, 0.5833333333333334, 0.5714285714285714, 0.7857142857142857, 0.4166666666666667, 0.75, 0.5833333333333334, 0.5, 0.7857142857142857, 0.7142857142857143, 0.75, 0.6666666666666666]
 mean: 0.6579365079365078, std: 0.11995421987243857
F1 (Intime): [0.8444444444444444, 0.475, 0.6974789915966386, 0.5555555555555556, 0.5804195804195804, 0.5625, 0.7754010695187166, 0.37777777777777777, 0.7482517482517483, 0.5804195804195804, 0.47593582887700536, 0.7754010695187166, 0.7083333333333333, 0.7482517482517483, 0.6666666666666666]
 mean: 0.6381224929754341, std: 0.1300441309001881
--------------------------------------------------
Subject Number: 28
Accuracy Cross: [0.5625, 0.65625, 0.5, 0.53125, 0.46875, 0.53125, 0.59375, 0.53125, 0.625, 0.46875, 0.4375, 0.53125, 0.65625, 0.59375, 0.5625]
 mean: 0.55, std: 0.06434768838116875
F1 Score: [0.5555555555555556, 0.6532019704433498, 0.4920634920634921, 0.4684385382059801, 0.45545545545545546, 0.530791788856305, 0.5901477832512315, 0.5270935960591133, 0.6, 0.464039408866995, 0.37662337662337664, 0.530791788856305, 0.6476476476476476, 0.5588547189819725, 0.5625]
 mean: 0.5342136747244519, std: 0.07233432855534365
Accuracy Intime: [0.5, 0.6428571428571429, 0.8333333333333334, 0.6666666666666666, 0.5833333333333334, 0.7142857142857143, 0.5, 0.5, 0.9166666666666666, 0.75, 0.5714285714285714, 0.7857142857142857, 0.75, 0.25, 0.75]
 mean: 0.6476190476190475, std: 0.16240585388360043
F1 (Intime): [0.49743589743589745, 0.641025641025641, 0.8125, 0.625, 0.5804195804195804, 0.7083333333333333, 0.47593582887700536, 0.4857142857142857, 0.916083916083916, 0.7482517482517483, 0.5625, 0.7754010695187166, 0.6974789915966386, 0.2, 0.7333333333333334]
 mean: 0.6306275750393396, std: 0.16848837935956798
--------------------------------------------------
Subject Number: 29
Accuracy Cross: [0.78125, 0.75, 0.78125, 0.75, 0.875, 0.78125, 0.78125, 0.8125, 0.78125, 0.8125, 0.8787878787878788, 0.7878787878787878, 0.696969696969697, 0.8787878787878788, 0.8787878787878788]
 mean: 0.8018308080808081, std: 0.05293378963954413
F1 Score: [0.7810361681329423, 0.7490196078431373, 0.7624602332979851, 0.7333333333333334, 0.8704453441295547, 0.7810361681329423, 0.7810361681329423, 0.8056680161943319, 0.7624602332979851, 0.7922077922077921, 0.8759398496240601, 0.7847157502329916, 0.6944444444444444, 0.8730769230769231, 0.8759398496240601]
 mean: 0.7948546587803619, std: 0.05406700098794329
Accuracy Intime: [0.7142857142857143, 0.8571428571428571, 0.8333333333333334, 0.6666666666666666, 0.75, 0.5714285714285714, 0.8571428571428571, 0.75, 0.8333333333333334, 0.75, 0.9285714285714286, 1.0, 0.75, 0.75, 0.5833333333333334]
 mean: 0.773015873015873, std: 0.11289386137208758
F1 (Intime): [0.7142857142857143, 0.8571428571428571, 0.8285714285714285, 0.6666666666666666, 0.7482517482517483, 0.5625, 0.8571428571428571, 0.7482517482517483, 0.8333333333333334, 0.7333333333333334, 0.9251336898395721, 1.0, 0.7482517482517483, 0.7333333333333334, 0.5804195804195804]
 mean: 0.769107869254928, std: 0.11444669643469242
--------------------------------------------------
**************************************************
accuracy_cross_list: [0.6739267676767677, 0.5752525252525253, 0.5285984848484848, 0.6505050505050506, 0.56875, 0.5386994949494949, 0.51875, 0.55, 0.7145833333333333, 0.5090277777777777, 0.4949494949494949, 0.6675505050505051, 0.616729797979798, 0.6333333333333333, 0.6291666666666667, 0.5875, 0.5304292929292929, 0.6354166666666666, 0.5854166666666667, 0.6168560606060607, 0.4895833333333333, 0.589520202020202, 0.6690025252525252, 0.5208333333333334, 0.5422979797979798, 0.7012626262626263, 0.5304292929292929, 0.55, 0.8018308080808081]
f1_score_list: [0.6521841409412769, 0.559275865449549, 0.5182129746243244, 0.6317973035981441, 0.5516745987555407, 0.5157160182566783, 0.5085973790300723, 0.5278666818533201, 0.6988678026697477, 0.497774465752163, 0.47469407449655077, 0.6351036020449634, 0.6032397118529806, 0.6261794944310496, 0.6162942399627938, 0.575417046648284, 0.5133290960349427, 0.6194721690165946, 0.5409114292548464, 0.6022784810190698, 0.473966543769295, 0.5649035450776524, 0.6572437363039729, 0.5159059551310637, 0.5205748721091304, 0.6878224608162267, 0.5133290960349427, 0.5342136747244519, 0.7948546587803619]
accuracy_intime_list: [0.7246031746031746, 0.5357142857142858, 0.5619047619047619, 0.684126984126984, 0.6507936507936507, 0.5936507936507938, 0.5595238095238096, 0.6468253968253967, 0.7515873015873015, 0.657142857142857, 0.5801587301587302, 0.6174603174603176, 0.6071428571428572, 0.6571428571428571, 0.7087301587301587, 0.6222222222222221, 0.6579365079365078, 0.6984126984126984, 0.7349206349206349, 0.7007936507936507, 0.6182539682539683, 0.6865079365079365, 0.692063492063492, 0.5492063492063491, 0.5746031746031746, 0.7563492063492064, 0.6579365079365078, 0.6476190476190475, 0.773015873015873]
f1_score_intime_list: [0.7146919265804714, 0.5223386798386798, 0.5541214939744352, 0.664039419186478, 0.6408866864130022, 0.5717310848193201, 0.546991341991342, 0.6292681341133354, 0.7395848704672233, 0.6205378711415862, 0.5677353102120903, 0.5847643532937651, 0.5714068946189689, 0.6499484828896593, 0.6983309337721102, 0.6138073092484858, 0.6381224929754341, 0.6859314931141556, 0.7137312572761491, 0.6920331901214254, 0.599530752471929, 0.6486257424492717, 0.6701057814447909, 0.5350355635649753, 0.5593690351043292, 0.7484180098653785, 0.6381224929754341, 0.6306275750393396, 0.769107869254928]
**************************************************
ACC: 59.38±7.37
F1: 57.70±7.45
Intime: 65.19±6.43
F1 (Intime): 63.51±6.60
