1e-04
Subject Number: 1
Accuracy Cross: [0.3, 0.30952380952380953, 0.3142857142857143, 0.2904761904761905, 0.2904761904761905, 0.3142857142857143, 0.3476190476190476, 0.3333333333333333, 0.3523809523809524, 0.3047619047619048, 0.3333333333333333, 0.2857142857142857, 0.29523809523809524, 0.2857142857142857, 0.3142857142857143]
 mean: 0.31142857142857144, std: 0.020995626366712955
F1 Score: [0.23287790564653127, 0.2462712634788832, 0.2583630399528232, 0.222039956656005, 0.21756522587092167, 0.31669941765509135, 0.34480244050704, 0.3349446790825336, 0.35838414955707665, 0.30966269891001075, 0.3395572054569641, 0.2854055058778634, 0.29503783309026943, 0.28490928572341023, 0.314004157594184]
 mean: 0.2907016510039738, std: 0.0446749277148864
Accuracy Intime: [0.42857142857142855, 0.4880952380952381, 0.40476190476190477, 0.38095238095238093, 0.44047619047619047, 0.3333333333333333, 0.36904761904761907, 0.40476190476190477, 0.34523809523809523, 0.39285714285714285, 0.40476190476190477, 0.36904761904761907, 0.36904761904761907, 0.38095238095238093, 0.35714285714285715]
 mean: 0.3912698412698413, std: 0.038358876106649425
F1 (Intime): [0.41897955647955654, 0.46612558423084743, 0.3722947262077697, 0.3446846846846847, 0.4285989609519021, 0.2885598066183212, 0.3554625929209575, 0.3847390478758665, 0.3640586965591047, 0.3897988333688131, 0.38020514021427315, 0.34951496388028896, 0.35555485489015964, 0.36435423197492167, 0.31875579617515104]
 mean: 0.3721124984688411, std: 0.04205616481787481
--------------------------------------------------
Subject Number: 2
Accuracy Cross: [0.34285714285714286, 0.3142857142857143, 0.319047619047619, 0.3333333333333333, 0.2761904761904762, 0.3619047619047619, 0.3761904761904762, 0.4, 0.319047619047619, 0.3238095238095238, 0.29523809523809524, 0.3142857142857143, 0.2857142857142857, 0.3047619047619048, 0.3047619047619048]
 mean: 0.32476190476190475, std: 0.032585720432651025
F1 Score: [0.2512485732230692, 0.24141800098151034, 0.24686733229106111, 0.24206544154692455, 0.1861206433988002, 0.3757968470731294, 0.38905135182952333, 0.40339707640641853, 0.32381383010791587, 0.3347396652907014, 0.30157869832666584, 0.32566447488439604, 0.2953666216824112, 0.32112919113704663, 0.31780995764778636]
 mean: 0.3037378470551574, std: 0.05906688165374204
Accuracy Intime: [0.5595238095238095, 0.34523809523809523, 0.34523809523809523, 0.4166666666666667, 0.36904761904761907, 0.42857142857142855, 0.32142857142857145, 0.4166666666666667, 0.38095238095238093, 0.30952380952380953, 0.36904761904761907, 0.40476190476190477, 0.4166666666666667, 0.4880952380952381, 0.36904761904761907]
 mean: 0.3960317460317461, std: 0.06231043309965245
F1 (Intime): [0.5471196581196581, 0.2960027448962086, 0.3618512767425811, 0.4079903372332666, 0.3422112816281847, 0.41045828437132786, 0.32530675526024366, 0.4233707122027478, 0.35181077265337557, 0.2846819293835381, 0.36112511671335196, 0.3709711748879435, 0.41482408282408284, 0.48394072032376717, 0.36409719312945116]
 mean: 0.38305080269131525, std: 0.0662183481986234
--------------------------------------------------
Subject Number: 3
Accuracy Cross: [0.2523809523809524, 0.26666666666666666, 0.28095238095238095, 0.23333333333333334, 0.22857142857142856, 0.29523809523809524, 0.2857142857142857, 0.29523809523809524, 0.2904761904761905, 0.2904761904761905, 0.2714285714285714, 0.2714285714285714, 0.3, 0.2714285714285714, 0.2761904761904762]
 mean: 0.2739682539682539, std: 0.020928317109650176
F1 Score: [0.19634797600835335, 0.19368116465308494, 0.22483972633098573, 0.16473055142377113, 0.11967526623668819, 0.2963212056718346, 0.28367566254999693, 0.2875618069756945, 0.2929812030442172, 0.2841779167462489, 0.2661719778870945, 0.27744435752891594, 0.2873521666157817, 0.2760020338753444, 0.26505762135870015]
 mean: 0.24773470912711415, std: 0.052839812903594734
Accuracy Intime: [0.2976190476190476, 0.47619047619047616, 0.2857142857142857, 0.30952380952380953, 0.30952380952380953, 0.36904761904761907, 0.2857142857142857, 0.34523809523809523, 0.38095238095238093, 0.34523809523809523, 0.30952380952380953, 0.36904761904761907, 0.4166666666666667, 0.38095238095238093, 0.34523809523809523]
 mean: 0.3484126984126984, std: 0.050966966215880385
F1 (Intime): [0.27665560405272377, 0.4621690921690922, 0.2804208293799185, 0.2594035279141662, 0.2601437554657894, 0.321167987434854, 0.2837271062271062, 0.35465380596415075, 0.3446908693590616, 0.30472960502030266, 0.28212454212454213, 0.35873873873873874, 0.4116155980606108, 0.3715026715026715, 0.3330235952529457]
 mean: 0.3269844885777783, std: 0.05638667034149475
--------------------------------------------------
Subject Number: 4
Accuracy Cross: [0.3523809523809524, 0.2857142857142857, 0.2571428571428571, 0.2857142857142857, 0.26666666666666666, 0.2714285714285714, 0.2714285714285714, 0.2857142857142857, 0.30952380952380953, 0.2904761904761905, 0.37142857142857144, 0.38095238095238093, 0.3476190476190476, 0.3523809523809524, 0.3904761904761905]
 mean: 0.3146031746031746, std: 0.04455089293125939
F1 Score: [0.35151165051839717, 0.28694931553689623, 0.254247791424262, 0.28532791726150897, 0.2633870450537117, 0.25075448603845774, 0.27076067552630406, 0.2794082893305978, 0.2974140512940916, 0.2730942313500453, 0.34238070359539907, 0.36015822828503186, 0.29311410770511725, 0.33128139205303686, 0.3633666624993371]
 mean: 0.3002104364981463, std: 0.037738791284922794
Accuracy Intime: [0.35714285714285715, 0.32142857142857145, 0.32142857142857145, 0.4523809523809524, 0.39285714285714285, 0.36904761904761907, 0.35714285714285715, 0.40476190476190477, 0.39285714285714285, 0.34523809523809523, 0.3333333333333333, 0.32142857142857145, 0.40476190476190477, 0.36904761904761907, 0.36904761904761907]
 mean: 0.3674603174603174, std: 0.03607402595988416
F1 (Intime): [0.353350456576263, 0.31633071495140463, 0.2801110996724577, 0.4478081912480567, 0.360333894385822, 0.3718615765332964, 0.35068154256609263, 0.4054222991342667, 0.3965726227795193, 0.35442905635736854, 0.33250380682718644, 0.2907231121281465, 0.41162287317086077, 0.3783168111088022, 0.37783325531804235]
 mean: 0.36186008751717236, std: 0.04360813213047121
--------------------------------------------------
Subject Number: 5
Accuracy Cross: [0.319047619047619, 0.32857142857142857, 0.38571428571428573, 0.37142857142857144, 0.34285714285714286, 0.38095238095238093, 0.37142857142857144, 0.4095238095238095, 0.3952380952380952, 0.3476190476190476, 0.32857142857142857, 0.30952380952380953, 0.36666666666666664, 0.3142857142857143, 0.3238095238095238]
 mean: 0.35301587301587295, std: 0.031000776166942738
F1 Score: [0.2571441999150894, 0.25652109891034536, 0.32323274724127804, 0.3036244557151152, 0.2657731968989116, 0.38590879664356215, 0.375133990308329, 0.4164807534651168, 0.3951732376749553, 0.34494694371120727, 0.3477293646693001, 0.32894636737134075, 0.3781917356049736, 0.33307865434731104, 0.33488416990645276]
 mean: 0.3364513141588859, std: 0.04812022615575469
Accuracy Intime: [0.4642857142857143, 0.42857142857142855, 0.5, 0.42857142857142855, 0.47619047619047616, 0.5, 0.40476190476190477, 0.4642857142857143, 0.39285714285714285, 0.36904761904761907, 0.39285714285714285, 0.5, 0.44047619047619047, 0.32142857142857145, 0.40476190476190477]
 mean: 0.4325396825396826, std: 0.05081844632883213
F1 (Intime): [0.45943921839337803, 0.4125247759565135, 0.5099279328589674, 0.439637127005548, 0.4589047175254072, 0.49463443732930845, 0.38237183868762814, 0.4488349040942864, 0.3837145517996582, 0.31832504337767487, 0.37710694559955643, 0.48865800865800857, 0.44772969007885566, 0.31784401874424384, 0.38952380952380955]
 mean: 0.42194513464218963, std: 0.05756166506903575
--------------------------------------------------
Subject Number: 6
Accuracy Cross: [0.2714285714285714, 0.2714285714285714, 0.20952380952380953, 0.28095238095238095, 0.26666666666666666, 0.32857142857142857, 0.2761904761904762, 0.32857142857142857, 0.2523809523809524, 0.3047619047619048, 0.3238095238095238, 0.2571428571428571, 0.32857142857142857, 0.2619047619047619, 0.3047619047619048]
 mean: 0.28444444444444444, std: 0.03351274468672165
F1 Score: [0.26708849708849713, 0.2746984523402312, 0.21133383944628922, 0.2739122312150873, 0.24872029847900978, 0.3223788759766098, 0.2713178126221605, 0.3096281496281496, 0.23559517062067598, 0.2874562875765118, 0.30944811062974936, 0.2558130710788942, 0.32598580281507106, 0.2578509304315756, 0.29686495287770287]
 mean: 0.27653949885508106, std: 0.031479275866832454
Accuracy Intime: [0.34523809523809523, 0.27380952380952384, 0.30952380952380953, 0.35714285714285715, 0.27380952380952384, 0.2857142857142857, 0.3333333333333333, 0.23809523809523808, 0.2976190476190476, 0.27380952380952384, 0.23809523809523808, 0.3333333333333333, 0.27380952380952384, 0.35714285714285715, 0.27380952380952384]
 mean: 0.2976190476190476, std: 0.03839170356332642
F1 (Intime): [0.3231168831168832, 0.25884004884004885, 0.25877528268832617, 0.3331486042692939, 0.2524906204906205, 0.2750733137829912, 0.3185310663571533, 0.22136288998357964, 0.28737830231732675, 0.2520391750635653, 0.23042918316751987, 0.3189156320344716, 0.2683065953654189, 0.347525572466749, 0.25854616493117316]
 mean: 0.2802986223250081, std: 0.03763807582779197
--------------------------------------------------
Subject Number: 7
Accuracy Cross: [0.22857142857142856, 0.2571428571428571, 0.2571428571428571, 0.23809523809523808, 0.2523809523809524, 0.22857142857142856, 0.21904761904761905, 0.22857142857142856, 0.24285714285714285, 0.20476190476190476, 0.19047619047619047, 0.21428571428571427, 0.24761904761904763, 0.21428571428571427, 0.22857142857142856]
 mean: 0.23015873015873017, std: 0.018861524796841837
F1 Score: [0.20497608070850165, 0.2344454588624763, 0.22773580686091047, 0.20953256440349718, 0.21684720229555238, 0.23510493993970125, 0.22410104487212287, 0.2336906648764494, 0.24684927135650164, 0.19871248154830243, 0.19180242272347534, 0.2143944987311622, 0.23638940559538613, 0.21291276491338235, 0.23337824117463293]
 mean: 0.2213915232574703, std: 0.015309021715546677
Accuracy Intime: [0.27380952380952384, 0.27380952380952384, 0.2619047619047619, 0.39285714285714285, 0.30952380952380953, 0.2619047619047619, 0.27380952380952384, 0.2857142857142857, 0.27380952380952384, 0.19047619047619047, 0.2857142857142857, 0.2619047619047619, 0.21428571428571427, 0.27380952380952384, 0.2857142857142857]
 mean: 0.27460317460317457, std: 0.04225025921970211
F1 (Intime): [0.23219998392412186, 0.27229979105979957, 0.24917972350230416, 0.37048049989226456, 0.2961574102093378, 0.24300093196644917, 0.25447619047619047, 0.2759279412854919, 0.27047570414710376, 0.17091228070175438, 0.2855817940924324, 0.2427056277056277, 0.1789505068574836, 0.26653337196947746, 0.2730404028754853]
 mean: 0.2587948107110216, std: 0.04537807046884064
--------------------------------------------------
Subject Number: 8
Accuracy Cross: [0.3952380952380952, 0.38571428571428573, 0.38571428571428573, 0.35714285714285715, 0.3619047619047619, 0.3761904761904762, 0.3333333333333333, 0.3523809523809524, 0.3619047619047619, 0.3142857142857143, 0.38095238095238093, 0.3523809523809524, 0.35714285714285715, 0.3476190476190476, 0.3]
 mean: 0.35746031746031737, std: 0.02564167683340784
F1 Score: [0.3700303224710536, 0.3493911719939117, 0.3563489822040547, 0.3322167265553442, 0.33399356364613686, 0.38448425272762327, 0.3359999624028188, 0.3629787704555506, 0.3642640692640693, 0.3307426311538388, 0.37434058898847633, 0.3424670879505237, 0.33892342245837925, 0.32807619399168697, 0.3162163640644259]
 mean: 0.34803160735519284, std: 0.019110270225636796
Accuracy Intime: [0.36904761904761907, 0.44047619047619047, 0.44047619047619047, 0.35714285714285715, 0.39285714285714285, 0.4166666666666667, 0.4166666666666667, 0.34523809523809523, 0.32142857142857145, 0.4880952380952381, 0.42857142857142855, 0.4642857142857143, 0.34523809523809523, 0.4166666666666667, 0.44047619047619047]
 mean: 0.4055555555555556, std: 0.04691275144803698
F1 (Intime): [0.3388314660168207, 0.42310154123541543, 0.4452136752136752, 0.35817618913594146, 0.36959227424410956, 0.40039085204559743, 0.42160805671242096, 0.31421665568007034, 0.29135785354076205, 0.4919720531890917, 0.4194158782394076, 0.4633627542349651, 0.3476095709723701, 0.3910292935597698, 0.40586628535811836]
 mean: 0.3921162932919024, std: 0.05378995701434358
--------------------------------------------------
Subject Number: 9
Accuracy Cross: [0.24285714285714285, 0.23333333333333334, 0.32857142857142857, 0.2571428571428571, 0.32857142857142857, 0.3142857142857143, 0.28095238095238095, 0.2571428571428571, 0.30952380952380953, 0.3238095238095238, 0.2714285714285714, 0.3380952380952381, 0.3047619047619048, 0.3333333333333333, 0.29523809523809524]
 mean: 0.2946031746031746, std: 0.033889539416082595
F1 Score: [0.2139452502144817, 0.21825488465023346, 0.2917371838414838, 0.2321219825235437, 0.2938810576738032, 0.3034734167926018, 0.2693797911008585, 0.2540694158126386, 0.29553701761320667, 0.30216643674587595, 0.26930848173445315, 0.34389610389610387, 0.30751342916474034, 0.334143088978532, 0.2978369543435092]
 mean: 0.28181763300573776, std: 0.03743568513695261
Accuracy Intime: [0.36904761904761907, 0.36904761904761907, 0.4523809523809524, 0.34523809523809523, 0.38095238095238093, 0.36904761904761907, 0.35714285714285715, 0.30952380952380953, 0.47619047619047616, 0.44047619047619047, 0.27380952380952384, 0.4642857142857143, 0.36904761904761907, 0.34523809523809523, 0.32142857142857145]
 mean: 0.37619047619047613, std: 0.0566446535874777
F1 (Intime): [0.3805579994620449, 0.37861152531842185, 0.4449827043293467, 0.3060963738858476, 0.3673647920706744, 0.3524983117631882, 0.3090859238004145, 0.3060002927829015, 0.4766011929247223, 0.41789173789173784, 0.2586951186344513, 0.4589251035932958, 0.36332734953424606, 0.3407081807081807, 0.32659593280282934]
 mean: 0.36586283596682023, std: 0.06027439443557121
--------------------------------------------------
Subject Number: 10
Accuracy Cross: [0.3333333333333333, 0.34285714285714286, 0.30952380952380953, 0.3380952380952381, 0.3523809523809524, 0.24285714285714285, 0.2523809523809524, 0.28095238095238095, 0.3047619047619048, 0.29523809523809524, 0.2619047619047619, 0.319047619047619, 0.3380952380952381, 0.28095238095238095, 0.2523809523809524]
 mean: 0.3003174603174603, std: 0.03565462388787096
F1 Score: [0.32544263484749575, 0.33058755163120457, 0.3037511543263095, 0.3207197601353446, 0.3406534764129701, 0.231592197345622, 0.24521047894541873, 0.2688450303442371, 0.2956656491397386, 0.2855243298003988, 0.2611359999678385, 0.31521743669110014, 0.3341663210746327, 0.2807543927048673, 0.2516381840052987]
 mean: 0.29272697315816515, std: 0.03404371387435638
Accuracy Intime: [0.47619047619047616, 0.3333333333333333, 0.27380952380952384, 0.30952380952380953, 0.30952380952380953, 0.34523809523809523, 0.3333333333333333, 0.3333333333333333, 0.30952380952380953, 0.44047619047619047, 0.34523809523809523, 0.30952380952380953, 0.44047619047619047, 0.2857142857142857, 0.2261904761904762]
 mean: 0.3380952380952381, std: 0.06473972542708924
F1 (Intime): [0.45575874575874575, 0.3058479532163742, 0.25794871794871793, 0.30385135135135133, 0.29867633691864864, 0.33303834066624766, 0.33181106925528825, 0.28917556211673856, 0.3030766729296141, 0.43084255226702606, 0.3211826268969126, 0.3071703614569352, 0.41027375201288246, 0.28659553218376754, 0.22662477162477165]
 mean: 0.3241249564402681, std: 0.060510926772913504
--------------------------------------------------
Subject Number: 11
Accuracy Cross: [0.23809523809523808, 0.24285714285714285, 0.24761904761904763, 0.2571428571428571, 0.2761904761904762, 0.3047619047619048, 0.2904761904761905, 0.3142857142857143, 0.319047619047619, 0.30952380952380953, 0.3, 0.2904761904761905, 0.2904761904761905, 0.319047619047619, 0.3047619047619048]
 mean: 0.2869841269841269, std: 0.027131251579963808
F1 Score: [0.21909306901288192, 0.22022672544975253, 0.2186649461649462, 0.23659869281045748, 0.2390868475536668, 0.3098838034413204, 0.29604683139788757, 0.3224427802328926, 0.32149477368506973, 0.3113406536829585, 0.29632885263556774, 0.2867960348571968, 0.29161452028692225, 0.32642370135432114, 0.31391327363284344]
 mean: 0.2806637004132456, std: 0.04000367412204213
Accuracy Intime: [0.42857142857142855, 0.3333333333333333, 0.3333333333333333, 0.3333333333333333, 0.32142857142857145, 0.27380952380952384, 0.23809523809523808, 0.39285714285714285, 0.2857142857142857, 0.3333333333333333, 0.2261904761904762, 0.34523809523809523, 0.30952380952380953, 0.2619047619047619, 0.35714285714285715]
 mean: 0.31825396825396823, std: 0.05296690067766216
F1 (Intime): [0.4295996265460961, 0.3378364539654862, 0.312739665645326, 0.3357285281518472, 0.3134712075231351, 0.2595737595737596, 0.23893256227222076, 0.3936353042508993, 0.22321428571428567, 0.3284936575052854, 0.21853035853035854, 0.30624559548978153, 0.3211899932386748, 0.26099721841657325, 0.3567676767676768]
 mean: 0.3091303929060938, std: 0.05848397440083467
--------------------------------------------------
Subject Number: 12
Accuracy Cross: [0.36666666666666664, 0.3380952380952381, 0.36666666666666664, 0.4238095238095238, 0.3380952380952381, 0.3, 0.3, 0.3238095238095238, 0.3047619047619048, 0.3, 0.30952380952380953, 0.2857142857142857, 0.2857142857142857, 0.3, 0.22857142857142856]
 mean: 0.31809523809523804, std: 0.04351175547712866
F1 Score: [0.37708893219319756, 0.34304521898921264, 0.36330515588651685, 0.4202817106531095, 0.3448929602885712, 0.23376869261402683, 0.24363308280816626, 0.26652369766012446, 0.2424519267074717, 0.23730971718824767, 0.3210907122442476, 0.3037090499501307, 0.30190212641870967, 0.31615737689483103, 0.24634544199761593]
 mean: 0.3041003868329453, std: 0.05631009594233829
Accuracy Intime: [0.30952380952380953, 0.34523809523809523, 0.32142857142857145, 0.35714285714285715, 0.36904761904761907, 0.4523809523809524, 0.4166666666666667, 0.39285714285714285, 0.38095238095238093, 0.36904761904761907, 0.2976190476190476, 0.40476190476190477, 0.3333333333333333, 0.38095238095238093, 0.44047619047619047]
 mean: 0.3714285714285715, std: 0.044160088073789065
F1 (Intime): [0.2775796760710554, 0.29318223283740524, 0.30708144945138977, 0.35122502063234584, 0.3460512820512821, 0.42952590280176484, 0.393580381540034, 0.4076758453209252, 0.36338744588744587, 0.3496600621600622, 0.28425204425204426, 0.31452127452127454, 0.32350537393640844, 0.37306780464675204, 0.4396759889726642]
 mean: 0.3502647856721902, std: 0.04961039681240133
--------------------------------------------------
Subject Number: 13
Accuracy Cross: [0.3, 0.2714285714285714, 0.2571428571428571, 0.3, 0.2714285714285714, 0.28095238095238095, 0.2714285714285714, 0.24761904761904763, 0.2857142857142857, 0.2714285714285714, 0.2857142857142857, 0.2714285714285714, 0.30952380952380953, 0.2904761904761905, 0.26666666666666666]
 mean: 0.27873015873015866, std: 0.016206030499174885
F1 Score: [0.2894757113641204, 0.2607087012150567, 0.24303818263051175, 0.29151028216164515, 0.25697673600112625, 0.2751015378611247, 0.258295852073963, 0.24312365682650955, 0.28723412046567187, 0.263395691224019, 0.2749616646879612, 0.24199399401567212, 0.2754066842080968, 0.258991440800826, 0.23762929735616006]
 mean: 0.26385623685949766, std: 0.017304915106030837
Accuracy Intime: [0.39285714285714285, 0.40476190476190477, 0.34523809523809523, 0.39285714285714285, 0.2976190476190476, 0.35714285714285715, 0.4166666666666667, 0.39285714285714285, 0.35714285714285715, 0.2857142857142857, 0.32142857142857145, 0.38095238095238093, 0.35714285714285715, 0.2619047619047619, 0.32142857142857145]
 mean: 0.3523809523809523, std: 0.04492371967646001
F1 (Intime): [0.35345341964537014, 0.36120816290627616, 0.320202839612411, 0.38954018954018954, 0.2821376647583544, 0.3528974358974359, 0.4033528836754643, 0.35390601321452386, 0.34641551568546475, 0.2568551631178787, 0.31238095238095237, 0.37450469608364345, 0.35204975546531525, 0.23362397590615194, 0.2958500778119018]
 mean: 0.33255858304675556, std: 0.0466801573888836
--------------------------------------------------
Subject Number: 14
Accuracy Cross: [0.37142857142857144, 0.3380952380952381, 0.36666666666666664, 0.36666666666666664, 0.24285714285714285, 0.3904761904761905, 0.38095238095238093, 0.38571428571428573, 0.4, 0.40476190476190477, 0.3761904761904762, 0.3380952380952381, 0.3619047619047619, 0.36666666666666664, 0.35714285714285715]
 mean: 0.3631746031746031, std: 0.03714963986367168
F1 Score: [0.39224369263695114, 0.36342783576567383, 0.3799349737824717, 0.37818217383713393, 0.25077864096034364, 0.3616399245827965, 0.3467802514126044, 0.3663019260801666, 0.38413169222332977, 0.3978626831589137, 0.33400573487243584, 0.2906724365909364, 0.3350162698885482, 0.31485270082680283, 0.313251807705948]
 mean: 0.3472721829550037, std: 0.039867868628109274
Accuracy Intime: [0.4166666666666667, 0.44047619047619047, 0.42857142857142855, 0.38095238095238093, 0.42857142857142855, 0.4166666666666667, 0.42857142857142855, 0.3333333333333333, 0.32142857142857145, 0.2857142857142857, 0.40476190476190477, 0.5119047619047619, 0.42857142857142855, 0.4166666666666667, 0.44047619047619047]
 mean: 0.4055555555555556, std: 0.05385141413869007
F1 (Intime): [0.4005516794990479, 0.43657688085658436, 0.41115573246842596, 0.34201443001443, 0.4266953827197234, 0.4133562849776771, 0.4120915912475656, 0.3243764474008376, 0.2792169322473621, 0.27341176470588235, 0.4135509073434682, 0.4969655210885061, 0.4003545879976086, 0.413560763058611, 0.4054850067680862]
 mean: 0.3899575941595878, std: 0.05801237689297316
--------------------------------------------------
**************************************************
accuracy_cross_list: [0.31142857142857144, 0.32476190476190475, 0.2739682539682539, 0.3146031746031746, 0.35301587301587295, 0.28444444444444444, 0.23015873015873017, 0.35746031746031737, 0.2946031746031746, 0.3003174603174603, 0.2869841269841269, 0.31809523809523804, 0.27873015873015866, 0.3631746031746031]
f1_score_list: [0.2907016510039738, 0.3037378470551574, 0.24773470912711415, 0.3002104364981463, 0.3364513141588859, 0.27653949885508106, 0.2213915232574703, 0.34803160735519284, 0.28181763300573776, 0.29272697315816515, 0.2806637004132456, 0.3041003868329453, 0.26385623685949766, 0.3472721829550037]
accuracy_intime_list: [0.3912698412698413, 0.3960317460317461, 0.3484126984126984, 0.3674603174603174, 0.4325396825396826, 0.2976190476190476, 0.27460317460317457, 0.4055555555555556, 0.37619047619047613, 0.3380952380952381, 0.31825396825396823, 0.3714285714285715, 0.3523809523809523, 0.4055555555555556]
f1_score_intime_list: [0.3721124984688411, 0.38305080269131525, 0.3269844885777783, 0.36186008751717236, 0.42194513464218963, 0.2802986223250081, 0.2587948107110216, 0.3921162932919024, 0.36586283596682023, 0.3241249564402681, 0.3091303929060938, 0.3502647856721902, 0.33255858304675556, 0.3899575941595878]
**************************************************
ACC: 30.66±3.51
F1: 29.25±3.46
Intime: 36.25±4.28
F1 (Intime): 34.78±4.38
