1e-04
Subject Number: 1
Accuracy Cross: [0.75, 0.78125, 0.78125, 0.96875, 0.78125, 0.8181818181818182, 0.9393939393939394, 0.8181818181818182, 0.8484848484848485, 0.9090909090909091, 0.875, 0.8125, 0.96875, 0.90625, 0.84375]
 mean: 0.8534722222222223, std: 0.06877327174743281
F1 Score: [0.7490196078431373, 0.7702564102564102, 0.7624602332979851, 0.967967967967968, 0.7702564102564102, 0.8035714285714286, 0.9379699248120301, 0.8096153846153846, 0.8390243902439025, 0.905982905982906, 0.873015873015873, 0.7922077922077921, 0.9684729064039409, 0.9015384615384616, 0.8358974358974359]
 mean: 0.8458171421940711, std: 0.07292585685192303
Accuracy Intime: [0.9285714285714286, 0.8571428571428571, 0.9166666666666666, 0.8333333333333334, 0.8333333333333334, 0.9285714285714286, 0.9285714285714286, 0.9166666666666666, 0.75, 0.8333333333333334, 0.8571428571428571, 0.7857142857142857, 0.9166666666666666, 0.75, 0.9166666666666666]
 mean: 0.8634920634920635, std: 0.06252235679755914
F1 (Intime): [0.9282051282051282, 0.8444444444444444, 0.9111111111111111, 0.8333333333333334, 0.8285714285714285, 0.9251336898395721, 0.9251336898395721, 0.9111111111111111, 0.7333333333333334, 0.8285714285714285, 0.8444444444444444, 0.7543859649122806, 0.9111111111111111, 0.7333333333333334, 0.916083916083916]
 mean: 0.8552204978830368, std: 0.0684058028336011
--------------------------------------------------
Subject Number: 2
Accuracy Cross: [0.6666666666666666, 0.7878787878787878, 0.696969696969697, 0.7272727272727273, 0.7878787878787878, 0.625, 0.5, 0.8125, 0.75, 0.625, 0.6363636363636364, 0.6363636363636364, 0.6363636363636364, 0.696969696969697, 0.6363636363636364]
 mean: 0.681439393939394, std: 0.07947989121045546
F1 Score: [0.6654377880184332, 0.7806267806267806, 0.6726190476190477, 0.7102439024390244, 0.7806267806267806, 0.6, 0.4181818181818182, 0.8095238095238095, 0.7408906882591093, 0.6190476190476191, 0.6333333333333333, 0.6278195488721805, 0.6360294117647058, 0.6826923076923077, 0.6360294117647058]
 mean: 0.6675401498513105, std: 0.09202416615424726
Accuracy Intime: [0.7857142857142857, 0.8571428571428571, 0.75, 0.5, 0.5, 0.7857142857142857, 0.7142857142857143, 0.6428571428571429, 0.5, 0.5, 0.7857142857142857, 0.6428571428571429, 0.3333333333333333, 0.75, 0.4166666666666667]
 mean: 0.6309523809523809, std: 0.15527996319232504
F1 (Intime): [0.7846153846153847, 0.8541666666666667, 0.6974789915966386, 0.4857142857142857, 0.4375, 0.7543859649122806, 0.6888888888888889, 0.625668449197861, 0.5, 0.4857142857142857, 0.7846153846153847, 0.625668449197861, 0.3142857142857143, 0.7333333333333334, 0.29411764705882354]
 mean: 0.6044102297198273, std: 0.16941741740160765
--------------------------------------------------
Subject Number: 3
Accuracy Cross: [0.53125, 0.65625, 0.5625, 0.59375, 0.59375, 0.6363636363636364, 0.48484848484848486, 0.48484848484848486, 0.5151515151515151, 0.5151515151515151, 0.45454545454545453, 0.36363636363636365, 0.48484848484848486, 0.5454545454545454, 0.3939393939393939]
 mean: 0.5210858585858585, std: 0.07913061218850785
F1 Score: [0.4684385382059801, 0.6389743589743591, 0.5333333333333333, 0.5835835835835836, 0.5733333333333333, 0.6360294117647058, 0.48294930875576036, 0.4771668219944082, 0.45454545454545453, 0.47619047619047616, 0.4107142857142857, 0.26666666666666666, 0.40634920634920635, 0.4057623049219688, 0.3181818181818182]
 mean: 0.4754812601676894, std: 0.10322858534274981
Accuracy Intime: [0.42857142857142855, 0.35714285714285715, 0.7857142857142857, 0.6666666666666666, 0.75, 0.5, 0.5714285714285714, 0.5, 0.4166666666666667, 0.5833333333333334, 0.6428571428571429, 0.6428571428571429, 0.6666666666666666, 0.6666666666666666, 0.75]
 mean: 0.5952380952380952, std: 0.1262877732121656
F1 (Intime): [0.41666666666666663, 0.2631578947368421, 0.7754010695187166, 0.625, 0.7482517482517483, 0.49743589743589745, 0.5333333333333333, 0.4375, 0.37777777777777777, 0.4957983193277311, 0.641025641025641, 0.641025641025641, 0.625, 0.625, 0.7482517482517483]
 mean: 0.5633750491567828, std: 0.14341724881375034
--------------------------------------------------
Subject Number: 4
Accuracy Cross: [0.696969696969697, 0.8484848484848485, 0.7272727272727273, 0.8787878787878788, 0.8484848484848485, 0.6363636363636364, 0.5757575757575758, 0.6666666666666666, 0.6060606060606061, 0.6363636363636364, 0.5757575757575758, 0.7575757575757576, 0.8787878787878788, 0.696969696969697, 0.8181818181818182]
 mean: 0.7232323232323233, std: 0.10547698975520493
F1 Score: [0.6826923076923077, 0.8433048433048433, 0.717948717948718, 0.8730769230769231, 0.8433048433048433, 0.5695652173913044, 0.49782608695652175, 0.6552706552706553, 0.5662285136501517, 0.6071428571428572, 0.5657894736842105, 0.7518796992481203, 0.8759398496240601, 0.6966911764705883, 0.8035714285714286]
 mean: 0.7033488395558355, std: 0.12118414504573345
Accuracy Intime: [0.7857142857142857, 0.8571428571428571, 0.7142857142857143, 0.75, 0.8333333333333334, 0.9285714285714286, 0.8571428571428571, 0.7142857142857143, 0.5833333333333334, 0.5833333333333334, 0.9285714285714286, 0.9285714285714286, 0.9285714285714286, 0.9166666666666666, 0.6666666666666666]
 mean: 0.7984126984126984, std: 0.12011164706281025
F1 (Intime): [0.7543859649122806, 0.8444444444444444, 0.65, 0.7482517482517483, 0.8285714285714285, 0.9282051282051282, 0.8444444444444444, 0.7083333333333333, 0.5555555555555556, 0.4957983193277311, 0.9251336898395721, 0.9251336898395721, 0.9251336898395721, 0.916083916083916, 0.625]
 mean: 0.7782983568432486, std: 0.13980174629964054
--------------------------------------------------
Subject Number: 5
Accuracy Cross: [0.46875, 0.5625, 0.65625, 0.5625, 0.5, 0.59375, 0.5, 0.53125, 0.78125, 0.78125, 0.65625, 0.5625, 0.46875, 0.625, 0.59375]
 mean: 0.5895833333333333, std: 0.09469431814469592
F1 Score: [0.45545545545545546, 0.5607843137254902, 0.6532019704433498, 0.5607843137254902, 0.5, 0.5933528836754643, 0.4458874458874459, 0.5076923076923077, 0.7624602332979851, 0.7624602332979851, 0.6559139784946236, 0.5607843137254902, 0.4420512820512821, 0.6190476190476191, 0.5933528836754643]
 mean: 0.578215282279697, std: 0.09825204699140329
Accuracy Intime: [0.7857142857142857, 0.9285714285714286, 0.6666666666666666, 0.5, 0.8333333333333334, 0.7142857142857143, 0.8571428571428571, 1.0, 0.4166666666666667, 0.5, 1.0, 0.9285714285714286, 0.9166666666666666, 0.5, 0.75]
 mean: 0.7531746031746032, std: 0.19025118985996983
F1 (Intime): [0.7846153846153847, 0.9282051282051282, 0.6571428571428571, 0.4375, 0.8285714285714285, 0.7083333333333333, 0.8571428571428571, 1.0, 0.4125874125874126, 0.4375, 1.0, 0.9282051282051282, 0.9111111111111111, 0.3333333333333333, 0.7482517482517483]
 mean: 0.7314999814999815, std: 0.21928990447961208
--------------------------------------------------
Subject Number: 6
Accuracy Cross: [0.6875, 0.5625, 0.71875, 0.65625, 0.65625, 0.48484848484848486, 0.5151515151515151, 0.5454545454545454, 0.5151515151515151, 0.5454545454545454, 0.696969696969697, 0.6363636363636364, 0.6060606060606061, 0.7272727272727273, 0.6666666666666666]
 mean: 0.614709595959596, std: 0.078000161711484
F1 Score: [0.6536796536796536, 0.5607843137254902, 0.681063122923588, 0.6476476476476476, 0.6532019704433498, 0.48484848484848486, 0.38888888888888884, 0.4994944388270981, 0.4260869565217391, 0.35294117647058826, 0.6726190476190477, 0.6192307692307693, 0.5662285136501517, 0.7102439024390244, 0.6158730158730159]
 mean: 0.5688554601859024, std: 0.10952750027222163
Accuracy Intime: [0.7142857142857143, 0.7142857142857143, 0.7857142857142857, 0.5833333333333334, 0.75, 0.9285714285714286, 0.8571428571428571, 0.75, 0.5833333333333334, 0.5, 0.6428571428571429, 0.8571428571428571, 0.8333333333333334, 0.6666666666666666, 0.5833333333333334]
 mean: 0.7166666666666667, std: 0.119222094367346
F1 (Intime): [0.7142857142857143, 0.6888888888888889, 0.7543859649122806, 0.5555555555555556, 0.7482517482517483, 0.9282051282051282, 0.8541666666666667, 0.7333333333333334, 0.5555555555555556, 0.3333333333333333, 0.641025641025641, 0.8571428571428571, 0.8285714285714285, 0.625, 0.5555555555555556]
 mean: 0.6915504914189124, std: 0.1480682825576028
--------------------------------------------------
Subject Number: 7
Accuracy Cross: [0.6875, 0.53125, 0.5625, 0.6875, 0.5625, 0.4375, 0.53125, 0.40625, 0.5, 0.46875, 0.59375, 0.53125, 0.53125, 0.625, 0.65625]
 mean: 0.5541666666666667, std: 0.0818620112682854
F1 Score: [0.6363636363636364, 0.4684385382059801, 0.5555555555555556, 0.6862745098039216, 0.5465587044534412, 0.4285714285714286, 0.5270935960591133, 0.3552492046659597, 0.4980392156862745, 0.4682306940371457, 0.5901477832512315, 0.5270935960591133, 0.5270935960591133, 0.6235294117647059, 0.6476476476476476]
 mean: 0.5390591412122845, std: 0.08606794500558061
Accuracy Intime: [0.7857142857142857, 0.5714285714285714, 0.25, 0.5, 0.6666666666666666, 0.7142857142857143, 0.5714285714285714, 0.5833333333333334, 0.5833333333333334, 0.6666666666666666, 0.7857142857142857, 0.7142857142857143, 0.6666666666666666, 0.5, 0.6666666666666666]
 mean: 0.615079365079365, std: 0.13016840846711686
F1 (Intime): [0.7754010695187166, 0.475, 0.24475524475524477, 0.4857142857142857, 0.6571428571428571, 0.7083333333333333, 0.5625, 0.5804195804195804, 0.5804195804195804, 0.6571428571428571, 0.7754010695187166, 0.7083333333333333, 0.6571428571428571, 0.4857142857142857, 0.6666666666666666]
 mean: 0.6013391347214875, std: 0.13399902411435363
--------------------------------------------------
Subject Number: 8
Accuracy Cross: [0.625, 0.625, 0.59375, 0.71875, 0.71875, 0.71875, 0.75, 0.6875, 0.625, 0.71875, 0.59375, 0.75, 0.6875, 0.75, 0.65625]
 mean: 0.68125, std: 0.054962108159470495
F1 Score: [0.5636363636363637, 0.5844155844155844, 0.5835835835835836, 0.6631578947368422, 0.6631578947368422, 0.694591728525981, 0.7333333333333334, 0.6536796536796536, 0.611336032388664, 0.681063122923588, 0.5901477832512315, 0.7490196078431373, 0.6825396825396826, 0.7333333333333334, 0.6267232237539766]
 mean: 0.6542479215121197, std: 0.057495044588147776
Accuracy Intime: [0.7857142857142857, 0.7857142857142857, 0.8333333333333334, 0.5833333333333334, 0.75, 0.6428571428571429, 0.7857142857142857, 0.5833333333333334, 0.25, 0.5, 0.7857142857142857, 0.7857142857142857, 0.6666666666666666, 0.8333333333333334, 0.8333333333333334]
 mean: 0.6936507936507936, std: 0.15621821924212184
F1 (Intime): [0.7754010695187166, 0.7846153846153847, 0.8285714285714285, 0.4957983193277311, 0.7333333333333334, 0.625668449197861, 0.7754010695187166, 0.3684210526315789, 0.2, 0.5, 0.7754010695187166, 0.7846153846153847, 0.625, 0.8285714285714285, 0.8285714285714285]
 mean: 0.6619579611994474, std: 0.18496190450237077
--------------------------------------------------
Subject Number: 9
Accuracy Cross: [0.9375, 0.84375, 0.9375, 0.90625, 0.84375, 0.625, 0.8125, 0.625, 0.53125, 0.8125, 0.78125, 0.8125, 0.6875, 0.84375, 0.78125]
 mean: 0.7854166666666667, std: 0.11516895800904377
F1 Score: [0.9365079365079365, 0.8358974358974359, 0.9352226720647774, 0.9039039039039038, 0.8303287380699894, 0.6, 0.8095238095238095, 0.6235294117647059, 0.5076923076923077, 0.8, 0.7810361681329423, 0.8095238095238095, 0.6862745098039216, 0.8423645320197044, 0.7624602332979851]
 mean: 0.7776176978802152, std: 0.11990933203534385
Accuracy Intime: [1.0, 0.9285714285714286, 0.9166666666666666, 0.5833333333333334, 0.5833333333333334, 1.0, 0.9285714285714286, 1.0, 0.8333333333333334, 0.5833333333333334, 1.0, 0.8571428571428571, 0.9166666666666666, 0.6666666666666666, 0.6666666666666666]
 mean: 0.8309523809523809, std: 0.1605569482634635
F1 (Intime): [1.0, 0.9251336898395721, 0.8991596638655461, 0.4957983193277311, 0.4957983193277311, 1.0, 0.9251336898395721, 1.0, 0.8285714285714285, 0.5555555555555556, 1.0, 0.8444444444444444, 0.8991596638655461, 0.6666666666666666, 0.625]
 mean: 0.8106947627535863, std: 0.18353770070552095
--------------------------------------------------
Subject Number: 10
Accuracy Cross: [0.53125, 0.4375, 0.6875, 0.625, 0.59375, 0.46875, 0.625, 0.5, 0.46875, 0.4375, 0.5151515151515151, 0.5454545454545454, 0.5454545454545454, 0.5757575757575758, 0.5757575757575758]
 mean: 0.5421717171717172, std: 0.0707582336539974
F1 Score: [0.43859649122807015, 0.34545454545454546, 0.6875, 0.6, 0.5933528836754643, 0.4682306940371457, 0.611336032388664, 0.4817813765182186, 0.4682306940371457, 0.43529411764705883, 0.5111111111111111, 0.5386766076421249, 0.543778801843318, 0.5416666666666666, 0.5657894736842105]
 mean: 0.5220532997289162, std: 0.08277029428827898
Accuracy Intime: [0.7142857142857143, 0.8571428571428571, 0.8333333333333334, 0.75, 0.6666666666666666, 0.7857142857142857, 0.7857142857142857, 0.8333333333333334, 0.6666666666666666, 0.6666666666666666, 0.7142857142857143, 0.8571428571428571, 0.8333333333333334, 0.8333333333333334, 1.0]
 mean: 0.7865079365079366, std: 0.08913655971967739
F1 (Intime): [0.65, 0.8444444444444444, 0.8285714285714285, 0.7333333333333334, 0.6571428571428571, 0.7846153846153847, 0.7846153846153847, 0.7777777777777777, 0.6666666666666666, 0.6571428571428571, 0.65, 0.8571428571428571, 0.8285714285714285, 0.8285714285714285, 1.0]
 mean: 0.76990638990639, std: 0.09767666474092329
--------------------------------------------------
Subject Number: 11
Accuracy Cross: [0.45454545454545453, 0.42424242424242425, 0.45454545454545453, 0.48484848484848486, 0.5151515151515151, 0.5757575757575758, 0.5454545454545454, 0.5757575757575758, 0.45454545454545453, 0.6666666666666666, 0.45454545454545453, 0.696969696969697, 0.5454545454545454, 0.5757575757575758, 0.6363636363636364]
 mean: 0.5373737373737374, std: 0.08166215325821308
F1 Score: [0.4107142857142857, 0.4045584045584045, 0.44172932330827064, 0.48294930875576036, 0.49230769230769234, 0.49782608695652175, 0.5170731707317073, 0.4225, 0.38636363636363635, 0.6158730158730159, 0.4288461538461539, 0.6826923076923077, 0.47619047619047616, 0.5416666666666666, 0.5909090909090909]
 mean: 0.4928133079915994, std: 0.0823410560532611
Accuracy Intime: [0.6428571428571429, 0.7857142857142857, 0.7142857142857143, 0.8333333333333334, 0.6666666666666666, 0.6428571428571429, 0.35714285714285715, 0.6428571428571429, 0.4166666666666667, 0.5, 0.35714285714285715, 0.6428571428571429, 0.5, 0.5833333333333334, 0.5]
 mean: 0.5857142857142857, std: 0.13965999096499201
F1 (Intime): [0.5238095238095237, 0.7543859649122806, 0.65, 0.8285714285714285, 0.625, 0.5906432748538011, 0.35384615384615387, 0.625668449197861, 0.37777777777777777, 0.4857142857142857, 0.3262032085561497, 0.5906432748538011, 0.4269005847953216, 0.4957983193277311, 0.4375]
 mean: 0.5394974830810744, std: 0.14051418616283756
--------------------------------------------------
Subject Number: 12
Accuracy Cross: [0.78125, 0.84375, 0.8125, 0.78125, 0.71875, 0.7878787878787878, 0.6363636363636364, 0.696969696969697, 0.7575757575757576, 0.6666666666666666, 0.625, 0.6875, 0.8125, 0.65625, 0.78125]
 mean: 0.7363636363636364, std: 0.0684109855213775
F1 Score: [0.751937984496124, 0.8398398398398399, 0.7922077922077921, 0.751937984496124, 0.7046153846153846, 0.7746341463414634, 0.5909090909090909, 0.6413043478260869, 0.7272727272727273, 0.593505039193729, 0.6, 0.6666666666666667, 0.8095238095238095, 0.5883040935672514, 0.7702564102564102]
 mean: 0.7068610211474999, std: 0.08417739943906949
Accuracy Intime: [0.9285714285714286, 1.0, 0.8333333333333334, 0.5, 0.6666666666666666, 0.8571428571428571, 0.7857142857142857, 0.75, 0.5833333333333334, 0.5833333333333334, 1.0, 0.7857142857142857, 0.9166666666666666, 0.5833333333333334, 0.5833333333333334]
 mean: 0.7571428571428572, std: 0.16029781429207898
F1 (Intime): [0.9251336898395721, 1.0, 0.8125, 0.3333333333333333, 0.6571428571428571, 0.8541666666666667, 0.7754010695187166, 0.6974789915966386, 0.4957983193277311, 0.4957983193277311, 1.0, 0.7754010695187166, 0.8991596638655461, 0.4957983193277311, 0.4957983193277311]
 mean: 0.7141940412528648, std: 0.20301112970556567
--------------------------------------------------
Subject Number: 13
Accuracy Cross: [0.875, 0.84375, 0.90625, 0.90625, 0.84375, 0.7878787878787878, 0.8484848484848485, 0.8484848484848485, 0.7878787878787878, 0.7272727272727273, 0.8125, 0.6875, 0.8125, 0.78125, 0.75]
 mean: 0.8145833333333333, std: 0.06052334159283933
F1 Score: [0.8704453441295547, 0.8358974358974359, 0.9015384615384616, 0.9039039039039038, 0.8358974358974359, 0.7664307381193125, 0.8462255358807083, 0.8484848484848485, 0.7870967741935484, 0.723205964585275, 0.8125, 0.6761133603238867, 0.8117647058823529, 0.7793103448275862, 0.7490196078431373]
 mean: 0.8098556307671634, std: 0.06193372265761851
Accuracy Intime: [0.8571428571428571, 0.5714285714285714, 1.0, 0.6666666666666666, 0.9166666666666666, 0.7857142857142857, 0.7142857142857143, 0.9166666666666666, 0.8333333333333334, 0.6666666666666666, 0.7857142857142857, 0.7857142857142857, 1.0, 0.9166666666666666, 0.8333333333333334]
 mean: 0.8166666666666667, std: 0.12053044766075956
F1 (Intime): [0.8541666666666667, 0.5625, 1.0, 0.6571428571428571, 0.916083916083916, 0.7754010695187166, 0.65, 0.8991596638655461, 0.8333333333333334, 0.6571428571428571, 0.7543859649122806, 0.7543859649122806, 1.0, 0.916083916083916, 0.8285714285714285]
 mean: 0.8038905092155866, std: 0.1280382700289875
--------------------------------------------------
Subject Number: 14
Accuracy Cross: [0.75, 0.78125, 0.71875, 0.71875, 0.71875, 0.78125, 0.625, 0.71875, 0.625, 0.71875, 0.71875, 0.6875, 0.65625, 0.65625, 0.71875]
 mean: 0.70625, std: 0.04677071733467427
F1 Score: [0.7333333333333334, 0.7702564102564102, 0.716256157635468, 0.694591728525981, 0.6631578947368422, 0.7757757757757757, 0.5, 0.718475073313783, 0.536231884057971, 0.694591728525981, 0.6631578947368422, 0.6363636363636364, 0.5883040935672514, 0.5594493116395495, 0.6631578947368422]
 mean: 0.6608735211470443, std: 0.0802753545911551
Accuracy Intime: [0.8571428571428571, 0.7857142857142857, 0.8333333333333334, 0.5833333333333334, 0.9166666666666666, 1.0, 0.7142857142857143, 0.75, 0.75, 0.6666666666666666, 0.7142857142857143, 0.6428571428571429, 0.5833333333333334, 0.4166666666666667, 0.8333333333333334]
 mean: 0.7365079365079364, std: 0.14185273006522972
F1 (Intime): [0.8444444444444444, 0.7543859649122806, 0.8285714285714285, 0.5555555555555556, 0.916083916083916, 1.0, 0.65, 0.7333333333333334, 0.7333333333333334, 0.6571428571428571, 0.65, 0.5238095238095237, 0.3684210526315789, 0.37777777777777777, 0.8333333333333334]
 mean: 0.695079501395291, std: 0.17686105791540138
--------------------------------------------------
Subject Number: 15
Accuracy Cross: [0.8125, 0.6875, 0.71875, 0.75, 0.75, 0.625, 0.5, 0.65625, 0.59375, 0.65625, 0.75, 0.625, 0.53125, 0.5, 0.53125]
 mean: 0.6458333333333334, std: 0.09660019266141358
F1 Score: [0.8, 0.6862745098039216, 0.716256157635468, 0.7408906882591093, 0.7408906882591093, 0.625, 0.4980392156862745, 0.6532019704433498, 0.5835835835835836, 0.6389743589743591, 0.722943722943723, 0.6, 0.530791788856305, 0.5, 0.5270935960591133]
 mean: 0.6375960187002878, std: 0.0932085395921584
Accuracy Intime: [0.7857142857142857, 0.7857142857142857, 0.9166666666666666, 0.75, 0.5833333333333334, 0.6428571428571429, 0.5714285714285714, 0.9166666666666666, 0.75, 0.75, 0.7857142857142857, 0.8571428571428571, 1.0, 0.75, 0.9166666666666666]
 mean: 0.7841269841269842, std: 0.1196703290474334
F1 (Intime): [0.7754010695187166, 0.7543859649122806, 0.9111111111111111, 0.7482517482517483, 0.5555555555555556, 0.625668449197861, 0.5333333333333333, 0.9111111111111111, 0.7333333333333334, 0.7482517482517483, 0.7543859649122806, 0.8444444444444444, 1.0, 0.7333333333333334, 0.916083916083916]
 mean: 0.7696434055567184, std: 0.12821493068665576
--------------------------------------------------
Subject Number: 16
Accuracy Cross: [0.59375, 0.5625, 0.53125, 0.625, 0.59375, 0.71875, 0.78125, 0.71875, 0.625, 0.75, 0.5625, 0.5625, 0.5625, 0.53125, 0.5]
 mean: 0.6145833333333334, std: 0.08436856971381912
F1 Score: [0.5933528836754643, 0.5607843137254902, 0.5195195195195195, 0.625, 0.5901477832512315, 0.718475073313783, 0.7793103448275862, 0.716256157635468, 0.6, 0.7333333333333334, 0.5555555555555556, 0.5333333333333333, 0.49090909090909085, 0.530791788856305, 0.3816425120772947]
 mean: 0.5952274460008972, std: 0.10221276251776364
Accuracy Intime: [0.7857142857142857, 0.6428571428571429, 0.6666666666666666, 0.9166666666666666, 0.6666666666666666, 0.6428571428571429, 0.7142857142857143, 0.75, 0.5833333333333334, 0.5, 0.7857142857142857, 0.7857142857142857, 0.75, 0.8333333333333334, 0.6666666666666666]
 mean: 0.7126984126984126, std: 0.10100278266624148
F1 (Intime): [0.7846153846153847, 0.5906432748538011, 0.6571428571428571, 0.916083916083916, 0.6666666666666666, 0.641025641025641, 0.6888888888888889, 0.7333333333333334, 0.4957983193277311, 0.4857142857142857, 0.7846153846153847, 0.7754010695187166, 0.7333333333333334, 0.8333333333333334, 0.625]
 mean: 0.6941063792302182, std: 0.11486976680799411
--------------------------------------------------
Subject Number: 17
Accuracy Cross: [0.6363636363636364, 0.6060606060606061, 0.5757575757575758, 0.6666666666666666, 0.6666666666666666, 0.36363636363636365, 0.5757575757575758, 0.48484848484848486, 0.5757575757575758, 0.5757575757575758, 0.59375, 0.5625, 0.53125, 0.53125, 0.5625]
 mean: 0.5672348484848485, std: 0.07207760384773466
F1 Score: [0.6192307692307693, 0.5814634146341464, 0.5557692307692308, 0.593505039193729, 0.6666666666666666, 0.36363636363636365, 0.5416666666666666, 0.4771668219944082, 0.5557692307692308, 0.5227272727272727, 0.5835835835835836, 0.5555555555555556, 0.4684385382059801, 0.5270935960591133, 0.5333333333333333]
 mean: 0.54304040553507, std: 0.06835664876864078
Accuracy Intime: [0.9285714285714286, 0.7857142857142857, 0.8333333333333334, 0.5, 0.75, 0.8571428571428571, 0.8571428571428571, 0.5, 0.6666666666666666, 0.8333333333333334, 0.8571428571428571, 0.8571428571428571, 0.6428571428571429, 0.75, 0.6666666666666666]
 mean: 0.7523809523809525, std: 0.12734571534579095
F1 (Intime): [0.9282051282051282, 0.7543859649122806, 0.7777777777777777, 0.3333333333333333, 0.7333333333333334, 0.8541666666666667, 0.8444444444444444, 0.4857142857142857, 0.625, 0.8285714285714285, 0.8541666666666667, 0.8444444444444444, 0.625668449197861, 0.7482517482517483, 0.625]
 mean: 0.7241642447679599, std: 0.15463876155778108
--------------------------------------------------
Subject Number: 18
Accuracy Cross: [0.696969696969697, 0.7878787878787878, 0.7575757575757576, 0.7878787878787878, 0.8181818181818182, 0.6875, 0.75, 0.71875, 0.8125, 0.84375, 0.78125, 0.75, 0.84375, 0.8125, 0.84375]
 mean: 0.7794823232323231, std: 0.04992589332708733
F1 Score: [0.6966911764705883, 0.7746341463414634, 0.7573529411764706, 0.7806267806267806, 0.8096153846153846, 0.6862745098039216, 0.746031746031746, 0.7046153846153846, 0.8, 0.8358974358974359, 0.7810361681329423, 0.7333333333333334, 0.8398398398398399, 0.8056680161943319, 0.8358974358974359]
 mean: 0.7725009532651372, std: 0.04912885892143185
Accuracy Intime: [1.0, 0.9285714285714286, 0.9166666666666666, 0.75, 0.5833333333333334, 0.9285714285714286, 1.0, 0.9166666666666666, 0.9166666666666666, 0.75, 0.9285714285714286, 0.7142857142857143, 1.0, 0.9166666666666666, 0.6666666666666666]
 mean: 0.8611111111111109, std: 0.12782459952563963
F1 (Intime): [1.0, 0.9251336898395721, 0.9111111111111111, 0.7333333333333334, 0.5555555555555556, 0.9282051282051282, 1.0, 0.8991596638655461, 0.916083916083916, 0.7333333333333334, 0.9282051282051282, 0.65, 1.0, 0.916083916083916, 0.6571428571428571]
 mean: 0.8502231755172932, std: 0.13937370565364127
--------------------------------------------------
Subject Number: 19
Accuracy Cross: [0.53125, 0.59375, 0.625, 0.53125, 0.625, 0.5, 0.59375, 0.71875, 0.5, 0.53125, 0.40625, 0.46875, 0.59375, 0.53125, 0.6875]
 mean: 0.5625, std: 0.07987620630283672
F1 Score: [0.3992490613266583, 0.4340136054421769, 0.5844155844155844, 0.3992490613266583, 0.5844155844155844, 0.3816425120772947, 0.4793491864831039, 0.7046153846153846, 0.4458874458874459, 0.43859649122807015, 0.3266888150609081, 0.45545545545545546, 0.5901477832512315, 0.5195195195195195, 0.6862745098039216]
 mean: 0.4953013333539333, std: 0.10856773742015244
Accuracy Intime: [0.7142857142857143, 0.7857142857142857, 0.75, 0.8333333333333334, 0.9166666666666666, 1.0, 0.8571428571428571, 0.75, 0.75, 0.8333333333333334, 0.8571428571428571, 0.7857142857142857, 0.8333333333333334, 0.8333333333333334, 0.75]
 mean: 0.8166666666666669, std: 0.07219169073820207
F1 (Intime): [0.7142857142857143, 0.7543859649122806, 0.7482517482517483, 0.8285714285714285, 0.916083916083916, 1.0, 0.8444444444444444, 0.7482517482517483, 0.7333333333333334, 0.8285714285714285, 0.8571428571428571, 0.7543859649122806, 0.8125, 0.8285714285714285, 0.7333333333333334]
 mean: 0.8068075540443964, std: 0.0758854615961869
--------------------------------------------------
Subject Number: 20
Accuracy Cross: [0.6875, 0.75, 0.6875, 0.625, 0.625, 0.71875, 0.65625, 0.625, 0.625, 0.71875, 0.5757575757575758, 0.5757575757575758, 0.5757575757575758, 0.6060606060606061, 0.696969696969697]
 mean: 0.6499368686868687, std: 0.055061942792895974
F1 Score: [0.6862745098039216, 0.722943722943723, 0.6666666666666667, 0.6, 0.5844155844155844, 0.7117117117117118, 0.6476476476476476, 0.5844155844155844, 0.6, 0.694591728525981, 0.5416666666666666, 0.5557692307692308, 0.5657894736842105, 0.5814634146341464, 0.6826923076923077]
 mean: 0.6284032166384922, std: 0.059327353631588024
Accuracy Intime: [0.7857142857142857, 0.8571428571428571, 0.8333333333333334, 0.5, 0.75, 0.8571428571428571, 0.7857142857142857, 0.9166666666666666, 0.5833333333333334, 0.5, 1.0, 0.7857142857142857, 0.75, 0.6666666666666666, 0.9166666666666666]
 mean: 0.7658730158730158, std: 0.14323143207512362
F1 (Intime): [0.7754010695187166, 0.8444444444444444, 0.7777777777777777, 0.4375, 0.7333333333333334, 0.8541666666666667, 0.7754010695187166, 0.9111111111111111, 0.5804195804195804, 0.4375, 1.0, 0.7543859649122806, 0.7333333333333334, 0.625, 0.916083916083916]
 mean: 0.7437238844746585, std: 0.1586510016771148
--------------------------------------------------
Subject Number: 21
Accuracy Cross: [0.4375, 0.34375, 0.3125, 0.4375, 0.34375, 0.46875, 0.46875, 0.3125, 0.46875, 0.5, 0.375, 0.40625, 0.375, 0.28125, 0.5625]
 mean: 0.40625, std: 0.07739239842086129
F1 Score: [0.43529411764705883, 0.343108504398827, 0.2874493927125506, 0.37662337662337664, 0.343108504398827, 0.4420512820512821, 0.45545545545545546, 0.30980392156862746, 0.4231177094379639, 0.4920634920634921, 0.37254901960784315, 0.4009852216748768, 0.36507936507936506, 0.2748768472906404, 0.5151515151515151]
 mean: 0.3891145150107801, std: 0.06929856961270202
Accuracy Intime: [0.35714285714285715, 0.7857142857142857, 0.6666666666666666, 0.5, 0.5833333333333334, 0.5714285714285714, 0.6428571428571429, 0.6666666666666666, 0.5, 0.5, 0.5714285714285714, 0.7142857142857143, 0.6666666666666666, 0.6666666666666666, 0.5833333333333334]
 mean: 0.5984126984126984, std: 0.10272797101679028
F1 (Intime): [0.3262032085561497, 0.7846153846153847, 0.5555555555555556, 0.3333333333333333, 0.5804195804195804, 0.5625, 0.641025641025641, 0.4, 0.3333333333333333, 0.4857142857142857, 0.5714285714285714, 0.7142857142857143, 0.5555555555555556, 0.6571428571428571, 0.4957983193277311]
 mean: 0.5331274226862461, std: 0.1348273109670627
--------------------------------------------------
Subject Number: 22
Accuracy Cross: [0.59375, 0.65625, 0.71875, 0.65625, 0.75, 0.5757575757575758, 0.6666666666666666, 0.7878787878787878, 0.6363636363636364, 0.6666666666666666, 0.71875, 0.71875, 0.71875, 0.71875, 0.78125]
 mean: 0.6909722222222222, std: 0.06010253531296173
F1 Score: [0.5901477832512315, 0.6267232237539766, 0.7046153846153846, 0.6101882613510521, 0.722943722943723, 0.4652777777777778, 0.593505039193729, 0.7664307381193125, 0.5416666666666666, 0.6329625884732053, 0.7117117117117118, 0.716256157635468, 0.7046153846153846, 0.6631578947368422, 0.7702564102564102]
 mean: 0.6546972496734585, std: 0.08262122609385648
Accuracy Intime: [0.8571428571428571, 0.8571428571428571, 0.75, 0.6666666666666666, 0.5833333333333334, 0.8571428571428571, 0.8571428571428571, 0.75, 0.5, 0.4166666666666667, 0.8571428571428571, 0.9285714285714286, 0.5833333333333334, 0.6666666666666666, 0.5]
 mean: 0.7087301587301587, std: 0.15690618701731754
F1 (Intime): [0.8444444444444444, 0.8444444444444444, 0.6210526315789473, 0.625, 0.4957983193277311, 0.8444444444444444, 0.8541666666666667, 0.6210526315789473, 0.3333333333333333, 0.37777777777777777, 0.8541666666666667, 0.9282051282051282, 0.5555555555555556, 0.625, 0.3333333333333333]
 mean: 0.6505183584904947, std: 0.19739509448835252
--------------------------------------------------
Subject Number: 23
Accuracy Cross: [0.7878787878787878, 0.7575757575757576, 0.8787878787878788, 0.7878787878787878, 0.8787878787878788, 0.71875, 0.6875, 0.875, 0.71875, 0.8125, 0.7575757575757576, 0.7272727272727273, 0.7878787878787878, 0.8181818181818182, 0.696969696969697]
 mean: 0.7794191919191918, std: 0.06217052992244531
F1 Score: [0.7806267806267806, 0.7380952380952381, 0.8759398496240601, 0.7664307381193125, 0.8759398496240601, 0.7046153846153846, 0.6862745098039216, 0.873015873015873, 0.718475073313783, 0.8125, 0.7272727272727273, 0.6996966632962589, 0.7664307381193125, 0.8035714285714286, 0.6590909090909091]
 mean: 0.76586505087927, std: 0.06826460675074834
Accuracy Intime: [0.7142857142857143, 0.7857142857142857, 0.8333333333333334, 0.5, 0.8333333333333334, 0.9285714285714286, 0.8571428571428571, 0.9285714285714286, 0.9166666666666666, 0.5833333333333334, 0.9285714285714286, 0.7857142857142857, 0.9166666666666666, 0.75, 0.6666666666666666]
 mean: 0.7952380952380953, std: 0.12830660557435694
F1 (Intime): [0.7142857142857143, 0.7846153846153847, 0.8125, 0.3333333333333333, 0.8333333333333334, 0.9251336898395721, 0.8444444444444444, 0.9251336898395721, 0.916083916083916, 0.4957983193277311, 0.9251336898395721, 0.7754010695187166, 0.8991596638655461, 0.7482517482517483, 0.625]
 mean: 0.7705071997719056, std: 0.16578837528428694
--------------------------------------------------
Subject Number: 24
Accuracy Cross: [0.53125, 0.375, 0.4375, 0.59375, 0.53125, 0.53125, 0.5, 0.625, 0.625, 0.625, 0.5625, 0.59375, 0.5, 0.53125, 0.53125]
 mean: 0.5395833333333333, std: 0.06795627679291703
F1 Score: [0.5195195195195195, 0.3522267206477733, 0.43529411764705883, 0.5835835835835836, 0.5195195195195195, 0.5076923076923077, 0.4980392156862745, 0.5844155844155844, 0.6190476190476191, 0.6190476190476191, 0.5333333333333333, 0.5901477832512315, 0.4980392156862745, 0.5195195195195195, 0.5076923076923077]
 mean: 0.5258078644193017, std: 0.06782171936313501
Accuracy Intime: [0.5714285714285714, 0.6428571428571429, 0.5833333333333334, 0.6666666666666666, 0.5, 0.5, 0.5, 0.6666666666666666, 0.75, 0.5, 0.6428571428571429, 0.7857142857142857, 0.5833333333333334, 0.5833333333333334, 0.4166666666666667]
 mean: 0.5928571428571429, std: 0.09799578870122228
F1 (Intime): [0.5333333333333333, 0.641025641025641, 0.5804195804195804, 0.6571428571428571, 0.4857142857142857, 0.47593582887700536, 0.49743589743589745, 0.625, 0.7333333333333334, 0.4857142857142857, 0.625668449197861, 0.7846153846153847, 0.5804195804195804, 0.5804195804195804, 0.4125874125874126]
 mean: 0.5799176966824026, std: 0.09824977576679064
--------------------------------------------------
Subject Number: 25
Accuracy Cross: [0.36363636363636365, 0.48484848484848486, 0.45454545454545453, 0.42424242424242425, 0.5151515151515151, 0.5625, 0.59375, 0.5, 0.625, 0.59375, 0.65625, 0.75, 0.65625, 0.625, 0.59375]
 mean: 0.5599116161616161, std: 0.09861373817941696
F1 Score: [0.2992922143579373, 0.4672364672364672, 0.35434782608695653, 0.2978723404255319, 0.47619047619047616, 0.5151515151515151, 0.4793491864831039, 0.4666666666666667, 0.536231884057971, 0.4793491864831039, 0.6476476476476476, 0.722943722943723, 0.6389743589743591, 0.611336032388664, 0.5588547189819725]
 mean: 0.5034296162717398, std: 0.11944348882491936
Accuracy Intime: [0.9285714285714286, 0.7142857142857143, 0.8333333333333334, 0.75, 0.6666666666666666, 0.5714285714285714, 0.5714285714285714, 0.5, 0.6666666666666666, 0.5833333333333334, 0.7857142857142857, 0.6428571428571429, 0.25, 0.5833333333333334, 0.4166666666666667]
 mean: 0.6309523809523809, std: 0.16270809107876083
F1 (Intime): [0.9282051282051282, 0.7083333333333333, 0.7777777777777777, 0.7333333333333334, 0.625, 0.475, 0.5625, 0.3333333333333333, 0.625, 0.4957983193277311, 0.7754010695187166, 0.5906432748538011, 0.24475524475524477, 0.5555555555555556, 0.29411764705882354]
 mean: 0.5816502678035186, std: 0.18558526104137316
--------------------------------------------------
Subject Number: 26
Accuracy Cross: [0.5757575757575758, 0.6666666666666666, 0.8181818181818182, 0.8484848484848485, 0.7878787878787878, 0.6875, 0.78125, 0.75, 0.8125, 0.78125, 0.9375, 0.75, 0.78125, 0.90625, 0.8125]
 mean: 0.7797979797979798, std: 0.08717325703545306
F1 Score: [0.5657894736842105, 0.6458536585365854, 0.8096153846153846, 0.8390243902439025, 0.7847157502329916, 0.6862745098039216, 0.7757757757757757, 0.722943722943723, 0.8056680161943319, 0.7624602332979851, 0.9352226720647774, 0.7090909090909091, 0.751937984496124, 0.9015384615384616, 0.7922077922077921]
 mean: 0.765874582315125, std: 0.09060028312345061
Accuracy Intime: [0.7142857142857143, 0.7857142857142857, 0.5833333333333334, 0.6666666666666666, 0.8333333333333334, 1.0, 1.0, 0.8333333333333334, 0.9166666666666666, 0.8333333333333334, 0.8571428571428571, 0.7857142857142857, 0.6666666666666666, 0.75, 0.5833333333333334]
 mean: 0.7873015873015875, std: 0.12582807100067564
F1 (Intime): [0.7142857142857143, 0.7754010695187166, 0.5555555555555556, 0.625, 0.8333333333333334, 1.0, 1.0, 0.7777777777777777, 0.916083916083916, 0.8285714285714285, 0.8541666666666667, 0.7543859649122806, 0.5555555555555556, 0.7482517482517483, 0.5804195804195804]
 mean: 0.7679192207288181, std: 0.14010720266724688
--------------------------------------------------
Subject Number: 27
Accuracy Cross: [0.6363636363636364, 0.6060606060606061, 0.5757575757575758, 0.6666666666666666, 0.6666666666666666, 0.36363636363636365, 0.5757575757575758, 0.48484848484848486, 0.5757575757575758, 0.5757575757575758, 0.59375, 0.5625, 0.53125, 0.53125, 0.5625]
 mean: 0.5672348484848485, std: 0.07207760384773466
F1 Score: [0.6192307692307693, 0.5814634146341464, 0.5557692307692308, 0.593505039193729, 0.6666666666666666, 0.36363636363636365, 0.5416666666666666, 0.4771668219944082, 0.5557692307692308, 0.5227272727272727, 0.5835835835835836, 0.5555555555555556, 0.4684385382059801, 0.5270935960591133, 0.5333333333333333]
 mean: 0.54304040553507, std: 0.06835664876864078
Accuracy Intime: [0.9285714285714286, 0.7857142857142857, 0.8333333333333334, 0.5, 0.75, 0.8571428571428571, 0.8571428571428571, 0.5, 0.6666666666666666, 0.8333333333333334, 0.8571428571428571, 0.8571428571428571, 0.6428571428571429, 0.75, 0.6666666666666666]
 mean: 0.7523809523809525, std: 0.12734571534579095
F1 (Intime): [0.9282051282051282, 0.7543859649122806, 0.7777777777777777, 0.3333333333333333, 0.7333333333333334, 0.8541666666666667, 0.8444444444444444, 0.4857142857142857, 0.625, 0.8285714285714285, 0.8541666666666667, 0.8444444444444444, 0.625668449197861, 0.7482517482517483, 0.625]
 mean: 0.7241642447679599, std: 0.15463876155778108
--------------------------------------------------
Subject Number: 28
Accuracy Cross: [0.75, 0.59375, 0.59375, 0.53125, 0.53125, 0.46875, 0.46875, 0.34375, 0.59375, 0.5625, 0.53125, 0.375, 0.46875, 0.6875, 0.5]
 mean: 0.5333333333333333, std: 0.10235932080448538
F1 Score: [0.746031746031746, 0.539313399778516, 0.5835835835835836, 0.43859649122807015, 0.43859649122807015, 0.4420512820512821, 0.45545545545545546, 0.33793103448275863, 0.539313399778516, 0.5333333333333333, 0.530791788856305, 0.37254901960784315, 0.39756367663344405, 0.6825396825396826, 0.5]
 mean: 0.5025100256392404, std: 0.1070142527637381
Accuracy Intime: [0.7142857142857143, 0.7142857142857143, 0.75, 0.75, 0.4166666666666667, 0.5714285714285714, 0.7142857142857143, 0.75, 0.5833333333333334, 0.5, 0.7857142857142857, 0.7857142857142857, 0.9166666666666666, 0.75, 0.75]
 mean: 0.6968253968253968, std: 0.1224796299927646
F1 (Intime): [0.7083333333333333, 0.7083333333333333, 0.6974789915966386, 0.7482517482517483, 0.4125874125874126, 0.5333333333333333, 0.7083333333333333, 0.6210526315789473, 0.5804195804195804, 0.3333333333333333, 0.7846153846153847, 0.7846153846153847, 0.8991596638655461, 0.7482517482517483, 0.7333333333333334]
 mean: 0.666762169718826, std: 0.14347019240033285
--------------------------------------------------
Subject Number: 29
Accuracy Cross: [0.71875, 0.8125, 0.78125, 0.84375, 0.84375, 0.9375, 0.9375, 0.96875, 1.0, 0.84375, 0.9393939393939394, 0.8181818181818182, 0.9090909090909091, 0.9090909090909091, 0.9393939393939394]
 mean: 0.8801767676767676, std: 0.07559077807866314
F1 Score: [0.6631578947368422, 0.7922077922077921, 0.7810361681329423, 0.8358974358974359, 0.8303287380699894, 0.9365079365079365, 0.9365079365079365, 0.9684729064039409, 1.0, 0.8423645320197044, 0.9388888888888889, 0.8166666666666667, 0.907735321528425, 0.907735321528425, 0.9379699248120301]
 mean: 0.8730318309272636, std: 0.08587353031985848
Accuracy Intime: [1.0, 1.0, 1.0, 1.0, 0.9166666666666666, 0.8571428571428571, 0.9285714285714286, 0.9166666666666666, 0.9166666666666666, 0.75, 0.9285714285714286, 0.9285714285714286, 1.0, 0.8333333333333334, 0.75]
 mean: 0.915079365079365, std: 0.08211889076030372
F1 (Intime): [1.0, 1.0, 1.0, 1.0, 0.916083916083916, 0.8541666666666667, 0.9282051282051282, 0.8991596638655461, 0.916083916083916, 0.7482517482517483, 0.9282051282051282, 0.9251336898395721, 1.0, 0.8285714285714285, 0.7333333333333334]
 mean: 0.9118129746070923, std: 0.08511000770308093
--------------------------------------------------
**************************************************
accuracy_cross_list: [0.8534722222222223, 0.681439393939394, 0.5210858585858585, 0.7232323232323233, 0.5895833333333333, 0.614709595959596, 0.5541666666666667, 0.68125, 0.7854166666666667, 0.5421717171717172, 0.5373737373737374, 0.7363636363636364, 0.8145833333333333, 0.70625, 0.6458333333333334, 0.6145833333333334, 0.5672348484848485, 0.7794823232323231, 0.5625, 0.6499368686868687, 0.40625, 0.6909722222222222, 0.7794191919191918, 0.5395833333333333, 0.5599116161616161, 0.7797979797979798, 0.5672348484848485, 0.5333333333333333, 0.8801767676767676]
f1_score_list: [0.8458171421940711, 0.6675401498513105, 0.4754812601676894, 0.7033488395558355, 0.578215282279697, 0.5688554601859024, 0.5390591412122845, 0.6542479215121197, 0.7776176978802152, 0.5220532997289162, 0.4928133079915994, 0.7068610211474999, 0.8098556307671634, 0.6608735211470443, 0.6375960187002878, 0.5952274460008972, 0.54304040553507, 0.7725009532651372, 0.4953013333539333, 0.6284032166384922, 0.3891145150107801, 0.6546972496734585, 0.76586505087927, 0.5258078644193017, 0.5034296162717398, 0.765874582315125, 0.54304040553507, 0.5025100256392404, 0.8730318309272636]
accuracy_intime_list: [0.8634920634920635, 0.6309523809523809, 0.5952380952380952, 0.7984126984126984, 0.7531746031746032, 0.7166666666666667, 0.615079365079365, 0.6936507936507936, 0.8309523809523809, 0.7865079365079366, 0.5857142857142857, 0.7571428571428572, 0.8166666666666667, 0.7365079365079364, 0.7841269841269842, 0.7126984126984126, 0.7523809523809525, 0.8611111111111109, 0.8166666666666669, 0.7658730158730158, 0.5984126984126984, 0.7087301587301587, 0.7952380952380953, 0.5928571428571429, 0.6309523809523809, 0.7873015873015875, 0.7523809523809525, 0.6968253968253968, 0.915079365079365]
f1_score_intime_list: [0.8552204978830368, 0.6044102297198273, 0.5633750491567828, 0.7782983568432486, 0.7314999814999815, 0.6915504914189124, 0.6013391347214875, 0.6619579611994474, 0.8106947627535863, 0.76990638990639, 0.5394974830810744, 0.7141940412528648, 0.8038905092155866, 0.695079501395291, 0.7696434055567184, 0.6941063792302182, 0.7241642447679599, 0.8502231755172932, 0.8068075540443964, 0.7437238844746585, 0.5331274226862461, 0.6505183584904947, 0.7705071997719056, 0.5799176966824026, 0.5816502678035186, 0.7679192207288181, 0.7241642447679599, 0.666762169718826, 0.9118129746070923]
**************************************************
ACC: 65.16±11.46
F1: 62.75±12.27
Intime: 73.62±8.84
F1 (Intime): 71.02±9.78
