1e-04
Subject Number: 1
Accuracy Cross: [0.7261904761904762, 0.7261904761904762, 0.6904761904761905, 0.75, 0.7380952380952381, 0.8928571428571429, 0.6904761904761905, 0.7619047619047619, 0.8452380952380952, 0.8095238095238095, 0.7976190476190477, 0.8214285714285714, 0.7380952380952381, 0.7857142857142857, 0.75]
 mean: 0.7682539682539683, std: 0.054962824422796146
F1 Score: [0.7079365079365079, 0.7039987743220468, 0.662962962962963, 0.7333333333333334, 0.71880706025563, 0.8928419560595322, 0.6816326530612244, 0.7613636363636364, 0.8441558441558441, 0.8085470085470086, 0.7889759125166248, 0.8183129055515501, 0.71880706025563, 0.7754010695187166, 0.7333333333333334]
 mean: 0.7566940012115723, std: 0.061979255034265004
Accuracy Intime: [0.9411764705882353, 0.9117647058823529, 0.8823529411764706, 0.9411764705882353, 0.875, 0.7352941176470589, 0.8823529411764706, 0.8529411764705882, 0.8529411764705882, 0.9375, 0.8235294117647058, 0.7352941176470589, 0.8823529411764706, 0.8529411764705882, 0.90625]
 mean: 0.8675245098039216, std: 0.061893200063887495
F1 (Intime): [0.9409722222222222, 0.9110723626852659, 0.8819444444444444, 0.9403508771929825, 0.8745098039215686, 0.7294429708222812, 0.8819444444444444, 0.8528138528138528, 0.8464317976513098, 0.9372549019607843, 0.8131868131868132, 0.7235772357723578, 0.8823529411764706, 0.8496905393457117, 0.906158357771261]
 mean: 0.8647802376941182, std: 0.06493094519342177
--------------------------------------------------
Subject Number: 2
Accuracy Cross: [0.6428571428571429, 0.7976190476190477, 0.7619047619047619, 0.7619047619047619, 0.6428571428571429, 0.7380952380952381, 0.75, 0.8452380952380952, 0.8452380952380952, 0.7738095238095238, 0.8095238095238095, 0.7857142857142857, 0.7619047619047619, 0.8214285714285714, 0.7738095238095238]
 mean: 0.7674603174603175, std: 0.0579745471992053
F1 Score: [0.6326530612244898, 0.7973605789697744, 0.761769710720363, 0.7551020408163265, 0.5982142857142857, 0.7282352941176471, 0.7417654808959157, 0.8446878111221732, 0.8446878111221732, 0.761613144137416, 0.8094157685762904, 0.7855927396483267, 0.7606837606837606, 0.8183129055515501, 0.7722277722277722]
 mean: 0.7608214777018845, std: 0.06640286494237943
Accuracy Intime: [0.9117647058823529, 0.8235294117647058, 0.8529411764705882, 0.8529411764705882, 0.78125, 0.8823529411764706, 0.7352941176470589, 0.9411764705882353, 0.9117647058823529, 0.6875, 0.8235294117647058, 0.9117647058823529, 0.8235294117647058, 0.9411764705882353, 0.84375]
 mean: 0.8482843137254903, std: 0.0709564114918128
F1 (Intime): [0.9116883116883117, 0.8235294117647058, 0.85178727114211, 0.8464317976513098, 0.7810361681329423, 0.8819444444444444, 0.7332170880557978, 0.9409722222222222, 0.9116883116883117, 0.6666666666666667, 0.8210526315789474, 0.9116883116883117, 0.8229166666666667, 0.9403508771929825, 0.8435972629521017]
 mean: 0.8459044962357221, std: 0.07436794121055483
--------------------------------------------------
Subject Number: 3
Accuracy Cross: [0.5714285714285714, 0.5476190476190477, 0.5833333333333334, 0.6309523809523809, 0.5476190476190477, 0.6666666666666666, 0.6428571428571429, 0.6785714285714286, 0.7261904761904762, 0.7023809523809523, 0.6190476190476191, 0.6666666666666666, 0.6785714285714286, 0.6428571428571429, 0.6785714285714286]
 mean: 0.638888888888889, std: 0.05335789306022732
F1 Score: [0.4874576271186441, 0.43121881682109764, 0.5353247984826932, 0.5810136765888978, 0.44583333333333336, 0.6659090909090909, 0.6426545660805445, 0.6774285307922059, 0.725216896600768, 0.6925779534475187, 0.5543766578249337, 0.625, 0.6415362731152205, 0.5906432748538011, 0.6473332296687918]
 mean: 0.5962349817091694, std: 0.08657145292012224
Accuracy Intime: [0.8529411764705882, 0.9117647058823529, 0.7352941176470589, 0.7352941176470589, 0.75, 0.7352941176470589, 0.7352941176470589, 0.7352941176470589, 0.8823529411764706, 0.8125, 0.6470588235294118, 0.7058823529411765, 0.8235294117647058, 0.8529411764705882, 0.8125]
 mean: 0.7818627450980392, std: 0.07141149147690294
F1 (Intime): [0.8528138528138528, 0.9110723626852659, 0.7235772357723578, 0.7350649350649351, 0.7333333333333334, 0.7350649350649351, 0.7235772357723578, 0.7294429708222812, 0.8823529411764706, 0.8117647058823529, 0.6458333333333333, 0.7048611111111112, 0.8131868131868132, 0.8528138528138528, 0.8117647058823529]
 mean: 0.7777682883143737, std: 0.0730708184145128
--------------------------------------------------
Subject Number: 4
Accuracy Cross: [0.75, 0.6547619047619048, 0.75, 0.7380952380952381, 0.75, 0.6666666666666666, 0.6785714285714286, 0.7976190476190477, 0.8333333333333334, 0.7738095238095238, 0.7738095238095238, 0.7857142857142857, 0.7023809523809523, 0.8095238095238095, 0.8571428571428571]
 mean: 0.7547619047619049, std: 0.05763675446147717
F1 Score: [0.7499645641389086, 0.6487382840663303, 0.7456380677721701, 0.7375, 0.7438652533759256, 0.6571428571428571, 0.6679841897233202, 0.7952688172043011, 0.8332387975042541, 0.7735206470838655, 0.7737774627923459, 0.7852272727272727, 0.6863330843913369, 0.8067855089131685, 0.8570618264322178]
 mean: 0.7508031088845518, std: 0.06103771111956208
Accuracy Intime: [0.8823529411764706, 0.9411764705882353, 0.7647058823529411, 0.8823529411764706, 0.75, 0.8235294117647058, 0.9117647058823529, 0.7941176470588235, 0.8823529411764706, 0.84375, 0.7647058823529411, 0.8529411764705882, 0.7058823529411765, 0.8235294117647058, 0.6875]
 mean: 0.8207107843137256, std: 0.07243320943401553
F1 (Intime): [0.8823529411764706, 0.9403508771929825, 0.7571428571428571, 0.8819444444444444, 0.746031746031746, 0.8210526315789474, 0.9116883116883117, 0.793939393939394, 0.880701754385965, 0.8435972629521017, 0.7571428571428571, 0.85178727114211, 0.7017543859649122, 0.8210526315789474, 0.6862745098039216]
 mean: 0.8184542584110646, std: 0.0738247722201132
--------------------------------------------------
Subject Number: 5
Accuracy Cross: [0.8928571428571429, 0.8333333333333334, 0.8452380952380952, 0.8452380952380952, 0.8452380952380952, 0.8809523809523809, 0.7976190476190477, 0.8928571428571429, 0.7976190476190477, 0.8214285714285714, 0.7738095238095238, 0.8095238095238095, 0.8809523809523809, 0.8333333333333334, 0.8690476190476191]
 mean: 0.8412698412698414, std: 0.035758350241488275
F1 Score: [0.8928419560595322, 0.8309373202990225, 0.8434408602150538, 0.8441558441558441, 0.8446878111221732, 0.8806818181818181, 0.7973605789697744, 0.8928419560595322, 0.7973605789697744, 0.8212005108556832, 0.7663592446201142, 0.8090909090909091, 0.8806818181818181, 0.8318077803203661, 0.8675268817204301]
 mean: 0.8400650579214565, std: 0.036715624092613336
Accuracy Intime: [0.9117647058823529, 0.8529411764705882, 0.8823529411764706, 0.8823529411764706, 0.9375, 0.8529411764705882, 0.8823529411764706, 0.9117647058823529, 0.8823529411764706, 0.65625, 0.7941176470588235, 0.8823529411764706, 0.9411764705882353, 0.7941176470588235, 0.90625]
 mean: 0.8647058823529413, std: 0.0695484851165496
F1 (Intime): [0.9116883116883117, 0.8528138528138528, 0.8823529411764706, 0.880701754385965, 0.9372549019607843, 0.8528138528138528, 0.8819444444444444, 0.9110723626852659, 0.880701754385965, 0.6389743589743591, 0.7895667550839964, 0.8819444444444444, 0.9411764705882353, 0.7895667550839964, 0.9054187192118226]
 mean: 0.8625327786494511, std: 0.07348552624563472
--------------------------------------------------
Subject Number: 6
Accuracy Cross: [0.7023809523809523, 0.6309523809523809, 0.5714285714285714, 0.6428571428571429, 0.6071428571428571, 0.6666666666666666, 0.7261904761904762, 0.6904761904761905, 0.6190476190476191, 0.7023809523809523, 0.7142857142857143, 0.7261904761904762, 0.7261904761904762, 0.6190476190476191, 0.6547619047619048]
 mean: 0.6666666666666665, std: 0.04840619264119652
F1 Score: [0.702338766832034, 0.6309000708717222, 0.5692307692307692, 0.6426545660805445, 0.6066411238825031, 0.6659090909090909, 0.7242757242757243, 0.6888888888888889, 0.6155606407322655, 0.702338766832034, 0.7128205128205127, 0.7258407833120477, 0.7242757242757243, 0.6047058823529412, 0.6523476523476524]
 mean: 0.6645819309096305, std: 0.04956626300397398
Accuracy Intime: [0.7941176470588235, 0.7941176470588235, 0.7058823529411765, 0.7352941176470589, 0.8125, 0.7941176470588235, 0.7647058823529411, 0.7352941176470589, 0.8823529411764706, 0.78125, 0.6764705882352942, 0.6176470588235294, 0.7058823529411765, 0.7058823529411765, 0.71875]
 mean: 0.74828431372549, std: 0.062494473035129124
F1 (Intime): [0.7895667550839964, 0.7925021795989537, 0.6964285714285714, 0.7332170880557978, 0.8095238095238095, 0.7925021795989537, 0.7571428571428571, 0.7294429708222812, 0.8819444444444444, 0.7793103448275862, 0.6693191865605659, 0.6173160173160173, 0.6964285714285714, 0.7048611111111112, 0.718475073313783]
 mean: 0.7445320773504867, std: 0.06334155546499438
--------------------------------------------------
Subject Number: 7
Accuracy Cross: [0.6547619047619048, 0.5476190476190477, 0.5833333333333334, 0.6428571428571429, 0.6309523809523809, 0.5714285714285714, 0.75, 0.6071428571428571, 0.5833333333333334, 0.6428571428571429, 0.5595238095238095, 0.5952380952380952, 0.6547619047619048, 0.6309523809523809, 0.5238095238095238]
 mean: 0.611904761904762, std: 0.05390986570711649
F1 Score: [0.6361463778939507, 0.5411155836687751, 0.578494623655914, 0.6377228292121909, 0.6245133381398702, 0.5456730769230769, 0.7470967741935484, 0.5942028985507246, 0.5828011919965943, 0.6377228292121909, 0.5589612601106854, 0.5952380952380952, 0.6462901118048496, 0.6309000708717222, 0.5194508009153318]
 mean: 0.6050886574925013, std: 0.05447067981040791
Accuracy Intime: [0.7058823529411765, 0.5882352941176471, 0.7647058823529411, 0.7647058823529411, 0.78125, 0.6470588235294118, 0.6764705882352942, 0.6764705882352942, 0.5588235294117647, 0.6875, 0.5882352941176471, 0.5588235294117647, 0.5882352941176471, 0.6176470588235294, 0.75]
 mean: 0.6636029411764706, std: 0.0756406461695111
F1 (Intime): [0.7058823529411765, 0.5041666666666667, 0.7614035087719297, 0.7424242424242424, 0.7793103448275862, 0.6357142857142857, 0.6210739614994933, 0.6739319965126417, 0.5490716180371353, 0.6761133603238867, 0.5824561403508772, 0.5584415584415584, 0.575, 0.6007226738934056, 0.7490196078431373]
 mean: 0.647648821216535, std: 0.08377217834052353
--------------------------------------------------
Subject Number: 8
Accuracy Cross: [0.7738095238095238, 0.8214285714285714, 0.7380952380952381, 0.8095238095238095, 0.8333333333333334, 0.8690476190476191, 0.7738095238095238, 0.8333333333333334, 0.8571428571428571, 0.8333333333333334, 0.8214285714285714, 0.8333333333333334, 0.8214285714285714, 0.9523809523809523, 0.9285714285714286]
 mean: 0.8333333333333334, std: 0.0530619512712596
F1 Score: [0.7730052624093302, 0.8212005108556832, 0.7326388888888888, 0.8077803203661327, 0.8333333333333334, 0.8688803746275011, 0.7711827956989248, 0.8298611111111112, 0.8558352402745995, 0.8309373202990225, 0.8155467720685112, 0.8309373202990225, 0.8183129055515501, 0.9523539421440725, 0.9285714285714286]
 mean: 0.8313585017666074, std: 0.054132454979943304
Accuracy Intime: [0.9117647058823529, 0.8823529411764706, 0.8529411764705882, 0.9411764705882353, 0.96875, 0.8823529411764706, 0.9117647058823529, 0.8235294117647058, 0.7647058823529411, 0.96875, 0.8235294117647058, 0.8529411764705882, 0.9117647058823529, 0.8529411764705882, 0.90625]
 mean: 0.8837009803921568, std: 0.05470190705213423
F1 (Intime): [0.9110723626852659, 0.8819444444444444, 0.85178727114211, 0.9411764705882353, 0.9687194525904204, 0.8823529411764706, 0.9110723626852659, 0.8210526315789474, 0.7614035087719297, 0.9687194525904204, 0.8210526315789474, 0.8496905393457117, 0.9098143236074271, 0.85178727114211, 0.9054187192118226]
 mean: 0.8824709588759686, std: 0.0556140606364617
--------------------------------------------------
Subject Number: 9
Accuracy Cross: [0.7261904761904762, 0.6547619047619048, 0.6428571428571429, 0.7261904761904762, 0.6785714285714286, 0.7380952380952381, 0.75, 0.7976190476190477, 0.8214285714285714, 0.7857142857142857, 0.75, 0.7023809523809523, 0.75, 0.6190476190476191, 0.75]
 mean: 0.7261904761904762, std: 0.05566881878333391
F1 Score: [0.7114264376400299, 0.6212097651998134, 0.5982142857142857, 0.7114264376400299, 0.6473332296687918, 0.7254901960784313, 0.7456380677721701, 0.7962037962037962, 0.8201798201798203, 0.7826336975273145, 0.7365197908887229, 0.6734566941377702, 0.7365197908887229, 0.5543766578249337, 0.7333333333333334]
 mean: 0.7062641333798645, std: 0.07209393640294336
Accuracy Intime: [0.9117647058823529, 0.9117647058823529, 0.9411764705882353, 0.8235294117647058, 0.6875, 0.7941176470588235, 0.7941176470588235, 0.7941176470588235, 0.9117647058823529, 0.84375, 0.9117647058823529, 0.9117647058823529, 0.8823529411764706, 0.9411764705882353, 0.90625]
 mean: 0.8644607843137256, std: 0.0698995802333693
F1 (Intime): [0.9110723626852659, 0.9116883116883117, 0.9411764705882353, 0.8229166666666667, 0.6666666666666667, 0.7895667550839964, 0.793939393939394, 0.7925021795989537, 0.9116883116883117, 0.8423645320197044, 0.9110723626852659, 0.9116883116883117, 0.8819444444444444, 0.9411764705882353, 0.9054187192118226]
 mean: 0.8623254639495724, std: 0.07385531820600937
--------------------------------------------------
Subject Number: 10
Accuracy Cross: [0.6666666666666666, 0.7023809523809523, 0.6309523809523809, 0.6785714285714286, 0.6785714285714286, 0.6785714285714286, 0.6547619047619048, 0.5476190476190477, 0.6904761904761905, 0.6666666666666666, 0.6785714285714286, 0.6666666666666666, 0.7857142857142857, 0.7023809523809523, 0.6428571428571429]
 mean: 0.6714285714285715, std: 0.04738035414793427
F1 Score: [0.6666666666666666, 0.6950776825903877, 0.6296401649836438, 0.6706838971976187, 0.6706838971976187, 0.6774285307922059, 0.650752688172043, 0.5452991452991452, 0.6897727272727273, 0.664957264957265, 0.6763236763236764, 0.6664775950085082, 0.7857142857142857, 0.701322713696487, 0.6426545660805445]
 mean: 0.6688970334635215, std: 0.04747983250031616
Accuracy Intime: [0.8529411764705882, 0.8235294117647058, 0.7352941176470589, 0.7352941176470589, 0.6875, 0.9411764705882353, 0.7352941176470589, 0.7647058823529411, 0.8529411764705882, 0.65625, 0.7647058823529411, 0.6470588235294118, 0.7352941176470589, 0.5294117647058824, 0.5625]
 mean: 0.7349264705882351, std: 0.10587596998734529
F1 (Intime): [0.8528138528138528, 0.8210526315789474, 0.7350649350649351, 0.7350649350649351, 0.6825396825396826, 0.9409722222222222, 0.7350649350649351, 0.7509157509157509, 0.85178727114211, 0.6532019704433498, 0.7509157509157509, 0.6470588235294118, 0.7332170880557978, 0.5018315018315018, 0.5333333333333333]
 mean: 0.728322312301101, std: 0.11236950042235858
--------------------------------------------------
Subject Number: 11
Accuracy Cross: [0.6309523809523809, 0.6428571428571429, 0.75, 0.6190476190476191, 0.7142857142857143, 0.8452380952380952, 0.7142857142857143, 0.7023809523809523, 0.7738095238095238, 0.7023809523809523, 0.6785714285714286, 0.6904761904761905, 0.7261904761904762, 0.7738095238095238, 0.7261904761904762]
 mean: 0.7126984126984126, std: 0.05715387900758359
F1 Score: [0.6309000708717222, 0.6420454545454546, 0.7470967741935484, 0.6190476190476191, 0.6971153846153846, 0.8450404427415921, 0.7141236528644356, 0.701322713696487, 0.7663592446201142, 0.6896704595832718, 0.6679841897233202, 0.6876430205949657, 0.7258407833120477, 0.7711827956989248, 0.7242757242757243]
 mean: 0.7086432220256408, std: 0.05717961502349454
Accuracy Intime: [0.7941176470588235, 0.8235294117647058, 0.8235294117647058, 0.8529411764705882, 0.6875, 0.8823529411764706, 0.6470588235294118, 0.7352941176470589, 0.7058823529411765, 0.75, 0.5882352941176471, 0.7352941176470589, 0.7352941176470589, 0.7941176470588235, 0.71875]
 mean: 0.7515931372549021, std: 0.07616852893470431
F1 (Intime): [0.7925021795989537, 0.8210526315789474, 0.8178571428571428, 0.85178727114211, 0.6825396825396826, 0.880701754385965, 0.6421052631578947, 0.7294429708222812, 0.7017543859649122, 0.7490196078431373, 0.5492424242424242, 0.7332170880557978, 0.7294429708222812, 0.7925021795989537, 0.7046153846153846]
 mean: 0.7451855291483913, std: 0.08261268455286333
--------------------------------------------------
Subject Number: 12
Accuracy Cross: [0.7857142857142857, 0.8928571428571429, 0.8571428571428571, 0.8809523809523809, 0.7976190476190477, 0.75, 0.7261904761904762, 0.7857142857142857, 0.75, 0.75, 0.7738095238095238, 0.7976190476190477, 0.8571428571428571, 0.7619047619047619, 0.7738095238095238]
 mean: 0.7960317460317461, std: 0.05010696545290348
F1 Score: [0.7855927396483267, 0.8924761769307352, 0.8571428571428571, 0.8803418803418803, 0.7952688172043011, 0.7417654808959157, 0.7079365079365079, 0.7795918367346939, 0.7365197908887229, 0.7438652533759256, 0.7711827956989248, 0.7909530083443127, 0.8564102564102565, 0.7606837606837606, 0.7711827956989248]
 mean: 0.791394263862403, std: 0.05374378718365739
Accuracy Intime: [0.8235294117647058, 0.8235294117647058, 0.8529411764705882, 0.8235294117647058, 0.875, 0.8823529411764706, 0.9411764705882353, 0.8823529411764706, 0.8529411764705882, 0.875, 0.9117647058823529, 0.8529411764705882, 0.7647058823529411, 0.7058823529411765, 0.9375]
 mean: 0.8536764705882354, std: 0.05949676020761001
F1 (Intime): [0.8235294117647058, 0.8178571428571428, 0.8528138528138528, 0.8229166666666667, 0.875, 0.8819444444444444, 0.9409722222222222, 0.880701754385965, 0.8496905393457117, 0.8745098039215686, 0.9116883116883117, 0.8496905393457117, 0.7638888888888888, 0.7048611111111112, 0.9375]
 mean: 0.8525043126304204, std: 0.05988223838260671
--------------------------------------------------
Subject Number: 13
Accuracy Cross: [0.6666666666666666, 0.7142857142857143, 0.7023809523809523, 0.7738095238095238, 0.6904761904761905, 0.7023809523809523, 0.7261904761904762, 0.7380952380952381, 0.7142857142857143, 0.7857142857142857, 0.75, 0.6904761904761905, 0.7261904761904762, 0.7976190476190477, 0.8095238095238095]
 mean: 0.7325396825396826, std: 0.04120874598649897
F1 Score: [0.664957264957265, 0.7116704805491991, 0.6950776825903877, 0.7735206470838655, 0.6816326530612244, 0.6971881759192502, 0.723010752688172, 0.7380952380952381, 0.7141236528644356, 0.7857142857142857, 0.7393231860499483, 0.6788235294117647, 0.7114264376400299, 0.7926528241614637, 0.8085470085470086]
 mean: 0.7277175879555693, std: 0.04292200693811515
Accuracy Intime: [0.8823529411764706, 0.8823529411764706, 0.7352941176470589, 0.8823529411764706, 0.75, 0.8823529411764706, 0.9117647058823529, 0.8235294117647058, 0.7941176470588235, 0.8125, 0.8823529411764706, 0.7352941176470589, 0.7352941176470589, 0.6764705882352942, 0.6875]
 mean: 0.8049019607843135, std: 0.07735707263004488
F1 (Intime): [0.880701754385965, 0.880701754385965, 0.7294429708222812, 0.8819444444444444, 0.746031746031746, 0.8819444444444444, 0.9116883116883117, 0.8229166666666667, 0.793939393939394, 0.8095238095238095, 0.8823529411764706, 0.7350649350649351, 0.7332170880557978, 0.6739319965126417, 0.6761133603238867]
 mean: 0.802634374497784, std: 0.07919114113450934
--------------------------------------------------
Subject Number: 14
Accuracy Cross: [0.8095238095238095, 0.7380952380952381, 0.7976190476190477, 0.8571428571428571, 0.7976190476190477, 0.8214285714285714, 0.7619047619047619, 0.7380952380952381, 0.7976190476190477, 0.7619047619047619, 0.8571428571428571, 0.8571428571428571, 0.7857142857142857, 0.7619047619047619, 0.6785714285714286]
 mean: 0.7880952380952381, std: 0.04844521416518047
F1 Score: [0.8040816326530613, 0.7326388888888888, 0.7968994453136111, 0.8568181818181818, 0.7952688172043011, 0.8193548387096774, 0.7597254004576659, 0.7380952380952381, 0.79408795962509, 0.7529411764705882, 0.8558352402745995, 0.8570618264322178, 0.7826336975273145, 0.7597254004576659, 0.6781609195402298]
 mean: 0.7855552442312221, std: 0.048925163962358825
Accuracy Intime: [0.7647058823529411, 0.8823529411764706, 0.8823529411764706, 0.9411764705882353, 0.84375, 0.8823529411764706, 0.7058823529411765, 0.9117647058823529, 0.7941176470588235, 0.875, 0.9411764705882353, 1.0, 0.9411764705882353, 0.8235294117647058, 0.84375]
 mean: 0.868872549019608, std: 0.07376697733678404
F1 (Intime): [0.7614035087719297, 0.8823529411764706, 0.8785714285714286, 0.9403508771929825, 0.8398398398398399, 0.880701754385965, 0.7058823529411765, 0.9116883116883117, 0.7895667550839964, 0.873015873015873, 0.9403508771929825, 1.0, 0.9403508771929825, 0.8235294117647058, 0.8423645320197044]
 mean: 0.8673312893892233, std: 0.07427816512976892
--------------------------------------------------
**************************************************
accuracy_cross_list: [0.7682539682539683, 0.7674603174603175, 0.638888888888889, 0.7547619047619049, 0.8412698412698414, 0.6666666666666665, 0.611904761904762, 0.8333333333333334, 0.7261904761904762, 0.6714285714285715, 0.7126984126984126, 0.7960317460317461, 0.7325396825396826, 0.7880952380952381]
f1_score_list: [0.7566940012115723, 0.7608214777018845, 0.5962349817091694, 0.7508031088845518, 0.8400650579214565, 0.6645819309096305, 0.6050886574925013, 0.8313585017666074, 0.7062641333798645, 0.6688970334635215, 0.7086432220256408, 0.791394263862403, 0.7277175879555693, 0.7855552442312221]
accuracy_intime_list: [0.8675245098039216, 0.8482843137254903, 0.7818627450980392, 0.8207107843137256, 0.8647058823529413, 0.74828431372549, 0.6636029411764706, 0.8837009803921568, 0.8644607843137256, 0.7349264705882351, 0.7515931372549021, 0.8536764705882354, 0.8049019607843135, 0.868872549019608]
f1_score_intime_list: [0.8647802376941182, 0.8459044962357221, 0.7777682883143737, 0.8184542584110646, 0.8625327786494511, 0.7445320773504867, 0.647648821216535, 0.8824709588759686, 0.8623254639495724, 0.728322312301101, 0.7451855291483913, 0.8525043126304204, 0.802634374497784, 0.8673312893892233]
**************************************************
ACC: 73.64±6.75
F1: 72.82±7.26
Intime: 81.12±6.37
F1 (Intime): 80.73±6.69
