1e-04
Subject Number: 1
Accuracy Cross: [0.5441176470588235, 0.45588235294117646, 0.4411764705882353, 0.5294117647058824, 0.45588235294117646, 0.43478260869565216, 0.4927536231884058, 0.43478260869565216, 0.391304347826087, 0.43478260869565216, 0.39705882352941174, 0.5147058823529411, 0.5882352941176471, 0.4264705882352941, 0.45588235294117646]
 mean: 0.466481955100881, std: 0.0540932565798289
F1 Score: [0.5631340700306218, 0.4820542046605877, 0.4925854287556416, 0.5671382562686911, 0.4913332370359671, 0.4074812382739212, 0.47074829931972795, 0.40376290376290375, 0.3873917748917749, 0.4146103896103896, 0.39599442702890975, 0.494245395730484, 0.5714285714285714, 0.3964102564102564, 0.4335778539301778]
 mean: 0.46479308714257506, std: 0.06329650207207914
Accuracy Intime: [0.6428571428571429, 0.5714285714285714, 0.5357142857142857, 0.46153846153846156, 0.46153846153846156, 0.7142857142857143, 0.6785714285714286, 0.5714285714285714, 0.5769230769230769, 0.6923076923076923, 0.6428571428571429, 0.6428571428571429, 0.42857142857142855, 0.46153846153846156, 0.5]
 mean: 0.5721611721611722, std: 0.09122901639622968
F1 (Intime): [0.6307692307692307, 0.5364219114219114, 0.5154671717171717, 0.4758888170652877, 0.4541742979242979, 0.7187759952465835, 0.694691273638642, 0.6055429864253394, 0.6208646616541353, 0.7138888888888889, 0.6143341307814992, 0.6455436720142602, 0.46653346653346656, 0.4311688311688312, 0.4944444444444444]
 mean: 0.574567318646266, std: 0.09499157149818607
--------------------------------------------------
Subject Number: 2
Accuracy Cross: [0.2753623188405797, 0.2318840579710145, 0.2753623188405797, 0.21739130434782608, 0.2753623188405797, 0.2647058823529412, 0.2647058823529412, 0.36764705882352944, 0.35294117647058826, 0.4117647058823529, 0.391304347826087, 0.42028985507246375, 0.43478260869565216, 0.391304347826087, 0.37681159420289856]
 mean: 0.3301079852230747, std: 0.07176732958909289
F1 Score: [0.2922305271439811, 0.26612929129406926, 0.3120736624169118, 0.2452023683280311, 0.30674322426760536, 0.2587625908453398, 0.26198523698523696, 0.3794276645340475, 0.33194567729617475, 0.41391215960535077, 0.36517807122849144, 0.38029549680653246, 0.43630443630443627, 0.362703634085213, 0.3548784862344184]
 mean: 0.3311848351583893, std: 0.05743573383825087
Accuracy Intime: [0.6428571428571429, 0.6785714285714286, 0.5357142857142857, 0.5769230769230769, 0.46153846153846156, 0.6428571428571429, 0.5357142857142857, 0.42857142857142855, 0.39285714285714285, 0.38461538461538464, 0.5, 0.6785714285714286, 0.6071428571428571, 0.5, 0.34615384615384615]
 mean: 0.5274725274725275, std: 0.10591244288611656
F1 (Intime): [0.6576298701298702, 0.6723214285714286, 0.5332934609250398, 0.5243055555555556, 0.4484848484848485, 0.6499729437229438, 0.5205316742081448, 0.375, 0.35, 0.30478156174750604, 0.48376623376623373, 0.6897435897435897, 0.5717390624511367, 0.4848039215686275, 0.2594230769230769]
 mean: 0.5017198151865335, std: 0.1310267190528646
--------------------------------------------------
Subject Number: 3
Accuracy Cross: [0.3382352941176471, 0.3382352941176471, 0.3088235294117647, 0.2647058823529412, 0.35294117647058826, 0.391304347826087, 0.2608695652173913, 0.2318840579710145, 0.4057971014492754, 0.30434782608695654, 0.3188405797101449, 0.3188405797101449, 0.30434782608695654, 0.2898550724637681, 0.3188405797101449]
 mean: 0.3165245808468315, std: 0.04461715558634312
F1 Score: [0.33620694998403977, 0.32386363636363635, 0.3125, 0.24360532554130115, 0.33085027998821104, 0.381398312940304, 0.269181445710701, 0.19296180010465724, 0.3823825869020377, 0.27842664689160795, 0.3103146853146853, 0.3055768868325456, 0.24886752136752135, 0.2672800661072972, 0.28853826353826356]
 mean: 0.2981302938391206, std: 0.04923092777572413
Accuracy Intime: [0.5357142857142857, 0.4642857142857143, 0.5, 0.4642857142857143, 0.5384615384615384, 0.5357142857142857, 0.35714285714285715, 0.4642857142857143, 0.4230769230769231, 0.5, 0.42857142857142855, 0.42857142857142855, 0.39285714285714285, 0.34615384615384615, 0.5]
 mean: 0.45860805860805864, std: 0.05990831012449487
F1 (Intime): [0.5299847211611918, 0.40588235294117647, 0.45466269841269835, 0.4363970588235294, 0.5256028693528694, 0.49255952380952384, 0.33035714285714285, 0.4529196293902176, 0.3418353576248313, 0.5042207792207792, 0.42429298642533936, 0.3731203007518797, 0.28777472527472525, 0.31240601503759396, 0.5013257575757576]
 mean: 0.42488946124395033, std: 0.07747557014981027
--------------------------------------------------
Subject Number: 4
Accuracy Cross: [0.5217391304347826, 0.6086956521739131, 0.5652173913043478, 0.5942028985507246, 0.5652173913043478, 0.4927536231884058, 0.5507246376811594, 0.5217391304347826, 0.5217391304347826, 0.5072463768115942, 0.463768115942029, 0.43478260869565216, 0.36231884057971014, 0.42028985507246375, 0.463768115942029]
 mean: 0.506280193236715, std: 0.06577148763330438
F1 Score: [0.528101898986322, 0.6056655354449472, 0.5798076923076924, 0.6075460829493088, 0.5564091045223121, 0.4938045046740699, 0.5419456189805028, 0.522514209788145, 0.4816452896948253, 0.5281906906906908, 0.40365942028985513, 0.4267730496453901, 0.34056775514848103, 0.4001794258373206, 0.44213564213564216]
 mean: 0.49726306140636695, std: 0.07736108357474204
Accuracy Intime: [0.6071428571428571, 0.6428571428571429, 0.6071428571428571, 0.5, 0.46153846153846156, 0.5357142857142857, 0.6071428571428571, 0.6071428571428571, 0.5357142857142857, 0.6153846153846154, 0.6428571428571429, 0.6785714285714286, 0.75, 0.6785714285714286, 0.5384615384615384]
 mean: 0.6005494505494506, std: 0.0731120299047803
F1 (Intime): [0.5886752136752137, 0.6348039215686274, 0.5904344193817879, 0.4513888888888889, 0.4333333333333333, 0.5313714063714063, 0.625, 0.5903846153846154, 0.5150375939849624, 0.6123680241327301, 0.6443223443223444, 0.6811934389140273, 0.7403307476836889, 0.6795787545787545, 0.5521708683473389]
 mean: 0.5913595713711813, std: 0.08158559289703665
--------------------------------------------------
Subject Number: 5
Accuracy Cross: [0.5147058823529411, 0.47058823529411764, 0.45588235294117646, 0.4852941176470588, 0.4852941176470588, 0.47058823529411764, 0.5294117647058824, 0.45588235294117646, 0.5441176470588235, 0.5882352941176471, 0.4264705882352941, 0.39705882352941174, 0.38235294117647056, 0.3235294117647059, 0.35294117647058826]
 mean: 0.45882352941176463, std: 0.07026067791046633
F1 Score: [0.49435960591133, 0.43229166666666663, 0.432954575343907, 0.4586831812255541, 0.45997807017543857, 0.40340770791075053, 0.4826189335887612, 0.42079082804889256, 0.5225363716743027, 0.5382153690596563, 0.414103835978836, 0.37797792707933914, 0.3872647849462365, 0.31105006105006106, 0.35464661286378085]
 mean: 0.43272530210156757, std: 0.06011816223983544
Accuracy Intime: [0.7142857142857143, 0.8214285714285714, 0.6071428571428571, 0.7307692307692307, 0.6153846153846154, 0.5714285714285714, 0.7142857142857143, 0.6785714285714286, 0.6923076923076923, 0.46153846153846156, 0.5357142857142857, 0.75, 0.6071428571428571, 0.5769230769230769, 0.6923076923076923]
 mean: 0.6512820512820512, std: 0.09074236772374504
F1 (Intime): [0.710270122034828, 0.8111756664388243, 0.5811965811965812, 0.667948717948718, 0.5260266049739734, 0.5683760683760684, 0.7256410256410257, 0.6653846153846154, 0.5656108597285068, 0.34055555555555556, 0.5277777777777778, 0.743956043956044, 0.5521739130434783, 0.47327935222672063, 0.6583333333333333]
 mean: 0.6078470825077367, std: 0.1164806763076332
--------------------------------------------------
Subject Number: 6
Accuracy Cross: [0.45588235294117646, 0.5441176470588235, 0.47058823529411764, 0.4411764705882353, 0.4264705882352941, 0.4927536231884058, 0.4782608695652174, 0.391304347826087, 0.42028985507246375, 0.5072463768115942, 0.391304347826087, 0.4492753623188406, 0.4927536231884058, 0.5362318840579711, 0.5072463768115942]
 mean: 0.46699346405228753, std: 0.0460685438901249
F1 Score: [0.47362203941151304, 0.5273004555357497, 0.47889829468776834, 0.44671045865898806, 0.4390227231048797, 0.453030303030303, 0.40342016657806123, 0.29925564909171465, 0.3740364513535245, 0.5141290726817043, 0.4092580213903743, 0.4336367880485527, 0.4929347826086957, 0.5263475149723886, 0.4993200639939771]
 mean: 0.4513948523432131, std: 0.060160231923269025
Accuracy Intime: [0.7142857142857143, 0.5714285714285714, 0.6428571428571429, 0.5714285714285714, 0.5769230769230769, 0.6428571428571429, 0.6785714285714286, 0.6428571428571429, 0.5, 0.46153846153846156, 0.6428571428571429, 0.5357142857142857, 0.4642857142857143, 0.6538461538461539, 0.5384615384615384]
 mean: 0.5891941391941393, std: 0.07545609727980596
F1 (Intime): [0.7019607843137254, 0.5404761904761904, 0.6060011883541295, 0.5363855270976015, 0.5759469696969697, 0.6574675324675324, 0.6439393939393939, 0.6261904761904762, 0.47478991596638653, 0.3916666666666666, 0.6416666666666666, 0.5506944444444444, 0.4325396825396825, 0.638095238095238, 0.4793650793650793]
 mean: 0.5664790504186789, std: 0.08754398814108223
--------------------------------------------------
Subject Number: 7
Accuracy Cross: [0.6470588235294118, 0.5588235294117647, 0.45588235294117646, 0.6470588235294118, 0.6029411764705882, 0.4117647058823529, 0.4264705882352941, 0.47058823529411764, 0.4264705882352941, 0.45588235294117646, 0.38235294117647056, 0.5, 0.47058823529411764, 0.4264705882352941, 0.4852941176470588]
 mean: 0.4911764705882354, std: 0.08157899632437146
F1 Score: [0.6257924870828097, 0.5236221042471043, 0.4255368814192344, 0.6414838794926004, 0.5967378658848713, 0.371100261967135, 0.3990307271557272, 0.45569634537569925, 0.4114990169509538, 0.41106029106029107, 0.36646503884572695, 0.47206625074272135, 0.4450181488203267, 0.4240777338603426, 0.49769727403156383]
 mean: 0.47112562046247397, std: 0.08591324653582591
Accuracy Intime: [0.6428571428571429, 0.6428571428571429, 0.4642857142857143, 0.38461538461538464, 0.46153846153846156, 0.6428571428571429, 0.5714285714285714, 0.75, 0.7692307692307693, 0.6538461538461539, 0.5714285714285714, 0.6071428571428571, 0.5714285714285714, 0.5384615384615384, 0.5]
 mean: 0.5847985347985348, std: 0.10209468717127192
F1 (Intime): [0.6077838827838827, 0.6358974358974359, 0.3996655518394649, 0.369047619047619, 0.4369047619047619, 0.5413461538461539, 0.5550595238095237, 0.7461538461538462, 0.7062499999999999, 0.625362872421696, 0.5535714285714286, 0.6028846153846154, 0.5541666666666667, 0.44524572649572647, 0.4403846153846154]
 mean: 0.5479816466804959, std: 0.10747939866527405
--------------------------------------------------
Subject Number: 8
Accuracy Cross: [0.27941176470588236, 0.27941176470588236, 0.2647058823529412, 0.3382352941176471, 0.3235294117647059, 0.36764705882352944, 0.36764705882352944, 0.38235294117647056, 0.2647058823529412, 0.3088235294117647, 0.38235294117647056, 0.25, 0.3382352941176471, 0.35294117647058826, 0.3088235294117647]
 mean: 0.3205882352941176, std: 0.04369074501011214
F1 Score: [0.30246563472369925, 0.27716612960973863, 0.2920552059496567, 0.361899123163658, 0.34164959289021335, 0.38658724513987675, 0.36245892101828703, 0.3902304147465438, 0.27834749938408476, 0.29818098568098567, 0.357496251874063, 0.22841102890363973, 0.34659090909090906, 0.3532625910674691, 0.2989718614718615]
 mean: 0.32505155964764576, std: 0.04486622604584381
Accuracy Intime: [0.42857142857142855, 0.35714285714285715, 0.5, 0.38461538461538464, 0.5, 0.32142857142857145, 0.5, 0.32142857142857145, 0.34615384615384615, 0.38461538461538464, 0.32142857142857145, 0.5, 0.5, 0.4230769230769231, 0.5]
 mean: 0.41923076923076924, std: 0.07281550089252313
F1 (Intime): [0.3968253968253968, 0.3678571428571429, 0.48550420168067226, 0.40595238095238095, 0.45238095238095233, 0.2751918158567775, 0.47467532467532464, 0.30505952380952384, 0.28869047619047616, 0.3846590909090909, 0.29523809523809524, 0.4665032679738562, 0.5102941176470588, 0.41989063568010937, 0.4611774534375153]
 mean: 0.3993266584076249, std: 0.0755512146492527
--------------------------------------------------
Subject Number: 9
Accuracy Cross: [0.5147058823529411, 0.5735294117647058, 0.5, 0.5, 0.5735294117647058, 0.3235294117647059, 0.38235294117647056, 0.36764705882352944, 0.39705882352941174, 0.3235294117647059, 0.4852941176470588, 0.5147058823529411, 0.4117647058823529, 0.39705882352941174, 0.4411764705882353]
 mean: 0.4470588235294118, std: 0.07979211744853255
F1 Score: [0.5284236966484078, 0.5836246857322439, 0.5251930501930502, 0.5287606837606837, 0.5971993732863298, 0.30370400923939944, 0.3726492449896705, 0.3693661193661194, 0.4222650736035491, 0.3224896019013666, 0.4930050667778578, 0.5365707076233392, 0.42788461538461536, 0.41300618073316286, 0.47538807189542487]
 mean: 0.4599686787423481, std: 0.08899506617849834
Accuracy Intime: [0.5714285714285714, 0.5, 0.6071428571428571, 0.46153846153846156, 0.38461538461538464, 0.6071428571428571, 0.6785714285714286, 0.6428571428571429, 0.5384615384615384, 0.5, 0.5357142857142857, 0.6785714285714286, 0.6785714285714286, 0.5, 0.5384615384615384]
 mean: 0.5615384615384615, std: 0.08420408098876456
F1 (Intime): [0.5693516042780749, 0.5154761904761904, 0.6089635854341737, 0.4267045454545455, 0.3037878787878788, 0.585551948051948, 0.6904761904761905, 0.6138257575757575, 0.5210561497326204, 0.43162393162393164, 0.4875, 0.6410818713450293, 0.6527777777777777, 0.524975024975025, 0.5066176470588235]
 mean: 0.5386513402031977, std: 0.09802345102166955
--------------------------------------------------
Subject Number: 10
Accuracy Cross: [0.29411764705882354, 0.3382352941176471, 0.27941176470588236, 0.39705882352941174, 0.35294117647058826, 0.3088235294117647, 0.23529411764705882, 0.25, 0.29411764705882354, 0.29411764705882354, 0.30434782608695654, 0.3188405797101449, 0.3188405797101449, 0.34782608695652173, 0.30434782608695654]
 mean: 0.30922136970730324, std: 0.038933345113500294
F1 Score: [0.30017938843356046, 0.3295363173411954, 0.27273126495839095, 0.3914975680194559, 0.3567422343738133, 0.30916666666666665, 0.23827250754080023, 0.2536430007825889, 0.2825713046469541, 0.2724688187820983, 0.300020475020475, 0.33390445990180034, 0.32456428564422957, 0.3301767676767677, 0.30394736842105263]
 mean: 0.3066281618806566, std: 0.03858553452141321
Accuracy Intime: [0.32142857142857145, 0.5357142857142857, 0.35714285714285715, 0.3076923076923077, 0.3076923076923077, 0.5, 0.39285714285714285, 0.39285714285714285, 0.4230769230769231, 0.5, 0.32142857142857145, 0.32142857142857145, 0.39285714285714285, 0.4230769230769231, 0.5]
 mean: 0.39981684981684984, std: 0.07617286356022387
F1 (Intime): [0.31437908496732025, 0.49797979797979797, 0.35049019607843135, 0.2464349376114082, 0.2518207282913165, 0.5076923076923077, 0.3568181818181818, 0.392219708396179, 0.42439782439782436, 0.500801282051282, 0.25049019607843137, 0.3341346153846154, 0.36091269841269835, 0.3823906356801094, 0.5092314118629908]
 mean: 0.37867957378019296, std: 0.09049602027073603
--------------------------------------------------
Subject Number: 11
Accuracy Cross: [0.3333333333333333, 0.2898550724637681, 0.2753623188405797, 0.3333333333333333, 0.2318840579710145, 0.4057971014492754, 0.463768115942029, 0.4782608695652174, 0.43478260869565216, 0.4057971014492754, 0.4492753623188406, 0.42028985507246375, 0.463768115942029, 0.42028985507246375, 0.4492753623188406]
 mean: 0.3903381642512078, std: 0.07511417092010363
F1 Score: [0.3183965157649368, 0.2697115384615385, 0.2678551800342482, 0.3106100459823864, 0.24167043740573152, 0.31458595168272585, 0.4089601059415301, 0.4530475702140329, 0.395707129749683, 0.3392776650890241, 0.4145301196253044, 0.39754017300325745, 0.41123188405797095, 0.35737547892720306, 0.39618055555555554]
 mean: 0.35311202343300857, std: 0.06177827622975254
Accuracy Intime: [0.5, 0.6428571428571429, 0.5357142857142857, 0.6785714285714286, 0.6153846153846154, 0.35714285714285715, 0.42857142857142855, 0.6428571428571429, 0.6071428571428571, 0.4230769230769231, 0.39285714285714285, 0.42857142857142855, 0.5357142857142857, 0.42857142857142855, 0.46153846153846156]
 mean: 0.511904761904762, std: 0.10083411468348498
F1 (Intime): [0.3986742424242424, 0.5943181818181819, 0.5312324929971989, 0.666628108733372, 0.6036713286713287, 0.31373626373626373, 0.3891402714932127, 0.6354166666666666, 0.5960338680926915, 0.3833158263305322, 0.331045751633987, 0.4329004329004329, 0.48750000000000004, 0.4148294086374582, 0.3888888888888889]
 mean: 0.4778221155349638, std: 0.11320670506251015
--------------------------------------------------
Subject Number: 12
Accuracy Cross: [0.5882352941176471, 0.5147058823529411, 0.5294117647058824, 0.6029411764705882, 0.5882352941176471, 0.5217391304347826, 0.5362318840579711, 0.4927536231884058, 0.5217391304347826, 0.5217391304347826, 0.5147058823529411, 0.47058823529411764, 0.4264705882352941, 0.38235294117647056, 0.38235294117647056]
 mean: 0.506280193236715, std: 0.06512045325918087
F1 Score: [0.5764600385909757, 0.4819859241126071, 0.4899896800825594, 0.5968446927749252, 0.5670731707317074, 0.5268733850129199, 0.5524193548387097, 0.469078947368421, 0.5135506385506385, 0.5489319484994345, 0.5142482517482517, 0.4848118279569892, 0.44525932619518516, 0.37580171635049686, 0.39945652173913043]
 mean: 0.5028523616368635, std: 0.061098275999016016
Accuracy Intime: [0.5714285714285714, 0.6785714285714286, 0.5714285714285714, 0.5769230769230769, 0.5384615384615384, 0.5, 0.42857142857142855, 0.5357142857142857, 0.46153846153846156, 0.5769230769230769, 0.6071428571428571, 0.7142857142857143, 0.75, 0.46153846153846156, 0.6153846153846154]
 mean: 0.5725274725274725, std: 0.08908783369499053
F1 (Intime): [0.5784907902554961, 0.6843240093240093, 0.5072463768115941, 0.46577380952380953, 0.4589635854341737, 0.5042016806722689, 0.43218623481781376, 0.49722222222222223, 0.3833333333333333, 0.5335497835497834, 0.6216179653679653, 0.7178571428571427, 0.7459893048128343, 0.32386363636363635, 0.5315211104684789]
 mean: 0.5324093990543041, std: 0.11588221435467332
--------------------------------------------------
Subject Number: 13
Accuracy Cross: [0.5441176470588235, 0.5588235294117647, 0.4852941176470588, 0.5, 0.4852941176470588, 0.5217391304347826, 0.5217391304347826, 0.4492753623188406, 0.463768115942029, 0.4492753623188406, 0.4411764705882353, 0.47058823529411764, 0.38235294117647056, 0.4411764705882353, 0.47058823529411764]
 mean: 0.47901392441034396, std: 0.044066711577977036
F1 Score: [0.5350353669319187, 0.5617670181568603, 0.5139784946236559, 0.48182585572269077, 0.5078436119348786, 0.5236928104575164, 0.5017857142857143, 0.4459323024602795, 0.47013986013986014, 0.4472041116777959, 0.41827106518282986, 0.4860592341067723, 0.38224085365853655, 0.4658229786136763, 0.4661558109833972]
 mean: 0.48051700592909213, std: 0.04483868985846345
Accuracy Intime: [0.5714285714285714, 0.5714285714285714, 0.5357142857142857, 0.4230769230769231, 0.4230769230769231, 0.42857142857142855, 0.6428571428571429, 0.6071428571428571, 0.46153846153846156, 0.46153846153846156, 0.4642857142857143, 0.6785714285714286, 0.5357142857142857, 0.6153846153846154, 0.5384615384615384]
 mean: 0.5305860805860806, std: 0.08101906656156149
F1 (Intime): [0.5625874125874126, 0.5607142857142857, 0.5428321678321678, 0.4286713286713287, 0.4176470588235295, 0.4423076923076923, 0.65, 0.6041666666666666, 0.4257759784075573, 0.48962703962703963, 0.3989687848383501, 0.6928597718071402, 0.530622009569378, 0.6471306471306472, 0.5472943722943723]
 mean: 0.5294136810851713, std: 0.09049873333131454
--------------------------------------------------
Subject Number: 14
Accuracy Cross: [0.3382352941176471, 0.38235294117647056, 0.38235294117647056, 0.27941176470588236, 0.27941176470588236, 0.4411764705882353, 0.4411764705882353, 0.45588235294117646, 0.4264705882352941, 0.36764705882352944, 0.36764705882352944, 0.4852941176470588, 0.47058823529411764, 0.39705882352941174, 0.39705882352941174]
 mean: 0.39411764705882363, std: 0.060324000246726114
F1 Score: [0.36911021984551395, 0.39361471861471864, 0.3860581132744001, 0.328191856452726, 0.2968391885882393, 0.46377892647604096, 0.4653697489063343, 0.4923019524083354, 0.4532061369000787, 0.3792797157622739, 0.3706140350877193, 0.48594452773613195, 0.470491680032077, 0.4156497948016416, 0.4068594693594694]
 mean: 0.4118206722830467, std: 0.056876378167936864
Accuracy Intime: [0.42857142857142855, 0.6785714285714286, 0.6071428571428571, 0.5, 0.5384615384615384, 0.5357142857142857, 0.5357142857142857, 0.39285714285714285, 0.5769230769230769, 0.4230769230769231, 0.5, 0.39285714285714285, 0.4642857142857143, 0.5, 0.4230769230769231]
 mean: 0.4998168498168499, std: 0.07936639427857853
F1 (Intime): [0.4641941391941392, 0.6499202551834131, 0.5555631868131868, 0.5048611111111111, 0.5876893939393939, 0.5476641414141414, 0.5387254901960784, 0.3680555555555556, 0.5935897435897436, 0.42671299288946346, 0.5096368092691622, 0.38486513486513485, 0.43970588235294117, 0.5277777777777778, 0.43482905982905984]
 mean: 0.5022527115986868, std: 0.0782288898250355
--------------------------------------------------
Subject Number: 15
Accuracy Cross: [0.5, 0.39705882352941174, 0.4852941176470588, 0.5147058823529411, 0.4264705882352941, 0.5735294117647058, 0.5588235294117647, 0.5735294117647058, 0.5588235294117647, 0.5441176470588235, 0.4264705882352941, 0.4411764705882353, 0.39705882352941174, 0.4411764705882353, 0.4411764705882353]
 mean: 0.4852941176470589, std: 0.0628522369600965
F1 Score: [0.523494076982449, 0.42172136449887876, 0.5026309607704956, 0.5144594939943777, 0.45924505601924953, 0.5850775553083674, 0.5701477012689827, 0.5909146754937471, 0.5606353587850643, 0.5300819984744469, 0.4063095238095238, 0.4102579819113, 0.31666666666666665, 0.41837976837976837, 0.42851962851962855]
 mean: 0.48256945405886315, std: 0.07798248341658744
Accuracy Intime: [0.6071428571428571, 0.5714285714285714, 0.6428571428571429, 0.7307692307692307, 0.34615384615384615, 0.5, 0.39285714285714285, 0.5357142857142857, 0.5, 0.5, 0.6428571428571429, 0.4642857142857143, 0.6785714285714286, 0.7307692307692307, 0.6153846153846154]
 mean: 0.563919413919414, std: 0.11121213322713391
F1 (Intime): [0.6021374458874458, 0.5550595238095238, 0.6512820512820512, 0.7277777777777779, 0.3062982768865122, 0.4971001221001221, 0.3815359477124183, 0.5488095238095239, 0.4817460317460317, 0.5169413919413919, 0.6193066801619433, 0.4661027568922306, 0.6691445809092869, 0.7729166666666667, 0.63003663003663]
 mean: 0.5617463605079703, std: 0.12137943350733102
--------------------------------------------------
Subject Number: 16
Accuracy Cross: [0.6323529411764706, 0.5588235294117647, 0.5294117647058824, 0.5147058823529411, 0.6029411764705882, 0.5294117647058824, 0.39705882352941174, 0.47058823529411764, 0.5735294117647058, 0.4852941176470588, 0.5147058823529411, 0.5147058823529411, 0.6176470588235294, 0.6029411764705882, 0.5882352941176471]
 mean: 0.5421568627450981, std: 0.061429216462041344
F1 Score: [0.5917982879189776, 0.5073903403065652, 0.45582060216206555, 0.47464432119604527, 0.5246598639455782, 0.528125, 0.35680332739156273, 0.4476537829986106, 0.5579044379795215, 0.47552619793999107, 0.4304695304695305, 0.4813997202308096, 0.5417036733392544, 0.5806945301168664, 0.5225618911594522]
 mean: 0.4984770338103221, std: 0.05976521232276966
Accuracy Intime: [0.7142857142857143, 0.5357142857142857, 0.7142857142857143, 0.6153846153846154, 0.6923076923076923, 0.5714285714285714, 0.5, 0.6428571428571429, 0.6153846153846154, 0.46153846153846156, 0.6785714285714286, 0.6071428571428571, 0.75, 0.7692307692307693, 0.6153846153846154]
 mean: 0.6322344322344322, std: 0.08682864114926772
F1 (Intime): [0.7063492063492063, 0.4273611111111111, 0.6775389643036702, 0.6144199346405228, 0.6533571004159239, 0.5833333333333333, 0.41535947712418303, 0.6269667832167832, 0.5519841269841269, 0.43701923076923077, 0.6446428571428571, 0.5813696172248803, 0.7272727272727273, 0.765224358974359, 0.5773809523809523]
 mean: 0.5993053187495913, std: 0.10343719599286198
--------------------------------------------------
Subject Number: 17
Accuracy Cross: [0.4492753623188406, 0.463768115942029, 0.37681159420289856, 0.3188405797101449, 0.3333333333333333, 0.3333333333333333, 0.37681159420289856, 0.5072463768115942, 0.43478260869565216, 0.4057971014492754, 0.5, 0.4117647058823529, 0.38235294117647056, 0.4411764705882353, 0.4264705882352941]
 mean: 0.4107843137254903, std: 0.05591201401925865
F1 Score: [0.41413591400368177, 0.482010582010582, 0.39046323211082934, 0.2926384342607747, 0.30425866898483533, 0.29500674763832657, 0.33166621911922667, 0.4476284584980237, 0.4092059574112036, 0.35863095238095233, 0.49412537816793134, 0.4104166666666667, 0.38144325340988633, 0.44151812240047533, 0.43854196301564724]
 mean: 0.39277937000526947, std: 0.06282608048414458
Accuracy Intime: [0.35714285714285715, 0.6428571428571429, 0.6071428571428571, 0.5769230769230769, 0.46153846153846156, 0.5714285714285714, 0.5357142857142857, 0.5, 0.6538461538461539, 0.6153846153846154, 0.6071428571428571, 0.6428571428571429, 0.42857142857142855, 0.5357142857142857, 0.5]
 mean: 0.5490842490842491, std: 0.08373709696129789
F1 (Intime): [0.3296016483516483, 0.6553571428571429, 0.6241071428571429, 0.4380681818181818, 0.3888888888888889, 0.5655637254901961, 0.4791666666666667, 0.42598343685300205, 0.6008771929824561, 0.5865115276879983, 0.6261904761904762, 0.6305916305916306, 0.4096590909090909, 0.5309337721102427, 0.48244047619047614]
 mean: 0.518262733363016, std: 0.10000959950330407
--------------------------------------------------
Subject Number: 18
Accuracy Cross: [0.391304347826087, 0.391304347826087, 0.4057971014492754, 0.391304347826087, 0.463768115942029, 0.3235294117647059, 0.3382352941176471, 0.4264705882352941, 0.39705882352941174, 0.36764705882352944, 0.27941176470588236, 0.3235294117647059, 0.3382352941176471, 0.3235294117647059, 0.38235294117647056]
 mean: 0.3695652173913043, std: 0.04634270106502572
F1 Score: [0.3885138446459201, 0.41173342786246014, 0.39168356997971604, 0.3829865980988001, 0.4878518199777026, 0.3523512719164893, 0.3596515679442509, 0.40665266106442577, 0.40378725731473886, 0.3837036445012788, 0.31490633074935404, 0.36001602564102564, 0.3634606938954765, 0.3428288916093794, 0.4086330336330336]
 mean: 0.38391737592227, std: 0.038476668675831736
Accuracy Intime: [0.6071428571428571, 0.35714285714285715, 0.5, 0.5, 0.2692307692307692, 0.42857142857142855, 0.5714285714285714, 0.5, 0.38461538461538464, 0.34615384615384615, 0.4642857142857143, 0.4642857142857143, 0.5714285714285714, 0.46153846153846156, 0.3076923076923077]
 mean: 0.4489010989010989, std: 0.09635927819313356
F1 (Intime): [0.6111111111111112, 0.38872549019607844, 0.5155844155844156, 0.5181623931623931, 0.16964285714285715, 0.45476190476190476, 0.58450311942959, 0.5080213903743316, 0.3187878787878788, 0.36442307692307696, 0.49164438502673796, 0.45119047619047614, 0.5804222093695778, 0.528943278943279, 0.33392857142857146]
 mean: 0.4546568372288186, std: 0.11587468470344242
--------------------------------------------------
Subject Number: 19
Accuracy Cross: [0.1323529411764706, 0.1323529411764706, 0.19117647058823528, 0.3088235294117647, 0.14705882352941177, 0.38235294117647056, 0.38235294117647056, 0.36764705882352944, 0.47058823529411764, 0.5, 0.38235294117647056, 0.2647058823529412, 0.27941176470588236, 0.27941176470588236, 0.3382352941176471]
 mean: 0.30392156862745096, std: 0.11221101119862352
F1 Score: [0.10859709226023079, 0.11294871794871794, 0.21771879483500717, 0.28654970760233917, 0.1194468100205805, 0.3101503759398496, 0.32762775050009096, 0.33026764234161987, 0.4156313749490004, 0.49778103796075557, 0.36612318840579705, 0.24680727554179566, 0.2593984962406015, 0.27574221121390935, 0.32992424242424245]
 mean: 0.2803143145456358, std: 0.10644731246735972
Accuracy Intime: [0.6071428571428571, 0.5714285714285714, 0.4642857142857143, 0.6923076923076923, 0.5, 0.5714285714285714, 0.35714285714285715, 0.42857142857142855, 0.5384615384615384, 0.46153846153846156, 0.6428571428571429, 0.5, 0.6071428571428571, 0.5769230769230769, 0.6923076923076923]
 mean: 0.5474358974358974, std: 0.0928959683589834
F1 (Intime): [0.5347222222222222, 0.5854166666666667, 0.4511904761904762, 0.6357905982905983, 0.42478991596638654, 0.5717032967032967, 0.3685897435897436, 0.3997113997113997, 0.49355158730158727, 0.4534798534798534, 0.6353021978021979, 0.4645909645909646, 0.5833333333333334, 0.55, 0.6785714285714286]
 mean: 0.5220495789613436, std: 0.09064697286117934
--------------------------------------------------
Subject Number: 20
Accuracy Cross: [0.6323529411764706, 0.5147058823529411, 0.5882352941176471, 0.5, 0.5441176470588235, 0.45588235294117646, 0.4264705882352941, 0.4117647058823529, 0.4264705882352941, 0.4852941176470588, 0.37681159420289856, 0.4492753623188406, 0.43478260869565216, 0.43478260869565216, 0.4492753623188406]
 mean: 0.47534811025859625, std: 0.06729977013183672
F1 Score: [0.631102585961921, 0.5242019022506827, 0.5954832739716461, 0.5161240129147703, 0.5456284509369157, 0.4828893612781081, 0.4351875009769747, 0.42857142857142855, 0.4197986004437617, 0.508040027605245, 0.38012643041712807, 0.46166722849041264, 0.4396597554492291, 0.44328334545725845, 0.45933014354066987]
 mean: 0.4847396032177434, std: 0.06642421046501758
Accuracy Intime: [0.6785714285714286, 0.5714285714285714, 0.5357142857142857, 0.4230769230769231, 0.5, 0.75, 0.6428571428571429, 0.6785714285714286, 0.6538461538461539, 0.5384615384615384, 0.6071428571428571, 0.6071428571428571, 0.6071428571428571, 0.5769230769230769, 0.46153846153846156]
 mean: 0.5888278388278388, std: 0.0846978017027482
F1 (Intime): [0.6768241626794258, 0.5883699633699634, 0.510706252811516, 0.3441427853192559, 0.5181623931623931, 0.7350564468211527, 0.6474780701754386, 0.673015873015873, 0.6035714285714285, 0.5030303030303029, 0.6311188811188811, 0.6130252100840337, 0.5688405797101449, 0.5912698412698413, 0.45931372549019606]
 mean: 0.5775950611086564, std: 0.09517022351778051
--------------------------------------------------
Subject Number: 21
Accuracy Cross: [0.45588235294117646, 0.39705882352941174, 0.5, 0.39705882352941174, 0.4264705882352941, 0.4411764705882353, 0.39705882352941174, 0.4411764705882353, 0.47058823529411764, 0.5294117647058824, 0.38235294117647056, 0.4117647058823529, 0.35294117647058826, 0.3382352941176471, 0.38235294117647056]
 mean: 0.42156862745098034, std: 0.05084824501917624
F1 Score: [0.44461318251640836, 0.37389059566478916, 0.47404547404547404, 0.38719613719613716, 0.40060439120747676, 0.42171261930010606, 0.39349662162162163, 0.42291154791154795, 0.44231767476237127, 0.49621354255500594, 0.35134066242140255, 0.39640637140637136, 0.2842741935483871, 0.282258064516129, 0.35034916152546025]
 mean: 0.39477534934657926, std: 0.05893363370498992
Accuracy Intime: [0.5357142857142857, 0.6428571428571429, 0.5714285714285714, 0.6153846153846154, 0.5769230769230769, 0.42857142857142855, 0.5, 0.6071428571428571, 0.5384615384615384, 0.5384615384615384, 0.5357142857142857, 0.5714285714285714, 0.5357142857142857, 0.46153846153846156, 0.5769230769230769]
 mean: 0.549084249084249, std: 0.05444707176537856
F1 (Intime): [0.5043831168831169, 0.5864661654135338, 0.4741264927023441, 0.50472334682861, 0.5658730158730159, 0.3738095238095238, 0.5007936507936508, 0.5574229691876751, 0.5092575187969924, 0.45390749601275915, 0.5347985347985348, 0.5332895518654033, 0.5135233918128654, 0.41666666666666663, 0.5590277777777777]
 mean: 0.505871281281498, std: 0.055601291628068386
--------------------------------------------------
Subject Number: 22
Accuracy Cross: [0.38235294117647056, 0.47058823529411764, 0.35294117647058826, 0.4264705882352941, 0.4117647058823529, 0.3188405797101449, 0.37681159420289856, 0.3333333333333333, 0.37681159420289856, 0.37681159420289856, 0.38235294117647056, 0.36764705882352944, 0.3235294117647059, 0.4264705882352941, 0.47058823529411764]
 mean: 0.3864876385336743, std: 0.04556509480729489
F1 Score: [0.4024667774086379, 0.4871665496665497, 0.37670778295778296, 0.44035256410256407, 0.4387288263762855, 0.3336850649350649, 0.37046517809675705, 0.29493006993007, 0.3864885114885115, 0.3726946525859569, 0.3957020308123249, 0.39102461636828645, 0.3367724867724867, 0.4535639798797694, 0.47622556243245895]
 mean: 0.39713164358756714, std: 0.05238667309570057
Accuracy Intime: [0.5357142857142857, 0.5357142857142857, 0.5357142857142857, 0.5, 0.3076923076923077, 0.5, 0.5714285714285714, 0.5, 0.5769230769230769, 0.4230769230769231, 0.4642857142857143, 0.6071428571428571, 0.5357142857142857, 0.4230769230769231, 0.5384615384615384]
 mean: 0.5036630036630036, std: 0.07255845344153956
F1 (Intime): [0.552974802974803, 0.5715610047846891, 0.5343137254901961, 0.5114468864468864, 0.2515527950310559, 0.4999084249084249, 0.5606060606060607, 0.4987179487179487, 0.5734046655099286, 0.3731768231768232, 0.44469696969696965, 0.6131313131313132, 0.5275446775446775, 0.3625, 0.43333333333333335]
 mean: 0.48725796209020733, std: 0.0943892731993904
--------------------------------------------------
Subject Number: 23
Accuracy Cross: [0.4057971014492754, 0.463768115942029, 0.43478260869565216, 0.5217391304347826, 0.4927536231884058, 0.4117647058823529, 0.4117647058823529, 0.5735294117647058, 0.45588235294117646, 0.4852941176470588, 0.42028985507246375, 0.43478260869565216, 0.391304347826087, 0.4057971014492754, 0.4057971014492754]
 mean: 0.44766979255470307, std: 0.04979883196734502
F1 Score: [0.41521640914430286, 0.4733478610466946, 0.47047682709447414, 0.5167260442260443, 0.5096185702299765, 0.38608374384236455, 0.3476691887347625, 0.5735935494223363, 0.4576364263199369, 0.4810247747747748, 0.42984983752467654, 0.4363265306122449, 0.39586739780658026, 0.39489064856711914, 0.406474125565486]
 mean: 0.4463201289941183, std: 0.05732126541746535
Accuracy Intime: [0.5714285714285714, 0.75, 0.6071428571428571, 0.5, 0.5384615384615384, 0.75, 0.7142857142857143, 0.5357142857142857, 0.6071428571428571, 0.38461538461538464, 0.6071428571428571, 0.6071428571428571, 0.7142857142857143, 0.6153846153846154, 0.5]
 mean: 0.6001831501831502, std: 0.09889024496132728
F1 (Intime): [0.5654761904761905, 0.7534188034188034, 0.5924242424242424, 0.3928571428571428, 0.5134502923976608, 0.7644751082251082, 0.7409982174688058, 0.5368055555555555, 0.6260683760683761, 0.33253968253968247, 0.6259803921568627, 0.5988636363636364, 0.7073704481792716, 0.6092032967032968, 0.479298418972332]
 mean: 0.5892819869204645, std: 0.12205502268500165
--------------------------------------------------
Subject Number: 24
Accuracy Cross: [0.36764705882352944, 0.38235294117647056, 0.29411764705882354, 0.3088235294117647, 0.35294117647058826, 0.3088235294117647, 0.4411764705882353, 0.3382352941176471, 0.4117647058823529, 0.45588235294117646, 0.3235294117647059, 0.3088235294117647, 0.27941176470588236, 0.35294117647058826, 0.35294117647058826]
 mean: 0.35196078431372546, std: 0.050791505282308295
F1 Score: [0.36010770838357054, 0.3729862317181561, 0.2946497678018576, 0.30124798711755235, 0.3366460794844254, 0.2914718614718615, 0.435152922957801, 0.3133457595526561, 0.40363501722528095, 0.3930577122153209, 0.31887261674495715, 0.30910487362100264, 0.27952448416158093, 0.35269341387250175, 0.340625]
 mean: 0.34020809575523503, std: 0.044170195844645474
Accuracy Intime: [0.39285714285714285, 0.2857142857142857, 0.5714285714285714, 0.34615384615384615, 0.34615384615384615, 0.42857142857142855, 0.39285714285714285, 0.42857142857142855, 0.5769230769230769, 0.34615384615384615, 0.5, 0.5, 0.42857142857142855, 0.5769230769230769, 0.38461538461538464]
 mean: 0.4336996336996337, std: 0.08925748591056447
F1 (Intime): [0.3793706293706294, 0.2374746963562753, 0.5526610644257703, 0.3287581699346405, 0.3149350649350649, 0.40106951871657753, 0.37222222222222223, 0.3472222222222222, 0.5601648351648352, 0.3222222222222222, 0.4986887508626639, 0.5152097902097902, 0.38328349282296653, 0.5445826103720841, 0.3503028404344194]
 mean: 0.4072112086848257, std: 0.09784457402845063
--------------------------------------------------
Subject Number: 25
Accuracy Cross: [0.5797101449275363, 0.4782608695652174, 0.463768115942029, 0.4492753623188406, 0.42028985507246375, 0.4117647058823529, 0.4117647058823529, 0.47058823529411764, 0.4264705882352941, 0.5147058823529411, 0.5441176470588235, 0.5147058823529411, 0.5294117647058824, 0.5, 0.4852941176470588]
 mean: 0.48000852514919007, std: 0.04924335803368464
F1 Score: [0.5340301974448316, 0.4348443223443223, 0.41029091681265595, 0.393264266657427, 0.37611787611787617, 0.32741104172861535, 0.30166040100250624, 0.4376314162028448, 0.36138519924098667, 0.44880581952737364, 0.5479853479853479, 0.5032547024977638, 0.5009135472370767, 0.4760687860443062, 0.42936401020986953]
 mean: 0.4322018567369203, std: 0.07022248924933944
Accuracy Intime: [0.5, 0.5, 0.5, 0.5769230769230769, 0.5384615384615384, 0.5714285714285714, 0.5714285714285714, 0.4642857142857143, 0.6923076923076923, 0.5384615384615384, 0.5357142857142857, 0.5357142857142857, 0.4642857142857143, 0.5384615384615384, 0.5]
 mean: 0.5351648351648352, std: 0.054218641365578336
F1 (Intime): [0.46813186813186813, 0.46021825396825394, 0.5333333333333333, 0.5833333333333334, 0.49321219715956555, 0.4590909090909091, 0.5815826330532213, 0.44696969696969696, 0.5536635706914345, 0.5, 0.5661172161172161, 0.4959150326797386, 0.38991596638655457, 0.4930555555555555, 0.4650533290239173]
 mean: 0.49930619303297324, std: 0.05322280766979817
--------------------------------------------------
Subject Number: 26
Accuracy Cross: [0.4782608695652174, 0.36231884057971014, 0.5072463768115942, 0.4782608695652174, 0.5942028985507246, 0.4264705882352941, 0.4117647058823529, 0.36764705882352944, 0.38235294117647056, 0.27941176470588236, 0.4411764705882353, 0.45588235294117646, 0.5, 0.5147058823529411, 0.4117647058823529]
 mean: 0.44076442171071334, std: 0.07430245323250112
F1 Score: [0.5015396738800995, 0.37629573170731706, 0.506559563624781, 0.4960668304728004, 0.6110778183948916, 0.4182951482479784, 0.40386029411764707, 0.36075689016865486, 0.375632183908046, 0.32489106753812635, 0.4776990553306343, 0.47292238432278877, 0.47937430786268, 0.5383738601823709, 0.4307641852378695]
 mean: 0.4516072663331124, std: 0.07390706195893552
Accuracy Intime: [0.5714285714285714, 0.5, 0.5357142857142857, 0.5769230769230769, 0.38461538461538464, 0.5357142857142857, 0.7857142857142857, 0.6785714285714286, 0.5769230769230769, 0.5, 0.4642857142857143, 0.4642857142857143, 0.39285714285714285, 0.6153846153846154, 0.34615384615384615]
 mean: 0.5285714285714287, std: 0.11108236019226524
F1 (Intime): [0.5691122602887309, 0.4831931353670484, 0.5506410256410257, 0.5976190476190476, 0.4043040293040293, 0.5602941176470588, 0.7817460317460317, 0.6435093973793664, 0.5919372294372294, 0.5194139194139193, 0.45765345765345766, 0.440018315018315, 0.41388888888888886, 0.6488095238095238, 0.36169467787114845]
 mean: 0.5349223371389882, std: 0.10786919307733414
--------------------------------------------------
Subject Number: 27
Accuracy Cross: [0.4492753623188406, 0.463768115942029, 0.37681159420289856, 0.3188405797101449, 0.3333333333333333, 0.3333333333333333, 0.37681159420289856, 0.5072463768115942, 0.43478260869565216, 0.4057971014492754, 0.5, 0.4117647058823529, 0.38235294117647056, 0.4411764705882353, 0.4264705882352941]
 mean: 0.4107843137254903, std: 0.05591201401925865
F1 Score: [0.41413591400368177, 0.482010582010582, 0.39046323211082934, 0.2926384342607747, 0.30425866898483533, 0.29500674763832657, 0.33166621911922667, 0.4476284584980237, 0.4092059574112036, 0.35863095238095233, 0.49412537816793134, 0.4104166666666667, 0.38144325340988633, 0.44151812240047533, 0.43854196301564724]
 mean: 0.39277937000526947, std: 0.06282608048414458
Accuracy Intime: [0.35714285714285715, 0.6428571428571429, 0.6071428571428571, 0.5769230769230769, 0.46153846153846156, 0.5714285714285714, 0.5357142857142857, 0.5, 0.6538461538461539, 0.6153846153846154, 0.6071428571428571, 0.6428571428571429, 0.42857142857142855, 0.5357142857142857, 0.5]
 mean: 0.5490842490842491, std: 0.08373709696129789
F1 (Intime): [0.3296016483516483, 0.6553571428571429, 0.6241071428571429, 0.4380681818181818, 0.3888888888888889, 0.5655637254901961, 0.4791666666666667, 0.42598343685300205, 0.6008771929824561, 0.5865115276879983, 0.6261904761904762, 0.6305916305916306, 0.4096590909090909, 0.5309337721102427, 0.48244047619047614]
 mean: 0.518262733363016, std: 0.10000959950330407
--------------------------------------------------
Subject Number: 28
Accuracy Cross: [0.3088235294117647, 0.39705882352941174, 0.3382352941176471, 0.25, 0.23529411764705882, 0.22058823529411764, 0.25, 0.29411764705882354, 0.20588235294117646, 0.20588235294117646, 0.4852941176470588, 0.4852941176470588, 0.38235294117647056, 0.5441176470588235, 0.38235294117647056]
 mean: 0.3323529411764705, std: 0.10656100591466636
F1 Score: [0.3249854819976771, 0.3333333333333333, 0.3236854883462819, 0.25178602105431375, 0.2295138888888889, 0.19617046818727488, 0.21459171275347746, 0.2638095238095238, 0.197843618513324, 0.19446641923463653, 0.4475691699604743, 0.4490586932447398, 0.34191125087351504, 0.5246174872226176, 0.35197577276524644]
 mean: 0.30968788867902164, std: 0.09934646571333969
Accuracy Intime: [0.5, 0.4642857142857143, 0.42857142857142855, 0.8076923076923077, 0.34615384615384615, 0.35714285714285715, 0.5714285714285714, 0.5, 0.5769230769230769, 0.6153846153846154, 0.5, 0.5, 0.4642857142857143, 0.5384615384615384, 0.5769230769230769]
 mean: 0.5164835164835165, std: 0.10772127142843253
F1 (Intime): [0.49427043544690596, 0.45816993464052286, 0.3602941176470588, 0.7836067119155353, 0.3281926406926407, 0.2666666666666667, 0.5504679144385027, 0.48412004662004665, 0.587344028520499, 0.6167557932263814, 0.5005386770092652, 0.5184253246753248, 0.46302294197031035, 0.5178571428571429, 0.5471776589423649]
 mean: 0.4984606690179446, std: 0.11943520571378356
--------------------------------------------------
Subject Number: 29
Accuracy Cross: [0.4852941176470588, 0.5882352941176471, 0.5588235294117647, 0.5147058823529411, 0.5294117647058824, 0.6176470588235294, 0.6029411764705882, 0.5147058823529411, 0.6470588235294118, 0.6470588235294118, 0.5942028985507246, 0.5362318840579711, 0.6376811594202898, 0.6666666666666666, 0.4927536231884058]
 mean: 0.5755612389883491, std: 0.058754086019351656
F1 Score: [0.4664069264069264, 0.5978998778998779, 0.5520388176638177, 0.533776536239323, 0.5327985739750445, 0.6355960450788036, 0.61947601010101, 0.536967036967037, 0.6640932922693358, 0.6454073401895544, 0.5948083382766907, 0.5525422752283007, 0.6486700986700986, 0.6845238095238095, 0.5054829655439412]
 mean: 0.5846991962689047, std: 0.06221290910075555
Accuracy Intime: [0.6785714285714286, 0.6428571428571429, 0.7142857142857143, 0.6923076923076923, 0.6923076923076923, 0.5714285714285714, 0.6071428571428571, 0.7142857142857143, 0.6153846153846154, 0.5769230769230769, 0.6071428571428571, 0.6785714285714286, 0.6428571428571429, 0.6153846153846154, 0.6153846153846154]
 mean: 0.6443223443223443, std: 0.04610003258495469
F1 (Intime): [0.6930465367965368, 0.6528846153846154, 0.7294764059469943, 0.6819444444444445, 0.6931818181818182, 0.5772727272727273, 0.6075757575757575, 0.7091346153846154, 0.6498778998778999, 0.5628342245989305, 0.5951107715813598, 0.6371753246753247, 0.6422524843577475, 0.619281045751634, 0.572333548804137]
 mean: 0.6415588147089696, std: 0.0505905493991541
--------------------------------------------------
**************************************************
accuracy_cross_list: [0.466481955100881, 0.3301079852230747, 0.3165245808468315, 0.506280193236715, 0.45882352941176463, 0.46699346405228753, 0.4911764705882354, 0.3205882352941176, 0.4470588235294118, 0.30922136970730324, 0.3903381642512078, 0.506280193236715, 0.47901392441034396, 0.39411764705882363, 0.4852941176470589, 0.5421568627450981, 0.4107843137254903, 0.3695652173913043, 0.30392156862745096, 0.47534811025859625, 0.42156862745098034, 0.3864876385336743, 0.44766979255470307, 0.35196078431372546, 0.48000852514919007, 0.44076442171071334, 0.4107843137254903, 0.3323529411764705, 0.5755612389883491]
f1_score_list: [0.46479308714257506, 0.3311848351583893, 0.2981302938391206, 0.49726306140636695, 0.43272530210156757, 0.4513948523432131, 0.47112562046247397, 0.32505155964764576, 0.4599686787423481, 0.3066281618806566, 0.35311202343300857, 0.5028523616368635, 0.48051700592909213, 0.4118206722830467, 0.48256945405886315, 0.4984770338103221, 0.39277937000526947, 0.38391737592227, 0.2803143145456358, 0.4847396032177434, 0.39477534934657926, 0.39713164358756714, 0.4463201289941183, 0.34020809575523503, 0.4322018567369203, 0.4516072663331124, 0.39277937000526947, 0.30968788867902164, 0.5846991962689047]
accuracy_intime_list: [0.5721611721611722, 0.5274725274725275, 0.45860805860805864, 0.6005494505494506, 0.6512820512820512, 0.5891941391941393, 0.5847985347985348, 0.41923076923076924, 0.5615384615384615, 0.39981684981684984, 0.511904761904762, 0.5725274725274725, 0.5305860805860806, 0.4998168498168499, 0.563919413919414, 0.6322344322344322, 0.5490842490842491, 0.4489010989010989, 0.5474358974358974, 0.5888278388278388, 0.549084249084249, 0.5036630036630036, 0.6001831501831502, 0.4336996336996337, 0.5351648351648352, 0.5285714285714287, 0.5490842490842491, 0.5164835164835165, 0.6443223443223443]
f1_score_intime_list: [0.574567318646266, 0.5017198151865335, 0.42488946124395033, 0.5913595713711813, 0.6078470825077367, 0.5664790504186789, 0.5479816466804959, 0.3993266584076249, 0.5386513402031977, 0.37867957378019296, 0.4778221155349638, 0.5324093990543041, 0.5294136810851713, 0.5022527115986868, 0.5617463605079703, 0.5993053187495913, 0.518262733363016, 0.4546568372288186, 0.5220495789613436, 0.5775950611086564, 0.505871281281498, 0.48725796209020733, 0.5892819869204645, 0.4072112086848257, 0.49930619303297324, 0.5349223371389882, 0.518262733363016, 0.4984606690179446, 0.6415588147089696]
**************************************************
ACC: 42.47±7.26
F1: 41.58±7.37
Intime: 54.03±6.28
F1 (Intime): 52.03±6.31
