1e-04
Subject Number: 1
Accuracy Cross: [0.2857142857142857, 0.3047619047619048, 0.32857142857142857, 0.29523809523809524, 0.3047619047619048, 0.319047619047619, 0.30952380952380953, 0.3142857142857143, 0.37142857142857144, 0.3333333333333333, 0.3142857142857143, 0.32857142857142857, 0.2857142857142857, 0.28095238095238095, 0.2857142857142857]
 mean: 0.3107936507936508, std: 0.023098374302960314
F1 Score: [0.2133246646824345, 0.2398738722828087, 0.2768419489007724, 0.22879950451424708, 0.24577428848615285, 0.32244877191854926, 0.30959829704927744, 0.3241783429971276, 0.37777225866916586, 0.3345655806759318, 0.3253329509063962, 0.32420014968307825, 0.2898079698079698, 0.2864335771139895, 0.28549476867218804]
 mean: 0.29229646309067264, std: 0.04391927038311839
Accuracy Intime: [0.4523809523809524, 0.4523809523809524, 0.40476190476190477, 0.36904761904761907, 0.40476190476190477, 0.32142857142857145, 0.36904761904761907, 0.4166666666666667, 0.35714285714285715, 0.4166666666666667, 0.34523809523809523, 0.38095238095238093, 0.38095238095238093, 0.36904761904761907, 0.36904761904761907]
 mean: 0.3873015873015872, std: 0.03581115610374119
F1 (Intime): [0.43532315188269594, 0.42313025592124465, 0.393590966754385, 0.36701612903225805, 0.4031014003500875, 0.2989133152291047, 0.3626017518582578, 0.4147619047619048, 0.37710377477819335, 0.4108794508794508, 0.31149571491127465, 0.3302785265049416, 0.3542630310860829, 0.3412469251178928, 0.36469507969507975]
 mean: 0.3725600919175236, std: 0.03965612158824768
--------------------------------------------------
Subject Number: 2
Accuracy Cross: [0.28095238095238095, 0.34285714285714286, 0.3047619047619048, 0.34285714285714286, 0.3, 0.3523809523809524, 0.30952380952380953, 0.36666666666666664, 0.3238095238095238, 0.319047619047619, 0.29523809523809524, 0.34285714285714286, 0.2904761904761905, 0.319047619047619, 0.319047619047619]
 mean: 0.3206349206349206, std: 0.023883483014354324
F1 Score: [0.20281644891839795, 0.2893613851995722, 0.24434008121972367, 0.27330831132012146, 0.2037831892725428, 0.36317590289878776, 0.32778777590762403, 0.377096892536506, 0.33552409339294587, 0.34030240567874975, 0.30485875137389146, 0.35780386936738545, 0.306128730620722, 0.33221046627893186, 0.3300621198482597]
 mean: 0.3059040282556108, std: 0.052307003614509275
Accuracy Intime: [0.5, 0.34523809523809523, 0.38095238095238093, 0.36904761904761907, 0.39285714285714285, 0.39285714285714285, 0.2857142857142857, 0.36904761904761907, 0.3333333333333333, 0.35714285714285715, 0.3333333333333333, 0.39285714285714285, 0.44047619047619047, 0.4880952380952381, 0.40476190476190477]
 mean: 0.3857142857142858, std: 0.055123032870429654
F1 (Intime): [0.4860235498656552, 0.3608622008622009, 0.3570061332192269, 0.3613825890421635, 0.338179262017343, 0.3969399989000715, 0.2864555052790347, 0.3767431098313451, 0.3375, 0.34007576811081186, 0.3168856048166393, 0.3915130568356375, 0.4463521568573693, 0.48061314903420166, 0.391166742779646]
 mean: 0.3778465884967564, std: 0.055000979658886055
--------------------------------------------------
Subject Number: 3
Accuracy Cross: [0.2571428571428571, 0.23333333333333334, 0.26666666666666666, 0.23809523809523808, 0.21428571428571427, 0.2904761904761905, 0.2714285714285714, 0.319047619047619, 0.30952380952380953, 0.29523809523809524, 0.2761904761904762, 0.24761904761904763, 0.26666666666666666, 0.3047619047619048, 0.24761904761904763]
 mean: 0.2692063492063491, std: 0.029347485076621126
F1 Score: [0.20459175417849199, 0.14922898452310215, 0.20528352712018774, 0.16713554987212276, 0.09576297249937418, 0.29080634230179214, 0.277860730341731, 0.3190548290269544, 0.30163175567209255, 0.2922560517025947, 0.2756538670906384, 0.2490730187506615, 0.2520113614502954, 0.30593744785507515, 0.23857827500716752]
 mean: 0.2416577644928188, std: 0.06293477717056288
Accuracy Intime: [0.30952380952380953, 0.4523809523809524, 0.3333333333333333, 0.34523809523809523, 0.30952380952380953, 0.32142857142857145, 0.2857142857142857, 0.3333333333333333, 0.34523809523809523, 0.38095238095238093, 0.30952380952380953, 0.36904761904761907, 0.39285714285714285, 0.39285714285714285, 0.32142857142857145]
 mean: 0.3468253968253968, std: 0.04211587035371936
F1 (Intime): [0.30393370856785495, 0.4507885610324635, 0.3353867000208464, 0.324199775812679, 0.25237179487179484, 0.3167623500077918, 0.2811760154738878, 0.3212993884422456, 0.3306878557874763, 0.36487137383689106, 0.311280487804878, 0.35899361546420366, 0.4000427135003893, 0.3863260898384204, 0.2867375415282392]
 mean: 0.3349905314660041, std: 0.04897417548801063
--------------------------------------------------
Subject Number: 4
Accuracy Cross: [0.3238095238095238, 0.26666666666666666, 0.2761904761904762, 0.3380952380952381, 0.2857142857142857, 0.26666666666666666, 0.3047619047619048, 0.2714285714285714, 0.2857142857142857, 0.26666666666666666, 0.29523809523809524, 0.37142857142857144, 0.3619047619047619, 0.319047619047619, 0.3142857142857143]
 mean: 0.30317460317460315, std: 0.033204588863473994
F1 Score: [0.3162418824944705, 0.2660482337133837, 0.27288031142946867, 0.33493915385691136, 0.2798994699421639, 0.25430524462686066, 0.2941806560497657, 0.2643148187725155, 0.27579846796034435, 0.25527335580330135, 0.2811480641267875, 0.3342233579221492, 0.3091219448334692, 0.29523809523809524, 0.2820807544945476]
 mean: 0.28771292075094895, std: 0.025096218648121962
Accuracy Intime: [0.35714285714285715, 0.34523809523809523, 0.2976190476190476, 0.42857142857142855, 0.38095238095238093, 0.2857142857142857, 0.3333333333333333, 0.32142857142857145, 0.34523809523809523, 0.35714285714285715, 0.32142857142857145, 0.3333333333333333, 0.38095238095238093, 0.38095238095238093, 0.35714285714285715]
 mean: 0.34841269841269845, std: 0.034902592741739714
F1 (Intime): [0.3508090135976384, 0.34918309719068735, 0.29602533231016204, 0.4210366713462689, 0.3775376981259334, 0.28529773631940814, 0.3166163666448887, 0.325, 0.34431818181818186, 0.3550169657928279, 0.2934869317478013, 0.3308473389355742, 0.3825270178993583, 0.37600950496308483, 0.36387705387385116]
 mean: 0.3445059273710444, std: 0.03627421090239532
--------------------------------------------------
Subject Number: 5
Accuracy Cross: [0.35714285714285715, 0.3476190476190476, 0.3761904761904762, 0.3523809523809524, 0.3523809523809524, 0.37142857142857144, 0.3333333333333333, 0.3761904761904762, 0.3523809523809524, 0.3047619047619048, 0.3333333333333333, 0.3238095238095238, 0.3333333333333333, 0.3047619047619048, 0.3476190476190476]
 mean: 0.3444444444444444, std: 0.021694412143834777
F1 Score: [0.29501808975485294, 0.2787565944425306, 0.30884041023937125, 0.30097251913126993, 0.2763133586937778, 0.381072352305229, 0.34503908952539086, 0.380025744799705, 0.36676820948816596, 0.31766318391192006, 0.3515553984939559, 0.34228671627303886, 0.348219389552467, 0.3212078768559108, 0.3619434761946702]
 mean: 0.3317121606441504, std: 0.03353077315913256
Accuracy Intime: [0.4523809523809524, 0.4523809523809524, 0.42857142857142855, 0.4166666666666667, 0.5, 0.4523809523809524, 0.38095238095238093, 0.44047619047619047, 0.35714285714285715, 0.30952380952380953, 0.32142857142857145, 0.4523809523809524, 0.4642857142857143, 0.34523809523809523, 0.38095238095238093]
 mean: 0.41031746031746036, std: 0.05547613370571839
F1 (Intime): [0.4445064845064845, 0.44533770191415256, 0.43321442896592155, 0.4147791040755072, 0.5044289450741064, 0.45714038791560174, 0.3761095994748526, 0.42933962882811993, 0.35061096902529126, 0.24839953542392568, 0.32829131652661064, 0.45368379446640317, 0.4698686679174484, 0.2917184265010352, 0.3526979321024737]
 mean: 0.4000084615145289, std: 0.06988086286804784
--------------------------------------------------
Subject Number: 6
Accuracy Cross: [0.22380952380952382, 0.28095238095238095, 0.21428571428571427, 0.2523809523809524, 0.26666666666666666, 0.24761904761904763, 0.2714285714285714, 0.26666666666666666, 0.21904761904761905, 0.3047619047619048, 0.319047619047619, 0.23809523809523808, 0.3142857142857143, 0.26666666666666666, 0.32857142857142857]
 mean: 0.26761904761904753, std: 0.03534518262785214
F1 Score: [0.2241797841797842, 0.2838508128484309, 0.214389074554367, 0.24740498736220098, 0.2584592905127917, 0.24057675461036804, 0.2640566061618693, 0.2577353126322198, 0.21517408943753674, 0.29221918224654203, 0.3162958150118407, 0.23560329320603293, 0.3055861864484877, 0.25712403538490497, 0.32325031830914186]
 mean: 0.2623937028604346, std: 0.033965712410572536
Accuracy Intime: [0.32142857142857145, 0.2857142857142857, 0.2976190476190476, 0.35714285714285715, 0.2857142857142857, 0.2619047619047619, 0.35714285714285715, 0.30952380952380953, 0.30952380952380953, 0.25, 0.2261904761904762, 0.35714285714285715, 0.25, 0.3333333333333333, 0.2976190476190476]
 mean: 0.3, std: 0.039888355152790676
F1 (Intime): [0.3268244289585754, 0.27566724078351984, 0.2999193548387097, 0.34613734613734615, 0.27484336263240927, 0.2481662919286009, 0.3550708699902248, 0.27602280072868307, 0.306557682290746, 0.2253333333333333, 0.22031982354563, 0.3525208725208725, 0.23911371566170328, 0.31971685552023044, 0.2864359190010998]
 mean: 0.2901766598581123, std: 0.043147410803236745
--------------------------------------------------
Subject Number: 7
Accuracy Cross: [0.26666666666666666, 0.23809523809523808, 0.2714285714285714, 0.21904761904761905, 0.22857142857142856, 0.2523809523809524, 0.21904761904761905, 0.20476190476190476, 0.21428571428571427, 0.2, 0.2761904761904762, 0.20952380952380953, 0.2571428571428571, 0.23333333333333334, 0.22857142857142856]
 mean: 0.23460317460317462, std: 0.023997144366938738
F1 Score: [0.24832829329786735, 0.21587856634534514, 0.24067122463020296, 0.1985463882522706, 0.19423057769844257, 0.25774849151016516, 0.2268943280283568, 0.20964652671104284, 0.2216442172963912, 0.19699260090175952, 0.279009009009009, 0.20414802375615243, 0.2549916027747353, 0.23474852178991168, 0.22736825585625065]
 mean: 0.2273897751905269, std: 0.02434920417436404
Accuracy Intime: [0.27380952380952384, 0.25, 0.27380952380952384, 0.36904761904761907, 0.34523809523809523, 0.25, 0.30952380952380953, 0.2976190476190476, 0.2619047619047619, 0.25, 0.23809523809523808, 0.2976190476190476, 0.2261904761904762, 0.2619047619047619, 0.27380952380952384]
 mean: 0.2785714285714286, std: 0.03809523809523809
F1 (Intime): [0.2566854327938072, 0.2456373583028931, 0.2698329448329448, 0.3555184272942894, 0.3186053517632465, 0.22192531322966108, 0.3081994364752985, 0.29922935357717967, 0.24058620689655177, 0.22622739018087853, 0.22528007562500765, 0.29438606999229916, 0.21498024823508421, 0.2360177037502619, 0.25803300105467286]
 mean: 0.26474295426693845, std: 0.0402971036263231
--------------------------------------------------
Subject Number: 8
Accuracy Cross: [0.4095238095238095, 0.4, 0.36666666666666664, 0.3380952380952381, 0.3523809523809524, 0.36666666666666664, 0.3047619047619048, 0.36666666666666664, 0.36666666666666664, 0.3523809523809524, 0.3380952380952381, 0.3380952380952381, 0.32857142857142857, 0.34285714285714286, 0.34285714285714286]
 mean: 0.3542857142857142, std: 0.025720163937179786
F1 Score: [0.3813700485844055, 0.3686202350502083, 0.3364579528586133, 0.316242894851651, 0.3219542621403099, 0.3720178731254681, 0.3174358987611075, 0.3697693889788113, 0.37127008201325695, 0.3692757101302829, 0.3364713390701139, 0.3332678705410032, 0.3252813039723657, 0.3241529306687318, 0.343018665562434]
 mean: 0.3457737637539176, std: 0.022690949659642808
Accuracy Intime: [0.40476190476190477, 0.44047619047619047, 0.42857142857142855, 0.34523809523809523, 0.38095238095238093, 0.4166666666666667, 0.38095238095238093, 0.3333333333333333, 0.30952380952380953, 0.4523809523809524, 0.4166666666666667, 0.4642857142857143, 0.39285714285714285, 0.39285714285714285, 0.42857142857142855]
 mean: 0.39920634920634934, std: 0.04256218310410134
F1 (Intime): [0.3822591822591822, 0.433781512605042, 0.4393314973960135, 0.35238321134905576, 0.38836719005868864, 0.3921902598437749, 0.3850880566210401, 0.3067193675889328, 0.2623738626964433, 0.45875171505156515, 0.38599633699633695, 0.45877257877257877, 0.3933333333333333, 0.3467331947331947, 0.4382494573146863]
 mean: 0.38828871710799123, std: 0.053367125495829636
--------------------------------------------------
Subject Number: 9
Accuracy Cross: [0.23809523809523808, 0.28095238095238095, 0.3047619047619048, 0.24285714285714285, 0.2761904761904762, 0.2857142857142857, 0.28095238095238095, 0.26666666666666666, 0.3, 0.319047619047619, 0.22857142857142856, 0.3238095238095238, 0.3047619047619048, 0.2904761904761905, 0.2714285714285714]
 mean: 0.28095238095238095, std: 0.02738267765440994
F1 Score: [0.22260967212969138, 0.26613677088904597, 0.2742815917483946, 0.20880693295490477, 0.2461302569585011, 0.27689164439026, 0.26841902281990826, 0.2581083823317517, 0.2869606048629557, 0.298408703687496, 0.21655419033381823, 0.3291274208598679, 0.3099792210006914, 0.3015510950013054, 0.277846779737536]
 mean: 0.26945415264707523, std: 0.03354896531219476
Accuracy Intime: [0.36904761904761907, 0.35714285714285715, 0.39285714285714285, 0.32142857142857145, 0.40476190476190477, 0.42857142857142855, 0.36904761904761907, 0.30952380952380953, 0.4166666666666667, 0.4880952380952381, 0.2976190476190476, 0.4166666666666667, 0.40476190476190477, 0.32142857142857145, 0.35714285714285715]
 mean: 0.37698412698412703, std: 0.050257587933293844
F1 (Intime): [0.37727443898221885, 0.3446244627376703, 0.38230473388368125, 0.31360435084689087, 0.38665125723949256, 0.42435368905957144, 0.36354123354123347, 0.3088181818181818, 0.42606558171074305, 0.4842898272439869, 0.30596503335633773, 0.411962201769145, 0.4197050076360421, 0.34314132104454687, 0.35310679572359216]
 mean: 0.37636054110622236, std: 0.04897792455956671
--------------------------------------------------
Subject Number: 10
Accuracy Cross: [0.2857142857142857, 0.32857142857142857, 0.3, 0.3, 0.3, 0.3, 0.2904761904761905, 0.2714285714285714, 0.28095238095238095, 0.2857142857142857, 0.29523809523809524, 0.29523809523809524, 0.30952380952380953, 0.26666666666666666, 0.23809523809523808]
 mean: 0.28984126984126984, std: 0.0200427861811614
F1 Score: [0.2840916408993078, 0.31647318544147157, 0.2931618249265308, 0.29130601189621375, 0.28462809322155963, 0.29237235083002655, 0.2825358071088649, 0.26319849117128014, 0.2735479607754685, 0.2773537455138649, 0.29156388793054155, 0.2918231119904465, 0.3044909045604281, 0.26373797647330316, 0.23734812917911507]
 mean: 0.2831755414612282, std: 0.01819455880369388
Accuracy Intime: [0.40476190476190477, 0.35714285714285715, 0.30952380952380953, 0.25, 0.32142857142857145, 0.32142857142857145, 0.36904761904761907, 0.35714285714285715, 0.2976190476190476, 0.38095238095238093, 0.36904761904761907, 0.2619047619047619, 0.42857142857142855, 0.2619047619047619, 0.2619047619047619]
 mean: 0.33015873015873015, std: 0.05437521629511314
F1 (Intime): [0.36317174317174317, 0.3428922148918375, 0.30983291642115174, 0.2463519879479132, 0.2997005175306268, 0.2757238033833779, 0.3664838429544312, 0.3459989748653439, 0.2882115171650055, 0.3642389420884633, 0.3444607843137255, 0.2544699784630677, 0.42139537236699826, 0.25890491118077325, 0.2502116402116402]
 mean: 0.31546994313040666, std: 0.05135544617831629
--------------------------------------------------
Subject Number: 11
Accuracy Cross: [0.2523809523809524, 0.23333333333333334, 0.23809523809523808, 0.23333333333333334, 0.2904761904761905, 0.29523809523809524, 0.29523809523809524, 0.3333333333333333, 0.3142857142857143, 0.28095238095238095, 0.2857142857142857, 0.3333333333333333, 0.3, 0.3, 0.34285714285714286]
 mean: 0.28857142857142853, std: 0.034636651928852964
F1 Score: [0.2349313252574629, 0.22100112072098527, 0.22686964976121599, 0.21086082732474404, 0.2684230433109592, 0.3007785065426784, 0.30235196381338436, 0.33793067377973035, 0.32018757381960655, 0.28679861978885446, 0.2862865467865468, 0.3307051190922644, 0.3099115172561457, 0.30576789635485285, 0.34199134199134196]
 mean: 0.2856530483733849, std: 0.04221414108146274
Accuracy Intime: [0.40476190476190477, 0.38095238095238093, 0.2619047619047619, 0.35714285714285715, 0.34523809523809523, 0.25, 0.27380952380952384, 0.35714285714285715, 0.30952380952380953, 0.2857142857142857, 0.20238095238095238, 0.35714285714285715, 0.2976190476190476, 0.25, 0.32142857142857145]
 mean: 0.3103174603174603, std: 0.0548940205263193
F1 (Intime): [0.4157278083647252, 0.3848684210526316, 0.25338076600598114, 0.34965456428871067, 0.335017370311488, 0.252973322973323, 0.2731211317418214, 0.36054340054340056, 0.3005579605579606, 0.25786533249947885, 0.18562280783285473, 0.3534058945823652, 0.2731105718171726, 0.2440511904360625, 0.32452896444831925]
 mean: 0.30429530049708636, std: 0.060524603574818
--------------------------------------------------
Subject Number: 12
Accuracy Cross: [0.3142857142857143, 0.34285714285714286, 0.3952380952380952, 0.37142857142857144, 0.3333333333333333, 0.30952380952380953, 0.29523809523809524, 0.3142857142857143, 0.30952380952380953, 0.30952380952380953, 0.2714285714285714, 0.28095238095238095, 0.24285714285714285, 0.2904761904761905, 0.23333333333333334]
 mean: 0.30761904761904757, std: 0.041578818957986804
F1 Score: [0.32944502667979253, 0.3507609116789919, 0.38150498009062705, 0.3701107554364459, 0.3408309576602259, 0.24614956130072704, 0.22929199131123532, 0.25376799942857753, 0.2495295698924731, 0.24996008471814926, 0.28398556643159656, 0.30258118021340813, 0.25821300014874315, 0.3040572501581347, 0.24941865631022253]
 mean: 0.2933071660972901, std: 0.04876465616941845
Accuracy Intime: [0.30952380952380953, 0.32142857142857145, 0.2976190476190476, 0.39285714285714285, 0.38095238095238093, 0.44047619047619047, 0.38095238095238093, 0.36904761904761907, 0.3333333333333333, 0.4166666666666667, 0.25, 0.36904761904761907, 0.2619047619047619, 0.35714285714285715, 0.36904761904761907]
 mean: 0.35, std: 0.052127815471977854
F1 (Intime): [0.31919532080822405, 0.29858353182460073, 0.2905701754385965, 0.37443173886005104, 0.3966469866803571, 0.4329411764705882, 0.34824482637387505, 0.3761737677527151, 0.3332716215069156, 0.40161508989095196, 0.26206199930337865, 0.29564426877470357, 0.2043923556118678, 0.35622911228174386, 0.38723856187501277]
 mean: 0.33848270223023885, std: 0.058727445086167035
--------------------------------------------------
Subject Number: 13
Accuracy Cross: [0.29523809523809524, 0.22857142857142856, 0.2904761904761905, 0.2523809523809524, 0.2857142857142857, 0.26666666666666666, 0.23809523809523808, 0.2714285714285714, 0.2857142857142857, 0.2761904761904762, 0.2857142857142857, 0.2857142857142857, 0.3, 0.2857142857142857, 0.23809523809523808]
 mean: 0.27238095238095233, std: 0.02193924132466158
F1 Score: [0.28570550800518624, 0.22456687781766563, 0.2729786667201168, 0.24639077629754041, 0.2753832851583976, 0.2618820055346135, 0.22961219546462405, 0.26970269598853536, 0.28467344874543526, 0.26901381325046875, 0.26580320201475083, 0.2585947689196065, 0.262459106682776, 0.2637586179170209, 0.20846927056565132]
 mean: 0.2585996159388259, std: 0.0214468933537864
Accuracy Intime: [0.39285714285714285, 0.3333333333333333, 0.35714285714285715, 0.40476190476190477, 0.34523809523809523, 0.3333333333333333, 0.40476190476190477, 0.39285714285714285, 0.4166666666666667, 0.27380952380952384, 0.30952380952380953, 0.34523809523809523, 0.35714285714285715, 0.30952380952380953, 0.2976190476190476]
 mean: 0.3515873015873015, std: 0.04211587035371936
F1 (Intime): [0.3571267646843683, 0.3186647992530346, 0.31831703114842036, 0.4017655862709488, 0.35029106029106033, 0.328493265993266, 0.4060028949545078, 0.3885917312661499, 0.3995539423270821, 0.24253740411635144, 0.28372773093409964, 0.33910608469432, 0.3510765897862672, 0.29766233766233763, 0.24402874591326879]
 mean: 0.3351297312863656, std: 0.05097212265682404
--------------------------------------------------
Subject Number: 14
Accuracy Cross: [0.34285714285714286, 0.3047619047619048, 0.35714285714285715, 0.3238095238095238, 0.24285714285714285, 0.40476190476190477, 0.3333333333333333, 0.4, 0.3476190476190476, 0.32857142857142857, 0.34285714285714286, 0.32857142857142857, 0.3476190476190476, 0.34285714285714286, 0.34285714285714286]
 mean: 0.33936507936507937, std: 0.03603419332993705
F1 Score: [0.3607215007215007, 0.3271991555242787, 0.383005836000513, 0.3337202282546269, 0.23940353384390622, 0.37913271674562, 0.31143403160341226, 0.3722229357230856, 0.31578002348151607, 0.32718693390142456, 0.2987338754165783, 0.2839545609017446, 0.2999331603548071, 0.3022145994132416, 0.2946099445109346]
 mean: 0.32195020242647937, std: 0.038112739715471036
Accuracy Intime: [0.35714285714285715, 0.4523809523809524, 0.4166666666666667, 0.39285714285714285, 0.35714285714285715, 0.4166666666666667, 0.40476190476190477, 0.3333333333333333, 0.32142857142857145, 0.2619047619047619, 0.40476190476190477, 0.4880952380952381, 0.44047619047619047, 0.39285714285714285, 0.4166666666666667]
 mean: 0.3904761904761906, std: 0.05484810331165395
F1 (Intime): [0.3331871879186457, 0.44479233273800334, 0.4185445407456793, 0.3670728291316526, 0.3638416485475309, 0.40939560777288975, 0.3868945868945869, 0.3287390891020655, 0.3240802714472646, 0.2702087286527514, 0.4052711993888464, 0.4820279611408644, 0.4373355313685149, 0.3991180359601412, 0.3996542065101903]
 mean: 0.38467758382130846, std: 0.05277822823185108
--------------------------------------------------
**************************************************
accuracy_cross_list: [0.3107936507936508, 0.3206349206349206, 0.2692063492063491, 0.30317460317460315, 0.3444444444444444, 0.26761904761904753, 0.23460317460317462, 0.3542857142857142, 0.28095238095238095, 0.28984126984126984, 0.28857142857142853, 0.30761904761904757, 0.27238095238095233, 0.33936507936507937]
f1_score_list: [0.29229646309067264, 0.3059040282556108, 0.2416577644928188, 0.28771292075094895, 0.3317121606441504, 0.2623937028604346, 0.2273897751905269, 0.3457737637539176, 0.26945415264707523, 0.2831755414612282, 0.2856530483733849, 0.2933071660972901, 0.2585996159388259, 0.32195020242647937]
accuracy_intime_list: [0.3873015873015872, 0.3857142857142858, 0.3468253968253968, 0.34841269841269845, 0.41031746031746036, 0.3, 0.2785714285714286, 0.39920634920634934, 0.37698412698412703, 0.33015873015873015, 0.3103174603174603, 0.35, 0.3515873015873015, 0.3904761904761906]
f1_score_intime_list: [0.3725600919175236, 0.3778465884967564, 0.3349905314660041, 0.3445059273710444, 0.4000084615145289, 0.2901766598581123, 0.26474295426693845, 0.38828871710799123, 0.37636054110622236, 0.31546994313040666, 0.30429530049708636, 0.33848270223023885, 0.3351297312863656, 0.38467758382130846]
**************************************************
ACC: 29.88±3.24
F1: 28.62±3.21
Intime: 35.47±3.81
F1 (Intime): 34.48±3.92
