1e-04
Subject Number: 1
Accuracy Cross: [0.8125, 0.65625, 0.71875, 0.875, 0.78125, 0.7575757575757576, 0.8484848484848485, 0.7575757575757576, 0.8484848484848485, 0.7575757575757576, 0.9375, 0.90625, 0.90625, 0.84375, 0.875]
 mean: 0.8188131313131313, std: 0.07625128477778075
F1 Score: [0.8056680161943319, 0.6267232237539766, 0.7117117117117118, 0.8666666666666667, 0.751937984496124, 0.7272727272727273, 0.8390243902439025, 0.7461538461538462, 0.8390243902439025, 0.7461538461538462, 0.9365079365079365, 0.9039039039039038, 0.9039039039039038, 0.8303287380699894, 0.8666666666666667]
 mean: 0.8067765301295624, std: 0.08312319598709204
Accuracy Intime: [0.8571428571428571, 0.7142857142857143, 0.8333333333333334, 0.8333333333333334, 0.9166666666666666, 0.9285714285714286, 0.9285714285714286, 0.8333333333333334, 0.8333333333333334, 1.0, 0.9285714285714286, 0.8571428571428571, 0.8333333333333334, 0.75, 0.6666666666666666]
 mean: 0.8476190476190476, std: 0.08520572232636711
F1 (Intime): [0.8571428571428571, 0.65, 0.8285714285714285, 0.8285714285714285, 0.916083916083916, 0.9251336898395721, 0.9251336898395721, 0.8125, 0.8285714285714285, 1.0, 0.9251336898395721, 0.8444444444444444, 0.8285714285714285, 0.7333333333333334, 0.625]
 mean: 0.8352127556539323, std: 0.0993590591381048
--------------------------------------------------
Subject Number: 2
Accuracy Cross: [0.6060606060606061, 0.7878787878787878, 0.7272727272727273, 0.696969696969697, 0.696969696969697, 0.5, 0.59375, 0.78125, 0.75, 0.5625, 0.6666666666666666, 0.6363636363636364, 0.696969696969697, 0.696969696969697, 0.7272727272727273]
 mean: 0.6751262626262626, std: 0.07884527297953392
F1 Score: [0.6001863932898416, 0.7746341463414634, 0.7102439024390244, 0.6726190476190477, 0.6826923076923077, 0.4458874458874459, 0.539313399778516, 0.7757757757757757, 0.7333333333333334, 0.5465587044534412, 0.6616961789375583, 0.6333333333333333, 0.6966911764705883, 0.6944444444444444, 0.7262672811059908]
 mean: 0.6595784580601408, std: 0.08929830168181621
Accuracy Intime: [0.7142857142857143, 0.7857142857142857, 0.75, 0.5, 0.5833333333333334, 0.7857142857142857, 0.6428571428571429, 0.5714285714285714, 0.5, 0.5833333333333334, 0.7142857142857143, 0.6428571428571429, 0.4166666666666667, 0.6666666666666666, 0.4166666666666667]
 mean: 0.6182539682539683, std: 0.11812872882345
F1 (Intime): [0.7142857142857143, 0.7754010695187166, 0.6974789915966386, 0.4857142857142857, 0.4957983193277311, 0.7543859649122806, 0.641025641025641, 0.5714285714285714, 0.5, 0.5555555555555556, 0.6888888888888889, 0.641025641025641, 0.4125874125874126, 0.6571428571428571, 0.29411764705882354]
 mean: 0.5923224373379173, std: 0.13069324234724755
--------------------------------------------------
Subject Number: 3
Accuracy Cross: [0.5625, 0.6875, 0.625, 0.65625, 0.4375, 0.5454545454545454, 0.45454545454545453, 0.6060606060606061, 0.5757575757575758, 0.48484848484848486, 0.5757575757575758, 0.5151515151515151, 0.45454545454545453, 0.5454545454545454, 0.42424242424242425]
 mean: 0.5433712121212121, std: 0.07830792404845563
F1 Score: [0.5555555555555556, 0.6761133603238867, 0.6190476190476191, 0.6389743589743591, 0.43529411764705883, 0.5454545454545454, 0.4540441176470588, 0.6046082949308755, 0.5227272727272727, 0.4672364672364672, 0.5722222222222222, 0.47619047619047616, 0.35434782608695653, 0.47619047619047616, 0.4045584045584045]
 mean: 0.5201710076528823, std: 0.08909050596303052
Accuracy Intime: [0.42857142857142855, 0.42857142857142855, 0.8571428571428571, 0.75, 0.6666666666666666, 0.42857142857142855, 0.2857142857142857, 0.8333333333333334, 0.3333333333333333, 0.5833333333333334, 0.7857142857142857, 0.7142857142857143, 0.5833333333333334, 0.75, 0.75]
 mean: 0.6119047619047618, std: 0.18194173978014294
F1 (Intime): [0.42857142857142855, 0.42857142857142855, 0.8541666666666667, 0.7333333333333334, 0.6666666666666666, 0.41666666666666663, 0.2857142857142857, 0.7777777777777777, 0.25, 0.5804195804195804, 0.7846153846153847, 0.7142857142857143, 0.5555555555555556, 0.7482517482517483, 0.7482517482517483]
 mean: 0.5981898656898657, std: 0.18717207156037596
--------------------------------------------------
Subject Number: 4
Accuracy Cross: [0.7272727272727273, 0.7575757575757576, 0.7878787878787878, 0.8787878787878788, 0.6666666666666666, 0.6666666666666666, 0.6060606060606061, 0.7272727272727273, 0.6060606060606061, 0.5757575757575758, 0.696969696969697, 0.7272727272727273, 0.7575757575757576, 0.8181818181818182, 0.7878787878787878]
 mean: 0.7191919191919193, std: 0.08166215325821308
F1 Score: [0.7102439024390244, 0.7380952380952381, 0.7664307381193125, 0.8759398496240601, 0.6329625884732053, 0.593505039193729, 0.5460317460317461, 0.7102439024390244, 0.5460317460317461, 0.5227272727272727, 0.6944444444444444, 0.717948717948718, 0.7380952380952381, 0.8035714285714286, 0.7870967741935484]
 mean: 0.6922245750951823, std: 0.10030372264689652
Accuracy Intime: [0.7857142857142857, 0.8571428571428571, 0.6428571428571429, 0.5833333333333334, 0.5833333333333334, 0.9285714285714286, 0.8571428571428571, 0.6428571428571429, 0.4166666666666667, 0.5833333333333334, 0.8571428571428571, 0.9285714285714286, 0.9285714285714286, 0.9166666666666666, 0.75]
 mean: 0.7507936507936507, std: 0.15844021137164346
F1 (Intime): [0.7543859649122806, 0.8541666666666667, 0.5238095238095237, 0.5555555555555556, 0.5555555555555556, 0.9282051282051282, 0.8444444444444444, 0.625668449197861, 0.29411764705882354, 0.4957983193277311, 0.8444444444444444, 0.9251336898395721, 0.9251336898395721, 0.916083916083916, 0.7333333333333334]
 mean: 0.7183890885516272, std: 0.19137537057710935
--------------------------------------------------
Subject Number: 5
Accuracy Cross: [0.4375, 0.5625, 0.53125, 0.625, 0.5625, 0.5, 0.625, 0.65625, 0.65625, 0.46875, 0.5, 0.53125, 0.4375, 0.5625, 0.65625]
 mean: 0.5541666666666667, std: 0.07436070123989477
F1 Score: [0.4375, 0.5607843137254902, 0.5270935960591133, 0.625, 0.5607843137254902, 0.4980392156862745, 0.625, 0.6389743589743591, 0.6476476476476476, 0.45545545545545546, 0.5, 0.5270935960591133, 0.4, 0.5607843137254902, 0.6559139784946236]
 mean: 0.5480047193035371, std: 0.07769715064313924
Accuracy Intime: [0.7857142857142857, 0.9285714285714286, 0.5, 0.5, 0.75, 0.7142857142857143, 0.7142857142857143, 0.9166666666666666, 0.4166666666666667, 0.5, 1.0, 0.8571428571428571, 0.9166666666666666, 0.5, 0.5]
 mean: 0.7, std: 0.19172211561140376
F1 (Intime): [0.7846153846153847, 0.9282051282051282, 0.4857142857142857, 0.4857142857142857, 0.7482517482517483, 0.7083333333333333, 0.7083333333333333, 0.9111111111111111, 0.4125874125874126, 0.3333333333333333, 1.0, 0.8571428571428571, 0.9111111111111111, 0.5, 0.4375]
 mean: 0.6807968882968882, std: 0.21257095694166236
--------------------------------------------------
Subject Number: 6
Accuracy Cross: [0.71875, 0.53125, 0.71875, 0.625, 0.78125, 0.48484848484848486, 0.5454545454545454, 0.5151515151515151, 0.5151515151515151, 0.5454545454545454, 0.6363636363636364, 0.5757575757575758, 0.6363636363636364, 0.7575757575757576, 0.6363636363636364]
 mean: 0.61489898989899, std: 0.09167701405271594
F1 Score: [0.681063122923588, 0.530791788856305, 0.694591728525981, 0.611336032388664, 0.7624602332979851, 0.32653061224489793, 0.47619047619047616, 0.4260869565217391, 0.38888888888888884, 0.47619047619047616, 0.5695652173913044, 0.5227272727272727, 0.5909090909090909, 0.7461538461538462, 0.5909090909090909]
 mean: 0.5596263222746404, std: 0.12411292262631604
Accuracy Intime: [0.7142857142857143, 0.7857142857142857, 0.7142857142857143, 0.6666666666666666, 0.6666666666666666, 0.9285714285714286, 0.8571428571428571, 0.8333333333333334, 0.5, 0.5833333333333334, 0.6428571428571429, 0.9285714285714286, 0.6666666666666666, 0.5, 0.5]
 mean: 0.6992063492063492, std: 0.14021812903024614
F1 (Intime): [0.6888888888888889, 0.7543859649122806, 0.6888888888888889, 0.625, 0.6571428571428571, 0.9282051282051282, 0.8541666666666667, 0.7777777777777777, 0.4375, 0.4957983193277311, 0.5238095238095237, 0.9251336898395721, 0.6571428571428571, 0.4857142857142857, 0.4857142857142857]
 mean: 0.6656846089353828, std: 0.15511370514114725
--------------------------------------------------
Subject Number: 7
Accuracy Cross: [0.625, 0.5, 0.5625, 0.6875, 0.59375, 0.3125, 0.4375, 0.4375, 0.5, 0.46875, 0.59375, 0.5, 0.5625, 0.6875, 0.53125]
 mean: 0.5333333333333333, std: 0.09646530752325187
F1 Score: [0.5636363636363637, 0.4181818181818182, 0.5465587044534412, 0.6666666666666667, 0.5588547189819725, 0.3125, 0.43529411764705883, 0.4285714285714286, 0.4817813765182186, 0.45545545545545546, 0.5901477832512315, 0.4980392156862745, 0.5625, 0.6825396825396826, 0.530791788856305]
 mean: 0.515434608029728, std: 0.09439160543274897
Accuracy Intime: [0.7857142857142857, 0.5, 0.4166666666666667, 0.4166666666666667, 0.6666666666666666, 0.6428571428571429, 0.5714285714285714, 0.5833333333333334, 0.5833333333333334, 0.5833333333333334, 0.7857142857142857, 0.6428571428571429, 0.5833333333333334, 0.4166666666666667, 0.6666666666666666]
 mean: 0.5896825396825397, std: 0.11334489292344253
F1 (Intime): [0.7754010695187166, 0.4269005847953216, 0.29411764705882354, 0.4125874125874126, 0.6666666666666666, 0.625668449197861, 0.5333333333333333, 0.5804195804195804, 0.4957983193277311, 0.5804195804195804, 0.7754010695187166, 0.641025641025641, 0.5804195804195804, 0.4125874125874126, 0.6571428571428571]
 mean: 0.5638592802679488, std: 0.1322163654839143
--------------------------------------------------
Subject Number: 8
Accuracy Cross: [0.5625, 0.6875, 0.625, 0.75, 0.71875, 0.78125, 0.65625, 0.59375, 0.625, 0.71875, 0.5625, 0.5625, 0.6875, 0.71875, 0.84375]
 mean: 0.6729166666666667, std: 0.08217951218048342
F1 Score: [0.49090909090909085, 0.6135265700483092, 0.611336032388664, 0.7090909090909091, 0.6631578947368422, 0.751937984496124, 0.6101882613510521, 0.5588547189819725, 0.611336032388664, 0.6631578947368422, 0.5555555555555556, 0.5555555555555556, 0.6761133603238867, 0.694591728525981, 0.8358974358974359]
 mean: 0.6400806016657924, std: 0.08459456025130901
Accuracy Intime: [0.7142857142857143, 0.7857142857142857, 0.8333333333333334, 0.6666666666666666, 0.6666666666666666, 0.6428571428571429, 0.6428571428571429, 0.6666666666666666, 0.5, 0.5833333333333334, 0.7142857142857143, 0.8571428571428571, 0.75, 0.75, 0.8333333333333334]
 mean: 0.7071428571428572, std: 0.09511897312113418
F1 (Intime): [0.6888888888888889, 0.7754010695187166, 0.8125, 0.6571428571428571, 0.6571428571428571, 0.625668449197861, 0.5906432748538011, 0.5555555555555556, 0.5, 0.5804195804195804, 0.6888888888888889, 0.8571428571428571, 0.6974789915966386, 0.7333333333333334, 0.8285714285714285]
 mean: 0.6832518688168842, std: 0.10100962304926216
--------------------------------------------------
Subject Number: 9
Accuracy Cross: [0.875, 0.78125, 0.875, 0.8125, 0.84375, 0.78125, 0.8125, 0.6875, 0.6875, 0.75, 0.71875, 0.78125, 0.6875, 0.71875, 0.875]
 mean: 0.7791666666666667, std: 0.0669913966283897
F1 Score: [0.8666666666666667, 0.7702564102564102, 0.8704453441295547, 0.8, 0.8358974358974359, 0.7793103448275862, 0.7922077922077921, 0.6761133603238867, 0.6825396825396826, 0.7090909090909091, 0.7117117117117118, 0.7793103448275862, 0.6862745098039216, 0.716256157635468, 0.873015873015873]
 mean: 0.7699397695289657, std: 0.06803176934703592
Accuracy Intime: [1.0, 0.9285714285714286, 0.8333333333333334, 0.5833333333333334, 0.5, 0.9285714285714286, 0.8571428571428571, 0.9166666666666666, 0.6666666666666666, 0.6666666666666666, 1.0, 0.9285714285714286, 0.75, 0.75, 0.6666666666666666]
 mean: 0.7984126984126985, std: 0.15117745642394503
F1 (Intime): [1.0, 0.9251336898395721, 0.8125, 0.4957983193277311, 0.4375, 0.9251336898395721, 0.8444444444444444, 0.8991596638655461, 0.6571428571428571, 0.625, 1.0, 0.9251336898395721, 0.6974789915966386, 0.7333333333333334, 0.6666666666666666]
 mean: 0.776295023059729, std: 0.17092327416667083
--------------------------------------------------
Subject Number: 10
Accuracy Cross: [0.5625, 0.46875, 0.53125, 0.5, 0.5625, 0.53125, 0.5625, 0.53125, 0.5, 0.375, 0.5757575757575758, 0.5454545454545454, 0.5757575757575758, 0.5454545454545454, 0.5757575757575758]
 mean: 0.5295454545454545, std: 0.05131981683163621
F1 Score: [0.5151515151515151, 0.4231177094379639, 0.4684385382059801, 0.4458874458874459, 0.5607843137254902, 0.530791788856305, 0.5465587044534412, 0.530791788856305, 0.4980392156862745, 0.375, 0.5557692307692308, 0.543778801843318, 0.5753676470588236, 0.5299145299145299, 0.5753676470588236]
 mean: 0.5116505917936964, std: 0.056978649890283596
Accuracy Intime: [0.7142857142857143, 0.9285714285714286, 0.75, 0.6666666666666666, 0.5, 0.7857142857142857, 0.8571428571428571, 0.75, 0.6666666666666666, 0.5, 0.7142857142857143, 0.7857142857142857, 0.8333333333333334, 0.8333333333333334, 0.9166666666666666]
 mean: 0.746825396825397, std: 0.12352429497361092
F1 (Intime): [0.65, 0.9251336898395721, 0.7333333333333334, 0.625, 0.4857142857142857, 0.7846153846153847, 0.8571428571428571, 0.6974789915966386, 0.6666666666666666, 0.4857142857142857, 0.65, 0.7846153846153847, 0.8285714285714285, 0.8285714285714285, 0.916083916083916]
 mean: 0.727909443497679, std: 0.1322770634219943
--------------------------------------------------
Subject Number: 11
Accuracy Cross: [0.48484848484848486, 0.5151515151515151, 0.3939393939393939, 0.5454545454545454, 0.5151515151515151, 0.5757575757575758, 0.5757575757575758, 0.6666666666666666, 0.48484848484848486, 0.5757575757575758, 0.6060606060606061, 0.5757575757575758, 0.6363636363636364, 0.6666666666666666, 0.5757575757575758]
 mean: 0.5595959595959598, std: 0.0707359248485317
F1 Score: [0.45268292682926825, 0.47619047619047616, 0.38888888888888884, 0.543778801843318, 0.47619047619047616, 0.4225, 0.4652777777777778, 0.593505039193729, 0.4327603640040445, 0.4225, 0.5195968645016797, 0.49782608695652175, 0.5695652173913044, 0.6458536585365854, 0.4652777777777778]
 mean: 0.4914929570721232, std: 0.06867260816611928
Accuracy Intime: [0.6428571428571429, 0.7142857142857143, 0.7142857142857143, 0.8333333333333334, 0.6666666666666666, 0.5, 0.35714285714285715, 0.7142857142857143, 0.3333333333333333, 0.4166666666666667, 0.42857142857142855, 0.6428571428571429, 0.5, 0.5833333333333334, 0.5833333333333334]
 mean: 0.5753968253968256, std: 0.14290122776572417
F1 (Intime): [0.5238095238095237, 0.6888888888888889, 0.6888888888888889, 0.8285714285714285, 0.625, 0.47593582887700536, 0.3262032085561497, 0.6888888888888889, 0.3333333333333333, 0.29411764705882354, 0.42857142857142855, 0.5906432748538011, 0.4269005847953216, 0.5555555555555556, 0.5804195804195804]
 mean: 0.5370485374045745, std: 0.15050236534562486
--------------------------------------------------
Subject Number: 12
Accuracy Cross: [0.75, 0.8125, 0.71875, 0.6875, 0.65625, 0.696969696969697, 0.6666666666666666, 0.696969696969697, 0.6666666666666666, 0.6363636363636364, 0.6875, 0.6875, 0.65625, 0.71875, 0.6875]
 mean: 0.6950757575757576, std: 0.041824197159221935
F1 Score: [0.722943722943723, 0.8, 0.694591728525981, 0.6135265700483092, 0.6267232237539766, 0.6590909090909091, 0.6158730158730159, 0.6413043478260869, 0.6158730158730159, 0.5416666666666666, 0.6825396825396826, 0.6761133603238867, 0.6559139784946236, 0.694591728525981, 0.6666666666666667]
 mean: 0.6604945744768351, std: 0.056742031963151106
Accuracy Intime: [0.7857142857142857, 1.0, 0.8333333333333334, 0.5, 0.6666666666666666, 0.7142857142857143, 0.6428571428571429, 0.8333333333333334, 0.5833333333333334, 0.5, 0.9285714285714286, 0.7857142857142857, 1.0, 0.8333333333333334, 0.5]
 mean: 0.7404761904761905, std: 0.16611018208584502
F1 (Intime): [0.7543859649122806, 1.0, 0.8125, 0.3333333333333333, 0.6571428571428571, 0.6888888888888889, 0.5906432748538011, 0.7777777777777777, 0.4957983193277311, 0.3333333333333333, 0.9251336898395721, 0.7754010695187166, 1.0, 0.8285714285714285, 0.3333333333333333]
 mean: 0.6870828847222036, std: 0.22075816999009734
--------------------------------------------------
Subject Number: 13
Accuracy Cross: [0.84375, 0.875, 0.9375, 0.875, 0.90625, 0.7575757575757576, 0.7575757575757576, 0.8181818181818182, 0.7575757575757576, 0.696969696969697, 0.875, 0.75, 0.8125, 0.78125, 0.78125]
 mean: 0.8150252525252525, std: 0.06598113249963271
F1 Score: [0.8398398398398399, 0.8666666666666667, 0.9352226720647774, 0.873015873015873, 0.9039039039039038, 0.7461538461538462, 0.7461538461538462, 0.8166666666666667, 0.7518796992481203, 0.6590909090909091, 0.875, 0.7408906882591093, 0.8125, 0.7757757757757757, 0.7810361681329423]
 mean: 0.8082531036648184, std: 0.07206089636059551
Accuracy Intime: [0.8571428571428571, 0.5, 0.9166666666666666, 0.6666666666666666, 0.9166666666666666, 0.7857142857142857, 0.6428571428571429, 0.9166666666666666, 0.8333333333333334, 0.75, 0.7857142857142857, 0.7142857142857143, 0.9166666666666666, 0.75, 0.75]
 mean: 0.78015873015873, std: 0.11565537290124997
F1 (Intime): [0.8541666666666667, 0.3333333333333333, 0.8991596638655461, 0.6571428571428571, 0.916083916083916, 0.7754010695187166, 0.625668449197861, 0.8991596638655461, 0.8333333333333334, 0.7482517482517483, 0.7543859649122806, 0.6888888888888889, 0.9111111111111111, 0.7482517482517483, 0.7482517482517483]
 mean: 0.7595060108450201, std: 0.14527620266249858
--------------------------------------------------
Subject Number: 14
Accuracy Cross: [0.6875, 0.65625, 0.78125, 0.6875, 0.84375, 0.78125, 0.71875, 0.6875, 0.6875, 0.59375, 0.71875, 0.71875, 0.6875, 0.65625, 0.75]
 mean: 0.7104166666666667, std: 0.0587041783483557
F1 Score: [0.6536796536796536, 0.5883040935672514, 0.7793103448275862, 0.6825396825396826, 0.8435972629521017, 0.7624602332979851, 0.694591728525981, 0.6761133603238867, 0.6761133603238867, 0.4793491864831039, 0.6631578947368422, 0.681063122923588, 0.6536796536796536, 0.5594493116395495, 0.7090909090909091]
 mean: 0.6734999865727773, std: 0.08515087497514197
Accuracy Intime: [0.7857142857142857, 0.7142857142857143, 0.6666666666666666, 0.5, 0.9166666666666666, 0.9285714285714286, 0.7857142857142857, 0.8333333333333334, 0.8333333333333334, 0.75, 0.7142857142857143, 0.6428571428571429, 0.6666666666666666, 0.5, 0.8333333333333334]
 mean: 0.738095238095238, std: 0.12485819621073233
F1 (Intime): [0.7754010695187166, 0.6888888888888889, 0.5555555555555556, 0.4857142857142857, 0.916083916083916, 0.9251336898395721, 0.7754010695187166, 0.8285714285714285, 0.8333333333333334, 0.7333333333333334, 0.65, 0.641025641025641, 0.4, 0.4857142857142857, 0.8333333333333334]
 mean: 0.7018326553620671, std: 0.15720418637720793
--------------------------------------------------
Subject Number: 15
Accuracy Cross: [0.8125, 0.625, 0.65625, 0.71875, 0.8125, 0.78125, 0.53125, 0.59375, 0.59375, 0.46875, 0.59375, 0.5, 0.40625, 0.65625, 0.4375]
 mean: 0.6125, std: 0.12593401049756178
F1 Score: [0.8, 0.625, 0.6559139784946236, 0.718475073313783, 0.8, 0.7793103448275862, 0.530791788856305, 0.5901477832512315, 0.5733333333333333, 0.4682306940371457, 0.5901477832512315, 0.4920634920634921, 0.3266888150609081, 0.6476476476476476, 0.4375]
 mean: 0.6023500489424859, std: 0.133651558571455
Accuracy Intime: [0.7857142857142857, 0.7142857142857143, 0.8333333333333334, 0.8333333333333334, 0.5, 0.7142857142857143, 0.5714285714285714, 1.0, 0.6666666666666666, 0.6666666666666666, 0.8571428571428571, 0.7857142857142857, 0.8333333333333334, 0.6666666666666666, 0.9166666666666666]
 mean: 0.7563492063492064, std: 0.1270981630815527
F1 (Intime): [0.7754010695187166, 0.6888888888888889, 0.8285714285714285, 0.8333333333333334, 0.4375, 0.6888888888888889, 0.5333333333333333, 1.0, 0.625, 0.6571428571428571, 0.8444444444444444, 0.7543859649122806, 0.8285714285714285, 0.625, 0.916083916083916]
 mean: 0.7357697035793012, std: 0.14326297816538672
--------------------------------------------------
Subject Number: 16
Accuracy Cross: [0.65625, 0.5625, 0.5625, 0.59375, 0.59375, 0.78125, 0.75, 0.75, 0.65625, 0.65625, 0.5625, 0.59375, 0.5625, 0.59375, 0.59375]
 mean: 0.63125, std: 0.07234898064243891
F1 Score: [0.6559139784946236, 0.5607843137254902, 0.5465587044534412, 0.5933528836754643, 0.5901477832512315, 0.7757757757757757, 0.7408906882591093, 0.746031746031746, 0.6476476476476476, 0.6559139784946236, 0.5151515151515151, 0.5134502923976608, 0.49090909090909085, 0.5733333333333333, 0.5588547189819725]
 mean: 0.6109810967055151, std: 0.08653205136327348
Accuracy Intime: [0.7857142857142857, 0.6428571428571429, 0.6666666666666666, 0.9166666666666666, 0.6666666666666666, 0.6428571428571429, 0.5, 0.9166666666666666, 0.5833333333333334, 0.4166666666666667, 0.7142857142857143, 0.7857142857142857, 0.75, 0.8333333333333334, 0.75]
 mean: 0.7047619047619048, std: 0.13512123276325533
F1 (Intime): [0.7846153846153847, 0.625668449197861, 0.6571428571428571, 0.916083916083916, 0.6666666666666666, 0.625668449197861, 0.49743589743589745, 0.9111111111111111, 0.5804195804195804, 0.4125874125874126, 0.7083333333333333, 0.7543859649122806, 0.7333333333333334, 0.8333333333333334, 0.7333333333333334]
 mean: 0.6960079348469442, std: 0.134942961948508
--------------------------------------------------
Subject Number: 17
Accuracy Cross: [0.6363636363636364, 0.5757575757575758, 0.5454545454545454, 0.6060606060606061, 0.6060606060606061, 0.5151515151515151, 0.5151515151515151, 0.5454545454545454, 0.5757575757575758, 0.45454545454545453, 0.59375, 0.625, 0.5625, 0.625, 0.5625]
 mean: 0.5696338383838383, std: 0.04785195288020695
F1 Score: [0.6071428571428572, 0.5416666666666666, 0.5299145299145299, 0.4849939975990396, 0.5814634146341464, 0.49230769230769234, 0.5037593984962406, 0.5386766076421249, 0.5416666666666666, 0.4107142857142857, 0.5733333333333333, 0.6, 0.5333333333333333, 0.6190476190476191, 0.5465587044534412]
 mean: 0.5403052737967984, std: 0.052096382236793845
Accuracy Intime: [0.8571428571428571, 0.7857142857142857, 0.75, 0.5, 0.6666666666666666, 0.8571428571428571, 0.7857142857142857, 0.4166666666666667, 0.5833333333333334, 0.8333333333333334, 0.7857142857142857, 0.7857142857142857, 0.6428571428571429, 0.8333333333333334, 0.5833333333333334]
 mean: 0.711111111111111, std: 0.13338056608600454
F1 (Intime): [0.8571428571428571, 0.7543859649122806, 0.6974789915966386, 0.3333333333333333, 0.6571428571428571, 0.8444444444444444, 0.7543859649122806, 0.4125874125874126, 0.4957983193277311, 0.8285714285714285, 0.7846153846153847, 0.7754010695187166, 0.625668449197861, 0.8333333333333334, 0.5555555555555556]
 mean: 0.680656357746141, std: 0.1591636059775645
--------------------------------------------------
Subject Number: 18
Accuracy Cross: [0.7575757575757576, 0.696969696969697, 0.7575757575757576, 0.7878787878787878, 0.7878787878787878, 0.78125, 0.75, 0.71875, 0.8125, 0.78125, 0.78125, 0.65625, 0.84375, 0.75, 0.75]
 mean: 0.7608585858585859, std: 0.04428588494828215
F1 Score: [0.7573529411764706, 0.6966911764705883, 0.7555555555555555, 0.7806267806267806, 0.7806267806267806, 0.7702564102564102, 0.75, 0.718475073313783, 0.8056680161943319, 0.7702564102564102, 0.7702564102564102, 0.6476476476476476, 0.8358974358974359, 0.7490196078431373, 0.7333333333333334]
 mean: 0.7547775719636718, std: 0.043141016874162344
Accuracy Intime: [1.0, 0.8571428571428571, 1.0, 0.8333333333333334, 0.5833333333333334, 0.8571428571428571, 0.9285714285714286, 0.8333333333333334, 0.8333333333333334, 0.8333333333333334, 1.0, 0.6428571428571429, 0.9166666666666666, 0.8333333333333334, 0.9166666666666666]
 mean: 0.8579365079365079, std: 0.11463790530328753
F1 (Intime): [1.0, 0.8541666666666667, 1.0, 0.8285714285714285, 0.5555555555555556, 0.8444444444444444, 0.9282051282051282, 0.8125, 0.8285714285714285, 0.8285714285714285, 1.0, 0.5238095238095237, 0.9111111111111111, 0.8285714285714285, 0.916083916083916]
 mean: 0.8440108040108041, std: 0.13603151706839434
--------------------------------------------------
Subject Number: 19
Accuracy Cross: [0.5, 0.59375, 0.59375, 0.5, 0.53125, 0.53125, 0.5625, 0.4375, 0.5625, 0.46875, 0.6875, 0.65625, 0.65625, 0.6875, 0.6875]
 mean: 0.5770833333333333, std: 0.08057949835755715
F1 Score: [0.3816425120772947, 0.4340136054421769, 0.5134502923976608, 0.3816425120772947, 0.3469387755102041, 0.4684385382059801, 0.45893719806763283, 0.37662337662337664, 0.49090909090909085, 0.45545545545545546, 0.6875, 0.6532019704433498, 0.6389743589743591, 0.6825396825396826, 0.6825396825396826]
 mean: 0.5101871367508828, std: 0.12082398936491943
Accuracy Intime: [0.6428571428571429, 0.7857142857142857, 0.75, 0.75, 0.8333333333333334, 0.8571428571428571, 0.8571428571428571, 0.75, 0.75, 0.75, 0.7142857142857143, 0.7857142857142857, 0.75, 0.6666666666666666, 0.6666666666666666]
 mean: 0.7539682539682538, std: 0.06264313416086068
F1 (Intime): [0.641025641025641, 0.7543859649122806, 0.7482517482517483, 0.7333333333333334, 0.8285714285714285, 0.8541666666666667, 0.8444444444444444, 0.7333333333333334, 0.7333333333333334, 0.7333333333333334, 0.7083333333333333, 0.7846153846153847, 0.6974789915966386, 0.625, 0.6571428571428571]
 mean: 0.7384499862595838, std: 0.06677920385939162
--------------------------------------------------
Subject Number: 20
Accuracy Cross: [0.65625, 0.65625, 0.625, 0.65625, 0.53125, 0.6875, 0.65625, 0.75, 0.71875, 0.71875, 0.5454545454545454, 0.5757575757575758, 0.5454545454545454, 0.5454545454545454, 0.7272727272727273]
 mean: 0.6397095959595959, std: 0.07230770793683665
F1 Score: [0.6389743589743591, 0.6101882613510521, 0.6, 0.5883040935672514, 0.4684385382059801, 0.6761133603238867, 0.6476476476476476, 0.746031746031746, 0.681063122923588, 0.7117117117117118, 0.5299145299145299, 0.5227272727272727, 0.5170731707317073, 0.5299145299145299, 0.7102439024390244]
 mean: 0.6118897497642858, std: 0.08173643350036017
Accuracy Intime: [0.8571428571428571, 0.7857142857142857, 0.75, 0.4166666666666667, 0.6666666666666666, 0.7142857142857143, 0.8571428571428571, 0.9166666666666666, 0.5833333333333334, 0.6666666666666666, 0.9285714285714286, 0.7857142857142857, 0.8333333333333334, 0.5833333333333334, 0.9166666666666666]
 mean: 0.7507936507936509, std: 0.1418260852169719
F1 (Intime): [0.8541666666666667, 0.7543859649122806, 0.6974789915966386, 0.37777777777777777, 0.6571428571428571, 0.7083333333333333, 0.8444444444444444, 0.9111111111111111, 0.5804195804195804, 0.6666666666666666, 0.9251336898395721, 0.7846153846153847, 0.8125, 0.5555555555555556, 0.916083916083916]
 mean: 0.7363877293443858, std: 0.1486616339796415
--------------------------------------------------
Subject Number: 21
Accuracy Cross: [0.40625, 0.375, 0.4375, 0.40625, 0.4375, 0.5625, 0.5625, 0.4375, 0.5625, 0.5, 0.375, 0.375, 0.3125, 0.40625, 0.40625]
 mean: 0.4375, std: 0.0739509972887452
F1 Score: [0.4056695992179863, 0.3522267206477733, 0.4, 0.3552492046659597, 0.43529411764705883, 0.4166666666666667, 0.5151515151515151, 0.41700404858299595, 0.5465587044534412, 0.4980392156862745, 0.36507936507936506, 0.3522267206477733, 0.2874493927125506, 0.3913913913913914, 0.3764102564102564]
 mean: 0.4076277945974006, std: 0.06653714706969194
Accuracy Intime: [0.42857142857142855, 0.7142857142857143, 0.75, 0.5, 0.5, 0.5, 0.6428571428571429, 0.5833333333333334, 0.5833333333333334, 0.6666666666666666, 0.5, 0.5, 0.6666666666666666, 0.5, 0.75]
 mean: 0.5857142857142856, std: 0.10187212056965106
F1 (Intime): [0.37777777777777777, 0.7083333333333333, 0.6974789915966386, 0.4375, 0.4857142857142857, 0.49743589743589745, 0.641025641025641, 0.3684210526315789, 0.5555555555555556, 0.6666666666666666, 0.47593582887700536, 0.49743589743589745, 0.625, 0.4857142857142857, 0.7333333333333334]
 mean: 0.5502219031398599, std: 0.11620296835380872
--------------------------------------------------
Subject Number: 22
Accuracy Cross: [0.59375, 0.65625, 0.75, 0.625, 0.78125, 0.5757575757575758, 0.6363636363636364, 0.7878787878787878, 0.5757575757575758, 0.6060606060606061, 0.75, 0.65625, 0.75, 0.71875, 0.6875]
 mean: 0.6767045454545456, std: 0.07242496222329428
F1 Score: [0.5733333333333333, 0.6267232237539766, 0.7408906882591093, 0.5636363636363637, 0.751937984496124, 0.4225, 0.5416666666666666, 0.7664307381193125, 0.4225, 0.5460317460317461, 0.7408906882591093, 0.6532019704433498, 0.7333333333333334, 0.6631578947368422, 0.6761133603238867]
 mean: 0.6281565327595436, std: 0.10986617785021477
Accuracy Intime: [0.7857142857142857, 0.7857142857142857, 0.75, 0.6666666666666666, 0.5, 0.8571428571428571, 0.9285714285714286, 0.75, 0.5833333333333334, 0.4166666666666667, 0.8571428571428571, 0.7142857142857143, 0.75, 0.5833333333333334, 0.5833333333333334]
 mean: 0.7007936507936509, std: 0.13814084267958462
F1 (Intime): [0.7754010695187166, 0.7543859649122806, 0.6210526315789473, 0.625, 0.3333333333333333, 0.8444444444444444, 0.9282051282051282, 0.6210526315789473, 0.4957983193277311, 0.37777777777777777, 0.8541666666666667, 0.7142857142857143, 0.6974789915966386, 0.4957983193277311, 0.4957983193277311]
 mean: 0.6422652874587859, std: 0.17068884621741834
--------------------------------------------------
Subject Number: 23
Accuracy Cross: [0.7575757575757576, 0.7878787878787878, 0.696969696969697, 0.6363636363636364, 0.7272727272727273, 0.5625, 0.65625, 0.8125, 0.6875, 0.6875, 0.6363636363636364, 0.696969696969697, 0.7575757575757576, 0.696969696969697, 0.6363636363636364]
 mean: 0.6957702020202021, std: 0.06366234989299863
F1 Score: [0.7380952380952381, 0.7664307381193125, 0.6413043478260869, 0.5416666666666666, 0.6857142857142857, 0.5625, 0.6559139784946236, 0.8, 0.6862745098039216, 0.6862745098039216, 0.5909090909090909, 0.6726190476190477, 0.7380952380952381, 0.6590909090909091, 0.5695652173913044]
 mean: 0.666296918508643, std: 0.07373814576655155
Accuracy Intime: [0.8571428571428571, 0.8571428571428571, 0.75, 0.5, 0.8333333333333334, 0.7857142857142857, 0.7857142857142857, 0.9285714285714286, 0.8333333333333334, 0.6666666666666666, 0.7142857142857143, 0.7142857142857143, 0.9166666666666666, 0.75, 0.75]
 mean: 0.776190476190476, std: 0.10352808799441476
F1 (Intime): [0.8444444444444444, 0.8444444444444444, 0.7333333333333334, 0.3333333333333333, 0.8285714285714285, 0.7846153846153847, 0.7543859649122806, 0.9251336898395721, 0.8285714285714285, 0.6666666666666666, 0.6888888888888889, 0.6888888888888889, 0.9111111111111111, 0.7333333333333334, 0.7333333333333334]
 mean: 0.7532703782858581, std: 0.1358258934588153
--------------------------------------------------
Subject Number: 24
Accuracy Cross: [0.5, 0.46875, 0.46875, 0.53125, 0.5, 0.53125, 0.59375, 0.5625, 0.59375, 0.6875, 0.5625, 0.5, 0.4375, 0.46875, 0.53125]
 mean: 0.5291666666666667, std: 0.06194195311382711
F1 Score: [0.4458874458874459, 0.464039408866995, 0.464039408866995, 0.5076923076923077, 0.4817813765182186, 0.4909862142099682, 0.5933528836754643, 0.5625, 0.5835835835835836, 0.6862745098039216, 0.5465587044534412, 0.4980392156862745, 0.43529411764705883, 0.4420512820512821, 0.5076923076923077]
 mean: 0.5139848511090177, std: 0.06690004868020642
Accuracy Intime: [0.5714285714285714, 0.5714285714285714, 0.5833333333333334, 0.5833333333333334, 0.4166666666666667, 0.5, 0.35714285714285715, 0.5, 0.8333333333333334, 0.5, 0.6428571428571429, 0.6428571428571429, 0.6666666666666666, 0.5833333333333334, 0.5]
 mean: 0.5634920634920635, std: 0.10881991429208009
F1 (Intime): [0.5333333333333333, 0.5714285714285714, 0.5804195804195804, 0.5804195804195804, 0.4125874125874126, 0.47593582887700536, 0.3262032085561497, 0.5, 0.8285714285714285, 0.4857142857142857, 0.625668449197861, 0.641025641025641, 0.625, 0.5804195804195804, 0.5]
 mean: 0.5511151267033619, std: 0.11085069879385767
--------------------------------------------------
Subject Number: 25
Accuracy Cross: [0.45454545454545453, 0.5151515151515151, 0.48484848484848486, 0.42424242424242425, 0.45454545454545453, 0.5625, 0.59375, 0.5625, 0.625, 0.625, 0.65625, 0.71875, 0.6875, 0.625, 0.59375]
 mean: 0.5722222222222223, std: 0.08632393942650206
F1 Score: [0.3125, 0.5111111111111111, 0.4672364672364672, 0.2978723404255319, 0.4107142857142857, 0.49090909090909085, 0.539313399778516, 0.5333333333333333, 0.5, 0.536231884057971, 0.6267232237539766, 0.6631578947368422, 0.6666666666666667, 0.5, 0.539313399778516]
 mean: 0.5063388731668206, std: 0.10348352832268695
Accuracy Intime: [0.8571428571428571, 0.7142857142857143, 0.8333333333333334, 0.75, 0.5833333333333334, 0.7142857142857143, 0.5714285714285714, 0.4166666666666667, 0.5833333333333334, 0.5, 0.7142857142857143, 0.6428571428571429, 0.4166666666666667, 0.5833333333333334, 0.5]
 mean: 0.6253968253968254, std: 0.13248501866749984
F1 (Intime): [0.8444444444444444, 0.7083333333333333, 0.8125, 0.7333333333333334, 0.4957983193277311, 0.65, 0.5333333333333333, 0.4125874125874126, 0.4957983193277311, 0.4375, 0.6888888888888889, 0.625668449197861, 0.29411764705882354, 0.4957983193277311, 0.4375]
 mean: 0.5777067866773749, std: 0.15417456031563215
--------------------------------------------------
Subject Number: 26
Accuracy Cross: [0.6666666666666666, 0.696969696969697, 0.7272727272727273, 0.7575757575757576, 0.7272727272727273, 0.71875, 0.625, 0.78125, 0.6875, 0.75, 0.875, 0.8125, 0.8125, 0.8125, 0.84375]
 mean: 0.7529671717171718, std: 0.06749431251003242
F1 Score: [0.6552706552706553, 0.6726190476190477, 0.717948717948718, 0.7461538461538462, 0.6857142857142857, 0.718475073313783, 0.6190476190476191, 0.7810361681329423, 0.6536796536796536, 0.746031746031746, 0.8666666666666667, 0.7922077922077921, 0.7922077922077921, 0.7922077922077921, 0.8303287380699894]
 mean: 0.7379730396181553, std: 0.06917308337432541
Accuracy Intime: [0.7142857142857143, 0.7142857142857143, 0.6666666666666666, 0.6666666666666666, 0.75, 0.9285714285714286, 0.9285714285714286, 0.9166666666666666, 0.75, 0.9166666666666666, 0.7857142857142857, 0.7142857142857143, 0.5833333333333334, 0.8333333333333334, 0.75]
 mean: 0.7746031746031747, std: 0.10455125527024543
F1 (Intime): [0.7083333333333333, 0.6888888888888889, 0.625, 0.625, 0.7482517482517483, 0.9251336898395721, 0.9251336898395721, 0.9111111111111111, 0.7333333333333334, 0.916083916083916, 0.7846153846153847, 0.65, 0.3684210526315789, 0.8285714285714285, 0.7333333333333334]
 mean: 0.7447473939888802, std: 0.14485024592245768
--------------------------------------------------
Subject Number: 27
Accuracy Cross: [0.6363636363636364, 0.5757575757575758, 0.5454545454545454, 0.6060606060606061, 0.6060606060606061, 0.5151515151515151, 0.5151515151515151, 0.5454545454545454, 0.5757575757575758, 0.45454545454545453, 0.59375, 0.625, 0.5625, 0.625, 0.5625]
 mean: 0.5696338383838383, std: 0.04785195288020695
F1 Score: [0.6071428571428572, 0.5416666666666666, 0.5299145299145299, 0.4849939975990396, 0.5814634146341464, 0.49230769230769234, 0.5037593984962406, 0.5386766076421249, 0.5416666666666666, 0.4107142857142857, 0.5733333333333333, 0.6, 0.5333333333333333, 0.6190476190476191, 0.5465587044534412]
 mean: 0.5403052737967984, std: 0.052096382236793845
Accuracy Intime: [0.8571428571428571, 0.7857142857142857, 0.75, 0.5, 0.6666666666666666, 0.8571428571428571, 0.7857142857142857, 0.4166666666666667, 0.5833333333333334, 0.8333333333333334, 0.7857142857142857, 0.7857142857142857, 0.6428571428571429, 0.8333333333333334, 0.5833333333333334]
 mean: 0.711111111111111, std: 0.13338056608600454
F1 (Intime): [0.8571428571428571, 0.7543859649122806, 0.6974789915966386, 0.3333333333333333, 0.6571428571428571, 0.8444444444444444, 0.7543859649122806, 0.4125874125874126, 0.4957983193277311, 0.8285714285714285, 0.7846153846153847, 0.7754010695187166, 0.625668449197861, 0.8333333333333334, 0.5555555555555556]
 mean: 0.680656357746141, std: 0.1591636059775645
--------------------------------------------------
Subject Number: 28
Accuracy Cross: [0.65625, 0.5625, 0.5625, 0.5, 0.3125, 0.46875, 0.5, 0.4375, 0.5, 0.59375, 0.5, 0.3125, 0.5, 0.6875, 0.375]
 mean: 0.4979166666666667, std: 0.10549157417643469
F1 Score: [0.6389743589743591, 0.5555555555555556, 0.5555555555555556, 0.4181818181818182, 0.30158730158730157, 0.45545545545545546, 0.4666666666666667, 0.4285714285714286, 0.4666666666666667, 0.5835835835835836, 0.4920634920634921, 0.30980392156862746, 0.4920634920634921, 0.6862745098039216, 0.2727272727272727]
 mean: 0.47491540526834647, std: 0.11577457331581419
Accuracy Intime: [0.7142857142857143, 0.7857142857142857, 0.6666666666666666, 0.6666666666666666, 0.6666666666666666, 0.5714285714285714, 0.6428571428571429, 0.6666666666666666, 0.6666666666666666, 0.75, 0.9285714285714286, 0.7857142857142857, 0.9166666666666666, 0.6666666666666666, 0.6666666666666666]
 mean: 0.7174603174603174, std: 0.0964669399138725
F1 (Intime): [0.7142857142857143, 0.7846153846153847, 0.5555555555555556, 0.625, 0.6571428571428571, 0.5333333333333333, 0.625668449197861, 0.5555555555555556, 0.6666666666666666, 0.7333333333333334, 0.9282051282051282, 0.7846153846153847, 0.8991596638655461, 0.6666666666666666, 0.6571428571428571]
 mean: 0.6924631033454564, std: 0.1134539093927735
--------------------------------------------------
Subject Number: 29
Accuracy Cross: [0.71875, 0.8125, 0.8125, 0.84375, 0.84375, 0.9375, 0.9375, 0.9375, 0.9375, 0.9375, 0.9090909090909091, 0.8787878787878788, 0.9696969696969697, 1.0, 0.9393939393939394]
 mean: 0.8943813131313132, std: 0.07210734665686767
F1 Score: [0.6631578947368422, 0.7922077922077921, 0.7922077922077921, 0.8303287380699894, 0.8303287380699894, 0.9365079365079365, 0.9365079365079365, 0.9365079365079365, 0.9365079365079365, 0.9352226720647774, 0.905982905982906, 0.8759398496240601, 0.9692451071761417, 1.0, 0.9388888888888889]
 mean: 0.885302808337395, std: 0.08535979993332757
Accuracy Intime: [1.0, 1.0, 1.0, 1.0, 1.0, 0.8571428571428571, 0.9285714285714286, 0.8333333333333334, 1.0, 0.75, 0.9285714285714286, 0.9285714285714286, 1.0, 1.0, 0.75]
 mean: 0.9317460317460318, std: 0.0889243126693924
F1 (Intime): [1.0, 1.0, 1.0, 1.0, 1.0, 0.8541666666666667, 0.9282051282051282, 0.8125, 1.0, 0.7333333333333334, 0.9251336898395721, 0.9251336898395721, 1.0, 1.0, 0.7482517482517483]
 mean: 0.9284482837424014, std: 0.09326722017926828
--------------------------------------------------
**************************************************
accuracy_cross_list: [0.8188131313131313, 0.6751262626262626, 0.5433712121212121, 0.7191919191919193, 0.5541666666666667, 0.61489898989899, 0.5333333333333333, 0.6729166666666667, 0.7791666666666667, 0.5295454545454545, 0.5595959595959598, 0.6950757575757576, 0.8150252525252525, 0.7104166666666667, 0.6125, 0.63125, 0.5696338383838383, 0.7608585858585859, 0.5770833333333333, 0.6397095959595959, 0.4375, 0.6767045454545456, 0.6957702020202021, 0.5291666666666667, 0.5722222222222223, 0.7529671717171718, 0.5696338383838383, 0.4979166666666667, 0.8943813131313132]
f1_score_list: [0.8067765301295624, 0.6595784580601408, 0.5201710076528823, 0.6922245750951823, 0.5480047193035371, 0.5596263222746404, 0.515434608029728, 0.6400806016657924, 0.7699397695289657, 0.5116505917936964, 0.4914929570721232, 0.6604945744768351, 0.8082531036648184, 0.6734999865727773, 0.6023500489424859, 0.6109810967055151, 0.5403052737967984, 0.7547775719636718, 0.5101871367508828, 0.6118897497642858, 0.4076277945974006, 0.6281565327595436, 0.666296918508643, 0.5139848511090177, 0.5063388731668206, 0.7379730396181553, 0.5403052737967984, 0.47491540526834647, 0.885302808337395]
accuracy_intime_list: [0.8476190476190476, 0.6182539682539683, 0.6119047619047618, 0.7507936507936507, 0.7, 0.6992063492063492, 0.5896825396825397, 0.7071428571428572, 0.7984126984126985, 0.746825396825397, 0.5753968253968256, 0.7404761904761905, 0.78015873015873, 0.738095238095238, 0.7563492063492064, 0.7047619047619048, 0.711111111111111, 0.8579365079365079, 0.7539682539682538, 0.7507936507936509, 0.5857142857142856, 0.7007936507936509, 0.776190476190476, 0.5634920634920635, 0.6253968253968254, 0.7746031746031747, 0.711111111111111, 0.7174603174603174, 0.9317460317460318]
f1_score_intime_list: [0.8352127556539323, 0.5923224373379173, 0.5981898656898657, 0.7183890885516272, 0.6807968882968882, 0.6656846089353828, 0.5638592802679488, 0.6832518688168842, 0.776295023059729, 0.727909443497679, 0.5370485374045745, 0.6870828847222036, 0.7595060108450201, 0.7018326553620671, 0.7357697035793012, 0.6960079348469442, 0.680656357746141, 0.8440108040108041, 0.7384499862595838, 0.7363877293443858, 0.5502219031398599, 0.6422652874587859, 0.7532703782858581, 0.5511151267033619, 0.5777067866773749, 0.7447473939888802, 0.680656357746141, 0.6924631033454564, 0.9284482837424014]
**************************************************
ACC: 64.27±10.75
F1: 61.55±11.48
Intime: 71.81±8.61
F1 (Intime): 69.24±9.13
