1e-04
Subject Number: 1
Accuracy Cross: [0.7023809523809523, 0.7023809523809523, 0.7023809523809523, 0.7261904761904762, 0.7142857142857143, 0.7380952380952381, 0.8333333333333334, 0.7619047619047619, 0.7142857142857143, 0.7738095238095238, 0.7738095238095238, 0.7380952380952381, 0.7261904761904762, 0.7023809523809523, 0.7023809523809523]
 mean: 0.7341269841269843, std: 0.036282950637023706
F1 Score: [0.6863330843913369, 0.6734566941377702, 0.6734566941377702, 0.7039987743220468, 0.6888888888888889, 0.7375, 0.8333333333333334, 0.7606837606837606, 0.7101782633697526, 0.7711827956989248, 0.761613144137416, 0.71880706025563, 0.7039987743220468, 0.6734566941377702, 0.6782595373065727]
 mean: 0.7183431666082015, std: 0.04477235263411346
Accuracy Intime: [0.8823529411764706, 0.9411764705882353, 0.9117647058823529, 0.9117647058823529, 0.90625, 0.6764705882352942, 0.8235294117647058, 0.8823529411764706, 0.8235294117647058, 0.9375, 0.8235294117647058, 0.7352941176470589, 0.8529411764705882, 0.9411764705882353, 0.90625]
 mean: 0.8637254901960784, std: 0.07433646148398002
F1 (Intime): [0.8819444444444444, 0.9409722222222222, 0.9110723626852659, 0.9110723626852659, 0.906158357771261, 0.6693191865605659, 0.8178571428571428, 0.880701754385965, 0.8210526315789474, 0.9372549019607843, 0.8131868131868132, 0.7235772357723578, 0.8528138528138528, 0.9403508771929825, 0.906158357771261]
 mean: 0.8608995002592755, std: 0.0774008637438643
--------------------------------------------------
Subject Number: 2
Accuracy Cross: [0.6785714285714286, 0.8095238095238095, 0.8333333333333334, 0.75, 0.6190476190476191, 0.6904761904761905, 0.7261904761904762, 0.7857142857142857, 0.6904761904761905, 0.8571428571428571, 0.75, 0.7738095238095238, 0.7023809523809523, 0.8214285714285714, 0.75]
 mean: 0.7492063492063491, std: 0.06380873410235485
F1 Score: [0.6729632299927901, 0.8085470085470086, 0.8329545454545455, 0.7438652533759256, 0.6047058823529412, 0.6676810712111991, 0.71449682281661, 0.7795918367346939, 0.671875, 0.8564102564102565, 0.7496807151979565, 0.7735206470838655, 0.701322713696487, 0.8201798201798203, 0.7496807151979565]
 mean: 0.7431650345501372, std: 0.06874031520285787
Accuracy Intime: [0.8823529411764706, 0.8235294117647058, 0.8529411764705882, 0.8235294117647058, 0.8125, 0.7941176470588235, 0.7647058823529411, 0.8235294117647058, 0.8823529411764706, 0.59375, 0.8529411764705882, 0.8823529411764706, 0.7941176470588235, 0.8529411764705882, 0.78125]
 mean: 0.8144607843137256, std: 0.06910873777929341
F1 (Intime): [0.8819444444444444, 0.8229166666666667, 0.8496905393457117, 0.8210526315789474, 0.8125, 0.7925021795989537, 0.7638888888888888, 0.8178571428571428, 0.880701754385965, 0.5588547189819725, 0.8528138528138528, 0.8819444444444444, 0.793939393939394, 0.8496905393457117, 0.7810361681329423]
 mean: 0.8107555576950027, std: 0.07628284113689607
--------------------------------------------------
Subject Number: 3
Accuracy Cross: [0.5238095238095238, 0.5833333333333334, 0.5714285714285714, 0.5238095238095238, 0.5595238095238095, 0.7738095238095238, 0.6428571428571429, 0.6547619047619048, 0.6666666666666666, 0.75, 0.6309523809523809, 0.6547619047619048, 0.6428571428571429, 0.6428571428571429, 0.6547619047619048]
 mean: 0.6317460317460317, std: 0.06920707732251316
F1 Score: [0.3841642228739003, 0.5176374077112387, 0.5087719298245614, 0.4541910331384016, 0.4534904167399332, 0.7737774627923459, 0.6326530612244898, 0.6547129695251594, 0.6618746405980449, 0.7482517482517483, 0.5810136765888978, 0.6149834044570887, 0.6111111111111112, 0.6050156739811913, 0.6080450522928399]
 mean: 0.58731292074073, std: 0.1042003943495992
Accuracy Intime: [0.8529411764705882, 0.8823529411764706, 0.7352941176470589, 0.8823529411764706, 0.75, 0.8529411764705882, 0.6176470588235294, 0.6470588235294118, 0.7352941176470589, 0.8125, 0.6764705882352942, 0.7647058823529411, 0.8529411764705882, 0.7058823529411765, 0.6875]
 mean: 0.7637254901960785, std: 0.08482446198031497
F1 (Intime): [0.85178727114211, 0.8823529411764706, 0.7235772357723578, 0.8823529411764706, 0.7333333333333334, 0.8528138528138528, 0.6091954022988506, 0.6357142857142857, 0.7350649350649351, 0.8117647058823529, 0.6739319965126417, 0.7638888888888888, 0.85178727114211, 0.7048611111111112, 0.6825396825396826]
 mean: 0.7596643903046302, std: 0.08770947177262342
--------------------------------------------------
Subject Number: 4
Accuracy Cross: [0.7380952380952381, 0.6190476190476191, 0.6428571428571429, 0.6904761904761905, 0.7261904761904762, 0.6666666666666666, 0.7619047619047619, 0.7738095238095238, 0.7023809523809523, 0.7023809523809523, 0.6785714285714286, 0.7857142857142857, 0.7976190476190477, 0.75, 0.8333333333333334]
 mean: 0.7246031746031747, std: 0.05829957991176812
F1 Score: [0.7379466817923993, 0.6135710178263369, 0.6377228292121909, 0.690300623936472, 0.725216896600768, 0.6597222222222223, 0.7529411764705882, 0.7730052624093302, 0.6925779534475187, 0.7002997002997002, 0.6781609195402298, 0.7846153846153847, 0.7975903614457831, 0.7496807151979565, 0.8309373202990225]
 mean: 0.7216192710210602, std: 0.05949274319176041
Accuracy Intime: [0.8235294117647058, 0.8235294117647058, 0.7058823529411765, 0.8529411764705882, 0.90625, 0.7352941176470589, 0.7941176470588235, 0.7352941176470589, 0.8823529411764706, 0.78125, 0.7647058823529411, 0.7352941176470589, 0.7058823529411765, 0.8529411764705882, 0.65625]
 mean: 0.7837009803921567, std: 0.06993888761460917
F1 (Intime): [0.8229166666666667, 0.8210526315789474, 0.6964285714285714, 0.8496905393457117, 0.906158357771261, 0.7350649350649351, 0.7895667550839964, 0.7350649350649351, 0.880701754385965, 0.7793103448275862, 0.7647058823529411, 0.7350649350649351, 0.7017543859649122, 0.85178727114211, 0.6532019704433498]
 mean: 0.7814979957457882, std: 0.0707710608677946
--------------------------------------------------
Subject Number: 5
Accuracy Cross: [0.8452380952380952, 0.7619047619047619, 0.7976190476190477, 0.7857142857142857, 0.7857142857142857, 0.6666666666666666, 0.7857142857142857, 0.7976190476190477, 0.8452380952380952, 0.7976190476190477, 0.8095238095238095, 0.7976190476190477, 0.8333333333333334, 0.8571428571428571, 0.8214285714285714]
 mean: 0.7992063492063493, std: 0.04387388876535002
F1 Score: [0.8450404427415921, 0.7613636363636364, 0.7952688172043011, 0.7846153846153847, 0.7855927396483267, 0.6541176470588235, 0.7837528604118993, 0.7975903614457831, 0.8434408602150538, 0.79408795962509, 0.8077803203661327, 0.7973605789697744, 0.8324786324786324, 0.8564102564102565, 0.8214032600992204]
 mean: 0.7973535838435939, std: 0.046273874817624905
Accuracy Intime: [0.8823529411764706, 0.9117647058823529, 0.8235294117647058, 0.7647058823529411, 0.9375, 0.7352941176470589, 0.9705882352941176, 0.8529411764705882, 0.9411764705882353, 0.78125, 0.8235294117647058, 0.9117647058823529, 0.9411764705882353, 0.8529411764705882, 0.75]
 mean: 0.858700980392157, std: 0.07436070123989477
F1 (Intime): [0.8819444444444444, 0.9116883116883117, 0.8229166666666667, 0.7647058823529411, 0.9375, 0.7294429708222812, 0.9705627705627706, 0.85178727114211, 0.9411764705882353, 0.7793103448275862, 0.8229166666666667, 0.9116883116883117, 0.9409722222222222, 0.85178727114211, 0.7408906882591093]
 mean: 0.857286019538251, std: 0.07607020142838111
--------------------------------------------------
Subject Number: 6
Accuracy Cross: [0.6309523809523809, 0.5714285714285714, 0.5833333333333334, 0.5595238095238095, 0.5595238095238095, 0.6666666666666666, 0.6904761904761905, 0.6785714285714286, 0.5952380952380952, 0.6428571428571429, 0.5952380952380952, 0.7380952380952381, 0.6904761904761905, 0.5952380952380952, 0.6547619047619048]
 mean: 0.63015873015873, std: 0.0533224667690185
F1 Score: [0.6304810557684121, 0.5704545454545455, 0.5804195804195804, 0.5594613749114103, 0.5594613749114103, 0.664957264957265, 0.690300623936472, 0.6774285307922059, 0.5915331807780321, 0.6326530612244898, 0.5943181818181817, 0.7380952380952381, 0.690300623936472, 0.5931623931623932, 0.6523476523476524]
 mean: 0.628358312167584, std: 0.053516240250544606
Accuracy Intime: [0.7352941176470589, 0.7647058823529411, 0.7058823529411765, 0.7058823529411765, 0.71875, 0.8235294117647058, 0.6470588235294118, 0.6764705882352942, 0.7941176470588235, 0.75, 0.6470588235294118, 0.6764705882352942, 0.6176470588235294, 0.6470588235294118, 0.75]
 mean: 0.7106617647058824, std: 0.05748241419057196
F1 (Intime): [0.7294429708222812, 0.7638888888888888, 0.7048611111111112, 0.7048611111111112, 0.7117117117117118, 0.8235294117647058, 0.6357142857142857, 0.6739319965126417, 0.7895667550839964, 0.746031746031746, 0.6458333333333333, 0.6693191865605659, 0.6146469049694856, 0.6421052631578947, 0.746031746031746]
 mean: 0.7067650948537003, std: 0.05847543862648364
--------------------------------------------------
Subject Number: 7
Accuracy Cross: [0.6666666666666666, 0.6190476190476191, 0.7261904761904762, 0.6428571428571429, 0.5952380952380952, 0.6071428571428571, 0.5833333333333334, 0.7261904761904762, 0.5952380952380952, 0.5714285714285714, 0.5595238095238095, 0.6190476190476191, 0.6309523809523809, 0.6190476190476191, 0.6190476190476191]
 mean: 0.6253968253968253, std: 0.04739364643439242
F1 Score: [0.6597222222222223, 0.6047058823529412, 0.71449682281661, 0.6294117647058823, 0.5757575757575757, 0.5942028985507246, 0.5804195804195804, 0.7214131218457102, 0.5915331807780321, 0.5398660986001217, 0.5594613749114103, 0.6007130124777184, 0.6245133381398702, 0.6170940170940171, 0.6188315371525808]
 mean: 0.6154761618549998, std: 0.04919080388864252
Accuracy Intime: [0.6470588235294118, 0.7058823529411765, 0.6764705882352942, 0.8235294117647058, 0.75, 0.6176470588235294, 0.6470588235294118, 0.7058823529411765, 0.6176470588235294, 0.71875, 0.6176470588235294, 0.6470588235294118, 0.6470588235294118, 0.5294117647058824, 0.6875]
 mean: 0.6692401960784313, std: 0.0660076368451121
F1 (Intime): [0.6357142857142857, 0.7017543859649122, 0.6739319965126417, 0.8235294117647058, 0.7490196078431373, 0.6007226738934056, 0.6263736263736264, 0.7017543859649122, 0.6007226738934056, 0.718475073313783, 0.6007226738934056, 0.6421052631578947, 0.6458333333333333, 0.5142857142857142, 0.6666666666666667]
 mean: 0.6601074515050553, std: 0.07109919116989254
--------------------------------------------------
Subject Number: 8
Accuracy Cross: [0.8095238095238095, 0.8452380952380952, 0.8214285714285714, 0.8333333333333334, 0.7976190476190477, 0.8928571428571429, 0.8333333333333334, 0.8928571428571429, 0.8333333333333334, 0.9166666666666666, 0.8928571428571429, 0.7976190476190477, 0.8690476190476191, 0.9166666666666666, 0.7976190476190477]
 mean: 0.8499999999999999, std: 0.04187589193102513
F1 Score: [0.8094157685762904, 0.8446878111221732, 0.8212005108556832, 0.8332387975042541, 0.7975903614457831, 0.89272030651341, 0.8318077803203661, 0.89272030651341, 0.8324786324786324, 0.9163703598350164, 0.8924761769307352, 0.7952688172043011, 0.8681318681318682, 0.9166548547129695, 0.7952688172043011]
 mean: 0.8493354112899463, std: 0.04225769072444805
Accuracy Intime: [0.8823529411764706, 0.8529411764705882, 0.9411764705882353, 0.9705882352941176, 0.96875, 0.9705882352941176, 0.9411764705882353, 0.8823529411764706, 0.7941176470588235, 0.96875, 0.8823529411764706, 0.9117647058823529, 0.9117647058823529, 0.8529411764705882, 0.9375]
 mean: 0.9112745098039218, std: 0.05109485876743802
F1 (Intime): [0.8823529411764706, 0.8496905393457117, 0.9403508771929825, 0.970357454228422, 0.9687194525904204, 0.970357454228422, 0.9411764705882353, 0.8819444444444444, 0.7925021795989537, 0.9687194525904204, 0.8823529411764706, 0.9110723626852659, 0.9110723626852659, 0.8528138528138528, 0.9372549019607843]
 mean: 0.9107158458204082, std: 0.05153745700719048
--------------------------------------------------
Subject Number: 9
Accuracy Cross: [0.7023809523809523, 0.7142857142857143, 0.6428571428571429, 0.7261904761904762, 0.6785714285714286, 0.7619047619047619, 0.75, 0.5952380952380952, 0.8095238095238095, 0.7976190476190477, 0.6785714285714286, 0.7976190476190477, 0.7261904761904762, 0.7857142857142857, 0.7380952380952381]
 mean: 0.726984126984127, std: 0.058880117431718754
F1 Score: [0.6863330843913369, 0.7141236528644356, 0.616555082166768, 0.71449682281661, 0.6571428571428571, 0.7597254004576659, 0.7499645641389086, 0.5931623931623932, 0.8094157685762904, 0.7975903614457831, 0.6473332296687918, 0.7926528241614637, 0.71449682281661, 0.7754010695187166, 0.71880706025563]
 mean: 0.7164800662389507, std: 0.06424089242853408
Accuracy Intime: [0.8529411764705882, 0.7352941176470589, 0.8529411764705882, 0.7647058823529411, 0.75, 0.8529411764705882, 0.7941176470588235, 0.6470588235294118, 0.9117647058823529, 0.90625, 0.8823529411764706, 0.8823529411764706, 0.8529411764705882, 0.9411764705882353, 0.875]
 mean: 0.8334558823529413, std: 0.07688952458412511
F1 (Intime): [0.85178727114211, 0.7294429708222812, 0.8528138528138528, 0.7638888888888888, 0.7490196078431373, 0.8528138528138528, 0.793939393939394, 0.6136363636363636, 0.9116883116883117, 0.9054187192118226, 0.8823529411764706, 0.8819444444444444, 0.85178727114211, 0.9411764705882353, 0.8745098039215686]
 mean: 0.8304146776048563, std: 0.08297907115598595
--------------------------------------------------
Subject Number: 10
Accuracy Cross: [0.7023809523809523, 0.6904761904761905, 0.7142857142857143, 0.6785714285714286, 0.75, 0.5952380952380952, 0.6428571428571429, 0.5833333333333334, 0.5952380952380952, 0.6904761904761905, 0.7261904761904762, 0.7619047619047619, 0.7857142857142857, 0.7857142857142857, 0.6904761904761905]
 mean: 0.692857142857143, std: 0.06362090102803517
F1 Score: [0.7020008514261388, 0.6897727272727273, 0.7142857142857143, 0.6763236763236764, 0.7482517482517483, 0.5943181818181817, 0.6354166666666667, 0.5818517991750818, 0.5931623931623932, 0.6888888888888889, 0.7242757242757243, 0.761769710720363, 0.7855927396483267, 0.7837528604118993, 0.6888888888888889]
 mean: 0.6912368380810946, std: 0.06416379666009514
Accuracy Intime: [0.9117647058823529, 0.8235294117647058, 0.6470588235294118, 0.6764705882352942, 0.65625, 0.9705882352941176, 0.8529411764705882, 0.7352941176470589, 0.5882352941176471, 0.71875, 0.7352941176470589, 0.5882352941176471, 0.6764705882352942, 0.6764705882352942, 0.5625]
 mean: 0.7213235294117646, std: 0.11633342896821071
F1 (Intime): [0.9116883116883117, 0.8178571428571428, 0.6458333333333333, 0.6739319965126417, 0.6532019704433498, 0.9705627705627706, 0.8464317976513098, 0.7332170880557978, 0.5868055555555556, 0.7117117117117118, 0.7350649350649351, 0.5868055555555556, 0.6621499548328816, 0.6761904761904762, 0.5333333333333333]
 mean: 0.7163190622232738, std: 0.1191724323016974
--------------------------------------------------
Subject Number: 11
Accuracy Cross: [0.5714285714285714, 0.6547619047619048, 0.7023809523809523, 0.5952380952380952, 0.6547619047619048, 0.7976190476190477, 0.7380952380952381, 0.7857142857142857, 0.6666666666666666, 0.7380952380952381, 0.6309523809523809, 0.6309523809523809, 0.7619047619047619, 0.7857142857142857, 0.7142857142857143]
 mean: 0.6952380952380953, std: 0.0697961614791132
F1 Score: [0.5692307692307692, 0.650752688172043, 0.7020008514261388, 0.5800000000000001, 0.650752688172043, 0.7973605789697744, 0.7306122448979592, 0.7846153846153847, 0.664957264957265, 0.7343300747556067, 0.6245133381398702, 0.6309000708717222, 0.7606837606837606, 0.7855927396483267, 0.7136363636363636]
 mean: 0.6919959212118018, std: 0.071667908456368
Accuracy Intime: [0.7647058823529411, 0.6176470588235294, 0.8529411764705882, 0.8235294117647058, 0.65625, 0.7647058823529411, 0.7058823529411765, 0.6764705882352942, 0.7647058823529411, 0.65625, 0.6176470588235294, 0.7352941176470589, 0.7352941176470589, 0.8235294117647058, 0.71875]
 mean: 0.7275735294117648, std: 0.07112870095251717
F1 (Intime): [0.7638888888888888, 0.6146469049694856, 0.8496905393457117, 0.8235294117647058, 0.6532019704433498, 0.7614035087719297, 0.6964285714285714, 0.6693191865605659, 0.7509157509157509, 0.6559139784946236, 0.6146469049694856, 0.7332170880557978, 0.7350649350649351, 0.8235294117647058, 0.716256157635468]
 mean: 0.7241102139382651, std: 0.07160378778858219
--------------------------------------------------
Subject Number: 12
Accuracy Cross: [0.8095238095238095, 0.8928571428571429, 0.8809523809523809, 0.8809523809523809, 0.8095238095238095, 0.7142857142857143, 0.6666666666666666, 0.75, 0.7380952380952381, 0.7380952380952381, 0.75, 0.8214285714285714, 0.7857142857142857, 0.7857142857142857, 0.7857142857142857]
 mean: 0.7873015873015875, std: 0.06237105620440794
F1 Score: [0.8094157685762904, 0.89272030651341, 0.8808848553601816, 0.8803418803418803, 0.8095238095238095, 0.6932440657334145, 0.6421180766889836, 0.7393231860499483, 0.7223557692307692, 0.7254901960784313, 0.7491110795050491, 0.8193548387096774, 0.78125, 0.7855927396483267, 0.78125]
 mean: 0.7807984381306781, std: 0.06913929097608532
Accuracy Intime: [0.7352941176470589, 0.8235294117647058, 0.8235294117647058, 0.7352941176470589, 0.90625, 0.9411764705882353, 0.9117647058823529, 0.9411764705882353, 0.7941176470588235, 0.9375, 0.9411764705882353, 0.8235294117647058, 0.7352941176470589, 0.7058823529411765, 0.90625]
 mean: 0.8441176470588235, std: 0.08472968670831126
F1 (Intime): [0.7332170880557978, 0.8210526315789474, 0.8229166666666667, 0.7350649350649351, 0.906158357771261, 0.9409722222222222, 0.9110723626852659, 0.9411764705882353, 0.7895667550839964, 0.9372549019607843, 0.9411764705882353, 0.8131868131868132, 0.7350649350649351, 0.7058823529411765, 0.906158357771261]
 mean: 0.8426614214153688, std: 0.08530428804036427
--------------------------------------------------
Subject Number: 13
Accuracy Cross: [0.6904761904761905, 0.7380952380952381, 0.6547619047619048, 0.7023809523809523, 0.75, 0.6904761904761905, 0.7738095238095238, 0.7380952380952381, 0.75, 0.8095238095238095, 0.7738095238095238, 0.7380952380952381, 0.7023809523809523, 0.8333333333333334, 0.8095238095238095]
 mean: 0.7436507936507938, std: 0.04876917935154673
F1 Score: [0.6860264519838988, 0.7367521367521368, 0.6433904259991217, 0.6950776825903877, 0.7491110795050491, 0.6840277777777777, 0.7737774627923459, 0.7343300747556067, 0.7499645641389086, 0.8094157685762904, 0.7698630136986302, 0.7375, 0.6825396825396826, 0.8324786324786324, 0.8085470085470086]
 mean: 0.7395201174756986, std: 0.05229990314779819
Accuracy Intime: [0.8529411764705882, 0.7941176470588235, 0.7352941176470589, 0.9117647058823529, 0.75, 0.9705882352941176, 0.8235294117647058, 0.8823529411764706, 0.8235294117647058, 0.84375, 0.8529411764705882, 0.7647058823529411, 0.7352941176470589, 0.7352941176470589, 0.6875]
 mean: 0.8109068627450978, std: 0.07492807809983841
F1 (Intime): [0.8496905393457117, 0.7895667550839964, 0.7332170880557978, 0.9116883116883117, 0.7333333333333334, 0.9705627705627706, 0.8229166666666667, 0.8819444444444444, 0.8229166666666667, 0.8423645320197044, 0.85178727114211, 0.7638888888888888, 0.7350649350649351, 0.7235772357723578, 0.6761133603238867]
 mean: 0.8072421866039722, std: 0.0779796684395909
--------------------------------------------------
Subject Number: 14
Accuracy Cross: [0.7380952380952381, 0.7261904761904762, 0.8452380952380952, 0.7976190476190477, 0.75, 0.8928571428571429, 0.6904761904761905, 0.8571428571428571, 0.7857142857142857, 0.8333333333333334, 0.7380952380952381, 0.8095238095238095, 0.7857142857142857, 0.8452380952380952, 0.75]
 mean: 0.7896825396825398, std: 0.055442060941501524
F1 Score: [0.7356979405034325, 0.7194714679831566, 0.8450404427415921, 0.7973605789697744, 0.7482517482517483, 0.8924761769307352, 0.6788235294117647, 0.8564102564102565, 0.7837528604118993, 0.8318077803203661, 0.7375, 0.8085470085470086, 0.7857142857142857, 0.8446878111221732, 0.7499645641389086]
 mean: 0.7877004300971403, std: 0.05741151318360495
Accuracy Intime: [0.7647058823529411, 0.8529411764705882, 0.9411764705882353, 0.8529411764705882, 0.875, 0.8529411764705882, 0.7352941176470589, 0.8529411764705882, 0.7941176470588235, 0.875, 0.8823529411764706, 0.9117647058823529, 0.8823529411764706, 0.8529411764705882, 0.90625]
 mean: 0.8555147058823531, std: 0.05277496375468162
F1 (Intime): [0.7638888888888888, 0.8528138528138528, 0.9411764705882353, 0.85178727114211, 0.8745098039215686, 0.8528138528138528, 0.7350649350649351, 0.8528138528138528, 0.7850045167118338, 0.8745098039215686, 0.8785714285714286, 0.9110723626852659, 0.8785714285714286, 0.8528138528138528, 0.9054187192118226]
 mean: 0.8540554027022996, std: 0.05328295990816016
--------------------------------------------------
**************************************************
accuracy_cross_list: [0.7341269841269843, 0.7492063492063491, 0.6317460317460317, 0.7246031746031747, 0.7992063492063493, 0.63015873015873, 0.6253968253968253, 0.8499999999999999, 0.726984126984127, 0.692857142857143, 0.6952380952380953, 0.7873015873015875, 0.7436507936507938, 0.7896825396825398]
f1_score_list: [0.7183431666082015, 0.7431650345501372, 0.58731292074073, 0.7216192710210602, 0.7973535838435939, 0.628358312167584, 0.6154761618549998, 0.8493354112899463, 0.7164800662389507, 0.6912368380810946, 0.6919959212118018, 0.7807984381306781, 0.7395201174756986, 0.7877004300971403]
accuracy_intime_list: [0.8637254901960784, 0.8144607843137256, 0.7637254901960785, 0.7837009803921567, 0.858700980392157, 0.7106617647058824, 0.6692401960784313, 0.9112745098039218, 0.8334558823529413, 0.7213235294117646, 0.7275735294117648, 0.8441176470588235, 0.8109068627450978, 0.8555147058823531]
f1_score_intime_list: [0.8608995002592755, 0.8107555576950027, 0.7596643903046302, 0.7814979957457882, 0.857286019538251, 0.7067650948537003, 0.6601074515050553, 0.9107158458204082, 0.8304146776048563, 0.7163190622232738, 0.7241102139382651, 0.8426614214153688, 0.8072421866039722, 0.8540554027022996]
**************************************************
ACC: 72.72±6.53
F1: 71.92±7.09
Intime: 79.77±6.78
F1 (Intime): 79.45±6.95
