1e-04
Subject Number: 1
Accuracy Cross: [0.4852941176470588, 0.5, 0.3088235294117647, 0.4411764705882353, 0.4852941176470588, 0.463768115942029, 0.43478260869565216, 0.42028985507246375, 0.4782608695652174, 0.391304347826087, 0.4411764705882353, 0.5588235294117647, 0.5735294117647058, 0.4411764705882353, 0.47058823529411764]
 mean: 0.4596192100028417, std: 0.06155832028382712
F1 Score: [0.515014629882961, 0.524844028520499, 0.3148477761649117, 0.47703218767048555, 0.5257713884992987, 0.4208683473389355, 0.4192391304347826, 0.3917439703153989, 0.45929499072356217, 0.3877106793944366, 0.42164003759398494, 0.5644561215718711, 0.5897742608268924, 0.4355511346890657, 0.45673400673400666]
 mean: 0.46030151269073954, std: 0.07109868105252233
Accuracy Intime: [0.6071428571428571, 0.4642857142857143, 0.35714285714285715, 0.46153846153846156, 0.5384615384615384, 0.7142857142857143, 0.6785714285714286, 0.5, 0.6153846153846154, 0.6538461538461539, 0.6071428571428571, 0.5357142857142857, 0.39285714285714285, 0.4230769230769231, 0.5]
 mean: 0.5366300366300366, std: 0.10358110382547779
F1 (Intime): [0.5954878454878454, 0.4693528693528693, 0.3289337474120083, 0.4761302294197031, 0.5667388167388168, 0.7106060606060607, 0.7008304195804196, 0.5201330532212884, 0.6419413919413919, 0.6722027972027972, 0.5098039215686274, 0.5482456140350878, 0.4166666666666667, 0.39983660130718957, 0.5003663003663004]
 mean: 0.5371517556604715, std: 0.1089147044710273
--------------------------------------------------
Subject Number: 2
Accuracy Cross: [0.2753623188405797, 0.30434782608695654, 0.21739130434782608, 0.2318840579710145, 0.2463768115942029, 0.3235294117647059, 0.2647058823529412, 0.3382352941176471, 0.3235294117647059, 0.36764705882352944, 0.391304347826087, 0.4057971014492754, 0.43478260869565216, 0.4057971014492754, 0.391304347826087]
 mean: 0.32813299232736576, std: 0.06768049489422989
F1 Score: [0.29174125424125424, 0.33280189731802634, 0.24407741738066097, 0.2678414580588494, 0.2802321552321552, 0.30538782397176967, 0.2626959247648903, 0.3552302536173504, 0.31916666666666665, 0.3708014911463188, 0.3393241167434716, 0.37386809269162213, 0.4309657137243344, 0.36794219406844547, 0.3680776770399412]
 mean: 0.3273436091110504, std: 0.05015853457303647
Accuracy Intime: [0.6428571428571429, 0.6428571428571429, 0.5357142857142857, 0.5769230769230769, 0.4230769230769231, 0.42857142857142855, 0.5, 0.5357142857142857, 0.42857142857142855, 0.4230769230769231, 0.5714285714285714, 0.5, 0.42857142857142855, 0.5, 0.34615384615384615]
 mean: 0.49890109890109896, std: 0.08373669637337403
F1 (Intime): [0.6257575757575757, 0.650305576776165, 0.5266233766233767, 0.468859649122807, 0.41328197945845, 0.4313568376068376, 0.4788474810213941, 0.46741854636591473, 0.4343891402714932, 0.3919413919413919, 0.5162207357859532, 0.4772727272727273, 0.38091269841269837, 0.50503663003663, 0.295970695970696]
 mean: 0.4709463361616075, std: 0.08708639656824531
--------------------------------------------------
Subject Number: 3
Accuracy Cross: [0.3235294117647059, 0.27941176470588236, 0.3382352941176471, 0.25, 0.3235294117647059, 0.30434782608695654, 0.3188405797101449, 0.2608695652173913, 0.3333333333333333, 0.3188405797101449, 0.3188405797101449, 0.30434782608695654, 0.30434782608695654, 0.3333333333333333, 0.37681159420289856]
 mean: 0.3125745950554135, std: 0.03043717051199061
F1 Score: [0.32363415451650746, 0.26896479328165374, 0.33650793650793653, 0.24015151515151514, 0.32099803756658263, 0.28073316283034955, 0.3135962399985529, 0.230242656449553, 0.32355072463768114, 0.3140412748171369, 0.29766373925412826, 0.28188950637463217, 0.30086836485854723, 0.3187579861998467, 0.34333210649000123]
 mean: 0.2996621465956416, std: 0.03226279457400547
Accuracy Intime: [0.42857142857142855, 0.35714285714285715, 0.42857142857142855, 0.4642857142857143, 0.4230769230769231, 0.35714285714285715, 0.21428571428571427, 0.42857142857142855, 0.38461538461538464, 0.5384615384615384, 0.5714285714285714, 0.39285714285714285, 0.42857142857142855, 0.4230769230769231, 0.5769230769230769]
 mean: 0.4278388278388279, std: 0.08761664335706834
F1 (Intime): [0.43205128205128207, 0.3248424369747899, 0.4144580909286792, 0.41208133971291866, 0.4237012987012987, 0.32619047619047614, 0.21090021090021088, 0.39772227772227775, 0.33303167420814483, 0.5044642857142857, 0.5701465201465201, 0.32097069597069594, 0.4458333333333333, 0.4201770451770452, 0.5684149184149184]
 mean: 0.4069990590764584, std: 0.09292794969919106
--------------------------------------------------
Subject Number: 4
Accuracy Cross: [0.5362318840579711, 0.5507246376811594, 0.5072463768115942, 0.5652173913043478, 0.4782608695652174, 0.42028985507246375, 0.43478260869565216, 0.5797101449275363, 0.4927536231884058, 0.463768115942029, 0.391304347826087, 0.463768115942029, 0.42028985507246375, 0.43478260869565216, 0.5217391304347826]
 mean: 0.48405797101449277, std: 0.05620498385410237
F1 Score: [0.5502776793099373, 0.54673754429852, 0.5139966301044008, 0.5849351506679092, 0.4778846153846154, 0.3840201465201465, 0.453820600166424, 0.5859073359073359, 0.5073927078784854, 0.4726767797419971, 0.3278862478777589, 0.4849080267558529, 0.39695225916453536, 0.4353750485395004, 0.5178424516659811]
 mean: 0.4827075482655599, std: 0.07157998574039617
Accuracy Intime: [0.5714285714285714, 0.5357142857142857, 0.5, 0.4642857142857143, 0.5, 0.5, 0.5714285714285714, 0.4642857142857143, 0.6071428571428571, 0.5384615384615384, 0.6428571428571429, 0.5714285714285714, 0.7857142857142857, 0.5714285714285714, 0.5384615384615384]
 mean: 0.5575091575091575, std: 0.07793336211630926
F1 (Intime): [0.5778846153846154, 0.5369047619047619, 0.4533052087231654, 0.4485714285714285, 0.4854166666666666, 0.49683649683649683, 0.5926573426573427, 0.4620915032679738, 0.5747929606625258, 0.5455128205128205, 0.6292735042735043, 0.5725490196078431, 0.7754010695187166, 0.5922348484848484, 0.5630952380952381]
 mean: 0.5537684990111965, std: 0.08045994903889789
--------------------------------------------------
Subject Number: 5
Accuracy Cross: [0.4264705882352941, 0.3382352941176471, 0.4411764705882353, 0.4411764705882353, 0.39705882352941174, 0.5, 0.5588235294117647, 0.5294117647058824, 0.6029411764705882, 0.47058823529411764, 0.4411764705882353, 0.39705882352941174, 0.39705882352941174, 0.3235294117647059, 0.45588235294117646]
 mean: 0.4480392156862746, std: 0.07399200887887532
F1 Score: [0.387374686716792, 0.3089459986987638, 0.44704360155973055, 0.4015449347286654, 0.3893153423288356, 0.47011655011655007, 0.5152642722268048, 0.5307417807417807, 0.596587462082912, 0.4488874691200273, 0.42428571428571427, 0.3808706816059757, 0.3961901336139141, 0.335124584717608, 0.48288525498891355]
 mean: 0.4343452311688659, std: 0.073696310763575
Accuracy Intime: [0.7142857142857143, 0.75, 0.6071428571428571, 0.5769230769230769, 0.5384615384615384, 0.6428571428571429, 0.6428571428571429, 0.6071428571428571, 0.6538461538461539, 0.5, 0.6428571428571429, 0.75, 0.6071428571428571, 0.5769230769230769, 0.5]
 mean: 0.6206959706959708, std: 0.07529989864540858
F1 (Intime): [0.710270122034828, 0.7392857142857143, 0.5999434389140271, 0.5427350427350428, 0.4726998491704374, 0.615909090909091, 0.64019069166128, 0.6191176470588236, 0.5388888888888889, 0.46031746031746024, 0.6488788988788989, 0.7545787545787546, 0.621184697655286, 0.45208333333333334, 0.4608516483516484]
 mean: 0.5917956852515676, std: 0.09780550220213258
--------------------------------------------------
Subject Number: 6
Accuracy Cross: [0.5441176470588235, 0.5, 0.5, 0.5588235294117647, 0.5735294117647058, 0.4492753623188406, 0.463768115942029, 0.4057971014492754, 0.4492753623188406, 0.4057971014492754, 0.3188405797101449, 0.4492753623188406, 0.4492753623188406, 0.4782608695652174, 0.4492753623188406]
 mean: 0.46635407786302935, std: 0.06274276529160883
F1 Score: [0.5401499572695225, 0.4641358641358641, 0.49202336253650397, 0.5679325254687464, 0.5627266141164563, 0.3724442138038402, 0.4335789871504157, 0.3533113826926119, 0.37018617021276595, 0.3027413180202352, 0.3253757736516357, 0.40778822300561435, 0.4558129558129558, 0.49053690212226797, 0.44607512370670266]
 mean: 0.4389879582470758, std: 0.08065699690185403
Accuracy Intime: [0.75, 0.6071428571428571, 0.5714285714285714, 0.6785714285714286, 0.5769230769230769, 0.5714285714285714, 0.6785714285714286, 0.5714285714285714, 0.4230769230769231, 0.46153846153846156, 0.6428571428571429, 0.4642857142857143, 0.5357142857142857, 0.7692307692307693, 0.4230769230769231]
 mean: 0.5816849816849817, std: 0.10571970519617409
F1 (Intime): [0.745806277056277, 0.5444444444444445, 0.5353238265002971, 0.657142857142857, 0.5343656343656343, 0.5740202779676464, 0.6576854066985647, 0.5682539682539682, 0.4198067632850241, 0.3595992822966507, 0.6425438596491229, 0.4685425685425685, 0.4825396825396825, 0.7803144224196856, 0.35396825396825393]
 mean: 0.5549571683420453, std: 0.12298362143757141
--------------------------------------------------
Subject Number: 7
Accuracy Cross: [0.6029411764705882, 0.5147058823529411, 0.5147058823529411, 0.5735294117647058, 0.5147058823529411, 0.38235294117647056, 0.38235294117647056, 0.4264705882352941, 0.4117647058823529, 0.5294117647058824, 0.5, 0.5147058823529411, 0.4852941176470588, 0.45588235294117646, 0.45588235294117646]
 mean: 0.48431372549019613, std: 0.06272977754135839
F1 Score: [0.5701175293823455, 0.5019691738441738, 0.4914025616755647, 0.5616300366300366, 0.49523809523809526, 0.3425499231950844, 0.3780627193406098, 0.415986634237265, 0.38516813344723233, 0.4603993567408201, 0.49913374913374914, 0.49929740957966756, 0.47424115845168474, 0.45888838100213314, 0.45178571428571423]
 mean: 0.4657247050789451, std: 0.06183033063488712
Accuracy Intime: [0.5714285714285714, 0.4642857142857143, 0.4642857142857143, 0.46153846153846156, 0.38461538461538464, 0.6428571428571429, 0.6071428571428571, 0.75, 0.5769230769230769, 0.5769230769230769, 0.6785714285714286, 0.5357142857142857, 0.5, 0.5384615384615384, 0.6153846153846154]
 mean: 0.5578754578754579, std: 0.09178985804958333
F1 (Intime): [0.5364357864357865, 0.46944444444444444, 0.3909090909090909, 0.4551282051282051, 0.37470238095238095, 0.6089126559714795, 0.5909090909090909, 0.7518315018315018, 0.4585218702865762, 0.571301247771836, 0.6761857707509882, 0.5298763736263736, 0.4026979212737727, 0.5, 0.6138888888888888]
 mean: 0.5287163486120278, std: 0.10463517926312556
--------------------------------------------------
Subject Number: 8
Accuracy Cross: [0.3088235294117647, 0.27941176470588236, 0.25, 0.38235294117647056, 0.2647058823529412, 0.3088235294117647, 0.38235294117647056, 0.3382352941176471, 0.2647058823529412, 0.3088235294117647, 0.36764705882352944, 0.25, 0.39705882352941174, 0.3088235294117647, 0.35294117647058826]
 mean: 0.31764705882352934, std: 0.04856653363333661
F1 Score: [0.31736522837066317, 0.26949475962633856, 0.2906048906048906, 0.39306595365418895, 0.2696345417035072, 0.30779489373841107, 0.3754569892473118, 0.32283692041022677, 0.2659455128205128, 0.319237012987013, 0.3672183794466403, 0.26112240289069555, 0.4263565891472868, 0.3133169934640523, 0.3621214494569758]
 mean: 0.324104834504581, std: 0.049007531272932704
Accuracy Intime: [0.5357142857142857, 0.4642857142857143, 0.35714285714285715, 0.38461538461538464, 0.3076923076923077, 0.25, 0.42857142857142855, 0.25, 0.23076923076923078, 0.4230769230769231, 0.35714285714285715, 0.42857142857142855, 0.39285714285714285, 0.4230769230769231, 0.5]
 mean: 0.3822344322344323, std: 0.08817991863470574
F1 (Intime): [0.5467571644042232, 0.49736990950226245, 0.36511752136752135, 0.3817155067155067, 0.2875816993464052, 0.19940191387559808, 0.4113038277511961, 0.2519779841761266, 0.16346153846153846, 0.42543926661573717, 0.34097222222222223, 0.46249999999999997, 0.38035714285714284, 0.3936507936507937, 0.49316239316239313]
 mean: 0.3733845922739112, std: 0.1064434905519781
--------------------------------------------------
Subject Number: 9
Accuracy Cross: [0.5147058823529411, 0.6323529411764706, 0.5147058823529411, 0.5, 0.5441176470588235, 0.3088235294117647, 0.4264705882352941, 0.27941176470588236, 0.4117647058823529, 0.29411764705882354, 0.3382352941176471, 0.47058823529411764, 0.4852941176470588, 0.38235294117647056, 0.38235294117647056]
 mean: 0.43235294117647055, std: 0.09898562802720413
F1 Score: [0.5186244789693066, 0.6382038288288288, 0.5444014447884418, 0.5188685636856369, 0.5720087630603303, 0.2913086646045748, 0.418985315954463, 0.28416895604395603, 0.40857501671455165, 0.31581007644837433, 0.36017818841775284, 0.49410115809474264, 0.5096301547914451, 0.41931527551732156, 0.41999385749385754]
 mean: 0.4476115828942389, std: 0.10242505524407132
Accuracy Intime: [0.5, 0.5, 0.5714285714285714, 0.4230769230769231, 0.38461538461538464, 0.6785714285714286, 0.6071428571428571, 0.6071428571428571, 0.38461538461538464, 0.46153846153846156, 0.5714285714285714, 0.6428571428571429, 0.6428571428571429, 0.46153846153846156, 0.5]
 mean: 0.5291208791208792, std: 0.09261026635208587
F1 (Intime): [0.5104166666666666, 0.5229458041958042, 0.5844017094017094, 0.46442577030812326, 0.3199300699300699, 0.6687944408532644, 0.6071428571428571, 0.6145658263305322, 0.3734917043740573, 0.3968531468531469, 0.5807692307692307, 0.6235294117647059, 0.6265172735760971, 0.47478991596638653, 0.42765567765567764]
 mean: 0.5197486337192219, std: 0.10295578430433873
--------------------------------------------------
Subject Number: 10
Accuracy Cross: [0.23529411764705882, 0.4117647058823529, 0.36764705882352944, 0.36764705882352944, 0.35294117647058826, 0.3382352941176471, 0.23529411764705882, 0.39705882352941174, 0.3235294117647059, 0.2647058823529412, 0.2463768115942029, 0.30434782608695654, 0.30434782608695654, 0.2898550724637681, 0.2898550724637681]
 mean: 0.31526001705029844, std: 0.05484997777317964
F1 Score: [0.2197433629322174, 0.41926099031362196, 0.3678096757044126, 0.360961876510657, 0.37432356816182233, 0.32701141123790267, 0.25162337662337664, 0.41862084778309594, 0.3217893217893218, 0.26783459595959597, 0.24165883458646614, 0.307616762558623, 0.30321350058192165, 0.2834766584766585, 0.2860636645962733]
 mean: 0.31673389652106443, std: 0.05938122055500802
Accuracy Intime: [0.2857142857142857, 0.4642857142857143, 0.32142857142857145, 0.34615384615384615, 0.23076923076923078, 0.42857142857142855, 0.42857142857142855, 0.2857142857142857, 0.4230769230769231, 0.38461538461538464, 0.32142857142857145, 0.39285714285714285, 0.35714285714285715, 0.38461538461538464, 0.6153846153846154]
 mean: 0.37802197802197796, std: 0.08862349518090529
F1 (Intime): [0.2428921568627451, 0.4410148674854557, 0.31565656565656564, 0.28431372549019607, 0.24848484848484848, 0.44005847953216376, 0.4155844155844156, 0.2659469185784975, 0.42360580595874714, 0.35789473684210527, 0.27847222222222223, 0.37690817953975847, 0.3187908496732026, 0.36739926739926737, 0.6163419913419913]
 mean: 0.3595576687101455, std: 0.09563717101921095
--------------------------------------------------
Subject Number: 11
Accuracy Cross: [0.30434782608695654, 0.2608695652173913, 0.2608695652173913, 0.30434782608695654, 0.2463768115942029, 0.4492753623188406, 0.5362318840579711, 0.4927536231884058, 0.5072463768115942, 0.4927536231884058, 0.4782608695652174, 0.5217391304347826, 0.5217391304347826, 0.4057971014492754, 0.5072463768115942]
 mean: 0.4193236714975845, std: 0.1070852251400766
F1 Score: [0.29478506787330316, 0.22706228956228955, 0.2518240390057028, 0.2994908317488963, 0.26065127627627627, 0.41527883880825056, 0.5014069264069263, 0.4520702161908837, 0.45657871722780446, 0.4335541474654378, 0.3921250318309142, 0.4811720142602496, 0.46097742127153896, 0.3799970144797731, 0.44692684766214175]
 mean: 0.3835933786713593, std: 0.08904785339057482
Accuracy Intime: [0.4642857142857143, 0.6428571428571429, 0.5357142857142857, 0.6785714285714286, 0.5769230769230769, 0.4642857142857143, 0.4642857142857143, 0.6785714285714286, 0.42857142857142855, 0.4230769230769231, 0.35714285714285715, 0.5, 0.4642857142857143, 0.35714285714285715, 0.4230769230769231]
 mean: 0.49725274725274726, std: 0.10136332675473783
F1 (Intime): [0.3738095238095238, 0.6106811145510836, 0.47275641025641024, 0.6912280701754385, 0.5678571428571428, 0.45265700483091786, 0.43922152194211017, 0.6309523809523809, 0.44553167420814477, 0.40476190476190477, 0.36126207729468596, 0.463003663003663, 0.4024725274725275, 0.2916666666666667, 0.3508201357466063]
 mean: 0.4639121212352805, std: 0.10998825998559836
--------------------------------------------------
Subject Number: 12
Accuracy Cross: [0.5294117647058824, 0.5, 0.5147058823529411, 0.6176470588235294, 0.47058823529411764, 0.4782608695652174, 0.42028985507246375, 0.5217391304347826, 0.463768115942029, 0.5217391304347826, 0.4411764705882353, 0.47058823529411764, 0.38235294117647056, 0.47058823529411764, 0.5]
 mean: 0.4868570616652458, std: 0.05247952787022086
F1 Score: [0.5156025824964132, 0.48522727272727273, 0.4611610418195158, 0.6229034531360114, 0.47489729197046265, 0.49115336417968, 0.43760822510822506, 0.5226084625872537, 0.4508838383838384, 0.5184041184041184, 0.44064230343300115, 0.46300625513363236, 0.3853525322740814, 0.4681763285024155, 0.49255839724389144]
 mean: 0.48201236449332086, std: 0.05111392811020068
Accuracy Intime: [0.5, 0.5357142857142857, 0.5357142857142857, 0.5, 0.46153846153846156, 0.4642857142857143, 0.5, 0.6071428571428571, 0.38461538461538464, 0.46153846153846156, 0.7142857142857143, 0.6785714285714286, 0.5357142857142857, 0.5, 0.5384615384615384]
 mean: 0.5278388278388279, std: 0.0818593221571346
F1 (Intime): [0.507051282051282, 0.48872549019607836, 0.4617518059855521, 0.49305957200694045, 0.3869047619047619, 0.48520658263305316, 0.494281045751634, 0.6042735042735042, 0.3704248366013072, 0.4617071524966262, 0.7085470085470085, 0.6827231591937475, 0.5339285714285714, 0.39869281045751637, 0.4667437825332562]
 mean: 0.5029347577373894, std: 0.09420889152355146
--------------------------------------------------
Subject Number: 13
Accuracy Cross: [0.5147058823529411, 0.45588235294117646, 0.47058823529411764, 0.45588235294117646, 0.5147058823529411, 0.4492753623188406, 0.43478260869565216, 0.43478260869565216, 0.4492753623188406, 0.4927536231884058, 0.4117647058823529, 0.39705882352941174, 0.39705882352941174, 0.4117647058823529, 0.47058823529411764]
 mean: 0.45072463768115956, std: 0.03660988318210561
F1 Score: [0.5159863945578231, 0.4716988451553221, 0.49650140240884344, 0.4611749680715198, 0.5140786749482402, 0.45381944444444444, 0.4363095238095238, 0.4282109160157941, 0.45504385964912275, 0.5003472222222223, 0.4136650386650387, 0.40946103446103443, 0.42186469291732454, 0.42321428571428565, 0.47135093167701864]
 mean: 0.4581818156478372, std: 0.03500465079547847
Accuracy Intime: [0.5357142857142857, 0.39285714285714285, 0.5714285714285714, 0.5, 0.46153846153846156, 0.4642857142857143, 0.6071428571428571, 0.5, 0.46153846153846156, 0.5, 0.6071428571428571, 0.5, 0.6071428571428571, 0.5384615384615384, 0.4230769230769231]
 mean: 0.5113553113553113, std: 0.06428701876096313
F1 (Intime): [0.5388500388500388, 0.3040106951871658, 0.590174531351002, 0.4493006993006994, 0.4318181818181818, 0.47976190476190483, 0.6282822440717177, 0.5034798534798535, 0.5047619047619047, 0.5218017276840806, 0.6071428571428572, 0.5049019607843137, 0.6259803921568627, 0.5034722222222222, 0.42261904761904756]
 mean: 0.5077572174127902, std: 0.08371368099625429
--------------------------------------------------
Subject Number: 14
Accuracy Cross: [0.35294117647058826, 0.29411764705882354, 0.3088235294117647, 0.27941176470588236, 0.35294117647058826, 0.38235294117647056, 0.5, 0.5, 0.4117647058823529, 0.23529411764705882, 0.47058823529411764, 0.4117647058823529, 0.4264705882352941, 0.36764705882352944, 0.38235294117647056]
 mean: 0.3784313725490197, std: 0.07583952786593615
F1 Score: [0.3771899224806201, 0.3224815724815725, 0.3335827849186225, 0.2982457982457982, 0.3545966228893058, 0.40513784461152885, 0.5196666477154283, 0.5127367186190716, 0.4263490164805954, 0.1968588189518422, 0.4714734843767102, 0.3736772486772487, 0.42878064822037654, 0.3746708246708247, 0.4003247300944669]
 mean: 0.3863848455622675, std: 0.08035897660632196
Accuracy Intime: [0.39285714285714285, 0.6428571428571429, 0.6785714285714286, 0.5, 0.5384615384615384, 0.5, 0.42857142857142855, 0.39285714285714285, 0.6538461538461539, 0.3076923076923077, 0.4642857142857143, 0.42857142857142855, 0.35714285714285715, 0.46153846153846156, 0.4230769230769231]
 mean: 0.47802197802197804, std: 0.10627761840600804
F1 (Intime): [0.38257575757575757, 0.6192307692307693, 0.6850624865330748, 0.45713716108452945, 0.5629807692307693, 0.5219298245614035, 0.43576555023923447, 0.3130952380952381, 0.6788048552754435, 0.3070367132867133, 0.4717341482047364, 0.40759240759240756, 0.3660130718954248, 0.49107142857142855, 0.4270833333333333]
 mean: 0.47514090098068423, std: 0.1155336277996154
--------------------------------------------------
Subject Number: 15
Accuracy Cross: [0.5147058823529411, 0.39705882352941174, 0.4411764705882353, 0.47058823529411764, 0.4411764705882353, 0.5735294117647058, 0.5588235294117647, 0.5588235294117647, 0.5588235294117647, 0.5882352941176471, 0.47058823529411764, 0.3382352941176471, 0.36764705882352944, 0.38235294117647056, 0.4117647058823529]
 mean: 0.47156862745098044, std: 0.08009269908039256
F1 Score: [0.533867808902872, 0.3984967320261438, 0.4633924215319564, 0.49135360763267744, 0.45571210611533197, 0.5813119807022247, 0.5522718370544457, 0.570561017929439, 0.5774436090225563, 0.5797641073080482, 0.44294871794871793, 0.340151171579743, 0.36990052500690795, 0.3782327586206896, 0.41908742598397775]
 mean: 0.4769663884910488, std: 0.08191750609798361
Accuracy Intime: [0.6071428571428571, 0.5714285714285714, 0.6428571428571429, 0.5769230769230769, 0.3076923076923077, 0.5, 0.39285714285714285, 0.5357142857142857, 0.5769230769230769, 0.46153846153846156, 0.6785714285714286, 0.5357142857142857, 0.5714285714285714, 0.6923076923076923, 0.6153846153846154]
 mean: 0.5510989010989011, std: 0.0998116408225129
F1 (Intime): [0.6021374458874458, 0.5938375350140057, 0.6521978021978022, 0.5840909090909091, 0.3149692412850308, 0.4971001221001221, 0.40147484094852515, 0.5508012820512821, 0.5395833333333333, 0.4636363636363637, 0.6923076923076923, 0.5756506651243494, 0.5615864527629234, 0.7003205128205128, 0.615909090909091]
 mean: 0.5563735526312926, std: 0.1004279648357752
--------------------------------------------------
Subject Number: 16
Accuracy Cross: [0.5588235294117647, 0.5441176470588235, 0.5441176470588235, 0.5735294117647058, 0.6176470588235294, 0.45588235294117646, 0.4852941176470588, 0.4852941176470588, 0.5, 0.4411764705882353, 0.5588235294117647, 0.5147058823529411, 0.5441176470588235, 0.4852941176470588, 0.5588235294117647]
 mean: 0.5245098039215687, std: 0.04671031078263371
F1 Score: [0.5193181818181818, 0.4860584550025544, 0.5230395674269482, 0.5564286370737984, 0.6032967032967033, 0.4508584660937009, 0.49175985012587087, 0.4752744032395567, 0.4920499108734403, 0.4443752763635376, 0.4893532851737187, 0.48860306360306355, 0.5030309513621453, 0.4587194488109122, 0.5267312666693471]
 mean: 0.500593164462232, std: 0.03989154970535095
Accuracy Intime: [0.6428571428571429, 0.5357142857142857, 0.6428571428571429, 0.6538461538461539, 0.5769230769230769, 0.6071428571428571, 0.4642857142857143, 0.6428571428571429, 0.6538461538461539, 0.46153846153846156, 0.6071428571428571, 0.5714285714285714, 0.7857142857142857, 0.6923076923076923, 0.6153846153846154]
 mean: 0.6102564102564102, std: 0.08006323896956741
F1 (Intime): [0.6458333333333333, 0.44034090909090906, 0.6354166666666666, 0.6011204481792717, 0.5353298017771702, 0.6041666666666666, 0.46378968253968256, 0.6186868686868686, 0.5976190476190476, 0.44345238095238093, 0.5675438596491228, 0.5638257575757576, 0.7913973281620341, 0.6788419913419914, 0.5799083269671506]
 mean: 0.5844848712805369, std: 0.08886921004808089
--------------------------------------------------
Subject Number: 17
Accuracy Cross: [0.463768115942029, 0.4492753623188406, 0.391304347826087, 0.4492753623188406, 0.4057971014492754, 0.391304347826087, 0.34782608695652173, 0.463768115942029, 0.4492753623188406, 0.4057971014492754, 0.5, 0.4411764705882353, 0.5, 0.4411764705882353, 0.4264705882352941]
 mean: 0.4350809889173061, std: 0.0399908711859704
F1 Score: [0.46155523255813957, 0.4551587301587302, 0.37050438596491225, 0.44727738333876443, 0.40568161195057045, 0.34191259803254903, 0.325354609929078, 0.41442769224641, 0.40494864612511666, 0.3443296002832987, 0.5023219814241486, 0.4380050505050505, 0.4983783783783784, 0.4489014037068957, 0.4272727272727273]
 mean: 0.41906866879165133, std: 0.05261196981155232
Accuracy Intime: [0.35714285714285715, 0.4642857142857143, 0.35714285714285715, 0.5, 0.34615384615384615, 0.5, 0.6071428571428571, 0.5714285714285714, 0.6538461538461539, 0.6923076923076923, 0.5, 0.6071428571428571, 0.4642857142857143, 0.6428571428571429, 0.4230769230769231]
 mean: 0.5124542124542125, std: 0.10946744111579179
F1 (Intime): [0.3603174603174603, 0.46948529411764706, 0.3438852813852814, 0.3653409090909091, 0.29583333333333334, 0.5238996297819827, 0.5999434389140272, 0.5515873015873016, 0.611111111111111, 0.5892857142857143, 0.5025641025641026, 0.6236802413273002, 0.46785714285714286, 0.6474358974358974, 0.39775641025641023]
 mean: 0.489998884557708, std: 0.11111474989496661
--------------------------------------------------
Subject Number: 18
Accuracy Cross: [0.4492753623188406, 0.391304347826087, 0.42028985507246375, 0.43478260869565216, 0.4057971014492754, 0.3382352941176471, 0.4117647058823529, 0.27941176470588236, 0.3088235294117647, 0.3088235294117647, 0.3088235294117647, 0.23529411764705882, 0.23529411764705882, 0.3088235294117647, 0.3088235294117647]
 mean: 0.3430377948280761, std: 0.06821779186104208
F1 Score: [0.44656048906048906, 0.4015554779876958, 0.4141498447204969, 0.46541132478632474, 0.42314814814814816, 0.36878737204824164, 0.42380797219506894, 0.29632193786605554, 0.339437134502924, 0.3480245328769077, 0.33269131231087756, 0.2672025331871879, 0.24721546569372654, 0.3290056360708534, 0.32719914889032536]
 mean: 0.36203455535635487, std: 0.06328389601577016
Accuracy Intime: [0.5, 0.25, 0.6071428571428571, 0.4230769230769231, 0.38461538461538464, 0.5, 0.42857142857142855, 0.5714285714285714, 0.3076923076923077, 0.4230769230769231, 0.42857142857142855, 0.4642857142857143, 0.5357142857142857, 0.38461538461538464, 0.3076923076923077]
 mean: 0.4344322344322345, std: 0.09653178819214395
F1 (Intime): [0.5302631578947369, 0.2833333333333333, 0.6280824438719176, 0.4342261904761905, 0.3060064935064935, 0.4889840551605258, 0.43482905982905984, 0.584222150398621, 0.33001207729468596, 0.42104978354978356, 0.44791666666666663, 0.440018315018315, 0.5215780542986426, 0.4, 0.3151515151515152]
 mean: 0.4377115530966992, std: 0.09851002841736166
--------------------------------------------------
Subject Number: 19
Accuracy Cross: [0.20588235294117646, 0.22058823529411764, 0.23529411764705882, 0.3088235294117647, 0.20588235294117646, 0.3235294117647059, 0.3235294117647059, 0.36764705882352944, 0.4264705882352941, 0.5, 0.3088235294117647, 0.2647058823529412, 0.35294117647058826, 0.3382352941176471, 0.36764705882352944]
 mean: 0.31666666666666665, std: 0.0799846198210633
F1 Score: [0.15267602767602767, 0.1938632441760138, 0.22870918193196044, 0.274132730015083, 0.20429894179894179, 0.29339430894308943, 0.30051736881005175, 0.32751196172248803, 0.36329787234042554, 0.48242389060887514, 0.2969362198085602, 0.24264049955396966, 0.30162909836065577, 0.3282967032967033, 0.3577020202020202]
 mean: 0.28986867128299104, std: 0.07825521592746454
Accuracy Intime: [0.42857142857142855, 0.5, 0.39285714285714285, 0.5769230769230769, 0.5, 0.42857142857142855, 0.35714285714285715, 0.5, 0.5384615384615384, 0.4230769230769231, 0.5714285714285714, 0.5357142857142857, 0.7142857142857143, 0.5769230769230769, 0.46153846153846156]
 mean: 0.5003663003663004, std: 0.08759596704349014
F1 (Intime): [0.40055555555555555, 0.45753968253968247, 0.4185606060606061, 0.5438405797101449, 0.4208333333333333, 0.4419191919191919, 0.29457013574660634, 0.50625, 0.5355042016806724, 0.421969696969697, 0.5362745098039216, 0.44852941176470584, 0.70450872656755, 0.5470588235294118, 0.43471528471528476]
 mean: 0.4741753159930909, std: 0.09008838254951812
--------------------------------------------------
Subject Number: 20
Accuracy Cross: [0.5441176470588235, 0.5, 0.5588235294117647, 0.4852941176470588, 0.5294117647058824, 0.39705882352941174, 0.4852941176470588, 0.4117647058823529, 0.4264705882352941, 0.4264705882352941, 0.43478260869565216, 0.391304347826087, 0.4057971014492754, 0.34782608695652173, 0.4057971014492754]
 mean: 0.4500142085819835, std: 0.06076966828700759
F1 Score: [0.5482801751094434, 0.5060772937761273, 0.5670847162952426, 0.4966416658277123, 0.5414194682487365, 0.4128517316017316, 0.49632604237867395, 0.42901460969496913, 0.43435013262599464, 0.4441027328924226, 0.4384920634920635, 0.39976041092112524, 0.3930908337679535, 0.31835142290192237, 0.4267770876466529]
 mean: 0.4568413591453847, std: 0.06550079903592342
Accuracy Intime: [0.6428571428571429, 0.5, 0.5, 0.34615384615384615, 0.5384615384615384, 0.6428571428571429, 0.75, 0.6785714285714286, 0.6538461538461539, 0.5384615384615384, 0.6785714285714286, 0.5357142857142857, 0.5, 0.5384615384615384, 0.46153846153846156]
 mean: 0.567032967032967, std: 0.10139707581909693
F1 (Intime): [0.6324123588829471, 0.5075757575757576, 0.5227591036414566, 0.3385854341736695, 0.4538461538461538, 0.6362179487179487, 0.7392156862745097, 0.6821428571428572, 0.6271367521367521, 0.49702380952380953, 0.6676986584107327, 0.5692307692307692, 0.497488038277512, 0.5078947368421053, 0.42757936507936506]
 mean: 0.5537871619837563, std: 0.10527886459222084
--------------------------------------------------
Subject Number: 21
Accuracy Cross: [0.4117647058823529, 0.45588235294117646, 0.47058823529411764, 0.4264705882352941, 0.4117647058823529, 0.4411764705882353, 0.38235294117647056, 0.39705882352941174, 0.4411764705882353, 0.45588235294117646, 0.39705882352941174, 0.36764705882352944, 0.39705882352941174, 0.4117647058823529, 0.3382352941176471]
 mean: 0.41372549019607846, std: 0.03474518656209676
F1 Score: [0.40474640137480883, 0.4458036665697956, 0.447367277992278, 0.41593701996927795, 0.39355365802234865, 0.42506058474046277, 0.37519895977803136, 0.3796320322636112, 0.4256168169622143, 0.4334798534798535, 0.383733164983165, 0.3494385026737968, 0.34933554817275747, 0.39242979242979237, 0.3015096618357488]
 mean: 0.3948561960831963, std: 0.03902438831578533
Accuracy Intime: [0.6071428571428571, 0.75, 0.5714285714285714, 0.46153846153846156, 0.5, 0.4642857142857143, 0.5714285714285714, 0.5357142857142857, 0.5, 0.5384615384615384, 0.5357142857142857, 0.6785714285714286, 0.4642857142857143, 0.6153846153846154, 0.5384615384615384]
 mean: 0.5554945054945055, std: 0.07862584247624968
F1 (Intime): [0.5941176470588236, 0.7518315018315018, 0.4666666666666667, 0.4238095238095238, 0.4571428571428571, 0.4201388888888889, 0.5597123464770524, 0.5030637254901961, 0.4713064713064713, 0.5080128205128205, 0.5260052447552448, 0.654265873015873, 0.425595238095238, 0.5725490196078431, 0.5303921568627451]
 mean: 0.5243073321014496, std: 0.08914594453945081
--------------------------------------------------
Subject Number: 22
Accuracy Cross: [0.3382352941176471, 0.4411764705882353, 0.39705882352941174, 0.35294117647058826, 0.4117647058823529, 0.34782608695652173, 0.391304347826087, 0.391304347826087, 0.42028985507246375, 0.2898550724637681, 0.35294117647058826, 0.39705882352941174, 0.4117647058823529, 0.38235294117647056, 0.4411764705882353]
 mean: 0.38447001989201485, std: 0.04003307750123692
F1 Score: [0.3519946855312709, 0.4572179630273422, 0.40567287784679085, 0.3702737791943189, 0.4198027036901717, 0.3358043558272391, 0.34288847117794485, 0.37804494554379503, 0.4247674418604651, 0.27799043062200957, 0.37572635522593467, 0.38465693804403484, 0.4315394750177359, 0.41426654740608226, 0.4605848869823462]
 mean: 0.3887487904664989, std: 0.047641403861780784
Accuracy Intime: [0.5, 0.5357142857142857, 0.39285714285714285, 0.5384615384615384, 0.3076923076923077, 0.5, 0.6785714285714286, 0.35714285714285715, 0.4230769230769231, 0.38461538461538464, 0.5357142857142857, 0.5, 0.5357142857142857, 0.46153846153846156, 0.4230769230769231]
 mean: 0.47161172161172166, std: 0.08966693294818713
F1 (Intime): [0.5267816742081448, 0.5557422969187675, 0.4253246753246753, 0.5555555555555556, 0.25980392156862747, 0.5261904761904762, 0.7000646412411118, 0.3792929292929293, 0.3898268398268398, 0.3409247757073844, 0.5129679144385026, 0.506801763767708, 0.5331623931623931, 0.40194805194805194, 0.35082013574660637]
 mean: 0.464347202993185, std: 0.10863475658039304
--------------------------------------------------
Subject Number: 23
Accuracy Cross: [0.3333333333333333, 0.4492753623188406, 0.4492753623188406, 0.4927536231884058, 0.5507246376811594, 0.45588235294117646, 0.45588235294117646, 0.5588235294117647, 0.5441176470588235, 0.5294117647058824, 0.4057971014492754, 0.36231884057971014, 0.43478260869565216, 0.4057971014492754, 0.36231884057971014]
 mean: 0.45269963057686835, std: 0.06931456010793123
F1 Score: [0.3535249413857224, 0.4627501909854851, 0.4702020202020202, 0.49871181450128815, 0.561784115355544, 0.4107244082373044, 0.44952083397461545, 0.541875501202887, 0.5439261031366294, 0.5168053428922994, 0.3961904761904762, 0.35284209422140456, 0.44397566718995296, 0.39371041520056294, 0.3372076023391813]
 mean: 0.4489167684676916, std: 0.07130221545146438
Accuracy Intime: [0.5, 0.6785714285714286, 0.6071428571428571, 0.4230769230769231, 0.46153846153846156, 0.5357142857142857, 0.75, 0.6071428571428571, 0.5, 0.38461538461538464, 0.6785714285714286, 0.5714285714285714, 0.5714285714285714, 0.5384615384615384, 0.5384615384615384]
 mean: 0.5564102564102564, std: 0.09544672836840352
F1 (Intime): [0.5177319004524887, 0.6785714285714285, 0.5919410826531569, 0.3125, 0.4676470588235294, 0.550990675990676, 0.7599681020733653, 0.6163811678517561, 0.5013591671486408, 0.34989434370239325, 0.6849510138983823, 0.5412280701754386, 0.5957792207792207, 0.5476190476190476, 0.5299679487179487]
 mean: 0.5497686818971649, std: 0.11378693898546245
--------------------------------------------------
Subject Number: 24
Accuracy Cross: [0.35294117647058826, 0.35294117647058826, 0.3235294117647059, 0.29411764705882354, 0.35294117647058826, 0.4264705882352941, 0.39705882352941174, 0.39705882352941174, 0.4264705882352941, 0.29411764705882354, 0.3088235294117647, 0.35294117647058826, 0.3088235294117647, 0.38235294117647056, 0.3235294117647059]
 mean: 0.3529411764705882, std: 0.0432929454231757
F1 Score: [0.3494927700810054, 0.35110294117647056, 0.3240230044345898, 0.28514332514332513, 0.3433382114833728, 0.42498324115971176, 0.40258248322764445, 0.38626126126126126, 0.42386910150068047, 0.303733900508094, 0.2925212848297214, 0.3385661628388842, 0.31199967529629213, 0.3802758770500706, 0.31946491946491945]
 mean: 0.3491572106304029, std: 0.04392679547987627
Accuracy Intime: [0.42857142857142855, 0.35714285714285715, 0.6428571428571429, 0.34615384615384615, 0.34615384615384615, 0.32142857142857145, 0.32142857142857145, 0.42857142857142855, 0.5769230769230769, 0.34615384615384615, 0.5, 0.4642857142857143, 0.35714285714285715, 0.5, 0.4230769230769231]
 mean: 0.423992673992674, std: 0.09404365100716658
F1 (Intime): [0.41858974358974355, 0.35966386554621854, 0.6264880952380952, 0.32201213818860874, 0.2893217893217893, 0.3036199095022625, 0.2944444444444444, 0.41493983957219255, 0.5681372549019608, 0.3237179487179487, 0.40657894736842104, 0.4775487670224513, 0.33558327637275, 0.4833333333333334, 0.41655011655011653]
 mean: 0.4027019646446891, std: 0.09786386667278477
--------------------------------------------------
Subject Number: 25
Accuracy Cross: [0.5362318840579711, 0.43478260869565216, 0.4927536231884058, 0.43478260869565216, 0.43478260869565216, 0.4264705882352941, 0.36764705882352944, 0.45588235294117646, 0.47058823529411764, 0.5588235294117647, 0.45588235294117646, 0.39705882352941174, 0.4411764705882353, 0.36764705882352944, 0.4264705882352941]
 mean: 0.44673202614379093, std: 0.051436605366201114
F1 Score: [0.4958592132505176, 0.41484962406015036, 0.4462448404308869, 0.37886518243661105, 0.4174045557183067, 0.3711662631154157, 0.30681866026693616, 0.38605557822204084, 0.39219114219114215, 0.49699352451433854, 0.4433659849457346, 0.3942257945306725, 0.4121201296123897, 0.3454387160269513, 0.35353280019609645]
 mean: 0.40367546730121273, std: 0.0506421076196492
Accuracy Intime: [0.6071428571428571, 0.5, 0.4642857142857143, 0.5769230769230769, 0.5384615384615384, 0.5357142857142857, 0.4642857142857143, 0.42857142857142855, 0.7307692307692307, 0.6538461538461539, 0.5357142857142857, 0.5714285714285714, 0.5357142857142857, 0.5384615384615384, 0.46153846153846156]
 mean: 0.5428571428571428, std: 0.07650198715959752
F1 (Intime): [0.5604166666666667, 0.4801587301587301, 0.4722222222222222, 0.5895833333333332, 0.4955357142857143, 0.4229166666666666, 0.4581232492997199, 0.38730158730158726, 0.5910005027652087, 0.6102756892230575, 0.4305361305361306, 0.5111111111111111, 0.4705128205128205, 0.46769865841073266, 0.35303030303030297]
 mean: 0.4866948923682669, std: 0.07280342105047807
--------------------------------------------------
Subject Number: 26
Accuracy Cross: [0.4782608695652174, 0.391304347826087, 0.463768115942029, 0.4927536231884058, 0.5797101449275363, 0.36764705882352944, 0.3235294117647059, 0.38235294117647056, 0.36764705882352944, 0.29411764705882354, 0.45588235294117646, 0.4411764705882353, 0.5, 0.5294117647058824, 0.45588235294117646]
 mean: 0.43489627735152037, std: 0.07618036406105237
F1 Score: [0.5047917815774958, 0.40083979328165376, 0.47057971014492755, 0.5063685636856369, 0.5815410080115962, 0.37865543972199944, 0.3221899224806202, 0.37969106365332783, 0.37838974382288093, 0.3384387351778656, 0.4878377660986357, 0.4703566010369605, 0.5177655677655677, 0.5533923274238912, 0.4831052260672824]
 mean: 0.4515962166633561, std: 0.07679043581117596
Accuracy Intime: [0.5, 0.42857142857142855, 0.5, 0.5769230769230769, 0.46153846153846156, 0.6071428571428571, 0.6785714285714286, 0.5714285714285714, 0.5, 0.46153846153846156, 0.5357142857142857, 0.35714285714285715, 0.39285714285714285, 0.5769230769230769, 0.34615384615384615]
 mean: 0.4996336996336996, std: 0.09135798439826855
F1 (Intime): [0.47478991596638653, 0.42222222222222217, 0.5007215007215007, 0.6100624865330748, 0.47298534798534797, 0.6003246753246754, 0.6718899521531101, 0.5625291375291375, 0.4978991596638655, 0.4947209653092006, 0.5398989898989899, 0.35706914344685237, 0.4107466063348416, 0.5964228753702439, 0.3047619047619048]
 mean: 0.5011363255480902, std: 0.09676969515665572
--------------------------------------------------
Subject Number: 27
Accuracy Cross: [0.463768115942029, 0.4492753623188406, 0.391304347826087, 0.4492753623188406, 0.4057971014492754, 0.391304347826087, 0.34782608695652173, 0.463768115942029, 0.4492753623188406, 0.4057971014492754, 0.5, 0.4411764705882353, 0.5, 0.4411764705882353, 0.4264705882352941]
 mean: 0.4350809889173061, std: 0.0399908711859704
F1 Score: [0.46155523255813957, 0.4551587301587302, 0.37050438596491225, 0.44727738333876443, 0.40568161195057045, 0.34191259803254903, 0.325354609929078, 0.41442769224641, 0.40494864612511666, 0.3443296002832987, 0.5023219814241486, 0.4380050505050505, 0.4983783783783784, 0.4489014037068957, 0.4272727272727273]
 mean: 0.41906866879165133, std: 0.05261196981155232
Accuracy Intime: [0.35714285714285715, 0.4642857142857143, 0.35714285714285715, 0.5, 0.34615384615384615, 0.5, 0.6071428571428571, 0.5714285714285714, 0.6538461538461539, 0.6923076923076923, 0.5, 0.6071428571428571, 0.4642857142857143, 0.6428571428571429, 0.4230769230769231]
 mean: 0.5124542124542125, std: 0.10946744111579179
F1 (Intime): [0.3603174603174603, 0.46948529411764706, 0.3438852813852814, 0.3653409090909091, 0.29583333333333334, 0.5238996297819827, 0.5999434389140272, 0.5515873015873016, 0.611111111111111, 0.5892857142857143, 0.5025641025641026, 0.6236802413273002, 0.46785714285714286, 0.6474358974358974, 0.39775641025641023]
 mean: 0.489998884557708, std: 0.11111474989496661
--------------------------------------------------
Subject Number: 28
Accuracy Cross: [0.25, 0.3382352941176471, 0.25, 0.2647058823529412, 0.23529411764705882, 0.2647058823529412, 0.27941176470588236, 0.17647058823529413, 0.35294117647058826, 0.2647058823529412, 0.39705882352941174, 0.4411764705882353, 0.36764705882352944, 0.45588235294117646, 0.4411764705882353]
 mean: 0.31862745098039214, std: 0.08399392153177997
F1 Score: [0.25369724751992195, 0.3310087622005324, 0.20440270935960592, 0.24903202061096796, 0.2683483370842711, 0.24548506276815507, 0.24069239189928843, 0.17002977878615994, 0.33962789661319076, 0.22490481603782098, 0.37606837606837606, 0.4204932812150406, 0.34522620236905954, 0.43672867513611613, 0.3801136363636364]
 mean: 0.29905727960214284, std: 0.07911388897839114
Accuracy Intime: [0.42857142857142855, 0.5, 0.39285714285714285, 0.6923076923076923, 0.38461538461538464, 0.5, 0.42857142857142855, 0.42857142857142855, 0.5, 0.5, 0.5357142857142857, 0.32142857142857145, 0.6071428571428571, 0.3076923076923077, 0.46153846153846156]
 mean: 0.4659340659340659, std: 0.09756319316952372
F1 (Intime): [0.41310160427807485, 0.4212875939849624, 0.3738970588235294, 0.5725490196078431, 0.37143493761140817, 0.4217032967032967, 0.4004679144385027, 0.41303418803418807, 0.5153846153846153, 0.5058489304812834, 0.5336134453781513, 0.32291666666666663, 0.6169143356643356, 0.3096638655462185, 0.44655344655344653]
 mean: 0.4425580612771015, std: 0.08604660976763868
--------------------------------------------------
Subject Number: 29
Accuracy Cross: [0.5441176470588235, 0.5588235294117647, 0.5588235294117647, 0.5735294117647058, 0.47058823529411764, 0.6176470588235294, 0.6029411764705882, 0.47058823529411764, 0.5882352941176471, 0.5147058823529411, 0.5507246376811594, 0.5072463768115942, 0.5652173913043478, 0.5942028985507246, 0.5797101449275363]
 mean: 0.5531400966183575, std: 0.0433524769137211
F1 Score: [0.5375740025740026, 0.5607310289176672, 0.5696954154501697, 0.5648148148148149, 0.4621234119782214, 0.632199294762962, 0.6185021874677047, 0.4791293282672593, 0.605439249625296, 0.5445627980922099, 0.5711950429692365, 0.5259844322344323, 0.5796955624355005, 0.6062719260717035, 0.589086719731881]
 mean: 0.5631336810262041, std: 0.04632417950364059
Accuracy Intime: [0.6071428571428571, 0.6071428571428571, 0.7142857142857143, 0.6923076923076923, 0.6153846153846154, 0.5714285714285714, 0.5714285714285714, 0.75, 0.6538461538461539, 0.5384615384615384, 0.5357142857142857, 0.5357142857142857, 0.6071428571428571, 0.5769230769230769, 0.6153846153846154]
 mean: 0.6128205128205128, std: 0.06290722238064798
F1 (Intime): [0.6272727272727273, 0.5842105263157895, 0.7006944444444444, 0.7246794871794872, 0.6234848484848485, 0.5714646464646466, 0.5434676434676435, 0.7561188811188811, 0.6965811965811965, 0.5514132925897632, 0.5567783094098884, 0.5500479912244618, 0.5606060606060607, 0.628742784992785, 0.6229166666666667]
 mean: 0.6198986337879527, std: 0.06764025154403823
--------------------------------------------------
**************************************************
accuracy_cross_list: [0.4596192100028417, 0.32813299232736576, 0.3125745950554135, 0.48405797101449277, 0.4480392156862746, 0.46635407786302935, 0.48431372549019613, 0.31764705882352934, 0.43235294117647055, 0.31526001705029844, 0.4193236714975845, 0.4868570616652458, 0.45072463768115956, 0.3784313725490197, 0.47156862745098044, 0.5245098039215687, 0.4350809889173061, 0.3430377948280761, 0.31666666666666665, 0.4500142085819835, 0.41372549019607846, 0.38447001989201485, 0.45269963057686835, 0.3529411764705882, 0.44673202614379093, 0.43489627735152037, 0.4350809889173061, 0.31862745098039214, 0.5531400966183575]
f1_score_list: [0.46030151269073954, 0.3273436091110504, 0.2996621465956416, 0.4827075482655599, 0.4343452311688659, 0.4389879582470758, 0.4657247050789451, 0.324104834504581, 0.4476115828942389, 0.31673389652106443, 0.3835933786713593, 0.48201236449332086, 0.4581818156478372, 0.3863848455622675, 0.4769663884910488, 0.500593164462232, 0.41906866879165133, 0.36203455535635487, 0.28986867128299104, 0.4568413591453847, 0.3948561960831963, 0.3887487904664989, 0.4489167684676916, 0.3491572106304029, 0.40367546730121273, 0.4515962166633561, 0.41906866879165133, 0.29905727960214284, 0.5631336810262041]
accuracy_intime_list: [0.5366300366300366, 0.49890109890109896, 0.4278388278388279, 0.5575091575091575, 0.6206959706959708, 0.5816849816849817, 0.5578754578754579, 0.3822344322344323, 0.5291208791208792, 0.37802197802197796, 0.49725274725274726, 0.5278388278388279, 0.5113553113553113, 0.47802197802197804, 0.5510989010989011, 0.6102564102564102, 0.5124542124542125, 0.4344322344322345, 0.5003663003663004, 0.567032967032967, 0.5554945054945055, 0.47161172161172166, 0.5564102564102564, 0.423992673992674, 0.5428571428571428, 0.4996336996336996, 0.5124542124542125, 0.4659340659340659, 0.6128205128205128]
f1_score_intime_list: [0.5371517556604715, 0.4709463361616075, 0.4069990590764584, 0.5537684990111965, 0.5917956852515676, 0.5549571683420453, 0.5287163486120278, 0.3733845922739112, 0.5197486337192219, 0.3595576687101455, 0.4639121212352805, 0.5029347577373894, 0.5077572174127902, 0.47514090098068423, 0.5563735526312926, 0.5844848712805369, 0.489998884557708, 0.4377115530966992, 0.4741753159930909, 0.5537871619837563, 0.5243073321014496, 0.464347202993185, 0.5497686818971649, 0.4027019646446891, 0.4866948923682669, 0.5011363255480902, 0.489998884557708, 0.4425580612771015, 0.6198986337879527]
**************************************************
ACC: 41.78±6.66
F1: 41.14±6.77
Intime: 51.39±6.22
F1 (Intime): 49.74±6.26
