1e-05
Subject Number: 1
Accuracy Cross: [0.7380952380952381, 0.7261904761904762, 0.7261904761904762, 0.75, 0.7023809523809523, 0.8452380952380952, 0.8452380952380952, 0.8809523809523809, 0.8214285714285714, 0.8333333333333334, 0.7023809523809523, 0.7380952380952381, 0.7023809523809523, 0.7261904761904762, 0.7142857142857143]
 mean: 0.7634920634920636, std: 0.06036965160551307
F1 Score: [0.71880706025563, 0.7039987743220468, 0.7039987743220468, 0.7333333333333334, 0.6825396825396826, 0.8441558441558441, 0.8446878111221732, 0.8803418803418803, 0.8207936282178923, 0.8324786324786324, 0.6734566941377702, 0.71880706025563, 0.6734566941377702, 0.7039987743220468, 0.6888888888888889]
 mean: 0.7482495688554178, std: 0.07078792059652325
Accuracy Intime: [0.9117647058823529, 0.9117647058823529, 0.8529411764705882, 0.8823529411764706, 0.90625, 0.6470588235294118, 0.7647058823529411, 0.8235294117647058, 0.8235294117647058, 1.0, 0.8235294117647058, 0.7647058823529411, 0.8529411764705882, 0.9411764705882353, 0.9375]
 mean: 0.8562500000000001, std: 0.08468713623584928
F1 (Intime): [0.9116883116883117, 0.9116883116883117, 0.8464317976513098, 0.8785714285714286, 0.906158357771261, 0.6458333333333333, 0.7614035087719297, 0.8229166666666667, 0.8229166666666667, 1.0, 0.8178571428571428, 0.7571428571428571, 0.85178727114211, 0.9403508771929825, 0.9372549019607843]
 mean: 0.854133428873673, std: 0.0857412083981537
--------------------------------------------------
Subject Number: 2
Accuracy Cross: [0.8333333333333334, 0.8809523809523809, 0.8690476190476191, 0.8690476190476191, 0.7738095238095238, 0.7976190476190477, 0.7857142857142857, 0.8214285714285714, 0.7857142857142857, 0.7142857142857143, 0.8095238095238095, 0.8452380952380952, 0.8333333333333334, 0.8928571428571429, 0.8333333333333334]
 mean: 0.8230158730158731, std: 0.04556412728383277
F1 Score: [0.8332387975042541, 0.8809523809523809, 0.8685819940264543, 0.8681318681318682, 0.7698630136986302, 0.7909530083443127, 0.7754010695187166, 0.8155467720685112, 0.7754010695187166, 0.6888888888888889, 0.8077803203661327, 0.8441558441558441, 0.8318077803203661, 0.8916129032258064, 0.8329545454545455]
 mean: 0.8183513504116953, std: 0.051147226004849874
Accuracy Intime: [0.9411764705882353, 0.8529411764705882, 0.7647058823529411, 0.9117647058823529, 0.78125, 0.8823529411764706, 0.7647058823529411, 0.7941176470588235, 0.9117647058823529, 0.625, 0.7941176470588235, 0.9117647058823529, 0.7352941176470589, 0.9117647058823529, 0.90625]
 mean: 0.8325980392156863, std: 0.08662352116748694
F1 (Intime): [0.9411764705882353, 0.85178727114211, 0.7424242424242424, 0.9110723626852659, 0.7793103448275862, 0.8819444444444444, 0.7614035087719297, 0.7850045167118338, 0.9098143236074271, 0.6, 0.7895667550839964, 0.9116883116883117, 0.7153488372093023, 0.9098143236074271, 0.906158357771261]
 mean: 0.8264342713708915, std: 0.09372926295896729
--------------------------------------------------
Subject Number: 3
Accuracy Cross: [0.5952380952380952, 0.5714285714285714, 0.6190476190476191, 0.6190476190476191, 0.5714285714285714, 0.7619047619047619, 0.7261904761904762, 0.6666666666666666, 0.75, 0.6785714285714286, 0.6666666666666666, 0.6547619047619048, 0.7380952380952381, 0.6904761904761905, 0.7023809523809523]
 mean: 0.6674603174603175, std: 0.0603070166397234
F1 Score: [0.5265251989389921, 0.4874576271186441, 0.5633528265107213, 0.5633528265107213, 0.475, 0.7619047619047619, 0.7261516654854713, 0.6664775950085082, 0.7482517482517483, 0.6774285307922059, 0.625, 0.6080450522928399, 0.71880706025563, 0.6576802507836991, 0.6734566941377702]
 mean: 0.6319261225327809, std: 0.08911953187425883
Accuracy Intime: [0.7941176470588235, 0.9117647058823529, 0.7941176470588235, 0.8235294117647058, 0.75, 0.7647058823529411, 0.6470588235294118, 0.6470588235294118, 0.8235294117647058, 0.8125, 0.7352941176470589, 0.7647058823529411, 0.8823529411764706, 0.7058823529411765, 0.65625]
 mean: 0.7675245098039216, std: 0.07757517499725952
F1 (Intime): [0.7925021795989537, 0.9116883116883117, 0.793939393939394, 0.8235294117647058, 0.7333333333333334, 0.7647058823529411, 0.6458333333333333, 0.6458333333333333, 0.8235294117647058, 0.8056680161943319, 0.7294429708222812, 0.7638888888888888, 0.8819444444444444, 0.7048611111111112, 0.6267232237539766]
 mean: 0.7631615497549364, std: 0.0810961726514964
--------------------------------------------------
Subject Number: 4
Accuracy Cross: [0.7738095238095238, 0.75, 0.7619047619047619, 0.6904761904761905, 0.7976190476190477, 0.7738095238095238, 0.7380952380952381, 0.8214285714285714, 0.8333333333333334, 0.7261904761904762, 0.7976190476190477, 0.7738095238095238, 0.7380952380952381, 0.6904761904761905, 0.7857142857142857]
 mean: 0.7634920634920637, std: 0.04074761159680457
F1 Score: [0.7737774627923459, 0.7496807151979565, 0.761769710720363, 0.690300623936472, 0.7968994453136111, 0.7711827956989248, 0.7306122448979592, 0.8212005108556832, 0.8318077803203661, 0.725216896600768, 0.7926528241614637, 0.7641495492832866, 0.7223557692307692, 0.671875, 0.7795918367346939]
 mean: 0.7588715443829775, std: 0.04339792436263506
Accuracy Intime: [0.8823529411764706, 0.8235294117647058, 0.8529411764705882, 0.8235294117647058, 0.875, 0.7941176470588235, 0.9117647058823529, 0.7647058823529411, 0.8823529411764706, 0.9375, 0.7941176470588235, 0.7941176470588235, 0.7352941176470589, 0.7941176470588235, 0.78125]
 mean: 0.8297794117647059, std: 0.0560457814077933
F1 (Intime): [0.8819444444444444, 0.8229166666666667, 0.85178727114211, 0.8210526315789474, 0.875, 0.7895667550839964, 0.9116883116883117, 0.7614035087719297, 0.8819444444444444, 0.9372549019607843, 0.793939393939394, 0.7925021795989537, 0.7235772357723578, 0.7850045167118338, 0.7757757757757757]
 mean: 0.8270238691719967, std: 0.05854203233964167
--------------------------------------------------
Subject Number: 5
Accuracy Cross: [0.8571428571428571, 0.8452380952380952, 0.8571428571428571, 0.8333333333333334, 0.8214285714285714, 0.8095238095238095, 0.7857142857142857, 0.7976190476190477, 0.8690476190476191, 0.8571428571428571, 0.8095238095238095, 0.8333333333333334, 0.8214285714285714, 0.8571428571428571, 0.8928571428571429]
 mean: 0.8365079365079366, std: 0.028327886186626575
F1 Score: [0.8568181818181818, 0.8446878111221732, 0.8564102564102565, 0.8329545454545455, 0.8214032600992204, 0.8023529411764705, 0.7795918367346939, 0.79408795962509, 0.8675268817204301, 0.8550891316848763, 0.8067855089131685, 0.8309373202990225, 0.8193548387096774, 0.8558352402745995, 0.8924761769307352]
 mean: 0.8344207927315427, std: 0.0297528959079001
Accuracy Intime: [0.9705882352941176, 0.8823529411764706, 0.8823529411764706, 0.8235294117647058, 0.9375, 0.7941176470588235, 0.7941176470588235, 0.8529411764705882, 0.9117647058823529, 0.84375, 0.7647058823529411, 0.9117647058823529, 0.9411764705882353, 0.8235294117647058, 0.90625]
 mean: 0.8693627450980392, std: 0.05929827825103443
F1 (Intime): [0.9705627705627706, 0.8819444444444444, 0.8819444444444444, 0.8131868131868132, 0.9372549019607843, 0.7895667550839964, 0.7925021795989537, 0.8528138528138528, 0.9098143236074271, 0.8435972629521017, 0.7571428571428571, 0.9116883116883117, 0.9409722222222222, 0.8178571428571428, 0.9054187192118226]
 mean: 0.8670844667851964, std: 0.061405647148513876
--------------------------------------------------
Subject Number: 6
Accuracy Cross: [0.6428571428571429, 0.6309523809523809, 0.6309523809523809, 0.6428571428571429, 0.6309523809523809, 0.5952380952380952, 0.6071428571428571, 0.7142857142857143, 0.6309523809523809, 0.6904761904761905, 0.6785714285714286, 0.7380952380952381, 0.75, 0.6666666666666666, 0.6071428571428571]
 mean: 0.6571428571428571, std: 0.04625016598201102
F1 Score: [0.6428571428571429, 0.6304810557684121, 0.6309000708717222, 0.6395881006864989, 0.6309000708717222, 0.5943181818181817, 0.6057459820793628, 0.7142857142857143, 0.6245133381398702, 0.6860264519838988, 0.6785258681785967, 0.7375, 0.7496807151979565, 0.6618746405980449, 0.6043956043956044]
 mean: 0.655439529182182, std: 0.04661344870252153
Accuracy Intime: [0.7647058823529411, 0.7647058823529411, 0.6764705882352942, 0.7647058823529411, 0.75, 0.7352941176470589, 0.7058823529411765, 0.7058823529411765, 0.8823529411764706, 0.8125, 0.6470588235294118, 0.6470588235294118, 0.6764705882352942, 0.7058823529411765, 0.8125]
 mean: 0.7367647058823528, std: 0.06398608106284405
F1 (Intime): [0.7614035087719297, 0.7614035087719297, 0.6761904761904762, 0.7647058823529411, 0.7490196078431373, 0.7350649350649351, 0.7048611111111112, 0.7017543859649122, 0.8819444444444444, 0.8095238095238095, 0.6470588235294118, 0.6263736263736264, 0.6761904761904762, 0.7017543859649122, 0.8117647058823529]
 mean: 0.7339342458653604, std: 0.0658609080938979
--------------------------------------------------
Subject Number: 7
Accuracy Cross: [0.6666666666666666, 0.5357142857142857, 0.6428571428571429, 0.6666666666666666, 0.5952380952380952, 0.6190476190476191, 0.6309523809523809, 0.6190476190476191, 0.5833333333333334, 0.6428571428571429, 0.6071428571428571, 0.5714285714285714, 0.6190476190476191, 0.6190476190476191, 0.6190476190476191]
 mean: 0.6158730158730158, std: 0.03352176520943314
F1 Score: [0.6571428571428571, 0.5356484762579731, 0.641025641025641, 0.6597222222222223, 0.5943181818181817, 0.5851851851851853, 0.595086300730835, 0.6047058823529412, 0.578494623655914, 0.6050156739811913, 0.6070871722182849, 0.5692307692307692, 0.6188315371525808, 0.6181818181818182, 0.6081632653061224]
 mean: 0.6051893070975011, std: 0.031397288307156206
Accuracy Intime: [0.7352941176470589, 0.6470588235294118, 0.5882352941176471, 0.8235294117647058, 0.6875, 0.5, 0.7647058823529411, 0.6176470588235294, 0.5882352941176471, 0.71875, 0.5882352941176471, 0.6470588235294118, 0.6176470588235294, 0.6470588235294118, 0.71875]
 mean: 0.6593137254901961, std: 0.0800696319054823
F1 (Intime): [0.7332170880557978, 0.6470588235294118, 0.5492424242424242, 0.8235294117647058, 0.6862745098039216, 0.49956709956709955, 0.7638888888888888, 0.6146469049694856, 0.5492424242424242, 0.7117117117117118, 0.5868055555555556, 0.6458333333333333, 0.6146469049694856, 0.6421052631578947, 0.694591728525981]
 mean: 0.6508241381545415, std: 0.08431149536823355
--------------------------------------------------
Subject Number: 8
Accuracy Cross: [0.8690476190476191, 0.8333333333333334, 0.8452380952380952, 0.8452380952380952, 0.8452380952380952, 0.8928571428571429, 0.8571428571428571, 0.9047619047619048, 0.8928571428571429, 0.8571428571428571, 0.9047619047619048, 0.9166666666666666, 0.8809523809523809, 0.9285714285714286, 0.8571428571428571]
 mean: 0.8753968253968255, std: 0.028791043090820728
F1 Score: [0.8685819940264543, 0.8329545454545455, 0.8446878111221732, 0.8452161587526577, 0.8452161587526577, 0.8924761769307352, 0.8541666666666667, 0.9047078842881452, 0.8921078921078921, 0.8550891316848763, 0.9042735042735043, 0.916083916083916, 0.879862700228833, 0.9282051282051282, 0.8558352402745995]
 mean: 0.8746309939235191, std: 0.02895700615904264
Accuracy Intime: [0.9117647058823529, 0.9411764705882353, 0.9705882352941176, 0.9411764705882353, 0.96875, 0.9411764705882353, 0.9411764705882353, 0.8529411764705882, 0.7647058823529411, 0.9375, 0.9117647058823529, 0.9411764705882353, 0.8235294117647058, 0.8235294117647058, 0.9375]
 mean: 0.907230392156863, std: 0.059277000054712224
F1 (Intime): [0.9116883116883117, 0.9411764705882353, 0.9705627705627706, 0.9403508771929825, 0.9687194525904204, 0.9409722222222222, 0.9411764705882353, 0.8528138528138528, 0.7614035087719297, 0.9375, 0.9116883116883117, 0.9411764705882353, 0.8210526315789474, 0.8210526315789474, 0.9375]
 mean: 0.9065889321635602, std: 0.06023858448471566
--------------------------------------------------
Subject Number: 9
Accuracy Cross: [0.8333333333333334, 0.75, 0.7857142857142857, 0.75, 0.7619047619047619, 0.7857142857142857, 0.7976190476190477, 0.7619047619047619, 0.8214285714285714, 0.8214285714285714, 0.6785714285714286, 0.7261904761904762, 0.7261904761904762, 0.7261904761904762, 0.7380952380952381]
 mean: 0.7642857142857143, std: 0.04174029775334827
F1 Score: [0.8318077803203661, 0.7482517482517483, 0.7826336975273145, 0.7417654808959157, 0.7529411764705882, 0.7837528604118993, 0.7962037962037962, 0.7619047619047619, 0.8212005108556832, 0.8212005108556832, 0.6415362731152205, 0.7039987743220468, 0.7039987743220468, 0.7039987743220468, 0.71880706025563]
 mean: 0.754266798668983, std: 0.05177155900634857
Accuracy Intime: [0.9117647058823529, 0.7941176470588235, 0.8529411764705882, 0.7941176470588235, 0.84375, 0.9411764705882353, 0.7941176470588235, 0.7941176470588235, 0.8823529411764706, 0.75, 0.8823529411764706, 0.9705882352941176, 0.9117647058823529, 0.9411764705882353, 0.9375]
 mean: 0.8667892156862745, std: 0.06676233943864057
F1 (Intime): [0.9116883116883117, 0.7895667550839964, 0.85178727114211, 0.7925021795989537, 0.8398398398398399, 0.9411764705882353, 0.793939393939394, 0.7895667550839964, 0.8819444444444444, 0.7490196078431373, 0.8819444444444444, 0.9705627705627706, 0.9098143236074271, 0.9403508771929825, 0.9372549019607843]
 mean: 0.8653972231347219, std: 0.06760168449750083
--------------------------------------------------
Subject Number: 10
Accuracy Cross: [0.6785714285714286, 0.6666666666666666, 0.6309523809523809, 0.6785714285714286, 0.6547619047619048, 0.7380952380952381, 0.6785714285714286, 0.6309523809523809, 0.6547619047619048, 0.6904761904761905, 0.6428571428571429, 0.6904761904761905, 0.7619047619047619, 0.7023809523809523, 0.7380952380952381]
 mean: 0.6825396825396824, std: 0.038062154946926344
F1 Score: [0.6785258681785967, 0.6664775950085082, 0.6283716283716283, 0.6748387096774193, 0.653534347887925, 0.7380952380952381, 0.6729632299927901, 0.6296401649836438, 0.6487382840663303, 0.6904761904761905, 0.6420454545454546, 0.6897727272727273, 0.7613636363636364, 0.6989247311827957, 0.7375]
 mean: 0.6807511870735257, std: 0.038675870542776054
Accuracy Intime: [0.8235294117647058, 0.7647058823529411, 0.6470588235294118, 0.7058823529411765, 0.71875, 0.9117647058823529, 0.7352941176470589, 0.5882352941176471, 0.5882352941176471, 0.65625, 0.7647058823529411, 0.6764705882352942, 0.6176470588235294, 0.5588235294117647, 0.53125]
 mean: 0.6859068627450979, std: 0.10085389707097168
F1 (Intime): [0.8229166666666667, 0.7614035087719297, 0.6357142857142857, 0.7017543859649122, 0.716256157635468, 0.9116883116883117, 0.7294429708222812, 0.5641025641025641, 0.5868055555555556, 0.6476476476476476, 0.7571428571428571, 0.6761904761904762, 0.6146469049694856, 0.5553618134263296, 0.5195195195195195]
 mean: 0.6800395750545526, std: 0.103799186304958
--------------------------------------------------
Subject Number: 11
Accuracy Cross: [0.7261904761904762, 0.6666666666666666, 0.6547619047619048, 0.6666666666666666, 0.7023809523809523, 0.8214285714285714, 0.75, 0.8095238095238095, 0.7738095238095238, 0.75, 0.7857142857142857, 0.6904761904761905, 0.7619047619047619, 0.7380952380952381, 0.7380952380952381]
 mean: 0.7357142857142857, std: 0.04979170521066071
F1 Score: [0.7261516654854713, 0.6664775950085082, 0.6547129695251594, 0.6664775950085082, 0.7002997002997002, 0.8212005108556832, 0.7496807151979565, 0.8094157685762904, 0.7730052624093302, 0.7499645641389086, 0.7837528604118993, 0.6840277777777777, 0.7584818861414606, 0.7343300747556067, 0.7356979405034325]
 mean: 0.7342451257397128, std: 0.049993295215772345
Accuracy Intime: [0.8529411764705882, 0.7058823529411765, 0.8235294117647058, 0.8823529411764706, 0.6875, 0.7647058823529411, 0.7647058823529411, 0.7058823529411765, 0.7647058823529411, 0.75, 0.6764705882352942, 0.7647058823529411, 0.8823529411764706, 0.7352941176470589, 0.84375]
 mean: 0.7736519607843138, std: 0.06619303532697203
F1 (Intime): [0.8528138528138528, 0.7048611111111112, 0.8210526315789474, 0.8823529411764706, 0.6825396825396826, 0.7614035087719297, 0.7571428571428571, 0.6964285714285714, 0.7638888888888888, 0.75, 0.6739319965126417, 0.7638888888888888, 0.8823529411764706, 0.7350649350649351, 0.8423645320197044]
 mean: 0.7713391559409968, std: 0.06752241696004121
--------------------------------------------------
Subject Number: 12
Accuracy Cross: [0.8095238095238095, 0.8809523809523809, 0.8571428571428571, 0.9047619047619048, 0.8333333333333334, 0.7261904761904762, 0.75, 0.7261904761904762, 0.7857142857142857, 0.7619047619047619, 0.7619047619047619, 0.8095238095238095, 0.7976190476190477, 0.8095238095238095, 0.7619047619047619]
 mean: 0.7984126984126986, std: 0.05170316658699154
F1 Score: [0.8090909090909091, 0.8808848553601816, 0.8570618264322178, 0.9045454545454545, 0.8318077803203661, 0.71449682281661, 0.7417654808959157, 0.71449682281661, 0.7776470588235294, 0.7529411764705882, 0.750445632798574, 0.8040816326530613, 0.7909530083443127, 0.8077803203661327, 0.750445632798574]
 mean: 0.792562960968869, std: 0.055851138258341905
Accuracy Intime: [0.7352941176470589, 0.7058823529411765, 0.7647058823529411, 0.7941176470588235, 0.8125, 0.9705882352941176, 0.8823529411764706, 0.9705882352941176, 0.8235294117647058, 0.9375, 0.8823529411764706, 0.8823529411764706, 0.8235294117647058, 0.7647058823529411, 0.9375]
 mean: 0.8458333333333335, std: 0.08233397307233632
F1 (Intime): [0.7350649350649351, 0.7048611111111112, 0.7614035087719297, 0.793939393939394, 0.8125, 0.9705627705627706, 0.8823529411764706, 0.9705627705627706, 0.8210526315789474, 0.9372549019607843, 0.8819444444444444, 0.8785714285714286, 0.8229166666666667, 0.7638888888888888, 0.9372549019607843]
 mean: 0.8449420863507551, std: 0.08264690968208734
--------------------------------------------------
Subject Number: 13
Accuracy Cross: [0.7261904761904762, 0.7380952380952381, 0.6904761904761905, 0.75, 0.7738095238095238, 0.7142857142857143, 0.7023809523809523, 0.7380952380952381, 0.7738095238095238, 0.7738095238095238, 0.7619047619047619, 0.75, 0.8095238095238095, 0.8214285714285714, 0.7857142857142857]
 mean: 0.7539682539682541, std: 0.03602160545368323
F1 Score: [0.725216896600768, 0.7379466817923993, 0.6840277777777777, 0.7470967741935484, 0.7737774627923459, 0.7083333333333333, 0.6971881759192502, 0.7356979405034325, 0.7730052624093302, 0.7711827956989248, 0.7551020408163265, 0.7482517482517483, 0.8090909090909091, 0.8170466095542326, 0.7826336975273145]
 mean: 0.751039873750776, std: 0.03693067894964309
Accuracy Intime: [0.8823529411764706, 0.8235294117647058, 0.7647058823529411, 0.9117647058823529, 0.84375, 0.9117647058823529, 0.8823529411764706, 0.7941176470588235, 0.8529411764705882, 0.8125, 0.8823529411764706, 0.7647058823529411, 0.7647058823529411, 0.7647058823529411, 0.71875]
 mean: 0.825, std: 0.05944145419112195
F1 (Intime): [0.8819444444444444, 0.8229166666666667, 0.7614035087719297, 0.9116883116883117, 0.8398398398398399, 0.9116883116883117, 0.8823529411764706, 0.793939393939394, 0.8528138528138528, 0.8056680161943319, 0.8823529411764706, 0.7638888888888888, 0.7638888888888888, 0.7614035087719297, 0.716256157635468]
 mean: 0.82346971150568, std: 0.06029706146897625
--------------------------------------------------
Subject Number: 14
Accuracy Cross: [0.8452380952380952, 0.8333333333333334, 0.8809523809523809, 0.8452380952380952, 0.8928571428571429, 0.8333333333333334, 0.7738095238095238, 0.8095238095238095, 0.8333333333333334, 0.8452380952380952, 0.8333333333333334, 0.9285714285714286, 0.8571428571428571, 0.8928571428571429, 0.8571428571428571]
 mean: 0.850793650793651, std: 0.03607402595988416
F1 Score: [0.8441558441558441, 0.8329545454545455, 0.8806818181818181, 0.8450404427415921, 0.8928419560595322, 0.8309373202990225, 0.7698630136986302, 0.8040816326530613, 0.8329545454545455, 0.8425378514780101, 0.8318077803203661, 0.9285714285714286, 0.8571428571428571, 0.89272030651341, 0.8568181818181818]
 mean: 0.8495406349695231, std: 0.0372289758346459
Accuracy Intime: [0.8529411764705882, 0.8823529411764706, 0.9117647058823529, 0.9117647058823529, 0.875, 0.9411764705882353, 0.7058823529411765, 0.7647058823529411, 0.8823529411764706, 0.90625, 0.9117647058823529, 0.9117647058823529, 0.7941176470588235, 0.9117647058823529, 0.96875]
 mean: 0.8754901960784315, std: 0.0677258261938598
F1 (Intime): [0.8528138528138528, 0.8823529411764706, 0.9110723626852659, 0.9110723626852659, 0.8745098039215686, 0.9411764705882353, 0.7048611111111112, 0.7571428571428571, 0.880701754385965, 0.9054187192118226, 0.9098143236074271, 0.9116883116883117, 0.7786046511627907, 0.9110723626852659, 0.9687194525904204]
 mean: 0.8734014224971087, std: 0.06986653717465353
--------------------------------------------------
**************************************************
accuracy_cross_list: [0.7634920634920636, 0.8230158730158731, 0.6674603174603175, 0.7634920634920637, 0.8365079365079366, 0.6571428571428571, 0.6158730158730158, 0.8753968253968255, 0.7642857142857143, 0.6825396825396824, 0.7357142857142857, 0.7984126984126986, 0.7539682539682541, 0.850793650793651]
f1_score_list: [0.7482495688554178, 0.8183513504116953, 0.6319261225327809, 0.7588715443829775, 0.8344207927315427, 0.655439529182182, 0.6051893070975011, 0.8746309939235191, 0.754266798668983, 0.6807511870735257, 0.7342451257397128, 0.792562960968869, 0.751039873750776, 0.8495406349695231]
accuracy_intime_list: [0.8562500000000001, 0.8325980392156863, 0.7675245098039216, 0.8297794117647059, 0.8693627450980392, 0.7367647058823528, 0.6593137254901961, 0.907230392156863, 0.8667892156862745, 0.6859068627450979, 0.7736519607843138, 0.8458333333333335, 0.825, 0.8754901960784315]
f1_score_intime_list: [0.854133428873673, 0.8264342713708915, 0.7631615497549364, 0.8270238691719967, 0.8670844667851964, 0.7339342458653604, 0.6508241381545415, 0.9065889321635602, 0.8653972231347219, 0.6800395750545526, 0.7713391559409968, 0.8449420863507551, 0.82346971150568, 0.8734014224971087]
**************************************************
ACC: 75.63±7.52
F1: 74.92±7.93
Intime: 80.94±7.15
F1 (Intime): 80.63±7.32
