1e-05
Subject Number: 1
Accuracy Cross: [0.875, 0.875, 0.78125, 0.90625, 0.9375, 0.7878787878787878, 0.8484848484848485, 0.8484848484848485, 0.7878787878787878, 0.8181818181818182, 0.90625, 0.9375, 1.0, 0.875, 0.8125]
 mean: 0.8664772727272727, std: 0.061541859903281
F1 Score: [0.8704453441295547, 0.873015873015873, 0.7757757757757757, 0.9015384615384616, 0.9352226720647774, 0.7664307381193125, 0.8390243902439025, 0.8462255358807083, 0.7664307381193125, 0.8035714285714286, 0.9039039039039038, 0.9352226720647774, 1.0, 0.8666666666666667, 0.8056680161943319]
 mean: 0.8592761477525859, std: 0.06646051169222073
Accuracy Intime: [1.0, 0.7857142857142857, 0.9166666666666666, 0.6666666666666666, 0.8333333333333334, 1.0, 0.9285714285714286, 1.0, 0.75, 1.0, 0.8571428571428571, 0.9285714285714286, 0.9166666666666666, 0.75, 0.9166666666666666]
 mean: 0.8833333333333332, std: 0.1023347994901876
F1 (Intime): [1.0, 0.7543859649122806, 0.9111111111111111, 0.625, 0.8285714285714285, 1.0, 0.9251336898395721, 1.0, 0.7333333333333334, 1.0, 0.8444444444444444, 0.9251336898395721, 0.9111111111111111, 0.7333333333333334, 0.916083916083916]
 mean: 0.8738428015053403, std: 0.11316020752599845
--------------------------------------------------
Subject Number: 2
Accuracy Cross: [0.6363636363636364, 0.7575757575757576, 0.7575757575757576, 0.7272727272727273, 0.7272727272727273, 0.65625, 0.75, 0.65625, 0.75, 0.75, 0.6666666666666666, 0.696969696969697, 0.7272727272727273, 0.7272727272727273, 0.6666666666666666]
 mean: 0.7102272727272727, std: 0.04134835946474137
F1 Score: [0.6192307692307693, 0.7461538461538462, 0.7518796992481203, 0.6996966632962589, 0.7102439024390244, 0.6389743589743591, 0.7333333333333334, 0.6532019704433498, 0.722943722943723, 0.7333333333333334, 0.6666666666666666, 0.6898496240601504, 0.7262672811059908, 0.723205964585275, 0.6666666666666666]
 mean: 0.698776520165391, std: 0.039702632687992664
Accuracy Intime: [0.7142857142857143, 0.8571428571428571, 0.75, 0.6666666666666666, 0.5833333333333334, 0.7857142857142857, 0.7857142857142857, 0.5714285714285714, 0.5833333333333334, 0.6666666666666666, 0.7857142857142857, 0.6428571428571429, 0.5833333333333334, 0.6666666666666666, 0.4166666666666667]
 mean: 0.6706349206349206, std: 0.10977082794933399
F1 (Intime): [0.7083333333333333, 0.8541666666666667, 0.6974789915966386, 0.6571428571428571, 0.4957983193277311, 0.7543859649122806, 0.7846153846153847, 0.5714285714285714, 0.5804195804195804, 0.6571428571428571, 0.7754010695187166, 0.641025641025641, 0.5804195804195804, 0.6571428571428571, 0.29411764705882354]
 mean: 0.6472679547834346, std: 0.13127391352465606
--------------------------------------------------
Subject Number: 3
Accuracy Cross: [0.65625, 0.625, 0.65625, 0.625, 0.59375, 0.6363636363636364, 0.6363636363636364, 0.6060606060606061, 0.5454545454545454, 0.6060606060606061, 0.5757575757575758, 0.48484848484848486, 0.5454545454545454, 0.5151515151515151, 0.5151515151515151]
 mean: 0.5881944444444446, std: 0.053192243119546775
F1 Score: [0.6559139784946236, 0.6190476190476191, 0.6476476476476476, 0.6, 0.5835835835835836, 0.6192307692307693, 0.6192307692307693, 0.6001863932898416, 0.44568868980963045, 0.5460317460317461, 0.5657894736842105, 0.4672364672364672, 0.5299145299145299, 0.4260869565217391, 0.5111111111111111]
 mean: 0.5624466489889526, std: 0.07033011302700147
Accuracy Intime: [0.5714285714285714, 0.42857142857142855, 0.8571428571428571, 0.6666666666666666, 0.75, 0.5, 0.5714285714285714, 0.75, 0.5833333333333334, 0.5833333333333334, 0.7857142857142857, 0.7857142857142857, 0.8333333333333334, 0.75, 0.6666666666666666]
 mean: 0.6722222222222222, std: 0.12363133290223262
F1 (Intime): [0.5714285714285714, 0.37777777777777777, 0.8541666666666667, 0.6666666666666666, 0.7482517482517483, 0.49743589743589745, 0.5333333333333333, 0.6210526315789473, 0.5555555555555556, 0.5555555555555556, 0.7846153846153847, 0.7846153846153847, 0.8125, 0.7482517482517483, 0.6571428571428571]
 mean: 0.6512233185917395, std: 0.13160264040674766
--------------------------------------------------
Subject Number: 4
Accuracy Cross: [0.7878787878787878, 0.8484848484848485, 0.8484848484848485, 0.8484848484848485, 0.8181818181818182, 0.7272727272727273, 0.8181818181818182, 0.7878787878787878, 0.6666666666666666, 0.7575757575757576, 0.7272727272727273, 0.696969696969697, 0.8484848484848485, 0.7575757575757576, 0.8181818181818182]
 mean: 0.7838383838383839, std: 0.057353816430619764
F1 Score: [0.7746341463414634, 0.8390243902439025, 0.8390243902439025, 0.8390243902439025, 0.8035714285714286, 0.6996966632962589, 0.8139097744360901, 0.7806267806267806, 0.6329625884732053, 0.7461538461538462, 0.7272727272727273, 0.6944444444444444, 0.8484848484848485, 0.7555555555555555, 0.8166666666666667]
 mean: 0.7740701760703348, std: 0.061970487922788406
Accuracy Intime: [0.7857142857142857, 1.0, 0.6428571428571429, 0.5833333333333334, 0.75, 1.0, 1.0, 0.8571428571428571, 0.4166666666666667, 0.6666666666666666, 1.0, 1.0, 0.9285714285714286, 0.9166666666666666, 0.75]
 mean: 0.8198412698412698, std: 0.17683636795921193
F1 (Intime): [0.7543859649122806, 1.0, 0.625668449197861, 0.5555555555555556, 0.7333333333333334, 1.0, 1.0, 0.8541666666666667, 0.29411764705882354, 0.6666666666666666, 1.0, 1.0, 0.9251336898395721, 0.916083916083916, 0.7333333333333334]
 mean: 0.8038963481765341, std: 0.20110512319897328
--------------------------------------------------
Subject Number: 5
Accuracy Cross: [0.5625, 0.59375, 0.59375, 0.65625, 0.5625, 0.5, 0.53125, 0.5625, 0.5625, 0.625, 0.5625, 0.5, 0.40625, 0.59375, 0.625]
 mean: 0.5625, std: 0.05929270612815711
F1 Score: [0.5555555555555556, 0.5901477832512315, 0.5835835835835836, 0.6532019704433498, 0.5625, 0.4458874458874459, 0.4684385382059801, 0.5465587044534412, 0.5465587044534412, 0.625, 0.5555555555555556, 0.4458874458874459, 0.3552492046659597, 0.5933528836754643, 0.611336032388664]
 mean: 0.5425875605338079, std: 0.07760301600895525
Accuracy Intime: [0.9285714285714286, 0.8571428571428571, 0.6666666666666666, 0.4166666666666667, 0.6666666666666666, 0.9285714285714286, 0.8571428571428571, 0.9166666666666666, 0.75, 0.6666666666666666, 0.7857142857142857, 0.9285714285714286, 0.9166666666666666, 0.75, 0.75]
 mean: 0.7857142857142857, std: 0.13862787264771081
F1 (Intime): [0.9282051282051282, 0.8571428571428571, 0.6666666666666666, 0.29411764705882354, 0.6571428571428571, 0.9282051282051282, 0.8571428571428571, 0.9111111111111111, 0.7333333333333334, 0.6571428571428571, 0.7846153846153847, 0.9282051282051282, 0.9111111111111111, 0.7482517482517483, 0.7482517482517483]
 mean: 0.7740430375724494, std: 0.1622699663658393
--------------------------------------------------
Subject Number: 6
Accuracy Cross: [0.71875, 0.6875, 0.71875, 0.8125, 0.75, 0.5151515151515151, 0.48484848484848486, 0.45454545454545453, 0.48484848484848486, 0.5151515151515151, 0.6363636363636364, 0.6363636363636364, 0.7272727272727273, 0.696969696969697, 0.6060606060606061]
 mean: 0.6296717171717172, std: 0.10974746457906212
F1 Score: [0.7046153846153846, 0.6862745098039216, 0.694591728525981, 0.8, 0.722943722943723, 0.34, 0.32653061224489793, 0.3125, 0.32653061224489793, 0.34, 0.5909090909090909, 0.6071428571428572, 0.7102439024390244, 0.6590909090909091, 0.5814634146341464]
 mean: 0.5601891163063223, std: 0.1717026135742879
Accuracy Intime: [0.7857142857142857, 0.7142857142857143, 0.7142857142857143, 0.6666666666666666, 0.5833333333333334, 0.9285714285714286, 0.8571428571428571, 1.0, 0.6666666666666666, 0.5, 0.7142857142857143, 0.8571428571428571, 0.8333333333333334, 0.5833333333333334, 0.5]
 mean: 0.7269841269841272, std: 0.14511878176640533
F1 (Intime): [0.7846153846153847, 0.65, 0.65, 0.6571428571428571, 0.5555555555555556, 0.9282051282051282, 0.8444444444444444, 1.0, 0.625, 0.3333333333333333, 0.6888888888888889, 0.8571428571428571, 0.7777777777777777, 0.5555555555555556, 0.4857142857142857]
 mean: 0.6928917378917379, std: 0.17024752355218536
--------------------------------------------------
Subject Number: 7
Accuracy Cross: [0.65625, 0.53125, 0.5625, 0.75, 0.6875, 0.40625, 0.46875, 0.5, 0.53125, 0.53125, 0.71875, 0.625, 0.5625, 0.75, 0.71875]
 mean: 0.6, std: 0.1053268721647045
F1 Score: [0.6476476476476476, 0.4684385382059801, 0.5555555555555556, 0.7090909090909091, 0.6536796536796536, 0.4056695992179863, 0.4682306940371457, 0.4980392156862745, 0.5195195195195195, 0.5076923076923077, 0.716256157635468, 0.6190476190476191, 0.5555555555555556, 0.7408906882591093, 0.7117117117117118]
 mean: 0.5851350248361628, std: 0.10383526239657498
Accuracy Intime: [0.6428571428571429, 0.5714285714285714, 0.4166666666666667, 0.5, 0.5833333333333334, 0.7142857142857143, 0.6428571428571429, 0.8333333333333334, 0.5, 0.5, 0.7142857142857143, 0.7142857142857143, 0.6666666666666666, 0.6666666666666666, 0.8333333333333334]
 mean: 0.6333333333333333, std: 0.11794729596667465
F1 (Intime): [0.625668449197861, 0.5333333333333333, 0.4125874125874126, 0.5, 0.5804195804195804, 0.7083333333333333, 0.5906432748538011, 0.8285714285714285, 0.3333333333333333, 0.4857142857142857, 0.7083333333333333, 0.6888888888888889, 0.6666666666666666, 0.6571428571428571, 0.8333333333333334]
 mean: 0.6101979673806299, std: 0.13640201368671487
--------------------------------------------------
Subject Number: 8
Accuracy Cross: [0.65625, 0.65625, 0.71875, 0.75, 0.6875, 0.71875, 0.6875, 0.6875, 0.65625, 0.71875, 0.59375, 0.75, 0.75, 0.75, 0.78125]
 mean: 0.7041666666666667, std: 0.04823265376162594
F1 Score: [0.6101882613510521, 0.5883040935672514, 0.716256157635468, 0.7090909090909091, 0.6363636363636364, 0.6631578947368422, 0.6536796536796536, 0.6761133603238867, 0.6389743589743591, 0.6631578947368422, 0.5733333333333333, 0.7333333333333334, 0.746031746031746, 0.722943722943723, 0.7702564102564102]
 mean: 0.6734123177572298, std: 0.05670206134852554
Accuracy Intime: [0.8571428571428571, 0.8571428571428571, 0.8333333333333334, 0.6666666666666666, 0.5833333333333334, 0.7142857142857143, 0.7142857142857143, 0.5833333333333334, 0.3333333333333333, 0.5, 0.7142857142857143, 1.0, 0.75, 0.8333333333333334, 0.75]
 mean: 0.7126984126984127, std: 0.15935590943073416
F1 (Intime): [0.8541666666666667, 0.8541666666666667, 0.8125, 0.625, 0.5555555555555556, 0.7083333333333333, 0.6888888888888889, 0.4957983193277311, 0.25, 0.4857142857142857, 0.6888888888888889, 1.0, 0.6974789915966386, 0.8285714285714285, 0.7333333333333334]
 mean: 0.6852264239028946, std: 0.1791623885553774
--------------------------------------------------
Subject Number: 9
Accuracy Cross: [0.875, 0.78125, 0.90625, 0.8125, 0.84375, 0.90625, 0.8125, 0.8125, 0.84375, 0.8125, 0.71875, 0.8125, 0.75, 0.78125, 0.84375]
 mean: 0.8208333333333333, std: 0.05034602488997738
F1 Score: [0.8666666666666667, 0.7624602332979851, 0.9015384615384616, 0.7922077922077921, 0.8303287380699894, 0.9039039039039038, 0.8117647058823529, 0.8056680161943319, 0.8358974358974359, 0.7922077922077921, 0.681063122923588, 0.8056680161943319, 0.7408906882591093, 0.7624602332979851, 0.8358974358974359]
 mean: 0.8085748828292773, std: 0.05699540188815272
Accuracy Intime: [1.0, 0.9285714285714286, 0.9166666666666666, 0.6666666666666666, 0.5833333333333334, 1.0, 1.0, 1.0, 0.75, 0.75, 1.0, 0.9285714285714286, 0.8333333333333334, 0.6666666666666666, 0.6666666666666666]
 mean: 0.846031746031746, std: 0.14635058361091435
F1 (Intime): [1.0, 0.9251336898395721, 0.8991596638655461, 0.625, 0.4957983193277311, 1.0, 1.0, 1.0, 0.7333333333333334, 0.7333333333333334, 1.0, 0.9282051282051282, 0.7777777777777777, 0.625, 0.625]
 mean: 0.824516083045495, std: 0.16866306409005685
--------------------------------------------------
Subject Number: 10
Accuracy Cross: [0.6875, 0.71875, 0.6875, 0.65625, 0.59375, 0.59375, 0.625, 0.59375, 0.5, 0.5, 0.5757575757575758, 0.5454545454545454, 0.6060606060606061, 0.6060606060606061, 0.48484848484848486]
 mean: 0.5982954545454545, std: 0.06839735153252358
F1 Score: [0.6666666666666667, 0.716256157635468, 0.6825396825396826, 0.6101882613510521, 0.5901477832512315, 0.5933528836754643, 0.6235294117647059, 0.5933528836754643, 0.4458874458874459, 0.5, 0.5722222222222222, 0.5299145299145299, 0.5814634146341464, 0.6001863932898416, 0.4672364672364672]
 mean: 0.5848629469162926, std: 0.07283895629874565
Accuracy Intime: [0.5714285714285714, 0.9285714285714286, 0.6666666666666666, 0.6666666666666666, 0.5, 0.7857142857142857, 0.7142857142857143, 0.75, 0.8333333333333334, 0.75, 0.6428571428571429, 0.9285714285714286, 0.75, 0.75, 0.75]
 mean: 0.7325396825396825, std: 0.11208754631897568
F1 (Intime): [0.5333333333333333, 0.9282051282051282, 0.6571428571428571, 0.6571428571428571, 0.4857142857142857, 0.7846153846153847, 0.7083333333333333, 0.6210526315789473, 0.8285714285714285, 0.7333333333333334, 0.5238095238095237, 0.9282051282051282, 0.6974789915966386, 0.7333333333333334, 0.7482517482517483]
 mean: 0.7045682198778173, std: 0.12827162479069137
--------------------------------------------------
Subject Number: 11
Accuracy Cross: [0.42424242424242425, 0.5454545454545454, 0.45454545454545453, 0.48484848484848486, 0.5454545454545454, 0.5454545454545454, 0.5757575757575758, 0.7272727272727273, 0.48484848484848486, 0.6060606060606061, 0.6666666666666666, 0.6363636363636364, 0.6060606060606061, 0.6060606060606061, 0.5757575757575758]
 mean: 0.5656565656565657, std: 0.07876197450350678
F1 Score: [0.4045584045584045, 0.5299145299145299, 0.44172932330827064, 0.4327603640040445, 0.5170731707317073, 0.44568868980963045, 0.4225, 0.6996966632962589, 0.40634920634920635, 0.4849939975990396, 0.6654377880184332, 0.5695652173913044, 0.5195968645016797, 0.4849939975990396, 0.49782608695652175]
 mean: 0.5015122869358714, std: 0.08517867766006353
Accuracy Intime: [0.7142857142857143, 0.6428571428571429, 0.7142857142857143, 0.75, 0.6666666666666666, 0.7142857142857143, 0.5714285714285714, 0.6428571428571429, 0.5, 0.5833333333333334, 0.35714285714285715, 0.7857142857142857, 0.6428571428571429, 0.5833333333333334, 0.6666666666666666]
 mean: 0.6357142857142857, std: 0.10385611303463867
F1 (Intime): [0.65, 0.625668449197861, 0.6888888888888889, 0.7333333333333334, 0.625, 0.7083333333333333, 0.5333333333333333, 0.641025641025641, 0.4857142857142857, 0.5555555555555556, 0.35384615384615387, 0.7754010695187166, 0.5238095238095237, 0.5555555555555556, 0.625]
 mean: 0.6053643415408121, std: 0.10382484596827624
--------------------------------------------------
Subject Number: 12
Accuracy Cross: [0.8125, 0.78125, 0.8125, 0.84375, 0.75, 0.7272727272727273, 0.7878787878787878, 0.7575757575757576, 0.696969696969697, 0.7575757575757576, 0.78125, 0.6875, 0.8125, 0.71875, 0.78125]
 mean: 0.7672348484848485, std: 0.04377445313386171
F1 Score: [0.8, 0.7702564102564102, 0.7922077922077921, 0.8303287380699894, 0.7090909090909091, 0.6857142857142857, 0.7664307381193125, 0.7272727272727273, 0.6413043478260869, 0.7272727272727273, 0.7624602332979851, 0.6862745098039216, 0.8056680161943319, 0.6631578947368422, 0.7624602332979851]
 mean: 0.7419933042107537, std: 0.05423334101676876
Accuracy Intime: [0.8571428571428571, 0.9285714285714286, 0.75, 0.5, 0.5, 0.7857142857142857, 0.7857142857142857, 0.8333333333333334, 0.5833333333333334, 0.5833333333333334, 1.0, 0.9285714285714286, 0.9166666666666666, 0.5833333333333334, 0.5833333333333334]
 mean: 0.7412698412698412, std: 0.16532719492176845
F1 (Intime): [0.8444444444444444, 0.9251336898395721, 0.6974789915966386, 0.4375, 0.3333333333333333, 0.7543859649122806, 0.7543859649122806, 0.7777777777777777, 0.4957983193277311, 0.4957983193277311, 1.0, 0.9282051282051282, 0.8991596638655461, 0.4957983193277311, 0.4957983193277311]
 mean: 0.6889998824131951, std: 0.2055224065381045
--------------------------------------------------
Subject Number: 13
Accuracy Cross: [0.875, 0.84375, 0.90625, 0.875, 0.84375, 0.8181818181818182, 0.9090909090909091, 0.8484848484848485, 0.7272727272727273, 0.8181818181818182, 0.8125, 0.71875, 0.75, 0.78125, 0.78125]
 mean: 0.820580808080808, std: 0.05783689726759459
F1 Score: [0.8666666666666667, 0.8358974358974359, 0.9015384615384616, 0.8704453441295547, 0.8303287380699894, 0.8139097744360901, 0.9090909090909091, 0.8484848484848485, 0.7102439024390244, 0.8166666666666667, 0.8117647058823529, 0.7117117117117118, 0.746031746031746, 0.7624602332979851, 0.7757757757757757]
 mean: 0.8140677946746144, std: 0.06032016745188649
Accuracy Intime: [0.8571428571428571, 0.5714285714285714, 0.9166666666666666, 0.6666666666666666, 0.75, 0.7142857142857143, 0.7857142857142857, 0.9166666666666666, 0.75, 0.6666666666666666, 0.8571428571428571, 0.7857142857142857, 0.8333333333333334, 0.75, 0.8333333333333334]
 mean: 0.7769841269841271, std: 0.09348249607445452
F1 (Intime): [0.8444444444444444, 0.5333333333333333, 0.8991596638655461, 0.6666666666666666, 0.7333333333333334, 0.6888888888888889, 0.7754010695187166, 0.8991596638655461, 0.7482517482517483, 0.6571428571428571, 0.8444444444444444, 0.7543859649122806, 0.7777777777777777, 0.7333333333333334, 0.8333333333333334]
 mean: 0.75927043487415, std: 0.09530044438285187
--------------------------------------------------
Subject Number: 14
Accuracy Cross: [0.65625, 0.78125, 0.8125, 0.78125, 0.90625, 0.75, 0.75, 0.78125, 0.78125, 0.78125, 0.71875, 0.75, 0.71875, 0.625, 0.8125]
 mean: 0.7604166666666666, std: 0.06421264586426016
F1 Score: [0.6532019704433498, 0.7757757757757757, 0.8125, 0.7702564102564102, 0.9054187192118226, 0.7408906882591093, 0.7333333333333334, 0.7624602332979851, 0.751937984496124, 0.7624602332979851, 0.694591728525981, 0.7408906882591093, 0.7046153846153846, 0.611336032388664, 0.7922077922077921]
 mean: 0.7474584649579217, std: 0.06598280057890521
Accuracy Intime: [0.8571428571428571, 0.7142857142857143, 0.75, 0.8333333333333334, 1.0, 0.9285714285714286, 0.8571428571428571, 0.8333333333333334, 0.8333333333333334, 0.8333333333333334, 0.7857142857142857, 0.6428571428571429, 0.75, 0.6666666666666666, 0.9166666666666666]
 mean: 0.8134920634920634, std: 0.09430762398420918
F1 (Intime): [0.8444444444444444, 0.6888888888888889, 0.7333333333333334, 0.8333333333333334, 1.0, 0.9251336898395721, 0.8444444444444444, 0.8125, 0.8285714285714285, 0.8333333333333334, 0.7543859649122806, 0.625668449197861, 0.6974789915966386, 0.6666666666666666, 0.916083916083916]
 mean: 0.8002844589764094, std: 0.10126819388470813
--------------------------------------------------
Subject Number: 15
Accuracy Cross: [0.84375, 0.71875, 0.75, 0.8125, 0.84375, 0.78125, 0.625, 0.71875, 0.71875, 0.65625, 0.625, 0.6875, 0.5625, 0.75, 0.71875]
 mean: 0.7208333333333333, std: 0.07861650943380502
F1 Score: [0.8303287380699894, 0.7046153846153846, 0.7408906882591093, 0.8056680161943319, 0.8303287380699894, 0.7793103448275862, 0.6235294117647059, 0.716256157635468, 0.681063122923588, 0.6476476476476476, 0.6235294117647059, 0.6875, 0.5607843137254902, 0.7333333333333334, 0.716256157635468]
 mean: 0.7120694310977866, std: 0.07611704697876133
Accuracy Intime: [0.7857142857142857, 0.8571428571428571, 0.9166666666666666, 0.8333333333333334, 0.6666666666666666, 0.7142857142857143, 0.5714285714285714, 0.8333333333333334, 0.6666666666666666, 0.6666666666666666, 0.8571428571428571, 0.9285714285714286, 1.0, 0.8333333333333334, 0.8333333333333334]
 mean: 0.7976190476190478, std: 0.11377199354628137
F1 (Intime): [0.7754010695187166, 0.8541666666666667, 0.9111111111111111, 0.8333333333333334, 0.6571428571428571, 0.7083333333333333, 0.5625, 0.8285714285714285, 0.625, 0.6666666666666666, 0.8444444444444444, 0.9251336898395721, 1.0, 0.8285714285714285, 0.8285714285714285]
 mean: 0.789929830518066, std: 0.11808965463259243
--------------------------------------------------
Subject Number: 16
Accuracy Cross: [0.53125, 0.625, 0.59375, 0.65625, 0.59375, 0.78125, 0.75, 0.75, 0.65625, 0.71875, 0.53125, 0.59375, 0.625, 0.625, 0.4375]
 mean: 0.63125, std: 0.08999421277689656
F1 Score: [0.5076923076923077, 0.625, 0.5835835835835836, 0.6389743589743591, 0.5733333333333333, 0.7757757757757757, 0.7408906882591093, 0.746031746031746, 0.6389743589743591, 0.7117117117117118, 0.5076923076923077, 0.5733333333333333, 0.536231884057971, 0.611336032388664, 0.4375]
 mean: 0.6138707614539042, std: 0.09474998224986132
Accuracy Intime: [0.7142857142857143, 0.7142857142857143, 0.75, 0.8333333333333334, 0.5833333333333334, 0.5714285714285714, 0.5714285714285714, 0.8333333333333334, 0.75, 0.5, 0.8571428571428571, 0.8571428571428571, 0.8333333333333334, 0.8333333333333334, 0.5833333333333334]
 mean: 0.719047619047619, std: 0.1213118019319714
F1 (Intime): [0.7142857142857143, 0.6888888888888889, 0.7333333333333334, 0.8285714285714285, 0.5804195804195804, 0.5625, 0.5625, 0.8285714285714285, 0.7482517482517483, 0.5, 0.8541666666666667, 0.8541666666666667, 0.8125, 0.8333333333333334, 0.5804195804195804]
 mean: 0.7121272246272247, std: 0.12083108459600525
--------------------------------------------------
Subject Number: 17
Accuracy Cross: [0.6666666666666666, 0.6060606060606061, 0.6666666666666666, 0.6363636363636364, 0.6363636363636364, 0.5757575757575758, 0.5757575757575758, 0.5151515151515151, 0.5757575757575758, 0.3333333333333333, 0.5, 0.5625, 0.59375, 0.625, 0.65625]
 mean: 0.5816919191919193, std: 0.08240157663637258
F1 Score: [0.6329625884732053, 0.5925925925925926, 0.6616961789375583, 0.5695652173913044, 0.6192307692307693, 0.5557692307692308, 0.5557692307692308, 0.5037593984962406, 0.5227272727272727, 0.3277777777777778, 0.4920634920634921, 0.5465587044534412, 0.5835835835835836, 0.611336032388664, 0.6267232237539766]
 mean: 0.5601410195605561, std: 0.07800949893262263
Accuracy Intime: [0.7857142857142857, 0.8571428571428571, 0.8333333333333334, 0.5833333333333334, 0.75, 1.0, 0.8571428571428571, 0.4166666666666667, 0.6666666666666666, 0.9166666666666666, 0.8571428571428571, 0.7857142857142857, 0.6428571428571429, 0.8333333333333334, 0.8333333333333334]
 mean: 0.7746031746031747, std: 0.14055463687151032
F1 (Intime): [0.7754010695187166, 0.8444444444444444, 0.7777777777777777, 0.5555555555555556, 0.7333333333333334, 1.0, 0.8444444444444444, 0.4125874125874126, 0.625, 0.916083916083916, 0.8571428571428571, 0.7846153846153847, 0.625668449197861, 0.8333333333333334, 0.8333333333333334]
 mean: 0.7612480874245581, std: 0.1453790710671061
--------------------------------------------------
Subject Number: 18
Accuracy Cross: [0.8787878787878788, 0.7272727272727273, 0.7272727272727273, 0.8787878787878788, 0.9090909090909091, 0.8125, 0.71875, 0.71875, 0.78125, 0.84375, 0.8125, 0.875, 0.90625, 0.90625, 0.84375]
 mean: 0.8226641414141415, std: 0.06980347958860846
F1 Score: [0.8786764705882353, 0.717948717948718, 0.7262672811059908, 0.8759398496240601, 0.907735321528425, 0.8, 0.718475073313783, 0.718475073313783, 0.7702564102564102, 0.8303287380699894, 0.8056680161943319, 0.873015873015873, 0.9039039039039038, 0.9015384615384616, 0.8398398398398399]
 mean: 0.817871268682787, std: 0.07028315044602457
Accuracy Intime: [1.0, 0.8571428571428571, 0.8333333333333334, 0.9166666666666666, 0.5833333333333334, 1.0, 0.8571428571428571, 0.6666666666666666, 0.75, 0.75, 1.0, 0.7142857142857143, 1.0, 0.6666666666666666, 0.8333333333333334]
 mean: 0.8285714285714286, std: 0.1329074832090749
F1 (Intime): [1.0, 0.8444444444444444, 0.8285714285714285, 0.916083916083916, 0.5555555555555556, 1.0, 0.8541666666666667, 0.6666666666666666, 0.7482517482517483, 0.7333333333333334, 1.0, 0.6888888888888889, 1.0, 0.6571428571428571, 0.8285714285714285]
 mean: 0.821445128945129, std: 0.1391704217140229
--------------------------------------------------
Subject Number: 19
Accuracy Cross: [0.625, 0.6875, 0.59375, 0.65625, 0.625, 0.65625, 0.5625, 0.6875, 0.65625, 0.6875, 0.5, 0.625, 0.59375, 0.71875, 0.71875]
 mean: 0.6395833333333333, std: 0.05803495115493383
F1 Score: [0.5636363636363637, 0.6135265700483092, 0.5134502923976608, 0.5594493116395495, 0.5, 0.5883040935672514, 0.45893719806763283, 0.6363636363636364, 0.5594493116395495, 0.6536796536796536, 0.4666666666666667, 0.625, 0.5933528836754643, 0.7046153846153846, 0.716256157635468]
 mean: 0.5835125015755062, std: 0.07543361276694534
Accuracy Intime: [0.7857142857142857, 0.7857142857142857, 0.75, 0.75, 0.6666666666666666, 1.0, 0.8571428571428571, 0.75, 0.75, 0.5833333333333334, 0.8571428571428571, 0.8571428571428571, 1.0, 0.8333333333333334, 0.75]
 mean: 0.7984126984126985, std: 0.1059873017774773
F1 (Intime): [0.7846153846153847, 0.7543859649122806, 0.7482517482517483, 0.7333333333333334, 0.625, 1.0, 0.8444444444444444, 0.7333333333333334, 0.7482517482517483, 0.5555555555555556, 0.8571428571428571, 0.8444444444444444, 1.0, 0.8285714285714285, 0.7333333333333334]
 mean: 0.7860442384126595, std: 0.11445386557426387
--------------------------------------------------
Subject Number: 20
Accuracy Cross: [0.78125, 0.78125, 0.75, 0.71875, 0.6875, 0.6875, 0.6875, 0.71875, 0.65625, 0.6875, 0.6363636363636364, 0.6363636363636364, 0.6666666666666666, 0.6666666666666666, 0.7878787878787878]
 mean: 0.7033459595959595, std: 0.0495455736002853
F1 Score: [0.7757757757757757, 0.7702564102564102, 0.7408906882591093, 0.694591728525981, 0.6761133603238867, 0.6761133603238867, 0.6761133603238867, 0.7117117117117118, 0.6101882613510521, 0.6761133603238867, 0.6278195488721805, 0.6071428571428572, 0.6616961789375583, 0.6458536585365854, 0.7664307381193125]
 mean: 0.6877873999189389, std: 0.05371041639263299
Accuracy Intime: [0.7857142857142857, 0.8571428571428571, 0.8333333333333334, 0.5, 0.8333333333333334, 0.8571428571428571, 0.8571428571428571, 1.0, 0.4166666666666667, 0.6666666666666666, 1.0, 1.0, 0.9166666666666666, 0.6666666666666666, 0.75]
 mean: 0.796031746031746, std: 0.16745091375086307
F1 (Intime): [0.7754010695187166, 0.8444444444444444, 0.8125, 0.4857142857142857, 0.8285714285714285, 0.8541666666666667, 0.8541666666666667, 1.0, 0.37777777777777777, 0.6571428571428571, 1.0, 1.0, 0.9111111111111111, 0.625, 0.7482517482517483]
 mean: 0.7849498703910469, std: 0.17684782367321297
--------------------------------------------------
Subject Number: 21
Accuracy Cross: [0.53125, 0.3125, 0.4375, 0.4375, 0.5, 0.53125, 0.40625, 0.46875, 0.5, 0.40625, 0.40625, 0.375, 0.3125, 0.34375, 0.40625]
 mean: 0.425, std: 0.06922186552431729
F1 Score: [0.5076923076923077, 0.30980392156862746, 0.4, 0.34545454545454546, 0.4666666666666667, 0.4909862142099682, 0.4009852216748768, 0.4231177094379639, 0.3816425120772947, 0.4009852216748768, 0.3913913913913914, 0.3333333333333333, 0.2874493927125506, 0.32732732732732733, 0.3552492046659597]
 mean: 0.38813899799251267, std: 0.0625376512741171
Accuracy Intime: [0.5, 0.7142857142857143, 0.8333333333333334, 0.5, 0.5833333333333334, 0.35714285714285715, 0.5714285714285714, 0.5833333333333334, 0.6666666666666666, 0.5833333333333334, 0.6428571428571429, 0.5714285714285714, 0.6666666666666666, 0.75, 0.8333333333333334]
 mean: 0.6238095238095238, std: 0.12332015618765099
F1 (Intime): [0.49743589743589745, 0.7083333333333333, 0.7777777777777777, 0.3333333333333333, 0.4957983193277311, 0.3262032085561497, 0.5333333333333333, 0.3684210526315789, 0.625, 0.5804195804195804, 0.641025641025641, 0.5625, 0.625, 0.7482517482517483, 0.8285714285714285]
 mean: 0.5767603102665022, std: 0.15049085451391941
--------------------------------------------------
Subject Number: 22
Accuracy Cross: [0.8125, 0.78125, 0.78125, 0.71875, 0.78125, 0.696969696969697, 0.6666666666666666, 0.7575757575757576, 0.6666666666666666, 0.696969696969697, 0.71875, 0.75, 0.875, 0.78125, 0.78125]
 mean: 0.7510732323232323, std: 0.05532968893003262
F1 Score: [0.7922077922077921, 0.7624602332979851, 0.7624602332979851, 0.6631578947368422, 0.751937984496124, 0.6413043478260869, 0.593505039193729, 0.7272727272727273, 0.593505039193729, 0.6590909090909091, 0.7046153846153846, 0.7408906882591093, 0.8666666666666667, 0.7624602332979851, 0.7757757757757757]
 mean: 0.7198207299485887, std: 0.07399372880499164
Accuracy Intime: [0.9285714285714286, 0.9285714285714286, 0.8333333333333334, 0.5833333333333334, 0.5833333333333334, 0.8571428571428571, 0.9285714285714286, 0.8333333333333334, 0.5, 0.6666666666666666, 0.8571428571428571, 0.7857142857142857, 0.8333333333333334, 0.5, 0.5833333333333334]
 mean: 0.746825396825397, std: 0.15402551708835813
F1 (Intime): [0.9251336898395721, 0.9251336898395721, 0.7777777777777777, 0.4957983193277311, 0.4957983193277311, 0.8444444444444444, 0.9282051282051282, 0.7777777777777777, 0.3333333333333333, 0.6571428571428571, 0.8444444444444444, 0.7543859649122806, 0.8125, 0.3333333333333333, 0.4957983193277311]
 mean: 0.6934004932689144, std: 0.20298710652460117
--------------------------------------------------
Subject Number: 23
Accuracy Cross: [0.7878787878787878, 0.8181818181818182, 0.8181818181818182, 0.7575757575757576, 0.8787878787878788, 0.625, 0.71875, 0.8125, 0.78125, 0.78125, 0.8484848484848485, 0.8181818181818182, 0.8787878787878788, 0.8181818181818182, 0.7878787878787878]
 mean: 0.7953914141414141, std: 0.061073272783642885
F1 Score: [0.7746341463414634, 0.8035714285714286, 0.8035714285714286, 0.7272727272727273, 0.8730769230769231, 0.6235294117647059, 0.718475073313783, 0.8095238095238095, 0.7793103448275862, 0.7810361681329423, 0.8390243902439025, 0.8096153846153846, 0.8730769230769231, 0.8035714285714286, 0.7664307381193125]
 mean: 0.7857146884015833, std: 0.060552565250878446
Accuracy Intime: [0.8571428571428571, 1.0, 0.9166666666666666, 0.5, 0.8333333333333334, 0.8571428571428571, 0.9285714285714286, 0.9285714285714286, 0.8333333333333334, 0.5833333333333334, 0.9285714285714286, 0.8571428571428571, 1.0, 0.5833333333333334, 0.6666666666666666]
 mean: 0.8182539682539682, std: 0.15316432237889424
F1 (Intime): [0.8541666666666667, 1.0, 0.8991596638655461, 0.3333333333333333, 0.8285714285714285, 0.8541666666666667, 0.9251336898395721, 0.9251336898395721, 0.8285714285714285, 0.5555555555555556, 0.9251336898395721, 0.8541666666666667, 1.0, 0.5555555555555556, 0.6666666666666666]
 mean: 0.8003543134425487, std: 0.18299408763780917
--------------------------------------------------
Subject Number: 24
Accuracy Cross: [0.5625, 0.5, 0.5625, 0.46875, 0.53125, 0.625, 0.65625, 0.625, 0.625, 0.59375, 0.53125, 0.375, 0.46875, 0.5625, 0.59375]
 mean: 0.5520833333333334, std: 0.07276770498572074
F1 Score: [0.5607843137254902, 0.4980392156862745, 0.5607843137254902, 0.464039408866995, 0.530791788856305, 0.611336032388664, 0.6559139784946236, 0.611336032388664, 0.611336032388664, 0.5933528836754643, 0.5270935960591133, 0.36507936507936506, 0.4682306940371457, 0.5555555555555556, 0.5901477832512315]
 mean: 0.5469213996119363, std: 0.07210241811793361
Accuracy Intime: [0.7142857142857143, 0.5714285714285714, 0.5, 0.5, 0.5, 0.35714285714285715, 0.42857142857142855, 0.4166666666666667, 0.75, 0.4166666666666667, 0.5714285714285714, 0.7142857142857143, 0.5833333333333334, 0.6666666666666666, 0.5]
 mean: 0.546031746031746, std: 0.11743886547996135
F1 (Intime): [0.6888888888888889, 0.5714285714285714, 0.4857142857142857, 0.4375, 0.4857142857142857, 0.35384615384615387, 0.42857142857142855, 0.37777777777777777, 0.7482517482517483, 0.4125874125874126, 0.5333333333333333, 0.7142857142857143, 0.5555555555555556, 0.6666666666666666, 0.5]
 mean: 0.5306747881747882, std: 0.12098103242182041
--------------------------------------------------
Subject Number: 25
Accuracy Cross: [0.5151515151515151, 0.5151515151515151, 0.5454545454545454, 0.45454545454545453, 0.48484848484848486, 0.46875, 0.71875, 0.5625, 0.625, 0.59375, 0.78125, 0.625, 0.625, 0.5625, 0.625]
 mean: 0.5801767676767677, std: 0.08772208977321612
F1 Score: [0.47619047619047616, 0.5111111111111111, 0.5386766076421249, 0.3125, 0.4771668219944082, 0.4231177094379639, 0.7046153846153846, 0.5607843137254902, 0.536231884057971, 0.5733333333333333, 0.7624602332979851, 0.611336032388664, 0.5844155844155844, 0.45893719806763283, 0.5844155844155844]
 mean: 0.541019484979581, std: 0.10583247323555882
Accuracy Intime: [0.8571428571428571, 0.7142857142857143, 0.4166666666666667, 0.75, 0.6666666666666666, 0.7857142857142857, 0.7142857142857143, 0.5, 0.5833333333333334, 0.5833333333333334, 0.7857142857142857, 0.7142857142857143, 0.4166666666666667, 0.5, 0.5833333333333334]
 mean: 0.638095238095238, std: 0.1335457491655253
F1 (Intime): [0.8541666666666667, 0.7083333333333333, 0.4125874125874126, 0.7333333333333334, 0.625, 0.7543859649122806, 0.7083333333333333, 0.4857142857142857, 0.4957983193277311, 0.5804195804195804, 0.7754010695187166, 0.7142857142857143, 0.29411764705882354, 0.3333333333333333, 0.4957983193277311]
 mean: 0.5980672208768184, std: 0.16513441927927994
--------------------------------------------------
Subject Number: 26
Accuracy Cross: [0.7878787878787878, 0.8484848484848485, 0.8181818181818182, 0.7878787878787878, 0.9090909090909091, 0.6875, 0.6875, 0.65625, 0.78125, 0.75, 0.96875, 0.875, 0.84375, 0.875, 0.875]
 mean: 0.8101010101010101, std: 0.08541636337452779
F1 Score: [0.7806267806267806, 0.8390243902439025, 0.8096153846153846, 0.7664307381193125, 0.905982905982906, 0.6875, 0.6862745098039216, 0.6532019704433498, 0.7757757757757757, 0.75, 0.967967967967968, 0.8666666666666667, 0.8303287380699894, 0.8666666666666667, 0.8666666666666667]
 mean: 0.803515277443286, std: 0.08440268950935875
Accuracy Intime: [0.7142857142857143, 0.7857142857142857, 0.8333333333333334, 0.6666666666666666, 0.8333333333333334, 1.0, 0.9285714285714286, 1.0, 0.75, 0.9166666666666666, 0.9285714285714286, 0.8571428571428571, 0.6666666666666666, 0.75, 0.75]
 mean: 0.8253968253968255, std: 0.10742174168691196
F1 (Intime): [0.7142857142857143, 0.7754010695187166, 0.8285714285714285, 0.625, 0.8285714285714285, 1.0, 0.9251336898395721, 1.0, 0.7333333333333334, 0.916083916083916, 0.9282051282051282, 0.8541666666666667, 0.5555555555555556, 0.7333333333333334, 0.7482517482517483]
 mean: 0.8110595341477694, std: 0.12601570146449476
--------------------------------------------------
Subject Number: 27
Accuracy Cross: [0.6666666666666666, 0.6060606060606061, 0.6666666666666666, 0.6363636363636364, 0.6363636363636364, 0.5757575757575758, 0.5757575757575758, 0.5151515151515151, 0.5757575757575758, 0.3333333333333333, 0.5, 0.5625, 0.59375, 0.625, 0.65625]
 mean: 0.5816919191919193, std: 0.08240157663637258
F1 Score: [0.6329625884732053, 0.5925925925925926, 0.6616961789375583, 0.5695652173913044, 0.6192307692307693, 0.5557692307692308, 0.5557692307692308, 0.5037593984962406, 0.5227272727272727, 0.3277777777777778, 0.4920634920634921, 0.5465587044534412, 0.5835835835835836, 0.611336032388664, 0.6267232237539766]
 mean: 0.5601410195605561, std: 0.07800949893262263
Accuracy Intime: [0.7857142857142857, 0.8571428571428571, 0.8333333333333334, 0.5833333333333334, 0.75, 1.0, 0.8571428571428571, 0.4166666666666667, 0.6666666666666666, 0.9166666666666666, 0.8571428571428571, 0.7857142857142857, 0.6428571428571429, 0.8333333333333334, 0.8333333333333334]
 mean: 0.7746031746031747, std: 0.14055463687151032
F1 (Intime): [0.7754010695187166, 0.8444444444444444, 0.7777777777777777, 0.5555555555555556, 0.7333333333333334, 1.0, 0.8444444444444444, 0.4125874125874126, 0.625, 0.916083916083916, 0.8571428571428571, 0.7846153846153847, 0.625668449197861, 0.8333333333333334, 0.8333333333333334]
 mean: 0.7612480874245581, std: 0.1453790710671061
--------------------------------------------------
Subject Number: 28
Accuracy Cross: [0.78125, 0.75, 0.46875, 0.59375, 0.46875, 0.5625, 0.5625, 0.46875, 0.625, 0.625, 0.4375, 0.4375, 0.46875, 0.5, 0.46875]
 mean: 0.5479166666666667, std: 0.10573814617041266
F1 Score: [0.7757757757757757, 0.7408906882591093, 0.464039408866995, 0.539313399778516, 0.4682306940371457, 0.5465587044534412, 0.5607843137254902, 0.4682306940371457, 0.5844155844155844, 0.611336032388664, 0.37662337662337664, 0.4285714285714286, 0.4420512820512821, 0.4920634920634921, 0.39756367663344405]
 mean: 0.5264299034453928, std: 0.11197678734304822
Accuracy Intime: [0.8571428571428571, 0.7857142857142857, 0.5833333333333334, 0.5833333333333334, 0.5833333333333334, 0.7857142857142857, 0.6428571428571429, 0.6666666666666666, 0.6666666666666666, 0.5833333333333334, 0.9285714285714286, 0.7857142857142857, 0.8333333333333334, 0.5, 0.75]
 mean: 0.7023809523809524, std: 0.12085923172297668
F1 (Intime): [0.8571428571428571, 0.7754010695187166, 0.5555555555555556, 0.4957983193277311, 0.5555555555555556, 0.7543859649122806, 0.625668449197861, 0.625, 0.6571428571428571, 0.5555555555555556, 0.9282051282051282, 0.7754010695187166, 0.7777777777777777, 0.3333333333333333, 0.7482517482517483]
 mean: 0.6680116827330451, std: 0.1496331154759279
--------------------------------------------------
Subject Number: 29
Accuracy Cross: [0.875, 0.875, 0.84375, 0.84375, 0.875, 0.9375, 0.96875, 0.9375, 0.9375, 0.90625, 0.9090909090909091, 0.9090909090909091, 1.0, 0.9393939393939394, 0.9393939393939394]
 mean: 0.913131313131313, std: 0.04310458862646848
F1 Score: [0.8666666666666667, 0.8666666666666667, 0.8303287380699894, 0.8303287380699894, 0.8666666666666667, 0.9365079365079365, 0.967967967967968, 0.9365079365079365, 0.9352226720647774, 0.9015384615384616, 0.905982905982906, 0.907735321528425, 1.0, 0.9379699248120301, 0.9379699248120301]
 mean: 0.9085373685241632, std: 0.047226807819388476
Accuracy Intime: [1.0, 1.0, 1.0, 1.0, 0.9166666666666666, 0.9285714285714286, 1.0, 1.0, 0.8333333333333334, 0.6666666666666666, 1.0, 1.0, 1.0, 0.8333333333333334, 0.75]
 mean: 0.9285714285714286, std: 0.10477994072739294
F1 (Intime): [1.0, 1.0, 1.0, 1.0, 0.916083916083916, 0.9251336898395721, 1.0, 1.0, 0.8285714285714285, 0.625, 1.0, 1.0, 1.0, 0.8285714285714285, 0.7482517482517483]
 mean: 0.9247741474212063, std: 0.11270629457610468
--------------------------------------------------
**************************************************
accuracy_cross_list: [0.8664772727272727, 0.7102272727272727, 0.5881944444444446, 0.7838383838383839, 0.5625, 0.6296717171717172, 0.6, 0.7041666666666667, 0.8208333333333333, 0.5982954545454545, 0.5656565656565657, 0.7672348484848485, 0.820580808080808, 0.7604166666666666, 0.7208333333333333, 0.63125, 0.5816919191919193, 0.8226641414141415, 0.6395833333333333, 0.7033459595959595, 0.425, 0.7510732323232323, 0.7953914141414141, 0.5520833333333334, 0.5801767676767677, 0.8101010101010101, 0.5816919191919193, 0.5479166666666667, 0.913131313131313]
f1_score_list: [0.8592761477525859, 0.698776520165391, 0.5624466489889526, 0.7740701760703348, 0.5425875605338079, 0.5601891163063223, 0.5851350248361628, 0.6734123177572298, 0.8085748828292773, 0.5848629469162926, 0.5015122869358714, 0.7419933042107537, 0.8140677946746144, 0.7474584649579217, 0.7120694310977866, 0.6138707614539042, 0.5601410195605561, 0.817871268682787, 0.5835125015755062, 0.6877873999189389, 0.38813899799251267, 0.7198207299485887, 0.7857146884015833, 0.5469213996119363, 0.541019484979581, 0.803515277443286, 0.5601410195605561, 0.5264299034453928, 0.9085373685241632]
accuracy_intime_list: [0.8833333333333332, 0.6706349206349206, 0.6722222222222222, 0.8198412698412698, 0.7857142857142857, 0.7269841269841272, 0.6333333333333333, 0.7126984126984127, 0.846031746031746, 0.7325396825396825, 0.6357142857142857, 0.7412698412698412, 0.7769841269841271, 0.8134920634920634, 0.7976190476190478, 0.719047619047619, 0.7746031746031747, 0.8285714285714286, 0.7984126984126985, 0.796031746031746, 0.6238095238095238, 0.746825396825397, 0.8182539682539682, 0.546031746031746, 0.638095238095238, 0.8253968253968255, 0.7746031746031747, 0.7023809523809524, 0.9285714285714286]
f1_score_intime_list: [0.8738428015053403, 0.6472679547834346, 0.6512233185917395, 0.8038963481765341, 0.7740430375724494, 0.6928917378917379, 0.6101979673806299, 0.6852264239028946, 0.824516083045495, 0.7045682198778173, 0.6053643415408121, 0.6889998824131951, 0.75927043487415, 0.8002844589764094, 0.789929830518066, 0.7121272246272247, 0.7612480874245581, 0.821445128945129, 0.7860442384126595, 0.7849498703910469, 0.5767603102665022, 0.6934004932689144, 0.8003543134425487, 0.5306747881747882, 0.5980672208768184, 0.8110595341477694, 0.7612480874245581, 0.6680116827330451, 0.9247741474212063]
**************************************************
ACC: 68.39±11.68
F1: 66.24±12.61
Intime: 75.07±8.49
F1 (Intime): 72.90±9.23
