1e-05
Subject Number: 1
Accuracy Cross: [0.3047619047619048, 0.3142857142857143, 0.3, 0.2857142857142857, 0.2904761904761905, 0.3238095238095238, 0.3476190476190476, 0.3761904761904762, 0.3476190476190476, 0.3619047619047619, 0.3333333333333333, 0.3238095238095238, 0.3047619047619048, 0.3142857142857143, 0.3047619047619048]
 mean: 0.3222222222222222, std: 0.025535336574209776
F1 Score: [0.2533557453254384, 0.2493175161064176, 0.25655303030303034, 0.23088573360378634, 0.25469694313248054, 0.3279530843175602, 0.355578156857356, 0.3824751726279444, 0.35999199132832294, 0.3650789655702632, 0.33466985329720744, 0.31226406574133153, 0.29682722616233254, 0.30569332210496136, 0.31214016769046843]
 mean: 0.30649873161126007, std: 0.04681646959508483
Accuracy Intime: [0.47619047619047616, 0.4523809523809524, 0.38095238095238093, 0.38095238095238093, 0.38095238095238093, 0.2857142857142857, 0.38095238095238093, 0.38095238095238093, 0.39285714285714285, 0.38095238095238093, 0.40476190476190477, 0.34523809523809523, 0.38095238095238093, 0.40476190476190477, 0.36904761904761907]
 mean: 0.3865079365079365, std: 0.04120874598649895
F1 (Intime): [0.4804695824857115, 0.45267298339893625, 0.38661974281918354, 0.35943729826082765, 0.3927117672835137, 0.24915517850830682, 0.35064199749621744, 0.36181993633606535, 0.4059001161440186, 0.3475031543376216, 0.38094708406165584, 0.29287606934665755, 0.36044095847860175, 0.39822329876883955, 0.3441314488029673]
 mean: 0.370903374435275, std: 0.054402704942863624
--------------------------------------------------
Subject Number: 2
Accuracy Cross: [0.3523809523809524, 0.3904761904761905, 0.34285714285714286, 0.3904761904761905, 0.3333333333333333, 0.3238095238095238, 0.2761904761904762, 0.3523809523809524, 0.3380952380952381, 0.30952380952380953, 0.3, 0.3476190476190476, 0.3047619047619048, 0.3047619047619048, 0.2571428571428571]
 mean: 0.3282539682539682, std: 0.036201613435297604
F1 Score: [0.2831087752826883, 0.328119914848258, 0.2789055989055989, 0.31147622325378965, 0.2747362247242047, 0.33638816382257053, 0.28685972496101025, 0.3654445721121572, 0.34568040129125294, 0.31834387862828134, 0.29338618999622035, 0.35859319101209447, 0.3121943319838057, 0.30774840048777635, 0.26723325195308384]
 mean: 0.3112145895508529, std: 0.02985155673790767
Accuracy Intime: [0.5238095238095238, 0.2976190476190476, 0.3333333333333333, 0.36904761904761907, 0.36904761904761907, 0.4166666666666667, 0.2619047619047619, 0.36904761904761907, 0.36904761904761907, 0.2857142857142857, 0.34523809523809523, 0.36904761904761907, 0.35714285714285715, 0.4642857142857143, 0.34523809523809523]
 mean: 0.36507936507936506, std: 0.06383834143552447
F1 (Intime): [0.516480657520702, 0.30763450207669274, 0.3433096131049767, 0.36884913105026956, 0.36308555399719494, 0.40739341738643287, 0.24145377905274867, 0.38822344322344327, 0.3614988823409876, 0.2594466403162055, 0.3230260993286203, 0.3674773609010825, 0.3424643065876263, 0.45046536796536796, 0.3108344874935264]
 mean: 0.35677621615639177, std: 0.06682299398092335
--------------------------------------------------
Subject Number: 3
Accuracy Cross: [0.26666666666666666, 0.24285714285714285, 0.2857142857142857, 0.2619047619047619, 0.24761904761904763, 0.3, 0.2857142857142857, 0.3238095238095238, 0.2904761904761905, 0.3333333333333333, 0.29523809523809524, 0.2714285714285714, 0.3, 0.3, 0.3142857142857143]
 mean: 0.28793650793650793, std: 0.02530937324189809
F1 Score: [0.19716888742639077, 0.15736017210105585, 0.22764084129357673, 0.19221067994324265, 0.15486559257327087, 0.2975489110372831, 0.2776755092239455, 0.31954083282995344, 0.2705901489962886, 0.3197022213248567, 0.304168664905507, 0.271205744680192, 0.3049462878552919, 0.30990371015004914, 0.32235639228216106]
 mean: 0.26179230644153767, std: 0.058051424473756184
Accuracy Intime: [0.35714285714285715, 0.36904761904761907, 0.2619047619047619, 0.35714285714285715, 0.2857142857142857, 0.38095238095238093, 0.25, 0.2857142857142857, 0.35714285714285715, 0.32142857142857145, 0.30952380952380953, 0.42857142857142855, 0.40476190476190477, 0.42857142857142855, 0.2857142857142857]
 mean: 0.33888888888888885, std: 0.056321253965746575
F1 (Intime): [0.35877593592398666, 0.3691142191142191, 0.26368131868131867, 0.3428828828828829, 0.20869195320808226, 0.3574862174862175, 0.23630993237131345, 0.26768702895982, 0.34555801921655577, 0.31061651513264416, 0.29341029341029345, 0.4168174603174603, 0.4079901960784314, 0.41858394897444134, 0.22405153467222433]
 mean: 0.32144383042865937, std: 0.06762858134454601
--------------------------------------------------
Subject Number: 4
Accuracy Cross: [0.3333333333333333, 0.28095238095238095, 0.24285714285714285, 0.2857142857142857, 0.2904761904761905, 0.29523809523809524, 0.29523809523809524, 0.29523809523809524, 0.29523809523809524, 0.3238095238095238, 0.38095238095238093, 0.34285714285714286, 0.3238095238095238, 0.319047619047619, 0.34285714285714286]
 mean: 0.3098412698412698, std: 0.032036763965823147
F1 Score: [0.3071848749448055, 0.2574047731942469, 0.22947760827978617, 0.2735117486010162, 0.27537262196887, 0.29154610095786565, 0.2934231967409538, 0.2939113590904306, 0.2908790291227822, 0.3203222987922604, 0.36272718847671415, 0.3224390568461951, 0.2866638505202573, 0.301928360442301, 0.3239029105423138]
 mean: 0.2953796652347199, std: 0.03018434538093017
Accuracy Intime: [0.44047619047619047, 0.39285714285714285, 0.32142857142857145, 0.38095238095238093, 0.35714285714285715, 0.2857142857142857, 0.3333333333333333, 0.34523809523809523, 0.34523809523809523, 0.3333333333333333, 0.32142857142857145, 0.27380952380952384, 0.35714285714285715, 0.35714285714285715, 0.34523809523809523]
 mean: 0.34603174603174597, std: 0.03923557807716912
F1 (Intime): [0.4337870369895113, 0.3935843492645737, 0.316787235752753, 0.3736895055272204, 0.3346173476001585, 0.2567660475724992, 0.32219104532786397, 0.3431211317418214, 0.31183574879227055, 0.3289943074003795, 0.32385836385836386, 0.2799835709675526, 0.35531790556334736, 0.3476682380269181, 0.3496357842699306]
 mean: 0.3381225079103443, std: 0.041420734257034277
--------------------------------------------------
Subject Number: 5
Accuracy Cross: [0.37142857142857144, 0.35714285714285715, 0.43333333333333335, 0.3904761904761905, 0.37142857142857144, 0.3619047619047619, 0.3047619047619048, 0.3619047619047619, 0.3761904761904762, 0.38095238095238093, 0.3238095238095238, 0.3476190476190476, 0.32857142857142857, 0.3047619047619048, 0.34285714285714286]
 mean: 0.35714285714285704, std: 0.032669119256350306
F1 Score: [0.3301231028725137, 0.30294851406993206, 0.3892534449677307, 0.35617729753569655, 0.3342311106829704, 0.36518790781817395, 0.30557168199736967, 0.3651168770453483, 0.37779483011908854, 0.3894804187443502, 0.33712022630834515, 0.3663154724255293, 0.34834322426627695, 0.32253955694224024, 0.36043571850513856]
 mean: 0.35004262562004695, std: 0.026455860349366287
Accuracy Intime: [0.39285714285714285, 0.39285714285714285, 0.5119047619047619, 0.39285714285714285, 0.44047619047619047, 0.44047619047619047, 0.42857142857142855, 0.44047619047619047, 0.4642857142857143, 0.2976190476190476, 0.35714285714285715, 0.47619047619047616, 0.4523809523809524, 0.35714285714285715, 0.42857142857142855]
 mean: 0.41825396825396827, std: 0.05232079277412542
F1 (Intime): [0.4032778423022325, 0.3861898920108179, 0.5219047619047619, 0.4078042933420508, 0.44504862953138813, 0.4369264211843752, 0.42510513036164843, 0.44380952380952376, 0.4583551785459732, 0.29664853134929864, 0.34868686868686866, 0.47375596572940026, 0.4624041116045456, 0.34039024700789405, 0.4165904670811414]
 mean: 0.41779319096346135, std: 0.0554973455459422
--------------------------------------------------
Subject Number: 6
Accuracy Cross: [0.2571428571428571, 0.2761904761904762, 0.23333333333333334, 0.2619047619047619, 0.23809523809523808, 0.2619047619047619, 0.2571428571428571, 0.2523809523809524, 0.29523809523809524, 0.2857142857142857, 0.26666666666666666, 0.28095238095238095, 0.3380952380952381, 0.2619047619047619, 0.23809523809523808]
 mean: 0.26698412698412693, std: 0.02552349364094195
F1 Score: [0.25223983545579787, 0.279240757588046, 0.2374682788475892, 0.2508197439448918, 0.2304019683105289, 0.26283020107994426, 0.2543119317314662, 0.25026526686138834, 0.28701396613521196, 0.27932591353687575, 0.2679220329594239, 0.27134258776049824, 0.33432616202642584, 0.24639517209776846, 0.2336419829105499]
 mean: 0.2625030534164271, std: 0.025348831610064376
Accuracy Intime: [0.34523809523809523, 0.27380952380952384, 0.2976190476190476, 0.36904761904761907, 0.32142857142857145, 0.27380952380952384, 0.2976190476190476, 0.30952380952380953, 0.32142857142857145, 0.2619047619047619, 0.2261904761904762, 0.36904761904761907, 0.2619047619047619, 0.3333333333333333, 0.2857142857142857]
 mean: 0.30317460317460315, std: 0.039571272578787016
F1 (Intime): [0.3592926789812218, 0.27802909861733394, 0.299553752535497, 0.35313856960408685, 0.30610837438423644, 0.2623664788370671, 0.30117371989712416, 0.3140391680992348, 0.3229297018770703, 0.25602939670491853, 0.21821812274178778, 0.37464645640396477, 0.265482332427304, 0.3120602789023842, 0.28259775171065493]
 mean: 0.3003777254482591, std: 0.04068700931114908
--------------------------------------------------
Subject Number: 7
Accuracy Cross: [0.28095238095238095, 0.26666666666666666, 0.23809523809523808, 0.2714285714285714, 0.22857142857142856, 0.21428571428571427, 0.21904761904761905, 0.21904761904761905, 0.20952380952380953, 0.20476190476190476, 0.2571428571428571, 0.2571428571428571, 0.23333333333333334, 0.24761904761904763, 0.2619047619047619]
 mean: 0.24063492063492065, std: 0.023641736840521736
F1 Score: [0.27912825885324005, 0.26265004873030484, 0.22622377914483177, 0.25677937182894606, 0.22313256309309487, 0.21205825153386812, 0.22519409430311382, 0.22447336482038663, 0.21642596560755128, 0.20754944307901568, 0.2591760968830653, 0.2542220418962899, 0.2312176195897126, 0.2478855996252066, 0.25759144894547675]
 mean: 0.23891386319560695, std: 0.02105668442117624
Accuracy Intime: [0.2976190476190476, 0.25, 0.23809523809523808, 0.39285714285714285, 0.30952380952380953, 0.23809523809523808, 0.2619047619047619, 0.27380952380952384, 0.27380952380952384, 0.20238095238095238, 0.2261904761904762, 0.20238095238095238, 0.23809523809523808, 0.27380952380952384, 0.27380952380952384]
 mean: 0.2634920634920635, std: 0.04577101858824196
F1 (Intime): [0.2822464080528596, 0.24717831342536298, 0.23136684650256636, 0.38337662337662337, 0.30588268519303, 0.23002856026215315, 0.2632019704433498, 0.2304871561027512, 0.25959517201885374, 0.19760040725557967, 0.2088944747009263, 0.19193623749363192, 0.23185341275033777, 0.2740190816935003, 0.25632369409129835]
 mean: 0.2529327362241883, std: 0.046171510766775496
--------------------------------------------------
Subject Number: 8
Accuracy Cross: [0.4142857142857143, 0.4238095238095238, 0.3523809523809524, 0.38095238095238093, 0.3952380952380952, 0.38571428571428573, 0.37142857142857144, 0.36666666666666664, 0.3619047619047619, 0.34285714285714286, 0.3333333333333333, 0.3476190476190476, 0.38571428571428573, 0.3476190476190476, 0.3047619047619048]
 mean: 0.3676190476190476, std: 0.03027712766366061
F1 Score: [0.39161638194958615, 0.40051258009063917, 0.33267276289087266, 0.36032597176286496, 0.37287078622716807, 0.39132098676543914, 0.38828400281888653, 0.3716666304664118, 0.36750512683175796, 0.3561196162940349, 0.34659501712177887, 0.36364769825179405, 0.3865101875042307, 0.3522977522977523, 0.3260724604034463]
 mean: 0.3672011974451108, std: 0.02140128164436858
Accuracy Intime: [0.4166666666666667, 0.4166666666666667, 0.44047619047619047, 0.30952380952380953, 0.44047619047619047, 0.42857142857142855, 0.35714285714285715, 0.38095238095238093, 0.32142857142857145, 0.44047619047619047, 0.44047619047619047, 0.5238095238095238, 0.40476190476190477, 0.4166666666666667, 0.38095238095238093]
 mean: 0.40793650793650804, std: 0.05133638612316264
F1 (Intime): [0.4064990782637842, 0.41485234178732633, 0.4483080883080882, 0.32701768135071224, 0.4515473831602865, 0.4240216203783566, 0.3652519379844961, 0.3626589825119237, 0.27282186013220494, 0.4437770562770563, 0.4463999441418796, 0.5288279839383404, 0.41826330532212885, 0.39680207378718235, 0.39403863780174575]
 mean: 0.4067391983430342, std: 0.05790638756931811
--------------------------------------------------
Subject Number: 9
Accuracy Cross: [0.3380952380952381, 0.30952380952380953, 0.35714285714285715, 0.29523809523809524, 0.3, 0.319047619047619, 0.3523809523809524, 0.3238095238095238, 0.3333333333333333, 0.319047619047619, 0.20952380952380953, 0.2714285714285714, 0.2857142857142857, 0.24285714285714285, 0.22857142857142856]
 mean: 0.29904761904761906, std: 0.04284655953981712
F1 Score: [0.30446247253050407, 0.27513987671882406, 0.3208474844386749, 0.2545885401300145, 0.2568143042567595, 0.3081562748451489, 0.34190549388691804, 0.3097444088003094, 0.3165848485272423, 0.2984770859614105, 0.21174170898700084, 0.273039242245876, 0.29343223604029556, 0.25165069154363157, 0.23618659980795903]
 mean: 0.2835180845813713, std: 0.0347267752215253
Accuracy Intime: [0.35714285714285715, 0.3333333333333333, 0.36904761904761907, 0.2976190476190476, 0.39285714285714285, 0.4166666666666667, 0.36904761904761907, 0.2976190476190476, 0.42857142857142855, 0.4166666666666667, 0.39285714285714285, 0.44047619047619047, 0.38095238095238093, 0.35714285714285715, 0.36904761904761907]
 mean: 0.37460317460317455, std: 0.04143738883240194
F1 (Intime): [0.37131876253827467, 0.3419000188643652, 0.36354090354090357, 0.27193732193732195, 0.38013901381041343, 0.4255373076425708, 0.3669804430204875, 0.29512340157688993, 0.4339486688984537, 0.3997561327561327, 0.3850520795443969, 0.43744469582704876, 0.3953169759621373, 0.3737668782830073, 0.37049084981173264]
 mean: 0.374150230267609, std: 0.0442714331369107
--------------------------------------------------
Subject Number: 10
Accuracy Cross: [0.2619047619047619, 0.2714285714285714, 0.2714285714285714, 0.29523809523809524, 0.3, 0.2523809523809524, 0.2714285714285714, 0.2904761904761905, 0.2857142857142857, 0.3, 0.2761904761904762, 0.2904761904761905, 0.3142857142857143, 0.2523809523809524, 0.21428571428571427]
 mean: 0.2765079365079365, std: 0.024060057551106562
F1 Score: [0.2606982647636647, 0.26448102588703554, 0.2649522072542521, 0.27853054795517546, 0.29328461648560106, 0.2521989102322199, 0.26632917903506137, 0.2889597605682014, 0.2837488773529006, 0.3000800196202431, 0.2743682140047207, 0.28709011880614316, 0.3105155457964447, 0.24450723947080694, 0.21383856968787568]
 mean: 0.2722388731280231, std: 0.023413005414515728
Accuracy Intime: [0.47619047619047616, 0.36904761904761907, 0.32142857142857145, 0.2619047619047619, 0.2976190476190476, 0.39285714285714285, 0.39285714285714285, 0.35714285714285715, 0.27380952380952384, 0.27380952380952384, 0.42857142857142855, 0.32142857142857145, 0.35714285714285715, 0.2976190476190476, 0.27380952380952384]
 mean: 0.3396825396825396, std: 0.061608979984366166
F1 (Intime): [0.47405772495755516, 0.36257590624231073, 0.31961506961506964, 0.25771046256340374, 0.2840782746665099, 0.3682824607636638, 0.3951574500768049, 0.35669547290236947, 0.2845459803354541, 0.27336262637087844, 0.40457749147404315, 0.32147393573539584, 0.35469527709216114, 0.30941713603003923, 0.2700801020823672]
 mean: 0.33575502472720176, std: 0.058146591500510186
--------------------------------------------------
Subject Number: 11
Accuracy Cross: [0.24285714285714285, 0.24761904761904763, 0.23809523809523808, 0.22380952380952382, 0.3, 0.2714285714285714, 0.3476190476190476, 0.3, 0.29523809523809524, 0.29523809523809524, 0.30952380952380953, 0.3142857142857143, 0.34285714285714286, 0.3, 0.3238095238095238]
 mean: 0.2901587301587301, std: 0.036534152078262355
F1 Score: [0.23247843761918108, 0.2376596825958528, 0.2315873128686899, 0.20747386759581882, 0.28812804776188783, 0.2750888143016973, 0.3525910813028269, 0.30455569461827287, 0.3049439356666203, 0.3015915918104607, 0.31296658170962954, 0.3124576608716594, 0.3500678339459422, 0.3006640049856507, 0.3256323562288765]
 mean: 0.28919246025887113, std: 0.04242440192715264
Accuracy Intime: [0.39285714285714285, 0.3333333333333333, 0.2857142857142857, 0.39285714285714285, 0.34523809523809523, 0.30952380952380953, 0.2619047619047619, 0.35714285714285715, 0.3333333333333333, 0.32142857142857145, 0.23809523809523808, 0.3333333333333333, 0.27380952380952384, 0.2619047619047619, 0.36904761904761907]
 mean: 0.32063492063492066, std: 0.04650820737772574
F1 (Intime): [0.4034965034965035, 0.32008326976862445, 0.2850774663932558, 0.3878787878787879, 0.3407479739392977, 0.3010797582190771, 0.25029073672976115, 0.34472727272727277, 0.3320998323905301, 0.32710673234811166, 0.2370252945252945, 0.3057142857142857, 0.2821240220711856, 0.2592690058479532, 0.37464841464841464]
 mean: 0.3167579571132237, std: 0.04781595585730059
--------------------------------------------------
Subject Number: 12
Accuracy Cross: [0.3238095238095238, 0.319047619047619, 0.35714285714285715, 0.3761904761904762, 0.2857142857142857, 0.30952380952380953, 0.3, 0.3, 0.319047619047619, 0.3333333333333333, 0.26666666666666666, 0.22380952380952382, 0.2571428571428571, 0.2619047619047619, 0.23809523809523808]
 mean: 0.2980952380952381, std: 0.04143313238896623
F1 Score: [0.3274233468286746, 0.32316727853364263, 0.35184768760463425, 0.36846262359319787, 0.30139000284881556, 0.254751364865495, 0.2397361402210218, 0.24025419441820386, 0.2607169815807314, 0.2817383196513631, 0.2847208230629086, 0.2452404591805581, 0.27710733962719386, 0.2850915321422948, 0.25238952601389003]
 mean: 0.28626917467817503, std: 0.0393348925716219
Accuracy Intime: [0.2857142857142857, 0.23809523809523808, 0.2976190476190476, 0.2857142857142857, 0.39285714285714285, 0.39285714285714285, 0.39285714285714285, 0.2976190476190476, 0.30952380952380953, 0.44047619047619047, 0.27380952380952384, 0.35714285714285715, 0.2976190476190476, 0.34523809523809523, 0.38095238095238093]
 mean: 0.33253968253968247, std: 0.05574796612328871
F1 (Intime): [0.29427339901477834, 0.22416755868185642, 0.2813542188207806, 0.26162421557770393, 0.3876107400845032, 0.38325962879715414, 0.3913484848484849, 0.31634965686689825, 0.3259632741985683, 0.43235110818520955, 0.28308160877345934, 0.3404211940571001, 0.2638906578441462, 0.33287922507780615, 0.39616642616642617]
 mean: 0.32764942646632517, std: 0.05836662503033367
--------------------------------------------------
Subject Number: 13
Accuracy Cross: [0.2761904761904762, 0.24285714285714285, 0.2619047619047619, 0.2714285714285714, 0.2761904761904762, 0.26666666666666666, 0.26666666666666666, 0.24285714285714285, 0.2904761904761905, 0.2857142857142857, 0.319047619047619, 0.3523809523809524, 0.26666666666666666, 0.34285714285714286, 0.2761904761904762]
 mean: 0.28253968253968254, std: 0.031088427104368488
F1 Score: [0.26693522088266, 0.23413172012037192, 0.25260453471660366, 0.25965526923409915, 0.27263396748955115, 0.25161110035322237, 0.25585914009652805, 0.2281839395546866, 0.28370189249984645, 0.26225880850939065, 0.30483682983682986, 0.33446416031484505, 0.245551110670798, 0.3152244136665852, 0.2649941617103605]
 mean: 0.26884308464375856, std: 0.028593771194981778
Accuracy Intime: [0.3333333333333333, 0.3333333333333333, 0.32142857142857145, 0.36904761904761907, 0.2857142857142857, 0.25, 0.42857142857142855, 0.36904761904761907, 0.40476190476190477, 0.27380952380952384, 0.3333333333333333, 0.42857142857142855, 0.30952380952380953, 0.2976190476190476, 0.2619047619047619]
 mean: 0.3333333333333333, std: 0.05515730271077477
F1 (Intime): [0.31012218963831867, 0.3120385346625885, 0.3126372266078148, 0.3636814601520484, 0.28118049083566327, 0.24207688368978691, 0.42593621467174925, 0.3575201406780354, 0.3884679284679285, 0.23189593490439292, 0.33462230627278133, 0.4314659197012138, 0.30339142970721916, 0.2908000790759412, 0.2521151311859116]
 mean: 0.3225301246834263, std: 0.05947655246319534
--------------------------------------------------
Subject Number: 14
Accuracy Cross: [0.30952380952380953, 0.319047619047619, 0.3380952380952381, 0.3476190476190476, 0.2571428571428571, 0.40476190476190477, 0.3380952380952381, 0.4, 0.4, 0.36666666666666664, 0.3476190476190476, 0.3619047619047619, 0.3380952380952381, 0.34285714285714286, 0.35714285714285715]
 mean: 0.34857142857142853, std: 0.03664707784308165
F1 Score: [0.32973578269344855, 0.3409058062746587, 0.35249800787960867, 0.3631868295027255, 0.26588557641189225, 0.3633810313623919, 0.29282949651409484, 0.3595479673011014, 0.35855427154716696, 0.34403317794622146, 0.3214595947495905, 0.30827373831937727, 0.3020645295155099, 0.29772160971292233, 0.3214923931069291]
 mean: 0.32810465418917595, std: 0.028987627826474214
Accuracy Intime: [0.3333333333333333, 0.47619047619047616, 0.40476190476190477, 0.35714285714285715, 0.42857142857142855, 0.4166666666666667, 0.39285714285714285, 0.30952380952380953, 0.2857142857142857, 0.34523809523809523, 0.39285714285714285, 0.44047619047619047, 0.4523809523809524, 0.4166666666666667, 0.4166666666666667]
 mean: 0.3912698412698413, std: 0.052501064789019766
F1 (Intime): [0.33304258465548786, 0.47712121212121217, 0.38475102205914213, 0.3199444069009286, 0.4105221674876847, 0.4099979963935083, 0.3816659780708724, 0.30428400750981394, 0.28900560224089633, 0.37528624011708195, 0.395044117524066, 0.43702239789196307, 0.4535449735449736, 0.4103804717850134, 0.4108860905065839]
 mean: 0.3861666179206152, std: 0.052490890064980464
--------------------------------------------------
**************************************************
accuracy_cross_list: [0.3222222222222222, 0.3282539682539682, 0.28793650793650793, 0.3098412698412698, 0.35714285714285704, 0.26698412698412693, 0.24063492063492065, 0.3676190476190476, 0.29904761904761906, 0.2765079365079365, 0.2901587301587301, 0.2980952380952381, 0.28253968253968254, 0.34857142857142853]
f1_score_list: [0.30649873161126007, 0.3112145895508529, 0.26179230644153767, 0.2953796652347199, 0.35004262562004695, 0.2625030534164271, 0.23891386319560695, 0.3672011974451108, 0.2835180845813713, 0.2722388731280231, 0.28919246025887113, 0.28626917467817503, 0.26884308464375856, 0.32810465418917595]
accuracy_intime_list: [0.3865079365079365, 0.36507936507936506, 0.33888888888888885, 0.34603174603174597, 0.41825396825396827, 0.30317460317460315, 0.2634920634920635, 0.40793650793650804, 0.37460317460317455, 0.3396825396825396, 0.32063492063492066, 0.33253968253968247, 0.3333333333333333, 0.3912698412698413]
f1_score_intime_list: [0.370903374435275, 0.35677621615639177, 0.32144383042865937, 0.3381225079103443, 0.41779319096346135, 0.3003777254482591, 0.2529327362241883, 0.4067391983430342, 0.374150230267609, 0.33575502472720176, 0.3167579571132237, 0.32764942646632517, 0.3225301246834263, 0.3861666179206152]
**************************************************
ACC: 30.54±3.47
F1: 29.44±3.43
Intime: 35.15±4.07
F1 (Intime): 34.49±4.24
