1e-05
Subject Number: 1
Accuracy Cross: [0.47058823529411764, 0.5, 0.4117647058823529, 0.5, 0.45588235294117646, 0.36231884057971014, 0.37681159420289856, 0.4057971014492754, 0.42028985507246375, 0.4057971014492754, 0.47058823529411764, 0.5588235294117647, 0.5441176470588235, 0.5294117647058824, 0.4411764705882353]
 mean: 0.4568911622620062, std: 0.058624089267535255
F1 Score: [0.5114423486786019, 0.5360237955346651, 0.44665840773835164, 0.5344576794605155, 0.48217957914873266, 0.3749748303378328, 0.37614173651407695, 0.4109730848861284, 0.4220212765957446, 0.4068236714975845, 0.45102288392610973, 0.560958605664488, 0.5584373297827271, 0.5148717948717949, 0.43906638024285083]
 mean: 0.468403560325347, std: 0.062143925224107895
Accuracy Intime: [0.6071428571428571, 0.6428571428571429, 0.42857142857142855, 0.46153846153846156, 0.4230769230769231, 0.75, 0.6071428571428571, 0.5357142857142857, 0.6153846153846154, 0.5384615384615384, 0.5714285714285714, 0.5357142857142857, 0.32142857142857145, 0.34615384615384615, 0.4230769230769231]
 mean: 0.5205128205128204, std: 0.11430185619074867
F1 (Intime): [0.5986111111111111, 0.5946428571428571, 0.4354575163398693, 0.4443516042780749, 0.4246983408748115, 0.7583333333333333, 0.6281777046482929, 0.5018315018315018, 0.659992784992785, 0.5814393939393939, 0.542379679144385, 0.5576388888888889, 0.351010101010101, 0.3676470588235294, 0.38995726495726496]
 mean: 0.5224112760877466, std: 0.1144325964983738
--------------------------------------------------
Subject Number: 2
Accuracy Cross: [0.2318840579710145, 0.2753623188405797, 0.2318840579710145, 0.2463768115942029, 0.2753623188405797, 0.2647058823529412, 0.23529411764705882, 0.4117647058823529, 0.36764705882352944, 0.3235294117647059, 0.36231884057971014, 0.3333333333333333, 0.4057971014492754, 0.34782608695652173, 0.34782608695652173]
 mean: 0.31072747939755613, std: 0.06080511819836925
F1 Score: [0.23665223665223664, 0.2950854700854701, 0.2555913978494624, 0.2597713097713098, 0.31124434954892566, 0.284431597862581, 0.2502563226247437, 0.44347319347319347, 0.3735069278547539, 0.35802930622009566, 0.3467210676186833, 0.34096371882086174, 0.419426406926407, 0.33348348348348344, 0.35189930433912214]
 mean: 0.32403573954208864, std: 0.05949706668092624
Accuracy Intime: [0.6071428571428571, 0.5, 0.4642857142857143, 0.5384615384615384, 0.34615384615384615, 0.42857142857142855, 0.5714285714285714, 0.32142857142857145, 0.4642857142857143, 0.34615384615384615, 0.5357142857142857, 0.5357142857142857, 0.35714285714285715, 0.5, 0.2692307692307692]
 mean: 0.45238095238095233, std: 0.09904175319128262
F1 (Intime): [0.6192583732057416, 0.4565826330532212, 0.45906279178338, 0.4337662337662338, 0.34240196078431373, 0.40782563025210083, 0.5595238095238095, 0.32387820512820514, 0.4701298701298702, 0.3346611721611722, 0.5376984126984127, 0.5180555555555556, 0.3613970588235294, 0.4824936673233887, 0.2316849816849817]
 mean: 0.43589469039159445, std: 0.09996992293237185
--------------------------------------------------
Subject Number: 3
Accuracy Cross: [0.27941176470588236, 0.35294117647058826, 0.27941176470588236, 0.23529411764705882, 0.3382352941176471, 0.30434782608695654, 0.30434782608695654, 0.2898550724637681, 0.36231884057971014, 0.36231884057971014, 0.3333333333333333, 0.34782608695652173, 0.2753623188405797, 0.30434782608695654, 0.34782608695652173]
 mean: 0.3144785450412049, std: 0.03685519927514141
F1 Score: [0.2792112299465241, 0.33282576596530083, 0.2772937411095306, 0.23275978407557354, 0.33074170934582836, 0.2608825283243888, 0.2942242114237, 0.24972803380263928, 0.34146931499872674, 0.32414965986394556, 0.31195090439276485, 0.3332386363636364, 0.2735140018066847, 0.28245072631794316, 0.33461678079366386]
 mean: 0.29727046856872336, std: 0.03389097915170987
Accuracy Intime: [0.6071428571428571, 0.32142857142857145, 0.4642857142857143, 0.4642857142857143, 0.4230769230769231, 0.42857142857142855, 0.39285714285714285, 0.35714285714285715, 0.38461538461538464, 0.5, 0.42857142857142855, 0.39285714285714285, 0.39285714285714285, 0.5384615384615384, 0.5384615384615384]
 mean: 0.44230769230769235, std: 0.07449058167069153
F1 (Intime): [0.6128851540616247, 0.28174019607843137, 0.424901185770751, 0.40025252525252525, 0.4126984126984127, 0.40625, 0.41330891330891334, 0.3138888888888889, 0.37657563025210083, 0.4968678380443087, 0.39821428571428574, 0.3239819004524887, 0.3707834928229665, 0.5166666666666666, 0.5140716374269005]
 mean: 0.4175391151626176, std: 0.08418033440892769
--------------------------------------------------
Subject Number: 4
Accuracy Cross: [0.4927536231884058, 0.4927536231884058, 0.5072463768115942, 0.5652173913043478, 0.5797101449275363, 0.5362318840579711, 0.5362318840579711, 0.6231884057971014, 0.6086956521739131, 0.5217391304347826, 0.463768115942029, 0.4492753623188406, 0.43478260869565216, 0.4927536231884058, 0.5072463768115942]
 mean: 0.5207729468599035, std: 0.05330672163916414
F1 Score: [0.5119508448540706, 0.5208672086720867, 0.5319468884978403, 0.5797950997698684, 0.5878787878787879, 0.5533033033033034, 0.5558479532163743, 0.6372572011919214, 0.6121412656957785, 0.5428129950906566, 0.43443544759334235, 0.43127906976744185, 0.45494071146245063, 0.4735994397759104, 0.48713323713323714]
 mean: 0.5276792969268713, std: 0.06072846924998086
Accuracy Intime: [0.6785714285714286, 0.6071428571428571, 0.4642857142857143, 0.39285714285714285, 0.6153846153846154, 0.5, 0.5357142857142857, 0.4642857142857143, 0.5, 0.46153846153846156, 0.75, 0.6428571428571429, 0.75, 0.6071428571428571, 0.5]
 mean: 0.5646520146520146, std: 0.1057216089294947
F1 (Intime): [0.651199494949495, 0.6320992732757439, 0.4660130718954248, 0.3261490831150274, 0.6153846153846153, 0.5355661881977671, 0.5432900432900433, 0.47023809523809523, 0.47016983016983016, 0.49350649350649345, 0.7595238095238095, 0.6531655844155845, 0.7461982461982462, 0.6157738095238096, 0.4964349376114081]
 mean: 0.5649808384196929, std: 0.11297954067135725
--------------------------------------------------
Subject Number: 5
Accuracy Cross: [0.5, 0.4852941176470588, 0.4117647058823529, 0.4117647058823529, 0.39705882352941174, 0.4852941176470588, 0.5, 0.4852941176470588, 0.45588235294117646, 0.4411764705882353, 0.4852941176470588, 0.47058823529411764, 0.39705882352941174, 0.3382352941176471, 0.45588235294117646]
 mean: 0.4480392156862746, std: 0.045837920500239056
F1 Score: [0.4766128220611916, 0.4474278846153846, 0.38521257836990597, 0.40059635254143267, 0.3749916259127755, 0.4675409544159544, 0.4751157407407407, 0.4979142136248949, 0.4309943242664382, 0.42708333333333326, 0.49497510602987277, 0.4580091533180778, 0.38367072171950223, 0.32747421549264866, 0.4326416337285902]
 mean: 0.4320173773447163, std: 0.04764425896690353
Accuracy Intime: [0.7857142857142857, 0.8571428571428571, 0.6071428571428571, 0.7307692307692307, 0.6538461538461539, 0.5714285714285714, 0.6785714285714286, 0.6071428571428571, 0.6923076923076923, 0.5384615384615384, 0.6428571428571429, 0.6785714285714286, 0.6071428571428571, 0.6923076923076923, 0.5769230769230769]
 mean: 0.6613553113553113, std: 0.08191830865579976
F1 (Intime): [0.7946428571428572, 0.8593406593406594, 0.5804424333836098, 0.6690233785822021, 0.5595238095238095, 0.5802968960863698, 0.6924603174603174, 0.6169467787114846, 0.5696969696969697, 0.4660714285714286, 0.6486263736263735, 0.6910148674854557, 0.5991161616161615, 0.6234262125902993, 0.5183823529411764]
 mean: 0.6312674331172783, std: 0.0977078543610036
--------------------------------------------------
Subject Number: 6
Accuracy Cross: [0.47058823529411764, 0.4411764705882353, 0.4264705882352941, 0.5, 0.4411764705882353, 0.43478260869565216, 0.463768115942029, 0.43478260869565216, 0.4492753623188406, 0.4782608695652174, 0.34782608695652173, 0.4057971014492754, 0.391304347826087, 0.43478260869565216, 0.5072463768115942]
 mean: 0.4418158567774936, std: 0.039520220003717355
F1 Score: [0.4950007970667942, 0.46323953823953823, 0.4371031746031746, 0.5055860805860806, 0.4592105263157894, 0.34737196765498646, 0.39276695526695526, 0.3786299765807962, 0.39254447093343114, 0.44699121027721433, 0.3720037001287001, 0.42197192948274126, 0.41020951085729285, 0.45642599144921125, 0.5363095238095238]
 mean: 0.4343576902168153, std: 0.05165656761643997
Accuracy Intime: [0.75, 0.5357142857142857, 0.5714285714285714, 0.5357142857142857, 0.46153846153846156, 0.5714285714285714, 0.6785714285714286, 0.5, 0.4230769230769231, 0.4230769230769231, 0.6071428571428571, 0.5, 0.5714285714285714, 0.6923076923076923, 0.38461538461538464]
 mean: 0.5470695970695971, std: 0.10135770081815075
F1 (Intime): [0.7511459129106188, 0.4732456140350877, 0.5651785714285714, 0.5355616605616605, 0.361344537815126, 0.593939393939394, 0.6934294871794872, 0.5090277777777779, 0.31988636363636364, 0.35833333333333334, 0.6014957264957265, 0.5141525141525142, 0.5911199095022626, 0.6310391363022941, 0.2954545454545454]
 mean: 0.5196236323016509, std: 0.1315036205794039
--------------------------------------------------
Subject Number: 7
Accuracy Cross: [0.5882352941176471, 0.5882352941176471, 0.4852941176470588, 0.6764705882352942, 0.5441176470588235, 0.39705882352941174, 0.4264705882352941, 0.45588235294117646, 0.4264705882352941, 0.5, 0.5441176470588235, 0.5147058823529411, 0.5, 0.5147058823529411, 0.47058823529411764]
 mean: 0.5088235294117648, std: 0.07038369057175517
F1 Score: [0.5621139378711058, 0.5772164786967419, 0.45357389790906705, 0.6657936507936508, 0.5135812504233557, 0.36616161616161613, 0.4178149854021947, 0.46173252035321, 0.4057128064067299, 0.4655357142857143, 0.5478539028830627, 0.5080846759507586, 0.48743386243386244, 0.5264529914529915, 0.4867837553973625]
 mean: 0.4963897364280949, std: 0.07259450436088477
Accuracy Intime: [0.5357142857142857, 0.5, 0.5714285714285714, 0.5, 0.5384615384615384, 0.6785714285714286, 0.5357142857142857, 0.75, 0.5769230769230769, 0.5384615384615384, 0.75, 0.6428571428571429, 0.6428571428571429, 0.5, 0.5]
 mean: 0.5840659340659341, std: 0.084941808883668
F1 (Intime): [0.5083333333333333, 0.506453634085213, 0.5625, 0.4534090909090909, 0.49730392156862746, 0.6649572649572649, 0.5085891812865497, 0.7416666666666666, 0.46638655462184875, 0.4946428571428571, 0.7529334700387331, 0.650305576776165, 0.6356394830659536, 0.4654034690799396, 0.4776570048309179]
 mean: 0.5590787672242107, std: 0.09911210273462416
--------------------------------------------------
Subject Number: 8
Accuracy Cross: [0.23529411764705882, 0.22058823529411764, 0.27941176470588236, 0.3088235294117647, 0.3088235294117647, 0.36764705882352944, 0.3088235294117647, 0.4264705882352941, 0.38235294117647056, 0.3088235294117647, 0.35294117647058826, 0.3088235294117647, 0.45588235294117646, 0.4264705882352941, 0.3382352941176471]
 mean: 0.33529411764705885, std: 0.06559109287716756
F1 Score: [0.2379544723294723, 0.22505068093303388, 0.31260494824324614, 0.3179406800096455, 0.3173153099623688, 0.37983367079228003, 0.31661840411840414, 0.44432948324782895, 0.39242272347535506, 0.3252666033153838, 0.35267264327020165, 0.3401994385690038, 0.4920304920304921, 0.44008600095556616, 0.3427586750167395]
 mean: 0.34913894841793475, std: 0.06995595185988515
Accuracy Intime: [0.5, 0.6428571428571429, 0.39285714285714285, 0.4230769230769231, 0.4230769230769231, 0.42857142857142855, 0.32142857142857145, 0.42857142857142855, 0.34615384615384615, 0.5, 0.39285714285714285, 0.4642857142857143, 0.32142857142857145, 0.4230769230769231, 0.5769230769230769]
 mean: 0.43901098901098906, std: 0.08569902183993902
F1 (Intime): [0.4970588235294118, 0.6268241626794259, 0.39444444444444443, 0.43730158730158725, 0.4201465201465201, 0.43973102061337355, 0.2621047430830039, 0.4371794871794872, 0.3568250377073906, 0.49264705882352944, 0.39652777777777776, 0.48958333333333337, 0.31525689223057646, 0.40172546751494115, 0.5634920634920635]
 mean: 0.43538989465712435, std: 0.0888016075562924
--------------------------------------------------
Subject Number: 9
Accuracy Cross: [0.5441176470588235, 0.5588235294117647, 0.4411764705882353, 0.5147058823529411, 0.5588235294117647, 0.3235294117647059, 0.35294117647058826, 0.3382352941176471, 0.36764705882352944, 0.35294117647058826, 0.35294117647058826, 0.4264705882352941, 0.4264705882352941, 0.38235294117647056, 0.4117647058823529]
 mean: 0.42352941176470593, std: 0.08040411197573596
F1 Score: [0.5676962676962677, 0.5814604445897352, 0.46902006602129, 0.54215252041339, 0.5804093567251463, 0.3359019029750737, 0.37102405561707885, 0.3385152706576756, 0.38895145145145144, 0.38525410903459684, 0.37323763955342903, 0.44257007767646067, 0.4605784000945291, 0.41564171122994653, 0.43780333670374116]
 mean: 0.4460144406959875, std: 0.08316595172542325
Accuracy Intime: [0.6428571428571429, 0.5, 0.6785714285714286, 0.5, 0.38461538461538464, 0.7142857142857143, 0.6428571428571429, 0.6071428571428571, 0.4230769230769231, 0.38461538461538464, 0.5714285714285714, 0.6785714285714286, 0.6071428571428571, 0.4230769230769231, 0.46153846153846156]
 mean: 0.5479853479853479, std: 0.11074696464002114
F1 (Intime): [0.6514705882352941, 0.5171886936592819, 0.6936188811188811, 0.5381944444444444, 0.30252525252525253, 0.7220588235294118, 0.6474358974358975, 0.6172161172161171, 0.4014844804318488, 0.34285714285714286, 0.5947552447552448, 0.6578947368421053, 0.6141758138662163, 0.30693581780538304, 0.39400584795321636]
 mean: 0.5334545188450491, std: 0.14119355702599778
--------------------------------------------------
Subject Number: 10
Accuracy Cross: [0.2647058823529412, 0.36764705882352944, 0.29411764705882354, 0.3088235294117647, 0.3382352941176471, 0.3088235294117647, 0.2647058823529412, 0.2647058823529412, 0.36764705882352944, 0.29411764705882354, 0.3188405797101449, 0.2753623188405797, 0.36231884057971014, 0.30434782608695654, 0.2753623188405797]
 mean: 0.30731741972151183, std: 0.035818519129341544
F1 Score: [0.24391124871001033, 0.3689393939393939, 0.30006412877477345, 0.32331468522164863, 0.34452475995252996, 0.3067158067158067, 0.2415954415954416, 0.2547244623655914, 0.3573573573573574, 0.29751853724300636, 0.32894693473961767, 0.2861111111111111, 0.3729704404123009, 0.30131350267379675, 0.28163797288221254]
 mean: 0.30730971891297326, std: 0.0409223938586289
Accuracy Intime: [0.32142857142857145, 0.42857142857142855, 0.2857142857142857, 0.34615384615384615, 0.2692307692307692, 0.5, 0.4642857142857143, 0.2857142857142857, 0.4230769230769231, 0.38461538461538464, 0.39285714285714285, 0.35714285714285715, 0.39285714285714285, 0.4230769230769231, 0.34615384615384615]
 mean: 0.37472527472527467, std: 0.06521895472720993
F1 (Intime): [0.32678571428571423, 0.4212614870509607, 0.27900641025641026, 0.3050379572118702, 0.2661401098901099, 0.5151515151515151, 0.48181818181818187, 0.23452380952380952, 0.4275724275724276, 0.3621031746031746, 0.3181511470985155, 0.35490196078431374, 0.3864734299516908, 0.3983516483516484, 0.35205802968960864]
 mean: 0.3619558002159967, std: 0.07590683918490665
--------------------------------------------------
Subject Number: 11
Accuracy Cross: [0.34782608695652173, 0.3333333333333333, 0.34782608695652173, 0.3333333333333333, 0.3188405797101449, 0.463768115942029, 0.4782608695652174, 0.4492753623188406, 0.4057971014492754, 0.37681159420289856, 0.34782608695652173, 0.34782608695652173, 0.4782608695652174, 0.42028985507246375, 0.37681159420289856]
 mean: 0.3884057971014493, std: 0.05453590644123704
F1 Score: [0.33726076555023926, 0.3146636645088658, 0.34330916927899685, 0.32633287764866714, 0.30464444092492876, 0.4279239766081871, 0.4439534984647767, 0.43469820865527875, 0.36567460317460315, 0.3357530079913801, 0.280044939936047, 0.3091132947966185, 0.4542413043301513, 0.4199609325538125, 0.3516959556631239]
 mean: 0.3632847093390451, std: 0.05554377990408401
Accuracy Intime: [0.32142857142857145, 0.35714285714285715, 0.4642857142857143, 0.5714285714285714, 0.5769230769230769, 0.32142857142857145, 0.4642857142857143, 0.5714285714285714, 0.4642857142857143, 0.46153846153846156, 0.32142857142857145, 0.32142857142857145, 0.4642857142857143, 0.5714285714285714, 0.5769230769230769]
 mean: 0.45531135531135525, std: 0.10057330061356978
F1 (Intime): [0.26964285714285713, 0.34789915966386553, 0.42932330827067666, 0.5616421568627451, 0.5380952380952381, 0.27499999999999997, 0.43472222222222223, 0.5625293179472746, 0.4227994227994228, 0.43660714285714286, 0.24962121212121213, 0.2696741854636592, 0.4397893772893773, 0.5584224598930482, 0.5395658263305322]
 mean: 0.4223555924639516, std: 0.11228939668172223
--------------------------------------------------
Subject Number: 12
Accuracy Cross: [0.5, 0.5735294117647058, 0.5294117647058824, 0.5882352941176471, 0.4852941176470588, 0.43478260869565216, 0.4782608695652174, 0.5362318840579711, 0.5507246376811594, 0.5072463768115942, 0.47058823529411764, 0.47058823529411764, 0.45588235294117646, 0.4852941176470588, 0.5147058823529411]
 mean: 0.5053850525717534, std: 0.04212008013678982
F1 Score: [0.48609870580494813, 0.557106542882405, 0.5088702147525677, 0.605154010244148, 0.498469751866491, 0.4529856618289911, 0.49155592469545956, 0.5346492575524834, 0.5622970564147035, 0.5194743449219152, 0.4700906678460858, 0.48623452019678437, 0.4712412587412587, 0.4826599326599327, 0.5287912324550255]
 mean: 0.5103786055242132, std: 0.039799655989595444
Accuracy Intime: [0.6785714285714286, 0.6428571428571429, 0.4642857142857143, 0.4230769230769231, 0.5, 0.42857142857142855, 0.5357142857142857, 0.5714285714285714, 0.3076923076923077, 0.3076923076923077, 0.7142857142857143, 0.6071428571428571, 0.6428571428571429, 0.5, 0.5384615384615384]
 mean: 0.5241758241758242, std: 0.11984741201043922
F1 (Intime): [0.6875350140056022, 0.6410984848484849, 0.43480392156862746, 0.3403846153846154, 0.42410714285714285, 0.4498585972850679, 0.5234162895927602, 0.5732793522267207, 0.24849170437405732, 0.3011904761904762, 0.7194444444444444, 0.6310294968189705, 0.6288461538461538, 0.481578947368421, 0.4589635854341737]
 mean: 0.502935215083048, std: 0.1379853856932724
--------------------------------------------------
Subject Number: 13
Accuracy Cross: [0.4117647058823529, 0.35294117647058826, 0.38235294117647056, 0.29411764705882354, 0.4264705882352941, 0.42028985507246375, 0.391304347826087, 0.3333333333333333, 0.43478260869565216, 0.43478260869565216, 0.35294117647058826, 0.35294117647058826, 0.35294117647058826, 0.36764705882352944, 0.27941176470588236]
 mean: 0.3725348110258596, std: 0.046793379989136234
F1 Score: [0.4381555944055944, 0.3610612706007443, 0.41051047529706064, 0.3322850352262117, 0.42790880503144657, 0.43521896159806095, 0.39738359111760646, 0.3237044817927171, 0.44389005602240894, 0.4434774436090226, 0.3715861199732167, 0.3689982322948491, 0.3778635778635778, 0.384450137498918, 0.29883599781375964]
 mean: 0.3876886520096798, std: 0.044566435525517784
Accuracy Intime: [0.4642857142857143, 0.35714285714285715, 0.42857142857142855, 0.4230769230769231, 0.34615384615384615, 0.39285714285714285, 0.4642857142857143, 0.4642857142857143, 0.34615384615384615, 0.38461538461538464, 0.5, 0.35714285714285715, 0.5357142857142857, 0.46153846153846156, 0.34615384615384615]
 mean: 0.4181318681318681, std: 0.05982201996906798
F1 (Intime): [0.4655637254901961, 0.30833333333333335, 0.45587044534412957, 0.4126984126984127, 0.29473039215686275, 0.40326797385620916, 0.4368131868131868, 0.4736519607843137, 0.4067982456140351, 0.3711269123033829, 0.513630229419703, 0.29963235294117646, 0.5357142857142857, 0.494457297088876, 0.315018315018315]
 mean: 0.41248713790509445, std: 0.07743608079036729
--------------------------------------------------
Subject Number: 14
Accuracy Cross: [0.35294117647058826, 0.38235294117647056, 0.3382352941176471, 0.27941176470588236, 0.36764705882352944, 0.4117647058823529, 0.4411764705882353, 0.4264705882352941, 0.3235294117647059, 0.3382352941176471, 0.39705882352941174, 0.36764705882352944, 0.36764705882352944, 0.4411764705882353, 0.36764705882352944]
 mean: 0.37352941176470594, std: 0.043558548806907946
F1 Score: [0.37642865559090377, 0.41586380105401843, 0.3634819145049324, 0.292390350877193, 0.3798116298116298, 0.42575020164605837, 0.45814009462260524, 0.43273809523809526, 0.331269592476489, 0.32511785040854807, 0.4156535368679297, 0.32472209618874776, 0.37806735836627137, 0.4340156844654596, 0.37607978708522183]
 mean: 0.38196870994694027, std: 0.046775881510525
Accuracy Intime: [0.4642857142857143, 0.5, 0.5714285714285714, 0.46153846153846156, 0.4230769230769231, 0.5, 0.6071428571428571, 0.42857142857142855, 0.5769230769230769, 0.46153846153846156, 0.39285714285714285, 0.39285714285714285, 0.32142857142857145, 0.5, 0.46153846153846156]
 mean: 0.4708791208791209, std: 0.07364687265887995
F1 (Intime): [0.48431372549019613, 0.496218487394958, 0.5788690476190477, 0.2982456140350877, 0.3934984520123839, 0.5297619047619048, 0.6149350649350649, 0.44561403508771935, 0.605549421338895, 0.4519199346405229, 0.3285714285714285, 0.40489718614718617, 0.3278456837280367, 0.48124999999999996, 0.4674679487179487]
 mean: 0.4605971956320254, std: 0.09494726077472657
--------------------------------------------------
Subject Number: 15
Accuracy Cross: [0.38235294117647056, 0.39705882352941174, 0.39705882352941174, 0.39705882352941174, 0.47058823529411764, 0.5588235294117647, 0.47058823529411764, 0.5735294117647058, 0.5735294117647058, 0.5735294117647058, 0.4852941176470588, 0.4852941176470588, 0.4411764705882353, 0.4411764705882353, 0.45588235294117646]
 mean: 0.47352941176470587, std: 0.06624723884912216
F1 Score: [0.4115128822790113, 0.4147122074636306, 0.4154188948306595, 0.4351946575731742, 0.4991296175220661, 0.5596648947258703, 0.48449642567289625, 0.577924368912741, 0.5874082477258881, 0.5695217902664711, 0.47782407407407407, 0.48667467201949965, 0.43888067668555475, 0.42316258537397966, 0.4649649649649649]
 mean: 0.4830993973393654, std: 0.06113170147360026
Accuracy Intime: [0.5357142857142857, 0.6428571428571429, 0.6785714285714286, 0.6538461538461539, 0.3076923076923077, 0.4642857142857143, 0.35714285714285715, 0.5, 0.6153846153846154, 0.4230769230769231, 0.6071428571428571, 0.6428571428571429, 0.5357142857142857, 0.6538461538461539, 0.6153846153846154]
 mean: 0.548901098901099, std: 0.11237215270886192
F1 (Intime): [0.5591491841491841, 0.6424522845575478, 0.6766025641025641, 0.6765873015873016, 0.2648809523809524, 0.45859914938862306, 0.32264957264957267, 0.49722222222222223, 0.6151960784313726, 0.4277777777777778, 0.5947994987468672, 0.6598214285714286, 0.5354426619132502, 0.6569789859263543, 0.6075487012987013]
 mean: 0.546380557580248, std: 0.12458803920740594
--------------------------------------------------
Subject Number: 16
Accuracy Cross: [0.47058823529411764, 0.5441176470588235, 0.5, 0.5441176470588235, 0.5735294117647058, 0.38235294117647056, 0.3382352941176471, 0.4411764705882353, 0.4852941176470588, 0.4117647058823529, 0.5294117647058824, 0.5882352941176471, 0.5147058823529411, 0.5, 0.4852941176470588]
 mean: 0.4872549019607843, std: 0.06746921778072648
F1 Score: [0.3901484480431849, 0.511010101010101, 0.46000048730751353, 0.5282734848815394, 0.5226839826839826, 0.3479722189399609, 0.31747600225861095, 0.40584535701072877, 0.469017938583156, 0.3933555990007603, 0.45759725634725634, 0.49873737373737376, 0.46904761904761905, 0.4603695265032475, 0.41793124091260736]
 mean: 0.4432977757511762, std: 0.0608628665598906
Accuracy Intime: [0.5714285714285714, 0.5357142857142857, 0.6428571428571429, 0.6153846153846154, 0.6153846153846154, 0.5714285714285714, 0.42857142857142855, 0.6428571428571429, 0.6153846153846154, 0.38461538461538464, 0.6785714285714286, 0.6071428571428571, 0.8214285714285714, 0.7307692307692307, 0.5384615384615384]
 mean: 0.6, std: 0.10394543386910095
F1 (Intime): [0.5720779220779221, 0.47812713602187285, 0.6427350427350428, 0.5762362637362637, 0.6217032967032967, 0.5288349077822762, 0.39299719887955176, 0.6311934389140271, 0.5650793650793651, 0.395940170940171, 0.6618241235888296, 0.6078947368421053, 0.8145065718595131, 0.7152777777777777, 0.5118629908103591]
 mean: 0.5810860629165583, std: 0.10826844922549736
--------------------------------------------------
Subject Number: 17
Accuracy Cross: [0.43478260869565216, 0.4057971014492754, 0.391304347826087, 0.43478260869565216, 0.391304347826087, 0.4057971014492754, 0.37681159420289856, 0.42028985507246375, 0.463768115942029, 0.391304347826087, 0.45588235294117646, 0.47058823529411764, 0.4411764705882353, 0.47058823529411764, 0.4117647058823529]
 mean: 0.4243961352657005, std: 0.03024791198217183
F1 Score: [0.38864131511190336, 0.3598510171876336, 0.35726318499427745, 0.43497474747474746, 0.36664665866346535, 0.3601190476190476, 0.33594657375145176, 0.3607387236419495, 0.4042207792207792, 0.3312244024695886, 0.4397018970189702, 0.46657668881506087, 0.432861931699141, 0.4777379053694843, 0.41274354569413974]
 mean: 0.3952832279154427, std: 0.045347704911113035
Accuracy Intime: [0.32142857142857145, 0.2857142857142857, 0.39285714285714285, 0.38461538461538464, 0.5, 0.5714285714285714, 0.5714285714285714, 0.5, 0.5769230769230769, 0.6538461538461539, 0.42857142857142855, 0.7142857142857143, 0.5, 0.5, 0.5]
 mean: 0.49340659340659343, std: 0.11336005093155366
F1 (Intime): [0.2566844919786096, 0.25037593984962403, 0.3296703296703296, 0.2868253968253968, 0.4832887700534759, 0.5968253968253968, 0.5856227106227107, 0.46825396825396826, 0.5555555555555556, 0.6513888888888889, 0.44845085470085466, 0.7223214285714286, 0.5089597902097902, 0.5094322344322344, 0.4328947368421052]
 mean: 0.47243669955202444, std: 0.13792006702858994
--------------------------------------------------
Subject Number: 18
Accuracy Cross: [0.34782608695652173, 0.34782608695652173, 0.42028985507246375, 0.42028985507246375, 0.391304347826087, 0.3235294117647059, 0.35294117647058826, 0.29411764705882354, 0.3088235294117647, 0.35294117647058826, 0.39705882352941174, 0.3382352941176471, 0.3382352941176471, 0.36764705882352944, 0.35294117647058826]
 mean: 0.3569337880079567, std: 0.03579889944337965
F1 Score: [0.37454407294832825, 0.36528643715550735, 0.410888036947359, 0.4400087501151331, 0.4258241758241758, 0.34632511068943705, 0.3683554034617864, 0.325940725940726, 0.3453301680203854, 0.3812069503443972, 0.42793987621573826, 0.34794973544973545, 0.3517698236135388, 0.3845270838542495, 0.3965674110835401]
 mean: 0.37949758411093587, std: 0.03337690547661479
Accuracy Intime: [0.5357142857142857, 0.4642857142857143, 0.6428571428571429, 0.34615384615384615, 0.3076923076923077, 0.5714285714285714, 0.5, 0.5714285714285714, 0.46153846153846156, 0.34615384615384615, 0.5, 0.35714285714285715, 0.6785714285714286, 0.38461538461538464, 0.34615384615384615]
 mean: 0.4675824175824176, std: 0.11327746289979473
F1 (Intime): [0.5375291375291376, 0.4521246297562087, 0.6510594668489406, 0.34407993966817496, 0.28783891547049445, 0.590174531351002, 0.49264705882352944, 0.5820707070707071, 0.512797619047619, 0.3555555555555555, 0.5048611111111111, 0.37289915966386555, 0.6766025641025641, 0.428785030758715, 0.3382352941176471]
 mean: 0.4751507147250182, std: 0.11579744874984217
--------------------------------------------------
Subject Number: 19
Accuracy Cross: [0.19117647058823528, 0.25, 0.23529411764705882, 0.2647058823529412, 0.29411764705882354, 0.39705882352941174, 0.4411764705882353, 0.4852941176470588, 0.5147058823529411, 0.5, 0.38235294117647056, 0.3382352941176471, 0.39705882352941174, 0.3088235294117647, 0.36764705882352944]
 mean: 0.3578431372549019, std: 0.09720231025839558
F1 Score: [0.1909409112482202, 0.24036536536536535, 0.2587251828631139, 0.26581632653061227, 0.3159539473684211, 0.3675158434369643, 0.3959558823529412, 0.5017279411764706, 0.4997747747747748, 0.4986769459881587, 0.36333267502715516, 0.339572192513369, 0.3839640550706125, 0.3220610488485364, 0.3522727272727273]
 mean: 0.3531103879891629, std: 0.0916350682912855
Accuracy Intime: [0.6071428571428571, 0.42857142857142855, 0.4642857142857143, 0.6923076923076923, 0.46153846153846156, 0.6071428571428571, 0.32142857142857145, 0.35714285714285715, 0.5384615384615384, 0.46153846153846156, 0.6071428571428571, 0.5714285714285714, 0.5, 0.5, 0.5]
 mean: 0.5078754578754578, std: 0.09616099746649166
F1 (Intime): [0.5944816053511706, 0.4349206349206349, 0.47192982456140353, 0.7080841307814991, 0.4630952380952381, 0.6316239316239316, 0.2869318181818182, 0.34822432469491293, 0.4397938662644545, 0.45850202429149794, 0.6241071428571429, 0.5328256302521008, 0.5019904931669638, 0.48218623481781375, 0.4345238095238095]
 mean: 0.4942147139589595, std: 0.10655299480122801
--------------------------------------------------
Subject Number: 20
Accuracy Cross: [0.5882352941176471, 0.5441176470588235, 0.5588235294117647, 0.5294117647058824, 0.5735294117647058, 0.4264705882352941, 0.4852941176470588, 0.4411764705882353, 0.39705882352941174, 0.4264705882352941, 0.42028985507246375, 0.43478260869565216, 0.34782608695652173, 0.4782608695652174, 0.5072463768115942]
 mean: 0.47726626882637124, std: 0.06884129086872776
F1 Score: [0.6093386336521348, 0.5625, 0.5788783651686877, 0.5368627450980392, 0.5944134351743048, 0.41391812865497074, 0.4963372859025033, 0.4643410852713178, 0.380768228815767, 0.43915933528836754, 0.4348577743648501, 0.44965705169071224, 0.37376482213438733, 0.48696752110105446, 0.5208830025395537]
 mean: 0.48950982765711015, std: 0.0733199098514672
Accuracy Intime: [0.5714285714285714, 0.5357142857142857, 0.4642857142857143, 0.4230769230769231, 0.4230769230769231, 0.7142857142857143, 0.6785714285714286, 0.6071428571428571, 0.5384615384615384, 0.46153846153846156, 0.6428571428571429, 0.5357142857142857, 0.42857142857142855, 0.5769230769230769, 0.4230769230769231]
 mean: 0.5349816849816851, std: 0.09380687056161788
F1 (Intime): [0.5722222222222223, 0.5469635627530364, 0.48470279720279724, 0.40952380952380946, 0.40053867700926526, 0.7184294871794873, 0.6859943977591036, 0.6263354700854701, 0.44705882352941173, 0.4725081699346405, 0.6511904761904762, 0.5553681612505141, 0.4523411371237458, 0.5911377708978328, 0.36169467787114845]
 mean: 0.5317339760355307, std: 0.1058562043723526
--------------------------------------------------
Subject Number: 21
Accuracy Cross: [0.4264705882352941, 0.4117647058823529, 0.4117647058823529, 0.4117647058823529, 0.39705882352941174, 0.3235294117647059, 0.45588235294117646, 0.3235294117647059, 0.4117647058823529, 0.45588235294117646, 0.4117647058823529, 0.38235294117647056, 0.4264705882352941, 0.4264705882352941, 0.4264705882352941]
 mean: 0.4068627450980393, std: 0.037460731714789794
F1 Score: [0.385359231411863, 0.36926406926406924, 0.3822291203039316, 0.38379636775222514, 0.38035429482797906, 0.30780844155844156, 0.43446880675141547, 0.2991567460317461, 0.3840598135418961, 0.4140254677754677, 0.39557199906037116, 0.3775609756097561, 0.37258771929824563, 0.40524234641881696, 0.3983391608391609]
 mean: 0.3793216373630257, std: 0.03398213539486961
Accuracy Intime: [0.5714285714285714, 0.6071428571428571, 0.5714285714285714, 0.5, 0.5769230769230769, 0.42857142857142855, 0.5357142857142857, 0.42857142857142855, 0.5384615384615384, 0.5769230769230769, 0.5357142857142857, 0.6071428571428571, 0.35714285714285715, 0.46153846153846156, 0.5384615384615384]
 mean: 0.5223443223443223, std: 0.07076236704442672
F1 (Intime): [0.5316239316239316, 0.6035714285714285, 0.46825396825396826, 0.4654761904761905, 0.5597123464770524, 0.4018207282913165, 0.5370879120879121, 0.3805555555555556, 0.43914473684210525, 0.49523809523809526, 0.5075757575757576, 0.5627360255843228, 0.30718623481781376, 0.42380952380952375, 0.5444947209653093]
 mean: 0.4818858104113522, std: 0.07768884038386575
--------------------------------------------------
Subject Number: 22
Accuracy Cross: [0.35294117647058826, 0.39705882352941174, 0.3382352941176471, 0.4852941176470588, 0.36764705882352944, 0.34782608695652173, 0.4492753623188406, 0.391304347826087, 0.36231884057971014, 0.36231884057971014, 0.36764705882352944, 0.36764705882352944, 0.38235294117647056, 0.38235294117647056, 0.4411764705882353]
 mean: 0.38635976129582267, std: 0.04003857895425321
F1 Score: [0.3847958641191724, 0.3945840653884348, 0.36221502075160616, 0.4988387216648087, 0.4086517347386913, 0.30300654082201156, 0.429940170071749, 0.3793252225746505, 0.3591762013729977, 0.3614682430031974, 0.4020401795001337, 0.39647401908801694, 0.3935283466533467, 0.40561872909699, 0.47906504065040656]
 mean: 0.39724853996641424, std: 0.04592950270645956
Accuracy Intime: [0.5357142857142857, 0.4642857142857143, 0.4642857142857143, 0.4230769230769231, 0.2692307692307692, 0.5, 0.5714285714285714, 0.39285714285714285, 0.46153846153846156, 0.34615384615384615, 0.6071428571428571, 0.5357142857142857, 0.35714285714285715, 0.4230769230769231, 0.2692307692307692]
 mean: 0.4413919413919413, std: 0.09850177149835058
F1 (Intime): [0.5571428571428572, 0.4693017127799737, 0.45609243697478996, 0.45833333333333326, 0.23168498168498167, 0.5128976286871023, 0.5883838383838383, 0.3551587301587301, 0.44348739495798317, 0.3253759398496241, 0.6162280701754386, 0.5404761904761904, 0.3433704453441295, 0.39983660130718957, 0.2232142857142857]
 mean: 0.43473229646469647, std: 0.1168856855145562
--------------------------------------------------
Subject Number: 23
Accuracy Cross: [0.4057971014492754, 0.42028985507246375, 0.37681159420289856, 0.5652173913043478, 0.4492753623188406, 0.4852941176470588, 0.5147058823529411, 0.5147058823529411, 0.5147058823529411, 0.5294117647058824, 0.391304347826087, 0.42028985507246375, 0.43478260869565216, 0.4782608695652174, 0.37681159420289856]
 mean: 0.4585109406081273, std: 0.05842903384231634
F1 Score: [0.41867925765623976, 0.4432849189822119, 0.3948282408648262, 0.5869281045751633, 0.4649471849923628, 0.4614479211936839, 0.5195858343337334, 0.5057714649168922, 0.5117320085929109, 0.5176639850552894, 0.40282392604525097, 0.41100582187538715, 0.4307122412819564, 0.49025614527201594, 0.38202392443463873]
 mean: 0.4627793986715042, std: 0.0562289592185371
Accuracy Intime: [0.4642857142857143, 0.7857142857142857, 0.42857142857142855, 0.34615384615384615, 0.34615384615384615, 0.5714285714285714, 0.7142857142857143, 0.6428571428571429, 0.5357142857142857, 0.3076923076923077, 0.7142857142857143, 0.7142857142857143, 0.5714285714285714, 0.6538461538461539, 0.34615384615384615]
 mean: 0.5428571428571428, std: 0.15529731604249838
F1 (Intime): [0.44242424242424244, 0.7892156862745098, 0.4554112554112554, 0.27992776057791535, 0.30965909090909094, 0.5760765550239234, 0.7304055593529277, 0.643411490470314, 0.5458683473389356, 0.26041666666666663, 0.7333333333333334, 0.7172619047619048, 0.6019607843137256, 0.6577380952380952, 0.2914141414141414]
 mean: 0.5356349942340656, std: 0.17775270163078438
--------------------------------------------------
Subject Number: 24
Accuracy Cross: [0.3382352941176471, 0.39705882352941174, 0.27941176470588236, 0.2647058823529412, 0.17647058823529413, 0.27941176470588236, 0.3235294117647059, 0.3235294117647059, 0.4117647058823529, 0.36764705882352944, 0.25, 0.25, 0.23529411764705882, 0.3235294117647059, 0.27941176470588236]
 mean: 0.3, std: 0.06141356769947382
F1 Score: [0.32787427626137305, 0.3822843822843823, 0.28362135176651304, 0.2603254743192824, 0.17552792489714272, 0.27519624805885967, 0.3303443649373882, 0.3173115079365079, 0.4150828636122754, 0.36670168067226894, 0.24966608594657375, 0.24344799344799345, 0.22671549153588022, 0.3266817765794291, 0.2789279451618046]
 mean: 0.29731395782784503, std: 0.06140693387668426
Accuracy Intime: [0.5, 0.35714285714285715, 0.5, 0.38461538461538464, 0.3076923076923077, 0.32142857142857145, 0.2857142857142857, 0.42857142857142855, 0.5, 0.38461538461538464, 0.5714285714285714, 0.42857142857142855, 0.39285714285714285, 0.46153846153846156, 0.38461538461538464]
 mean: 0.413919413919414, std: 0.0784237877875701
F1 (Intime): [0.47320261437908506, 0.3494532428355958, 0.4807692307692308, 0.37790346907993966, 0.30116959064327486, 0.28405103668261567, 0.2761904761904762, 0.4092948717948718, 0.5, 0.3775676937441643, 0.5413461538461539, 0.40705128205128205, 0.3382867132867133, 0.44285714285714284, 0.38780284043441937]
 mean: 0.3964630905729978, std: 0.07732631326297047
--------------------------------------------------
Subject Number: 25
Accuracy Cross: [0.4782608695652174, 0.42028985507246375, 0.4057971014492754, 0.4057971014492754, 0.4492753623188406, 0.4264705882352941, 0.4852941176470588, 0.45588235294117646, 0.5, 0.5147058823529411, 0.4852941176470588, 0.4117647058823529, 0.4264705882352941, 0.36764705882352944, 0.4411764705882353]
 mean: 0.4449417448138676, std: 0.03987293682831993
F1 Score: [0.43758503401360543, 0.3701058201058201, 0.37768642647674905, 0.3264177489177489, 0.41999123618481915, 0.36399982131689446, 0.41120869152905765, 0.407102157102157, 0.441922821760283, 0.46008158508158503, 0.46292064122946475, 0.38359990689322654, 0.3979696608373079, 0.3446955005778535, 0.40269607843137256]
 mean: 0.40053220869719636, std: 0.03894551568500439
Accuracy Intime: [0.6428571428571429, 0.5357142857142857, 0.35714285714285715, 0.6538461538461539, 0.5384615384615384, 0.6428571428571429, 0.4642857142857143, 0.39285714285714285, 0.7692307692307693, 0.6538461538461539, 0.5357142857142857, 0.4642857142857143, 0.35714285714285715, 0.5769230769230769, 0.34615384615384615]
 mean: 0.5287545787545788, std: 0.12561833005536618
F1 (Intime): [0.6264880952380952, 0.5388471177944861, 0.3412353347135956, 0.5967105263157895, 0.5214646464646465, 0.6194444444444445, 0.42753759398496244, 0.3405637254901961, 0.6246323529411765, 0.5695365865644504, 0.48599439775910364, 0.4514957264957265, 0.29404761904761906, 0.5266666666666666, 0.2909090909090909]
 mean: 0.48370492832200335, std: 0.11640356747307727
--------------------------------------------------
Subject Number: 26
Accuracy Cross: [0.463768115942029, 0.4782608695652174, 0.4927536231884058, 0.5652173913043478, 0.5072463768115942, 0.39705882352941174, 0.38235294117647056, 0.39705882352941174, 0.4117647058823529, 0.39705882352941174, 0.5735294117647058, 0.5294117647058824, 0.5588235294117647, 0.5735294117647058, 0.5294117647058824]
 mean: 0.48381642512077294, std: 0.06910642087082147
F1 Score: [0.48164231228747356, 0.478003073508068, 0.5115384615384615, 0.5718650793650795, 0.5245116346786853, 0.4277400672561963, 0.37830687830687826, 0.39458689458689455, 0.42484835952577893, 0.43048891515461285, 0.6061577733860343, 0.5483561587327779, 0.5824708624708624, 0.593015873015873, 0.5589695959355402]
 mean: 0.5008334626499479, std: 0.07342560499337995
Accuracy Intime: [0.4642857142857143, 0.5357142857142857, 0.42857142857142855, 0.5769230769230769, 0.38461538461538464, 0.6785714285714286, 0.6428571428571429, 0.5357142857142857, 0.5, 0.4230769230769231, 0.5, 0.42857142857142855, 0.42857142857142855, 0.6153846153846154, 0.38461538461538464]
 mean: 0.5018315018315019, std: 0.09061030234772188
F1 (Intime): [0.45080128205128206, 0.5542735042735043, 0.44326923076923075, 0.5208333333333333, 0.3666666666666667, 0.7057152406417113, 0.6548611111111111, 0.5520833333333333, 0.4889391654097537, 0.4695378151260504, 0.48824786324786323, 0.4625, 0.4401785714285714, 0.6433958198664081, 0.33571428571428574]
 mean: 0.5051344815315404, std: 0.09971281321649217
--------------------------------------------------
Subject Number: 27
Accuracy Cross: [0.43478260869565216, 0.4057971014492754, 0.391304347826087, 0.43478260869565216, 0.391304347826087, 0.4057971014492754, 0.37681159420289856, 0.42028985507246375, 0.463768115942029, 0.391304347826087, 0.45588235294117646, 0.47058823529411764, 0.4411764705882353, 0.47058823529411764, 0.4117647058823529]
 mean: 0.4243961352657005, std: 0.03024791198217183
F1 Score: [0.38864131511190336, 0.3598510171876336, 0.35726318499427745, 0.43497474747474746, 0.36664665866346535, 0.3601190476190476, 0.33594657375145176, 0.3607387236419495, 0.4042207792207792, 0.3312244024695886, 0.4397018970189702, 0.46657668881506087, 0.432861931699141, 0.4777379053694843, 0.41274354569413974]
 mean: 0.3952832279154427, std: 0.045347704911113035
Accuracy Intime: [0.32142857142857145, 0.2857142857142857, 0.39285714285714285, 0.38461538461538464, 0.5, 0.5714285714285714, 0.5714285714285714, 0.5, 0.5769230769230769, 0.6538461538461539, 0.42857142857142855, 0.7142857142857143, 0.5, 0.5, 0.5]
 mean: 0.49340659340659343, std: 0.11336005093155366
F1 (Intime): [0.2566844919786096, 0.25037593984962403, 0.3296703296703296, 0.2868253968253968, 0.4832887700534759, 0.5968253968253968, 0.5856227106227107, 0.46825396825396826, 0.5555555555555556, 0.6513888888888889, 0.44845085470085466, 0.7223214285714286, 0.5089597902097902, 0.5094322344322344, 0.4328947368421052]
 mean: 0.47243669955202444, std: 0.13792006702858994
--------------------------------------------------
Subject Number: 28
Accuracy Cross: [0.35294117647058826, 0.29411764705882354, 0.3235294117647059, 0.29411764705882354, 0.29411764705882354, 0.25, 0.29411764705882354, 0.27941176470588236, 0.25, 0.2647058823529412, 0.39705882352941174, 0.4264705882352941, 0.5147058823529411, 0.47058823529411764, 0.5294117647058824]
 mean: 0.3490196078431372, std: 0.0921464324510524
F1 Score: [0.3450335871025526, 0.2496476522513167, 0.3214285714285714, 0.3086632879315806, 0.30339635854341734, 0.2210098522167488, 0.26064516129032256, 0.24232256434703597, 0.22012894506136763, 0.23031806902774649, 0.3289777983348751, 0.36712690951821386, 0.4628978807835191, 0.4385521885521886, 0.49176777623225126]
 mean: 0.31946110684144724, std: 0.0854911565632265
Accuracy Intime: [0.4642857142857143, 0.4642857142857143, 0.39285714285714285, 0.6923076923076923, 0.5, 0.4642857142857143, 0.42857142857142855, 0.6071428571428571, 0.6153846153846154, 0.5384615384615384, 0.42857142857142855, 0.39285714285714285, 0.5, 0.38461538461538464, 0.4230769230769231]
 mean: 0.48644688644688655, std: 0.0882118667792157
F1 (Intime): [0.4004524886877828, 0.43848039215686274, 0.381831983805668, 0.6425420168067227, 0.4582166199813259, 0.4375, 0.35863095238095233, 0.5649881164587047, 0.6471306471306472, 0.4495614035087719, 0.4344155844155844, 0.42006033182503777, 0.5, 0.3125, 0.41865079365079366]
 mean: 0.45766408872059033, std: 0.0922349129805514
--------------------------------------------------
Subject Number: 29
Accuracy Cross: [0.5, 0.5588235294117647, 0.5735294117647058, 0.5147058823529411, 0.6029411764705882, 0.5882352941176471, 0.5882352941176471, 0.5735294117647058, 0.6470588235294118, 0.5882352941176471, 0.5362318840579711, 0.5217391304347826, 0.5362318840579711, 0.6376811594202898, 0.5652173913043478]
 mean: 0.5688263711281614, std: 0.04108581437015187
F1 Score: [0.5132882882882883, 0.564775641025641, 0.5806271777003483, 0.5172931330218253, 0.5920196952805649, 0.6090120287167784, 0.608638468013468, 0.586656746031746, 0.6674806674806675, 0.6136335209505941, 0.5607798582903772, 0.5445338580814186, 0.5590276366592156, 0.6505910397768561, 0.5801948051948052]
 mean: 0.583236837634173, std: 0.04174732022759224
Accuracy Intime: [0.5357142857142857, 0.6071428571428571, 0.75, 0.6538461538461539, 0.5384615384615384, 0.5357142857142857, 0.6071428571428571, 0.6785714285714286, 0.5769230769230769, 0.6923076923076923, 0.5714285714285714, 0.5714285714285714, 0.5357142857142857, 0.6153846153846154, 0.5769230769230769]
 mean: 0.6031135531135531, std: 0.06280636113949013
F1 (Intime): [0.5636585636585637, 0.6286360698125404, 0.7553921568627451, 0.6764705882352942, 0.5558663558663559, 0.5477855477855478, 0.6098039215686275, 0.6957601222307105, 0.6046703296703296, 0.698340874811463, 0.5702380952380952, 0.5797979797979798, 0.5659632034632035, 0.6726270053475936, 0.5718954248366013]
 mean: 0.6197937492790434, std: 0.06240098309389062
--------------------------------------------------
**************************************************
accuracy_cross_list: [0.4568911622620062, 0.31072747939755613, 0.3144785450412049, 0.5207729468599035, 0.4480392156862746, 0.4418158567774936, 0.5088235294117648, 0.33529411764705885, 0.42352941176470593, 0.30731741972151183, 0.3884057971014493, 0.5053850525717534, 0.3725348110258596, 0.37352941176470594, 0.47352941176470587, 0.4872549019607843, 0.4243961352657005, 0.3569337880079567, 0.3578431372549019, 0.47726626882637124, 0.4068627450980393, 0.38635976129582267, 0.4585109406081273, 0.3, 0.4449417448138676, 0.48381642512077294, 0.4243961352657005, 0.3490196078431372, 0.5688263711281614]
f1_score_list: [0.468403560325347, 0.32403573954208864, 0.29727046856872336, 0.5276792969268713, 0.4320173773447163, 0.4343576902168153, 0.4963897364280949, 0.34913894841793475, 0.4460144406959875, 0.30730971891297326, 0.3632847093390451, 0.5103786055242132, 0.3876886520096798, 0.38196870994694027, 0.4830993973393654, 0.4432977757511762, 0.3952832279154427, 0.37949758411093587, 0.3531103879891629, 0.48950982765711015, 0.3793216373630257, 0.39724853996641424, 0.4627793986715042, 0.29731395782784503, 0.40053220869719636, 0.5008334626499479, 0.3952832279154427, 0.31946110684144724, 0.583236837634173]
accuracy_intime_list: [0.5205128205128204, 0.45238095238095233, 0.44230769230769235, 0.5646520146520146, 0.6613553113553113, 0.5470695970695971, 0.5840659340659341, 0.43901098901098906, 0.5479853479853479, 0.37472527472527467, 0.45531135531135525, 0.5241758241758242, 0.4181318681318681, 0.4708791208791209, 0.548901098901099, 0.6, 0.49340659340659343, 0.4675824175824176, 0.5078754578754578, 0.5349816849816851, 0.5223443223443223, 0.4413919413919413, 0.5428571428571428, 0.413919413919414, 0.5287545787545788, 0.5018315018315019, 0.49340659340659343, 0.48644688644688655, 0.6031135531135531]
f1_score_intime_list: [0.5224112760877466, 0.43589469039159445, 0.4175391151626176, 0.5649808384196929, 0.6312674331172783, 0.5196236323016509, 0.5590787672242107, 0.43538989465712435, 0.5334545188450491, 0.3619558002159967, 0.4223555924639516, 0.502935215083048, 0.41248713790509445, 0.4605971956320254, 0.546380557580248, 0.5810860629165583, 0.47243669955202444, 0.4751507147250182, 0.4942147139589595, 0.5317339760355307, 0.4818858104113522, 0.43473229646469647, 0.5356349942340656, 0.3964630905729978, 0.48370492832200335, 0.5051344815315404, 0.47243669955202444, 0.45766408872059033, 0.6197937492790434]
**************************************************
ACC: 41.75±7.04
F1: 41.40±7.31
Intime: 50.65±6.32
F1 (Intime): 49.20±6.42
