********************
=== Dataset1-2class ===
Metric: Accuracy
           Mixed Linear Model Regression Results
============================================================
Model:               MixedLM  Dependent Variable:  value    
No. Observations:    870      Method:              REML     
No. Groups:          29       Scale:               0.0039   
Min. group size:     30       Log-Likelihood:      1047.3600
Max. group size:     30       Converged:           Yes      
Mean group size:     30.0                                   
------------------------------------------------------------
                  Coef. Std.Err.    z    P>|z| [0.025 0.975]
------------------------------------------------------------
Intercept         0.955    0.004 271.634 0.000  0.948  0.962
C(model)[T.file2] 0.019    0.004   4.375 0.000  0.010  0.027
fold Var          0.001    0.005                            
============================================================

Metric: F1
           Mixed Linear Model Regression Results
============================================================
Model:              MixedLM   Dependent Variable:   value   
No. Observations:   870       Method:               REML    
No. Groups:         29        Scale:                0.0054  
Min. group size:    30        Log-Likelihood:       919.3059
Max. group size:    30        Converged:            Yes     
Mean group size:    30.0                                    
------------------------------------------------------------
                  Coef. Std.Err.    z    P>|z| [0.025 0.975]
------------------------------------------------------------
Intercept         0.951    0.004 234.615 0.000  0.943  0.959
C(model)[T.file2] 0.021    0.005   4.185 0.000  0.011  0.031
fold Var          0.002    0.006                            
============================================================

********************
=== Dataset1-4class ===
Metric: Accuracy
           Mixed Linear Model Regression Results
===========================================================
Model:               MixedLM  Dependent Variable:  value   
No. Observations:    870      Method:              REML    
No. Groups:          29       Scale:               0.0148  
Min. group size:     30       Log-Likelihood:      487.4808
Max. group size:     30       Converged:           Yes     
Mean group size:     30.0                                  
-----------------------------------------------------------
                  Coef. Std.Err.   z    P>|z| [0.025 0.975]
-----------------------------------------------------------
Intercept         0.562    0.007 84.289 0.000  0.549  0.575
C(model)[T.file2] 0.115    0.008 13.935 0.000  0.099  0.131
fold Var          0.004    0.009                           
===========================================================

Metric: F1
           Mixed Linear Model Regression Results
===========================================================
Model:               MixedLM  Dependent Variable:  value   
No. Observations:    870      Method:              REML    
No. Groups:          29       Scale:               0.0193  
Min. group size:     30       Log-Likelihood:      375.1333
Max. group size:     30       Converged:           Yes     
Mean group size:     30.0                                  
-----------------------------------------------------------
                  Coef. Std.Err.   z    P>|z| [0.025 0.975]
-----------------------------------------------------------
Intercept         0.528    0.008 69.626 0.000  0.513  0.543
C(model)[T.file2] 0.117    0.009 12.420 0.000  0.098  0.135
fold Var          0.006    0.011                           
===========================================================

********************
=== Dataset2-2class ===
Metric: Accuracy
           Mixed Linear Model Regression Results
============================================================
Model:              MixedLM   Dependent Variable:   value   
No. Observations:   420       Method:               REML    
No. Groups:         14        Scale:                0.0077  
Min. group size:    30        Log-Likelihood:       356.0122
Max. group size:    30        Converged:            Yes     
Mean group size:    30.0                                    
------------------------------------------------------------
                  Coef. Std.Err.    z    P>|z| [0.025 0.975]
------------------------------------------------------------
Intercept         0.838    0.007 116.496 0.000  0.824  0.852
C(model)[T.file2] 0.089    0.009  10.450 0.000  0.073  0.106
fold Var          0.003    0.011                            
============================================================

Metric: F1
           Mixed Linear Model Regression Results
===========================================================
Model:               MixedLM  Dependent Variable:  value   
No. Observations:    420      Method:              REML    
No. Groups:          14       Scale:               0.0112  
Min. group size:     30       Log-Likelihood:      282.6537
Max. group size:     30       Converged:           Yes     
Mean group size:     30.0                                  
-----------------------------------------------------------
                  Coef. Std.Err.   z    P>|z| [0.025 0.975]
-----------------------------------------------------------
Intercept         0.823    0.009 96.446 0.000  0.807  0.840
C(model)[T.file2] 0.102    0.010  9.833 0.000  0.081  0.122
fold Var          0.004    0.013                           
===========================================================

********************
=== Dataset2-5class ===
Metric: Accuracy
           Mixed Linear Model Regression Results
===========================================================
Model:               MixedLM  Dependent Variable:  value   
No. Observations:    420      Method:              REML    
No. Groups:          14       Scale:               0.0037  
Min. group size:     30       Log-Likelihood:      504.7944
Max. group size:     30       Converged:           Yes     
Mean group size:     30.0                                  
-----------------------------------------------------------
                  Coef. Std.Err.   z    P>|z| [0.025 0.975]
-----------------------------------------------------------
Intercept         0.358    0.005 70.990 0.000  0.349  0.368
C(model)[T.file2] 0.069    0.006 11.640 0.000  0.058  0.081
fold Var          0.002    0.008                           
===========================================================

Metric: F1
           Mixed Linear Model Regression Results
===========================================================
Model:               MixedLM  Dependent Variable:  value   
No. Observations:    420      Method:              REML    
No. Groups:          14       Scale:               0.0055  
Min. group size:     30       Log-Likelihood:      417.3196
Max. group size:     30       Converged:           Yes     
Mean group size:     30.0                                  
-----------------------------------------------------------
                  Coef. Std.Err.   z    P>|z| [0.025 0.975]
-----------------------------------------------------------
Intercept         0.318    0.006 50.966 0.000  0.306  0.331
C(model)[T.file2] 0.062    0.007  8.510 0.000  0.048  0.076
fold Var          0.003    0.010                           
===========================================================

Completed GACET vs SFT_NET

