********************
=== Dataset1-2class ===
Metric: Accuracy
Beta=0.3697; 95%CI=(0.3595,0.3799); p=0.000
Significant (p<0.05)
Metric: F1
Beta=0.5604; 95%CI=(0.5460,0.5747); p=0.000
Significant (p<0.05)
********************
=== Dataset1-4class ===
Metric: Accuracy
Beta=0.3489; 95%CI=(0.3346,0.3632); p=0.000
Significant (p<0.05)
Metric: F1
Beta=0.4413; 95%CI=(0.4236,0.4590); p=0.000
Significant (p<0.05)
********************
=== Dataset2-2class ===
Metric: Accuracy
Beta=0.2144; 95%CI=(0.1947,0.2342); p=0.000
Significant (p<0.05)
Metric: F1
Beta=0.2522; 95%CI=(0.2257,0.2787); p=0.000
Significant (p<0.05)
********************
=== Dataset2-5class ===
Metric: Accuracy
Beta=0.1443; 95%CI=(0.1338,0.1549); p=0.000
Significant (p<0.05)
Metric: F1
Beta=0.1999; 95%CI=(0.1854,0.2144); p=0.000
Significant (p<0.05)
