********************
=== Dataset1-2class ===
Metric: Accuracy
           Mixed Linear Model Regression Results
============================================================
Model:              MixedLM   Dependent Variable:   value   
No. Observations:   870       Method:               REML    
No. Groups:         29        Scale:                0.0035  
Min. group size:    30        Log-Likelihood:       963.7840
Max. group size:    30        Converged:            Yes     
Mean group size:    30.0                                    
------------------------------------------------------------
                  Coef. Std.Err.    z    P>|z| [0.025 0.975]
------------------------------------------------------------
Intercept         0.917    0.004 222.799 0.000  0.909  0.926
C(model)[T.file2] 0.056    0.004  13.974 0.000  0.048  0.064
fold Var          0.004    0.009                            
============================================================

Metric: F1
           Mixed Linear Model Regression Results
============================================================
Model:              MixedLM   Dependent Variable:   value   
No. Observations:   870       Method:               REML    
No. Groups:         29        Scale:                0.0044  
Min. group size:    30        Log-Likelihood:       860.7476
Max. group size:    30        Converged:            Yes     
Mean group size:    30.0                                    
------------------------------------------------------------
                  Coef. Std.Err.    z    P>|z| [0.025 0.975]
------------------------------------------------------------
Intercept         0.912    0.005 196.417 0.000  0.903  0.921
C(model)[T.file2] 0.060    0.004  13.326 0.000  0.051  0.069
fold Var          0.005    0.010                            
============================================================

********************
=== Dataset1-4class ===
Metric: Accuracy
           Mixed Linear Model Regression Results
===========================================================
Model:               MixedLM  Dependent Variable:  value   
No. Observations:    870      Method:              REML    
No. Groups:          29       Scale:               0.0080  
Min. group size:     30       Log-Likelihood:      614.2823
Max. group size:     30       Converged:           Yes     
Mean group size:     30.0                                  
-----------------------------------------------------------
                  Coef. Std.Err.   z    P>|z| [0.025 0.975]
-----------------------------------------------------------
Intercept         0.588    0.006 96.059 0.000  0.576  0.600
C(model)[T.file2] 0.088    0.006 14.596 0.000  0.077  0.100
fold Var          0.008    0.013                           
===========================================================

Metric: F1
           Mixed Linear Model Regression Results
===========================================================
Model:               MixedLM  Dependent Variable:  value   
No. Observations:    870      Method:              REML    
No. Groups:          29       Scale:               0.0095  
Min. group size:     30       Log-Likelihood:      521.4899
Max. group size:     30       Converged:           Yes     
Mean group size:     30.0                                  
-----------------------------------------------------------
                  Coef. Std.Err.   z    P>|z| [0.025 0.975]
-----------------------------------------------------------
Intercept         0.567    0.007 82.461 0.000  0.554  0.581
C(model)[T.file2] 0.078    0.007 11.712 0.000  0.065  0.091
fold Var          0.011    0.016                           
===========================================================

********************
=== Dataset2-2class ===
Metric: Accuracy
           Mixed Linear Model Regression Results
============================================================
Model:              MixedLM   Dependent Variable:   value   
No. Observations:   420       Method:               REML    
No. Groups:         14        Scale:                0.0035  
Min. group size:    30        Log-Likelihood:       455.5459
Max. group size:    30        Converged:            Yes     
Mean group size:    30.0                                    
------------------------------------------------------------
                  Coef. Std.Err.    z    P>|z| [0.025 0.975]
------------------------------------------------------------
Intercept         0.846    0.006 140.153 0.000  0.835  0.858
C(model)[T.file2] 0.081    0.006  13.982 0.000  0.070  0.093
fold Var          0.004    0.014                            
============================================================

Metric: F1
           Mixed Linear Model Regression Results
============================================================
Model:              MixedLM   Dependent Variable:   value   
No. Observations:   420       Method:               REML    
No. Groups:         14        Scale:                0.0043  
Min. group size:    30        Log-Likelihood:       408.6120
Max. group size:    30        Converged:            Yes     
Mean group size:    30.0                                    
------------------------------------------------------------
                  Coef. Std.Err.    z    P>|z| [0.025 0.975]
------------------------------------------------------------
Intercept         0.839    0.007 123.165 0.000  0.825  0.852
C(model)[T.file2] 0.087    0.006  13.540 0.000  0.074  0.099
fold Var          0.005    0.016                            
============================================================

********************
=== Dataset2-5class ===
Metric: Accuracy
           Mixed Linear Model Regression Results
===========================================================
Model:               MixedLM  Dependent Variable:  value   
No. Observations:    420      Method:              REML    
No. Groups:          14       Scale:               0.0016  
Min. group size:     30       Log-Likelihood:      597.6038
Max. group size:     30       Converged:           Yes     
Mean group size:     30.0                                  
-----------------------------------------------------------
                  Coef. Std.Err.   z    P>|z| [0.025 0.975]
-----------------------------------------------------------
Intercept         0.358    0.004 81.049 0.000  0.349  0.367
C(model)[T.file2] 0.070    0.004 17.683 0.000  0.062  0.077
fold Var          0.002    0.011                           
===========================================================

Metric: F1
           Mixed Linear Model Regression Results
===========================================================
Model:               MixedLM  Dependent Variable:  value   
No. Observations:    420      Method:              REML    
No. Groups:          14       Scale:               0.0023  
Min. group size:     30       Log-Likelihood:      510.0234
Max. group size:     30       Converged:           Yes     
Mean group size:     30.0                                  
-----------------------------------------------------------
                  Coef. Std.Err.   z    P>|z| [0.025 0.975]
-----------------------------------------------------------
Intercept         0.323    0.006 57.909 0.000  0.312  0.334
C(model)[T.file2] 0.057    0.005 12.272 0.000  0.048  0.067
fold Var          0.004    0.015                           
===========================================================

Completed GACET vs MCA

