********************
=== Dataset1-2class ===
Metric: Accuracy
           Mixed Linear Model Regression Results
============================================================
Model:              MixedLM   Dependent Variable:   value   
No. Observations:   870       Method:               REML    
No. Groups:         29        Scale:                0.0059  
Min. group size:    30        Log-Likelihood:       968.3099
Max. group size:    30        Converged:            Yes     
Mean group size:    30.0                                    
------------------------------------------------------------
                  Coef. Std.Err.    z    P>|z| [0.025 0.975]
------------------------------------------------------------
Intercept         0.604    0.004 159.800 0.000  0.596  0.611
C(model)[T.file2] 0.370    0.005  71.035 0.000  0.359  0.380
fold Var          0.000    0.004                            
============================================================

Metric: F1
           Mixed Linear Model Regression Results
===========================================================
Model:               MixedLM  Dependent Variable:  value   
No. Observations:    870      Method:              REML    
No. Groups:          29       Scale:               0.0117  
Min. group size:     30       Log-Likelihood:      667.8859
Max. group size:     30       Converged:           Yes     
Mean group size:     30.0                                  
-----------------------------------------------------------
                  Coef. Std.Err.   z    P>|z| [0.025 0.975]
-----------------------------------------------------------
Intercept         0.412    0.005 77.064 0.000  0.401  0.422
C(model)[T.file2] 0.560    0.007 76.484 0.000  0.546  0.575
fold Var          0.001    0.006                           
===========================================================

********************
=== Dataset1-4class ===
Metric: Accuracy
           Mixed Linear Model Regression Results
===========================================================
Model:               MixedLM  Dependent Variable:  value   
No. Observations:    870      Method:              REML    
No. Groups:          29       Scale:               0.0116  
Min. group size:     30       Log-Likelihood:      624.0142
Max. group size:     30       Converged:           Yes     
Mean group size:     30.0                                  
-----------------------------------------------------------
                  Coef. Std.Err.   z    P>|z| [0.025 0.975]
-----------------------------------------------------------
Intercept         0.328    0.006 57.961 0.000  0.317  0.339
C(model)[T.file2] 0.349    0.007 47.812 0.000  0.335  0.363
fold Var          0.002    0.007                           
===========================================================

Metric: F1
           Mixed Linear Model Regression Results
===========================================================
Model:               MixedLM  Dependent Variable:  value   
No. Observations:    870      Method:              REML    
No. Groups:          29       Scale:               0.0177  
Min. group size:     30       Log-Likelihood:      461.0968
Max. group size:     30       Converged:           Yes     
Mean group size:     30.0                                  
-----------------------------------------------------------
                  Coef. Std.Err.   z    P>|z| [0.025 0.975]
-----------------------------------------------------------
Intercept         0.203    0.007 29.908 0.000  0.190  0.217
C(model)[T.file2] 0.441    0.009 48.915 0.000  0.424  0.459
fold Var          0.002    0.008                           
===========================================================

********************
=== Dataset2-2class ===
Metric: Accuracy
           Mixed Linear Model Regression Results
===========================================================
Model:               MixedLM  Dependent Variable:  value   
No. Observations:    420      Method:              REML    
No. Groups:          14       Scale:               0.0107  
Min. group size:     30       Log-Likelihood:      307.4906
Max. group size:     30       Converged:           Yes     
Mean group size:     30.0                                  
-----------------------------------------------------------
                  Coef. Std.Err.   z    P>|z| [0.025 0.975]
-----------------------------------------------------------
Intercept         0.713    0.008 89.311 0.000  0.697  0.729
C(model)[T.file2] 0.214    0.010 21.285 0.000  0.195  0.234
fold Var          0.003    0.011                           
===========================================================

Metric: F1
           Mixed Linear Model Regression Results
===========================================================
Model:               MixedLM  Dependent Variable:  value   
No. Observations:    420      Method:              REML    
No. Groups:          14       Scale:               0.0192  
Min. group size:     30       Log-Likelihood:      195.8244
Max. group size:     30       Converged:           Yes     
Mean group size:     30.0                                  
-----------------------------------------------------------
                  Coef. Std.Err.   z    P>|z| [0.025 0.975]
-----------------------------------------------------------
Intercept         0.673    0.010 64.851 0.000  0.653  0.693
C(model)[T.file2] 0.252    0.014 18.636 0.000  0.226  0.279
fold Var          0.003    0.013                           
===========================================================

********************
=== Dataset2-5class ===
Metric: Accuracy
           Mixed Linear Model Regression Results
===========================================================
Model:               MixedLM  Dependent Variable:  value   
No. Observations:    420      Method:              REML    
No. Groups:          14       Scale:               0.0031  
Min. group size:     30       Log-Likelihood:      526.2393
Max. group size:     30       Converged:           Yes     
Mean group size:     30.0                                  
-----------------------------------------------------------
                  Coef. Std.Err.   z    P>|z| [0.025 0.975]
-----------------------------------------------------------
Intercept         0.283    0.005 58.126 0.000  0.274  0.293
C(model)[T.file2] 0.144    0.005 26.751 0.000  0.134  0.155
fold Var          0.002    0.009                           
===========================================================

Metric: F1
           Mixed Linear Model Regression Results
===========================================================
Model:               MixedLM  Dependent Variable:  value   
No. Observations:    420      Method:              REML    
No. Groups:          14       Scale:               0.0057  
Min. group size:     30       Log-Likelihood:      420.8953
Max. group size:     30       Converged:           Yes     
Mean group size:     30.0                                  
-----------------------------------------------------------
                  Coef. Std.Err.   z    P>|z| [0.025 0.975]
-----------------------------------------------------------
Intercept         0.180    0.006 29.345 0.000  0.168  0.192
C(model)[T.file2] 0.200    0.007 27.025 0.000  0.185  0.214
fold Var          0.002    0.009                           
===========================================================

Completed GACET vs LaBraM

