1e-04
Subject Number: 1
Accuracy Cross: [0.71875, 0.625, 0.6875, 0.78125, 0.75, 0.7272727272727273, 0.8181818181818182, 0.7272727272727273, 0.7272727272727273, 0.7272727272727273, 0.84375, 0.71875, 0.90625, 0.75, 0.8125]
 mean: 0.7547348484848484, std: 0.06630681547696325
F1 Score: [0.694591728525981, 0.5844155844155844, 0.6761133603238867, 0.751937984496124, 0.7333333333333334, 0.6996966632962589, 0.8035714285714286, 0.717948717948718, 0.6857142857142857, 0.6857142857142857, 0.8358974358974359, 0.694591728525981, 0.9039039039039038, 0.7090909090909091, 0.8056680161943319]
 mean: 0.7321459577301632, std: 0.07529842663542444
Accuracy Intime: [1.0, 0.7857142857142857, 0.75, 0.75, 0.8333333333333334, 0.8571428571428571, 0.9285714285714286, 0.75, 0.75, 1.0, 0.8571428571428571, 0.7857142857142857, 0.8333333333333334, 0.6666666666666666, 0.75]
 mean: 0.8198412698412699, std: 0.09311793522961112
F1 (Intime): [1.0, 0.7543859649122806, 0.7482517482517483, 0.7333333333333334, 0.8285714285714285, 0.8444444444444444, 0.9251336898395721, 0.7333333333333334, 0.7333333333333334, 1.0, 0.8444444444444444, 0.7754010695187166, 0.8125, 0.625, 0.7482517482517483]
 mean: 0.8070923025489589, std: 0.10060714581807147
--------------------------------------------------
Subject Number: 2
Accuracy Cross: [0.6666666666666666, 0.7272727272727273, 0.696969696969697, 0.7272727272727273, 0.7575757575757576, 0.625, 0.59375, 0.65625, 0.65625, 0.59375, 0.696969696969697, 0.6060606060606061, 0.7575757575757576, 0.6666666666666666, 0.696969696969697]
 mean: 0.675, std: 0.0528192952066567
F1 Score: [0.6552706552706553, 0.6996966632962589, 0.6826923076923077, 0.7102439024390244, 0.7461538461538462, 0.5636363636363637, 0.5134502923976608, 0.6389743589743591, 0.5883040935672514, 0.539313399778516, 0.6898496240601504, 0.6001863932898416, 0.7573529411764706, 0.6552706552706553, 0.6898496240601504]
 mean: 0.6486830080709007, std: 0.07113788757698145
Accuracy Intime: [0.7142857142857143, 0.7857142857142857, 0.6666666666666666, 0.4166666666666667, 0.5833333333333334, 0.7142857142857143, 0.7857142857142857, 0.5714285714285714, 0.6666666666666666, 0.5, 0.9285714285714286, 0.7142857142857143, 0.3333333333333333, 0.6666666666666666, 0.4166666666666667]
 mean: 0.6309523809523809, std: 0.15588723951526176
F1 (Intime): [0.7142857142857143, 0.7754010695187166, 0.625, 0.37777777777777777, 0.5804195804195804, 0.6888888888888889, 0.7543859649122806, 0.5714285714285714, 0.6666666666666666, 0.4857142857142857, 0.9251336898395721, 0.7083333333333333, 0.3333333333333333, 0.6571428571428571, 0.29411764705882354]
 mean: 0.6105352920213601, std: 0.1689180664380713
--------------------------------------------------
Subject Number: 3
Accuracy Cross: [0.5625, 0.59375, 0.625, 0.59375, 0.46875, 0.6060606060606061, 0.3939393939393939, 0.5757575757575758, 0.5151515151515151, 0.42424242424242425, 0.5151515151515151, 0.45454545454545453, 0.45454545454545453, 0.42424242424242425, 0.3333333333333333]
 mean: 0.5027146464646465, std: 0.08565818859240099
F1 Score: [0.5625, 0.5835835835835836, 0.6190476190476191, 0.5588547189819725, 0.45545545545545546, 0.5814634146341464, 0.39338235294117646, 0.5657894736842105, 0.45454545454545453, 0.41565703634669154, 0.5037593984962406, 0.4288461538461539, 0.38636363636363635, 0.3660262891809909, 0.30192307692307696]
 mean: 0.47847984426869394, std: 0.09318494307653213
Accuracy Intime: [0.5, 0.35714285714285715, 0.7857142857142857, 0.75, 0.6666666666666666, 0.5, 0.2857142857142857, 0.9166666666666666, 0.3333333333333333, 0.6666666666666666, 0.7142857142857143, 0.6428571428571429, 0.5833333333333334, 0.6666666666666666, 0.6666666666666666]
 mean: 0.6023809523809524, std: 0.17107547409914262
F1 (Intime): [0.47593582887700536, 0.3262032085561497, 0.7846153846153847, 0.7333333333333334, 0.6666666666666666, 0.47593582887700536, 0.2857142857142857, 0.8991596638655461, 0.3142857142857143, 0.6571428571428571, 0.7083333333333333, 0.641025641025641, 0.5804195804195804, 0.6571428571428571, 0.625]
 mean: 0.588727612257024, std: 0.17339943653374024
--------------------------------------------------
Subject Number: 4
Accuracy Cross: [0.6060606060606061, 0.7272727272727273, 0.6363636363636364, 0.696969696969697, 0.6060606060606061, 0.696969696969697, 0.6060606060606061, 0.6363636363636364, 0.6060606060606061, 0.6363636363636364, 0.6666666666666666, 0.6666666666666666, 0.7878787878787878, 0.7272727272727273, 0.696969696969697]
 mean: 0.6666666666666667, std: 0.053066365804297765
F1 Score: [0.5460317460317461, 0.6857142857142857, 0.5909090909090909, 0.6590909090909091, 0.5195968645016797, 0.6413043478260869, 0.5662285136501517, 0.6071428571428572, 0.5662285136501517, 0.5909090909090909, 0.6666666666666666, 0.6552706552706553, 0.7806267806267806, 0.7262672811059908, 0.6944444444444444]
 mean: 0.6330954698360391, std: 0.06975105614908063
Accuracy Intime: [0.7142857142857143, 0.7857142857142857, 0.6428571428571429, 0.5833333333333334, 0.5833333333333334, 0.9285714285714286, 0.8571428571428571, 0.6428571428571429, 0.4166666666666667, 0.5833333333333334, 0.7857142857142857, 0.7857142857142857, 1.0, 0.75, 0.75]
 mean: 0.7206349206349206, std: 0.14501457342424923
F1 (Intime): [0.6888888888888889, 0.7754010695187166, 0.5238095238095237, 0.5555555555555556, 0.4957983193277311, 0.9282051282051282, 0.8444444444444444, 0.5906432748538011, 0.29411764705882354, 0.4957983193277311, 0.7543859649122806, 0.7543859649122806, 1.0, 0.7482517482517483, 0.7333333333333334]
 mean: 0.6788679454933325, std: 0.1795198077989425
--------------------------------------------------
Subject Number: 5
Accuracy Cross: [0.34375, 0.46875, 0.46875, 0.53125, 0.46875, 0.5, 0.46875, 0.625, 0.5625, 0.625, 0.53125, 0.5, 0.5625, 0.625, 0.5625]
 mean: 0.5229166666666667, std: 0.07347996703561831
F1 Score: [0.343108504398827, 0.464039408866995, 0.464039408866995, 0.530791788856305, 0.4682306940371457, 0.4666666666666667, 0.4231177094379639, 0.625, 0.5607843137254902, 0.6235294117647059, 0.5195195195195195, 0.4920634920634921, 0.5555555555555556, 0.6235294117647059, 0.5607843137254902]
 mean: 0.5147173466166571, std: 0.0774577744369329
Accuracy Intime: [0.7857142857142857, 0.8571428571428571, 0.4166666666666667, 0.5, 0.75, 0.5714285714285714, 0.5, 0.8333333333333334, 0.5, 0.5833333333333334, 0.8571428571428571, 0.7142857142857143, 0.9166666666666666, 0.5833333333333334, 0.6666666666666666]
 mean: 0.669047619047619, std: 0.15382500290679138
F1 (Intime): [0.7846153846153847, 0.8571428571428571, 0.4125874125874126, 0.4857142857142857, 0.7482517482517483, 0.5333333333333333, 0.4269005847953216, 0.8125, 0.5, 0.5555555555555556, 0.8571428571428571, 0.7083333333333333, 0.9111111111111111, 0.5804195804195804, 0.6571428571428571]
 mean: 0.6553833934097091, std: 0.16211016041246848
--------------------------------------------------
Subject Number: 6
Accuracy Cross: [0.6875, 0.75, 0.59375, 0.65625, 0.75, 0.45454545454545453, 0.45454545454545453, 0.48484848484848486, 0.5151515151515151, 0.5151515151515151, 0.5757575757575758, 0.6363636363636364, 0.5757575757575758, 0.7272727272727273, 0.6363636363636364]
 mean: 0.6008838383838385, std: 0.098603067805288
F1 Score: [0.6536796536796536, 0.7333333333333334, 0.5588547189819725, 0.6389743589743591, 0.722943722943723, 0.3125, 0.3125, 0.32653061224489793, 0.34, 0.38888888888888884, 0.49782608695652175, 0.5909090909090909, 0.49782608695652175, 0.6857142857142857, 0.5695652173913044]
 mean: 0.5220030704649702, std: 0.14815180170922335
Accuracy Intime: [0.6428571428571429, 0.7142857142857143, 0.7857142857142857, 0.6666666666666666, 0.5833333333333334, 0.8571428571428571, 0.8571428571428571, 0.9166666666666666, 0.5, 0.5, 0.6428571428571429, 0.7142857142857143, 0.8333333333333334, 0.5, 0.5]
 mean: 0.680952380952381, std: 0.14087245696289752
F1 (Intime): [0.641025641025641, 0.65, 0.7543859649122806, 0.6571428571428571, 0.5555555555555556, 0.8541666666666667, 0.8541666666666667, 0.8991596638655461, 0.4375, 0.3333333333333333, 0.5906432748538011, 0.7083333333333333, 0.8125, 0.4857142857142857, 0.5]
 mean: 0.6489084828713311, std: 0.1619947606327173
--------------------------------------------------
Subject Number: 7
Accuracy Cross: [0.5625, 0.5625, 0.5, 0.625, 0.5, 0.375, 0.4375, 0.40625, 0.46875, 0.375, 0.625, 0.5, 0.5625, 0.625, 0.65625]
 mean: 0.51875, std: 0.09042722672587794
F1 Score: [0.5151515151515151, 0.5151515151515151, 0.4817813765182186, 0.6190476190476191, 0.4817813765182186, 0.375, 0.41700404858299595, 0.4009852216748768, 0.464039408866995, 0.37254901960784315, 0.625, 0.5, 0.5555555555555556, 0.6235294117647059, 0.6559139784946236]
 mean: 0.5068326697956456, std: 0.09045415157922598
Accuracy Intime: [0.7142857142857143, 0.6428571428571429, 0.25, 0.25, 0.6666666666666666, 0.5, 0.6428571428571429, 0.5833333333333334, 0.5833333333333334, 0.75, 0.7142857142857143, 0.6428571428571429, 0.4166666666666667, 0.5833333333333334, 0.6666666666666666]
 mean: 0.5738095238095239, std: 0.15103572883003527
F1 (Intime): [0.6888888888888889, 0.625668449197861, 0.2, 0.2, 0.6666666666666666, 0.4269005847953216, 0.625668449197861, 0.5804195804195804, 0.4957983193277311, 0.7333333333333334, 0.6888888888888889, 0.641025641025641, 0.4125874125874126, 0.5804195804195804, 0.6571428571428571]
 mean: 0.5482272434594416, std: 0.16346176430694004
--------------------------------------------------
Subject Number: 8
Accuracy Cross: [0.5625, 0.65625, 0.65625, 0.71875, 0.65625, 0.78125, 0.6875, 0.59375, 0.5625, 0.71875, 0.4375, 0.53125, 0.59375, 0.65625, 0.625]
 mean: 0.6291666666666667, std: 0.08296794896558284
F1 Score: [0.5333333333333333, 0.5883040935672514, 0.6532019704433498, 0.6631578947368422, 0.6101882613510521, 0.7624602332979851, 0.6536796536796536, 0.5588547189819725, 0.5333333333333333, 0.6631578947368422, 0.4285714285714286, 0.5195195195195195, 0.5733333333333333, 0.6267232237539766, 0.611336032388664]
 mean: 0.5986103283352359, std: 0.07672252255664604
Accuracy Intime: [0.5714285714285714, 0.7142857142857143, 0.6666666666666666, 0.5, 0.5833333333333334, 0.5, 0.6428571428571429, 0.4166666666666667, 0.4166666666666667, 0.5, 0.7142857142857143, 0.7142857142857143, 0.6666666666666666, 0.75, 0.8333333333333334]
 mean: 0.6126984126984127, std: 0.12186093788996338
F1 (Intime): [0.475, 0.6888888888888889, 0.625, 0.4375, 0.5555555555555556, 0.47593582887700536, 0.625668449197861, 0.29411764705882354, 0.4125874125874126, 0.4857142857142857, 0.6888888888888889, 0.7083333333333333, 0.5555555555555556, 0.7482517482517483, 0.8285714285714285]
 mean: 0.573704601498719, std: 0.1404271366715603
--------------------------------------------------
Subject Number: 9
Accuracy Cross: [0.78125, 0.71875, 0.75, 0.6875, 0.8125, 0.71875, 0.65625, 0.65625, 0.71875, 0.625, 0.59375, 0.71875, 0.53125, 0.71875, 0.6875]
 mean: 0.6916666666666667, std: 0.06928453811798288
F1 Score: [0.751937984496124, 0.694591728525981, 0.7408906882591093, 0.6536796536796536, 0.7922077922077921, 0.7117117117117118, 0.6476476476476476, 0.6389743589743591, 0.7117117117117118, 0.6, 0.5588547189819725, 0.716256157635468, 0.5270935960591133, 0.7117117117117118, 0.6825396825396826]
 mean: 0.6759872762761359, std: 0.07007694361439862
Accuracy Intime: [0.8571428571428571, 0.7142857142857143, 0.8333333333333334, 0.5833333333333334, 0.4166666666666667, 0.9285714285714286, 0.8571428571428571, 0.8333333333333334, 0.75, 0.6666666666666666, 0.9285714285714286, 0.7857142857142857, 0.6666666666666666, 0.75, 0.6666666666666666]
 mean: 0.7492063492063491, std: 0.13238513944122568
F1 (Intime): [0.8444444444444444, 0.7083333333333333, 0.8125, 0.4957983193277311, 0.4125874125874126, 0.9282051282051282, 0.8444444444444444, 0.8125, 0.7482517482517483, 0.6571428571428571, 0.9251336898395721, 0.7754010695187166, 0.4, 0.7333333333333334, 0.6571428571428571]
 mean: 0.7170145758381052, std: 0.16178856907852981
--------------------------------------------------
Subject Number: 10
Accuracy Cross: [0.53125, 0.5625, 0.40625, 0.5625, 0.53125, 0.46875, 0.5625, 0.4375, 0.5, 0.34375, 0.48484848484848486, 0.48484848484848486, 0.6060606060606061, 0.5151515151515151, 0.5757575757575758]
 mean: 0.5048611111111111, std: 0.06786266728142908
F1 Score: [0.4909862142099682, 0.5555555555555556, 0.3913913913913914, 0.49090909090909085, 0.530791788856305, 0.464039408866995, 0.5465587044534412, 0.43529411764705883, 0.4920634920634921, 0.343108504398827, 0.4771668219944082, 0.48484848484848486, 0.6046082949308755, 0.5111111111111111, 0.5657894736842105]
 mean: 0.49228149699474766, std: 0.06510086265804135
Accuracy Intime: [0.7142857142857143, 0.8571428571428571, 0.75, 0.5833333333333334, 0.5833333333333334, 0.6428571428571429, 0.7857142857142857, 0.75, 0.75, 0.5, 0.7142857142857143, 0.7142857142857143, 0.8333333333333334, 0.8333333333333334, 0.8333333333333334]
 mean: 0.7230158730158731, std: 0.10198953107786846
F1 (Intime): [0.6888888888888889, 0.8541666666666667, 0.7333333333333334, 0.5555555555555556, 0.5555555555555556, 0.641025641025641, 0.7846153846153847, 0.6210526315789473, 0.7482517482517483, 0.4857142857142857, 0.65, 0.7083333333333333, 0.8125, 0.8285714285714285, 0.8333333333333334]
 mean: 0.7000598524282736, std: 0.10996404826834422
--------------------------------------------------
Subject Number: 11
Accuracy Cross: [0.48484848484848486, 0.48484848484848486, 0.45454545454545453, 0.5454545454545454, 0.48484848484848486, 0.5454545454545454, 0.5757575757575758, 0.5757575757575758, 0.48484848484848486, 0.5454545454545454, 0.48484848484848486, 0.6060606060606061, 0.5454545454545454, 0.5757575757575758, 0.6060606060606061]
 mean: 0.5333333333333333, std: 0.04797713974560775
F1 Score: [0.45268292682926825, 0.45268292682926825, 0.44172932330827064, 0.5170731707317073, 0.45268292682926825, 0.4057623049219688, 0.4225, 0.49782608695652175, 0.4327603640040445, 0.35294117647058826, 0.3717805151175812, 0.5662285136501517, 0.44568868980963045, 0.4652777777777778, 0.4849939975990396]
 mean: 0.4508407133890058, std: 0.05189753887583858
Accuracy Intime: [0.5714285714285714, 0.5714285714285714, 0.6428571428571429, 0.75, 0.5833333333333334, 0.6428571428571429, 0.42857142857142855, 0.6428571428571429, 0.4166666666666667, 0.5, 0.42857142857142855, 0.5, 0.5, 0.6666666666666666, 0.5833333333333334]
 mean: 0.5619047619047619, std: 0.09495991118187952
F1 (Intime): [0.475, 0.5625, 0.5906432748538011, 0.7333333333333334, 0.5555555555555556, 0.5906432748538011, 0.3, 0.625668449197861, 0.4125874125874126, 0.5, 0.3, 0.47593582887700536, 0.4269005847953216, 0.6571428571428571, 0.4957983193277311]
 mean: 0.513447259368312, std: 0.11827925967831329
--------------------------------------------------
Subject Number: 12
Accuracy Cross: [0.71875, 0.625, 0.71875, 0.71875, 0.65625, 0.6666666666666666, 0.6363636363636364, 0.6060606060606061, 0.6060606060606061, 0.7272727272727273, 0.59375, 0.5625, 0.5625, 0.625, 0.59375]
 mean: 0.6411616161616162, std: 0.05551802278994311
F1 Score: [0.694591728525981, 0.5636363636363637, 0.681063122923588, 0.694591728525981, 0.5883040935672514, 0.6329625884732053, 0.5909090909090909, 0.4849939975990396, 0.5195968645016797, 0.6996966632962589, 0.539313399778516, 0.5555555555555556, 0.5465587044534412, 0.6, 0.5588547189819725]
 mean: 0.5967085747151951, std: 0.06671818883119021
Accuracy Intime: [0.7142857142857143, 0.7142857142857143, 0.75, 0.5833333333333334, 0.5, 0.6428571428571429, 0.5, 0.75, 0.5833333333333334, 0.5833333333333334, 0.9285714285714286, 0.6428571428571429, 0.8333333333333334, 0.6666666666666666, 0.5]
 mean: 0.6595238095238095, std: 0.12092175590290806
F1 (Intime): [0.6888888888888889, 0.65, 0.6974789915966386, 0.4957983193277311, 0.4375, 0.625668449197861, 0.4269005847953216, 0.6210526315789473, 0.4957983193277311, 0.4957983193277311, 0.9251336898395721, 0.641025641025641, 0.7777777777777777, 0.625, 0.3333333333333333]
 mean: 0.5958103297344783, std: 0.14615559473364173
--------------------------------------------------
Subject Number: 13
Accuracy Cross: [0.78125, 0.78125, 0.875, 0.6875, 0.84375, 0.6363636363636364, 0.8181818181818182, 0.5454545454545454, 0.5151515151515151, 0.5757575757575758, 0.6875, 0.71875, 0.75, 0.8125, 0.71875]
 mean: 0.7164772727272728, std: 0.10586076501101566
F1 Score: [0.7757757757757757, 0.7757757757757757, 0.873015873015873, 0.6875, 0.8303287380699894, 0.6192307692307693, 0.8180147058823529, 0.543778801843318, 0.5147058823529411, 0.5753676470588236, 0.6875, 0.7117117117117118, 0.746031746031746, 0.8095238095238095, 0.716256157635468]
 mean: 0.7123011595938904, std: 0.10509864564297985
Accuracy Intime: [0.7142857142857143, 0.5, 0.75, 0.6666666666666666, 0.8333333333333334, 0.7857142857142857, 0.5714285714285714, 0.9166666666666666, 0.8333333333333334, 0.5, 0.7142857142857143, 0.6428571428571429, 0.8333333333333334, 0.75, 0.5833333333333334]
 mean: 0.7063492063492064, std: 0.1230030715305357
F1 (Intime): [0.7083333333333333, 0.47593582887700536, 0.7333333333333334, 0.6571428571428571, 0.8285714285714285, 0.7754010695187166, 0.5625, 0.8991596638655461, 0.8333333333333334, 0.4857142857142857, 0.7083333333333333, 0.5906432748538011, 0.8125, 0.7482517482517483, 0.5804195804195804]
 mean: 0.6933048713698867, std: 0.1260541862112228
--------------------------------------------------
Subject Number: 14
Accuracy Cross: [0.625, 0.71875, 0.5625, 0.59375, 0.71875, 0.625, 0.59375, 0.5, 0.59375, 0.5625, 0.71875, 0.5625, 0.625, 0.46875, 0.5625]
 mean: 0.6020833333333333, std: 0.07168604389202188
F1 Score: [0.625, 0.7117117117117118, 0.5555555555555556, 0.5933528836754643, 0.718475073313783, 0.611336032388664, 0.5588547189819725, 0.4920634920634921, 0.5588547189819725, 0.5151515151515151, 0.681063122923588, 0.5465587044534412, 0.611336032388664, 0.45545545545545546, 0.5465587044534412]
 mean: 0.5854218480999147, std: 0.07377499066657503
Accuracy Intime: [0.7857142857142857, 0.5714285714285714, 0.5, 0.4166666666666667, 0.9166666666666666, 0.9285714285714286, 0.7142857142857143, 0.75, 0.6666666666666666, 0.6666666666666666, 0.7142857142857143, 0.42857142857142855, 0.4166666666666667, 0.75, 0.75]
 mean: 0.665079365079365, std: 0.16106614432296057
F1 (Intime): [0.7754010695187166, 0.475, 0.4375, 0.4125874125874126, 0.916083916083916, 0.9251336898395721, 0.6888888888888889, 0.7333333333333334, 0.6666666666666666, 0.6571428571428571, 0.6888888888888889, 0.41666666666666663, 0.29411764705882354, 0.7482517482517483, 0.7333333333333334]
 mean: 0.6379330745507218, std: 0.18260685096338586
--------------------------------------------------
Subject Number: 15
Accuracy Cross: [0.75, 0.53125, 0.65625, 0.59375, 0.6875, 0.65625, 0.5625, 0.625, 0.59375, 0.53125, 0.65625, 0.625, 0.5, 0.625, 0.59375]
 mean: 0.6125, std: 0.06332785063987775
F1 Score: [0.7333333333333334, 0.530791788856305, 0.6532019704433498, 0.5933528836754643, 0.6761133603238867, 0.6559139784946236, 0.5555555555555556, 0.6235294117647059, 0.5733333333333333, 0.5270935960591133, 0.6532019704433498, 0.6, 0.4920634920634921, 0.611336032388664, 0.5835835835835836]
 mean: 0.6041602860212507, std: 0.061933472622223186
Accuracy Intime: [0.7142857142857143, 0.7142857142857143, 0.75, 0.8333333333333334, 0.6666666666666666, 0.7142857142857143, 0.5714285714285714, 0.8333333333333334, 0.6666666666666666, 0.75, 0.7857142857142857, 0.7857142857142857, 0.9166666666666666, 0.8333333333333334, 0.8333333333333334]
 mean: 0.757936507936508, std: 0.08436623660900515
F1 (Intime): [0.7083333333333333, 0.6888888888888889, 0.7482517482517483, 0.8333333333333334, 0.6571428571428571, 0.7083333333333333, 0.5333333333333333, 0.8285714285714285, 0.625, 0.7482517482517483, 0.7754010695187166, 0.7543859649122806, 0.9111111111111111, 0.8285714285714285, 0.8285714285714285]
 mean: 0.745165400474998, std: 0.09314515187935059
--------------------------------------------------
Subject Number: 16
Accuracy Cross: [0.5625, 0.5625, 0.53125, 0.5625, 0.59375, 0.71875, 0.75, 0.75, 0.6875, 0.6875, 0.53125, 0.5, 0.59375, 0.5625, 0.53125]
 mean: 0.6083333333333333, std: 0.08296794896558281
F1 Score: [0.5607843137254902, 0.5607843137254902, 0.5270935960591133, 0.5555555555555556, 0.5901477832512315, 0.716256157635468, 0.7408906882591093, 0.746031746031746, 0.6761133603238867, 0.6825396825396826, 0.5076923076923077, 0.4181818181818182, 0.5588547189819725, 0.5333333333333333, 0.4684385382059801]
 mean: 0.5895131942334791, std: 0.09700007362067778
Accuracy Intime: [0.7142857142857143, 0.6428571428571429, 0.6666666666666666, 0.8333333333333334, 0.6666666666666666, 0.7142857142857143, 0.5714285714285714, 0.8333333333333334, 0.6666666666666666, 0.5833333333333334, 0.7142857142857143, 0.7857142857142857, 0.75, 0.8333333333333334, 0.75]
 mean: 0.7150793650793651, std: 0.08149522319360912
F1 (Intime): [0.7142857142857143, 0.5906432748538011, 0.6571428571428571, 0.8333333333333334, 0.6666666666666666, 0.6888888888888889, 0.5333333333333333, 0.8285714285714285, 0.625, 0.5804195804195804, 0.7142857142857143, 0.7543859649122806, 0.7333333333333334, 0.8333333333333334, 0.7333333333333334]
 mean: 0.6991304504462399, std: 0.08958999020561967
--------------------------------------------------
Subject Number: 17
Accuracy Cross: [0.6666666666666666, 0.6363636363636364, 0.48484848484848486, 0.6060606060606061, 0.5757575757575758, 0.42424242424242425, 0.5454545454545454, 0.5454545454545454, 0.5757575757575758, 0.5151515151515151, 0.5, 0.5625, 0.53125, 0.65625, 0.5625]
 mean: 0.5592171717171718, std: 0.0632633089802961
F1 Score: [0.6458536585365854, 0.6278195488721805, 0.4771668219944082, 0.5662285136501517, 0.5227272727272727, 0.41565703634669154, 0.5299145299145299, 0.543778801843318, 0.5416666666666666, 0.47619047619047616, 0.4980392156862745, 0.5465587044534412, 0.4909862142099682, 0.6476476476476476, 0.5465587044534412]
 mean: 0.538452920879537, std: 0.06287785424323185
Accuracy Intime: [0.6428571428571429, 0.7142857142857143, 0.5833333333333334, 0.5833333333333334, 0.6666666666666666, 0.8571428571428571, 0.7857142857142857, 0.5, 0.6666666666666666, 0.9166666666666666, 0.7857142857142857, 0.7857142857142857, 0.5, 0.75, 0.6666666666666666]
 mean: 0.6936507936507936, std: 0.11820868420260869
F1 (Intime): [0.641025641025641, 0.65, 0.5555555555555556, 0.4957983193277311, 0.6571428571428571, 0.8444444444444444, 0.7543859649122806, 0.4857142857142857, 0.625, 0.916083916083916, 0.7846153846153847, 0.7754010695187166, 0.49743589743589745, 0.7482517482517483, 0.6571428571428571]
 mean: 0.6725331960780877, std: 0.1262697580213867
--------------------------------------------------
Subject Number: 18
Accuracy Cross: [0.696969696969697, 0.7272727272727273, 0.696969696969697, 0.7575757575757576, 0.7272727272727273, 0.65625, 0.6875, 0.625, 0.78125, 0.71875, 0.75, 0.71875, 0.8125, 0.75, 0.6875]
 mean: 0.719570707070707, std: 0.046107300947830436
F1 Score: [0.6966911764705883, 0.7262672811059908, 0.6944444444444444, 0.7461538461538462, 0.723205964585275, 0.6532019704433498, 0.6825396825396826, 0.6235294117647059, 0.7757757757757757, 0.7046153846153846, 0.7408906882591093, 0.7046153846153846, 0.8, 0.746031746031746, 0.6536796536796536]
 mean: 0.7114428273656623, std: 0.04582589353989122
Accuracy Intime: [0.8571428571428571, 0.7857142857142857, 1.0, 0.8333333333333334, 0.5833333333333334, 0.8571428571428571, 0.8571428571428571, 0.75, 0.75, 0.75, 0.8571428571428571, 0.6428571428571429, 0.9166666666666666, 0.75, 0.6666666666666666]
 mean: 0.7904761904761904, std: 0.10521187635757562
F1 (Intime): [0.8444444444444444, 0.7754010695187166, 1.0, 0.8285714285714285, 0.5804195804195804, 0.8541666666666667, 0.8571428571428571, 0.7333333333333334, 0.7333333333333334, 0.7482517482517483, 0.8571428571428571, 0.5238095238095237, 0.9111111111111111, 0.7333333333333334, 0.6571428571428571]
 mean: 0.7758402762814528, std: 0.12037934368629832
--------------------------------------------------
Subject Number: 19
Accuracy Cross: [0.5, 0.59375, 0.46875, 0.46875, 0.5625, 0.5, 0.53125, 0.5, 0.5, 0.46875, 0.5, 0.59375, 0.5625, 0.65625, 0.625]
 mean: 0.5354166666666667, std: 0.05803495115493383
F1 Score: [0.3333333333333333, 0.4340136054421769, 0.36374269005847953, 0.36374269005847953, 0.4166666666666667, 0.4181818181818182, 0.43859649122807015, 0.4458874458874459, 0.4181818181818182, 0.4420512820512821, 0.4920634920634921, 0.5901477832512315, 0.5607843137254902, 0.6532019704433498, 0.625]
 mean: 0.4663730267048756, std: 0.09440062362480903
Accuracy Intime: [0.7142857142857143, 0.7142857142857143, 0.75, 0.75, 0.8333333333333334, 0.7857142857142857, 0.7857142857142857, 0.75, 0.6666666666666666, 0.5833333333333334, 0.6428571428571429, 0.7142857142857143, 0.8333333333333334, 0.6666666666666666, 0.6666666666666666]
 mean: 0.7238095238095238, std: 0.06834619092574916
F1 (Intime): [0.7142857142857143, 0.65, 0.7482517482517483, 0.7333333333333334, 0.8285714285714285, 0.7754010695187166, 0.7543859649122806, 0.7333333333333334, 0.625, 0.5555555555555556, 0.641025641025641, 0.7083333333333333, 0.7777777777777777, 0.625, 0.6571428571428571]
 mean: 0.7018265171361147, std: 0.07114585661492584
--------------------------------------------------
Subject Number: 20
Accuracy Cross: [0.65625, 0.625, 0.625, 0.59375, 0.53125, 0.71875, 0.625, 0.5625, 0.65625, 0.6875, 0.48484848484848486, 0.5757575757575758, 0.6363636363636364, 0.5454545454545454, 0.696969696969697]
 mean: 0.614709595959596, std: 0.06347463465404785
F1 Score: [0.5883040935672514, 0.5636363636363637, 0.5844155844155844, 0.5134502923976608, 0.43859649122807015, 0.7117117117117118, 0.6, 0.5151515151515151, 0.6389743589743591, 0.6666666666666667, 0.4672364672364672, 0.5557692307692308, 0.6278195488721805, 0.5170731707317073, 0.6726190476190477]
 mean: 0.5774283028651879, std: 0.07560897218669461
Accuracy Intime: [0.8571428571428571, 0.7857142857142857, 0.75, 0.5833333333333334, 0.5833333333333334, 0.8571428571428571, 0.8571428571428571, 1.0, 0.5833333333333334, 0.5833333333333334, 0.8571428571428571, 0.8571428571428571, 0.8333333333333334, 0.6666666666666666, 0.75]
 mean: 0.7603174603174604, std: 0.12769148224704718
F1 (Intime): [0.8444444444444444, 0.7543859649122806, 0.7333333333333334, 0.4957983193277311, 0.5555555555555556, 0.8541666666666667, 0.8444444444444444, 1.0, 0.5804195804195804, 0.5555555555555556, 0.8541666666666667, 0.8444444444444444, 0.8125, 0.625, 0.7333333333333334]
 mean: 0.7391698872736024, std: 0.14102023906262837
--------------------------------------------------
Subject Number: 21
Accuracy Cross: [0.4375, 0.34375, 0.375, 0.40625, 0.53125, 0.5, 0.40625, 0.3125, 0.53125, 0.625, 0.34375, 0.40625, 0.375, 0.28125, 0.375]
 mean: 0.4166666666666667, std: 0.09033118078616166
F1 Score: [0.41700404858299595, 0.343108504398827, 0.3333333333333333, 0.3552492046659597, 0.5076923076923077, 0.4181818181818182, 0.3913913913913914, 0.30158730158730157, 0.4909862142099682, 0.6190476190476191, 0.32732732732732733, 0.3913913913913914, 0.3333333333333333, 0.24512820512820513, 0.3333333333333333]
 mean: 0.3872063555736742, std: 0.09080932948374526
Accuracy Intime: [0.5714285714285714, 0.7857142857142857, 0.5833333333333334, 0.5, 0.5, 0.5, 0.5714285714285714, 0.5833333333333334, 0.5833333333333334, 0.5833333333333334, 0.42857142857142855, 0.5, 0.5833333333333334, 0.5, 0.75]
 mean: 0.5682539682539681, std: 0.09102451501151425
F1 (Intime): [0.475, 0.7846153846153847, 0.3684210526315789, 0.4375, 0.4857142857142857, 0.47593582887700536, 0.5333333333333333, 0.3684210526315789, 0.4957983193277311, 0.5804195804195804, 0.42857142857142855, 0.49743589743589745, 0.5555555555555556, 0.4857142857142857, 0.7333333333333334]
 mean: 0.5137179558773987, std: 0.11211995737260361
--------------------------------------------------
Subject Number: 22
Accuracy Cross: [0.6875, 0.71875, 0.6875, 0.59375, 0.625, 0.5757575757575758, 0.6666666666666666, 0.696969696969697, 0.6060606060606061, 0.6666666666666666, 0.71875, 0.625, 0.65625, 0.6875, 0.6875]
 mean: 0.6599747474747475, std: 0.04339211301481668
F1 Score: [0.6536796536796536, 0.694591728525981, 0.6761133603238867, 0.4793491864831039, 0.5636363636363637, 0.49782608695652175, 0.593505039193729, 0.6413043478260869, 0.4849939975990396, 0.6329625884732053, 0.7046153846153846, 0.6190476190476191, 0.6101882613510521, 0.6363636363636364, 0.6761133603238867]
 mean: 0.6109527076266101, std: 0.07152111742151826
Accuracy Intime: [0.7857142857142857, 0.6428571428571429, 0.6666666666666666, 0.5833333333333334, 0.5, 0.8571428571428571, 0.7857142857142857, 0.75, 0.5833333333333334, 0.4166666666666667, 0.8571428571428571, 0.6428571428571429, 0.75, 0.5833333333333334, 0.5833333333333334]
 mean: 0.665873015873016, std: 0.12489350464755725
F1 (Intime): [0.7543859649122806, 0.5906432748538011, 0.4, 0.4957983193277311, 0.3333333333333333, 0.8444444444444444, 0.7846153846153847, 0.6210526315789473, 0.4957983193277311, 0.4125874125874126, 0.8444444444444444, 0.641025641025641, 0.6974789915966386, 0.5555555555555556, 0.4957983193277311]
 mean: 0.5977974691287385, std: 0.15702466030726342
--------------------------------------------------
Subject Number: 23
Accuracy Cross: [0.696969696969697, 0.696969696969697, 0.6666666666666666, 0.6060606060606061, 0.696969696969697, 0.46875, 0.625, 0.65625, 0.6875, 0.59375, 0.6060606060606061, 0.6666666666666666, 0.696969696969697, 0.6060606060606061, 0.6363636363636364]
 mean: 0.6404671717171717, std: 0.058924212338514255
F1 Score: [0.6726190476190477, 0.6413043478260869, 0.593505039193729, 0.4849939975990396, 0.6590909090909091, 0.4682306940371457, 0.6235294117647059, 0.6476476476476476, 0.6875, 0.5933528836754643, 0.5195968645016797, 0.6329625884732053, 0.6590909090909091, 0.5195968645016797, 0.5695652173913044]
 mean: 0.5981724281608369, std: 0.06831845209188014
Accuracy Intime: [0.8571428571428571, 0.7142857142857143, 0.75, 0.4166666666666667, 0.8333333333333334, 0.7142857142857143, 0.7142857142857143, 0.7142857142857143, 0.75, 0.5833333333333334, 0.7857142857142857, 0.6428571428571429, 0.75, 0.5833333333333334, 0.75]
 mean: 0.703968253968254, std: 0.10682197687867453
F1 (Intime): [0.8444444444444444, 0.7083333333333333, 0.6974789915966386, 0.29411764705882354, 0.8333333333333334, 0.7083333333333333, 0.65, 0.6888888888888889, 0.7482517482517483, 0.5804195804195804, 0.7543859649122806, 0.625668449197861, 0.6974789915966386, 0.5555555555555556, 0.7333333333333334]
 mean: 0.6746682396837194, std: 0.12744098618447752
--------------------------------------------------
Subject Number: 24
Accuracy Cross: [0.59375, 0.4375, 0.46875, 0.59375, 0.5625, 0.59375, 0.59375, 0.5625, 0.59375, 0.6875, 0.53125, 0.4375, 0.4375, 0.5, 0.53125]
 mean: 0.5416666666666666, std: 0.07095577652469333
F1 Score: [0.5835835835835836, 0.43529411764705883, 0.464039408866995, 0.5835835835835836, 0.5465587044534412, 0.5901477832512315, 0.5933528836754643, 0.5607843137254902, 0.5733333333333333, 0.6875, 0.5195195195195195, 0.43529411764705883, 0.4375, 0.4817813765182186, 0.4909862142099682]
 mean: 0.5322172626676631, std: 0.07118440966305192
Accuracy Intime: [0.5714285714285714, 0.5714285714285714, 0.5833333333333334, 0.4166666666666667, 0.5, 0.5, 0.42857142857142855, 0.4166666666666667, 0.75, 0.6666666666666666, 0.6428571428571429, 0.7857142857142857, 0.5, 0.6666666666666666, 0.5833333333333334]
 mean: 0.5722222222222223, std: 0.11103739050971458
F1 (Intime): [0.5333333333333333, 0.5625, 0.5804195804195804, 0.4125874125874126, 0.4857142857142857, 0.47593582887700536, 0.42857142857142855, 0.4125874125874126, 0.7482517482517483, 0.6571428571428571, 0.5906432748538011, 0.7846153846153847, 0.5, 0.6666666666666666, 0.5804195804195804]
 mean: 0.5612925862693665, std: 0.11138225349339197
--------------------------------------------------
Subject Number: 25
Accuracy Cross: [0.42424242424242425, 0.45454545454545453, 0.5151515151515151, 0.42424242424242425, 0.42424242424242425, 0.59375, 0.6875, 0.59375, 0.625, 0.6875, 0.6875, 0.6875, 0.6875, 0.5625, 0.65625]
 mean: 0.5807449494949495, std: 0.10296335899523715
F1 Score: [0.2978723404255319, 0.4288461538461539, 0.47619047619047616, 0.2978723404255319, 0.3365079365079365, 0.5588547189819725, 0.6536796536796536, 0.5901477832512315, 0.536231884057971, 0.6363636363636364, 0.6363636363636364, 0.6666666666666667, 0.6363636363636364, 0.45893719806763283, 0.6101882613510521]
 mean: 0.5214057548361813, std: 0.12678293761012405
Accuracy Intime: [0.7857142857142857, 0.7142857142857143, 0.8333333333333334, 0.75, 0.5833333333333334, 0.5714285714285714, 0.5714285714285714, 0.4166666666666667, 0.5833333333333334, 0.5833333333333334, 0.6428571428571429, 0.5714285714285714, 0.5, 0.5, 0.4166666666666667]
 mean: 0.6015873015873016, std: 0.12022172343880336
F1 (Intime): [0.7754010695187166, 0.7083333333333333, 0.8125, 0.7333333333333334, 0.5555555555555556, 0.5333333333333333, 0.5625, 0.4125874125874126, 0.4957983193277311, 0.5804195804195804, 0.625668449197861, 0.5333333333333333, 0.3333333333333333, 0.3333333333333333, 0.37777777777777777]
 mean: 0.5582138776256422, std: 0.1483562356456401
--------------------------------------------------
Subject Number: 26
Accuracy Cross: [0.6060606060606061, 0.6060606060606061, 0.7575757575757576, 0.7272727272727273, 0.6666666666666666, 0.625, 0.65625, 0.65625, 0.71875, 0.6875, 0.8125, 0.78125, 0.6875, 0.84375, 0.8125]
 mean: 0.7096590909090909, std: 0.07488432948397865
F1 Score: [0.5814634146341464, 0.5662285136501517, 0.7380952380952381, 0.6996966632962589, 0.593505039193729, 0.6235294117647059, 0.6532019704433498, 0.6559139784946236, 0.7046153846153846, 0.6761133603238867, 0.7922077922077921, 0.751937984496124, 0.6761133603238867, 0.8303287380699894, 0.7922077922077921]
 mean: 0.6890105761211373, std: 0.07778528293934903
Accuracy Intime: [0.5714285714285714, 0.7142857142857143, 0.5, 0.5, 0.8333333333333334, 0.8571428571428571, 0.8571428571428571, 0.75, 0.75, 0.8333333333333334, 0.7857142857142857, 0.7142857142857143, 0.5, 0.6666666666666666, 0.6666666666666666]
 mean: 0.6999999999999998, std: 0.1255524451283295
F1 (Intime): [0.5714285714285714, 0.6888888888888889, 0.4375, 0.3333333333333333, 0.8285714285714285, 0.8541666666666667, 0.8541666666666667, 0.6974789915966386, 0.7333333333333334, 0.8333333333333334, 0.7754010695187166, 0.65, 0.4375, 0.625, 0.6571428571428571]
 mean: 0.6651496760320289, std: 0.15690771642108634
--------------------------------------------------
Subject Number: 27
Accuracy Cross: [0.6666666666666666, 0.6363636363636364, 0.48484848484848486, 0.6060606060606061, 0.5757575757575758, 0.42424242424242425, 0.5454545454545454, 0.5454545454545454, 0.5757575757575758, 0.5151515151515151, 0.5, 0.5625, 0.53125, 0.65625, 0.5625]
 mean: 0.5592171717171718, std: 0.0632633089802961
F1 Score: [0.6458536585365854, 0.6278195488721805, 0.4771668219944082, 0.5662285136501517, 0.5227272727272727, 0.41565703634669154, 0.5299145299145299, 0.543778801843318, 0.5416666666666666, 0.47619047619047616, 0.4980392156862745, 0.5465587044534412, 0.4909862142099682, 0.6476476476476476, 0.5465587044534412]
 mean: 0.538452920879537, std: 0.06287785424323185
Accuracy Intime: [0.6428571428571429, 0.7142857142857143, 0.5833333333333334, 0.5833333333333334, 0.6666666666666666, 0.8571428571428571, 0.7857142857142857, 0.5, 0.6666666666666666, 0.9166666666666666, 0.7857142857142857, 0.7857142857142857, 0.5, 0.75, 0.6666666666666666]
 mean: 0.6936507936507936, std: 0.11820868420260869
F1 (Intime): [0.641025641025641, 0.65, 0.5555555555555556, 0.4957983193277311, 0.6571428571428571, 0.8444444444444444, 0.7543859649122806, 0.4857142857142857, 0.625, 0.916083916083916, 0.7846153846153847, 0.7754010695187166, 0.49743589743589745, 0.7482517482517483, 0.6571428571428571]
 mean: 0.6725331960780877, std: 0.1262697580213867
--------------------------------------------------
Subject Number: 28
Accuracy Cross: [0.65625, 0.5625, 0.375, 0.5, 0.4375, 0.5625, 0.5, 0.46875, 0.53125, 0.59375, 0.5625, 0.4375, 0.53125, 0.65625, 0.5]
 mean: 0.525, std: 0.07586308940013801
F1 Score: [0.6389743589743591, 0.5607843137254902, 0.375, 0.4181818181818182, 0.4285714285714286, 0.49090909090909085, 0.4817813765182186, 0.4420512820512821, 0.43859649122807015, 0.5835835835835836, 0.5465587044534412, 0.4285714285714286, 0.5195195195195195, 0.6559139784946236, 0.4920634920634921]
 mean: 0.5000707244563899, std: 0.08040809714347617
Accuracy Intime: [0.7142857142857143, 0.7142857142857143, 0.6666666666666666, 0.5833333333333334, 0.4166666666666667, 0.5714285714285714, 0.6428571428571429, 0.6666666666666666, 0.5833333333333334, 0.5, 0.7142857142857143, 0.7857142857142857, 0.8333333333333334, 0.5833333333333334, 0.75]
 mean: 0.6484126984126984, std: 0.10691038860529856
F1 (Intime): [0.7083333333333333, 0.7083333333333333, 0.6571428571428571, 0.4957983193277311, 0.29411764705882354, 0.475, 0.625668449197861, 0.5555555555555556, 0.5804195804195804, 0.4857142857142857, 0.7083333333333333, 0.7846153846153847, 0.8285714285714285, 0.5804195804195804, 0.7333333333333334]
 mean: 0.6147570947570948, std: 0.13560279493629496
--------------------------------------------------
Subject Number: 29
Accuracy Cross: [0.78125, 0.6875, 0.78125, 0.75, 0.75, 0.78125, 0.875, 0.9375, 0.875, 0.75, 0.8181818181818182, 0.7272727272727273, 0.9393939393939394, 0.9090909090909091, 0.9393939393939394]
 mean: 0.8201388888888889, std: 0.08232681485047348
F1 Score: [0.751937984496124, 0.6536796536796536, 0.751937984496124, 0.7090909090909091, 0.7090909090909091, 0.7702564102564102, 0.8704453441295547, 0.9365079365079365, 0.8666666666666667, 0.7090909090909091, 0.8166666666666667, 0.717948717948718, 0.9379699248120301, 0.905982905982906, 0.9379699248120301]
 mean: 0.8030161898485032, std: 0.09519332678711359
Accuracy Intime: [0.9285714285714286, 0.7857142857142857, 1.0, 0.8333333333333334, 0.75, 0.7857142857142857, 0.9285714285714286, 0.6666666666666666, 0.8333333333333334, 0.75, 0.8571428571428571, 0.7857142857142857, 0.9166666666666666, 0.8333333333333334, 0.5833333333333334]
 mean: 0.8158730158730161, std: 0.1032234316691372
F1 (Intime): [0.9251336898395721, 0.7846153846153847, 1.0, 0.8285714285714285, 0.7333333333333334, 0.7754010695187166, 0.9282051282051282, 0.6571428571428571, 0.8285714285714285, 0.7333333333333334, 0.8541666666666667, 0.7846153846153847, 0.8991596638655461, 0.8285714285714285, 0.5804195804195804]
 mean: 0.8094160251513194, std: 0.10474470919747188
--------------------------------------------------
**************************************************
accuracy_cross_list: [0.7547348484848484, 0.675, 0.5027146464646465, 0.6666666666666667, 0.5229166666666667, 0.6008838383838385, 0.51875, 0.6291666666666667, 0.6916666666666667, 0.5048611111111111, 0.5333333333333333, 0.6411616161616162, 0.7164772727272728, 0.6020833333333333, 0.6125, 0.6083333333333333, 0.5592171717171718, 0.719570707070707, 0.5354166666666667, 0.614709595959596, 0.4166666666666667, 0.6599747474747475, 0.6404671717171717, 0.5416666666666666, 0.5807449494949495, 0.7096590909090909, 0.5592171717171718, 0.525, 0.8201388888888889]
f1_score_list: [0.7321459577301632, 0.6486830080709007, 0.47847984426869394, 0.6330954698360391, 0.5147173466166571, 0.5220030704649702, 0.5068326697956456, 0.5986103283352359, 0.6759872762761359, 0.49228149699474766, 0.4508407133890058, 0.5967085747151951, 0.7123011595938904, 0.5854218480999147, 0.6041602860212507, 0.5895131942334791, 0.538452920879537, 0.7114428273656623, 0.4663730267048756, 0.5774283028651879, 0.3872063555736742, 0.6109527076266101, 0.5981724281608369, 0.5322172626676631, 0.5214057548361813, 0.6890105761211373, 0.538452920879537, 0.5000707244563899, 0.8030161898485032]
accuracy_intime_list: [0.8198412698412699, 0.6309523809523809, 0.6023809523809524, 0.7206349206349206, 0.669047619047619, 0.680952380952381, 0.5738095238095239, 0.6126984126984127, 0.7492063492063491, 0.7230158730158731, 0.5619047619047619, 0.6595238095238095, 0.7063492063492064, 0.665079365079365, 0.757936507936508, 0.7150793650793651, 0.6936507936507936, 0.7904761904761904, 0.7238095238095238, 0.7603174603174604, 0.5682539682539681, 0.665873015873016, 0.703968253968254, 0.5722222222222223, 0.6015873015873016, 0.6999999999999998, 0.6936507936507936, 0.6484126984126984, 0.8158730158730161]
f1_score_intime_list: [0.8070923025489589, 0.6105352920213601, 0.588727612257024, 0.6788679454933325, 0.6553833934097091, 0.6489084828713311, 0.5482272434594416, 0.573704601498719, 0.7170145758381052, 0.7000598524282736, 0.513447259368312, 0.5958103297344783, 0.6933048713698867, 0.6379330745507218, 0.745165400474998, 0.6991304504462399, 0.6725331960780877, 0.7758402762814528, 0.7018265171361147, 0.7391698872736024, 0.5137179558773987, 0.5977974691287385, 0.6746682396837194, 0.5612925862693665, 0.5582138776256422, 0.6651496760320289, 0.6725331960780877, 0.6147570947570948, 0.8094160251513194]
**************************************************
ACC: 60.91±8.76
F1: 57.99±9.33
Intime: 68.23±7.11
F1 (Intime): 65.41±7.90
