1e-04
Subject Number: 1
Accuracy Cross: [0.3088235294117647, 0.35294117647058826, 0.25, 0.36764705882352944, 0.4117647058823529, 0.391304347826087, 0.3333333333333333, 0.391304347826087, 0.4057971014492754, 0.30434782608695654, 0.38235294117647056, 0.4411764705882353, 0.5, 0.38235294117647056, 0.47058823529411764]
 mean: 0.3795822676896846, std: 0.062737124510358
F1 Score: [0.30892676480911774, 0.3479913916786227, 0.2577352472089314, 0.38239877074902073, 0.42326568925442515, 0.33369565217391306, 0.3100718194254446, 0.3794054677206851, 0.3859490799897777, 0.27329393486064235, 0.36342097445038624, 0.4499957558781088, 0.5014854426619132, 0.36808171375141924, 0.4665218203906177]
 mean: 0.3701493016668683, std: 0.06706403990658626
Accuracy Intime: [0.5, 0.5357142857142857, 0.35714285714285715, 0.4230769230769231, 0.46153846153846156, 0.6071428571428571, 0.5714285714285714, 0.39285714285714285, 0.5384615384615384, 0.5, 0.42857142857142855, 0.42857142857142855, 0.2857142857142857, 0.34615384615384615, 0.5]
 mean: 0.4584249084249084, std: 0.08659653651459032
F1 (Intime): [0.4805021367521367, 0.519345238095238, 0.3327380952380952, 0.39557072829131656, 0.4559767717662454, 0.5781733746130031, 0.575222816399287, 0.4159663865546218, 0.571813725490196, 0.5083333333333333, 0.4076797385620915, 0.42678167420814483, 0.3026315789473684, 0.32449229691876746, 0.490967365967366]
 mean: 0.45241301740914736, std: 0.08770682059500319
--------------------------------------------------
Subject Number: 2
Accuracy Cross: [0.2608695652173913, 0.2608695652173913, 0.2608695652173913, 0.18840579710144928, 0.2608695652173913, 0.3088235294117647, 0.2647058823529412, 0.3382352941176471, 0.3088235294117647, 0.3235294117647059, 0.30434782608695654, 0.3188405797101449, 0.3333333333333333, 0.3188405797101449, 0.391304347826087]
 mean: 0.29617789144643364, std: 0.04615357744054697
F1 Score: [0.2594516594516595, 0.26297614962251203, 0.2669941282746161, 0.2147618031059289, 0.278844696969697, 0.3147176897176897, 0.23495670995670997, 0.3277721639790605, 0.2876691729323308, 0.31460437710437705, 0.26494553376906316, 0.2508556062581486, 0.31284655097483854, 0.2734897870491091, 0.3713500876680304]
 mean: 0.2824157411222515, std: 0.03861419699128808
Accuracy Intime: [0.5357142857142857, 0.5714285714285714, 0.42857142857142855, 0.5384615384615384, 0.38461538461538464, 0.5357142857142857, 0.42857142857142855, 0.32142857142857145, 0.4642857142857143, 0.34615384615384615, 0.4642857142857143, 0.5, 0.42857142857142855, 0.4230769230769231, 0.23076923076923078]
 mean: 0.44010989010989016, std: 0.08961379565274372
F1 (Intime): [0.5392156862745098, 0.5696428571428571, 0.39120879120879115, 0.43813131313131315, 0.37543290043290045, 0.5173254281949934, 0.38828671328671327, 0.31025641025641026, 0.44907902554961376, 0.31691919191919193, 0.45892857142857146, 0.49206349206349204, 0.3729545454545455, 0.4569221628045157, 0.20717517776341304]
 mean: 0.4189028177941221, std: 0.09284524333875538
--------------------------------------------------
Subject Number: 3
Accuracy Cross: [0.29411764705882354, 0.23529411764705882, 0.2647058823529412, 0.23529411764705882, 0.3088235294117647, 0.3188405797101449, 0.18840579710144928, 0.21739130434782608, 0.2898550724637681, 0.30434782608695654, 0.30434782608695654, 0.3188405797101449, 0.2463768115942029, 0.2898550724637681, 0.3188405797101449]
 mean: 0.2756891162262006, std: 0.04027241035667429
F1 Score: [0.2819233926992547, 0.22979323308270677, 0.26155187445510025, 0.2272873042822109, 0.30601051922030376, 0.2997402597402597, 0.19109113936700142, 0.2112833987833988, 0.2621637426900585, 0.3071428571428571, 0.2984544695071011, 0.29945045419873795, 0.2354471544715447, 0.2779251923988766, 0.30464392964392967]
 mean: 0.26626059477888947, std: 0.03730516670239498
Accuracy Intime: [0.5, 0.21428571428571427, 0.42857142857142855, 0.42857142857142855, 0.4230769230769231, 0.32142857142857145, 0.21428571428571427, 0.2857142857142857, 0.3076923076923077, 0.46153846153846156, 0.42857142857142855, 0.42857142857142855, 0.32142857142857145, 0.38461538461538464, 0.5]
 mean: 0.3765567765567766, std: 0.09036452601188122
F1 (Intime): [0.49469696969696964, 0.1992661943319838, 0.40555555555555556, 0.37259615384615385, 0.43214285714285716, 0.2929971988795518, 0.18712121212121213, 0.24681372549019606, 0.2557422969187675, 0.4628593628593628, 0.4256410256410256, 0.40575396825396826, 0.34380411255411253, 0.3844627594627595, 0.4808080808080808]
 mean: 0.3593507649041704, std: 0.09726447350676022
--------------------------------------------------
Subject Number: 4
Accuracy Cross: [0.36231884057971014, 0.4057971014492754, 0.4057971014492754, 0.42028985507246375, 0.4057971014492754, 0.42028985507246375, 0.37681159420289856, 0.4492753623188406, 0.4057971014492754, 0.36231884057971014, 0.36231884057971014, 0.36231884057971014, 0.37681159420289856, 0.4782608695652174, 0.4782608695652174]
 mean: 0.4048309178743962, std: 0.03833204719783067
F1 Score: [0.359686281460475, 0.4145833333333333, 0.42495321707278233, 0.4038872841928869, 0.37514367816091954, 0.4254305977710233, 0.38170814479638004, 0.4507575757575758, 0.39434133775310926, 0.346764705882353, 0.3151455026455026, 0.33987859966120837, 0.38775198267127836, 0.495342954917423, 0.480061605061605]
 mean: 0.39969578674252376, std: 0.04897670870575623
Accuracy Intime: [0.42857142857142855, 0.4642857142857143, 0.42857142857142855, 0.2857142857142857, 0.46153846153846156, 0.39285714285714285, 0.4642857142857143, 0.42857142857142855, 0.39285714285714285, 0.4230769230769231, 0.42857142857142855, 0.4642857142857143, 0.6785714285714286, 0.42857142857142855, 0.38461538461538464]
 mean: 0.43699633699633705, std: 0.07800434890001846
F1 (Intime): [0.43615196078431373, 0.4665032679738562, 0.3911255411255411, 0.26359649122807016, 0.426046176046176, 0.4159663865546218, 0.4882352941176471, 0.44375, 0.3333333333333333, 0.4126533189033189, 0.42186915251930734, 0.43210745223129127, 0.6809138230190862, 0.4285714285714286, 0.3753156565656566]
 mean: 0.4277426188649099, std: 0.0856170954838579
--------------------------------------------------
Subject Number: 5
Accuracy Cross: [0.3235294117647059, 0.29411764705882354, 0.27941176470588236, 0.45588235294117646, 0.3088235294117647, 0.45588235294117646, 0.45588235294117646, 0.4117647058823529, 0.5147058823529411, 0.4264705882352941, 0.3382352941176471, 0.3382352941176471, 0.38235294117647056, 0.4117647058823529, 0.4264705882352941]
 mean: 0.38823529411764707, std: 0.0683045625425504
F1 Score: [0.2995833333333333, 0.2638900387741303, 0.26957539338239234, 0.4537215787215787, 0.30920454545454545, 0.4535861026813033, 0.44949324324324325, 0.42196253501400555, 0.5203152111046848, 0.4259286412512219, 0.3358644358644359, 0.29785665743112555, 0.3627689360447981, 0.39773559773559775, 0.414890180878553]
 mean: 0.37842509539432995, std: 0.07610464748552119
Accuracy Intime: [0.6071428571428571, 0.6428571428571429, 0.5357142857142857, 0.5769230769230769, 0.5, 0.5714285714285714, 0.5714285714285714, 0.42857142857142855, 0.5, 0.3076923076923077, 0.5357142857142857, 0.6071428571428571, 0.4642857142857143, 0.46153846153846156, 0.5384615384615384]
 mean: 0.5232600732600733, std: 0.08174860775357617
F1 (Intime): [0.5705128205128205, 0.6358974358974359, 0.5107843137254902, 0.48958333333333326, 0.4422348484848485, 0.5582417582417583, 0.5692307692307693, 0.3926470588235294, 0.4374595992243051, 0.2833333333333333, 0.5404761904761906, 0.6058608058608058, 0.4872807017543859, 0.37840755735492576, 0.5287247474747474]
 mean: 0.49537835158191196, std: 0.09160176325674056
--------------------------------------------------
Subject Number: 6
Accuracy Cross: [0.47058823529411764, 0.4411764705882353, 0.4264705882352941, 0.45588235294117646, 0.4411764705882353, 0.36231884057971014, 0.34782608695652173, 0.34782608695652173, 0.391304347826087, 0.3188405797101449, 0.34782608695652173, 0.3333333333333333, 0.43478260869565216, 0.4492753623188406, 0.4492753623188406]
 mean: 0.40119352088661553, std: 0.05094765200890758
F1 Score: [0.46190476190476193, 0.43801588482439546, 0.41699410949410953, 0.44734977023683287, 0.43569239189928843, 0.28448275862068967, 0.2707142857142857, 0.26840888721166095, 0.3174589027530204, 0.23404088050314467, 0.33878446115288224, 0.31082616707616706, 0.4349439652643314, 0.43268219568529165, 0.4427822112322506]
 mean: 0.3690054422382075, std: 0.07840993395186314
Accuracy Intime: [0.6071428571428571, 0.5, 0.5, 0.5357142857142857, 0.3076923076923077, 0.5357142857142857, 0.5714285714285714, 0.4642857142857143, 0.34615384615384615, 0.38461538461538464, 0.4642857142857143, 0.4642857142857143, 0.5714285714285714, 0.6153846153846154, 0.5]
 mean: 0.49120879120879124, std: 0.08724679582216271
F1 (Intime): [0.5863636363636363, 0.4737179487179487, 0.4792340012928248, 0.5166056166056165, 0.2648809523809524, 0.517074592074592, 0.5597496706192359, 0.4426406926406926, 0.2637904858299595, 0.3, 0.45913461538461536, 0.46815114709851546, 0.5276143790849673, 0.6128326330532212, 0.45087521174477696]
 mean: 0.461511038859437, std: 0.10438846749955849
--------------------------------------------------
Subject Number: 7
Accuracy Cross: [0.4852941176470588, 0.45588235294117646, 0.3382352941176471, 0.45588235294117646, 0.4264705882352941, 0.29411764705882354, 0.36764705882352944, 0.38235294117647056, 0.36764705882352944, 0.4264705882352941, 0.4117647058823529, 0.38235294117647056, 0.38235294117647056, 0.36764705882352944, 0.3382352941176471]
 mean: 0.3921568627450981, std: 0.04970114453190814
F1 Score: [0.4446536301227377, 0.4480550284629981, 0.3332402724942424, 0.4460410557184751, 0.4034135472370766, 0.28730328531355487, 0.3600985221674877, 0.39514627868286406, 0.3569976375448639, 0.40886131652205526, 0.40907670760611936, 0.38509656196943975, 0.3858470099981136, 0.3666343828615634, 0.3391342864125122]
 mean: 0.3846399682076069, std: 0.04390841528199679
Accuracy Intime: [0.4642857142857143, 0.5714285714285714, 0.39285714285714285, 0.34615384615384615, 0.3076923076923077, 0.4642857142857143, 0.42857142857142855, 0.6071428571428571, 0.46153846153846156, 0.34615384615384615, 0.42857142857142855, 0.5, 0.5, 0.5384615384615384, 0.4230769230769231]
 mean: 0.452014652014652, std: 0.08143409952580367
F1 (Intime): [0.4126984126984127, 0.5528846153846154, 0.3234004127966976, 0.34615384615384615, 0.30965909090909094, 0.42146464646464654, 0.4321862348178137, 0.6128205128205128, 0.3927350427350428, 0.3169642857142857, 0.37606837606837606, 0.5000854408749145, 0.45138888888888884, 0.5094017094017094, 0.34375]
 mean: 0.42011076771525685, std: 0.08812759421890705
--------------------------------------------------
Subject Number: 8
Accuracy Cross: [0.2647058823529412, 0.23529411764705882, 0.25, 0.3235294117647059, 0.23529411764705882, 0.35294117647058826, 0.29411764705882354, 0.3235294117647059, 0.22058823529411764, 0.23529411764705882, 0.11764705882352941, 0.29411764705882354, 0.3235294117647059, 0.3382352941176471, 0.25]
 mean: 0.27058823529411763, std: 0.05852867277097765
F1 Score: [0.2584669619452228, 0.22372287210996888, 0.26711309523809523, 0.2949346405228758, 0.2385066546356869, 0.35175156911399796, 0.29058253574382603, 0.31599408343594393, 0.206007656007656, 0.2351502820018562, 0.10165805340223945, 0.2890912651782217, 0.3257728316551846, 0.3328808181749358, 0.23225750551981056]
 mean: 0.26425938831236806, std: 0.06062270933920841
Accuracy Intime: [0.35714285714285715, 0.32142857142857145, 0.2857142857142857, 0.2692307692307692, 0.4230769230769231, 0.25, 0.32142857142857145, 0.2857142857142857, 0.15384615384615385, 0.34615384615384615, 0.25, 0.42857142857142855, 0.32142857142857145, 0.4230769230769231, 0.5]
 mean: 0.3291208791208791, std: 0.0850862215450184
F1 (Intime): [0.34375, 0.3159138655462185, 0.2860576923076923, 0.20884932920536636, 0.42371794871794877, 0.1926470588235294, 0.2944677033492823, 0.2945146958304853, 0.1111111111111111, 0.36184640522875816, 0.20735930735930735, 0.4404491341991342, 0.3103174603174603, 0.3944444444444445, 0.4920995670995671]
 mean: 0.31183638156935367, std: 0.09973325131518469
--------------------------------------------------
Subject Number: 9
Accuracy Cross: [0.4117647058823529, 0.4411764705882353, 0.39705882352941174, 0.4411764705882353, 0.5147058823529411, 0.25, 0.3382352941176471, 0.36764705882352944, 0.3382352941176471, 0.2647058823529412, 0.3382352941176471, 0.39705882352941174, 0.3088235294117647, 0.36764705882352944, 0.4117647058823529]
 mean: 0.3725490196078431, std: 0.06742646613352704
F1 Score: [0.4187918060200669, 0.4541941150636803, 0.4323595841498655, 0.45971880131362886, 0.5297498528034423, 0.236185693789711, 0.3588137984722425, 0.37893543956043957, 0.3505116959064327, 0.27387801594698147, 0.36083434392432695, 0.41628066170472433, 0.34633941036380056, 0.3920356526739506, 0.4358943089430894]
 mean: 0.38963487870909214, std: 0.07140886631196774
Accuracy Intime: [0.5, 0.39285714285714285, 0.4642857142857143, 0.38461538461538464, 0.19230769230769232, 0.7142857142857143, 0.5, 0.5, 0.34615384615384615, 0.38461538461538464, 0.5357142857142857, 0.5357142857142857, 0.5714285714285714, 0.5, 0.46153846153846156]
 mean: 0.4655677655677656, std: 0.1140153654072735
F1 (Intime): [0.4833333333333333, 0.40049019607843134, 0.5014748409485252, 0.4185924369747899, 0.14835164835164835, 0.6909090909090909, 0.5016447368421052, 0.5018207282913165, 0.34581105169340465, 0.39642857142857135, 0.5051169590643274, 0.5145334928229665, 0.5804292929292929, 0.5101540616246498, 0.4119047619047619]
 mean: 0.46073301354648105, std: 0.1162930756762963
--------------------------------------------------
Subject Number: 10
Accuracy Cross: [0.22058823529411764, 0.3088235294117647, 0.27941176470588236, 0.29411764705882354, 0.3088235294117647, 0.29411764705882354, 0.23529411764705882, 0.22058823529411764, 0.27941176470588236, 0.22058823529411764, 0.21739130434782608, 0.2318840579710145, 0.2463768115942029, 0.2753623188405797, 0.21739130434782608]
 mean: 0.25667803353225355, std: 0.03444507263598399
F1 Score: [0.20735653235653237, 0.30717795717795715, 0.25780175109443404, 0.27781954887218047, 0.29696682328261276, 0.28419856459330145, 0.24019771651350597, 0.2073451910408432, 0.2731219760631526, 0.22196664222873902, 0.20517676767676768, 0.23195231668915878, 0.22822177822177822, 0.2706390213743155, 0.21639442598744923]
 mean: 0.2484224675448486, std: 0.03352722487133355
Accuracy Intime: [0.2857142857142857, 0.39285714285714285, 0.32142857142857145, 0.2692307692307692, 0.19230769230769232, 0.4642857142857143, 0.25, 0.2857142857142857, 0.38461538461538464, 0.3076923076923077, 0.35714285714285715, 0.35714285714285715, 0.32142857142857145, 0.34615384615384615, 0.4230769230769231]
 mean: 0.3305860805860806, std: 0.06781257650769117
F1 (Intime): [0.2621553884711779, 0.38368983957219255, 0.3046345811051694, 0.25684523809523807, 0.19607843137254902, 0.4460891812865497, 0.2562937062937063, 0.2714169000933707, 0.38290598290598293, 0.29603174603174603, 0.29708462332301344, 0.3321428571428572, 0.2669956140350877, 0.3277777777777778, 0.44087481146304675]
 mean: 0.314734445264631, std: 0.06907476732544975
--------------------------------------------------
Subject Number: 11
Accuracy Cross: [0.3333333333333333, 0.2898550724637681, 0.2898550724637681, 0.30434782608695654, 0.30434782608695654, 0.43478260869565216, 0.42028985507246375, 0.4492753623188406, 0.4057971014492754, 0.43478260869565216, 0.2898550724637681, 0.34782608695652173, 0.4057971014492754, 0.30434782608695654, 0.3188405797101449]
 mean: 0.35555555555555557, std: 0.059606557739853835
F1 Score: [0.32810882810882813, 0.28731643047655775, 0.2851764597191426, 0.3115074457032603, 0.30601570415400203, 0.39757765454359884, 0.36692071369490725, 0.4195767195767195, 0.370111210628452, 0.3988347212116312, 0.23505444516082816, 0.31769988697233276, 0.34791666666666665, 0.26234471148264255, 0.2871031746031746]
 mean: 0.32808431818018297, std: 0.052218844560695955
Accuracy Intime: [0.35714285714285715, 0.42857142857142855, 0.42857142857142855, 0.6071428571428571, 0.46153846153846156, 0.32142857142857145, 0.35714285714285715, 0.42857142857142855, 0.4642857142857143, 0.38461538461538464, 0.25, 0.32142857142857145, 0.4642857142857143, 0.39285714285714285, 0.6153846153846154]
 mean: 0.4188644688644689, std: 0.09566262103572624
F1 (Intime): [0.29761904761904756, 0.3893398268398268, 0.40946275946275945, 0.6104287868993752, 0.45629370629370636, 0.3106203007518797, 0.29166666666666663, 0.4275162337662338, 0.45705128205128204, 0.3564664502164502, 0.22483766233766234, 0.2649270234409553, 0.43646825396825395, 0.36456043956043954, 0.6214285714285714]
 mean: 0.394579134086874, std: 0.11071542404221428
--------------------------------------------------
Subject Number: 12
Accuracy Cross: [0.45588235294117646, 0.39705882352941174, 0.45588235294117646, 0.45588235294117646, 0.36764705882352944, 0.36231884057971014, 0.391304347826087, 0.4057971014492754, 0.43478260869565216, 0.43478260869565216, 0.4264705882352941, 0.3088235294117647, 0.3382352941176471, 0.36764705882352944, 0.38235294117647056]
 mean: 0.39899119067917027, std: 0.04362278568398369
F1 Score: [0.4331070889894419, 0.39845446950710106, 0.4216156693778177, 0.45101233899732024, 0.36518131750232463, 0.356030701754386, 0.3664214914214915, 0.3919343814080657, 0.4308101334417124, 0.4355308919803601, 0.4083802325915703, 0.28309668695064233, 0.33927345537757436, 0.34972721437740695, 0.365635329418183]
 mean: 0.38641409353969325, std: 0.044031685297469286
Accuracy Intime: [0.4642857142857143, 0.5, 0.5714285714285714, 0.4230769230769231, 0.38461538461538464, 0.32142857142857145, 0.39285714285714285, 0.4642857142857143, 0.3076923076923077, 0.4230769230769231, 0.4642857142857143, 0.5, 0.5, 0.38461538461538464, 0.5384615384615384]
 mean: 0.44267399267399277, std: 0.07299540102011091
F1 (Intime): [0.43913516823733545, 0.47950089126559714, 0.5491035280508965, 0.39378342245989306, 0.32136752136752134, 0.28888888888888886, 0.3992063492063492, 0.4366421568627451, 0.25073529411764706, 0.41277472527472525, 0.48039215686274506, 0.4935064935064935, 0.49358974358974356, 0.32097069597069594, 0.5171356421356421]
 mean: 0.4184488451864613, std: 0.08612549945174112
--------------------------------------------------
Subject Number: 13
Accuracy Cross: [0.35294117647058826, 0.3088235294117647, 0.36764705882352944, 0.27941176470588236, 0.45588235294117646, 0.30434782608695654, 0.37681159420289856, 0.2753623188405797, 0.36231884057971014, 0.30434782608695654, 0.35294117647058826, 0.3088235294117647, 0.3382352941176471, 0.35294117647058826, 0.3235294117647059]
 mean: 0.33762432509235574, std: 0.044025391586525076
F1 Score: [0.35415695415695414, 0.32168050972806916, 0.37906162464985993, 0.28777405390308614, 0.4591666666666666, 0.30341338405854534, 0.37781753130590334, 0.2773685127133403, 0.37152176807349224, 0.2931580614507444, 0.3396919455850027, 0.3065114709851552, 0.35269872813990466, 0.3647863837617158, 0.32029225255031707]
 mean: 0.34060665651525046, std: 0.04557001185849306
Accuracy Intime: [0.4642857142857143, 0.39285714285714285, 0.42857142857142855, 0.3076923076923077, 0.3076923076923077, 0.32142857142857145, 0.5, 0.39285714285714285, 0.34615384615384615, 0.34615384615384615, 0.39285714285714285, 0.32142857142857145, 0.4642857142857143, 0.5, 0.34615384615384615]
 mean: 0.38882783882783883, std: 0.06605503757959431
F1 (Intime): [0.4742063492063492, 0.3967105263157895, 0.4484848484848485, 0.3237179487179487, 0.288034188034188, 0.31212121212121213, 0.5101540616246498, 0.37606837606837606, 0.3277777777777777, 0.33898809523809526, 0.37778887778887776, 0.27777777777777773, 0.4676470588235294, 0.5018398268398269, 0.33392857142857146]
 mean: 0.3836830330831879, std: 0.07586925771620635
--------------------------------------------------
Subject Number: 14
Accuracy Cross: [0.29411764705882354, 0.29411764705882354, 0.29411764705882354, 0.27941176470588236, 0.3235294117647059, 0.3235294117647059, 0.4117647058823529, 0.3235294117647059, 0.38235294117647056, 0.3088235294117647, 0.36764705882352944, 0.4264705882352941, 0.27941176470588236, 0.3088235294117647, 0.2647058823529412]
 mean: 0.3254901960784313, std: 0.047687790223589446
F1 Score: [0.3033452893352463, 0.2752533085194375, 0.297753241045924, 0.2855865368751031, 0.3275343449762054, 0.3274631699050304, 0.4193112973600779, 0.3418444300797242, 0.3979636510124315, 0.30753968253968256, 0.3695439685428562, 0.41605603448275863, 0.27450690797699423, 0.3135338135338135, 0.2653799957763582]
 mean: 0.32817437813077627, std: 0.04927383121243226
Accuracy Intime: [0.2857142857142857, 0.5, 0.5, 0.34615384615384615, 0.46153846153846156, 0.39285714285714285, 0.4642857142857143, 0.42857142857142855, 0.5, 0.3076923076923077, 0.2857142857142857, 0.32142857142857145, 0.32142857142857145, 0.46153846153846156, 0.34615384615384615]
 mean: 0.39487179487179486, std: 0.07956900634535541
F1 (Intime): [0.297360248447205, 0.49633699633699635, 0.46605392156862746, 0.2676767676767677, 0.4547682709447416, 0.37996031746031744, 0.46273926237161533, 0.427020202020202, 0.5071428571428571, 0.2911255411255411, 0.27455176402544823, 0.2996031746031746, 0.2694805194805195, 0.49081510594668487, 0.37014652014652016]
 mean: 0.383652097953148, std: 0.08984093894626671
--------------------------------------------------
Subject Number: 15
Accuracy Cross: [0.35294117647058826, 0.3088235294117647, 0.3382352941176471, 0.39705882352941174, 0.3235294117647059, 0.45588235294117646, 0.4264705882352941, 0.5147058823529411, 0.4117647058823529, 0.47058823529411764, 0.39705882352941174, 0.3088235294117647, 0.3382352941176471, 0.38235294117647056, 0.3382352941176471]
 mean: 0.384313725490196, std: 0.06048312476543991
F1 Score: [0.37202045266561395, 0.3076298701298702, 0.3497200263504612, 0.4160450741119346, 0.3398149280502222, 0.4653510311405048, 0.43962306823747077, 0.5200191964897847, 0.424454102085681, 0.4679756895745676, 0.3968775127311713, 0.32505300758987654, 0.35249295278365045, 0.3960294117647059, 0.34746540255371205]
 mean: 0.39470478175061513, std: 0.05855236368951386
Accuracy Intime: [0.5714285714285714, 0.4642857142857143, 0.42857142857142855, 0.6538461538461539, 0.3076923076923077, 0.39285714285714285, 0.35714285714285715, 0.5, 0.46153846153846156, 0.46153846153846156, 0.5, 0.4642857142857143, 0.5, 0.5, 0.5769230769230769]
 mean: 0.476007326007326, std: 0.08387878487516415
F1 (Intime): [0.5883971291866028, 0.4620915032679738, 0.4145021645021645, 0.6764705882352942, 0.26325145442792497, 0.37390873015873016, 0.34802350427350426, 0.5093137254901962, 0.43284493284493286, 0.43813131313131315, 0.503968253968254, 0.4707767722473605, 0.4936274509803922, 0.47997835497835495, 0.5861244019138756]
 mean: 0.46942735197379165, std: 0.09861751215039943
--------------------------------------------------
Subject Number: 16
Accuracy Cross: [0.39705882352941174, 0.39705882352941174, 0.47058823529411764, 0.39705882352941174, 0.47058823529411764, 0.38235294117647056, 0.3382352941176471, 0.3382352941176471, 0.39705882352941174, 0.23529411764705882, 0.39705882352941174, 0.45588235294117646, 0.4264705882352941, 0.3382352941176471, 0.47058823529411764]
 mean: 0.3941176470588236, std: 0.06174135879934818
F1 Score: [0.3536074598359735, 0.36066277929403895, 0.4507918023477317, 0.3963412931154867, 0.42882025450689293, 0.386498781660072, 0.3413841093117409, 0.34070671875549924, 0.39942226890756305, 0.24470717981154413, 0.33751750700280114, 0.4174825174825175, 0.4046578421578422, 0.325529252351347, 0.4546834807704373]
 mean: 0.37618754982076597, std: 0.05331388626798884
Accuracy Intime: [0.5, 0.5, 0.5357142857142857, 0.5384615384615384, 0.5384615384615384, 0.5714285714285714, 0.39285714285714285, 0.42857142857142855, 0.5769230769230769, 0.3076923076923077, 0.5, 0.5, 0.6785714285714286, 0.5769230769230769, 0.4230769230769231]
 mean: 0.5045787545787546, std: 0.08649654003308684
F1 (Intime): [0.4777432126696833, 0.4220588235294118, 0.5330478345184227, 0.5083333333333333, 0.5034798534798535, 0.5499434389140272, 0.3891559829059829, 0.4118195529960236, 0.5305555555555556, 0.30833333333333335, 0.4792622582096266, 0.506578947368421, 0.6762820512820513, 0.5881598793363499, 0.37196969696969695]
 mean: 0.48378158362678486, std: 0.08934474719136083
--------------------------------------------------
Subject Number: 17
Accuracy Cross: [0.4927536231884058, 0.4057971014492754, 0.391304347826087, 0.42028985507246375, 0.42028985507246375, 0.3333333333333333, 0.3188405797101449, 0.4057971014492754, 0.37681159420289856, 0.34782608695652173, 0.4852941176470588, 0.36764705882352944, 0.38235294117647056, 0.4117647058823529, 0.38235294117647056]
 mean: 0.3961636828644502, std: 0.046706757931157764
F1 Score: [0.47124360877453403, 0.39439475253428746, 0.3818775077598607, 0.42475402504472276, 0.40349183770236396, 0.28609022556390973, 0.29025889532014176, 0.3594155844155844, 0.34375, 0.2970833333333333, 0.48862214131300485, 0.3560206946076511, 0.37534562211981565, 0.4085600326834548, 0.38416127216436813]
 mean: 0.3776713022224688, std: 0.05757515332797922
Accuracy Intime: [0.25, 0.42857142857142855, 0.32142857142857145, 0.4230769230769231, 0.38461538461538464, 0.5, 0.5, 0.42857142857142855, 0.5384615384615384, 0.5769230769230769, 0.42857142857142855, 0.5357142857142857, 0.35714285714285715, 0.5, 0.38461538461538464]
 mean: 0.4371794871794872, std: 0.0864569746395249
F1 (Intime): [0.2125, 0.4033088235294118, 0.2909867909867909, 0.31385281385281383, 0.344881221719457, 0.5057165057165056, 0.45544258373205737, 0.4080128205128205, 0.5305555555555556, 0.5693998811645871, 0.4232323232323232, 0.5156485671191553, 0.3465219421101774, 0.5151515151515151, 0.36875]
 mean: 0.413597422958878, std: 0.09859105879408714
--------------------------------------------------
Subject Number: 18
Accuracy Cross: [0.30434782608695654, 0.30434782608695654, 0.34782608695652173, 0.34782608695652173, 0.4057971014492754, 0.3382352941176471, 0.29411764705882354, 0.29411764705882354, 0.3382352941176471, 0.3235294117647059, 0.3235294117647059, 0.27941176470588236, 0.3088235294117647, 0.35294117647058826, 0.35294117647058826]
 mean: 0.3277351520318272, std: 0.03106395084219812
F1 Score: [0.30153338509316774, 0.3286331300813008, 0.3581403515372701, 0.3663770913770914, 0.4303724053724054, 0.3679728659996807, 0.3020575941975536, 0.3006038647342995, 0.3605676328502415, 0.3484779863855951, 0.327992502992503, 0.2662082649151615, 0.32382739212007505, 0.35942559855603334, 0.3743944227815196]
 mean: 0.34110563259959314, std: 0.038697885413079114
Accuracy Intime: [0.39285714285714285, 0.32142857142857145, 0.5, 0.34615384615384615, 0.23076923076923078, 0.39285714285714285, 0.35714285714285715, 0.5, 0.34615384615384615, 0.3076923076923077, 0.35714285714285715, 0.35714285714285715, 0.6071428571428571, 0.34615384615384615, 0.34615384615384615]
 mean: 0.38058608058608046, std: 0.08861819602300351
F1 (Intime): [0.38369565217391305, 0.3207282913165266, 0.5044642857142857, 0.3321428571428572, 0.21025641025641023, 0.3931372549019607, 0.3895833333333333, 0.47857142857142854, 0.36433419521654814, 0.3416666666666667, 0.33333333333333337, 0.34448529411764706, 0.5651515151515152, 0.36753246753246754, 0.34305555555555556]
 mean: 0.3781425693989633, std: 0.08205920486371387
--------------------------------------------------
Subject Number: 19
Accuracy Cross: [0.2647058823529412, 0.25, 0.23529411764705882, 0.3235294117647059, 0.3382352941176471, 0.35294117647058826, 0.3382352941176471, 0.29411764705882354, 0.3088235294117647, 0.3235294117647059, 0.3088235294117647, 0.29411764705882354, 0.35294117647058826, 0.3382352941176471, 0.36764705882352944]
 mean: 0.3127450980392157, std: 0.037767373106388676
F1 Score: [0.2080084577771904, 0.24596433400946582, 0.23703990368077055, 0.2823241187655404, 0.31055954639920486, 0.3394798136645963, 0.3074514673493687, 0.2683928571428571, 0.2814732692781473, 0.3003357753357754, 0.30255736337088024, 0.31138843426077467, 0.3458333333333333, 0.36002042483660135, 0.38498168498168495]
 mean: 0.2990540522790795, std: 0.04602506744845805
Accuracy Intime: [0.35714285714285715, 0.4642857142857143, 0.35714285714285715, 0.5, 0.38461538461538464, 0.4642857142857143, 0.39285714285714285, 0.4642857142857143, 0.4230769230769231, 0.38461538461538464, 0.4642857142857143, 0.5, 0.39285714285714285, 0.46153846153846156, 0.5384615384615384]
 mean: 0.4366300366300367, std: 0.05424894821569191
F1 (Intime): [0.35174825174825175, 0.3923611111111111, 0.375515995872033, 0.5267857142857143, 0.37655677655677655, 0.47094017094017093, 0.3957749766573296, 0.45833333333333326, 0.400186741363212, 0.34469696969696967, 0.4547511312217195, 0.42609649122807014, 0.3799019607843137, 0.44299719887955186, 0.5416666666666666]
 mean: 0.4225542326896816, std: 0.057441155760650474
--------------------------------------------------
Subject Number: 20
Accuracy Cross: [0.4411764705882353, 0.4852941176470588, 0.4264705882352941, 0.35294117647058826, 0.4264705882352941, 0.35294117647058826, 0.38235294117647056, 0.38235294117647056, 0.4264705882352941, 0.4411764705882353, 0.42028985507246375, 0.34782608695652173, 0.42028985507246375, 0.4057971014492754, 0.391304347826087]
 mean: 0.4068769536800227, std: 0.03720696728421442
F1 Score: [0.4288374388657064, 0.4918576930130203, 0.40260764870402777, 0.3496076674243749, 0.4158092966916497, 0.35087809192996844, 0.39671052631578946, 0.40349014427961793, 0.42888996346443153, 0.45138183296078027, 0.42926136363636364, 0.33504895201323776, 0.4165252548711196, 0.40508658008658005, 0.3901349527665317]
 mean: 0.4064084938015467, std: 0.03901397314888497
Accuracy Intime: [0.4642857142857143, 0.5357142857142857, 0.42857142857142855, 0.3076923076923077, 0.46153846153846156, 0.6071428571428571, 0.6428571428571429, 0.6071428571428571, 0.5384615384615384, 0.38461538461538464, 0.5357142857142857, 0.5357142857142857, 0.5, 0.34615384615384615, 0.38461538461538464]
 mean: 0.48534798534798534, std: 0.09681180780652683
F1 (Intime): [0.45833333333333337, 0.5331175532413922, 0.43089133089133086, 0.2589285714285714, 0.4470588235294118, 0.6128326330532213, 0.6440422322775264, 0.5884866767219707, 0.5239980607627667, 0.37504848093083387, 0.5383541295306, 0.5602564102564103, 0.5013736263736264, 0.3414565826330532, 0.3214285714285714]
 mean: 0.4757071344261747, std: 0.10933146048903555
--------------------------------------------------
Subject Number: 21
Accuracy Cross: [0.47058823529411764, 0.4117647058823529, 0.4411764705882353, 0.35294117647058826, 0.4117647058823529, 0.35294117647058826, 0.3382352941176471, 0.3235294117647059, 0.45588235294117646, 0.3382352941176471, 0.3088235294117647, 0.3235294117647059, 0.3382352941176471, 0.29411764705882354, 0.36764705882352944]
 mean: 0.3686274509803921, std: 0.05382344012278746
F1 Score: [0.44991596638655457, 0.39783653846153844, 0.42533936651583715, 0.34727061556329847, 0.3985331485331486, 0.330295566502463, 0.3371119281045752, 0.3144316375198728, 0.42791728908447385, 0.3059486320265924, 0.307627688172043, 0.31907528570721816, 0.3115300269905533, 0.29247685185185185, 0.33672413793103445]
 mean: 0.35346897862340376, std: 0.05011847090773361
Accuracy Intime: [0.5, 0.6428571428571429, 0.4642857142857143, 0.34615384615384615, 0.38461538461538464, 0.35714285714285715, 0.5, 0.42857142857142855, 0.38461538461538464, 0.38461538461538464, 0.42857142857142855, 0.5714285714285714, 0.39285714285714285, 0.34615384615384615, 0.46153846153846156]
 mean: 0.4395604395604396, std: 0.08280130453006286
F1 (Intime): [0.4698083778966132, 0.6461538461538461, 0.39999999999999997, 0.28253968253968254, 0.3827838827838828, 0.35131535131535135, 0.49215102707749764, 0.3464912280701754, 0.3735888294711824, 0.38919413919413914, 0.3846153846153846, 0.5702985739750446, 0.35929487179487174, 0.31132756132756134, 0.4530005941770648]
 mean: 0.41417089002615326, std: 0.09403992384852589
--------------------------------------------------
Subject Number: 22
Accuracy Cross: [0.35294117647058826, 0.38235294117647056, 0.3235294117647059, 0.29411764705882354, 0.36764705882352944, 0.30434782608695654, 0.30434782608695654, 0.42028985507246375, 0.3333333333333333, 0.2898550724637681, 0.35294117647058826, 0.3382352941176471, 0.35294117647058826, 0.27941176470588236, 0.35294117647058826]
 mean: 0.336615515771526, std: 0.03710732160412403
F1 Score: [0.36526848755109625, 0.38019782688428383, 0.3464038489316548, 0.30775444901562077, 0.35909090909090907, 0.26922950008249463, 0.2739008756883633, 0.387310606060606, 0.3487364153872693, 0.2575187969924812, 0.3620622939778386, 0.34175246675246673, 0.3771749084249084, 0.28992528213200897, 0.38522311022311023]
 mean: 0.33676998514634077, std: 0.043560560481089534
Accuracy Intime: [0.42857142857142855, 0.4642857142857143, 0.35714285714285715, 0.4230769230769231, 0.2692307692307692, 0.5, 0.5, 0.2857142857142857, 0.4230769230769231, 0.34615384615384615, 0.4642857142857143, 0.35714285714285715, 0.5, 0.4230769230769231, 0.3076923076923077]
 mean: 0.40329670329670325, std: 0.07561818385215782
F1 (Intime): [0.4336622807017544, 0.45467032967032966, 0.3378623188405797, 0.45470085470085464, 0.19090909090909092, 0.49720279720279725, 0.4964021485760616, 0.27537593984962405, 0.40277777777777773, 0.2827898550724638, 0.4777906304222094, 0.35757575757575755, 0.49470792365529204, 0.4296626984126984, 0.24545454545454548]
 mean: 0.38876966325478907, std: 0.09743588708476526
--------------------------------------------------
Subject Number: 23
Accuracy Cross: [0.2608695652173913, 0.391304347826087, 0.36231884057971014, 0.36231884057971014, 0.391304347826087, 0.3382352941176471, 0.36764705882352944, 0.39705882352941174, 0.38235294117647056, 0.36764705882352944, 0.21739130434782608, 0.34782608695652173, 0.36231884057971014, 0.3333333333333333, 0.30434782608695654]
 mean: 0.34575163398692804, std: 0.04865870745434996
F1 Score: [0.2548115425353277, 0.3795646225266789, 0.3546494441231284, 0.33771739130434786, 0.4059210526315789, 0.28846153846153844, 0.36090686274509803, 0.3869011869011869, 0.4007943143812709, 0.33548640712323574, 0.17531294360562652, 0.3382209188660802, 0.3512094425600438, 0.29485014619883043, 0.23800493370336107]
 mean: 0.32685418317782217, std: 0.06297996792786249
Accuracy Intime: [0.39285714285714285, 0.5714285714285714, 0.4642857142857143, 0.2692307692307692, 0.4230769230769231, 0.35714285714285715, 0.5, 0.42857142857142855, 0.42857142857142855, 0.34615384615384615, 0.5, 0.5714285714285714, 0.42857142857142855, 0.5384615384615384, 0.46153846153846156]
 mean: 0.44542124542124545, std: 0.08156374978517665
F1 (Intime): [0.4043040293040293, 0.5503846153846154, 0.44592892487629326, 0.21875, 0.4222222222222222, 0.38407557354925775, 0.4988970588235294, 0.4236041736041736, 0.4602591036414566, 0.32849870717517776, 0.5101515151515151, 0.5550671550671551, 0.3910678137651822, 0.5464285714285715, 0.43848039215686274]
 mean: 0.4385413237433361, std: 0.08730154846604221
--------------------------------------------------
Subject Number: 24
Accuracy Cross: [0.36764705882352944, 0.35294117647058826, 0.25, 0.27941176470588236, 0.3088235294117647, 0.3235294117647059, 0.36764705882352944, 0.3382352941176471, 0.39705882352941174, 0.27941176470588236, 0.27941176470588236, 0.27941176470588236, 0.29411764705882354, 0.35294117647058826, 0.27941176470588236]
 mean: 0.3166666666666666, std: 0.042236586722623565
F1 Score: [0.3648747086247086, 0.34680451127819545, 0.25521988174427196, 0.2590659340659341, 0.30988692645547145, 0.3232230392156863, 0.3647513059277765, 0.3312704076584376, 0.3888050946874476, 0.26559829059829065, 0.29969278033794167, 0.2805656700343607, 0.2944180898165718, 0.3603023320765256, 0.27584091535704436]
 mean: 0.31468799252524426, std: 0.041913101544834665
Accuracy Intime: [0.35714285714285715, 0.2857142857142857, 0.5, 0.34615384615384615, 0.23076923076923078, 0.2857142857142857, 0.35714285714285715, 0.4642857142857143, 0.5384615384615384, 0.34615384615384615, 0.42857142857142855, 0.42857142857142855, 0.2857142857142857, 0.4230769230769231, 0.38461538461538464]
 mean: 0.3774725274725275, std: 0.08382077782479451
F1 (Intime): [0.3650162337662338, 0.2698412698412698, 0.5061934389140271, 0.35889110889110887, 0.1801470588235294, 0.2842948717948718, 0.32300420168067223, 0.43611111111111106, 0.49850734061260377, 0.34202317290552586, 0.3980392156862745, 0.40530058177117, 0.2632177033492823, 0.3993055555555556, 0.33529411764705885]
 mean: 0.3576791321566863, std: 0.08532891103146101
--------------------------------------------------
Subject Number: 25
Accuracy Cross: [0.36231884057971014, 0.34782608695652173, 0.43478260869565216, 0.34782608695652173, 0.3188405797101449, 0.4117647058823529, 0.36764705882352944, 0.36764705882352944, 0.4411764705882353, 0.4117647058823529, 0.36764705882352944, 0.4411764705882353, 0.39705882352941174, 0.38235294117647056, 0.38235294117647056]
 mean: 0.38547882921284454, std: 0.03553145639250786
F1 Score: [0.31988636363636364, 0.32574130293657155, 0.4183160687521153, 0.30921658986175116, 0.28990683229813663, 0.3481416957026713, 0.31365605438792854, 0.3292888439501179, 0.3648634984833165, 0.366017316017316, 0.3635976129582268, 0.4361111111111111, 0.3524327547110798, 0.345091615679851, 0.29936044123687144]
 mean: 0.3454418734482286, std: 0.03962355187748303
Accuracy Intime: [0.42857142857142855, 0.5357142857142857, 0.35714285714285715, 0.5769230769230769, 0.38461538461538464, 0.39285714285714285, 0.5357142857142857, 0.39285714285714285, 0.6153846153846154, 0.38461538461538464, 0.39285714285714285, 0.4642857142857143, 0.42857142857142855, 0.4230769230769231, 0.2692307692307692]
 mean: 0.43882783882783893, std: 0.0886102466919531
F1 (Intime): [0.43888464476699773, 0.5193528693528693, 0.3802521008403361, 0.5810170221934927, 0.30186335403726705, 0.275, 0.48131313131313136, 0.3922590567327409, 0.4974747474747474, 0.33055555555555555, 0.32914438502673793, 0.4323863636363636, 0.36287078934137756, 0.3491452991452992, 0.2090909090909091]
 mean: 0.39204068190052166, std: 0.09684897671526689
--------------------------------------------------
Subject Number: 26
Accuracy Cross: [0.43478260869565216, 0.42028985507246375, 0.4057971014492754, 0.43478260869565216, 0.4492753623188406, 0.39705882352941174, 0.3088235294117647, 0.3382352941176471, 0.35294117647058826, 0.3235294117647059, 0.47058823529411764, 0.39705882352941174, 0.47058823529411764, 0.5, 0.4264705882352941]
 mean: 0.4086814435919296, std: 0.05479427959840638
F1 Score: [0.4436391560317402, 0.4253042468312882, 0.42142857142857143, 0.4573793555349984, 0.42097969327245177, 0.42198874996412616, 0.322422538991084, 0.33495440729483283, 0.36073179271708683, 0.36388973345495085, 0.5024632490168015, 0.4006403462285815, 0.4834229390681003, 0.5147574457553007, 0.43686868686868685]
 mean: 0.4207247274972401, std: 0.055292804439739336
Accuracy Intime: [0.5, 0.42857142857142855, 0.35714285714285715, 0.5, 0.46153846153846156, 0.5, 0.6071428571428571, 0.5357142857142857, 0.46153846153846156, 0.3076923076923077, 0.42857142857142855, 0.32142857142857145, 0.2857142857142857, 0.4230769230769231, 0.23076923076923078]
 mean: 0.4232600732600733, std: 0.10039303405890518
F1 (Intime): [0.49145299145299143, 0.4285714285714286, 0.35437062937062935, 0.519345238095238, 0.47914438502673795, 0.5085851648351649, 0.590909090909091, 0.5636363636363637, 0.45634920634920634, 0.28991228070175434, 0.4025974025974026, 0.28487886382623223, 0.2838084795321637, 0.41857484620642516, 0.23125]
 mean: 0.4202257580740553, std: 0.10693393994474557
--------------------------------------------------
Subject Number: 27
Accuracy Cross: [0.4927536231884058, 0.4057971014492754, 0.391304347826087, 0.42028985507246375, 0.42028985507246375, 0.3333333333333333, 0.3188405797101449, 0.4057971014492754, 0.37681159420289856, 0.34782608695652173, 0.4852941176470588, 0.36764705882352944, 0.38235294117647056, 0.4117647058823529, 0.38235294117647056]
 mean: 0.3961636828644502, std: 0.046706757931157764
F1 Score: [0.47124360877453403, 0.39439475253428746, 0.3818775077598607, 0.42475402504472276, 0.40349183770236396, 0.28609022556390973, 0.29025889532014176, 0.3594155844155844, 0.34375, 0.2970833333333333, 0.48862214131300485, 0.3560206946076511, 0.37534562211981565, 0.4085600326834548, 0.38416127216436813]
 mean: 0.3776713022224688, std: 0.05757515332797922
Accuracy Intime: [0.25, 0.42857142857142855, 0.32142857142857145, 0.4230769230769231, 0.38461538461538464, 0.5, 0.5, 0.42857142857142855, 0.5384615384615384, 0.5769230769230769, 0.42857142857142855, 0.5357142857142857, 0.35714285714285715, 0.5, 0.38461538461538464]
 mean: 0.4371794871794872, std: 0.0864569746395249
F1 (Intime): [0.2125, 0.4033088235294118, 0.2909867909867909, 0.31385281385281383, 0.344881221719457, 0.5057165057165056, 0.45544258373205737, 0.4080128205128205, 0.5305555555555556, 0.5693998811645871, 0.4232323232323232, 0.5156485671191553, 0.3465219421101774, 0.5151515151515151, 0.36875]
 mean: 0.413597422958878, std: 0.09859105879408714
--------------------------------------------------
Subject Number: 28
Accuracy Cross: [0.25, 0.27941176470588236, 0.29411764705882354, 0.22058823529411764, 0.23529411764705882, 0.22058823529411764, 0.20588235294117646, 0.20588235294117646, 0.27941176470588236, 0.3382352941176471, 0.36764705882352944, 0.35294117647058826, 0.3382352941176471, 0.3382352941176471, 0.3382352941176471]
 mean: 0.28431372549019607, std: 0.05623384470470585
F1 Score: [0.2446494336738239, 0.26771668219944084, 0.29305280794541566, 0.217987012987013, 0.23962744951709297, 0.2089447102604997, 0.2026222651222651, 0.2071925821925822, 0.2570132388412103, 0.3145021645021645, 0.3428357198014922, 0.3365700010861301, 0.3409217488164856, 0.34325396825396826, 0.3152605459057072]
 mean: 0.27547668874035275, std: 0.05221734572543535
Accuracy Intime: [0.42857142857142855, 0.5, 0.35714285714285715, 0.5769230769230769, 0.4230769230769231, 0.39285714285714285, 0.42857142857142855, 0.39285714285714285, 0.3076923076923077, 0.46153846153846156, 0.35714285714285715, 0.2857142857142857, 0.4642857142857143, 0.2692307692307692, 0.34615384615384615]
 mean: 0.3994505494505494, std: 0.08030754394287486
F1 (Intime): [0.43241758241758244, 0.4613095238095238, 0.37633053221288515, 0.49702380952380953, 0.41310160427807485, 0.32936507936507936, 0.4286199095022625, 0.3536255411255411, 0.3345238095238095, 0.4558913308913309, 0.3422008547008547, 0.2826330532212885, 0.4762626262626263, 0.221001221001221, 0.33941058941058944]
 mean: 0.38291447114976523, std: 0.07509543547878683
--------------------------------------------------
Subject Number: 29
Accuracy Cross: [0.4852941176470588, 0.45588235294117646, 0.5, 0.39705882352941174, 0.5, 0.4264705882352941, 0.45588235294117646, 0.4117647058823529, 0.5, 0.4117647058823529, 0.4782608695652174, 0.463768115942029, 0.463768115942029, 0.5362318840579711, 0.463768115942029]
 mean: 0.46332764990054004, std: 0.037624512894141406
F1 Score: [0.4905076405076405, 0.4581481481481481, 0.5198044518410652, 0.40600961538461544, 0.4915343915343915, 0.4541666666666667, 0.4720900809716599, 0.44042792792792795, 0.5208471267294796, 0.4418844093262698, 0.49478383458646613, 0.4822248411559745, 0.4875463557267151, 0.5520600089565606, 0.4884878193701723]
 mean: 0.4800348879222503, std: 0.03534800252727505
Accuracy Intime: [0.4642857142857143, 0.42857142857142855, 0.5357142857142857, 0.5384615384615384, 0.46153846153846156, 0.42857142857142855, 0.4642857142857143, 0.5714285714285714, 0.5, 0.4230769230769231, 0.4642857142857143, 0.5, 0.42857142857142855, 0.4230769230769231, 0.38461538461538464]
 mean: 0.4677655677655678, std: 0.05035264550165444
F1 (Intime): [0.4974192474192475, 0.4473776223776224, 0.5404283216783217, 0.5696778711484594, 0.4602564102564103, 0.4107950872656755, 0.45039682539682535, 0.5752747252747252, 0.5556318681318682, 0.4334887334887335, 0.47285067873303166, 0.5136015944839475, 0.45417018482033955, 0.44681372549019605, 0.35615079365079366]
 mean: 0.47895557930774657, std: 0.060193317481231766
--------------------------------------------------
**************************************************
accuracy_cross_list: [0.3795822676896846, 0.29617789144643364, 0.2756891162262006, 0.4048309178743962, 0.38823529411764707, 0.40119352088661553, 0.3921568627450981, 0.27058823529411763, 0.3725490196078431, 0.25667803353225355, 0.35555555555555557, 0.39899119067917027, 0.33762432509235574, 0.3254901960784313, 0.384313725490196, 0.3941176470588236, 0.3961636828644502, 0.3277351520318272, 0.3127450980392157, 0.4068769536800227, 0.3686274509803921, 0.336615515771526, 0.34575163398692804, 0.3166666666666666, 0.38547882921284454, 0.4086814435919296, 0.3961636828644502, 0.28431372549019607, 0.46332764990054004]
f1_score_list: [0.3701493016668683, 0.2824157411222515, 0.26626059477888947, 0.39969578674252376, 0.37842509539432995, 0.3690054422382075, 0.3846399682076069, 0.26425938831236806, 0.38963487870909214, 0.2484224675448486, 0.32808431818018297, 0.38641409353969325, 0.34060665651525046, 0.32817437813077627, 0.39470478175061513, 0.37618754982076597, 0.3776713022224688, 0.34110563259959314, 0.2990540522790795, 0.4064084938015467, 0.35346897862340376, 0.33676998514634077, 0.32685418317782217, 0.31468799252524426, 0.3454418734482286, 0.4207247274972401, 0.3776713022224688, 0.27547668874035275, 0.4800348879222503]
accuracy_intime_list: [0.4584249084249084, 0.44010989010989016, 0.3765567765567766, 0.43699633699633705, 0.5232600732600733, 0.49120879120879124, 0.452014652014652, 0.3291208791208791, 0.4655677655677656, 0.3305860805860806, 0.4188644688644689, 0.44267399267399277, 0.38882783882783883, 0.39487179487179486, 0.476007326007326, 0.5045787545787546, 0.4371794871794872, 0.38058608058608046, 0.4366300366300367, 0.48534798534798534, 0.4395604395604396, 0.40329670329670325, 0.44542124542124545, 0.3774725274725275, 0.43882783882783893, 0.4232600732600733, 0.4371794871794872, 0.3994505494505494, 0.4677655677655678]
f1_score_intime_list: [0.45241301740914736, 0.4189028177941221, 0.3593507649041704, 0.4277426188649099, 0.49537835158191196, 0.461511038859437, 0.42011076771525685, 0.31183638156935367, 0.46073301354648105, 0.314734445264631, 0.394579134086874, 0.4184488451864613, 0.3836830330831879, 0.383652097953148, 0.46942735197379165, 0.48378158362678486, 0.413597422958878, 0.3781425693989633, 0.4225542326896816, 0.4757071344261747, 0.41417089002615326, 0.38876966325478907, 0.4385413237433361, 0.3576791321566863, 0.39204068190052166, 0.4202257580740553, 0.413597422958878, 0.38291447114976523, 0.47895557930774657]
**************************************************
ACC: 35.80±4.95
F1: 35.04±5.18
Intime: 43.11±4.58
F1 (Intime): 41.49±4.61
