1e-04
Subject Number: 1
Accuracy Cross: [0.7380952380952381, 0.6904761904761905, 0.7261904761904762, 0.7380952380952381, 0.7142857142857143, 0.7261904761904762, 0.8095238095238095, 0.7976190476190477, 0.7738095238095238, 0.7380952380952381, 0.7261904761904762, 0.6666666666666666, 0.6904761904761905, 0.7261904761904762, 0.7142857142857143]
 mean: 0.7317460317460316, std: 0.03710688802400306
F1 Score: [0.7223557692307692, 0.6576802507836991, 0.7039987743220468, 0.71880706025563, 0.6888888888888889, 0.7258407833120477, 0.8090909090909091, 0.7973605789697744, 0.7735206470838655, 0.7380952380952381, 0.7079365079365079, 0.625, 0.6576802507836991, 0.7039987743220468, 0.6888888888888889]
 mean: 0.7146095547976007, std: 0.04906111265190423
Accuracy Intime: [0.8235294117647058, 0.9411764705882353, 0.8529411764705882, 0.8823529411764706, 0.875, 0.5882352941176471, 0.8529411764705882, 0.7647058823529411, 0.7941176470588235, 0.8125, 0.7647058823529411, 0.7058823529411765, 0.8235294117647058, 0.8823529411764706, 0.875]
 mean: 0.8159313725490197, std: 0.08328069271635322
F1 (Intime): [0.8235294117647058, 0.9409722222222222, 0.85178727114211, 0.880701754385965, 0.8745098039215686, 0.5824561403508772, 0.8496905393457117, 0.7638888888888888, 0.7925021795989537, 0.8117647058823529, 0.7614035087719297, 0.678030303030303, 0.8235294117647058, 0.8819444444444444, 0.8745098039215686]
 mean: 0.8127480259624206, std: 0.08687737502983356
--------------------------------------------------
Subject Number: 2
Accuracy Cross: [0.7261904761904762, 0.7738095238095238, 0.6904761904761905, 0.75, 0.6785714285714286, 0.75, 0.7738095238095238, 0.7738095238095238, 0.7619047619047619, 0.7619047619047619, 0.7261904761904762, 0.75, 0.7380952380952381, 0.7380952380952381, 0.7261904761904762]
 mean: 0.7412698412698412, std: 0.0276527799844196
F1 Score: [0.7194714679831566, 0.7711827956989248, 0.690300623936472, 0.7438652533759256, 0.6525203002910984, 0.7482517482517483, 0.7698630136986302, 0.7730052624093302, 0.7569444444444444, 0.7569444444444444, 0.7258407833120477, 0.7491110795050491, 0.7379466817923993, 0.7375, 0.725216896600768]
 mean: 0.7371976530496293, std: 0.031144420902970066
Accuracy Intime: [0.8235294117647058, 0.8823529411764706, 0.6470588235294118, 0.7647058823529411, 0.8125, 0.8529411764705882, 0.8823529411764706, 0.7352941176470589, 0.8235294117647058, 0.59375, 0.8529411764705882, 0.8823529411764706, 0.7058823529411765, 0.8529411764705882, 0.8125]
 mean: 0.7949754901960784, std: 0.08564116207121047
F1 (Intime): [0.8210526315789474, 0.8819444444444444, 0.6357142857142857, 0.7638888888888888, 0.8125, 0.8528138528138528, 0.8823529411764706, 0.7294429708222812, 0.8229166666666667, 0.5835835835835836, 0.8528138528138528, 0.8823529411764706, 0.6964285714285714, 0.8496905393457117, 0.8117647058823529]
 mean: 0.7919507250890921, std: 0.08923865125572485
--------------------------------------------------
Subject Number: 3
Accuracy Cross: [0.5714285714285714, 0.6071428571428571, 0.5952380952380952, 0.5714285714285714, 0.5952380952380952, 0.7261904761904762, 0.7142857142857143, 0.6547619047619048, 0.7023809523809523, 0.7261904761904762, 0.6547619047619048, 0.6309523809523809, 0.6547619047619048, 0.6666666666666666, 0.6904761904761905]
 mean: 0.6507936507936507, std: 0.052284663784128896
F1 Score: [0.5178571428571429, 0.5452009844134537, 0.5446428571428571, 0.5260188087774295, 0.5159322033898305, 0.725216896600768, 0.7136363636363636, 0.6547129695251594, 0.702338766832034, 0.725216896600768, 0.6080450522928399, 0.5727645611156686, 0.6149834044570887, 0.6421180766889836, 0.6576802507836991]
 mean: 0.6177576823409391, std: 0.07505367505336007
Accuracy Intime: [0.8235294117647058, 0.8823529411764706, 0.7058823529411765, 0.7647058823529411, 0.8125, 0.7941176470588235, 0.5588235294117647, 0.6470588235294118, 0.7647058823529411, 0.78125, 0.6470588235294118, 0.6764705882352942, 0.7647058823529411, 0.7352941176470589, 0.6875]
 mean: 0.7363970588235292, std: 0.08035086068704421
F1 (Intime): [0.8235294117647058, 0.8819444444444444, 0.7058823529411765, 0.7638888888888888, 0.8056680161943319, 0.793939393939394, 0.5584415584415584, 0.6421052631578947, 0.7647058823529411, 0.7810361681329423, 0.6458333333333333, 0.6739319965126417, 0.7638888888888888, 0.7332170880557978, 0.6825396825396826]
 mean: 0.7347034913059081, std: 0.08068578743147535
--------------------------------------------------
Subject Number: 4
Accuracy Cross: [0.6309523809523809, 0.4880952380952381, 0.6071428571428571, 0.6309523809523809, 0.6428571428571429, 0.6190476190476191, 0.7142857142857143, 0.6904761904761905, 0.7023809523809523, 0.7261904761904762, 0.6547619047619048, 0.7142857142857143, 0.7619047619047619, 0.6785714285714286, 0.6428571428571429]
 mean: 0.6603174603174603, std: 0.06327343310474523
F1 Score: [0.6309000708717222, 0.48627506755795763, 0.6043956043956044, 0.6283716283716283, 0.6395881006864989, 0.6155606407322655, 0.7101782633697526, 0.6897727272727273, 0.701322713696487, 0.7242757242757243, 0.653534347887925, 0.7141236528644356, 0.7619047619047619, 0.6774285307922059, 0.6428571428571429]
 mean: 0.6586992651691226, std: 0.06360402468576966
Accuracy Intime: [0.7941176470588235, 0.7647058823529411, 0.7058823529411765, 0.8235294117647058, 0.75, 0.7352941176470589, 0.8823529411764706, 0.5882352941176471, 0.8235294117647058, 0.71875, 0.5882352941176471, 0.8235294117647058, 0.7352941176470589, 0.7352941176470589, 0.5625]
 mean: 0.7354166666666667, std: 0.09083800899048183
F1 (Intime): [0.7925021795989537, 0.7638888888888888, 0.7058823529411765, 0.8229166666666667, 0.746031746031746, 0.7294429708222812, 0.8819444444444444, 0.5882352941176471, 0.8235294117647058, 0.718475073313783, 0.5868055555555556, 0.8235294117647058, 0.7332170880557978, 0.7294429708222812, 0.5607843137254902]
 mean: 0.7337752245676084, std: 0.09102220186231937
--------------------------------------------------
Subject Number: 5
Accuracy Cross: [0.7857142857142857, 0.7261904761904762, 0.7738095238095238, 0.6904761904761905, 0.7380952380952381, 0.7857142857142857, 0.7619047619047619, 0.7261904761904762, 0.75, 0.7976190476190477, 0.7976190476190477, 0.8095238095238095, 0.8333333333333334, 0.7619047619047619, 0.6785714285714286]
 mean: 0.7611111111111113, std: 0.04202603903134518
F1 Score: [0.7855927396483267, 0.7258407833120477, 0.7737774627923459, 0.6860264519838988, 0.7375, 0.7826336975273145, 0.7606837606837606, 0.725216896600768, 0.7491110795050491, 0.7962037962037962, 0.7962037962037962, 0.8094157685762904, 0.8332387975042541, 0.761769710720363, 0.6774285307922059]
 mean: 0.7600428848036145, std: 0.04248890093357123
Accuracy Intime: [0.7941176470588235, 0.8823529411764706, 0.7941176470588235, 0.8235294117647058, 0.84375, 0.7058823529411765, 0.7647058823529411, 0.8235294117647058, 0.7941176470588235, 0.625, 0.7941176470588235, 0.8823529411764706, 0.9117647058823529, 0.7647058823529411, 0.71875]
 mean: 0.7948529411764705, std: 0.07183024470381483
F1 (Intime): [0.793939393939394, 0.8819444444444444, 0.793939393939394, 0.8178571428571428, 0.8435972629521017, 0.6964285714285714, 0.7647058823529411, 0.8235294117647058, 0.7925021795989537, 0.6190476190476191, 0.7895667550839964, 0.8823529411764706, 0.9116883116883117, 0.7638888888888888, 0.7046153846153846]
 mean: 0.791973572251888, std: 0.07444698586344804
--------------------------------------------------
Subject Number: 6
Accuracy Cross: [0.5595238095238095, 0.5952380952380952, 0.6428571428571429, 0.5833333333333334, 0.5833333333333334, 0.7023809523809523, 0.6190476190476191, 0.6547619047619048, 0.6071428571428571, 0.6309523809523809, 0.6309523809523809, 0.6428571428571429, 0.6666666666666666, 0.5119047619047619, 0.5833333333333334]
 mean: 0.6142857142857142, std: 0.04555030111835474
F1 Score: [0.5564435564435564, 0.5952380952380952, 0.641025641025641, 0.5828011919965943, 0.5818517991750818, 0.7020008514261388, 0.6188315371525808, 0.6547129695251594, 0.6043956043956044, 0.6266666666666667, 0.6304810557684121, 0.6428571428571429, 0.664957264957265, 0.5084915084915085, 0.5832742735648476]
 mean: 0.6129352772456197, std: 0.046072297965467975
Accuracy Intime: [0.7058823529411765, 0.6764705882352942, 0.5882352941176471, 0.6470588235294118, 0.78125, 0.6470588235294118, 0.6764705882352942, 0.5882352941176471, 0.7647058823529411, 0.71875, 0.6470588235294118, 0.5882352941176471, 0.6764705882352942, 0.5294117647058824, 0.75]
 mean: 0.6656862745098039, std: 0.06959727032380231
F1 (Intime): [0.7017543859649122, 0.6761904761904762, 0.5868055555555556, 0.6470588235294118, 0.7793103448275862, 0.6458333333333333, 0.6621499548328816, 0.5641025641025641, 0.7647058823529411, 0.718475073313783, 0.6421052631578947, 0.5492424242424242, 0.6739319965126417, 0.5277777777777778, 0.7490196078431373]
 mean: 0.6592308975691547, std: 0.07471260800721065
--------------------------------------------------
Subject Number: 7
Accuracy Cross: [0.6785714285714286, 0.5595238095238095, 0.7142857142857143, 0.6071428571428571, 0.6309523809523809, 0.5595238095238095, 0.6428571428571429, 0.6190476190476191, 0.5, 0.5714285714285714, 0.5714285714285714, 0.5952380952380952, 0.6428571428571429, 0.6309523809523809, 0.5476190476190477]
 mean: 0.6047619047619047, std: 0.0532751950693283
F1 Score: [0.6774285307922059, 0.5589612601106854, 0.7101782633697526, 0.6025806451612903, 0.6266666666666667, 0.5487149702337738, 0.6354166666666667, 0.6135710178263369, 0.48117647058823526, 0.5591836734693878, 0.5711854792966535, 0.5931623931623932, 0.641025641025641, 0.6296401649836438, 0.5411155836687751]
 mean: 0.5993338284681405, std: 0.056148277882534486
Accuracy Intime: [0.6470588235294118, 0.6176470588235294, 0.6470588235294118, 0.7647058823529411, 0.75, 0.6176470588235294, 0.6470588235294118, 0.6176470588235294, 0.5588235294117647, 0.6875, 0.6470588235294118, 0.6176470588235294, 0.6764705882352942, 0.7058823529411765, 0.6875]
 mean: 0.6593137254901961, std: 0.052298431268158904
F1 (Intime): [0.6357142857142857, 0.6091954022988506, 0.6458333333333333, 0.7647058823529411, 0.75, 0.6146469049694856, 0.6458333333333333, 0.6173160173160173, 0.5255813953488373, 0.6862745098039216, 0.6470588235294118, 0.6091954022988506, 0.6761904761904762, 0.7058823529411765, 0.6825396825396826]
 mean: 0.6543978534647068, std: 0.057980646271672986
--------------------------------------------------
Subject Number: 8
Accuracy Cross: [0.8452380952380952, 0.8214285714285714, 0.8333333333333334, 0.8214285714285714, 0.8095238095238095, 0.7738095238095238, 0.7619047619047619, 0.7738095238095238, 0.7857142857142857, 0.75, 0.8809523809523809, 0.7976190476190477, 0.8571428571428571, 0.8928571428571429, 0.75]
 mean: 0.8103174603174602, std: 0.04400290881152099
F1 Score: [0.8434408602150538, 0.8207936282178923, 0.8318077803203661, 0.8201798201798203, 0.8090909090909091, 0.7737774627923459, 0.7613636363636364, 0.7735206470838655, 0.7855927396483267, 0.7499645641389086, 0.8808848553601816, 0.7975903614457831, 0.8568181818181818, 0.8924761769307352, 0.7491110795050491]
 mean: 0.8097608468740704, std: 0.04389581124241423
Accuracy Intime: [0.9117647058823529, 0.8235294117647058, 0.9117647058823529, 0.9411764705882353, 0.9375, 0.8823529411764706, 0.8823529411764706, 0.7352941176470589, 0.7647058823529411, 0.84375, 0.9117647058823529, 0.9117647058823529, 0.8529411764705882, 0.8235294117647058, 0.875]
 mean: 0.8672794117647059, std: 0.058509424856181526
F1 (Intime): [0.9116883116883117, 0.8178571428571428, 0.9116883116883117, 0.9409722222222222, 0.9372549019607843, 0.8823529411764706, 0.8823529411764706, 0.7294429708222812, 0.7638888888888888, 0.8435972629521017, 0.9116883116883117, 0.9110723626852659, 0.8528138528138528, 0.8229166666666667, 0.873015873015873]
 mean: 0.866173530820197, std: 0.05972138271532833
--------------------------------------------------
Subject Number: 9
Accuracy Cross: [0.7142857142857143, 0.6666666666666666, 0.6547619047619048, 0.6547619047619048, 0.7619047619047619, 0.75, 0.7023809523809523, 0.7023809523809523, 0.7380952380952381, 0.75, 0.6428571428571429, 0.7261904761904762, 0.7142857142857143, 0.7142857142857143, 0.7142857142857143]
 mean: 0.7071428571428571, std: 0.03605656092571601
F1 Score: [0.7101782633697526, 0.6636155606407322, 0.6523476523476524, 0.6523476523476524, 0.7584818861414606, 0.7482517482517483, 0.702338766832034, 0.7020008514261388, 0.7380952380952381, 0.7491110795050491, 0.616555082166768, 0.7114264376400299, 0.6971153846153846, 0.6888888888888889, 0.6888888888888889]
 mean: 0.6986428920771612, std: 0.03908207086075891
Accuracy Intime: [0.7647058823529411, 0.7352941176470589, 0.8235294117647058, 0.6176470588235294, 0.84375, 0.7352941176470589, 0.7647058823529411, 0.7352941176470589, 0.9411764705882353, 0.75, 0.8529411764705882, 0.8529411764705882, 0.8529411764705882, 0.9411764705882353, 0.9375]
 mean: 0.8099264705882354, std: 0.08905815250219913
F1 (Intime): [0.7647058823529411, 0.7294429708222812, 0.8229166666666667, 0.6173160173160173, 0.8435972629521017, 0.7350649350649351, 0.7614035087719297, 0.7294429708222812, 0.9409722222222222, 0.746031746031746, 0.85178727114211, 0.8496905393457117, 0.8528138528138528, 0.9409722222222222, 0.9372549019607843]
 mean: 0.8082275313671868, std: 0.08986310080148914
--------------------------------------------------
Subject Number: 10
Accuracy Cross: [0.6309523809523809, 0.6547619047619048, 0.6428571428571429, 0.6547619047619048, 0.6785714285714286, 0.5952380952380952, 0.6071428571428571, 0.5714285714285714, 0.6071428571428571, 0.6428571428571429, 0.7142857142857143, 0.7023809523809523, 0.7261904761904762, 0.7142857142857143, 0.6785714285714286]
 mean: 0.6547619047619047, std: 0.04579853348016987
F1 Score: [0.6296401649836438, 0.653534347887925, 0.6354166666666667, 0.653534347887925, 0.6785258681785967, 0.5931623931623932, 0.6043956043956044, 0.5692307692307692, 0.6066411238825031, 0.6426545660805445, 0.7083333333333333, 0.7020008514261388, 0.723010752688172, 0.7061224489795919, 0.6785258681785967]
 mean: 0.6523152737974934, std: 0.04513260379729631
Accuracy Intime: [0.7941176470588235, 0.7058823529411765, 0.6470588235294118, 0.6764705882352942, 0.59375, 0.8235294117647058, 0.6764705882352942, 0.6470588235294118, 0.6176470588235294, 0.5625, 0.7352941176470589, 0.5588235294117647, 0.6470588235294118, 0.6470588235294118, 0.53125]
 mean: 0.6575980392156863, std: 0.08005500049700308
F1 (Intime): [0.793939393939394, 0.6886446886446886, 0.6470588235294118, 0.6761904761904762, 0.5933528836754643, 0.8178571428571428, 0.6693191865605659, 0.6470588235294118, 0.6173160173160173, 0.5625, 0.7332170880557978, 0.5490716180371353, 0.6470588235294118, 0.6458333333333333, 0.530791788856305]
 mean: 0.6546140058703037, std: 0.07934176645815708
--------------------------------------------------
Subject Number: 11
Accuracy Cross: [0.5238095238095238, 0.5952380952380952, 0.5476190476190477, 0.5, 0.6666666666666666, 0.8095238095238095, 0.6547619047619048, 0.6904761904761905, 0.6666666666666666, 0.7142857142857143, 0.6785714285714286, 0.7142857142857143, 0.6785714285714286, 0.7261904761904762, 0.7023809523809523]
 mean: 0.657936507936508, std: 0.08044503325976862
F1 Score: [0.5235394214407261, 0.5915331807780321, 0.5465909090909091, 0.5, 0.6597222222222223, 0.8094157685762904, 0.6547129695251594, 0.6876430205949657, 0.6666666666666666, 0.7128205128205127, 0.6785258681785967, 0.7142857142857143, 0.6781609195402298, 0.7261516654854713, 0.702338766832034]
 mean: 0.6568071737358353, std: 0.08056391813935931
Accuracy Intime: [0.7941176470588235, 0.5882352941176471, 0.7647058823529411, 0.6764705882352942, 0.65625, 0.7941176470588235, 0.6470588235294118, 0.7058823529411765, 0.7058823529411765, 0.71875, 0.5588235294117647, 0.6764705882352942, 0.6470588235294118, 0.6470588235294118, 0.65625]
 mean: 0.6824754901960783, std: 0.06505540994365748
F1 (Intime): [0.793939393939394, 0.5868055555555556, 0.7614035087719297, 0.6693191865605659, 0.6559139784946236, 0.7925021795989537, 0.6458333333333333, 0.6886446886446886, 0.6964285714285714, 0.718475073313783, 0.5490716180371353, 0.6739319965126417, 0.6421052631578947, 0.6421052631578947, 0.6532019704433498]
 mean: 0.6779787720633543, std: 0.06600259428773432
--------------------------------------------------
Subject Number: 12
Accuracy Cross: [0.6785714285714286, 0.75, 0.7738095238095238, 0.8095238095238095, 0.8214285714285714, 0.7023809523809523, 0.6785714285714286, 0.7023809523809523, 0.7380952380952381, 0.7261904761904762, 0.7261904761904762, 0.6666666666666666, 0.7380952380952381, 0.6904761904761905, 0.6547619047619048]
 mean: 0.7238095238095236, std: 0.048053573026097154
F1 Score: [0.6774285307922059, 0.7496807151979565, 0.7711827956989248, 0.8077803203661327, 0.8212005108556832, 0.6896704595832718, 0.6525203002910984, 0.6782595373065727, 0.7254901960784313, 0.7114264376400299, 0.7194714679831566, 0.6636155606407322, 0.7356979405034325, 0.6897727272727273, 0.6462901118048496]
 mean: 0.7159658408010138, std: 0.05170932573431816
Accuracy Intime: [0.6470588235294118, 0.6764705882352942, 0.7058823529411765, 0.6470588235294118, 0.875, 0.8529411764705882, 0.7941176470588235, 0.9117647058823529, 0.7352941176470589, 0.84375, 0.7941176470588235, 0.7058823529411765, 0.7352941176470589, 0.7058823529411765, 0.6875]
 mean: 0.7545343137254902, std: 0.08227649492221874
F1 (Intime): [0.6470588235294118, 0.6761904761904762, 0.7048611111111112, 0.6421052631578947, 0.875, 0.85178727114211, 0.7925021795989537, 0.9116883116883117, 0.7350649350649351, 0.8435972629521017, 0.793939393939394, 0.6886446886446886, 0.7332170880557978, 0.7017543859649122, 0.6862745098039216]
 mean: 0.7522457133896012, std: 0.08363889149854797
--------------------------------------------------
Subject Number: 13
Accuracy Cross: [0.7023809523809523, 0.7142857142857143, 0.7142857142857143, 0.7380952380952381, 0.7261904761904762, 0.7023809523809523, 0.6904761904761905, 0.7380952380952381, 0.7857142857142857, 0.8095238095238095, 0.7261904761904762, 0.75, 0.7857142857142857, 0.7857142857142857, 0.8095238095238095]
 mean: 0.7452380952380954, std: 0.03883215816738117
F1 Score: [0.6950776825903877, 0.7116704805491991, 0.7061224489795919, 0.7356979405034325, 0.723010752688172, 0.6971881759192502, 0.6840277777777777, 0.7375, 0.7852272727272727, 0.8090909090909091, 0.723010752688172, 0.7456380677721701, 0.78125, 0.78125, 0.8055555555555556]
 mean: 0.7414211877894593, std: 0.04004767193536415
Accuracy Intime: [0.9117647058823529, 0.7941176470588235, 0.8529411764705882, 0.8823529411764706, 0.875, 0.9117647058823529, 0.8235294117647058, 0.8235294117647058, 0.8529411764705882, 0.84375, 0.7941176470588235, 0.7352941176470589, 0.7352941176470589, 0.7058823529411765, 0.78125]
 mean: 0.8215686274509804, std: 0.06147687172751227
F1 (Intime): [0.9110723626852659, 0.7925021795989537, 0.8528138528138528, 0.8819444444444444, 0.8745098039215686, 0.9116883116883117, 0.8210526315789474, 0.8229166666666667, 0.8528138528138528, 0.8423645320197044, 0.793939393939394, 0.7350649350649351, 0.7332170880557978, 0.7017543859649122, 0.7793103448275862]
 mean: 0.8204643190722795, std: 0.0621758814864292
--------------------------------------------------
Subject Number: 14
Accuracy Cross: [0.7738095238095238, 0.7261904761904762, 0.7261904761904762, 0.7023809523809523, 0.7380952380952381, 0.7380952380952381, 0.7619047619047619, 0.6428571428571429, 0.7619047619047619, 0.7738095238095238, 0.7380952380952381, 0.7976190476190477, 0.6309523809523809, 0.75, 0.6785714285714286]
 mean: 0.7293650793650793, std: 0.04610011343319875
F1 Score: [0.7730052624093302, 0.7242757242757243, 0.7258407833120477, 0.702338766832034, 0.7343300747556067, 0.7367521367521368, 0.7569444444444444, 0.6326530612244898, 0.7613636363636364, 0.7722277722277722, 0.7282352941176471, 0.7962037962037962, 0.6266666666666667, 0.7499645641389086, 0.6679841897233202]
 mean: 0.7259190782298375, std: 0.048136518391338395
Accuracy Intime: [0.7647058823529411, 0.7941176470588235, 0.7647058823529411, 0.6764705882352942, 0.8125, 0.7941176470588235, 0.6764705882352942, 0.6176470588235294, 0.6470588235294118, 0.75, 0.7941176470588235, 0.8823529411764706, 0.7058823529411765, 0.7058823529411765, 0.84375]
 mean: 0.7486519607843136, std: 0.07269894584008167
F1 (Intime): [0.7638888888888888, 0.793939393939394, 0.7638888888888888, 0.6761904761904762, 0.8117647058823529, 0.7925021795989537, 0.6761904761904762, 0.6146469049694856, 0.6458333333333333, 0.746031746031746, 0.7895667550839964, 0.8819444444444444, 0.7017543859649122, 0.7058823529411765, 0.8423645320197044]
 mean: 0.7470926309578819, std: 0.07288057163967306
--------------------------------------------------
**************************************************
accuracy_cross_list: [0.7317460317460316, 0.7412698412698412, 0.6507936507936507, 0.6603174603174603, 0.7611111111111113, 0.6142857142857142, 0.6047619047619047, 0.8103174603174602, 0.7071428571428571, 0.6547619047619047, 0.657936507936508, 0.7238095238095236, 0.7452380952380954, 0.7293650793650793]
f1_score_list: [0.7146095547976007, 0.7371976530496293, 0.6177576823409391, 0.6586992651691226, 0.7600428848036145, 0.6129352772456197, 0.5993338284681405, 0.8097608468740704, 0.6986428920771612, 0.6523152737974934, 0.6568071737358353, 0.7159658408010138, 0.7414211877894593, 0.7259190782298375]
accuracy_intime_list: [0.8159313725490197, 0.7949754901960784, 0.7363970588235292, 0.7354166666666667, 0.7948529411764705, 0.6656862745098039, 0.6593137254901961, 0.8672794117647059, 0.8099264705882354, 0.6575980392156863, 0.6824754901960783, 0.7545343137254902, 0.8215686274509804, 0.7486519607843136]
f1_score_intime_list: [0.8127480259624206, 0.7919507250890921, 0.7347034913059081, 0.7337752245676084, 0.791973572251888, 0.6592308975691547, 0.6543978534647068, 0.866173530820197, 0.8082275313671868, 0.6546140058703037, 0.6779787720633543, 0.7522457133896012, 0.8204643190722795, 0.7470926309578819]
**************************************************
ACC: 69.95±5.75
F1: 69.30±5.95
Intime: 75.32±6.52
F1 (Intime): 75.04±6.63
