1e-06
Subject Number: 1
Accuracy Cross: [0.6428571428571429, 0.6547619047619048, 0.6428571428571429, 0.6190476190476191, 0.6190476190476191, 0.6785714285714286, 0.6547619047619048, 0.7023809523809523, 0.6785714285714286, 0.6666666666666666, 0.6071428571428571, 0.5714285714285714, 0.6071428571428571, 0.6309523809523809, 0.6190476190476191]
 mean: 0.6396825396825396, std: 0.032953237288931264
F1 Score: [0.6395881006864989, 0.6487382840663303, 0.6395881006864989, 0.6170940170940171, 0.6170940170940171, 0.6729632299927901, 0.650752688172043, 0.6989247311827957, 0.6781609195402298, 0.664957264957265, 0.5753025892446759, 0.5333333333333333, 0.5903650066499188, 0.6110530246452577, 0.5851851851851853]
 mean: 0.6282066995020572, std: 0.04294417479082506
Accuracy Intime: [0.7058823529411765, 0.9117647058823529, 0.7058823529411765, 0.8529411764705882, 0.6875, 0.6176470588235294, 0.7058823529411765, 0.7352941176470589, 0.7058823529411765, 0.78125, 0.6764705882352942, 0.8529411764705882, 0.5294117647058824, 0.6764705882352942, 0.75]
 mean: 0.7263480392156864, std: 0.09268028375094307
F1 (Intime): [0.7058823529411765, 0.9116883116883117, 0.6886446886446886, 0.8464317976513098, 0.6825396825396826, 0.5729468599033817, 0.7048611111111112, 0.7332170880557978, 0.7017543859649122, 0.7810361681329423, 0.6739319965126417, 0.8528138528138528, 0.5142857142857142, 0.6693191865605659, 0.7490196078431373]
 mean: 0.7192248536432816, std: 0.09895580977702743
--------------------------------------------------
Subject Number: 2
Accuracy Cross: [0.7142857142857143, 0.6071428571428571, 0.6547619047619048, 0.5833333333333334, 0.5952380952380952, 0.5952380952380952, 0.6547619047619048, 0.6309523809523809, 0.6190476190476191, 0.5952380952380952, 0.6666666666666666, 0.7023809523809523, 0.6785714285714286, 0.6904761904761905, 0.6428571428571429]
 mean: 0.642063492063492, std: 0.041116932847582915
F1 Score: [0.7061224489795919, 0.5539823008849558, 0.6361463778939507, 0.5555555555555556, 0.5592592592592593, 0.5446428571428571, 0.6400177331165953, 0.6010418262601501, 0.5909920876445527, 0.5446428571428571, 0.6618746405980449, 0.6971881759192502, 0.6748387096774193, 0.6904761904761905, 0.641025641025641]
 mean: 0.619853777438458, std: 0.057134377079188996
Accuracy Intime: [0.7647058823529411, 0.6470588235294118, 0.7058823529411765, 0.7058823529411765, 0.6875, 0.5882352941176471, 0.6176470588235294, 0.6176470588235294, 0.7352941176470589, 0.46875, 0.6176470588235294, 0.7058823529411765, 0.7058823529411765, 0.7058823529411765, 0.5625]
 mean: 0.6557598039215686, std: 0.07502302446787634
F1 (Intime): [0.7614035087719297, 0.6136363636363636, 0.6886446886446886, 0.6886446886446886, 0.6761133603238867, 0.5641025641025641, 0.6091954022988506, 0.6091954022988506, 0.7235772357723578, 0.4420512820512821, 0.6007226738934056, 0.7017543859649122, 0.7017543859649122, 0.7048611111111112, 0.5465587044534412]
 mean: 0.6421477171955495, std: 0.08055504200456613
--------------------------------------------------
Subject Number: 3
Accuracy Cross: [0.5833333333333334, 0.6190476190476191, 0.6071428571428571, 0.5119047619047619, 0.5, 0.7023809523809523, 0.5119047619047619, 0.5238095238095238, 0.6071428571428571, 0.6071428571428571, 0.5714285714285714, 0.6190476190476191, 0.6190476190476191, 0.5595238095238095, 0.5595238095238095]
 mean: 0.5801587301587302, std: 0.05260893148944936
F1 Score: [0.5269509251810136, 0.5961538461538461, 0.5753025892446759, 0.46446897838594314, 0.48958333333333337, 0.6989247311827957, 0.5112813963388676, 0.5138888888888888, 0.6002883922134102, 0.6043956043956044, 0.5714285714285714, 0.6170940170940171, 0.6188315371525808, 0.5589612601106854, 0.5594613749114103]
 mean: 0.5671343630677096, std: 0.057851250139615264
Accuracy Intime: [0.7647058823529411, 0.7941176470588235, 0.6470588235294118, 0.47058823529411764, 0.59375, 0.6470588235294118, 0.5294117647058824, 0.5588235294117647, 0.5588235294117647, 0.53125, 0.6176470588235294, 0.5882352941176471, 0.5882352941176471, 0.7352941176470589, 0.625]
 mean: 0.6166666666666667, std: 0.08736000362066638
F1 (Intime): [0.7647058823529411, 0.793939393939394, 0.6458333333333333, 0.46875, 0.5835835835835836, 0.6421052631578947, 0.5277777777777778, 0.5392953929539295, 0.5553618134263296, 0.5195195195195195, 0.6173160173160173, 0.5824561403508772, 0.5882352941176471, 0.7332170880557978, 0.6190476190476191]
 mean: 0.6120762745955107, std: 0.08949822984877334
--------------------------------------------------
Subject Number: 4
Accuracy Cross: [0.5476190476190477, 0.5833333333333334, 0.4880952380952381, 0.5119047619047619, 0.5238095238095238, 0.4880952380952381, 0.5595238095238095, 0.6071428571428571, 0.6071428571428571, 0.5476190476190477, 0.5357142857142857, 0.5833333333333334, 0.5476190476190477, 0.5714285714285714, 0.6071428571428571]
 mean: 0.5539682539682539, std: 0.0386044016095724
F1 Score: [0.5465909090909091, 0.578494623655914, 0.48627506755795763, 0.5084915084915085, 0.5235394214407261, 0.43834551391696475, 0.5518385003604902, 0.6043956043956044, 0.6025806451612903, 0.5411155836687751, 0.43817527010804325, 0.5428393717928783, 0.4708222811671088, 0.5260188087774295, 0.5689628362618566]
 mean: 0.5285657297231638, std: 0.05062846125052816
Accuracy Intime: [0.7058823529411765, 0.6470588235294118, 0.6176470588235294, 0.6764705882352942, 0.65625, 0.6470588235294118, 0.6176470588235294, 0.6470588235294118, 0.6176470588235294, 0.625, 0.5294117647058824, 0.6470588235294118, 0.6470588235294118, 0.6176470588235294, 0.71875]
 mean: 0.6411764705882352, std: 0.04228314135297772
F1 (Intime): [0.7017543859649122, 0.6357142857142857, 0.6007226738934056, 0.6621499548328816, 0.6267232237539766, 0.6136363636363636, 0.6173160173160173, 0.6470588235294118, 0.6091954022988506, 0.6235294117647059, 0.48484848484848486, 0.6357142857142857, 0.6421052631578947, 0.6091954022988506, 0.7117117117117118]
 mean: 0.6280917126957358, std: 0.04938311684253498
--------------------------------------------------
Subject Number: 5
Accuracy Cross: [0.5952380952380952, 0.5595238095238095, 0.5952380952380952, 0.5952380952380952, 0.5833333333333334, 0.5, 0.5119047619047619, 0.5833333333333334, 0.5833333333333334, 0.5238095238095238, 0.5952380952380952, 0.5476190476190477, 0.6666666666666666, 0.5238095238095238, 0.5238095238095238]
 mean: 0.5658730158730159, std: 0.042783593561725564
F1 Score: [0.5943181818181817, 0.4669867947178872, 0.5709134615384616, 0.5943181818181817, 0.5072900955253896, 0.4151193633952255, 0.46446897838594314, 0.578494623655914, 0.5555555555555556, 0.4642857142857143, 0.5592592592592593, 0.49968652037617556, 0.6541176470588235, 0.5058823529411764, 0.5102040816326531]
 mean: 0.5293933874643029, std: 0.06185857586710831
Accuracy Intime: [0.5882352941176471, 0.5588235294117647, 0.6764705882352942, 0.6470588235294118, 0.5625, 0.5588235294117647, 0.6764705882352942, 0.6764705882352942, 0.6764705882352942, 0.6875, 0.6764705882352942, 0.5882352941176471, 0.6176470588235294, 0.5294117647058824, 0.53125]
 mean: 0.6167892156862745, std: 0.057721238704132205
F1 (Intime): [0.5868055555555556, 0.48328267477203646, 0.652093023255814, 0.6263736263736264, 0.49090909090909085, 0.5392953929539295, 0.6761904761904762, 0.6761904761904762, 0.6693191865605659, 0.6666666666666667, 0.6693191865605659, 0.575, 0.6007226738934056, 0.5142857142857142, 0.5195195195195195]
 mean: 0.5963982175791628, std: 0.06962367969657414
--------------------------------------------------
Subject Number: 6
Accuracy Cross: [0.5714285714285714, 0.5238095238095238, 0.4880952380952381, 0.5952380952380952, 0.5, 0.4880952380952381, 0.5476190476190477, 0.5476190476190477, 0.5357142857142857, 0.5119047619047619, 0.5238095238095238, 0.6071428571428571, 0.5833333333333334, 0.47619047619047616, 0.5476190476190477]
 mean: 0.5365079365079365, std: 0.038994026973137294
F1 Score: [0.5711854792966535, 0.4887401095556908, 0.48451548451548454, 0.5931623931623932, 0.5, 0.4712340799297321, 0.5346938775510204, 0.5258467023172906, 0.5303225806451612, 0.4793650793650794, 0.5102040816326531, 0.6043956043956044, 0.578494623655914, 0.4758933635847986, 0.5381944444444444]
 mean: 0.525749860270128, std: 0.04275176477294005
Accuracy Intime: [0.5882352941176471, 0.5588235294117647, 0.5, 0.5588235294117647, 0.59375, 0.7058823529411765, 0.5294117647058824, 0.6176470588235294, 0.5882352941176471, 0.6875, 0.38235294117647056, 0.5294117647058824, 0.5882352941176471, 0.47058823529411764, 0.625]
 mean: 0.5682598039215686, std: 0.0785792493810859
F1 (Intime): [0.5641025641025641, 0.5255813953488373, 0.49956709956709955, 0.5553618134263296, 0.5901477832512315, 0.7017543859649122, 0.5277777777777778, 0.5888372093023255, 0.5882352941176471, 0.6825396825396826, 0.3687002652519894, 0.5277777777777778, 0.5882352941176471, 0.46875, 0.611336032388664]
 mean: 0.5592469583289658, std: 0.07871717849689891
--------------------------------------------------
Subject Number: 7
Accuracy Cross: [0.6309523809523809, 0.44047619047619047, 0.5357142857142857, 0.5238095238095238, 0.6071428571428571, 0.47619047619047616, 0.5714285714285714, 0.47619047619047616, 0.5238095238095238, 0.5952380952380952, 0.5714285714285714, 0.5357142857142857, 0.5833333333333334, 0.5476190476190477, 0.5357142857142857]
 mean: 0.5436507936507936, std: 0.05044523359387525
F1 Score: [0.6218963264120807, 0.3760075865339023, 0.5243211848410048, 0.5169637722829212, 0.5753025892446759, 0.4509803921568627, 0.5260188087774295, 0.4564705882352942, 0.5235394214407261, 0.5592592592592593, 0.5591836734693878, 0.5204216073781291, 0.5696091348265262, 0.5305882352941176, 0.5243211848410048]
 mean: 0.5223255843328881, std: 0.05694379808110853
Accuracy Intime: [0.5, 0.38235294117647056, 0.5588235294117647, 0.6764705882352942, 0.65625, 0.47058823529411764, 0.5, 0.6176470588235294, 0.6470588235294118, 0.53125, 0.5588235294117647, 0.5, 0.5588235294117647, 0.6470588235294118, 0.5]
 mean: 0.5536764705882352, std: 0.0797892941380873
F1 (Intime): [0.49607672188317353, 0.35501355013550134, 0.5584415584415584, 0.6761904761904762, 0.6267232237539766, 0.47058823529411764, 0.49607672188317353, 0.6091954022988506, 0.6421052631578947, 0.5076923076923077, 0.5584415584415584, 0.49607672188317353, 0.5255813953488373, 0.6421052631578947, 0.5]
 mean: 0.5440205599708328, std: 0.08157731348316238
--------------------------------------------------
Subject Number: 8
Accuracy Cross: [0.7261904761904762, 0.6428571428571429, 0.7261904761904762, 0.7380952380952381, 0.6904761904761905, 0.7261904761904762, 0.6428571428571429, 0.6785714285714286, 0.7142857142857143, 0.75, 0.5357142857142857, 0.5595238095238095, 0.6666666666666666, 0.6428571428571429, 0.5476190476190477]
 mean: 0.6658730158730158, std: 0.06838304516996195
F1 Score: [0.7214131218457102, 0.6294117647058823, 0.7171717171717171, 0.7375, 0.6755793226381461, 0.723010752688172, 0.616555082166768, 0.6748387096774193, 0.7116704805491991, 0.7456380677721701, 0.4509803921568627, 0.4669867947178872, 0.6571428571428571, 0.616555082166768, 0.5074074074074074]
 mean: 0.6434574368537979, std: 0.0939237541759689
Accuracy Intime: [0.7058823529411765, 0.7647058823529411, 0.6764705882352942, 0.8529411764705882, 0.71875, 0.7058823529411765, 0.5882352941176471, 0.6176470588235294, 0.6764705882352942, 0.59375, 0.6764705882352942, 0.6764705882352942, 0.5294117647058824, 0.7058823529411765, 0.625]
 mean: 0.6742647058823529, std: 0.0755428976339248
F1 (Intime): [0.7048611111111112, 0.7638888888888888, 0.6693191865605659, 0.8496905393457117, 0.694591728525981, 0.7017543859649122, 0.5824561403508772, 0.6173160173160173, 0.6739319965126417, 0.5835835835835836, 0.652093023255814, 0.6739319965126417, 0.5277777777777778, 0.7017543859649122, 0.611336032388664]
 mean: 0.6672191196040067, std: 0.07604934306628805
--------------------------------------------------
Subject Number: 9
Accuracy Cross: [0.6666666666666666, 0.6547619047619048, 0.5357142857142857, 0.5476190476190477, 0.6428571428571429, 0.5476190476190477, 0.6071428571428571, 0.5714285714285714, 0.4880952380952381, 0.5357142857142857, 0.5595238095238095, 0.5952380952380952, 0.5357142857142857, 0.6190476190476191, 0.6547619047619048]
 mean: 0.584126984126984, std: 0.052788219518463145
F1 Score: [0.664957264957265, 0.6400177331165953, 0.5158859169499039, 0.5381944444444444, 0.6294117647058823, 0.5258467023172906, 0.6025806451612903, 0.5591836734693878, 0.48451548451548454, 0.5276135544340302, 0.5564435564435564, 0.5800000000000001, 0.5204216073781291, 0.6081632653061224, 0.6080450522928399]
 mean: 0.5707520443661481, std: 0.05115886361914641
Accuracy Intime: [0.7352941176470589, 0.5588235294117647, 0.6764705882352942, 0.6764705882352942, 0.5, 0.7352941176470589, 0.7647058823529411, 0.6176470588235294, 0.7647058823529411, 0.71875, 0.5294117647058824, 0.6470588235294118, 0.6764705882352942, 0.6176470588235294, 0.75]
 mean: 0.6645833333333333, std: 0.08244607682837685
F1 (Intime): [0.7350649350649351, 0.5490716180371353, 0.6739319965126417, 0.6693191865605659, 0.5, 0.7294429708222812, 0.7614035087719297, 0.5888372093023255, 0.7638888888888888, 0.718475073313783, 0.5228070175438597, 0.6263736263736264, 0.6739319965126417, 0.6091954022988506, 0.7408906882591093]
 mean: 0.6575089412175049, std: 0.0846090035081394
--------------------------------------------------
Subject Number: 10
Accuracy Cross: [0.5357142857142857, 0.5238095238095238, 0.4880952380952381, 0.5, 0.5714285714285714, 0.6190476190476191, 0.5357142857142857, 0.5476190476190477, 0.5238095238095238, 0.5952380952380952, 0.5476190476190477, 0.6309523809523809, 0.6666666666666666, 0.5238095238095238, 0.6547619047619048]
 mean: 0.5642857142857143, std: 0.05425925280995939
F1 Score: [0.5356484762579731, 0.5227272727272727, 0.48627506755795763, 0.4954233409610984, 0.5714285714285714, 0.6081632653061224, 0.5351213282247764, 0.5452991452991452, 0.5227272727272727, 0.5915331807780321, 0.5434782608695652, 0.6304810557684121, 0.664957264957265, 0.5194508009153318, 0.6523476523476524]
 mean: 0.5616707970750965, std: 0.05394056266576896
Accuracy Intime: [0.7058823529411765, 0.6470588235294118, 0.5882352941176471, 0.6470588235294118, 0.40625, 0.8235294117647058, 0.35294117647058826, 0.6176470588235294, 0.7058823529411765, 0.65625, 0.5294117647058824, 0.47058823529411764, 0.5588235294117647, 0.47058823529411764, 0.625]
 mean: 0.5870098039215687, std: 0.12035349482203875
F1 (Intime): [0.7058823529411765, 0.6458333333333333, 0.575, 0.6458333333333333, 0.4009852216748768, 0.8235294117647058, 0.3506944444444444, 0.6173160173160173, 0.7058823529411765, 0.6559139784946236, 0.5277777777777778, 0.46875, 0.5584415584415584, 0.4631578947368421, 0.6190476190476191]
 mean: 0.584269686416499, std: 0.12164071128837355
--------------------------------------------------
Subject Number: 11
Accuracy Cross: [0.5476190476190477, 0.4880952380952381, 0.5, 0.5476190476190477, 0.5714285714285714, 0.5952380952380952, 0.5833333333333334, 0.6904761904761905, 0.6309523809523809, 0.6071428571428571, 0.5, 0.5357142857142857, 0.47619047619047616, 0.5119047619047619, 0.5595238095238095]
 mean: 0.5563492063492064, std: 0.056921971673146374
F1 Score: [0.5434782608695652, 0.43834551391696475, 0.4954233409610984, 0.5465909090909091, 0.5456730769230769, 0.5592592592592593, 0.5828011919965943, 0.6888888888888889, 0.6304810557684121, 0.5975025410193118, 0.48117647058823526, 0.5303225806451612, 0.47139588100686497, 0.4999273994482358, 0.5487149702337738]
 mean: 0.5439987560410902, std: 0.06216904896779138
Accuracy Intime: [0.6176470588235294, 0.5882352941176471, 0.6764705882352942, 0.7058823529411765, 0.625, 0.5294117647058824, 0.5882352941176471, 0.5882352941176471, 0.5882352941176471, 0.5625, 0.5294117647058824, 0.6764705882352942, 0.6470588235294118, 0.7058823529411765, 0.625]
 mean: 0.6169117647058824, std: 0.05509311086743881
F1 (Intime): [0.6146469049694856, 0.575, 0.6761904761904762, 0.7048611111111112, 0.6190476190476191, 0.4624505928853755, 0.575, 0.5641025641025641, 0.575, 0.5333333333333333, 0.5277777777777778, 0.6621499548328816, 0.6458333333333333, 0.6886446886446886, 0.6190476190476191]
 mean: 0.602872398351751, std: 0.06490114939558259
--------------------------------------------------
Subject Number: 12
Accuracy Cross: [0.5952380952380952, 0.5357142857142857, 0.6428571428571429, 0.6785714285714286, 0.6071428571428571, 0.7380952380952381, 0.6904761904761905, 0.6547619047619048, 0.6666666666666666, 0.6666666666666666, 0.5238095238095238, 0.5952380952380952, 0.5595238095238095, 0.6190476190476191, 0.6309523809523809]
 mean: 0.626984126984127, std: 0.057285975976566955
F1 Score: [0.5915331807780321, 0.5340634333665197, 0.6426545660805445, 0.6781609195402298, 0.6070871722182849, 0.7367521367521368, 0.6876430205949657, 0.6433904259991217, 0.6664775950085082, 0.6571428571428571, 0.4887401095556908, 0.583673469387755, 0.5518385003604902, 0.6081632653061224, 0.6187966622749231]
 mean: 0.6197411542910789, std: 0.06212189291778984
Accuracy Intime: [0.7352941176470589, 0.6470588235294118, 0.6470588235294118, 0.6764705882352942, 0.6875, 0.7647058823529411, 0.7352941176470589, 0.7058823529411765, 0.5882352941176471, 0.6875, 0.5294117647058824, 0.6470588235294118, 0.6764705882352942, 0.6764705882352942, 0.75]
 mean: 0.6769607843137254, std: 0.059567396300641486
F1 (Intime): [0.7350649350649351, 0.6357142857142857, 0.6470588235294118, 0.6739319965126417, 0.6875, 0.7614035087719297, 0.7350649350649351, 0.7048611111111112, 0.575, 0.6862745098039216, 0.5142857142857142, 0.6470588235294118, 0.6761904761904762, 0.6693191865605659, 0.7490196078431373]
 mean: 0.6731831942654984, std: 0.06337943803004953
--------------------------------------------------
Subject Number: 13
Accuracy Cross: [0.6428571428571429, 0.6904761904761905, 0.5714285714285714, 0.5714285714285714, 0.6904761904761905, 0.6785714285714286, 0.6428571428571429, 0.6666666666666666, 0.6547619047619048, 0.6547619047619048, 0.6785714285714286, 0.6547619047619048, 0.6071428571428571, 0.6071428571428571, 0.7261904761904762]
 mean: 0.6492063492063493, std: 0.04256218310410135
F1 Score: [0.641025641025641, 0.6897727272727273, 0.5652673950546291, 0.5552941176470588, 0.690300623936472, 0.6763236763236764, 0.6420454545454546, 0.6664775950085082, 0.653534347887925, 0.653534347887925, 0.6748387096774193, 0.654320987654321, 0.5975025410193118, 0.5753025892446759, 0.725216896600768]
 mean: 0.6440505100524342, std: 0.0480180707044924
Accuracy Intime: [0.9705882352941176, 0.7941176470588235, 0.7352941176470589, 0.8235294117647058, 0.625, 0.9117647058823529, 0.7941176470588235, 0.7941176470588235, 0.8529411764705882, 0.6875, 0.8823529411764706, 0.5588235294117647, 0.7647058823529411, 0.6176470588235294, 0.65625]
 mean: 0.7645833333333333, std: 0.11367067327462546
F1 (Intime): [0.970357454228422, 0.793939393939394, 0.7294429708222812, 0.8210526315789474, 0.6235294117647059, 0.9116883116883117, 0.793939393939394, 0.793939393939394, 0.8528138528138528, 0.6761133603238867, 0.880701754385965, 0.5553618134263296, 0.7647058823529411, 0.6091954022988506, 0.6476476476476476]
 mean: 0.761628578343355, std: 0.11588648087217089
--------------------------------------------------
Subject Number: 14
Accuracy Cross: [0.6309523809523809, 0.6190476190476191, 0.6666666666666666, 0.6666666666666666, 0.6309523809523809, 0.5833333333333334, 0.5952380952380952, 0.6071428571428571, 0.6547619047619048, 0.5714285714285714, 0.5714285714285714, 0.6428571428571429, 0.5952380952380952, 0.5595238095238095, 0.6190476190476191]
 mean: 0.6142857142857143, std: 0.0336155850548371
F1 Score: [0.6266666666666667, 0.6007130124777184, 0.6541176470588235, 0.664957264957265, 0.6266666666666667, 0.5269509251810136, 0.583673469387755, 0.5753025892446759, 0.650752688172043, 0.5260188087774295, 0.5591836734693878, 0.6354166666666667, 0.5757575757575757, 0.5407122801832422, 0.6081632653061224]
 mean: 0.5970035466648702, std: 0.044562789560462904
Accuracy Intime: [0.6764705882352942, 0.6764705882352942, 0.7058823529411765, 0.6470588235294118, 0.625, 0.6176470588235294, 0.6176470588235294, 0.6176470588235294, 0.5588235294117647, 0.65625, 0.6764705882352942, 0.7941176470588235, 0.5588235294117647, 0.7058823529411765, 0.75]
 mean: 0.6589460784313724, std: 0.06237323746314589
F1 (Intime): [0.6761904761904762, 0.6693191865605659, 0.6886446886446886, 0.6470588235294118, 0.611336032388664, 0.6007226738934056, 0.6173160173160173, 0.6007226738934056, 0.5490716180371353, 0.6267232237539766, 0.6693191865605659, 0.7925021795989537, 0.48328267477203646, 0.6964285714285714, 0.7408906882591093]
 mean: 0.6446352476551322, std: 0.07264939805862444
--------------------------------------------------
**************************************************
accuracy_cross_list: [0.6396825396825396, 0.642063492063492, 0.5801587301587302, 0.5539682539682539, 0.5658730158730159, 0.5365079365079365, 0.5436507936507936, 0.6658730158730158, 0.584126984126984, 0.5642857142857143, 0.5563492063492064, 0.626984126984127, 0.6492063492063493, 0.6142857142857143]
f1_score_list: [0.6282066995020572, 0.619853777438458, 0.5671343630677096, 0.5285657297231638, 0.5293933874643029, 0.525749860270128, 0.5223255843328881, 0.6434574368537979, 0.5707520443661481, 0.5616707970750965, 0.5439987560410902, 0.6197411542910789, 0.6440505100524342, 0.5970035466648702]
accuracy_intime_list: [0.7263480392156864, 0.6557598039215686, 0.6166666666666667, 0.6411764705882352, 0.6167892156862745, 0.5682598039215686, 0.5536764705882352, 0.6742647058823529, 0.6645833333333333, 0.5870098039215687, 0.6169117647058824, 0.6769607843137254, 0.7645833333333333, 0.6589460784313724]
f1_score_intime_list: [0.7192248536432816, 0.6421477171955495, 0.6120762745955107, 0.6280917126957358, 0.5963982175791628, 0.5592469583289658, 0.5440205599708328, 0.6672191196040067, 0.6575089412175049, 0.584269686416499, 0.602872398351751, 0.6731831942654984, 0.761628578343355, 0.6446352476551322]
**************************************************
ACC: 59.45±4.22
F1: 57.87±4.41
Intime: 64.44±5.57
F1 (Intime): 63.52±5.73
