1e-06
Subject Number: 1
Accuracy Cross: [0.65625, 0.65625, 0.5, 0.65625, 0.59375, 0.7575757575757576, 0.696969696969697, 0.6060606060606061, 0.7575757575757576, 0.7272727272727273, 0.6875, 0.59375, 0.65625, 0.71875, 0.65625]
 mean: 0.6613636363636365, std: 0.06656938781866314
F1 Score: [0.6532019704433498, 0.6559139784946236, 0.4817813765182186, 0.6389743589743591, 0.5134502923976608, 0.7380952380952381, 0.6826923076923077, 0.5662285136501517, 0.7272727272727273, 0.717948717948718, 0.6825396825396826, 0.5901477832512315, 0.6532019704433498, 0.7117117117117118, 0.6559139784946236]
 mean: 0.6446049738618636, std: 0.07375795111271294
Accuracy Intime: [0.7142857142857143, 0.5714285714285714, 0.75, 0.6666666666666666, 0.6666666666666666, 0.7142857142857143, 0.8571428571428571, 0.6666666666666666, 0.6666666666666666, 0.75, 0.6428571428571429, 0.5714285714285714, 0.3333333333333333, 0.4166666666666667, 0.9166666666666666]
 mean: 0.6603174603174603, std: 0.1435082165370883
F1 (Intime): [0.7083333333333333, 0.5333333333333333, 0.6974789915966386, 0.6666666666666666, 0.6571428571428571, 0.6888888888888889, 0.8571428571428571, 0.625, 0.6571428571428571, 0.7482517482517483, 0.625668449197861, 0.5714285714285714, 0.3142857142857143, 0.4125874125874126, 0.916083916083916]
 mean: 0.6452957064721773, std: 0.1462075884684213
--------------------------------------------------
Subject Number: 2
Accuracy Cross: [0.696969696969697, 0.5454545454545454, 0.7272727272727273, 0.7272727272727273, 0.6666666666666666, 0.46875, 0.46875, 0.625, 0.53125, 0.5, 0.5454545454545454, 0.5454545454545454, 0.5757575757575758, 0.5757575757575758, 0.6666666666666666]
 mean: 0.5910984848484848, std: 0.08540329745986788
F1 Score: [0.6726190476190477, 0.5386766076421249, 0.723205964585275, 0.7102439024390244, 0.6458536585365854, 0.4420512820512821, 0.45545545545545546, 0.6, 0.5195195195195195, 0.4920634920634921, 0.543778801843318, 0.4994944388270981, 0.5753676470588236, 0.5722222222222222, 0.6654377880184332]
 mean: 0.5770659885254468, std: 0.08697567099315114
Accuracy Intime: [0.6428571428571429, 0.6428571428571429, 0.75, 0.5, 0.5, 0.42857142857142855, 0.5, 0.6428571428571429, 0.5, 0.75, 0.6428571428571429, 0.35714285714285715, 0.5, 0.6666666666666666, 0.4166666666666667]
 mean: 0.5626984126984127, std: 0.11772813740183276
F1 (Intime): [0.641025641025641, 0.625668449197861, 0.7333333333333334, 0.4857142857142857, 0.4375, 0.42857142857142855, 0.49743589743589745, 0.625668449197861, 0.4857142857142857, 0.7482517482517483, 0.625668449197861, 0.3262032085561497, 0.4857142857142857, 0.6666666666666666, 0.4125874125874126]
 mean: 0.5483815694109813, std: 0.12205977036979118
--------------------------------------------------
Subject Number: 3
Accuracy Cross: [0.5, 0.46875, 0.5625, 0.625, 0.59375, 0.6363636363636364, 0.48484848484848486, 0.5757575757575758, 0.696969696969697, 0.3333333333333333, 0.5151515151515151, 0.42424242424242425, 0.3939393939393939, 0.5151515151515151, 0.3333333333333333]
 mean: 0.5106060606060605, std: 0.1045540318176667
F1 Score: [0.4920634920634921, 0.464039408866995, 0.5555555555555556, 0.6, 0.5835835835835836, 0.6333333333333333, 0.4771668219944082, 0.5416666666666666, 0.6726190476190477, 0.3277777777777778, 0.5111111111111111, 0.42424242424242425, 0.38888888888888884, 0.5037593984962406, 0.33272058823529416]
 mean: 0.5005685398956545, std: 0.09903598403467717
Accuracy Intime: [0.5714285714285714, 0.5, 0.7142857142857143, 0.6666666666666666, 0.8333333333333334, 0.2857142857142857, 0.5714285714285714, 0.75, 0.5833333333333334, 0.6666666666666666, 0.5714285714285714, 0.42857142857142855, 0.6666666666666666, 0.5833333333333334, 0.5]
 mean: 0.592857142857143, std: 0.13006190746426347
F1 (Intime): [0.5625, 0.47593582887700536, 0.7083333333333333, 0.625, 0.8333333333333334, 0.2708333333333333, 0.5625, 0.6974789915966386, 0.5804195804195804, 0.6666666666666666, 0.5714285714285714, 0.41666666666666663, 0.5555555555555556, 0.5804195804195804, 0.4857142857142857]
 mean: 0.57285238182297, std: 0.12818817565040225
--------------------------------------------------
Subject Number: 4
Accuracy Cross: [0.6363636363636364, 0.6060606060606061, 0.7878787878787878, 0.8181818181818182, 0.6666666666666666, 0.5757575757575758, 0.6666666666666666, 0.6666666666666666, 0.6666666666666666, 0.6060606060606061, 0.5454545454545454, 0.48484848484848486, 0.5757575757575758, 0.696969696969697, 0.5454545454545454]
 mean: 0.6363636363636364, std: 0.08642121065134319
F1 Score: [0.6278195488721805, 0.6001863932898416, 0.7664307381193125, 0.8035714285714286, 0.593505039193729, 0.5722222222222222, 0.6654377880184332, 0.6329625884732053, 0.6616961789375583, 0.6001863932898416, 0.5299145299145299, 0.45268292682926825, 0.5557692307692308, 0.6966911764705883, 0.5386766076421249]
 mean: 0.6198501860408997, std: 0.08781545273138368
Accuracy Intime: [0.7142857142857143, 0.5, 0.6428571428571429, 0.25, 0.5, 0.5714285714285714, 0.7857142857142857, 0.7142857142857143, 0.3333333333333333, 0.75, 0.7142857142857143, 0.5714285714285714, 0.9285714285714286, 0.5, 0.8333333333333334]
 mean: 0.6206349206349207, std: 0.17874947032606653
F1 (Intime): [0.7142857142857143, 0.4269005847953216, 0.5906432748538011, 0.2, 0.4857142857142857, 0.5625, 0.7846153846153847, 0.65, 0.3333333333333333, 0.7482517482517483, 0.7083333333333333, 0.5714285714285714, 0.9251336898395721, 0.4857142857142857, 0.8333333333333334]
 mean: 0.601345835966579, std: 0.1885019965879543
--------------------------------------------------
Subject Number: 5
Accuracy Cross: [0.40625, 0.59375, 0.4375, 0.625, 0.53125, 0.625, 0.53125, 0.75, 0.5625, 0.53125, 0.5625, 0.5, 0.5, 0.4375, 0.46875]
 mean: 0.5375, std: 0.08554360486519921
F1 Score: [0.4009852216748768, 0.5835835835835836, 0.43529411764705883, 0.6190476190476191, 0.5270935960591133, 0.6235294117647059, 0.4909862142099682, 0.75, 0.5625, 0.5270935960591133, 0.5607843137254902, 0.4666666666666667, 0.4666666666666667, 0.4375, 0.39756367663344405]
 mean: 0.5232863122492204, std: 0.09329061713201897
Accuracy Intime: [0.7857142857142857, 0.6428571428571429, 0.75, 0.5, 0.5833333333333334, 0.7857142857142857, 0.5714285714285714, 0.8333333333333334, 0.6666666666666666, 0.6666666666666666, 0.8571428571428571, 0.7142857142857143, 0.5833333333333334, 0.5833333333333334, 0.5833333333333334]
 mean: 0.673809523809524, std: 0.10521187635757563
F1 (Intime): [0.7846153846153847, 0.625668449197861, 0.7333333333333334, 0.4857142857142857, 0.5555555555555556, 0.7846153846153847, 0.5333333333333333, 0.8285714285714285, 0.6666666666666666, 0.6571428571428571, 0.8571428571428571, 0.7083333333333333, 0.5804195804195804, 0.5555555555555556, 0.4957983193277311]
 mean: 0.6568310883016765, std: 0.11794535923975452
--------------------------------------------------
Subject Number: 6
Accuracy Cross: [0.4375, 0.5625, 0.59375, 0.75, 0.6875, 0.6666666666666666, 0.5454545454545454, 0.5454545454545454, 0.45454545454545453, 0.42424242424242425, 0.6666666666666666, 0.48484848484848486, 0.45454545454545453, 0.6060606060606061, 0.5454545454545454]
 mean: 0.5616792929292929, std: 0.09671144357592291
F1 Score: [0.41700404858299595, 0.5555555555555556, 0.5835835835835836, 0.722943722943723, 0.6825396825396826, 0.6329625884732053, 0.47619047619047616, 0.4057623049219688, 0.35434782608695653, 0.4045584045584045, 0.6616961789375583, 0.4327603640040445, 0.44172932330827064, 0.6001863932898416, 0.5454545454545454]
 mean: 0.5278183332287208, std: 0.11313524995355038
Accuracy Intime: [0.5, 0.7857142857142857, 0.7142857142857143, 0.6666666666666666, 0.8333333333333334, 0.7857142857142857, 0.5714285714285714, 0.8333333333333334, 0.75, 0.6666666666666666, 0.7142857142857143, 0.7142857142857143, 0.5833333333333334, 0.5, 0.5833333333333334]
 mean: 0.6801587301587302, std: 0.10752723526628537
F1 (Intime): [0.49743589743589745, 0.7543859649122806, 0.6888888888888889, 0.6571428571428571, 0.8285714285714285, 0.7846153846153847, 0.5333333333333333, 0.7777777777777777, 0.7482517482517483, 0.6666666666666666, 0.7083333333333333, 0.6888888888888889, 0.5804195804195804, 0.4857142857142857, 0.5804195804195804]
 mean: 0.6653897077581287, std: 0.10445070793549334
--------------------------------------------------
Subject Number: 7
Accuracy Cross: [0.59375, 0.5, 0.5, 0.59375, 0.625, 0.59375, 0.6875, 0.5, 0.65625, 0.5, 0.625, 0.5, 0.59375, 0.5625, 0.65625]
 mean: 0.5791666666666667, std: 0.06339635022792892
F1 Score: [0.5933528836754643, 0.4817813765182186, 0.4817813765182186, 0.539313399778516, 0.6190476190476191, 0.5733333333333333, 0.6862745098039216, 0.4920634920634921, 0.6559139784946236, 0.5, 0.6235294117647059, 0.4817813765182186, 0.5933528836754643, 0.5465587044534412, 0.6559139784946236]
 mean: 0.5682665549426573, std: 0.06851902047499327
Accuracy Intime: [0.5, 0.6428571428571429, 0.5833333333333334, 0.3333333333333333, 0.6666666666666666, 0.5, 0.6428571428571429, 0.5833333333333334, 0.4166666666666667, 0.5833333333333334, 0.42857142857142855, 0.5714285714285714, 0.4166666666666667, 0.5833333333333334, 0.4166666666666667]
 mean: 0.5246031746031746, std: 0.0986939146457766
F1 (Intime): [0.49743589743589745, 0.641025641025641, 0.4957983193277311, 0.25, 0.6571428571428571, 0.49743589743589745, 0.625668449197861, 0.5555555555555556, 0.37777777777777777, 0.5804195804195804, 0.37777777777777777, 0.5625, 0.4125874125874126, 0.5555555555555556, 0.37777777777777777]
 mean: 0.4976305666011548, std: 0.1130850511548536
--------------------------------------------------
Subject Number: 8
Accuracy Cross: [0.5, 0.40625, 0.53125, 0.6875, 0.53125, 0.5625, 0.46875, 0.71875, 0.625, 0.46875, 0.53125, 0.53125, 0.5625, 0.59375, 0.46875]
 mean: 0.5458333333333333, std: 0.08138343743593587
F1 Score: [0.4666666666666667, 0.4056695992179863, 0.530791788856305, 0.6666666666666667, 0.5076923076923077, 0.5607843137254902, 0.4420512820512821, 0.681063122923588, 0.6190476190476191, 0.4682306940371457, 0.4909862142099682, 0.530791788856305, 0.5625, 0.5588547189819725, 0.464039408866995]
 mean: 0.5303890794533533, std: 0.0773101620130528
Accuracy Intime: [0.5714285714285714, 0.42857142857142855, 0.5, 0.5, 0.5833333333333334, 0.5, 0.6428571428571429, 0.5, 0.5, 0.6666666666666666, 0.5714285714285714, 0.5, 0.75, 0.8333333333333334, 0.5833333333333334]
 mean: 0.5753968253968255, std: 0.1051100516263067
F1 (Intime): [0.5333333333333333, 0.41666666666666663, 0.5, 0.4857142857142857, 0.4957983193277311, 0.49743589743589745, 0.641025641025641, 0.3333333333333333, 0.5, 0.6571428571428571, 0.5333333333333333, 0.47593582887700536, 0.7333333333333334, 0.8285714285714285, 0.5804195804195804]
 mean: 0.547469589234295, std: 0.12038949473293291
--------------------------------------------------
Subject Number: 9
Accuracy Cross: [0.8125, 0.71875, 0.71875, 0.6875, 0.65625, 0.59375, 0.59375, 0.75, 0.625, 0.59375, 0.53125, 0.5, 0.59375, 0.5625, 0.75]
 mean: 0.6458333333333334, std: 0.08740073734751262
F1 Score: [0.8, 0.7046153846153846, 0.681063122923588, 0.6135265700483092, 0.6267232237539766, 0.5733333333333333, 0.5835835835835836, 0.722943722943723, 0.6, 0.5933528836754643, 0.5270935960591133, 0.4980392156862745, 0.5933528836754643, 0.5465587044534412, 0.746031746031746]
 mean: 0.6273478647188934, std: 0.08297423180908431
Accuracy Intime: [0.7142857142857143, 0.5714285714285714, 0.6666666666666666, 0.75, 0.5833333333333334, 0.8571428571428571, 0.8571428571428571, 0.9166666666666666, 0.6666666666666666, 0.75, 0.8571428571428571, 0.6428571428571429, 0.5833333333333334, 0.5, 0.5]
 mean: 0.6944444444444444, std: 0.1303859804782163
F1 (Intime): [0.6888888888888889, 0.5625, 0.6571428571428571, 0.7482517482517483, 0.4957983193277311, 0.8444444444444444, 0.8444444444444444, 0.8991596638655461, 0.625, 0.7333333333333334, 0.8541666666666667, 0.641025641025641, 0.4957983193277311, 0.4857142857142857, 0.5]
 mean: 0.6717112408288879, std: 0.14044697656621288
--------------------------------------------------
Subject Number: 10
Accuracy Cross: [0.5625, 0.6875, 0.53125, 0.5625, 0.5625, 0.53125, 0.59375, 0.5625, 0.5625, 0.4375, 0.5454545454545454, 0.5454545454545454, 0.48484848484848486, 0.5757575757575758, 0.45454545454545453]
 mean: 0.5466540404040404, std: 0.057069589691394564
F1 Score: [0.5607843137254902, 0.6862745098039216, 0.5076923076923077, 0.49090909090909085, 0.5465587044534412, 0.4909862142099682, 0.5933528836754643, 0.5555555555555556, 0.5465587044534412, 0.4285714285714286, 0.543778801843318, 0.5454545454545454, 0.4672364672364672, 0.5657894736842105, 0.45]
 mean: 0.5319668667512434, std: 0.06132472710101345
Accuracy Intime: [0.5, 0.8571428571428571, 0.75, 0.5833333333333334, 0.5, 0.5714285714285714, 0.5, 0.6666666666666666, 0.6666666666666666, 0.5, 0.7142857142857143, 0.6428571428571429, 0.75, 0.5833333333333334, 0.9166666666666666]
 mean: 0.6468253968253969, std: 0.1274544860197191
F1 (Intime): [0.47593582887700536, 0.8541666666666667, 0.6974789915966386, 0.5555555555555556, 0.4857142857142857, 0.5333333333333333, 0.47593582887700536, 0.4, 0.6666666666666666, 0.5, 0.6888888888888889, 0.625668449197861, 0.7482517482517483, 0.5555555555555556, 0.916083916083916]
 mean: 0.611949047684342, std: 0.14354870175495074
--------------------------------------------------
Subject Number: 11
Accuracy Cross: [0.5757575757575758, 0.5454545454545454, 0.5454545454545454, 0.5151515151515151, 0.45454545454545453, 0.5454545454545454, 0.45454545454545453, 0.48484848484848486, 0.5757575757575758, 0.7272727272727273, 0.6060606060606061, 0.5757575757575758, 0.5454545454545454, 0.6060606060606061, 0.5757575757575758]
 mean: 0.5555555555555556, std: 0.06514955756200849
F1 Score: [0.5722222222222222, 0.5386766076421249, 0.5386766076421249, 0.49230769230769234, 0.38636363636363635, 0.5299145299145299, 0.4540441176470588, 0.45268292682926825, 0.5722222222222222, 0.7102439024390244, 0.6046082949308755, 0.5657894736842105, 0.5299145299145299, 0.5662285136501517, 0.5753676470588236]
 mean: 0.5392841949645663, std: 0.07253885743026492
Accuracy Intime: [0.6428571428571429, 0.6428571428571429, 0.6428571428571429, 0.9166666666666666, 0.5833333333333334, 0.35714285714285715, 0.6428571428571429, 0.5714285714285714, 0.4166666666666667, 0.5, 0.5, 0.5, 0.7142857142857143, 0.5833333333333334, 0.5]
 mean: 0.580952380952381, std: 0.12889436222642406
F1 (Intime): [0.641025641025641, 0.625668449197861, 0.5906432748538011, 0.916083916083916, 0.4957983193277311, 0.2631578947368421, 0.641025641025641, 0.5333333333333333, 0.4125874125874126, 0.5, 0.49743589743589745, 0.49743589743589745, 0.6888888888888889, 0.5555555555555556, 0.5]
 mean: 0.5572426747658946, std: 0.13938021932821876
--------------------------------------------------
Subject Number: 12
Accuracy Cross: [0.71875, 0.75, 0.6875, 0.59375, 0.59375, 0.7575757575757576, 0.6060606060606061, 0.5757575757575758, 0.6666666666666666, 0.7575757575757576, 0.625, 0.53125, 0.5625, 0.5625, 0.46875]
 mean: 0.6304924242424242, std: 0.08583272597786312
F1 Score: [0.7046153846153846, 0.722943722943723, 0.6666666666666667, 0.539313399778516, 0.539313399778516, 0.7380952380952381, 0.5814634146341464, 0.4225, 0.6158730158730159, 0.7518796992481203, 0.611336032388664, 0.5270935960591133, 0.5465587044534412, 0.5333333333333333, 0.4231177094379639]
 mean: 0.5949402211537228, std: 0.10190088147147337
Accuracy Intime: [0.7857142857142857, 0.6428571428571429, 0.6666666666666666, 0.6666666666666666, 0.6666666666666666, 0.6428571428571429, 0.6428571428571429, 0.75, 0.75, 0.6666666666666666, 0.8571428571428571, 0.7142857142857143, 0.5, 0.6666666666666666, 0.6666666666666666]
 mean: 0.6857142857142856, std: 0.07773727484435479
F1 (Intime): [0.7754010695187166, 0.5906432748538011, 0.6571428571428571, 0.625, 0.6571428571428571, 0.5906432748538011, 0.625668449197861, 0.6210526315789473, 0.7482517482517483, 0.6666666666666666, 0.8444444444444444, 0.6888888888888889, 0.4857142857142857, 0.6571428571428571, 0.6571428571428571]
 mean: 0.6593964108360393, std: 0.0816286327821276
--------------------------------------------------
Subject Number: 13
Accuracy Cross: [0.5625, 0.53125, 0.5625, 0.59375, 0.6875, 0.6363636363636364, 0.6666666666666666, 0.48484848484848486, 0.5454545454545454, 0.5151515151515151, 0.53125, 0.5625, 0.59375, 0.84375, 0.625]
 mean: 0.5961489898989899, std: 0.08579975145511919
F1 Score: [0.5607843137254902, 0.5270935960591133, 0.5555555555555556, 0.5933528836754643, 0.6135265700483092, 0.6278195488721805, 0.6654377880184332, 0.4771668219944082, 0.5454545454545454, 0.5037593984962406, 0.530791788856305, 0.5333333333333333, 0.5901477832512315, 0.8398398398398399, 0.6190476190476191]
 mean: 0.5855407590818713, std: 0.08387226742479822
Accuracy Intime: [0.42857142857142855, 0.5714285714285714, 0.5833333333333334, 0.5, 0.75, 0.7142857142857143, 0.6428571428571429, 0.9166666666666666, 0.5833333333333334, 0.75, 0.42857142857142855, 0.5, 0.75, 0.5833333333333334, 0.5833333333333334]
 mean: 0.6190476190476192, std: 0.13113263207824052
F1 (Intime): [0.42857142857142855, 0.5625, 0.4957983193277311, 0.4857142857142857, 0.7482517482517483, 0.7083333333333333, 0.641025641025641, 0.8991596638655461, 0.5804195804195804, 0.7482517482517483, 0.37777777777777777, 0.47593582887700536, 0.7482517482517483, 0.5804195804195804, 0.5804195804195804]
 mean: 0.6040553509671157, std: 0.13886271548291643
--------------------------------------------------
Subject Number: 14
Accuracy Cross: [0.53125, 0.6875, 0.625, 0.625, 0.65625, 0.6875, 0.8125, 0.59375, 0.6875, 0.59375, 0.78125, 0.46875, 0.5625, 0.53125, 0.40625]
 mean: 0.6166666666666667, std: 0.10549157417643468
F1 Score: [0.5270935960591133, 0.6825396825396826, 0.611336032388664, 0.611336032388664, 0.6532019704433498, 0.6825396825396826, 0.8125, 0.539313399778516, 0.6825396825396826, 0.5933528836754643, 0.7757757757757757, 0.45545545545545546, 0.5465587044534412, 0.5195195195195195, 0.4009852216748768]
 mean: 0.6062698426154591, std: 0.10889292797639863
Accuracy Intime: [0.7857142857142857, 0.5714285714285714, 0.5, 0.5833333333333334, 0.75, 0.7142857142857143, 0.7142857142857143, 0.5833333333333334, 0.8333333333333334, 0.8333333333333334, 0.7142857142857143, 0.6428571428571429, 0.4166666666666667, 0.5833333333333334, 0.75]
 mean: 0.665079365079365, std: 0.11863951212491813
F1 (Intime): [0.7754010695187166, 0.5625, 0.4857142857142857, 0.5804195804195804, 0.7482517482517483, 0.7083333333333333, 0.7083333333333333, 0.5555555555555556, 0.8285714285714285, 0.8333333333333334, 0.65, 0.625668449197861, 0.37777777777777777, 0.5555555555555556, 0.7482517482517483]
 mean: 0.6495778132542839, std: 0.12632179489059084
--------------------------------------------------
Subject Number: 15
Accuracy Cross: [0.53125, 0.5625, 0.53125, 0.625, 0.6875, 0.625, 0.5625, 0.625, 0.59375, 0.5, 0.65625, 0.59375, 0.5625, 0.6875, 0.6875]
 mean: 0.6020833333333333, std: 0.05870417834835571
F1 Score: [0.5195195195195195, 0.5555555555555556, 0.530791788856305, 0.611336032388664, 0.6825396825396826, 0.6190476190476191, 0.5555555555555556, 0.611336032388664, 0.5835835835835836, 0.5, 0.6559139784946236, 0.5835835835835836, 0.5607843137254902, 0.6666666666666667, 0.6825396825396826]
 mean: 0.594583572963013, std: 0.05696229318024438
Accuracy Intime: [0.7142857142857143, 0.7857142857142857, 0.75, 0.8333333333333334, 0.4166666666666667, 0.5, 0.5714285714285714, 0.8333333333333334, 0.9166666666666666, 0.5833333333333334, 0.7142857142857143, 0.6428571428571429, 0.8333333333333334, 0.75, 0.75]
 mean: 0.7063492063492064, std: 0.13381903221785707
F1 (Intime): [0.7142857142857143, 0.7846153846153847, 0.7482517482517483, 0.8285714285714285, 0.37777777777777777, 0.49743589743589745, 0.5714285714285714, 0.8285714285714285, 0.916083916083916, 0.5804195804195804, 0.6888888888888889, 0.625668449197861, 0.8285714285714285, 0.7333333333333334, 0.7333333333333334]
 mean: 0.6971491253844196, std: 0.1389039435436619
--------------------------------------------------
Subject Number: 16
Accuracy Cross: [0.5625, 0.5625, 0.46875, 0.5, 0.65625, 0.53125, 0.4375, 0.6875, 0.6875, 0.6875, 0.59375, 0.5625, 0.4375, 0.375, 0.28125]
 mean: 0.5354166666666667, std: 0.11685253051983466
F1 Score: [0.5607843137254902, 0.5625, 0.464039408866995, 0.4458874458874459, 0.6532019704433498, 0.5270935960591133, 0.43529411764705883, 0.6761133603238867, 0.6761133603238867, 0.6862745098039216, 0.5835835835835836, 0.5333333333333333, 0.41700404858299595, 0.36507936507936506, 0.24512820512820513]
 mean: 0.5220953745859087, std: 0.12322604651207084
Accuracy Intime: [0.5, 0.6428571428571429, 0.75, 0.75, 0.6666666666666666, 0.42857142857142855, 0.5714285714285714, 0.75, 0.6666666666666666, 0.4166666666666667, 0.7857142857142857, 0.6428571428571429, 0.75, 0.6666666666666666, 0.9166666666666666]
 mean: 0.6603174603174603, std: 0.13191326162135777
F1 (Intime): [0.49743589743589745, 0.641025641025641, 0.7333333333333334, 0.7482517482517483, 0.6571428571428571, 0.37777777777777777, 0.5714285714285714, 0.7333333333333334, 0.6666666666666666, 0.37777777777777777, 0.7846153846153847, 0.5906432748538011, 0.7482517482517483, 0.6571428571428571, 0.916083916083916]
 mean: 0.6467273856747541, std: 0.1422672913730005
--------------------------------------------------
Subject Number: 17
Accuracy Cross: [0.3939393939393939, 0.42424242424242425, 0.5151515151515151, 0.5454545454545454, 0.6363636363636364, 0.36363636363636365, 0.5151515151515151, 0.5151515151515151, 0.5757575757575758, 0.48484848484848486, 0.5625, 0.5625, 0.53125, 0.5625, 0.5625]
 mean: 0.516729797979798, std: 0.07085431772929286
F1 Score: [0.3653846153846154, 0.4045584045584045, 0.5111111111111111, 0.5454545454545454, 0.6278195488721805, 0.35414725069897485, 0.5037593984962406, 0.5037593984962406, 0.5753676470588236, 0.48294930875576036, 0.5555555555555556, 0.49090909090909085, 0.530791788856305, 0.5465587044534412, 0.5625]
 mean: 0.5040417579107527, std: 0.07437572762998376
Accuracy Intime: [0.5, 0.5, 0.6666666666666666, 0.5833333333333334, 0.4166666666666667, 0.6428571428571429, 0.6428571428571429, 0.75, 0.75, 0.4166666666666667, 0.7857142857142857, 0.5, 0.2857142857142857, 0.9166666666666666, 0.5833333333333334]
 mean: 0.5960317460317461, std: 0.16004219650180918
F1 (Intime): [0.49743589743589745, 0.49743589743589745, 0.6571428571428571, 0.5555555555555556, 0.29411764705882354, 0.625668449197861, 0.641025641025641, 0.6974789915966386, 0.7482517482517483, 0.4125874125874126, 0.7846153846153847, 0.4269005847953216, 0.2857142857142857, 0.916083916083916, 0.5804195804195804]
 mean: 0.574695589927788, std: 0.17171664630042896
--------------------------------------------------
Subject Number: 18
Accuracy Cross: [0.5151515151515151, 0.45454545454545453, 0.5151515151515151, 0.6060606060606061, 0.7878787878787878, 0.59375, 0.625, 0.59375, 0.625, 0.625, 0.625, 0.75, 0.5625, 0.5625, 0.46875]
 mean: 0.5940025252525253, std: 0.08773762681464209
F1 Score: [0.5111111111111111, 0.44172932330827064, 0.5147058823529411, 0.6001863932898416, 0.7847157502329916, 0.5588547189819725, 0.6190476190476191, 0.5901477832512315, 0.625, 0.625, 0.6235294117647059, 0.746031746031746, 0.5555555555555556, 0.5555555555555556, 0.4682306940371457]
 mean: 0.5879601029680458, std: 0.08898200865092554
Accuracy Intime: [0.6428571428571429, 0.7857142857142857, 0.6666666666666666, 0.8333333333333334, 0.4166666666666667, 0.5714285714285714, 0.7857142857142857, 0.8333333333333334, 0.6666666666666666, 0.5, 1.0, 0.7142857142857143, 0.3333333333333333, 0.75, 0.5]
 mean: 0.6666666666666667, std: 0.17185792792970084
F1 (Intime): [0.641025641025641, 0.7754010695187166, 0.6571428571428571, 0.8333333333333334, 0.29411764705882354, 0.5714285714285714, 0.7846153846153847, 0.8125, 0.625, 0.4857142857142857, 1.0, 0.6888888888888889, 0.3142857142857143, 0.7482517482517483, 0.5]
 mean: 0.648780342750931, std: 0.1867768160095615
--------------------------------------------------
Subject Number: 19
Accuracy Cross: [0.53125, 0.65625, 0.625, 0.5625, 0.4375, 0.53125, 0.5, 0.59375, 0.5625, 0.65625, 0.46875, 0.65625, 0.625, 0.53125, 0.53125]
 mean: 0.5645833333333333, std: 0.06699139662838968
F1 Score: [0.5195195195195195, 0.6389743589743591, 0.611336032388664, 0.5151515151515151, 0.34545454545454546, 0.5076923076923077, 0.4181818181818182, 0.539313399778516, 0.49090909090909085, 0.5883040935672514, 0.45545545545545546, 0.6389743589743591, 0.6235294117647059, 0.4909862142099682, 0.5195195195195195]
 mean: 0.526886776102773, std: 0.08105966242623595
Accuracy Intime: [0.5714285714285714, 0.5714285714285714, 0.6666666666666666, 0.5, 0.6666666666666666, 0.7142857142857143, 0.8571428571428571, 0.6666666666666666, 0.8333333333333334, 0.8333333333333334, 0.7142857142857143, 0.7142857142857143, 0.8333333333333334, 0.8333333333333334, 0.5]
 mean: 0.6984126984126984, std: 0.11910051734796236
F1 (Intime): [0.5714285714285714, 0.5625, 0.6571428571428571, 0.3333333333333333, 0.625, 0.6888888888888889, 0.8541666666666667, 0.5555555555555556, 0.8285714285714285, 0.8333333333333334, 0.7083333333333333, 0.7083333333333333, 0.8125, 0.8285714285714285, 0.4857142857142857]
 mean: 0.6702248677248677, std: 0.1456828033294014
--------------------------------------------------
Subject Number: 20
Accuracy Cross: [0.625, 0.5, 0.59375, 0.5625, 0.59375, 0.625, 0.53125, 0.625, 0.65625, 0.65625, 0.5454545454545454, 0.6060606060606061, 0.6060606060606061, 0.36363636363636365, 0.6363636363636364]
 mean: 0.5817550505050505, std: 0.07287415678951543
F1 Score: [0.6190476190476191, 0.5, 0.5901477832512315, 0.5333333333333333, 0.539313399778516, 0.6235294117647059, 0.530791788856305, 0.6, 0.6476476476476476, 0.6532019704433498, 0.5454545454545454, 0.5814634146341464, 0.6060606060606061, 0.3612903225806452, 0.6333333333333333]
 mean: 0.5709743450790657, std: 0.07203840533844486
Accuracy Intime: [0.7857142857142857, 0.7142857142857143, 0.75, 0.5, 0.75, 0.8571428571428571, 0.9285714285714286, 0.75, 0.5833333333333334, 0.5, 0.7857142857142857, 0.8571428571428571, 0.75, 0.5, 0.75]
 mean: 0.7174603174603174, std: 0.131166251520423
F1 (Intime): [0.7754010695187166, 0.7142857142857143, 0.6974789915966386, 0.4857142857142857, 0.7333333333333334, 0.8541666666666667, 0.9282051282051282, 0.7333333333333334, 0.5804195804195804, 0.4857142857142857, 0.7754010695187166, 0.8444444444444444, 0.7333333333333334, 0.4857142857142857, 0.7482517482517483]
 mean: 0.7050131513366807, std: 0.13307376072487315
--------------------------------------------------
Subject Number: 21
Accuracy Cross: [0.46875, 0.40625, 0.5625, 0.53125, 0.46875, 0.53125, 0.5, 0.4375, 0.46875, 0.40625, 0.375, 0.40625, 0.375, 0.53125, 0.59375]
 mean: 0.4708333333333333, std: 0.0669913966283897
F1 Score: [0.4682306940371457, 0.4056695992179863, 0.5333333333333333, 0.4909862142099682, 0.464039408866995, 0.530791788856305, 0.4980392156862745, 0.4, 0.4420512820512821, 0.4056695992179863, 0.37254901960784315, 0.3764102564102564, 0.3333333333333333, 0.5076923076923077, 0.5835835835835836]
 mean: 0.45415864240697335, std: 0.06851821421431067
Accuracy Intime: [0.5714285714285714, 0.7142857142857143, 0.5833333333333334, 0.5833333333333334, 0.5833333333333334, 0.6428571428571429, 0.5714285714285714, 0.5833333333333334, 0.5, 0.5, 0.7857142857142857, 0.6428571428571429, 0.5, 0.4166666666666667, 0.5]
 mean: 0.5785714285714286, std: 0.08970009660987895
F1 (Intime): [0.5625, 0.7142857142857143, 0.5555555555555556, 0.4957983193277311, 0.5804195804195804, 0.641025641025641, 0.5625, 0.3684210526315789, 0.5, 0.4857142857142857, 0.7754010695187166, 0.5906432748538011, 0.5, 0.4125874125874126, 0.4857142857142857]
 mean: 0.5487044127756202, std: 0.1023174079900734
--------------------------------------------------
Subject Number: 22
Accuracy Cross: [0.46875, 0.625, 0.625, 0.65625, 0.53125, 0.5454545454545454, 0.6060606060606061, 0.5454545454545454, 0.6060606060606061, 0.5151515151515151, 0.5625, 0.40625, 0.4375, 0.53125, 0.5625]
 mean: 0.5482954545454546, std: 0.06878677328573685
F1 Score: [0.45545545545545546, 0.6235294117647059, 0.6235294117647059, 0.6476476476476476, 0.4684385382059801, 0.47619047619047616, 0.5814634146341464, 0.47619047619047616, 0.6001863932898416, 0.5147058823529411, 0.5555555555555556, 0.3552492046659597, 0.43529411764705883, 0.4684385382059801, 0.5607843137254902]
 mean: 0.522843922486428, std: 0.08099880777982806
Accuracy Intime: [0.7142857142857143, 0.6428571428571429, 0.6666666666666666, 0.5, 0.6666666666666666, 0.8571428571428571, 0.6428571428571429, 0.8333333333333334, 0.6666666666666666, 0.5833333333333334, 0.7857142857142857, 0.5714285714285714, 0.5833333333333334, 0.6666666666666666, 0.4166666666666667]
 mean: 0.6531746031746032, std: 0.11317805377762469
F1 (Intime): [0.7083333333333333, 0.625668449197861, 0.4, 0.3333333333333333, 0.6571428571428571, 0.8444444444444444, 0.641025641025641, 0.8125, 0.625, 0.4957983193277311, 0.7754010695187166, 0.5333333333333333, 0.5804195804195804, 0.6571428571428571, 0.37777777777777777]
 mean: 0.6044880663998311, std: 0.148948778905262
--------------------------------------------------
Subject Number: 23
Accuracy Cross: [0.6666666666666666, 0.6363636363636364, 0.5454545454545454, 0.6363636363636364, 0.7272727272727273, 0.59375, 0.71875, 0.6875, 0.78125, 0.5, 0.6060606060606061, 0.6363636363636364, 0.7878787878787878, 0.6666666666666666, 0.5151515151515151]
 mean: 0.6470328282828283, std: 0.08407574104109354
F1 Score: [0.6552706552706553, 0.6192307692307693, 0.5454545454545454, 0.5909090909090909, 0.6996966632962589, 0.5901477832512315, 0.718475073313783, 0.6666666666666667, 0.7810361681329423, 0.4817813765182186, 0.6046082949308755, 0.5909090909090909, 0.7806267806267806, 0.593505039193729, 0.47619047619047616]
 mean: 0.6263005649263409, std: 0.08924671284984617
Accuracy Intime: [0.7142857142857143, 0.7142857142857143, 0.3333333333333333, 0.3333333333333333, 0.5833333333333334, 0.7857142857142857, 0.7857142857142857, 0.8571428571428571, 0.6666666666666666, 0.9166666666666666, 0.6428571428571429, 0.7142857142857143, 0.8333333333333334, 0.4166666666666667, 0.5833333333333334]
 mean: 0.6587301587301588, std: 0.17510749676852838
F1 (Intime): [0.6888888888888889, 0.6888888888888889, 0.3142857142857143, 0.3333333333333333, 0.5804195804195804, 0.7543859649122806, 0.7754010695187166, 0.8444444444444444, 0.6666666666666666, 0.916083916083916, 0.641025641025641, 0.6888888888888889, 0.8125, 0.37777777777777777, 0.5555555555555556]
 mean: 0.6425697553793529, std: 0.17636186506638096
--------------------------------------------------
Subject Number: 24
Accuracy Cross: [0.53125, 0.46875, 0.40625, 0.4375, 0.46875, 0.53125, 0.59375, 0.59375, 0.53125, 0.5, 0.46875, 0.375, 0.4375, 0.4375, 0.5625]
 mean: 0.4895833333333333, std: 0.06421264586426018
F1 Score: [0.530791788856305, 0.464039408866995, 0.4056695992179863, 0.37662337662337664, 0.4420512820512821, 0.530791788856305, 0.5901477832512315, 0.5835835835835836, 0.5195195195195195, 0.4980392156862745, 0.464039408866995, 0.3522267206477733, 0.4285714285714286, 0.4375, 0.5625]
 mean: 0.47907299363993705, std: 0.07101208814313904
Accuracy Intime: [0.7857142857142857, 0.5, 0.5, 0.4166666666666667, 0.4166666666666667, 0.5, 0.2857142857142857, 0.8333333333333334, 0.6666666666666666, 0.5, 0.6428571428571429, 0.5, 0.5, 0.8333333333333334, 0.5]
 mean: 0.5587301587301587, std: 0.15494291408888064
F1 (Intime): [0.7543859649122806, 0.47593582887700536, 0.4857142857142857, 0.37777777777777777, 0.4125874125874126, 0.47593582887700536, 0.2222222222222222, 0.8125, 0.6571428571428571, 0.5, 0.641025641025641, 0.49743589743589745, 0.5, 0.8333333333333334, 0.5]
 mean: 0.5430664699937147, std: 0.1615238738713118
--------------------------------------------------
Subject Number: 25
Accuracy Cross: [0.5151515151515151, 0.5454545454545454, 0.6060606060606061, 0.5454545454545454, 0.5454545454545454, 0.5, 0.46875, 0.5625, 0.59375, 0.59375, 0.5, 0.53125, 0.59375, 0.375, 0.5625]
 mean: 0.5359217171717172, std: 0.057780639034365755
F1 Score: [0.5037593984962406, 0.543778801843318, 0.6001863932898416, 0.5170731707317073, 0.543778801843318, 0.4980392156862745, 0.464039408866995, 0.5555555555555556, 0.5835835835835836, 0.5933528836754643, 0.4817813765182186, 0.5195195195195195, 0.5588547189819725, 0.36507936507936506, 0.5625]
 mean: 0.5260588129114251, std: 0.05794320270657057
Accuracy Intime: [0.5714285714285714, 0.6428571428571429, 0.5833333333333334, 0.75, 0.25, 0.5, 0.2857142857142857, 0.3333333333333333, 0.5, 0.75, 0.6428571428571429, 0.7142857142857143, 0.5, 0.5, 0.3333333333333333]
 mean: 0.5238095238095238, std: 0.1590076938768
F1 (Intime): [0.5714285714285714, 0.641025641025641, 0.5555555555555556, 0.7333333333333334, 0.24475524475524477, 0.49743589743589745, 0.2708333333333333, 0.25, 0.5, 0.7482517482517483, 0.641025641025641, 0.7083333333333333, 0.4857142857142857, 0.4857142857142857, 0.3333333333333333]
 mean: 0.5111160136160137, std: 0.16612191339104118
--------------------------------------------------
Subject Number: 26
Accuracy Cross: [0.7272727272727273, 0.6666666666666666, 0.6363636363636364, 0.6060606060606061, 0.696969696969697, 0.59375, 0.71875, 0.75, 0.625, 0.65625, 0.625, 0.71875, 0.71875, 0.8125, 0.75]
 mean: 0.6868055555555556, std: 0.060712960751422386
F1 Score: [0.7102439024390244, 0.6616961789375583, 0.6278195488721805, 0.5460317460317461, 0.6826923076923077, 0.5901477832512315, 0.716256157635468, 0.7408906882591093, 0.6235294117647059, 0.6532019704433498, 0.6, 0.7117117117117118, 0.716256157635468, 0.8095238095238095, 0.7408906882591093]
 mean: 0.6753928041637853, std: 0.06723876511260926
Accuracy Intime: [0.5714285714285714, 0.7142857142857143, 0.6666666666666666, 0.6666666666666666, 0.5833333333333334, 0.9285714285714286, 0.8571428571428571, 0.8333333333333334, 0.8333333333333334, 0.9166666666666666, 0.7142857142857143, 0.7142857142857143, 0.5833333333333334, 0.6666666666666666, 0.6666666666666666]
 mean: 0.7277777777777776, std: 0.11450596061505673
F1 (Intime): [0.5714285714285714, 0.7083333333333333, 0.6666666666666666, 0.6666666666666666, 0.5555555555555556, 0.9251336898395721, 0.8444444444444444, 0.8125, 0.8285714285714285, 0.916083916083916, 0.7142857142857143, 0.65, 0.5555555555555556, 0.6571428571428571, 0.6571428571428571]
 mean: 0.7153007504478092, std: 0.11855941615814769
--------------------------------------------------
Subject Number: 27
Accuracy Cross: [0.3939393939393939, 0.42424242424242425, 0.5151515151515151, 0.5454545454545454, 0.6363636363636364, 0.36363636363636365, 0.5151515151515151, 0.5151515151515151, 0.5757575757575758, 0.48484848484848486, 0.5625, 0.5625, 0.53125, 0.5625, 0.5625]
 mean: 0.516729797979798, std: 0.07085431772929286
F1 Score: [0.3653846153846154, 0.4045584045584045, 0.5111111111111111, 0.5454545454545454, 0.6278195488721805, 0.35414725069897485, 0.5037593984962406, 0.5037593984962406, 0.5753676470588236, 0.48294930875576036, 0.5555555555555556, 0.49090909090909085, 0.530791788856305, 0.5465587044534412, 0.5625]
 mean: 0.5040417579107527, std: 0.07437572762998376
Accuracy Intime: [0.5, 0.5, 0.6666666666666666, 0.5833333333333334, 0.4166666666666667, 0.6428571428571429, 0.6428571428571429, 0.75, 0.75, 0.4166666666666667, 0.7857142857142857, 0.5, 0.2857142857142857, 0.9166666666666666, 0.5833333333333334]
 mean: 0.5960317460317461, std: 0.16004219650180918
F1 (Intime): [0.49743589743589745, 0.49743589743589745, 0.6571428571428571, 0.5555555555555556, 0.29411764705882354, 0.625668449197861, 0.641025641025641, 0.6974789915966386, 0.7482517482517483, 0.4125874125874126, 0.7846153846153847, 0.4269005847953216, 0.2857142857142857, 0.916083916083916, 0.5804195804195804]
 mean: 0.574695589927788, std: 0.17171664630042896
--------------------------------------------------
Subject Number: 28
Accuracy Cross: [0.65625, 0.5625, 0.46875, 0.5625, 0.5, 0.4375, 0.375, 0.5, 0.6875, 0.5625, 0.46875, 0.5, 0.46875, 0.5, 0.5]
 mean: 0.5166666666666667, std: 0.07728015412913086
F1 Score: [0.6532019704433498, 0.5625, 0.464039408866995, 0.49090909090909085, 0.4181818181818182, 0.4375, 0.37254901960784315, 0.4980392156862745, 0.6761133603238867, 0.5555555555555556, 0.464039408866995, 0.4817813765182186, 0.4231177094379639, 0.4980392156862745, 0.4458874458874459]
 mean: 0.4960969730647808, std: 0.08162629385981034
Accuracy Intime: [0.7857142857142857, 0.7142857142857143, 0.5833333333333334, 0.6666666666666666, 0.4166666666666667, 0.7142857142857143, 0.5, 0.5, 0.4166666666666667, 0.5, 0.5714285714285714, 0.42857142857142855, 0.75, 0.75, 0.6666666666666666]
 mean: 0.5976190476190476, std: 0.12704859474649735
F1 (Intime): [0.7846153846153847, 0.6888888888888889, 0.5555555555555556, 0.625, 0.4125874125874126, 0.7083333333333333, 0.49743589743589745, 0.4375, 0.4125874125874126, 0.4857142857142857, 0.5625, 0.37777777777777777, 0.7333333333333334, 0.7482517482517483, 0.6571428571428571]
 mean: 0.579148259148259, std: 0.1326255441420689
--------------------------------------------------
Subject Number: 29
Accuracy Cross: [0.8125, 0.65625, 0.84375, 0.8125, 0.84375, 0.71875, 0.84375, 0.78125, 0.78125, 0.9375, 0.8181818181818182, 0.7878787878787878, 0.8484848484848485, 0.7878787878787878, 0.6060606060606061]
 mean: 0.7919823232323231, std: 0.07855067813069705
F1 Score: [0.8117647058823529, 0.6532019704433498, 0.8423645320197044, 0.8, 0.8303287380699894, 0.718475073313783, 0.8423645320197044, 0.7793103448275862, 0.7702564102564102, 0.9352226720647774, 0.8166666666666667, 0.7806267806267806, 0.8484848484848485, 0.7847157502329916, 0.5814634146341464]
 mean: 0.7863497626362062, std: 0.08191150901283502
Accuracy Intime: [0.8571428571428571, 0.7857142857142857, 0.8333333333333334, 0.75, 0.75, 0.42857142857142855, 0.9285714285714286, 0.75, 0.8333333333333334, 0.6666666666666666, 0.8571428571428571, 0.8571428571428571, 0.8333333333333334, 0.75, 0.5]
 mean: 0.7587301587301589, std: 0.13166951306279676
F1 (Intime): [0.8541666666666667, 0.7846153846153847, 0.8285714285714285, 0.7333333333333334, 0.7482517482517483, 0.37777777777777777, 0.9282051282051282, 0.7333333333333334, 0.8285714285714285, 0.6571428571428571, 0.8541666666666667, 0.8571428571428571, 0.8285714285714285, 0.7333333333333334, 0.4375]
 mean: 0.7456455581455581, std: 0.14833222518269817
--------------------------------------------------
**************************************************
accuracy_cross_list: [0.6613636363636365, 0.5910984848484848, 0.5106060606060605, 0.6363636363636364, 0.5375, 0.5616792929292929, 0.5791666666666667, 0.5458333333333333, 0.6458333333333334, 0.5466540404040404, 0.5555555555555556, 0.6304924242424242, 0.5961489898989899, 0.6166666666666667, 0.6020833333333333, 0.5354166666666667, 0.516729797979798, 0.5940025252525253, 0.5645833333333333, 0.5817550505050505, 0.4708333333333333, 0.5482954545454546, 0.6470328282828283, 0.4895833333333333, 0.5359217171717172, 0.6868055555555556, 0.516729797979798, 0.5166666666666667, 0.7919823232323231]
f1_score_list: [0.6446049738618636, 0.5770659885254468, 0.5005685398956545, 0.6198501860408997, 0.5232863122492204, 0.5278183332287208, 0.5682665549426573, 0.5303890794533533, 0.6273478647188934, 0.5319668667512434, 0.5392841949645663, 0.5949402211537228, 0.5855407590818713, 0.6062698426154591, 0.594583572963013, 0.5220953745859087, 0.5040417579107527, 0.5879601029680458, 0.526886776102773, 0.5709743450790657, 0.45415864240697335, 0.522843922486428, 0.6263005649263409, 0.47907299363993705, 0.5260588129114251, 0.6753928041637853, 0.5040417579107527, 0.4960969730647808, 0.7863497626362062]
accuracy_intime_list: [0.6603174603174603, 0.5626984126984127, 0.592857142857143, 0.6206349206349207, 0.673809523809524, 0.6801587301587302, 0.5246031746031746, 0.5753968253968255, 0.6944444444444444, 0.6468253968253969, 0.580952380952381, 0.6857142857142856, 0.6190476190476192, 0.665079365079365, 0.7063492063492064, 0.6603174603174603, 0.5960317460317461, 0.6666666666666667, 0.6984126984126984, 0.7174603174603174, 0.5785714285714286, 0.6531746031746032, 0.6587301587301588, 0.5587301587301587, 0.5238095238095238, 0.7277777777777776, 0.5960317460317461, 0.5976190476190476, 0.7587301587301589]
f1_score_intime_list: [0.6452957064721773, 0.5483815694109813, 0.57285238182297, 0.601345835966579, 0.6568310883016765, 0.6653897077581287, 0.4976305666011548, 0.547469589234295, 0.6717112408288879, 0.611949047684342, 0.5572426747658946, 0.6593964108360393, 0.6040553509671157, 0.6495778132542839, 0.6971491253844196, 0.6467273856747541, 0.574695589927788, 0.648780342750931, 0.6702248677248677, 0.7050131513366807, 0.5487044127756202, 0.6044880663998311, 0.6425697553793529, 0.5430664699937147, 0.5111160136160137, 0.7153007504478092, 0.574695589927788, 0.579148259148259, 0.7456455581455581]
**************************************************
ACC: 57.98±6.62
F1: 56.39±6.73
Intime: 63.73±6.03
F1 (Intime): 61.71±6.23
