1e-06
Subject Number: 1
Accuracy Cross: [0.27941176470588236, 0.27941176470588236, 0.25, 0.38235294117647056, 0.3088235294117647, 0.3333333333333333, 0.36231884057971014, 0.36231884057971014, 0.3333333333333333, 0.34782608695652173, 0.3235294117647059, 0.38235294117647056, 0.20588235294117646, 0.29411764705882354, 0.3235294117647059]
 mean: 0.31790281329923276, std: 0.04792966451996683
F1 Score: [0.2800816681443088, 0.26932195353247984, 0.2205536120828475, 0.3997975708502024, 0.3158297529538131, 0.32129390217625514, 0.3439150837360908, 0.3545660978587808, 0.33182503770739064, 0.3613782051282051, 0.2966300940438871, 0.3789502164502164, 0.19605166281899294, 0.26568070409982175, 0.3168970939058773]
 mean: 0.31018484369927807, std: 0.05474571411858202
Accuracy Intime: [0.5, 0.35714285714285715, 0.35714285714285715, 0.4230769230769231, 0.4230769230769231, 0.5, 0.2857142857142857, 0.4642857142857143, 0.34615384615384615, 0.46153846153846156, 0.35714285714285715, 0.42857142857142855, 0.25, 0.3076923076923077, 0.3076923076923077]
 mean: 0.3846153846153845, std: 0.07627276128630332
F1 (Intime): [0.5137509549274255, 0.34761904761904755, 0.32976190476190476, 0.4374272786037492, 0.39342820921768296, 0.47017704517704517, 0.27936507936507937, 0.46111111111111114, 0.3487179487179487, 0.4594155844155844, 0.32426948051948057, 0.4273809523809524, 0.23690191387559806, 0.25300751879699246, 0.2743055555555556]
 mean: 0.37044263900301044, std: 0.08517424749761328
--------------------------------------------------
Subject Number: 2
Accuracy Cross: [0.21739130434782608, 0.2028985507246377, 0.2898550724637681, 0.30434782608695654, 0.2608695652173913, 0.20588235294117646, 0.22058823529411764, 0.25, 0.23529411764705882, 0.3088235294117647, 0.2608695652173913, 0.2318840579710145, 0.2898550724637681, 0.2318840579710145, 0.2318840579710145]
 mean: 0.24948849104859339, std: 0.033780896942509714
F1 Score: [0.21648131987357894, 0.1918851486435967, 0.289163961038961, 0.30822898032200363, 0.26111852105503586, 0.19316715542521995, 0.18088627526591472, 0.25025776148470613, 0.22846320346320348, 0.29755036630036624, 0.24970761477449124, 0.22718858885017423, 0.27650352750086793, 0.22630771050756104, 0.2228494623655914]
 mean: 0.2413173064580848, std: 0.038009672125149836
Accuracy Intime: [0.35714285714285715, 0.42857142857142855, 0.25, 0.3076923076923077, 0.5, 0.25, 0.39285714285714285, 0.42857142857142855, 0.2857142857142857, 0.38461538461538464, 0.32142857142857145, 0.35714285714285715, 0.42857142857142855, 0.4230769230769231, 0.2692307692307692]
 mean: 0.358974358974359, std: 0.07373472609574289
F1 (Intime): [0.3402777777777778, 0.42788461538461536, 0.22669683257918552, 0.27736006683375103, 0.47896825396825393, 0.251131221719457, 0.36750968329915695, 0.375, 0.24497071555895086, 0.34424603174603174, 0.3225940725940726, 0.3219298245614035, 0.4229166666666666, 0.43329346092503984, 0.2673992673992674]
 mean: 0.34014523273424196, std: 0.07492407467135695
--------------------------------------------------
Subject Number: 3
Accuracy Cross: [0.20588235294117646, 0.23529411764705882, 0.23529411764705882, 0.20588235294117646, 0.20588235294117646, 0.30434782608695654, 0.2463768115942029, 0.2898550724637681, 0.30434782608695654, 0.34782608695652173, 0.2608695652173913, 0.34782608695652173, 0.2028985507246377, 0.2028985507246377, 0.2318840579710145]
 mean: 0.25515771526001707, std: 0.04993651771522224
F1 Score: [0.19953612761224054, 0.2378654122990207, 0.2311656671664168, 0.20700704524233934, 0.18867198745247526, 0.2765469988145005, 0.2395665810283274, 0.2938549344799345, 0.3058256615028161, 0.3285808768545342, 0.23889586336991667, 0.3291066228642728, 0.18817377025772827, 0.19964792378585483, 0.2137482900136799]
 mean: 0.24521291751627053, std: 0.04788585967081229
Accuracy Intime: [0.21428571428571427, 0.2857142857142857, 0.25, 0.5, 0.3076923076923077, 0.32142857142857145, 0.39285714285714285, 0.32142857142857145, 0.34615384615384615, 0.34615384615384615, 0.2857142857142857, 0.39285714285714285, 0.17857142857142858, 0.5, 0.3076923076923077]
 mean: 0.33003663003663003, std: 0.08718141100472193
F1 (Intime): [0.20490196078431372, 0.22914438502673798, 0.25206105169340465, 0.4928571428571429, 0.2881944444444444, 0.29464285714285715, 0.3759803921568628, 0.24285714285714285, 0.28055555555555556, 0.3133012820512821, 0.2769230769230769, 0.37996031746031744, 0.1692982456140351, 0.4931372549019608, 0.30154220779220775]
 mean: 0.3063571544840895, std: 0.09093034113998127
--------------------------------------------------
Subject Number: 4
Accuracy Cross: [0.34782608695652173, 0.3188405797101449, 0.2753623188405797, 0.391304347826087, 0.37681159420289856, 0.3333333333333333, 0.4057971014492754, 0.4057971014492754, 0.37681159420289856, 0.37681159420289856, 0.30434782608695654, 0.34782608695652173, 0.3333333333333333, 0.3188405797101449, 0.3333333333333333]
 mean: 0.34975845410628015, std: 0.03699360332188725
F1 Score: [0.3556960583276373, 0.30164003585930493, 0.27104494207354823, 0.37992078048179034, 0.36801095115048604, 0.32191558441558443, 0.4187418127378205, 0.40824298838339423, 0.3809436274509804, 0.3702218347379638, 0.23269459298871065, 0.28513071895424835, 0.3501417832813182, 0.29293478260869565, 0.3196552089215133]
 mean: 0.3371290468248664, std: 0.05148362427690328
Accuracy Intime: [0.42857142857142855, 0.35714285714285715, 0.39285714285714285, 0.42857142857142855, 0.3076923076923077, 0.39285714285714285, 0.39285714285714285, 0.35714285714285715, 0.2857142857142857, 0.38461538461538464, 0.4642857142857143, 0.39285714285714285, 0.5, 0.5, 0.3076923076923077]
 mean: 0.39285714285714285, std: 0.06283145816074398
F1 (Intime): [0.41704598506069096, 0.3313852813852814, 0.4113636363636364, 0.41363022941970307, 0.3101010101010101, 0.4186507936507936, 0.37837301587301586, 0.3524294333117863, 0.2222222222222222, 0.3745600804424334, 0.4786096256684492, 0.36236982831410075, 0.5098039215686274, 0.4902691511387164, 0.28547922665569725]
 mean: 0.383752896078411, std: 0.07557881527488432
--------------------------------------------------
Subject Number: 5
Accuracy Cross: [0.36764705882352944, 0.38235294117647056, 0.36764705882352944, 0.39705882352941174, 0.2647058823529412, 0.4117647058823529, 0.3382352941176471, 0.4264705882352941, 0.3382352941176471, 0.45588235294117646, 0.3235294117647059, 0.3088235294117647, 0.39705882352941174, 0.36764705882352944, 0.4117647058823529]
 mean: 0.3705882352941178, std: 0.04808920968012047
F1 Score: [0.33557595084389824, 0.3532509157509158, 0.37713520542876544, 0.400056748271034, 0.25, 0.40543134598012653, 0.35132013320262945, 0.4003387533875339, 0.32756756756756755, 0.45685466983107637, 0.3036454993009832, 0.32063279857397503, 0.38211538461538463, 0.36286938871155694, 0.37469611968209443]
 mean: 0.36009936540983617, std: 0.047803941588527896
Accuracy Intime: [0.6071428571428571, 0.7142857142857143, 0.5, 0.5, 0.46153846153846156, 0.4642857142857143, 0.4642857142857143, 0.5714285714285714, 0.34615384615384615, 0.38461538461538464, 0.39285714285714285, 0.32142857142857145, 0.42857142857142855, 0.34615384615384615, 0.38461538461538464]
 mean: 0.4591575091575092, std: 0.10454426790351527
F1 (Intime): [0.5623832866479925, 0.7149725274725275, 0.5058080808080808, 0.46149806076276667, 0.42063492063492064, 0.46702317290552586, 0.39468864468864473, 0.545962918660287, 0.23157894736842105, 0.37469834087481146, 0.4170231729055259, 0.2887426900584795, 0.45, 0.25, 0.32727272727272727]
 mean: 0.4274858327373808, std: 0.12313560806321415
--------------------------------------------------
Subject Number: 6
Accuracy Cross: [0.25, 0.29411764705882354, 0.3088235294117647, 0.27941176470588236, 0.36764705882352944, 0.4057971014492754, 0.3333333333333333, 0.3333333333333333, 0.18840579710144928, 0.3188405797101449, 0.3188405797101449, 0.2608695652173913, 0.21739130434782608, 0.2608695652173913, 0.18840579710144928]
 mean: 0.28840579710144926, std: 0.06028508279310001
F1 Score: [0.23356903965599618, 0.29363515741224716, 0.2923258774322604, 0.284338924963925, 0.36509324009324007, 0.3753790431266846, 0.3211624172215305, 0.3065359477124183, 0.14164164164164164, 0.28758741258741255, 0.31579687754106356, 0.274162296037296, 0.21008763523298407, 0.25456508135168965, 0.1603711718801233]
 mean: 0.2744167842593675, std: 0.0638452675761864
Accuracy Intime: [0.35714285714285715, 0.35714285714285715, 0.42857142857142855, 0.21428571428571427, 0.3076923076923077, 0.5, 0.25, 0.42857142857142855, 0.38461538461538464, 0.2692307692307692, 0.21428571428571427, 0.32142857142857145, 0.32142857142857145, 0.3076923076923077, 0.4230769230769231]
 mean: 0.339010989010989, std: 0.08093165995394272
F1 (Intime): [0.31313131313131315, 0.296218487394958, 0.3405797101449275, 0.20714285714285713, 0.2418108207581892, 0.49864718614718617, 0.23257575757575755, 0.43487554112554105, 0.3833333333333333, 0.2605519480519481, 0.18846153846153846, 0.2733918128654971, 0.27598039215686276, 0.25098039215686274, 0.37222222222222223]
 mean: 0.30466022084459954, std: 0.08388864983871122
--------------------------------------------------
Subject Number: 7
Accuracy Cross: [0.4117647058823529, 0.4117647058823529, 0.3382352941176471, 0.4117647058823529, 0.45588235294117646, 0.27941176470588236, 0.4117647058823529, 0.3235294117647059, 0.39705882352941174, 0.36764705882352944, 0.3235294117647059, 0.3382352941176471, 0.3382352941176471, 0.29411764705882354, 0.29411764705882354]
 mean: 0.35980392156862734, std: 0.05202548690753567
F1 Score: [0.39661561264822137, 0.37869141559062647, 0.3263634513634513, 0.4112087912087912, 0.4615116801437556, 0.2579530941599907, 0.3950187969924812, 0.3277247536945813, 0.38134725634725636, 0.3747895622895623, 0.31166559000861327, 0.29723707664884136, 0.3220731832665228, 0.2676497382892732, 0.27589362618432384]
 mean: 0.3457162419224194, std: 0.05736455126319725
Accuracy Intime: [0.32142857142857145, 0.39285714285714285, 0.5, 0.38461538461538464, 0.4230769230769231, 0.42857142857142855, 0.35714285714285715, 0.5714285714285714, 0.34615384615384615, 0.2692307692307692, 0.4642857142857143, 0.4642857142857143, 0.35714285714285715, 0.38461538461538464, 0.4230769230769231]
 mean: 0.4058608058608059, std: 0.07275097836554786
F1 (Intime): [0.3130827505827506, 0.40698529411764706, 0.4531166932482722, 0.37024446142093204, 0.4174048174048174, 0.3789072039072039, 0.34240196078431373, 0.5370243791296423, 0.32271241830065356, 0.18846153846153846, 0.44375, 0.38303167420814477, 0.3257177033492823, 0.3553321678321678, 0.3932152406417112]
 mean: 0.37542588689260514, std: 0.07553185019445721
--------------------------------------------------
Subject Number: 8
Accuracy Cross: [0.23529411764705882, 0.27941176470588236, 0.20588235294117646, 0.36764705882352944, 0.3088235294117647, 0.3235294117647059, 0.22058823529411764, 0.27941176470588236, 0.20588235294117646, 0.22058823529411764, 0.23529411764705882, 0.22058823529411764, 0.20588235294117646, 0.27941176470588236, 0.25]
 mean: 0.2558823529411765, std: 0.04736420521247516
F1 Score: [0.23301024955436722, 0.24665016587186397, 0.205420054200542, 0.36126819433516916, 0.3186581829106784, 0.2736467462077218, 0.21399787910922585, 0.28042521994134895, 0.20338289161818573, 0.1978014184397163, 0.2220215530601054, 0.21784262485481998, 0.17945932190118238, 0.27422764227642277, 0.21903820816864294]
 mean: 0.24312335682999955, std: 0.04809007463922889
Accuracy Intime: [0.39285714285714285, 0.35714285714285715, 0.2857142857142857, 0.23076923076923078, 0.46153846153846156, 0.21428571428571427, 0.2857142857142857, 0.35714285714285715, 0.15384615384615385, 0.19230769230769232, 0.35714285714285715, 0.21428571428571427, 0.2857142857142857, 0.3076923076923077, 0.38461538461538464]
 mean: 0.2987179487179487, std: 0.08357229354316245
F1 (Intime): [0.3895487682252389, 0.35036630036630034, 0.2802631578947369, 0.2275974025974026, 0.4318181818181819, 0.22941176470588232, 0.279020979020979, 0.3458333333333333, 0.14354066985645933, 0.17222222222222222, 0.35833333333333334, 0.2015810276679842, 0.27941176470588236, 0.28442982456140353, 0.3786199095022625]
 mean: 0.29013324265410684, std: 0.08180050031188735
--------------------------------------------------
Subject Number: 9
Accuracy Cross: [0.4264705882352941, 0.25, 0.36764705882352944, 0.39705882352941174, 0.39705882352941174, 0.3235294117647059, 0.3088235294117647, 0.23529411764705882, 0.3088235294117647, 0.3088235294117647, 0.19117647058823528, 0.3088235294117647, 0.29411764705882354, 0.27941176470588236, 0.3088235294117647]
 mean: 0.31372549019607837, std: 0.06138225820587658
F1 Score: [0.44654605263157887, 0.21190476190476187, 0.3870989304812834, 0.4223306243766602, 0.42192954894567797, 0.3346861471861472, 0.31285704505518747, 0.23696324143692565, 0.30848976050460675, 0.3016390614216701, 0.15734304314244732, 0.3012141390048367, 0.30064862673558324, 0.27100021417862497, 0.3341806722689076]
 mean: 0.31658879128499334, std: 0.07759104452383819
Accuracy Intime: [0.42857142857142855, 0.35714285714285715, 0.42857142857142855, 0.5384615384615384, 0.3076923076923077, 0.42857142857142855, 0.42857142857142855, 0.42857142857142855, 0.3076923076923077, 0.2692307692307692, 0.2857142857142857, 0.2857142857142857, 0.32142857142857145, 0.4230769230769231, 0.34615384615384615]
 mean: 0.3723443223443223, std: 0.07460442357105553
F1 (Intime): [0.4302631578947368, 0.35556110556110554, 0.4330357142857143, 0.5625, 0.29433198380566805, 0.444881221719457, 0.43763736263736264, 0.4449134199134199, 0.2896241830065359, 0.29126984126984123, 0.29907773386034253, 0.26726190476190476, 0.2708333333333333, 0.37455153542110065, 0.30089285714285713]
 mean: 0.36644235697422534, std: 0.08527369406120575
--------------------------------------------------
Subject Number: 10
Accuracy Cross: [0.25, 0.3382352941176471, 0.20588235294117646, 0.38235294117647056, 0.25, 0.17647058823529413, 0.23529411764705882, 0.3235294117647059, 0.14705882352941177, 0.29411764705882354, 0.17391304347826086, 0.2463768115942029, 0.2463768115942029, 0.2318840579710145, 0.10144927536231885]
 mean: 0.24019607843137256, std: 0.07192173117274457
F1 Score: [0.23696197114208853, 0.3414141414141414, 0.2000935234977788, 0.3823529411764706, 0.24213804713804712, 0.17968742736544596, 0.21534765221878224, 0.30252939696912534, 0.1393089430894309, 0.291023166023166, 0.17019916199597324, 0.24638597367982673, 0.25167310167310164, 0.21755876263548896, 0.08326210826210825]
 mean: 0.23332908788539836, std: 0.07416418587700409
Accuracy Intime: [0.42857142857142855, 0.14285714285714285, 0.25, 0.34615384615384615, 0.34615384615384615, 0.32142857142857145, 0.17857142857142858, 0.32142857142857145, 0.4230769230769231, 0.2692307692307692, 0.25, 0.39285714285714285, 0.39285714285714285, 0.4230769230769231, 0.19230769230769232]
 mean: 0.3119047619047619, std: 0.09096057550282054
F1 (Intime): [0.38343253968253965, 0.15000000000000002, 0.21574440052700922, 0.3369532428355958, 0.34375, 0.2803921568627451, 0.1472222222222222, 0.30833333333333335, 0.4176470588235294, 0.2733877233877234, 0.2288220551378446, 0.3366071428571429, 0.3386363636363636, 0.38239063568010934, 0.19567099567099566]
 mean: 0.28926599137714365, std: 0.08247311870979307
--------------------------------------------------
Subject Number: 11
Accuracy Cross: [0.4057971014492754, 0.2753623188405797, 0.2463768115942029, 0.2898550724637681, 0.21739130434782608, 0.2753623188405797, 0.30434782608695654, 0.3188405797101449, 0.3333333333333333, 0.30434782608695654, 0.2898550724637681, 0.18840579710144928, 0.34782608695652173, 0.2898550724637681, 0.2608695652173913]
 mean: 0.2898550724637682, std: 0.05075913250845874
F1 Score: [0.41314484126984125, 0.24963278495887192, 0.23221540364397505, 0.2727943657219973, 0.18232954545454544, 0.2556007751937984, 0.29166666666666663, 0.2891234863851497, 0.3059696548068641, 0.28066274810460856, 0.24584577216156162, 0.16329931972789116, 0.3371038083538084, 0.2828282828282828, 0.25921955403087477]
 mean: 0.2707624672872491, std: 0.05728310248015372
Accuracy Intime: [0.2857142857142857, 0.42857142857142855, 0.2857142857142857, 0.39285714285714285, 0.3076923076923077, 0.42857142857142855, 0.2857142857142857, 0.35714285714285715, 0.4642857142857143, 0.4230769230769231, 0.14285714285714285, 0.2857142857142857, 0.42857142857142855, 0.42857142857142855, 0.5384615384615384]
 mean: 0.36556776556776555, std: 0.09594937268356697
F1 (Intime): [0.291504329004329, 0.3399122807017544, 0.28054298642533937, 0.38809523809523805, 0.24611499611499613, 0.4168353576248313, 0.24816176470588236, 0.3475490196078431, 0.4392800182273866, 0.4216783216783217, 0.13541666666666666, 0.26920383538030596, 0.43301551389786685, 0.41977339181286544, 0.4731738849385908]
 mean: 0.3433505069921479, std: 0.0921543357560525
--------------------------------------------------
Subject Number: 12
Accuracy Cross: [0.25, 0.36764705882352944, 0.4264705882352941, 0.29411764705882354, 0.38235294117647056, 0.3333333333333333, 0.34782608695652173, 0.2463768115942029, 0.2463768115942029, 0.3188405797101449, 0.35294117647058826, 0.3088235294117647, 0.3235294117647059, 0.3382352941176471, 0.38235294117647056]
 mean: 0.32794828076158, std: 0.05122073395271396
F1 Score: [0.23024891774891773, 0.35221465526343576, 0.4206737012987013, 0.3025210084033613, 0.35051915503043324, 0.3129961549837326, 0.3301825993555317, 0.24241071428571428, 0.1927035589649571, 0.3179412233120673, 0.32637292464878676, 0.298138431965715, 0.32429284829044247, 0.3141025641025641, 0.37077922077922076]
 mean: 0.3124065118955721, std: 0.05485252454735834
Accuracy Intime: [0.32142857142857145, 0.35714285714285715, 0.42857142857142855, 0.3076923076923077, 0.38461538461538464, 0.2857142857142857, 0.32142857142857145, 0.35714285714285715, 0.3076923076923077, 0.38461538461538464, 0.4642857142857143, 0.42857142857142855, 0.5, 0.34615384615384615, 0.34615384615384615]
 mean: 0.3694139194139193, std: 0.06007102649291785
F1 (Intime): [0.3170426065162907, 0.3248538011695906, 0.43718912666281085, 0.2334733893557423, 0.29212962962962963, 0.3157268170426065, 0.2844075429214748, 0.3482905982905983, 0.2675, 0.37901069518716574, 0.45833333333333326, 0.40649350649350646, 0.4729166666666666, 0.3432900432900433, 0.23026315789473684]
 mean: 0.340728060963613, std: 0.07416389330604699
--------------------------------------------------
Subject Number: 13
Accuracy Cross: [0.29411764705882354, 0.29411764705882354, 0.22058823529411764, 0.3382352941176471, 0.2647058823529412, 0.30434782608695654, 0.2753623188405797, 0.17391304347826086, 0.2898550724637681, 0.36231884057971014, 0.23529411764705882, 0.38235294117647056, 0.29411764705882354, 0.22058823529411764, 0.27941176470588236]
 mean: 0.28195510088093206, std: 0.053193188917821085
F1 Score: [0.29081695331695334, 0.2931184668989547, 0.22191105181075363, 0.34523809523809523, 0.2844532279314888, 0.24935085807795548, 0.25498891352549885, 0.17168601365158037, 0.2528979085430698, 0.3542528260270196, 0.20183516196447232, 0.3934735283873215, 0.29300189057519693, 0.22508417508417508, 0.2735904759982236]
 mean: 0.273713303135384, std: 0.05721488183710816
Accuracy Intime: [0.42857142857142855, 0.39285714285714285, 0.25, 0.3076923076923077, 0.2692307692307692, 0.39285714285714285, 0.39285714285714285, 0.39285714285714285, 0.15384615384615385, 0.34615384615384615, 0.2857142857142857, 0.2857142857142857, 0.42857142857142855, 0.34615384615384615, 0.38461538461538464]
 mean: 0.33717948717948715, std: 0.07461521378291218
F1 (Intime): [0.40714285714285714, 0.33443223443223447, 0.21888888888888888, 0.3081709956709957, 0.27577276524644945, 0.39583333333333337, 0.3334165834165834, 0.38156565656565655, 0.11666666666666667, 0.2990131578947368, 0.26190476190476186, 0.23234649122807016, 0.43053788316946207, 0.3012759170653907, 0.3661589635854341]
 mean: 0.31087514374743475, std: 0.08005691003285079
--------------------------------------------------
Subject Number: 14
Accuracy Cross: [0.25, 0.3088235294117647, 0.25, 0.2647058823529412, 0.2647058823529412, 0.29411764705882354, 0.27941176470588236, 0.3235294117647059, 0.2647058823529412, 0.3235294117647059, 0.20588235294117646, 0.35294117647058826, 0.2647058823529412, 0.3235294117647059, 0.22058823529411764]
 mean: 0.27941176470588236, std: 0.03982371766978413
F1 Score: [0.24008714596949893, 0.2978774045503369, 0.2422015182884748, 0.2906026523417828, 0.21732979664014146, 0.28038890761337676, 0.2707161742487829, 0.323292004048583, 0.22937515768228073, 0.31987510766580535, 0.20499274874018517, 0.309863156937625, 0.23554876496052965, 0.31033549783549785, 0.18562838753387534]
 mean: 0.2638742950037851, std: 0.043138727330589766
Accuracy Intime: [0.42857142857142855, 0.42857142857142855, 0.25, 0.38461538461538464, 0.38461538461538464, 0.35714285714285715, 0.39285714285714285, 0.39285714285714285, 0.4230769230769231, 0.4230769230769231, 0.25, 0.21428571428571427, 0.32142857142857145, 0.3076923076923077, 0.34615384615384615]
 mean: 0.3536630036630036, std: 0.0683064249375248
F1 (Intime): [0.43333333333333335, 0.40623428858722976, 0.2185897435897436, 0.29269005847953217, 0.34554334554334554, 0.3359683794466403, 0.37837381916329277, 0.38968253968253963, 0.32539682539682535, 0.37999164578111944, 0.23327020202020202, 0.19215686274509802, 0.30926748689906586, 0.27669172932330827, 0.3604242979242979]
 mean: 0.32517430386103824, std: 0.06889540154890811
--------------------------------------------------
Subject Number: 15
Accuracy Cross: [0.3235294117647059, 0.3088235294117647, 0.3382352941176471, 0.35294117647058826, 0.3235294117647059, 0.4117647058823529, 0.3235294117647059, 0.36764705882352944, 0.4411764705882353, 0.4411764705882353, 0.4117647058823529, 0.36764705882352944, 0.39705882352941174, 0.3382352941176471, 0.3088235294117647]
 mean: 0.3637254901960784, std: 0.04475573415887578
F1 Score: [0.3570525783619818, 0.30273279352226723, 0.34129895201323773, 0.37936381357433985, 0.3553030303030303, 0.42223084886128365, 0.3076917253387842, 0.37432575176761224, 0.4292782031580289, 0.44925179686579475, 0.43439449064449065, 0.3701744605277214, 0.4026360544217687, 0.34176548089591563, 0.29770219198790626]
 mean: 0.37101347814961094, std: 0.04723299644273997
Accuracy Intime: [0.5357142857142857, 0.32142857142857145, 0.6428571428571429, 0.5384615384615384, 0.5, 0.35714285714285715, 0.25, 0.42857142857142855, 0.46153846153846156, 0.38461538461538464, 0.5, 0.42857142857142855, 0.42857142857142855, 0.34615384615384615, 0.3076923076923077]
 mean: 0.4287545787545788, std: 0.10085307481091108
F1 (Intime): [0.5321428571428571, 0.3497807017543859, 0.6553571428571429, 0.5316176470588235, 0.5088383838383839, 0.37083333333333335, 0.24318181818181817, 0.4057422969187675, 0.431578947368421, 0.36217948717948717, 0.49542483660130715, 0.39759301156359983, 0.44919786096256686, 0.3569221628045158, 0.3]
 mean: 0.4260260325043606, std: 0.10181379101145668
--------------------------------------------------
Subject Number: 16
Accuracy Cross: [0.3088235294117647, 0.36764705882352944, 0.29411764705882354, 0.29411764705882354, 0.3235294117647059, 0.27941176470588236, 0.27941176470588236, 0.25, 0.27941176470588236, 0.23529411764705882, 0.3235294117647059, 0.4264705882352941, 0.36764705882352944, 0.20588235294117646, 0.29411764705882354]
 mean: 0.30196078431372547, std: 0.05366247915060396
F1 Score: [0.25879120879120876, 0.36724109224109225, 0.27366163856847087, 0.2764102564102564, 0.2918650793650794, 0.27163461538461536, 0.2807636097917428, 0.23805555555555558, 0.25447140578719524, 0.24111953602480551, 0.2973242035742036, 0.3818983238456673, 0.36357613355090224, 0.19460188933873143, 0.2560501697042298]
 mean: 0.28316431452891705, std: 0.05008829928856246
Accuracy Intime: [0.4642857142857143, 0.42857142857142855, 0.39285714285714285, 0.3076923076923077, 0.5769230769230769, 0.39285714285714285, 0.35714285714285715, 0.35714285714285715, 0.4230769230769231, 0.4230769230769231, 0.35714285714285715, 0.5, 0.35714285714285715, 0.5, 0.19230769230769232]
 mean: 0.402014652014652, std: 0.08807600713082028
F1 (Intime): [0.45629370629370636, 0.41428571428571426, 0.4054945054945055, 0.2761904761904762, 0.5583333333333333, 0.403030303030303, 0.3308531746031746, 0.3522727272727273, 0.33351608187134507, 0.3996562261268144, 0.3151515151515152, 0.46924603174603174, 0.37430555555555556, 0.5136530136530137, 0.13]
 mean: 0.3821521576405477, std: 0.09966055443725641
--------------------------------------------------
Subject Number: 17
Accuracy Cross: [0.30434782608695654, 0.34782608695652173, 0.3333333333333333, 0.3333333333333333, 0.42028985507246375, 0.34782608695652173, 0.30434782608695654, 0.36231884057971014, 0.34782608695652173, 0.2898550724637681, 0.36764705882352944, 0.3382352941176471, 0.36764705882352944, 0.36764705882352944, 0.38235294117647056]
 mean: 0.3476555839727195, std: 0.03212967262823258
F1 Score: [0.2659965034965035, 0.29814606074988137, 0.282085346215781, 0.30893939393939396, 0.39767080745341615, 0.3268518518518519, 0.2974185737717722, 0.3483187134502924, 0.3161231884057971, 0.23441655868512584, 0.30674048174048174, 0.3292513280856179, 0.30833180512256253, 0.3647658430287014, 0.3533101412608054]
 mean: 0.3158911064838656, std: 0.039109084798408765
Accuracy Intime: [0.4642857142857143, 0.4642857142857143, 0.25, 0.3076923076923077, 0.34615384615384615, 0.42857142857142855, 0.2857142857142857, 0.35714285714285715, 0.34615384615384615, 0.34615384615384615, 0.42857142857142855, 0.39285714285714285, 0.39285714285714285, 0.5, 0.46153846153846156]
 mean: 0.3847985347985349, std: 0.07068126021295244
F1 (Intime): [0.46517453135100195, 0.4511904761904762, 0.1607142857142857, 0.19696969696969696, 0.2916666666666667, 0.4051470588235294, 0.27039473684210524, 0.3692028645589017, 0.31825951825951826, 0.33749999999999997, 0.4013888888888889, 0.39200273410799724, 0.3637218045112781, 0.4625, 0.3888888888888889]
 mean: 0.35164814345154904, std: 0.08785846873487338
--------------------------------------------------
Subject Number: 18
Accuracy Cross: [0.36231884057971014, 0.3188405797101449, 0.2463768115942029, 0.30434782608695654, 0.4057971014492754, 0.23529411764705882, 0.22058823529411764, 0.22058823529411764, 0.23529411764705882, 0.22058823529411764, 0.25, 0.3235294117647059, 0.3088235294117647, 0.27941176470588236, 0.23529411764705882]
 mean: 0.2778061949417448, std: 0.05536070162623484
F1 Score: [0.35835565926310026, 0.3116839018367032, 0.22505795421616923, 0.32503118503118505, 0.40498420498420495, 0.25423563097981705, 0.22111955937373137, 0.21589835803545482, 0.2407655763416907, 0.21292962356792144, 0.21536519036519036, 0.30173160173160174, 0.3203649798477385, 0.277579680520857, 0.22450422516014717]
 mean: 0.2739738220837008, std: 0.0582572689496545
Accuracy Intime: [0.32142857142857145, 0.39285714285714285, 0.35714285714285715, 0.19230769230769232, 0.3076923076923077, 0.42857142857142855, 0.39285714285714285, 0.42857142857142855, 0.3076923076923077, 0.4230769230769231, 0.2857142857142857, 0.5, 0.35714285714285715, 0.3076923076923077, 0.3076923076923077]
 mean: 0.35402930402930394, std: 0.07334610333314488
F1 (Intime): [0.28525641025641024, 0.316923076923077, 0.36547619047619045, 0.19166666666666665, 0.29490995115995117, 0.42222222222222217, 0.36421783625730997, 0.39757765454359884, 0.279144385026738, 0.41025641025641024, 0.26590909090909093, 0.44860248447204965, 0.35416666666666663, 0.3044289044289044, 0.25162337662337664]
 mean: 0.3301587551259109, std: 0.0695813768744747
--------------------------------------------------
Subject Number: 19
Accuracy Cross: [0.36764705882352944, 0.29411764705882354, 0.25, 0.22058823529411764, 0.27941176470588236, 0.38235294117647056, 0.3235294117647059, 0.36764705882352944, 0.3382352941176471, 0.36764705882352944, 0.27941176470588236, 0.3088235294117647, 0.3235294117647059, 0.19117647058823528, 0.3382352941176471]
 mean: 0.30882352941176466, std: 0.054761725661839
F1 Score: [0.3175558438716333, 0.24394586894586895, 0.2184873949579832, 0.20147343269996587, 0.23909467963386727, 0.3451955782312925, 0.3135154738878143, 0.360774686814859, 0.30398804357219883, 0.37198894571852825, 0.24666040292478394, 0.2906891336177944, 0.3219939480809046, 0.2013195260477869, 0.3144052438789281]
 mean: 0.28607254685894734, std: 0.054820908762612995
Accuracy Intime: [0.4642857142857143, 0.35714285714285715, 0.39285714285714285, 0.46153846153846156, 0.5384615384615384, 0.4642857142857143, 0.42857142857142855, 0.21428571428571427, 0.38461538461538464, 0.19230769230769232, 0.2857142857142857, 0.35714285714285715, 0.32142857142857145, 0.3076923076923077, 0.34615384615384615]
 mean: 0.3677655677655677, std: 0.09262692632731791
F1 (Intime): [0.43482905982905984, 0.2977941176470589, 0.3937908496732026, 0.43991228070175437, 0.5364504776269482, 0.40259740259740256, 0.41865079365079366, 0.1765151515151515, 0.30833333333333335, 0.16901709401709403, 0.2713675213675214, 0.29855275443510737, 0.30723039215686276, 0.2950805322128851, 0.3224206349206349]
 mean: 0.33816949304565397, std: 0.09629498988848892
--------------------------------------------------
Subject Number: 20
Accuracy Cross: [0.38235294117647056, 0.39705882352941174, 0.3235294117647059, 0.29411764705882354, 0.36764705882352944, 0.3235294117647059, 0.36764705882352944, 0.3382352941176471, 0.27941176470588236, 0.3235294117647059, 0.3333333333333333, 0.42028985507246375, 0.21739130434782608, 0.3333333333333333, 0.36231884057971014]
 mean: 0.3375816993464052, std: 0.0484079402693711
F1 Score: [0.3322649572649573, 0.40393800535007207, 0.28990946045824095, 0.28704852495175076, 0.3622206296119339, 0.3149209486166008, 0.37126851391174553, 0.35543530543530544, 0.2547256097560976, 0.32086946354535345, 0.31137692716640086, 0.4206810631229236, 0.20643939393939392, 0.34327339327339323, 0.3821052631578947]
 mean: 0.33043183063747095, std: 0.05478118484670875
Accuracy Intime: [0.4642857142857143, 0.5, 0.2857142857142857, 0.38461538461538464, 0.3076923076923077, 0.42857142857142855, 0.5714285714285714, 0.6428571428571429, 0.34615384615384615, 0.2692307692307692, 0.5357142857142857, 0.39285714285714285, 0.2857142857142857, 0.34615384615384615, 0.3076923076923077]
 mean: 0.4045787545787546, std: 0.11188422681677655
F1 (Intime): [0.4787114845938375, 0.5176470588235293, 0.27767857142857144, 0.33872549019607845, 0.23687423687423687, 0.42946428571428563, 0.5793650793650793, 0.6357508912655971, 0.27529761904761907, 0.2614209320091673, 0.54375, 0.38541666666666663, 0.28104575163398693, 0.2966200466200466, 0.2534090909090909]
 mean: 0.3860784803431862, std: 0.12988014187803787
--------------------------------------------------
Subject Number: 21
Accuracy Cross: [0.3235294117647059, 0.25, 0.29411764705882354, 0.3088235294117647, 0.27941176470588236, 0.3235294117647059, 0.23529411764705882, 0.2647058823529412, 0.3235294117647059, 0.45588235294117646, 0.3382352941176471, 0.36764705882352944, 0.29411764705882354, 0.4264705882352941, 0.3088235294117647]
 mean: 0.31960784313725493, std: 0.058199302273160114
F1 Score: [0.331395657482614, 0.2373015873015873, 0.2626486428838053, 0.2843101034455938, 0.27088189588189593, 0.3092716892023032, 0.20751879699248119, 0.2632344116215084, 0.31455392433653306, 0.4362905909760852, 0.31789754363283773, 0.3321715049656226, 0.24892245186362832, 0.4043441089172796, 0.30760878845133055]
 mean: 0.30189011319700704, std: 0.058332134675638594
Accuracy Intime: [0.5357142857142857, 0.5, 0.39285714285714285, 0.34615384615384615, 0.3076923076923077, 0.42857142857142855, 0.39285714285714285, 0.5, 0.46153846153846156, 0.34615384615384615, 0.32142857142857145, 0.32142857142857145, 0.32142857142857145, 0.3076923076923077, 0.38461538461538464]
 mean: 0.3912087912087912, std: 0.07463768838079379
F1 (Intime): [0.5037878787878788, 0.5027777777777778, 0.3480392156862745, 0.3194444444444444, 0.24901315789473683, 0.4180506993006993, 0.34924242424242424, 0.5011904761904762, 0.4571428571428571, 0.3065359477124183, 0.25605680868838765, 0.3136064593301435, 0.3369047619047619, 0.28955802968960864, 0.34407894736842104]
 mean: 0.36636199241075396, std: 0.08523700460099494
--------------------------------------------------
Subject Number: 22
Accuracy Cross: [0.3382352941176471, 0.35294117647058826, 0.29411764705882354, 0.29411764705882354, 0.29411764705882354, 0.2753623188405797, 0.30434782608695654, 0.21739130434782608, 0.18840579710144928, 0.2753623188405797, 0.27941176470588236, 0.27941176470588236, 0.36764705882352944, 0.27941176470588236, 0.27941176470588236]
 mean: 0.28797953964194367, std: 0.04395692086231383
F1 Score: [0.32905982905982906, 0.36146723646723644, 0.304366908053544, 0.2954614013437543, 0.2589883150001903, 0.26257893780382535, 0.3055263624419071, 0.2197142422860617, 0.145318805488297, 0.20612074617080875, 0.29324873237673277, 0.27769423558897244, 0.3630879595663161, 0.27513802622498273, 0.29222090387787747]
 mean: 0.27933284278335563, std: 0.055230104258812945
Accuracy Intime: [0.42857142857142855, 0.42857142857142855, 0.2857142857142857, 0.2692307692307692, 0.3076923076923077, 0.4642857142857143, 0.2857142857142857, 0.17857142857142858, 0.2692307692307692, 0.19230769230769232, 0.39285714285714285, 0.39285714285714285, 0.14285714285714285, 0.38461538461538464, 0.3076923076923077]
 mean: 0.3153846153846154, std: 0.09464382073652063
F1 (Intime): [0.3821428571428571, 0.41083916083916083, 0.22104978354978355, 0.265079365079365, 0.27004048582995954, 0.4635052447552448, 0.23431372549019608, 0.1932234432234432, 0.28157993966817496, 0.21343700159489631, 0.3962121212121212, 0.40470354808590103, 0.11466165413533834, 0.41228070175438597, 0.2826797385620915]
 mean: 0.3030499180615279, std: 0.09832008601739024
--------------------------------------------------
Subject Number: 23
Accuracy Cross: [0.3333333333333333, 0.37681159420289856, 0.2608695652173913, 0.3333333333333333, 0.36231884057971014, 0.35294117647058826, 0.38235294117647056, 0.3235294117647059, 0.35294117647058826, 0.29411764705882354, 0.2463768115942029, 0.3188405797101449, 0.34782608695652173, 0.3188405797101449, 0.2898550724637681]
 mean: 0.32628587666950837, std: 0.03840510059601673
F1 Score: [0.3152212930079811, 0.38026094276094274, 0.22595928323482503, 0.34298172757475087, 0.3782427250169186, 0.3558897634516075, 0.38227124183006533, 0.3355808729139923, 0.31825396825396823, 0.29363969363969367, 0.1903133903133903, 0.3129411764705883, 0.30868711670996285, 0.3053362573099415, 0.2832190957190957]
 mean: 0.3152532365471817, std: 0.05212230362092871
Accuracy Intime: [0.39285714285714285, 0.42857142857142855, 0.21428571428571427, 0.2692307692307692, 0.3076923076923077, 0.32142857142857145, 0.5714285714285714, 0.2857142857142857, 0.32142857142857145, 0.38461538461538464, 0.32142857142857145, 0.6428571428571429, 0.32142857142857145, 0.38461538461538464, 0.34615384615384615]
 mean: 0.36758241758241755, std: 0.1079228674964857
F1 (Intime): [0.39215686274509803, 0.42708333333333337, 0.21944444444444444, 0.3052631578947368, 0.2945290004113534, 0.33933982683982683, 0.5619747899159664, 0.29458450046685336, 0.28774486383182035, 0.36388888888888893, 0.34239718614718617, 0.6305555555555555, 0.3036758563074352, 0.37152777777777773, 0.37861811391223155]
 mean: 0.3675189438981672, std: 0.1031576568437817
--------------------------------------------------
Subject Number: 24
Accuracy Cross: [0.29411764705882354, 0.17647058823529413, 0.19117647058823528, 0.3088235294117647, 0.20588235294117646, 0.16176470588235295, 0.25, 0.29411764705882354, 0.25, 0.2647058823529412, 0.14705882352941177, 0.19117647058823528, 0.29411764705882354, 0.23529411764705882, 0.25]
 mean: 0.23431372549019608, std: 0.050791505282308316
F1 Score: [0.287406015037594, 0.16644736842105262, 0.15514346764346765, 0.31152156951575555, 0.1929964539007092, 0.1557641903768159, 0.25274544534412957, 0.2917382975179077, 0.2436007436007436, 0.25486325486325484, 0.14300925925925925, 0.19364037638786563, 0.29137638311574265, 0.21738636363636363, 0.26124031007751936]
 mean: 0.22792529991321206, std: 0.05496845953872488
Accuracy Intime: [0.2857142857142857, 0.32142857142857145, 0.2857142857142857, 0.38461538461538464, 0.19230769230769232, 0.25, 0.32142857142857145, 0.25, 0.2692307692307692, 0.2692307692307692, 0.25, 0.32142857142857145, 0.35714285714285715, 0.34615384615384615, 0.38461538461538464]
 mean: 0.29926739926739926, std: 0.05321891784759064
F1 (Intime): [0.2772997835497836, 0.2685897435897436, 0.2549019607843137, 0.37512487512487513, 0.1659090909090909, 0.2505140692640693, 0.3325396825396825, 0.23690191387559809, 0.22077922077922077, 0.23754084967320263, 0.22738095238095238, 0.2850649350649351, 0.31498935846761933, 0.2793233082706767, 0.3341346153846154]
 mean: 0.2707329573105586, std: 0.051180434967972595
--------------------------------------------------
Subject Number: 25
Accuracy Cross: [0.3333333333333333, 0.391304347826087, 0.3188405797101449, 0.36231884057971014, 0.2898550724637681, 0.29411764705882354, 0.35294117647058826, 0.3235294117647059, 0.2647058823529412, 0.38235294117647056, 0.3382352941176471, 0.3235294117647059, 0.22058823529411764, 0.3088235294117647, 0.22058823529411764]
 mean: 0.3150042625745951, std: 0.049353668540257994
F1 Score: [0.3301292138231556, 0.37260086173129653, 0.30473922902494327, 0.3393977535632514, 0.28037956005539033, 0.2817253534995471, 0.3185015397536394, 0.30878083157152925, 0.23572080654123997, 0.3516607601973455, 0.3530952380952381, 0.2956991838570786, 0.2074922360248447, 0.27934024673699265, 0.20778295778295777]
 mean: 0.29780305148389663, std: 0.04895302400590863
Accuracy Intime: [0.39285714285714285, 0.35714285714285715, 0.25, 0.4230769230769231, 0.3076923076923077, 0.42857142857142855, 0.32142857142857145, 0.25, 0.6153846153846154, 0.38461538461538464, 0.25, 0.39285714285714285, 0.32142857142857145, 0.34615384615384615, 0.4230769230769231]
 mean: 0.36428571428571427, std: 0.09039978384583487
F1 (Intime): [0.3815359477124183, 0.37289915966386555, 0.24365079365079365, 0.3716346153846154, 0.3108076563958917, 0.4361111111111111, 0.3076388888888889, 0.22916666666666669, 0.598051948051948, 0.36615896358543415, 0.26778309409888357, 0.3134920634920635, 0.2562937062937063, 0.369047619047619, 0.4026785714285714]
 mean: 0.34846338703149843, std: 0.08959540344124398
--------------------------------------------------
Subject Number: 26
Accuracy Cross: [0.3188405797101449, 0.4057971014492754, 0.3333333333333333, 0.463768115942029, 0.34782608695652173, 0.3382352941176471, 0.39705882352941174, 0.3088235294117647, 0.36764705882352944, 0.25, 0.29411764705882354, 0.39705882352941174, 0.38235294117647056, 0.4264705882352941, 0.4264705882352941]
 mean: 0.3638533674339301, std: 0.05589908968342137
F1 Score: [0.2863736263736264, 0.40227113661814107, 0.32532051282051283, 0.4693834900731453, 0.341915606367939, 0.3512261399787911, 0.409593205397214, 0.2956434729064039, 0.3588068868791411, 0.24344337340791988, 0.26057183051969546, 0.3938879747703277, 0.380929866036249, 0.4335239697224559, 0.4575537606025411]
 mean: 0.3606963234982736, std: 0.06700990185488288
Accuracy Intime: [0.2857142857142857, 0.2857142857142857, 0.32142857142857145, 0.6153846153846154, 0.2692307692307692, 0.4642857142857143, 0.5357142857142857, 0.4642857142857143, 0.5, 0.38461538461538464, 0.25, 0.39285714285714285, 0.32142857142857145, 0.5384615384615384, 0.38461538461538464]
 mean: 0.400915750915751, std: 0.1097960525432233
F1 (Intime): [0.2787878787878788, 0.2840755735492578, 0.30512820512820515, 0.6520202020202019, 0.18561872909698995, 0.4611111111111111, 0.5539682539682539, 0.45841001104159, 0.4900793650793651, 0.35791047188106007, 0.2556618819776714, 0.4035714285714286, 0.30450513538748836, 0.5563725490196079, 0.4]
 mean: 0.39648138644134073, std: 0.12690561898265956
--------------------------------------------------
Subject Number: 27
Accuracy Cross: [0.30434782608695654, 0.34782608695652173, 0.3333333333333333, 0.3333333333333333, 0.42028985507246375, 0.34782608695652173, 0.30434782608695654, 0.36231884057971014, 0.34782608695652173, 0.2898550724637681, 0.36764705882352944, 0.3382352941176471, 0.36764705882352944, 0.36764705882352944, 0.38235294117647056]
 mean: 0.3476555839727195, std: 0.03212967262823258
F1 Score: [0.2659965034965035, 0.29814606074988137, 0.282085346215781, 0.30893939393939396, 0.39767080745341615, 0.3268518518518519, 0.2974185737717722, 0.3483187134502924, 0.3161231884057971, 0.23441655868512584, 0.30674048174048174, 0.3292513280856179, 0.30833180512256253, 0.3647658430287014, 0.3533101412608054]
 mean: 0.3158911064838656, std: 0.039109084798408765
Accuracy Intime: [0.4642857142857143, 0.4642857142857143, 0.25, 0.3076923076923077, 0.34615384615384615, 0.42857142857142855, 0.2857142857142857, 0.35714285714285715, 0.34615384615384615, 0.34615384615384615, 0.42857142857142855, 0.39285714285714285, 0.39285714285714285, 0.5, 0.46153846153846156]
 mean: 0.3847985347985349, std: 0.07068126021295244
F1 (Intime): [0.46517453135100195, 0.4511904761904762, 0.1607142857142857, 0.19696969696969696, 0.2916666666666667, 0.4051470588235294, 0.27039473684210524, 0.3692028645589017, 0.31825951825951826, 0.33749999999999997, 0.4013888888888889, 0.39200273410799724, 0.3637218045112781, 0.4625, 0.3888888888888889]
 mean: 0.35164814345154904, std: 0.08785846873487338
--------------------------------------------------
Subject Number: 28
Accuracy Cross: [0.17647058823529413, 0.25, 0.19117647058823528, 0.27941176470588236, 0.14705882352941177, 0.29411764705882354, 0.27941176470588236, 0.2647058823529412, 0.2647058823529412, 0.27941176470588236, 0.2647058823529412, 0.3382352941176471, 0.19117647058823528, 0.4117647058823529, 0.35294117647058826]
 mean: 0.2656862745098039, std: 0.06781026065015915
F1 Score: [0.183722572746963, 0.20433673469387753, 0.17036167158938592, 0.28971416180718507, 0.11887458471760798, 0.2926373626373626, 0.24082399917750133, 0.24113139113139112, 0.20777979066022545, 0.24203296703296703, 0.24000892060660123, 0.2937341691995947, 0.18180275715800637, 0.41379066315127694, 0.334043147584351]
 mean: 0.24365299292628645, std: 0.07088381430508715
Accuracy Intime: [0.25, 0.35714285714285715, 0.2857142857142857, 0.46153846153846156, 0.38461538461538464, 0.42857142857142855, 0.07142857142857142, 0.32142857142857145, 0.4230769230769231, 0.3076923076923077, 0.14285714285714285, 0.2857142857142857, 0.35714285714285715, 0.19230769230769232, 0.4230769230769231]
 mean: 0.3128205128205128, std: 0.10835403831753802
F1 (Intime): [0.24604978354978352, 0.30098039215686273, 0.2361111111111111, 0.36764705882352944, 0.39316239316239315, 0.4186274509803921, 0.0875, 0.327991452991453, 0.4037581699346405, 0.2791666666666667, 0.11204481792717087, 0.23823529411764705, 0.28750000000000003, 0.15209790209790208, 0.4235888294711824]
 mean: 0.28496408819938235, std: 0.10472729393577287
--------------------------------------------------
Subject Number: 29
Accuracy Cross: [0.36764705882352944, 0.3382352941176471, 0.4117647058823529, 0.4852941176470588, 0.39705882352941174, 0.4411764705882353, 0.45588235294117646, 0.38235294117647056, 0.4117647058823529, 0.4117647058823529, 0.4927536231884058, 0.37681159420289856, 0.34782608695652173, 0.463768115942029, 0.34782608695652173]
 mean: 0.40879511224779763, std: 0.048429705223299646
F1 Score: [0.37424281126842796, 0.3443482443482443, 0.41258594346829647, 0.5101190476190476, 0.4250291375291375, 0.47319923925080654, 0.46178193499622067, 0.390625, 0.43536993738606644, 0.42159468438538206, 0.48958604798982996, 0.40124183006535946, 0.344155683644004, 0.4605771072796935, 0.36185195852534563]
 mean: 0.42042057385039083, std: 0.05011164860473674
Accuracy Intime: [0.35714285714285715, 0.42857142857142855, 0.5357142857142857, 0.5769230769230769, 0.46153846153846156, 0.5, 0.42857142857142855, 0.42857142857142855, 0.46153846153846156, 0.34615384615384615, 0.32142857142857145, 0.5, 0.35714285714285715, 0.38461538461538464, 0.46153846153846156]
 mean: 0.43663003663003663, std: 0.07136138476308022
F1 (Intime): [0.3261904761904762, 0.3968253968253968, 0.5158119658119658, 0.6286360698125404, 0.4601398601398602, 0.5093240093240093, 0.44866244866244864, 0.4299181210945916, 0.4583333333333333, 0.34523809523809523, 0.3176282051282051, 0.5126978284873022, 0.3142857142857143, 0.426984126984127, 0.45512820512820507]
 mean: 0.4363869237630847, std: 0.08450565745363835
--------------------------------------------------
**************************************************
accuracy_cross_list: [0.31790281329923276, 0.24948849104859339, 0.25515771526001707, 0.34975845410628015, 0.3705882352941178, 0.28840579710144926, 0.35980392156862734, 0.2558823529411765, 0.31372549019607837, 0.24019607843137256, 0.2898550724637682, 0.32794828076158, 0.28195510088093206, 0.27941176470588236, 0.3637254901960784, 0.30196078431372547, 0.3476555839727195, 0.2778061949417448, 0.30882352941176466, 0.3375816993464052, 0.31960784313725493, 0.28797953964194367, 0.32628587666950837, 0.23431372549019608, 0.3150042625745951, 0.3638533674339301, 0.3476555839727195, 0.2656862745098039, 0.40879511224779763]
f1_score_list: [0.31018484369927807, 0.2413173064580848, 0.24521291751627053, 0.3371290468248664, 0.36009936540983617, 0.2744167842593675, 0.3457162419224194, 0.24312335682999955, 0.31658879128499334, 0.23332908788539836, 0.2707624672872491, 0.3124065118955721, 0.273713303135384, 0.2638742950037851, 0.37101347814961094, 0.28316431452891705, 0.3158911064838656, 0.2739738220837008, 0.28607254685894734, 0.33043183063747095, 0.30189011319700704, 0.27933284278335563, 0.3152532365471817, 0.22792529991321206, 0.29780305148389663, 0.3606963234982736, 0.3158911064838656, 0.24365299292628645, 0.42042057385039083]
accuracy_intime_list: [0.3846153846153845, 0.358974358974359, 0.33003663003663003, 0.39285714285714285, 0.4591575091575092, 0.339010989010989, 0.4058608058608059, 0.2987179487179487, 0.3723443223443223, 0.3119047619047619, 0.36556776556776555, 0.3694139194139193, 0.33717948717948715, 0.3536630036630036, 0.4287545787545788, 0.402014652014652, 0.3847985347985349, 0.35402930402930394, 0.3677655677655677, 0.4045787545787546, 0.3912087912087912, 0.3153846153846154, 0.36758241758241755, 0.29926739926739926, 0.36428571428571427, 0.400915750915751, 0.3847985347985349, 0.3128205128205128, 0.43663003663003663]
f1_score_intime_list: [0.37044263900301044, 0.34014523273424196, 0.3063571544840895, 0.383752896078411, 0.4274858327373808, 0.30466022084459954, 0.37542588689260514, 0.29013324265410684, 0.36644235697422534, 0.28926599137714365, 0.3433505069921479, 0.340728060963613, 0.31087514374743475, 0.32517430386103824, 0.4260260325043606, 0.3821521576405477, 0.35164814345154904, 0.3301587551259109, 0.33816949304565397, 0.3860784803431862, 0.36636199241075396, 0.3030499180615279, 0.3675189438981672, 0.2707329573105586, 0.34846338703149843, 0.39648138644134073, 0.35164814345154904, 0.28496408819938235, 0.4363869237630847]
**************************************************
ACC: 30.99±4.32
F1: 29.83±4.55
Intime: 36.88±3.98
F1 (Intime): 34.88±4.30
