1e-03
Subject Number: 1
Accuracy Cross: [0.7261904761904762, 0.7261904761904762, 0.7261904761904762, 0.7261904761904762, 0.6904761904761905, 0.8095238095238095, 0.8452380952380952, 0.8095238095238095, 0.7857142857142857, 0.7857142857142857, 0.6785714285714286, 0.8928571428571429, 0.7857142857142857, 0.7261904761904762, 0.8214285714285714]
 mean: 0.769047619047619, std: 0.05861206488138654
F1 Score: [0.7114264376400299, 0.7039987743220468, 0.7079365079365079, 0.7114264376400299, 0.6576802507836991, 0.8055555555555556, 0.8452161587526577, 0.8067855089131685, 0.7837528604118993, 0.7846153846153847, 0.6473332296687918, 0.8921078921078921, 0.7754010695187166, 0.7079365079365079, 0.8183129055515501]
 mean: 0.7572990320902959, std: 0.06836959470471043
Accuracy Intime: [0.9117647058823529, 0.9411764705882353, 0.9411764705882353, 0.9411764705882353, 0.9375, 0.6764705882352942, 0.7647058823529411, 0.8529411764705882, 0.8235294117647058, 0.90625, 0.8823529411764706, 0.7941176470588235, 0.8529411764705882, 0.8529411764705882, 0.9375]
 mean: 0.8677696078431373, std: 0.07517900431204347
F1 (Intime): [0.9098143236074271, 0.9411764705882353, 0.9409722222222222, 0.9403508771929825, 0.9375, 0.6739319965126417, 0.7614035087719297, 0.8464317976513098, 0.8229166666666667, 0.9054187192118226, 0.880701754385965, 0.7895667550839964, 0.8528138528138528, 0.8464317976513098, 0.9372549019607843]
 mean: 0.8657790429547431, std: 0.07622217590762383
--------------------------------------------------
Subject Number: 2
Accuracy Cross: [0.8809523809523809, 0.8690476190476191, 0.8571428571428571, 0.75, 0.5952380952380952, 0.8809523809523809, 0.8214285714285714, 0.8095238095238095, 0.8809523809523809, 0.8214285714285714, 0.8333333333333334, 0.8333333333333334, 0.8809523809523809, 0.8333333333333334, 0.8452380952380952]
 mean: 0.8261904761904763, std: 0.07060370275010863
F1 Score: [0.8806818181818181, 0.869029057406095, 0.8558352402745995, 0.7333333333333334, 0.5159322033898305, 0.8806818181818181, 0.8170466095542326, 0.8055555555555556, 0.879862700228833, 0.8201798201798203, 0.8333333333333334, 0.8324786324786324, 0.8809523809523809, 0.8329545454545455, 0.8450404427415921]
 mean: 0.8188598327497616, std: 0.08931065105297471
Accuracy Intime: [0.9705882352941176, 0.9117647058823529, 0.9117647058823529, 0.9411764705882353, 0.875, 0.8823529411764706, 0.9411764705882353, 0.9117647058823529, 1.0, 0.8125, 0.9117647058823529, 0.8823529411764706, 0.8529411764705882, 0.9705882352941176, 0.84375]
 mean: 0.9079656862745099, std: 0.04982699066231202
F1 (Intime): [0.970357454228422, 0.9116883116883117, 0.9116883116883117, 0.9403508771929825, 0.875, 0.8823529411764706, 0.9411764705882353, 0.9116883116883117, 1.0, 0.8117647058823529, 0.9098143236074271, 0.880701754385965, 0.85178727114211, 0.970357454228422, 0.8435972629521017]
 mean: 0.9074883633632951, std: 0.049992745386394324
--------------------------------------------------
Subject Number: 3
Accuracy Cross: [0.5833333333333334, 0.5714285714285714, 0.5952380952380952, 0.5833333333333334, 0.5238095238095238, 0.7380952380952381, 0.6547619047619048, 0.6785714285714286, 0.7142857142857143, 0.7142857142857143, 0.5476190476190477, 0.6547619047619048, 0.7023809523809523, 0.7261904761904762, 0.7142857142857143]
 mean: 0.6468253968253969, std: 0.07018314593471156
F1 Score: [0.5072900955253896, 0.475, 0.5360623781676412, 0.5072900955253896, 0.3841642228739003, 0.7375, 0.650752688172043, 0.6774285307922059, 0.7116704805491991, 0.703529411764706, 0.43121881682109764, 0.6149834044570887, 0.6734566941377702, 0.7079365079365079, 0.6932440657334145]
 mean: 0.6007684928304237, std: 0.11213016720221934
Accuracy Intime: [0.8529411764705882, 0.8823529411764706, 0.7352941176470589, 0.9117647058823529, 0.75, 0.6764705882352942, 0.6470588235294118, 0.7352941176470589, 0.7941176470588235, 0.84375, 0.7647058823529411, 0.7352941176470589, 0.7941176470588235, 0.7352941176470589, 0.78125]
 mean: 0.7759803921568628, std: 0.07066372427281604
F1 (Intime): [0.8528138528138528, 0.8823529411764706, 0.7332170880557978, 0.9110723626852659, 0.7490196078431373, 0.6210739614994933, 0.6136363636363636, 0.7332170880557978, 0.7895667550839964, 0.8398398398398399, 0.7571428571428571, 0.7043478260869566, 0.7850045167118338, 0.7332170880557978, 0.7757757757757757]
 mean: 0.7654198616308824, std: 0.08172727444447109
--------------------------------------------------
Subject Number: 4
Accuracy Cross: [0.6666666666666666, 0.75, 0.7261904761904762, 0.6904761904761905, 0.8452380952380952, 0.8095238095238095, 0.8452380952380952, 0.7380952380952381, 0.7976190476190477, 0.8095238095238095, 0.7857142857142857, 0.8809523809523809, 0.7142857142857143, 0.7619047619047619, 0.8928571428571429]
 mean: 0.7809523809523807, std: 0.06560953233473138
F1 Score: [0.6506238859180036, 0.7456380677721701, 0.7079365079365079, 0.6897727272727273, 0.8446878111221732, 0.8090909090909091, 0.8452161587526577, 0.7367521367521368, 0.7973605789697744, 0.8077803203661327, 0.7855927396483267, 0.8809523809523809, 0.7101782633697526, 0.7606837606837606, 0.8928419560595322]
 mean: 0.7776738803111299, std: 0.06909099423813397
Accuracy Intime: [1.0, 0.9117647058823529, 0.8235294117647058, 0.9117647058823529, 0.90625, 0.9117647058823529, 0.9705882352941176, 0.7647058823529411, 0.8529411764705882, 0.96875, 0.8529411764705882, 0.8529411764705882, 0.7941176470588235, 0.8823529411764706, 0.84375]
 mean: 0.8832107843137256, std: 0.06398842813372581
F1 (Intime): [1.0, 0.9098143236074271, 0.8178571428571428, 0.9116883116883117, 0.9054187192118226, 0.9116883116883117, 0.9705627705627706, 0.7571428571428571, 0.8464317976513098, 0.9687194525904204, 0.8528138528138528, 0.8528138528138528, 0.7925021795989537, 0.8819444444444444, 0.8435972629521017]
 mean: 0.8815330186415719, std: 0.06558771542326648
--------------------------------------------------
Subject Number: 5
Accuracy Cross: [0.75, 0.8690476190476191, 0.7023809523809523, 0.8095238095238095, 0.8571428571428571, 0.7976190476190477, 0.8452380952380952, 0.8333333333333334, 0.8452380952380952, 0.8571428571428571, 0.8571428571428571, 0.9166666666666666, 0.75, 0.8571428571428571, 0.7738095238095238]
 mean: 0.8214285714285714, std: 0.05481364015819684
F1 Score: [0.7333333333333334, 0.86676279740447, 0.6782595373065727, 0.8067855089131685, 0.8568181818181818, 0.7926528241614637, 0.8446878111221732, 0.8332387975042541, 0.8446878111221732, 0.8564102564102565, 0.8570618264322178, 0.9165602383993188, 0.7417654808959157, 0.8550891316848763, 0.7641495492832866]
 mean: 0.8165508723861109, std: 0.06097891349380761
Accuracy Intime: [0.9705882352941176, 0.9411764705882353, 0.8529411764705882, 0.7941176470588235, 0.90625, 0.7941176470588235, 0.8529411764705882, 0.8823529411764706, 0.8823529411764706, 0.71875, 0.8823529411764706, 0.9117647058823529, 0.8529411764705882, 0.8823529411764706, 0.90625]
 mean: 0.8687500000000001, std: 0.06077788944545591
F1 (Intime): [0.970357454228422, 0.9411764705882353, 0.8528138528138528, 0.7895667550839964, 0.906158357771261, 0.7925021795989537, 0.85178727114211, 0.8823529411764706, 0.8819444444444444, 0.7117117117117118, 0.8819444444444444, 0.9110723626852659, 0.8464317976513098, 0.880701754385965, 0.9054187192118226]
 mean: 0.8670627011292178, std: 0.062462113840217326
--------------------------------------------------
Subject Number: 6
Accuracy Cross: [0.5238095238095238, 0.6428571428571429, 0.4880952380952381, 0.6785714285714286, 0.5238095238095238, 0.7142857142857143, 0.6428571428571429, 0.5833333333333334, 0.5952380952380952, 0.7380952380952381, 0.5952380952380952, 0.7380952380952381, 0.7738095238095238, 0.6190476190476191, 0.7142857142857143]
 mean: 0.6380952380952379, std: 0.08460481251578686
F1 Score: [0.44297082228116713, 0.6395881006864989, 0.4821505376344086, 0.6785258681785967, 0.4887401095556908, 0.703529411764706, 0.641025641025641, 0.578494623655914, 0.5800000000000001, 0.7375, 0.583673469387755, 0.7380952380952381, 0.7711827956989248, 0.6081632653061224, 0.7116704805491991]
 mean: 0.6256873575879908, std: 0.09733408270413475
Accuracy Intime: [0.7647058823529411, 0.8529411764705882, 0.7352941176470589, 0.7647058823529411, 0.75, 0.8529411764705882, 0.7058823529411765, 0.7058823529411765, 0.7352941176470589, 0.71875, 0.6470588235294118, 0.6764705882352942, 0.6764705882352942, 0.7058823529411765, 0.78125]
 mean: 0.738235294117647, std: 0.05726252928983289
F1 (Intime): [0.7647058823529411, 0.8496905393457117, 0.7350649350649351, 0.7614035087719297, 0.75, 0.85178727114211, 0.6964285714285714, 0.6964285714285714, 0.7350649350649351, 0.7117117117117118, 0.6136363636363636, 0.6386473429951691, 0.6210739614994933, 0.7048611111111112, 0.7810361681329423]
 mean: 0.7274360582457665, std: 0.06893341058117208
--------------------------------------------------
Subject Number: 7
Accuracy Cross: [0.5952380952380952, 0.6428571428571429, 0.7023809523809523, 0.5952380952380952, 0.5714285714285714, 0.6309523809523809, 0.6547619047619048, 0.6309523809523809, 0.5952380952380952, 0.75, 0.4642857142857143, 0.5952380952380952, 0.5833333333333334, 0.5714285714285714, 0.5595238095238095]
 mean: 0.6095238095238095, std: 0.06347221912105462
F1 Score: [0.5265251989389921, 0.6395881006864989, 0.6989247311827957, 0.5265251989389921, 0.5508021390374331, 0.6304810557684121, 0.6433904259991217, 0.6245133381398702, 0.5894192064404831, 0.7499645641389086, 0.43539955190440627, 0.5709134615384616, 0.5608663181478716, 0.475, 0.5594613749114103]
 mean: 0.5854516443849105, std: 0.07922509424509093
Accuracy Intime: [0.7941176470588235, 0.7058823529411765, 0.7058823529411765, 0.8529411764705882, 0.75, 0.5882352941176471, 0.7058823529411765, 0.6470588235294118, 0.5588235294117647, 0.71875, 0.7352941176470589, 0.6176470588235294, 0.6470588235294118, 0.7058823529411765, 0.75]
 mean: 0.6988970588235294, std: 0.0747334025657484
F1 (Intime): [0.7895667550839964, 0.6964285714285714, 0.6964285714285714, 0.85178727114211, 0.7490196078431373, 0.5868055555555556, 0.6964285714285714, 0.6357142857142857, 0.5490716180371353, 0.7046153846153846, 0.7235772357723578, 0.6146469049694856, 0.6263736263736264, 0.7017543859649122, 0.746031746031746]
 mean: 0.6912166727592965, std: 0.07636568027177267
--------------------------------------------------
Subject Number: 8
Accuracy Cross: [0.7976190476190477, 0.7738095238095238, 0.8571428571428571, 0.8214285714285714, 0.8571428571428571, 0.8095238095238095, 0.8571428571428571, 0.8214285714285714, 0.9285714285714286, 0.8690476190476191, 0.8095238095238095, 0.8571428571428571, 0.9047619047619048, 0.8690476190476191, 0.7261904761904762]
 mean: 0.8373015873015873, std: 0.04930864941907641
F1 Score: [0.7973605789697744, 0.7737774627923459, 0.8558352402745995, 0.8212005108556832, 0.8568181818181818, 0.8077803203661327, 0.8558352402745995, 0.8207936282178923, 0.9285309132161089, 0.8681318681318682, 0.8055555555555556, 0.8564102564102565, 0.9045454545454545, 0.8685819940264543, 0.71449682281661]
 mean: 0.8357102685514345, std: 0.05118022165592452
Accuracy Intime: [0.9705882352941176, 0.8823529411764706, 0.9705882352941176, 1.0, 0.96875, 0.9117647058823529, 0.8823529411764706, 0.8823529411764706, 0.7647058823529411, 0.96875, 0.9411764705882353, 0.9705882352941176, 0.9117647058823529, 0.9411764705882353, 1.0]
 mean: 0.9311274509803923, std: 0.05931499147895418
F1 (Intime): [0.970357454228422, 0.8823529411764706, 0.9705627705627706, 1.0, 0.9687194525904204, 0.9116883116883117, 0.8819444444444444, 0.8819444444444444, 0.7614035087719297, 0.9687194525904204, 0.9411764705882353, 0.9705627705627706, 0.9110723626852659, 0.9411764705882353, 1.0]
 mean: 0.9307787236614761, std: 0.059980990857749994
--------------------------------------------------
Subject Number: 9
Accuracy Cross: [0.7857142857142857, 0.6904761904761905, 0.6785714285714286, 0.6428571428571429, 0.7142857142857143, 0.8809523809523809, 0.7857142857142857, 0.7142857142857143, 0.7619047619047619, 0.7857142857142857, 0.6071428571428571, 0.6428571428571429, 0.6904761904761905, 0.7261904761904762, 0.7738095238095238]
 mean: 0.7253968253968253, std: 0.06893349444637607
F1 Score: [0.78125, 0.6755793226381461, 0.6525203002910984, 0.6111111111111112, 0.6932440657334145, 0.8792409430707303, 0.7846153846153847, 0.7005347593582887, 0.7529411764705882, 0.7795918367346939, 0.5452009844134537, 0.5906432748538011, 0.662962962962963, 0.7079365079365079, 0.7663592446201142]
 mean: 0.7055821249873531, std: 0.0845050811355319
Accuracy Intime: [0.9117647058823529, 0.8529411764705882, 0.9117647058823529, 0.7941176470588235, 0.8125, 0.8529411764705882, 0.8235294117647058, 0.8529411764705882, 0.9411764705882353, 0.90625, 0.9117647058823529, 1.0, 0.9411764705882353, 1.0, 0.96875]
 mean: 0.8987745098039216, std: 0.06319704535589243
F1 (Intime): [0.9116883116883117, 0.8496905393457117, 0.9116883116883117, 0.7925021795989537, 0.8095238095238095, 0.8528138528138528, 0.8210526315789474, 0.8528138528138528, 0.9403508771929825, 0.9054187192118226, 0.9116883116883117, 1.0, 0.9403508771929825, 1.0, 0.9687194525904204]
 mean: 0.8978867817952182, std: 0.06393199147213845
--------------------------------------------------
Subject Number: 10
Accuracy Cross: [0.6547619047619048, 0.7380952380952381, 0.7023809523809523, 0.6309523809523809, 0.6428571428571429, 0.6666666666666666, 0.6190476190476191, 0.6428571428571429, 0.6071428571428571, 0.5833333333333334, 0.5476190476190477, 0.7380952380952381, 0.7142857142857143, 0.75, 0.5595238095238095]
 mean: 0.6531746031746032, std: 0.062673292134602
F1 Score: [0.6523476523476524, 0.7380952380952381, 0.7020008514261388, 0.6304810557684121, 0.641025641025641, 0.6506238859180036, 0.6155606407322655, 0.6050156739811913, 0.6043956043956044, 0.5555555555555556, 0.5143031040779062, 0.7375, 0.7142857142857143, 0.7456380677721701, 0.5487149702337738]
 mean: 0.6437029103743511, std: 0.07031098036151251
Accuracy Intime: [0.8529411764705882, 0.8823529411764706, 0.6470588235294118, 0.7352941176470589, 0.59375, 0.8823529411764706, 0.8529411764705882, 0.7058823529411765, 0.7058823529411765, 0.71875, 0.7352941176470589, 0.5882352941176471, 0.6764705882352942, 0.7058823529411765, 0.53125]
 mean: 0.7209558823529411, std: 0.10496350357096307
F1 (Intime): [0.8528138528138528, 0.8819444444444444, 0.6357142857142857, 0.7332170880557978, 0.5733333333333333, 0.880701754385965, 0.8528138528138528, 0.7058823529411765, 0.6964285714285714, 0.716256157635468, 0.7043478260869566, 0.5882352941176471, 0.6739319965126417, 0.6964285714285714, 0.530791788856305]
 mean: 0.7148560780379245, std: 0.10726184978475982
--------------------------------------------------
Subject Number: 11
Accuracy Cross: [0.7261904761904762, 0.7261904761904762, 0.75, 0.6190476190476191, 0.7142857142857143, 0.7976190476190477, 0.8214285714285714, 0.8214285714285714, 0.75, 0.7976190476190477, 0.7857142857142857, 0.7619047619047619, 0.75, 0.7976190476190477, 0.75]
 mean: 0.757936507936508, std: 0.04969039949999532
F1 Score: [0.7242757242757243, 0.725216896600768, 0.7333333333333334, 0.6135710178263369, 0.7005347593582887, 0.7975903614457831, 0.8183129055515501, 0.8214032600992204, 0.7491110795050491, 0.7973605789697744, 0.78125, 0.7606837606837606, 0.7491110795050491, 0.7975903614457831, 0.7499645641389086]
 mean: 0.7546206455159553, std: 0.051590189640926355
Accuracy Intime: [0.8823529411764706, 0.8529411764705882, 0.9705882352941176, 0.8235294117647058, 0.71875, 0.7647058823529411, 0.7647058823529411, 0.7647058823529411, 0.7647058823529411, 0.78125, 0.7058823529411765, 0.8823529411764706, 0.7647058823529411, 0.7352941176470589, 0.78125]
 mean: 0.7971813725490196, std: 0.06951241387284601
F1 (Intime): [0.8819444444444444, 0.8464317976513098, 0.970357454228422, 0.8229166666666667, 0.716256157635468, 0.7638888888888888, 0.7424242424242424, 0.7647058823529411, 0.7571428571428571, 0.7702564102564102, 0.7048611111111112, 0.8819444444444444, 0.7614035087719297, 0.7332170880557978, 0.7793103448275862]
 mean: 0.7931374199268345, std: 0.07092452556788596
--------------------------------------------------
Subject Number: 12
Accuracy Cross: [0.8809523809523809, 0.8452380952380952, 0.9047619047619048, 0.8214285714285714, 0.8333333333333334, 0.7261904761904762, 0.7142857142857143, 0.7142857142857143, 0.6904761904761905, 0.7380952380952381, 0.75, 0.7857142857142857, 0.7976190476190477, 0.7261904761904762, 0.8452380952380952]
 mean: 0.784920634920635, std: 0.06527265141254632
F1 Score: [0.8808848553601816, 0.8446878111221732, 0.9042735042735043, 0.8207936282178923, 0.8332387975042541, 0.7171717171717171, 0.7142857142857143, 0.7005347593582887, 0.6676810712111991, 0.7306122448979592, 0.7417654808959157, 0.7837528604118993, 0.79408795962509, 0.7079365079365079, 0.8446878111221732]
 mean: 0.7790929815596311, std: 0.07070105615096131
Accuracy Intime: [0.9117647058823529, 0.8529411764705882, 0.7058823529411765, 0.7058823529411765, 0.90625, 0.9117647058823529, 0.9411764705882353, 1.0, 0.8529411764705882, 0.90625, 0.8823529411764706, 0.9117647058823529, 0.8529411764705882, 0.7941176470588235, 0.9375]
 mean: 0.8715686274509805, std: 0.07958197837575509
F1 (Intime): [0.9116883116883117, 0.8496905393457117, 0.6886446886446886, 0.6886446886446886, 0.906158357771261, 0.9110723626852659, 0.9409722222222222, 1.0, 0.85178727114211, 0.906158357771261, 0.8823529411764706, 0.9098143236074271, 0.8464317976513098, 0.793939393939394, 0.9375]
 mean: 0.8683236837526749, std: 0.08449575564903064
--------------------------------------------------
Subject Number: 13
Accuracy Cross: [0.6666666666666666, 0.7261904761904762, 0.6428571428571429, 0.6785714285714286, 0.75, 0.6904761904761905, 0.7142857142857143, 0.7380952380952381, 0.75, 0.7738095238095238, 0.7619047619047619, 0.7380952380952381, 0.8452380952380952, 0.7380952380952381, 0.8333333333333334]
 mean: 0.7365079365079367, std: 0.0537460411217048
F1 Score: [0.6541176470588235, 0.7214131218457102, 0.616555082166768, 0.6648440963499335, 0.7482517482517483, 0.6876430205949657, 0.7061224489795919, 0.7379466817923993, 0.7417654808959157, 0.7663592446201142, 0.761769710720363, 0.7356979405034325, 0.8446878111221732, 0.7223557692307692, 0.8285714285714285]
 mean: 0.7292067488469424, std: 0.058382790100539025
Accuracy Intime: [0.9411764705882353, 0.7941176470588235, 0.7647058823529411, 0.9117647058823529, 0.84375, 0.9117647058823529, 0.9705882352941176, 0.9411764705882353, 0.7058823529411765, 0.875, 0.9117647058823529, 0.6764705882352942, 0.7647058823529411, 0.7352941176470589, 0.6875]
 mean: 0.8290441176470587, std: 0.09825420667422378
F1 (Intime): [0.9403508771929825, 0.7925021795989537, 0.7638888888888888, 0.9110723626852659, 0.8435972629521017, 0.9110723626852659, 0.970357454228422, 0.9409722222222222, 0.678030303030303, 0.873015873015873, 0.9116883116883117, 0.6621499548328816, 0.7647058823529411, 0.7350649350649351, 0.6825396825396826]
 mean: 0.8254005701986021, std: 0.10256524966037278
--------------------------------------------------
Subject Number: 14
Accuracy Cross: [0.8333333333333334, 0.8214285714285714, 0.8571428571428571, 0.7738095238095238, 0.8214285714285714, 0.8095238095238095, 0.8928571428571429, 0.9166666666666666, 0.9285714285714286, 0.9404761904761905, 0.8928571428571429, 0.8452380952380952, 0.75, 0.7738095238095238, 0.7857142857142857]
 mean: 0.8428571428571429, std: 0.058353576014767615
F1 Score: [0.8324786324786324, 0.8183129055515501, 0.8570618264322178, 0.7698630136986302, 0.8212005108556832, 0.8040816326530613, 0.8924761769307352, 0.9163703598350164, 0.9285309132161089, 0.9404001702852277, 0.89272030651341, 0.8441558441558441, 0.7365197908887229, 0.7641495492832866, 0.7776470588235294]
 mean: 0.8397312461067771, std: 0.061660253896152595
Accuracy Intime: [0.9411764705882353, 0.8235294117647058, 0.9117647058823529, 0.8823529411764706, 0.84375, 0.9411764705882353, 0.7352941176470589, 0.9117647058823529, 1.0, 0.9375, 0.8823529411764706, 0.9705882352941176, 1.0, 0.9705882352941176, 1.0]
 mean: 0.9167892156862745, std: 0.07191382804423217
F1 (Intime): [0.9409722222222222, 0.8229166666666667, 0.9098143236074271, 0.8819444444444444, 0.8435972629521017, 0.9409722222222222, 0.7153488372093023, 0.9110723626852659, 1.0, 0.9372549019607843, 0.880701754385965, 0.9705627705627706, 1.0, 0.9705627705627706, 1.0]
 mean: 0.9150480359654628, std: 0.07547336685578387
--------------------------------------------------
**************************************************
accuracy_cross_list: [0.769047619047619, 0.8261904761904763, 0.6468253968253969, 0.7809523809523807, 0.8214285714285714, 0.6380952380952379, 0.6095238095238095, 0.8373015873015873, 0.7253968253968253, 0.6531746031746032, 0.757936507936508, 0.784920634920635, 0.7365079365079367, 0.8428571428571429]
f1_score_list: [0.7572990320902959, 0.8188598327497616, 0.6007684928304237, 0.7776738803111299, 0.8165508723861109, 0.6256873575879908, 0.5854516443849105, 0.8357102685514345, 0.7055821249873531, 0.6437029103743511, 0.7546206455159553, 0.7790929815596311, 0.7292067488469424, 0.8397312461067771]
accuracy_intime_list: [0.8677696078431373, 0.9079656862745099, 0.7759803921568628, 0.8832107843137256, 0.8687500000000001, 0.738235294117647, 0.6988970588235294, 0.9311274509803923, 0.8987745098039216, 0.7209558823529411, 0.7971813725490196, 0.8715686274509805, 0.8290441176470587, 0.9167892156862745]
f1_score_intime_list: [0.8657790429547431, 0.9074883633632951, 0.7654198616308824, 0.8815330186415719, 0.8670627011292178, 0.7274360582457665, 0.6912166727592965, 0.9307787236614761, 0.8978867817952182, 0.7148560780379245, 0.7931374199268345, 0.8683236837526749, 0.8254005701986021, 0.9150480359654628]
**************************************************
ACC: 74.50±7.68
F1: 73.36±8.49
Intime: 83.62±7.42
F1 (Intime): 83.22±7.71
