1e-03
Subject Number: 1
Accuracy Cross: [0.39705882352941174, 0.4852941176470588, 0.45588235294117646, 0.45588235294117646, 0.4264705882352941, 0.43478260869565216, 0.43478260869565216, 0.4782608695652174, 0.463768115942029, 0.43478260869565216, 0.5588235294117647, 0.5882352941176471, 0.6176470588235294, 0.4117647058823529, 0.5735294117647058]
 mean: 0.481131003125888, std: 0.06712956696556441
F1 Score: [0.42390689445913005, 0.48730436230436236, 0.48854425144747726, 0.44333687754740386, 0.4221775955522086, 0.4371069318501526, 0.4467462302828157, 0.43114973262032086, 0.43576056826056825, 0.3582951146560319, 0.4989807596023174, 0.6043233082706767, 0.6223118279569892, 0.4209164420485175, 0.5316061253561254]
 mean: 0.4701644681476732, std: 0.06871865213748707
Accuracy Intime: [0.6428571428571429, 0.8571428571428571, 0.5357142857142857, 0.4230769230769231, 0.5384615384615384, 0.6785714285714286, 0.8214285714285714, 0.5714285714285714, 0.6538461538461539, 0.6538461538461539, 0.5714285714285714, 0.6428571428571429, 0.6785714285714286, 0.5, 0.6153846153846154]
 mean: 0.6256410256410256, std: 0.10899575004753707
F1 (Intime): [0.6483828671328671, 0.8558441558441559, 0.5362633689839572, 0.42063492063492064, 0.4928306342780027, 0.5972288580984233, 0.8083333333333335, 0.5043991955756661, 0.6818573583279466, 0.658974358974359, 0.5501893939393939, 0.6617965367965368, 0.6472222222222221, 0.47781217750258, 0.5908653846153846]
 mean: 0.60884231775065, std: 0.11564760344974703
--------------------------------------------------
Subject Number: 2
Accuracy Cross: [0.2898550724637681, 0.2318840579710145, 0.3333333333333333, 0.36231884057971014, 0.2753623188405797, 0.3235294117647059, 0.23529411764705882, 0.5294117647058824, 0.5882352941176471, 0.4117647058823529, 0.2463768115942029, 0.37681159420289856, 0.463768115942029, 0.391304347826087, 0.5217391304347826]
 mean: 0.37206592782040354, std: 0.1090820369158632
F1 Score: [0.3236694471100613, 0.24483221181334391, 0.33242647058823527, 0.3768257619321449, 0.2921880750828119, 0.29538301981260284, 0.23677884615384615, 0.5132008995502249, 0.5567300916138126, 0.36848876637558325, 0.17886904761904762, 0.3860974375087278, 0.4738362332112332, 0.37219887955182074, 0.5163009648303766]
 mean: 0.3645217435169249, std: 0.10725353141535536
Accuracy Intime: [0.75, 0.7857142857142857, 0.6785714285714286, 0.6538461538461539, 0.6153846153846154, 0.7142857142857143, 0.6071428571428571, 0.5357142857142857, 0.5, 0.4230769230769231, 0.5714285714285714, 0.6785714285714286, 0.5357142857142857, 0.5384615384615384, 0.34615384615384615]
 mean: 0.5956043956043957, std: 0.1165914559672218
F1 (Intime): [0.7461538461538462, 0.7753267973856209, 0.6527777777777777, 0.6316239316239316, 0.5694444444444444, 0.7208333333333332, 0.5978632478632478, 0.5149122807017543, 0.4916666666666667, 0.3903318903318903, 0.5649460188933872, 0.6495623941276115, 0.4458874458874459, 0.5095022624434389, 0.27976190476190477]
 mean: 0.5693729494930868, std: 0.13126806556934623
--------------------------------------------------
Subject Number: 3
Accuracy Cross: [0.4117647058823529, 0.36764705882352944, 0.29411764705882354, 0.36764705882352944, 0.36764705882352944, 0.2898550724637681, 0.2608695652173913, 0.2753623188405797, 0.37681159420289856, 0.4782608695652174, 0.34782608695652173, 0.4057971014492754, 0.2753623188405797, 0.37681159420289856, 0.30434782608695654]
 mean: 0.3466751918158568, std: 0.05972163646288814
F1 Score: [0.39850961538461543, 0.3306346357777959, 0.3029971988795518, 0.3556080909022086, 0.37647428782833886, 0.2791877525119659, 0.25816542189734626, 0.2814985259838201, 0.3248789346246973, 0.4460057471264368, 0.35254450879450877, 0.39622100714348707, 0.27644110275689227, 0.37673160173160175, 0.30824410033712357]
 mean: 0.337609502112026, std: 0.05251502897073688
Accuracy Intime: [0.5, 0.4642857142857143, 0.6071428571428571, 0.5357142857142857, 0.5, 0.4642857142857143, 0.5357142857142857, 0.5357142857142857, 0.5384615384615384, 0.6153846153846154, 0.5714285714285714, 0.6071428571428571, 0.6428571428571429, 0.5, 0.5769230769230769]
 mean: 0.5463369963369963, std: 0.0537588687282298
F1 (Intime): [0.5111111111111111, 0.4443889443889444, 0.6011904761904762, 0.43994601889338725, 0.46612554112554105, 0.4714770523594053, 0.489766081871345, 0.5200742240215924, 0.488095238095238, 0.5732600732600732, 0.5352272727272727, 0.5694444444444444, 0.5725490196078431, 0.4954212454212454, 0.5651218062982768]
 mean: 0.5162132366544131, std: 0.04945380135182609
--------------------------------------------------
Subject Number: 4
Accuracy Cross: [0.6666666666666666, 0.6086956521739131, 0.5217391304347826, 0.5797101449275363, 0.5652173913043478, 0.5217391304347826, 0.5217391304347826, 0.6231884057971014, 0.5362318840579711, 0.463768115942029, 0.3333333333333333, 0.5072463768115942, 0.4492753623188406, 0.463768115942029, 0.5072463768115942]
 mean: 0.5246376811594203, std: 0.07835027993319146
F1 Score: [0.6655256119541834, 0.576001705029838, 0.4949370552818829, 0.5825110689437065, 0.5571786854276595, 0.4798971876503584, 0.5575814536340853, 0.6123659844054581, 0.44772727272727275, 0.47546868013361737, 0.23955938697318008, 0.4710403986313389, 0.4153034527538003, 0.45824094604582405, 0.4822681704260652]
 mean: 0.5010404706678847, std: 0.0968991429490513
Accuracy Intime: [0.7142857142857143, 0.75, 0.6428571428571429, 0.5357142857142857, 0.46153846153846156, 0.5714285714285714, 0.6071428571428571, 0.5714285714285714, 0.5, 0.5384615384615384, 0.75, 0.7857142857142857, 0.7142857142857143, 0.75, 0.5384615384615384]
 mean: 0.6287545787545787, std: 0.10331456214310657
F1 (Intime): [0.7246794871794872, 0.7682843472317156, 0.5910364145658263, 0.5513591671486409, 0.4275917065390749, 0.5573038073038074, 0.6100427350427351, 0.4871794871794871, 0.4861111111111111, 0.49642857142857144, 0.7489073426573427, 0.7577300150829562, 0.6662433155080214, 0.7705419580419581, 0.5357142857142857]
 mean: 0.6119435834490015, std: 0.11457262833661566
--------------------------------------------------
Subject Number: 5
Accuracy Cross: [0.5441176470588235, 0.38235294117647056, 0.5147058823529411, 0.45588235294117646, 0.39705882352941174, 0.5882352941176471, 0.6176470588235294, 0.6176470588235294, 0.5441176470588235, 0.5588235294117647, 0.4264705882352941, 0.5147058823529411, 0.4117647058823529, 0.4411764705882353, 0.45588235294117646]
 mean: 0.4980392156862745, std: 0.0766714305726163
F1 Score: [0.5085470085470085, 0.31916252416459545, 0.48320747217806037, 0.4449012579942371, 0.3398034398034398, 0.5394305307096005, 0.5877388010540184, 0.6275533641890025, 0.518085362912949, 0.549700201874115, 0.45441995151297476, 0.5013153852372868, 0.39193517291989277, 0.4431428439006303, 0.43700879765395895]
 mean: 0.4763968076434513, std: 0.08273540262779573
Accuracy Intime: [0.8571428571428571, 0.9285714285714286, 0.6785714285714286, 0.7307692307692307, 0.7307692307692307, 0.7857142857142857, 0.75, 0.75, 0.6153846153846154, 0.5384615384615384, 0.6428571428571429, 0.6428571428571429, 0.7142857142857143, 0.5769230769230769, 0.5769230769230769]
 mean: 0.7012820512820511, std: 0.10389055907913741
F1 (Intime): [0.8660714285714286, 0.9282051282051282, 0.665530303030303, 0.5970695970695971, 0.7335227272727273, 0.7883771929824561, 0.727560674619498, 0.7466332686920922, 0.5480733082706767, 0.4751984126984127, 0.6345191040843214, 0.638961038961039, 0.7073704481792717, 0.4487394957983193, 0.5539074960127592]
 mean: 0.6706493082965356, std: 0.13077892165944763
--------------------------------------------------
Subject Number: 6
Accuracy Cross: [0.4264705882352941, 0.3088235294117647, 0.47058823529411764, 0.39705882352941174, 0.4411764705882353, 0.42028985507246375, 0.43478260869565216, 0.391304347826087, 0.391304347826087, 0.4057971014492754, 0.42028985507246375, 0.3333333333333333, 0.391304347826087, 0.4492753623188406, 0.5072463768115942]
 mean: 0.4126030122193805, std: 0.04759977604471603
F1 Score: [0.4405235066999773, 0.29971519708361816, 0.4572277518860228, 0.39317602040816324, 0.4169897649405846, 0.428195333857619, 0.4053317720530835, 0.33655731523378585, 0.36477950361797906, 0.38913399453653696, 0.4244360902255639, 0.3290138867217975, 0.42251879208400944, 0.42402139241384096, 0.48280679131742965]
 mean: 0.4009618075386674, std: 0.04835957380489331
Accuracy Intime: [0.75, 0.5357142857142857, 0.6071428571428571, 0.6071428571428571, 0.6538461538461539, 0.5714285714285714, 0.7857142857142857, 0.5714285714285714, 0.5, 0.5, 0.6785714285714286, 0.5, 0.5357142857142857, 0.6153846153846154, 0.46153846153846156]
 mean: 0.5915750915750916, std: 0.09107003582748585
F1 (Intime): [0.7375834949364362, 0.49859943977591037, 0.5802139037433155, 0.6049679487179487, 0.636002886002886, 0.5388888888888889, 0.777834008097166, 0.5681372549019608, 0.5046850079744817, 0.4744047619047619, 0.6667280088332721, 0.5178571428571428, 0.49042624042624045, 0.5, 0.3363095238095238]
 mean: 0.5621759007246623, std: 0.10752882803706854
--------------------------------------------------
Subject Number: 7
Accuracy Cross: [0.6764705882352942, 0.6470588235294118, 0.5735294117647058, 0.5882352941176471, 0.6323529411764706, 0.39705882352941174, 0.47058823529411764, 0.4411764705882353, 0.5147058823529411, 0.5294117647058824, 0.47058823529411764, 0.5441176470588235, 0.4411764705882353, 0.5441176470588235, 0.4852941176470588]
 mean: 0.5303921568627451, std: 0.07918753139728893
F1 Score: [0.6550836550836551, 0.6044034818228367, 0.524362032820068, 0.5693798449612403, 0.6180760296613955, 0.36685297461159533, 0.40674266310938634, 0.45070325900514574, 0.5154092071611254, 0.5316083916083917, 0.46517857142857144, 0.50758877262115, 0.4295862277257626, 0.553818582850841, 0.4887203457094982]
 mean: 0.5125009360120442, std: 0.07801692189950506
Accuracy Intime: [0.7142857142857143, 0.7142857142857143, 0.6785714285714286, 0.7307692307692307, 0.5769230769230769, 0.8214285714285714, 0.75, 0.7857142857142857, 0.7307692307692307, 0.6153846153846154, 0.6785714285714286, 0.75, 0.75, 0.6153846153846154, 0.7307692307692307]
 mean: 0.7095238095238094, std: 0.06422124022312452
F1 (Intime): [0.7256410256410257, 0.6799261969540606, 0.6421502474134053, 0.590334008097166, 0.5637254901960784, 0.7927489177489178, 0.7589743589743589, 0.7830371383002962, 0.5962301587301587, 0.4916666666666667, 0.6769433465085638, 0.726068376068376, 0.6949134199134199, 0.5071428571428571, 0.7205741626794259]
 mean: 0.6633384247356517, std: 0.0919579600612746
--------------------------------------------------
Subject Number: 8
Accuracy Cross: [0.20588235294117646, 0.3382352941176471, 0.36764705882352944, 0.29411764705882354, 0.2647058823529412, 0.38235294117647056, 0.38235294117647056, 0.4117647058823529, 0.27941176470588236, 0.3088235294117647, 0.3088235294117647, 0.45588235294117646, 0.29411764705882354, 0.5, 0.36764705882352944]
 mean: 0.34411764705882353, std: 0.07417364831128524
F1 Score: [0.20363272311212816, 0.36252255968648484, 0.3652976966536289, 0.29676843187481483, 0.23041979949874686, 0.39617139959432046, 0.3934921638906459, 0.4089225589225589, 0.30578125924173416, 0.3220869687587954, 0.34735872235872234, 0.41874810351554037, 0.339533072414666, 0.5209459565702785, 0.3863324175824176]
 mean: 0.35320092224503224, std: 0.07501493960837574
Accuracy Intime: [0.6428571428571429, 0.6428571428571429, 0.39285714285714285, 0.46153846153846156, 0.5769230769230769, 0.42857142857142855, 0.6071428571428571, 0.39285714285714285, 0.4230769230769231, 0.38461538461538464, 0.5, 0.5, 0.5357142857142857, 0.5, 0.5]
 mean: 0.4992673992673993, std: 0.08495168094810705
F1 (Intime): [0.5638888888888889, 0.6643503555268261, 0.2971014492753623, 0.4209401709401709, 0.5463369963369963, 0.3958333333333333, 0.6120766488413547, 0.39038461538461544, 0.4426470588235294, 0.3715686274509804, 0.48921783625730997, 0.44781144781144777, 0.5068181818181818, 0.5055361305361306, 0.5027777777777778]
 mean: 0.4771526346001938, std: 0.09343957959932923
--------------------------------------------------
Subject Number: 9
Accuracy Cross: [0.5882352941176471, 0.5735294117647058, 0.45588235294117646, 0.4852941176470588, 0.5735294117647058, 0.3382352941176471, 0.3382352941176471, 0.36764705882352944, 0.4411764705882353, 0.3382352941176471, 0.4852941176470588, 0.4411764705882353, 0.5, 0.38235294117647056, 0.5]
 mean: 0.453921568627451, std: 0.08402824445967105
F1 Score: [0.5941045314446849, 0.5960416666666667, 0.48335058661145613, 0.5068520474600255, 0.5772334834834836, 0.3456395348837209, 0.32627670432548483, 0.3399122807017544, 0.4087344615265461, 0.3142361111111111, 0.44945512820512823, 0.44633731521336106, 0.5228512674164848, 0.4167604752970607, 0.5336724386724386]
 mean: 0.45743053553462715, std: 0.09440281590673799
Accuracy Intime: [0.6428571428571429, 0.7142857142857143, 0.6071428571428571, 0.4230769230769231, 0.46153846153846156, 0.6785714285714286, 0.6071428571428571, 0.7142857142857143, 0.6153846153846154, 0.5, 0.5357142857142857, 0.6071428571428571, 0.6785714285714286, 0.46153846153846156, 0.46153846153846156]
 mean: 0.5805860805860805, std: 0.09591370676026494
F1 (Intime): [0.6180555555555556, 0.7121212121212122, 0.6, 0.4259803921568628, 0.43279220779220773, 0.6724358974358975, 0.5883089133089132, 0.6998217468805704, 0.6048076923076924, 0.5201923076923077, 0.5474358974358975, 0.5957653457653458, 0.6816239316239316, 0.5031746031746032, 0.39126559714795006]
 mean: 0.5729187533599298, std: 0.09807022162191963
--------------------------------------------------
Subject Number: 10
Accuracy Cross: [0.36764705882352944, 0.38235294117647056, 0.5147058823529411, 0.4852941176470588, 0.47058823529411764, 0.38235294117647056, 0.38235294117647056, 0.4117647058823529, 0.4852941176470588, 0.36764705882352944, 0.391304347826087, 0.391304347826087, 0.3188405797101449, 0.36231884057971014, 0.36231884057971014]
 mean: 0.4050724637681159, std: 0.05480162579076135
F1 Score: [0.3844290913577201, 0.37577194129613484, 0.543184018006992, 0.5002790859933717, 0.49251089324618735, 0.3471805294976027, 0.38329453061930574, 0.4045386904761905, 0.4928862134397697, 0.3425068786819939, 0.4134950343773873, 0.4146056149732621, 0.3360995085995086, 0.3677101931756187, 0.37770135566188195]
 mean: 0.4117462386268618, std: 0.06267222356642302
Accuracy Intime: [0.5, 0.5357142857142857, 0.5714285714285714, 0.46153846153846156, 0.38461538461538464, 0.5714285714285714, 0.5714285714285714, 0.4642857142857143, 0.5384615384615384, 0.5384615384615384, 0.4642857142857143, 0.5, 0.4642857142857143, 0.5, 0.5769230769230769]
 mean: 0.5095238095238095, std: 0.053364318978679284
F1 (Intime): [0.48363636363636364, 0.514102564102564, 0.5370670995670995, 0.3448773448773449, 0.34615384615384615, 0.5784632034632035, 0.5680830039525693, 0.459313725490196, 0.559609250398724, 0.49649209486166007, 0.47459893048128343, 0.5003434065934066, 0.4358524516419253, 0.4625, 0.5417843026538679]
 mean: 0.48685850585827034, std: 0.0687541241916382
--------------------------------------------------
Subject Number: 11
Accuracy Cross: [0.43478260869565216, 0.36231884057971014, 0.463768115942029, 0.36231884057971014, 0.3333333333333333, 0.42028985507246375, 0.4057971014492754, 0.5507246376811594, 0.42028985507246375, 0.4492753623188406, 0.4927536231884058, 0.5072463768115942, 0.4057971014492754, 0.4782608695652174, 0.43478260869565216]
 mean: 0.4347826086956523, std: 0.05650315562208095
F1 Score: [0.43194444444444446, 0.2768199233716475, 0.42730477513086207, 0.32434715043410695, 0.3006056641202043, 0.41531141272520583, 0.3600741578682755, 0.5405991664958666, 0.3684210526315789, 0.4400948150948151, 0.4775075987841945, 0.4407715832943743, 0.3715659340659341, 0.4763749535488666, 0.3977272727272727]
 mean: 0.4032979936491766, std: 0.06874919274001293
Accuracy Intime: [0.5, 0.7142857142857143, 0.6428571428571429, 0.6428571428571429, 0.6923076923076923, 0.4642857142857143, 0.5, 0.5714285714285714, 0.4642857142857143, 0.6153846153846154, 0.42857142857142855, 0.5357142857142857, 0.5714285714285714, 0.5357142857142857, 0.5769230769230769]
 mean: 0.5637362637362637, std: 0.082632199199609
F1 (Intime): [0.3972222222222222, 0.6907563025210084, 0.6248834498834499, 0.6486928104575164, 0.6866258741258742, 0.39888888888888885, 0.4469696969696969, 0.5437782805429865, 0.42685680332739157, 0.6201388888888889, 0.4307692307692308, 0.5277777777777778, 0.5252747252747253, 0.5236652236652236, 0.5199134199134199]
 mean: 0.53414757301522, std: 0.09794230374789288
--------------------------------------------------
Subject Number: 12
Accuracy Cross: [0.5294117647058824, 0.5294117647058824, 0.6176470588235294, 0.6029411764705882, 0.5441176470588235, 0.4782608695652174, 0.4927536231884058, 0.5797101449275363, 0.4782608695652174, 0.6376811594202898, 0.39705882352941174, 0.38235294117647056, 0.47058823529411764, 0.47058823529411764, 0.4411764705882353]
 mean: 0.5101307189542484, std: 0.07416658769716687
F1 Score: [0.5066026410564226, 0.4942294461644307, 0.6005738447598912, 0.5966006216006217, 0.5364979847738468, 0.4929347826086956, 0.4898148148148148, 0.5575347497012124, 0.49983198924731176, 0.6641409118727051, 0.3789306095807644, 0.3634727845254161, 0.4471204292527822, 0.47068910256410257, 0.4595994184427477]
 mean: 0.5039049420643844, std: 0.07729522592700544
Accuracy Intime: [0.6428571428571429, 0.6428571428571429, 0.5714285714285714, 0.5, 0.6538461538461539, 0.5357142857142857, 0.6071428571428571, 0.4642857142857143, 0.5384615384615384, 0.5384615384615384, 0.6785714285714286, 0.5714285714285714, 0.7142857142857143, 0.46153846153846156, 0.6538461538461539]
 mean: 0.5849816849816849, std: 0.075852483611829
F1 (Intime): [0.6363636363636365, 0.6005681818181818, 0.5138888888888888, 0.5525210084033614, 0.6333333333333333, 0.5427350427350428, 0.5873015873015872, 0.48695602642971064, 0.5719932241671372, 0.4934873949579832, 0.6637770897832818, 0.5244588744588744, 0.6577380952380952, 0.3078947368421052, 0.6722027972027973]
 mean: 0.5630146611949344, std: 0.09076694385593731
--------------------------------------------------
Subject Number: 13
Accuracy Cross: [0.4117647058823529, 0.5294117647058824, 0.5147058823529411, 0.38235294117647056, 0.4117647058823529, 0.43478260869565216, 0.4057971014492754, 0.34782608695652173, 0.391304347826087, 0.4492753623188406, 0.36764705882352944, 0.4117647058823529, 0.36764705882352944, 0.36764705882352944, 0.38235294117647056]
 mean: 0.41173628871838586, std: 0.050653178276733664
F1 Score: [0.4018738140417457, 0.5280228392297358, 0.46753963615448124, 0.4015527950310559, 0.42334636689475397, 0.447800749974663, 0.413510101010101, 0.3097549019607843, 0.38064516129032255, 0.44409609997845295, 0.3775060775060775, 0.42790829859795376, 0.34946598267597345, 0.38807008164624335, 0.35409356725146196]
 mean: 0.4076790982162538, std: 0.051404827881187234
Accuracy Intime: [0.6071428571428571, 0.5, 0.5714285714285714, 0.5384615384615384, 0.46153846153846156, 0.5, 0.6428571428571429, 0.6071428571428571, 0.5, 0.5384615384615384, 0.5357142857142857, 0.5714285714285714, 0.6071428571428571, 0.5, 0.5]
 mean: 0.5454212454212454, std: 0.05152220065206517
F1 (Intime): [0.5707692307692308, 0.39999999999999997, 0.5722222222222222, 0.5208333333333333, 0.3007518796992481, 0.4921328671328671, 0.6564935064935065, 0.582051282051282, 0.5268238705738706, 0.5239453357100416, 0.5188852813852813, 0.5849802371541503, 0.5426470588235294, 0.48011363636363635, 0.4327731092436975]
 mean: 0.5136948567303932, std: 0.08344033715789148
--------------------------------------------------
Subject Number: 14
Accuracy Cross: [0.4117647058823529, 0.4852941176470588, 0.47058823529411764, 0.3088235294117647, 0.35294117647058826, 0.4264705882352941, 0.36764705882352944, 0.4117647058823529, 0.4117647058823529, 0.5, 0.4411764705882353, 0.4264705882352941, 0.4117647058823529, 0.3382352941176471, 0.45588235294117646]
 mean: 0.4147058823529412, std: 0.05239368319955838
F1 Score: [0.4138793103448276, 0.47389191028596656, 0.4197547440028643, 0.28047145385855066, 0.3667494270435447, 0.44114454094292804, 0.36436769829883175, 0.4331140350877193, 0.4284578579315421, 0.47373087373087375, 0.4202489414633343, 0.3980766922193068, 0.37888888888888894, 0.3208603896103896, 0.436062271062271]
 mean: 0.4033132689847892, std: 0.05163915519664008
Accuracy Intime: [0.6071428571428571, 0.6428571428571429, 0.75, 0.5769230769230769, 0.5, 0.4642857142857143, 0.4642857142857143, 0.5, 0.6153846153846154, 0.5384615384615384, 0.5, 0.5, 0.6428571428571429, 0.5769230769230769, 0.5384615384615384]
 mean: 0.5611721611721612, std: 0.07716776015675497
F1 (Intime): [0.5432900432900433, 0.6275169683257918, 0.7597132034632035, 0.5718344155844155, 0.48917748917748916, 0.47698412698412695, 0.44545454545454544, 0.49375, 0.615530303030303, 0.4222222222222222, 0.4150641025641026, 0.44593253968253965, 0.6446886446886447, 0.6015873015873016, 0.5583651642475171]
 mean: 0.5407407380201498, std: 0.09441223555482565
--------------------------------------------------
Subject Number: 15
Accuracy Cross: [0.39705882352941174, 0.5, 0.39705882352941174, 0.5, 0.45588235294117646, 0.4852941176470588, 0.5882352941176471, 0.45588235294117646, 0.47058823529411764, 0.6029411764705882, 0.36764705882352944, 0.45588235294117646, 0.5, 0.4852941176470588, 0.47058823529411764]
 mean: 0.4754901960784314, std: 0.06114692599808893
F1 Score: [0.3967946655636241, 0.5123134704577536, 0.4255386554733649, 0.5150322387164492, 0.4584183049188352, 0.47738095238095235, 0.597212543554007, 0.438351492358461, 0.4532173245473738, 0.5928654678654679, 0.30276735459662285, 0.4706997863247863, 0.47503373819163297, 0.4719064686806622, 0.458438347271547]
 mean: 0.46973138739343595, std: 0.06929830651609122
Accuracy Intime: [0.6071428571428571, 0.6071428571428571, 0.6071428571428571, 0.5769230769230769, 0.5, 0.4642857142857143, 0.42857142857142855, 0.6071428571428571, 0.6153846153846154, 0.6538461538461539, 0.7142857142857143, 0.6071428571428571, 0.6785714285714286, 0.8076923076923077, 0.6153846153846154]
 mean: 0.606043956043956, std: 0.0908439678480896
F1 (Intime): [0.6109943977591036, 0.6180290297937356, 0.6166666666666666, 0.621031746031746, 0.49142857142857144, 0.40854978354978355, 0.36507936507936506, 0.5717086834733893, 0.6123366013071895, 0.6530032467532467, 0.7104895104895106, 0.5833333333333333, 0.6652777777777779, 0.8240142210730446, 0.5805109922756981]
 mean: 0.5954969284528109, std: 0.10818550128982343
--------------------------------------------------
Subject Number: 16
Accuracy Cross: [0.5147058823529411, 0.5735294117647058, 0.5294117647058824, 0.5441176470588235, 0.5588235294117647, 0.5294117647058824, 0.5882352941176471, 0.5882352941176471, 0.6323529411764706, 0.45588235294117646, 0.4411764705882353, 0.6029411764705882, 0.6911764705882353, 0.47058823529411764, 0.5]
 mean: 0.5480392156862746, std: 0.06564968252071846
F1 Score: [0.45006535947712417, 0.48904761904761906, 0.439608636977058, 0.5291475112367836, 0.5263191072493398, 0.48840513983371125, 0.5684238956128357, 0.5806905210295041, 0.5932924806105098, 0.399157806962685, 0.4612252331002331, 0.5246245306633291, 0.6674751674751674, 0.46371882086167804, 0.45984544669790434]
 mean: 0.5094031517890322, std: 0.06819720558630278
Accuracy Intime: [0.7142857142857143, 0.8214285714285714, 0.75, 0.8076923076923077, 0.7307692307692307, 0.8214285714285714, 0.5714285714285714, 0.75, 0.7307692307692307, 0.7307692307692307, 0.7142857142857143, 0.6428571428571429, 0.8571428571428571, 0.8846153846153846, 0.5]
 mean: 0.7351648351648351, std: 0.09978643217013088
F1 (Intime): [0.6977058029689609, 0.7567226890756302, 0.7421328671328672, 0.7510822510822511, 0.6756410256410257, 0.8245192307692307, 0.48556998556998554, 0.7467032967032967, 0.5888888888888889, 0.7055555555555557, 0.6875282805429864, 0.6443223443223444, 0.8606060606060606, 0.8351648351648351, 0.4237012987012987]
 mean: 0.6950562941816812, std: 0.1176257981273698
--------------------------------------------------
Subject Number: 17
Accuracy Cross: [0.463768115942029, 0.4782608695652174, 0.43478260869565216, 0.4057971014492754, 0.4492753623188406, 0.4782608695652174, 0.5217391304347826, 0.4057971014492754, 0.43478260869565216, 0.34782608695652173, 0.45588235294117646, 0.4117647058823529, 0.4411764705882353, 0.4411764705882353, 0.45588235294117646]
 mean: 0.4417448138675761, std: 0.038651443416195426
F1 Score: [0.4592156862745098, 0.48164712118200487, 0.39303030303030306, 0.414624183006536, 0.43258212375859434, 0.4453081232492997, 0.4766146016146016, 0.35479375696767, 0.412624584717608, 0.31333333333333335, 0.40706495969653866, 0.4085825163398693, 0.44262832257222157, 0.43177208187350175, 0.4512351778656126]
 mean: 0.4216704583654803, std: 0.04294541593099634
Accuracy Intime: [0.6071428571428571, 0.6785714285714286, 0.5, 0.5769230769230769, 0.46153846153846156, 0.7142857142857143, 0.5714285714285714, 0.6428571428571429, 0.6538461538461539, 0.6923076923076923, 0.6785714285714286, 0.7142857142857143, 0.5357142857142857, 0.6785714285714286, 0.5384615384615384]
 mean: 0.6163003663003664, std: 0.07848792064914331
F1 (Intime): [0.6188837478311162, 0.5965909090909091, 0.4571428571428571, 0.4405797101449275, 0.4388888888888889, 0.6947552447552447, 0.5196969696969697, 0.6405653170359052, 0.61, 0.702591706539075, 0.659735001840265, 0.7287738577212262, 0.43253968253968256, 0.6211080586080586, 0.44313725490196076]
 mean: 0.5736659471158059, std: 0.10414378104011357
--------------------------------------------------
Subject Number: 18
Accuracy Cross: [0.4782608695652174, 0.3333333333333333, 0.43478260869565216, 0.4057971014492754, 0.4057971014492754, 0.47058823529411764, 0.39705882352941174, 0.4117647058823529, 0.45588235294117646, 0.36764705882352944, 0.3382352941176471, 0.27941176470588236, 0.35294117647058826, 0.4264705882352941, 0.29411764705882354]
 mean: 0.3901392441034385, std: 0.058974423894482306
F1 Score: [0.5019809582309582, 0.3722106722106722, 0.4597667117828408, 0.37736337736337733, 0.38050144300144295, 0.4589173643872101, 0.42646103896103893, 0.3576839826839827, 0.4091269841269841, 0.3851533915001407, 0.370546265328874, 0.3004041590998113, 0.3430735930735931, 0.4600187745349036, 0.30419020715630884]
 mean: 0.39382659489614263, std: 0.05665122519439164
Accuracy Intime: [0.5357142857142857, 0.5714285714285714, 0.6071428571428571, 0.46153846153846156, 0.34615384615384615, 0.6071428571428571, 0.5357142857142857, 0.5357142857142857, 0.46153846153846156, 0.5, 0.5714285714285714, 0.5357142857142857, 0.5714285714285714, 0.34615384615384615, 0.38461538461538464]
 mean: 0.5047619047619047, std: 0.08431554951093936
F1 (Intime): [0.5520833333333333, 0.52245670995671, 0.6145743145743146, 0.4303571428571429, 0.2653846153846154, 0.5355072463768116, 0.5375000000000001, 0.5159632034632035, 0.45665445665445664, 0.44166666666666665, 0.5714285714285714, 0.42896825396825394, 0.5016025641025641, 0.3126984126984127, 0.25]
 mean: 0.4624563660976703, std: 0.10678056796925155
--------------------------------------------------
Subject Number: 19
Accuracy Cross: [0.22058823529411764, 0.25, 0.16176470588235295, 0.23529411764705882, 0.25, 0.35294117647058826, 0.36764705882352944, 0.5, 0.4117647058823529, 0.4411764705882353, 0.3088235294117647, 0.2647058823529412, 0.3382352941176471, 0.2647058823529412, 0.3235294117647059]
 mean: 0.31274509803921563, std: 0.08814810507054519
F1 Score: [0.2218220338983051, 0.18667917448405252, 0.14165977391783843, 0.23926065162907267, 0.2505729564553094, 0.30905059852428274, 0.3665342309531693, 0.4576353524524257, 0.4169871794871795, 0.45285632242153984, 0.3016958199885029, 0.24931318681318682, 0.23863636363636365, 0.30316052924748577, 0.3119891528531052]
 mean: 0.2965235551174546, std: 0.09050818658479243
Accuracy Intime: [0.6071428571428571, 0.75, 0.4642857142857143, 0.6538461538461539, 0.5384615384615384, 0.6071428571428571, 0.5357142857142857, 0.6071428571428571, 0.5384615384615384, 0.5384615384615384, 0.5357142857142857, 0.6428571428571429, 0.6785714285714286, 0.5384615384615384, 0.5769230769230769]
 mean: 0.5875457875457876, std: 0.07004770246743526
F1 (Intime): [0.5456349206349206, 0.7490196078431373, 0.4388888888888889, 0.5995951417004048, 0.41758241758241754, 0.5892929292929293, 0.5331175532413922, 0.5359848484848484, 0.5278669043374925, 0.5399912587412588, 0.5256944444444445, 0.6165584415584415, 0.6696969696969697, 0.5146520146520146, 0.56745337995338]
 mean: 0.558068648070196, std: 0.07937621855902144
--------------------------------------------------
Subject Number: 20
Accuracy Cross: [0.5147058823529411, 0.5, 0.5294117647058824, 0.5441176470588235, 0.5588235294117647, 0.38235294117647056, 0.4852941176470588, 0.5, 0.5735294117647058, 0.5, 0.4782608695652174, 0.4057971014492754, 0.4057971014492754, 0.5507246376811594, 0.5362318840579711]
 mean: 0.497669792554703, std: 0.05655487563149365
F1 Score: [0.510535471532914, 0.4965396305821838, 0.5361949233716475, 0.530022647356815, 0.5535852713178294, 0.4092741935483871, 0.4897370059134765, 0.536211614472484, 0.5778804816624616, 0.5168484134001375, 0.4862431814831196, 0.4030801435406699, 0.39483730555159124, 0.559280303030303, 0.5293075369682757]
 mean: 0.5019718749154864, std: 0.05547339696452276
Accuracy Intime: [0.6785714285714286, 0.5714285714285714, 0.5, 0.46153846153846156, 0.4230769230769231, 0.6428571428571429, 0.6428571428571429, 0.7142857142857143, 0.6538461538461539, 0.6923076923076923, 0.7857142857142857, 0.5714285714285714, 0.5714285714285714, 0.46153846153846156, 0.38461538461538464]
 mean: 0.5836996336996337, std: 0.1135244557953318
F1 (Intime): [0.6739130434782608, 0.5828877005347594, 0.5011904761904762, 0.4635964912280702, 0.3254310344827586, 0.5993055555555555, 0.6556507218271924, 0.7104166666666667, 0.6111111111111112, 0.6646825396825397, 0.7881410256410257, 0.4666666666666667, 0.5625, 0.41919191919191917, 0.38338132455779517]
 mean: 0.5605377517876532, std: 0.12647718854905848
--------------------------------------------------
Subject Number: 21
Accuracy Cross: [0.45588235294117646, 0.45588235294117646, 0.5147058823529411, 0.4117647058823529, 0.35294117647058826, 0.45588235294117646, 0.5147058823529411, 0.4411764705882353, 0.5441176470588235, 0.4264705882352941, 0.5588235294117647, 0.5, 0.4117647058823529, 0.4411764705882353, 0.39705882352941174]
 mean: 0.45882352941176474, std: 0.0555978308970895
F1 Score: [0.41115576665448794, 0.4021099496709253, 0.5034104485717389, 0.3594961240310077, 0.33628334031559837, 0.4399272149908823, 0.5141826340043657, 0.42461067853170187, 0.5007215007215007, 0.4192247881085688, 0.5028841230454134, 0.4480109351432881, 0.35051831723027377, 0.4249397749397749, 0.3568660968660968]
 mean: 0.426289446188375, std: 0.057578402506116545
Accuracy Intime: [0.6428571428571429, 0.6071428571428571, 0.5, 0.5384615384615384, 0.5384615384615384, 0.5357142857142857, 0.5714285714285714, 0.7142857142857143, 0.6923076923076923, 0.6923076923076923, 0.6428571428571429, 0.6428571428571429, 0.5, 0.5384615384615384, 0.7307692307692307]
 mean: 0.6058608058608058, std: 0.07683712274295519
F1 (Intime): [0.6041666666666666, 0.5818400725521469, 0.3729166666666666, 0.5212614870509606, 0.43333333333333335, 0.4202741702741703, 0.5262845169965913, 0.6882227249874309, 0.7064393939393939, 0.6681318681318681, 0.5952380952380952, 0.6217086834733894, 0.39369326325848064, 0.471031746031746, 0.7096073517126149]
 mean: 0.554276669354237, std: 0.1118704777858721
--------------------------------------------------
Subject Number: 22
Accuracy Cross: [0.4411764705882353, 0.29411764705882354, 0.4264705882352941, 0.39705882352941174, 0.47058823529411764, 0.34782608695652173, 0.391304347826087, 0.36231884057971014, 0.4057971014492754, 0.4057971014492754, 0.3235294117647059, 0.36764705882352944, 0.3382352941176471, 0.4411764705882353, 0.4117647058823529]
 mean: 0.38832054560954815, std: 0.04717381887156818
F1 Score: [0.41547619047619044, 0.27945902558905655, 0.3981760820270137, 0.4213178294573643, 0.4611409330299885, 0.3515528087896509, 0.4163615029326884, 0.356359649122807, 0.3709549071618037, 0.38872922079415073, 0.2757292572201294, 0.31737497866530123, 0.3182689641513171, 0.40953703703703703, 0.39563891256985884]
 mean: 0.3717384866016238, std: 0.052621248796733945
Accuracy Intime: [0.5, 0.5714285714285714, 0.6071428571428571, 0.5, 0.38461538461538464, 0.5714285714285714, 0.6428571428571429, 0.5714285714285714, 0.7307692307692307, 0.5, 0.5714285714285714, 0.6071428571428571, 0.5714285714285714, 0.5, 0.5384615384615384]
 mean: 0.5578754578754579, std: 0.07601813771905849
F1 (Intime): [0.47086834733893557, 0.5031328320802004, 0.6229209387104123, 0.5025252525252525, 0.2717086834733894, 0.5566159330865214, 0.6491035280508964, 0.5725108225108225, 0.7281746031746031, 0.32957393483709274, 0.5749084249084249, 0.6008991008991009, 0.5625, 0.49047049441786283, 0.4542016806722689]
 mean: 0.5260076384457189, std: 0.1130296583523833
--------------------------------------------------
Subject Number: 23
Accuracy Cross: [0.43478260869565216, 0.5217391304347826, 0.42028985507246375, 0.5652173913043478, 0.5217391304347826, 0.5441176470588235, 0.4411764705882353, 0.47058823529411764, 0.5294117647058824, 0.5294117647058824, 0.4927536231884058, 0.4927536231884058, 0.5507246376811594, 0.43478260869565216, 0.5072463768115942]
 mean: 0.49711565785734585, std: 0.04521523978524842
F1 Score: [0.45329111295681057, 0.5287247474747474, 0.41250803169843653, 0.569347131747715, 0.4959126984126984, 0.49219620958751387, 0.39285714285714285, 0.47256624423963134, 0.49747670807453415, 0.5012872628726287, 0.47859125148671866, 0.4911663807890222, 0.524755943234204, 0.4269850232583152, 0.50247113997114]
 mean: 0.48267580191075066, std: 0.0445519414470207
Accuracy Intime: [0.6428571428571429, 0.75, 0.6071428571428571, 0.6153846153846154, 0.5769230769230769, 0.5714285714285714, 0.75, 0.5714285714285714, 0.6785714285714286, 0.5769230769230769, 0.75, 0.5714285714285714, 0.6785714285714286, 0.6923076923076923, 0.5384615384615384]
 mean: 0.638095238095238, std: 0.07119196276828628
F1 (Intime): [0.6375, 0.7557246674893734, 0.5845238095238094, 0.6219834087481146, 0.5649460188933874, 0.5554584304584305, 0.7416666666666667, 0.5869694031458738, 0.6906426906426907, 0.5833333333333333, 0.7619047619047619, 0.5687621202327084, 0.6916666666666667, 0.6571428571428571, 0.5487179487179488]
 mean: 0.6367295189044415, std: 0.07283592529704458
--------------------------------------------------
Subject Number: 24
Accuracy Cross: [0.3088235294117647, 0.47058823529411764, 0.39705882352941174, 0.3088235294117647, 0.3235294117647059, 0.4264705882352941, 0.4117647058823529, 0.3382352941176471, 0.47058823529411764, 0.4117647058823529, 0.38235294117647056, 0.3382352941176471, 0.27941176470588236, 0.4264705882352941, 0.3382352941176471]
 mean: 0.3754901960784313, std: 0.05854509265424947
F1 Score: [0.27464239018012215, 0.4603741086499707, 0.3585497835497835, 0.30088129793764784, 0.32081529581529583, 0.41363636363636364, 0.41310762347208074, 0.2707789855072464, 0.45005543237250556, 0.3691289559301982, 0.38606504231504235, 0.3157312925170068, 0.22764078027235923, 0.41120040848301714, 0.26248137108792846]
 mean: 0.34900594211510455, std: 0.07057895286137715
Accuracy Intime: [0.5357142857142857, 0.5, 0.5714285714285714, 0.6153846153846154, 0.5769230769230769, 0.39285714285714285, 0.42857142857142855, 0.42857142857142855, 0.6923076923076923, 0.6538461538461539, 0.6071428571428571, 0.5357142857142857, 0.5714285714285714, 0.7307692307692307, 0.4230769230769231]
 mean: 0.5509157509157508, std: 0.09868651255873713
F1 (Intime): [0.45624999999999993, 0.4988095238095238, 0.5534948143643796, 0.6084441873915558, 0.5705128205128205, 0.28733766233766234, 0.44222444222444224, 0.3472222222222222, 0.6794143356643357, 0.6586134453781513, 0.5190319548872181, 0.4447875494071146, 0.4737938596491228, 0.7124160561660562, 0.37777777777777777]
 mean: 0.5086753767861588, std: 0.11938418366335248
--------------------------------------------------
Subject Number: 25
Accuracy Cross: [0.5797101449275363, 0.391304347826087, 0.42028985507246375, 0.4927536231884058, 0.4492753623188406, 0.4852941176470588, 0.4411764705882353, 0.4411764705882353, 0.5, 0.47058823529411764, 0.3088235294117647, 0.45588235294117646, 0.5147058823529411, 0.4411764705882353, 0.4264705882352941]
 mean: 0.45457516339869286, std: 0.05875145735853997
F1 Score: [0.5558479532163743, 0.3725035561877667, 0.323608682983683, 0.484597816399287, 0.3611111111111111, 0.40875139353400225, 0.38561120543293714, 0.3746376811594203, 0.43742183742183743, 0.3980769230769231, 0.320271164021164, 0.4400125156445557, 0.5093858182093476, 0.42754848637201576, 0.3630360300618921]
 mean: 0.4108281449888211, std: 0.06437900349771108
Accuracy Intime: [0.5, 0.6428571428571429, 0.5357142857142857, 0.6538461538461539, 0.5, 0.7142857142857143, 0.6785714285714286, 0.6785714285714286, 0.8076923076923077, 0.6538461538461539, 0.5357142857142857, 0.6428571428571429, 0.5357142857142857, 0.6923076923076923, 0.5384615384615384]
 mean: 0.6206959706959707, std: 0.08805201013844163
F1 (Intime): [0.4208333333333334, 0.6533466533466534, 0.5113636363636364, 0.6911421911421911, 0.40789473684210525, 0.6900928792569658, 0.6845238095238095, 0.678302090066796, 0.7368347338935574, 0.5982142857142857, 0.5325358851674642, 0.6238095238095238, 0.5179292929292929, 0.6842105263157894, 0.41801948051948046]
 mean: 0.5899368705483256, std: 0.10914109293004938
--------------------------------------------------
Subject Number: 26
Accuracy Cross: [0.4927536231884058, 0.5217391304347826, 0.5362318840579711, 0.4927536231884058, 0.5942028985507246, 0.3235294117647059, 0.4411764705882353, 0.39705882352941174, 0.4411764705882353, 0.4117647058823529, 0.45588235294117646, 0.5735294117647058, 0.4852941176470588, 0.5588235294117647, 0.5441176470588235]
 mean: 0.484668940039784, std: 0.07148861890583587
F1 Score: [0.4863865329934307, 0.542654241183653, 0.5266445690973993, 0.484182665160926, 0.5857176270668653, 0.30127240520537374, 0.40351170568561867, 0.36600985221674875, 0.37543057763646004, 0.4006966618287373, 0.44798830202056006, 0.5963157894736841, 0.4678879310344828, 0.5749669312169312, 0.5620332849096517]
 mean: 0.47477993844870153, std: 0.08770692663221298
Accuracy Intime: [0.5, 0.5, 0.6071428571428571, 0.6153846153846154, 0.5384615384615384, 0.6428571428571429, 0.75, 0.6785714285714286, 0.6923076923076923, 0.46153846153846156, 0.6071428571428571, 0.6428571428571429, 0.5, 0.6153846153846154, 0.38461538461538464]
 mean: 0.5824175824175825, std: 0.0952733099167762
F1 (Intime): [0.4975845410628019, 0.5281655844155844, 0.6057692307692308, 0.6744652406417112, 0.5498329156223893, 0.5792540792540792, 0.7597482174688057, 0.6502100840336135, 0.7126068376068375, 0.41179653679653677, 0.5388888888888889, 0.6069947209653093, 0.5018785136432196, 0.6150793650793651, 0.39583333333333337]
 mean: 0.5752072059721137, std: 0.09879894726944054
--------------------------------------------------
Subject Number: 27
Accuracy Cross: [0.463768115942029, 0.4782608695652174, 0.43478260869565216, 0.4057971014492754, 0.4492753623188406, 0.4782608695652174, 0.5217391304347826, 0.4057971014492754, 0.43478260869565216, 0.34782608695652173, 0.45588235294117646, 0.4117647058823529, 0.4411764705882353, 0.4411764705882353, 0.45588235294117646]
 mean: 0.4417448138675761, std: 0.038651443416195426
F1 Score: [0.4592156862745098, 0.48164712118200487, 0.39303030303030306, 0.414624183006536, 0.43258212375859434, 0.4453081232492997, 0.4766146016146016, 0.35479375696767, 0.412624584717608, 0.31333333333333335, 0.40706495969653866, 0.4085825163398693, 0.44262832257222157, 0.43177208187350175, 0.4512351778656126]
 mean: 0.4216704583654803, std: 0.04294541593099634
Accuracy Intime: [0.6071428571428571, 0.6785714285714286, 0.5, 0.5769230769230769, 0.46153846153846156, 0.7142857142857143, 0.5714285714285714, 0.6428571428571429, 0.6538461538461539, 0.6923076923076923, 0.6785714285714286, 0.7142857142857143, 0.5357142857142857, 0.6785714285714286, 0.5384615384615384]
 mean: 0.6163003663003664, std: 0.07848792064914331
F1 (Intime): [0.6188837478311162, 0.5965909090909091, 0.4571428571428571, 0.4405797101449275, 0.4388888888888889, 0.6947552447552447, 0.5196969696969697, 0.6405653170359052, 0.61, 0.702591706539075, 0.659735001840265, 0.7287738577212262, 0.43253968253968256, 0.6211080586080586, 0.44313725490196076]
 mean: 0.5736659471158059, std: 0.10414378104011357
--------------------------------------------------
Subject Number: 28
Accuracy Cross: [0.47058823529411764, 0.3235294117647059, 0.3235294117647059, 0.38235294117647056, 0.4411764705882353, 0.19117647058823528, 0.3382352941176471, 0.29411764705882354, 0.25, 0.35294117647058826, 0.4852941176470588, 0.36764705882352944, 0.3235294117647059, 0.39705882352941174, 0.39705882352941174]
 mean: 0.3558823529411765, std: 0.0761683317629609
F1 Score: [0.45035527690700106, 0.3046703296703297, 0.3136147186147186, 0.3509122123922883, 0.38608058608058604, 0.1768939393939394, 0.317032967032967, 0.28989814036071393, 0.2118464052287582, 0.3023747830841277, 0.44910714285714287, 0.3549743892828999, 0.2921747967479675, 0.33599956666185177, 0.39501633986928103]
 mean: 0.32873010627897153, std: 0.07275480095885442
Accuracy Intime: [0.42857142857142855, 0.5357142857142857, 0.5, 0.6923076923076923, 0.5384615384615384, 0.5, 0.6071428571428571, 0.5, 0.6923076923076923, 0.6923076923076923, 0.5357142857142857, 0.4642857142857143, 0.6071428571428571, 0.5, 0.38461538461538464]
 mean: 0.5452380952380953, std: 0.09198917369665133
F1 (Intime): [0.41805555555555557, 0.4964826839826839, 0.4878593628593629, 0.6323529411764707, 0.5065247252747253, 0.5017482517482518, 0.6090634855340737, 0.47875816993464054, 0.6743589743589743, 0.6928571428571428, 0.5118006993006994, 0.4241258741258741, 0.557703081232493, 0.5055555555555555, 0.29166666666666663]
 mean: 0.5192608780108781, std: 0.10048989416700414
--------------------------------------------------
Subject Number: 29
Accuracy Cross: [0.5588235294117647, 0.45588235294117646, 0.5441176470588235, 0.5588235294117647, 0.5294117647058824, 0.5588235294117647, 0.5441176470588235, 0.5735294117647058, 0.5441176470588235, 0.6176470588235294, 0.5797101449275363, 0.6521739130434783, 0.5652173913043478, 0.5942028985507246, 0.5942028985507246]
 mean: 0.5647200909349247, std: 0.042395346826448244
F1 Score: [0.5634205521673552, 0.44840436924394944, 0.55325311942959, 0.5238621028094712, 0.4707088989441931, 0.5797785547785548, 0.5355422647527911, 0.5954703832752613, 0.5679518527815741, 0.6328851540616246, 0.5670833333333334, 0.641631367437819, 0.5765889114266396, 0.598745277710795, 0.6179590017825312]
 mean: 0.5648856762623655, std: 0.05222010607968885
Accuracy Intime: [0.7142857142857143, 0.7142857142857143, 0.75, 0.6538461538461539, 0.8076923076923077, 0.6071428571428571, 0.6071428571428571, 0.75, 0.6923076923076923, 0.5769230769230769, 0.6071428571428571, 0.6785714285714286, 0.7142857142857143, 0.6153846153846154, 0.7307692307692307]
 mean: 0.6813186813186811, std: 0.06518963139101827
F1 (Intime): [0.7209224598930482, 0.607239819004525, 0.7525856496444732, 0.6757518796992481, 0.8160714285714286, 0.5661838161838162, 0.5642968142968143, 0.7422077922077922, 0.7220588235294118, 0.5120614035087719, 0.575818917924181, 0.6871155160628845, 0.7166666666666667, 0.6424242424242423, 0.7335227272727273]
 mean: 0.6689951971260021, std: 0.08392978533247901
--------------------------------------------------
**************************************************
accuracy_cross_list: [0.481131003125888, 0.37206592782040354, 0.3466751918158568, 0.5246376811594203, 0.4980392156862745, 0.4126030122193805, 0.5303921568627451, 0.34411764705882353, 0.453921568627451, 0.4050724637681159, 0.4347826086956523, 0.5101307189542484, 0.41173628871838586, 0.4147058823529412, 0.4754901960784314, 0.5480392156862746, 0.4417448138675761, 0.3901392441034385, 0.31274509803921563, 0.497669792554703, 0.45882352941176474, 0.38832054560954815, 0.49711565785734585, 0.3754901960784313, 0.45457516339869286, 0.484668940039784, 0.4417448138675761, 0.3558823529411765, 0.5647200909349247]
f1_score_list: [0.4701644681476732, 0.3645217435169249, 0.337609502112026, 0.5010404706678847, 0.4763968076434513, 0.4009618075386674, 0.5125009360120442, 0.35320092224503224, 0.45743053553462715, 0.4117462386268618, 0.4032979936491766, 0.5039049420643844, 0.4076790982162538, 0.4033132689847892, 0.46973138739343595, 0.5094031517890322, 0.4216704583654803, 0.39382659489614263, 0.2965235551174546, 0.5019718749154864, 0.426289446188375, 0.3717384866016238, 0.48267580191075066, 0.34900594211510455, 0.4108281449888211, 0.47477993844870153, 0.4216704583654803, 0.32873010627897153, 0.5648856762623655]
accuracy_intime_list: [0.6256410256410256, 0.5956043956043957, 0.5463369963369963, 0.6287545787545787, 0.7012820512820511, 0.5915750915750916, 0.7095238095238094, 0.4992673992673993, 0.5805860805860805, 0.5095238095238095, 0.5637362637362637, 0.5849816849816849, 0.5454212454212454, 0.5611721611721612, 0.606043956043956, 0.7351648351648351, 0.6163003663003664, 0.5047619047619047, 0.5875457875457876, 0.5836996336996337, 0.6058608058608058, 0.5578754578754579, 0.638095238095238, 0.5509157509157508, 0.6206959706959707, 0.5824175824175825, 0.6163003663003664, 0.5452380952380953, 0.6813186813186811]
f1_score_intime_list: [0.60884231775065, 0.5693729494930868, 0.5162132366544131, 0.6119435834490015, 0.6706493082965356, 0.5621759007246623, 0.6633384247356517, 0.4771526346001938, 0.5729187533599298, 0.48685850585827034, 0.53414757301522, 0.5630146611949344, 0.5136948567303932, 0.5407407380201498, 0.5954969284528109, 0.6950562941816812, 0.5736659471158059, 0.4624563660976703, 0.558068648070196, 0.5605377517876532, 0.554276669354237, 0.5260076384457189, 0.6367295189044415, 0.5086753767861588, 0.5899368705483256, 0.5752072059721137, 0.5736659471158059, 0.5192608780108781, 0.6689951971260021]
**************************************************
ACC: 44.23±6.47
F1: 42.85±6.42
Intime: 59.57±5.73
F1 (Intime): 56.86±5.79
