1e-03
Subject Number: 1
Accuracy Cross: [0.96875, 0.8125, 0.875, 0.8125, 0.96875, 0.9090909090909091, 0.9696969696969697, 0.9090909090909091, 0.9696969696969697, 0.9090909090909091, 0.9375, 0.84375, 0.84375, 1.0, 0.96875]
 mean: 0.9131944444444444, std: 0.06066488885190794
F1 Score: [0.9684729064039409, 0.7922077922077921, 0.8704453441295547, 0.7922077922077921, 0.9684729064039409, 0.905982905982906, 0.9695852534562213, 0.9087557603686636, 0.9692451071761417, 0.905982905982906, 0.9365079365079365, 0.8435972629521017, 0.8423645320197044, 1.0, 0.9684729064039409]
 mean: 0.9094867541469029, std: 0.06554826636584417
Accuracy Intime: [1.0, 1.0, 1.0, 0.8333333333333334, 0.8333333333333334, 1.0, 1.0, 1.0, 0.9166666666666666, 1.0, 1.0, 1.0, 1.0, 1.0, 1.0]
 mean: 0.9722222222222222, std: 0.05826715823167508
F1 (Intime): [1.0, 1.0, 1.0, 0.8333333333333334, 0.8333333333333334, 1.0, 1.0, 1.0, 0.916083916083916, 1.0, 1.0, 1.0, 1.0, 1.0, 1.0]
 mean: 0.9721833721833721, std: 0.05830436973277096
--------------------------------------------------
Subject Number: 2
Accuracy Cross: [0.7575757575757576, 0.7878787878787878, 0.6060606060606061, 0.6666666666666666, 0.7272727272727273, 0.6875, 0.625, 0.625, 0.71875, 0.6875, 0.7575757575757576, 0.696969696969697, 0.7878787878787878, 0.6363636363636364, 0.6363636363636364]
 mean: 0.6936237373737374, std: 0.05897309491094362
F1 Score: [0.7573529411764706, 0.7847157502329916, 0.6046082949308755, 0.6666666666666666, 0.7262672811059908, 0.6666666666666667, 0.5, 0.625, 0.7046153846153846, 0.6825396825396826, 0.7380952380952381, 0.6944444444444444, 0.7746341463414634, 0.6192307692307693, 0.6333333333333333]
 mean: 0.6785447066253318, std: 0.07282151164539029
Accuracy Intime: [1.0, 0.9285714285714286, 0.75, 0.5833333333333334, 0.75, 0.7857142857142857, 0.8571428571428571, 0.7857142857142857, 0.5833333333333334, 0.5833333333333334, 0.9285714285714286, 0.7142857142857143, 1.0, 0.9166666666666666, 0.6666666666666666]
 mean: 0.7888888888888886, std: 0.14129213307268304
F1 (Intime): [1.0, 0.9282051282051282, 0.6210526315789473, 0.5555555555555556, 0.7482517482517483, 0.7754010695187166, 0.8541666666666667, 0.7754010695187166, 0.4957983193277311, 0.4957983193277311, 0.9251336898395721, 0.65, 1.0, 0.916083916083916, 0.625]
 mean: 0.7577232075916288, std: 0.17040349358505785
--------------------------------------------------
Subject Number: 3
Accuracy Cross: [0.46875, 0.71875, 0.65625, 0.65625, 0.625, 0.5454545454545454, 0.5454545454545454, 0.6666666666666666, 0.5454545454545454, 0.696969696969697, 0.5151515151515151, 0.45454545454545453, 0.5454545454545454, 0.6060606060606061, 0.5454545454545454]
 mean: 0.586111111111111, std: 0.07852997399484518
F1 Score: [0.464039408866995, 0.7046153846153846, 0.6476476476476476, 0.6389743589743591, 0.625, 0.47619047619047616, 0.5299145299145299, 0.6616961789375583, 0.4057623049219688, 0.6413043478260869, 0.47619047619047616, 0.4107142857142857, 0.4057623049219688, 0.5662285136501517, 0.4994944388270981]
 mean: 0.5435689771465991, std: 0.09989548511016975
Accuracy Intime: [0.7857142857142857, 0.6428571428571429, 0.8571428571428571, 0.75, 0.5, 0.5714285714285714, 0.5714285714285714, 0.8333333333333334, 0.6666666666666666, 0.5833333333333334, 0.7142857142857143, 0.6428571428571429, 0.75, 0.9166666666666666, 0.75]
 mean: 0.7023809523809523, std: 0.11509304790030153
F1 (Intime): [0.7846153846153847, 0.625668449197861, 0.8571428571428571, 0.7482517482517483, 0.3333333333333333, 0.36363636363636365, 0.475, 0.7777777777777777, 0.6571428571428571, 0.5555555555555556, 0.7083333333333333, 0.5238095238095237, 0.7482517482517483, 0.916083916083916, 0.7482517482517483]
 mean: 0.6548569730922673, std: 0.16704493669853893
--------------------------------------------------
Subject Number: 4
Accuracy Cross: [0.7272727272727273, 0.8484848484848485, 0.8787878787878788, 0.9393939393939394, 0.8484848484848485, 0.8484848484848485, 0.8484848484848485, 0.7878787878787878, 0.9393939393939394, 0.9393939393939394, 0.9696969696969697, 0.5454545454545454, 0.6666666666666666, 0.6060606060606061, 0.5757575757575758]
 mean: 0.7979797979797978, std: 0.13627007639628325
F1 Score: [0.6857142857142857, 0.8462255358807083, 0.8730769230769231, 0.9379699248120301, 0.8390243902439025, 0.8390243902439025, 0.8390243902439025, 0.7664307381193125, 0.9379699248120301, 0.9388888888888889, 0.9692451071761417, 0.4994944388270981, 0.6616961789375583, 0.5662285136501517, 0.5557692307692308]
 mean: 0.7837188574264046, std: 0.14877107189387093
Accuracy Intime: [0.7857142857142857, 0.8571428571428571, 0.8571428571428571, 1.0, 0.8333333333333334, 0.8571428571428571, 1.0, 0.7857142857142857, 0.8333333333333334, 0.9166666666666666, 1.0, 1.0, 1.0, 1.0, 0.9166666666666666]
 mean: 0.9095238095238095, std: 0.0815338593419862
F1 (Intime): [0.7543859649122806, 0.8444444444444444, 0.8571428571428571, 1.0, 0.8285714285714285, 0.8541666666666667, 1.0, 0.7543859649122806, 0.8285714285714285, 0.916083916083916, 1.0, 1.0, 1.0, 1.0, 0.916083916083916]
 mean: 0.9035891058259479, std: 0.08942743220319582
--------------------------------------------------
Subject Number: 5
Accuracy Cross: [0.59375, 0.65625, 0.53125, 0.6875, 0.71875, 0.5625, 0.5625, 0.4375, 0.78125, 0.75, 0.625, 0.4375, 0.65625, 0.71875, 0.53125]
 mean: 0.6166666666666667, std: 0.10299339245256897
F1 Score: [0.5835835835835836, 0.6101882613510521, 0.5076923076923077, 0.6825396825396826, 0.7046153846153846, 0.5333333333333333, 0.5465587044534412, 0.30434782608695654, 0.751937984496124, 0.746031746031746, 0.611336032388664, 0.34545454545454546, 0.6532019704433498, 0.716256157635468, 0.4684385382059801]
 mean: 0.5843677372207746, std: 0.13182892331265794
Accuracy Intime: [0.8571428571428571, 1.0, 0.8333333333333334, 0.6666666666666666, 0.75, 1.0, 1.0, 0.9166666666666666, 0.6666666666666666, 0.5833333333333334, 0.9285714285714286, 1.0, 0.8333333333333334, 0.75, 0.6666666666666666]
 mean: 0.8301587301587302, std: 0.1383868477389022
F1 (Intime): [0.8444444444444444, 1.0, 0.8125, 0.6571428571428571, 0.7333333333333334, 1.0, 1.0, 0.8991596638655461, 0.625, 0.5804195804195804, 0.9251336898395721, 1.0, 0.8285714285714285, 0.7482517482517483, 0.6666666666666666]
 mean: 0.8213748941690118, std: 0.14276659288082233
--------------------------------------------------
Subject Number: 6
Accuracy Cross: [0.65625, 0.53125, 0.59375, 0.625, 0.6875, 0.6363636363636364, 0.5151515151515151, 0.696969696969697, 0.6060606060606061, 0.696969696969697, 0.696969696969697, 0.5757575757575758, 0.7575757575757576, 0.7575757575757576, 0.7272727272727273]
 mean: 0.6506944444444446, std: 0.07342842083573606
F1 Score: [0.6101882613510521, 0.5076923076923077, 0.5733333333333333, 0.625, 0.6875, 0.5416666666666666, 0.38888888888888884, 0.6898496240601504, 0.5814634146341464, 0.6413043478260869, 0.6898496240601504, 0.5657894736842105, 0.7573529411764706, 0.7461538461538462, 0.723205964585275]
 mean: 0.6219492462741724, std: 0.09627306247281764
Accuracy Intime: [1.0, 0.9285714285714286, 0.8571428571428571, 0.8333333333333334, 0.75, 1.0, 0.8571428571428571, 0.9166666666666666, 0.8333333333333334, 0.8333333333333334, 0.8571428571428571, 0.9285714285714286, 0.9166666666666666, 0.75, 0.5833333333333334]
 mean: 0.8563492063492063, std: 0.10254385956404583
F1 (Intime): [1.0, 0.9251336898395721, 0.8444444444444444, 0.8333333333333334, 0.7333333333333334, 1.0, 0.8571428571428571, 0.9111111111111111, 0.8285714285714285, 0.8333333333333334, 0.8571428571428571, 0.9282051282051282, 0.9111111111111111, 0.7482517482517483, 0.5555555555555556]
 mean: 0.8511113287583876, std: 0.10832688690774078
--------------------------------------------------
Subject Number: 7
Accuracy Cross: [0.5625, 0.71875, 0.53125, 0.6875, 0.625, 0.5625, 0.4375, 0.5625, 0.59375, 0.6875, 0.53125, 0.53125, 0.53125, 0.84375, 0.78125]
 mean: 0.6125, std: 0.10631125685144227
F1 Score: [0.5333333333333333, 0.7046153846153846, 0.5076923076923077, 0.6761133603238867, 0.6235294117647059, 0.5607843137254902, 0.4285714285714286, 0.5465587044534412, 0.5901477832512315, 0.6135265700483092, 0.5270935960591133, 0.5195195195195195, 0.5076923076923077, 0.8303287380699894, 0.7810361681329423]
 mean: 0.5967028618168927, std: 0.1065500064185226
Accuracy Intime: [0.6428571428571429, 0.8571428571428571, 0.6666666666666666, 0.5833333333333334, 0.75, 0.9285714285714286, 0.7142857142857143, 0.9166666666666666, 0.8333333333333334, 0.6666666666666666, 0.9285714285714286, 0.7142857142857143, 0.6666666666666666, 0.5, 0.6666666666666666]
 mean: 0.7357142857142855, std: 0.12622790699727646
F1 (Intime): [0.5238095238095237, 0.8571428571428571, 0.4, 0.4957983193277311, 0.7333333333333334, 0.9251336898395721, 0.6888888888888889, 0.8991596638655461, 0.8285714285714285, 0.625, 0.9282051282051282, 0.7083333333333333, 0.4, 0.3333333333333333, 0.6571428571428571]
 mean: 0.6669234904529022, std: 0.1937683479248995
--------------------------------------------------
Subject Number: 8
Accuracy Cross: [0.8125, 0.84375, 0.90625, 0.75, 0.875, 0.90625, 0.875, 0.90625, 0.90625, 0.8125, 0.75, 0.9375, 0.90625, 0.90625, 0.84375]
 mean: 0.8625, std: 0.05682575707077439
F1 Score: [0.8, 0.8435972629521017, 0.9015384615384616, 0.7408906882591093, 0.8704453441295547, 0.9015384615384616, 0.8666666666666667, 0.9015384615384616, 0.9039039039039038, 0.7922077922077921, 0.7490196078431373, 0.9352226720647774, 0.9015384615384616, 0.9015384615384616, 0.8303287380699894]
 mean: 0.8559983322526227, std: 0.058864513465927956
Accuracy Intime: [0.9285714285714286, 1.0, 0.8333333333333334, 1.0, 0.8333333333333334, 1.0, 0.8571428571428571, 1.0, 0.9166666666666666, 0.6666666666666666, 0.9285714285714286, 1.0, 0.9166666666666666, 1.0, 0.9166666666666666]
 mean: 0.9198412698412697, std: 0.09008548332484262
F1 (Intime): [0.9251336898395721, 1.0, 0.8125, 1.0, 0.8285714285714285, 1.0, 0.8541666666666667, 1.0, 0.916083916083916, 0.625, 0.9251336898395721, 1.0, 0.8991596638655461, 1.0, 0.916083916083916]
 mean: 0.913455531396708, std: 0.0998497908497778
--------------------------------------------------
Subject Number: 9
Accuracy Cross: [0.78125, 0.96875, 0.875, 0.78125, 0.78125, 0.5625, 0.53125, 0.625, 0.59375, 0.71875, 0.75, 0.96875, 0.8125, 0.8125, 0.84375]
 mean: 0.7604166666666666, std: 0.12993721774593897
F1 Score: [0.751937984496124, 0.967967967967968, 0.8666666666666667, 0.751937984496124, 0.751937984496124, 0.5151515151515151, 0.4909862142099682, 0.6190476190476191, 0.5835835835835836, 0.718475073313783, 0.722943722943723, 0.9684729064039409, 0.7922077922077921, 0.8, 0.8358974358974359]
 mean: 0.742480963392158, std: 0.13868078882221402
Accuracy Intime: [1.0, 0.7857142857142857, 0.9166666666666666, 0.9166666666666666, 0.5, 0.9285714285714286, 1.0, 1.0, 1.0, 0.8333333333333334, 1.0, 0.9285714285714286, 0.8333333333333334, 0.9166666666666666, 0.8333333333333334]
 mean: 0.8928571428571429, std: 0.1259881576697424
F1 (Intime): [1.0, 0.7846153846153847, 0.8991596638655461, 0.916083916083916, 0.3333333333333333, 0.9282051282051282, 1.0, 1.0, 1.0, 0.8285714285714285, 1.0, 0.9251336898395721, 0.7777777777777777, 0.916083916083916, 0.8285714285714285]
 mean: 0.8758357111298288, std: 0.16386044946176387
--------------------------------------------------
Subject Number: 10
Accuracy Cross: [0.625, 0.90625, 0.75, 0.8125, 0.9375, 0.75, 0.625, 0.65625, 0.8125, 0.78125, 0.6363636363636364, 0.5757575757575758, 0.6363636363636364, 0.6666666666666666, 0.7575757575757576]
 mean: 0.7285984848484849, std: 0.10479082974269958
F1 Score: [0.5, 0.9054187192118226, 0.722943722943723, 0.7922077922077921, 0.9352226720647774, 0.7490196078431373, 0.611336032388664, 0.6101882613510521, 0.8125, 0.7757757757757757, 0.5695652173913044, 0.5753676470588236, 0.6278195488721805, 0.6329625884732053, 0.7573529411764706]
 mean: 0.7051787017839152, std: 0.1234021605115217
Accuracy Intime: [0.8571428571428571, 0.9285714285714286, 0.8333333333333334, 0.6666666666666666, 0.8333333333333334, 0.9285714285714286, 0.8571428571428571, 0.8333333333333334, 1.0, 0.9166666666666666, 0.7857142857142857, 0.9285714285714286, 0.9166666666666666, 0.8333333333333334, 1.0]
 mean: 0.8746031746031747, std: 0.08257783001250518
F1 (Intime): [0.8444444444444444, 0.9251336898395721, 0.7777777777777777, 0.625, 0.8285714285714285, 0.9251336898395721, 0.8444444444444444, 0.7777777777777777, 1.0, 0.916083916083916, 0.7543859649122806, 0.9282051282051282, 0.8991596638655461, 0.8285714285714285, 1.0]
 mean: 0.8583126236222213, std: 0.09637865733057839
--------------------------------------------------
Subject Number: 11
Accuracy Cross: [0.3333333333333333, 0.36363636363636365, 0.3939393939393939, 0.48484848484848486, 0.42424242424242425, 0.5757575757575758, 0.6060606060606061, 0.5454545454545454, 0.5454545454545454, 0.5757575757575758, 0.42424242424242425, 0.6363636363636364, 0.5757575757575758, 0.6363636363636364, 0.45454545454545453]
 mean: 0.5050505050505051, std: 0.09688548531944888
F1 Score: [0.33272058823529416, 0.32390243902439025, 0.38888888888888884, 0.3717805151175812, 0.42424242424242425, 0.4225, 0.4849939975990396, 0.4057623049219688, 0.35294117647058826, 0.4225, 0.4045584045584045, 0.5695652173913044, 0.4652777777777778, 0.6071428571428572, 0.44172932330827064]
 mean: 0.42790039431191923, std: 0.07673174738978308
Accuracy Intime: [0.6428571428571429, 1.0, 1.0, 0.9166666666666666, 0.5833333333333334, 0.7142857142857143, 0.7142857142857143, 0.7857142857142857, 0.6666666666666666, 0.75, 0.5714285714285714, 0.7857142857142857, 0.6428571428571429, 0.5833333333333334, 0.5833333333333334]
 mean: 0.7293650793650794, std: 0.14062184180826962
F1 (Intime): [0.5238095238095237, 1.0, 1.0, 0.916083916083916, 0.5804195804195804, 0.65, 0.7083333333333333, 0.7846153846153847, 0.6571428571428571, 0.7482517482517483, 0.5714285714285714, 0.7846153846153847, 0.5238095238095237, 0.5804195804195804, 0.4957983193277311]
 mean: 0.7016485148838091, std: 0.16260780868375888
--------------------------------------------------
Subject Number: 12
Accuracy Cross: [0.84375, 0.9375, 0.78125, 0.8125, 0.71875, 0.8181818181818182, 0.5757575757575758, 0.9393939393939394, 0.6666666666666666, 0.8484848484848485, 0.59375, 0.71875, 0.75, 0.78125, 0.78125]
 mean: 0.77114898989899, std: 0.10261975044955204
F1 Score: [0.8358974358974359, 0.9352226720647774, 0.7702564102564102, 0.8095238095238095, 0.6631578947368422, 0.8035714285714286, 0.5416666666666666, 0.9388888888888889, 0.593505039193729, 0.8390243902439025, 0.5933528836754643, 0.7046153846153846, 0.722943722943723, 0.7624602332979851, 0.751937984496124]
 mean: 0.7510683230048382, std: 0.11402353146731345
Accuracy Intime: [1.0, 1.0, 0.8333333333333334, 0.6666666666666666, 0.5, 0.9285714285714286, 0.7857142857142857, 1.0, 0.6666666666666666, 0.9166666666666666, 1.0, 0.9285714285714286, 1.0, 0.8333333333333334, 0.8333333333333334]
 mean: 0.8595238095238096, std: 0.14665584375651897
F1 (Intime): [1.0, 1.0, 0.7777777777777777, 0.6666666666666666, 0.3333333333333333, 0.9251336898395721, 0.7754010695187166, 1.0, 0.625, 0.916083916083916, 1.0, 0.9282051282051282, 1.0, 0.8285714285714285, 0.8285714285714285]
 mean: 0.8403162959045313, std: 0.1807579520114322
--------------------------------------------------
Subject Number: 13
Accuracy Cross: [0.96875, 0.84375, 1.0, 1.0, 0.9375, 0.9393939393939394, 0.7878787878787878, 0.9696969696969697, 0.9090909090909091, 0.9090909090909091, 0.84375, 0.8125, 0.875, 0.875, 0.90625]
 mean: 0.9051767676767676, std: 0.06332470379241342
F1 Score: [0.9684729064039409, 0.8303287380699894, 1.0, 1.0, 0.9365079365079365, 0.9393382352941176, 0.7870967741935484, 0.9692451071761417, 0.905982905982906, 0.905982905982906, 0.8435972629521017, 0.8, 0.873015873015873, 0.8704453441295547, 0.9015384615384616]
 mean: 0.902103496749832, std: 0.0657041091319012
Accuracy Intime: [0.9285714285714286, 0.7857142857142857, 1.0, 1.0, 1.0, 0.9285714285714286, 0.9285714285714286, 1.0, 1.0, 0.9166666666666666, 1.0, 1.0, 0.9166666666666666, 1.0, 1.0]
 mean: 0.9603174603174602, std: 0.058590567699338895
F1 (Intime): [0.9282051282051282, 0.7754010695187166, 1.0, 1.0, 1.0, 0.9251336898395721, 0.9282051282051282, 1.0, 1.0, 0.916083916083916, 1.0, 1.0, 0.8991596638655461, 1.0, 1.0]
 mean: 0.9581459063812006, std: 0.061802295774083936
--------------------------------------------------
Subject Number: 14
Accuracy Cross: [0.875, 0.71875, 0.875, 0.71875, 0.5625, 0.96875, 0.90625, 0.8125, 0.875, 0.90625, 0.9375, 0.78125, 0.90625, 0.84375, 0.875]
 mean: 0.8375, std: 0.10155048005794952
F1 Score: [0.873015873015873, 0.7117117117117118, 0.873015873015873, 0.716256157635468, 0.36, 0.9684729064039409, 0.906158357771261, 0.8117647058823529, 0.8666666666666667, 0.9015384615384616, 0.9365079365079365, 0.7757757757757757, 0.9054187192118226, 0.8423645320197044, 0.8666666666666667]
 mean: 0.8210222895882343, std: 0.14225812260317855
Accuracy Intime: [0.8571428571428571, 1.0, 0.9166666666666666, 1.0, 0.9166666666666666, 1.0, 0.9285714285714286, 0.8333333333333334, 1.0, 0.9166666666666666, 1.0, 0.7857142857142857, 0.9166666666666666, 0.8333333333333334, 1.0]
 mean: 0.926984126984127, std: 0.07061262355408009
F1 (Intime): [0.8541666666666667, 1.0, 0.8991596638655461, 1.0, 0.916083916083916, 1.0, 0.9251336898395721, 0.8125, 1.0, 0.916083916083916, 1.0, 0.7846153846153847, 0.8991596638655461, 0.8285714285714285, 1.0]
 mean: 0.9223649553061318, std: 0.07385581708000435
--------------------------------------------------
Subject Number: 15
Accuracy Cross: [0.8125, 0.875, 0.78125, 0.75, 0.875, 0.96875, 0.71875, 0.65625, 0.71875, 0.9375, 0.625, 0.5, 0.65625, 0.65625, 0.5]
 mean: 0.7354166666666667, std: 0.1378152950711769
F1 Score: [0.7922077922077921, 0.8666666666666667, 0.751937984496124, 0.7408906882591093, 0.8666666666666667, 0.9684729064039409, 0.6631578947368422, 0.6389743589743591, 0.6631578947368422, 0.9372549019607843, 0.6235294117647059, 0.4458874458874459, 0.6532019704433498, 0.6559139784946236, 0.4920634920634921]
 mean: 0.7173322702508497, std: 0.145262953923099
Accuracy Intime: [0.8571428571428571, 1.0, 0.8333333333333334, 1.0, 0.9166666666666666, 0.7142857142857143, 0.8571428571428571, 1.0, 0.8333333333333334, 0.8333333333333334, 1.0, 1.0, 1.0, 1.0, 1.0]
 mean: 0.9230158730158731, std: 0.09085828535215035
F1 (Intime): [0.8444444444444444, 1.0, 0.7777777777777777, 1.0, 0.916083916083916, 0.65, 0.8444444444444444, 1.0, 0.8285714285714285, 0.8285714285714285, 1.0, 1.0, 1.0, 1.0, 1.0]
 mean: 0.9126595626595627, std: 0.10697972306295174
--------------------------------------------------
Subject Number: 16
Accuracy Cross: [0.53125, 0.53125, 0.59375, 0.65625, 0.65625, 0.65625, 0.625, 0.625, 0.65625, 0.6875, 0.59375, 0.46875, 0.5625, 0.59375, 0.375]
 mean: 0.5875, std: 0.08084836629971773
F1 Score: [0.5076923076923077, 0.4909862142099682, 0.5933528836754643, 0.6532019704433498, 0.6559139784946236, 0.6559139784946236, 0.6190476190476191, 0.611336032388664, 0.6267232237539766, 0.6536796536796536, 0.4340136054421769, 0.4231177094379639, 0.4166666666666667, 0.539313399778516, 0.375]
 mean: 0.5503972828803716, std: 0.09779925287457766
Accuracy Intime: [0.7857142857142857, 0.6428571428571429, 0.8333333333333334, 0.9166666666666666, 0.6666666666666666, 0.7142857142857143, 0.6428571428571429, 0.9166666666666666, 0.8333333333333334, 0.8333333333333334, 0.8571428571428571, 0.7857142857142857, 0.9166666666666666, 0.9166666666666666, 0.5]
 mean: 0.7841269841269841, std: 0.12170577343941313
F1 (Intime): [0.7846153846153847, 0.5238095238095237, 0.7777777777777777, 0.916083916083916, 0.6571428571428571, 0.65, 0.5238095238095237, 0.9111111111111111, 0.8333333333333334, 0.8285714285714285, 0.8541666666666667, 0.7754010695187166, 0.8991596638655461, 0.916083916083916, 0.3333333333333333]
 mean: 0.745626633714869, std: 0.16817207662598693
--------------------------------------------------
Subject Number: 17
Accuracy Cross: [0.6060606060606061, 0.5454545454545454, 0.5757575757575758, 0.5454545454545454, 0.7878787878787878, 0.45454545454545453, 0.3939393939393939, 0.6363636363636364, 0.7878787878787878, 0.5151515151515151, 0.71875, 0.59375, 0.40625, 0.4375, 0.46875]
 mean: 0.5648989898989899, std: 0.1227850645407581
F1 Score: [0.5662285136501517, 0.35294117647058826, 0.4225, 0.35294117647058826, 0.7746341463414634, 0.45, 0.3181818181818182, 0.6192307692307693, 0.7746341463414634, 0.45454545454545453, 0.694591728525981, 0.5933528836754643, 0.3552492046659597, 0.43529411764705883, 0.4231177094379639]
 mean: 0.505829523012315, std: 0.14909824843793407
Accuracy Intime: [0.9285714285714286, 0.7142857142857143, 0.75, 0.5, 0.6666666666666666, 1.0, 1.0, 0.75, 0.75, 0.75, 1.0, 0.9285714285714286, 0.7857142857142857, 0.9166666666666666, 0.75]
 mean: 0.8126984126984128, std: 0.1395426788981206
F1 (Intime): [0.9251336898395721, 0.7083333333333333, 0.6974789915966386, 0.3333333333333333, 0.6571428571428571, 1.0, 1.0, 0.6210526315789473, 0.7482517482517483, 0.7333333333333334, 1.0, 0.9251336898395721, 0.7846153846153847, 0.916083916083916, 0.7333333333333334]
 mean: 0.7855484161521316, std: 0.17561027410938046
--------------------------------------------------
Subject Number: 18
Accuracy Cross: [0.9090909090909091, 0.6363636363636364, 0.8484848484848485, 0.8787878787878788, 0.8787878787878788, 0.9375, 0.9375, 0.9375, 0.78125, 0.875, 0.8125, 0.96875, 0.9375, 0.9375, 0.96875]
 mean: 0.8830176767676768, std: 0.08472767900053364
F1 Score: [0.905982905982906, 0.6278195488721805, 0.8484848484848485, 0.8777777777777778, 0.8730769230769231, 0.9372549019607843, 0.9372549019607843, 0.9365079365079365, 0.751937984496124, 0.8745098039215686, 0.8117647058823529, 0.967967967967968, 0.9352226720647774, 0.9352226720647774, 0.967967967967968]
 mean: 0.8792502345993118, std: 0.08858856843715635
Accuracy Intime: [1.0, 0.8571428571428571, 1.0, 0.9166666666666666, 0.9166666666666666, 1.0, 1.0, 1.0, 1.0, 0.8333333333333334, 1.0, 1.0, 1.0, 0.8333333333333334, 0.9166666666666666]
 mean: 0.9515873015873015, std: 0.0641041920835196
F1 (Intime): [1.0, 0.8444444444444444, 1.0, 0.916083916083916, 0.916083916083916, 1.0, 1.0, 1.0, 1.0, 0.8285714285714285, 1.0, 1.0, 1.0, 0.8285714285714285, 0.916083916083916]
 mean: 0.9499892699892701, std: 0.06662465596890335
--------------------------------------------------
Subject Number: 19
Accuracy Cross: [0.625, 0.8125, 0.71875, 0.59375, 0.75, 0.78125, 0.5625, 0.625, 0.75, 0.71875, 0.40625, 0.4375, 0.4375, 0.46875, 0.75]
 mean: 0.6291666666666667, std: 0.13446782969254106
F1 Score: [0.536231884057971, 0.7922077922077921, 0.694591728525981, 0.5588547189819725, 0.722943722943723, 0.751937984496124, 0.4166666666666667, 0.536231884057971, 0.7090909090909091, 0.7046153846153846, 0.3266888150609081, 0.34545454545454546, 0.30434782608695654, 0.36374269005847953, 0.7490196078431373]
 mean: 0.5675084106765681, std: 0.17116564020763714
Accuracy Intime: [0.6428571428571429, 0.7857142857142857, 0.9166666666666666, 0.6666666666666666, 0.8333333333333334, 1.0, 0.7857142857142857, 0.75, 0.8333333333333334, 0.75, 1.0, 1.0, 0.9166666666666666, 1.0, 0.9166666666666666]
 mean: 0.8531746031746031, std: 0.11790456530827863
F1 (Intime): [0.5238095238095237, 0.7543859649122806, 0.8991596638655461, 0.625, 0.8285714285714285, 1.0, 0.7543859649122806, 0.6974789915966386, 0.8285714285714285, 0.7333333333333334, 1.0, 1.0, 0.9111111111111111, 1.0, 0.916083916083916]
 mean: 0.8314594217844992, std: 0.14340234294702128
--------------------------------------------------
Subject Number: 20
Accuracy Cross: [0.84375, 0.78125, 0.71875, 0.78125, 0.53125, 0.65625, 0.6875, 0.65625, 0.71875, 0.78125, 0.696969696969697, 0.6060606060606061, 0.6363636363636364, 0.6666666666666666, 0.8787878787878788]
 mean: 0.7094065656565657, std: 0.08879382722457936
F1 Score: [0.8303287380699894, 0.7793103448275862, 0.7046153846153846, 0.7624602332979851, 0.5195195195195195, 0.6559139784946236, 0.6862745098039216, 0.6389743589743591, 0.7117117117117118, 0.7624602332979851, 0.6944444444444444, 0.5925925925925926, 0.6360294117647058, 0.6616961789375583, 0.8730769230769231]
 mean: 0.7006272375619528, std: 0.08822032699086754
Accuracy Intime: [1.0, 0.8571428571428571, 0.8333333333333334, 0.6666666666666666, 0.9166666666666666, 1.0, 0.9285714285714286, 0.9166666666666666, 0.75, 0.5833333333333334, 1.0, 1.0, 0.9166666666666666, 0.5833333333333334, 0.6666666666666666]
 mean: 0.8412698412698413, std: 0.14790465628903582
F1 (Intime): [1.0, 0.8444444444444444, 0.7777777777777777, 0.625, 0.916083916083916, 1.0, 0.9251336898395721, 0.8991596638655461, 0.7333333333333334, 0.4957983193277311, 1.0, 1.0, 0.8991596638655461, 0.4957983193277311, 0.6666666666666666]
 mean: 0.8185570529688175, std: 0.1720518165420222
--------------------------------------------------
Subject Number: 21
Accuracy Cross: [0.3125, 0.4375, 0.375, 0.3125, 0.5625, 0.5625, 0.625, 0.46875, 0.59375, 0.46875, 0.40625, 0.46875, 0.21875, 0.40625, 0.5625]
 mean: 0.45208333333333334, std: 0.11288514320120055
F1 Score: [0.26666666666666666, 0.41700404858299595, 0.36507936507936506, 0.30980392156862746, 0.45893719806763283, 0.4166666666666667, 0.536231884057971, 0.4420512820512821, 0.5134502923976608, 0.464039408866995, 0.3913913913913914, 0.464039408866995, 0.2179863147605083, 0.3913913913913914, 0.5555555555555556]
 mean: 0.4140196530647804, std: 0.09205072359193166
Accuracy Intime: [0.6428571428571429, 0.7142857142857143, 0.6666666666666666, 0.5833333333333334, 0.5, 0.5714285714285714, 0.6428571428571429, 0.8333333333333334, 0.75, 0.6666666666666666, 0.5714285714285714, 0.5714285714285714, 0.6666666666666666, 0.5833333333333334, 0.8333333333333334]
 mean: 0.6531746031746033, std: 0.09382550289607397
F1 (Intime): [0.5238095238095237, 0.7083333333333333, 0.625, 0.5804195804195804, 0.3333333333333333, 0.36363636363636365, 0.625668449197861, 0.8125, 0.7333333333333334, 0.625, 0.36363636363636365, 0.36363636363636365, 0.625, 0.5555555555555556, 0.8285714285714285]
 mean: 0.5778289085642025, std: 0.1568340213371588
--------------------------------------------------
Subject Number: 22
Accuracy Cross: [0.71875, 0.78125, 0.75, 0.875, 0.875, 0.7272727272727273, 0.9090909090909091, 0.7878787878787878, 0.7272727272727273, 0.8787878787878788, 0.8125, 0.875, 0.71875, 0.78125, 0.84375]
 mean: 0.8041035353535353, std: 0.06528540926025782
F1 Score: [0.718475073313783, 0.7810361681329423, 0.7090909090909091, 0.8666666666666667, 0.8666666666666667, 0.6857142857142857, 0.907735321528425, 0.7664307381193125, 0.6857142857142857, 0.8786764705882353, 0.8056680161943319, 0.8745098039215686, 0.716256157635468, 0.751937984496124, 0.8358974358974359]
 mean: 0.7900317322453627, std: 0.07479326144816814
Accuracy Intime: [0.9285714285714286, 0.9285714285714286, 0.75, 0.8333333333333334, 0.75, 1.0, 1.0, 0.9166666666666666, 0.8333333333333334, 0.75, 1.0, 1.0, 1.0, 0.9166666666666666, 0.9166666666666666]
 mean: 0.9015873015873015, std: 0.09267041325346186
F1 (Intime): [0.9251336898395721, 0.9251336898395721, 0.6210526315789473, 0.8285714285714285, 0.7482517482517483, 1.0, 1.0, 0.8991596638655461, 0.8333333333333334, 0.7482517482517483, 1.0, 1.0, 1.0, 0.916083916083916, 0.916083916083916]
 mean: 0.8907370510466486, std: 0.11072718596783371
--------------------------------------------------
Subject Number: 23
Accuracy Cross: [0.696969696969697, 0.9090909090909091, 0.9696969696969697, 0.7878787878787878, 0.9696969696969697, 0.5, 0.625, 0.59375, 0.78125, 0.75, 0.9090909090909091, 0.7272727272727273, 0.7878787878787878, 0.7575757575757576, 0.7575757575757576]
 mean: 0.7681818181818181, std: 0.1296208394577526
F1 Score: [0.6726190476190477, 0.907735321528425, 0.9692451071761417, 0.7664307381193125, 0.9692451071761417, 0.4181818181818182, 0.6, 0.5588547189819725, 0.7810361681329423, 0.7490196078431373, 0.905982905982906, 0.6857142857142857, 0.7664307381193125, 0.7272727272727273, 0.7272727272727273]
 mean: 0.7470027346080598, std: 0.14765063919408722
Accuracy Intime: [0.7857142857142857, 0.9285714285714286, 1.0, 0.6666666666666666, 0.75, 1.0, 1.0, 1.0, 1.0, 0.9166666666666666, 1.0, 1.0, 1.0, 0.75, 0.8333333333333334]
 mean: 0.9087301587301587, std: 0.11457195195313388
F1 (Intime): [0.7754010695187166, 0.9251336898395721, 1.0, 0.6571428571428571, 0.7482517482517483, 1.0, 1.0, 1.0, 1.0, 0.916083916083916, 1.0, 1.0, 1.0, 0.7482517482517483, 0.8285714285714285]
 mean: 0.9065890971773326, std: 0.11716106908719119
--------------------------------------------------
Subject Number: 24
Accuracy Cross: [0.59375, 0.53125, 0.46875, 0.5625, 0.53125, 0.65625, 0.71875, 0.625, 0.75, 0.59375, 0.625, 0.59375, 0.5625, 0.53125, 0.46875]
 mean: 0.5875, std: 0.07756046028744286
F1 Score: [0.5835835835835836, 0.530791788856305, 0.39756367663344405, 0.5465587044534412, 0.5076923076923077, 0.6267232237539766, 0.7046153846153846, 0.6, 0.722943722943723, 0.5134502923976608, 0.5636363636363637, 0.539313399778516, 0.5465587044534412, 0.5270935960591133, 0.464039408866995]
 mean: 0.558304277181617, std: 0.08052524191017621
Accuracy Intime: [0.5714285714285714, 0.6428571428571429, 0.8333333333333334, 0.75, 0.75, 0.6428571428571429, 0.6428571428571429, 0.5833333333333334, 0.8333333333333334, 0.5833333333333334, 0.6428571428571429, 0.8571428571428571, 0.5833333333333334, 0.8333333333333334, 0.5833333333333334]
 mean: 0.688888888888889, std: 0.10494812693632355
F1 (Intime): [0.5333333333333333, 0.641025641025641, 0.8125, 0.7482517482517483, 0.7482517482517483, 0.5238095238095237, 0.5906432748538011, 0.5804195804195804, 0.8285714285714285, 0.5804195804195804, 0.5906432748538011, 0.8571428571428571, 0.5804195804195804, 0.8285714285714285, 0.5804195804195804]
 mean: 0.6682948386895755, std: 0.11644858264649864
--------------------------------------------------
Subject Number: 25
Accuracy Cross: [0.5757575757575758, 0.48484848484848486, 0.6666666666666666, 0.5757575757575758, 0.6060606060606061, 0.6875, 0.71875, 0.65625, 0.53125, 0.78125, 0.78125, 0.5, 0.625, 0.6875, 0.5625]
 mean: 0.6293560606060605, std: 0.08982532129403702
F1 Score: [0.4225, 0.4672364672364672, 0.6654377880184332, 0.4652777777777778, 0.6001863932898416, 0.6761133603238867, 0.7046153846153846, 0.6101882613510521, 0.5270935960591133, 0.7624602332979851, 0.7624602332979851, 0.4980392156862745, 0.5636363636363637, 0.6363636363636364, 0.49090909090909085]
 mean: 0.5901678534575527, std: 0.10645795184448266
Accuracy Intime: [0.7857142857142857, 0.7142857142857143, 0.8333333333333334, 0.75, 0.9166666666666666, 0.7857142857142857, 0.6428571428571429, 0.6666666666666666, 0.8333333333333334, 0.75, 0.7142857142857143, 0.6428571428571429, 0.6666666666666666, 0.6666666666666666, 0.5]
 mean: 0.7246031746031745, std: 0.09777056250434599
F1 (Intime): [0.7846153846153847, 0.7083333333333333, 0.7777777777777777, 0.7333333333333334, 0.916083916083916, 0.7543859649122806, 0.641025641025641, 0.5555555555555556, 0.8285714285714285, 0.7482517482517483, 0.7083333333333333, 0.5906432748538011, 0.4, 0.625, 0.3333333333333333]
 mean: 0.6736829349987244, std: 0.150321826564593
--------------------------------------------------
Subject Number: 26
Accuracy Cross: [0.9090909090909091, 0.8181818181818182, 0.9696969696969697, 0.9393939393939394, 0.9696969696969697, 0.46875, 0.9375, 0.46875, 0.5, 0.90625, 0.9375, 0.875, 0.96875, 0.78125, 0.9375]
 mean: 0.825820707070707, std: 0.18095480598621644
F1 Score: [0.9090909090909091, 0.8180147058823529, 0.9692451071761417, 0.9379699248120301, 0.9692451071761417, 0.36374269005847953, 0.9352226720647774, 0.36374269005847953, 0.4181818181818182, 0.9015384615384616, 0.9352226720647774, 0.8666666666666667, 0.967967967967968, 0.751937984496124, 0.9352226720647774]
 mean: 0.8028674699533269, std: 0.2183246436434331
Accuracy Intime: [1.0, 0.9285714285714286, 1.0, 1.0, 1.0, 1.0, 1.0, 1.0, 1.0, 1.0, 1.0, 1.0, 1.0, 0.9166666666666666, 1.0]
 mean: 0.9896825396825396, std: 0.026394109759231572
F1 (Intime): [1.0, 0.9251336898395721, 1.0, 1.0, 1.0, 1.0, 1.0, 1.0, 1.0, 1.0, 1.0, 1.0, 1.0, 0.916083916083916, 1.0]
 mean: 0.989414507061566, std: 0.027038347614211505
--------------------------------------------------
Subject Number: 27
Accuracy Cross: [0.6060606060606061, 0.5454545454545454, 0.5757575757575758, 0.5454545454545454, 0.7878787878787878, 0.45454545454545453, 0.3939393939393939, 0.6363636363636364, 0.7878787878787878, 0.5151515151515151, 0.71875, 0.59375, 0.40625, 0.4375, 0.46875]
 mean: 0.5648989898989899, std: 0.1227850645407581
F1 Score: [0.5662285136501517, 0.35294117647058826, 0.4225, 0.35294117647058826, 0.7746341463414634, 0.45, 0.3181818181818182, 0.6192307692307693, 0.7746341463414634, 0.45454545454545453, 0.694591728525981, 0.5933528836754643, 0.3552492046659597, 0.43529411764705883, 0.4231177094379639]
 mean: 0.505829523012315, std: 0.14909824843793407
Accuracy Intime: [0.9285714285714286, 0.7142857142857143, 0.75, 0.5, 0.6666666666666666, 1.0, 1.0, 0.75, 0.75, 0.75, 1.0, 0.9285714285714286, 0.7857142857142857, 0.9166666666666666, 0.75]
 mean: 0.8126984126984128, std: 0.1395426788981206
F1 (Intime): [0.9251336898395721, 0.7083333333333333, 0.6974789915966386, 0.3333333333333333, 0.6571428571428571, 1.0, 1.0, 0.6210526315789473, 0.7482517482517483, 0.7333333333333334, 1.0, 0.9251336898395721, 0.7846153846153847, 0.916083916083916, 0.7333333333333334]
 mean: 0.7855484161521316, std: 0.17561027410938046
--------------------------------------------------
Subject Number: 28
Accuracy Cross: [0.65625, 0.75, 0.5625, 0.625, 0.4375, 0.375, 0.46875, 0.375, 0.53125, 0.53125, 0.4375, 0.40625, 0.40625, 0.40625, 0.40625]
 mean: 0.49166666666666664, std: 0.11031835245728104
F1 Score: [0.5883040935672514, 0.7333333333333334, 0.5607843137254902, 0.6, 0.41700404858299595, 0.3522267206477733, 0.4231177094379639, 0.36507936507936506, 0.5076923076923077, 0.5195195195195195, 0.41700404858299595, 0.3913913913913914, 0.28888888888888886, 0.3552492046659597, 0.28888888888888886]
 mean: 0.4538989222669416, std: 0.12277617040886046
Accuracy Intime: [0.7142857142857143, 0.9285714285714286, 0.75, 0.8333333333333334, 0.5, 0.6428571428571429, 0.6428571428571429, 0.75, 0.75, 0.6666666666666666, 0.8571428571428571, 1.0, 0.9166666666666666, 0.75, 0.6666666666666666]
 mean: 0.7579365079365079, std: 0.12656179769952802
F1 (Intime): [0.6888888888888889, 0.9251336898395721, 0.6974789915966386, 0.8333333333333334, 0.5, 0.5238095238095237, 0.5906432748538011, 0.7333333333333334, 0.7482517482517483, 0.6571428571428571, 0.8571428571428571, 1.0, 0.9111111111111111, 0.7333333333333334, 0.6571428571428571]
 mean: 0.7371163866519904, std: 0.14104752268187126
--------------------------------------------------
Subject Number: 29
Accuracy Cross: [0.84375, 0.90625, 0.9375, 0.84375, 0.90625, 0.96875, 0.90625, 0.96875, 0.90625, 0.9375, 0.9696969696969697, 1.0, 1.0, 0.9090909090909091, 0.9696969696969697]
 mean: 0.9315656565656565, std: 0.047330131122901076
F1 Score: [0.8303287380699894, 0.9015384615384616, 0.9352226720647774, 0.8303287380699894, 0.9015384615384616, 0.9684729064039409, 0.906158357771261, 0.967967967967968, 0.9015384615384616, 0.9352226720647774, 0.9695852534562213, 1.0, 1.0, 0.9087557603686636, 0.9695852534562213]
 mean: 0.9284162469539462, std: 0.05111508860627491
Accuracy Intime: [1.0, 1.0, 1.0, 1.0, 1.0, 1.0, 1.0, 1.0, 1.0, 0.8333333333333334, 1.0, 1.0, 1.0, 1.0, 0.8333333333333334]
 mean: 0.9777777777777779, std: 0.05665577237325316
F1 (Intime): [1.0, 1.0, 1.0, 1.0, 1.0, 1.0, 1.0, 1.0, 1.0, 0.8285714285714285, 1.0, 1.0, 1.0, 1.0, 0.8333333333333334]
 mean: 0.9774603174603176, std: 0.057471716838211555
--------------------------------------------------
**************************************************
accuracy_cross_list: [0.9131944444444444, 0.6936237373737374, 0.586111111111111, 0.7979797979797978, 0.6166666666666667, 0.6506944444444446, 0.6125, 0.8625, 0.7604166666666666, 0.7285984848484849, 0.5050505050505051, 0.77114898989899, 0.9051767676767676, 0.8375, 0.7354166666666667, 0.5875, 0.5648989898989899, 0.8830176767676768, 0.6291666666666667, 0.7094065656565657, 0.45208333333333334, 0.8041035353535353, 0.7681818181818181, 0.5875, 0.6293560606060605, 0.825820707070707, 0.5648989898989899, 0.49166666666666664, 0.9315656565656565]
f1_score_list: [0.9094867541469029, 0.6785447066253318, 0.5435689771465991, 0.7837188574264046, 0.5843677372207746, 0.6219492462741724, 0.5967028618168927, 0.8559983322526227, 0.742480963392158, 0.7051787017839152, 0.42790039431191923, 0.7510683230048382, 0.902103496749832, 0.8210222895882343, 0.7173322702508497, 0.5503972828803716, 0.505829523012315, 0.8792502345993118, 0.5675084106765681, 0.7006272375619528, 0.4140196530647804, 0.7900317322453627, 0.7470027346080598, 0.558304277181617, 0.5901678534575527, 0.8028674699533269, 0.505829523012315, 0.4538989222669416, 0.9284162469539462]
accuracy_intime_list: [0.9722222222222222, 0.7888888888888886, 0.7023809523809523, 0.9095238095238095, 0.8301587301587302, 0.8563492063492063, 0.7357142857142855, 0.9198412698412697, 0.8928571428571429, 0.8746031746031747, 0.7293650793650794, 0.8595238095238096, 0.9603174603174602, 0.926984126984127, 0.9230158730158731, 0.7841269841269841, 0.8126984126984128, 0.9515873015873015, 0.8531746031746031, 0.8412698412698413, 0.6531746031746033, 0.9015873015873015, 0.9087301587301587, 0.688888888888889, 0.7246031746031745, 0.9896825396825396, 0.8126984126984128, 0.7579365079365079, 0.9777777777777779]
f1_score_intime_list: [0.9721833721833721, 0.7577232075916288, 0.6548569730922673, 0.9035891058259479, 0.8213748941690118, 0.8511113287583876, 0.6669234904529022, 0.913455531396708, 0.8758357111298288, 0.8583126236222213, 0.7016485148838091, 0.8403162959045313, 0.9581459063812006, 0.9223649553061318, 0.9126595626595627, 0.745626633714869, 0.7855484161521316, 0.9499892699892701, 0.8314594217844992, 0.8185570529688175, 0.5778289085642025, 0.8907370510466486, 0.9065890971773326, 0.6682948386895755, 0.6736829349987244, 0.989414507061566, 0.7855484161521316, 0.7371163866519904, 0.9774603174603176]
**************************************************
ACC: 70.36±13.34
F1: 67.71±14.91
Intime: 84.62±9.30
F1 (Intime): 82.58±11.01
