1e-03
Subject Number: 1
Accuracy Cross: [0.2857142857142857, 0.3, 0.2571428571428571, 0.2714285714285714, 0.29523809523809524, 0.319047619047619, 0.319047619047619, 0.2904761904761905, 0.3619047619047619, 0.3047619047619048, 0.34285714285714286, 0.2714285714285714, 0.3142857142857143, 0.2857142857142857, 0.30952380952380953]
 mean: 0.3019047619047619, std: 0.026643981280453703
F1 Score: [0.2140617349919675, 0.26084077287672025, 0.21290151948629918, 0.193396422089707, 0.2354873637716363, 0.2740508681829298, 0.313177224696759, 0.2756111810261622, 0.3638789673855803, 0.3055296612572155, 0.3357636759455693, 0.27634229056929926, 0.3057890689417268, 0.27719664902998237, 0.3126120891755551]
 mean: 0.2771092992951407, std: 0.04638651069478732
Accuracy Intime: [0.40476190476190477, 0.39285714285714285, 0.40476190476190477, 0.4166666666666667, 0.44047619047619047, 0.35714285714285715, 0.3333333333333333, 0.34523809523809523, 0.34523809523809523, 0.3333333333333333, 0.35714285714285715, 0.35714285714285715, 0.4642857142857143, 0.30952380952380953, 0.36904761904761907]
 mean: 0.37539682539682545, std: 0.042115870353719366
F1 (Intime): [0.37323129251700676, 0.32806710198014544, 0.39961435623200325, 0.375468509984639, 0.44210273347557677, 0.35703030303030303, 0.3191436626700127, 0.3150068426197459, 0.3463546323442774, 0.3094844810362052, 0.31167522155968885, 0.26605549938209194, 0.4390395267814623, 0.30412980492767727, 0.32545360945360946]
 mean: 0.3474571718662964, std: 0.04868117993860206
--------------------------------------------------
Subject Number: 2
Accuracy Cross: [0.3476190476190476, 0.4142857142857143, 0.3333333333333333, 0.3333333333333333, 0.3380952380952381, 0.36666666666666664, 0.36666666666666664, 0.32857142857142857, 0.38571428571428573, 0.3238095238095238, 0.3142857142857143, 0.36666666666666664, 0.30952380952380953, 0.3142857142857143, 0.3619047619047619]
 mean: 0.3469841269841269, std: 0.02861724721203032
F1 Score: [0.321711215932914, 0.4073399174664997, 0.2756192030633985, 0.25779197546639404, 0.2881707433467492, 0.36492271998362275, 0.37052383371951736, 0.3224980610093008, 0.3869284917517131, 0.3290875790875791, 0.3175417956656347, 0.3634184515557064, 0.31766258508034395, 0.31025018323244236, 0.3652072985388569]
 mean: 0.3332449369933782, std: 0.04084665802050569
Accuracy Intime: [0.5476190476190477, 0.40476190476190477, 0.39285714285714285, 0.39285714285714285, 0.39285714285714285, 0.42857142857142855, 0.3333333333333333, 0.44047619047619047, 0.44047619047619047, 0.35714285714285715, 0.40476190476190477, 0.42857142857142855, 0.35714285714285715, 0.4642857142857143, 0.44047619047619047]
 mean: 0.4150793650793651, std: 0.049918048233385366
F1 (Intime): [0.5283843345549335, 0.3310110159118727, 0.3585880785880786, 0.3748210678210678, 0.3251877639217531, 0.3904471374036591, 0.33017451017451016, 0.42237433155080223, 0.3904978354978355, 0.3076071055381401, 0.37886779606712323, 0.4001731601731602, 0.31787805690244714, 0.4599216744727581, 0.4328743315508022]
 mean: 0.3832538800085963, std: 0.05827376373965362
--------------------------------------------------
Subject Number: 3
Accuracy Cross: [0.23809523809523808, 0.2619047619047619, 0.2857142857142857, 0.2523809523809524, 0.23333333333333334, 0.29523809523809524, 0.26666666666666666, 0.3142857142857143, 0.28095238095238095, 0.23809523809523808, 0.2857142857142857, 0.23333333333333334, 0.22857142857142856, 0.23809523809523808, 0.24285714285714285]
 mean: 0.2596825396825397, std: 0.026074297394769613
F1 Score: [0.18082923725981237, 0.2443122866679531, 0.23391114590004505, 0.22985802021635315, 0.12736176736176735, 0.253500977276721, 0.27297225528689273, 0.31730625295371606, 0.2754925522271387, 0.23473121595230753, 0.27249769212905656, 0.2279835956802249, 0.17460354712435028, 0.2231049130061169, 0.1974579305406373]
 mean: 0.23106155930553954, std: 0.045646679509262426
Accuracy Intime: [0.2619047619047619, 0.40476190476190477, 0.30952380952380953, 0.30952380952380953, 0.30952380952380953, 0.27380952380952384, 0.34523809523809523, 0.2976190476190476, 0.4166666666666667, 0.3333333333333333, 0.34523809523809523, 0.32142857142857145, 0.3333333333333333, 0.38095238095238093, 0.3333333333333333]
 mean: 0.3317460317460317, std: 0.04189093085840205
F1 (Intime): [0.2325809047023064, 0.3447441802704961, 0.31531270262304745, 0.2716363636363636, 0.24754578754578754, 0.2548516218081435, 0.3199533799533799, 0.29320095747078956, 0.39521654815772467, 0.3068509984639017, 0.3418286061764323, 0.26323753665689154, 0.3076232490866637, 0.37113853787392015, 0.2882874747991027]
 mean: 0.30360058994833, std: 0.04479307898162557
--------------------------------------------------
Subject Number: 4
Accuracy Cross: [0.3476190476190476, 0.21904761904761905, 0.2619047619047619, 0.3238095238095238, 0.2714285714285714, 0.24761904761904763, 0.28095238095238095, 0.24285714285714285, 0.3047619047619048, 0.28095238095238095, 0.34285714285714286, 0.35714285714285715, 0.35714285714285715, 0.3047619047619048, 0.37142857142857144]
 mean: 0.30095238095238097, std: 0.04610940356918173
F1 Score: [0.34597175873771613, 0.20158554785443758, 0.26087112817592073, 0.3264396168602164, 0.2643363959370116, 0.2355459837468446, 0.27436479642361994, 0.23333063521870107, 0.3021104880963324, 0.25432330827067673, 0.3258328136305892, 0.33369486553890865, 0.293852625527336, 0.2831626667761121, 0.36165392240158595]
 mean: 0.2864717702130673, std: 0.04459289880331162
Accuracy Intime: [0.36904761904761907, 0.34523809523809523, 0.32142857142857145, 0.4523809523809524, 0.39285714285714285, 0.2976190476190476, 0.35714285714285715, 0.30952380952380953, 0.39285714285714285, 0.38095238095238093, 0.30952380952380953, 0.35714285714285715, 0.3333333333333333, 0.35714285714285715, 0.36904761904761907]
 mean: 0.3563492063492063, std: 0.038750970208678424
F1 (Intime): [0.3469313444645513, 0.3109386418310903, 0.3014927242527557, 0.42439531057178115, 0.37177105324888576, 0.26011615245009073, 0.3133190301354614, 0.29793650793650794, 0.384571202218261, 0.34584717607973425, 0.29214330893647783, 0.2864646464646465, 0.3269440131868975, 0.31463637542131184, 0.3529059829059829]
 mean: 0.3286942313402958, std: 0.04131999863221376
--------------------------------------------------
Subject Number: 5
Accuracy Cross: [0.36666666666666664, 0.28095238095238095, 0.3380952380952381, 0.34285714285714286, 0.3952380952380952, 0.3, 0.3333333333333333, 0.32857142857142857, 0.30952380952380953, 0.3761904761904762, 0.26666666666666666, 0.2714285714285714, 0.3047619047619048, 0.30952380952380953, 0.319047619047619]
 mean: 0.32285714285714284, std: 0.0361068373539376
F1 Score: [0.31804473933872834, 0.22127283839907017, 0.26943633745325, 0.29967984934086633, 0.3444685435508957, 0.3004715714431941, 0.3373211241516351, 0.3298807637873548, 0.3153302195129906, 0.3729552801740729, 0.2826646623816435, 0.27400730207590146, 0.32156542307663444, 0.2810378898820044, 0.3306336308590484]
 mean: 0.3065846783618193, std: 0.03593282627391414
Accuracy Intime: [0.4166666666666667, 0.42857142857142855, 0.42857142857142855, 0.38095238095238093, 0.5357142857142857, 0.40476190476190477, 0.34523809523809523, 0.38095238095238093, 0.34523809523809523, 0.2976190476190476, 0.38095238095238093, 0.4166666666666667, 0.39285714285714285, 0.38095238095238093, 0.40476190476190477]
 mean: 0.3960317460317461, std: 0.05059484904923565
F1 (Intime): [0.3995634617483357, 0.37538559001973637, 0.3984119523249957, 0.38412671044249985, 0.5220247148513961, 0.36043195828561686, 0.321413488472312, 0.38515745007680496, 0.32020512820512825, 0.2616658370665339, 0.36099413978162975, 0.4237458319283654, 0.4041993464052288, 0.3230851642420052, 0.34259000259000255]
 mean: 0.37220005176270615, std: 0.05711865212596009
--------------------------------------------------
Subject Number: 6
Accuracy Cross: [0.22857142857142856, 0.2571428571428571, 0.26666666666666666, 0.23333333333333334, 0.28095238095238095, 0.2571428571428571, 0.3047619047619048, 0.24761904761904763, 0.22857142857142856, 0.2714285714285714, 0.3142857142857143, 0.22380952380952382, 0.3142857142857143, 0.26666666666666666, 0.23809523809523808]
 mean: 0.26222222222222225, std: 0.029583486367547287
F1 Score: [0.22417882455287463, 0.26007401031599536, 0.26322332627448597, 0.22306501086988892, 0.2822590889117867, 0.24071159164852532, 0.29625879793726106, 0.2475247252288677, 0.2278283578406078, 0.2547556887330841, 0.31274384530198485, 0.1979190947331479, 0.3165381549743099, 0.2531686782540673, 0.21588312092513773]
 mean: 0.254408821100135, std: 0.034073124388756655
Accuracy Intime: [0.32142857142857145, 0.2976190476190476, 0.2857142857142857, 0.39285714285714285, 0.32142857142857145, 0.30952380952380953, 0.2619047619047619, 0.2857142857142857, 0.32142857142857145, 0.27380952380952384, 0.25, 0.40476190476190477, 0.30952380952380953, 0.32142857142857145, 0.30952380952380953]
 mean: 0.31111111111111106, std: 0.04074761159680455
F1 (Intime): [0.3100839088671906, 0.2651395173453997, 0.271455938697318, 0.3604939604939605, 0.29336343732895453, 0.26398847480548826, 0.23911382734912143, 0.2611337868480726, 0.3174704993630825, 0.2759729649435532, 0.21642771804062128, 0.3802477562441141, 0.30810779181316217, 0.27656951743908265, 0.29901477832512313]
 mean: 0.2892389251936163, std: 0.041259368689926794
--------------------------------------------------
Subject Number: 7
Accuracy Cross: [0.2523809523809524, 0.22380952380952382, 0.21428571428571427, 0.21428571428571427, 0.21904761904761905, 0.2523809523809524, 0.23809523809523808, 0.23809523809523808, 0.17142857142857143, 0.18095238095238095, 0.21904761904761905, 0.2904761904761905, 0.22857142857142856, 0.22857142857142856, 0.21904761904761905]
 mean: 0.22603174603174603, std: 0.027430482002829146
F1 Score: [0.23758608292065606, 0.20601354437137526, 0.1891105105654931, 0.20137546358107108, 0.19570191298819542, 0.24202505141498948, 0.23966209399089902, 0.23589523907361115, 0.17538165871499206, 0.1751046805819102, 0.212469568948583, 0.2601577767072197, 0.20974129435929098, 0.23089437998635803, 0.2155356155916343]
 mean: 0.21511032491975193, std: 0.024605754897358084
Accuracy Intime: [0.2619047619047619, 0.2857142857142857, 0.2976190476190476, 0.2976190476190476, 0.30952380952380953, 0.32142857142857145, 0.2857142857142857, 0.25, 0.2976190476190476, 0.2261904761904762, 0.2619047619047619, 0.32142857142857145, 0.2976190476190476, 0.30952380952380953, 0.2976190476190476]
 mean: 0.28809523809523807, std: 0.0261543762750541
F1 (Intime): [0.23810572888159093, 0.2791729323308271, 0.26592536369386466, 0.3006475269152754, 0.27786472892448333, 0.2616691120892801, 0.2352589938796835, 0.18978127136021872, 0.271291967997764, 0.19676293430132832, 0.2252868904892594, 0.30367293289494424, 0.2598246954284106, 0.2625343018563357, 0.27733951206215074]
 mean: 0.25634259287369443, std: 0.03239777387760851
--------------------------------------------------
Subject Number: 8
Accuracy Cross: [0.38571428571428573, 0.3619047619047619, 0.32857142857142857, 0.36666666666666664, 0.3380952380952381, 0.3476190476190476, 0.3238095238095238, 0.319047619047619, 0.3142857142857143, 0.2761904761904762, 0.319047619047619, 0.32857142857142857, 0.3238095238095238, 0.3476190476190476, 0.2904761904761905]
 mean: 0.3314285714285713, std: 0.027260951671147296
F1 Score: [0.3490867862031906, 0.34905935570513613, 0.31564977534233785, 0.34424217038840454, 0.3288227815916603, 0.3575981087470449, 0.3343404256371447, 0.30995658844001667, 0.3287703919813818, 0.2738328019560125, 0.3148518065163872, 0.3369765135562237, 0.3243759999992634, 0.3425531945936003, 0.2966186195630335]
 mean: 0.3271156880147225, std: 0.021498988005642636
Accuracy Intime: [0.36904761904761907, 0.4166666666666667, 0.40476190476190477, 0.36904761904761907, 0.4523809523809524, 0.34523809523809523, 0.35714285714285715, 0.35714285714285715, 0.32142857142857145, 0.4642857142857143, 0.44047619047619047, 0.44047619047619047, 0.39285714285714285, 0.39285714285714285, 0.40476190476190477]
 mean: 0.3952380952380954, std: 0.0408248290463863
F1 (Intime): [0.31343233331980136, 0.40559251559251563, 0.4167496260029919, 0.33772512125562015, 0.4561025516685735, 0.32174274504919664, 0.3062677438125009, 0.29971988795518206, 0.2718405685763952, 0.4308118089434986, 0.3953911386003813, 0.4199135990894275, 0.39115971747550693, 0.3521785087499373, 0.4006734135429788]
 mean: 0.3679534186423005, std: 0.05449784554622286
--------------------------------------------------
Subject Number: 9
Accuracy Cross: [0.3619047619047619, 0.3, 0.3523809523809524, 0.32857142857142857, 0.3, 0.3142857142857143, 0.3, 0.3380952380952381, 0.2619047619047619, 0.30952380952380953, 0.24761904761904763, 0.29523809523809524, 0.3476190476190476, 0.28095238095238095, 0.2857142857142857]
 mean: 0.3082539682539682, std: 0.03179995420480294
F1 Score: [0.33681738524991595, 0.27476669970283585, 0.331617183985605, 0.296058842535203, 0.2908282307790419, 0.2921241783704544, 0.2930072640537757, 0.32870434769168944, 0.2793385046326223, 0.30358999823072585, 0.24848809653335818, 0.29644601771450513, 0.3431270990439052, 0.2775803816779427, 0.291491492828995]
 mean: 0.2989323815353717, std: 0.025232495155209204
Accuracy Intime: [0.36904761904761907, 0.40476190476190477, 0.44047619047619047, 0.38095238095238093, 0.3333333333333333, 0.40476190476190477, 0.44047619047619047, 0.30952380952380953, 0.44047619047619047, 0.4166666666666667, 0.38095238095238093, 0.47619047619047616, 0.40476190476190477, 0.44047619047619047, 0.4523809523809524]
 mean: 0.4063492063492064, std: 0.04408871242009888
F1 (Intime): [0.37159352142110763, 0.38394907053730587, 0.43927120669056147, 0.35623376623376624, 0.3093694711086016, 0.39576846859792825, 0.41962596790183, 0.30805033475840926, 0.45435647943387886, 0.41615437702394226, 0.35809178743961356, 0.4614747681161343, 0.41025760946506223, 0.3947438672438672, 0.40267025089605735]
 mean: 0.39210739645787107, std: 0.04438513523377105
--------------------------------------------------
Subject Number: 10
Accuracy Cross: [0.26666666666666666, 0.30952380952380953, 0.26666666666666666, 0.3380952380952381, 0.30952380952380953, 0.3142857142857143, 0.26666666666666666, 0.28095238095238095, 0.23333333333333334, 0.2523809523809524, 0.2904761904761905, 0.26666666666666666, 0.2523809523809524, 0.22380952380952382, 0.23809523809523808]
 mean: 0.2739682539682539, std: 0.03181896384336718
F1 Score: [0.26508786353386893, 0.3017978136596513, 0.25455665615299494, 0.32439180806194556, 0.3135822759785716, 0.299884365170047, 0.2415462861789444, 0.27592582337219695, 0.23258631653268616, 0.2495397481890967, 0.2931662159350947, 0.25502814442349325, 0.21144444586068448, 0.224337321541009, 0.2372022601723831]
 mean: 0.26533848965084456, std: 0.033378865850368755
Accuracy Intime: [0.44047619047619047, 0.32142857142857145, 0.2857142857142857, 0.2619047619047619, 0.27380952380952384, 0.4166666666666667, 0.34523809523809523, 0.36904761904761907, 0.2976190476190476, 0.30952380952380953, 0.39285714285714285, 0.23809523809523808, 0.4166666666666667, 0.3333333333333333, 0.2857142857142857]
 mean: 0.33253968253968247, std: 0.0603070166397234
F1 (Intime): [0.43411631199798906, 0.31137392019744964, 0.2310098918794571, 0.21156628428131996, 0.2602683395786844, 0.31006189213085766, 0.3011479810274251, 0.3425111923880121, 0.25544322344322345, 0.298972823909303, 0.3437572590011614, 0.22930484252823083, 0.41185950927886406, 0.2998337112622827, 0.25479797979797975]
 mean: 0.299735010846816, std: 0.0619885394748662
--------------------------------------------------
Subject Number: 11
Accuracy Cross: [0.24761904761904763, 0.2523809523809524, 0.23333333333333334, 0.2571428571428571, 0.2761904761904762, 0.29523809523809524, 0.28095238095238095, 0.32857142857142857, 0.29523809523809524, 0.29523809523809524, 0.30952380952380953, 0.22857142857142856, 0.3142857142857143, 0.3619047619047619, 0.3380952380952381]
 mean: 0.2876190476190476, std: 0.03784840669889219
F1 Score: [0.2438100071902889, 0.23622657535701014, 0.1731334991384212, 0.22397435897435897, 0.26152305135158777, 0.2807026704112313, 0.27525195628914856, 0.3146988116111436, 0.3023228772823134, 0.30285436342034827, 0.30849298077002063, 0.2420045104448804, 0.31723610815414094, 0.3516052234804409, 0.3448165120507635]
 mean: 0.27857690039507327, std: 0.04712704131822259
Accuracy Intime: [0.32142857142857145, 0.35714285714285715, 0.44047619047619047, 0.35714285714285715, 0.34523809523809523, 0.2261904761904762, 0.32142857142857145, 0.38095238095238093, 0.34523809523809523, 0.30952380952380953, 0.3333333333333333, 0.3333333333333333, 0.32142857142857145, 0.3333333333333333, 0.38095238095238093]
 mean: 0.3404761904761905, std: 0.04407442341877721
F1 (Intime): [0.2969308469308469, 0.3253752916774696, 0.44151493930905694, 0.35029421718888204, 0.31618282215297133, 0.193474534962341, 0.3109035409035409, 0.37509368191721126, 0.3036904761904762, 0.30742907334211683, 0.2836015325670498, 0.3148106887237322, 0.32112734380176244, 0.31114019343967514, 0.379428561634444]
 mean: 0.32206651631610506, std: 0.05209561272329915
--------------------------------------------------
Subject Number: 12
Accuracy Cross: [0.3142857142857143, 0.3, 0.319047619047619, 0.3238095238095238, 0.3047619047619048, 0.3047619047619048, 0.29523809523809524, 0.3, 0.2904761904761905, 0.29523809523809524, 0.2619047619047619, 0.28095238095238095, 0.24761904761904763, 0.24761904761904763, 0.23333333333333334]
 mean: 0.28793650793650793, std: 0.026929917537077457
F1 Score: [0.32678852387854923, 0.26614512530379386, 0.3106864863708305, 0.32773991302081196, 0.291544562424377, 0.2546066569808631, 0.2342196501242006, 0.23031216503098104, 0.23670124755866864, 0.23409523809523808, 0.26799292077871434, 0.29766355490341345, 0.25889362434887425, 0.2610811214349848, 0.23925826922784696]
 mean: 0.26918193729880985, std: 0.032752341553719255
Accuracy Intime: [0.30952380952380953, 0.34523809523809523, 0.30952380952380953, 0.38095238095238093, 0.38095238095238093, 0.4166666666666667, 0.36904761904761907, 0.35714285714285715, 0.36904761904761907, 0.39285714285714285, 0.30952380952380953, 0.4523809523809524, 0.2976190476190476, 0.35714285714285715, 0.4523809523809524]
 mean: 0.36666666666666664, std: 0.047260555336379066
F1 (Intime): [0.3038999360427932, 0.3183465864316928, 0.2739219758768631, 0.36956759715380405, 0.3597299252471666, 0.3937216007380925, 0.3312441182006399, 0.32212554112554115, 0.3758257345491388, 0.37933003195372017, 0.3125338992405759, 0.42128787878787877, 0.27072681704260654, 0.3241937321937322, 0.4507795151050268]
 mean: 0.34714899264595156, std: 0.049953716711216775
--------------------------------------------------
Subject Number: 13
Accuracy Cross: [0.30952380952380953, 0.26666666666666666, 0.2571428571428571, 0.21428571428571427, 0.22380952380952382, 0.22380952380952382, 0.30952380952380953, 0.26666666666666666, 0.24761904761904763, 0.2904761904761905, 0.319047619047619, 0.3, 0.2523809523809524, 0.2761904761904762, 0.24761904761904763]
 mean: 0.26698412698412693, std: 0.032271836070731474
F1 Score: [0.2957182514715877, 0.27205614116505206, 0.22604130739464795, 0.19441531820173832, 0.23543214954979663, 0.22715878381885313, 0.2788265040586141, 0.2436569955913061, 0.23569693667611472, 0.28815812872280666, 0.2993729064116295, 0.28707126521277465, 0.22297348439175968, 0.2683494382022472, 0.2436500039231057]
 mean: 0.2545718409861356, std: 0.030672426353004642
Accuracy Intime: [0.34523809523809523, 0.36904761904761907, 0.32142857142857145, 0.39285714285714285, 0.2857142857142857, 0.36904761904761907, 0.4166666666666667, 0.34523809523809523, 0.4880952380952381, 0.2857142857142857, 0.32142857142857145, 0.3333333333333333, 0.32142857142857145, 0.2976190476190476, 0.27380952380952384]
 mean: 0.3444444444444444, std: 0.0548940205263193
F1 (Intime): [0.352968554125395, 0.29693581780538303, 0.3175179892571197, 0.39804730726931864, 0.2586220871327254, 0.3619842312441933, 0.41075869426595385, 0.34846024151287314, 0.47263230141241924, 0.23226871101871102, 0.30041705343863895, 0.23371419109124023, 0.2799094510469723, 0.26699884745973895, 0.2665526081315555]
 mean: 0.31985253908081585, std: 0.06752198522563817
--------------------------------------------------
Subject Number: 14
Accuracy Cross: [0.30952380952380953, 0.29523809523809524, 0.32857142857142857, 0.3047619047619048, 0.26666666666666666, 0.3619047619047619, 0.3380952380952381, 0.3619047619047619, 0.3333333333333333, 0.28095238095238095, 0.36666666666666664, 0.2761904761904762, 0.3142857142857143, 0.35714285714285715, 0.3142857142857143]
 mean: 0.32063492063492055, std: 0.03157094575352843
F1 Score: [0.3274472803797967, 0.3106461637031087, 0.34930435442722646, 0.31826421665765925, 0.2598491328708895, 0.34238451860877495, 0.3165339778509225, 0.34224394729375834, 0.319112614629856, 0.2752253015852971, 0.3367621791814004, 0.25340527006856634, 0.30195153626860943, 0.3375359978066295, 0.2883282184636208]
 mean: 0.31193298065307434, std: 0.029453140328722715
Accuracy Intime: [0.38095238095238093, 0.42857142857142855, 0.36904761904761907, 0.4523809523809524, 0.4166666666666667, 0.4523809523809524, 0.35714285714285715, 0.42857142857142855, 0.35714285714285715, 0.2976190476190476, 0.36904761904761907, 0.42857142857142855, 0.47619047619047616, 0.38095238095238093, 0.44047619047619047]
 mean: 0.4023809523809524, std: 0.04645400198940284
F1 (Intime): [0.3639088319088319, 0.40969124969124965, 0.35501035196687375, 0.36330811460410234, 0.4052250190694127, 0.4076530005941771, 0.2937702082863373, 0.3874375123786889, 0.34896350364330664, 0.27043363180468194, 0.34216703621581673, 0.3892672858617131, 0.46079377567969226, 0.3510245539657305, 0.39759757483895414]
 mean: 0.3697501100339713, std: 0.04584156168255017
--------------------------------------------------
**************************************************
accuracy_cross_list: [0.3019047619047619, 0.3469841269841269, 0.2596825396825397, 0.30095238095238097, 0.32285714285714284, 0.26222222222222225, 0.22603174603174603, 0.3314285714285713, 0.3082539682539682, 0.2739682539682539, 0.2876190476190476, 0.28793650793650793, 0.26698412698412693, 0.32063492063492055]
f1_score_list: [0.2771092992951407, 0.3332449369933782, 0.23106155930553954, 0.2864717702130673, 0.3065846783618193, 0.254408821100135, 0.21511032491975193, 0.3271156880147225, 0.2989323815353717, 0.26533848965084456, 0.27857690039507327, 0.26918193729880985, 0.2545718409861356, 0.31193298065307434]
accuracy_intime_list: [0.37539682539682545, 0.4150793650793651, 0.3317460317460317, 0.3563492063492063, 0.3960317460317461, 0.31111111111111106, 0.28809523809523807, 0.3952380952380954, 0.4063492063492064, 0.33253968253968247, 0.3404761904761905, 0.36666666666666664, 0.3444444444444444, 0.4023809523809524]
f1_score_intime_list: [0.3474571718662964, 0.3832538800085963, 0.30360058994833, 0.3286942313402958, 0.37220005176270615, 0.2892389251936163, 0.25634259287369443, 0.3679534186423005, 0.39210739645787107, 0.299735010846816, 0.32206651631610506, 0.34714899264595156, 0.31985253908081585, 0.3697501100339713]
**************************************************
ACC: 29.27±3.17
F1: 27.93±3.32
Intime: 36.16±3.73
F1 (Intime): 33.57±3.83
