1e-05
Subject Number: 1
Accuracy Cross: [0.7380952380952381, 0.7261904761904762, 0.7142857142857143, 0.75, 0.6904761904761905, 0.8333333333333334, 0.8690476190476191, 0.8095238095238095, 0.8214285714285714, 0.8452380952380952, 0.7261904761904762, 0.7738095238095238, 0.75, 0.7023809523809523, 0.7261904761904762]
 mean: 0.7650793650793651, std: 0.05472163230456572
F1 Score: [0.71880706025563, 0.7039987743220468, 0.6888888888888889, 0.7333333333333334, 0.6676810712111991, 0.8324786324786324, 0.8681318681318682, 0.8094157685762904, 0.8214032600992204, 0.8446878111221732, 0.7039987743220468, 0.761613144137416, 0.7333333333333334, 0.6734566941377702, 0.7039987743220468]
 mean: 0.7510151459114597, std: 0.0646624342326014
Accuracy Intime: [0.9117647058823529, 0.9117647058823529, 0.8529411764705882, 0.8529411764705882, 0.875, 0.6764705882352942, 0.8529411764705882, 0.7941176470588235, 0.7941176470588235, 0.96875, 0.8235294117647058, 0.8823529411764706, 0.8823529411764706, 0.9705882352941176, 0.9375]
 mean: 0.8658088235294118, std: 0.07302214730162207
F1 (Intime): [0.9116883116883117, 0.9116883116883117, 0.8464317976513098, 0.8464317976513098, 0.8745098039215686, 0.6739319965126417, 0.8528138528138528, 0.7895667550839964, 0.793939393939394, 0.9687194525904204, 0.8178571428571428, 0.8819444444444444, 0.8823529411764706, 0.970357454228422, 0.9372549019607843]
 mean: 0.8639658905472255, std: 0.0741207095351951
--------------------------------------------------
Subject Number: 2
Accuracy Cross: [0.9166666666666666, 0.8809523809523809, 0.8928571428571429, 0.8571428571428571, 0.8928571428571429, 0.8214285714285714, 0.7857142857142857, 0.8333333333333334, 0.7619047619047619, 0.8095238095238095, 0.8690476190476191, 0.8809523809523809, 0.8452380952380952, 0.8928571428571429, 0.8452380952380952]
 mean: 0.8523809523809524, std: 0.042324735320550436
F1 Score: [0.9166548547129695, 0.8809523809523809, 0.8928419560595322, 0.8564102564102565, 0.8921078921078921, 0.8155467720685112, 0.7754010695187166, 0.8285714285714285, 0.7475961538461539, 0.8023529411764705, 0.86676279740447, 0.8803418803418803, 0.8434408602150538, 0.8916129032258064, 0.8434408602150538]
 mean: 0.8489356671217718, std: 0.046203048242217465
Accuracy Intime: [0.9411764705882353, 0.8529411764705882, 0.8823529411764706, 0.8823529411764706, 0.8125, 0.8529411764705882, 0.7941176470588235, 0.8529411764705882, 0.9117647058823529, 0.65625, 0.7941176470588235, 0.9411764705882353, 0.8235294117647058, 0.9117647058823529, 0.875]
 mean: 0.8523284313725491, std: 0.0696710307651171
F1 (Intime): [0.9411764705882353, 0.85178727114211, 0.880701754385965, 0.8785714285714286, 0.8117647058823529, 0.85178727114211, 0.7925021795989537, 0.8496905393457117, 0.9098143236074271, 0.6476476476476476, 0.7895667550839964, 0.9411764705882353, 0.8178571428571428, 0.9098143236074271, 0.8745098039215686]
 mean: 0.8498912058646876, std: 0.07143646023430068
--------------------------------------------------
Subject Number: 3
Accuracy Cross: [0.6428571428571429, 0.5833333333333334, 0.6309523809523809, 0.5714285714285714, 0.5595238095238095, 0.7976190476190477, 0.7380952380952381, 0.75, 0.75, 0.7142857142857143, 0.7261904761904762, 0.6547619047619048, 0.7142857142857143, 0.7023809523809523, 0.7023809523809523]
 mean: 0.6825396825396824, std: 0.06950677474860735
F1 Score: [0.5982142857142857, 0.5072900955253896, 0.5810136765888978, 0.4874576271186441, 0.4534904167399332, 0.7975903614457831, 0.7375, 0.7499645641389086, 0.7491110795050491, 0.7141236528644356, 0.7039987743220468, 0.6080450522928399, 0.6888888888888889, 0.6782595373065727, 0.6734566941377702]
 mean: 0.6485603137726296, std: 0.10123112677137645
Accuracy Intime: [0.8235294117647058, 0.9117647058823529, 0.7941176470588235, 0.7941176470588235, 0.75, 0.7352941176470589, 0.7058823529411765, 0.7058823529411765, 0.8235294117647058, 0.84375, 0.6470588235294118, 0.7352941176470589, 0.8529411764705882, 0.7058823529411765, 0.5625]
 mean: 0.7594362745098039, std: 0.08600339671456977
F1 (Intime): [0.8210526315789474, 0.9116883116883117, 0.7895667550839964, 0.7925021795989537, 0.7333333333333334, 0.7350649350649351, 0.7017543859649122, 0.7058823529411765, 0.8235294117647058, 0.8398398398398399, 0.6458333333333333, 0.7332170880557978, 0.8464317976513098, 0.7017543859649122, 0.5151515151515151]
 mean: 0.7531068171343986, std: 0.09330390444815975
--------------------------------------------------
Subject Number: 4
Accuracy Cross: [0.8095238095238095, 0.8214285714285714, 0.7976190476190477, 0.7857142857142857, 0.7976190476190477, 0.7976190476190477, 0.75, 0.8095238095238095, 0.8571428571428571, 0.7380952380952381, 0.7142857142857143, 0.7380952380952381, 0.7738095238095238, 0.7380952380952381, 0.8095238095238095]
 mean: 0.7825396825396828, std: 0.03801247623754934
F1 Score: [0.8095238095238095, 0.8212005108556832, 0.7975903614457831, 0.7857142857142857, 0.7973605789697744, 0.7962037962037962, 0.7470967741935484, 0.8085470085470086, 0.8570618264322178, 0.7356979405034325, 0.6888888888888889, 0.71880706025563, 0.7641495492832866, 0.7254901960784313, 0.8067855089131685]
 mean: 0.7773412063872497, std: 0.044086057688634946
Accuracy Intime: [0.9117647058823529, 0.9411764705882353, 0.8235294117647058, 0.8529411764705882, 0.875, 0.8529411764705882, 0.9411764705882353, 0.7058823529411765, 0.8529411764705882, 0.875, 0.8529411764705882, 0.8235294117647058, 0.7352941176470589, 0.8235294117647058, 0.75]
 mean: 0.8411764705882355, std: 0.06662700665756817
F1 (Intime): [0.9116883116883117, 0.9409722222222222, 0.8210526315789474, 0.8496905393457117, 0.875, 0.8528138528138528, 0.9411764705882353, 0.678030303030303, 0.85178727114211, 0.875, 0.8528138528138528, 0.8210526315789474, 0.7235772357723578, 0.8210526315789474, 0.746031746031746]
 mean: 0.8374493133457029, std: 0.07219437265714969
--------------------------------------------------
Subject Number: 5
Accuracy Cross: [0.8809523809523809, 0.8571428571428571, 0.8928571428571429, 0.8690476190476191, 0.8571428571428571, 0.8095238095238095, 0.7738095238095238, 0.7976190476190477, 0.8214285714285714, 0.8095238095238095, 0.7857142857142857, 0.8571428571428571, 0.8928571428571429, 0.75, 0.8928571428571429]
 mean: 0.8365079365079365, std: 0.04548110724410922
F1 Score: [0.8808848553601816, 0.8568181818181818, 0.8924761769307352, 0.8688803746275011, 0.8564102564102565, 0.8023529411764705, 0.761613144137416, 0.7952688172043011, 0.8155467720685112, 0.8067855089131685, 0.78125, 0.8564102564102565, 0.89272030651341, 0.7393231860499483, 0.8924761769307352]
 mean: 0.8332811303034049, std: 0.04884540076088095
Accuracy Intime: [0.8823529411764706, 0.8529411764705882, 0.8529411764705882, 0.8823529411764706, 0.84375, 0.7352941176470589, 0.7647058823529411, 0.8823529411764706, 0.9117647058823529, 0.875, 0.7941176470588235, 0.9411764705882353, 0.9705882352941176, 0.8235294117647058, 0.875]
 mean: 0.8591911764705884, std: 0.06005827259642452
F1 (Intime): [0.8819444444444444, 0.8528138528138528, 0.85178727114211, 0.8785714285714286, 0.8423645320197044, 0.7235772357723578, 0.7614035087719297, 0.8819444444444444, 0.9098143236074271, 0.873015873015873, 0.7895667550839964, 0.9411764705882353, 0.970357454228422, 0.8178571428571428, 0.873015873015873]
 mean: 0.8566140406918161, std: 0.06230255462490451
--------------------------------------------------
Subject Number: 6
Accuracy Cross: [0.7023809523809523, 0.6547619047619048, 0.6309523809523809, 0.6547619047619048, 0.6666666666666666, 0.6190476190476191, 0.6309523809523809, 0.7142857142857143, 0.6904761904761905, 0.7142857142857143, 0.6666666666666666, 0.7380952380952381, 0.7857142857142857, 0.6190476190476191, 0.6904761904761905]
 mean: 0.6785714285714286, std: 0.04579853348016987
F1 Score: [0.7020008514261388, 0.6523476523476524, 0.6304810557684121, 0.6523476523476524, 0.6659090909090909, 0.6190476190476191, 0.6266666666666667, 0.7142857142857143, 0.6888888888888889, 0.7116704805491991, 0.6666666666666666, 0.7379466817923993, 0.7855927396483267, 0.6190476190476191, 0.6897727272727273]
 mean: 0.6775114737776514, std: 0.04610454108764968
Accuracy Intime: [0.7647058823529411, 0.8235294117647058, 0.6470588235294118, 0.7941176470588235, 0.8125, 0.7647058823529411, 0.7352941176470589, 0.7647058823529411, 0.8235294117647058, 0.78125, 0.6176470588235294, 0.6176470588235294, 0.6764705882352942, 0.7647058823529411, 0.78125]
 mean: 0.7446078431372548, std: 0.06846027431977235
F1 (Intime): [0.7638888888888888, 0.8210526315789474, 0.6421052631578947, 0.7925021795989537, 0.8125, 0.7614035087719297, 0.7332170880557978, 0.7614035087719297, 0.8229166666666667, 0.7793103448275862, 0.6173160173160173, 0.6146469049694856, 0.6761904761904762, 0.7614035087719297, 0.7810361681329423]
 mean: 0.742726210379963, std: 0.06879245542971552
--------------------------------------------------
Subject Number: 7
Accuracy Cross: [0.6666666666666666, 0.5595238095238095, 0.5952380952380952, 0.6309523809523809, 0.5595238095238095, 0.6190476190476191, 0.6904761904761905, 0.6309523809523809, 0.5714285714285714, 0.6785714285714286, 0.6666666666666666, 0.5833333333333334, 0.6071428571428571, 0.6071428571428571, 0.6309523809523809]
 mean: 0.61984126984127, std: 0.040886498007591296
F1 Score: [0.6636155606407322, 0.5594613749114103, 0.5915331807780321, 0.615191369883257, 0.5589612601106854, 0.5851851851851853, 0.6676810712111991, 0.6218963264120807, 0.5675057208237986, 0.6473332296687918, 0.6659090909090909, 0.5818517991750818, 0.6043956043956044, 0.6025806451612903, 0.6187966622749231]
 mean: 0.6101265387694108, std: 0.036301873122307815
Accuracy Intime: [0.6176470588235294, 0.5882352941176471, 0.6764705882352942, 0.8235294117647058, 0.6875, 0.5588235294117647, 0.7058823529411765, 0.6470588235294118, 0.5588235294117647, 0.8125, 0.6176470588235294, 0.5588235294117647, 0.6176470588235294, 0.7352941176470589, 0.625]
 mean: 0.6553921568627452, std: 0.08210381904098588
F1 (Intime): [0.6173160173160173, 0.5296442687747036, 0.6739319965126417, 0.8210526315789474, 0.6761133603238867, 0.5490716180371353, 0.7048611111111112, 0.6357142857142857, 0.5584415584415584, 0.8125, 0.6173160173160173, 0.5553618134263296, 0.6173160173160173, 0.7350649350649351, 0.5636363636363637]
 mean: 0.6444894663046633, std: 0.08928943878356135
--------------------------------------------------
Subject Number: 8
Accuracy Cross: [0.8690476190476191, 0.8095238095238095, 0.8571428571428571, 0.8452380952380952, 0.8571428571428571, 0.9285714285714286, 0.8809523809523809, 0.9285714285714286, 0.8809523809523809, 0.9166666666666666, 0.9166666666666666, 0.8809523809523809, 0.8809523809523809, 0.9404761904761905, 0.8928571428571429]
 mean: 0.8857142857142857, std: 0.03472165532417042
F1 Score: [0.8685819940264543, 0.8094157685762904, 0.8568181818181818, 0.8450404427415921, 0.8570618264322178, 0.928409090909091, 0.8792409430707303, 0.9285309132161089, 0.8803418803418803, 0.9163703598350164, 0.916083916083916, 0.8792409430707303, 0.879862700228833, 0.9402645427392974, 0.8924761769307352]
 mean: 0.8851826453347383, std: 0.03474443303704293
Accuracy Intime: [0.9411764705882353, 0.9705882352941176, 1.0, 0.9705882352941176, 1.0, 0.9411764705882353, 0.9411764705882353, 0.8529411764705882, 0.7941176470588235, 0.96875, 0.8823529411764706, 0.9411764705882353, 0.8529411764705882, 0.7941176470588235, 0.9375]
 mean: 0.9192401960784315, std: 0.06556933730793628
F1 (Intime): [0.9411764705882353, 0.9705627705627706, 1.0, 0.970357454228422, 1.0, 0.9409722222222222, 0.9411764705882353, 0.8528138528138528, 0.7925021795989537, 0.9687194525904204, 0.8819444444444444, 0.9411764705882353, 0.8528138528138528, 0.793939393939394, 0.9375]
 mean: 0.9190436689986027, std: 0.06581129537165241
--------------------------------------------------
Subject Number: 9
Accuracy Cross: [0.8095238095238095, 0.8333333333333334, 0.7976190476190477, 0.7738095238095238, 0.7738095238095238, 0.8095238095238095, 0.7976190476190477, 0.7380952380952381, 0.8333333333333334, 0.8095238095238095, 0.7023809523809523, 0.7023809523809523, 0.75, 0.7023809523809523, 0.6785714285714286]
 mean: 0.7674603174603175, std: 0.0501069654529035
F1 Score: [0.8090909090909091, 0.8329545454545455, 0.79408795962509, 0.7698630136986302, 0.7663592446201142, 0.8077803203661327, 0.7962037962037962, 0.7379466817923993, 0.8324786324786324, 0.8095238095238095, 0.6734566941377702, 0.6734566941377702, 0.7333333333333334, 0.6782595373065727, 0.6415362731152205]
 mean: 0.7570887629923152, std: 0.06169624552565985
Accuracy Intime: [0.9117647058823529, 0.8235294117647058, 0.8823529411764706, 0.7352941176470589, 0.75, 0.9411764705882353, 0.7941176470588235, 0.8235294117647058, 0.8823529411764706, 0.875, 0.8529411764705882, 0.8235294117647058, 0.9117647058823529, 0.9411764705882353, 0.90625]
 mean: 0.8569852941176472, std: 0.06207395155265221
F1 (Intime): [0.9116883116883117, 0.8210526315789474, 0.880701754385965, 0.7332170880557978, 0.7408906882591093, 0.9411764705882353, 0.793939393939394, 0.8178571428571428, 0.8819444444444444, 0.875, 0.8528138528138528, 0.8229166666666667, 0.9098143236074271, 0.9403508771929825, 0.9054187192118226]
 mean: 0.8552521576860066, std: 0.06345788802636984
--------------------------------------------------
Subject Number: 10
Accuracy Cross: [0.6428571428571429, 0.6428571428571429, 0.7023809523809523, 0.6904761904761905, 0.6428571428571429, 0.6666666666666666, 0.5833333333333334, 0.6309523809523809, 0.6785714285714286, 0.7023809523809523, 0.6666666666666666, 0.75, 0.75, 0.6428571428571429, 0.7261904761904762]
 mean: 0.6746031746031745, std: 0.0448956686467649
F1 Score: [0.6426545660805445, 0.6420454545454546, 0.6989247311827957, 0.6876430205949657, 0.6420454545454546, 0.6666666666666666, 0.5832742735648476, 0.6283716283716283, 0.6729632299927901, 0.702338766832034, 0.6659090909090909, 0.7482517482517483, 0.7491110795050491, 0.6377228292121909, 0.7258407833120477]
 mean: 0.6729175549044872, std: 0.04487725804183756
Accuracy Intime: [0.7941176470588235, 0.7352941176470589, 0.6176470588235294, 0.6470588235294118, 0.625, 0.9411764705882353, 0.7647058823529411, 0.6764705882352942, 0.7058823529411765, 0.75, 0.7941176470588235, 0.6470588235294118, 0.6470588235294118, 0.6470588235294118, 0.65625]
 mean: 0.7099264705882351, std: 0.08503224251092042
F1 (Intime): [0.793939393939394, 0.7332170880557978, 0.6146469049694856, 0.6458333333333333, 0.611336032388664, 0.9409722222222222, 0.7614035087719297, 0.6761904761904762, 0.7058823529411765, 0.7490196078431373, 0.7895667550839964, 0.6263736263736264, 0.6458333333333333, 0.6421052631578947, 0.6389743589743591]
 mean: 0.7050196171719217, std: 0.08791129545000666
--------------------------------------------------
Subject Number: 11
Accuracy Cross: [0.7261904761904762, 0.6666666666666666, 0.7023809523809523, 0.6904761904761905, 0.75, 0.8095238095238095, 0.7857142857142857, 0.7976190476190477, 0.7976190476190477, 0.75, 0.7142857142857143, 0.7261904761904762, 0.7738095238095238, 0.7619047619047619, 0.7619047619047619]
 mean: 0.7476190476190477, std: 0.04105561002024625
F1 Score: [0.7242757242757243, 0.664957264957265, 0.7020008514261388, 0.6904761904761905, 0.7499645641389086, 0.8085470085470086, 0.7852272727272727, 0.7968994453136111, 0.7968994453136111, 0.7491110795050491, 0.6971153846153846, 0.7171717171717171, 0.7722277722277722, 0.7569444444444444, 0.761769710720363]
 mean: 0.7449058583906976, std: 0.04240729293696311
Accuracy Intime: [0.8529411764705882, 0.7647058823529411, 0.8823529411764706, 0.8235294117647058, 0.6875, 0.8235294117647058, 0.7647058823529411, 0.7058823529411765, 0.8235294117647058, 0.71875, 0.6470588235294118, 0.7941176470588235, 0.8235294117647058, 0.7941176470588235, 0.78125]
 mean: 0.7791666666666668, std: 0.06309144414954414
F1 (Intime): [0.8528138528138528, 0.7614035087719297, 0.880701754385965, 0.8235294117647058, 0.6862745098039216, 0.8235294117647058, 0.7571428571428571, 0.6964285714285714, 0.8210526315789474, 0.716256157635468, 0.6357142857142857, 0.7925021795989537, 0.8210526315789474, 0.7925021795989537, 0.7757757757757757]
 mean: 0.7757786479571893, std: 0.06541390641949434
--------------------------------------------------
Subject Number: 12
Accuracy Cross: [0.75, 0.9047619047619048, 0.8452380952380952, 0.9047619047619048, 0.8095238095238095, 0.7619047619047619, 0.75, 0.7380952380952381, 0.7738095238095238, 0.7261904761904762, 0.7619047619047619, 0.7619047619047619, 0.8333333333333334, 0.8095238095238095, 0.7857142857142857]
 mean: 0.7944444444444445, std: 0.054375216295113146
F1 Score: [0.7499645641389086, 0.9047619047619048, 0.8446878111221732, 0.9047078842881452, 0.8094157685762904, 0.750445632798574, 0.7393231860499483, 0.7223557692307692, 0.7641495492832866, 0.7171717171717171, 0.750445632798574, 0.7475961538461539, 0.8298611111111112, 0.8040816326530613, 0.7776470588235294]
 mean: 0.7877743584436098, std: 0.05842802980198223
Accuracy Intime: [0.7058823529411765, 0.7058823529411765, 0.8235294117647058, 0.7941176470588235, 0.84375, 0.9411764705882353, 0.8823529411764706, 0.9117647058823529, 0.8529411764705882, 0.90625, 0.8823529411764706, 0.8823529411764706, 0.8235294117647058, 0.7647058823529411, 0.9375]
 mean: 0.843872549019608, std: 0.0725314217528103
F1 (Intime): [0.7048611111111112, 0.7048611111111112, 0.8229166666666667, 0.793939393939394, 0.8435972629521017, 0.9411764705882353, 0.8819444444444444, 0.9116883116883117, 0.8496905393457117, 0.906158357771261, 0.8819444444444444, 0.8785714285714286, 0.8210526315789474, 0.7614035087719297, 0.9372549019607843]
 mean: 0.8427373723297256, std: 0.0728867078279608
--------------------------------------------------
Subject Number: 13
Accuracy Cross: [0.6904761904761905, 0.7261904761904762, 0.7142857142857143, 0.75, 0.7738095238095238, 0.7380952380952381, 0.7142857142857143, 0.7261904761904762, 0.7857142857142857, 0.7857142857142857, 0.7619047619047619, 0.75, 0.7738095238095238, 0.7976190476190477, 0.7857142857142857]
 mean: 0.7515873015873017, std: 0.03130648083066035
F1 Score: [0.690300623936472, 0.7242757242757243, 0.7116704805491991, 0.7491110795050491, 0.7735206470838655, 0.7343300747556067, 0.7101782633697526, 0.723010752688172, 0.7852272727272727, 0.7855927396483267, 0.7569444444444444, 0.7470967741935484, 0.7722277722277722, 0.7909530083443127, 0.7837528604118993]
 mean: 0.7492128345440944, std: 0.03127756966584337
Accuracy Intime: [0.9411764705882353, 0.8235294117647058, 0.7941176470588235, 0.8823529411764706, 0.9375, 0.9117647058823529, 0.8529411764705882, 0.8235294117647058, 0.8235294117647058, 0.71875, 0.9411764705882353, 0.7352941176470589, 0.7647058823529411, 0.7647058823529411, 0.71875]
 mean: 0.8289215686274509, std: 0.07740539891034119
F1 (Intime): [0.9411764705882353, 0.8229166666666667, 0.793939393939394, 0.8823529411764706, 0.9372549019607843, 0.9116883116883117, 0.8528138528138528, 0.8210526315789474, 0.8229166666666667, 0.694591728525981, 0.9409722222222222, 0.7350649350649351, 0.7638888888888888, 0.7614035087719297, 0.7117117117117118]
 mean: 0.826249655484333, std: 0.080746135216994
--------------------------------------------------
Subject Number: 14
Accuracy Cross: [0.8690476190476191, 0.8452380952380952, 0.8690476190476191, 0.8928571428571429, 0.9047619047619048, 0.8690476190476191, 0.7857142857142857, 0.8095238095238095, 0.8571428571428571, 0.8571428571428571, 0.8214285714285714, 0.8809523809523809, 0.8571428571428571, 0.9047619047619048, 0.8095238095238095]
 mean: 0.8555555555555556, std: 0.03446674722318804
F1 Score: [0.8681318681318682, 0.8441558441558441, 0.8681318681318682, 0.89272030651341, 0.9047619047619048, 0.8675268817204301, 0.7795918367346939, 0.8040816326530613, 0.8558352402745995, 0.8550891316848763, 0.8193548387096774, 0.8806818181818181, 0.8568181818181818, 0.9045454545454545, 0.8095238095238095]
 mean: 0.8540633745027666, std: 0.03581561292057316
Accuracy Intime: [0.7941176470588235, 0.8235294117647058, 0.9705882352941176, 0.9117647058823529, 0.90625, 0.9411764705882353, 0.7058823529411765, 0.8235294117647058, 0.9411764705882353, 0.9375, 0.8529411764705882, 0.9117647058823529, 0.8235294117647058, 0.9117647058823529, 0.96875]
 mean: 0.8816176470588236, std: 0.07236143442100096
F1 (Intime): [0.7925021795989537, 0.8235294117647058, 0.9705627705627706, 0.9110723626852659, 0.9054187192118226, 0.9411764705882353, 0.7017543859649122, 0.8210526315789474, 0.9403508771929825, 0.9372549019607843, 0.85178727114211, 0.9116883116883117, 0.8131868131868132, 0.9110723626852659, 0.9687194525904204]
 mean: 0.8800752614934867, std: 0.07378702476462977
--------------------------------------------------
**************************************************
accuracy_cross_list: [0.7650793650793651, 0.8523809523809524, 0.6825396825396824, 0.7825396825396828, 0.8365079365079365, 0.6785714285714286, 0.61984126984127, 0.8857142857142857, 0.7674603174603175, 0.6746031746031745, 0.7476190476190477, 0.7944444444444445, 0.7515873015873017, 0.8555555555555556]
f1_score_list: [0.7510151459114597, 0.8489356671217718, 0.6485603137726296, 0.7773412063872497, 0.8332811303034049, 0.6775114737776514, 0.6101265387694108, 0.8851826453347383, 0.7570887629923152, 0.6729175549044872, 0.7449058583906976, 0.7877743584436098, 0.7492128345440944, 0.8540633745027666]
accuracy_intime_list: [0.8658088235294118, 0.8523284313725491, 0.7594362745098039, 0.8411764705882355, 0.8591911764705884, 0.7446078431372548, 0.6553921568627452, 0.9192401960784315, 0.8569852941176472, 0.7099264705882351, 0.7791666666666668, 0.843872549019608, 0.8289215686274509, 0.8816176470588236]
f1_score_intime_list: [0.8639658905472255, 0.8498912058646876, 0.7531068171343986, 0.8374493133457029, 0.8566140406918161, 0.742726210379963, 0.6444894663046633, 0.9190436689986027, 0.8552521576860066, 0.7050196171719217, 0.7757786479571893, 0.8427373723297256, 0.826249655484333, 0.8800752614934867]
**************************************************
ACC: 76.39±7.59
F1: 75.70±7.95
Intime: 81.41±7.10
F1 (Intime): 81.09±7.32
