1e-05
Subject Number: 1
Accuracy Cross: [0.3047619047619048, 0.3047619047619048, 0.319047619047619, 0.29523809523809524, 0.2904761904761905, 0.3238095238095238, 0.3619047619047619, 0.34285714285714286, 0.36666666666666664, 0.34285714285714286, 0.3380952380952381, 0.3333333333333333, 0.35714285714285715, 0.34285714285714286, 0.2761904761904762]
 mean: 0.3266666666666666, std: 0.02658718313169536
F1 Score: [0.24338954324309733, 0.23282937707395424, 0.2684445312311399, 0.23923680704705372, 0.24545454545454545, 0.3256510474498483, 0.36080287919183934, 0.34608789511475935, 0.3775182141400012, 0.34072144024998924, 0.3426527021365732, 0.33784743377882587, 0.3435112115287072, 0.34824605492959926, 0.2874192728197305]
 mean: 0.3093208636926442, std: 0.04889022511089409
Accuracy Intime: [0.5, 0.44047619047619047, 0.40476190476190477, 0.38095238095238093, 0.36904761904761907, 0.27380952380952384, 0.34523809523809523, 0.35714285714285715, 0.4523809523809524, 0.40476190476190477, 0.39285714285714285, 0.38095238095238093, 0.35714285714285715, 0.36904761904761907, 0.38095238095238093]
 mean: 0.38730158730158737, std: 0.05010696545290348
F1 (Intime): [0.49215126050420166, 0.43612231217273234, 0.4133333333333333, 0.3857592181446171, 0.3707596751075012, 0.27366974756509643, 0.29899480761549724, 0.34486559139784945, 0.47449766482024547, 0.3899519060181114, 0.34156918350466736, 0.35127329192546586, 0.32710801393728217, 0.3731043106043106, 0.3517960370274345]
 mean: 0.37499709024522315, std: 0.05811242728328008
--------------------------------------------------
Subject Number: 2
Accuracy Cross: [0.3523809523809524, 0.37142857142857144, 0.32857142857142857, 0.38095238095238093, 0.35714285714285715, 0.34285714285714286, 0.29523809523809524, 0.3904761904761905, 0.3523809523809524, 0.32857142857142857, 0.3380952380952381, 0.3619047619047619, 0.3142857142857143, 0.3238095238095238, 0.2904761904761905]
 mean: 0.3419047619047619, std: 0.028155705712560913
F1 Score: [0.2746293718786517, 0.31290254818701574, 0.25497177286650974, 0.2768459025763054, 0.2566929553647295, 0.35595259642318466, 0.30448186258654814, 0.4010102818373495, 0.3634546696874888, 0.33981365080284637, 0.3330530189685119, 0.361349769592889, 0.31187417322194044, 0.33162934555986623, 0.3066222666222666]
 mean: 0.31901894574507367, std: 0.040686226098449296
Accuracy Intime: [0.5476190476190477, 0.3333333333333333, 0.38095238095238093, 0.40476190476190477, 0.38095238095238093, 0.42857142857142855, 0.2261904761904762, 0.36904761904761907, 0.40476190476190477, 0.32142857142857145, 0.38095238095238093, 0.4166666666666667, 0.42857142857142855, 0.4523809523809524, 0.3333333333333333]
 mean: 0.38730158730158737, std: 0.06898829781619281
F1 (Intime): [0.5406077856362487, 0.33723860223860225, 0.3887815353332595, 0.4006553670244785, 0.370480368789964, 0.4243742123954634, 0.19480541962115916, 0.38736169823126343, 0.3868112014453478, 0.2968742047002916, 0.36546146146146147, 0.39957671957671953, 0.4222068529881916, 0.4313909573279888, 0.3200967785967786]
 mean: 0.3777815443578145, std: 0.07304154427474872
--------------------------------------------------
Subject Number: 3
Accuracy Cross: [0.24761904761904763, 0.2523809523809524, 0.2761904761904762, 0.2571428571428571, 0.24285714285714285, 0.3047619047619048, 0.28095238095238095, 0.34285714285714286, 0.3047619047619048, 0.30952380952380953, 0.26666666666666666, 0.2904761904761905, 0.30952380952380953, 0.3142857142857143, 0.319047619047619]
 mean: 0.2879365079365079, std: 0.029088790321156337
F1 Score: [0.17741713829740074, 0.17381212431794166, 0.19824639345080616, 0.18514989885461047, 0.1414689764242892, 0.3038581698567438, 0.2716951362524213, 0.32845095645095645, 0.2948010952821415, 0.2988235590376752, 0.2738655632470065, 0.29188210464119535, 0.31589303023287396, 0.32240809772008905, 0.3194470891758156]
 mean: 0.25981462221613116, std: 0.06268393022456555
Accuracy Intime: [0.30952380952380953, 0.44047619047619047, 0.2857142857142857, 0.35714285714285715, 0.2976190476190476, 0.32142857142857145, 0.30952380952380953, 0.2619047619047619, 0.34523809523809523, 0.34523809523809523, 0.35714285714285715, 0.4166666666666667, 0.40476190476190477, 0.44047619047619047, 0.3333333333333333]
 mean: 0.3484126984126984, std: 0.05349936363921497
F1 (Intime): [0.3125387182339351, 0.4317323256453691, 0.27617618797690663, 0.33756702156702156, 0.22253968253968254, 0.30437798586281256, 0.29012654012654016, 0.26241274648339413, 0.33239159489159487, 0.32608577741873257, 0.3503759398496241, 0.4084795601090807, 0.40761181892111686, 0.4377156702156702, 0.29381110843179814]
 mean: 0.33292951188488534, std: 0.0618456080578542
--------------------------------------------------
Subject Number: 4
Accuracy Cross: [0.3619047619047619, 0.2904761904761905, 0.2714285714285714, 0.3476190476190476, 0.2904761904761905, 0.32857142857142857, 0.3142857142857143, 0.3142857142857143, 0.319047619047619, 0.3142857142857143, 0.3619047619047619, 0.3476190476190476, 0.3380952380952381, 0.30952380952380953, 0.3761904761904762]
 mean: 0.3257142857142856, std: 0.028771784280310343
F1 Score: [0.33158892353006736, 0.2729792963670984, 0.24916324179015947, 0.315419683666298, 0.2669070038561564, 0.33250478689071994, 0.3165116533537587, 0.3205352776321281, 0.3198684210526316, 0.3079984646999166, 0.3294588132078262, 0.3198635979872654, 0.2860212463958367, 0.29613280972059597, 0.35245344473024653]
 mean: 0.30782711099204696, std: 0.027276417660522953
Accuracy Intime: [0.40476190476190477, 0.39285714285714285, 0.34523809523809523, 0.38095238095238093, 0.4166666666666667, 0.38095238095238093, 0.34523809523809523, 0.3333333333333333, 0.34523809523809523, 0.36904761904761907, 0.38095238095238093, 0.30952380952380953, 0.36904761904761907, 0.30952380952380953, 0.3333333333333333]
 mean: 0.36111111111111105, std: 0.0315469951021457
F1 (Intime): [0.39404841068279245, 0.39073476980453725, 0.33672932330827066, 0.3706943866943867, 0.39700140373110343, 0.36049845579257345, 0.33036406884972475, 0.3196807408261681, 0.3214957264957265, 0.3515753938484621, 0.3769487928472165, 0.3017834152757014, 0.37023879346459987, 0.3167333928343746, 0.33333020789249834]
 mean: 0.3514571521565424, std: 0.029951616204724963
--------------------------------------------------
Subject Number: 5
Accuracy Cross: [0.38571428571428573, 0.3619047619047619, 0.4095238095238095, 0.37142857142857144, 0.3904761904761905, 0.37142857142857144, 0.3142857142857143, 0.3904761904761905, 0.3761904761904762, 0.3523809523809524, 0.3380952380952381, 0.3619047619047619, 0.3333333333333333, 0.319047619047619, 0.3523809523809524]
 mean: 0.3619047619047618, std: 0.026484639510621223
F1 Score: [0.32864133066399925, 0.304384034045051, 0.3473584806771514, 0.3099109367140193, 0.3331209103614764, 0.3781596892141487, 0.3174624488804349, 0.3988892074109466, 0.38275859918357724, 0.35610477159772935, 0.3566786566297079, 0.37492092306728514, 0.35374969474969475, 0.33480413301193945, 0.3732139801662825]
 mean: 0.35001051975822955, std: 0.027371214855670335
Accuracy Intime: [0.38095238095238093, 0.40476190476190477, 0.5119047619047619, 0.47619047619047616, 0.44047619047619047, 0.4642857142857143, 0.44047619047619047, 0.42857142857142855, 0.4523809523809524, 0.32142857142857145, 0.3333333333333333, 0.4642857142857143, 0.4523809523809524, 0.39285714285714285, 0.42857142857142855]
 mean: 0.42619047619047623, std: 0.050169779775489226
F1 (Intime): [0.38121325828642905, 0.38569909245604084, 0.5227623357035122, 0.4727507857876452, 0.45572558204137154, 0.45427786668665726, 0.4209151296444801, 0.4312864334923159, 0.4417691770812886, 0.31759357309357317, 0.32934115692736377, 0.467060975609756, 0.46238095238095234, 0.36505772005771997, 0.419077182979622]
 mean: 0.4217940814819153, std: 0.0546292482970393
--------------------------------------------------
Subject Number: 6
Accuracy Cross: [0.26666666666666666, 0.2904761904761905, 0.24285714285714285, 0.29523809523809524, 0.2571428571428571, 0.2857142857142857, 0.2523809523809524, 0.2904761904761905, 0.2714285714285714, 0.2857142857142857, 0.24285714285714285, 0.2523809523809524, 0.32857142857142857, 0.28095238095238095, 0.28095238095238095]
 mean: 0.27492063492063495, std: 0.022434361579752073
F1 Score: [0.26356385743049626, 0.2927332015302847, 0.24071290596792277, 0.28874215333979614, 0.2436151626622764, 0.282225721426165, 0.24618753488091466, 0.28828431746056554, 0.25727903816613495, 0.2780330703664568, 0.2383659029076385, 0.24440910640491573, 0.31955450445577405, 0.26624251122574016, 0.27404517039725745]
 mean: 0.2682662772414892, std: 0.022857835095790934
Accuracy Intime: [0.34523809523809523, 0.32142857142857145, 0.27380952380952384, 0.32142857142857145, 0.3333333333333333, 0.2976190476190476, 0.2857142857142857, 0.2619047619047619, 0.32142857142857145, 0.2261904761904762, 0.23809523809523808, 0.3333333333333333, 0.32142857142857145, 0.34523809523809523, 0.2857142857142857]
 mean: 0.30079365079365084, std: 0.03649067915102429
F1 (Intime): [0.3497653362897265, 0.3135651629072681, 0.2775195363430657, 0.2962663719259464, 0.2846760372231679, 0.2924389404884761, 0.2864200140944327, 0.2631294852537968, 0.31618553475359146, 0.21588952654232427, 0.23966620998879065, 0.33928847711809174, 0.3192588482911064, 0.32556632213608955, 0.2520712440287254]
 mean: 0.29144713649230664, std: 0.036295532718444934
--------------------------------------------------
Subject Number: 7
Accuracy Cross: [0.26666666666666666, 0.2714285714285714, 0.26666666666666666, 0.2761904761904762, 0.26666666666666666, 0.22857142857142856, 0.23809523809523808, 0.2, 0.2, 0.19523809523809524, 0.24285714285714285, 0.21904761904761905, 0.22857142857142856, 0.20476190476190476, 0.2571428571428571]
 mean: 0.2374603174603175, std: 0.02803014610113538
F1 Score: [0.255603469962275, 0.2670986789572326, 0.2547207755101158, 0.26317248182821956, 0.25423883235083855, 0.23753388275472642, 0.23725883155581867, 0.20004876382591358, 0.20775777966422898, 0.19039359732036293, 0.24601397340545414, 0.21136933838774072, 0.22660481798412832, 0.19752915915419295, 0.254922803494232]
 mean: 0.23361781241036536, std: 0.02515957115373417
Accuracy Intime: [0.30952380952380953, 0.2857142857142857, 0.2261904761904762, 0.36904761904761907, 0.2857142857142857, 0.25, 0.32142857142857145, 0.30952380952380953, 0.23809523809523808, 0.16666666666666666, 0.21428571428571427, 0.2261904761904762, 0.2261904761904762, 0.2261904761904762, 0.2619047619047619]
 mean: 0.2611111111111111, std: 0.05021997466525834
F1 (Intime): [0.30918210295817194, 0.2818167701863354, 0.21961293608352433, 0.32877551020408163, 0.2863067552602437, 0.24639911091523992, 0.3153138134383445, 0.3076274263371037, 0.2259233449477352, 0.16075880758807587, 0.2106912080215751, 0.20250963472320532, 0.21766832622095783, 0.22377664591586494, 0.26916938620603886]
 mean: 0.25370211860043324, std: 0.04816694401467742
--------------------------------------------------
Subject Number: 8
Accuracy Cross: [0.41904761904761906, 0.38571428571428573, 0.38095238095238093, 0.38095238095238093, 0.3619047619047619, 0.3761904761904762, 0.3476190476190476, 0.37142857142857144, 0.38095238095238093, 0.35714285714285715, 0.3904761904761905, 0.3761904761904762, 0.38571428571428573, 0.3619047619047619, 0.3523809523809524]
 mean: 0.3752380952380952, std: 0.017230814914427822
F1 Score: [0.39614264142276656, 0.357141830479814, 0.35362587615874574, 0.35839717126266085, 0.33580445171287254, 0.3898133804214118, 0.3631563547242956, 0.38260280826844295, 0.3789683577134558, 0.36968364534887554, 0.3968465895360756, 0.38915252719104215, 0.38945689672098505, 0.3632478632478632, 0.3597023641713852]
 mean: 0.3722495172253794, std: 0.0175906573111633
Accuracy Intime: [0.4166666666666667, 0.4523809523809524, 0.47619047619047616, 0.34523809523809523, 0.42857142857142855, 0.39285714285714285, 0.39285714285714285, 0.39285714285714285, 0.3333333333333333, 0.4523809523809524, 0.4642857142857143, 0.5595238095238095, 0.35714285714285715, 0.4166666666666667, 0.4523809523809524]
 mean: 0.4222222222222222, std: 0.05598473678904253
F1 (Intime): [0.40673645320197044, 0.4553612435965377, 0.48771536513472, 0.35997917584124484, 0.437355502482837, 0.3843641114982578, 0.39048805970624684, 0.3680233791869718, 0.2805715667979819, 0.4574314380765993, 0.47251423149905125, 0.5593136446131002, 0.3606003310415075, 0.3825350100791648, 0.46158823205903377]
 mean: 0.4176385163210151, std: 0.06549461948108906
--------------------------------------------------
Subject Number: 9
Accuracy Cross: [0.3476190476190476, 0.34285714285714286, 0.3523809523809524, 0.30952380952380953, 0.3047619047619048, 0.319047619047619, 0.37142857142857144, 0.3142857142857143, 0.34285714285714286, 0.34285714285714286, 0.22857142857142856, 0.28095238095238095, 0.2761904761904762, 0.2619047619047619, 0.2523809523809524]
 mean: 0.30984126984126986, std: 0.04049828217540194
F1 Score: [0.2988050430035233, 0.3040727205776884, 0.29792318956591046, 0.25826231869875016, 0.26031160163529465, 0.31338411237145414, 0.35328356622713464, 0.30238032520444247, 0.32597397083396873, 0.31872766429777044, 0.22915431503502742, 0.2818154802587388, 0.2855275011489076, 0.26686242434985186, 0.25926846290507644]
 mean: 0.29038351307423593, std: 0.03089561815348313
Accuracy Intime: [0.39285714285714285, 0.4166666666666667, 0.4523809523809524, 0.30952380952380953, 0.36904761904761907, 0.40476190476190477, 0.42857142857142855, 0.2976190476190476, 0.42857142857142855, 0.4166666666666667, 0.35714285714285715, 0.4166666666666667, 0.38095238095238093, 0.35714285714285715, 0.39285714285714285]
 mean: 0.3880952380952381, std: 0.04232473532055042
F1 (Intime): [0.4044324091382914, 0.42325234816892215, 0.44056896943306684, 0.2791261331261331, 0.3500011979376305, 0.4059555305375738, 0.42951200476417695, 0.3052973449314913, 0.4383765001601814, 0.413209639822543, 0.3557904882383061, 0.40819530710835056, 0.3973884938590821, 0.35959359605911334, 0.38993858688255967]
 mean: 0.38670923667782814, std: 0.046153012717772814
--------------------------------------------------
Subject Number: 10
Accuracy Cross: [0.26666666666666666, 0.2761904761904762, 0.2571428571428571, 0.29523809523809524, 0.3047619047619048, 0.2714285714285714, 0.2619047619047619, 0.3, 0.3333333333333333, 0.3047619047619048, 0.23809523809523808, 0.26666666666666666, 0.30952380952380953, 0.2857142857142857, 0.2523809523809524]
 mean: 0.2815873015873016, std: 0.02500894271902366
F1 Score: [0.2604642432507058, 0.2670020661886624, 0.2552622868041847, 0.28406681190994915, 0.30441764754129846, 0.26215369879162986, 0.25870846755608257, 0.2982740379687689, 0.33392325470442363, 0.3063354623854079, 0.23585737608209517, 0.2624856069736018, 0.3021168753726894, 0.2887370533372577, 0.25761107252436743]
 mean: 0.278494397426075, std: 0.025521781853542844
Accuracy Intime: [0.42857142857142855, 0.38095238095238093, 0.2976190476190476, 0.2619047619047619, 0.3333333333333333, 0.39285714285714285, 0.35714285714285715, 0.35714285714285715, 0.30952380952380953, 0.36904761904761907, 0.4523809523809524, 0.32142857142857145, 0.32142857142857145, 0.32142857142857145, 0.25]
 mean: 0.3436507936507936, std: 0.05427086030882144
F1 (Intime): [0.4360033538914457, 0.386369527422159, 0.2967465259554509, 0.25845123561592154, 0.3339372709534, 0.38364968364968366, 0.3595044576970573, 0.35868725868725865, 0.31146198830409355, 0.3706349206349206, 0.43984453625721703, 0.3121673369470187, 0.32473816506074565, 0.3144085326438268, 0.252867817984097]
 mean: 0.34263150744695303, std: 0.053809557143704397
--------------------------------------------------
Subject Number: 11
Accuracy Cross: [0.23333333333333334, 0.23809523809523808, 0.22857142857142856, 0.24761904761904763, 0.26666666666666666, 0.30952380952380953, 0.2857142857142857, 0.3380952380952381, 0.3333333333333333, 0.2761904761904762, 0.2904761904761905, 0.3333333333333333, 0.32857142857142857, 0.3, 0.3476190476190476]
 mean: 0.29047619047619044, std: 0.03965078094221205
F1 Score: [0.22251187614422735, 0.23219883040935674, 0.21644500704774677, 0.22744854396723319, 0.2543968925559852, 0.3112993408024464, 0.2837832457397675, 0.3443704903644374, 0.34231637525439074, 0.2848404258034415, 0.2927836936716198, 0.3277395577395577, 0.3291853992596538, 0.300161213608827, 0.35727763107327304]
 mean: 0.2884505682294643, std: 0.04637481139168669
Accuracy Intime: [0.42857142857142855, 0.35714285714285715, 0.2976190476190476, 0.34523809523809523, 0.36904761904761907, 0.2857142857142857, 0.27380952380952384, 0.40476190476190477, 0.36904761904761907, 0.38095238095238093, 0.27380952380952384, 0.40476190476190477, 0.2857142857142857, 0.2857142857142857, 0.44047619047619047]
 mean: 0.3468253968253968, std: 0.05698832720957537
F1 (Intime): [0.42571684587813624, 0.35789327789327796, 0.2692344031629746, 0.34782782782782784, 0.36405115634324564, 0.2819700144816424, 0.26730240252370785, 0.3777373737373737, 0.3549169110459433, 0.3918787373064483, 0.2635367278224421, 0.3908714596949891, 0.2719177512632126, 0.2832200919550007, 0.42886610748679715]
 mean: 0.3384627392282013, std: 0.05800052994870418
--------------------------------------------------
Subject Number: 12
Accuracy Cross: [0.3380952380952381, 0.35714285714285715, 0.36666666666666664, 0.3904761904761905, 0.3047619047619048, 0.2857142857142857, 0.2857142857142857, 0.29523809523809524, 0.3047619047619048, 0.3142857142857143, 0.2714285714285714, 0.24285714285714285, 0.2857142857142857, 0.26666666666666666, 0.2571428571428571]
 mean: 0.30444444444444435, std: 0.040795812431147396
F1 Score: [0.34130870124380974, 0.35712256044341667, 0.35517092778756065, 0.38631344606687074, 0.31628077588009496, 0.22914643646699653, 0.23254941819238373, 0.23166138380487364, 0.2464462323261683, 0.256671745223984, 0.28977550910365407, 0.26192077261488833, 0.30151778713747907, 0.28250187471064253, 0.27740341845605]
 mean: 0.29105273263059156, std: 0.048912491698763015
Accuracy Intime: [0.34523809523809523, 0.2857142857142857, 0.35714285714285715, 0.30952380952380953, 0.39285714285714285, 0.42857142857142855, 0.36904761904761907, 0.35714285714285715, 0.3333333333333333, 0.39285714285714285, 0.32142857142857145, 0.40476190476190477, 0.34523809523809523, 0.35714285714285715, 0.4166666666666667]
 mean: 0.3611111111111111, std: 0.039042456749996325
F1 (Intime): [0.3640090128632954, 0.2441912183817827, 0.3313674388674389, 0.30134098687579164, 0.40031641392189066, 0.4096980993532718, 0.36424130708001673, 0.3628270676691729, 0.35805924864748395, 0.3963606286186931, 0.33107878676639285, 0.371535906640271, 0.3105424883303499, 0.34887653787909545, 0.4296331983428757]
 mean: 0.35493855601585483, std: 0.045562708633065975
--------------------------------------------------
Subject Number: 13
Accuracy Cross: [0.2714285714285714, 0.2571428571428571, 0.2619047619047619, 0.2761904761904762, 0.2571428571428571, 0.29523809523809524, 0.2857142857142857, 0.2619047619047619, 0.2857142857142857, 0.2904761904761905, 0.29523809523809524, 0.3047619047619048, 0.2761904761904762, 0.319047619047619, 0.2714285714285714]
 mean: 0.28063492063492057, std: 0.017601163524608398
F1 Score: [0.26416498563481877, 0.25766142247918267, 0.24431152928263505, 0.2595854133158908, 0.2525343545235705, 0.27604506131091255, 0.26031629701060754, 0.24083533952386413, 0.2783940653116522, 0.2669174323361716, 0.2803976017418974, 0.2910196262413011, 0.2433411698674673, 0.3090240456561971, 0.2588197840054375]
 mean: 0.2655578752161071, std: 0.01813480808324236
Accuracy Intime: [0.32142857142857145, 0.2976190476190476, 0.3333333333333333, 0.3333333333333333, 0.2976190476190476, 0.3333333333333333, 0.44047619047619047, 0.40476190476190477, 0.35714285714285715, 0.2976190476190476, 0.2976190476190476, 0.42857142857142855, 0.25, 0.25, 0.27380952380952384]
 mean: 0.3277777777777777, std: 0.056822293078313484
F1 (Intime): [0.2681818181818182, 0.2610955672591618, 0.3195020639834881, 0.3281584021621972, 0.2815023579729462, 0.33580728246298686, 0.42342562094884073, 0.40487756017167775, 0.33546320346320346, 0.2534526214526215, 0.3016745730550284, 0.41389515455304926, 0.2272160785573349, 0.25371889207132975, 0.2576530339481422]
 mean: 0.31104161534958846, std: 0.060750771080317394
--------------------------------------------------
Subject Number: 14
Accuracy Cross: [0.3333333333333333, 0.3333333333333333, 0.36666666666666664, 0.3476190476190476, 0.2761904761904762, 0.4095238095238095, 0.36666666666666664, 0.3952380952380952, 0.4142857142857143, 0.3952380952380952, 0.35714285714285715, 0.3761904761904762, 0.3523809523809524, 0.3380952380952381, 0.3380952380952381]
 mean: 0.35999999999999993, std: 0.034505468581891956
F1 Score: [0.3476965290939436, 0.3548202764976959, 0.38991381429909966, 0.3656813808119118, 0.2837217668796616, 0.35986743570905416, 0.31744628757806065, 0.34600788946526295, 0.36131559205590874, 0.3540924254695515, 0.3220732600732601, 0.31361534905224225, 0.2879459941398522, 0.2900926546259205, 0.29305096890822924]
 mean: 0.332489441643977, std: 0.03241957652960199
Accuracy Intime: [0.2976190476190476, 0.4523809523809524, 0.44047619047619047, 0.32142857142857145, 0.44047619047619047, 0.4642857142857143, 0.40476190476190477, 0.30952380952380953, 0.34523809523809523, 0.35714285714285715, 0.4523809523809524, 0.4642857142857143, 0.44047619047619047, 0.39285714285714285, 0.39285714285714285]
 mean: 0.3984126984126985, std: 0.056822293078313484
F1 (Intime): [0.28765112984686186, 0.45171935021057996, 0.43115869876560053, 0.289770918736436, 0.44129124161382227, 0.44894897464419153, 0.38536699280148057, 0.2985694249649369, 0.31216103682852453, 0.36847453621647175, 0.4601931476931477, 0.4350789853108144, 0.44009490906042625, 0.3862523255152178, 0.38389048601896897]
 mean: 0.3880414772151654, std: 0.061371025278893876
--------------------------------------------------
**************************************************
accuracy_cross_list: [0.3266666666666666, 0.3419047619047619, 0.2879365079365079, 0.3257142857142856, 0.3619047619047618, 0.27492063492063495, 0.2374603174603175, 0.3752380952380952, 0.30984126984126986, 0.2815873015873016, 0.29047619047619044, 0.30444444444444435, 0.28063492063492057, 0.35999999999999993]
f1_score_list: [0.3093208636926442, 0.31901894574507367, 0.25981462221613116, 0.30782711099204696, 0.35001051975822955, 0.2682662772414892, 0.23361781241036536, 0.3722495172253794, 0.29038351307423593, 0.278494397426075, 0.2884505682294643, 0.29105273263059156, 0.2655578752161071, 0.332489441643977]
accuracy_intime_list: [0.38730158730158737, 0.38730158730158737, 0.3484126984126984, 0.36111111111111105, 0.42619047619047623, 0.30079365079365084, 0.2611111111111111, 0.4222222222222222, 0.3880952380952381, 0.3436507936507936, 0.3468253968253968, 0.3611111111111111, 0.3277777777777777, 0.3984126984126985]
f1_score_intime_list: [0.37499709024522315, 0.3777815443578145, 0.33292951188488534, 0.3514571521565424, 0.4217940814819153, 0.29144713649230664, 0.25370211860043324, 0.4176385163210151, 0.38670923667782814, 0.34263150744695303, 0.3384627392282013, 0.35493855601585483, 0.31104161534958846, 0.3880414772151654]
**************************************************
ACC: 31.13±3.78
F1: 29.76±3.60
Intime: 36.15±4.38
F1 (Intime): 35.31±4.51
