1e-05
Subject Number: 1
Accuracy Cross: [0.5147058823529411, 0.5, 0.47058823529411764, 0.5147058823529411, 0.45588235294117646, 0.37681159420289856, 0.34782608695652173, 0.4057971014492754, 0.463768115942029, 0.37681159420289856, 0.5, 0.5735294117647058, 0.6176470588235294, 0.5, 0.47058823529411764]
 mean: 0.47257743677181013, std: 0.07107322456377749
F1 Score: [0.5506168300653594, 0.536858504398827, 0.5011032107689085, 0.5418771043771043, 0.4853135888501742, 0.38574468085106384, 0.3483811285846439, 0.4153030271764924, 0.46052994483845544, 0.3899681364991263, 0.4755372313843078, 0.5737037037037037, 0.626810313220197, 0.476984126984127, 0.4544683257918552]
 mean: 0.4815466571662898, std: 0.07410746268590424
Accuracy Intime: [0.5714285714285714, 0.5357142857142857, 0.39285714285714285, 0.46153846153846156, 0.5, 0.8214285714285714, 0.6071428571428571, 0.5, 0.6153846153846154, 0.5769230769230769, 0.5714285714285714, 0.6428571428571429, 0.35714285714285715, 0.4230769230769231, 0.5]
 mean: 0.5384615384615384, std: 0.11045641625966138
F1 (Intime): [0.5883838383838383, 0.5388257575757576, 0.4032536091359621, 0.48623680241327294, 0.5166666666666666, 0.8229166666666666, 0.625, 0.5153846153846153, 0.6608097784568373, 0.575, 0.5761904761904761, 0.6617965367965368, 0.37615016562384984, 0.3897058823529412, 0.5023310023310024]
 mean: 0.5492434531985616, std: 0.11369145523174845
--------------------------------------------------
Subject Number: 2
Accuracy Cross: [0.3188405797101449, 0.2463768115942029, 0.2318840579710145, 0.2463768115942029, 0.30434782608695654, 0.20588235294117646, 0.29411764705882354, 0.5, 0.36764705882352944, 0.36764705882352944, 0.3333333333333333, 0.2318840579710145, 0.4782608695652174, 0.36231884057971014, 0.391304347826087]
 mean: 0.32534811025859617, std: 0.0852132930429026
F1 Score: [0.3184277950310559, 0.26899509803921573, 0.2370524296675192, 0.26888752052545156, 0.32521738985802295, 0.22492500326072778, 0.3255168100741196, 0.5048390206284943, 0.3736277931856289, 0.3742204210289316, 0.34392904889228415, 0.23187146346181747, 0.4799724633650916, 0.3509743192670022, 0.39139112903225803]
 mean: 0.3346565136878414, std: 0.08080398266586367
Accuracy Intime: [0.6071428571428571, 0.5714285714285714, 0.5, 0.5769230769230769, 0.3076923076923077, 0.5714285714285714, 0.5357142857142857, 0.42857142857142855, 0.39285714285714285, 0.5, 0.5357142857142857, 0.5, 0.42857142857142855, 0.4230769230769231, 0.19230769230769232]
 mean: 0.4714285714285715, std: 0.10867830008734036
F1 (Intime): [0.625, 0.5898207056101793, 0.4489468864468864, 0.5068223443223443, 0.2222222222222222, 0.5572770774976658, 0.5087301587301587, 0.4133971291866029, 0.3767816742081448, 0.49747474747474746, 0.5472943722943723, 0.4696969696969697, 0.4208683473389355, 0.43803418803418803, 0.14583333333333331]
 mean: 0.4512133437597834, std: 0.12450993506931744
--------------------------------------------------
Subject Number: 3
Accuracy Cross: [0.25, 0.3382352941176471, 0.27941176470588236, 0.3088235294117647, 0.36764705882352944, 0.3188405797101449, 0.30434782608695654, 0.2608695652173913, 0.37681159420289856, 0.34782608695652173, 0.34782608695652173, 0.3333333333333333, 0.30434782608695654, 0.30434782608695654, 0.4057971014492754]
 mean: 0.32323103154305194, std: 0.041365264906426315
F1 Score: [0.24657484498365773, 0.34273657628920784, 0.27892743221690586, 0.3071187584345479, 0.36442747830839656, 0.2908720408720409, 0.2737222787532385, 0.24097780126849894, 0.36291208791208784, 0.29495005549389564, 0.32143423840941465, 0.2941666666666667, 0.26715738949781503, 0.2800155780571937, 0.3821391714580569]
 mean: 0.30320882657477494, std: 0.04173810920813259
Accuracy Intime: [0.32142857142857145, 0.6071428571428571, 0.5, 0.5357142857142857, 0.38461538461538464, 0.39285714285714285, 0.35714285714285715, 0.42857142857142855, 0.46153846153846156, 0.5, 0.4642857142857143, 0.4642857142857143, 0.35714285714285715, 0.5, 0.5769230769230769]
 mean: 0.45677655677655676, std: 0.08053070025149339
F1 (Intime): [0.3039473684210526, 0.5738095238095238, 0.44360902255639095, 0.46288515406162467, 0.32240896358543414, 0.38125, 0.35014005602240894, 0.4040750915750916, 0.3968253968253968, 0.4652777777777778, 0.44134615384615383, 0.3928571428571428, 0.3645833333333333, 0.46904761904761905, 0.49102870813397126]
 mean: 0.41753942079019474, std: 0.06826036504594107
--------------------------------------------------
Subject Number: 4
Accuracy Cross: [0.5072463768115942, 0.4927536231884058, 0.5217391304347826, 0.6086956521739131, 0.5797101449275363, 0.5362318840579711, 0.5217391304347826, 0.5942028985507246, 0.6086956521739131, 0.5072463768115942, 0.4492753623188406, 0.5217391304347826, 0.4927536231884058, 0.463768115942029, 0.5072463768115942]
 mean: 0.5275362318840581, std: 0.04786267082705638
F1 Score: [0.5279159437054174, 0.5210903029708795, 0.5379986603390859, 0.6198405301853578, 0.5867041925465839, 0.5465909090909091, 0.5457225913621262, 0.6189847641460545, 0.6161020776874436, 0.5337365591397849, 0.41905186695552443, 0.5318847750790612, 0.4970899470899471, 0.42268518518518516, 0.49565115322530573]
 mean: 0.5347366305805779, std: 0.059474676306094126
Accuracy Intime: [0.6071428571428571, 0.6785714285714286, 0.5357142857142857, 0.5357142857142857, 0.5769230769230769, 0.5714285714285714, 0.6785714285714286, 0.4642857142857143, 0.4642857142857143, 0.5384615384615384, 0.75, 0.6071428571428571, 0.7142857142857143, 0.6071428571428571, 0.46153846153846156]
 mean: 0.586080586080586, std: 0.08739354088992698
F1 (Intime): [0.6070512820512821, 0.6970588235294117, 0.5279663147310206, 0.5190058479532164, 0.5737179487179487, 0.5977606951871658, 0.6794871794871795, 0.4623015873015873, 0.47172619047619047, 0.5583139083139084, 0.7525856496444732, 0.5950868983957219, 0.7042735042735042, 0.6071428571428571, 0.46825396825396826]
 mean: 0.5881155103639625, std: 0.08750415975607723
--------------------------------------------------
Subject Number: 5
Accuracy Cross: [0.5294117647058824, 0.47058823529411764, 0.4264705882352941, 0.47058823529411764, 0.47058823529411764, 0.4411764705882353, 0.4852941176470588, 0.47058823529411764, 0.5147058823529411, 0.4411764705882353, 0.39705882352941174, 0.38235294117647056, 0.4117647058823529, 0.4264705882352941, 0.39705882352941174]
 mean: 0.4490196078431373, std: 0.04189384435141471
F1 Score: [0.5074924104432301, 0.44065217391304345, 0.4001850650130988, 0.4470306200283317, 0.43585043988269795, 0.41701295902976576, 0.43485576923076924, 0.46085651936715766, 0.49307463369963367, 0.4228713768115942, 0.3980462812470381, 0.35185698447893565, 0.38411507191995, 0.41834898877092064, 0.35641589593202494]
 mean: 0.42457767931787943, std: 0.042306403259708344
Accuracy Intime: [0.8214285714285714, 0.8928571428571429, 0.6071428571428571, 0.6538461538461539, 0.6153846153846154, 0.5714285714285714, 0.7857142857142857, 0.6785714285714286, 0.6538461538461539, 0.5384615384615384, 0.5, 0.7142857142857143, 0.6785714285714286, 0.7307692307692307, 0.7307692307692307]
 mean: 0.6782051282051281, std: 0.10258143495621452
F1 (Intime): [0.8330639948287007, 0.8897435897435899, 0.6028846153846154, 0.5416666666666666, 0.5193277310924369, 0.5802968960863698, 0.788299935358759, 0.6866071428571429, 0.5271493212669682, 0.4665750915750916, 0.5078605604921395, 0.7228298017771702, 0.6985994397759103, 0.6558682803264847, 0.6986111111111111]
 mean: 0.6479589452228771, std: 0.12282447790531315
--------------------------------------------------
Subject Number: 6
Accuracy Cross: [0.4264705882352941, 0.47058823529411764, 0.5, 0.4852941176470588, 0.47058823529411764, 0.43478260869565216, 0.4927536231884058, 0.463768115942029, 0.4492753623188406, 0.5217391304347826, 0.37681159420289856, 0.43478260869565216, 0.43478260869565216, 0.463768115942029, 0.463768115942029]
 mean: 0.4592782040352373, std: 0.03410827445064758
F1 Score: [0.4498164014687882, 0.478125, 0.49163458486843015, 0.4986697513013302, 0.48920243773184946, 0.3761111111111111, 0.4314713064713065, 0.4186507936507936, 0.39146951975899336, 0.46712917725229625, 0.40205627705627706, 0.45149868247694336, 0.46006493506493507, 0.4914806110458284, 0.4942840386901893]
 mean: 0.45277764186327146, std: 0.03907520958206662
Accuracy Intime: [0.6785714285714286, 0.6071428571428571, 0.6071428571428571, 0.5714285714285714, 0.5, 0.5357142857142857, 0.6428571428571429, 0.6428571428571429, 0.46153846153846156, 0.46153846153846156, 0.6071428571428571, 0.5357142857142857, 0.42857142857142855, 0.7307692307692307, 0.34615384615384615]
 mean: 0.557142857142857, std: 0.10026632008528502
F1 (Intime): [0.6705128205128206, 0.6153846153846154, 0.6213675213675214, 0.5667437825332562, 0.4727106227106227, 0.5436085972850679, 0.6342105263157894, 0.641238038277512, 0.4087064251537936, 0.43266537384184445, 0.6109943977591036, 0.545970695970696, 0.45833333333333326, 0.6688150858429496, 0.27772227772227775]
 mean: 0.5445989409340802, std: 0.10932754606853251
--------------------------------------------------
Subject Number: 7
Accuracy Cross: [0.6176470588235294, 0.6470588235294118, 0.47058823529411764, 0.6029411764705882, 0.5588235294117647, 0.4411764705882353, 0.4117647058823529, 0.4852941176470588, 0.47058823529411764, 0.5, 0.5441176470588235, 0.5147058823529411, 0.5588235294117647, 0.6029411764705882, 0.5147058823529411]
 mean: 0.5294117647058822, std: 0.06642111641550716
F1 Score: [0.6159451659451659, 0.6156816156816157, 0.4296512292738708, 0.5917209856915739, 0.5628182530356444, 0.4136354129664733, 0.3883285207491131, 0.4962244370139107, 0.4517165005537098, 0.46186358754027923, 0.5524880763116057, 0.502635046113307, 0.5529647378585223, 0.6100222666198967, 0.5283799533799534]
 mean: 0.518271719248976, std: 0.07363528494242257
Accuracy Intime: [0.5714285714285714, 0.6428571428571429, 0.6428571428571429, 0.46153846153846156, 0.46153846153846156, 0.6785714285714286, 0.5, 0.7142857142857143, 0.6153846153846154, 0.5769230769230769, 0.8214285714285714, 0.6428571428571429, 0.6071428571428571, 0.5384615384615384, 0.38461538461538464]
 mean: 0.5906593406593407, std: 0.10727661417024863
F1 (Intime): [0.5236111111111111, 0.6487179487179487, 0.6174603174603175, 0.42578671328671325, 0.38744343891402716, 0.6580741626794259, 0.49031279178338005, 0.7082133552721788, 0.5773755656108598, 0.5059294871794872, 0.8162955465587044, 0.6402243589743589, 0.5960338680926915, 0.48429144385026734, 0.27884615384615385]
 mean: 0.5572410842225082, std: 0.1311589762042475
--------------------------------------------------
Subject Number: 8
Accuracy Cross: [0.35294117647058826, 0.27941176470588236, 0.2647058823529412, 0.38235294117647056, 0.3235294117647059, 0.36764705882352944, 0.3235294117647059, 0.4264705882352941, 0.3088235294117647, 0.3382352941176471, 0.36764705882352944, 0.38235294117647056, 0.4411764705882353, 0.45588235294117646, 0.3382352941176471]
 mean: 0.35686274509803917, std: 0.05355490307352024
F1 Score: [0.36441361980905596, 0.2697829131652661, 0.30680868333793865, 0.3821469411092053, 0.3493564993564994, 0.3904469145517739, 0.340940500940501, 0.4311893061893062, 0.30850819118270756, 0.34869050869050866, 0.36126126126126124, 0.39388749651907545, 0.4709688995215311, 0.46557491289198605, 0.3447723917153068]
 mean: 0.3685832693494616, std: 0.054446366222736284
Accuracy Intime: [0.5, 0.42857142857142855, 0.39285714285714285, 0.46153846153846156, 0.4230769230769231, 0.42857142857142855, 0.42857142857142855, 0.35714285714285715, 0.38461538461538464, 0.38461538461538464, 0.39285714285714285, 0.42857142857142855, 0.5357142857142857, 0.5, 0.5384615384615384]
 mean: 0.43901098901098906, std: 0.05462544405114975
F1 (Intime): [0.49215102707749764, 0.46190476190476193, 0.35561497326203206, 0.4758888170652877, 0.4042735042735043, 0.4434984520123839, 0.4602591036414566, 0.3333333333333333, 0.3472222222222222, 0.3463084795321637, 0.3725250626566416, 0.4625291375291375, 0.5374434389140271, 0.5228601055806938, 0.5454441391941391]
 mean: 0.4374171038799522, std: 0.07047972863272839
--------------------------------------------------
Subject Number: 9
Accuracy Cross: [0.5735294117647058, 0.5588235294117647, 0.5147058823529411, 0.5441176470588235, 0.5588235294117647, 0.3088235294117647, 0.38235294117647056, 0.35294117647058826, 0.39705882352941174, 0.35294117647058826, 0.38235294117647056, 0.39705882352941174, 0.4264705882352941, 0.4117647058823529, 0.38235294117647056]
 mean: 0.43627450980392163, std: 0.08535607395952514
F1 Score: [0.5876165501165501, 0.5804393875204261, 0.5447831978319784, 0.5703639179248935, 0.579364833941493, 0.30685618729096986, 0.41130141822510036, 0.37183097640369, 0.41516164994425864, 0.3831002331002331, 0.4121487028103775, 0.4148148148148148, 0.45708628244017524, 0.44191832251295166, 0.4086366700370745]
 mean: 0.45902820966099905, std: 0.08687972402605601
Accuracy Intime: [0.6428571428571429, 0.4642857142857143, 0.6071428571428571, 0.5, 0.4230769230769231, 0.7142857142857143, 0.6785714285714286, 0.6428571428571429, 0.46153846153846156, 0.4230769230769231, 0.5714285714285714, 0.6428571428571429, 0.7142857142857143, 0.5, 0.6153846153846154]
 mean: 0.5734432234432235, std: 0.09950703001561319
F1 (Intime): [0.6567460317460317, 0.4867354867354867, 0.6128326330532213, 0.538267614738203, 0.36923076923076925, 0.7281746031746033, 0.6847123464770524, 0.6329284750337382, 0.4360119047619047, 0.3845238095238095, 0.5890293916609706, 0.626984126984127, 0.7172348484848484, 0.5160130718954248, 0.5805137844611528]
 mean: 0.5706625931974229, std: 0.10966798835432148
--------------------------------------------------
Subject Number: 10
Accuracy Cross: [0.3088235294117647, 0.35294117647058826, 0.29411764705882354, 0.3235294117647059, 0.3382352941176471, 0.3235294117647059, 0.22058823529411764, 0.35294117647058826, 0.25, 0.3088235294117647, 0.2608695652173913, 0.2898550724637681, 0.2898550724637681, 0.36231884057971014, 0.2463768115942029]
 mean: 0.3015203182722364, std: 0.04133821801012787
F1 Score: [0.29789223040552826, 0.3589323467230444, 0.29905131447908445, 0.3365217078263374, 0.3582346446123536, 0.30581607643057224, 0.20489239239239238, 0.34782608695652173, 0.2590733385884065, 0.30688854489164086, 0.26824418271786693, 0.30598568098568096, 0.2909017713365539, 0.3770663004079775, 0.2615105000470854]
 mean: 0.30525580792006984, std: 0.044291366183542354
Accuracy Intime: [0.2857142857142857, 0.4642857142857143, 0.2857142857142857, 0.38461538461538464, 0.2692307692307692, 0.4642857142857143, 0.39285714285714285, 0.4642857142857143, 0.38461538461538464, 0.4230769230769231, 0.2857142857142857, 0.39285714285714285, 0.42857142857142855, 0.34615384615384615, 0.34615384615384615]
 mean: 0.3745421245421245, std: 0.06667521983533639
F1 (Intime): [0.28035714285714286, 0.428030303030303, 0.27884615384615385, 0.3634803921568628, 0.26836349924585223, 0.5106060606060606, 0.4125, 0.48793363499245845, 0.35149572649572647, 0.4236111111111111, 0.22799422799422797, 0.4008675534991324, 0.37262845849802373, 0.3390756302521008, 0.3224538619275461]
 mean: 0.3645495837675135, std: 0.07860567465972987
--------------------------------------------------
Subject Number: 11
Accuracy Cross: [0.4057971014492754, 0.4057971014492754, 0.3333333333333333, 0.30434782608695654, 0.3333333333333333, 0.463768115942029, 0.463768115942029, 0.4492753623188406, 0.37681159420289856, 0.42028985507246375, 0.34782608695652173, 0.36231884057971014, 0.4782608695652174, 0.42028985507246375, 0.30434782608695654]
 mean: 0.391304347826087, std: 0.05675043538391657
F1 Score: [0.37389686337054756, 0.37434729326513216, 0.32921136834180315, 0.29303694017652826, 0.34326923076923077, 0.42508784896461405, 0.44632177033492826, 0.4238027761045664, 0.32560219794262346, 0.35630699088145895, 0.2837431385818483, 0.3160605425745177, 0.44179940268790446, 0.40915119363395225, 0.2759103641456583]
 mean: 0.36116986145168767, std: 0.05595813918857288
Accuracy Intime: [0.39285714285714285, 0.6428571428571429, 0.5357142857142857, 0.5357142857142857, 0.46153846153846156, 0.32142857142857145, 0.39285714285714285, 0.5357142857142857, 0.4642857142857143, 0.46153846153846156, 0.32142857142857145, 0.4642857142857143, 0.5, 0.4642857142857143, 0.5384615384615384]
 mean: 0.46886446886446886, std: 0.08354338940672594
F1 (Intime): [0.32532894736842105, 0.6153846153846154, 0.5238095238095237, 0.4976190476190476, 0.4742063492063492, 0.22681704260651628, 0.35158730158730156, 0.5238038277511962, 0.4300595238095238, 0.408234126984127, 0.30916305916305914, 0.453030303030303, 0.49120160884866765, 0.42777777777777776, 0.5212508080155139]
 mean: 0.4386182575307963, std: 0.09779235134184625
--------------------------------------------------
Subject Number: 12
Accuracy Cross: [0.45588235294117646, 0.5441176470588235, 0.5735294117647058, 0.5882352941176471, 0.5735294117647058, 0.5362318840579711, 0.5072463768115942, 0.5507246376811594, 0.5652173913043478, 0.5217391304347826, 0.5, 0.36764705882352944, 0.4264705882352941, 0.4411764705882353, 0.5]
 mean: 0.5101165103722648, std: 0.061103421607438146
F1 Score: [0.4488304093567251, 0.5473022912047302, 0.5556625014071822, 0.599214827475697, 0.5785669999224986, 0.5537608225108225, 0.5374760933316334, 0.5541801948051948, 0.5652826171118854, 0.5370066154949875, 0.49388547296095064, 0.3632163742690058, 0.44978591635446136, 0.4620288248337029, 0.5172579453067258]
 mean: 0.5175638604230802, std: 0.06067009198729602
Accuracy Intime: [0.5, 0.7142857142857143, 0.5, 0.5384615384615384, 0.46153846153846156, 0.4642857142857143, 0.5357142857142857, 0.5, 0.2692307692307692, 0.4230769230769231, 0.6785714285714286, 0.6428571428571429, 0.6785714285714286, 0.5384615384615384, 0.5384615384615384]
 mean: 0.5322344322344323, std: 0.1101985902205034
F1 (Intime): [0.5083333333333333, 0.7238095238095238, 0.5031512605042017, 0.4366421568627451, 0.37839366515837103, 0.48498803827751197, 0.5328282828282829, 0.5074786324786325, 0.204004329004329, 0.4011904761904762, 0.6827061827061827, 0.6531746031746031, 0.6764705882352942, 0.4803571428571428, 0.4643665158371041]
 mean: 0.509192982083849, std: 0.13066035847100282
--------------------------------------------------
Subject Number: 13
Accuracy Cross: [0.4117647058823529, 0.4264705882352941, 0.4117647058823529, 0.35294117647058826, 0.45588235294117646, 0.43478260869565216, 0.36231884057971014, 0.43478260869565216, 0.42028985507246375, 0.43478260869565216, 0.36764705882352944, 0.35294117647058826, 0.39705882352941174, 0.4264705882352941, 0.3382352941176471]
 mean: 0.40187553282182437, std: 0.0360634803898335
F1 Score: [0.43614592122499496, 0.44245987308697277, 0.44779122412181993, 0.3711363636363636, 0.4788725766986637, 0.4518806396855177, 0.36069882498453926, 0.4306993328732459, 0.42537132407822065, 0.45283735348251475, 0.38558015343729635, 0.3532679738562091, 0.4281346749226006, 0.44671293618662034, 0.3525576238849069]
 mean: 0.4176097864106991, std: 0.04002180035744031
Accuracy Intime: [0.5, 0.32142857142857145, 0.4642857142857143, 0.4230769230769231, 0.38461538461538464, 0.39285714285714285, 0.39285714285714285, 0.5357142857142857, 0.34615384615384615, 0.4230769230769231, 0.5357142857142857, 0.5357142857142857, 0.5714285714285714, 0.4230769230769231, 0.4230769230769231]
 mean: 0.4448717948717949, std: 0.0730822016509564
F1 (Intime): [0.5195701357466063, 0.2521929824561403, 0.4963526669409022, 0.4368131868131868, 0.3159722222222222, 0.3741421568627451, 0.3298611111111111, 0.5515873015873015, 0.2889880952380952, 0.4055631868131868, 0.5357843137254903, 0.49789915966386555, 0.5821428571428572, 0.48457229045464334, 0.35812324929971984]
 mean: 0.42863766107187157, std: 0.10085206526822611
--------------------------------------------------
Subject Number: 14
Accuracy Cross: [0.3235294117647059, 0.38235294117647056, 0.36764705882352944, 0.3088235294117647, 0.36764705882352944, 0.39705882352941174, 0.4117647058823529, 0.4117647058823529, 0.4264705882352941, 0.36764705882352944, 0.3382352941176471, 0.36764705882352944, 0.3382352941176471, 0.45588235294117646, 0.36764705882352944]
 mean: 0.3754901960784314, std: 0.03867271161434512
F1 Score: [0.34566834276136604, 0.422937613461807, 0.3834821428571429, 0.33377926421404686, 0.39019423558897237, 0.40557162136109504, 0.41826923076923084, 0.42153846153846153, 0.45014281840368797, 0.3746019647696477, 0.3568840579710145, 0.34947128343354755, 0.3504662004662005, 0.4404533323448736, 0.37569827025320596]
 mean: 0.38794392267961997, std: 0.03571447996187898
Accuracy Intime: [0.4642857142857143, 0.4642857142857143, 0.5714285714285714, 0.5769230769230769, 0.5769230769230769, 0.42857142857142855, 0.5, 0.42857142857142855, 0.5769230769230769, 0.34615384615384615, 0.39285714285714285, 0.5, 0.35714285714285715, 0.5384615384615384, 0.2692307692307692]
 mean: 0.46611721611721607, std: 0.09262040756345878
F1 (Intime): [0.46875, 0.44047619047619047, 0.5705128205128205, 0.5582166199813259, 0.6, 0.4452380952380952, 0.5075757575757576, 0.4066274282992549, 0.6038011695906432, 0.2986111111111111, 0.40861344537815125, 0.5178571428571428, 0.34740896358543416, 0.47134502923976607, 0.23530817009077878]
 mean: 0.4586894629290981, std: 0.10431574228327403
--------------------------------------------------
Subject Number: 15
Accuracy Cross: [0.4117647058823529, 0.38235294117647056, 0.4264705882352941, 0.45588235294117646, 0.4411764705882353, 0.6176470588235294, 0.47058823529411764, 0.5735294117647058, 0.5588235294117647, 0.5882352941176471, 0.5294117647058824, 0.5, 0.4117647058823529, 0.4411764705882353, 0.45588235294117646]
 mean: 0.4843137254901961, std: 0.07031537677271023
F1 Score: [0.4459530062978339, 0.4049242424242424, 0.45335525514553643, 0.48862570512479375, 0.46758199847444704, 0.6243042837870424, 0.47066326530612246, 0.589102564102564, 0.5771043771043771, 0.5901436130007558, 0.526192628351577, 0.5205254713473165, 0.4198076923076923, 0.4282308456881512, 0.47124264365643675]
 mean: 0.49851717280792596, std: 0.06689389760107352
Accuracy Intime: [0.6071428571428571, 0.7142857142857143, 0.6785714285714286, 0.6153846153846154, 0.4230769230769231, 0.5357142857142857, 0.35714285714285715, 0.5714285714285714, 0.5769230769230769, 0.5769230769230769, 0.6428571428571429, 0.5714285714285714, 0.6071428571428571, 0.7692307692307693, 0.6923076923076923]
 mean: 0.5959706959706959, std: 0.10179657872181422
F1 (Intime): [0.6240842490842491, 0.7251718869365928, 0.686965811965812, 0.6194444444444445, 0.3583333333333333, 0.5216346153846154, 0.32361111111111107, 0.593939393939394, 0.5899122807017543, 0.5761487050960735, 0.6428571428571428, 0.5928571428571429, 0.6247436773752564, 0.7541666666666667, 0.6887175324675324]
 mean: 0.5948391996147413, std: 0.11534584405890375
--------------------------------------------------
Subject Number: 16
Accuracy Cross: [0.5, 0.5, 0.5147058823529411, 0.5588235294117647, 0.5294117647058824, 0.4117647058823529, 0.35294117647058826, 0.4411764705882353, 0.38235294117647056, 0.39705882352941174, 0.5147058823529411, 0.5294117647058824, 0.5294117647058824, 0.5147058823529411, 0.5147058823529411]
 mean: 0.47941176470588237, std: 0.06211385906453787
F1 Score: [0.4266861187592894, 0.46452898550724636, 0.48617206857853973, 0.5516669266669266, 0.46708333333333335, 0.3956402197927622, 0.3216202582728006, 0.41031849506425777, 0.3578342254650287, 0.36065497002997005, 0.4246498599439776, 0.45483551733551736, 0.4737583205325141, 0.4955518018018018, 0.4568923268232024]
 mean: 0.43652622852714457, std: 0.05820016263066693
Accuracy Intime: [0.6428571428571429, 0.5714285714285714, 0.75, 0.7307692307692307, 0.5, 0.6428571428571429, 0.5, 0.6071428571428571, 0.6153846153846154, 0.5769230769230769, 0.5714285714285714, 0.6071428571428571, 0.75, 0.6923076923076923, 0.5]
 mean: 0.6172161172161171, std: 0.0826045904413302
F1 (Intime): [0.6209150326797386, 0.4692583732057416, 0.7550782550782551, 0.7205815018315018, 0.48749999999999993, 0.6446778711484594, 0.4621983408748115, 0.5979569450157685, 0.564957264957265, 0.5749120160884866, 0.5363855270976015, 0.6013986013986014, 0.7472943722943723, 0.7008928571428571, 0.47410714285714284]
 mean: 0.5972076067780402, std: 0.09773399839364233
--------------------------------------------------
Subject Number: 17
Accuracy Cross: [0.42028985507246375, 0.37681159420289856, 0.4057971014492754, 0.4057971014492754, 0.4492753623188406, 0.4057971014492754, 0.36231884057971014, 0.43478260869565216, 0.391304347826087, 0.4057971014492754, 0.47058823529411764, 0.4852941176470588, 0.4411764705882353, 0.45588235294117646, 0.4117647058823529]
 mean: 0.4215117931230464, std: 0.03315655338529767
F1 Score: [0.39076055523423947, 0.3188639817629179, 0.38204750204750204, 0.4102600624339755, 0.4442460317460317, 0.3819121130441885, 0.31257021865007345, 0.37777777777777777, 0.35070332480818417, 0.3597560975609756, 0.4710187745071466, 0.47465846846651805, 0.4520518895518896, 0.46785714285714286, 0.40630699088145894]
 mean: 0.40005272875533476, std: 0.05134177847366357
Accuracy Intime: [0.32142857142857145, 0.5, 0.35714285714285715, 0.38461538461538464, 0.46153846153846156, 0.5357142857142857, 0.5357142857142857, 0.6071428571428571, 0.6923076923076923, 0.7307692307692307, 0.4642857142857143, 0.6785714285714286, 0.42857142857142855, 0.5357142857142857, 0.5]
 mean: 0.5155677655677656, std: 0.11754760818947599
F1 (Intime): [0.27192982456140347, 0.4778409090909091, 0.3035714285714286, 0.30370670995670995, 0.41587301587301584, 0.5611111111111111, 0.554945054945055, 0.6145833333333333, 0.6641447368421053, 0.7193362193362194, 0.4797979797979798, 0.687895437895438, 0.37916666666666665, 0.5374331550802138, 0.4509803921568627]
 mean: 0.49482106501456347, std: 0.13792503090570782
--------------------------------------------------
Subject Number: 18
Accuracy Cross: [0.42028985507246375, 0.4057971014492754, 0.4927536231884058, 0.4927536231884058, 0.4927536231884058, 0.3382352941176471, 0.3382352941176471, 0.3235294117647059, 0.35294117647058826, 0.36764705882352944, 0.39705882352941174, 0.29411764705882354, 0.3382352941176471, 0.38235294117647056, 0.38235294117647056]
 mean: 0.3879369138959933, std: 0.06135601656134528
F1 Score: [0.4481151481151481, 0.4304702301701552, 0.47199171795945993, 0.5113095238095238, 0.5210864805692392, 0.3613053613053613, 0.36437908496732024, 0.3643381828555128, 0.3812287116810258, 0.4003305364861429, 0.43109243697478994, 0.31280303030303025, 0.3677211153626248, 0.4144782913165266, 0.41275257001063453]
 mean: 0.41289349479243304, std: 0.05618956575533337
Accuracy Intime: [0.5, 0.5, 0.5, 0.34615384615384615, 0.3076923076923077, 0.5357142857142857, 0.5714285714285714, 0.5714285714285714, 0.4230769230769231, 0.38461538461538464, 0.5357142857142857, 0.35714285714285715, 0.4642857142857143, 0.4230769230769231, 0.34615384615384615]
 mean: 0.4510989010989011, std: 0.0848671389194035
F1 (Intime): [0.5230120756436546, 0.5364357864357865, 0.5011904761904762, 0.3506944444444444, 0.2967948717948718, 0.5267094017094017, 0.5904761904761905, 0.5926573426573427, 0.4579322638146167, 0.37250816993464053, 0.5517129928894635, 0.375, 0.46923076923076923, 0.4747957516339869, 0.34375]
 mean: 0.46419336912370973, std: 0.0916570286607645
--------------------------------------------------
Subject Number: 19
Accuracy Cross: [0.22058823529411764, 0.20588235294117646, 0.20588235294117646, 0.2647058823529412, 0.27941176470588236, 0.4852941176470588, 0.45588235294117646, 0.5294117647058824, 0.4852941176470588, 0.5588235294117647, 0.36764705882352944, 0.3382352941176471, 0.35294117647058826, 0.35294117647058826, 0.35294117647058826]
 mean: 0.3637254901960783, std: 0.11308134004153894
F1 Score: [0.2124983326663999, 0.2294050343249428, 0.21521289413262407, 0.275, 0.29172165690204543, 0.4739954292527822, 0.41133198562443846, 0.5499706112852665, 0.47858933046902963, 0.5586000357589844, 0.3510890852835654, 0.32976190476190476, 0.33799262649377065, 0.3707003710575139, 0.3420892599464028]
 mean: 0.36186390386397804, std: 0.10916270552468191
Accuracy Intime: [0.5714285714285714, 0.6428571428571429, 0.39285714285714285, 0.6153846153846154, 0.46153846153846156, 0.6071428571428571, 0.2857142857142857, 0.5357142857142857, 0.46153846153846156, 0.5, 0.5714285714285714, 0.4642857142857143, 0.6071428571428571, 0.5384615384615384, 0.5384615384615384]
 mean: 0.5195970695970696, std: 0.09201105018498183
F1 (Intime): [0.5887681159420289, 0.6349206349206349, 0.4111111111111111, 0.5835357624831309, 0.4492174492174492, 0.6236802413273002, 0.22937062937062938, 0.5196428571428572, 0.36136363636363633, 0.4625, 0.5839598997493733, 0.38541666666666663, 0.606268568033274, 0.5256827731092437, 0.507020757020757]
 mean: 0.49816394016387283, std: 0.11112179984303307
--------------------------------------------------
Subject Number: 20
Accuracy Cross: [0.5588235294117647, 0.5588235294117647, 0.5588235294117647, 0.5147058823529411, 0.5882352941176471, 0.38235294117647056, 0.4411764705882353, 0.5, 0.39705882352941174, 0.45588235294117646, 0.4782608695652174, 0.42028985507246375, 0.37681159420289856, 0.4782608695652174, 0.5362318840579711]
 mean: 0.4830491616936631, std: 0.0671831820934444
F1 Score: [0.5824118917026491, 0.5773257284008246, 0.5744949494949495, 0.5256280886338276, 0.5974735174735175, 0.3727343834286331, 0.4385696040868454, 0.5108674462299633, 0.4095435275559499, 0.45811713836477985, 0.4928220422983337, 0.42222638680659674, 0.4026806526806527, 0.4821100556157067, 0.5376397685510986]
 mean: 0.49230967875495524, std: 0.07067496059275004
Accuracy Intime: [0.5357142857142857, 0.6428571428571429, 0.5357142857142857, 0.46153846153846156, 0.5384615384615384, 0.75, 0.6785714285714286, 0.6785714285714286, 0.5769230769230769, 0.5384615384615384, 0.6785714285714286, 0.5357142857142857, 0.6428571428571429, 0.5769230769230769, 0.5]
 mean: 0.5913919413919414, std: 0.07907422990552244
F1 (Intime): [0.529020979020979, 0.6623688811188811, 0.5323183760683761, 0.4062049062049061, 0.5399159663865546, 0.7516025641025641, 0.6781665702718334, 0.6797173414820474, 0.5899122807017544, 0.5455399863294601, 0.6919642857142857, 0.5509803921568628, 0.6337662337662338, 0.553968253968254, 0.5]
 mean: 0.5896964678195328, std: 0.08783248474652969
--------------------------------------------------
Subject Number: 21
Accuracy Cross: [0.4264705882352941, 0.4264705882352941, 0.4117647058823529, 0.45588235294117646, 0.39705882352941174, 0.4117647058823529, 0.45588235294117646, 0.4117647058823529, 0.4411764705882353, 0.5294117647058824, 0.47058823529411764, 0.39705882352941174, 0.4411764705882353, 0.4117647058823529, 0.47058823529411764]
 mean: 0.4372549019607844, std: 0.03415931645134187
F1 Score: [0.4143260500479811, 0.3819520308123249, 0.3717767739506869, 0.4133444075304541, 0.3500338753387534, 0.3783202936346952, 0.4515388963021675, 0.3614253196058038, 0.4150525770949112, 0.4795891608391608, 0.4353587588881706, 0.3665697048049989, 0.38681159420289857, 0.40542790542790547, 0.4274237075504726]
 mean: 0.402596737068759, std: 0.035023446471209266
Accuracy Intime: [0.6071428571428571, 0.7142857142857143, 0.4642857142857143, 0.46153846153846156, 0.5769230769230769, 0.4642857142857143, 0.5, 0.5, 0.5384615384615384, 0.5384615384615384, 0.5714285714285714, 0.6428571428571429, 0.35714285714285715, 0.5384615384615384, 0.46153846153846156]
 mean: 0.5291208791208791, std: 0.08424589896829333
F1 (Intime): [0.5522588522588523, 0.7172631290278348, 0.3824786324786325, 0.4281135531135531, 0.5598290598290598, 0.43707345286292654, 0.5002513826043238, 0.4619360902255638, 0.45075757575757575, 0.47291666666666665, 0.5488095238095237, 0.6194444444444445, 0.33575513538748836, 0.48717948717948717, 0.4341346153846154]
 mean: 0.49254677340203656, std: 0.09250397414984896
--------------------------------------------------
Subject Number: 22
Accuracy Cross: [0.39705882352941174, 0.4117647058823529, 0.39705882352941174, 0.4117647058823529, 0.4264705882352941, 0.34782608695652173, 0.37681159420289856, 0.37681159420289856, 0.4057971014492754, 0.3188405797101449, 0.4264705882352941, 0.35294117647058826, 0.39705882352941174, 0.39705882352941174, 0.45588235294117646]
 mean: 0.39330775788576305, std: 0.03346277619359175
F1 Score: [0.4255681818181818, 0.4042362200256937, 0.4072339479948176, 0.41497803134631783, 0.4527721604314122, 0.3355533596837945, 0.3444235588972431, 0.366966366966367, 0.40081168831168834, 0.3137403446226976, 0.45883991894630194, 0.3828571428571428, 0.4259207459207459, 0.4306451612903226, 0.4866854636591479]
 mean: 0.40341548618479167, std: 0.04634247798544115
Accuracy Intime: [0.5, 0.5, 0.5, 0.5, 0.2692307692307692, 0.5714285714285714, 0.6785714285714286, 0.42857142857142855, 0.5769230769230769, 0.4230769230769231, 0.5, 0.5714285714285714, 0.5, 0.5384615384615384, 0.5]
 mean: 0.5038461538461538, std: 0.08700192771702409
F1 (Intime): [0.5052631578947369, 0.4910408432147563, 0.49642857142857144, 0.5123015873015873, 0.2633116883116883, 0.5851540616246498, 0.693939393939394, 0.452020202020202, 0.55, 0.33421052631578946, 0.49213286713286714, 0.5779196293902177, 0.4722222222222222, 0.580952380952381, 0.4186934389140272]
 mean: 0.4950393713775394, std: 0.10104296590047245
--------------------------------------------------
Subject Number: 23
Accuracy Cross: [0.463768115942029, 0.4057971014492754, 0.37681159420289856, 0.5217391304347826, 0.42028985507246375, 0.47058823529411764, 0.4411764705882353, 0.5882352941176471, 0.5441176470588235, 0.5441176470588235, 0.391304347826087, 0.42028985507246375, 0.4927536231884058, 0.4927536231884058, 0.37681159420289856]
 mean: 0.4633702756464905, std: 0.06403898850643713
F1 Score: [0.48412618567966426, 0.4168040786108494, 0.38881987577639754, 0.5444607425095229, 0.4285714285714286, 0.43934426229508194, 0.45074801309022905, 0.5857698607698607, 0.5370370370370371, 0.5320189244717546, 0.4064100566204353, 0.413591794848747, 0.4768115942028986, 0.5013068658720833, 0.37606642869800766]
 mean: 0.46545914327026655, std: 0.06148169970911284
Accuracy Intime: [0.5714285714285714, 0.7857142857142857, 0.5, 0.4230769230769231, 0.38461538461538464, 0.5714285714285714, 0.7857142857142857, 0.6071428571428571, 0.4642857142857143, 0.4230769230769231, 0.6071428571428571, 0.7142857142857143, 0.5714285714285714, 0.6153846153846154, 0.38461538461538464]
 mean: 0.5606227106227106, std: 0.1278991639472906
F1 (Intime): [0.5424242424242425, 0.7892156862745098, 0.5014844804318488, 0.4103174603174603, 0.3666666666666667, 0.5789174641148326, 0.7896825396825397, 0.6139997257644316, 0.4658088235294118, 0.3960561497326203, 0.6148851148851149, 0.71875, 0.5958624708624709, 0.6306631964526701, 0.36074561403508776]
 mean: 0.5583653090115938, std: 0.13711029326938237
--------------------------------------------------
Subject Number: 24
Accuracy Cross: [0.36764705882352944, 0.38235294117647056, 0.27941176470588236, 0.3235294117647059, 0.23529411764705882, 0.38235294117647056, 0.4117647058823529, 0.3088235294117647, 0.39705882352941174, 0.3235294117647059, 0.22058823529411764, 0.25, 0.2647058823529412, 0.3382352941176471, 0.3088235294117647]
 mean: 0.3196078431372549, std: 0.05869266489057162
F1 Score: [0.35580815609885375, 0.3755758020463903, 0.27985801951053374, 0.3126031991744066, 0.24056967806967808, 0.3736854543306156, 0.41582763337893297, 0.28392920336743405, 0.39963587876301343, 0.3237184437184437, 0.21674484052532833, 0.25512175324675324, 0.26510271337857544, 0.33964348012943674, 0.3083713869079723]
 mean: 0.31641304284309124, std: 0.05789683399025984
Accuracy Intime: [0.42857142857142855, 0.25, 0.35714285714285715, 0.4230769230769231, 0.2692307692307692, 0.39285714285714285, 0.32142857142857145, 0.42857142857142855, 0.5769230769230769, 0.4230769230769231, 0.5357142857142857, 0.42857142857142855, 0.42857142857142855, 0.5769230769230769, 0.38461538461538464]
 mean: 0.4150183150183151, std: 0.09304750339803382
F1 (Intime): [0.3621323529411765, 0.24583333333333335, 0.34063159063159065, 0.40231990231990233, 0.2706709956709957, 0.37516869095816463, 0.2992063492063492, 0.3825757575757576, 0.5558823529411765, 0.4206349206349206, 0.5041751012145749, 0.4231577246283129, 0.4010695187165776, 0.5196078431372548, 0.3333333333333333]
 mean: 0.389093317816228, std: 0.08548605650761566
--------------------------------------------------
Subject Number: 25
Accuracy Cross: [0.5652173913043478, 0.463768115942029, 0.42028985507246375, 0.463768115942029, 0.42028985507246375, 0.4852941176470588, 0.4852941176470588, 0.5441176470588235, 0.5294117647058824, 0.5, 0.47058823529411764, 0.5147058823529411, 0.45588235294117646, 0.36764705882352944, 0.4411764705882353]
 mean: 0.47516339869281043, std: 0.05005497302151913
F1 Score: [0.493229869545659, 0.38935881370091896, 0.36706349206349204, 0.41602564102564105, 0.3880745341614907, 0.43180739526254475, 0.39545454545454545, 0.5071687370600414, 0.4391040843214756, 0.4362858464384829, 0.47570696285193526, 0.4959037378392217, 0.43351726089417086, 0.31845238095238093, 0.38852540648206285]
 mean: 0.4250452472036043, std: 0.05104076082767996
Accuracy Intime: [0.5714285714285714, 0.5357142857142857, 0.39285714285714285, 0.6538461538461539, 0.5384615384615384, 0.5714285714285714, 0.5357142857142857, 0.32142857142857145, 0.8076923076923077, 0.6923076923076923, 0.5357142857142857, 0.5714285714285714, 0.42857142857142855, 0.6923076923076923, 0.5]
 mean: 0.5565934065934066, std: 0.11926072782413824
F1 (Intime): [0.504442925495557, 0.5348178137651822, 0.40026821005081875, 0.6104209799861974, 0.4851540616246498, 0.5109126984126984, 0.5246983408748115, 0.30833333333333335, 0.6561274509803922, 0.6271929824561403, 0.48599439775910364, 0.5822510822510822, 0.3628389154704944, 0.6357142857142857, 0.41848739495798315]
 mean: 0.5098436582088487, std: 0.10033093733912753
--------------------------------------------------
Subject Number: 26
Accuracy Cross: [0.43478260869565216, 0.463768115942029, 0.463768115942029, 0.6231884057971014, 0.5797101449275363, 0.4117647058823529, 0.45588235294117646, 0.39705882352941174, 0.39705882352941174, 0.3088235294117647, 0.5, 0.5588235294117647, 0.5294117647058824, 0.5588235294117647, 0.4852941176470588]
 mean: 0.47787723785166236, std: 0.08022569288000744
F1 Score: [0.43737549000706893, 0.46893939393939393, 0.4508828890407838, 0.6218393448474153, 0.5956036486494818, 0.4398301650456823, 0.47314016602809705, 0.40727600510209205, 0.4169950738916256, 0.3487030411449016, 0.5224153673873719, 0.5745614035087719, 0.5476190476190476, 0.5839598997493735, 0.5096170786577763]
 mean: 0.49325053430792554, std: 0.0769380703723466
Accuracy Intime: [0.5357142857142857, 0.5, 0.42857142857142855, 0.5769230769230769, 0.34615384615384615, 0.6428571428571429, 0.6785714285714286, 0.6428571428571429, 0.6538461538461539, 0.46153846153846156, 0.6428571428571429, 0.42857142857142855, 0.4642857142857143, 0.5769230769230769, 0.4230769230769231]
 mean: 0.5335164835164836, std: 0.10184467725132326
F1 (Intime): [0.531995781995782, 0.5154761904761904, 0.41275452488687786, 0.5951388888888889, 0.33265345765345766, 0.6486928104575163, 0.6871657754010695, 0.6573322510822511, 0.6797979797979798, 0.49299719887955173, 0.6615110379816262, 0.45636205899363796, 0.4470551378446115, 0.5968614718614719, 0.41450216450216454]
 mean: 0.5420197820468718, std: 0.1099096584493761
--------------------------------------------------
Subject Number: 27
Accuracy Cross: [0.42028985507246375, 0.37681159420289856, 0.4057971014492754, 0.4057971014492754, 0.4492753623188406, 0.4057971014492754, 0.36231884057971014, 0.43478260869565216, 0.391304347826087, 0.4057971014492754, 0.47058823529411764, 0.4852941176470588, 0.4411764705882353, 0.45588235294117646, 0.4117647058823529]
 mean: 0.4215117931230464, std: 0.03315655338529767
F1 Score: [0.39076055523423947, 0.3188639817629179, 0.38204750204750204, 0.4102600624339755, 0.4442460317460317, 0.3819121130441885, 0.31257021865007345, 0.37777777777777777, 0.35070332480818417, 0.3597560975609756, 0.4710187745071466, 0.47465846846651805, 0.4520518895518896, 0.46785714285714286, 0.40630699088145894]
 mean: 0.40005272875533476, std: 0.05134177847366357
Accuracy Intime: [0.32142857142857145, 0.5, 0.35714285714285715, 0.38461538461538464, 0.46153846153846156, 0.5357142857142857, 0.5357142857142857, 0.6071428571428571, 0.6923076923076923, 0.7307692307692307, 0.4642857142857143, 0.6785714285714286, 0.42857142857142855, 0.5357142857142857, 0.5]
 mean: 0.5155677655677656, std: 0.11754760818947599
F1 (Intime): [0.27192982456140347, 0.4778409090909091, 0.3035714285714286, 0.30370670995670995, 0.41587301587301584, 0.5611111111111111, 0.554945054945055, 0.6145833333333333, 0.6641447368421053, 0.7193362193362194, 0.4797979797979798, 0.687895437895438, 0.37916666666666665, 0.5374331550802138, 0.4509803921568627]
 mean: 0.49482106501456347, std: 0.13792503090570782
--------------------------------------------------
Subject Number: 28
Accuracy Cross: [0.4117647058823529, 0.35294117647058826, 0.29411764705882354, 0.2647058823529412, 0.23529411764705882, 0.22058823529411764, 0.2647058823529412, 0.22058823529411764, 0.25, 0.22058823529411764, 0.36764705882352944, 0.4411764705882353, 0.45588235294117646, 0.45588235294117646, 0.5]
 mean: 0.3303921568627451, std: 0.0975280793368305
F1 Score: [0.4122529644268774, 0.3303010569018896, 0.3017128945309103, 0.27662337662337666, 0.2503156565656566, 0.1684467627090578, 0.21556948798328107, 0.17884199134199136, 0.21836445953593658, 0.17975494291283764, 0.31294559099437147, 0.4139318885448916, 0.4212301587301587, 0.44794485873946144, 0.472967032967033]
 mean: 0.3067468749005154, std: 0.10189581813887853
Accuracy Intime: [0.5357142857142857, 0.42857142857142855, 0.42857142857142855, 0.7692307692307693, 0.5384615384615384, 0.39285714285714285, 0.5357142857142857, 0.42857142857142855, 0.5384615384615384, 0.6153846153846154, 0.42857142857142855, 0.42857142857142855, 0.5, 0.46153846153846156, 0.38461538461538464]
 mean: 0.4943223443223444, std: 0.09750472657760702
F1 (Intime): [0.5260683760683761, 0.36190476190476184, 0.36764705882352944, 0.7342032967032968, 0.4992408906882591, 0.3201754385964912, 0.5228174603174603, 0.4073295985060691, 0.5394917582417582, 0.59375, 0.4264923672818409, 0.4392857142857143, 0.4643711551606288, 0.45149572649572645, 0.36822001527883885]
 mean: 0.46816624122351674, std: 0.10288819425130315
--------------------------------------------------
Subject Number: 29
Accuracy Cross: [0.5588235294117647, 0.5294117647058824, 0.5441176470588235, 0.5294117647058824, 0.5, 0.6029411764705882, 0.5441176470588235, 0.5735294117647058, 0.6911764705882353, 0.5882352941176471, 0.5797101449275363, 0.6086956521739131, 0.463768115942029, 0.6956521739130435, 0.6231884057971014]
 mean: 0.5755186132423984, std: 0.06154177927342895
F1 Score: [0.5684634551495016, 0.5411211129296235, 0.5232979440512302, 0.5321162947937796, 0.5071078431372549, 0.6241057342477221, 0.5615819541209788, 0.592069342069342, 0.7083234103357943, 0.6102937234931496, 0.5981391456068854, 0.6272884392880123, 0.4859043931052045, 0.7062774427726715, 0.6328903459984778]
 mean: 0.5879320387399752, std: 0.0640310061277208
Accuracy Intime: [0.5714285714285714, 0.6785714285714286, 0.6428571428571429, 0.6153846153846154, 0.5, 0.42857142857142855, 0.5714285714285714, 0.7142857142857143, 0.5384615384615384, 0.6153846153846154, 0.5, 0.5714285714285714, 0.4642857142857143, 0.5, 0.5]
 mean: 0.5608058608058608, std: 0.07854687663397247
F1 (Intime): [0.5904761904761905, 0.7000646412411118, 0.6670976082740789, 0.6428571428571428, 0.5225081699346406, 0.3927272727272727, 0.5705128205128205, 0.7311417748917749, 0.5642857142857143, 0.6011904761904762, 0.5195539754363283, 0.5676767676767677, 0.4939393939393939, 0.5535714285714286, 0.5178571428571428]
 mean: 0.5756973679914856, std: 0.08309152037612529
--------------------------------------------------
**************************************************
accuracy_cross_list: [0.47257743677181013, 0.32534811025859617, 0.32323103154305194, 0.5275362318840581, 0.4490196078431373, 0.4592782040352373, 0.5294117647058822, 0.35686274509803917, 0.43627450980392163, 0.3015203182722364, 0.391304347826087, 0.5101165103722648, 0.40187553282182437, 0.3754901960784314, 0.4843137254901961, 0.47941176470588237, 0.4215117931230464, 0.3879369138959933, 0.3637254901960783, 0.4830491616936631, 0.4372549019607844, 0.39330775788576305, 0.4633702756464905, 0.3196078431372549, 0.47516339869281043, 0.47787723785166236, 0.4215117931230464, 0.3303921568627451, 0.5755186132423984]
f1_score_list: [0.4815466571662898, 0.3346565136878414, 0.30320882657477494, 0.5347366305805779, 0.42457767931787943, 0.45277764186327146, 0.518271719248976, 0.3685832693494616, 0.45902820966099905, 0.30525580792006984, 0.36116986145168767, 0.5175638604230802, 0.4176097864106991, 0.38794392267961997, 0.49851717280792596, 0.43652622852714457, 0.40005272875533476, 0.41289349479243304, 0.36186390386397804, 0.49230967875495524, 0.402596737068759, 0.40341548618479167, 0.46545914327026655, 0.31641304284309124, 0.4250452472036043, 0.49325053430792554, 0.40005272875533476, 0.3067468749005154, 0.5879320387399752]
accuracy_intime_list: [0.5384615384615384, 0.4714285714285715, 0.45677655677655676, 0.586080586080586, 0.6782051282051281, 0.557142857142857, 0.5906593406593407, 0.43901098901098906, 0.5734432234432235, 0.3745421245421245, 0.46886446886446886, 0.5322344322344323, 0.4448717948717949, 0.46611721611721607, 0.5959706959706959, 0.6172161172161171, 0.5155677655677656, 0.4510989010989011, 0.5195970695970696, 0.5913919413919414, 0.5291208791208791, 0.5038461538461538, 0.5606227106227106, 0.4150183150183151, 0.5565934065934066, 0.5335164835164836, 0.5155677655677656, 0.4943223443223444, 0.5608058608058608]
f1_score_intime_list: [0.5492434531985616, 0.4512133437597834, 0.41753942079019474, 0.5881155103639625, 0.6479589452228771, 0.5445989409340802, 0.5572410842225082, 0.4374171038799522, 0.5706625931974229, 0.3645495837675135, 0.4386182575307963, 0.509192982083849, 0.42863766107187157, 0.4586894629290981, 0.5948391996147413, 0.5972076067780402, 0.49482106501456347, 0.46419336912370973, 0.49816394016387283, 0.5896964678195328, 0.49254677340203656, 0.4950393713775394, 0.5583653090115938, 0.389093317816228, 0.5098436582088487, 0.5420197820468718, 0.49482106501456347, 0.46816624122351674, 0.5756973679914856]
**************************************************
ACC: 42.67±7.01
F1: 42.31±7.32
Intime: 52.20±6.60
F1 (Intime): 50.79±6.82
