1e-05
Subject Number: 1
Accuracy Cross: [0.90625, 0.90625, 0.84375, 0.875, 0.875, 0.8181818181818182, 0.8181818181818182, 0.9090909090909091, 0.7575757575757576, 0.8484848484848485, 0.875, 0.90625, 1.0, 0.96875, 0.84375]
 mean: 0.8767676767676769, std: 0.05851513331571955
F1 Score: [0.9015384615384616, 0.9054187192118226, 0.8398398398398399, 0.8666666666666667, 0.8666666666666667, 0.8035714285714286, 0.8035714285714286, 0.905982905982906, 0.7272727272727273, 0.8390243902439025, 0.8704453441295547, 0.9054187192118226, 1.0, 0.967967967967968, 0.8398398398398399]
 mean: 0.8695483403810026, std: 0.06495682785840595
Accuracy Intime: [1.0, 0.8571428571428571, 0.9166666666666666, 0.75, 0.9166666666666666, 0.9285714285714286, 1.0, 1.0, 0.75, 1.0, 0.8571428571428571, 0.9285714285714286, 0.8333333333333334, 0.6666666666666666, 0.8333333333333334]
 mean: 0.8825396825396826, std: 0.09987394423326586
F1 (Intime): [1.0, 0.8444444444444444, 0.9111111111111111, 0.7333333333333334, 0.916083916083916, 0.9251336898395721, 1.0, 1.0, 0.7333333333333334, 1.0, 0.8444444444444444, 0.9251336898395721, 0.8285714285714285, 0.625, 0.8285714285714285]
 mean: 0.8743440546381724, std: 0.10934033034059805
--------------------------------------------------
Subject Number: 2
Accuracy Cross: [0.7272727272727273, 0.7272727272727273, 0.7272727272727273, 0.696969696969697, 0.7878787878787878, 0.59375, 0.5625, 0.65625, 0.75, 0.71875, 0.8484848484848485, 0.6060606060606061, 0.7272727272727273, 0.7272727272727273, 0.6666666666666666]
 mean: 0.7015782828282827, std: 0.07227628300904461
F1 Score: [0.717948717948718, 0.717948717948718, 0.723205964585275, 0.6590909090909091, 0.7806267806267806, 0.539313399778516, 0.5555555555555556, 0.6559139784946236, 0.7408906882591093, 0.681063122923588, 0.8462255358807083, 0.6001863932898416, 0.723205964585275, 0.6996966632962589, 0.6666666666666666]
 mean: 0.6871692705953696, std: 0.07769197398270505
Accuracy Intime: [0.8571428571428571, 0.8571428571428571, 0.6666666666666666, 0.4166666666666667, 0.75, 0.7142857142857143, 0.7142857142857143, 0.5714285714285714, 0.6666666666666666, 0.5833333333333334, 0.9285714285714286, 0.5, 0.5833333333333334, 0.6666666666666666, 0.5833333333333334]
 mean: 0.6706349206349207, std: 0.13480387104335737
F1 (Intime): [0.8541666666666667, 0.8571428571428571, 0.6571428571428571, 0.37777777777777777, 0.7333333333333334, 0.6888888888888889, 0.6888888888888889, 0.5625, 0.625, 0.4957983193277311, 0.9251336898395721, 0.47593582887700536, 0.5555555555555556, 0.6571428571428571, 0.4957983193277311]
 mean: 0.6433470559941147, std: 0.15030160426256275
--------------------------------------------------
Subject Number: 3
Accuracy Cross: [0.625, 0.625, 0.6875, 0.65625, 0.625, 0.5454545454545454, 0.48484848484848486, 0.6363636363636364, 0.5757575757575758, 0.6363636363636364, 0.5151515151515151, 0.5454545454545454, 0.48484848484848486, 0.5757575757575758, 0.5151515151515151]
 mean: 0.5822601010101011, std: 0.06253716627818613
F1 Score: [0.6235294117647059, 0.611336032388664, 0.6761133603238867, 0.6389743589743591, 0.611336032388664, 0.5170731707317073, 0.4327603640040445, 0.6333333333333333, 0.4225, 0.5909090909090909, 0.5147058823529411, 0.5386766076421249, 0.45268292682926825, 0.49782608695652175, 0.5037593984962406]
 mean: 0.5510344038063703, std: 0.07837692351032993
Accuracy Intime: [0.42857142857142855, 0.5, 0.8571428571428571, 0.75, 0.8333333333333334, 0.42857142857142855, 0.5, 0.8333333333333334, 0.6666666666666666, 0.5833333333333334, 0.7857142857142857, 0.7857142857142857, 0.75, 0.6666666666666666, 0.75]
 mean: 0.6746031746031745, std: 0.14513180254809474
F1 (Intime): [0.42857142857142855, 0.47593582887700536, 0.8541666666666667, 0.7333333333333334, 0.8285714285714285, 0.41666666666666663, 0.4269005847953216, 0.7777777777777777, 0.6571428571428571, 0.4957983193277311, 0.7846153846153847, 0.7846153846153847, 0.6974789915966386, 0.6571428571428571, 0.7482517482517483]
 mean: 0.651131283863482, std: 0.15327565485305097
--------------------------------------------------
Subject Number: 4
Accuracy Cross: [0.7575757575757576, 0.8181818181818182, 0.8484848484848485, 0.8484848484848485, 0.8484848484848485, 0.696969696969697, 0.8484848484848485, 0.7575757575757576, 0.696969696969697, 0.8181818181818182, 0.6363636363636364, 0.8484848484848485, 0.8484848484848485, 0.7575757575757576, 0.8181818181818182]
 mean: 0.7898989898989899, std: 0.06681953700420698
F1 Score: [0.7380952380952381, 0.8096153846153846, 0.8390243902439025, 0.8390243902439025, 0.8390243902439025, 0.6826923076923077, 0.8462255358807083, 0.7461538461538462, 0.6726190476190477, 0.8139097744360901, 0.6360294117647058, 0.8484848484848485, 0.8462255358807083, 0.7555555555555555, 0.8166666666666667]
 mean: 0.7819564215717876, std: 0.06949988793204642
Accuracy Intime: [0.7857142857142857, 0.9285714285714286, 0.7142857142857143, 0.5833333333333334, 0.75, 1.0, 0.8571428571428571, 0.7857142857142857, 0.5833333333333334, 0.6666666666666666, 1.0, 1.0, 0.9285714285714286, 0.9166666666666666, 0.75]
 mean: 0.8166666666666667, std: 0.13909055653642158
F1 (Intime): [0.7543859649122806, 0.9282051282051282, 0.65, 0.5555555555555556, 0.7333333333333334, 1.0, 0.8571428571428571, 0.7754010695187166, 0.5555555555555556, 0.625, 1.0, 1.0, 0.9251336898395721, 0.916083916083916, 0.7333333333333334]
 mean: 0.8006086935653499, std: 0.15341360839576573
--------------------------------------------------
Subject Number: 5
Accuracy Cross: [0.5625, 0.65625, 0.625, 0.625, 0.53125, 0.46875, 0.5, 0.5, 0.65625, 0.625, 0.59375, 0.53125, 0.53125, 0.5625, 0.625]
 mean: 0.5729166666666666, std: 0.05892556509887895
F1 Score: [0.5555555555555556, 0.6532019704433498, 0.6190476190476191, 0.6235294117647059, 0.530791788856305, 0.36374269005847953, 0.4181818181818182, 0.4666666666666667, 0.6559139784946236, 0.6190476190476191, 0.5835835835835836, 0.5076923076923077, 0.5195195195195195, 0.5625, 0.6190476190476191]
 mean: 0.5532014765306514, std: 0.08360189847687345
Accuracy Intime: [0.9285714285714286, 0.9285714285714286, 0.8333333333333334, 0.5, 0.5833333333333334, 0.8571428571428571, 0.7142857142857143, 0.75, 0.5833333333333334, 0.4166666666666667, 0.7857142857142857, 0.8571428571428571, 0.9166666666666666, 0.6666666666666666, 0.75]
 mean: 0.738095238095238, std: 0.1544869352143651
F1 (Intime): [0.9282051282051282, 0.9282051282051282, 0.8285714285714285, 0.4375, 0.5804195804195804, 0.8571428571428571, 0.7083333333333333, 0.7482517482517483, 0.5555555555555556, 0.37777777777777777, 0.7846153846153847, 0.8571428571428571, 0.9111111111111111, 0.6571428571428571, 0.7482517482517483]
 mean: 0.7272150997150997, std: 0.16835498102017546
--------------------------------------------------
Subject Number: 6
Accuracy Cross: [0.6875, 0.65625, 0.71875, 0.78125, 0.78125, 0.48484848484848486, 0.48484848484848486, 0.5454545454545454, 0.5454545454545454, 0.5454545454545454, 0.6060606060606061, 0.7272727272727273, 0.7272727272727273, 0.7272727272727273, 0.6060606060606061]
 mean: 0.6416666666666665, std: 0.09956478603247272
F1 Score: [0.6666666666666667, 0.6532019704433498, 0.7117117117117118, 0.7702564102564102, 0.7624602332979851, 0.40634920634920635, 0.3717805151175812, 0.4057623049219688, 0.4057623049219688, 0.35294117647058826, 0.5460317460317461, 0.7102439024390244, 0.7102439024390244, 0.7102439024390244, 0.5195968645016797]
 mean: 0.5802168545338623, std: 0.15081603830246224
Accuracy Intime: [0.8571428571428571, 0.7142857142857143, 0.7857142857142857, 0.5833333333333334, 0.6666666666666666, 1.0, 0.9285714285714286, 0.9166666666666666, 0.5, 0.5, 0.7142857142857143, 0.9285714285714286, 0.8333333333333334, 0.6666666666666666, 0.5]
 mean: 0.7396825396825396, std: 0.1640881413003216
F1 (Intime): [0.8444444444444444, 0.6888888888888889, 0.7543859649122806, 0.5555555555555556, 0.6571428571428571, 1.0, 0.9251336898395721, 0.8991596638655461, 0.4375, 0.3333333333333333, 0.6888888888888889, 0.9251336898395721, 0.7777777777777777, 0.6571428571428571, 0.5]
 mean: 0.7096325074421049, std: 0.187554407872832
--------------------------------------------------
Subject Number: 7
Accuracy Cross: [0.6875, 0.625, 0.5625, 0.6875, 0.59375, 0.46875, 0.46875, 0.5625, 0.5, 0.59375, 0.75, 0.65625, 0.5625, 0.8125, 0.78125]
 mean: 0.6208333333333333, std: 0.10387459051931591
F1 Score: [0.6761133603238867, 0.5844155844155844, 0.5607843137254902, 0.6536796536796536, 0.5733333333333333, 0.464039408866995, 0.464039408866995, 0.5555555555555556, 0.4666666666666667, 0.5733333333333333, 0.7490196078431373, 0.6532019704433498, 0.5607843137254902, 0.8117647058823529, 0.7757757757757757]
 mean: 0.6081671328291733, std: 0.10643226721896282
Accuracy Intime: [0.7857142857142857, 0.7142857142857143, 0.4166666666666667, 0.4166666666666667, 0.5833333333333334, 0.7857142857142857, 0.6428571428571429, 0.8333333333333334, 0.75, 0.5833333333333334, 0.7857142857142857, 0.6428571428571429, 0.5833333333333334, 0.5, 0.5833333333333334]
 mean: 0.6404761904761905, std: 0.12933342684149318
F1 (Intime): [0.7754010695187166, 0.6888888888888889, 0.37777777777777777, 0.37777777777777777, 0.5804195804195804, 0.7846153846153847, 0.5906432748538011, 0.8285714285714285, 0.7333333333333334, 0.5804195804195804, 0.7543859649122806, 0.641025641025641, 0.5804195804195804, 0.5, 0.5804195804195804]
 mean: 0.6249399241968902, std: 0.13400173370946314
--------------------------------------------------
Subject Number: 8
Accuracy Cross: [0.71875, 0.6875, 0.78125, 0.78125, 0.6875, 0.78125, 0.71875, 0.75, 0.71875, 0.8125, 0.65625, 0.71875, 0.84375, 0.71875, 0.8125]
 mean: 0.7458333333333333, std: 0.05212498334665335
F1 Score: [0.681063122923588, 0.6135265700483092, 0.7757757757757757, 0.751937984496124, 0.6363636363636364, 0.751937984496124, 0.681063122923588, 0.722943722943723, 0.694591728525981, 0.7922077922077921, 0.6532019704433498, 0.7117117117117118, 0.8358974358974359, 0.6631578947368422, 0.8056680161943319]
 mean: 0.7180698979792209, std: 0.06369722858257415
Accuracy Intime: [0.9285714285714286, 0.8571428571428571, 0.9166666666666666, 0.6666666666666666, 0.5833333333333334, 0.7142857142857143, 0.6428571428571429, 0.8333333333333334, 0.5833333333333334, 0.5, 0.7857142857142857, 0.8571428571428571, 0.75, 0.75, 0.75]
 mean: 0.7412698412698412, std: 0.12314125714555726
F1 (Intime): [0.9251336898395721, 0.8541666666666667, 0.9111111111111111, 0.625, 0.5555555555555556, 0.7142857142857143, 0.5906432748538011, 0.7777777777777777, 0.5555555555555556, 0.4857142857142857, 0.7754010695187166, 0.8571428571428571, 0.6210526315789473, 0.7333333333333334, 0.7333333333333334]
 mean: 0.7143471237511486, std: 0.13322939349807844
--------------------------------------------------
Subject Number: 9
Accuracy Cross: [0.875, 0.84375, 0.90625, 0.8125, 0.8125, 0.8125, 0.84375, 0.71875, 0.84375, 0.8125, 0.75, 0.84375, 0.75, 0.78125, 0.90625]
 mean: 0.8208333333333333, std: 0.05286907308520633
F1 Score: [0.8666666666666667, 0.8303287380699894, 0.9015384615384616, 0.7922077922077921, 0.7922077922077921, 0.8117647058823529, 0.8423645320197044, 0.7117117117117118, 0.8303287380699894, 0.7922077922077921, 0.722943722943723, 0.8398398398398399, 0.7408906882591093, 0.7624602332979851, 0.9039039039039038]
 mean: 0.8094243545884543, std: 0.05680145502915158
Accuracy Intime: [1.0, 0.9285714285714286, 0.9166666666666666, 0.5833333333333334, 0.5833333333333334, 1.0, 1.0, 1.0, 0.6666666666666666, 0.6666666666666666, 1.0, 1.0, 0.8333333333333334, 0.6666666666666666, 0.6666666666666666]
 mean: 0.8341269841269842, std: 0.16708941095175536
F1 (Intime): [1.0, 0.9251336898395721, 0.8991596638655461, 0.4957983193277311, 0.4957983193277311, 1.0, 1.0, 1.0, 0.625, 0.625, 1.0, 1.0, 0.7777777777777777, 0.625, 0.625]
 mean: 0.806244518009224, std: 0.19544433502516625
--------------------------------------------------
Subject Number: 10
Accuracy Cross: [0.625, 0.75, 0.6875, 0.71875, 0.5625, 0.625, 0.6875, 0.625, 0.65625, 0.4375, 0.5757575757575758, 0.6060606060606061, 0.6666666666666666, 0.6060606060606061, 0.5757575757575758]
 mean: 0.627020202020202, std: 0.07280455656262162
F1 Score: [0.5844155844155844, 0.746031746031746, 0.6761133603238867, 0.681063122923588, 0.5625, 0.6235294117647059, 0.6825396825396826, 0.625, 0.6267232237539766, 0.4285714285714286, 0.5753676470588236, 0.5925925925925926, 0.6552706552706553, 0.5925925925925926, 0.5557692307692308]
 mean: 0.6138720185738996, std: 0.07130843407301764
Accuracy Intime: [0.7857142857142857, 0.9285714285714286, 0.75, 0.6666666666666666, 0.5, 0.7857142857142857, 0.7142857142857143, 0.75, 0.75, 0.5833333333333334, 0.7142857142857143, 0.8571428571428571, 0.75, 0.8333333333333334, 0.6666666666666666]
 mean: 0.7357142857142858, std: 0.10214997940166777
F1 (Intime): [0.7543859649122806, 0.9282051282051282, 0.7333333333333334, 0.625, 0.4857142857142857, 0.7846153846153847, 0.7083333333333333, 0.7333333333333334, 0.7482517482517483, 0.5804195804195804, 0.65, 0.8571428571428571, 0.7333333333333334, 0.8285714285714285, 0.6571428571428571]
 mean: 0.720518837887259, std: 0.10739798693936055
--------------------------------------------------
Subject Number: 11
Accuracy Cross: [0.48484848484848486, 0.45454545454545453, 0.5454545454545454, 0.6060606060606061, 0.42424242424242425, 0.5454545454545454, 0.5151515151515151, 0.5454545454545454, 0.5757575757575758, 0.5757575757575758, 0.5151515151515151, 0.6060606060606061, 0.5757575757575758, 0.6363636363636364, 0.5757575757575758]
 mean: 0.5454545454545455, std: 0.05642117189401593
F1 Score: [0.45268292682926825, 0.4288461538461539, 0.5299145299145299, 0.5925925925925926, 0.3660262891809909, 0.4057623049219688, 0.38888888888888884, 0.44568868980963045, 0.4652777777777778, 0.4225, 0.49230769230769234, 0.5195968645016797, 0.49782608695652175, 0.5416666666666666, 0.4652777777777778]
 mean: 0.46765701613147603, std: 0.0598919417976504
Accuracy Intime: [0.7142857142857143, 0.7857142857142857, 0.7142857142857143, 0.9166666666666666, 0.6666666666666666, 0.5, 0.5714285714285714, 0.7857142857142857, 0.5833333333333334, 0.5833333333333334, 0.35714285714285715, 0.7142857142857143, 0.42857142857142855, 0.6666666666666666, 0.5833333333333334]
 mean: 0.638095238095238, std: 0.14037526640936834
F1 (Intime): [0.65, 0.7543859649122806, 0.65, 0.916083916083916, 0.625, 0.47593582887700536, 0.5333333333333333, 0.7754010695187166, 0.5804195804195804, 0.5555555555555556, 0.3262032085561497, 0.6888888888888889, 0.41666666666666663, 0.6571428571428571, 0.5555555555555556]
 mean: 0.6107048283673671, std: 0.14196910720850797
--------------------------------------------------
Subject Number: 12
Accuracy Cross: [0.75, 0.875, 0.84375, 0.875, 0.8125, 0.7878787878787878, 0.7878787878787878, 0.7272727272727273, 0.7575757575757576, 0.7878787878787878, 0.75, 0.75, 0.6875, 0.75, 0.8125]
 mean: 0.7836489898989899, std: 0.051414863884308944
F1 Score: [0.7090909090909091, 0.8666666666666667, 0.8303287380699894, 0.8666666666666667, 0.8, 0.7664307381193125, 0.7664307381193125, 0.6857142857142857, 0.7272727272727273, 0.7664307381193125, 0.722943722943723, 0.7408906882591093, 0.6825396825396826, 0.7090909090909091, 0.8]
 mean: 0.7626998140448403, std: 0.0579814695922867
Accuracy Intime: [0.7857142857142857, 0.9285714285714286, 0.8333333333333334, 0.5833333333333334, 0.5, 0.7857142857142857, 0.8571428571428571, 0.9166666666666666, 0.5833333333333334, 0.5, 1.0, 0.8571428571428571, 1.0, 0.6666666666666666, 0.6666666666666666]
 mean: 0.7642857142857142, std: 0.16502593763012816
F1 (Intime): [0.7543859649122806, 0.9251336898395721, 0.7777777777777777, 0.4957983193277311, 0.3333333333333333, 0.7754010695187166, 0.8541666666666667, 0.8991596638655461, 0.4957983193277311, 0.3333333333333333, 1.0, 0.8541666666666667, 1.0, 0.625, 0.6571428571428571]
 mean: 0.7187065107808142, std: 0.214021071017432
--------------------------------------------------
Subject Number: 13
Accuracy Cross: [0.90625, 0.84375, 0.90625, 0.78125, 0.875, 0.7272727272727273, 0.8787878787878788, 0.8484848484848485, 0.7272727272727273, 0.8181818181818182, 0.78125, 0.75, 0.78125, 0.8125, 0.8125]
 mean: 0.8166666666666667, std: 0.05732079879585097
F1 Score: [0.9015384615384616, 0.8358974358974359, 0.9015384615384616, 0.751937984496124, 0.8666666666666667, 0.723205964585275, 0.8786764705882353, 0.8484848484848485, 0.717948717948718, 0.8166666666666667, 0.7793103448275862, 0.746031746031746, 0.7757757757757757, 0.8, 0.8056680161943319]
 mean: 0.8099565040826889, std: 0.059208120069931376
Accuracy Intime: [0.7142857142857143, 0.5, 0.9166666666666666, 0.6666666666666666, 0.8333333333333334, 0.7857142857142857, 0.6428571428571429, 0.9166666666666666, 0.75, 0.6666666666666666, 0.9285714285714286, 0.6428571428571429, 0.9166666666666666, 0.9166666666666666, 0.8333333333333334]
 mean: 0.7753968253968253, std: 0.1288699258862749
F1 (Intime): [0.65, 0.3333333333333333, 0.8991596638655461, 0.6571428571428571, 0.8285714285714285, 0.7754010695187166, 0.641025641025641, 0.8991596638655461, 0.7482517482517483, 0.6571428571428571, 0.9251336898395721, 0.5906432748538011, 0.8991596638655461, 0.916083916083916, 0.8285714285714285]
 mean: 0.7499186823954626, std: 0.15835036861542556
--------------------------------------------------
Subject Number: 14
Accuracy Cross: [0.78125, 0.75, 0.71875, 0.78125, 0.875, 0.84375, 0.75, 0.875, 0.75, 0.71875, 0.71875, 0.75, 0.75, 0.65625, 0.8125]
 mean: 0.76875, std: 0.05907269532815759
F1 Score: [0.7793103448275862, 0.746031746031746, 0.718475073313783, 0.7702564102564102, 0.873015873015873, 0.8303287380699894, 0.7333333333333334, 0.8704453441295547, 0.722943722943723, 0.6631578947368422, 0.694591728525981, 0.7408906882591093, 0.7333333333333334, 0.6476476476476476, 0.7922077922077921]
 mean: 0.7543979780421803, std: 0.06445735139835806
Accuracy Intime: [0.8571428571428571, 0.7857142857142857, 0.75, 0.75, 0.9166666666666666, 0.9285714285714286, 0.8571428571428571, 0.9166666666666666, 0.9166666666666666, 0.75, 0.7142857142857143, 0.7142857142857143, 0.8333333333333334, 0.75, 0.8333333333333334]
 mean: 0.8182539682539682, std: 0.07572609804366072
F1 (Intime): [0.8444444444444444, 0.7754010695187166, 0.7333333333333334, 0.7333333333333334, 0.916083916083916, 0.9251336898395721, 0.8541666666666667, 0.9111111111111111, 0.916083916083916, 0.7333333333333334, 0.65, 0.7083333333333333, 0.7777777777777777, 0.7482517482517483, 0.8333333333333334]
 mean: 0.8040080670963025, std: 0.08514594380886381
--------------------------------------------------
Subject Number: 15
Accuracy Cross: [0.84375, 0.78125, 0.8125, 0.78125, 0.78125, 0.78125, 0.65625, 0.875, 0.71875, 0.71875, 0.59375, 0.75, 0.65625, 0.6875, 0.71875]
 mean: 0.74375, std: 0.07324331596352894
F1 Score: [0.8303287380699894, 0.7624602332979851, 0.8056680161943319, 0.7624602332979851, 0.7624602332979851, 0.7793103448275862, 0.6476476476476476, 0.8745098039215686, 0.681063122923588, 0.716256157635468, 0.5901477832512315, 0.7408906882591093, 0.6476476476476476, 0.6825396825396826, 0.7046153846153846]
 mean: 0.7325337144951459, std: 0.07343588748603715
Accuracy Intime: [0.7857142857142857, 0.8571428571428571, 0.9166666666666666, 0.75, 0.5, 0.7857142857142857, 0.6428571428571429, 0.8333333333333334, 0.75, 0.6666666666666666, 0.8571428571428571, 1.0, 1.0, 0.75, 0.8333333333333334]
 mean: 0.7952380952380953, std: 0.12712294000111699
F1 (Intime): [0.7754010695187166, 0.8541666666666667, 0.9111111111111111, 0.7482517482517483, 0.4375, 0.7754010695187166, 0.625668449197861, 0.8285714285714285, 0.7333333333333334, 0.6666666666666666, 0.8444444444444444, 1.0, 1.0, 0.7333333333333334, 0.8285714285714285]
 mean: 0.7841613832790304, std: 0.13843825203346277
--------------------------------------------------
Subject Number: 16
Accuracy Cross: [0.53125, 0.6875, 0.53125, 0.59375, 0.53125, 0.78125, 0.78125, 0.78125, 0.625, 0.75, 0.5625, 0.65625, 0.5625, 0.59375, 0.46875]
 mean: 0.6291666666666667, std: 0.10133655422512758
F1 Score: [0.5270935960591133, 0.6862745098039216, 0.5076923076923077, 0.5835835835835836, 0.5076923076923077, 0.7702564102564102, 0.7757757757757757, 0.7757757757757757, 0.5844155844155844, 0.7408906882591093, 0.5333333333333333, 0.6101882613510521, 0.5151515151515151, 0.5835835835835836, 0.4682306940371457]
 mean: 0.6113291951180346, std: 0.10595565263826824
Accuracy Intime: [0.7142857142857143, 0.7142857142857143, 0.8333333333333334, 0.9166666666666666, 0.5833333333333334, 0.8571428571428571, 0.6428571428571429, 0.8333333333333334, 0.5, 0.3333333333333333, 0.7857142857142857, 0.8571428571428571, 0.8333333333333334, 0.8333333333333334, 0.6666666666666666]
 mean: 0.726984126984127, std: 0.15420943309908033
F1 (Intime): [0.7142857142857143, 0.65, 0.8285714285714285, 0.916083916083916, 0.5555555555555556, 0.8444444444444444, 0.641025641025641, 0.8285714285714285, 0.4375, 0.3142857142857143, 0.7846153846153847, 0.8444444444444444, 0.8125, 0.8333333333333334, 0.6571428571428571]
 mean: 0.7108239908239908, std: 0.16409002343238663
--------------------------------------------------
Subject Number: 17
Accuracy Cross: [0.696969696969697, 0.6060606060606061, 0.696969696969697, 0.7272727272727273, 0.6666666666666666, 0.48484848484848486, 0.5151515151515151, 0.5151515151515151, 0.5757575757575758, 0.5454545454545454, 0.59375, 0.65625, 0.5625, 0.65625, 0.59375]
 mean: 0.6061868686868688, std: 0.07208578710806655
F1 Score: [0.6726190476190477, 0.6001863932898416, 0.6898496240601504, 0.6857142857142857, 0.6158730158730159, 0.48294930875576036, 0.5111111111111111, 0.5147058823529411, 0.5227272727272727, 0.5299145299145299, 0.5933528836754643, 0.6476476476476476, 0.5555555555555556, 0.6267232237539766, 0.5901477832512315]
 mean: 0.5892718376867888, std: 0.06536065383699198
Accuracy Intime: [0.7142857142857143, 0.7857142857142857, 0.6666666666666666, 0.5833333333333334, 0.5833333333333334, 0.9285714285714286, 0.9285714285714286, 0.6666666666666666, 0.8333333333333334, 0.8333333333333334, 0.8571428571428571, 0.8571428571428571, 0.6428571428571429, 0.75, 0.75]
 mean: 0.7587301587301588, std: 0.11044015102729496
F1 (Intime): [0.6888888888888889, 0.7543859649122806, 0.625, 0.4957983193277311, 0.4957983193277311, 0.9251336898395721, 0.9251336898395721, 0.6666666666666666, 0.8285714285714285, 0.8285714285714285, 0.8571428571428571, 0.8541666666666667, 0.625668449197861, 0.7333333333333334, 0.7482517482517483]
 mean: 0.7368340967025178, std: 0.1328458091622709
--------------------------------------------------
Subject Number: 18
Accuracy Cross: [0.7878787878787878, 0.8181818181818182, 0.7575757575757576, 0.8181818181818182, 0.8787878787878788, 0.875, 0.84375, 0.90625, 0.71875, 0.78125, 0.84375, 0.90625, 0.84375, 0.875, 0.875]
 mean: 0.835290404040404, std: 0.05309279627044249
F1 Score: [0.7870967741935484, 0.8180147058823529, 0.7555555555555555, 0.8096153846153846, 0.8777777777777778, 0.8704453441295547, 0.8423645320197044, 0.9054187192118226, 0.7046153846153846, 0.7702564102564102, 0.8398398398398399, 0.9039039039039038, 0.8398398398398399, 0.8666666666666667, 0.873015873015873]
 mean: 0.8309617807682413, std: 0.05527399227154265
Accuracy Intime: [1.0, 0.9285714285714286, 0.8333333333333334, 0.75, 0.6666666666666666, 0.8571428571428571, 0.9285714285714286, 0.75, 0.8333333333333334, 0.75, 1.0, 0.7857142857142857, 1.0, 0.8333333333333334, 0.9166666666666666]
 mean: 0.8555555555555556, std: 0.10081552068698678
F1 (Intime): [1.0, 0.9282051282051282, 0.8285714285714285, 0.7333333333333334, 0.6571428571428571, 0.8571428571428571, 0.9282051282051282, 0.7482517482517483, 0.8333333333333334, 0.7482517482517483, 1.0, 0.7543859649122806, 1.0, 0.8285714285714285, 0.916083916083916]
 mean: 0.8507652581336792, std: 0.10519505539342866
--------------------------------------------------
Subject Number: 19
Accuracy Cross: [0.59375, 0.625, 0.65625, 0.5625, 0.65625, 0.59375, 0.59375, 0.65625, 0.6875, 0.71875, 0.5625, 0.5625, 0.59375, 0.75, 0.71875]
 mean: 0.6354166666666666, std: 0.060020251212033054
F1 Score: [0.5134502923976608, 0.536231884057971, 0.6101882613510521, 0.4166666666666667, 0.5594493116395495, 0.5134502923976608, 0.5134502923976608, 0.5594493116395495, 0.6135265700483092, 0.6631578947368422, 0.5555555555555556, 0.5625, 0.5933528836754643, 0.7408906882591093, 0.7046153846153846]
 mean: 0.5770623526292291, std: 0.07918026563795655
Accuracy Intime: [0.7142857142857143, 0.7857142857142857, 0.75, 0.6666666666666666, 0.75, 0.9285714285714286, 0.7142857142857143, 0.75, 0.5833333333333334, 0.75, 0.9285714285714286, 0.8571428571428571, 0.9166666666666666, 0.75, 0.75]
 mean: 0.773015873015873, std: 0.09438773807821273
F1 (Intime): [0.7142857142857143, 0.7754010695187166, 0.7482517482517483, 0.625, 0.7482517482517483, 0.9251336898395721, 0.6888888888888889, 0.7482517482517483, 0.4957983193277311, 0.7333333333333334, 0.9282051282051282, 0.8444444444444444, 0.8991596638655461, 0.7333333333333334, 0.7333333333333334]
 mean: 0.7560714775420659, std: 0.10947924681072393
--------------------------------------------------
Subject Number: 20
Accuracy Cross: [0.75, 0.84375, 0.78125, 0.8125, 0.71875, 0.6875, 0.71875, 0.71875, 0.71875, 0.71875, 0.6060606060606061, 0.696969696969697, 0.6363636363636364, 0.696969696969697, 0.7272727272727273]
 mean: 0.7221590909090909, std: 0.0580843762628146
F1 Score: [0.746031746031746, 0.8398398398398399, 0.7757757757757757, 0.7922077922077921, 0.7046153846153846, 0.6761133603238867, 0.7117117117117118, 0.7117117117117118, 0.681063122923588, 0.7046153846153846, 0.5925925925925926, 0.6726190476190477, 0.6333333333333333, 0.6726190476190477, 0.717948717948718]
 mean: 0.7088532379246373, std: 0.05988385662003046
Accuracy Intime: [0.8571428571428571, 0.8571428571428571, 0.8333333333333334, 0.5833333333333334, 0.6666666666666666, 0.8571428571428571, 0.8571428571428571, 1.0, 0.4166666666666667, 0.75, 0.9285714285714286, 0.9285714285714286, 0.75, 0.6666666666666666, 0.8333333333333334]
 mean: 0.7857142857142858, std: 0.14599723539767515
F1 (Intime): [0.8444444444444444, 0.8541666666666667, 0.8125, 0.4957983193277311, 0.6666666666666666, 0.8541666666666667, 0.8541666666666667, 1.0, 0.37777777777777777, 0.7482517482517483, 0.9282051282051282, 0.9282051282051282, 0.7482517482517483, 0.625, 0.8285714285714285]
 mean: 0.7710781593134536, std: 0.16261299530470522
--------------------------------------------------
Subject Number: 21
Accuracy Cross: [0.40625, 0.40625, 0.40625, 0.46875, 0.59375, 0.4375, 0.5, 0.46875, 0.4375, 0.5625, 0.375, 0.4375, 0.3125, 0.375, 0.53125]
 mean: 0.4479166666666667, std: 0.07276770498572074
F1 Score: [0.3913913913913914, 0.4009852216748768, 0.3552492046659597, 0.36374269005847953, 0.5134502923976608, 0.4, 0.4458874458874459, 0.4231177094379639, 0.30434782608695654, 0.5555555555555556, 0.37254901960784315, 0.4285714285714286, 0.2874493927125506, 0.3073593073593074, 0.4684385382059801]
 mean: 0.40120633490756014, std: 0.07290727175275065
Accuracy Intime: [0.42857142857142855, 0.6428571428571429, 0.6666666666666666, 0.5, 0.5833333333333334, 0.5714285714285714, 0.7857142857142857, 0.6666666666666666, 0.5833333333333334, 0.5833333333333334, 0.5, 0.6428571428571429, 0.75, 0.5833333333333334, 0.5833333333333334]
 mean: 0.6047619047619047, std: 0.08974221922155017
F1 (Intime): [0.37777777777777777, 0.641025641025641, 0.625, 0.3333333333333333, 0.5555555555555556, 0.5625, 0.7846153846153847, 0.5555555555555556, 0.4957983193277311, 0.5804195804195804, 0.49743589743589745, 0.625668449197861, 0.7333333333333334, 0.5804195804195804, 0.5555555555555556]
 mean: 0.5669329309035191, std: 0.11207030495148901
--------------------------------------------------
Subject Number: 22
Accuracy Cross: [0.75, 0.78125, 0.75, 0.71875, 0.8125, 0.6666666666666666, 0.6666666666666666, 0.8181818181818182, 0.6666666666666666, 0.696969696969697, 0.84375, 0.71875, 0.84375, 0.78125, 0.875]
 mean: 0.7593434343434343, std: 0.06733024838978224
F1 Score: [0.722943722943723, 0.7624602332979851, 0.7333333333333334, 0.681063122923588, 0.7922077922077921, 0.593505039193729, 0.593505039193729, 0.8035714285714286, 0.593505039193729, 0.6413043478260869, 0.8398398398398399, 0.7117117117117118, 0.8303287380699894, 0.7624602332979851, 0.873015873015873]
 mean: 0.7289836996413681, std: 0.08963195647255864
Accuracy Intime: [0.9285714285714286, 0.9285714285714286, 0.75, 0.5833333333333334, 0.5, 0.9285714285714286, 1.0, 0.75, 0.6666666666666666, 0.5, 0.9285714285714286, 1.0, 0.8333333333333334, 0.6666666666666666, 0.5]
 mean: 0.7642857142857143, std: 0.1799260787155804
F1 (Intime): [0.9251336898395721, 0.9251336898395721, 0.6210526315789473, 0.4957983193277311, 0.4375, 0.9251336898395721, 1.0, 0.6210526315789473, 0.625, 0.4375, 0.9251336898395721, 1.0, 0.7777777777777777, 0.625, 0.3333333333333333]
 mean: 0.7116366301970017, std: 0.21976192774289305
--------------------------------------------------
Subject Number: 23
Accuracy Cross: [0.7575757575757576, 0.8484848484848485, 0.8484848484848485, 0.7575757575757576, 0.8484848484848485, 0.65625, 0.71875, 0.84375, 0.8125, 0.6875, 0.8181818181818182, 0.8787878787878788, 0.8181818181818182, 0.7878787878787878, 0.7878787878787878]
 mean: 0.79135101010101, std: 0.062548445666543
F1 Score: [0.7380952380952381, 0.8390243902439025, 0.8390243902439025, 0.7272727272727273, 0.8390243902439025, 0.6559139784946236, 0.7046153846153846, 0.8423645320197044, 0.8095238095238095, 0.6862745098039216, 0.8035714285714286, 0.8730769230769231, 0.8035714285714286, 0.7664307381193125, 0.7664307381193125]
 mean: 0.7796143071343682, std: 0.06311576950653533
Accuracy Intime: [0.9285714285714286, 1.0, 0.9166666666666666, 0.5, 0.8333333333333334, 0.9285714285714286, 0.9285714285714286, 0.9285714285714286, 0.6666666666666666, 0.75, 0.9285714285714286, 0.9285714285714286, 1.0, 0.75, 0.75]
 mean: 0.8492063492063492, std: 0.13487394149998733
F1 (Intime): [0.9251336898395721, 1.0, 0.9111111111111111, 0.3333333333333333, 0.8333333333333334, 0.9282051282051282, 0.9251336898395721, 0.9251336898395721, 0.625, 0.7482517482517483, 0.9251336898395721, 0.9282051282051282, 1.0, 0.7482517482517483, 0.7333333333333334]
 mean: 0.8326373082255436, std: 0.16954620575095836
--------------------------------------------------
Subject Number: 24
Accuracy Cross: [0.59375, 0.5, 0.4375, 0.625, 0.5625, 0.5625, 0.53125, 0.625, 0.5625, 0.625, 0.53125, 0.5, 0.53125, 0.4375, 0.59375]
 mean: 0.5479166666666667, std: 0.059146123194076625
F1 Score: [0.5901477832512315, 0.4980392156862745, 0.4375, 0.611336032388664, 0.5555555555555556, 0.5465587044534412, 0.5270935960591133, 0.6, 0.5333333333333333, 0.6190476190476191, 0.5195195195195195, 0.4920634920634921, 0.530791788856305, 0.4, 0.5835835835835836]
 mean: 0.5363046815865423, std: 0.06017306867740117
Accuracy Intime: [0.5, 0.5714285714285714, 0.5833333333333334, 0.3333333333333333, 0.4166666666666667, 0.5714285714285714, 0.7857142857142857, 0.5, 0.6666666666666666, 0.4166666666666667, 0.5714285714285714, 0.7857142857142857, 0.75, 0.5833333333333334, 0.5]
 mean: 0.5690476190476191, std: 0.12984379242319982
F1 (Intime): [0.4269005847953216, 0.5714285714285714, 0.5804195804195804, 0.3142857142857143, 0.4125874125874126, 0.5625, 0.7846153846153847, 0.5, 0.6571428571428571, 0.37777777777777777, 0.5333333333333333, 0.7846153846153847, 0.7333333333333334, 0.5804195804195804, 0.4857142857142857]
 mean: 0.5536715866979025, std: 0.13750423554433586
--------------------------------------------------
Subject Number: 25
Accuracy Cross: [0.5151515151515151, 0.48484848484848486, 0.5151515151515151, 0.48484848484848486, 0.42424242424242425, 0.625, 0.6875, 0.625, 0.65625, 0.6875, 0.6875, 0.6875, 0.71875, 0.65625, 0.625]
 mean: 0.6053661616161616, std: 0.091033602303166
F1 Score: [0.4260869565217391, 0.4771668219944082, 0.5037593984962406, 0.3717805151175812, 0.3882926829268293, 0.5844155844155844, 0.6536796536796536, 0.611336032388664, 0.5594493116395495, 0.6363636363636364, 0.6363636363636364, 0.6666666666666667, 0.694591728525981, 0.5594493116395495, 0.5636363636363637]
 mean: 0.555535886691739, std: 0.09857140684023308
Accuracy Intime: [0.7857142857142857, 0.9285714285714286, 0.75, 0.6666666666666666, 0.75, 0.7142857142857143, 0.7142857142857143, 0.4166666666666667, 0.5, 0.75, 0.5, 0.7142857142857143, 0.6666666666666666, 0.5833333333333334, 0.6666666666666666]
 mean: 0.6738095238095237, std: 0.12506989731309362
F1 (Intime): [0.7543859649122806, 0.9282051282051282, 0.7333333333333334, 0.625, 0.7333333333333334, 0.6888888888888889, 0.6888888888888889, 0.4125874125874126, 0.3333333333333333, 0.7482517482517483, 0.3333333333333333, 0.6888888888888889, 0.625, 0.5555555555555556, 0.6571428571428571]
 mean: 0.6337419111103321, std: 0.15907022325326708
--------------------------------------------------
Subject Number: 26
Accuracy Cross: [0.8181818181818182, 0.8787878787878788, 0.8484848484848485, 0.7878787878787878, 0.9393939393939394, 0.71875, 0.78125, 0.71875, 0.875, 0.75, 0.9375, 0.875, 0.875, 0.84375, 0.875]
 mean: 0.8348484848484848, std: 0.06812989043898006
F1 Score: [0.8096153846153846, 0.8730769230769231, 0.8390243902439025, 0.7664307381193125, 0.9379699248120301, 0.716256157635468, 0.7810361681329423, 0.716256157635468, 0.8704453441295547, 0.75, 0.9352226720647774, 0.8666666666666667, 0.8666666666666667, 0.8303287380699894, 0.8666666666666667]
 mean: 0.8283775065690501, std: 0.06803211010224466
Accuracy Intime: [0.7857142857142857, 0.8571428571428571, 0.9166666666666666, 0.6666666666666666, 0.8333333333333334, 1.0, 0.9285714285714286, 1.0, 0.9166666666666666, 0.9166666666666666, 1.0, 0.8571428571428571, 0.5833333333333334, 0.8333333333333334, 0.75]
 mean: 0.8563492063492064, std: 0.1171650084446277
F1 (Intime): [0.7846153846153847, 0.8541666666666667, 0.9111111111111111, 0.6571428571428571, 0.8285714285714285, 1.0, 0.9251336898395721, 1.0, 0.916083916083916, 0.916083916083916, 1.0, 0.8541666666666667, 0.4957983193277311, 0.8333333333333334, 0.7482517482517483]
 mean: 0.848297269179622, std: 0.1325701234001048
--------------------------------------------------
Subject Number: 27
Accuracy Cross: [0.696969696969697, 0.6060606060606061, 0.696969696969697, 0.7272727272727273, 0.6666666666666666, 0.48484848484848486, 0.5151515151515151, 0.5151515151515151, 0.5757575757575758, 0.5454545454545454, 0.59375, 0.65625, 0.5625, 0.65625, 0.59375]
 mean: 0.6061868686868688, std: 0.07208578710806655
F1 Score: [0.6726190476190477, 0.6001863932898416, 0.6898496240601504, 0.6857142857142857, 0.6158730158730159, 0.48294930875576036, 0.5111111111111111, 0.5147058823529411, 0.5227272727272727, 0.5299145299145299, 0.5933528836754643, 0.6476476476476476, 0.5555555555555556, 0.6267232237539766, 0.5901477832512315]
 mean: 0.5892718376867888, std: 0.06536065383699198
Accuracy Intime: [0.7142857142857143, 0.7857142857142857, 0.6666666666666666, 0.5833333333333334, 0.5833333333333334, 0.9285714285714286, 0.9285714285714286, 0.6666666666666666, 0.8333333333333334, 0.8333333333333334, 0.8571428571428571, 0.8571428571428571, 0.6428571428571429, 0.75, 0.75]
 mean: 0.7587301587301588, std: 0.11044015102729496
F1 (Intime): [0.6888888888888889, 0.7543859649122806, 0.625, 0.4957983193277311, 0.4957983193277311, 0.9251336898395721, 0.9251336898395721, 0.6666666666666666, 0.8285714285714285, 0.8285714285714285, 0.8571428571428571, 0.8541666666666667, 0.625668449197861, 0.7333333333333334, 0.7482517482517483]
 mean: 0.7368340967025178, std: 0.1328458091622709
--------------------------------------------------
Subject Number: 28
Accuracy Cross: [0.78125, 0.71875, 0.5625, 0.5625, 0.53125, 0.4375, 0.5, 0.4375, 0.65625, 0.625, 0.4375, 0.25, 0.5, 0.53125, 0.4375]
 mean: 0.53125, std: 0.12655285457072865
F1 Score: [0.7702564102564102, 0.7046153846153846, 0.5465587044534412, 0.49090909090909085, 0.5195195195195195, 0.4375, 0.5, 0.4285714285714286, 0.6389743589743591, 0.611336032388664, 0.37662337662337664, 0.24705882352941178, 0.4666666666666667, 0.5270935960591133, 0.34545454545454546]
 mean: 0.5074091958680941, std: 0.1322528604080331
Accuracy Intime: [0.6428571428571429, 0.7142857142857143, 0.75, 0.5, 0.6666666666666666, 0.7142857142857143, 0.6428571428571429, 0.75, 0.75, 0.75, 0.9285714285714286, 0.8571428571428571, 0.8333333333333334, 0.5833333333333334, 0.75]
 mean: 0.7222222222222224, std: 0.1037529577451492
F1 (Intime): [0.641025641025641, 0.6888888888888889, 0.6974789915966386, 0.3333333333333333, 0.625, 0.65, 0.5906432748538011, 0.7333333333333334, 0.7333333333333334, 0.7333333333333334, 0.9282051282051282, 0.8541666666666667, 0.7777777777777777, 0.4957983193277311, 0.7482517482517483]
 mean: 0.6820379846618235, std: 0.13724693814247968
--------------------------------------------------
Subject Number: 29
Accuracy Cross: [0.90625, 0.90625, 0.8125, 0.84375, 0.875, 0.96875, 0.9375, 0.9375, 0.90625, 0.9375, 0.9393939393939394, 0.9393939393939394, 1.0, 0.9090909090909091, 0.9393939393939394]
 mean: 0.9172348484848485, std: 0.045306735685093615
F1 Score: [0.9015384615384616, 0.9015384615384616, 0.7922077922077921, 0.8303287380699894, 0.8666666666666667, 0.967967967967968, 0.9352226720647774, 0.9365079365079365, 0.9015384615384616, 0.9352226720647774, 0.9379699248120301, 0.9388888888888889, 1.0, 0.905982905982906, 0.9379699248120301]
 mean: 0.9126367649774098, std: 0.0503729144428858
Accuracy Intime: [1.0, 1.0, 1.0, 1.0, 0.8333333333333334, 0.9285714285714286, 1.0, 1.0, 0.8333333333333334, 0.6666666666666666, 1.0, 1.0, 0.9166666666666666, 0.9166666666666666, 0.75]
 mean: 0.9230158730158728, std: 0.10304020550550783
F1 (Intime): [1.0, 1.0, 1.0, 1.0, 0.8285714285714285, 0.9251336898395721, 1.0, 1.0, 0.8285714285714285, 0.6571428571428571, 1.0, 1.0, 0.9111111111111111, 0.916083916083916, 0.7482517482517483]
 mean: 0.9209910786381375, std: 0.10539312948948844
--------------------------------------------------
**************************************************
accuracy_cross_list: [0.8767676767676769, 0.7015782828282827, 0.5822601010101011, 0.7898989898989899, 0.5729166666666666, 0.6416666666666665, 0.6208333333333333, 0.7458333333333333, 0.8208333333333333, 0.627020202020202, 0.5454545454545455, 0.7836489898989899, 0.8166666666666667, 0.76875, 0.74375, 0.6291666666666667, 0.6061868686868688, 0.835290404040404, 0.6354166666666666, 0.7221590909090909, 0.4479166666666667, 0.7593434343434343, 0.79135101010101, 0.5479166666666667, 0.6053661616161616, 0.8348484848484848, 0.6061868686868688, 0.53125, 0.9172348484848485]
f1_score_list: [0.8695483403810026, 0.6871692705953696, 0.5510344038063703, 0.7819564215717876, 0.5532014765306514, 0.5802168545338623, 0.6081671328291733, 0.7180698979792209, 0.8094243545884543, 0.6138720185738996, 0.46765701613147603, 0.7626998140448403, 0.8099565040826889, 0.7543979780421803, 0.7325337144951459, 0.6113291951180346, 0.5892718376867888, 0.8309617807682413, 0.5770623526292291, 0.7088532379246373, 0.40120633490756014, 0.7289836996413681, 0.7796143071343682, 0.5363046815865423, 0.555535886691739, 0.8283775065690501, 0.5892718376867888, 0.5074091958680941, 0.9126367649774098]
accuracy_intime_list: [0.8825396825396826, 0.6706349206349207, 0.6746031746031745, 0.8166666666666667, 0.738095238095238, 0.7396825396825396, 0.6404761904761905, 0.7412698412698412, 0.8341269841269842, 0.7357142857142858, 0.638095238095238, 0.7642857142857142, 0.7753968253968253, 0.8182539682539682, 0.7952380952380953, 0.726984126984127, 0.7587301587301588, 0.8555555555555556, 0.773015873015873, 0.7857142857142858, 0.6047619047619047, 0.7642857142857143, 0.8492063492063492, 0.5690476190476191, 0.6738095238095237, 0.8563492063492064, 0.7587301587301588, 0.7222222222222224, 0.9230158730158728]
f1_score_intime_list: [0.8743440546381724, 0.6433470559941147, 0.651131283863482, 0.8006086935653499, 0.7272150997150997, 0.7096325074421049, 0.6249399241968902, 0.7143471237511486, 0.806244518009224, 0.720518837887259, 0.6107048283673671, 0.7187065107808142, 0.7499186823954626, 0.8040080670963025, 0.7841613832790304, 0.7108239908239908, 0.7368340967025178, 0.8507652581336792, 0.7560714775420659, 0.7710781593134536, 0.5669329309035191, 0.7116366301970017, 0.8326373082255436, 0.5536715866979025, 0.6337419111103321, 0.848297269179622, 0.7368340967025178, 0.6820379846618235, 0.9209910786381375]
**************************************************
ACC: 69.34±11.71
F1: 67.09±12.85
Intime: 75.47±8.27
F1 (Intime): 73.28±8.87
